6.141
3.84
12.62
0.0
8.302
0.0
15.7
7.336
6.837
4.817
11.97
4.294
10.22
4.724
12.32
6.495
0.0
13.61
3.119
0.0
6.57
5.119
5.924
8.37
6.644
6.156
0.0
6.353
4.518
3.993
6.759
0.0
8.463
8.637
12.04
5.333
7.338
3.504
6.864
6.589
8.326
7.425
13.14
7.35
4.331
6.241
9.255
6.712
4.687
4.128
4.128
11.64
7.603
8.277
6.864
5.068
8.599
10.01
9.599
5.379
15.77
8.472
3.987
10.04
10.04
7.545
6.178
7.672
10.47
6.107
6.724
9.597
9.671
6.46
8.851
14.99
7.18
8.385
4.962
6.602
5.497
6.608
5.595
10.25
6.527
5.695
7.29
9.017
10.26
12.66
8.968
6.107
8.509
15.05
12.92
18.08
5.071
8.852
9.283
9.271
4.544
8.578
3.533
8.241
4.442
12.07
7.141
11.04
16.63
6.577
4.948
4.228
8.456
9.213
5.366
2.831
9.459
11.27
19.47
10.3
14.86
6.491
6.491
13.25
7.797
7.106
8.297
8.139
7.189
14.3
6.141
13.47
9.192
3.185
7.922
4.621
14.86
10.33
3.018
8.071
6.093
11.87
7.018
25.18
14.06
9.02
9.527
10.1
12.08
4.412
8.811
10.7
5.173
13.92
10.07
22.91
10.36
9.092
7.695
12.74
8.435
17.71
7.633
7.94
4.725
7.612
14.85
13.36
12.45
16.28
11.38
4.255
10.24
7.61
8.032
16.78
7.278
7.997
9.958
7.085
10.78
9.691
13.7
7.144
4.242
6.99
8.857
17.66
21.1
4.735
6.907
14.13
9.126
9.477
9.471
9.263
10.75
8.41
9.767
4.382
21.98
18.81
19.74
10.52
7.971
13.74
15.14
11.37
10.19
17.01
17.95
8.44
8.162
13.52
16.74
9.603
14.83
11.96
7.772
15.87
9.613
18.5
8.25
18.56
24.36
16.35
6.658
16.69
18.99
20.71
5.018
23.53
13.32
6.301
11.19
20.22
21.64
18.37
14.8
9.101
9.88
8.429
13.01
16.27
6.173
13.92
9.726
4.756
2.499
19.79
14.42
12.66
9.021
22.2
7.898
12.52
8.899
8.575
11.53
19.26
6.095
16.96
22.19
11.61
13.76
15.68
8.898
10.3
8.548
8.901
13.46
8.393
8.75
15.27
20.43
18.38
15.71
18.27
9.201
17.68
11.13
8.291
21.18
19.33
20.85
19.7
10.48
5.968
13.02
7.97
7.235
10.86
10.21
21.15
20.02
16.66
7.336
19.92
10.66
9.402
6.045
10.68
13.72
7.579
17.43
8.911
6.749
12.85
14.15
18.18
10.24
9.64
17.32
14.14
9.941
22.55
4.93
19.46
7.217
7.286
11.86
16.15
18.92
12.97
11.87
11.07
12.59
16.48
12.29
11.32
17.08
15.81
18.31
20.87
19.42
16.26
20.53
15.34
9.023
10.69
10.46
7.353
14.42
18.13
18.94
14.65
19.22
16.36
8.106
16.31
5.099
13.05
22.2
27.64
19.28
21.38
17.09
13.16
11.23
20.74
17.79
15.73
21.22
8.019
17.46
19.17
16.65
13.5
7.053
15.91
11.46
27.5
19.3
7.765
17.27
19.0
7.958
7.426
11.01
17.31
13.8
11.85
7.694
13.74
12.77
19.58
18.21
16.2
12.94
11.45
14.97
5.845
10.08
9.183
17.7
19.47
9.58
13.03
11.39
9.438
17.59
14.46
8.044
14.63
16.34
17.88
18.64
11.72
18.3
16.33
19.28
16.06
8.0
9.506
5.515
13.73
14.67
12.76
10.77
13.62
13.4
17.53
15.77
18.36
13.34
10.36
21.66
20.74
8.738
20.21
20.83
13.93
16.16
14.46
10.44
21.33
9.356
16.94
19.14
22.95
14.67
10.22
12.2
8.808
8.117
15.85
21.78
12.62
10.94
10.83
24.24
17.99
20.79
19.96
12.12
26.18
10.86
12.24
16.59
12.74
18.33
18.45
12.55
16.64
13.24
21.04
12.85
17.62
24.95
19.53
14.88
12.06
15.53
17.46
16.04
15.57
11.86
17.01
14.48
14.32
19.12
7.611
10.6
21.68
13.0
9.262
11.67
17.98
19.42
20.52
16.14
20.11
13.99
14.57
4.786
7.518
6.535
6.869
0.0
6.398
4.687
0.0
5.738
8.241
6.989
4.189
10.59
5.119
4.909
7.139
5.119
8.957
4.654
9.878
4.721
5.366
6.644
6.673
8.241
8.241
7.336
7.336
8.241
8.241
7.918
2.804
8.499
0.0
2.874
4.736
4.811
7.21
7.186
9.943
6.197
0.0
11.59
9.271
4.717
8.919
14.96
0.0
7.697
15.5
3.191
4.311
6.6
3.375
5.859
14.26
6.293
4.502
4.366
9.096
3.29
7.343
6.813
5.068
6.48
10.0
9.502
9.31
9.211
10.36
2.75
9.255
4.902
12.17
5.148
9.391
7.118
10.8
9.437
3.675
1.827
5.461
15.43
20.19
13.1
6.95
0.0
9.42
7.609
10.07
9.42
5.924
7.694
6.322
6.575
6.808
16.88
7.444
5.387
7.927
6.107
11.2
10.53
15.05
14.17
6.551
6.182
6.879
14.45
16.73
13.82
13.82
19.53
7.895
9.131
4.055
11.12
7.517
13.72
8.835
9.793
6.999
7.266
8.372
11.23
9.595
7.561
14.17
2.702
4.271
7.955
6.524
3.831
21.69
6.955
8.05
15.42
17.33
2.499
12.06
4.751
11.45
15.8
14.36
8.681
11.38
10.84
7.138
15.16
20.67
6.964
5.822
6.527
9.022
4.272
11.03
9.713
8.353
7.613
13.76
9.254
7.437
13.09
7.244
13.33
7.737
7.14
8.003
19.26
10.65
14.39
8.615
13.12
24.98
3.831
12.95
11.23
10.95
12.41
9.595
13.76
11.01
14.14
9.297
16.55
9.845
19.85
7.907
6.755
10.33
6.055
14.45
5.378
21.04
5.159
12.28
12.15
10.75
8.076
13.24
11.04
11.34
9.09
15.4
17.32
19.68
11.56
9.009
19.52
9.69
10.52
9.43
5.096
10.81
21.81
13.69
11.93
9.191
10.2
7.318
23.02
23.72
13.38
8.241
22.02
9.449
7.286
13.37
21.73
18.62
20.12
18.67
23.0
10.28
11.9
2.023
10.78
8.117
5.994
13.74
9.625
8.06
20.91
20.67
19.55
15.62
7.725
8.497
14.66
16.15
15.64
17.9
13.87
3.892
12.58
6.107
8.542
17.1
8.634
25.33
9.189
15.8
18.47
20.28
8.549
10.59
13.78
7.374
11.35
21.88
13.06
8.985
10.96
17.81
7.132
10.31
8.492
10.86
12.68
10.58
10.0
10.14
12.86
9.054
10.78
8.845
10.66
8.198
23.2
12.71
23.1
17.27
10.74
12.6
7.375
8.308
15.59
13.7
12.43
7.791
11.85
18.14
8.81
17.27
9.791
5.592
27.1
19.85
9.907
9.027
11.5
11.81
9.062
9.334
12.92
16.7
8.417
7.356
23.7
19.67
14.79
12.84
17.56
17.66
15.67
7.337
9.021
15.2
15.2
9.083
9.439
13.73
28.24
21.68
17.81
23.22
14.39
20.96
18.65
11.35
10.66
10.65
11.59
13.34
7.355
19.18
4.146
10.67
15.05
13.8
13.31
21.61
10.24
19.53
16.04
16.31
14.82
19.39
23.39
8.154
19.33
13.89
7.402
13.32
24.94
24.67
16.96
15.61
20.89
19.17
22.45
13.71
25.69
14.34
20.61
17.28
13.69
25.35
4.896
19.25
11.47
20.11
11.91
17.18
15.66
9.259
14.68
17.41
10.07
17.67
8.631
20.54
11.85
15.26
9.551
17.95
22.19
12.37
9.318
10.98
24.86
9.156
14.28
11.48
17.02
14.51
14.75
10.68
16.33
18.58
12.06
28.4
14.36
11.96
24.15
21.73
21.95
18.12
16.32
14.48
13.84
8.556
19.4
15.03
16.7
16.69
23.64
15.94
23.29
8.122
12.6
11.92
22.87
5.117
19.0
16.32
17.59
10.03
9.691
17.19
18.77
8.888
20.8
16.76
18.71
15.02
14.72
20.75
15.5
17.39
20.58
9.555
14.93
13.27
18.45
12.23
20.17
13.03
17.15
12.06
10.74
23.28
12.24
25.08
21.08
17.44
11.92
11.44
22.46
15.27
9.304
18.35
8.868
15.07
9.195
12.95
18.98
11.12
28.44
21.92
11.81
14.29
12.41
11.23
14.1
13.35
15.73
15.1
12.99
12.08
13.49
15.27
9.945
20.87
21.61
14.02
16.0
18.86
19.01
16.89
20.06
18.14
23.57
13.2
19.67
15.97
6.628
13.49
9.409
8.751
7.712
15.9
0.0
8.01
10.81
6.068
4.281
5.436
15.18
12.13
7.862
11.04
12.63
12.54
10.85
15.91
19.72
13.55
9.763
17.86
8.49
9.485
5.51
6.23
15.6
10.96
11.33
8.98
12.84
8.991
17.15
8.267
7.747
10.93
6.49
8.003
8.641
12.52
13.51
14.08
5.563
12.77
6.824
17.88
8.968
11.55
20.06
14.37
6.259
7.981
6.527
12.23
18.38
6.799
8.338
6.132
23.07
14.74
12.03
10.1
8.531
12.29
15.2
14.44
9.879
8.808
6.274
8.965
13.45
19.03
12.12
14.37
9.796
15.95
11.25
7.121
10.58
19.22
3.405
5.503
17.17
7.936
12.95
0.0
0.0
15.14
8.887
9.456
18.53
11.88
6.227
20.98
15.39
6.946
9.935
12.55
21.76
18.63
8.332
8.151
9.808
13.62
8.545
5.421
23.32
12.39
2.938
0.0
6.265
9.791
13.09
16.59
15.88
0.0
9.783
12.08
17.68
16.1
12.89
11.48
10.03
14.08
13.7
11.26
9.336
9.533
4.36
6.333
16.94
8.905
12.22
17.12
8.965
3.505
18.77
10.44
16.45
12.81
8.851
19.44
18.36
9.233
10.26
19.94
10.83
11.17
9.45
14.36
19.38
13.31
8.612
7.774
10.55
3.91
14.25
4.124
16.96
12.89
7.849
5.474
7.933
7.765
10.14
19.93
19.94
16.34
7.135
4.95
16.59
12.57
7.831
10.52
6.639
7.906
17.32
9.711
13.19
13.5
14.6
13.84
6.21
22.94
15.48
9.849
19.8
9.821
12.06
12.66
17.69
10.64
11.14
10.35
12.33
12.9
15.23
17.01
3.608
20.69
9.869
0.0
6.938
17.69
10.54
6.068
15.66
10.09
7.423
15.95
7.646
8.814
10.33
13.37
10.88
12.91
11.44
24.31
17.65
13.47
11.33
9.645
16.04
7.036
17.54
7.242
10.71
22.92
10.51
7.588
11.0
12.93
12.39
8.743
18.43
7.843
15.16
11.47
18.11
10.27
18.12
9.083
11.09
8.717
12.64
7.986
5.183
7.976
14.88
4.503
14.68
0.0
6.856
12.39
7.352
15.01
4.282
14.9
13.7
9.993
8.955
21.34
8.367
14.87
6.568
3.858
14.54
19.39
14.28
23.02
14.96
13.25
12.93
3.795
8.722
13.73
11.9
21.49
12.54
9.475
11.76
4.996
5.868
13.91
8.765
5.446
8.87
26.2
13.37
8.768
7.317
11.5
7.301
7.973
17.48
14.84
5.848
14.15
12.73
14.31
7.008
15.18
15.71
7.473
16.73
8.781
14.72
12.22
5.882
15.03
15.32
14.42
8.548
19.22
5.436
12.14
7.039
12.94
5.544
4.651
11.41
8.548
6.753
11.64
9.272
10.66
12.86
4.896
11.69
13.22
7.564
3.5
14.72
21.99
12.04
9.491
13.69
10.71
5.504
12.24
9.921
7.493
6.033
19.85
6.784
7.669
14.19
9.609
13.34
14.62
8.506
21.51
4.896
7.815
8.598
18.06
11.02
11.11
13.42
2.53
3.139
9.298
10.45
5.724
2.396
9.557
10.17
13.05
4.123
3.702
19.28
16.58
11.76
5.356
10.71
7.429
22.84
17.15
10.11
20.85
19.25
8.504
9.252
16.17
8.364
11.96
16.04
8.736
8.209
7.291
21.86
15.21
8.414
5.822
10.81
11.83
7.717
8.739
19.86
12.26
4.493
7.696
12.09
4.999
8.22
4.595
9.078
10.95
11.86
13.07
8.975
7.903
12.01
12.41
15.97
2.568
6.145
10.66
4.963
12.95
19.24
7.871
8.873
8.639
13.06
11.99
7.378
3.724
11.57
11.81
13.69
6.966
14.05
8.253
9.895
6.455
2.73
9.502
5.974
8.303
8.735
17.91
26.11
11.39
20.31
11.54
2.542
4.995
2.946
6.363
12.44
6.984
9.54
16.82
14.03
7.009
5.997
13.52
15.9
11.28
14.93
11.24
6.651
9.709
9.125
10.43
13.22
8.278
13.96
8.601
7.562
8.742
17.18
7.034
10.26
10.67
9.41
11.27
16.48
19.15
11.01
11.18
12.97
14.69
9.325
11.9
5.323
4.532
9.701
7.39
0.0
12.83
18.51
8.481
12.15
9.122
18.29
4.733
5.899
11.8
17.45
5.003
18.75
9.581
5.789
12.04
12.96
2.535
11.17
16.18
4.687
13.85
17.82
8.732
6.948
4.764
6.938
14.68
11.7
13.88
18.17
12.9
0.0
8.78
11.04
7.963
3.732
15.64
7.296
6.95
14.23
16.47
4.474
13.72
14.57
5.456
0.0
16.18
8.743
19.96
10.49
7.677
10.23
5.574
14.75
7.639
11.98
17.83
5.874
4.545
17.61
8.066
17.93
11.47
20.2
7.074
8.535
18.48
10.5
13.17
7.559
5.033
11.23
13.55
10.75
4.504
14.42
11.02
4.545
9.838
15.59
7.567
14.27
12.92
17.9
0.0
15.77
14.7
8.922
16.17
7.208e-07
13.75
14.54
2.663
4.005
10.71
9.74
5.756
7.864
4.285
11.7
11.99
10.78
9.715
20.89
9.788
8.13
15.17
6.129
20.16
20.06
14.03
8.436
8.155
10.84
12.42
0.0
15.08
14.49
17.43
7.677
5.401
4.755
16.13
7.122
9.55
24.15
8.379
13.76
11.78
11.81
11.22
15.25
15.01
6.638
6.787
10.85
11.27
13.41
7.924
22.53
3.714
23.61
7.134
17.22
10.83
8.533
10.5
11.36
9.114
13.65
3.389
10.19
5.153
15.79
6.271
17.3
9.489
5.202
19.36
16.19
12.95
6.274
3.603
8.732
16.74
6.317
20.59
11.21
14.59
17.03
19.82
17.67
8.683
4.028
8.12
9.468
8.163
11.21
6.55
8.854
8.271
10.34
3.507
12.25
11.8
4.659
11.31
3.108
12.07
3.245
3.336
18.62
10.13
3.546
20.64
10.57
17.94
6.441
11.11
22.74
23.81
11.47
16.87
7.218
20.78
15.15
14.16
13.95
11.61
9.645
4.629
14.02
9.815
17.11
10.09
21.87
10.81
0.0
14.15
22.4
7.828
16.25
5.88
13.15
14.96
14.81
15.79
15.2
10.11
9.932
5.577
12.53
10.18
8.942
10.46
4.932
10.79
23.7
10.85
0.0
12.64
14.22
9.78
16.12
8.741
12.88
17.47
6.859
19.17
12.93
6.24
16.15
17.62
11.91
0.0
13.83
5.39
9.343
12.13
17.25
15.28
13.26
12.15
12.58
18.75
8.001
14.44
14.38
14.33
16.27
5.096
11.99
16.79
11.35
5.459
8.406
12.35
18.47
7.413
5.887
12.26
0.0
16.12
13.81
13.97
12.18
15.72
9.477
3.897
20.05
11.94
12.49
16.03
13.75
8.555
5.903
12.63
18.9
12.74
12.42
10.37
10.06
13.66
6.499
18.84
3.581
18.07
9.598
18.74
11.31
9.691
15.56
12.2
14.71
7.823
17.62
9.615
8.481
13.87
15.65
12.69
15.92
4.676
15.17
9.102
6.428
9.898
4.757
5.603
4.264
10.7
12.3
13.16
4.522
16.43
12.05
3.577
16.79
7.904
8.531
2.607
10.21
8.928
15.35
7.814
5.32
10.87
15.4
8.725
10.18
15.84
13.29
12.18
2.069
13.5
13.64
16.8
10.82
15.76
9.113
12.24
13.63
14.63
15.95
15.67
10.39
22.86
8.159
10.08
7.436
4.744
10.74
5.112
12.98
16.33
26.95
8.237
8.763
11.56
6.653
12.92
11.26
4.222
14.84
10.82
13.89
6.654
22.77
17.84
0.0
10.74
12.28
8.908
17.88
5.801
14.48
8.424
13.64
10.41
15.6
7.086
8.225
8.315
13.16
7.763
11.08
2.711
14.01
4.126
19.9
12.36
23.2
7.379
10.6
15.21
6.925
7.984
15.14
9.159
15.79
6.194
16.26
11.54
9.266
6.742
16.57
18.61
10.1
11.95
15.26
10.83
8.384
12.0
3.999
13.21
20.88
18.25
12.45
6.471
12.3
12.72
4.07
13.6
2.259
8.708
7.39
14.49
9.39
15.19
3.093
9.236
12.85
18.2
11.44
15.7
14.02
16.57
10.02
8.423
11.77
9.844
2.927
16.55
13.28
7.882
13.49
13.14
18.96
16.36
4.36
11.75
14.64
11.68
12.12
19.79
7.176
3.912
11.66
5.204
20.44
13.65
8.796
7.497
12.33
12.34
5.13
7.127
2.075
6.785
16.72
15.51
11.21
16.49
13.46
15.65
16.78
14.01
8.879
23.14
15.79
16.83
19.87
17.96
7.806
10.31
13.47
13.63
11.15
5.83
5.496
10.73
4.025
9.956
0.0
21.97
16.46
0.0
3.779
14.47
0.0
10.5
8.586
13.71
18.14
11.25
8.0
7.046
6.694
5.449
0.0
8.844
5.045
16.61
14.2
15.04
0.0
10.94
11.38
0.0
13.86
10.98
5.637
8.521
0.0
12.89
15.23
8.486
0.0
8.745
13.49
10.01
10.34
8.482
8.0
4.058
8.426
5.864
11.67
8.556
0.0
8.205
12.61
0.0
6.801
0.0
9.716
12.98
0.0
0.0
11.71
10.63
6.541
6.186
11.27
4.582
10.81
10.78
0.0
9.491
7.045
4.664
12.4
0.0
9.601
10.03
0.0
14.23
8.896
0.0
9.329
9.503
16.64
13.47
0.0
10.47
17.02
0.0
9.993
13.99
0.0
6.426
14.44
4.664
5.951
8.977
10.42
7.592
7.772
7.538
8.311
8.178
15.93
0.0
10.98
8.627
10.12
0.0
11.44
8.482
0.0
6.394
5.976
5.135
6.942
4.704
0.0
10.03
0.0
0.0
16.81
6.025
6.546
7.565
5.696
4.583
9.108
8.641
5.326
16.86
7.701
10.11
11.04
0.0
12.06
12.35
13.01
19.71
7.821
9.302
9.233
11.69
10.63
11.17
8.74
11.72
15.24
16.46
9.568
4.844
0.0
8.534
12.71
5.617
0.0
18.62
10.25
4.335
11.95
0.0
7.969
6.937
11.95
17.34
6.976
10.9
11.27
0.0
9.081
11.96
7.058
13.03
0.0
8.356
0.0
11.09
13.87
9.887
0.0
4.905
9.628
15.84
2.046
0.0
0.0
17.71
9.216
12.17
0.0
0.0
4.931
4.899
0.0
10.78
6.089
0.0
13.89
7.074
0.0
8.918
6.241
0.0
9.62
11.54
0.0
0.0
8.426
5.739
0.0
7.22
5.278
14.73
21.24
8.534
8.895
0.0
4.044
11.38
12.48
11.0
11.81
8.175
0.0
12.81
7.051
0.0
11.44
0.0
0.0
19.26
11.99
2.889
17.19
7.624
6.992
0.0
12.4
8.578
5.552
5.83
3.628
11.44
10.56
2.313
4.953
17.3
11.38
9.22
0.0
14.59
0.0
12.61
0.0
0.0
12.01
8.411
0.0
10.18
6.71
0.0
7.037
5.387
4.781
4.705
0.0
8.77
8.534
14.44
7.37
10.3
10.93
0.0
0.0
0.0
11.99
7.923
12.18
12.43
0.0
13.55
0.0
0.0
10.54
7.592
0.0
12.48
9.637
4.776
6.771e-07
8.366
4.583
10.54
13.87
8.77
4.347
5.846
8.649
4.736
13.46
12.48
11.2
0.0
0.0
8.793
8.411
14.01
17.83
0.0
0.0
14.2
7.495
0.0
22.0
13.46
9.527
10.88
13.06
17.68
0.0
2.413
16.81
8.453
16.6
7.375
0.0
7.278
5.518
5.447
15.52
7.702
0.0
17.83
0.0
9.535
9.696
11.09
0.0
8.064
0.0
5.803
12.51
0.0
0.0
17.79
7.431
0.0
11.88
7.536
0.0
9.03
0.0
14.2
9.385
5.393
0.0
12.38
8.175
6.909
16.03
14.14
3.754
12.12
19.25
5.783
11.0
7.294
9.838
12.92
9.491
9.103
8.914
14.21
10.3
11.07
7.336
8.77
9.907
0.0
17.34
9.682
0.0
0.0
13.31
15.37
6.331
6.737
0.0
10.3
17.83
8.175
8.688
17.71
11.06
4.335
17.1
0.0
17.34
10.0
10.37
11.98
17.32
9.784
14.2
3.689
0.0
14.95
4.968
4.781
12.66
20.91
0.0
10.69
0.0
6.787
9.542
12.31
0.0
13.82
0.0
4.583
15.1
4.777
11.26
0.0
9.84
13.92
10.25
14.83
14.07
10.15
3.254
6.131
6.217
8.827
16.07
10.01
8.054
11.2
12.59
9.102
8.629
6.39
8.089
10.21
11.46
7.301
14.23
3.467
10.97
11.61
6.079
12.77
8.047e-07
8.715
6.203
11.82
7.769
10.26
10.82
10.73
18.15
11.1
10.99
8.922
13.11
12.7
10.84
11.87
14.14
5.305
10.26
6.9
7.549
15.42
12.5
13.39
6.473
14.55
4.259
3.067
2.145
18.4
14.08
9.36
11.47
11.15
18.28
5.591
4.292
4.732
14.48
14.22
7.02
5.724
11.55
12.69
10.42
17.71
1.964
5.139
10.6
14.79
10.47
4.608
3.758
11.31
11.99
10.14
14.52
6.158
12.66
10.82
9.776
12.28
9.299
11.33
8.511
7.075
10.81
13.67
6.623
7.319
6.731
9.256
5.942
8.616
9.505
9.926
15.38
16.94
7.68
6.666
15.09
12.18
15.95
9.922
7.722
14.82
14.64
9.479
11.36
10.1
9.017
8.324
5.101
12.9
9.519
5.128
6.693
10.41
11.83
9.502
12.26
8.017
18.05
9.202
11.52
9.258
12.65
5.628
12.65
14.01
12.31
2.916
13.49
4.6
7.674
7.213
13.32
16.09
10.28
12.15
9.003
10.72
10.14
12.75
12.5
7.76
7.862
11.63
9.704
15.5
6.527
10.13
8.556
14.68
13.1
12.41
6.136
6.083
16.83
8.902
9.841
8.837
8.868
14.01
17.1
3.016
7.288
10.71
13.14
9.277
6.774
9.36
10.78
7.153
8.992
14.06
8.649
9.279
18.27
7.363
7.524
2.704
12.5
11.5
10.36
8.173
7.807
3.792
14.56
12.71
9.738
13.43
3.633
13.57
9.108
12.86
11.35
12.97
17.38
3.153
7.633
10.79
10.45
8.609
11.26
6.681
16.27
7.683
20.61
12.91
2.98e-07
7.758
7.417
13.0
10.73
6.751
4.605
6.438
13.95
10.55
9.013
9.312
19.01
12.7
12.0
13.62
16.67
14.18
4.879
10.59
9.623
9.587
9.65
3.498
18.13
10.58
11.89
14.05
18.21
12.66
7.124
7.432
9.557
12.3
13.74
9.983
9.41
12.41
9.548
7.785
16.84
8.618
9.439
11.67
14.97
21.8
11.91
14.72
6.642
12.38
9.818
13.44
9.879
16.05
9.095
9.708
11.28
8.382
11.5
12.43
12.27
11.98
14.6
8.612
7.67
7.187
9.701
10.07
11.22
16.51
9.832
9.199
9.01
13.09
7.926
6.423
11.01
9.847
11.33
11.01
8.877
10.66
6.743
8.558
11.93
18.55
14.61
13.0
11.72
5.603
11.79
15.7
7.331
8.838
7.008
9.955
18.38
8.488
5.183
9.975
1.054e-06
12.99
15.03
8.524
10.06
12.15
8.645
9.643
9.799
6.662
7.957
7.397
12.26
8.042
9.998
16.08
8.304
6.287
10.08
7.549
7.795
10.08
15.69
12.81
12.35
11.36
14.17
15.53
6.354
7.836
9.978
8.755
15.18
6.818
9.575
10.42
12.14
6.701
3.435
4.712
5.469
12.75
19.78
5.978
5.37
11.06
4.558
5.02
13.87
12.03
5.4
11.82
4.481
9.668
8.655
15.1
14.37
5.681
11.67
9.204
3.904
12.32
12.2
7.154
13.42
0.0
20.45
10.55
15.67
12.04
4.392
10.29
9.99
11.35
7.84
8.967
5.746
13.91
6.191
12.45
4.876
15.34
8.413
12.79
7.637
12.34
9.717
13.08
16.2
9.507
8.03
10.75
5.696
8.247
7.766
17.35
4.687
8.54
7.83
11.99
8.667
8.086
11.02
7.222
11.83
10.3
11.24
6.278
10.63
13.43
6.441
9.331
4.293
10.46
17.7
4.446
13.75
13.94
10.05
13.33
10.13
16.83
17.11
16.38
16.88
6.201
6.957
20.04
6.29
15.98
13.51
11.3
6.778
10.23
15.24
18.3
8.583
4.231
8.236
14.86
14.12
3.107
6.329
13.83
3.905
5.754
10.31
7.263
6.863
6.77
3.743
7.228
9.726
7.079
8.879
9.719
10.12
8.338
12.1
12.19
13.72
8.113
6.033
9.652
15.33
10.08
5.97
7.935
9.443
6.464
10.26
4.293
6.874
8.561
4.844
14.18
10.91
17.94
9.576
11.65
8.56
9.899
10.48
10.04
12.85
14.95
11.83
13.11
10.44
8.239
13.92
14.49
10.26
8.891
10.64
4.925
3.576e-07
12.27
8.077
15.42
5.183
6.321
10.32
13.79
15.42
15.97
4.804
9.819
12.67
8.195
13.05
16.1
8.579
5.969
13.23
8.594
11.54
14.81
6.748
12.83
9.396
13.15
5.356
4.985
7.665
13.75
10.24
14.23
12.41
13.97
11.51
10.16
17.99
16.94
3.589
8.857
5.599
6.369
10.37
11.63
6.969
13.23
6.04
7.185
12.57
11.52
4.382
12.25
8.972
11.07
3.791
8.474
8.29
11.91
12.35
6.42
7.06
20.41
4.651
8.538
11.75
10.01
10.55
11.72
9.996
7.127
17.87
15.75
4.843
9.388
13.58
5.961
10.67
6.293
5.364
14.17
9.958
10.36
6.057
11.96
12.98
10.23
19.67
15.89
6.69
15.82
10.13
11.84
13.14
10.21
20.13
5.754
3.915
4.46
8.333
12.62
17.85
19.71
14.56
8.606
12.33
10.43
11.36
10.49
11.53
9.684
9.157
8.245
23.05
4.952
10.48
4.869
13.4
12.07
15.27
12.77
7.778
14.35
6.263
8.491
7.11
17.64
16.19
11.85
6.532
15.73
11.43
7.352
10.34
9.285
6.575
9.317
15.66
4.602
6.69
12.82
12.04
8.681
10.23
16.36
14.21
4.128
9.695
16.73
10.67
11.3
11.26
7.833
15.57
3.831
6.115
5.304
7.612
11.39
14.81
23.1
9.569
9.952
7.549
5.4
14.48
6.304
6.417
9.203
4.243
9.412
5.425
13.76
11.1
9.996
12.05
13.69
3.683
15.37
11.47
14.04
4.145
10.42
11.4
13.54
9.83
14.89
7.888
4.914
5.94
3.987
10.42
11.81
14.1
5.545
7.847
10.52
12.06
17.53
3.398
3.27
14.31
17.83
5.174
0.0
12.74
7.609
5.951
9.073
14.08
8.102
9.992
12.27
14.06
6.509
8.34
10.56
8.056
6.082
7.846
12.48
10.1
11.34
6.176
11.73
17.32
12.21
8.47
6.082
11.54
12.23
12.17
9.687
13.19
8.631
14.72
7.053
10.41
5.686
21.65
8.919
14.29
7.679
15.97
7.738
12.21
12.77
8.56
9.217
4.247
8.416
12.78
6.303
14.12
8.328
7.785
10.67
10.11
15.45
8.87
7.191
4.315
10.19
19.61
7.888
13.77
10.13
6.466
12.59
0.0
11.48
11.31
6.447
10.25
13.58
15.04
10.31
12.49
6.733
11.52
14.31
10.54
5.279
6.501
4.547
16.44
7.021
7.879
7.73
4.365
6.523
12.88
6.866
8.151
11.5
14.96
9.473
17.86
2.616
10.31
11.8
9.097
12.59
13.1
10.8
10.03
10.19
9.38
14.07
15.27
7.763
10.49
11.24
7.306
10.04
5.692
11.33
8.164
15.05
9.946
17.87
7.321
9.208
9.734
12.91
3.0
8.886
18.21
14.46
14.26
16.52
10.7
24.0
11.73
6.451
8.959
13.48
8.304
9.84
11.78
11.03
19.36
12.88
9.446
15.99
11.82
4.041
8.561
11.5
9.221
9.597
11.51
9.582
6.325
14.45
10.4
8.661e-07
7.11
9.208
12.0
14.49
14.09
9.844
11.25
9.6
7.275
11.04
3.273
15.8
12.84
12.73
4.688
9.057
3.305
12.23
12.52
7.367
22.4
9.217
8.344
11.7
5.953
13.0
12.87
7.061
10.18
12.37
10.44
7.41
9.161
4.062
4.914
5.099
9.552
9.296
7.978
19.88
8.175
8.474
11.26
14.12
14.61
13.0
10.84
11.98
6.074
10.93
9.139
4.057
6.207
12.9
13.52
11.64
5.253
5.917
6.776
6.638
22.08
11.11
10.79
8.358
11.78
4.586
5.49
11.46
11.2
14.24
7.739
14.11
6.864
15.68
7.344
20.32
4.165
12.23
6.994
6.504
14.62
10.89
11.91
9.018
9.139
11.93
4.087
10.26
8.065
6.497
9.071e-07
15.73
11.34
14.67
13.44
14.14
10.78
6.206
5.257
12.23
7.771
8.934
13.79
11.2
7.192
11.6
8.361
0.0
7.103
4.619
6.725
8.803
9.018
12.96
10.92
8.543
12.96
3.736
9.389
7.706
8.379
6.391
8.393
8.093
17.16
11.08
9.554
9.501
16.94
14.57
9.604
8.311
10.94
6.695
14.05
21.59
23.49
9.818
14.15
7.084
6.095
12.31
13.69
10.91
11.95
10.9
4.295
12.95
8.326
4.209
17.68
9.172
7.2
11.86
6.717
7.149
17.24
8.728
1.264
17.75
9.172
8.831
11.77
11.55
8.324
12.84
20.45
13.85
27.28
16.14
6.945
8.053
13.51
8.558
9.937
8.229
4.341
19.48
19.56
5.775
11.57
9.691
4.575
11.08
9.619
4.065
13.99
8.823
5.525
12.33
10.07
6.656
11.65
13.45
7.161
12.86
8.01
5.525
11.29
12.19
7.829
21.87
9.309
17.86
13.31
7.706
6.45
12.24
12.05
9.215
15.3
11.4
8.955
11.99
9.146
6.117
9.514
9.689
11.3
14.16
10.9
4.489
11.46
8.194
5.292
11.86
14.53
16.06
21.0
4.732
3.011
18.36
10.24
4.01
22.25
15.51
7.103
6.635
15.04
7.903
12.0
14.36
3.512
11.63
11.17
5.876
12.07
8.721
11.97
14.81
8.974
9.701
10.21
6.445
3.889
22.32
8.849
9.766
12.96
11.86
11.44
9.491
8.625
10.05
20.97
8.809
10.41
18.13
4.023
12.8
17.2
19.08
14.6
11.19
17.89
7.125
21.21
6.798
14.19
14.29
11.98
7.409
15.5
6.49
6.208
7.882
8.273
4.961
10.44
17.52
3.895
15.03
10.62
12.74
13.05
10.07
12.32
10.38
13.49
8.171
10.21
8.134
7.199
8.239
12.3
7.592
24.26
8.349
14.37
8.889
12.12
8.97
11.61
9.893
3.615
10.36
9.788
8.874
10.96
4.191
19.51
11.45
11.37
11.61
15.01
12.15
5.338
26.56
14.43
5.095
14.53
8.221
9.124
23.04
11.49
6.462
9.968
8.227
11.14
21.66
9.336
7.245e-07
14.63
7.872
4.088
14.2
15.15
5.029
14.18
8.361
6.626
18.02
8.334
3.357
15.96
8.306
7.864
17.04
9.902
7.668
16.31
9.29
3.621
14.39
8.906
6.693
13.65
9.107
14.92
9.098
19.25
13.28
16.38
16.61
10.96
9.66
8.978
4.054
14.35
26.89
17.4
11.48
19.56
10.01
8.318
13.1
10.78
17.3
8.466
8.858
15.78
12.16
11.66
8.865
10.19
10.79
10.62
13.31
22.35
8.641
16.3
7.461
17.38
10.43
12.88
12.98
14.5
10.55
18.33
12.02
14.1
9.556
16.11
12.26
13.19
6.142
8.078
11.29
13.12
11.14
11.36
14.73
12.66
17.53
11.04
13.81
10.63
13.18
8.823
8.334
14.81
12.88
17.84
5.608
9.165
0.0
15.33
10.36
7.281
20.5
15.29
16.69
7.407
16.29
21.27
10.32
0.0
6.026
10.42
12.84
31.66
10.99
16.31
9.347
11.22
12.15
16.46
16.45
7.635
8.194
9.966
5.485
14.95
9.853
11.98
13.28
14.31
0.0
15.16
3.138
18.17
8.941
10.6
17.8
18.84
13.61
19.73
16.74
15.18
18.16
24.24
12.42
11.66
9.106
12.65
12.57
8.476
14.6
10.25
0.0
13.0
0.0
17.07
4.956
5.887
10.4
17.65
17.83
7.079
18.41
5.548
9.053
10.45
10.27
9.017
15.02
13.31
23.09
12.42
14.17
9.788
14.13
6.561
10.76
11.26
7.192
22.04
8.196
12.08
4.041
14.67
13.99
10.02
18.81
17.33
11.43
6.293
9.09
4.826
6.594
11.33
15.09
7.969
16.26
12.46
3.678
17.57
11.42
0.0
16.02
8.455
0.0
12.45
13.78
6.131
24.28
8.696
22.41
12.11
15.44
12.04
12.99
13.75
14.8
17.22
12.92
12.19
7.207
19.11
18.52
10.21
18.86
18.21
9.587
5.922
6.672
17.7
14.83
10.58
8.229
18.32
16.06
8.788
0.0
4.747
12.27
8.478
6.932
12.05
7.545
11.92
20.05
9.36
14.9
0.0
18.84
3.73
9.434
20.52
20.83
8.056
19.96
16.06
6.783
6.311
9.163
14.73
5.229
5.657
7.11
0.0
12.19
14.34
9.595
8.811
0.0
12.49
12.4
0.0
7.082
13.06
10.21
14.57
10.47
13.57
9.764
0.0
22.96
20.22
10.11
12.22
18.98
20.4
10.35
9.064
7.312
14.33
9.869
14.89
0.0
10.65
17.07
0.0
0.0
8.95
9.022
11.14
8.524
3.542
16.68
14.95
10.17
6.22
23.64
17.87
3.816
6.922
12.79
9.547
13.51
16.22
0.0
5.658
11.05
11.44
13.78
10.22
5.705
5.871
7.622
12.61
6.124
0.0
9.745
15.68
9.857
6.983
8.954
10.48
16.96
10.78
8.918
9.44
19.11
5.606
7.215
11.34
16.98
9.745
5.516
11.38
0.0
14.0
12.81
0.0
10.27
6.271
11.43
5.0
10.89
8.657
13.33
20.08
15.48
14.11
17.66
17.61
10.08
16.51
16.69
7.12
12.08
13.73
19.89
7.075
10.41
15.43
0.0
15.12
0.0
3.072
0.0
9.605
21.5
6.902
15.98
9.672
13.16
11.7
16.21
20.06
5.686
13.1
13.21
0.0
17.18
16.34
13.97
13.77
5.577
19.47
8.193
7.324
8.921
3.993
6.595
19.73
15.39
4.913
16.19
0.0
10.76
13.16
12.43
12.86
11.32
12.34
18.64
8.208
3.872
11.58
5.333
10.75
9.942
12.77
8.863
17.66
14.27
3.8
13.53
11.73
15.9
0.0
10.79
9.472
12.33
14.09
20.82
14.72
11.36
8.617
10.83
0.0
13.72
14.59
13.65
13.01
18.1
13.87
15.49
10.78
9.144
7.397
15.57
15.68
15.64
5.781
22.75
15.16
17.18
5.095
12.07
6.321
10.55
19.39
17.8
13.06
15.72
13.23
8.381
17.83
12.38
11.0
7.373
10.85
5.458
18.04
9.673
13.26
9.111
14.36
4.827
7.412
0.0
7.905
11.31
12.22
14.37
16.06
6.935
14.56
7.555
12.22
4.895
16.29
8.856
6.891
9.244
18.16
0.0
11.7
5.78
6.537
12.27
9.723
10.23
5.544
18.69
2.405
9.06
14.06
12.02
12.75
14.56
9.401
10.14
18.24
11.82
0.0
10.71
15.66
11.4
11.65
14.51
7.113
21.11
10.6
14.79
12.11
11.68
9.292
11.71
25.15
9.692
8.076
0.0
7.368
20.42
15.34
9.558
6.369
6.635
2.9
21.55
14.41
9.656
17.39
9.585
16.04
17.57
10.07
8.596
18.46
15.89
11.24
11.27
8.574
10.24
14.13
10.87
24.43
5.047
16.52
13.46
4.297
9.381
13.27
8.006
11.12
14.27
12.52
11.92
5.71
12.35
17.01
11.61
16.97
8.119
23.24
11.78
17.95
19.2
18.0
0.0
0.0
0.0
0.0
10.27
14.0
8.251
12.63
6.411
15.13
0.0
11.18
8.067
5.669
7.118
16.8
8.697
6.907
2.5
12.81
10.83
25.26
12.41
12.18
12.89
11.43
7.015
5.968
0.0
8.042
0.0
6.898
3.265
10.42
9.249
8.551
12.28
23.8
8.249
13.75
15.12
12.86
10.48
8.781
10.18
5.09
6.735
9.429
7.523
13.75
12.21
9.549
8.32
16.32
15.25
12.44
14.09
17.13
0.0
10.34
4.926
17.45
8.127
7.261
13.69
5.628
14.85
18.66
7.704
16.08
8.072
17.78
4.912
9.617
4.805
15.76
8.299
6.281
12.6
12.97
14.2
12.77
14.91
10.51
9.336
6.967
5.561
17.22
15.43
17.09
23.92
4.884
5.427
13.03
14.8
10.74
5.365
13.1
6.359
11.13
11.26
15.12
13.8
21.03
4.025
13.53
8.176
8.784
10.06
9.76
0.0
2.51
0.0
5.665
4.236
6.082
0.0
9.44
0.0
10.86
16.38
4.897
12.78
9.663
13.78
9.026
11.32
8.495
12.04
21.86
11.57
14.4
9.937
16.74
12.78
17.55
5.429
6.7
5.888
4.948
10.74
15.37
21.33
11.52
5.391
22.84
5.677
16.24
3.499
16.12
6.645
17.83
10.4
4.363
7.212
14.84
6.026
17.01
10.22
8.821
16.37
9.434
13.17
8.366
8.604
4.447
9.127
20.09
14.33
8.546
10.44
9.616
15.3
5.596
14.93
10.48
16.63
10.6
11.65
4.15
11.3
7.961
4.928
16.7
8.108
6.752
0.0
13.54
11.8
17.18
13.64
20.25
16.23
14.94
13.59
0.0
13.48
10.38
20.61
22.01
3.447
15.25
4.822
13.97
23.24
4.487
0.0
15.1
6.131
21.75
3.533
9.15
6.14
12.79
6.037
13.78
13.35
4.892
8.321
15.26
2.586
16.79
17.36
15.51
4.025
3.955
22.11
18.27
15.42
5.25
28.95
13.98
10.82
11.7
9.606
19.45
13.36
10.72
21.79
3.435
16.67
11.18
13.64
6.812
9.412
6.644
23.66
13.19
12.62
17.6
9.755
11.27
9.131
10.74
12.51
13.86
14.19
9.151
11.95
8.655
14.93
18.0
12.81
12.83
0.0
11.24
9.309
10.86
12.94
18.0
15.06
11.98
9.643
12.02
18.7
10.39
0.0
20.09
4.684
12.2
11.48
17.69
14.4
12.54
9.624
8.822
11.23
15.13
10.47
11.04
7.355
12.37
11.11
10.84
10.57
8.025
2.481
6.348
14.93
12.96
16.26
3.669
5.673
11.99
11.24
13.51
16.77
18.5
14.52
34.14
10.24
18.19
8.28
21.17
9.99
14.86
28.18
15.62
4.221
8.35
8.671
0.0
13.12
7.863
4.241
7.912
9.807
14.72
0.0
8.676
12.52
5.193
3.643
15.2
5.422
5.651
13.79
3.745
14.12
8.895
11.74
4.193
10.23
5.194
11.77
21.62
15.09
14.18
14.24
11.09
12.68
11.79
12.07
16.35
0.0
0.0
0.0
6.039
5.767
10.14
9.394
20.92
12.37
9.256
14.27
14.22
9.929
11.02
11.24
10.6
7.707
9.427
8.281
14.82
11.75
0.0
16.09
18.51
12.21
18.47
5.917
11.61
7.622
15.55
10.89
13.03
21.19
5.683
0.0
9.302
11.24
0.0
10.85
11.18
13.14
9.224
8.503
13.86
0.0
3.265
8.885
12.58
17.85
13.58
7.647
11.01
14.89
10.07
15.91
21.42
15.57
14.86
0.0
13.34
16.3
0.0
17.96
11.86
0.0
7.224
0.0
9.412
13.41
8.889
9.92
11.55
18.28
3.152
7.619
6.248
7.013
8.127
10.77
10.81
17.41
9.095
8.842
0.0
13.72
14.42
7.56
17.12
2.501
18.37
11.6
13.9
17.75
11.9
6.515
9.159
11.53
16.07
13.77
11.75
0.0
9.186
5.227
10.08
10.6
21.68
12.5
21.06
16.23
3.745
10.98
19.06
18.44
13.12
7.019
5.702
11.37
15.89
14.05
9.237
13.21
15.11
0.0
9.434
15.09
17.09
10.65
10.01
6.664
8.701
5.255
10.76
0.0
15.41
17.19
10.58
9.1
9.489
7.227
4.079
14.14
23.86
4.734
17.62
8.574
10.93
11.76
5.372
3.958
18.66
10.53
26.4
20.01
0.0
17.66
6.093
7.735
19.54
13.98
10.27
5.592
4.812
14.28
5.189
19.02
11.68
0.0
16.17
10.28
11.55
10.21
13.29
11.38
18.3
20.42
8.476
9.011
12.54
15.0
14.68
16.53
12.82
0.0
13.44
15.18
9.817
17.59
10.12
20.34
18.55
12.89
7.023
16.53
25.69
6.968
23.65
18.77
12.42
14.01
18.51
20.14
18.27
9.963
9.86
8.214
7.022
8.163
11.34
13.65
14.96
12.93
0.0
13.66
9.784
0.0
13.97
2.51
13.84
25.53
9.33
13.1
6.637
9.95
11.92
6.215
7.71
6.638
14.42
17.74
11.26
13.47
12.66
0.0
5.401
12.76
6.491
22.11
4.448
0.0
5.203
7.406
12.98
11.25
12.91
7.054
15.47
19.08
0.0
15.65
3.664
6.058
0.0
14.34
10.76
9.363
6.264
14.23
4.079
0.0
5.788
11.79
19.91
16.54
17.11
17.23
19.28
18.43
16.44
9.211
11.63
19.98
5.751
19.79
16.28
12.65
10.66
6.18
11.27
12.46
13.97
7.79
19.85
15.71
15.23
20.36
8.47
12.03
21.05
3.9
13.56
9.818
9.957
12.37
10.45
0.0
4.848
24.98
5.725
13.78
8.759
22.17
3.842
0.0
9.363
12.2
17.8
10.85
8.767
17.88
9.751
7.858
20.1
20.44
21.39
11.47
16.23
6.783
0.0
16.33
5.528
13.31
12.09
14.03
14.7
0.0
7.206
14.82
5.233
14.58
9.332
19.11
5.336
9.694
12.54
14.48
8.247
8.867
11.12
8.784
10.88
12.9
17.1
12.07
19.23
15.25
11.75
8.623
15.34
17.48
5.912
8.499
11.97
21.72
16.75
17.39
11.25
13.96
10.3
15.41
8.95
9.177
10.49
11.06
9.057
18.41
4.806
18.73
14.62
6.183
10.08
16.55
0.0
0.0
8.712
17.67
0.0
0.0
12.83
11.69
15.03
6.269
10.53
14.87
6.939
15.34
19.82
7.729
0.0
15.85
15.7
16.02
0.0
3.664
16.77
9.029
12.99
13.44
21.23
12.96
19.26
0.0
8.075
9.245
10.44
12.8
13.99
15.56
6.475
12.8
24.53
11.34
9.743
8.768
15.39
12.69
5.934
8.038
19.49
22.02
22.87
0.0
10.85
12.96
12.56
15.92
14.76
10.4
7.212
18.7
9.452
14.04
18.77
0.0
16.95
12.14
16.05
0.0
8.321
14.63
17.96
13.83
3.565
6.18
7.034
21.06
0.0
0.0
12.35
10.91
7.786
22.33
7.531
7.092
4.616
0.0
13.86
11.48
0.0
2.383
8.415
16.64
17.02
10.2
8.313
5.194
4.495
11.0
10.23
12.3
4.025
13.17
16.4
16.4
18.07
7.212
6.141
11.13
18.75
14.99
19.1
5.958
18.27
3.125
9.092
10.34
19.36
11.27
11.79
8.105
7.734
7.266
17.73
0.0
8.794
10.44
9.094
12.89
8.561
0.0
13.65
8.908
13.31
21.71
22.06
5.258
12.18
12.67
13.04
12.61
6.39
5.894
3.882
10.33
11.94
11.65
15.95
7.669
9.994
20.1
11.25
11.67
19.51
7.456
7.835
11.17
9.802
9.141
17.67
15.43
11.15
10.23
10.74
13.44
12.15
13.27
0.0
7.698
7.354
17.59
14.26
0.0
0.0
11.8
0.0
12.29
8.235
10.79
8.075
12.43
8.565
0.0
18.66
16.7
12.98
0.0
14.0
19.4
7.383
22.26
19.02
13.64
11.83
20.97
13.41
14.07
16.7
14.54
15.48
9.449
4.686
20.78
7.17
30.4
7.427
4.299
8.101
5.842
11.44
7.994
6.308
6.91
10.29
9.819
21.72
9.461
15.16
5.767
13.45
3.745
11.23
0.0
11.2
18.45
13.64
11.27
11.57
10.81
6.282
16.59
13.04
9.228
18.37
11.72
16.7
9.395
15.39
15.82
15.47
20.42
7.734
6.304
20.96
9.169
21.2
17.95
5.544
7.507
7.019
5.595
7.206
8.127
4.219
14.04
0.0
4.676
0.0
0.0
8.438
7.395
0.0
9.672
9.161
5.409
15.0
8.478
14.18
10.57
9.246
6.575
11.37
9.691
6.994
7.523
15.76
8.814
7.731
5.528
13.63
8.264
8.757
10.06
8.961
13.04
5.407
7.406
16.55
12.08
12.02
15.99
6.334
8.04
6.382
12.27
13.26
5.42
11.77
13.25
12.51
15.41
13.01
12.97
13.51
14.64
14.3
16.57
12.63
13.2
11.29
11.55
17.7
12.44
18.27
17.56
19.16
9.137
10.57
10.72
10.48
19.38
11.78
23.68
12.4
8.282
8.634
4.655
4.079
5.249
12.78
9.44
14.66
4.079
4.579
5.249
6.468
7.611
3.105
0.0
13.55
13.15
14.93
12.92
10.62
8.244
10.48
12.65
11.21
5.664
20.06
12.23
6.191
24.12
8.582
20.67
12.39
10.78
7.996
12.99
14.9
12.86
13.06
12.42
15.55
20.08
12.5
14.76
12.64
10.33
14.49
15.9
6.158
12.52
10.29
7.241
10.39
14.71
15.72
16.22
18.06
21.45
16.82
17.59
17.93
16.62
15.35
18.76
15.64
14.95
11.03
23.8
15.0
19.7
17.09
22.69
26.07
18.2
16.98
9.805
18.62
6.876
24.08
14.57
