8.545
15.79
13.16
26.64
0.0
12.07
12.57
12.57
10.63
0.0
14.8
14.8
19.71
12.45
15.75
9.927
7.438
19.84
8.317
8.886
8.295
13.36
14.35
19.06
6.962
11.07
9.551
6.325
13.88
3.101
15.99
12.79
17.32
13.9
8.451
6.984
14.06
13.97
8.371
5.73
11.78
4.923
0.0
11.43
5.425
16.14
0.0
9.168
15.64
23.89
15.36
15.18
11.19
0.0
14.32
10.86
11.41
8.614
13.83
11.74
10.19
16.93
12.87
18.73
16.41
16.7
16.19
22.25
20.23
6.036
15.07
0.0
8.467
11.65
4.102
15.77
17.65
14.79
0.0
10.04
29.39
9.797
5.498
16.33
11.17
18.85
14.84
4.491
22.67
7.926
7.626
17.34
0.0
12.62
9.566
13.5
10.55
21.86
9.651
13.77
7.881
18.42
8.934
13.78
7.896
7.896
15.23
16.46
16.14
11.15
0.0
20.01
17.0
17.0
19.43
11.99
11.14
10.63
19.75
19.75
7.093
17.79
17.47
0.0
7.588
9.9e-07
17.02
20.11
9.521
15.57
0.0
11.15
0.0
13.98
13.98
0.0
5.861
10.54
12.25
7.577e-07
5.593e-07
11.08
25.9
16.94
10.28
14.47
0.0
10.25
0.0
16.67
10.15
8.252
4.541
7.913
10.3
15.09
16.28
0.0
0.0
12.1
12.85
12.35
19.81
15.77
10.26
0.0
5.33
12.3
7.657e-07
17.55
20.75
10.64
0.0
0.0
8.348e-07
8.137
20.89
14.04
5.269
10.36
7.133
0.0
13.09
13.59
16.05
12.14
9.8
0.0
8.516
6.114
15.39
11.2
11.12
9.216
15.65
16.68
11.48
0.0
6.766e-07
13.21
13.33
12.3
9.926
0.0
12.64
15.68
0.0
11.65
8.526
12.94
7.419
0.0
0.0
10.28
12.31
5.186
10.85
10.2
9.67
0.0
0.0
13.26
10.99
17.06
0.0
0.0
6.796
17.0
17.0
20.2
12.09
0.0
0.0
10.29
12.76
16.82
11.19
17.05
19.62
20.27
0.0
0.0
14.98
0.0
9.705
6.596
10.93
17.03
0.0
0.0
0.0
15.1
0.0
15.24
12.08
0.0
9.845
0.0
23.72
16.33
9.814
11.87
16.41
0.0
12.62
6.934
9.839
13.62
0.0
21.2
12.02
11.79
13.06
22.92
6.796
14.83
16.73
0.0
11.84
8.901
10.29
0.0
9.062
10.9
13.6
10.85
19.22
8.968
11.34
18.73
14.32
8.69
9.618
11.93
21.9
12.62
24.43
0.0
26.17
21.21
8.969
13.0
1.127e-06
12.66
2.949
7.992
7.068
7.345
6.992
10.65
17.85
8.415
6.566
11.43
12.59
13.49
0.0
7.924
0.0
12.78
8.435
0.0
17.94
5.671
5.003
11.89
9.217
5.1
17.63
15.57
12.31
12.68
12.22
4.766
13.9
4.34
12.92
20.66
12.41
4.169
8.663
0.0
17.74
7.976
9.404
21.75
10.59
5.506
0.0
20.97
6.211
5.794e-07
9.735
16.58
10.76
7.094
18.1
0.0
0.0
15.15
8.724
5.759
15.43
17.88
17.77
11.96
13.8
0.0
16.28
21.2
7.481e-07
12.11
11.84
6.956e-07
9.137
14.67
13.26
14.19
3.811
0.0
12.68
14.23
0.0
9.149e-07
1.01e-06
0.0
8.946
1.156e-06
20.79
15.73
11.14
7.682
17.87
10.22
4.684
18.76
0.0
17.2
13.74
13.9
12.72
13.82
2.894
21.97
5.708
9.288
6.795
0.0
14.28
13.67
7.932
22.16
4.282
8.165
4.083
0.0
13.51
11.85
3.767
6.2
2.435
15.62
5.343
11.25
8.129
10.71
0.0
4.786
15.27
8.345
10.65
6.957
8.342
13.85
10.98
11.02
8.209
6.796
6.698
7.882
11.32
15.01
8.938
6.647
18.82
14.57
11.82
6.978
17.05
11.92
13.7
7.095e-07
7.502
6.228
13.1
12.17
12.46
11.08
15.83
14.15
14.31
0.0
21.36
8.569
7.144
10.34
17.36
7.362
13.15
15.6
8.039
15.55
17.04
11.98
16.82
13.76
13.64
6.166
3.398
0.0
11.83
4.679
10.4
14.5
8.04
8.085
15.08
23.68
15.27
20.91
16.39
20.19
26.19
21.33
17.02
20.09
13.93
27.67
24.85
19.32
