5.601
9.785
6.579
10.52
0.0
8.157
8.831
3.952
7.425
0.0
7.225
7.225
7.678
5.975
7.513
8.26
3.543
11.51
5.516
8.222
5.545
5.822
6.85
8.18
7.087
12.9
4.059
3.477
9.808
4.244
7.517
5.857
9.449
10.69
3.979
2.305
20.61
7.924
3.791
4.643
7.903
3.012
0.0
6.863
2.827
16.1
0.0
3.68
8.733
12.6
6.296
4.737
3.755
0.0
7.535
5.415
4.659
3.996
5.237
5.086
3.251
6.985
2.331
8.185
2.722
4.716
8.042
5.034
5.492
4.461
13.93
0.0
4.059
3.847
4.313
7.651
6.501
6.566
0.0
4.134
11.43
2.56
2.711
8.357
5.058
6.821
6.756
3.289
9.529
4.064
3.774
7.906
0.0
3.865
5.686
5.201
3.352
9.574
4.447
10.03
2.871
4.997
4.004
5.473
3.42
3.42
7.79
7.904
8.425
4.83
0.0
5.266
4.797
4.797
8.882
3.789
3.107
3.145
7.084
7.084
4.57
4.589
3.847
0.0
2.776
5.812e-07
8.641
6.569
6.05
6.731
0.0
5.244
0.0
14.47
14.47
0.0
3.509
4.448
4.858
5.366e-07
7.551e-07
10.78
6.101
7.751
3.079
8.763
0.0
4.235
0.0
5.841
3.843
3.968
3.992
4.034
4.746
4.727
6.614
0.0
0.0
7.336
11.52
9.337
8.68
7.389
3.544
0.0
2.722
3.012
3.63e-07
8.189
8.714
5.368
0.0
0.0
4.369e-07
2.827
9.402
6.313
2.104
6.541
4.071
0.0
4.409
2.646
5.419
4.188
3.817
0.0
2.003
2.063
7.787
2.803
4.352
3.653
4.82
5.489
4.785
0.0
5.042e-07
4.462
5.852
5.867
4.226
0.0
4.846
6.965
0.0
3.229
4.729
4.958
3.687
0.0
0.0
3.079
5.611
3.287
4.985
5.398
3.822
0.0
0.0
4.145
3.191
6.398
0.0
0.0
2.646
5.476
5.476
6.123
5.845
0.0
0.0
3.401
3.645
4.261
5.663
3.786
9.648
5.651
0.0
0.0
4.421
0.0
3.052
3.431
4.686
8.77
0.0
0.0
0.0
6.899
0.0
4.901
5.076
0.0
1.838
0.0
4.18
7.817
4.713
4.0
5.107
0.0
3.865
8.628
2.774
3.909
0.0
7.614
3.502
3.163
4.927
9.548
2.646
6.319
9.48
0.0
3.301
2.941
3.197
0.0
2.646
3.61
4.315
2.827
6.389
3.627
3.744
7.611
5.603
2.938
3.33
7.31
7.765
3.865
9.422
0.0
6.879
6.984
3.379
5.88
1.497e-06
6.829
4.125
6.039
4.146
8.221
3.039
6.832
15.34
4.953
5.262
7.565
8.585
4.371
0.0
6.105
0.0
9.763
7.425
0.0
9.732
5.676
2.67
9.488
8.623
3.606
6.149
5.373
6.664
9.026
5.229
2.341
11.52
3.157
10.07
8.22
7.657
2.987
3.572
0.0
10.64
5.335
10.82
10.57
7.786
3.385
0.0
7.878
3.416
7.917e-07
5.435
20.99
12.48
1.916
7.706
0.0
0.0
11.2
5.603
7.812
6.538
7.483
7.015
6.889
7.792
0.0
9.087
7.901
5.919e-07
9.648
9.957
6.16e-07
10.58
10.94
11.85
12.02
3.992
0.0
8.016
9.995
0.0
1.196e-06
5.902e-07
0.0
8.966
1.165e-06
14.15
7.733
8.882
3.112
7.134
9.141
4.757
9.297
0.0
10.01
9.125
9.138
8.983
7.774
3.161
11.11
3.965
10.7
3.136
0.0
12.71
5.365
3.683
11.27
2.761
2.792
2.792
0.0
11.18
6.295
1.59
3.546
2.926
4.283
3.75
7.066
6.359
8.666
0.0
3.388
6.505
3.015
3.417
7.755
2.749
7.517
4.781
9.209
3.065
2.646
2.947
4.225
11.76
9.291
6.416
4.743
10.9
9.348
8.809
3.579
10.35
10.32
8.511
3.044e-07
3.843
4.131
10.61
10.53
10.7
6.413
12.41
12.72
8.011
0.0
10.3
6.377
2.526
11.54
13.36
7.332
10.24
11.08
6.019
7.656
8.524
7.714
13.73
10.72
16.33
3.079
2.646
0.0
13.07
3.425
9.325
15.49
4.094
4.164
11.46
8.667
9.27
11.51
12.21
12.18
12.45
11.57
7.723
7.477
5.173
12.4
12.4
13.08
