1.756
3.127
2.703
2.457
4.606
4.478
4.441
4.446
4.385
1.548
1.504
3.79
1.67
4.854
4.48
4.85
4.64
4.591
0.8525
1.114
0.2531
1.917
1.515
4.519
4.506
4.912
4.897
4.746
4.73
2.204
2.071
2.438
2.378
3.699
4.072
5.056
4.042
3.147
4.059
3.449
3.419
0.4353
0.4245
1.721
1.759
3.955
3.928
5.955
3.792
3.831
3.762
1.323
2.136
1.418
1.973
2.773
4.812
4.123
4.42
4.702
4.875
4.761
1.754
1.252
1.211
1.847
1.021
3.088
2.223
2.784
2.298
2.533
1.983
1.364
1.126
1.45
3.427
2.579
2.415
4.682
4.963
4.926
4.392
4.097
4.684
4.316
1.98
1.962
2.008
2.103
3.011
5.132
4.451
4.66
4.314
4.355
4.626
1.063
1.991
1.769
1.297
1.947
2.66
2.248
2.357
2.273
3.062
2.564
4.178
3.205
1.966
5.211
5.248
5.369
5.854
6.047
5.625
1.839
1.159
1.569
1.605
1.836
4.824
4.63
4.69
4.859
4.794
4.82
1.445
2.795
2.148
0.9738
0.5429
3.411
4.179
4.053
4.095
4.975
4.023
2.619
1.308
1.389
1.458
5.046
5.064
4.972
4.987
4.887
2.487
2.171
1.574
1.836
1.653
1.828
2.529
2.261
0.5689
0.4131
0.892
2.905
2.14
3.947
3.955
3.624
3.59
3.612
1.965
3.131
0.8829
2.276
0.4424
2.75
4.066
2.927
2.449
4.014
2.985
2.083
3.477
0.3666
2.234
2.454
2.273
4.308
4.125
4.461
4.771
4.471
4.686
4.667
2.899
0.9886
2.989
2.524
2.906
3.143
3.605
3.539
3.157
1.562
0.8231
2.6
2.212
4.688
3.451
3.705
3.529
3.531
2.567
1.95
2.606
2.465
4.616
4.378
4.238
4.174
4.228
2.97
1.414
3.473
1.073
4.587e-07
3.953
3.45
3.558
3.623
3.642
3.558
2.246
2.035
1.187
1.04
0.4567
4.59
4.615
4.623
4.977
4.668
4.609
3.053
2.162
2.928e-07
3.129
1.181
0.4887
4.7
3.023
3.133
3.951
2.918
3.117
3.117
2.424
0.9599
1.688
0.9216
5.15
5.163
4.821
4.85
4.958
2.096
2.944
1.401
0.5938
1.082
3.551
3.615
3.475
3.84
3.44
3.542
2.096
1.168
3.463
3.409
4.419
3.54
4.409
4.442
4.332
2.364
1.41
1.71
4.758
5.38
3.76
5.019
4.734
4.816
2.256
3.663
1.215
2.481
3.822
4.355
4.29
3.707
3.802
1.472
2.201
4.576e-07
1.364
1.16
4.016
3.845
3.664
4.467
3.875
3.875
3.941
1.762
2.336
0.8584
1.343
5.505
4.928
4.791
5.293
4.807
4.798
1.668
1.977
3.653
3.856
5.012
4.894
5.685
5.759
5.795
3.757
4.018
2.961
1.869
2.751
4.123
5.464
5.515
4.068
1.82
0.9992
2.08
2.115
0.4441
3.743
3.645
3.749
3.713
3.946
3.602
2.079
1.082
1.048
2.193
2.788
3.753
3.152
3.862
3.756
3.756
3.694
1.767
0.4627
1.881
0.7165
3.979
3.818
3.968
3.774
3.766
1.889
0.9622
2.992
1.085
1.95
4.279
4.215
4.35
4.333
4.259
4.179
2.577
2.716
3.222
2.148
4.028
3.337
3.473
3.442
2.298
1.334
0.9043
2.502
2.487
1.879
4.342
4.944
3.927
4.579
3.592
4.396
4.006
2.36
0.807
2.824
5.082
5.656
3.917
5.012
4.975
2.898
2.427
1.905
3.337
2.137
4.559
2.73
4.154
2.769
3.111
3.172
2.429
0.5317
2.794
1.601
0.4637
3.815
2.764
2.104
3.071
2.067
2.124
2.223
3.309
3.493
1.941
4.954
5.833
5.056
5.008
5.649
3.924
2.083
0.8557
3.383
2.182
4.938
4.177
4.464
5.157
4.453
4.382
2.346
0.4336
4.187
1.815
4.075
4.327
4.269
4.333
4.301
3.828
1.719
2.124
2.596
1.039
3.941
4.179
2.009
4.0
3.859
4.053
1.45
1.013
2.556
1.811
4.356
4.129
4.386
3.913
4.06
2.011
3.2
2.591
2.723
2.761
3.521
4.447
2.556
3.709
0.4075
2.312
2.805
1.519
3.705
4.068
4.597
4.151
4.254
4.539
4.127
1.121
2.128
3.193
2.197
0.76
3.131
4.808
5.6
5.146
5.783
5.526
5.875
5.558
2.726
2.203
2.214
0.9962
1.238
2.107
4.797
4.802
4.927
3.887
5.588
4.856
4.759
3.192
3.634
2.172
1.359
0.8598
1.842
4.036
3.947
4.174
3.358
5.366
3.987
3.827
2.012
0.8267
1.94
1.188
2.619
1.574
3.807
4.416
4.054
4.611
3.926
4.263
3.834
2.164
2.719
2.241
2.355
1.182
2.02
3.314
3.421
3.863
3.534
4.323
3.659
3.252
1.35
2.716
1.745
2.581
2.678
0.8968
3.934
4.026
3.91
3.97
3.372
4.103
3.793
1.636
2.491
0.9915
1.115
2.713
2.889
4.011
3.264
2.96
3.133
2.948
1.836
1.598
0.3958
0.9297
5.071
5.102
5.469
5.283
5.17
0.1428
2.485
2.509
0.704
0.5925
1.701
5.019
5.062
5.034
4.978
6.028
5.387
4.996
1.427
2.33
1.792
1.244
2.936
2.635
3.785
5.411
4.157
3.821
3.883
4.346
3.615
1.716
2.333
1.675
0.2481
1.653
1.691
3.932
4.201
4.266
3.682
3.893
4.276
3.882
0.1601
2.508
2.64
1.899
2.523
2.902
3.474
4.076
4.031
3.117
3.93
3.755
3.134
0.358
2.322
2.401
1.364
1.415
2.681
2.738
3.063
3.589
2.873
3.457
3.251
2.87
0.2515
1.564
2.261
2.15
2.261
3.977
3.95
4.253
4.149
4.25
4.149
0.6691
2.442
1.479
2.048
0.9383
1.698
3.869
4.353
4.428
4.339
4.191
4.845
4.344
2.019
0.6297
2.165
0.7283
3.285
4.457
4.964
4.7
4.884
4.927
4.884
1.087
3.617
1.867
1.887
2.094
4.548
4.786
4.813
4.244
4.96
4.648
0.5593
3.297
3.183
2.533
2.973
1.677
4.821
5.107
4.687
4.189
4.584
4.672
4.281
1.358
1.263
1.518
2.052
1.738
5.012
4.243
4.283
4.355
4.331
4.348
1.468
1.366
0.4442
4.041
0.8695
2.338
5.764
5.517
5.043
5.35
5.655
5.607
5.552
2.607
3.359
2.861
2.153
2.875
4.014
3.788
4.275
3.732
3.946
1.695
1.834
2.482
2.955
5.337
5.797
5.94
4.832
5.35
5.23
1.859
1.382
2.456
1.475
4.604
3.974
3.945
3.69
3.915
1.971
0.9247
1.818
2.358
1.806
2.621
4.926
4.519
4.949
4.586
4.606
4.836
4.595
1.036
1.518
0.4574
1.476
0.8295
4.727
4.918
4.536
4.702
4.728
4.605
1.418
2.047
1.953
1.815
1.588
4.694
5.023
5.072
5.189
5.082
5.113
1.891
2.146
0.6609
1.974
3.006
5.014
4.63
4.603
4.964
4.954
5.004
2.047
1.444
2.155
0.9409
2.466
3.832
3.489
4.232
3.365
3.429
3.509
0.6525
1.594
1.556
2.541
0.7635
3.608
4.261
4.128
4.102
4.069
4.331
4.332
4.189
3.146
2.054
0.9826
1.647
1.417
2.511
3.142
2.852
3.672
3.027
3.013
0.4872
2.596
1.119
0.3211
1.612
2.28
3.176
3.511
3.469
3.191
4.409
3.045
3.161
0.8862
1.713
0.5297
2.917
2.01
0.8838
3.742
3.613
3.512
3.525
3.726
3.52
3.535
1.872
3.054
2.29
1.844
4.797
5.048
5.338
4.983
5.102
1.873
1.539
1.676
2.768
1.397
4.031
5.123
4.085
3.9
3.984
4.01
3.9
2.07
1.226
1.816
2.876
2.628
3.933
4.935
4.563
4.158
4.049
4.077
2.478
2.331
2.676
0.4967
1.174
2.833
2.919
3.709
3.768
4.12
2.787
1.677
3.119
2.51
0.2752
2.241
2.572
4.366
4.042
4.488
4.841
3.904
5.033
4.373
1.54
2.985
0.688
1.024
4.223
1.234
2.621
4.698
2.64
3.101
4.544
2.605
2.518
0.7302
1.856
2.096
2.324
1.253
1.718
5.622
5.689
5.594
5.585
5.625
5.37
5.536
2.355
2.017
2.09
1.631
1.662
1.863
5.942
5.697
5.699
4.868
5.026
4.862
5.758
1.276
1.032
1.726
0.4514
0.9931
1.721
4.465
4.271
4.468
4.392
4.37
4.708
4.4
0.2582
2.132
1.248
0.81
4.975
5.121
5.062
5.081
5.101
1.95
2.798
2.157
0.5318
4.114
2.171
4.265
4.822
4.799
4.325
4.043
4.546
4.239
0.1254
0.8196
2.324
1.388
3.124
3.805
4.35
3.712
3.823
4.077
3.715
0.2985
2.108
2.702
1.914
1.856
3.294
3.931
3.797
4.118
3.996
4.175
3.789
3.96
1.977
1.422
2.897
2.367
1.68
2.703
4.337
4.104
4.415
4.097
4.087
4.649
4.043
1.893
1.991
2.646
0.8371
0.8474
2.296
3.702
3.726
4.302
3.73
4.104
3.9
3.703
1.183
4.471
1.834
1.699
1.535
2.628
2.893
2.534
2.804
3.823
2.565
1.226
0.8815
2.445
1.872
1.984
1.416
3.486
3.285
3.088
3.158
3.165
3.539
3.12
2.045
1.795
1.378
6.22
6.142
6.35
6.435
6.139
6.326
0.7782
2.446
1.363
1.349
5.973
5.593
5.782
6.02
5.667
5.78
1.798
1.104
1.793
0.5032
0.3384
1.598
2.566
2.819e-07
2.976
3.713
2.642
3.181
2.635
2.639
2.642
2.599
1.603
2.152
0.8905
6.718
6.781
6.641
6.742
6.818
2.964
1.616
2.029
1.557
3.703
3.368
3.742
3.044
2.929
1.227
1.458
3.076
0.8994
4.976
3.828
3.723
3.6
3.761
2.365
1.013
2.445
1.045
3.604
2.548
3.11
2.52
2.36
3.788
0.4448
2.833
1.051
5.802
5.801
5.902
5.769
5.777
2.346
3.16
2.852
2.081
1.125
3.395
4.139
3.089
3.017
2.103
1.254
0.7059
3.937
1.511
0.9219
4.606
3.593
3.54
4.033
3.499
3.295
3.379
2.33
0.578
1.843
0.5464
3.26
3.0
3.513
2.899
2.932
2.155
0.9399
1.868
2.57
3.941
4.111
3.49
3.784
3.795
2.02
1.022
1.334
1.048
4.01
3.846
4.561
3.842
3.774
2.931
1.162
1.649
2.216
2.894
2.465
4.135
2.85
2.733
2.975
1.009
1.629
1.028
3.91
3.732
4.111
3.721
3.652
4.063
1.261
2.114
3.103
4.845
4.874
4.545
4.421
4.407
2.258
0.739
1.76
3.281
2.431
3.674
2.606
3.187
3.087
4.771
1.633
4.683
0.4753
4.548
5.79
5.385
5.766
5.823
3.999
3.665
3.717
1.515
4.726
3.807
3.918
3.258
3.468
1.269
1.134
0.4126
1.608
3.203
3.189
3.302
3.153
3.153
1.994
1.401
2.603
4.219
1.524
2.651
4.81
4.957
4.03
5.349
4.863
4.155
4.88
2.918
0.9378
2.123
1.598
6.291
6.311
5.964
6.35
6.418
2.488
0.8718
2.239e-07
3.802
4.284
2.317e-07
4.343
4.908
3.386
3.795
3.629
3.386
3.386
0.9397
2.07
1.669
1.394
3.757
3.693
3.571
3.45
3.504
2.128
1.343
1.809
3.371
3.015
2.807
2.993
2.616
2.347
2.548
1.109
1.691
2.806
3.158
3.28
3.318
2.489
2.435
2.688
2.732
2.481
0.8332
3.731
3.069
3.543
4.285
3.146
1.906
3.162
0.6495
3.023
1.768
2.453
1.861
1.498
2.566
0.422
2.53
1.243
2.946
1.659
2.789
1.456
1.452
1.357
0.4636
1.266
2.824
5.882
5.201
6.019
6.018
6.014
2.337
2.847
3.085
1.489
2.714
2.86
3.651
3.17
2.681
2.179
0.6882
3.642
0.4821
4.79
4.668
5.116
4.687
4.683
4.89
1.012
0.5613
1.121
3.655
3.799
3.349
3.642
3.626
2.702
1.775
1.338
0.4614
4.803
4.644
4.797
4.478
4.657
0.7622
2.504
1.452
3.933
3.498
4.078
3.142
3.189
1.705
1.34
2.328
2.952
4.023
3.375
3.806
3.356
3.428
1.646
3.166
1.428
0.9664
5.252
5.044
4.948
4.902
4.981
1.609
2.565
3.646
3.93
4.987
4.718
5.162
5.086
4.898
2.084
0.9691
1.476
1.464
4.411
4.676
4.78
4.415
4.401
3.791
3.941
1.343
0.4796
3.33
3.298
1.944
2.561
3.273
2.16
0.5597
3.088
0.4183
5.677
4.266
4.511
4.214
4.247
2.578
1.616
2.836
1.616
2.836
1.616
2.578
1.616
0.0
3.1
2.321
2.206
2.308
3.78
3.65
3.415
4.025
3.731
2.2
3.635
5.437
2.872
5.986
4.871
5.294
5.699
5.081
3.877
1.087
2.448
2.704
3.948
4.62
3.773
3.691
3.72
1.763
2.518
1.339
5.147
5.047
5.006
5.173
5.083
2.755
1.295
2.381
1.402
4.374
3.878
4.265
3.951
3.805
0.8284
1.646
2.495
2.471
4.646
4.689
3.782
4.264
3.849
2.976
2.462
2.044
3.43
2.873
3.059
4.084
2.542
2.853
2.553
1.596
2.153
1.285
1.9
1.985
3.959
3.874
3.944
4.063
3.784
4.217
3.745
2.129
2.017
1.821
0.8534
4.092
4.324
3.667
3.991
4.275
3.32
0.9861
0.6352
2.264
4.403
5.27
3.467
4.267
4.312
0.1346
2.94
1.739
1.936
1.441
3.797
3.449
3.473
3.506
2.16
3.497
1.945
0.7576
3.147
1.684
1.835
2.35
3.103
2.005
2.654
3.753
2.641
0.1222
0.367
2.987
2.896
4.932
4.389
5.003
5.018
5.012
2.599
2.07
4.131
1.851
1.08
4.224
4.141
3.99
5.575
4.066
3.74
5.251
4.014
1.156
1.87
3.278
2.337
1.405
0.5617
3.315
2.699
2.625
3.017
3.034
3.127
2.645
1.226
0.9343
2.998
2.486
1.989
0.2963
2.838
2.655
2.6
3.225
2.474
2.123
4.308
2.802
0.2293
2.195
2.361
6.019
5.859
6.32
5.57
5.921
5.951
5.949
1.907
2.057
3.028
1.401
0.9248
3.081
1.476
1.04
3.092
2.013
2.03
3.12
0.5682
2.175
1.072
2.692
2.078
1.633
2.057
2.686
2.899
2.909
2.518
3.191
3.996
3.055
0.9472
2.821
1.159
1.67
5.358
5.213
5.172
5.219
5.26
2.472
1.054
2.785
0.5077
0.9715
2.58
2.665
2.411
2.537
3.344
2.503
1.019
1.026
2.967
2.15
0.6156
3.903
4.26
4.099
4.214
4.139
4.096
2.561
2.985
1.775
2.66
5.161
4.636
5.182
5.137
4.951
1.436
1.049
1.809
2.279
0.8895
3.35
3.064
2.931
3.11
3.031
2.98
2.062
2.017
1.707
2.377
1.256
3.083
2.119
2.851
2.684
2.285
1.824
0.3327
2.169
2.196
1.573
2.79
2.656
3.172
3.519
3.575
3.073
3.559
3.004
3.083
2.001
2.356
0.1476
0.9671
0.3963
2.241
2.431
2.213
2.841
2.669
2.231
0.2221
0.7486
2.255
2.174
2.194
2.959
4.153
4.28
4.221
3.908
3.986
4.004
3.929
0.5889
2.628
2.097
1.148
2.589
4.448
4.109
4.214
4.064
4.039
4.065
3.244
1.718
4.058
1.21
0.89
2.848
3.979
4.022
4.507
4.44
4.194
4.794
4.042
0.1597
2.702
2.197
0.6267
2.041
1.734
4.636
4.447
5.22
4.769
5.266
5.144
4.757
1.164
3.442
0.9446
2.252
1.308
5.798
5.854
5.995
5.307
5.979
5.97
1.573
3.146
1.462
1.885
3.576
3.344
4.093
3.229
3.486
1.525
2.425
2.417
0.2085
1.333
3.342
3.183
3.257
3.795
3.498
3.818
4.271
3.219
0.6503
2.221
1.648
1.614
1.743
1.55
2.956
3.53
3.861
3.619
4.086
3.789
3.577
0.2068
1.317
2.29
0.4935
2.998
2.023
2.995
3.411
3.92
3.024
3.276
3.584
3.039
2.492
1.825
1.565
1.579
6.003
6.066
6.113
5.965
6.383
3.315
2.114
4.119
2.239
2.838
2.769
5.003
5.049
5.972
5.445
5.679
5.096
5.833
0.3772
3.245
2.045
1.299
1.85
2.401
5.822
5.225
5.844
5.662
6.253
5.66
5.697
1.003
1.002
1.718
1.42
4.424
4.911
4.706
4.926
4.873
1.664
3.233
2.818
4.258
4.531
4.229
4.327
2.836
3.035
2.775
0.4677
1.412
6.227
6.438
6.201
5.507
6.071
6.233
0.5759
1.806
3.475
1.832
2.409
2.139
2.636
2.644
3.394
2.423
2.893
4.162
2.418
1.555
1.114
3.239
0.5194
1.007
4.462
4.554
4.478
4.556
4.768
4.49
1.992
0.6995
2.491
0.3827
2.219
2.406
3.031
3.66
3.238
2.858
2.911
3.354
3.018
3.301
4.305
3.108
2.462
3.041
2.737
5.012
5.321
4.638
3.434
3.568
4.025
4.692
2.761
2.088
3.059
0.1375
2.273
2.884
5.051
4.995
5.47
5.936
4.998
4.901
5.049
2.602
1.92
3.45
1.321
2.362
2.869
3.927
4.458
4.74
3.719
4.305
3.989
4.127
2.028
2.464
1.967
0.2149
1.351
2.132
4.534
4.617
4.698
4.51
4.048
4.844
4.57
1.39
2.987
2.663
1.388
1.159
3.012
3.108
2.67
3.717
3.701
3.088
2.527
1.754
0.5273
1.827
2.209
3.568
3.883
2.297
3.15
3.368
3.383
2.605
2.995
2.965
0.3217
0.7467
1.249
3.801
3.841
3.867
3.734
4.142
2.602
3.728
1.825
2.51
2.081
2.656
1.295
1.311
5.042
5.083
5.169
4.642
4.906
4.825
5.004
2.916
1.189
3.733
2.038
2.439
2.598
5.737
5.292
5.891
5.437
5.474
6.037
5.48
3.279
1.746
3.964
1.514
0.7939
3.33
4.248
4.161
4.639
4.181
3.952
4.57
4.086
2.178
1.379
0.404
2.992
2.503
3.433
3.048
2.645
2.457
1.009
2.998
0.4767
0.4884
2.993
3.53
3.574
3.4
3.375
3.602
4.008
3.543
2.656
2.79
2.35
0.8232
3.536
1.596
4.137
4.573
4.47
4.409
4.305
4.292
4.076
2.937
0.9114
1.134
1.302
1.436
0.835
3.03
0.835
1.746
0.9707
2.251
0.6972
0.4134
2.178
2.055
2.646
2.147
2.859
2.012
2.404
2.172
0.7103
0.7243
2.044
2.157
3.257
3.158
2.148
0.1658
1.208
2.033
0.5789
0.5954
3.665
3.723
3.67
3.757
4.175
3.678
1.438
1.081
2.103
1.159
1.306
0.7355
3.53
3.549
3.576
3.312
3.453
4.056
3.549
0.1999
2.323
1.018
1.968
0.6263
3.367
3.107
3.143
4.028
3.509
3.168
2.067
1.102
2.37
2.809
2.213
3.464
2.422
1.781
1.615
0.157
1.343
1.618
0.5634
1.938
4.155
3.873
4.095
3.865
3.902
3.872
2.512
1.027
2.218
1.136
3.386
2.757
3.049
2.787
2.594
2.832
3.685
1.394
0.6621
3.769
3.539
4.427
4.707
3.504
1.057
1.415
0.5176
3.208
2.949
2.949
3.06
2.949
3.109
3.324
2.93
1.626
4.646
3.777
3.739
3.165
3.681
0.384
1.123
1.977
2.089
1.998
2.097
0.3322
1.075
0.1748
0.2357
1.5
2.407
2.343
2.131
3.316
2.26
2.517
2.247
0.4575
3.791
2.424
0.5338
3.748
3.136
3.146
3.837
3.102
0.2659
1.183
3.346
2.13
0.435
3.392
3.35
2.887
4.179
2.957
2.951
4.181
2.95
2.077
1.654
0.3989
1.179
2.164
0.3989
1.179
2.164
2.438
2.365
1.013
0.4679
0.3752
2.409
4.082
4.017
4.054
4.037
3.882
3.974
0.2966
1.535
0.1301
1.706
2.169
3.963
3.858
4.224
3.784
4.248
4.233
1.422
2.209
1.44
2.129
1.158
3.83
3.801
3.706
3.699
3.66
3.637
0.5448
0.5845
2.649
2.353
2.798
2.552
2.978
2.479
3.095
3.195
2.192
0.9321
3.307
3.258
3.824
4.02
3.221
1.9
2.532
2.829
1.037
0.4815
1.057
0.5621
1.879
2.508
2.82
0.1571
1.02
1.698
1.685
3.246
2.569
2.787
2.967
2.889
2.958
0.5825
2.582
2.127
0.4146
4.699
4.718
4.814
4.835
4.74
0.5705
2.227
2.431
2.894
0.5559
3.959
3.088
3.04
3.151
2.323
3.075
4.096
3.104
0.5186
1.499
2.699
3.085
4.483
3.84
2.623
1.07
5.223
0.4184
2.78
1.165
3.256
2.71
2.606
5.219
2.405
2.431
1.147
1.637
1.889
2.258
1.544
0.999
3.845
3.462
3.781
3.854
3.559
3.503
3.64
2.218
3.108
2.178
1.19
2.677
2.236
2.731
3.2
1.704
2.144
3.765
2.059
3.867
2.742
4.238
1.032
4.118
1.807
2.777
2.429
1.494
0.7519
3.685
3.512
4.262
3.973
3.475
0.6009
4.377
3.774
3.453
4.216
3.703
4.387
1.861
3.725
3.809
0.4089
1.185
4.547
4.665
4.707
5.723
5.018
4.581
2.203
1.227
2.988
2.729
0.7623
3.867
3.056
3.384
3.196
3.578
2.984
0.8885
1.979
1.19
0.438
2.415
3.993
3.962
3.868
4.077
4.434
4.0
1.705
0.9123
0.1767
2.655
2.865
3.809
2.893
2.859
2.88
2.009
1.26
0.9491
2.044
2.831
3.069
3.574
2.849
2.788
2.475
1.089
0.7137
1.311
2.613
2.824
2.276
2.77
2.589
0.2558
3.595
2.732
2.467
3.323
3.605
2.29
4.028
2.314
2.579
0.8064
1.134
3.331
2.875
4.387
3.698
2.804
2.777
0.8539
1.11
1.294
0.6557
3.064
2.869
2.948
2.962
2.811
2.362
3.232
2.028
1.131
2.645
2.423
2.828
2.08
2.169
2.796
0.9396
3.094
3.827
2.584e-07
3.099
3.465
3.635
4.229
3.803
3.635
0.1524
1.021
2.054
0.4192
3.776e-07
3.018
2.066
2.029
2.008
2.158
2.029
1.71
1.17
1.494
3.159
3.884
3.514
3.83
3.728
3.653
0.7019
4.837
1.343
0.1843
1.175
1.571
1.958
1.581
4.6
1.958
1.573
1.222
4.406
1.775
3.413
0.2049
3.417
4.68
2.688
2.784
4.806
2.68
2.096
1.045
2.643
0.5112
3.683
2.557
3.552
2.599
2.514
1.862
1.845
1.49
2.053
2.803
4.617
4.578
5.081
4.474
4.443
4.557
0.3921
0.8019
0.48
0.6275
3.027
3.079
3.041
3.069
3.062
2.32
1.331
2.043
2.754
0.8259
2.669
4.146
2.366
3.07
2.486
2.197
1.151
1.3
0.2296
0.3601
3.992
3.974
4.207
4.05
3.988
2.264
2.757
2.465
1.293
3.007
2.37
2.403
3.283
1.954
0.1593
1.03
2.375
2.806
2.755
2.878
1.582
1.872
1.612
0.1798
0.67
2.421
0.4891
2.201
5.26
4.951
4.608
5.049
5.128
5.029
0.5406
1.039
2.042
3.469
2.208
5.903
4.87
5.404
5.521
5.416
5.593
0.5963
3.081
0.5861
0.581
3.034
3.025
2.928
3.777
2.953
0.5392
1.975
1.826
4.025
3.017
4.221
3.08
3.252
3.023
0.2486
3.051
1.521
0.8065
3.57
3.417
3.258
3.462
3.277
2.147
0.6556
2.134
3.095
3.258
3.854
3.063
2.824
2.857
1.95
0.7768
0.313
0.2449
2.231
2.455
3.283
2.856
2.576
2.439
2.462
0.1686
3.758
2.193
0.6153
2.697
2.065
1.997
3.138
2.002
1.913
0.8917
0.2839
0.6701
3.274
3.382
3.4
3.095
3.195
1.538
3.564
2.412
0.4693
4.261
3.278
3.394
3.993
3.242
0.2442
3.043
1.893
2.189
3.48
4.493
3.556
4.381
3.593
1.845
0.9226
1.362
1.317
3.042
5.156
4.558
5.181
5.082
5.257
5.106
1.04
0.3906
1.337
0.3724
4.996
4.771
4.692
4.858
4.824
2.701
1.446
0.5903
4.126
2.937
4.465
3.978
2.937
2.894
0.1968
1.255
2.425
0.6164
3.77
3.195
3.032
3.05
3.051
0.574
0.6296
2.45
3.138
2.922
2.865
2.226
2.27
2.21
3.433
2.109
2.768
3.097
3.817
3.746
3.786
3.12
2.417
1.147
1.13
0.4842
0.5267
0.6058
0.6155
1.155
1.087
0.1747
2.308
2.365
1.223
0.6183
1.421
0.8686
2.289
2.283
0.4113
0.147
2.042
1.986
2.312
3.817
3.617
3.456
4.241
3.434
0.9227
4.84
1.368
4.161
2.153
4.533
2.201
4.399
1.99
0.1624
1.05
2.052
1.208
2.991
2.555
2.345
2.53
2.33
0.3571
1.837
0.7768
0.3942
3.706
3.669
3.694
4.072
3.679
2.42
2.687
0.5211
3.631
3.346
3.976
3.426
3.345
0.3047
1.873
1.648
2.02
1.781
4.033
4.42
4.163
3.926
4.228
3.912
1.351
1.208
0.1252
0.7868
4.805
4.769
4.94
4.952
4.79
2.316
2.614
0.503
2.794
1.939
2.67
2.133
1.844
0.5041
2.395
3.469e-07
1.726
2.326
2.71
2.7
2.049
2.527
2.05
2.05
0.2076
4.097
3.459
2.401
2.324
3.295
3.73
2.998
5.067
4.119
2.958
2.552
1.367
2.012
2.852
4.609
5.456
4.736
4.511
4.648
3.568
0.5904
1.269
2.793
3.072
3.054
4.176
2.851
0.1556
1.02
1.95
2.265
2.344
2.917
3.099
3.212
2.631
2.827
2.638
1.731
2.483
1.824
3.216
2.947
3.667
2.808
3.23
2.167
0.6001
0.7926
1.64
2.132
2.774
2.907
2.75
2.87
2.812
0.5009
0.7605
0.449
2.036
1.985
1.962
2.024
2.938
3.54
0.4728
1.347
2.3
2.03
3.451
3.727
2.215
0.1575
1.035
1.323
2.136
3.65
4.052
3.506
3.589
3.496
2.086
0.9472
0.5216
1.836
0.5759
3.881
3.199
3.681
3.433
3.323
3.29
0.1739
1.503
2.183
2.739
4.098
4.054
3.672
3.842
3.7
2.286
2.71
2.236
0.4584
3.825
3.198
3.675
4.351
3.175
2.432
2.577
1.154
1.143
1.911
1.891
2.796
2.864
2.0
1.129
2.948
0.1272
5.187
2.382
4.887
2.59
3.691
2.41
0.4824
1.375
1.738
3.788
2.436
4.314
2.011
2.472
1.957
1.297
1.439
0.9095
0.6436
3.866
3.833
3.627
3.922
3.747
0.1611
3.362
1.459
3.337
3.645
3.304
3.701
3.903
3.707
2.355
0.8178
4.433e-07
1.876
2.079
5.34
4.97
5.284
5.475
5.461
5.461
2.085
2.908
1.47
3.276
3.021
2.588
3.313
3.482
2.989
1.821
1.394
0.1603
0.5088
2.982
2.345
2.446
2.974
2.749
2.509
2.34
2.361
2.573
0.6135
1.16
3.306
3.405
3.963
4.044
3.309
1.441
4.2
2.234
0.5695
3.288
2.862
2.999
3.781
2.802
0.162
1.995
2.654
3.552
3.918
2.644
2.835
2.65
0.1827
0.9465
1.649
0.4512
2.947
3.423
3.413
3.458
3.406
1.892
2.144
0.1334
0.8754
2.066
2.284
2.536
2.905
2.043
0.7058
3.958
2.418
0.5047
3.209
2.371
2.543
3.375
2.379
2.463
1.283
0.7944
2.48
3.186
3.583
3.355
3.202
3.032
0.2394
0.8837
1.742
1.495
3.981
3.837
3.691
3.713
3.693
0.1782
0.6209
2.908
3.805
4.057
5.059
3.563
3.521
3.593
2.842
2.965
1.168
1.495
3.271
3.298
3.787
3.774
3.507
0.2497
2.718
1.44
0.2497
2.295
1.726
1.863
1.348
0.3968
2.389
2.389
2.072
2.326
2.34
0.3264
2.449
0.5664
0.492
3.611
2.149
2.107
4.079
2.146
2.973
2.096
1.645
0.8936
3.172
2.846
4.2
4.145
4.443
4.153
4.068
0.3332
2.241
0.543
2.518
0.6767
3.025
2.307
2.237
2.804
2.263
2.23
1.845
3.396
0.4273
0.4681
4.62
4.64
4.647
4.804
4.636
0.3316
0.7573
0.1357
0.3225
2.827
1.698
1.727
2.732
1.707
1.835
1.689
2.633
3.024
0.1626
0.4821
3.062
3.052
4.054
4.287
3.046
1.415
2.75
0.3406
1.039
1.398
3.783
3.932
4.02
3.908
3.627
3.735
3.447
2.096
1.019
2.9
2.817
3.818
4.367
3.173
2.681
2.437
2.494
2.854
0.175
1.123
3.241
3.059
4.877
4.655
3.849
3.763
3.87
0.2981
1.101
1.221
2.633
0.5
4.406
3.916
3.939
3.97
4.011
3.935
1.734
0.9066
2.097
0.4638
2.514
1.49
2.361
1.888
1.498
1.104
1.56
1.652
2.029
4.304
3.704
4.157
4.073
4.084
1.288
2.513
1.981
2.489
2.184
2.739
1.645
2.63
1.002
0.2083
3.006
1.386
1.338
3.427
3.955
3.324
3.842
3.643
4.071
3.824
0.2097
4.175
3.334
3.15
3.967
2.99
3.131
4.66
2.978
1.927
0.8701
2.395
2.067
2.456
2.367
2.638
2.605
2.561
1.721
2.236
1.422
1.617
2.656
2.652
2.625
1.971
2.571
0.3159
0.9325
0.2709
0.3952
3.47
3.446
3.439
3.52
3.45
2.836
2.73
2.917
4.26
0.2902
1.721
1.845
3.647
4.008
3.698
3.821
3.73
3.665
1.647
0.7895
2.591
1.049
1.818
2.639
2.976
3.414
3.976
3.445
3.02
3.713
2.887
0.3259
2.753e-07
1.89
3.508
2.753e-07
0.3259
1.081
2.368
2.487
3.482
0.4186
3.607
2.914
2.799
3.004
2.905
0.2623
1.628
2.596
0.8064
3.044
1.914
1.701
2.217
1.733
0.3211
1.874
2.751
0.5792
3.357
3.88
3.251
3.858
3.22
3.644
3.25
0.7749
2.304
2.028
2.054
1.118
3.687
3.598
3.491
3.072
3.343
3.498
0.2783
3.683
3.453
3.979
3.735
3.461
3.757
2.586
1.008
3.448
3.058
3.262
3.971
3.637
3.728
3.384
2.358
2.195
1.858
1.139
0.7864
1.695
0.6376
2.688
2.968
3.371
2.918
3.116
2.877
0.4272
2.478
2.65
0.8598
3.812
3.582
3.504
3.938
3.543
1.601
1.554
2.674
3.258
3.801
4.556
3.248
3.098
2.909
1.401
4.13
0.367
0.5546
2.464
2.036
2.115
3.151
2.395
4.341
2.021
3.075
1.565
1.142
2.777
2.498
3.148
4.068
4.151
4.056
3.067
0.5441
0.7221
1.29
4.613
1.788
4.74
1.004
1.047
1.059
2.366
1.08
1.807
0.517
0.8084
2.271
2.189
2.133
3.055
2.354
2.134
1.366
1.348
1.868
0.5659
2.75
2.592
2.534
2.65
2.472
0.6846
3.131
3.811e-07
0.4808
0.5028
1.336
3.179
3.145
3.274
3.259
4.004
3.208
3.208
1.472
1.115
0.38
3.308
5.143
5.037
5.214
5.16
5.138
2.507
2.565
2.404
1.361
2.496
3.605
3.279
3.188
3.687
4.265
3.12
0.7385
4.676
0.5373
1.189
3.639
3.986
4.029
4.582
3.986
5.588
4.004
2.132
0.3861
1.972
1.32
0.4062
2.338
2.007
1.216
1.929
1.845
1.938
0.8946
1.168
0.2275
1.973
3.662
3.83
3.681
3.84
3.633
1.35
1.842
1.842
1.349
1.519
0.8128
0.1547
1.003
2.434
0.4672
4.096
3.545
3.544
3.627
3.543
2.826
0.7764
3.371
0.8857
3.009
3.712
3.687
3.359
4.547
3.823
3.832
4.75
3.823
2.303
2.77
1.434
1.542
2.178
2.195
2.604
3.119
1.605
2.153
1.302
0.2003
3.419
2.11
3.119
2.979
2.589
2.125
1.358
2.078
1.358
2.169
1.071
0.3562
2.046
1.547
0.412
1.911
1.495
1.562
2.528
1.489
0.1595
4.773
3.95e-07
2.4
2.852
3.204
3.862
4.285
4.634
3.483
4.637
3.498
3.498
0.139
2.722
0.8651
0.7358
1.604
2.578
2.753
3.15
2.609
3.711
2.631
2.507
1.123
1.078
3.572
3.103
3.949
4.791
4.342
4.48
4.53
4.361
0.4281
0.9968
2.53
2.168
0.4908
3.048
2.337
2.317
2.436
3.483
2.3
1.795
3.436
0.2121
2.381
0.2121
2.381
1.795
3.436
0.0
3.32
1.428
2.47
0.5598
2.81
2.395
2.816
3.859
4.056
2.91
2.733
3.104
2.316
1.932
0.203
1.294
3.127
3.193
4.007
3.849
3.631
3.137
3.217
3.249
1.922
0.4963
0.9864
3.372
3.607
3.492
4.405
4.348
3.568
1.65
1.858
0.1981
3.401
1.885
3.915
4.126
3.987
4.321
3.971
3.953
2.02
4.426
0.1326
0.9206
3.195
3.263
3.247
4.734
3.214
3.521
1.707
2.488
3.989
3.5
4.354
3.154
2.775
0.2177
3.892
2.297
1.445
2.828
2.283
1.824
4.506
1.826
3.569
2.593
5.297
3.104
5.021
2.431
4.11
1.872
1.773
1.617
3.315
0.682
3.976
2.811
2.615
3.012
2.72
2.079
0.5833
3.315e-07
0.701
3.907
2.141
4.504
4.001
4.484
4.216
4.317
4.423
4.423
0.185
1.178
2.528
2.606
3.121
3.087
2.231
2.533
2.247
2.139
0.5202
1.378
2.15
1.406
2.069
2.109
0.6867
0.4541
0.1367
1.469
0.6973
0.4167
3.041
2.998
2.968
4.122
2.892
3.205
2.909
0.4305
2.935
0.1273
0.8366
3.647
3.68
3.625
4.656
3.644
1.534
1.285
3.707
3.216
4.24
3.751
2.279
2.229
1.83
0.155
3.538
2.407
4.022
3.732
3.655
4.343
2.537
1.452
1.374
2.599
3.554
3.485
4.021
3.829
3.702
3.425
2.561
3.012
3.22
0.1883
0.6576
0.7898
1.075
2.581
2.86
3.187
0.7256
1.568
0.4391
3.733e-07
1.727
1.994
3.007e-07
2.177
2.354
1.429
1.01
1.496
1.429
1.429
1.501
2.436
1.97
1.061
1.721
3.556
3.498
3.221
3.5
4.047
3.319
0.1303
0.8901
2.063
2.192
5.107
5.187
4.849
4.942
4.85
1.82
3.683
1.814
1.47
2.737
2.773
2.882
3.939
2.199
2.816
1.446
0.2378
1.624
2.548
2.895
3.555
2.85
2.548
0.3889
1.295
1.762
3.565
2.161
4.861
4.054
3.696
3.659
3.657
3.651
3.32
3.402
0.4305
0.6693
0.7295
0.4919
0.7836
0.7665
3.317
3.396
0.224
2.085
1.484
1.319
2.576
0.7924
1.918
3.343
2.7
3.352
3.137
2.736
2.603
2.536
2.524
3.094
1.321
2.281
2.865
3.434
3.49
4.013
2.71
2.651
1.315
2.307
1.215
3.699
3.035
3.906
3.153
2.99
0.405
0.4399
1.968
0.4244
3.186
4.451
4.027
3.439
4.004
4.014
4.024
2.67
0.9493
3.367
2.498
4.146
2.674
2.826
2.67
3.253
0.8972
1.573
1.025
3.519
3.332
1.877
3.469
3.344
2.067
2.206
0.5945
3.795
3.321
3.626
3.392
3.299
1.1
1.195
1.538
3.736
3.767
3.723
3.634
3.55
2.909
1.037
1.635
1.336
2.161
1.949
3.172
2.009
1.634
2.141
1.206
2.224
0.9508
4.414
3.963
2.903
4.0
3.908
2.754
1.155
1.997
1.288
1.942
3.507
3.631
3.692
3.644
3.53
3.458
2.699
1.707
2.316
1.471
4.497
4.271
4.857
4.403
4.229
0.5056
1.088
2.607
1.401
2.376
1.819
1.693
1.867
1.637
2.711
0.9364
2.356
2.068
4.206
5.019
5.504
4.808
4.944
1.09
1.174
2.264
2.514
5.245
5.674
4.819
4.875
5.062
1.499
2.237
2.108
1.642
4.984
4.696
4.349
4.748
4.35
1.304
1.401
1.22
4.698
4.666
4.652
4.562
4.57
2.712
1.385
3.107
1.361
3.458e-07
4.08
2.887
2.325
3.368
2.429
2.325
3.092
1.722
3.192
1.122
5.399
5.96
5.996
6.204
5.916
0.8404
0.8291
1.635
0.3891
1.957
1.252
0.8914
1.436
1.173
2.463
0.5339
0.4645
1.308
1.486
1.14
2.961
1.321
1.298
2.107
0.9706
1.704
0.9712
3.067
2.859
2.401
2.924
2.738
2.627
3.043
2.451
1.435
3.102
2.776
3.648
2.627
2.869
1.406
2.673
0.6489
5.502
5.639
5.604
5.704
5.713
2.134
1.219
2.037
1.164
3.472
2.605
3.353
3.037
2.906
2.981
1.761
2.063
2.657
0.835
1.808
2.689
0.9799
1.856
2.965
1.693
2.069
0.2907
2.532
1.404
4.095
4.324
4.765
4.584
4.359
2.677
1.228
2.985
1.47
3.865
3.343
4.488
3.379
3.349
3.109
1.259
3.192
0.7034
6.204
6.376
6.549
6.472
6.5
2.598
1.441
1.994
2.36
0.573
3.589
2.999
3.677
3.07
3.297
2.931
0.7622
1.376
2.269
3.822
3.811
3.809
3.457
3.595
1.729
0.1831
1.182
2.679
3.024
0.6041
3.195
2.984
3.574
3.309
4.244
3.355
3.345
1.528
1.205
1.521
0.5566
1.581
0.6505
1.49
1.16
0.1866
1.888
0.954
1.045
1.604
3.579
4.353
3.91
3.897
3.803
2.45
0.853
0.9123
1.445
5.864
5.835
5.569
5.689
5.734
2.473
0.7487
1.325
0.704
2.146
1.972
3.046
1.865
1.816
3.517
4.785
1.118
6.32
5.352
4.947
5.111
5.26
1.705
1.528
3.008
0.594
4.259
4.399
4.442
4.269
4.334
3.049
1.091
2.868
0.4602
3.485
2.191
3.597
2.277
2.13
2.558
1.264
2.473
1.61
3.857
5.154
4.245
4.621
4.603
2.548
2.373
2.552
1.145
5.721
5.896
5.439
5.608
5.858
3.358
0.6641
1.464
0.4572
6.328
6.044
6.263
5.951
6.044
2.633
1.064
3.732
1.587
3.976
3.563
3.848
3.732
3.179
0.5535
1.41
0.5971
2.655e-07
3.706
3.878
3.853
3.876
3.822
3.853
2.35
1.099
2.017
0.9248
5.203
4.933
4.848
4.701
4.809
1.401
3.767
3.66
3.771
3.782
3.555
1.528
2.786
1.428
4.834
5.09
5.061
5.135
5.1
1.929
0.4471
1.951
0.806
3.895
4.089
4.55
4.06
4.049
1.378
3.415
1.933
3.624
1.976
1.412
0.7511
2.876
1.794
0.8703
4.323
4.213
4.083
4.031
4.066
1.791
1.663
2.55
0.836
2.673
1.109
1.859
1.784
0.9622
2.354
2.141
2.403
0.7513
3.972
4.013
3.94
4.685
4.022
3.225
3.903
3.903
3.225
0.6489
4.017
1.216
2.421
0.4586
5.683
5.792
5.253
5.664
5.791
1.509
2.45
1.361
2.233
2.305
2.492
1.889
2.556
1.528
1.994
2.556
1.499
0.9874
1.826
0.3832
2.774
2.204
2.477
2.184
2.11
1.362
1.451
2.796
0.4729
5.29
5.842
5.791
5.701
5.822
1.241
1.345
1.358
4.049
4.069
4.121
4.008
3.929
2.692
1.113
2.055
2.982
1.203
3.428
3.119
2.02
1.803
3.002
1.016
1.952
1.091
5.823
5.965
5.948
5.873
5.944
2.096
1.187
2.42
1.033
3.975
3.669
2.697
3.7
3.59
3.089
3.012
0.3085
2.261
1.022
2.984
2.696
4.605
4.495
2.757
2.763
0.4717
2.023
0.471
3.09
2.335
3.365
2.386
2.331
0.8406
1.423
2.4
2.382
3.883
4.087
3.805
3.774
3.715
2.752
0.5408
3.078
3.292
3.479
3.575
3.02
1.719
1.677
1.687
0.8772
0.3991
1.507
3.494
4.066
3.198
3.526
3.501
1.992
1.176
2.462e-07
2.536
0.9726
5.047
4.822
5.231
4.878
4.823
4.823
2.186
0.9388
1.941
0.9162
2.782
2.908
2.54
3.075
2.889
3.797
0.4926
2.9
0.4998
2.244
4.587
4.092
4.255
2.247
4.05
4.076
1.024
1.217
1.994
1.019
5.005
5.007
5.149
5.135
5.058
1.398
2.776
1.221
1.239
4.715
4.8
4.697
4.8
4.713
2.774
1.262
1.268
1.617
5.331
5.298
5.024
5.18
5.215
1.39
1.5
1.675
1.468
1.298
2.025
1.705
1.511
1.256
2.117
1.052
2.978
1.23
5.457
5.515
5.335
5.8
5.59
3.289
0.7013
1.261
1.361
2.601
2.66
3.958
2.307
2.247
1.827
0.9107
2.221e-07
1.327
1.023
2.538e-07
3.597
3.612
3.561
3.752
3.649
3.561
3.561
2.076
1.159
2.449
1.04
4.245
3.862
2.904
3.974
3.84
0.564
1.921
0.9686
1.74
2.817
1.541
2.633
2.619
3.992
1.07
3.563
3.791
4.141
4.126
4.091
4.837
4.743
1.877
1.194
5.136
5.12
5.582
5.523
5.361
1.522
0.6862
1.13
1.22
4.111
4.074
4.343
3.994
4.016
0.8192
1.65
1.395
4.755
4.39
3.85
4.152
4.272
2.115
1.19
2.352
0.4541
3.396
3.1
1.891
3.274
3.104
2.301
1.041
2.954
0.4392
3.999
2.832
2.737
2.827
2.784
4.214
1.097
3.991
0.6648
4.842
4.502
3.187
4.648
4.57
1.837
1.529
2.121
1.073
4.911
5.281
5.256
5.285
5.278
2.782
0.4732
3.83
1.003
5.244
5.303
5.406
5.319
5.333
1.509
3.272
1.361
4.047
2.305
2.411
1.636
0.422
3.482
0.4106
4.666
4.742
4.887
4.697
4.731
2.199
1.942
0.5013
3.153
0.465
0.3833
2.57
3.167
3.225
3.529
3.414
3.248
3.206
1.968
0.4801
2.372
0.915
5.425
5.512
5.781
5.485
5.52
1.675
0.414
1.69
1.236
2.926
3.1
3.643
3.282
3.325
2.423
0.4607
2.362
1.158
3.863
3.797
4.634
3.775
3.756
2.165
0.5027
4.196
1.486
5.813
6.15
6.134
6.146
6.208
3.012
1.137
3.274
5.6
4.519
5.827
5.625
5.581
1.751
1.331
2.558
0.4756
5.64
5.439
5.491
5.596
5.526
0.5512
0.8175
2.079
1.448
2.822
3.456
3.348
3.183
3.229
2.033
1.2
1.033
2.824
2.428
2.51
2.552
2.271
1.935
3.061
2.252e-07
1.112
0.5181
4.982
4.951
4.835
4.649
4.936
4.936
2.016
0.5834
1.998
2.18
0.7252
2.928
2.446
1.958
2.579
1.984
1.862
2.059
1.178
1.466
1.17
3.392
3.075
3.49
3.065
2.91
1.509
0.5517
1.797
1.508
5.01
5.111
5.021
4.966
4.982
1.527
1.219
2.325
1.067
2.041
2.315
2.514
2.447
2.134
1.494
0.7519
2.442
0.9831
5.913
6.137
5.911
5.909
6.078
1.463
1.538
1.296
1.387
2.863
2.803
2.911
2.949
2.575
2.447
1.48
2.523
1.868
4.928
5.436
5.523
5.54
5.559
2.447
1.033
3.314
2.826
7.09
6.734
6.181
6.688
6.745
1.48
2.801
2.227
1.131
2.917
2.092
2.508
3.505
1.972
2.214
1.031
4.039
0.4169
7.299
5.688
5.534
5.675
5.703
1.444
1.506
2.475
1.052
6.279
5.798
5.743
5.878
5.867
1.902
0.776
2.494
3.205
3.045
2.267
2.931
2.882
2.709
1.175
2.687
0.8211
4.491
4.464
4.623
4.635
4.6
1.678
0.839
2.376
0.9611
5.851
6.025
6.352
6.09
6.102
1.337
1.668
1.875
1.953
5.41
5.394
5.236
5.286
5.164
2.551
0.9377
1.563
0.7111
5.968
5.894
5.925
6.051
6.013
2.737
1.049
2.932
0.5107
3.14
1.598
3.298
1.752
1.501
3.411
1.846
2.08
1.961
5.478
6.006
5.672
6.289
6.15
2.191
1.476
1.854
4.601
3.23
4.194
3.52
3.644
3.577
1.011
1.213
0.9009
0.4404
5.989
5.845
5.904
5.804
5.891
2.218
1.326
3.913
0.7066
5.843
6.288
6.32
6.171
6.329
2.65
1.491
3.476
1.835
3.894
3.56
3.743
3.087
2.95
2.619
1.064
2.321
0.6379
4.655
4.084
4.237
4.158
4.102
1.762
0.4916
2.267
1.791
4.441
4.458
4.136
4.593
4.632
1.299
1.395
2.582
1.548
5.365
5.268
5.555
5.488
5.535
2.584
0.6339
3.174
1.813
3.496
1.796
1.52
2.636
0.5337
1.04
1.432
1.562
1.619
2.848
1.32
1.297
2.167
1.138
1.091
1.39
2.646
2.745
1.279
2.588
2.387
2.11
0.7239
1.189
0.8192
3.72
3.727
2.933
3.758
3.702
1.593
1.149
1.098
0.4557
5.618
5.549
5.625
5.39
5.608
2.546
1.068
2.489
0.4873
2.899
1.792
3.242
2.035
1.744
1.23
1.33
1.137
1.312
3.952
3.93
3.698
3.731
3.687
1.333
0.6564
1.46
0.6734
3.631
3.447
3.661
3.421
3.425
3.366
1.248
3.45
2.257
3.45
1.248
2.738
0.7119
2.179
0.4479
3.679
4.001
3.365
4.169
4.066
1.218
0.7321
1.773
1.089
1.513
1.544
1.082
2.494
0.4643
2.406
0.9418
2.964
1.929
2.943
1.725
1.678
2.958
0.5507
5.854
5.966
5.908
6.017
5.995
3.464
2.368
0.4614
6.036
5.825
5.47
5.791
5.827
1.601
0.7309
1.494
2.837
2.98
3.212
2.69
2.641
2.983
1.707
2.676
0.4758
2.426
3.515
2.258
3.943
3.548
1.832
2.504
0.9762
0.8481
5.187
5.163
5.122
5.273
5.195
1.34
0.6764
1.789
0.5425
3.079
3.063
3.217
2.926
2.974
0.9672
0.9393
2.326
5.491
6.004
6.084
6.041
6.086
1.395
1.348
2.387
0.5859
3.26
2.089
1.486
2.1
1.911
5.1
2.024
3.514
0.4825
4.218
2.582
5.479
2.77
2.543
2.548
1.316
2.922
0.5143
3.313
2.9
2.778
3.132
2.883
3.62
0.6624
1.245
1.364
1.927
0.2204
3.839
1.461
1.387
1.742
0.9707
3.054
1.076
4.215
3.004
2.767
3.037
2.898
1.545
0.4298
1.393
0.542
5.912
5.907
5.762
5.999
5.986
3.04
2.38
1.012
0.9895
2.347
2.156
3.765
3.586
2.25
2.084
1.182
1.439
0.4993
4.733
4.507
4.753
4.608
4.518
2.972
1.192
3.044
1.271
4.977
5.533
5.547
5.697
5.595
1.509
4.06
1.566
3.516
2.816
2.813
2.958
2.66
3.788
0.4312
1.474
3.059
4.643
4.128
2.899
4.589
4.565
1.945
1.149
1.839
0.4951
4.226
3.672
4.005
3.688
3.653
2.159
0.6245
3.682
3.738
3.739
3.979
4.032
3.935
3.91
3.142
1.321
2.811
0.484
5.92
5.696
5.255
5.737
5.749
2.189
1.206
2.806
2.618
5.081
4.894
5.071
5.248
5.254
3.155
1.351
1.485
1.077
3.961
3.684
3.325
3.596
3.446
2.065
0.7881
0.8752
0.8674
4.239
4.169
3.517
4.019
4.094
1.851
1.114
2.435
1.684
4.102
5.446
5.498
5.266
5.263
1.931
1.058
2.985
0.4728
3.276
1.213
2.156
1.494
1.092
2.802
1.768
1.348
1.34
4.034
3.951
4.198
3.924
4.443
0.6731
3.356
2.663
6.9
5.896
5.553
6.22
6.283
2.21
1.097
0.7267
0.7166
3.398
3.413
3.796
3.299
3.321
2.092
2.211
2.576
0.9955
4.158
5.105
5.17
4.895
5.048
1.252
2.42
2.246
1.21
1.672
3.223
3.391
3.662
3.13
1.37
0.9574
2.287
0.3859
1.812
2.828
3.208
2.895
2.845
2.95
0.6139
1.65
0.709
4.017
3.695
4.198
3.757
3.73
2.44
1.38
2.824
1.583
3.036
3.742
3.851
3.242
3.155
0.1863
1.884
1.912
0.8524
1.936
0.8882
1.891
0.1863
2.121
1.048
2.263
0.9661
3.96
3.21
4.164
3.15
3.056
0.7305
1.463
1.372
4.616
4.579
4.046
4.407
4.457
0.9866
1.01
1.527
0.8653
2.685
2.389
2.409
2.425
2.254
2.984
2.908
3.05
1.265
3.57
2.696
4.402
3.199
2.401
1.367
1.141
1.315
2.562
2.569
3.61
2.399
2.709
2.545
3.64
0.5273
2.064
0.5089
3.617
3.005
3.881
3.042
3.007
3.861
3.883
2.636
3.463
4.66
4.083
4.475
4.574
4.297
2.574
0.5837
3.236
1.172
5.344
3.824
3.816
3.642
3.677
3.041
1.278
2.745
0.9678
4.725
4.603
5.614
4.756
4.616
2.371
2.192
2.319e-07
2.539
1.17
4.275
4.715
4.878
4.83
4.515
4.515
3.118
0.6171
1.127
1.126
2.644
2.634
3.661
2.387
2.385
2.835
1.88
1.76
1.434
4.979
5.031
5.257
5.075
5.167
1.83
1.407
2.826
1.168
3.15
2.618
2.888
2.802
2.417
3.046
1.671
2.52
1.015
4.228
4.18
4.742
4.151
4.219
2.871
1.256
2.454
3.119
5.83
5.31
6.524
5.814
5.716
2.037
1.164
2.914
1.337
5.302
5.064
5.43
5.254
4.992
1.398
1.608
2.466
2.091
2.371
1.975
1.965
2.374
1.196
3.118
5.928
5.761
5.701
5.843
5.833
3.377
1.553
1.605
1.524
1.524
1.553
2.375
0.9659
2.674
1.187
4.176
2.98
2.975
2.892
2.887
2.314
0.6397
1.904
1.083
2.203
2.809
3.192
2.461
2.489
3.662
2.516
1.933
4.29
1.134
4.573
3.733
1.3
1.293
2.359
2.39
2.947
2.34
2.843
2.741
2.625
1.54
2.363
0.1501
1.315
5.38
5.195
5.423
5.309
5.407
2.536
1.841
2.126
0.4645
3.768
3.242
2.564
3.947
3.3
1.497
0.9769
2.702
0.5122
4.943
4.097
4.313
4.242
4.155
3.26
3.381
2.492
1.046
6.523
5.929
6.063
6.169
5.99
3.323
0.6276
3.715
3.886
5.265
4.355
4.363
4.886
4.881
1.122
1.581
2.28
1.177
3.077
2.882
3.173
3.25
2.951
0.3548
0.7375
0.3799
3.023
1.939
4.514
4.35
4.518
4.467
4.455
4.507
0.1925
1.226
1.778
1.87
3.551
3.23
3.09
3.214
3.112
2.14
4.41
0.4233
1.609
0.944
4.5
4.367
4.395
4.914
4.372
4.399
2.928
1.051
2.937
2.256
0.6755
4.058
3.594
4.223
3.59
4.457
3.486
0.5538
1.791
0.1464
2.082
2.906
3.508
3.887
4.302
3.503
3.555
3.515
2.625
1.238
3.363
0.7064
3.818
3.953
4.864
4.146
3.983
0.9498
0.7501
0.3143
1.308
1.07
4.979
5.037
5.048
5.026
4.976
5.015
0.6819
3.763
2.984
1.906
2.473
2.976
3.428
2.42
4.002
3.653
2.398
0.4149
0.9666
0.6086
1.894
3.451
4.018
3.414
3.493
3.455
2.722
0.7276
0.1585
1.089
2.864
4.312
4.225
4.605
4.166
4.468
4.365
1.201
2.791
0.9987
3.311
6.774
5.023
6.426
6.804
6.453
2.028
1.622
2.467
0.6581
4.933
4.721
4.634
4.783
4.739
1.41
0.6157
1.377
0.9331
1.843
5.313
4.919
4.352
4.749
4.794
4.858
0.1286
1.325
1.483
0.8288
2.085
1.923
1.652
2.18
1.646
0.2137
2.197
1.379
0.377
3.259
3.037
2.948
3.285
2.986
4.012
4.072
0.3557
0.844
4.301
4.322
2.764
2.563
4.317
0.3887
2.524
1.067
1.483
0.9576
1.513
4.044
4.164
4.223
4.125
4.648
4.205
4.152
2.052
1.63
1.219
1.795
1.803
2.188
2.469
2.118
1.368
1.161
0.7681
0.9368
0.4572
3.746
3.654
3.635
3.577
3.567
1.536
2.97
3.176
1.756
0.7683
5.171
5.125
5.093
5.518
5.257
5.096
1.075
3.846
1.42
1.629
4.912
5.13
4.692
3.908
4.849
1.672
3.497
0.2598
1.728
6.118
5.235
5.984
6.231
6.055
1.591
4.998
1.599
0.4225
3.335
2.869
3.324
4.357
2.857
1.781
0.7795
1.124
2.622
2.539
3.249
5.335
5.029
4.783
5.63
5.009
4.996
4.929
0.6731
1.187
0.3155
0.4097
3.97
3.979
3.946
4.17
3.966
1.77
2.835
0.1849
1.39
4.011
4.005
4.457
4.743
3.993
1.014
2.649
2.917
1.66
1.09
4.66
4.657
4.691
4.67
4.041
4.703
3.302
2.905
2.086
1.177
3.984
3.588
3.08
2.343
3.613
0.3704
1.471
1.057
0.421
3.77
3.703
3.73
3.76
3.715
2.059
2.28
1.88
1.934
3.918
3.907
3.452
3.896
3.451
0.4899
3.489
0.2437
4.552
4.836
4.106
4.788
4.847
4.851
1.41
0.4727
2.475
2.147
2.064
3.683
3.681
3.547
3.144
3.258
3.229
0.3866
0.8382
0.3532
3.889
2.423
4.755
2.414
2.545
2.449
0.1289
2.318
2.327
2.366
4.236
4.407
4.077
4.118
4.086
1.884
2.93
0.6118
0.5074
2.084
2.719
2.984
3.524
3.236
2.97
2.853
0.3983
0.7915
1.268
0.9845
4.451
4.475
4.446
4.453
4.472
2.021
4.415
0.3757
1.13
3.715
3.897
3.905
5.033
3.717
0.19
1.225
2.367
1.35
4.301
4.166
3.967
3.943
3.962
0.577
1.375
0.4516
2.372
3.788
4.097
3.888
4.067
3.832
1.611
0.845
0.4626
0.1234
0.9137
3.978
4.146
3.996
3.945
3.992
3.997
0.786
1.816
1.66
1.268
0.612
2.993
2.749
2.722
3.051
3.128
2.639
0.4648
1.642
0.1272
0.8784
2.755
2.815
2.769
3.139
2.759
1.022
1.877
1.256
0.7676
3.765
3.69
3.622
3.671
3.651
2.03
1.862
0.547
1.05
2.391
5.137
5.155
4.976
4.99
5.234
5.132
0.7742
4.628
0.1336
0.8809
1.43
4.711
4.741
4.726
4.725
4.106
4.727
2.222
0.6774
0.4164
0.4425
4.539
4.541
4.549
4.382
4.515
1.423
2.899
0.1261
2.21
4.238
4.009
4.016
5.075
4.255
0.4295
0.3755
1.959
1.935
2.346
5.066
5.276
5.207
5.16
5.225
5.138
3.041
1.284
2.283
1.681
0.2171
4.293
4.018
3.611
4.003
3.64
3.64
1.289
0.739
0.9047
2.523
2.33
4.442
4.295
4.525
4.937
4.42
4.409
0.4531
2.401
1.454
2.406
3.776
4.369
3.711
3.414
3.677
0.3876
0.9021
0.1355
4.501
0.7681
2.952
4.543
2.963
2.927
2.978
2.948
0.4029
0.4462
1.598
2.183
3.41
4.597
4.172
4.694
4.332
4.357
4.371
0.8118
1.394
2.28
0.4582
2.801
2.832
2.958
3.154
2.843
0.3111
0.9129
2.208
0.5915
4.517
4.061
4.032
4.075
4.047
0.1361
1.844
1.122
1.427
5.037
5.226
5.031
5.372
5.047
1.154
0.5325
1.216
1.89
1.566
5.048
4.648
5.066
5.045
4.891
4.865
0.4266
0.7918
0.258
0.9167
2.599
2.558
2.588
2.755
2.603
1.377
0.85
1.878
1.937
0.3976
4.111
3.946
4.038
4.099
4.109
3.969
0.8614
0.612
0.7166
1.514
1.676
2.74
2.846
2.326
2.751
2.846
2.74
1.403
0.904
0.6823
3.182
3.218
3.256
3.256
1.409
1.145
0.1838
1.671
3.508
3.752
3.679
3.732
3.543
0.9812
2.214
1.965
1.737
3.629
3.451
3.548
3.699
3.497
2.468
0.4642
0.1187
0.7712
1.481
4.625
4.779
4.709
5.108
4.53
4.608
0.2889
0.7091
0.3337
3.119
3.108
3.155
3.221
3.119
2.779
3.016
2.485
1.869
3.903
3.809
4.411
2.456
3.745
2.113
2.384
0.1366
0.8857
3.171
3.377
3.348
2.901
3.148
0.4134
1.242
2.717
2.5
4.282
4.514
3.941
4.177
3.99
1.47
0.4222
0.6808
1.067
4.742
4.755
4.934
4.779
4.804
0.4313
2.453
1.829
0.8996
4.717
4.591
4.448
4.718
4.509
0.807
0.4223
0.6642
1.952
2.285
3.502
3.787
2.897
2.869
2.856
2.868
0.7138
0.8734
1.473
1.605
3.809
3.964
4.037
4.045
4.015
1.38
3.508
1.294
0.8748
2.161
4.186
4.122
4.645
4.088
3.902
4.087
1.533
1.411
0.6046
1.118
4.744
4.84
4.699
5.027
4.787
0.7739
3.053
1.873
0.8511
3.972
5.08
5.03
5.087
5.012
1.659
2.651
0.7121
2.585
2.435
3.508
3.045
3.185
2.437
0.4571
2.275
1.456
3.243
5.37
5.026
5.216
5.312
5.298
2.3
1.325
1.155
0.51
3.655
3.49
3.021
3.825
3.498
2.261
2.69
0.7542
0.7788
4.74
4.582
4.817
5.201
4.56
1.715
0.4091
0.469
2.558
1.337
3.44
4.035
3.699
3.441
3.419
3.427
2.569
0.9256
1.154
2.636
4.364
4.406
3.96
4.507
4.361
0.6584
1.264
2.539
0.5011
2.934
4.413
3.983
4.337
4.028
4.304
3.984
0.4524
1.297
2.452
1.958
3.598
3.437
3.007
3.338
2.94
1.769
0.3573
0.835
0.7509
3.635
3.719
3.718
3.619
3.638
1.67
2.22
2.766
1.751
0.3993
3.838
3.282
3.361
3.717
3.89
3.228
0.1325
0.9073
1.571
2.048
4.207
3.945
3.643
3.616
3.681
1.719
0.8575
1.347
1.117
4.174
4.26
4.504
4.136
4.137
0.3731
2.899
0.7285
3.348
4.824
4.986
4.73
4.737
4.761
0.1417
0.4687
1.379
1.497
4.677
5.088
5.649
5.071
4.988
5.062
5.033
2.42
1.102
0.2995
2.067
3.142
3.929
3.149
3.084
3.103
0.4144
3.118
3.471
1.319
1.032
4.449
4.596
4.597
5.034
4.608
4.594
1.418
0.4908
0.14
0.9706
4.219
4.333
4.449
4.214
4.235
0.6454
4.111
1.221
1.652
0.6508
4.856
4.701
4.926
4.759
5.323
4.859
1.043
2.705
2.706
1.041
3.83
3.886
3.81
4.14
3.776
0.1461
1.728
0.6044
0.969
2.648
2.815
2.69
3.188
2.672
2.222
2.513
0.8953
0.9841
3.133
3.248
3.587
3.427
3.126
1.997
0.4717
0.9459
1.873
2.998
3.356
3.397
3.093
3.035
0.6231
0.767
0.343
1.57
4.383
4.463
4.399
4.374
4.362
1.628
0.5515
1.98
0.6959
3.129
2.105
2.398
2.127
2.045
0.4579
3.961
0.2801
0.6582
3.497
3.547
3.722
5.29
3.587
1.896
1.162
0.521
0.2401
1.489
4.358
4.564
4.705
4.444
4.325
4.337
0.1204
0.79
2.191
1.398
5.265
5.101
5.062
5.026
5.076
0.3912
2.304
2.098
2.039
1.058
4.918
4.999
4.846
4.987
4.775
4.969
0.4147
0.7721
2.022
1.202
1.555
2.98
3.327
3.229
3.139
3.199
3.096
1.333
3.329
0.3199
3.167
2.108
5.493
5.385
5.366
5.421
5.662
5.508
3.444
0.4828
1.296
0.8388
1.465
4.899
4.817
4.876
5.047
4.635
4.712
1.212
2.017
0.1274
0.8815
3.432
3.44
3.636
3.798
3.428
1.17
2.911
1.151
0.5755
5.481
5.58
5.791
6.02
5.574
1.992
1.362
1.85
0.504
4.328
4.125
3.779
4.274
4.144
0.4563
1.823
0.3778
1.094
2.167
2.404
2.0
2.727
2.095
1.824
0.5731
2.967
0.3425
2.69
5.513
5.391
5.369
5.381
5.264
5.502
0.1533
3.036
1.583
0.6183
3.975
4.134
4.164
2.966
4.144
1.271
3.922
1.571
1.588
1.454
4.356
4.346
4.005
6.234
4.137
4.036
1.505
0.853
0.1061
0.3326
3.63
3.645
3.594
3.719
3.652
0.9694
2.801
1.626
0.8314
3.059
2.496
2.566
3.545
2.322
0.8064
0.4216
2.158
2.634
5.757
5.476
6.409
6.353
6.409
2.236
1.888
2.388
0.9107
4.051
4.161
3.858
3.724
4.111
2.729
0.5775
0.64
2.204
2.124
4.044
4.338
5.183
4.506
4.375
4.514
0.1571
1.12
1.597
2.291
3.964
3.946
3.903
4.091
3.916
1.62
0.9764
0.3242
2.572
3.278e-07
3.582
3.667
3.634
4.282
3.79
3.634
1.646
0.889
2.244
1.928
4.499
3.773
3.597
3.71
3.797
0.2472
1.466
1.976
0.8787
2.059
0.8959
0.543
1.529
0.4751
2.711
2.543
0.5491
2.508
2.804
3.179
3.4
2.74
2.746
1.63
1.526
1.521
0.8394
1.158
1.379
1.692
4.417
4.863
4.239
4.465
4.388
4.369
0.4446
0.4592
2.656
0.5405
3.356
2.741
2.739
2.735
2.714
2.333
0.5519
2.949
0.2607
0.9469
4.432
4.509
4.465
4.345
4.758
4.409
1.832
2.037
1.38
1.147
3.501
3.547
4.175
3.935
3.476
1.487
0.4291
0.7542
0.85
2.582
4.049
3.854
3.073
4.208
3.944
3.972
2.794
1.305
0.3683
1.556
3.634
3.967
3.973
3.929
3.687
2.222
0.9457
2.303
1.795
0.2083
4.489
5.139
4.958
4.992
5.032
4.989
2.068
0.891
1.027
2.728
4.172
3.618
4.302
4.297
4.236
0.2595
1.426
0.6452
0.4293
0.8044
4.836
4.824
4.787
4.832
4.836
4.841
1.848
2.496
1.679
1.601
2.655
3.847
4.53
4.263
4.255
4.313
4.111
1.742
0.9903
1.399
2.848
1.221
4.865
4.475
4.653
5.198
4.698
4.68
0.2995
0.4045
1.702
1.034
0.3947
3.668
4.053
3.911
3.834
3.89
3.892
1.642
0.8351
1.926
3.225
3.437
3.935
3.439
3.17
3.015
2.289
0.5285
0.1205
0.3793
4.13
4.165
4.406
4.084
4.133
1.15
0.8613
1.871
0.4557
0.9125
6.726
6.499
6.497
6.287
6.413
6.536
0.6938
1.527
0.6375
1.067
3.59
3.6
3.665
3.962
3.604
2.145
0.3953
3.151e-07
0.8097
0.9567
1.419
1.557
2.484
1.295
1.247
1.247
1.325
5.108
1.441
0.5983
3.082
3.463
3.607
5.996
3.403
0.5586
0.4266
1.289
3.551
2.59
4.588
3.737
3.502
3.504
3.141
3.499
2.759
0.6352
0.6603
2.499
2.918
4.459
5.147
4.656
4.529
4.29
4.347
0.7629
1.445
1.445
2.931
2.93
3.626
2.815
4.128
3.423
3.583
3.468
1.169
1.08
0.195
2.262
4.436
4.651
4.385
4.33
4.423
1.796
1.737
0.3226
1.872
0.1354
3.994
4.37
3.976
4.018
4.212
3.975
0.2075
2.701
0.5026
0.95
4.156
4.192
4.162
3.589
4.187
1.688
4.068
2.188
2.723
3.046
4.446
3.935
5.024
3.46
0.2708
0.9244
2.309
2.384
4.556
4.403
4.353
4.393
4.374
0.4268
0.4591
1.278
1.679
4.641
4.552
4.644
4.608
4.6
2.057
1.043
1.778
1.828
2.035
1.823
2.026
2.089
1.058
1.834
0.3096
1.844
2.557
1.724
0.8228
3.119
2.777
3.012
3.66
2.668
0.2674
2.946
3.345
0.4904
4.247
3.732
3.852
4.526
3.798
1.739
1.922
2.071
0.7589
0.824
0.7317
3.985
4.043
4.044
4.166
4.046
4.138
4.065
0.9289
2.636
2.622
1.11
3.051
4.651
4.367
4.494
4.494
4.303
4.414
0.4507
0.4922
3.071e-07
1.424
2.041
4.204
4.157
4.057
4.064
4.096
4.096
0.09356
4.713
2.101
2.126
5.315
5.49
5.187
3.317
5.196
0.3688
1.217
1.933
0.5137
2.825
2.599
2.441
2.642
2.511
1.431
3.466
0.328
0.7771
0.1496
3.485
3.443
3.471
3.71
5.381
3.472
0.1337
1.193
1.402
0.9288
2.658
2.731
2.579
2.565
2.576
2.017
0.8977
1.314
0.6828
5.184
4.994
4.956
4.866
4.989
0.2175
0.8155
2.314
0.917
2.409
4.412
4.726
4.421
4.465
4.476
4.432
1.324
1.008
2.021
2.213
0.8772
4.793
4.944
5.107
4.907
5.089
4.957
1.418
1.362
0.1562
1.551
2.868
3.211
3.258
3.308
2.849
0.4746
1.934
0.7601
3.278
2.486
4.884
4.263
5.078
5.091
5.127
5.072
0.1627
0.5262
1.253
0.6347
4.0
3.766
3.694
3.702
3.726
2.118
0.4172
1.946
1.39
5.587
3.771
5.53
3.665
3.704
3.567
3.647
2.675
0.3288
0.8767
1.579
4.365
4.522
4.131
4.153
4.209
2.659
1.25
2.751
0.2414
1.951
3.143
3.52
3.785
3.294
4.147
3.177
1.46
1.263
1.059
0.3595
3.241
3.142
3.046
3.361
3.121
0.3553
0.8503
1.207
1.002
3.178
3.993
4.551
3.937
4.033
4.059
3.932
0.2937
0.735
1.291
3.162
3.371
4.149
3.053
3.063
3.069
1.843
0.4127
1.295
0.9588
1.602
3.706
3.698
3.541
4.039
3.582
3.603
0.2587
2.093
1.468
0.8394
3.651
3.585
3.491
4.057
3.476
0.2532
3.004
0.6859
3.065
1.606
5.257
3.479
3.61
3.766
3.713
3.665
1.402
0.3233
0.9992
3.888
3.45
4.607
3.387
3.644
3.584
1.4
1.255
0.6446
0.2822
1.184
4.396
4.467
4.792
4.392
4.417
4.414
0.3125
0.749
1.009
1.294
3.556
3.513
3.677
3.811
3.629
1.149
2.267
0.8511
0.3618
0.9291
4.78
4.69
4.774
4.645
4.754
4.805
0.122
2.361
1.122
0.5614
3.074
3.054
2.964
3.877
2.995
1.597
0.7141
0.2053
0.727
4.269
4.304
4.242
4.304
4.283
1.977
1.649
5.649e-07
0.0
4.281
6.071
5.959
6.673
6.083
6.071
6.071
0.1445
0.9331
1.741
2.213
4.006
3.899
4.13
4.069
4.17
0.1817
1.161
1.796
1.929
2.483
4.985
4.479
5.234
5.308
5.274
5.237
0.3875
3.31
0.5204
0.5441
2.506
3.414
3.41
3.208
3.466
4.246
3.432
2.078
0.6149
0.1597
1.189
2.601
2.639
2.733
3.408
3.356
2.689
2.589
0.5121
0.2373
0.8321
0.6317
4.945
4.726
4.885
4.761
4.786
2.035
0.9771
2.367
1.009
4.972
4.537
4.771
4.708
4.627
3.115
0.9657
0.1234
1.887
4.046
4.25
4.486
4.047
4.05
1.01
0.9854
0.7964
0.9137
4.6
4.635
4.506
4.525
4.506
2.228
0.5863
2.329
1.688
3.43
4.244
3.861
3.697
3.81
1.496
0.6469
1.236
0.9877
3.355
3.77
3.473
3.705
3.662
1.833
1.883
1.683
1.157
1.696
1.118
1.866
1.887
0.1665
1.642
2.359
0.6061
0.4981
4.044
4.122
4.262
4.887
4.074
1.463
0.4001
1.781
0.3933
4.315
4.592
5.254
4.608
4.609
0.7225
0.5854
2.264
0.9086
3.536
3.427
3.36
3.325
3.308
1.845
0.981
2.208
2.183
0.7752
4.096
3.968
4.321
3.992
3.504
3.929
1.732
1.11
2.499
1.535
4.013
2.359
2.715
2.609
2.346
2.063
0.4189
2.184
1.871
2.967
2.61
2.859
1.837
1.79
1.943
0.9777
0.09845
0.6474
4.41
4.435
4.619
4.302
4.397
1.231
0.7496
1.093
0.7996
0.9039
4.631
4.594
4.814
4.655
4.7
4.642
2.894
0.5938
2.317
1.019
3.392
2.722
3.716
2.477
2.484
1.064
1.04
2.059
0.4508
5.38
5.718
5.691
5.687
5.721
1.065
0.933
2.374
0.6768
5.47
5.149
5.152
5.141
5.227
1.959
1.329
1.286
0.8436
4.404
4.185
4.613
4.266
4.165
1.69
1.684
1.613
1.409
3.841
3.584
3.786
4.125
3.528
1.194
1.88
0.3115
1.117
1.202
3.584
3.525
3.596
4.111
3.636
3.631
0.876
2.403
1.297
1.437
3.904
3.968
3.658
3.939
3.667
2.087
0.7702
2.757
0.4743
2.719
3.57
3.141
4.436
4.242
3.246
3.152
1.743
0.5011
1.232
1.789
3.918
3.66
4.359
3.862
3.866
1.255
1.301
1.95
0.9755
4.658
4.516
4.517
4.782
4.736
1.152
1.31
1.05
0.4171
4.995
4.81
4.403
4.926
4.899
2.634
2.324
2.56
1.751
3.396
2.858
3.345
3.15
2.288
1.664
0.8937
1.087
0.4186
4.909
4.887
4.641
4.956
4.924
0.1324
0.4316
3.004
1.212
4.197
3.69
3.553
3.561
3.539
0.9285
1.88
1.365
1.388
2.167
2.929
2.599
2.705
2.516
4.058
1.318
0.7166
1.304
5.599
5.188
6.233
5.741
5.554
1.707
3.41
1.724
1.206
1.419
2.263
2.316
4.021
2.313
0.9815
2.082
1.376
1.078
4.612
4.808
4.521
5.068
4.674
2.19
3.492
3.374
1.461
3.59
2.755
2.483
4.037
2.657
2.234
2.158
2.556
1.133
4.188
3.36
3.502
3.574
3.12
1.178
1.014
1.833
2.174
5.511
4.057
4.844
4.629
4.627
1.745
1.052
0.851
0.3885
5.658
5.721
5.887
5.714
5.724
1.697
1.42
2.561
2.481
4.229
3.964
4.254
3.867
3.895
1.447
1.852
2.312
1.003
3.259
3.97
4.05
4.218
3.939
1.08
1.462
0.4789
3.708
4.089
4.023
4.041
3.765
0.8959
2.455
1.058
5.173
5.345
4.621
5.487
5.379
1.297
0.6113
1.445
1.713
4.756
4.418
4.514
4.366
4.434
1.674
2.616
1.342
0.6838
4.927
4.289
4.199
4.328
4.337
1.828
1.393
2.498
1.939
4.041
3.542
2.901
2.844
2.544
2.379
2.38
1.624
0.4056
2.866
2.622
3.018
2.92
2.612
2.249
2.579
1.83
0.4567
4.414
4.138
4.338
4.063
4.097
2.58
0.8888
2.398
1.425
3.974
2.644
3.075
2.511
2.484
0.7335
1.445
2.094
1.026
5.013
5.042
5.056
4.904
5.056
2.107
2.844
1.828
2.764
3.895
3.987
3.776
4.212
3.69
1.199
0.8908
1.569
1.514
2.559
3.005
2.925
2.776
2.663
0.7849
1.86
2.09
2.708
4.415
4.281
4.425
4.82
4.348
1.223
0.6322
1.051
0.6847
3.559
3.405
3.124
3.364
3.343
0.9908
2.345
1.445
1.208
3.019
3.575
3.486
4.45
3.502
1.442
2.753
0.1315
0.9992
4.485
4.329
4.399
4.824
4.479
1.611
0.9763
2.332
1.231
5.004
4.698
4.77
4.701
4.838
1.842
1.988
2.106
0.9431
4.199
4.198
4.556
4.274
4.241
3.078
1.342
1.465
1.594
4.174
3.666
4.093
3.928
3.819
1.76
1.201
1.849
0.3884
3.523
2.792
3.173
3.001
2.748
1.344
0.5386
0.9631
1.083
4.69
4.76
4.653
4.714
4.692
2.787
2.13
3.415
0.7491
4.411
3.402
5.067
3.459
3.503
0.7949
1.649
2.999
0.3663
4.507
4.728
4.737
4.938
4.727
1.015
2.672
1.561
0.7729
2.804
3.565
3.584
4.226
3.448
0.7241
1.552
1.65
1.084
3.941
3.949
3.853
3.706
3.801
1.78
2.151
0.8963
1.955
2.985
2.64
2.587
2.97
2.995
1.841
0.9248
0.6655
0.6837
3.959
3.913
4.544
4.047
3.894
1.601
1.302
1.264
1.632
4.025
3.993
3.973
4.066
3.856
1.254
1.058
1.79
2.391
3.279
4.349
3.197
3.351
3.19
1.768
1.025
1.012
1.047
3.855
3.738
4.08
3.456
3.519
2.007
1.125
1.227
4.008
4.003
4.994
4.031
1.713
0.7075
1.581
0.8752
2.632
2.05
0.807
1.811
1.9
2.241
1.796
1.51
0.928
3.52
3.507
4.26
3.745
3.48
1.403
0.7526
1.502
0.9828
5.283
4.92
5.059
5.032
5.004
1.432
0.4503
1.107
0.5881
4.661
4.604
4.862
4.547
4.58
2.898
0.9524
1.443
3.785
1.751
4.138
3.538
1.844
1.593
0.7936
1.333
1.158
3.251
3.272
3.284
3.318
3.284
1.015
2.026
0.7807
0.9132
4.32
4.324
4.678
4.286
4.401
1.244
1.958
0.6027
0.5799
5.571
5.624
5.744
5.912
5.6
1.901
0.5699
2.187
0.7754
3.762
3.836
4.002
3.91
3.877
2.29
2.725
1.418
0.8836
3.873
3.865
3.496
3.936
3.899
2.754
0.7313
2.558
0.7018
2.928
1.925
3.211
1.655
1.682
2.616
2.637
2.297
0.9847
4.507
4.424
4.183
4.539
4.456
0.6553
0.9185
1.985
1.33
3.177
3.36
3.1
3.145
2.997
1.122
0.9602
1.029
1.099
5.146
5.103
5.019
5.102
5.061
2.745
2.387
2.103
1.625
3.961
3.964
4.579
4.687
4.055
1.557
1.496
2.184
0.6317
2.514
3.392
3.521
3.347
3.286
1.38
1.385
1.471
1.283
3.501
3.183
3.328
3.42
3.017
2.036
0.7358
2.129
0.7491
4.184
3.344
3.961
3.32
3.3
2.696
1.981
1.971
1.007
3.391
3.372
3.568
4.048
3.332
3.083
3.515
0.3205
1.595
4.136
3.933
4.894
4.973
4.12
1.518
2.155
0.8891
0.6666
3.902
3.872
4.009
4.256
3.886
1.482
1.157
3.386
2.504
3.668
4.069
3.65
3.476
3.639
0.9269
2.129
3.139
0.9395
3.53
4.5
4.668
4.808
4.615
1.886
0.7427
0.3926
0.4219
4.366
4.374
4.53
4.484
4.404
0.8597
3.091
1.66
1.955
3.864
4.278
3.851
3.918
3.8
1.047
0.477
1.962
0.8202
4.215
4.312
4.277
4.297
4.295
1.192
0.8969
2.181
2.325
0.7769
4.169
4.93
4.7
5.141
4.706
4.732
2.563
0.8211
2.853
1.992
3.95
4.575
4.199
4.161
4.03
1.111
2.742
1.812
0.3862
2.677
3.094
3.048
3.196
3.094
2.651
2.665
0.9248
0.6721
4.099
4.023
3.434
3.334
4.014
1.681
0.6466
2.11
0.6821
5.842
5.781
5.752
5.647
5.718
1.732
1.216
2.47
0.7785
3.479
3.645
3.838
3.81
3.538
2.427
0.4893
0.1243
0.7494
3.072
3.222
4.117
3.098
3.09
0.7925
0.7673
0.9284
0.6367
4.213
4.242
4.273
4.277
4.257
1.147
0.5973
1.772
0.8884
3.443
3.842
3.701
3.734
3.739
2.547
0.4767
1.231
0.5941
3.845
3.59
3.651
3.595
3.589
2.545
0.5709
1.16
2.2
1.571
2.445
2.62
1.163
1.069
1.153
1.728
1.738
0.4114
3.277
2.798
2.988
3.015
2.802
2.443
1.999
2.574
0.5716
4.022
2.777
2.28
3.615
2.791
1.884
0.9253
1.26
0.8295
4.362
4.504
4.44
4.395
4.504
0.1126
0.5552
1.695
0.3771
4.454
3.88
3.913
3.949
3.901
2.066
0.8916
1.771
2.854
4.423
4.805
3.548
4.388
4.218
2.075
2.304
0.7415
0.8065
3.401
3.482
3.986
4.312
3.394
2.89
1.14
2.464
1.306
3.521
4.009
2.869
3.862
3.781
2.162
1.606
2.079
0.5736
4.94
4.192
3.603
4.294
4.203
2.176
2.486
0.186
2.166
1.162
2.392
2.383
2.601
1.148
1.389
0.9608
1.307
0.8162
3.693
4.165
4.177
4.138
4.053
2.285
0.8844
1.487
1.017
4.049
4.167
4.049
4.189
4.116
0.9484
1.21
1.238
1.101
4.465
4.605
4.315
4.294
4.376
0.9676
0.6089
1.132
0.8305
0.828
1.243
1.36
1.121
1.274
0.8789
1.409
0.7451
0.2866
3.341
3.349
3.527
3.3
3.355
3.246
1.907
2.489
1.512
2.107
3.627
2.793
4.089
3.611
2.133
0.8266
2.072
1.338
4.612
4.677
4.692
4.43
4.402
1.59
0.6405
2.36
1.423
5.741
5.776
5.692
5.774
5.666
2.67
0.5164
1.804
0.4289
4.182
4.439
4.7
4.427
4.441
0.875
0.9086
0.7859
1.241
4.559
4.775
4.867
4.697
4.658
3.439
0.6605
2.629
1.119
5.097
4.451
4.706
4.183
4.303
3.289
1.808
2.456
0.8778
3.609
3.022
3.301
3.171
2.799
1.419
1.201
1.414
0.6472
4.955
4.735
5.17
4.767
4.769
2.104
2.189
0.2293
1.343
4.672
4.978
4.54
4.625
4.642
1.814
1.178
1.506
1.337
3.053
2.685
3.02
3.074
2.741
2.38
1.106
2.348
0.9424
4.189
4.562
4.694
4.789
4.68
0.142
0.7907
2.658e-07
0.3416
2.685
2.74
2.675
2.851
2.685
1.83
1.431
1.249
0.7751
4.601
4.812
4.913
4.819
4.789
2.219
0.6854
3.757
2.126
5.027
3.175
2.902
3.473
3.447
1.573
1.187
0.2639
1.423
1.427
3.573
3.261
3.254
3.355
3.469
3.462
1.31
0.767
1.13
0.5149
3.117
2.99
2.901
3.125
2.976
1.526
2.117
1.882
1.424
4.17
4.19
4.517
4.221
4.21
0.2011
3.086
1.005
0.6877
4.26
4.212
4.18
4.361
4.208
2.343
2.249
1.181
0.5928
4.105
3.871
3.869
3.9
3.852
2.715
0.7752
1.665
0.577
3.348
3.037
2.347
3.092
2.931
1.157
0.6261
0.8595
0.3647
3.059
3.125
2.873
3.168
3.119
1.313
1.234
3.196
0.7873
3.511
3.694
3.785
3.822
3.703
2.874
2.935
1.881
1.185
4.624
5.081
5.001
4.899
4.998
2.064
1.408
2.291
1.226
3.264
4.456
4.196
4.403
4.146
1.378
0.5708
1.305
1.319
5.164
5.053
4.911
5.016
4.99
2.074
1.705
1.586
0.4404
4.495
4.483
4.367
4.543
4.482
1.295
0.8315
1.292
0.3751
4.057
3.933
3.881
3.947
3.923
3.406
0.6179
1.607
0.8826
3.743
4.197
4.115
3.932
4.029
0.1343
0.8594
0.9965
1.147
4.705
4.75
4.704
4.884
4.722
1.23
0.9275
0.4502
1.028
1.9
2.155
1.685
2.227
1.962
0.1385
0.9406
2.385
0.3915
2.471
1.713
1.595
1.726
1.628
2.08
1.971
0.8636
0.6714
4.956
5.186
5.19
5.041
5.081
0.8656
0.8297
0.1508
1.175
3.816
3.741
3.714
3.857
3.809
1.505
1.489
0.9781
2.467
2.19
3.534
2.645
2.592
2.221
3.731
1.036
1.763
1.535
3.846
3.665
4.741
3.79
3.726
1.907
1.704
1.991
0.906
4.219
3.706
3.806
3.91
3.545
0.8665
0.7768
1.625
0.7422
4.173
4.197
4.21
4.253
4.193
2.295
0.9907
1.839
1.538
3.986
3.821
4.355
3.832
3.708
2.829
0.9166
2.478
0.8991
5.107
4.989
4.658
5.052
4.985
2.178
0.9113
4.274
1.255
4.323
5.808
6.08
5.735
5.928
3.048
1.288
1.942
0.43
2.056
3.001
3.788
3.145
2.943
0.8268
0.8104
1.328
1.018
5.106
5.111
5.038
4.969
4.987
1.474
1.718
0.1315
0.8535
5.24
5.21
5.153
5.399
5.23
0.9232
0.4135
1.277
1.049
3.874
4.081
3.982
3.877
3.879
1.146
1.375
3.208
0.4145
4.819
4.818
5.037
4.97
4.866
1.667
1.816
1.623
1.031
2.584
2.496
2.953
3.251
2.59
0.881
0.866
1.745
0.9267
4.199
4.033
4.049
3.926
3.908
1.599
0.6375
2.129
1.417
4.079
3.956
4.523
3.922
3.932
0.1328
2.344
0.1532
0.7426
4.76
4.698
4.784
5.282
4.787
1.427
0.8163
2.961
3.649
4.769
5.601
4.307
4.634
4.586
2.31
1.829
0.6247
1.459
0.8629
4.286
4.29
4.462
4.596
4.444
4.362
2.557
0.3303
1.171
0.3974
3.033
2.677
2.843
2.716
2.685
1.098
1.631
1.907
0.6354
4.619
4.891
4.814
4.779
4.904
0.5902
0.9678
2.801
2.577
4.283
4.787
4.151
4.27
4.083
1.8
0.5887
1.133
1.061
4.754
4.66
5.576
4.708
4.644
1.07
0.3125
0.765
1.04
4.532
4.579
4.684
4.559
4.577
2.292
3.413
1.462
1.337
5.024
5.055
5.368
5.641
5.02
1.916
2.292
3.454
0.613
5.134
4.36
4.673
4.615
4.386
0.9979
0.3036
1.699
1.751
2.663
2.626
2.917
2.728
2.74
2.162
2.663
2.124
1.662
4.578
4.836
4.58
4.312
4.661
2.08
2.87
1.4
2.134
3.589
3.538
3.387
3.902
3.483
1.524
1.121
2.075
0.6993
3.922
4.326
3.945
4.457
4.39
3.114
1.8
0.1691
1.872
3.81
4.174
2.588
3.919
3.775
2.337
2.358
0.1055
1.129
5.037
5.134
5.769
5.492
5.044
0.1429
0.72
1.819
1.136
1.744
3.916
4.114
3.956
4.006
3.79
3.986
0.2373
1.506
2.796
0.5069
4.388
4.529
4.459
4.718
4.514
2.687
0.9834
1.469
1.848
4.807
4.304
4.491
4.962
4.826
1.415
1.578
3.548
1.862
4.153
3.576
3.342
3.306
3.249
1.718
2.603
2.771
0.4857
3.276
3.656
3.581
3.815
3.682
3.408
3.014
1.837
0.9596
4.878
4.733
5.421
4.923
4.758
1.425
1.857
2.505
1.172
3.752
4.206
4.35
3.987
3.958
1.555
0.8593
1.579
1.621
3.362
3.484
3.44
3.211
3.024
2.065
2.769
2.911
2.976
3.548
3.511
3.768
3.991
2.995
2.745
2.997
1.458
1.232
4.701
4.997
5.087
5.047
5.009
1.515
0.4264
1.375
0.5052
4.52
4.325
4.132
4.252
4.317
1.071
0.4868
0.9414
2.377
3.131
3.042
3.201
3.119
3.11
1.408
0.9349
0.1735
1.649
1.879
1.632
1.749
2.04
1.884
2.139
1.855
1.256
1.667
5.295
5.074
5.237
5.024
4.841
2.009
1.767
2.273
1.06
4.176
4.009
4.217
4.121
3.971
1.29
0.7568
0.1302
0.9271
0.2739
5.135
5.171
5.157
5.17
5.112
5.117
4.02
0.4891
2.302
0.8151
5.111
4.711
3.861
4.689
4.761
0.3166
1.08
2.074
0.9004
3.788
4.406
4.219
4.155
4.254
0.8122
0.5604
2.049
0.8088
4.005
4.2
4.17
4.117
4.151
0.7797
0.7595
1.344
1.034
3.057
3.225
3.032
3.129
3.045
2.342
2.437
1.27
0.1492
1.08
1.883
2.044
2.62
3.219
2.312
1.879
1.699
0.5431
2.189
0.9408
4.832
4.155
4.217
4.19
4.155
1.709
1.617
1.926
2.017
4.131
3.845
4.137
3.952
3.957
1.05
0.7944
1.411
1.904
2.291
2.498
2.895
2.988
2.881
0.1175
0.3895
0.8215
0.7474
4.729
4.765
4.732
4.711
4.727
0.7907
1.101
0.1293
0.8798
4.926
4.962
5.028
5.012
4.954
3.31
0.9847
3.132
2.851
4.784
4.402
4.305
5.071
5.089
2.208
1.702
0.7982
0.6557
5.003
5.08
5.509
5.253
4.986
2.162
1.531
1.033
0.9805
3.805
3.736
2.876
3.613
3.714
1.104
0.7501
2.887
2.741
5.259
5.184
5.261
5.304
5.167
2.303
1.007
0.1336
0.6133
4.68
4.631
3.82
4.773
4.684
2.422
1.294
0.1154
1.365
4.714
4.572
4.55
4.75
4.689
1.595
1.23
0.1054
0.3463
2.269
2.302
2.408
1.994
2.286
1.175
0.4389
1.371
1.384
4.217
4.188
3.919
4.13
4.07
5.0
6.332
4.353
5.397
5.763
6.024
5.89
5.437
5.149
5.938
5.856
6.303
3.952
4.154
6.289
5.466
5.253
5.568
3.871
5.51
5.716
5.238
3.662
5.422
6.588
5.76
5.32
5.157
5.614
6.157
5.809
5.375
5.364
5.761
6.07
5.409
5.962
5.383
5.088
5.688
6.046
5.337
4.782
6.194
5.742
5.109
6.245
6.613
6.49
5.277
5.767
6.598
5.864
4.836
5.63
6.134
5.506
5.861
4.959
5.595
5.642
5.152
5.568
5.893
6.706
4.528
5.645
5.936
4.969
5.918
4.404
5.904
6.578
4.897
5.9
5.585
5.607
4.344
6.088
5.126
5.898
5.029
5.939
5.903
5.669
6.767
5.249
5.01
6.282
4.822
6.123
5.998
4.784
5.182
5.066
5.597
5.049
5.967
5.489
5.921
6.251
5.813
6.08
4.941
5.218
6.996
5.739
6.208
5.816
4.052
6.414
4.981
5.464
5.685
3.552
5.305
4.291
5.378
5.169
4.991
4.598
4.655
7.115
6.095
5.454
6.314
5.998
6.577
5.471
6.325
5.721
6.651
5.382
4.829
6.481
5.264
4.417
5.604
5.524
6.074
6.974
5.012
4.803
5.204
5.007
5.51
4.491
6.406
4.73
5.604
5.965
5.738
6.634
6.584
6.21
5.113
6.387
5.217
6.142
5.072
5.568
5.553
5.74
6.068
4.832
5.587
5.944
6.184
6.207
5.515
5.155
3.698
5.618
5.367
5.303
7.306
5.606
5.713
4.616
4.787
4.961
6.125
5.544
5.037
5.964
4.894
5.532
6.14
5.257
4.986
5.316
5.464
7.7
4.866
4.769
6.143
6.762
5.284
5.329
6.15
5.897
5.368
4.879
6.781
6.192
5.747
5.637
4.208
4.418
5.616
6.159
5.691
5.004
5.967
6.933
6.092
5.631
5.902
5.854
6.379
5.436
5.693
6.703
4.659
5.103
6.755
6.162
4.48
6.152
5.732
5.251
5.162
6.174
5.37
5.538
5.845
5.768
6.677
6.335
6.354
5.704
