189.4
106.2
74.24
0.0
145.7
0.0
485.2
172.1
117.5
99.7
159.1
60.29
152.1
110.9
224.0
126.8
0.0
399.1
97.34
0.0
113.3
149.5
144.6
220.0
152.1
142.3
0.0
173.6
65.87
96.98
120.2
0.0
139.1
188.6
124.1
118.6
151.9
187.2
177.8
150.3
192.1
151.7
227.7
171.3
131.3
188.9
240.7
194.4
153.7
135.4
135.4
193.3
156.8
197.0
177.8
187.6
162.4
244.9
195.0
108.1
276.1
123.4
101.1
208.6
208.6
165.3
193.5
148.2
383.2
117.3
120.7
327.5
238.4
196.8
168.8
146.1
163.0
165.4
126.9
196.6
102.3
157.8
101.4
196.8
187.6
182.4
201.1
206.0
190.3
243.3
183.9
117.3
231.1
464.6
343.8
491.1
135.6
202.0
248.4
205.3
187.6
185.8
80.41
209.4
150.0
182.3
109.6
166.1
129.2
138.6
136.3
120.5
232.9
223.0
146.9
90.8
158.2
270.4
382.8
211.6
454.7
184.5
184.5
416.6
248.3
131.2
177.6
235.3
161.8
348.9
164.5
292.1
123.2
79.83
261.6
85.03
299.6
234.4
67.29
122.3
252.7
432.2
121.6
383.0
252.3
169.6
209.0
200.0
204.8
125.3
143.3
236.6
83.46
143.4
229.3
355.3
175.9
165.1
0.0
258.6
262.0
349.8
189.4
106.9
118.0
203.3
293.2
272.3
261.3
334.9
186.0
109.8
289.2
207.7
214.9
318.4
295.0
277.0
277.4
209.5
140.9
137.9
202.5
146.4
157.0
133.6
199.2
247.0
336.5
111.7
131.9
271.9
139.0
125.1
196.5
135.5
110.5
161.0
141.0
122.3
601.4
490.3
435.6
128.9
189.8
285.0
361.3
112.7
210.7
314.6
344.4
166.0
168.9
320.0
408.4
302.3
170.5
239.5
279.2
407.0
346.8
410.7
183.4
311.4
427.7
228.0
174.4
273.6
349.4
406.0
119.1
336.8
313.6
173.4
200.3
300.5
403.9
302.8
397.9
172.7
85.75
262.3
229.4
310.5
175.4
271.4
153.1
132.2
112.3
373.2
289.4
301.2
198.4
276.4
167.9
154.6
200.4
158.6
354.5
328.5
190.0
306.9
385.4
238.5
228.4
243.4
93.7
194.3
156.6
203.6
183.2
204.5
173.0
239.4
348.0
299.9
411.8
369.3
160.3
350.9
184.8
161.7
276.2
347.7
315.3
267.1
246.7
123.5
180.0
178.9
107.4
236.7
229.5
324.0
324.0
334.9
221.7
348.8
178.9
171.7
105.0
153.1
159.9
267.5
286.7
225.9
216.5
163.3
274.5
314.9
263.6
230.9
299.7
211.7
210.3
352.4
86.23
217.3
185.8
166.7
361.1
239.1
295.1
350.1
170.7
229.6
318.0
431.0
259.5
242.8
229.1
229.9
347.0
360.7
357.2
270.1
360.8
285.7
150.7
193.2
223.4
278.3
238.9
325.1
333.2
285.3
311.3
316.8
169.4
301.5
336.0
350.6
234.4
299.1
300.0
264.1
222.5
221.1
167.6
336.8
357.3
278.7
368.2
183.9
217.2
437.4
387.2
191.7
153.0
268.9
227.1
314.6
320.9
223.2
240.0
534.1
176.1
283.1
208.0
241.3
366.3
179.5
158.9
136.7
233.5
181.1
422.0
324.6
326.7
188.7
468.8
184.7
182.8
196.8
431.5
369.8
166.9
238.2
227.8
187.5
333.5
275.6
118.5
214.3
287.7
421.7
304.9
153.8
353.5
268.1
335.1
210.5
205.9
125.8
161.5
238.0
267.2
292.4
256.7
206.1
233.4
227.0
278.9
357.9
286.8
176.8
323.4
377.4
172.7
162.5
292.9
293.6
293.1
187.7
207.4
312.3
241.6
277.9
323.8
240.1
253.3
173.4
257.0
163.7
215.5
209.3
294.9
241.4
245.0
273.0
209.4
420.4
266.4
324.3
216.2
344.4
262.9
235.3
241.4
205.6
368.7
315.2
397.9
322.0
338.6
513.6
218.6
355.9
297.9
248.4
189.6
226.7
257.1
364.0
168.0
287.5
205.8
176.2
495.3
199.5
229.5
246.4
234.6
371.1
145.4
178.4
352.4
310.4
405.8
374.3
325.7
281.9
281.2
289.3
140.4
210.6
155.7
173.8
0.0
194.9
153.7
0.0
73.59
209.4
106.7
104.1
180.5
149.5
148.1
185.3
149.5
194.9
101.2
116.2
131.7
146.9
152.1
187.6
209.4
209.4
172.1
172.1
209.4
209.4
228.5
148.6
149.8
0.0
80.75
149.4
132.7
306.6
170.4
186.8
322.6
0.0
205.6
205.3
111.2
206.2
431.8
0.0
182.1
298.5
116.7
201.2
231.3
65.94
170.0
234.7
157.9
132.0
173.7
220.6
85.75
182.7
180.1
187.6
166.6
117.4
157.4
248.1
353.3
238.5
94.91
240.7
155.6
267.0
209.4
175.2
133.6
182.1
141.1
114.3
75.6
161.7
404.4
593.3
399.7
311.2
70.51
235.4
215.3
377.6
235.4
263.1
135.9
102.7
184.8
191.5
338.8
229.3
151.9
178.4
117.3
223.1
0.0
464.6
440.2
310.7
135.7
173.8
228.7
405.6
320.3
320.3
349.8
206.1
218.8
132.2
186.0
134.8
274.7
99.24
174.8
93.61
187.5
180.6
264.1
210.3
192.1
457.1
111.3
108.5
137.8
159.7
117.0
343.2
254.2
257.6
488.2
300.5
112.3
232.5
112.0
240.4
259.1
441.2
185.4
194.1
206.6
165.2
266.3
174.7
123.6
129.7
187.6
138.5
115.3
222.5
195.0
234.2
194.6
278.4
248.4
135.4
197.5
145.2
178.4
128.2
106.8
198.0
333.4
271.2
226.4
157.6
197.3
442.9
59.17
196.0
170.9
209.8
233.6
210.3
217.6
150.8
497.6
262.7
270.8
226.6
314.3
183.2
216.4
199.8
184.4
326.1
184.6
351.5
116.5
250.1
225.0
226.0
143.8
330.8
360.2
199.9
237.2
332.8
300.5
321.9
255.5
201.5
306.0
234.2
128.9
170.9
127.6
206.6
337.3
250.2
310.8
224.5
368.7
121.9
209.6
353.6
241.6
209.4
342.4
186.1
230.9
250.2
403.5
318.4
365.1
351.4
348.7
232.7
131.0
89.85
236.7
241.1
181.7
338.6
185.0
169.2
330.5
348.5
424.3
415.2
109.9
300.0
342.5
456.1
280.7
267.9
180.2
148.6
102.9
117.3
225.2
485.0
201.5
358.2
212.2
321.9
349.9
326.7
240.2
214.3
264.2
176.3
255.3
400.8
261.2
271.9
298.2
331.5
153.8
172.8
136.4
132.9
356.3
218.1
275.4
202.4
130.3
219.7
186.7
138.3
227.3
293.9
345.0
341.0
367.1
309.5
353.7
289.5
117.9
203.1
263.1
288.0
200.2
143.5
192.2
313.5
183.4
315.4
185.5
98.68
574.8
273.7
166.8
176.0
164.8
216.5
200.0
208.4
240.3
298.0
313.1
184.9
293.7
423.1
207.3
125.9
292.4
197.2
401.3
262.4
185.0
310.8
361.2
334.1
192.4
234.2
228.7
270.9
200.1
319.7
112.1
202.6
218.2
171.2
66.82
131.4
234.3
213.0
219.8
294.9
80.41
170.4
272.9
231.6
217.8
419.3
70.88
494.7
295.0
398.1
318.3
122.2
302.0
181.4
282.2
189.9
178.8
193.8
299.1
313.8
272.8
173.0
481.3
314.1
360.3
288.3
327.0
143.3
575.5
332.5
283.7
314.4
115.6
226.6
259.5
354.9
148.0
154.2
347.8
195.0
260.2
207.4
227.1
213.2
167.1
321.0
232.8
254.7
220.1
175.8
322.8
265.9
148.9
253.2
282.3
206.9
273.0
174.6
164.6
187.2
164.5
274.0
344.6
472.8
132.0
276.3
347.2
177.3
239.0
286.3
381.0
350.6
338.5
315.8
400.2
134.0
304.5
236.0
450.4
348.2
370.6
204.2
299.4
190.3
280.8
198.2
334.9
160.8
345.7
487.7
357.6
161.8
270.0
276.5
304.2
167.7
309.2
357.0
202.8
171.3
452.3
413.6
334.5
362.7
274.2
145.3
400.9
283.3
260.8
237.3
342.6
274.9
283.6
187.9
236.4
275.0
162.1
207.9
348.1
157.5
229.2
233.3
304.5
220.5
116.8
269.1
206.9
223.0
191.1
167.7
263.5
188.3
239.4
94.92
122.3
321.8
227.5
123.4
397.8
251.3
283.3
239.3
355.0
191.6
266.9
263.7
191.5
339.2
339.6
277.0
204.5
157.5
279.3
183.3
222.7
300.7
385.4
300.0
284.7
326.4
104.7
166.4
200.3
212.5
153.8
207.7
120.2
197.0
155.7
153.1
73.65
100.4
240.7
128.5
127.1
236.2
244.3
156.9
117.2
148.6
134.5
153.2
122.4
232.9
103.2
126.0
87.72
85.91
169.5
134.4
215.4
99.26
194.4
209.5
191.9
141.2
116.8
203.4
83.58
148.9
159.2
171.8
207.1
133.2
136.0
140.4
135.0
140.4
83.18
130.7
184.3
157.7
114.2
85.04
63.85
138.6
100.8
100.3
102.8
127.7
181.5
182.9
133.4
104.2
148.6
193.0
247.1
139.0
201.2
177.4
95.23
95.14
183.6
192.3
115.2
180.2
186.2
150.0
169.8
192.1
147.4
178.0
77.14
87.0
253.7
120.8
222.2
177.5
177.5
159.2
140.6
155.5
190.5
170.4
79.97
149.7
109.5
100.9
148.2
162.3
262.2
176.8
184.9
116.1
108.8
156.7
98.36
39.86
210.9
201.4
157.0
126.0
78.5
193.1
165.6
141.9
192.3
114.7
187.9
104.1
211.4
248.6
234.0
154.6
177.3
194.8
189.4
161.1
173.6
40.08
105.1
103.1
271.9
126.4
121.5
112.8
103.1
49.15
235.4
185.3
243.3
195.1
170.9
401.2
184.8
86.0
123.2
274.4
94.03
162.2
91.04
284.5
187.6
181.1
122.6
142.8
143.2
92.04
229.4
0.0
163.3
107.2
119.6
64.07
78.22
108.7
218.5
141.8
149.1
297.8
0.0
103.9
125.2
115.9
121.8
177.3
183.9
77.24
210.8
135.8
139.5
205.9
168.9
260.2
105.9
253.2
266.6
130.9
245.4
179.8
182.3
231.5
248.9
94.44
129.9
161.2
148.1
152.0
179.3
208.9
43.8
172.5
100.6
113.1
141.0
293.6
161.1
153.1
195.5
208.9
107.9
199.6
134.9
130.1
109.7
146.3
131.2
106.0
150.3
317.5
226.2
171.7
147.2
191.6
252.0
62.0
181.5
157.0
163.2
216.2
65.88
120.4
174.3
114.1
85.84
132.5
196.5
114.4
198.2
326.0
376.7
230.5
209.5
148.1
211.6
139.4
247.4
98.18
90.11
97.05
227.8
72.72
306.4
67.94
57.63
192.9
122.2
258.8
94.32
148.3
133.1
202.3
120.1
496.6
87.35
214.3
88.17
62.56
230.5
133.1
201.0
170.7
253.4
216.2
186.4
167.6
106.3
210.1
151.4
153.7
165.0
148.5
186.0
156.1
66.37
132.8
118.7
61.06
98.14
243.8
136.9
191.8
165.3
146.8
205.6
95.41
225.9
91.55
74.47
255.3
155.1
176.8
83.53
117.3
216.8
161.0
214.7
92.34
262.7
94.44
74.41
157.7
197.2
132.5
204.3
196.4
100.4
241.4
210.7
151.1
103.1
56.14
182.1
171.6
86.18
181.8
197.2
148.3
72.29
76.34
138.6
157.5
137.8
4.2e-06
224.7
178.0
159.4
148.5
251.0
128.9
61.47
123.2
99.56
137.1
225.2
205.8
169.9
129.7
188.3
145.3
130.1
344.4
84.86
272.4
76.34
133.2
120.1
159.5
91.69
123.9
179.3
57.57
116.8
203.8
154.5
140.0
72.17
77.66
146.2
185.5
72.58
60.9
244.8
111.8
152.3
64.72
125.3
119.5
135.9
220.0
202.0
176.8
276.4
85.53
143.7
225.1
89.79
125.5
153.9
150.2
134.2
68.42
138.5
135.3
84.7
80.03
149.5
152.4
94.63
95.84
190.8
128.8
77.82
81.67
164.6
80.47
99.41
66.04
156.4
105.2
157.9
99.2
125.4
204.2
261.3
110.0
177.2
40.27
103.8
138.9
32.3
187.9
309.9
83.52
227.8
129.6
135.0
132.1
83.5
54.68
324.0
155.8
254.6
91.29
144.6
102.3
109.6
93.92
48.98
144.9
115.8
120.1
120.5
305.5
791.8
112.2
181.5
218.7
106.9
58.06
48.65
102.6
264.5
89.11
238.5
163.5
140.6
79.44
79.98
203.9
146.5
126.9
176.6
129.5
75.96
228.4
69.8
163.3
142.2
63.18
179.3
158.7
75.45
114.8
236.7
293.5
108.0
134.6
120.5
173.3
167.1
221.0
164.6
204.2
228.2
174.5
120.0
127.9
192.6
59.65
82.74
127.3
106.0
165.6
148.2
164.9
121.0
128.9
333.3
150.1
71.9
124.7
220.2
54.04
165.6
154.1
128.0
167.1
166.2
57.76
151.8
128.9
78.15
189.7
326.6
212.1
112.3
119.2
176.9
150.9
168.5
180.1
251.3
110.7
0.0
98.69
100.0
68.6
68.55
180.3
77.47
101.5
159.4
136.5
175.9
159.9
233.1
107.9
0.0
201.3
63.87
221.2
116.5
105.3
171.2
97.49
157.6
84.0
356.0
142.0
101.1
96.4
226.4
204.9
146.4
78.02
244.8
65.57
92.21
195.1
145.1
129.0
99.81
72.87
172.3
179.7
115.4
130.6
212.9
234.3
85.16
128.1
156.5
169.4
107.1
201.0
134.3
0.0
281.4
144.9
195.0
289.5
6.61e-06
247.4
177.1
96.7
53.84
201.3
165.1
134.7
179.1
151.6
340.3
108.7
121.7
119.9
284.9
107.9
146.9
180.8
99.91
267.6
166.8
236.6
147.9
124.1
115.4
138.5
0.0
197.1
116.3
119.6
94.98
61.86
46.62
231.0
239.4
178.5
225.5
104.9
124.9
204.6
151.9
133.1
137.2
255.3
134.5
139.6
221.9
153.3
213.9
134.2
397.9
73.66
211.0
96.64
252.8
216.4
144.5
124.1
284.9
113.3
123.7
101.2
157.8
99.88
170.9
160.8
207.0
94.26
164.9
245.5
162.1
142.4
143.0
64.19
190.4
186.0
89.76
138.0
133.8
189.2
179.1
218.0
240.0
83.61
79.92
184.7
170.5
107.3
191.4
126.4
123.9
220.8
264.0
98.14
216.5
186.9
94.88
240.2
54.4
124.2
68.39
77.44
111.9
164.3
138.1
218.0
120.1
169.8
152.2
99.76
261.5
230.1
197.5
146.7
126.3
173.0
172.0
278.0
187.8
219.8
110.9
72.88
129.6
86.04
198.1
94.52
296.2
136.4
0.0
140.0
332.5
160.2
146.4
84.86
185.5
193.0
255.6
156.4
176.2
69.0
251.5
160.7
185.4
157.1
99.38
91.42
44.95
288.2
199.7
141.6
0.0
143.7
119.9
74.71
127.5
207.1
117.4
164.0
126.0
173.2
123.2
183.0
135.7
295.2
130.0
149.8
91.1
117.8
157.1
143.6
174.6
165.5
166.6
147.6
123.4
220.7
149.0
262.0
164.2
143.9
162.7
64.66
187.9
182.7
207.7
191.2
110.2
193.6
227.1
99.27
106.4
167.6
106.4
153.2
185.1
142.2
119.2
332.5
214.5
77.36
167.2
114.4
116.3
109.8
173.9
231.5
49.38
84.36
190.5
125.4
113.9
216.8
145.2
106.1
147.2
234.9
41.72
313.5
152.6
115.7
131.7
143.7
131.4
201.0
233.3
177.4
191.3
117.9
125.7
198.9
128.0
159.2
233.6
66.71
148.9
137.9
80.06
152.5
209.6
70.78
112.7
187.6
99.37
261.8
84.46
95.29
187.0
56.84
213.1
91.72
93.25
40.84
110.2
114.6
196.9
227.9
70.99
129.0
316.2
97.86
191.2
141.4
153.6
133.4
27.37
230.7
112.5
290.4
140.4
202.0
139.2
143.4
130.3
239.9
251.7
286.6
146.4
228.3
110.4
171.0
184.6
68.05
175.6
112.4
105.3
141.7
166.4
130.3
69.53
119.3
144.1
178.9
136.4
70.36
156.3
95.17
191.1
237.6
178.0
193.8
0.0
178.4
84.54
194.1
237.2
70.44
237.4
164.3
123.7
129.1
227.9
106.2
150.9
179.7
166.4
117.4
167.9
99.22
121.3
58.98
292.7
151.4
204.8
159.2
124.4
125.7
131.1
186.6
124.0
211.2
176.2
79.87
132.5
147.0
125.5
57.48
212.0
160.9
114.4
251.8
321.6
169.5
121.0
138.3
84.8
142.7
168.5
298.6
222.4
132.8
176.1
179.0
52.16
247.9
81.92
129.4
167.4
242.1
131.7
196.1
35.03
174.8
152.3
200.3
207.5
204.0
382.1
167.3
119.8
123.2
171.5
95.07
69.37
196.1
215.5
179.0
152.7
167.5
256.1
214.1
78.57
100.9
120.2
110.8
102.7
149.1
198.1
77.1
119.2
68.13
290.5
250.2
114.3
198.6
197.3
409.3
86.18
87.76
80.57
91.64
116.3
246.6
201.2
189.4
247.2
232.6
194.9
169.9
83.2
302.8
172.1
166.9
164.9
155.0
118.3
186.3
173.9
108.6
122.2
398.9
266.9
368.6
211.3
123.2
0.0
213.7
0.0
179.6
176.5
0.0
162.5
148.6
0.0
209.6
106.3
96.77
198.7
138.0
181.7
95.75
174.7
150.4
123.4
247.7
207.9
50.63
147.4
150.4
0.0
340.4
267.7
79.57
141.7
552.3
99.02
101.9
147.0
135.9
359.0
900.1
141.0
302.3
332.1
265.0
320.9
365.6
104.0
181.7
144.0
311.3
0.0
210.4
79.16
344.6
164.9
325.9
55.7
169.2
113.5
642.9
133.9
198.6
84.06
122.2
111.0
79.54
207.9
162.6
265.9
504.9
109.8
79.15
356.9
310.0
165.6
89.39
254.3
236.8
188.5
258.4
159.4
317.5
241.2
0.0
131.8
153.9
189.4
182.7
144.5
92.32
184.3
115.5
161.3
65.07
53.46
133.5
0.0
158.3
286.5
312.3
103.3
135.3
193.3
377.8
114.7
109.5
169.2
123.5
154.5
88.74
167.5
88.54
97.91
206.2
202.1
160.7
198.8
104.0
126.2
465.8
251.3
51.12
169.2
171.7
170.7
538.8
0.0
83.06
402.5
424.3
539.5
245.0
0.0
83.76
118.0
307.2
57.37
142.5
112.0
219.1
297.4
310.0
124.7
388.4
247.0
138.7
266.8
308.3
197.8
227.4
819.2
59.08
84.91
147.7
150.6
252.9
176.5
72.54
117.7
190.1
552.6
227.8
188.4
109.4
248.6
277.8
0.0
369.6
597.6
68.08
221.2
262.2
148.8
156.7
87.16
147.2
351.4
284.9
125.0
294.1
93.26
0.0
121.6
0.0
61.44
295.5
193.8
70.55
108.7
215.8
nan
114.8
129.4
0.0
261.2
827.2
301.0
427.5
446.9
74.01
153.8
328.1
94.62
204.5
209.1
71.27
230.8
132.7
0.0
124.3
208.8
137.7
269.3
166.3
172.2
431.5
311.3
116.3
221.4
257.3
221.2
258.8
339.6
552.6
356.1
183.4
66.38
267.7
158.7
292.7
143.0
105.7
0.0
156.6
245.0
59.18
207.3
649.6
74.01
216.7
90.98
147.9
219.8
197.5
130.9
226.9
254.3
146.4
140.4
374.6
90.67
198.8
153.0
34.26
150.8
102.7
223.3
267.7
142.7
51.94
230.4
683.3
510.6
199.6
0.0
205.9
171.1
571.7
70.32
195.4
234.7
203.9
210.7
90.67
0.0
253.8
122.2
82.85
165.6
131.6
552.6
286.5
105.3
0.0
294.7
165.1
0.0
0.0
90.98
324.9
155.0
180.6
135.4
221.2
134.6
87.64
236.9
109.5
137.0
437.9
333.3
87.05
68.3
85.73
83.76
215.1
331.0
111.0
166.4
165.2
44.29
458.0
659.6
284.4
223.3
0.0
116.3
108.8
571.7
55.58
128.5
389.8
164.0
182.0
136.0
127.7
146.8
659.6
163.6
182.5
74.76
207.9
118.9
140.9
402.5
121.7
510.6
297.9
194.4
344.6
140.3
194.1
96.58
352.1
152.3
0.0
128.5
130.9
73.85
105.3
408.8
0.0
155.6
136.4
127.6
383.1
103.5
0.0
279.9
172.1
521.8
110.4
216.8
344.6
149.3
223.2
147.4
133.6
222.1
83.3
165.5
105.7
54.45
99.03
202.0
85.99
281.3
167.3
91.59
302.7
149.6
233.5
165.0
139.7
51.52
338.3
213.5
0.0
118.0
252.6
119.8
321.6
217.7
148.8
76.37
93.37
0.0
250.0
251.1
200.4
144.6
426.4
231.2
128.5
105.7
72.0
261.2
192.2
0.0
911.2
165.1
148.8
102.9
200.6
204.6
130.8
185.4
151.2
222.8
134.5
87.64
412.6
66.64
60.48
186.4
100.6
0.0
91.85
200.4
53.37
163.8
209.1
0.0
152.5
116.6
83.76
480.3
423.6
179.9
225.8
143.6
319.5
197.3
113.1
425.8
191.0
84.69
132.5
22.69
69.68
29.76
88.38
57.7
85.86
96.75
122.2
109.6
48.64
27.32
39.81
113.0
49.02
102.5
113.3
26.67
67.16
113.8
51.26
44.42
1.307e-06
108.2
44.35
102.9
39.51
73.08
38.54
30.06
60.2
123.5
60.48
67.9
159.1
46.61
159.1
56.07
42.41
120.6
49.1
38.55
143.9
89.04
86.23
53.43
49.25
50.26
68.0
37.61
22.83
29.34
79.71
56.02
62.01
63.35
40.13
69.4
98.03
57.35
36.43
93.28
57.33
64.16
48.76
81.13
94.22
128.3
42.06
72.04
85.98
93.02
61.65
38.97
45.96
21.43
73.93
76.37
68.66
54.26
23.49
90.78
40.05
63.69
105.3
35.51
33.38
55.39
85.59
42.54
93.06
38.62
39.23
66.7
72.1
63.26
124.4
46.55
73.8
141.6
38.12
109.5
27.37
86.71
60.2
131.8
78.66
91.01
106.9
80.53
37.59
37.83
62.54
76.77
102.2
57.91
71.66
69.34
93.51
64.59
51.96
57.31
98.55
49.52
71.74
70.4
62.8
48.65
51.42
109.5
43.12
82.3
92.63
57.95
39.29
80.9
48.9
99.03
16.85
92.95
49.97
53.39
68.95
59.33
83.47
46.23
55.54
114.2
47.36
121.5
135.2
45.78
90.88
86.91
369.9
30.63
72.62
44.95
60.23
108.0
21.36
69.16
72.17
42.31
70.64
33.23
61.79
72.56
35.43
54.65
49.7
81.53
50.03
111.2
38.57
48.16
66.23
110.7
51.01
47.19
45.05
55.53
110.6
97.07
24.94
36.8
47.46
72.57
73.45
39.07
41.92
66.5
97.21
80.92
172.4
24.83
88.49
107.8
44.63
80.52
103.2
126.3
29.43
111.0
89.97
57.64
34.91
67.33
59.61
118.6
40.45
50.35
89.82
4.664e-06
32.97
48.76
142.6
123.8
55.88
77.75
102.0
82.33
51.32
62.39
62.52
31.75
88.51
50.51
80.7
108.1
86.51
40.36
67.85
126.9
95.91
94.41
78.01
53.75
65.15
46.68
78.81
52.45
69.96
84.05
90.9
49.93
42.35
138.6
56.96
55.75
60.32
95.96
38.4
126.0
109.6
40.68
118.7
70.62
124.2
54.73
82.08
78.51
63.35
38.95
49.26
244.5
131.2
32.21
52.82
104.2
74.78
94.42
88.49
89.23
49.4
65.99
61.07
54.36
56.34
70.74
90.0
81.2
59.68
80.22
50.9
48.29
79.56
257.7
48.76
62.74
85.68
51.69
82.26
38.54
65.53
59.8
122.6
38.71
132.6
48.39
77.5
50.06
173.4
24.02
42.34
91.94
97.1
33.18
81.51
210.2
77.9
44.2
86.73
33.9
17.89
56.96
38.71
76.97
42.33
65.06
43.96
57.76
46.96
54.13
75.13
71.28
36.57
82.36
80.09
87.99
116.7
80.02
37.85
65.69
66.09
79.35
39.36
31.56
67.37
60.75
107.3
91.59
28.76
43.02
69.2
110.2
75.75
68.25
168.6
81.11
53.09
40.93
71.81
38.53
68.33
118.1
41.84
61.37
50.16
142.3
50.93
58.12
53.17
62.91
55.48
79.89
31.38
280.9
85.9
47.27
39.8
69.62
52.1
77.25
41.45
80.19
31.48
53.0
72.16
125.9
74.19
49.81
66.36
51.8
46.36
113.1
47.7
195.9
375.1
54.51
53.19
116.1
19.0
45.42
68.23
44.19
38.76
111.5
126.6
65.33
103.9
49.89
106.5
174.7
63.92
54.03
80.03
143.0
106.0
85.24
41.17
59.29
30.34
39.51
100.4
74.39
75.93
56.42
54.17
87.45
51.64
62.21
133.7
75.36
47.2
81.33
60.26
53.71
52.06
70.22
173.2
81.67
116.2
103.7
40.69
73.49
46.92
85.73
151.1
26.24
87.73
99.83
36.98
102.2
98.44
61.0
49.5
74.57
147.4
53.02
44.06
54.38
49.16
159.9
92.46
73.21
50.75
41.89
43.98
53.65
87.94
67.34
40.42
55.36
61.22
58.23
54.26
33.35
84.91
81.85
119.5
59.58
54.53
53.85
118.1
101.5
89.72
38.78
54.64
69.48
80.58
50.76
107.7
22.16
59.7
35.32
75.89
82.57
30.45
98.44
86.23
141.1
110.2
45.83
97.28
133.7
102.4
67.21
32.28
96.51
78.71
46.61
104.3
83.19
65.86
79.5
69.47
41.41
40.84
32.82
11.78
64.9
54.4
130.0
38.84
49.24
122.7
39.81
76.34
72.28
46.45
35.28
37.4
33.2
53.52
91.81
112.6
81.8
41.39
54.15
59.76
71.06
49.96
49.06
31.69
37.65
46.59
22.72
55.93
78.71
82.58
57.94
67.84
49.1
47.72
49.37
116.5
71.6
74.38
44.54
29.14
17.12
147.2
55.15
97.78
147.0
227.9
31.22
44.71
77.21
52.61
71.07
89.12
32.74
80.43
30.17
40.42
33.67
126.7
206.5
61.48
33.45
92.18
59.98
29.26
49.11
36.44
72.56
36.28
33.94
68.81
62.52
48.95
121.5
23.94
48.02
114.4
108.6
49.49
138.3
82.03
111.2
80.6
49.6
143.3
48.04
46.14
52.65
75.04
90.97
57.77
38.91
38.44
66.06
59.92
50.21
42.26
27.74
11.75
96.47
46.96
113.3
142.2
66.47
39.03
37.98
41.43
54.08
53.52
62.77
112.9
83.52
25.21
78.33
108.2
123.2
30.57
70.34
47.69
51.51
51.71
54.86
59.33
112.5
60.06
37.76
154.9
89.89
74.15
68.55
132.2
92.64
38.11
61.08
87.05
51.17
70.02
212.7
52.84
45.23
63.19
74.14
36.28
40.06
100.4
90.84
27.39
60.03
66.47
40.04
73.46
50.27
93.0
50.22
42.96
34.84
12.16
43.15
46.02
130.6
51.24
60.5
44.96
78.62
55.48
120.4
37.9
87.98
54.61
35.77
110.6
19.78
78.43
27.68
33.74
92.97
106.8
67.5
46.66
187.5
115.9
36.74
61.31
90.96
48.54
58.66
100.7
55.87
41.93
53.72
84.31
38.61
94.55
62.97
39.29
44.04
35.28
70.98
62.05
94.85
31.33
109.8
45.73
58.09
102.1
119.2
75.23
77.86
122.5
83.4
114.4
47.19
73.4
97.3
92.14
81.71
141.7
109.6
54.19
35.49
26.97
100.6
72.05
72.82
55.64
71.45
44.5
34.28
45.71
131.6
54.05
100.8
116.4
72.13
368.4
67.77
65.21
59.11
42.99
76.89
89.78
99.31
31.25
51.54
85.79
102.2
93.86
47.36
102.0
81.89
45.72
66.42
15.59
88.89
56.24
21.89
92.98
78.6
114.5
74.39
19.87
29.68
102.3
114.3
71.05
76.61
47.68
75.02
35.67
0.0
51.16
48.5
26.61
34.36
34.61
59.33
121.8
87.7
37.78
102.3
25.25
116.8
54.6
58.07
32.32
77.6
30.48
46.53
68.86
38.5
32.61
100.8
53.03
46.13
53.69
200.1
109.7
59.27
36.97
266.6
117.9
69.06
54.33
120.3
48.27
46.12
28.09
66.33
107.9
45.26
55.13
78.02
113.1
33.64
38.95
56.17
73.83
71.94
56.24
79.07
47.27
69.44
109.7
79.34
65.33
92.64
71.19
69.84
128.4
90.05
95.26
90.17
69.7
81.17
84.3
74.77
45.37
102.6
53.96
32.39
117.9
94.18
92.9
199.9
111.2
13.52
43.08
48.98
72.22
26.1
47.0
83.39
39.77
29.68
63.98
24.12
49.99
68.23
58.76
52.88
69.99
79.56
58.55
65.59
72.86
46.21
38.53
27.88
105.0
47.54
39.59
63.87
33.18
54.42
63.52
48.8
28.8
84.15
165.2
73.6
88.01
29.81
126.1
48.83
63.05
102.7
65.59
91.03
55.21
121.2
51.39
93.84
43.31
89.04
44.29
50.15
29.44
38.49
79.3
131.4
88.11
102.3
110.2
50.84
76.58
89.25
85.59
69.07
79.71
31.67
119.0
65.91
65.86
60.37
24.66
97.18
68.01
66.44
55.45
64.89
69.57
179.5
89.14
75.16
62.57
125.1
147.9
76.33
78.95
37.02
38.83
36.96
143.9
29.42
86.44
65.98
79.44
91.1
91.34
69.34
93.87
49.09
41.9
34.31
57.4
56.51
71.77
24.15
135.6
49.52
122.3
56.53
109.8
71.97
101.9
26.93
65.82
69.05
62.16
74.57
139.9
48.53
86.04
25.55
8.092e-06
25.5
63.3
72.58
177.1
26.79
39.15
35.39
43.71
123.9
68.07
107.7
28.88
75.83
57.89
35.27
45.66
101.7
141.6
32.06
37.16
120.1
80.56
65.98
88.56
183.4
70.95
366.4
94.89
86.19
45.9
33.39
59.11
67.72
60.31
42.73
89.92
265.7
42.59
41.42
123.2
50.31
15.41
101.4
41.31
48.14
186.8
52.0
35.45
82.54
48.14
82.68
117.9
81.98
40.94
55.1
103.6
43.96
147.3
188.7
80.66
308.9
55.69
37.22
211.5
52.33
53.85
41.87
99.12
52.43
170.6
258.1
32.09
65.6
163.8
111.9
110.1
113.6
51.46
183.4
26.26
47.14
93.04
134.6
121.8
82.11
49.31
113.5
82.96
69.05
47.14
116.0
126.1
50.57
386.9
48.83
426.3
59.29
101.7
55.18
175.4
44.47
104.0
102.1
88.23
75.86
87.1
40.06
70.65
110.1
82.63
29.17
169.4
54.52
74.52
76.35
95.97
37.62
99.69
30.31
65.94
208.3
32.98
46.76
201.8
71.71
57.42
110.9
376.4
98.23
45.45
100.8
42.14
130.6
90.87
22.01
31.13
55.4
36.02
30.39
36.86
160.1
76.68
43.55
115.6
77.14
106.4
23.65
455.0
94.24
147.7
78.99
90.33
43.74
61.8
79.05
96.34
76.26
104.9
38.13
41.81
18.63
87.01
55.16
157.6
40.67
49.87
353.3
48.46
134.1
38.07
240.6
172.5
32.34
23.63
74.18
46.91
76.07
199.4
110.7
17.43
57.26
68.47
27.88
218.2
110.3
55.96
66.73
125.2
205.7
186.6
71.33
34.47
89.5
44.6
37.01
46.09
94.94
30.83
151.9
83.08
34.55
80.84
33.71
29.35
143.2
101.0
25.09
86.2
183.2
50.22
75.51
43.93
190.2
137.4
43.4
23.6
182.5
22.73
48.17
534.2
127.2
23.19
104.0
47.22
42.0
174.5
62.71
42.84
58.23
69.87
47.96
127.5
42.77
43.35
178.5
44.69
87.75
95.45
74.24
75.04
74.18
78.81
39.45
128.1
32.91
47.04
293.6
38.79
20.75
67.99
86.53
38.54
326.0
74.61
11.94
48.12
41.25
36.06
132.6
54.05
42.99
44.4
110.1
138.5
142.1
96.21
58.14
53.79
29.33
20.09
119.7
331.3
101.2
64.37
76.76
81.06
61.94
25.26
86.13
115.9
92.71
282.1
52.24
143.4
101.5
45.6
47.69
41.89
76.81
166.6
213.0
62.39
249.3
38.5
97.47
45.95
228.9
31.31
65.72
126.9
188.3
171.8
162.1
45.8
110.2
100.1
194.1
40.02
59.85
64.5
40.53
28.78
104.3
818.5
47.85
50.74
85.5
33.95
101.4
128.3
65.86
134.0
178.4
359.7
142.7
51.79
112.2
115.9
120.1
114.0
89.17
189.4
138.7
132.3
139.8
120.7
120.7
120.9
190.9
114.3
147.5
171.4
49.97
68.56
92.06
169.8
136.7
116.3
176.6
177.3
128.2
88.81
97.81
116.8
108.6
64.02
116.1
190.4
101.0
111.2
161.1
134.3
106.5
72.39
117.2
130.3
135.5
237.1
176.9
92.39
121.7
4.583e-06
245.5
32.22
175.8
144.2
109.0
91.0
210.5
169.8
58.14
251.0
191.2
168.2
299.7
259.6
193.8
275.1
297.0
220.2
147.2
90.36
119.5
110.0
139.1
144.2
91.51
148.9
138.0
98.75
99.31
141.3
68.79
175.1
327.7
73.39
88.06
207.5
197.7
163.9
171.9
96.94
210.1
75.36
139.9
118.6
139.2
146.9
128.7
102.7
172.8
151.4
118.9
110.5
88.7
66.72
151.7
158.0
128.6
121.7
143.8
168.6
76.73
59.88
66.33
203.5
57.33
97.09
146.6
126.4
103.3
155.0
0.0
218.0
143.3
141.4
169.4
96.05
100.3
89.08
105.6
121.4
116.1
88.65
113.0
37.4
105.0
263.3
128.1
169.1
77.08
131.6
166.3
180.2
153.4
66.67
167.7
91.25
62.81
162.8
143.8
292.2
82.93
94.02
146.6
219.7
207.3
165.5
142.8
140.9
211.4
185.0
230.7
167.9
181.3
121.9
58.82
153.2
170.9
366.6
134.7
208.5
154.0
94.68
93.82
82.62
134.2
109.7
173.6
144.2
128.8
121.6
95.95
128.6
53.14
55.74
125.7
163.5
97.43
93.1
78.86
116.6
167.4
86.88
95.7
124.7
150.3
81.31
147.1
107.8
0.0
285.6
51.27
101.1
270.3
144.2
105.7
309.1
126.0
159.4
135.5
111.1
43.24
124.4
152.4
74.91
97.28
69.94
101.3
92.35
165.2
149.5
156.3
99.3
0.0
199.2
157.8
54.7
91.64
118.5
191.4
88.81
271.0
205.0
145.3
203.9
124.2
102.9
79.82
196.7
160.3
198.5
175.6
150.9
108.8
81.74
140.7
0.0
108.1
215.6
58.93
101.6
137.8
178.3
141.5
115.4
84.73
173.6
164.0
63.99
91.87
133.6
199.3
118.5
76.49
104.8
212.9
82.45
199.7
184.1
137.3
108.4
85.0
298.8
111.3
85.97
109.0
106.0
111.5
76.2
210.5
125.9
174.2
128.2
111.5
160.4
117.9
101.6
167.2
109.2
85.32
123.9
212.5
183.1
99.92
72.63
51.5
148.7
51.17
104.4
107.5
102.4
279.7
228.6
105.0
189.7
258.6
89.32
101.4
105.7
199.7
85.6
112.9
0.0
224.3
125.4
67.15
200.3
162.3
140.4
110.1
64.24
84.87
246.3
124.3
184.9
67.38
164.5
158.3
217.2
112.0
139.2
132.4
119.8
149.5
85.87
181.9
96.11
132.1
166.5
190.4
204.9
285.7
382.1
228.8
131.8
36.65
174.2
132.1
107.5
118.7
159.3
160.5
133.2
110.9
214.7
72.24
124.5
95.44
102.4
107.4
127.8
118.9
61.14
130.7
154.4
144.9
116.8
116.6
168.6
219.1
57.38
113.8
193.9
92.43
113.9
190.3
180.0
157.9
107.9
149.0
96.72
143.0
117.4
100.1
66.37
52.01
85.45
138.4
282.9
91.42
149.4
61.79
128.9
103.4
128.9
172.2
99.76
94.95
94.02
127.0
125.6
0.0
179.5
74.79
153.6
100.6
155.5
107.7
66.61
180.4
122.6
134.4
143.0
115.1
151.7
40.56
165.2
54.23
154.8
156.4
41.41
56.81
94.04
118.5
197.0
121.2
157.0
153.1
92.51
122.7
5.892e-06
114.5
81.72
140.3
181.7
203.6
116.1
179.3
144.3
117.3
122.7
139.3
117.1
75.59
201.1
153.4
99.45
178.6
159.1
133.6
116.5
134.0
95.36
266.2
161.2
242.8
69.02
59.06
190.0
199.8
77.31
97.16
117.9
150.7
192.6
209.1
118.0
131.5
130.5
130.9
199.2
139.5
148.0
84.94
59.86
103.7
102.8
453.7
166.3
163.0
140.6
57.6
174.3
82.42
44.22
160.2
76.23
92.46
266.7
149.5
136.1
127.6
138.1
122.0
137.3
97.35
154.0
100.4
148.5
141.5
95.5
180.6
164.6
122.6
170.3
0.0
134.6
54.38
70.0
90.83
110.4
74.36
117.7
117.1
110.2
216.7
44.33
66.83
142.6
163.7
130.2
151.6
74.21
138.6
145.1
151.5
183.8
73.99
148.2
163.1
112.8
147.5
91.34
118.1
134.3
198.2
92.0
92.23
121.4
137.5
210.9
158.0
175.0
95.34
196.2
253.7
59.39
91.1
2.436e-06
111.6
148.3
192.4
126.2
96.46
147.4
81.27
77.26
287.7
123.9
190.2
130.5
88.52
149.4
148.3
138.3
118.9
153.7
197.8
99.64
110.0
200.8
108.5
126.9
182.8
127.9
70.33
169.9
97.92
124.1
96.06
88.35
157.1
0.0
132.3
346.7
131.4
187.2
151.3
71.05
166.9
165.2
127.3
167.6
56.21
239.4
180.2
232.6
137.9
94.64
151.9
161.3
79.89
122.1
0.0
93.52
107.9
92.65
137.7
65.92
106.2
112.8
179.4
114.0
69.38
101.9
167.6
224.0
110.3
155.4
158.4
83.42
150.0
118.6
177.1
88.29
155.4
108.6
122.5
132.5
273.6
176.2
113.8
138.8
94.05
78.51
143.7
61.79
60.85
103.7
94.2
100.3
79.31
81.86
141.2
58.84
109.6
130.4
174.4
100.5
104.7
154.5
123.8
84.96
119.5
99.53
101.0
179.5
0.0
91.32
176.5
115.7
110.6
145.4
86.52
174.8
100.5
194.5
160.6
163.7
131.3
65.9
136.5
152.3
93.36
59.64
109.9
89.7
104.1
182.6
107.1
216.1
122.9
111.6
130.7
60.72
152.1
82.17
99.74
70.16
89.55
215.2
107.3
146.9
57.01
62.84
161.6
155.1
193.6
88.04
139.0
73.55
84.39
180.0
137.3
135.3
196.0
47.75
87.41
89.72
77.34
112.0
185.1
214.3
60.32
139.7
116.1
116.6
149.2
140.9
38.09
191.1
74.19
121.6
94.47
116.8
97.74
124.9
98.38
0.0
46.9
44.1
138.4
0.0
156.3
113.6
111.2
54.61
63.62
137.6
137.3
153.4
129.2
203.0
200.2
63.1
135.0
114.6
178.3
113.9
175.6
105.9
64.44
137.6
227.9
0.0
91.64
116.4
169.4
188.0
134.8
91.9
167.8
89.62
88.95
87.48
235.2
106.7
69.23
92.97
146.6
144.8
93.52
112.1
108.3
73.71
81.34
168.5
149.4
51.6
156.6
72.02
115.2
137.2
159.0
160.6
123.8
199.8
147.4
75.27
152.5
123.5
251.3
88.29
154.0
106.5
101.2
150.9
129.9
131.2
119.6
108.9
161.0
148.2
125.1
129.1
97.51
72.6
126.8
154.0
158.2
60.25
184.4
84.5
104.9
143.4
221.9
183.4
61.97
109.1
81.6
88.59
48.9
120.9
93.45
163.2
80.75
139.9
147.9
165.3
71.87
159.1
156.5
98.77
161.5
139.7
0.0
149.5
127.7
144.9
289.4
146.0
40.84
153.2
79.43
214.8
330.0
54.15
40.95
152.9
71.56
173.2
52.4
95.76
70.8
134.9
137.5
158.1
191.8
89.98
72.64
154.7
149.1
74.58
91.93
117.6
85.13
163.4
104.6
194.1
108.9
35.25
100.7
165.8
189.0
149.4
148.9
231.4
189.7
0.0
123.6
118.7
107.9
349.8
127.6
83.61
100.9
58.2
152.1
210.6
108.8
149.0
107.7
125.1
170.5
74.13
95.21
123.7
209.8
83.89
131.9
65.24
146.7
211.5
185.3
101.9
126.0
126.6
122.9
115.2
139.2
68.74
80.03
114.2
95.46
51.29
125.7
96.25
112.7
157.5
78.99
139.7
137.5
86.16
153.4
115.2
66.16
110.9
114.9
127.9
160.1
0.0
100.8
196.7
72.61
103.7
202.3
172.2
110.0
77.49
165.2
109.4
145.7
238.5
111.0
203.4
98.18
149.2
118.2
175.5
86.25
173.2
366.4
68.34
174.3
140.2
124.1
91.21
232.0
112.5
125.3
93.31
77.53
55.09
56.4
163.8
115.2
179.9
162.4
189.9
139.0
69.65
107.8
71.54
181.4
127.5
134.8
104.7
185.8
185.2
146.8
213.5
126.2
157.3
216.1
156.5
173.7
91.72
199.5
201.4
135.9
67.07
106.9
91.9
44.28
72.66
115.3
54.32
131.9
107.1
116.3
154.0
96.18
185.6
97.64
69.88
67.97
159.0
51.27
60.67
90.32
87.63
169.6
220.9
126.8
89.11
130.0
86.95
117.0
101.1
164.9
176.1
63.86
158.6
131.4
84.32
125.1
256.3
158.3
86.07
0.0
74.67
17.08
92.2
102.2
81.52
169.1
69.87
427.4
60.74
116.5
73.81
119.8
104.7
40.62
175.5
110.1
122.4
186.9
115.6
133.5
114.7
179.7
111.9
107.0
196.1
102.8
109.9
166.1
156.0
147.8
78.56
150.4
61.23
104.1
133.2
109.3
154.1
114.7
111.6
208.4
68.59
104.1
111.4
93.48
89.86
129.1
51.75
67.93
92.92
102.1
81.72
124.7
90.78
49.65
108.3
115.1
201.5
151.1
92.14
96.26
79.03
269.4
70.88
145.2
184.6
158.7
27.62
126.5
135.5
167.6
140.9
145.6
140.4
130.3
0.0
85.18
32.67
207.7
57.93
65.36
216.7
99.05
155.1
188.4
97.71
97.47
141.5
51.63
115.6
285.2
125.0
45.06
80.86
48.02
148.9
94.59
111.9
138.3
160.7
98.18
78.15
49.26
247.3
104.7
85.44
187.7
39.81
261.1
143.9
128.4
113.1
212.8
139.4
93.92
123.0
163.7
124.9
141.4
84.41
95.34
50.88
96.42
115.3
199.8
155.6
156.5
184.8
58.66
93.85
152.8
74.91
148.3
156.0
37.23
41.74
146.9
157.8
158.4
244.5
228.5
54.65
97.34
159.1
74.61
8.324e-06
125.4
150.8
107.6
124.9
99.3
79.66
116.0
124.0
89.7
101.2
117.7
269.0
0.0
157.6
163.3
237.7
76.6
97.93
184.6
105.0
102.3
169.9
67.45
162.0
169.9
107.2
80.7
218.4
98.34
113.9
86.14
70.3
78.13
121.6
76.84
0.0
230.0
202.9
83.7
233.1
108.4
81.21
175.0
189.1
118.1
89.02
91.66
93.54
172.8
58.75
241.7
126.5
41.18
143.9
0.0
136.9
220.3
187.3
164.3
82.9
157.2
137.0
164.1
0.0
100.2
176.0
68.48
72.28
110.9
101.9
201.9
166.7
192.2
105.1
84.41
134.1
180.3
105.6
0.0
113.3
110.6
133.0
66.79
157.2
74.75
177.8
240.0
212.0
53.6
26.16
164.5
215.3
96.12
196.6
167.6
0.0
155.0
113.4
99.9
130.1
163.9
61.46
143.3
93.03
114.9
59.64
130.8
70.25
175.8
42.34
178.6
477.1
183.7
149.5
142.3
94.64
193.4
134.4
111.9
125.5
71.36
139.3
99.53
163.3
46.38
195.4
219.9
51.74
125.2
40.53
140.5
114.4
73.52
203.0
58.38
118.5
174.0
161.5
205.8
170.2
110.5
173.2
145.6
51.04
151.5
150.8
78.46
215.1
61.06
158.3
14.77
59.35
100.6
155.5
119.4
60.24
132.1
168.1
303.5
158.1
132.1
69.32
107.8
0.0
25.67
191.6
117.9
181.5
98.69
107.5
99.74
49.32
48.94
68.5
100.2
237.6
137.1
247.6
232.4
193.0
149.4
333.4
204.5
194.2
138.3
130.0
304.6
77.87
193.9
196.8
116.3
190.1
98.41
115.2
198.4
93.43
110.4
76.24
67.17
225.8
175.6
132.4
144.7
159.4
145.6
238.6
95.16
176.2
220.1
167.7
151.3
110.0
162.1
106.0
67.28
125.2
159.5
74.1
110.5
59.94
182.8
83.4
61.42
138.6
101.5
153.1
150.9
187.0
150.0
119.3
71.75
46.36
117.1
185.7
72.89
117.3
265.7
254.1
255.4
153.1
58.36
222.6
186.1
84.98
281.6
326.3
81.99
128.5
147.8
128.0
104.9
142.0
109.1
121.8
28.15
195.5
142.3
168.4
39.78
172.5
80.18
158.7
88.27
298.8
0.0
178.0
76.76
186.8
0.0
149.2
134.7
83.53
87.57
89.58
153.3
89.3
164.2
74.66
108.9
96.56
181.5
116.9
108.5
124.1
197.7
132.8
234.1
96.32
176.3
192.1
85.68
161.3
129.2
159.4
114.3
234.6
127.5
66.72
112.7
158.8
210.9
125.5
259.3
160.4
97.36
124.3
173.1
179.5
92.03
136.1
67.43
199.5
102.1
125.2
152.8
146.6
195.6
112.8
90.92
190.2
113.9
58.85
136.8
158.7
302.6
117.0
14.91
76.52
103.3
135.3
46.1
75.01
96.66
158.6
131.9
70.65
101.5
120.6
210.8
98.84
192.6
178.6
85.64
69.32
53.75
149.3
203.0
114.9
112.4
79.07
198.2
152.1
168.3
81.83
53.6
209.7
157.8
170.7
146.6
215.8
84.5
108.2
62.85
114.1
131.9
111.3
189.3
115.4
117.7
173.2
105.8
266.6
290.2
142.8
123.2
102.8
184.1
135.5
66.58
57.87
83.43
70.06
151.4
165.0
122.6
192.4
135.3
0.0
59.46
134.3
98.2
103.4
148.7
253.8
63.02
102.5
92.87
195.6
154.0
114.9
194.6
127.9
150.8
205.2
15.36
297.1
152.1
124.1
169.2
140.0
91.93
179.5
134.5
153.9
179.7
98.41
161.4
153.7
252.5
0.0
59.66
186.5
112.6
180.1
80.17
77.05
281.0
109.5
136.5
79.55
87.04
166.6
180.4
143.1
111.5
123.8
32.21
94.37
52.18
166.0
130.8
162.9
120.4
86.95
44.2
268.6
61.36
125.6
90.0
76.98
112.1
156.3
138.5
153.9
201.4
118.5
103.3
136.2
172.6
167.9
185.3
129.3
122.3
97.56
123.4
20.76
62.38
206.5
158.2
116.1
206.8
117.4
106.1
78.46
178.0
0.0
74.39
246.6
171.0
77.24
166.2
0.0
109.4
130.8
132.1
144.4
142.7
88.55
145.9
162.7
190.5
198.8
106.7
61.73
98.77
145.7
109.3
131.0
107.5
195.7
153.2
250.0
289.3
182.7
114.1
185.7
150.4
75.64
66.67
150.5
82.43
120.1
193.9
167.2
188.6
258.1
144.9
118.0
96.49
109.5
51.56
140.7
155.3
62.36
140.5
52.15
227.1
180.5
123.0
114.1
0.0
123.3
234.1
182.4
182.0
149.2
75.87
51.69
142.4
163.0
82.17
99.94
108.2
280.5
179.2
75.82
85.49
181.4
226.2
148.1
160.5
159.1
194.7
66.94
104.5
168.0
107.2
204.9
167.8
132.6
142.2
183.2
131.8
276.9
217.1
214.2
160.0
154.7
106.2
197.0
117.9
69.02
153.7
103.6
191.2
148.2
106.2
136.5
0.0
125.6
176.3
110.6
57.31
181.0
135.5
140.0
97.6
213.2
152.3
86.83
96.34
104.8
154.9
296.8
77.34
181.7
0.0
112.5
0.0
20.93
171.6
235.1
163.7
107.9
136.3
69.3
135.7
82.09
42.22
87.86
131.6
133.4
60.73
106.0
116.9
164.9
110.4
179.9
95.36
186.2
106.1
165.5
177.8
201.6
87.4
204.9
87.57
85.35
199.8
143.9
58.28
0.0
61.81
35.59
37.23
0.0
70.45
80.18
0.0
94.59
130.5
97.4
58.79
95.29
3.716e-06
80.56
103.9
94.21
94.47
102.8
101.6
42.34
86.88
182.1
119.0
80.01
119.9
108.8
130.6
75.78
54.37
66.67
98.29
62.45
64.88
180.7
63.34
131.5
124.4
92.17
79.35
110.4
127.6
97.9
86.15
87.88
83.88
96.61
223.3
120.9
179.6
208.6
65.1
94.01
134.9
90.44
155.7
120.6
36.35
103.8
70.17
113.7
203.1
143.6
103.2
126.1
114.7
124.3
192.5
114.2
99.58
142.2
133.8
85.66
127.7
75.27
253.0
179.6
107.1
176.1
178.8
127.4
116.7
155.9
120.5
167.1
257.4
137.2
137.1
158.6
122.7
166.2
116.9
280.9
107.5
100.5
106.3
49.25
48.31
0.0
57.13
144.1
137.0
0.0
78.13
86.05
108.7
0.0
71.8
62.53
144.1
84.88
57.12
105.9
67.7
109.3
121.4
127.7
131.9
244.9
94.86
92.14
102.9
132.9
100.3
116.7
85.81
104.6
170.9
96.26
60.39
102.9
209.1
187.8
174.7
147.2
165.5
113.9
103.9
126.0
132.1
177.0
83.86
142.3
180.6
151.2
123.5
155.9
140.2
110.5
86.96
165.8
85.11
174.6
101.0
133.2
162.2
221.3
88.21
160.1
145.2
129.5
134.6
156.5
204.2
165.8
171.8
143.4
149.8
220.1
183.1
124.3
173.0
113.6
252.0
140.3
282.5
225.6
109.8
123.4
121.8
305.9
172.3
215.3
160.1
151.2
114.1
180.4
208.0
148.7
155.3
153.8
215.1
147.0
242.8
195.1
224.9
