15.06
23.73
23.05
21.91
34.52
33.73
33.71
39.02
34.01
12.43
13.85
35.3
14.85
44.61
39.74
45.13
44.18
41.78
7.359
10.15
2.129
16.76
14.6
44.12
41.94
46.16
46.24
44.66
44.61
22.66
18.22
24.89
25.76
35.18
36.73
46.31
34.39
23.91
34.22
28.06
30.83
4.38
3.951
15.78
16.3
38.83
38.83
57.23
38.21
38.51
37.99
11.89
18.93
15.26
16.66
22.12
39.69
39.48
38.08
39.35
42.36
40.59
15.83
11.39
10.55
15.3
9.506
23.82
18.07
21.47
18.43
18.15
14.96
10.93
9.635
13.21
32.39
24.29
24.64
44.54
45.04
45.79
39.04
35.55
41.76
38.34
15.19
15.86
18.64
18.7
26.84
46.29
36.69
41.94
38.46
38.21
40.74
9.548
17.36
14.96
10.35
16.83
23.45
18.69
22.62
20.16
30.28
22.25
38.29
25.8
18.28
44.47
45.74
48.04
50.79
54.14
49.28
16.12
10.77
13.68
12.72
15.63
44.36
42.6
41.54
45.84
43.68
44.99
12.84
24.98
17.39
9.381
5.816
31.73
36.79
35.68
35.8
44.25
35.66
22.92
11.68
14.14
13.84
47.27
46.3
47.77
45.7
45.39
23.15
29.49
11.97
17.43
12.88
16.59
23.3
30.27
5.867
4.192
7.422
29.84
19.93
36.18
36.24
32.24
31.71
31.9
14.75
25.42
7.272
18.59
4.693
24.61
36.37
26.04
22.36
34.13
26.5
19.56
31.51
3.382
20.75
20.65
20.52
41.53
38.61
42.52
46.78
44.11
45.81
45.54
23.92
8.249
24.59
23.55
24.17
26.36
31.46
31.29
27.29
15.12
8.118
22.7
19.36
46.57
32.13
34.09
32.17
32.65
23.68
17.02
21.4
21.65
41.93
37.8
38.95
36.93
37.32
27.57
13.78
27.42
8.839
3.467e-06
34.67
27.45
28.59
31.07
30.44
28.59
25.12
17.36
11.07
10.02
4.328
42.41
42.52
42.7
43.69
41.52
42.56
28.8
20.06
1.607e-06
28.9
10.24
4.956
46.13
27.22
30.03
32.68
26.12
29.42
29.42
22.47
8.969
17.54
8.562
48.19
48.93
44.09
45.1
46.91
23.3
31.81
13.22
5.843
9.78
34.87
34.25
34.82
37.67
31.27
33.71
18.5
10.08
27.43
29.49
37.15
28.26
34.73
35.98
34.96
21.17
13.63
17.07
39.66
42.87
33.3
39.24
38.68
38.18
18.91
34.45
10.03
21.49
34.05
39.73
35.95
31.89
33.76
14.06
19.72
3.539e-06
11.46
10.41
36.39
34.12
31.71
40.12
33.83
33.83
33.12
15.93
23.36
8.378
12.64
49.65
44.75
44.41
47.56
44.02
43.38
12.53
17.85
32.51
33.75
50.12
47.69
51.14
54.9
53.31
27.08
29.9
26.83
16.73
24.73
38.0
45.3
45.71
37.14
18.27
9.724
20.84
20.26
4.49
32.64
32.64
34.76
35.06
38.09
32.73
17.05
10.21
8.97
19.81
26.46
37.48
31.18
36.65
36.52
35.01
36.79
15.13
4.705
17.81
5.6
32.85
30.89
33.08
30.16
30.27
16.65
9.465
27.0
9.885
20.43
40.33
44.47
41.68
42.94
42.57
42.18
20.96
23.89
26.79
15.16
34.27
24.75
28.55
29.92
18.33
13.32
8.688
24.34
20.52
18.42
43.75
47.37
36.67
42.48
34.21
40.66
33.96
18.58
7.525
26.64
44.64
52.25
36.85
47.33
44.27
23.7
22.27
16.28
28.1
17.84
42.21
26.18
36.77
26.98
27.55
30.83
19.92
5.323
26.44
14.96
5.071
36.71
26.67
20.15
27.4
20.08
20.99
23.87
32.13
28.38
16.94
44.89
52.41
43.97
45.06
50.49
41.06
19.59
9.276
29.08
14.97
43.38
37.15
40.98
44.99
39.15
37.67
20.2
4.343
39.13
16.39
35.97
39.31
38.28
40.71
39.87
35.54
16.1
18.68
23.16
10.12
34.38
35.0
17.77
36.67
33.7
33.98
10.89
10.01
24.77
15.89
39.64
41.32
40.43
36.44
39.24
18.56
28.07
23.32
22.29
24.62
30.49
38.02
21.83
32.72
4.774
30.65
26.08
14.95
35.35
39.0
41.51
39.98
47.15
39.42
39.06
9.673
29.23
27.1
22.43
7.551
28.35
48.36
55.42
49.5
57.38
61.31
54.86
55.41
24.22
21.56
23.4
9.016
17.19
20.65
47.4
45.1
44.54
38.82
56.99
47.7
46.74
29.39
30.64
19.03
14.82
8.24
17.76
36.25
33.27
36.1
29.91
48.25
33.41
31.13
19.15
7.931
17.87
11.13
33.43
14.98
34.56
47.76
37.47
43.62
36.25
38.43
35.14
18.11
24.68
19.38
18.98
11.12
18.33
27.16
30.16
33.7
30.9
37.08
32.29
28.63
12.57
28.78
15.31
25.6
25.95
7.77
39.15
40.04
37.15
37.91
30.09
38.2
36.65
15.17
23.23
9.207
11.45
32.73
25.9
43.68
29.17
25.79
28.55
26.52
17.17
14.1
4.565
9.043
47.16
48.05
50.69
50.16
47.64
1.556
25.33
28.78
7.447
5.708
16.08
48.78
47.96
48.45
47.29
61.79
57.84
47.68
14.24
26.28
17.82
11.96
24.74
23.46
36.32
48.1
38.8
34.11
38.71
43.21
33.38
16.92
23.62
16.21
2.658
23.88
15.85
39.3
38.02
42.52
34.43
36.35
43.07
38.61
1.754
21.37
22.01
17.06
23.24
28.51
30.15
37.76
37.48
24.75
31.32
31.05
25.25
3.792
30.18
20.37
11.57
13.5
23.85
22.3
25.67
31.52
23.67
36.78
26.94
23.52
2.56
16.18
23.64
28.6
21.36
41.84
47.32
41.01
40.67
39.73
40.8
6.664
23.7
15.66
21.25
8.541
17.67
40.44
45.67
46.23
45.66
42.43
49.76
45.31
17.9
6.228
17.11
6.84
23.75
39.35
41.41
38.5
40.64
40.84
40.85
8.717
32.18
19.36
16.24
19.38
41.34
44.16
45.32
41.11
46.19
42.96
6.047
29.36
25.79
22.46
24.54
16.82
43.9
44.75
41.79
35.58
39.07
38.45
37.34
13.81
12.3
14.84
19.34
24.79
49.96
41.73
40.81
40.89
40.03
40.68
12.42
12.28
4.197
38.78
6.355
22.35
52.88
51.58
45.47
50.17
53.09
51.95
51.42
22.41
31.95
20.66
26.52
25.77
38.11
31.83
37.17
28.38
37.75
13.03
16.68
23.04
24.22
53.74
57.8
57.29
45.34
54.56
53.14
17.36
12.51
22.03
13.21
43.46
37.14
35.51
32.8
34.86
15.98
9.037
18.23
20.2
26.64
22.67
46.09
47.18
45.71
45.04
45.21
51.01
45.01
7.895
14.15
4.534
13.65
8.365
43.37
43.54
40.36
41.58
40.87
41.46
12.24
21.15
17.59
17.59
15.37
46.32
49.25
48.21
49.62
48.4
49.02
18.48
19.31
6.993
21.42
30.28
45.62
41.65
41.56
47.05
45.34
46.16
28.29
14.52
24.32
8.967
21.96
36.98
32.79
38.6
31.32
37.27
31.66
6.471
15.37
14.95
25.75
6.479
36.09
40.34
36.03
37.75
36.71
40.02
39.61
37.56
29.94
18.33
10.09
17.67
12.8
24.14
31.67
27.19
37.78
31.94
31.19
4.888
29.79
10.48
2.973
14.34
19.13
29.94
33.74
32.84
29.71
42.71
27.58
29.65
8.361
14.55
5.369
28.03
27.85
7.754
31.89
37.85
32.99
33.3
36.47
32.94
33.27
18.56
27.8
18.74
18.36
41.47
43.73
47.28
42.92
44.22
18.57
17.73
13.26
29.58
13.24
35.21
50.02
36.44
34.62
35.58
34.2
34.62
13.93
11.94
18.37
28.0
24.98
35.99
46.25
42.43
37.02
36.64
36.34
22.34
26.04
26.41
5.062
10.57
27.44
27.88
36.52
40.72
41.28
26.94
15.42
28.45
24.48
2.516
17.78
22.83
35.59
35.0
34.14
41.25
31.18
45.4
35.5
14.57
19.6
5.447
9.252
29.73
12.29
26.26
38.6
24.96
30.41
36.17
25.57
25.26
7.047
17.26
19.76
16.53
12.79
17.41
53.36
54.62
54.67
53.49
53.58
49.29
52.68
20.9
16.83
18.39
15.61
14.68
16.52
56.45
53.25
54.96
44.28
45.78
44.1
54.53
12.43
9.398
14.24
4.773
9.424
16.69
42.71
41.21
43.85
42.35
41.55
45.46
42.33
3.0
19.92
11.96
7.786
47.84
50.97
50.05
51.84
50.14
17.17
27.14
15.82
5.254
38.34
21.07
40.56
45.35
47.11
39.03
34.71
41.99
40.89
1.361
7.883
21.43
13.96
30.44
34.68
39.63
34.15
34.94
35.69
33.96
3.186
17.5
27.03
21.1
25.89
38.4
41.9
41.77
40.04
39.62
41.85
35.47
39.51
18.65
12.81
25.68
23.4
15.28
24.67
35.99
31.98
35.18
32.77
32.79
38.58
31.12
14.66
26.95
23.12
7.226
8.306
18.99
33.11
34.49
38.32
33.29
40.89
36.65
33.59
13.07
39.68
17.61
23.71
14.88
23.69
37.45
23.64
28.93
31.96
24.94
9.793
8.604
22.2
16.42
19.25
14.55
29.22
28.2
28.12
26.74
28.12
33.25
27.09
20.44
15.61
13.62
59.37
60.01
62.56
61.06
59.55
62.41
6.743
23.21
12.32
13.09
56.68
52.01
52.34
53.61
51.89
53.22
14.42
10.93
13.8
5.034
3.615
12.87
33.21
1.472e-06
25.45
42.73
22.36
26.12
22.23
22.52
22.36
21.99
15.87
18.23
8.829
65.04
65.16
64.1
65.08
65.75
28.11
15.61
18.61
15.11
29.16
26.66
32.36
24.51
22.04
9.834
17.39
24.56
7.595
46.25
39.37
37.56
34.27
38.42
25.49
10.12
26.35
10.41
35.49
21.49
28.23
20.51
18.71
36.41
4.527
31.25
10.39
58.84
58.61
56.67
57.95
58.13
21.32
27.61
24.71
17.68
10.72
31.67
38.85
24.48
26.61
16.81
12.36
7.137
41.38
14.75
9.593
51.39
33.71
31.84
32.78
29.94
28.97
29.72
28.55
5.887
17.71
5.549
30.39
27.94
38.62
26.93
27.24
15.81
9.131
15.88
34.6
29.65
44.12
29.65
29.51
30.69
22.3
10.24
10.81
10.44
31.18
30.9
38.35
28.93
28.78
26.82
11.41
15.89
18.58
26.29
21.3
38.36
26.48
24.06
29.65
9.986
14.45
10.24
34.18
31.58
38.72
32.72
31.61
40.1
12.29
17.7
23.97
40.25
42.12
46.97
37.75
37.64
18.93
7.396
14.85
32.11
22.59
33.51
24.34
30.13
28.43
39.05
15.46
46.09
4.871
40.91
53.17
53.42
55.47
53.82
36.41
31.5
26.39
14.67
38.83
35.88
35.71
28.04
30.98
11.69
11.25
4.737
15.38
28.14
28.13
28.15
27.18
27.1
18.29
13.76
22.85
33.97
14.9
22.71
46.0
44.15
33.15
48.05
42.69
34.42
42.54
30.38
9.414
20.49
15.24
67.21
67.69
59.91
66.73
68.22
21.01
7.525
1.401e-06
34.47
40.13
1.093e-06
41.43
48.44
35.74
39.07
37.6
35.74
35.74
7.959
27.73
16.39
12.03
31.14
32.26
31.79
37.19
30.36
19.55
12.96
16.75
29.74
28.06
26.51
28.24
22.97
21.21
20.61
10.9
17.26
25.85
29.34
28.35
29.5
22.35
21.27
26.23
22.03
21.7
7.532
34.79
31.3
33.44
37.86
31.72
16.44
27.94
6.644
26.88
15.52
21.36
16.72
12.98
21.75
4.276
24.03
12.12
27.73
15.06
23.46
13.0
13.04
10.87
4.703
11.81
26.16
55.43
49.54
57.98
57.33
57.25
17.13
23.45
24.2
14.59
22.96
23.94
28.93
22.0
22.16
23.3
5.98
31.48
4.907
44.09
44.5
49.07
45.47
45.27
34.17
7.815
5.36
10.49
21.17
23.71
30.1
22.17
21.93
29.19
15.9
10.72
4.682
51.26
50.64
49.83
47.8
51.38
7.664
20.51
14.07
29.81
29.95
32.44
26.28
26.29
15.43
13.22
19.66
20.98
40.05
31.21
37.65
34.17
34.0
13.29
34.81
11.02
9.636
47.87
47.73
45.88
49.42
47.42
13.06
21.1
35.19
37.23
44.98
39.86
48.25
49.57
44.12
17.09
7.373
16.03
13.72
37.7
40.43
40.93
37.98
37.32
29.37
32.6
10.91
4.862
26.79
27.12
15.92
20.57
26.51
21.21
5.604
29.9
4.191
55.87
40.48
41.24
39.75
40.18
22.07
15.61
28.28
15.61
28.28
15.61
22.07
15.61
0.0
30.4
26.06
19.15
19.4
35.02
33.86
33.59
40.45
35.69
17.09
33.5
52.86
21.15
56.66
42.63
42.88
48.01
40.5
37.74
10.78
19.51
25.62
34.24
39.98
38.01
34.62
35.01
16.16
21.01
11.98
43.89
44.44
44.91
43.07
43.52
23.4
12.73
19.52
13.54
35.49
34.12
35.81
32.09
31.19
7.204
14.8
22.84
24.06
42.34
44.52
33.1
37.64
34.49
24.5
23.92
22.47
30.8
30.77
30.58
39.41
25.72
29.1
24.46
15.38
17.98
12.25
18.45
17.86
27.9
28.74
27.71
32.43
27.56
31.51
25.04
22.54
27.25
20.03
8.345
36.58
38.74
35.19
37.92
37.88
25.43
9.717
6.069
20.63
36.33
43.23
29.15
35.57
34.96
1.474
41.74
18.01
23.78
12.08
50.29
50.53
45.78
45.5
19.83
45.59
16.37
6.624
26.18
17.97
24.86
19.4
34.17
20.47
24.41
29.85
24.99
1.327
4.156
26.29
37.06
48.26
51.1
44.07
44.08
44.17
19.24
18.06
34.93
17.92
9.939
34.4
41.27
39.41
51.58
39.04
36.83
46.42
40.51
9.872
26.01
26.35
17.86
13.5
5.967
29.01
24.76
23.84
27.23
31.83
17.97
24.03
11.6
8.938
29.16
28.69
28.79
3.181
36.79
30.26
29.1
32.81
28.59
20.15
44.17
27.93
2.404
19.44
23.52
57.16
57.49
59.11
51.98
55.76
56.57
56.63
21.68
29.42
18.62
13.75
8.919
22.9
14.31
9.702
23.33
22.96
29.31
19.46
5.431
17.89
10.25
25.58
15.04
14.92
15.12
21.28
21.73
23.27
20.12
25.08
34.59
22.9
8.101
22.85
11.32
15.31
45.56
45.8
44.06
46.11
44.18
26.62
10.55
26.4
4.909
8.078
28.11
30.03
23.23
25.32
32.42
27.16
8.786
10.15
26.47
29.11
6.193
34.62
46.62
37.3
38.31
37.53
36.85
25.61
27.23
16.44
35.74
49.73
49.81
48.91
46.63
46.81
11.93
10.48
15.54
23.03
6.514
33.27
28.3
27.13
28.66
27.62
28.0
19.73
18.77
16.29
22.42
11.95
28.18
18.11
25.41
24.01
21.9
15.03
3.554
29.94
21.04
13.51
36.32
26.29
29.79
43.04
33.32
27.13
37.96
26.59
27.34
20.84
21.46
1.604
9.499
4.045
18.22
21.15
18.56
26.74
23.3
18.26
2.391
7.381
21.45
19.6
19.63
29.39
35.74
34.83
34.73
32.87
33.32
37.51
32.93
6.229
34.09
18.18
11.36
26.42
36.99
34.13
35.68
35.69
45.49
34.48
33.08
26.1
38.49
11.18
8.825
28.95
43.66
42.82
48.15
48.66
50.08
45.19
43.88
1.75
24.98
19.89
6.303
29.22
16.72
41.17
43.0
48.79
42.47
46.39
46.08
42.44
10.64
34.89
10.62
21.48
12.47
55.67
57.8
59.59
52.76
59.06
57.83
15.41
41.19
12.28
17.17
35.9
36.28
40.88
36.17
36.58
16.29
17.82
23.04
2.26
13.01
32.22
30.76
31.07
38.67
33.59
34.51
39.87
31.29
6.226
18.45
14.69
14.71
25.23
15.37
29.98
35.64
37.44
35.81
40.09
36.13
35.5
2.242
12.79
19.62
5.241
29.01
18.76
28.72
33.98
35.77
29.05
33.3
32.41
29.29
23.83
16.67
14.81
15.84
57.91
58.13
59.53
55.45
61.61
29.47
18.07
33.28
21.37
37.2
28.11
43.24
57.21
53.63
51.58
49.18
42.86
51.42
4.006
31.45
19.51
12.73
26.67
24.67
60.73
56.55
61.36
59.08
62.08
59.08
59.53
10.21
9.416
17.42
13.4
42.64
45.32
44.32
46.98
45.6
23.85
23.52
26.77
32.46
43.65
35.56
39.77
27.78
39.16
25.12
4.412
15.4
50.96
52.99
50.0
52.79
49.68
50.98
6.088
16.65
33.01
15.87
29.62
18.62
25.18
34.85
32.9
23.36
27.17
39.86
23.54
15.0
10.22
25.38
5.464
7.253
42.23
42.54
42.17
42.23
40.44
42.36
16.99
7.06
24.25
4.054
30.36
24.63
28.14
38.63
30.22
27.19
26.57
31.09
27.74
29.3
38.86
29.57
20.86
29.25
23.9
44.49
48.25
37.15
30.54
31.4
39.15
43.34
23.63
30.92
26.12
1.505
22.7
26.41
43.1
44.96
49.04
51.5
50.16
44.42
43.11
18.41
18.28
30.08
11.36
31.75
26.97
35.07
44.18
41.25
34.47
39.35
36.11
36.67
20.79
34.64
19.52
2.334
13.14
22.13
36.45
37.2
39.88
40.9
39.3
40.96
36.86
13.25
30.8
25.41
15.15
11.36
24.75
25.03
21.46
34.8
32.72
25.58
18.87
24.29
5.287
19.02
21.38
29.86
36.92
21.35
32.13
28.72
28.44
27.7
29.68
29.89
3.462
7.387
10.97
37.75
38.21
38.54
36.92
37.11
23.72
36.45
18.58
24.34
18.3
22.93
12.4
11.07
47.38
50.66
51.08
42.2
46.72
47.82
48.99
23.88
11.77
39.85
19.8
24.83
24.87
55.37
51.23
58.29
53.1
53.44
62.38
53.16
27.42
24.84
34.61
12.78
7.674
28.01
34.89
35.51
39.93
38.5
40.15
36.78
34.47
22.88
13.55
4.348
31.94
19.95
34.62
27.02
21.59
18.98
9.986
29.85
4.579
4.977
26.02
31.2
31.09
32.01
34.75
32.02
37.5
30.7
25.87
26.66
23.4
8.684
31.72
17.32
35.32
36.73
38.5
41.23
39.36
40.34
34.48
29.98
8.535
11.16
12.27
14.15
8.059
30.95
8.059
16.3
9.411
20.89
6.12
4.19
18.99
17.79
23.99
18.46
26.24
17.27
24.71
18.86
6.574
7.243
16.35
16.86
29.59
25.67
16.98
1.66
13.55
20.63
5.015
5.95
42.13
42.39
42.47
44.04
49.6
42.53
13.4
9.765
17.62
9.37
12.04
6.822
33.25
33.84
33.69
30.75
32.71
37.51
33.46
2.17
21.81
7.794
19.01
5.655
27.42
25.5
25.84
35.23
29.52
26.13
21.63
10.94
17.04
24.4
17.54
30.05
22.76
15.34
14.1
1.579
12.29
14.45
5.647
17.05
35.94
33.31
35.05
32.74
34.47
33.0
18.53
10.04
19.93
10.81
26.18
22.01
24.79
22.79
19.61
28.32
32.8
12.02
7.098
28.31
26.44
37.45
40.45
26.25
10.34
13.24
5.202
29.32
25.45
25.1
25.88
25.1
25.77
29.32
24.34
14.32
39.07
33.75
35.81
30.66
32.33
4.129
11.12
20.33
29.81
20.57
29.75
3.571
10.21
1.896
2.556
14.61
21.34
22.13
19.25
27.54
16.18
20.69
15.9
4.862
40.18
28.37
5.401
36.01
30.31
30.43
38.8
30.15
2.801
10.89
29.47
21.88
4.438
32.75
32.21
28.83
37.01
29.69
29.57
37.87
29.75
22.75
14.24
4.334
11.63
18.97
4.334
11.63
18.97
24.56
25.49
10.12
5.06
3.79
21.55
37.66
36.89
39.32
36.61
34.74
36.24
3.392
15.04
1.274
11.55
19.76
41.93
40.05
43.81
39.73
43.96
43.79
12.49
20.76
14.36
17.21
11.08
32.57
33.87
32.55
31.77
35.12
32.15
5.807
5.873
32.14
23.07
36.71
24.07
27.31
23.56
31.44
29.07
23.61
9.226
28.83
30.45
38.87
40.0
30.85
17.9
26.81
29.78
9.017
4.907
9.289
5.789
17.65
26.58
29.65
1.738
9.122
15.62
11.38
29.39
25.8
24.08
27.85
29.02
25.56
5.572
24.21
22.92
4.221
44.43
46.03
46.96
46.31
46.89
5.281
21.87
20.68
27.67
5.605
33.44
27.0
26.61
29.36
19.78
26.79
34.11
25.61
5.496
14.36
24.63
28.95
39.63
32.48
23.37
10.18
52.48
4.235
19.36
11.17
27.07
23.76
23.04
52.53
20.62
20.82
10.24
17.92
18.64
15.98
14.41
9.462
32.79
28.51
32.97
34.1
32.25
28.35
31.16
19.67
28.39
21.21
11.54
25.08
21.48
24.24
29.43
14.83
18.78
31.95
18.5
32.5
24.78
37.39
9.812
33.57
16.5
29.23
22.84
14.15
7.555
27.3
24.19
37.68
29.91
22.87
6.481
41.93
29.83
29.16
35.59
32.64
42.17
17.26
36.48
38.35
4.406
11.84
41.26
41.56
43.93
53.06
44.46
42.06
22.9
12.02
26.19
18.45
7.64
30.84
26.1
31.05
28.34
34.2
25.9
8.727
18.02
10.53
4.349
21.94
37.81
37.56
38.73
39.12
41.1
37.93
16.43
9.035
1.922
23.46
23.64
33.87
24.12
24.35
23.77
22.0
10.76
8.844
30.49
23.79
34.27
32.06
24.92
22.71
19.61
10.52
7.556
12.79
21.17
22.63
22.39
23.67
21.09
2.774
32.96
27.14
22.99
31.83
31.26
16.55
35.22
16.89
29.25
8.031
11.63
29.84
24.63
40.13
38.88
24.95
24.02
7.619
10.98
12.27
6.636
27.21
25.71
25.77
25.66
24.6
14.49
27.58
22.33
11.08
24.35
22.24
21.75
19.31
19.27
27.93
7.341
32.08
37.23
1.276e-06
27.88
30.2
33.85
41.87
35.46
33.85
1.68
10.17
21.14
4.299
1.86e-06
27.26
14.9
14.34
14.24
17.58
14.34
16.62
11.57
9.969
31.89
36.66
32.63
36.98
37.07
35.15
7.702
39.38
14.71
2.003
11.62
15.29
19.35
14.68
35.12
18.99
15.08
12.78
40.7
13.38
30.32
2.056
28.86
41.81
24.6
26.91
46.53
24.41
23.14
10.41
28.48
5.191
36.48
20.88
32.81
21.94
20.19
16.46
26.08
13.84
29.66
26.35
43.12
47.73
49.73
41.16
47.93
43.55
3.669
6.46
5.249
4.918
24.45
24.21
24.36
24.72
24.41
21.14
10.43
20.73
27.83
7.088
26.25
39.2
21.93
30.89
22.17
20.53
10.93
12.25
2.47
3.667
39.44
39.53
39.7
40.42
39.46
19.02
25.73
23.77
12.27
31.06
23.1
21.94
31.14
18.84
1.745
10.26
18.89
21.05
23.81
22.0
13.8
16.28
14.26
1.867
6.612
23.69
4.908
13.37
47.56
43.21
42.01
43.63
44.36
43.56
5.788
10.2
15.85
32.79
21.1
56.18
44.82
48.45
50.97
50.86
51.58
6.16
27.09
5.944
5.878
26.66
26.53
24.95
33.13
25.64
5.885
27.48
16.93
35.31
26.32
35.74
23.65
35.9
24.32
2.502
23.94
12.58
7.965
31.84
29.46
27.7
29.71
28.05
19.29
6.486
19.99
22.44
29.78
30.91
27.61
24.64
24.16
19.32
7.577
2.652
2.521
22.2
22.86
31.5
28.54
24.82
22.76
22.86
1.772
36.92
20.95
6.225
23.41
16.95
16.99
32.14
16.94
18.68
8.903
3.293
6.601
32.81
34.57
31.99
29.24
31.81
17.55
34.94
25.98
4.78
43.26
29.19
31.36
36.92
28.52
2.674
25.98
15.85
18.66
31.81
39.22
31.76
37.62
32.01
17.89
9.014
12.8
12.09
28.04
49.33
43.01
48.04
45.52
49.16
46.79
9.124
3.992
8.845
3.783
54.83
53.01
52.91
54.78
54.08
25.29
14.12
6.153
34.79
25.18
40.98
35.35
23.47
23.66
2.159
12.5
23.21
6.222
37.78
30.74
28.99
28.28
29.17
5.695
6.373
24.26
26.05
28.55
26.79
21.13
22.04
21.06
30.99
19.47
23.44
29.81
30.27
33.34
33.56
25.62
17.28
9.883
11.13
5.614
5.282
7.056
6.289
9.932
10.37
1.908
22.88
22.36
11.63
6.275
14.62
8.996
23.02
21.79
4.461
1.613
19.3
18.88
29.38
35.69
44.23
30.31
34.93
29.96
7.999
47.67
13.09
40.33
21.56
44.42
20.27
41.53
18.81
1.756
10.37
13.73
12.01
26.93
23.57
22.29
25.07
21.97
3.809
17.32
7.231
4.033
38.99
38.21
38.69
41.26
38.55
26.07
26.55
5.265
36.2
30.06
38.0
28.98
29.48
3.157
15.72
14.23
18.26
14.53
32.32
34.15
33.33
29.57
33.24
28.9
14.03
13.18
1.367
7.581
49.82
49.17
49.84
50.57
49.68
20.67
16.12
5.045
19.11
17.82
22.32
17.73
16.23
5.864
20.55
2.092e-06
16.34
18.95
25.52
23.33
19.5
20.52
19.48
19.48
2.245
39.57
34.25
24.33
20.21
32.49
29.54
24.38
46.41
41.07
23.76
24.01
13.33
19.33
25.99
43.03
49.39
44.52
40.53
43.18
33.39
5.988
12.12
23.93
27.39
25.71
34.87
23.35
1.687
9.95
18.94
31.08
22.38
27.91
34.88
33.16
23.53
25.18
23.85
15.33
23.18
15.14
34.0
26.96
36.89
25.39
29.51
20.4
5.698
6.109
13.57
18.02
23.47
25.1
22.59
23.37
23.28
5.083
6.69
4.553
15.7
15.03
15.13
16.31
31.36
29.36
5.474
11.59
20.91
17.43
35.5
30.38
19.16
1.719
10.15
12.96
20.25
33.38
37.64
30.91
31.53
30.84
13.65
8.758
5.477
17.09
5.709
39.17
32.02
34.43
33.26
32.98
32.73
1.895
14.78
23.3
28.45
42.27
39.64
36.91
38.11
37.13
24.44
26.69
22.19
4.675
34.96
29.93
35.94
42.41
29.71
24.47
23.37
11.88
10.67
15.54
15.65
27.18
25.5
16.44
10.85
30.14
1.382
51.63
23.3
46.53
26.86
38.07
23.67
5.194
13.41
14.97
37.29
21.66
42.01
18.26
22.78
17.75
11.91
14.18
8.528
6.141
35.33
34.79
32.53
35.8
33.38
1.754
29.21
15.67
35.77
36.05
29.11
35.94
37.66
36.02
22.48
8.002
3.134e-06
17.53
26.06
47.3
53.7
44.88
49.84
48.61
48.61
20.52
25.0
13.7
29.97
29.44
24.68
31.64
30.05
27.78
17.43
13.58
1.779
5.126
27.1
21.34
22.81
28.8
23.99
22.56
21.47
21.9
24.17
6.458
11.36
26.16
27.07
31.53
31.28
25.37
13.53
38.35
22.94
5.748
31.58
25.85
26.71
33.04
25.03
1.761
21.65
27.43
30.98
35.81
21.7
24.35
21.66
1.832
9.193
10.97
4.589
27.69
28.78
28.81
30.85
28.73
19.74
22.32
1.447
8.66
19.26
21.99
26.37
27.8
18.76
6.227
36.79
17.94
5.102
24.91
21.09
23.54
30.7
21.42
23.79
12.39
7.044
23.6
29.94
34.34
33.91
29.38
27.75
2.463
8.593
13.31
12.44
33.52
32.03
30.9
32.06
30.83
1.94
6.306
17.93
34.23
26.02
41.19
24.92
24.32
25.12
22.78
22.11
12.53
14.35
30.98
30.46
35.76
34.99
33.23
2.656
27.0
13.15
2.656
19.8
17.25
18.5
13.19
4.056
23.69
23.59
17.93
22.22
23.37
3.422
25.5
5.809
4.993
34.44
16.99
15.68
37.67
16.63
28.48
15.66
13.47
8.94
35.84
31.47
36.88
41.21
43.16
41.54
40.96
3.652
21.45
5.113
27.27
6.761
31.5
19.07
18.93
26.04
18.99
18.76
17.72
30.22
4.919
4.746
39.42
39.66
39.24
43.26
39.44
3.796
7.656
1.358
3.279
31.64
15.58
16.03
29.74
15.96
17.33
15.53
28.35
31.57
1.772
4.925
27.04
26.93
40.35
42.84
26.87
12.24
24.29
3.55
10.11
13.76
32.76
34.61
35.27
33.72
32.6
32.24
30.08
19.42
9.224
28.35
24.64
34.75
40.55
28.97
23.85
14.79
28.78
28.7
1.916
11.08
28.11
21.97
44.54
38.83
33.6
32.14
33.85
3.064
10.72
10.7
22.31
5.039
34.98
29.91
30.58
31.99
31.58
30.29
15.65
9.003
15.4
4.698
19.06
11.56
19.66
16.81
11.97
9.524
13.13
10.88
28.51
37.38
39.18
37.39
37.31
35.79
12.17
25.97
17.41
25.73
19.0
27.71
14.81
27.03
8.661
2.284
28.71
11.14
12.36
27.83
32.84
31.01
30.23
29.56
33.32
29.97
2.293
41.73
30.54
26.44
35.09
24.51
26.84
44.35
24.52
28.79
8.586
22.64
19.24
27.31
24.25
31.42
26.78
26.93
15.76
18.25
12.14
15.59
21.99
23.08
23.57
20.54
23.24
3.419
9.194
2.803
3.989
27.59
27.46
27.55
28.45
27.43
28.28
25.3
27.84
36.3
3.144
16.59
17.03
34.97
38.26
33.46
37.71
34.19
35.04
14.9
7.724
22.48
11.47
26.3
23.46
27.22
36.82
36.88
31.32
27.27
31.81
24.98
3.583
1.62e-06
20.1
32.06
1.62e-06
3.583
10.88
23.45
26.59
35.02
4.326
38.5
30.52
30.63
30.68
31.05
2.828
16.1
23.86
8.031
28.97
17.62
14.33
18.74
14.54
3.47
17.67
19.98
5.866
40.94
30.11
28.3
45.5
27.94
31.88
28.23
7.067
21.2
16.38
18.96
9.415
27.9
26.54
26.22
24.95
26.33
25.31
3.006
33.0
29.16
35.74
32.45
30.34
32.74
19.53
10.01
24.2
28.0
28.88
29.15
34.34
30.67
29.3
20.89
19.82
15.45
11.09
7.18
16.23
6.413
26.67
29.22
32.9
25.83
30.2
27.34
4.637
23.55
26.24
8.727
32.1
28.54
26.25
32.07
26.7
14.81
15.05
25.05
34.73
34.36
43.21
27.58
26.75
24.34
12.04
40.14
3.896
5.605
28.33
18.96
19.94
34.04
21.46
40.41
18.49
29.83
13.93
11.17
25.26
21.47
28.29
38.96
35.39
35.67
27.11
5.81
7.201
12.26
39.64
17.18
40.7
9.511
9.601
9.846
22.99
10.69
16.32
5.162
7.3
19.45
22.48
22.01
29.67
22.46
21.13
11.8
12.97
17.75
5.733
23.58
23.19
22.32
24.09
22.39
6.276
28.82
2.513e-06
5.63
5.039
12.39
27.84
27.26
30.6
28.62
36.72
28.46
28.46
13.76
10.81
4.07
27.93
42.67
42.37
43.26
42.7
42.52
22.33
22.96
25.88
13.14
25.34
35.45
30.05
33.87
32.63
40.1
27.7
6.771
42.26
5.015
11.51
26.44
31.24
31.6
36.89
31.67
49.5
31.49
19.2
3.889
16.81
12.14
4.072
20.33
17.44
12.55
16.75
17.01
16.63
9.113
10.17
2.468
21.43
36.38
37.26
36.57
37.85
35.96
14.21
13.08
13.08
12.59
14.2
8.012
1.694
9.969
26.26
4.75
37.78
31.32
31.54
33.39
31.56
26.45
6.1
29.85
8.447
26.61
25.64
30.62
25.5
38.13
34.11
32.11
37.82
32.06
22.17
26.06
13.66
14.91
18.86
19.78
24.95
28.62
13.9
22.0
12.69
2.193
38.02
21.13
33.26
30.34
26.24
21.25
13.41
17.55
13.41
21.54
10.46
4.183
20.16
15.49
4.186
18.95
13.59
15.03
24.1
13.88
1.731
46.45
2.493e-06
23.61
26.04
29.8
36.78
40.85
42.95
33.01
43.56
33.09
33.09
1.517
26.09
8.41
7.317
14.78
21.94
24.13
27.67
21.87
32.38
22.23
23.13
11.13
10.01
29.44
29.02
35.99
40.86
36.75
37.67
37.84
36.56
4.894
9.853
33.71
23.36
5.023
28.63
19.89
20.41
22.48
38.26
19.81
17.79
30.19
2.31
22.43
2.31
22.43
17.79
30.19
0.0
29.45
14.05
20.57
5.524
24.86
22.3
23.5
33.95
35.07
24.86
22.89
20.69
21.17
18.49
2.202
12.74
28.44
28.96
34.81
35.26
33.77
28.88
28.84
27.81
17.25
4.998
8.554
29.33
31.97
31.45
38.57
40.26
31.46
14.25
16.18
2.165
30.77
18.54
32.07
36.75
34.8
38.76
33.53
32.82
20.25
44.23
1.405
9.039
31.89
33.06
30.5
42.27
32.08
23.74
16.83
23.21
33.79
32.87
32.04
26.51
22.66
2.366
40.89
21.55
14.28
25.68
20.58
15.26
46.17
15.14
32.77
27.57
48.67
32.57
42.84
24.47
38.74
17.85
15.98
15.65
33.38
6.897
38.64
23.93
22.79
27.49
23.71
16.94
5.843
2.198e-06
7.296
33.16
18.31
42.1
36.3
43.91
41.16
40.2
40.95
40.95
2.021
11.61
26.38
24.53
30.88
27.77
21.04
23.76
21.2
20.75
5.233
10.46
19.41
11.17
18.05
20.43
6.228
4.568
1.458
12.51
6.082
4.195
28.06
28.18
27.43
40.55
26.57
29.87
26.73
4.949
31.12
1.386
8.389
36.93
36.7
37.16
45.59
37.03
14.27
12.63
30.9
30.67
33.57
35.34
18.64
18.19
14.42
1.693
35.6
25.94
36.26
31.58
31.56
42.15
24.72
14.23
11.84
24.0
26.81
27.6
34.46
33.0
28.56
25.68
24.81
28.38
34.27
2.062
6.793
8.095
11.19
24.58
26.72
33.97
6.865
13.68
4.476
2.018e-06
11.58
19.01
1.68e-06
16.48
21.85
12.73
9.297
13.43
12.73
12.73
13.45
23.17
17.27
10.39
15.89
29.78
30.18
28.5
31.97
35.81
29.06
1.418
8.749
18.67
21.14
44.76
47.04
43.16
44.9
43.06
15.68
33.0
16.67
14.38
26.64
27.21
26.52
33.94
19.5
27.9
14.12
2.571
15.43
20.93
27.05
31.74
22.13
20.6
4.54
11.16
14.82
30.86
20.86
42.4
37.39
33.68
32.94
32.93
33.0
29.45
32.67
4.479
6.579
7.16
5.239
7.854
7.861
29.53
32.64
2.412
20.53
14.5
13.29
23.26
7.949
15.42
31.22
25.85
28.71
29.24
24.98
24.81
23.7
24.68
30.92
11.04
21.28
22.25
27.87
30.32
34.29
20.3
23.57
12.13
20.58
12.09
34.15
27.78
34.31
29.83
28.29
4.725
4.47
16.72
4.31
14.03
36.59
31.5
30.32
31.18
31.37
31.36
20.51
9.408
28.6
19.86
35.82
23.72
21.72
20.51
27.45
8.773
13.29
9.268
31.54
29.47
16.45
32.06
30.13
22.44
25.15
6.033
33.77
27.92
35.06
28.39
27.54
10.45
11.7
14.9
30.77
32.21
30.92
29.53
28.83
30.6
9.016
15.98
11.3
21.74
18.76
30.98
17.54
15.91
23.87
11.87
23.99
9.551
38.67
37.12
24.23
40.79
38.01
21.86
11.41
19.81
12.62
14.73
31.59
33.95
33.24
32.28
30.54
30.76
22.75
16.83
23.41
14.12
43.18
38.39
44.43
38.31
36.28
4.821
10.8
25.73
13.44
23.59
16.81
14.87
16.76
14.51
28.47
9.313
25.94
20.48
37.16
44.74
50.76
44.67
46.14
10.41
11.62
24.54
18.83
45.83
48.27
39.48
40.05
42.36
14.27
19.1
16.01
12.68
42.61
39.43
38.34
42.8
38.0
12.38
13.76
11.73
41.3
41.57
40.28
38.97
39.84
26.39
13.62
26.06
14.09
2.155e-06
35.32
27.67
20.43
31.66
20.52
20.43
27.73
14.12
31.02
8.357
54.67
56.75
57.3
59.16
56.63
7.547
8.237
16.08
3.953
18.99
10.7
8.061
13.33
10.23
21.76
5.422
5.305
11.72
14.07
10.29
26.5
11.19
11.49
20.7
9.487
18.76
8.434
28.8
24.58
23.57
25.96
24.53
23.27
25.98
19.57
13.38
24.97
24.68
31.04
23.27
23.35
13.88
22.19
6.407
51.91
53.45
53.39
53.58
54.13
23.52
11.95
22.36
10.08
32.48
21.0
29.96
25.81
22.83
24.71
16.95
18.52
24.0
8.319
17.12
24.19
9.838
17.86
25.06
15.76
18.62
3.176
25.12
12.09
35.67
39.44
45.83
41.07
39.93
22.25
11.99
29.75
13.53
33.86
29.27
36.05
29.11
27.51
26.69
12.45
25.1
7.051
60.02
55.76
57.31
55.79
56.26
19.85
13.93
18.07
18.58
5.804
33.24
28.92
32.02
29.23
31.45
27.93
7.664
13.14
21.15
29.01
31.02
29.78
24.94
26.11
15.95
2.004
11.77
28.52
26.98
6.005
24.62
24.24
26.93
25.28
36.67
27.71
27.44
14.56
11.7
14.51
5.702
15.58
6.713
13.73
11.01
2.04
16.07
7.382
8.0
14.1
29.3
36.25
32.34
32.63
32.38
20.93
8.509
9.566
12.5
57.74
57.25
58.06
55.93
56.65
22.98
7.615
11.28
7.217
17.17
15.8
27.11
15.5
14.27
28.99
31.1
11.01
45.79
46.84
48.24
47.14
46.45
13.59
14.58
29.22
6.023
43.87
40.2
40.4
40.82
40.02
27.32
10.61
27.97
4.693
29.79
17.41
30.37
18.22
16.95
18.91
12.2
22.26
13.41
33.0
47.35
38.49
41.97
42.18
21.69
22.15
19.19
9.894
53.55
54.48
49.98
51.16
53.16
24.41
6.704
14.39
4.592
58.44
57.71
55.92
56.31
57.45
28.78
10.57
39.76
14.16
42.08
36.99
40.21
39.76
30.06
5.496
12.9
6.045
1.435e-06
37.07
39.43
39.06
34.98
38.84
39.06
31.06
10.9
24.27
9.072
56.06
52.78
48.58
48.5
51.0
13.76
29.84
29.65
28.89
28.97
26.66
14.8
23.1
14.05
41.29
42.74
42.65
44.91
43.2
14.53
4.515
13.89
7.976
37.05
39.63
43.62
39.24
39.14
13.62
29.25
16.84
33.11
18.54
12.05
6.653
23.24
18.47
8.539
37.14
35.31
32.73
36.72
33.47
16.34
15.06
23.89
8.206
25.5
11.5
16.52
16.06
9.571
20.41
26.14
21.59
7.543
35.21
37.36
37.86
42.48
37.3
28.8
33.24
33.24
28.8
6.407
33.92
12.1
27.26
4.658
53.85
53.12
47.24
51.76
52.75
14.32
22.26
13.23
18.73
22.38
25.26
18.02
21.13
14.8
16.91
21.13
10.9
9.698
17.35
3.896
26.33
20.39
20.71
19.46
19.08
12.96
14.3
23.65
4.748
43.34
53.24
52.51
52.64
53.13
11.83
13.25
12.98
36.07
36.75
35.36
34.26
34.44
21.78
10.92
17.41
25.94
9.877
30.16
26.35
18.99
16.83
29.97
10.09
17.51
10.59
57.69
59.2
57.52
55.87
57.98
23.14
11.69
26.07
10.34
37.39
32.62
20.77
35.36
32.73
29.24
26.77
2.597
20.84
8.538
25.91
24.14
41.54
40.29
24.18
24.34
4.808
22.37
4.828
30.64
20.9
31.67
21.7
21.02
8.986
11.09
23.62
22.37
34.8
35.98
31.3
30.21
29.15
19.18
5.43
24.79
25.62
29.94
30.04
21.92
13.49
13.74
17.66
8.518
3.724
13.47
30.6
35.63
28.5
31.6
30.43
17.51
11.5
1.563e-06
20.43
9.596
39.85
38.92
45.64
41.2
39.51
39.51
16.69
9.189
15.69
8.97
22.43
22.94
21.49
24.74
22.35
34.57
4.925
28.96
5.078
23.16
42.41
36.1
42.52
20.16
36.02
35.83
9.778
9.435
14.65
9.051
47.52
45.19
46.11
46.65
45.89
12.07
23.87
10.96
10.66
42.83
42.9
42.41
44.54
42.22
27.03
12.45
11.21
13.99
49.25
48.91
45.72
47.87
48.52
13.27
14.61
13.43
10.93
11.16
15.07
15.89
11.71
10.2
17.68
9.064
26.47
11.95
51.37
49.94
49.8
52.89
51.05
27.25
7.14
12.06
13.43
19.6
19.49
32.86
16.62
15.9
17.21
8.994
1.194e-06
13.16
10.23
1.173e-06
35.01
35.57
34.14
37.28
35.0
34.14
34.14
23.24
11.31
26.37
10.39
39.95
37.42
23.64
40.2
38.04
5.744
21.11
9.554
16.07
29.63
14.13
28.06
28.27
37.31
10.46
36.99
37.62
38.64
38.07
37.35
42.27
41.57
16.32
11.68
45.05
45.22
49.37
48.3
46.53
14.1
6.952
10.8
11.73
38.58
38.6
39.65
37.01
36.94
8.162
14.88
13.8
42.43
38.26
33.65
36.23
36.39
23.51
11.76
25.44
4.65
32.97
32.94
18.38
35.5
33.06
17.79
10.24
20.33
4.462
31.75
22.7
24.52
24.64
22.63
41.07
10.75
37.71
6.666
46.58
41.97
29.71
45.08
43.18
16.44
14.68
18.69
10.66
47.65
49.22
51.27
52.19
50.64
23.2
4.776
33.71
9.722
48.15
48.03
46.15
46.64
46.51
14.32
23.92
13.23
31.67
22.38
23.71
18.08
4.281
26.97
4.142
37.08
43.44
45.5
42.18
42.87
22.94
15.68
4.8
32.21
4.675
3.601
21.73
31.83
32.3
36.39
33.53
32.53
32.22
17.86
4.811
22.85
8.977
48.76
49.78
52.36
48.65
48.92
16.42
4.172
14.01
11.55
24.56
25.37
32.32
26.3
27.06
25.9
4.699
26.06
11.45
37.17
36.53
44.91
35.69
35.46
22.02
5.058
35.61
12.33
55.44
58.98
57.79
57.58
58.15
30.24
11.36
30.47
56.18
46.53
54.05
54.47
54.32
14.83
13.04
29.58
4.827
56.72
51.14
51.06
52.24
51.56
4.8
6.558
15.86
9.315
26.53
30.44
31.15
29.16
29.48
19.62
11.85
10.34
27.47
24.52
24.59
28.37
24.06
18.71
28.94
1.006e-06
11.38
5.141
35.98
35.58
35.86
30.07
35.12
35.12
17.22
5.91
17.06
31.14
7.718
25.5
34.42
17.58
22.43
17.95
16.77
22.51
11.56
13.96
11.57
29.45
26.6
32.07
25.88
24.55
14.38
5.579
17.03
14.4
48.66
50.93
49.36
49.05
49.4
14.55
11.95
23.08
10.61
19.82
24.36
27.47
27.79
23.52
14.15
7.555
23.49
9.796
50.75
55.06
54.2
54.04
55.21
13.95
14.9
12.36
13.66
22.29
21.44
24.18
26.2
19.32
21.49
14.34
23.22
16.7
45.23
52.79
52.84
52.17
52.98
18.47
10.09
25.98
30.06
63.83
59.31
58.38
60.41
60.37
14.34
28.37
21.59
11.35
29.83
18.09
24.2
33.94
18.53
20.83
10.03
34.32
4.206
62.17
51.04
50.3
52.4
51.78
13.76
14.67
26.66
10.46
57.59
53.19
53.57
55.56
53.99
19.53
7.773
25.71
33.35
32.75
24.01
30.84
30.72
23.57
11.44
26.75
7.998
42.13
44.23
42.48
44.59
44.47
16.32
7.261
19.27
9.453
51.57
50.56
55.28
51.33
51.14
10.7
15.07
16.46
17.44
47.71
47.58
45.41
46.67
44.42
26.22
9.153
14.44
7.139
54.48
53.78
49.48
53.68
54.06
27.33
10.42
29.26
5.132
29.99
13.64
31.36
16.17
12.4
30.91
13.39
24.04
18.52
55.2
58.22
59.88
61.93
62.08
17.64
14.77
17.17
36.31
30.27
31.54
32.45
32.21
33.35
10.03
11.43
8.834
4.455
51.48
49.74
50.94
49.03
50.03
19.67
12.99
31.52
7.04
55.55
58.43
60.01
58.13
59.47
21.22
14.62
33.38
11.88
36.07
29.4
32.18
28.37
27.13
21.96
10.38
25.43
6.446
39.88
32.77
33.53
32.93
32.08
14.71
4.979
23.0
12.3
42.14
44.37
42.54
46.93
47.37
12.39
12.11
21.48
12.64
37.7
41.62
41.59
42.41
41.79
21.45
6.264
28.14
15.87
31.9
16.0
13.3
19.45
5.457
9.001
12.1
15.49
15.48
21.35
10.98
9.953
20.8
11.11
10.01
10.33
24.33
25.29
10.95
22.85
21.98
20.15
7.161
10.13
8.105
33.42
33.19
28.04
33.25
32.45
12.46
9.938
9.804
4.606
49.93
49.16
51.49
48.82
50.04
27.48
10.67
26.82
4.968
27.38
14.65
32.78
17.19
13.84
11.73
13.12
10.87
9.777
35.03
32.66
32.36
32.19
32.53
12.72
6.72
14.46
6.829
30.51
28.73
30.92
28.78
28.56
27.5
10.88
28.35
19.67
28.35
10.88
22.56
7.053
20.53
4.516
33.27
35.8
32.61
38.31
36.56
11.56
5.659
16.9
9.5
14.28
13.77
10.39
28.78
4.738
27.72
9.073
31.65
15.29
28.66
11.88
11.33
26.14
5.467
56.53
57.78
56.33
57.22
57.74
27.86
25.51
4.714
54.82
52.52
51.44
53.58
53.15
14.81
7.333
14.15
22.03
22.48
24.57
19.84
18.36
21.56
18.61
19.38
4.756
20.42
27.47
18.72
34.14
27.96
17.0
23.48
10.43
8.423
44.91
43.8
43.38
46.54
44.03
12.82
6.895
12.76
5.475
25.1
26.9
29.14
25.04
25.52
8.365
8.092
19.79
54.94
56.5
58.38
57.24
57.41
12.01
13.25
21.38
5.957
27.43
15.26
11.47
18.31
13.76
46.75
17.91
32.29
4.839
37.61
23.68
51.67
24.79
22.91
24.8
12.99
29.25
5.165
32.54
27.17
25.78
29.85
26.67
30.75
6.707
11.86
11.89
17.49
2.404
32.74
13.59
12.37
13.91
9.569
31.2
10.54
40.98
25.99
20.38
25.73
24.24
12.89
4.352
13.5
5.427
56.11
56.22
54.07
56.82
56.85
23.81
22.27
8.752
8.637
18.95
16.78
27.96
31.73
17.85
23.34
11.73
13.73
5.067
35.21
32.29
37.29
33.56
32.03
24.78
10.37
23.04
12.37
47.45
50.29
49.39
52.87
51.23
14.32
32.47
13.62
28.41
20.65
21.27
21.8
18.57
33.25
4.339
12.73
31.06
41.25
33.1
27.56
40.4
40.16
19.09
11.3
20.81
4.985
39.18
31.51
32.75
32.31
31.48
19.21
6.198
35.41
35.16
35.47
37.12
39.3
38.86
38.36
25.92
12.74
21.01
4.892
57.14
54.67
50.26
55.73
55.49
19.81
8.975
27.04
24.85
47.03
43.73
48.02
51.22
50.57
28.28
13.36
12.91
8.041
38.17
35.15
34.21
36.1
34.61
17.68
7.684
7.602
7.752
40.34
40.01
32.47
38.2
38.57
14.82
10.95
21.23
10.9
39.52
52.21
52.68
50.38
51.48
17.36
7.877
25.79
4.744
28.21
10.65
18.86
11.74
8.72
23.93
17.2
11.65
13.22
38.19
38.46
41.78
38.35
37.07
6.892
30.84
24.66
60.72
49.72
46.89
53.02
53.6
17.95
10.78
6.273
6.237
31.72
31.83
33.27
31.07
31.02
16.92
20.64
24.42
9.705
37.09
46.17
44.18
43.14
44.58
11.96
18.23
16.95
11.83
15.93
28.84
29.84
27.87
26.84
13.5
8.052
18.87
3.909
16.38
24.42
28.01
25.02
24.58
25.79
6.173
14.27
7.078
37.55
32.94
38.31
33.77
33.31
18.37
10.65
28.0
10.26
29.86
33.9
35.25
31.37
30.36
2.029
12.22
15.2
8.177
15.52
8.491
12.49
2.029
23.43
9.074
24.39
9.642
35.99
28.73
38.62
28.31
27.3
7.343
12.62
12.76
39.05
40.2
38.25
37.29
38.41
10.06
10.1
11.83
8.454
25.84
24.83
25.58
26.0
23.94
20.65
26.66
23.01
12.36
28.24
22.94
32.99
30.25
20.71
10.44
11.2
11.39
19.32
22.2
29.63
17.85
22.22
20.17
32.7
5.355
18.65
5.162
29.47
22.7
31.09
22.37
22.23
32.28
31.42
25.97
32.67
43.7
31.9
42.13
36.48
38.03
21.93
5.896
23.76
11.43
44.79
32.17
31.41
29.41
29.66
24.68
12.03
24.56
9.19
44.38
42.76
48.35
45.27
43.46
20.48
17.15
1.612e-06
22.7
10.19
39.78
47.89
46.88
46.38
44.76
44.76
27.96
6.101
9.741
10.99
21.27
23.66
32.98
19.81
19.85
20.69
12.13
13.41
12.89
38.13
39.59
43.74
40.27
41.09
17.47
13.54
30.43
10.17
32.19
27.99
31.84
31.85
26.56
27.61
14.8
29.04
10.03
40.61
40.6
41.66
39.65
40.88
19.74
10.84
19.52
26.57
54.09
45.44
57.6
53.99
53.11
22.36
10.08
28.66
13.07
49.4
47.22
51.67
48.89
45.81
13.34
11.98
22.73
18.3
19.35
14.46
15.91
18.84
11.59
27.97
54.29
50.72
52.91
54.73
52.73
27.16
13.44
13.8
14.39
14.39
13.44
18.89
8.413
27.6
9.954
38.85
25.71
26.84
24.04
23.44
19.74
6.454
18.07
8.373
22.18
28.54
29.57
24.57
25.22
29.78
21.07
14.73
34.76
8.725
36.43
30.12
9.771
10.63
23.25
22.9
35.75
28.13
31.22
30.83
31.01
12.25
21.32
1.632
11.82
50.98
50.1
51.64
50.03
51.38
22.42
16.44
18.77
4.634
31.5
25.76
19.8
33.26
27.19
14.98
9.551
22.26
5.138
43.12
37.87
39.96
39.85
38.73
29.11
29.91
26.9
10.47
59.95
54.24
57.44
57.19
54.86
33.11
6.362
34.04
38.24
50.17
44.88
36.11
44.97
45.12
11.4
16.47
23.86
10.02
30.15
28.88
31.87
32.14
30.17
4.175
7.595
3.942
25.13
15.72
38.09
34.16
38.15
37.13
37.03
37.91
2.102
12.1
18.99
16.93
35.45
31.38
28.75
29.46
29.17
19.69
41.68
4.421
14.78
9.317
36.64
38.37
40.96
40.65
38.05
38.64
29.3
9.348
24.59
18.98
6.638
36.57
32.36
38.3
32.46
38.03
31.16
6.512
15.07
1.578
17.74
31.55
29.53
32.94
42.05
29.78
28.93
29.41
22.7
12.0
25.92
6.383
33.37
31.18
40.33
35.33
31.82
9.201
7.277
3.05
12.29
10.38
46.34
46.12
45.59
45.04
44.36
44.89
7.164
34.54
25.83
17.97
24.8
28.41
32.08
20.6
38.44
32.29
21.03
4.773
9.54
5.894
17.35
28.36
34.19
27.42
28.43
27.82
22.2
7.041
1.747
10.69
35.84
40.69
38.46
43.68
41.82
43.3
41.35
12.31
25.21
9.624
29.61
65.05
47.17
61.08
65.68
61.66
13.57
15.58
23.12
6.513
43.49
40.57
39.82
42.41
41.48
13.2
6.147
12.87
8.104
19.67
46.79
43.4
38.39
41.48
42.34
42.63
1.393
11.74
13.18
8.271
19.15
17.68
15.0
19.27
14.96
2.331
24.29
9.292
3.847
29.62
27.12
26.34
26.2
26.57
35.83
34.36
4.162
8.262
37.95
37.72
26.37
22.55
37.52
4.181
22.26
8.99
14.1
9.352
13.1
36.71
35.76
36.33
35.84
38.78
37.88
36.22
18.9
14.63
11.87
16.76
14.16
17.43
19.52
16.9
8.939
8.421
7.573
9.64
3.593
35.07
33.85
32.51
33.54
33.28
16.65
29.3
36.35
16.56
7.426
48.74
49.27
49.58
54.18
47.95
48.8
11.15
29.86
13.16
15.12
43.26
46.44
43.43
34.4
42.96
15.59
31.51
2.838
17.21
64.05
54.3
62.54
61.78
63.23
12.83
44.05
16.09
4.253
32.65
29.92
31.63
36.22
29.53
17.07
7.643
17.73
23.85
23.66
31.12
49.61
46.25
43.23
54.48
46.12
47.62
45.62
6.193
10.31
3.717
4.183
34.34
33.9
34.16
36.82
34.08
18.17
24.72
1.991
11.27
36.54
35.49
42.26
40.93
36.33
9.876
25.18
30.72
15.06
10.68
43.3
41.15
43.44
42.17
38.73
42.55
28.9
22.49
15.17
11.28
30.23
30.08
29.09
21.63
29.62
3.472
12.75
9.904
4.214
32.14
31.67
32.42
32.45
32.11
21.33
21.32
17.34
16.87
33.82
32.58
29.92
35.02
29.02
5.59
27.21
2.632
38.16
40.73
34.14
40.18
41.82
40.61
12.55
4.694
15.65
19.02
19.91
25.89
28.23
27.59
23.96
26.24
25.19
4.527
7.775
3.73
32.9
20.07
38.64
19.59
21.4
20.0
1.409
19.35
23.61
20.86
38.9
37.51
34.17
35.08
34.33
17.03
24.36
5.663
5.752
18.41
23.53
25.75
33.25
29.12
26.47
25.46
4.499
8.047
12.0
9.678
43.12
44.29
42.92
42.94
43.31
17.23
40.3
3.905
10.3
30.54
33.52
30.37
42.84
30.39
2.059
11.64
15.84
13.01
36.2
37.16
35.62
35.94
35.33
5.555
12.2
5.247
20.85
30.22
35.12
31.63
31.71
30.52
16.19
8.151
4.712
1.357
6.943
35.94
37.11
36.68
35.36
35.99
36.13
5.911
21.81
14.9
11.56
5.908
30.58
28.67
27.35
36.52
32.86
27.11
4.844
15.59
1.362
8.579
21.25
21.66
21.13
25.4
21.32
9.736
17.59
10.75
7.742
35.18
34.4
33.24
32.44
33.49
21.17
14.69
5.662
10.23
21.04
48.29
48.67
45.37
47.42
48.3
47.55
6.679
42.29
1.457
8.644
12.97
43.45
43.39
44.38
43.68
36.43
43.79
19.45
5.367
4.916
4.453
43.55
43.19
41.17
42.46
43.3
11.47
27.74
1.374
23.81
40.12
36.45
39.81
48.59
40.27
4.551
3.766
16.48
18.35
21.65
44.18
46.87
44.11
43.8
46.65
43.35
27.33
12.46
20.49
13.63
2.02
44.35
41.47
37.0
35.78
35.67
37.21
11.79
7.062
9.181
24.45
19.51
41.69
39.3
40.03
47.42
41.13
41.02
4.494
24.14
16.08
19.21
36.49
39.82
36.0
34.28
35.33
4.507
8.875
1.474
39.69
6.244
24.57
40.01
24.96
24.11
24.5
24.47
4.654
4.496
10.76
19.85
31.61
39.07
35.38
44.03
37.0
36.91
37.09
8.577
12.56
21.22
4.616
23.84
24.17
26.22
26.66
24.05
3.403
8.996
21.15
5.964
41.39
38.08
36.3
36.76
36.92
1.369
16.27
11.05
13.05
46.59
49.45
47.15
51.46
47.38
11.72
5.292
10.51
16.87
14.48
46.52
43.05
46.4
47.26
45.51
45.12
5.093
7.82
2.678
9.201
22.65
22.52
21.71
23.82
22.18
13.16
8.152
17.14
18.4
4.012
36.75
33.39
35.5
35.76
34.24
33.83
9.338
6.173
6.487
14.49
14.27
24.22
24.37
21.48
25.53
25.41
24.13
13.38
8.904
6.996
28.11
28.53
28.55
29.59
13.59
11.17
1.998
14.48
27.27
28.99
30.02
29.76
27.49
8.583
20.09
20.24
15.92
30.34
26.58
27.84
30.93
26.91
22.61
4.613
1.286
7.414
15.17
42.53
43.88
44.4
50.56
41.45
42.26
3.356
6.826
3.371
29.59
29.14
30.0
31.23
29.59
20.52
27.05
18.15
18.93
32.21
37.22
39.29
22.98
36.15
21.5
24.09
1.483
8.7
30.56
32.57
32.84
24.77
30.03
4.974
11.71
22.85
23.73
39.89
39.95
35.24
38.17
36.02
12.42
4.284
6.239
9.713
42.42
43.24
44.5
41.96
42.85
4.961
21.39
18.23
8.733
39.54
40.97
38.41
43.6
39.05
7.645
4.286
6.394
21.2
22.12
32.09
31.21
24.13
23.84
23.62
24.42
7.254
8.53
13.61
15.42
34.16
35.46
36.4
36.83
36.21
12.27
34.44
11.6
8.236
18.74
37.01
36.24
41.0
36.65
35.5
36.06
14.69
12.79
6.313
9.704
42.78
42.12
40.46
45.14
42.59
7.037
30.0
19.58
8.223
35.24
48.01
47.06
46.57
46.68
15.94
23.48
6.595
23.31
23.78
32.59
32.51
31.91
23.23
5.323
23.18
13.1
29.92
49.68
43.5
45.73
46.2
46.88
21.32
11.55
10.76
5.115
34.56
31.91
28.51
33.95
32.15
20.62
23.05
5.654
7.633
45.31
44.3
44.13
48.38
44.35
16.97
4.165
5.449
22.4
11.35
32.78
37.62
34.98
32.42
31.64
31.99
21.37
9.132
10.27
22.99
39.24
38.63
35.12
40.91
39.79
6.772
11.22
24.89
5.018
26.12
40.59
34.95
41.93
34.96
39.62
34.85
4.476
10.77
25.16
17.99
30.8
29.92
27.04
29.08
26.51
19.89
3.616
6.765
7.374
35.32
37.2
34.06
35.53
35.82
15.87
19.12
28.1
16.61
4.033
34.59
28.03
28.42
31.65
35.35
27.54
1.442
8.91
12.24
18.31
37.32
34.93
33.09
32.07
33.54
17.83
8.384
13.17
10.88
42.99
41.95
44.06
39.03
40.06
4.345
31.49
6.432
33.77
46.81
49.93
45.62
41.83
45.9
1.464
4.669
14.88
16.5
40.71
45.03
52.29
43.9
43.81
44.95
43.69
17.16
10.74
3.232
20.01
24.72
32.84
24.88
24.72
24.31
4.744
28.44
28.74
12.24
10.09
40.64
41.44
41.83
45.29
39.22
41.24
12.57
4.954
1.512
9.392
34.04
37.02
36.08
33.43
33.99
6.638
41.37
10.63
14.92
7.458
44.91
43.88
46.97
44.78
51.23
45.41
9.661
25.08
23.73
10.34
30.54
33.99
32.69
37.75
32.33
1.588
16.0
7.081
9.406
19.55
21.46
19.06
24.57
18.97
22.79
23.65
9.782
8.972
27.4
28.7
33.78
30.36
26.77
17.5
4.774
7.546
17.7
27.84
29.21
31.91
29.84
28.8
5.904
7.453
3.687
13.14
36.57
37.87
36.34
35.94
36.19
11.8
5.502
18.7
6.861
29.23
19.39
21.12
19.93
19.12
5.008
34.38
3.233
6.184
32.44
32.48
34.57
44.98
33.09
19.34
11.01
4.952
2.61
13.74
39.33
42.41
44.33
42.04
40.26
39.51
1.314
7.778
17.17
13.56
47.14
44.43
45.05
44.24
45.24
4.57
21.63
19.03
19.86
9.239
49.87
49.67
47.83
48.44
47.76
49.63
4.406
7.666
18.64
10.35
13.63
25.32
28.77
27.18
28.45
28.7
27.62
12.71
31.63
3.451
27.0
19.72
47.08
48.24
44.82
48.38
51.53
47.22
40.5
4.801
12.46
8.131
12.35
45.32
46.99
45.35
54.46
43.46
44.59
11.59
12.8
1.391
8.666
31.1
31.51
33.58
33.2
31.07
9.878
25.85
12.02
4.959
54.28
53.96
56.26
61.59
53.92
19.42
14.07
15.7
5.076
40.13
37.28
31.54
37.69
37.39
5.349
16.05
4.061
10.63
20.88
23.48
18.33
25.45
19.55
16.21
5.786
25.9
4.045
24.87
47.53
47.34
46.54
46.04
48.09
47.45
1.65
25.85
14.52
6.165
34.6
36.97
37.12
24.62
37.18
13.6
35.06
14.71
15.07
13.6
40.04
41.23
37.47
61.3
39.9
38.58
14.46
8.336
1.162
3.39
31.75
32.0
33.38
34.03
32.05
8.397
28.22
13.76
8.151
25.71
21.04
21.0
33.12
18.83
7.832
4.298
16.47
23.02
50.71
48.36
58.2
57.53
58.23
20.28
15.35
18.37
8.864
35.84
39.23
33.04
33.44
38.07
16.01
5.867
6.994
17.24
17.51
37.58
39.39
42.5
38.78
37.41
39.32
1.667
10.88
13.87
21.59
31.63
34.48
32.58
34.95
32.57
15.08
9.561
3.487
23.11
2.023e-06
31.16
31.36
32.04
39.81
33.85
32.04
15.91
8.769
20.75
15.37
40.59
32.59
32.53
30.31
32.45
2.601
15.21
22.21
8.632
22.86
8.634
5.041
15.95
4.352
20.21
26.12
5.184
25.05
27.56
30.5
32.44
21.37
27.84
13.61
12.51
13.34
8.201
11.46
14.07
13.15
40.3
40.05
35.08
38.5
37.75
37.58
4.687
4.629
25.92
5.435
31.24
23.5
23.19
22.96
23.02
20.58
5.65
27.2
2.777
9.488
35.26
36.91
39.16
33.68
43.14
34.49
12.22
20.67
12.75
11.25
32.02
31.66
37.43
37.39
31.61
12.65
4.346
7.535
7.393
23.85
39.29
36.34
27.82
38.81
37.32
37.83
18.1
12.53
3.954
13.52
34.17
35.9
32.1
37.36
34.73
20.67
9.304
17.02
15.65
1.845
36.84
39.38
38.01
40.45
38.83
37.96
19.59
8.688
9.24
24.9
36.09
29.36
37.94
37.79
36.22
2.762
13.17
5.397
4.479
7.809
40.48
39.6
39.67
40.57
39.79
40.01
15.85
21.33
13.29
12.43
21.83
34.75
39.62
35.08
36.93
36.03
36.09
16.31
8.605
13.52
24.87
10.46
46.73
43.27
44.78
52.45
45.43
44.83
3.21
4.104
15.12
10.1
3.441
39.02
43.36
42.62
41.6
41.46
42.4
15.18
8.091
19.32
35.07
31.25
38.15
29.7
28.53
26.21
21.33
5.349
1.305
3.844
39.79
40.08
40.73
39.61
39.84
7.676
7.461
20.52
4.538
9.037
62.42
58.35
58.31
57.06
57.44
58.7
6.028
13.33
6.227
10.4
35.15
34.85
36.52
38.33
35.1
19.22
3.989
1.656e-06
7.011
9.851
12.38
14.59
23.5
12.91
12.23
12.23
13.92
48.09
13.31
5.788
26.64
27.37
27.73
53.3
26.06
5.175
4.266
10.15
28.22
24.58
41.42
34.05
31.29
31.11
29.15
30.98
24.96
6.553
5.758
20.68
27.51
40.85
47.51
39.9
39.79
37.17
39.07
7.561
13.34
13.02
25.22
27.97
34.34
24.88
41.67
31.99
33.4
32.51
12.24
10.52
2.068
21.58
37.05
40.84
35.47
34.37
36.56
17.88
15.04
3.507
16.26
1.474
35.15
37.44
34.56
35.21
36.32
34.81
2.305
25.16
5.321
9.396
36.69
37.17
36.83
30.0
36.93
14.38
37.4
21.18
24.15
27.54
40.23
36.82
46.71
33.11
3.022
9.085
20.64
19.64
42.37
41.24
41.52
42.33
41.95
4.067
4.639
11.45
16.39
42.17
41.55
42.45
42.29
42.1
17.64
10.3
14.86
15.11
18.82
15.44
19.15
17.47
10.38
15.04
2.847
19.93
22.66
16.19
8.135
25.95
22.58
30.11
32.58
22.14
2.909
27.45
25.87
4.931
37.74
34.43
36.14
38.79
35.44
16.15
19.2
22.47
7.956
8.055
7.597
35.38
37.26
35.5
37.44
37.0
39.76
36.91
8.017
24.63
23.85
10.84
25.34
43.0
40.22
41.17
41.35
38.27
40.43
5.266
4.905
1.656e-06
14.03
18.87
36.82
37.02
36.07
36.41
36.53
36.53
0.9421
47.24
19.37
17.8
50.98
53.78
52.1
27.73
52.18
4.018
12.08
16.53
5.279
24.76
21.97
20.59
22.09
21.3
13.6
33.39
3.793
7.643
1.431
32.97
32.42
32.11
33.62
52.02
32.36
1.436
11.1
13.33
8.576
25.06
22.76
21.77
20.88
21.48
20.25
8.971
12.38
6.817
50.02
47.74
45.26
45.16
47.15
2.411
7.743
23.16
8.956
20.91
37.98
42.38
38.96
39.0
39.51
38.63
11.8
8.976
14.49
21.34
8.533
45.31
47.32
49.3
47.46
48.3
47.64
13.57
10.33
1.672
14.07
28.7
32.83
30.71
29.29
28.25
4.825
17.97
5.718
30.48
22.01
43.71
37.96
49.49
46.57
44.43
45.51
1.734
5.259
12.48
6.129
40.47
36.34
35.71
35.82
36.11
16.7
4.223
15.92
13.25
52.63
33.97
53.6
32.17
32.5
31.93
31.97
24.46
3.433
8.234
14.35
40.87
42.1
37.14
38.51
39.06
30.13
11.44
29.66
2.576
16.54
25.9
30.36
36.62
29.27
37.43
26.1
12.01
11.93
10.36
3.625
32.87
33.04
31.42
33.58
32.36
4.12
8.202
11.65
9.382
27.57
35.42
39.03
34.87
35.98
36.5
35.08
3.276
7.178
10.19
30.76
27.08
36.28
24.71
25.21
24.8
16.71
4.15
11.68
9.242
17.06
32.9
32.63
32.28
38.14
33.05
32.66
2.635
18.93
14.51
8.079
29.88
28.18
28.13
32.63
27.82
2.769
23.74
6.082
27.7
14.01
48.85
30.78
32.45
32.01
32.86
32.82
10.49
3.291
9.715
42.11
32.59
44.43
32.44
35.02
34.04
14.65
11.96
7.545
3.05
9.855
38.14
39.78
42.92
38.08
37.87
38.22
3.318
7.263
9.208
11.13
30.59
30.61
32.6
33.94
31.58
10.18
21.88
8.173
3.569
9.367
49.17
48.09
49.19
47.25
48.92
49.3
1.322
20.48
9.673
5.593
29.59
28.51
27.58
34.84
28.06
19.72
7.01
2.247
7.149
35.49
35.69
37.62
36.45
35.61
18.74
15.56
4.919e-06
0.0
40.65
59.32
56.89
64.4
60.01
59.32
59.32
1.582
9.35
12.14
17.02
33.82
33.1
34.28
32.37
34.87
1.952
11.18
15.45
18.21
22.41
45.33
40.25
47.29
49.01
49.83
47.11
4.025
34.67
6.062
5.378
24.89
30.61
30.49
27.16
32.17
41.72
31.24
18.72
5.31
1.734
9.376
24.6
24.97
25.94
31.83
31.92
25.86
24.29
4.321
2.392
7.44
3.223
45.0
43.56
44.16
43.16
43.32
16.74
10.01
27.02
8.722
51.77
41.55
44.99
42.04
42.21
29.45
9.549
1.339
15.44
39.48
39.63
38.78
38.75
39.44
8.714
8.504
6.779
9.029
44.44
45.31
43.39
43.44
43.68
19.61
5.901
26.16
12.19
32.73
40.65
38.19
37.42
38.48
11.8
3.3
9.769
6.385
27.2
29.67
28.38
29.13
29.08
14.58
14.17
14.28
11.2
14.62
10.58
14.97
14.01
1.767
14.58
19.4
5.74
5.007
36.35
37.93
39.1
41.0
36.88
12.43
4.038
15.08
3.965
40.61
41.83
48.45
41.41
41.74
6.248
4.266
21.42
8.881
33.2
29.9
30.09
29.16
29.16
15.32
8.497
20.09
19.6
3.95
35.2
37.34
39.78
36.77
30.55
36.88
14.32
10.1
25.55
12.7
37.79
21.89
22.7
22.75
20.03
18.99
4.241
19.72
13.48
28.03
21.34
26.41
17.07
16.45
16.59
9.488
1.063
3.297
40.54
40.11
41.03
39.22
40.37
9.865
7.323
9.478
6.017
6.889
41.59
40.68
41.75
41.22
41.56
40.65
26.64
6.019
21.37
9.804
29.18
23.56
34.47
19.51
19.97
9.199
8.958
20.64
4.548
44.32
49.61
50.4
49.55
49.75
10.34
8.634
22.98
4.879
51.54
47.23
47.22
47.36
48.05
13.91
9.899
9.3
8.283
38.87
39.53
42.44
39.6
39.03
14.19
11.94
15.7
11.59
35.73
34.07
34.5
36.97
33.75
12.77
22.87
2.925
8.335
10.89
30.53
30.36
29.12
33.77
30.81
30.68
7.598
18.98
9.492
12.58
36.77
37.49
35.52
36.51
34.68
17.97
6.674
25.7
4.766
24.05
32.81
28.71
42.14
38.96
28.96
28.46
15.38
5.011
10.41
17.62
37.39
34.99
43.01
37.82
37.48
11.48
11.75
17.54
8.024
45.89
44.46
43.2
45.73
46.58
9.91
12.35
10.24
4.254
48.32
46.3
42.95
47.38
47.54
20.73
20.45
20.76
11.35
23.82
20.92
26.1
26.89
16.81
14.02
8.876
8.719
4.231
39.79
39.34
38.6
40.52
39.99
1.44
4.352
24.56
9.023
39.11
31.74
30.45
30.66
30.44
7.055
15.82
13.43
12.42
17.21
24.46
21.91
21.14
20.77
34.85
10.61
6.443
11.31
55.12
48.68
57.05
56.49
55.38
14.8
26.39
14.58
8.002
12.03
19.07
18.78
30.97
19.31
8.482
21.9
11.63
6.269
38.01
39.42
38.07
40.74
38.51
21.36
34.36
27.82
12.51
33.98
26.4
18.64
32.87
24.29
19.97
17.6
22.95
8.441
39.28
31.45
33.12
31.61
28.62
12.42
9.349
17.62
18.71
50.45
38.55
45.07
42.55
42.75
14.64
9.108
7.415
3.814
52.42
53.41
56.03
54.16
53.48
15.01
11.3
25.75
23.16
45.93
40.58
44.76
40.13
40.79
12.89
16.48
22.01
9.058
32.22
38.47
38.73
43.34
38.37
11.09
14.02
4.182
34.97
39.69
39.32
39.74
31.11
7.786
21.2
8.775
44.23
41.63
34.21
42.05
41.69
10.99
6.199
12.75
23.44
44.37
42.74
41.71
40.49
41.35
11.82
22.12
11.61
5.684
42.74
35.57
37.0
38.57
36.6
15.88
8.983
19.55
15.8
34.47
29.64
26.98
24.19
23.01
19.76
19.78
13.15
4.077
27.13
26.0
26.3
27.29
26.35
20.97
22.54
18.06
4.126
41.06
38.15
42.06
35.59
37.19
21.32
4.527
19.89
11.47
34.87
22.28
26.24
22.22
22.15
6.235
13.04
16.83
10.25
45.13
46.4
47.19
45.12
46.22
20.03
25.05
15.65
23.29
36.86
40.23
36.08
40.62
36.5
10.7
4.544
14.34
9.831
20.95
23.51
22.97
22.68
22.73
6.922
13.74
20.35
25.62
41.55
39.36
41.63
44.55
41.79
11.13
4.578
10.5
6.179
29.8
31.59
28.57
30.52
30.17
9.471
21.04
10.57
9.402
27.56
30.74
29.75
39.07
30.82
13.42
25.78
1.431
7.674
37.73
36.14
37.4
39.91
37.48
13.29
8.059
19.8
10.28
46.05
44.73
46.53
43.99
46.05
14.78
17.92
16.79
8.048
38.02
37.15
36.59
39.36
36.47
23.11
13.07
12.75
11.75
33.9
30.73
33.64
31.68
31.15
19.07
8.941
17.93
3.939
33.55
25.06
30.47
26.57
24.33
11.92
4.858
8.073
8.056
45.93
45.93
44.56
45.68
45.55
23.15
19.5
28.52
7.511
37.64
28.83
41.44
30.99
29.73
7.044
15.06
30.42
3.703
40.9
41.74
41.46
43.27
41.76
8.75
22.05
13.77
6.677
24.98
30.82
33.24
35.47
29.94
6.259
15.65
13.89
8.541
34.46
34.08
34.65
32.02
33.85
14.0
17.4
6.785
18.8
24.98
20.18
20.91
23.88
25.11
14.6
7.565
5.745
5.223
37.07
37.48
41.43
36.69
36.67
12.48
11.58
11.5
14.58
38.25
36.23
35.63
36.96
36.95
9.771
7.798
18.89
20.9
31.78
39.51
31.36
31.85
29.63
15.7
5.224
8.76
9.287
33.08
31.65
34.14
29.2
30.0
16.56
10.72
11.85
36.1
36.32
42.79
35.3
15.47
5.308
12.57
4.475
22.47
17.2
6.681
16.13
16.73
20.66
15.02
13.17
7.719
33.57
32.13
38.92
32.48
32.14
14.0
3.837
10.28
9.768
44.24
40.17
42.31
41.19
41.43
10.74
4.561
9.982
5.086
42.8
41.13
43.39
41.16
41.32
29.84
7.368
14.82
33.15
16.44
35.25
34.05
15.07
12.73
7.848
12.27
9.987
28.71
30.69
30.61
29.69
30.61
8.768
18.57
6.747
8.194
44.57
45.62
48.24
43.63
45.8
11.8
18.22
5.412
5.041
52.55
52.87
53.82
56.47
52.29
16.85
4.413
20.23
7.575
29.31
35.62
35.9
36.2
36.04
17.66
23.33
13.89
7.679
39.71
36.18
35.03
38.69
37.83
20.31
7.16
18.44
6.907
20.74
16.56
24.48
14.6
14.55
18.39
21.69
22.15
7.597
40.86
39.83
37.87
41.2
39.52
6.068
7.592
15.87
11.2
25.51
27.96
25.44
26.35
24.48
9.403
8.615
9.986
9.053
46.29
46.9
45.55
46.34
45.81
26.98
19.77
23.14
12.55
32.93
35.57
43.59
42.09
36.91
13.63
9.519
24.56
5.254
24.11
36.07
37.56
34.97
34.83
11.89
11.62
11.82
11.67
30.8
28.64
27.08
28.98
26.61
16.81
7.225
17.89
6.592
35.13
29.23
36.45
28.95
29.51
25.21
12.83
21.39
10.68
33.28
35.09
36.26
35.53
33.95
23.12
28.21
3.706
15.82
38.74
35.32
42.22
43.97
38.37
16.64
29.24
7.132
5.976
40.87
40.51
40.64
52.86
40.97
12.49
11.83
34.85
24.42
35.98
38.91
34.87
33.16
35.08
7.998
19.21
24.52
9.114
31.24
37.38
39.03
39.54
38.1
17.02
6.426
4.473
4.202
40.66
40.91
42.67
41.66
40.81
7.56
26.91
14.93
16.69
31.97
37.08
31.54
37.09
31.6
9.091
4.844
20.93
7.054
36.35
39.23
38.45
39.3
38.7
11.76
6.664
17.04
19.67
6.118
37.85
42.91
42.38
47.32
42.74
42.17
25.26
7.196
24.23
16.68
30.96
37.09
34.52
33.26
32.37
8.09
26.63
13.25
3.903
25.8
27.74
26.25
27.54
28.09
25.58
25.25
8.237
5.35
36.68
35.96
30.34
28.8
35.99
12.48
5.645
20.5
5.922
51.64
50.5
50.26
49.31
49.77
15.42
8.715
24.09
5.608
32.71
33.05
33.94
35.61
32.71
19.41
4.929
1.297
3.822
25.7
26.23
34.55
26.32
25.8
6.876
6.606
8.604
5.404
40.53
40.34
40.6
41.08
41.02
10.6
5.957
15.85
4.537
29.33
31.85
31.05
31.44
31.19
22.17
4.801
11.39
5.947
32.64
31.35
30.39
29.73
30.25
21.88
5.69
9.809
19.8
12.59
21.11
23.06
9.751
9.565
8.704
12.82
15.69
4.148
28.87
23.26
25.93
26.1
24.07
20.67
17.9
23.13
5.65
36.72
25.46
19.84
33.57
25.78
13.39
7.662
9.406
6.922
41.48
39.85
40.6
39.4
39.88
1.208
4.871
15.89
3.787
42.92
37.22
37.72
38.41
37.66
21.08
7.732
15.36
21.54
40.28
43.68
32.51
39.32
38.64
19.95
20.36
6.453
5.996
30.73
31.49
38.35
40.51
30.56
31.1
9.581
23.6
10.66
35.31
41.75
27.53
40.42
39.05
16.21
10.63
16.62
5.739
42.17
35.55
31.94
35.79
35.12
18.33
17.87
2.026
19.54
10.77
21.69
21.94
19.41
10.79
9.986
7.156
11.18
6.067
38.19
40.93
42.56
42.5
41.26
20.99
7.612
21.16
8.849
44.83
41.17
39.34
42.65
41.94
8.45
9.327
11.0
7.115
39.63
41.3
39.01
38.89
40.08
7.77
5.425
10.23
4.242
8.445
10.74
11.57
9.699
10.93
8.369
12.08
6.175
2.907
30.05
29.21
31.12
29.4
29.39
29.64
15.91
23.48
11.25
18.28
32.17
25.56
36.94
30.78
20.16
4.214
19.18
8.625
39.2
42.68
41.1
41.43
41.4
14.69
5.54
19.05
12.17
54.64
54.57
53.37
56.09
54.8
23.81
5.178
18.75
4.36
40.03
43.53
43.81
43.75
43.61
7.451
7.868
7.946
12.54
37.63
41.19
41.83
39.96
39.22
27.31
6.612
27.14
9.736
49.63
42.5
42.14
39.13
41.5
31.03
11.75
19.09
7.513
30.58
24.89
26.77
23.31
21.78
11.56
9.253
10.12
5.48
40.0
40.37
44.4
40.46
41.03
18.45
19.42
2.495
11.43
40.88
43.86
41.16
41.52
40.67
12.58
7.624
12.06
11.65
27.56
25.4
22.77
26.88
24.84
16.97
8.649
19.88
8.512
38.82
43.02
43.61
44.78
44.03
1.542
6.534
1.555e-06
3.449
23.21
23.55
23.18
24.56
23.21
15.86
11.05
10.56
5.66
36.62
38.96
41.47
39.0
38.18
19.69
5.931
33.32
16.94
42.54
25.96
22.37
25.78
25.49
11.79
8.743
2.551
15.43
12.89
31.08
26.15
26.79
27.51
27.99
27.94
12.74
3.907
9.791
5.132
30.53
30.01
28.83
30.58
29.9
12.69
18.93
15.15
14.42
38.38
37.33
41.15
36.89
37.96
2.19
24.61
8.209
3.512
33.09
32.69
32.19
37.9
32.51
19.74
15.3
9.294
3.026
39.1
35.22
33.42
33.51
34.93
22.44
3.957
13.24
4.45
26.07
22.79
23.08
23.31
22.4
9.751
5.395
7.679
3.7
26.18
27.13
24.23
27.68
27.03
13.05
12.01
29.69
4.02
29.47
30.11
31.43
33.64
30.54
23.6
24.06
13.93
9.72
38.19
41.93
42.1
41.58
41.92
18.4
9.048
22.7
12.98
30.7
44.18
43.59
41.67
39.59
11.52
4.4
13.54
12.03
49.4
46.77
46.13
45.49
45.53
16.44
12.33
13.15
4.466
37.96
39.15
37.23
38.99
38.59
12.13
5.399
11.86
3.813
37.59
35.69
35.62
36.98
36.15
27.38
6.124
14.06
8.13
31.42
37.5
35.76
34.65
35.55
1.461
7.436
8.282
10.9
42.19
43.12
41.9
43.79
42.24
10.31
9.089
5.145
8.969
15.5
17.65
14.18
19.39
16.53
1.512
9.233
19.31
4.019
17.65
16.26
15.08
16.5
15.37
18.97
13.5
7.262
5.802
47.46
50.39
48.77
49.68
49.44
7.771
8.159
1.677
8.746
35.01
33.53
34.55
35.48
34.81
11.97
9.686
7.349
22.15
18.15
31.93
21.67
20.42
17.95
34.37
8.573
14.37
14.9
38.42
36.73
45.63
37.59
37.74
15.68
10.99
17.54
8.874
38.59
34.12
34.36
33.24
31.67
7.872
6.691
15.41
6.344
35.18
36.4
35.35
36.53
35.8
20.73
7.374
16.62
14.03
38.83
37.57
42.92
37.65
37.89
26.5
8.887
28.95
7.792
47.58
46.52
40.62
46.27
45.28
20.05
6.252
34.77
12.48
40.27
53.01
54.84
52.13
55.31
25.76
9.583
19.45
4.365
18.95
28.05
36.59
27.54
27.67
7.187
7.019
11.33
8.811
47.04
47.49
44.85
44.68
45.64
13.29
14.88
1.44
7.331
49.67
49.35
47.92
50.94
49.51
8.428
4.186
10.8
10.78
35.91
37.03
35.54
34.59
34.72
9.664
9.913
29.92
4.192
37.84
39.39
40.06
39.48
39.65
13.77
16.26
13.77
7.944
21.94
20.01
24.68
28.28
21.2
7.654
7.484
14.42
8.024
35.31
35.51
35.49
35.09
34.56
14.66
6.262
16.03
11.66
37.54
36.04
42.05
36.42
36.65
1.444
19.2
1.642
6.469
44.65
44.05
44.86
47.53
45.03
13.09
7.942
28.33
32.79
48.7
47.95
41.6
44.94
44.53
19.9
18.28
6.272
14.88
7.183
36.76
38.12
39.99
41.01
39.77
38.48
22.91
3.327
8.748
3.972
26.22
23.82
24.48
24.0
23.7
9.543
15.41
15.46
5.542
46.38
46.54
45.65
46.23
46.7
5.465
7.464
24.57
23.02
34.81
40.29
35.6
35.85
34.74
16.23
3.001
8.984
9.114
42.48
40.79
48.52
42.62
42.1
9.765
3.151
6.617
7.3
41.09
40.88
42.51
41.01
41.08
19.83
27.22
15.02
11.31
48.55
47.67
51.1
49.46
48.05
14.28
17.55
30.65
6.12
49.1
44.22
48.01
45.74
44.47
8.927
3.095
17.77
17.14
26.18
25.52
28.29
26.81
26.59
18.56
21.8
17.04
11.98
41.39
44.04
42.01
44.12
41.87
19.29
24.41
10.57
19.26
32.62
34.11
29.16
32.4
32.21
12.13
7.248
15.31
6.055
35.92
39.06
38.83
41.15
40.71
22.39
16.28
1.83
14.92
29.66
30.34
22.62
28.98
29.28
21.9
18.18
1.132
9.248
46.4
47.55
56.01
48.52
46.45
1.545
6.179
15.67
9.751
11.27
34.07
36.22
34.14
34.06
33.57
34.55
2.564
12.53
28.07
5.012
38.89
42.32
40.73
42.33
41.56
20.56
8.577
14.09
16.07
39.78
35.08
37.93
40.81
39.44
12.59
14.33
32.51
16.24
36.79
29.46
28.7
28.73
26.85
15.08
23.18
27.02
4.917
28.88
33.85
34.39
36.7
34.25
27.61
24.01
16.77
7.467
45.75
45.21
48.99
45.07
45.3
11.25
16.91
21.29
7.698
32.85
35.18
39.24
37.17
34.17
13.12
7.366
14.62
10.48
36.83
35.11
36.53
33.6
32.97
17.32
22.9
23.33
27.72
30.22
29.39
31.22
33.65
25.97
24.78
24.94
12.19
10.48
43.73
43.84
44.42
45.48
43.86
14.78
4.303
11.56
2.57
40.26
38.26
35.54
37.85
38.54
9.936
4.979
8.35
23.26
31.23
27.98
32.69
30.9
31.08
12.93
7.967
1.869
10.79
16.32
14.51
12.66
16.92
16.12
19.3
17.78
12.33
15.01
54.39
51.96
52.14
49.56
49.97
16.45
14.53
20.6
8.267
42.91
40.28
42.89
41.0
40.55
8.584
7.294
1.419
6.899
2.921
47.9
47.86
48.13
48.53
48.03
47.84
35.61
5.044
20.85
5.841
50.13
45.07
32.84
44.25
45.46
3.409
10.49
17.78
8.901
31.37
36.18
34.89
35.84
35.39
6.183
4.854
16.07
6.442
35.61
37.61
36.51
36.07
36.44
6.75
6.538
10.81
9.769
28.17
30.95
29.38
29.6
29.56
19.97
22.67
11.08
1.601
9.268
16.62
17.11
21.19
29.07
19.97
16.37
13.88
5.402
17.52
8.189
41.66
34.54
36.77
36.25
35.26
16.16
10.98
14.99
15.71
37.2
32.15
34.99
35.77
34.62
10.41
6.872
13.67
17.15
22.49
24.76
26.84
28.72
27.68
1.278
3.891
7.106
5.557
45.01
46.09
45.38
45.36
45.32
6.303
10.43
1.406
6.536
39.41
40.84
40.87
40.7
39.78
25.63
9.682
24.65
19.06
42.24
41.4
32.87
41.53
42.6
17.08
11.0
6.402
5.66
49.69
50.91
55.19
51.56
50.06
17.37
12.99
8.315
8.583
34.74
33.75
27.24
33.08
34.68
7.997
5.578
22.72
21.38
49.42
48.03
49.47
50.05
49.11
19.32
8.678
1.446
5.173
39.48
39.86
32.31
41.2
39.68
20.92
11.12
1.264
8.543
42.88
41.64
41.43
44.05
42.48
13.5
10.29
1.153
3.346
18.83
19.25
21.18
16.83
19.2
11.07
3.39
11.0
11.71
39.42
39.04
37.34
39.12
38.82
43.32
60.07
37.81
50.9
56.68
58.71
50.44
50.59
44.36
57.85
49.8
57.43
34.72
37.58
57.36
50.78
48.71
45.79
37.52
51.28
55.24
50.71
32.21
52.44
62.08
54.78
47.91
44.82
55.5
53.37
53.74
48.73
44.86
51.2
57.27
52.22
53.52
46.54
48.34
50.25
56.1
46.93
45.63
64.37
49.53
42.76
67.06
64.79
64.89
47.16
55.32
61.98
54.48
44.65
52.63
61.27
48.09
59.09
44.58
49.07
53.14
48.03
48.71
56.83
65.36
42.75
51.66
57.0
41.42
58.08
34.16
57.13
57.04
43.87
51.68
46.3
52.72
37.79
57.19
47.37
55.79
47.17
57.17
56.35
50.71
65.51
45.31
43.95
52.31
41.95
56.26
53.97
42.43
47.96
45.85
54.9
50.08
53.19
46.72
58.21
55.54
52.07
59.56
45.34
47.29
66.5
52.03
55.23
48.76
35.23
59.4
48.19
50.02
47.89
29.94
51.98
40.49
47.98
52.14
47.36
40.33
43.26
65.2
56.21
52.86
58.1
54.78
59.79
55.28
58.8
54.03
63.08
46.9
41.39
63.93
48.21
39.67
53.13
49.57
54.25
63.12
49.07
47.27
46.03
42.15
55.34
40.12
59.37
43.29
48.62
53.68
53.83
65.28
62.6
60.94
42.16
62.33
45.92
56.66
43.42
56.33
53.22
56.07
54.38
44.51
53.31
56.49
61.74
54.84
51.28
47.78
30.6
52.71
49.76
50.03
69.18
47.43
56.73
42.36
44.88
47.03
56.59
50.6
46.01
58.27
46.58
57.87
61.92
47.68
49.35
44.89
54.35
73.0
44.12
43.0
58.84
65.38
44.77
50.12
54.67
52.14
41.87
47.11
61.88
60.65
52.63
51.71
36.42
39.08
54.58
65.93
54.47
46.67
46.16
71.3
56.36
47.83
54.11
57.52
58.65
47.6
49.85
60.9
44.34
46.02
71.61
56.74
46.47
53.33
50.73
48.39
46.72
60.1
51.12
54.71
52.93
57.16
62.8
58.49
49.75
57.17
