0.9225
0.8139
0.8001
0.8381
0.6549
0.6056
0.6298
0.5543
0.6189
0.9627
0.9246
0.6178
0.898
0.4808
0.5554
0.4613
0.4647
0.4697
0.9764
0.9709
0.9972
0.9289
0.9635
0.5448
0.4697
0.5073
0.5181
0.5461
0.5482
0.9338
0.9219
0.9043
0.8684
0.7601
0.7106
0.5553
0.7047
0.8183
0.6876
0.7776
0.8266
0.9877
0.9907
0.9286
0.925
0.631
0.6365
0.367
0.6561
0.6518
0.6578
1.0
0.883
0.9473
0.9007
0.8107
0.5499
0.55
0.5289
0.5655
0.5137
0.5289
0.916
0.9227
0.9727
0.8535
0.9705
0.8163
0.9344
0.8543
0.9255
0.9286
0.9609
0.9556
0.9704
0.9437
0.7106
0.8463
0.7811
0.3308
0.4318
0.3311
0.4738
0.5143
0.4674
0.4956
0.9085
0.9081
0.9436
0.9025
0.7728
0.5655
0.5841
0.4086
0.6215
0.6126
0.5775
0.8717
0.7114
0.8259
0.886
0.6717
0.5877
0.6842
0.6424
0.6372
0.7786
0.8718
0.635
0.8626
0.8153
0.3604
0.513
0.4156
0.3424
0.4057
0.4884
0.9275
0.9658
0.9067
0.941
0.9088
0.416
0.4412
0.4207
0.4131
0.4262
0.4335
0.9386
0.7223
0.9288
0.9851
0.9943
0.7526
0.6696
0.6779
0.6678
0.444
0.6844
0.7798
0.8859
0.8027
0.9508
0.3691
0.2741
0.2778
0.3373
0.3567
0.8508
0.9055
0.9546
0.8885
0.9417
0.8804
0.8299
0.8862
0.985
0.9903
0.9718
0.7272
0.9155
0.5608
0.4991
0.5553
0.5826
0.568
0.9017
0.7377
0.9778
0.893
0.9878
0.7957
0.5802
0.7877
0.8473
0.6088
0.7756
0.9615
0.7921
0.9917
0.9087
0.9098
0.8888
0.7132
0.7143
0.6802
0.6514
0.6001
0.6674
0.6779
0.8945
0.9877
0.8564
0.9006
0.888
0.8872
0.8252
0.8124
0.8652
0.9478
0.9874
0.9187
0.8963
0.6256
0.7069
0.7364
0.7704
0.7724
0.8015
0.8981
0.8205
0.8512
0.3984
0.5244
0.5126
0.4811
0.493
0.8451
0.9618
0.795
0.9622
1.0
0.6558
0.7314
0.7368
0.7177
0.7227
0.7368
0.8549
0.8971
0.9543
0.9583
0.9843
0.5008
0.5291
0.5553
0.4691
0.552
0.539
0.7941
1.0
0.9906
0.8371
0.9651
0.991
0.7406
0.8965
0.8906
0.7847
0.9014
0.9064
0.9014
0.8358
0.9786
0.9114
0.9847
0.4848
0.4938
0.478
0.5282
0.5182
0.874
0.8186
0.9353
0.9848
0.9495
0.7504
0.739
0.7248
0.7091
0.7835
0.7444
0.8893
0.9384
0.7928
0.7639
0.4795
0.666
0.5842
0.5506
0.5843
0.8798
0.9664
0.874
0.7109
0.4661
0.7088
0.6103
0.6608
0.6674
0.8962
0.6586
0.9544
0.8567
0.6523
0.5662
0.5956
0.5837
0.6703
0.932
0.929
1.0
0.9401
0.9565
0.6219
0.6365
0.672
0.5316
0.6396
0.6396
0.565
0.8702
0.8436
0.9734
0.9367
0.3476
0.3422
0.3878
0.278
0.3145
0.3361
0.9578
0.8728
0.6933
0.6704
0.3547
0.3741
0.2783
0.2042
0.2601
0.645
0.6338
0.7884
0.9331
0.7635
0.5969
0.3825
0.3856
0.6193
0.9034
0.9805
0.8707
0.8026
0.9847
0.6774
0.7121
0.6626
0.7055
0.6368
0.7207
0.9019
0.9778
0.986
0.8874
0.775
0.5874
0.7793
0.5976
0.6363
0.613
0.6125
0.9432
0.988
0.9298
0.9866
0.784
0.824
0.8045
0.8375
0.8426
0.9419
0.9868
0.8038
0.9608
0.9498
0.5996
0.6063
0.5872
0.5783
0.6122
0.6162
0.8584
0.8496
0.8349
0.9244
0.7389
0.8372
0.7978
0.7974
0.9316
0.9586
0.9872
0.8661
0.817
0.8842
0.5418
0.4981
0.6203
0.6244
0.6312
0.631
0.686
0.8802
0.9186
0.6616
0.417
0.2912
0.6089
0.3674
0.43
0.8711
0.7624
0.8677
0.8232
0.8984
0.5162
0.6872
0.5758
0.7706
0.7245
0.6563
0.9063
0.9803
0.8677
0.9268
0.9896
0.7498
0.8247
0.9077
0.8276
0.8955
0.914
0.8745
0.8254
0.7395
0.9182
0.6229
0.519
0.5861
0.5857
0.5723
0.5599
0.8883
0.9631
0.7524
0.9174
0.4763
0.6514
0.6965
0.4598
0.6091
0.6296
0.8843
0.9875
0.557
0.8473
0.6367
0.4809
0.4059
0.4474
0.4655
0.6683
0.9631
0.8809
0.8053
0.9782
0.6147
0.6151
0.8981
0.67
0.6938
0.6363
0.935
0.9741
0.8461
0.9295
0.6637
0.6794
0.6555
0.6873
0.6866
0.908
0.8025
0.8573
0.8866
0.8753
0.803
0.6359
0.8617
0.7881
0.9929
0.8449
0.8282
0.9166
0.6385
0.6527
0.5053
0.5997
0.5022
0.5786
0.5958
0.9544
0.8858
0.7418
0.9003
0.9933
0.8167
0.6597
0.604
0.6118
0.5503
0.5382
0.5367
0.6014
0.9121
0.8902
0.8419
0.9825
0.9757
0.909
0.7082
0.7
0.6813
0.8334
0.5647
0.6751
0.7254
0.8086
0.6958
0.8568
0.9184
0.9866
0.8908
0.6536
0.7107
0.5946
0.7669
0.4541
0.6669
0.7232
0.9274
0.9885
0.9199
0.95
0.8436
0.9971
0.7284
0.6188
0.7415
0.6755
0.7318
0.6887
0.7375
0.9186
0.8673
0.8782
0.9033
0.9608
0.922
0.7783
0.7444
0.6986
0.7144
0.62
0.7118
0.7542
0.9692
0.8754
0.9109
0.8557
0.844
0.977
0.673
0.6585
0.6849
0.6967
0.7066
0.6675
0.6947
0.9413
0.8378
0.9674
0.9492
0.8937
0.7862
0.7405
0.7713
0.756
0.7638
0.808
0.932
0.9131
0.9961
0.9903
0.6242
0.6132
0.544
0.5933
0.6091
1.0
0.8387
0.8343
0.9929
0.9959
0.9403
0.7387
0.7354
0.6851
0.7395
0.564
0.6896
0.7395
0.963
0.922
0.9401
0.9458
0.7762
0.8422
0.6316
0.3572
0.6501
0.6742
0.6338
0.6599
0.6805
0.8665
0.7981
0.8387
1.0
0.9502
0.9474
0.5716
0.5462
0.5412
0.658
0.6296
0.5022
0.5716
0.9994
0.8986
0.8504
0.9249
0.8728
0.8018
0.7637
0.6807
0.6367
0.8318
0.7291
0.73
0.8276
0.9991
0.8965
0.8242
0.9516
0.9677
0.8341
0.8614
0.8041
0.6906
0.8409
0.7535
0.7349
0.8434
0.9965
0.8862
0.9096
0.8999
0.7999
0.6269
0.5656
0.5261
0.6596
0.663
0.6599
0.9891
0.8452
0.8949
0.9375
0.9893
0.8866
0.6576
0.6409
0.555
0.632
0.6634
0.4331
0.6346
0.9206
0.984
0.9297
0.9918
0.8559
0.6336
0.6358
0.6113
0.6353
0.6269
0.6365
0.9792
0.7601
0.9023
0.8924
0.8926
0.6584
0.5848
0.5794
0.5718
0.5313
0.6075
1.0
0.6522
0.6771
0.8427
0.8346
0.9104
0.2545
0.2575
0.2402
0.3051
0.3593
0.276
0.3051
0.894
0.9617
0.8744
0.9174
0.9354
0.482
0.5138
0.5338
0.5521
0.5421
0.5357
0.936
0.9552
0.9915
0.6912
0.9665
0.8374
0.3692
0.4148
0.567
0.3937
0.3975
0.4157
0.4115
0.8485
0.6976
0.8668
0.9078
0.7984
0.6886
0.7154
0.6085
0.7742
0.7959
0.9539
0.909
0.8104
0.7399
0.6302
0.5304
0.5341
0.5755
0.6085
0.6567
0.9324
0.9446
0.8966
0.9016
0.6319
0.6457
0.6375
0.7159
0.682
0.9039
0.9801
0.8916
0.8798
0.9246
0.8192
0.5327
0.4589
0.5081
0.5227
0.5527
0.4557
0.539
0.981
0.9426
1.0
0.9776
0.9674
0.5712
0.5154
0.5804
0.5494
0.5369
0.5712
0.9397
0.9511
0.9017
0.9044
0.9375
0.512
0.5201
0.509
0.5126
0.5592
0.5327
0.8818
0.8933
0.98
0.8861
0.7331
0.5076
0.5073
0.4944
0.4552
0.5088
0.4768
0.9181
0.9233
0.9428
0.9846
0.8796
0.6586
0.6844
0.6408
0.6925
0.61
0.6756
0.9766
0.9309
0.9314
0.9122
0.9769
0.7672
0.7138
0.7225
0.6718
0.7423
0.6655
0.6899
0.7161
0.8364
0.901
0.9531
0.9382
0.9502
0.8335
0.8046
0.8568
0.7101
0.8066
0.8282
1.0
0.8778
0.9506
1.0
0.9558
0.8969
0.7899
0.7388
0.7234
0.7899
0.7805
0.8229
0.7899
0.9676
0.9226
0.9876
0.8087
0.914
0.9787
0.6865
0.625
0.7193
0.6826
0.6664
0.7056
0.7041
0.8465
0.632
0.9348
0.8822
0.4317
0.436
0.3974
0.4641
0.424
0.8798
0.8702
0.8965
0.8118
0.9166
0.6224
0.4746
0.6294
0.6741
0.6656
0.681
0.6741
0.9301
0.9758
0.8959
0.7067
0.7644
0.4799
0.2332
0.3867
0.4385
0.4606
0.4684
0.8669
0.86
0.8338
0.9893
0.9506
0.8017
0.8067
0.7614
0.6582
0.6209
0.8162
0.9589
0.7962
0.8885
0.9965
0.8764
0.8441
0.661
0.6708
0.6692
0.6335
0.6833
0.5923
0.661
0.8987
0.9214
0.9699
0.9016
0.7269
0.9218
0.6376
0.4915
0.6341
0.5709
0.5513
0.6627
0.6805
0.9867
0.8958
0.9189
0.9358
0.9243
0.8405
0.4544
0.4626
0.4558
0.5478
0.4488
0.58
0.5281
0.8961
0.9493
0.9364
0.9446
0.9163
0.9031
0.4748
0.5057
0.5198
0.5853
0.5616
0.5648
0.5102
0.9273
0.9757
0.887
0.9933
0.9698
0.9017
0.4934
0.5172
0.5133
0.4538
0.4909
0.4264
0.4949
0.9976
0.914
0.9582
0.9878
0.4862
0.4766
0.4745
0.4903
0.4718
0.8773
0.7615
0.842
0.9807
0.6866
0.8695
0.699
0.6666
0.6067
0.6572
0.6332
0.628
0.7073
1.0
0.9888
0.8751
0.9157
0.7153
0.6684
0.5657
0.6589
0.646
0.6769
0.6589
1.0
0.8905
0.753
0.9258
0.9125
0.6149
0.5364
0.5098
0.4713
0.5622
0.4996
0.5215
0.5622
0.9348
0.9162
0.8467
0.9008
0.918
0.8551
0.596
0.6844
0.6204
0.6903
0.6308
0.6058
0.6758
0.9161
0.9187
0.8731
0.9773
0.9884
0.8961
0.7717
0.7695
0.7166
0.7713
0.7198
0.7279
0.7766
0.9506
0.7414
0.9334
0.944
0.9003
0.848
0.8053
0.8483
0.8357
0.7317
0.8688
0.9761
0.9895
0.887
0.9876
0.9122
0.9491
0.8768
0.8462
0.8661
0.8775
0.8743
0.7945
0.8814
0.8675
0.9574
0.9688
0.2275
0.2548
0.2319
0.1999
0.3417
0.2296
0.9835
0.9411
0.9662
0.9737
0.3596
0.3566
0.3296
0.2957
0.4287
0.3331
0.9163
0.9789
0.9221
0.9849
0.9973
0.9495
0.8189
1.0
0.7847
0.6393
0.8159
0.6882
0.805
0.8186
0.8159
0.8278
0.9537
0.9056
0.9857
0.3329
0.3223
0.3371
0.3444
0.3217
0.8191
0.9519
0.8828
0.9504
0.753
0.8101
0.7149
0.8156
0.8545
0.966
0.9328
0.8629
0.9655
0.4739
0.6222
0.6394
0.6352
0.6349
0.7997
0.9771
0.777
0.9728
0.581
0.7984
0.6359
0.7852
0.8089
0.6439
0.979
0.8016
0.98
0.3733
0.4337
0.4141
0.4402
0.4356
0.8873
0.8282
0.8292
0.9198
0.9477
0.7794
0.6572
0.821
0.7974
0.8611
0.9653
0.971
0.563
0.9402
0.9494
0.4569
0.6889
0.6894
0.5849
0.7008
0.6987
0.7224
0.7703
0.9748
0.8882
0.9771
0.698
0.7318
0.6047
0.735
0.7438
0.8921
0.9747
0.893
0.8195
0.6769
0.5766
0.7347
0.6765
0.6879
0.8437
0.9758
0.9663
0.9739
0.7282
0.7326
0.5219
0.7395
0.7501
0.8182
0.981
0.931
0.9152
0.8178
0.8967
0.6139
0.8426
0.8569
0.7016
0.972
0.924
0.9746
0.519
0.5634
0.483
0.5842
0.5837
0.7128
0.9685
0.8739
0.7386
0.4287
0.4528
0.4051
0.52
0.5277
0.8974
0.9658
0.9349
0.7688
0.8681
0.6897
0.8517
0.7631
0.7882
0.4575
0.9286
0.4073
0.9822
0.3624
0.288
0.3094
0.2555
0.271
0.467
0.5757
0.7727
0.947
0.5164
0.556
0.4562
0.6382
0.5858
0.9678
0.9708
0.9904
0.9065
0.727
0.7555
0.7097
0.7215
0.7238
0.8347
0.9554
0.8805
0.6556
0.9498
0.8841
0.5848
0.5699
0.7187
0.4039
0.5765
0.6791
0.6018
0.8089
0.9796
0.8742
0.9591
0.2919
0.2416
0.2661
0.309
0.2857
0.8485
0.9766
1.0
0.672
0.5204
1.0
0.6046
0.4679
0.7974
0.6669
0.7636
0.7974
0.7974
0.974
0.9008
0.8324
0.9257
0.6791
0.7027
0.7009
0.6352
0.7141
0.819
0.9689
0.8822
0.7206
0.7634
0.7325
0.765
0.8803
0.9011
0.8134
0.9705
0.927
0.7826
0.7476
0.651
0.6734
0.808
0.8143
0.7332
0.8272
0.8233
0.9626
0.7164
0.7657
0.6493
0.6103
0.7656
0.9119
0.7936
0.9742
0.826
0.8714
0.8267
0.9078
0.9199
0.78
0.9824
0.8852
0.9602
0.7938
0.9205
0.7469
0.9176
0.9163
0.9528
0.9819
0.9584
0.8072
0.3189
0.3022
0.2962
0.3019
0.2899
0.8987
0.6958
0.6242
0.9517
0.6071
0.7023
0.6394
0.6918
0.7223
0.7378
0.9867
0.6559
0.9711
0.4288
0.4875
0.4375
0.4785
0.4796
0.5883
1.0
0.9229
0.9582
0.8474
0.7763
0.5307
0.8016
0.8016
0.7989
0.9082
0.9544
0.981
0.4289
0.4473
0.4359
0.4705
0.4403
0.962
0.8738
0.9604
0.714
0.732
0.7026
0.7785
0.7813
0.9068
0.9581
0.85
0.694
0.4124
0.5438
0.4464
0.5126
0.5226
0.588
0.7748
0.9703
0.9851
0.3906
0.4035
0.3016
0.4275
0.4089
0.924
0.788
0.4211
0.4021
0.2629
0.3355
0.1678
0.1816
0.194
0.9284
0.9588
0.9435
0.9352
0.6882
0.6219
0.6319
0.6663
0.6729
0.805
0.7582
0.9647
0.9849
0.8663
0.8708
0.9053
0.8475
0.8872
0.714
0.9697
0.789
0.9877
0.3571
0.6009
0.4369
0.6048
0.6066
0.8755
0.9519
0.8174
0.9519
0.8174
0.9519
0.8755
0.9519
1.0
0.7515
0.9384
0.8858
0.8905
0.6431
0.6651
0.7226
0.6149
0.6589
0.8884
0.5722
0.4891
0.8508
0.3284
0.4465
0.4796
0.3305
0.4666
0.5481
0.968
0.8199
0.7891
0.6446
0.4658
0.5945
0.6484
0.6521
0.9419
0.7931
0.9512
0.3172
0.3042
0.3159
0.3274
0.2908
0.8319
0.9691
0.8797
0.9607
0.6603
0.6895
0.6243
0.6795
0.7028
0.9457
0.6565
0.8038
0.7388
0.6554
0.5451
0.859
0.5986
0.9017
0.7472
0.7933
0.8192
0.6978
0.7005
0.7055
0.4678
0.7427
0.7165
0.8124
0.9524
0.8989
0.9337
0.8881
0.8856
0.6345
0.635
0.6625
0.5896
0.6909
0.6341
0.704
0.8277
0.9062
0.8162
0.9757
0.5963
0.618
0.6261
0.5765
0.6148
0.803
0.9849
0.9744
0.8365
0.6193
0.4526
0.6342
0.644
0.6501
1.0
0.5239
0.6276
0.6576
0.611
0.2178
0.219
0.3246
0.3435
0.4314
0.3435
0.8958
1.0
0.7515
0.8981
0.9277
0.8453
0.7436
0.9152
0.8095
0.6276
0.8095
0.9988
1.0
0.9574
0.7783
0.4854
0.3658
0.511
0.5106
0.5106
0.8558
0.9049
0.7021
0.9146
0.9726
0.7059
0.5084
0.5835
0.3736
0.5747
0.6005
0.4429
0.5709
0.9666
0.9257
0.8397
0.8665
0.9441
0.9988
0.7472
0.8523
0.8541
0.804
0.7784
0.9704
0.8528
0.9249
0.972
0.7026
0.7958
0.8838
0.9989
0.6859
0.7443
0.7843
0.6833
0.7915
0.8882
0.5548
0.7288
0.998
0.8132
0.8049
0.04215
0.06708
0.08555
0.1264
0.1421
0.1128
0.05767
0.8262
0.8631
0.8024
0.8702
0.9807
0.854
0.8461
0.9546
0.8303
0.7995
0.8863
0.8195
0.9717
0.8563
0.9772
0.8008
0.8854
0.9364
0.8033
0.8128
0.7656
0.6138
0.8323
0.7234
0.5958
0.7421
0.9745
0.8712
0.9365
0.8875
0.3757
0.426
0.4101
0.3958
0.4108
0.7726
0.9747
0.7901
0.9986
1.0
0.7661
0.7688
0.8432
0.7584
0.7364
0.7688
0.9595
0.9791
0.7704
0.8842
0.9784
0.6543
0.4594
0.5448
0.5387
0.5535
0.5579
0.734
0.734
0.7852
0.7329
0.04593
0.05572
0.1493
0.1493
0.1305
0.9264
0.9766
0.9053
0.7727
0.9475
0.6024
0.6865
0.6641
0.6819
0.6643
0.6956
0.8823
0.8065
0.8543
0.8408
0.9602
0.6956
0.8414
0.8001
0.7211
0.7922
0.8793
0.9989
0.88
0.8623
0.9038
0.7827
0.7333
0.6488
0.5598
0.613
0.7204
0.6015
0.7194
0.7232
0.9796
0.84
1.0
0.983
0.9908
0.853
0.8347
0.8488
0.8393
0.8115
0.853
0.999
0.9742
0.8523
0.8303
0.8292
0.6379
0.4691
0.5365
0.4182
0.5132
0.4954
0.5069
0.5088
0.9859
0.8098
0.9055
0.9758
0.7194
0.522
0.5973
0.492
0.6111
0.4734
0.6167
0.8531
0.8615
0.6489
0.9459
0.9798
0.789
0.343
0.3846
0.3174
0.406
0.2438
0.4369
0.3583
0.9992
0.8333
0.8946
0.8483
0.8295
0.7987
0.5113
0.3802
0.4873
0.5094
0.4344
0.4887
0.5066
0.973
0.8261
0.9723
0.8521
0.9616
0.2762
0.3148
0.2732
0.3257
0.2653
0.285
0.9669
0.797
0.9512
0.9099
0.771
0.7906
0.7595
0.7265
0.7727
0.9317
0.8596
0.8757
1.0
0.9528
0.4837
0.6777
0.6668
0.4373
0.6233
0.6035
0.6045
0.6777
0.958
0.8471
0.9138
0.9268
0.9458
0.9426
0.8359
0.7096
0.7353
0.7299
0.6785
0.7118
0.7562
0.9989
0.9739
0.8936
0.9987
0.6153
0.8471
0.7344
0.6284
0.5938
0.7339
0.6994
0.6947
0.7306
0.7724
0.8827
0.9564
0.8596
0.3497
0.2326
0.24
0.3438
0.226
0.759
0.8748
0.5591
0.8654
0.8105
0.8246
0.4127
0.2492
0.3486
0.3452
0.3913
0.4694
0.3087
0.9993
0.6778
0.8264
0.8169
0.9123
0.8371
0.2395
0.1646
0.2468
0.1973
0.1153
0.2022
0.1922
0.9659
0.9831
0.9168
0.8768
0.5642
0.4648
0.5536
0.5162
0.5144
0.9418
0.9479
0.7707
0.6483
0.4191
0.6285
0.5661
0.7907
0.735
0.7457
0.985
0.884
0.1955
0.1937
0.2476
0.1231
0.1955
0.2002
0.9989
0.943
0.6706
0.9494
0.9208
0.9029
0.8535
0.8195
0.7846
0.89
0.8945
0.5929
0.888
0.9124
0.9713
0.7842
0.9989
0.9526
0.3929
0.3699
0.3851
0.3793
0.328
0.3883
0.8896
0.97
0.8164
0.9987
0.8539
0.7378
0.7519
0.6099
0.6596
0.7555
0.7442
0.6557
0.752
0.7832
0.5936
0.7375
0.8812
0.7437
0.8352
0.4688
0.3805
0.6
0.7551
0.6978
0.6134
0.5508
0.837
0.891
0.7957
0.9993
0.8307
0.806
0.4025
0.3418
0.3905
0.3218
0.3135
0.4153
0.4017
0.8555
0.8437
0.6033
0.9165
0.8244
0.924
0.5684
0.3508
0.4272
0.5766
0.4168
0.4986
0.4936
0.8324
0.8019
0.6903
1.0
0.961
0.8354
0.5012
0.471
0.4548
0.3745
0.3988
0.4942
0.5012
0.9229
0.7037
0.8391
0.9254
0.9717
0.7019
0.7188
0.8242
0.6086
0.7355
0.7349
0.9104
0.9476
0.982
0.9051
0.8721
0.7251
0.6306
0.9009
0.7456
0.7694
0.7736
0.7348
0.8455
0.8333
0.9996
0.99
0.9493
0.7249
0.7239
0.7271
0.5472
0.7175
0.8029
0.7226
0.8336
0.7782
0.6863
0.7993
0.9674
0.9283
0.208
0.192
0.1664
0.3033
0.2319
0.2633
0.1796
0.8635
0.9757
0.6051
0.9574
0.8334
0.8441
0.3518
0.3542
0.3783
0.3403
0.3747
0.2567
0.3607
0.8022
0.9324
0.6871
0.8824
0.9761
0.6651
0.7059
0.7072
0.5667
0.6766
0.6306
0.6674
0.7155
0.8795
0.9663
0.9986
0.7951
0.8523
0.6859
0.7594
0.8189
0.8529
0.972
0.684
0.9838
0.9794
0.7242
0.545
0.5468
0.6802
0.5624
0.5482
0.475
0.5511
0.8818
0.7421
0.7749
0.9746
0.7553
0.9276
0.6614
0.5297
0.587
0.5957
0.6112
0.5502
0.6742
0.7581
0.9757
0.9751
0.947
0.9443
0.9707
0.731
0.9707
0.8948
0.9834
0.852
0.9887
0.9899
0.8859
0.8921
0.819
0.8823
0.7779
0.8978
0.8641
0.8492
0.9482
0.9601
0.8794
0.8666
0.7442
0.6946
0.8765
0.9994
0.9431
0.8912
0.9907
0.9951
0.7408
0.7487
0.7457
0.7374
0.6926
0.7448
0.9681
0.9628
0.8959
0.9501
0.9435
0.9808
0.7475
0.7677
0.7491
0.7856
0.7561
0.6835
0.7597
0.9983
0.7311
0.8477
0.9004
0.9707
0.7313
0.7467
0.7728
0.6513
0.708
0.7749
0.9205
0.9806
0.9213
0.8671
0.9197
0.7804
0.8804
0.936
0.947
0.9994
0.9438
0.8901
0.9815
0.9082
0.6529
0.6755
0.6329
0.6757
0.6861
0.6764
0.9837
0.9824
0.5651
0.9731
0.5249
0.876
0.8864
0.8785
0.8943
0.8193
0.6425
0.9142
0.9551
0.6838
0.7322
0.6386
0.4635
0.7777
0.9808
0.9235
0.9787
0.7528
0.8055
0.8055
0.7925
0.8055
0.7566
0.7659
0.7567
0.9184
0.4943
0.6923
0.6274
0.7308
0.6972
1.0
0.9689
0.861
0.8503
0.861
0.8503
1.0
0.9689
1.0
1.0
0.9603
0.8303
0.8106
0.876
0.6905
0.8945
0.8624
0.8945
0.9985
0.6755
0.7848
0.9558
0.4851
0.6065
0.6523
0.5756
0.6552
0.9984
0.9818
0.7184
0.8231
0.9866
0.7151
0.7357
0.7827
0.6597
0.7834
0.7786
0.6055
0.7853
0.8414
0.8706
1.0
0.9686
0.8467
1.0
0.9686
0.8467
0.771
0.7997
0.9771
0.9837
0.9896
0.8735
0.6559
0.6565
0.6218
0.6364
0.6408
0.6513
0.9977
0.9503
0.9999
0.9503
0.9006
0.7652
0.7695
0.7453
0.7663
0.7439
0.7433
0.9311
0.8703
0.9085
0.9148
0.9755
0.6333
0.6675
0.6653
0.6348
0.6593
0.6728
1.0
0.9821
0.8785
0.8874
0.7656
0.8909
0.8528
0.8909
0.7389
0.7219
0.8581
0.9839
0.72
0.7145
0.5055
0.4765
0.7169
0.8577
0.7072
0.7602
0.946
0.9787
0.9435
0.9756
0.8605
0.7093
0.7624
0.9988
1.0
0.9342
0.9275
0.651
0.7463
0.654
0.7295
0.6878
0.7295
0.9765
0.7598
0.8694
0.989
0.4386
0.4167
0.3946
0.4525
0.4015
0.8494
0.6748
0.7209
0.9741
0.9836
0.5629
0.5886
0.8174
0.4932
0.7008
0.587
0.5516
0.6191
1.0
0.9541
0.7538
0.7236
0.4488
0.4967
0.7538
0.9673
0.2976
0.9938
0.9896
0.9751
0.8803
0.8796
0.8485
0.3071
0.8891
0.8888
0.9264
0.9028
0.9043
0.9322
0.9033
0.9514
0.6529
0.7448
0.7025
0.6068
0.6701
0.6935
0.7233
0.8543
0.7478
0.8952
0.9733
0.8439
0.9157
0.81
0.7109
0.9381
0.772
0.5099
0.8568
0.4839
0.739
0.3449
0.8908
0.4065
0.8814
0.8372
0.755
0.9205
0.962
0.7202
0.7605
0.6686
0.5643
0.7882
1.0
0.4352
0.5281
0.5989
0.4624
0.494
0.4537
0.9194
0.8144
0.6337
1.0
0.963
0.5785
0.5684
0.514
0.3076
0.4342
0.5785
0.8667
0.9695
0.7166
0.8458
0.9581
0.7148
0.8055
0.7369
0.8132
0.6773
0.8393
0.9554
0.9429
0.9476
0.9857
0.8492
0.656
0.6506
0.6312
0.6203
0.6471
0.6504
0.9269
0.9834
1.0
0.7993
0.8725
0.7113
0.8255
0.8719
0.8725
0.7998
1.0
0.9521
0.8685
0.7257
0.6383
0.5333
0.7517
0.7517
0.8928
0.9794
0.9807
0.9704
0.8705
0.8592
0.9033
0.8857
0.8931
0.998
0.6836
0.7797
0.6545
0.7323
0.6343
0.9292
0.6018
0.9271
0.7801
0.9477
0.9211
0.625
0.6488
0.3054
0.5373
0.7052
0.7284
0.9792
0.9757
0.9276
0.9652
0.7891
0.8174
0.8334
0.829
0.8498
0.9953
0.709
0.8573
0.9739
0.7723
0.8452
0.8684
0.7966
0.8739
0.7821
0.9648
0.7202
0.6049
1.0
0.7445
0.6849
0.7823
0.5504
0.7363
0.7823
1.0
0.9799
0.8637
0.9883
0.9994
0.7789
0.936
0.9434
0.9431
0.9224
0.9431
0.896
0.9676
0.9142
0.743
0.4546
0.5707
0.5088
0.5647
0.568
0.991
0.5624
0.9119
1.0
0.9748
0.9389
0.91
0.938
0.5301
0.8933
0.9389
0.9432
0.4056
0.95
0.7152
0.9385
0.7582
0.5011
0.7636
0.816
0.3371
0.854
0.8252
0.9728
0.5758
0.9779
0.5185
0.7596
0.5456
0.7619
0.7756
0.8895
0.9167
0.9253
0.8814
0.7967
0.4738
0.401
0.4564
0.5098
0.4107
0.4868
0.8758
0.9485
0.9684
0.9754
0.5685
0.5625
0.78
0.5488
0.5643
0.8246
0.933
0.9148
0.8001
0.9696
0.8258
0.6236
0.8598
0.7415
0.8388
0.897
0.9263
0.9413
1.0
0.9915
0.7439
0.7495
0.7041
0.7014
0.7439
0.8805
0.7308
0.899
0.9737
0.8159
0.9034
0.8685
0.6724
0.9271
1.0
0.9804
0.7268
0.8272
0.6113
0.7823
0.9254
0.8999
0.9254
0.9991
0.9947
0.9336
0.986
0.9194
0.66
0.6958
0.7385
0.6902
0.6829
0.6902
0.9921
0.9869
0.9229
0.648
0.8747
0.4164
0.5481
0.5059
0.5035
0.5047
0.4921
0.9789
0.7883
0.9793
0.9767
0.816
0.8086
0.8035
0.6543
0.8282
0.9805
0.9252
0.7517
0.6481
0.6444
0.5943
0.8047
0.7308
0.8047
0.999
0.8631
0.9496
0.9813
0.7545
0.7937
0.7856
0.7423
0.7846
0.9081
0.9744
0.8173
0.7839
0.7436
0.7185
0.7561
0.7931
0.8099
0.9295
0.9908
0.9966
0.998
0.8727
0.8853
0.7522
0.864
0.881
0.8863
0.8866
1.0
0.6505
0.8623
0.9761
0.7975
0.8783
0.9063
0.7285
0.9063
0.9015
0.9843
0.997
0.992
0.8603
0.8608
0.8004
0.8655
0.8704
0.935
0.6985
0.7826
0.9815
0.5318
0.7103
0.6634
0.4482
0.7167
1.0
0.74
0.8853
0.8417
0.7293
0.4892
0.7288
0.53
0.7288
0.8697
0.978
0.9078
0.9582
0.7995
0.3852
0.4251
0.4922
0.4235
0.3834
0.4115
0.9588
0.9916
0.8908
0.97
0.3951
0.4848
0.4672
0.4664
0.4674
0.838
0.9612
0.9866
0.7046
0.8585
0.6113
0.6868
0.8543
0.8627
1.0
0.9727
0.8693
0.9751
0.6658
0.733
0.7607
0.7666
0.7607
1.0
0.9743
0.8659
0.6759
0.7677
0.6869
0.8614
0.8528
0.8614
0.6804
0.9396
0.8454
0.752
0.7218
0.6494
0.635
0.8239
0.888
0.9419
0.9715
0.9885
0.9774
0.9885
0.9774
0.9419
0.9715
1.0
0.8374
0.7693
0.9406
0.9697
0.9359
0.9652
0.8377
0.7726
0.9984
1.0
0.7206
0.5196
0.8645
0.5806
0.6525
0.7792
0.5145
0.7792
0.9739
0.4972
0.9427
0.5678
0.8598
0.537
0.8603
0.5634
0.8855
1.0
0.9806
0.8978
0.9653
0.6942
0.7602
0.7719
0.7545
0.7719
1.0
0.9044
0.9505
0.9767
0.7812
0.803
0.8215
0.6957
0.8215
0.7841
0.817
0.9759
0.5499
0.6069
0.5276
0.6098
0.6122
0.9955
0.8904
0.9113
0.95
0.8989
0.6969
0.5711
0.649
0.6864
0.5752
0.6869
0.9175
0.9271
1.0
0.9603
0.4531
0.4614
0.4215
0.4305
0.4531
0.8299
0.9944
0.9827
0.9184
0.906
0.801
0.8928
0.9227
0.9889
0.8262
1.0
0.9455
0.8617
0.7876
0.7674
0.8389
0.8261
0.8313
0.8313
0.9989
0.6873
0.8127
0.8591
0.8789
0.7394
0.7348
0.8591
0.5627
0.6574
0.8621
0.8486
0.9655
0.9343
0.8686
0.6495
0.4343
0.58
0.6346
0.6483
0.6372
0.9793
0.9707
0.8258
0.795
0.7652
0.5613
0.8269
1.0
0.9841
0.9123
0.9099
0.8742
0.7842
0.78
0.7997
0.848
0.8328
0.848
0.9095
0.8356
0.9322
0.7662
0.8134
0.6783
0.81
0.7213
0.891
0.9651
0.9719
0.9314
0.9185
0.7932
0.795
0.767
0.7769
0.7874
0.9835
0.9837
0.9859
0.8954
0.8947
0.9072
0.8959
0.8647
0.732
0.9915
0.94
0.8745
0.8934
0.7679
0.6701
0.8798
1.0
0.9769
0.8093
0.7964
0.5902
0.5917
0.8255
0.8041
0.8255
0.9948
0.9854
0.99
0.8871
0.9775
0.6123
0.7436
0.744
0.7386
0.752
0.752
1.0
0.9428
0.8586
0.8842
0.635
0.6771
0.6815
0.6041
0.6815
0.5088
0.715
0.8099
0.9816
0.5282
0.7424
0.557
0.4449
0.7468
0.8143
0.7624
0.9087
0.9527
0.8115
0.8429
0.7406
0.7194
0.8754
0.9793
0.7815
1.0
0.56
0.9064
0.497
0.8945
0.7351
0.9064
1.0
0.9671
0.8769
0.5536
0.8075
0.5068
0.8702
0.8313
0.8702
0.9534
0.9285
0.9815
0.9933
0.743
0.732
0.7341
0.6961
0.7371
1.0
0.6705
0.8839
0.7076
0.6214
0.6401
0.6368
0.6503
0.6368
0.8712
0.9836
1.0
0.8657
0.8888
0.3947
0.3165
0.3902
0.382
0.4043
0.4043
0.9186
0.8405
0.934
0.7521
0.751
0.8364
0.7234
0.7337
0.7787
0.8707
0.9571
1.0
0.983
0.7557
0.8754
0.8572
0.7371
0.8164
0.8515
0.8754
0.842
0.7571
0.9846
0.974
0.7533
0.7566
0.6356
0.606
0.7627
0.9239
0.5756
0.8724
0.973
0.6729
0.7493
0.7036
0.6444
0.7699
1.0
0.8525
0.7511
0.5339
0.4349
0.7504
0.7346
0.7504
0.9991
0.9836
0.9424
0.9841
0.7894
0.7367
0.7445
0.74
0.7453
0.7716
0.7638
1.0
0.9844
0.8923
0.8757
0.7453
0.7354
0.8923
0.9876
0.5907
0.8372
0.9801
0.774
0.8732
0.874
0.6522
0.8851
0.9289
0.9664
0.9863
0.8023
0.7736
0.5745
0.7501
0.7706
0.7863
0.9979
0.9872
0.9231
0.9081
0.6958
0.7357
0.7546
0.7518
0.7517
1.0
0.9701
0.9847
0.5303
0.723
0.2833
0.7272
0.7275
0.7272
0.6292
0.8058
0.9621
0.93
0.7638
0.7742
0.5124
0.7043
0.7488
1.0
0.7693
0.9277
1.0
0.9292
0.9411
0.9344
0.9573
0.9931
0.8954
0.8929
0.934
0.9096
0.897
0.9985
0.7858
0.9849
0.9808
0.6831
0.8578
0.8717
0.5707
0.8637
0.7395
0.8698
0.9266
0.9835
0.5113
0.7165
0.5387
0.4155
0.345
0.4615
0.4523
0.9995
0.8419
0.9835
0.7728
0.9718
0.7063
0.8639
0.8986
0.7788
0.8853
0.901
0.9203
0.6981
0.9921
0.9839
0.7012
0.6974
0.6421
0.5608
0.7044
0.9955
0.9886
0.9995
0.9924
0.8051
0.9298
0.9216
0.7983
0.9291
0.9255
0.9307
0.5932
0.7067
1.0
0.9816
0.7081
0.704
0.476
0.3798
0.7081
0.9247
0.7869
0.9975
0.9809
0.9167
0.7303
0.7212
0.6785
0.6751
0.778
0.7304
0.3531
0.9143
0.9989
0.694
0.8385
0.4305
0.3474
0.7914
0.8427
0.9933
0.7915
0.7118
1.0
0.9712
0.671
0.7126
0.372
0.3545
0.6434
0.6456
0.6434
0.996
0.9761
0.9531
0.8899
0.9801
0.5666
0.6648
0.6615
0.6459
0.6338
0.6649
0.9082
0.9847
0.9241
0.9835
0.8727
0.9365
0.8616
0.9181
0.9409
1.0
1.0
0.9463
0.9066
0.5
0.425
0.5156
0.5156
0.5156
0.9227
0.7345
0.8617
0.7572
0.8108
0.6845
0.8687
0.7004
0.9471
1.0
0.6829
0.9487
0.8097
0.7344
0.5783
0.6301
0.6966
0.609
0.6425
0.6966
1.0
0.5453
0.6988
0.7227
0.4755
0.7806
0.7398
0.5537
0.7806
0.8812
0.9655
0.8241
0.8663
0.7575
0.7985
0.7718
0.7634
0.7764
0.6926
0.5464
0.8142
0.7262
0.4852
0.4648
0.5658
0.6405
0.4565
1.0
0.9842
0.9985
0.9911
0.8646
0.8651
0.8657
0.8484
0.8657
0.8174
0.7352
0.7589
0.4316
1.0
0.9239
0.901
0.4829
0.4416
0.5531
0.418
0.4458
0.4829
0.9647
0.9909
0.9
0.9701
0.9435
0.8845
0.8395
0.8044
0.7344
0.8285
0.8555
0.7772
0.8576
0.9991
1.0
0.8819
0.7709
1.0
0.9991
0.9791
0.789
0.7646
0.5809
0.9766
0.5492
0.7505
0.7864
0.7668
0.7575
1.0
0.9456
0.8124
0.9477
0.7326
0.8619
0.9027
0.8598
0.9027
1.0
0.9258
0.8908
0.9774
0.6753
0.6328
0.7702
0.7488
0.7596
0.7068
0.7596
1.0
0.8449
0.8868
0.704
1.0
0.5923
0.6964
0.6964
0.6432
0.6777
0.6964
1.0
0.5256
0.5989
0.4613
0.494
0.5111
0.494
0.9618
0.9752
0.7641
0.6199
0.61
0.6741
0.5548
0.5637
0.8233
0.8402
0.8602
0.8642
0.9177
0.9374
0.9041
0.9726
0.6411
0.6004
0.6602
0.7415
0.4943
0.6102
0.9982
0.7407
0.8137
0.9568
0.6436
0.7489
0.7742
0.5488
0.777
0.8968
0.9513
0.8048
0.7299
0.588
0.5114
0.6737
0.749
0.7779
0.9241
0.4172
1.0
0.9762
0.7892
0.8698
0.8569
0.8019
0.8173
0.4072
0.8698
0.7723
0.9238
0.9759
0.8104
0.8751
0.7724
0.6008
0.6039
0.5711
0.7878
1.0
0.9617
0.9239
0.5762
0.9008
0.5275
0.9735
0.9407
0.9735
0.9025
0.9714
0.9232
0.9758
0.9539
0.7335
0.6919
0.7025
0.6407
0.7021
0.7057
0.9088
0.9541
0.8144
0.9679
0.7045
0.7075
0.708
0.7122
0.735
1.0
0.7616
1.0
0.989
0.9819
0.9542
0.7387
0.7461
0.7304
0.7365
0.6247
0.7365
0.7365
0.9301
0.9756
0.9949
0.7975
0.4889
0.5049
0.4754
0.4839
0.4876
0.8505
0.846
0.7826
0.9661
0.7691
0.5501
0.7369
0.6778
0.6679
0.5856
0.7613
0.9045
0.2985
0.8328
0.8186
0.7966
0.68
0.666
0.619
0.5963
0.3083
0.6482
0.8983
0.9913
0.9059
0.9573
0.9897
0.8889
0.907
0.9527
0.9129
0.9055
0.9178
0.7868
0.7624
1.0
0.7854
0.8221
0.6028
0.7659
0.6293
0.8221
0.9332
0.9208
0.9208
0.9603
0.9364
0.9841
1.0
0.9753
0.618
0.9825
0.5005
0.5952
0.5907
0.5933
0.5907
0.8239
0.9771
0.7485
0.7559
0.4915
0.7311
0.71
0.768
0.6065
0.3456
0.3682
0.4247
0.3689
0.8687
0.726
0.9314
0.9551
0.8545
0.8856
0.8057
0.6563
0.9253
0.7981
0.9606
1.0
0.6433
0.7926
0.7311
0.6574
0.742
0.7926
0.9157
0.8457
0.9157
0.9438
0.9787
0.9955
0.8942
0.9171
0.9883
0.8928
0.9392
0.9418
0.814
0.9481
1.0
0.5518
1.0
0.8684
0.7588
0.7069
0.6995
0.6384
0.5631
0.7825
0.5072
0.7825
0.7825
1.0
0.6959
0.9434
0.9865
0.9106
0.8181
0.8185
0.7954
0.8131
0.6077
0.8131
0.8531
0.9736
0.9572
0.7429
0.7069
0.6583
0.5171
0.6534
0.6541
0.6283
0.6791
0.9904
0.9758
0.6343
0.8639
0.986
0.7156
0.8555
0.8697
0.8563
0.6073
0.87
0.8685
0.6539
1.0
0.7744
1.0
0.7744
0.8685
0.6539
1.0
0.782
0.9663
0.8785
0.9818
0.841
0.9048
0.8748
0.7406
0.6871
0.8441
0.8801
0.9843
0.8396
0.8973
1.0
0.9665
0.7847
0.7574
0.772
0.6241
0.709
0.7847
0.9276
0.6682
0.9209
0.9846
0.9621
0.742
0.7127
0.7318
0.6788
0.5166
0.7246
0.8876
0.8158
1.0
0.6811
0.8581
0.5193
0.5071
0.5233
0.3725
0.5034
0.5193
0.9099
0.4996
1.0
0.9824
0.7979
0.7828
0.7673
0.4928
0.7979
0.8041
0.9338
0.7634
0.4832
0.5716
0.5473
0.6914
0.7479
1.0
0.4785
0.6725
0.9435
0.573
0.7995
0.8532
0.2437
0.8532
0.6853
0.9034
0.336
0.8273
0.3707
0.8311
0.6273
0.9288
0.8672
0.9139
0.824
0.9671
0.678
0.7843
0.7794
0.7344
0.8056
0.9487
0.9706
0.8822
0.9843
0.7058
0.9366
0.5598
0.5031
0.4562
0.5887
0.5309
0.5689
0.534
1.0
0.9674
0.899
0.743
0.7417
0.6812
0.8171
0.7815
0.8171
0.8405
0.982
0.9597
0.9441
0.9597
0.9441
0.8405
0.982
1.0
1.0
0.9207
0.9892
0.9901
0.8052
0.8106
0.8066
0.6066
0.8225
0.7722
0.8225
0.9903
0.7351
1.0
0.9853
0.7312
0.7249
0.7423
0.5109
0.7312
0.9053
0.963
0.6015
0.5874
0.4514
0.4604
0.7998
0.8456
0.8791
1.0
0.7752
0.7854
0.5734
0.5634
0.5837
0.4967
0.8337
0.9595
0.9492
0.916
0.7688
0.7757
0.7353
0.6994
0.7674
0.7991
0.8941
0.8012
0.7176
1.0
0.9827
0.9777
0.9597
0.8821
0.8175
0.7037
0.9777
0.9164
0.9864
0.9993
0.9254
0.8061
1.0
0.8687
0.7891
0.9399
0.9572
0.9272
0.9419
0.9399
0.7526
0.7995
0.9166
0.9786
0.8957
0.704
0.6995
0.6675
0.6526
0.5487
0.7083
1.0
0.9705
0.601
0.4403
0.4172
0.2774
0.6665
0.6372
0.6665
0.8633
0.5256
0.8756
0.9495
0.7416
0.8239
0.7253
0.5017
0.8671
0.9387
0.9514
1.0
0.9339
0.8072
0.7561
0.7653
0.776
0.8072
0.9931
0.9488
0.9209
0.7978
0.8397
0.5179
0.5176
0.6785
0.6962
0.6734
0.6822
0.782
0.758
1.0
0.9739
0.975
1.0
0.9739
0.975
0.782
0.758
1.0
0.821
0.9472
0.9068
0.7294
0.9468
1.0
0.6124
0.6675
0.7333
0.6072
0.7297
0.7207
0.7333
0.7743
0.513
1.0
0.9093
0.8048
0.7295
0.6326
0.3301
0.8048
0.7975
0.9576
0.8529
0.9719
0.6215
0.7424
0.6038
0.7296
0.7364
0.9906
0.9855
0.9044
0.9841
0.9197
0.5855
0.6854
0.7053
0.6921
0.6807
0.6863
0.8659
0.9822
0.7848
0.8619
0.6217
0.8394
0.8534
0.8659
0.783
0.9856
0.9384
0.9828
0.71
0.7251
0.8969
0.7246
0.7315
0.8435
0.8168
0.9722
0.5838
0.701
0.6015
0.7092
0.7198
0.954
0.9693
0.951
0.6717
0.6883
0.6652
0.7067
0.7254
0.6221
0.9489
0.8877
0.9269
0.7715
0.8106
0.5248
0.8112
0.8655
0.8221
0.9629
0.7849
0.9767
0.5427
0.5769
0.8049
0.5856
0.5889
0.8564
0.9767
0.8626
0.9682
0.9309
0.6935
0.7078
0.6895
0.6779
0.7013
0.7194
0.7552
0.9338
0.8424
0.9479
0.3688
0.4547
0.3587
0.4566
0.4714
0.9838
0.9761
0.7936
0.9595
0.8094
0.9126
0.9043
0.8814
0.8991
0.8055
0.9778
0.8204
0.8868
0.6536
0.4414
0.3827
0.5061
0.486
0.9452
0.9694
0.9625
0.8807
0.588
0.4613
0.5825
0.5928
0.5863
0.6091
0.8756
0.8648
0.8399
0.3197
0.3571
0.449
0.3858
0.4858
0.9324
0.9554
0.9734
0.5376
0.5413
0.5215
0.5852
0.5737
0.7865
0.9574
0.8474
0.9555
0.9806
0.7033
0.8296
0.9109
0.7035
0.8659
0.8875
0.7965
0.9206
0.7064
0.9627
0.3407
0.2716
0.2979
0.2237
0.3102
0.9806
0.9872
0.916
0.9898
0.8691
0.9376
0.9703
0.9446
0.9529
0.7858
0.9818
0.9893
0.9514
0.95
0.9517
0.6945
0.9364
0.9563
0.825
0.9779
0.9066
0.966
0.708
0.7126
0.8333
0.7109
0.7336
0.8389
0.74
0.7939
0.9521
0.7902
0.8177
0.6051
0.8389
0.7945
0.9627
0.8361
0.9761
0.3098
0.3585
0.3679
0.3469
0.3577
0.8171
0.9609
0.8335
0.9378
0.5724
0.7617
0.5967
0.6997
0.7108
0.6098
0.907
0.8537
0.689
0.9254
0.8816
0.689
0.9254
0.8816
0.6098
0.907
0.8537
1.0
0.7771
0.9374
0.485
0.4799
0.3993
0.4234
0.4734
0.8196
0.9662
0.6107
0.9434
0.5556
0.6533
0.4661
0.6283
0.6587
0.9217
0.9672
0.7555
0.9608
0.1756
0.1608
0.1665
0.1339
0.1393
0.7784
0.9495
0.8773
0.8343
0.9741
0.5128
0.6378
0.4995
0.6539
0.6305
0.6642
0.962
0.78
0.9053
0.6658
0.7033
0.6642
0.7182
0.7557
0.8603
0.9985
0.9658
0.8088
0.7857
0.975
0.8395
0.8637
0.7934
0.8238
0.6373
0.7825
0.8039
0.9133
0.9705
0.9096
0.9765
0.9096
0.9765
0.9133
0.9705
1.0
0.9151
0.9627
0.9785
0.9491
0.7209
0.5785
0.6778
0.6625
0.6889
0.9008
0.9791
0.9101
0.9556
0.3192
0.3098
0.381
0.3532
0.3416
0.6603
0.945
0.9241
0.9511
0.7992
0.8003
0.534
0.8078
0.8399
0.7513
0.716
0.9742
0.3375
0.3072
0.2734
0.3372
0.3201
0.9212
0.961
0.603
0.9765
0.4938
0.5104
0.5164
0.532
0.5191
0.7812
0.9727
0.7925
0.9852
0.6715
0.8903
0.7192
0.8864
0.9031
0.8344
0.9558
0.7867
0.9386
0.5033
0.2656
0.3881
0.3609
0.3588
0.9197
0.867
0.8787
0.9542
0.3536
0.3183
0.3637
0.3519
0.3454
0.81
0.9682
0.7832
0.9832
0.2065
0.1391
0.1388
0.1647
0.1483
0.8417
0.983
0.7483
0.9306
0.668
0.7623
0.7389
0.7483
0.6738
0.9682
0.9201
0.976
1.0
0.4343
0.4453
0.4466
0.5351
0.4491
0.4466
0.7941
0.9619
0.8489
0.9782
0.3789
0.4164
0.4513
0.4206
0.4152
0.9554
0.7147
0.7387
0.7017
0.7429
0.777
0.9584
0.8189
0.9663
0.5008
0.5243
0.5011
0.5126
0.531
0.9155
0.9845
0.9157
0.9864
0.5827
0.5365
0.4377
0.5437
0.5437
0.9688
0.7583
0.9208
0.729
0.9145
0.9479
0.9838
0.8657
0.8937
0.9866
0.6443
0.6712
0.6535
0.635
0.6721
0.8863
0.9304
0.7442
0.9437
0.7442
0.9437
0.8863
0.9304
1.0
0.8358
0.7836
0.8547
0.9591
0.5372
0.4925
0.5388
0.4026
0.5196
0.7922
0.6576
0.6576
0.7922
0.9761
0.5965
0.9608
0.7927
0.9845
0.2147
0.2368
0.3174
0.2822
0.2396
0.9259
0.8684
0.9735
0.8835
0.9072
0.8298
0.9286
0.8278
0.9584
0.9047
0.8278
0.9494
0.9829
0.9114
0.9902
0.8166
0.9013
0.8712
0.9034
0.914
0.93
0.9541
0.8529
0.9849
0.3703
0.3078
0.2656
0.3367
0.3214
0.9337
0.9567
0.9373
0.5983
0.6233
0.5999
0.6488
0.6578
0.9026
0.9825
0.9359
0.8249
0.9733
0.7472
0.8695
0.9397
0.9534
0.7083
0.973
0.9194
0.9802
0.278
0.2604
0.2304
0.2585
0.2552
0.8252
0.9632
0.7841
0.9757
0.5663
0.5991
0.8151
0.6013
0.6122
0.816
0.8268
0.9962
0.894
1.0
0.7708
0.843
0.6026
0.6222
0.8463
0.843
0.9815
0.8533
0.9826
0.635
0.7944
0.6029
0.798
0.8059
0.972
0.9403
0.7831
0.7629
0.5591
0.5365
0.5907
0.5998
0.6019
0.8804
0.9802
0.8123
0.7846
0.7403
0.7452
0.8141
0.9217
0.937
0.9288
0.9875
0.954
0.9714
0.708
0.615
0.6678
0.623
0.6171
0.8538
0.9725
1.0
0.8153
0.9748
0.3087
0.4732
0.3155
0.4131
0.4463
0.4463
0.8759
0.9808
0.9054
0.9838
0.8013
0.7999
0.8232
0.7928
0.8051
0.6753
0.9859
0.7974
0.9837
0.7747
0.5967
0.6307
0.5448
0.8111
0.6543
0.6449
0.9671
0.9716
0.8802
0.9454
0.5335
0.5266
0.5172
0.5367
0.5364
0.9307
0.7917
0.9655
0.9592
0.5165
0.5022
0.4783
0.4593
0.5121
0.781
0.9653
0.9643
0.9153
0.4494
0.4261
0.4665
0.4346
0.4307
0.9395
0.9603
0.9239
0.9448
0.9612
0.8974
0.894
0.9575
0.957
0.8405
0.9632
0.7552
0.9697
0.3075
0.3566
0.3684
0.2758
0.3486
0.787
0.9688
0.9498
0.9669
0.8363
0.8605
0.6667
0.8722
0.8945
0.8777
0.985
1.0
0.9389
0.9837
1.0
0.6748
0.6775
0.69
0.6734
0.6889
0.69
0.69
0.8205
0.967
0.7824
0.9764
0.4864
0.5447
0.761
0.5215
0.53
0.9693
0.8821
0.9809
0.8809
0.7412
0.912
0.7378
0.7519
0.5365
0.9783
0.7623
0.73
0.5943
0.5789
0.5665
0.5101
0.5233
0.903
0.975
0.4433
0.4578
0.3758
0.413
0.4374
0.8991
0.9718
0.9424
0.9734
0.5648
0.6061
0.5445
0.6028
0.6149
0.9477
0.8762
0.9501
0.2233
0.3285
0.407
0.3733
0.3383
0.8305
0.9654
0.5754
0.9824
0.5298
0.6089
0.8292
0.6058
0.6143
0.7654
0.978
0.8385
0.9859
0.6387
0.8059
0.6734
0.8143
0.8222
0.4585
0.9744
0.4442
0.9571
0.3918
0.3001
0.5204
0.2877
0.2744
0.883
0.9533
0.8446
0.9769
0.3907
0.4247
0.4225
0.4421
0.435
0.8114
0.9823
0.7588
0.9815
0.4833
0.4086
0.2784
0.3944
0.4031
0.9259
0.8621
0.9735
0.7576
0.9072
0.8793
0.9367
0.9904
0.8323
0.9839
0.4784
0.4975
0.4844
0.487
0.4848
0.8043
0.8549
0.7511
0.7714
0.9828
0.9875
0.7718
0.7216
0.7137
0.583
0.6889
0.4336
0.7255
0.9104
0.9868
0.8636
0.9789
0.4167
0.4141
0.3653
0.422
0.4186
0.9197
0.9904
0.9358
0.9602
0.8373
0.8218
0.6492
0.754
0.7531
0.557
0.9816
0.7949
0.9694
0.5526
0.5641
0.5309
0.5705
0.5721
0.7933
0.9803
0.4603
1.0
0.2454
0.1952
0.1821
0.2109
0.1952
0.6039
0.9727
0.7543
0.3493
0.4181
0.3551
0.3499
0.3681
0.891
0.9657
0.7761
0.9782
0.2942
0.3032
0.2783
0.274
0.2703
0.9938
0.9853
0.9013
0.951
0.8893
0.7982
0.8219
0.8329
0.8295
0.8344
0.9654
0.9757
0.7303
0.7896
0.7531
0.7716
0.8004
0.8884
0.7643
1.0
0.7516
0.98
0.7105
0.6467
0.6408
0.6691
0.6567
0.6567
0.8822
0.9765
0.8629
0.8533
0.9702
0.7269
0.7491
0.8693
0.7773
0.8668
0.8911
0.837
0.9667
0.8882
0.9676
0.6071
0.6739
0.5714
0.6646
0.6835
0.8792
0.9727
0.8788
0.9511
0.3262
0.3614
0.3884
0.3551
0.3584
0.886
0.9609
0.7731
0.9719
0.8186
0.799
0.7647
0.7854
0.8171
0.9277
0.9623
0.8413
0.9797
0.3333
0.2897
0.2883
0.3491
0.304
0.9249
0.951
0.9395
0.9593
0.7476
0.79
0.7547
0.7724
0.8174
0.8587
0.9547
0.8924
0.8939
0.3956
0.2731
0.3265
0.3138
0.3075
0.9148
0.9847
0.7833
0.8295
0.1654
0.285
0.2862
0.2688
0.2569
0.8784
0.7413
0.8804
0.9763
0.7534
0.841
0.7921
0.6195
0.851
0.8673
0.9766
0.8083
0.9823
0.1604
0.1716
0.2141
0.1776
0.161
0.9253
0.9541
0.776
0.9736
0.2856
0.3142
0.314
0.322
0.3106
0.9331
0.9881
0.8254
0.6997
0.7764
0.8524
0.8
0.7986
0.8501
0.9792
0.6943
0.9441
0.4589
0.4402
0.4487
0.3884
0.3939
0.8425
0.9479
0.8924
0.9797
0.3251
0.3018
0.2277
0.2887
0.29
0.9521
0.9373
0.8939
0.8798
0.4219
0.4306
0.4197
0.413
0.4353
0.7494
0.9829
0.8953
0.9611
0.1783
0.2649
0.2601
0.2288
0.2331
0.6612
0.9758
0.7142
0.9804
0.6876
0.9049
0.5539
0.9202
0.9308
0.8113
0.8762
0.9179
0.8972
0.2871
0.2742
0.2474
0.279
0.2614
0.8427
0.9508
0.8573
0.3907
0.5567
0.4515
0.5091
0.5179
0.5059
0.9478
0.9362
0.8394
0.9878
0.4981
0.4942
0.4596
0.5281
0.4861
0.8543
0.9679
0.6868
0.9631
0.2477
0.1978
0.1901
0.1898
0.1926
0.7634
0.9472
0.6959
0.9104
0.6434
0.6027
0.5304
0.7043
0.7292
0.815
0.9757
0.7251
0.9624
0.4498
0.5425
0.5745
0.5275
0.5415
0.9079
0.9827
0.9044
0.9488
0.6313
0.5615
0.6261
0.5438
0.5515
0.935
0.9319
0.6754
1.0
0.5156
0.4708
0.4232
0.448
0.4708
0.8394
0.9768
0.7261
0.8867
0.7297
0.9209
0.9314
0.8472
0.9811
1.0
1.0
0.9416
0.9416
0.7768
0.9053
0.9416
0.8291
0.9746
0.8302
0.9322
0.6492
0.741
0.9471
0.7796
0.8068
0.9321
0.9843
0.9809
0.9813
0.5771
0.567
0.7673
0.5687
0.5738
0.9416
0.9632
0.9422
0.9817
0.3484
0.3661
0.3444
0.4103
0.3552
0.5626
0.973
0.763
0.9784
0.6528
0.8457
0.5501
0.8315
0.8558
0.9467
0.9644
0.956
0.9492
0.7087
0.6979
0.7176
0.7535
0.7607
0.9421
0.9736
0.78
0.9478
0.6908
0.6965
0.5678
0.5988
0.6568
0.7646
0.9465
0.7246
0.867
0.7246
0.9465
0.6165
0.9687
0.8353
0.9841
0.7203
0.6632
0.3388
0.6564
0.6617
0.9365
0.9746
0.8911
0.963
0.8889
0.914
0.955
0.7915
0.9789
0.7995
0.9728
0.7224
0.9018
0.7247
0.8958
0.923
0.7613
0.9771
0.328
0.3195
0.3183
0.3304
0.3287
0.7597
0.7802
0.9822
0.298
0.2932
0.3091
0.3185
0.3049
0.8968
0.9611
0.9277
0.7802
0.7954
0.7009
0.7993
0.8304
0.8578
0.8416
0.8868
0.9826
0.7953
0.7106
0.8212
0.5941
0.7055
0.7508
0.8394
0.8575
0.9818
0.4423
0.4598
0.498
0.4458
0.4551
0.9422
0.9708
0.9453
0.9848
0.8127
0.8149
0.7465
0.8038
0.827
0.966
0.9731
0.8155
0.2169
0.2259
0.2261
0.2781
0.2239
0.9356
0.9637
0.7913
0.9685
0.731
0.9144
0.9353
0.9034
0.9385
0.4688
0.871
0.5703
0.9721
0.3918
0.6935
0.2549
0.7491
0.7084
0.6638
0.966
0.5909
0.9794
0.5534
0.772
0.6503
0.7804
0.7897
0.7504
0.9652
0.9417
0.9343
0.8719
0.9982
0.6935
0.9084
0.9332
0.9275
0.9787
0.6263
0.9755
0.4847
0.7705
0.8135
0.7886
0.7952
0.9337
0.9875
0.9128
0.9716
0.3398
0.3554
0.3475
0.3429
0.3278
0.8523
0.8531
0.9642
0.9706
0.8448
0.8829
0.7247
0.7095
0.8725
0.825
0.9635
0.5958
0.9755
0.4892
0.6119
0.4804
0.6047
0.6174
0.7594
0.9328
0.847
0.973
0.3841
0.3566
0.3625
0.2958
0.3537
0.6508
0.6621
0.9217
0.751
0.768
0.644
0.7968
0.8281
0.603
0.9842
0.9104
0.651
0.341
0.3839
0.5856
0.3635
0.3521
0.8411
0.968
0.8597
0.9771
0.5685
0.6816
0.597
0.675
0.689
0.8613
0.9743
0.5937
0.5655
0.5704
0.5054
0.4943
0.4974
0.4917
0.7462
0.9584
0.8798
0.9849
0.2718
0.3202
0.3835
0.3245
0.3149
0.8876
0.9624
0.6779
0.6944
0.3354
0.4152
0.2662
0.269
0.2713
0.7944
0.9694
0.9071
0.9563
0.661
0.7364
0.7582
0.7613
0.783
0.9313
0.9893
0.9822
0.9825
0.6594
0.6796
0.7522
0.7055
0.6886
0.9089
0.978
0.9196
0.9478
0.7395
0.5633
0.5453
0.6224
0.6373
0.8707
0.9566
0.8197
0.9803
0.7719
0.9258
0.8271
0.9212
0.9489
0.7062
0.9146
0.9148
0.9581
0.4109
0.4406
0.4371
0.4508
0.633
0.9658
0.784
0.7789
0.2534
0.3059
0.3568
0.3242
0.3177
0.9027
0.9794
0.9852
0.9879
0.7672
0.7691
0.7212
0.7848
0.7881
0.909
0.8676
0.8101
0.9796
0.6778
0.5001
0.5334
0.5392
0.5166
0.9508
0.9015
0.9147
0.9809
0.9434
0.8115
0.7431
0.7807
0.8174
0.8826
1.0
0.8276
0.9831
0.9227
0.7648
0.6431
0.769
0.769
0.7839
0.9768
0.8904
0.9653
0.5006
0.6417
0.5327
0.6324
0.6327
0.8701
0.9476
0.8276
0.9427
0.7937
0.7166
0.6949
0.7681
0.7919
0.999
0.9258
0.8975
0.9709
0.8942
0.9699
0.926
0.999
0.8302
0.9565
0.6041
0.9781
0.6163
0.7634
0.5747
0.7418
0.7788
0.9623
0.9182
0.9598
0.5545
0.6049
0.6004
0.6344
0.6381
0.9481
0.9809
0.945
0.9835
0.8073
0.85
0.8559
0.8284
0.8523
0.8564
0.7939
0.8025
0.9706
0.7139
0.852
0.6814
0.7567
0.8712
0.9395
0.9738
0.9328
0.8399
0.7852
0.6729
0.8695
0.8337
0.8305
0.6853
0.9813
0.7232
0.9797
0.7437
0.8342
0.6598
0.8252
0.8434
0.5922
0.6211
0.8275
0.6436
0.3998
0.604
0.4016
0.4985
0.474
0.8514
0.9781
0.8554
0.9771
0.5053
0.6999
0.7013
0.7041
0.715
0.8128
0.9703
0.8521
0.9813
0.518
0.5308
0.3217
0.5253
0.53
0.8311
0.8809
1.0
0.8117
0.9523
0.4938
0.3595
0.3865
0.3295
0.4286
0.4286
0.7722
0.9752
0.9561
0.9775
0.8642
0.8834
0.7039
0.8845
0.909
0.8843
0.9244
0.9042
0.9188
0.4498
0.4372
0.3554
0.4151
0.3965
0.8598
0.9538
0.7227
0.9483
0.6985
0.7367
0.7215
0.748
0.7835
0.8074
0.8922
0.7899
0.9725
0.5732
0.5553
0.4909
0.5133
0.5266
0.8861
0.9542
0.866
0.793
0.3297
0.442
0.297
0.3208
0.3589
0.8335
0.9378
0.7971
0.9627
0.3562
0.3857
0.3146
0.2615
0.373
0.9417
0.9334
0.8225
0.8614
0.843
0.9138
0.8992
0.8548
0.9727
0.7789
0.346
0.3934
0.3829
0.3889
0.399
0.7597
0.9253
0.9056
0.9524
0.9524
0.9253
0.7268
0.9722
0.7725
1.0
0.5663
0.8041
0.5466
0.8226
0.8041
0.8907
0.9779
0.8956
0.9676
0.9245
0.7938
0.7707
0.8407
0.8626
0.8504
0.8811
0.9082
0.7333
0.9666
0.706
0.8297
0.9559
0.9465
0.8631
0.7959
0.6822
0.7261
0.6929
0.695
0.6983
0.9396
0.8415
1.0
0.9363
0.3449
0.3412
0.3429
0.3833
0.3449
0.8919
0.9186
0.8595
0.987
0.7125
0.8084
0.8908
0.6771
0.8045
0.7765
0.9842
0.8044
0.9775
0.4037
0.5088
0.3851
0.5057
0.503
0.7861
0.7616
0.5831
0.9737
0.3349
0.3059
0.2608
0.2227
0.2914
0.5311
0.968
0.5795
0.4852
0.2089
0.2604
0.2954
0.2863
0.2792
0.8201
0.8839
0.8687
1.0
0.6906
0.6986
0.676
0.6719
0.6986
0.9953
0.9729
0.9956
0.8134
0.9353
0.7019
0.6692
0.698
0.7122
0.7087
0.7
1.0
0.973
0.9327
0.8936
0.7304
0.7549
0.7949
0.7787
0.7949
0.9107
0.6021
0.9894
0.9373
0.9812
0.5662
0.5077
0.5448
0.4397
0.5197
0.511
0.7804
0.9531
0.7589
0.9142
0.9812
0.7208
0.756
0.6445
0.7473
0.5936
0.7763
0.9864
0.8826
1.0
0.852
0.7035
0.6428
0.5568
0.507
0.6517
0.6153
0.6428
0.8426
0.9631
0.8271
0.9778
0.6693
0.6799
0.5567
0.6609
0.6824
0.9782
0.9927
0.9975
0.8952
0.9378
0.6044
0.5979
0.6505
0.6485
0.6481
0.6443
0.9837
0.474
0.7952
0.9775
0.7612
0.8535
0.6163
0.8876
0.47
0.7013
0.873
0.9927
0.9819
0.9877
0.9171
0.742
0.6664
0.7672
0.7566
0.752
0.8998
0.9714
1.0
0.9696
0.6074
0.6285
0.6582
0.4657
0.6243
0.5876
0.6285
0.9024
0.6627
0.9818
0.8676
0.4573
0.5007
0.4309
0.3686
0.4697
0.9958
0.9275
0.8177
0.9867
0.5445
0.564
0.5488
0.5278
0.548
0.9076
0.9668
0.9733
0.9741
0.8919
0.5198
0.524
0.5315
0.5497
0.5393
0.5358
1.0
0.9501
0.9689
0.9911
0.9177
0.9256
0.9359
0.8807
0.9359
0.9997
0.8908
0.9504
0.9875
0.6914
0.7512
0.7626
0.7218
0.7617
0.6154
0.6519
0.9916
0.9786
0.5261
0.52
0.5927
0.6573
0.5132
1.0
0.8594
0.9652
0.942
0.9832
0.9337
0.6481
0.6616
0.6487
0.6638
0.5929
0.6437
0.6638
0.9194
0.9029
0.9585
0.9179
0.925
0.8861
0.8993
0.8716
0.9631
0.9753
0.9914
0.9736
0.9907
0.8178
0.8262
0.8142
0.8285
0.8357
0.9382
0.7599
0.7521
0.9556
0.9913
0.6221
0.6147
0.5802
0.508
0.6095
0.6164
0.9334
0.738
0.9152
0.9621
0.4941
0.3693
0.4963
0.5661
0.4827
0.9544
0.7996
0.9996
0.9185
0.3868
0.4882
0.3813
0.3883
0.3951
0.9471
0.6957
0.9474
0.9901
0.8663
0.9102
0.8545
0.7047
0.9158
0.9462
0.9909
0.9218
0.8279
0.8287
0.7044
0.5007
0.5216
0.5507
0.5008
0.555
0.5337
0.5647
1.0
0.9483
0.9965
0.9896
0.7053
0.7053
0.7057
0.6592
0.7057
0.9822
0.8014
1.0
0.8743
0.6683
0.665
0.6386
0.4167
0.6683
0.9599
0.7718
0.7924
0.8808
0.9679
0.4046
0.4219
0.4254
0.3884
0.5702
0.4209
0.8178
0.8625
0.9092
0.9713
0.7136
0.7588
0.8153
0.8855
0.7708
0.9899
0.9511
0.9723
0.9911
0.6987
0.7342
0.7218
0.7263
0.7258
0.8934
0.8695
0.933
0.8553
0.6716
0.6193
0.6723
0.5956
0.7157
0.9889
0.6794
0.999
0.6869
0.5849
0.5437
0.5805
0.5805
0.5799
0.9419
0.9857
0.9924
0.8319
0.7545
0.7616
0.6706
0.7247
0.7637
0.7531
0.765
0.9927
0.9856
0.9944
0.7589
0.8642
0.6051
0.8665
0.8523
0.8585
1.0
0.9136
0.9386
0.8961
0.6641
0.67
0.6984
0.684
0.6984
0.9481
0.8062
0.9887
0.9884
0.8896
0.8631
0.8051
0.8134
0.7874
0.8351
0.8532
0.9949
0.9799
0.9585
0.9821
0.6922
0.67
0.675
0.6508
0.6722
0.8958
0.5583
0.9917
0.929
0.7615
0.6824
0.7421
0.4986
0.7644
1.0
0.9729
0.8755
0.957
0.5229
0.5325
0.5781
0.5841
0.5781
0.9865
0.9519
0.9902
0.8628
0.7835
0.7264
0.7808
0.7368
0.7863
0.96
0.9901
0.991
1.0
0.9772
0.7513
0.7204
0.7308
0.7556
0.7494
0.7513
0.9818
0.9531
0.9677
0.9767
0.9933
0.8649
0.8664
0.8687
0.8193
0.8421
0.873
0.993
0.9432
1.0
0.9884
0.8742
0.8701
0.8681
0.8169
0.8742
0.9544
0.8711
0.9585
0.9769
0.7139
0.7445
0.7112
0.7
0.7446
0.9763
0.8997
0.9906
0.984
0.906
0.4926
0.4919
0.498
0.4957
0.5003
0.4952
0.9806
0.708
1.0
0.9848
0.9476
0.6761
0.6708
0.6579
0.6771
0.6354
0.6761
0.9297
0.9827
0.9937
0.9892
0.6355
0.6222
0.6067
0.6272
0.6201
0.9668
0.8836
1.0
0.8714
0.6547
0.6769
0.6599
0.5698
0.6547
0.9927
0.9911
0.935
0.9025
0.8186
0.4814
0.5255
0.5188
0.5166
0.4907
0.5157
0.7966
0.9719
0.9188
0.9369
0.998
0.7342
0.7076
0.7434
0.6795
0.7342
0.7416
0.9692
0.9861
0.9636
0.7267
0.8819
0.6084
0.6541
0.5821
0.5529
0.6033
0.6125
1.0
0.9008
0.9193
0.8871
0.6512
0.5247
0.6542
0.708
0.6542
0.9942
0.986
1.0
0.5352
0.9825
0.804
0.4916
0.7996
0.8054
0.8087
0.804
0.9935
0.9872
0.9453
0.8715
0.7283
0.5844
0.6375
0.5695
0.629
0.6156
0.6195
0.9818
0.9607
0.8707
0.9821
0.8101
0.8238
0.8066
0.7828
0.8332
1.0
0.9849
0.8562
0.9731
0.5956
0.6512
0.67
0.6818
0.67
0.9996
0.9313
0.9691
0.9548
0.514
0.5019
0.5265
0.4889
0.5251
0.9426
0.9809
0.9474
0.8428
0.871
0.354
0.4561
0.2815
0.4248
0.4251
0.412
0.9911
0.9863
0.9996
0.9485
0.7801
0.7541
0.8004
0.7619
0.7823
0.9144
0.9875
0.8624
0.9327
0.9909
0.6699
0.6889
0.7392
0.6877
0.6564
0.6914
0.9781
0.9841
0.991
0.9089
0.9405
0.8259
0.7814
0.8555
0.8195
0.8166
0.8328
0.9273
0.9861
0.982
0.8314
0.8175
0.8153
0.8183
0.9277
0.9723
1.0
0.8885
0.6527
0.5852
0.6325
0.6345
0.6527
0.9673
0.7823
0.903
0.9122
0.591
0.6634
0.5946
0.5772
0.6374
0.806
0.9794
1.0
0.9916
0.9354
0.5808
0.562
0.576
0.4909
0.5941
0.5808
0.9968
0.9901
0.9921
0.788
0.7842
0.7849
0.7786
0.788
0.8709
0.7453
0.9896
0.8691
0.6469
0.6369
0.52
0.7995
0.6426
0.8223
0.8108
1.0
0.9843
0.6941
0.6828
0.6446
0.7624
0.6941
0.9931
0.9801
0.9208
0.8404
0.6718
0.6224
0.7463
0.6846
0.7271
0.9514
0.9877
1.0
0.9876
0.5322
0.5068
0.4926
0.5534
0.5322
0.9906
0.8365
0.9038
0.9841
0.5699
0.6327
0.6468
0.5183
0.6384
0.9796
0.9902
0.9788
0.9067
0.8734
0.7491
0.7481
0.8513
0.8531
0.8691
0.8596
0.9355
0.9644
0.9354
0.9263
0.6388
0.6446
0.686
0.6842
0.609
0.9451
0.7466
0.9704
0.9752
0.8886
0.6526
0.6307
0.5952
0.6397
0.661
0.6483
0.9522
0.9489
0.985
0.9549
0.526
0.5189
0.4902
0.4541
0.5092
0.9765
0.788
0.9684
0.9893
0.5601
0.4931
0.5002
0.4841
0.4977
0.92
0.9154
1.0
0.9021
0.869
0.7503
0.8114
0.8384
0.869
0.9886
0.7833
0.9457
0.8168
0.4411
0.3541
0.5176
0.4696
0.4933
0.8414
0.9474
0.9609
0.9795
0.6275
0.6671
0.7481
0.5958
0.6629
0.897
0.8273
0.982
0.9892
0.5774
0.5958
0.5868
0.4603
0.6045
0.9274
0.9854
0.9918
0.8272
0.9651
0.8954
0.7378
0.8541
0.83
0.8835
0.8938
0.7857
0.9778
0.9616
0.8274
0.4165
0.4297
0.5319
0.4376
0.428
0.9756
0.9476
0.9234
0.9841
0.83
0.6675
0.7263
0.5673
0.6891
0.6179
0.7185
1.0
0.9476
0.8663
0.8325
0.7427
0.7372
0.815
0.7297
0.815
0.8955
0.9882
0.9796
0.9846
0.7456
0.7321
0.74
0.722
0.728
0.9275
0.8798
0.7818
0.929
0.989
0.7724
0.8285
0.7858
0.7494
0.6672
0.8428
1.0
0.9748
0.9611
0.9212
0.7784
0.8426
0.8452
0.8324
0.8452
0.9588
0.9902
0.9446
0.9752
0.579
0.5929
0.574
0.6137
0.609
0.9912
0.7931
0.9805
0.7659
0.4268
0.4107
0.4697
0.447
0.4405
1.0
0.9857
0.946
0.9006
0.5432
0.5212
0.3812
0.5432
0.549
0.5202
0.5432
0.8731
0.9787
1.0
0.8993
0.8054
0.6575
0.7485
0.7976
0.8054
0.9921
0.8765
0.6975
0.9436
0.9788
0.5893
0.557
0.5824
0.5383
0.6149
0.5704
0.9338
0.9827
1.0
0.9845
0.5011
0.5037
0.4218
0.5021
0.5011
0.9849
0.5905
0.9595
0.9104
0.9833
0.4142
0.4366
0.3991
0.4146
0.2003
0.4048
0.9439
0.7755
0.8351
0.977
0.6942
0.6697
0.6553
0.624
0.6787
1.0
0.9244
0.9878
0.9833
0.8988
0.8873
0.901
0.8341
0.901
0.8661
0.8397
0.9649
0.9832
0.7843
0.7803
0.6968
0.7556
0.7927
0.9094
0.9822
0.9821
0.9234
0.7999
0.7699
0.7643
0.7777
0.7972
0.9922
0.9919
1.0
0.9331
0.7217
0.6716
0.7234
0.7365
0.7217
0.9977
0.9911
0.9324
0.9932
0.8666
0.9305
0.9321
0.9247
0.9353
0.9954
0.8199
0.9979
0.994
0.8053
0.7969
0.7891
0.6039
0.798
0.9966
0.9679
0.9807
1.0
0.9398
0.5584
0.4887
0.5588
0.5434
0.5596
0.5584
1.0
0.9863
0.8166
0.8697
0.3644
0.3934
0.379
0.3863
0.379
0.9941
0.8689
0.9118
0.9545
0.9701
0.4425
0.4551
0.4541
0.4968
0.4713
0.4398
0.9955
0.9927
0.8517
0.9515
0.9206
0.8344
0.7689
0.7681
0.7939
0.788
0.7992
0.8037
0.5882
0.9993
0.7965
0.9142
0.3372
0.2263
0.348
0.2911
0.2166
0.3382
0.7667
0.9801
0.9637
0.9897
0.958
0.5139
0.5413
0.5446
0.5061
0.5608
0.5501
0.9411
0.9078
0.997
0.974
0.6507
0.6469
0.6254
0.6435
0.6516
0.9465
0.7328
0.9634
0.9874
0.4416
0.4463
0.4164
0.4084
0.4561
0.8772
0.9537
0.8393
0.9802
0.4808
0.5252
0.6749
0.5564
0.5275
0.9916
0.9327
1.0
0.9786
0.85
0.8389
0.8616
0.78
0.85
0.923
0.978
0.7936
0.9951
0.7931
0.3466
0.3513
0.3385
0.3755
0.3369
0.3397
1.0
0.8182
0.9259
0.9721
0.6807
0.6049
0.63
0.7788
0.63
0.9109
0.7626
0.9614
0.9591
0.9618
0.7477
0.7372
0.6804
0.4877
0.7488
0.7659
0.9567
0.9846
1.0
0.9949
0.8447
0.8433
0.8359
0.8317
0.8447
0.9677
0.7745
0.9004
0.9886
0.802
0.9114
0.8884
0.7107
0.9211
0.9417
0.9787
0.9464
0.9127
0.3536
0.3927
0.347
0.3661
0.3698
0.9116
0.9148
0.9934
0.9875
0.6815
0.6845
0.716
0.7327
0.6881
0.9193
0.9823
0.9904
0.8879
0.8925
0.5922
0.5484
0.5524
0.5486
0.5739
0.5521
1.0
0.9755
0.9131
0.8234
0.6076
0.6342
0.5974
0.5903
0.5974
0.9638
0.9847
0.9992
0.8624
1.0
0.7715
0.7338
0.7672
0.7148
0.7486
0.7672
0.9353
0.9847
0.9037
0.9263
0.6303
0.6991
0.6868
0.7204
0.7038
0.9997
0.9209
0.9235
0.9744
0.9038
0.9761
0.9823
0.908
0.9824
0.9873
0.726
0.9802
0.7511
0.7196
0.6801
0.6528
0.9264
0.6566
0.9151
0.9334
0.9617
0.9893
0.9659
0.958
0.9227
0.6679
0.6193
0.7122
0.7139
0.7022
0.7097
0.9908
0.9875
0.8531
0.9775
0.796
0.8504
0.8675
0.867
0.8732
0.8649
0.9793
0.7354
0.9995
0.9857
0.668
0.654
0.6132
0.6677
0.5464
0.6706
0.9676
0.9001
0.9367
0.9772
0.6847
0.6987
0.6839
0.6422
0.7151
0.9125
0.9792
0.9746
0.9784
0.8863
0.7211
0.7255
0.7714
0.6669
0.696
0.7201
0.9876
0.962
0.9987
0.9176
0.6448
0.577
0.637
0.6222
0.6373
0.9094
0.9839
0.938
0.9428
0.9989
0.6917
0.6845
0.7088
0.6519
0.7014
0.7085
0.9834
0.9872
0.9647
0.8297
0.7171
0.8052
0.7176
0.7185
0.7241
0.9997
0.9339
0.9787
0.9939
0.9902
0.525
0.5356
0.5248
0.5302
0.5126
0.5224
0.9207
0.8487
0.924
0.9577
0.8926
0.7496
0.6935
0.7487
0.7546
0.7411
0.756
0.9477
0.9741
0.9666
0.8597
0.9736
0.6407
0.6559
0.6665
0.5997
0.6474
0.6594
0.9993
0.986
0.9197
0.9839
0.9951
0.6909
0.641
0.6538
0.6627
0.6586
0.6561
0.9611
0.9886
0.9293
0.8146
0.813
0.7163
0.8591
0.8648
0.8686
0.8841
0.9755
1.0
0.9882
0.5769
0.5672
0.5851
0.573
0.5769
0.9752
0.9763
0.9424
0.984
0.9658
0.261
0.3114
0.3371
0.3341
0.3405
0.2963
0.9889
0.9555
0.9877
0.979
0.6746
0.6798
0.6828
0.6398
0.6855
0.9184
0.9918
1.0
0.9846
0.9864
0.9569
0.9598
0.8793
0.9615
0.9703
0.9703
0.9648
0.6073
0.9641
0.9944
0.8856
0.8917
0.878
0.5965
0.898
1.0
0.9878
0.97
0.866
0.6987
0.5681
0.5419
0.6666
0.6838
0.6923
0.6666
0.8073
0.9736
0.9906
0.8765
0.8303
0.634
0.4658
0.564
0.5651
0.6387
0.6384
1.0
0.9507
0.9319
0.7735
0.6997
0.6741
0.7431
0.5301
0.7209
0.6783
0.7209
0.9232
0.9759
1.0
0.7558
0.5434
0.452
0.4881
0.5496
0.5434
0.9084
0.8971
1.0
0.9275
0.9998
0.6759
0.6531
0.6756
0.6755
0.6175
0.6759
0.9999
0.851
0.9903
0.9842
0.6148
0.6095
0.6177
0.6417
0.6173
0.9371
0.6245
0.9145
0.8557
0.7659
0.6321
0.6774
0.4695
0.7532
0.9994
0.977
0.8664
0.8766
0.5002
0.534
0.5413
0.5241
0.5404
0.9993
0.9859
0.9288
0.8705
0.6529
0.5154
0.6681
0.6657
0.6652
0.8955
0.9823
0.9157
0.9122
0.883
0.9087
0.8784
0.8927
0.9797
0.912
0.9961
0.9547
0.8814
0.956
0.9897
0.8783
0.8961
0.8807
0.7685
0.9032
0.9995
0.8534
0.7925
0.9817
0.7052
0.7234
0.7205
0.6292
0.7227
0.8956
0.8262
0.8394
0.9793
0.9725
0.9793
0.4854
0.4877
0.481
0.4872
0.485
0.5027
0.4989
0.9699
0.8129
0.8279
0.9764
0.7742
0.4462
0.5003
0.5019
0.4803
0.5185
0.4922
0.9895
0.9804
1.0
0.9548
0.9101
0.6946
0.6369
0.7076
0.6867
0.6984
0.6984
0.9998
0.7285
0.9383
0.8691
0.6007
0.5626
0.604
0.7557
0.6032
0.9989
0.9734
0.9107
0.9824
0.8159
0.83
0.8459
0.8283
0.844
0.9493
0.6651
0.9975
0.9845
0.9998
0.8435
0.8472
0.8428
0.8016
0.5216
0.8417
0.9996
0.9287
0.9269
0.9786
0.8119
0.8228
0.8389
0.826
0.8386
0.8753
0.9811
0.982
0.9852
0.6854
0.6548
0.6864
0.6717
0.6713
0.9998
0.9861
0.8678
0.9743
0.8362
0.6042
0.5482
0.6184
0.6177
0.6231
0.618
0.9227
0.9478
0.9284
0.989
0.9918
0.6661
0.6765
0.6007
0.6988
0.6326
0.6741
0.9613
0.9525
1.0
0.9301
0.9222
0.8708
0.8758
0.8632
0.9222
0.9922
0.9141
0.9835
0.821
0.9099
0.6218
0.6148
0.5651
0.5757
0.5789
0.578
0.9995
0.9811
0.9624
0.9916
0.6924
0.7339
0.7428
0.7388
0.7375
0.8912
0.9871
0.9043
0.626
0.3185
0.4918
0.3093
0.7232
0.7087
0.7343
0.7213
0.9288
0.9913
0.9809
0.9345
0.7592
0.6953
0.788
0.7765
0.7693
0.8581
0.9692
0.7729
0.9997
0.9028
0.7778
0.7183
0.6821
0.7508
0.6362
0.776
0.9525
0.9564
0.9693
0.9927
0.7726
0.7834
0.7932
0.7456
0.7828
0.9955
0.9881
0.9572
0.9794
0.8832
0.6981
0.6287
0.6955
0.6908
0.6562
0.7041
0.9997
0.9922
0.9746
0.8926
0.8357
0.7674
0.8542
0.8491
0.8559
0.9587
0.9917
0.9656
0.9869
0.9146
0.7296
0.7413
0.7935
0.7299
0.7455
0.7506
0.9974
0.9057
0.9519
0.9882
0.7339
0.7551
0.753
0.7053
0.7586
0.9998
0.8511
0.9879
0.8034
0.9397
0.5655
0.8052
0.7951
0.721
0.7829
0.7948
0.956
0.9928
0.942
0.6777
0.7193
0.6383
0.7453
0.715
0.7254
0.9627
0.9728
0.9828
0.9991
0.9305
0.5744
0.5559
0.5328
0.5946
0.6155
0.5787
0.9998
0.9913
0.9579
0.9351
0.7681
0.7847
0.7717
0.7545
0.7742
0.9586
0.8705
0.9736
1.0
0.9626
0.4897
0.4962
0.4922
0.5214
0.489
0.4897
1.0
0.8978
0.9857
0.9909
0.8886
0.891
0.8916
0.7831
0.8916
0.9478
0.9928
0.9997
0.9855
0.7991
0.7913
0.7894
0.7944
0.7985
0.9318
0.916
1.0
1.0
0.4088
0.1113
0.335
0.0933
0.1234
0.1113
0.1113
0.9988
0.97
0.9388
0.908
0.6378
0.689
0.6601
0.6537
0.6575
1.0
0.9727
0.8889
0.9263
0.8693
0.4654
0.5639
0.4765
0.4698
0.4683
0.4765
0.9972
0.7342
0.9862
0.9784
0.7825
0.6915
0.6698
0.7229
0.6761
0.464
0.675
0.912
1.0
1.0
0.9595
0.8076
0.8714
0.8485
0.7274
0.7681
0.8714
0.8714
0.9932
0.9968
0.9912
0.9929
0.6685
0.6903
0.6816
0.6889
0.687
0.9408
0.9799
0.8298
0.9687
0.4614
0.523
0.4803
0.5161
0.5196
0.8386
0.9733
1.0
0.936
0.7236
0.7032
0.7184
0.7099
0.7236
0.958
0.9656
0.9742
0.9787
0.4974
0.5206
0.4864
0.5127
0.517
0.8669
0.9698
0.8932
0.9454
0.6422
0.5254
0.5736
0.6401
0.6145
0.9384
0.9884
0.9553
0.9725
0.7801
0.6966
0.7635
0.7159
0.7236
0.883
0.9223
0.9554
0.9723
0.9554
0.9723
0.883
0.9223
1.0
0.9525
0.9065
0.9774
0.9832
0.6392
0.5979
0.5949
0.5067
0.6243
0.9689
0.9882
0.9567
0.9923
0.6503
0.6481
0.5589
0.6487
0.6492
0.9805
0.983
0.9202
0.9869
0.7479
0.7571
0.74
0.7558
0.761
0.9312
0.9767
0.8959
0.9234
0.9906
0.7341
0.784
0.7036
0.7712
0.8166
0.7879
0.6487
0.9204
0.9331
0.8883
0.6677
0.668
0.5739
0.6588
0.6909
0.9098
0.9909
0.9483
0.9467
0.87
0.872
0.8336
0.923
0.932
0.9137
0.9837
1.0
0.9926
0.6707
0.6618
0.619
0.6672
0.6707
0.9709
0.9924
0.9752
0.9878
0.9849
0.7443
0.7496
0.6938
0.7485
0.7237
0.7413
0.7471
0.9756
0.8643
0.9817
0.7006
0.8545
0.6555
0.8452
0.8685
0.9588
0.965
0.8906
0.9844
0.3504
0.3141
0.3376
0.3206
0.3136
0.9497
0.9803
0.9033
0.9861
0.4412
0.5566
0.5084
0.5497
0.5465
0.9124
0.9476
0.9577
0.9858
0.6046
0.6404
0.5724
0.6109
0.6482
0.9546
0.9577
0.9443
0.9731
0.75
0.7526
0.7632
0.7084
0.766
0.9474
0.9445
0.9903
0.9616
0.9366
0.6911
0.6939
0.7248
0.6736
0.6898
0.6913
0.9722
0.7974
0.9755
0.9536
0.6867
0.6223
0.6963
0.6266
0.6848
0.9172
0.983
0.7678
0.9808
0.7004
0.695
0.7784
0.5154
0.6667
0.7765
0.7962
0.9172
0.9808
0.9704
0.9363
0.719
0.6991
0.6371
0.7047
0.7121
1.0
0.9934
0.9311
0.9695
0.5324
0.5096
0.4872
0.4998
0.4872
0.9721
0.9625
0.9752
0.9905
0.5446
0.595
0.6872
0.5832
0.5917
0.8541
0.8809
0.8652
0.933
0.7821
0.8517
0.7924
0.8076
0.9188
0.9232
0.9824
0.9554
0.9864
0.5944
0.595
0.6272
0.6109
0.5938
1.0
0.9872
0.8077
0.9528
0.6077
0.7299
0.7669
0.7601
0.7669
0.986
0.9506
0.9654
0.9539
0.9213
0.8452
0.8843
0.8865
0.8988
0.7394
0.947
0.9883
0.9882
0.6142
0.5948
0.5763
0.6206
0.6518
0.9117
0.8065
0.9169
0.9698
0.9544
0.8711
0.8695
0.7086
0.8617
0.9792
0.9056
0.9359
0.9675
0.5442
0.5116
0.5745
0.5091
0.535
0.8936
0.8041
0.8521
0.9209
0.73
0.8763
0.869
0.7458
0.8452
0.9023
0.9251
0.8627
0.9675
0.6696
0.7551
0.7093
0.7507
0.7935
0.8394
0.9675
0.9453
0.9026
0.486
0.6924
0.6209
0.6543
0.6708
0.9372
0.9718
0.9543
0.9842
0.3272
0.2984
0.2594
0.3015
0.3101
0.9486
0.9425
0.7239
0.7447
0.4176
0.4799
0.4007
0.4679
0.4254
0.8102
0.8922
0.8387
0.9574
0.6421
0.5185
0.3682
0.433
0.5084
0.9608
0.9575
0.9951
0.8563
0.8374
0.8095
0.8402
0.8677
0.9703
0.8962
0.9681
0.6093
0.6187
0.6345
0.6224
0.6324
0.9518
0.9719
0.9553
0.9555
0.5387
0.5667
0.6458
0.619
0.6173
0.9478
0.8893
0.9676
0.9868
0.6507
0.69
0.7062
0.7031
0.6924
0.8977
0.9538
0.906
0.9233
0.7786
0.8022
0.8381
0.8838
0.9209
0.9125
0.8934
0.92
0.9874
0.813
0.8722
0.8814
0.8648
0.8836
0.8808
0.8497
0.9123
0.9846
0.4509
0.4627
0.4626
0.5146
0.4781
0.8476
0.9832
0.9061
0.9619
0.6845
0.8215
0.7604
0.8415
0.8401
0.9896
0.9484
0.9269
0.9695
0.599
0.6223
0.6144
0.6151
0.6225
0.8948
0.7507
0.8994
0.8269
0.6446
0.6603
0.7029
0.6383
0.7173
0.9725
0.9798
0.937
0.9549
0.8256
0.7888
0.8046
0.8186
0.8341
0.9782
0.8877
0.8524
0.7894
0.5622
0.5508
0.5528
0.4298
0.5723
0.9575
0.9837
0.9888
0.9844
0.7882
0.782
0.8413
0.7969
0.8019
0.9778
0.9077
0.9677
0.9709
0.8347
0.7818
0.8079
0.6739
0.7891
0.9442
0.8065
0.9995
0.9692
0.602
0.6317
0.6349
0.592
0.601
0.9437
0.9696
0.8048
0.9338
0.4465
0.5784
0.517
0.5564
0.5439
0.8719
0.9246
0.9319
0.9806
0.699
0.7171
0.5975
0.6801
0.7195
0.8076
0.9609
0.9473
0.9366
0.6337
0.6963
0.665
0.6887
0.7058
0.5717
0.9643
0.8977
0.9901
0.7527
0.8789
0.5076
0.848
0.881
1.0
0.9794
0.9763
0.9685
0.4237
0.404
0.4257
0.4309
0.4257
0.7279
0.8204
0.7518
0.9642
0.4156
0.6908
0.3329
0.7252
0.7096
0.9893
0.9381
0.8187
0.9905
0.6631
0.668
0.6738
0.5582
0.6677
0.9662
0.8309
0.9617
0.9844
0.865
0.7871
0.7709
0.6733
0.8077
0.988
0.9595
0.9726
0.9785
0.8383
0.8289
0.8385
0.8522
0.8424
0.9527
0.9223
0.9748
0.9068
0.7984
0.8645
0.8606
0.8165
0.814
0.9359
0.9748
0.9915
0.9856
0.7889
0.7918
0.6901
0.7607
0.7892
0.9498
0.957
0.9666
0.9565
0.7194
0.7335
0.7497
0.6969
0.7379
0.9793
0.9677
0.8353
0.8833
0.6842
0.578
0.7349
0.6884
0.7356
0.9014
0.9742
0.9718
0.9695
0.5762
0.6006
0.5709
0.6537
0.6437
0.9217
0.9689
0.9792
0.7208
0.7349
0.6153
0.7461
0.945
0.9819
0.9327
0.9839
0.8325
0.9078
0.9765
0.9279
0.9212
0.8284
0.9141
0.9253
0.967
0.6552
0.6399
0.4564
0.5997
0.636
0.9275
0.9848
0.9588
0.9816
0.4714
0.4692
0.4807
0.4687
0.4587
0.9566
0.9871
0.9715
0.9874
0.5406
0.5339
0.4635
0.5248
0.5288
0.8077
0.9651
0.9475
0.7958
0.8968
0.7042
0.7112
0.8825
0.9196
0.9871
0.9079
0.9549
0.6873
0.6741
0.6865
0.6811
0.6865
0.9677
0.9021
0.9859
0.9841
0.7022
0.7175
0.6473
0.7348
0.7039
0.9201
0.9057
0.9938
0.993
0.5776
0.5758
0.5646
0.5188
0.5697
0.9485
0.9868
0.9157
0.9877
0.7624
0.6757
0.6643
0.6703
0.6785
0.8785
0.8332
0.9411
0.9699
0.543
0.6018
0.6292
0.5862
0.5789
0.8105
0.9568
0.837
0.9662
0.7496
0.8294
0.6801
0.8916
0.8859
0.9114
0.8835
0.9043
0.97
0.573
0.6489
0.6714
0.6115
0.638
0.9762
0.9653
0.9273
0.9492
0.7785
0.7502
0.7737
0.7663
0.812
0.9581
0.9695
0.9641
0.9561
0.3944
0.3929
0.469
0.4264
0.4316
0.8454
0.8724
0.8991
0.9466
0.7017
0.6957
0.5909
0.5945
0.6986
0.9457
0.9443
0.8455
0.9848
0.837
0.6911
0.6488
0.6885
0.7071
0.9671
0.9519
0.9576
0.9537
0.8086
0.8205
0.8307
0.8062
0.8611
0.9219
0.9764
0.8992
0.9773
0.6497
0.7553
0.6602
0.7778
0.7682
0.853
0.9267
0.9113
0.9291
0.7654
0.7224
0.6856
0.6436
0.747
0.8044
0.7654
0.9968
0.9567
0.7165
0.7242
0.5914
0.6136
0.7083
0.8527
0.8887
0.983
0.9814
0.8083
0.8069
0.7398
0.7097
0.8098
0.9466
0.9391
0.6779
0.8265
0.6204
0.6394
0.6821
0.685
0.6567
0.9722
0.9134
0.8586
0.9842
0.7511
0.6579
0.6403
0.6411
0.6488
0.9291
0.9866
0.9924
0.9887
0.6612
0.6556
0.6079
0.6421
0.6605
0.9782
0.7078
0.8828
0.8313
0.6048
0.419
0.5852
0.5456
0.5941
0.9608
0.9838
0.9098
0.9771
0.6613
0.6339
0.6363
0.654
0.6525
0.9739
0.9838
0.9249
0.86
0.9739
0.7307
0.5985
0.649
0.6221
0.6313
0.6512
0.7132
1.0
0.7619
0.8681
0.5609
0.4515
0.4397
0.5235
0.5235
0.9224
0.5783
0.8664
0.9737
0.4315
0.4047
0.4607
0.3709
0.4149
0.8367
0.8234
0.973
0.9839
0.5704
0.5835
0.6897
0.6881
0.5866
0.9339
1.0
0.9292
0.989
0.4543
0.4741
0.4959
0.4834
0.4834
0.8921
0.9126
0.8574
0.968
0.7275
0.6922
0.693
0.6708
0.7528
0.8705
0.9832
1.0
0.9903
0.8847
0.8702
0.7651
0.876
0.8847
0.9767
0.9828
0.9651
0.9793
0.5864
0.5902
0.5569
0.578
0.5712
0.9342
0.9704
0.9112
0.9776
0.617
0.5729
0.57
0.5759
0.5977
0.8841
0.9856
0.9414
0.9753
0.6064
0.6896
0.7066
0.6922
0.6925
0.8845
0.975
0.9639
0.869
0.9134
0.823
0.8687
0.9252
0.9522
0.9808
0.9574
0.9249
0.9905
0.8039
0.8726
0.8679
0.8673
0.8786
0.8751
0.9052
0.8158
0.978
0.6661
0.8317
0.8787
0.7127
0.8363
0.9128
0.9615
0.9735
0.977
0.6683
0.5971
0.6139
0.6432
0.6248
1.0
1.0
0.9435
0.9916
0.6165
0.6984
0.7031
0.7031
0.7031
0.925
0.9803
0.9468
0.8743
0.6404
0.64
0.7413
0.6502
0.69
0.8739
0.8726
0.9896
0.9862
0.793
0.7652
0.7133
0.6781
0.7891
0.8056
0.9519
0.8078
0.9832
0.6288
0.5661
0.7912
0.5616
0.6003
0.8759
0.9399
0.8953
0.9796
0.4062
0.5728
0.7184
0.6162
0.5969
0.8394
0.8677
0.9987
0.8562
0.9342
0.8278
0.7827
0.8255
0.9344
0.9573
0.9746
0.9847
0.9869
0.7023
0.6749
0.6684
0.6824
0.6938
0.8931
0.978
0.9059
0.9743
0.696
0.6819
0.6932
0.6585
0.6782
0.9632
0.9596
0.9324
0.9617
0.6175
0.5558
0.6393
0.6376
0.6192
0.9708
0.9866
0.9823
0.987
0.9845
0.9702
0.9656
0.9805
0.9689
0.9813
0.967
0.9822
0.9947
0.7999
0.7971
0.7884
0.8003
0.8003
0.681
0.8446
0.821
0.9328
0.8536
0.624
0.7925
0.4851
0.6427
0.8491
0.9804
0.8887
0.9594
0.5444
0.4892
0.5203
0.547
0.5464
0.9609
0.9916
0.8702
0.9407
0.6092
0.5646
0.5848
0.5458
0.5825
0.477
0.977
0.8467
0.9842
0.6051
0.6297
0.4038
0.5977
0.6235
0.9771
0.9707
0.9742
0.9443
0.5586
0.5309
0.5244
0.5436
0.5625
0.6658
0.9644
0.9219
0.9669
0.4446
0.6028
0.4666
0.5759
0.5979
0.7113
0.9091
0.8512
1.0
0.675
0.7698
0.7018
0.6925
0.7698
0.9644
0.9699
0.9677
0.9895
0.7187
0.7354
0.6827
0.7429
0.7435
0.9121
0.8922
0.9997
0.9605
0.6535
0.5907
0.6427
0.6304
0.6531
0.9606
0.9774
0.9468
0.9609
0.8484
0.8979
0.8659
0.8634
0.8958
0.9062
0.9703
0.8619
0.9582
0.5969
0.5401
0.5195
0.4946
0.5104
1.0
0.9805
0.9997
0.9937
0.8484
0.8387
0.8475
0.8215
0.8475
0.9447
0.9661
0.951
0.9815
0.6507
0.6363
0.6002
0.6244
0.6439
0.8897
1.0
0.801
0.9063
0.5773
0.8072
0.8305
0.8059
0.8059
0.9534
0.9738
0.9975
0.9115
0.9624
0.7319
0.8386
0.839
0.7973
0.7976
0.7983
0.9498
0.9877
0.949
0.9801
0.7767
0.8067
0.7986
0.7937
0.8102
0.9526
0.9151
0.9436
0.9389
0.6366
0.5839
0.5823
0.6285
0.5979
0.9986
0.778
0.9647
0.9868
0.5818
0.5867
0.5906
0.4599
0.5855
0.8658
0.9081
0.9588
0.9866
0.6365
0.6612
0.6376
0.6513
0.6616
0.8968
0.9865
0.925
0.9883
0.7937
0.8414
0.8971
0.8409
0.8557
0.9744
0.9874
0.9782
0.9913
0.8158
0.8039
0.8475
0.8062
0.8084
0.9495
0.97
0.7871
0.9839
0.7603
0.7327
0.7256
0.707
0.7369
0.7951
0.8016
0.9312
0.9277
0.5701
0.4611
0.4681
0.4564
0.4793
0.8115
0.923
0.8381
0.9367
0.6863
0.5735
0.5747
0.5385
0.6099
0.9465
0.9851
0.8858
0.9311
0.2339
0.2365
0.2333
0.2367
0.236
0.9341
0.961
0.9462
0.9892
0.7007
0.693
0.7053
0.6902
0.7054
0.9428
0.9791
0.9431
0.9906
0.6298
0.6546
0.6714
0.6653
0.6615
0.7731
0.9734
0.9519
0.9891
0.6719
0.6635
0.7445
0.7001
0.6911
1.0
0.9819
0.9701
0.9539
0.5783
0.5306
0.5591
0.5245
0.5591
0.9729
0.9854
0.991
0.9662
0.9072
0.8825
0.9249
0.8956
0.908
1.0
0.9816
0.8946
0.9883
0.8723
0.9272
0.9272
0.9021
0.9272
0.9151
0.9478
0.9877
0.9915
0.6342
0.6092
0.6042
0.6224
0.6273
0.9813
0.9871
1.0
0.9553
0.6958
0.6957
0.6932
0.6896
0.6958
0.9327
0.9511
0.9679
0.8727
0.8986
0.7478
0.8153
0.8462
0.898
0.634
1.0
0.924
0.9449
0.6778
0.7058
0.5085
0.6773
0.6773
0.8948
0.939
0.9485
0.9862
0.7139
0.7513
0.7089
0.705
0.7552
0.9763
0.9833
0.9078
1.0
0.6206
0.6168
0.6022
0.5991
0.6168
0.8841
0.9737
0.9436
0.9613
0.6883
0.7343
0.6431
0.7346
0.7433
0.8139
0.9816
0.8079
0.9684
0.434
0.4442
0.5411
0.4817
0.469
0.8978
0.9892
0.7004
0.9613
0.7253
0.5049
0.4738
0.5129
0.4996
0.87
0.9581
0.9214
0.9898
0.9257
0.8269
0.7349
0.8124
0.8386
0.9839
0.9868
0.9541
0.9681
0.5594
0.5571
0.5547
0.5799
0.5832
0.9645
0.8971
1.0
0.9822
0.4652
0.4658
0.4885
0.3498
0.4652
0.9827
0.992
0.9688
0.9753
0.7487
0.7346
0.7361
0.7483
0.7567
0.962
0.9622
0.7941
0.9875
0.6414
0.6065
0.549
0.5829
0.6047
0.93
0.9106
0.9369
0.965
0.8319
0.8585
0.8162
0.7313
0.8443
0.9724
0.9775
0.9302
0.9744
0.6613
0.6238
0.6025
0.6156
0.6379
0.8696
0.9673
0.9146
0.9508
0.4711
0.5018
0.2994
0.5003
0.5126
0.9995
0.9095
1.0
1.0
0.5097
0.5097
0.5061
0.4125
0.5097
0.9537
0.9863
0.8199
0.7975
0.3291
0.3456
0.3588
0.3489
0.3338
0.8301
0.8611
1.0
0.94
0.9787
0.6297
0.5937
0.546
0.5421
0.594
0.594
0.8835
0.9946
0.9843
0.9918
0.8522
0.8594
0.8335
0.8694
0.8687
0.9592
0.923
0.9572
0.9901
0.6548
0.6196
0.6346
0.613
0.6188
1.0
0.9624
0.7794
0.7633
0.5758
0.4962
0.6469
0.5691
0.6469
0.9174
0.9896
0.9708
0.9742
0.7476
0.7557
0.5264
0.7367
0.741
0.9769
0.9951
0.9822
1.0
0.7233
0.7315
0.6981
0.7331
0.7315
0.9311
0.8528
0.95
0.9527
0.5924
0.6058
0.5513
0.5764
0.6108
0.9088
0.867
0.7311
0.9693
0.2142
0.3938
0.3387
0.3819
0.398
0.9789
0.9953
0.9401
0.9397
0.8485
0.8503
0.8319
0.8712
0.8705
0.9424
0.8339
0.917
0.9486
0.5673
0.4815
0.5329
0.5523
0.5402
0.9114
0.8806
1.0
0.8539
0.7435
0.7278
0.788
0.7038
0.7435
0.9577
0.9769
0.9328
1.0
0.7116
0.662
0.6805
0.6295
0.662
0.8667
0.9225
1.0
0.883
0.7879
0.7673
0.8443
0.7361
0.7879
0.7645
0.8654
0.9999
0.9797
0.5881
0.5523
0.4022
0.526
0.5874
1.0
1.0
0.8863
0.9665
0.9328
0.7063
0.6365
0.701
0.701
0.6941
0.701
0.9996
0.9552
0.8415
0.9856
0.622
0.5985
0.6192
0.545
0.6134
0.9137
0.9738
0.9321
0.9266
0.6292
0.6704
0.6203
0.5622
0.6193
0.9374
0.9294
0.6727
0.9012
0.5525
0.7258
0.7384
0.7544
0.7632
0.9454
0.8268
0.8106
0.9795
0.7665
0.6761
0.6866
0.6091
0.694
0.7317
0.7731
0.919
0.9789
0.4788
0.4872
0.4233
0.4752
0.4877
0.9365
0.9199
0.8799
0.9692
0.6916
0.666
0.5889
0.6806
0.6845
0.9268
0.9709
0.9279
0.9438
0.6779
0.7172
0.7129
0.7478
0.7792
0.8863
0.8349
0.7695
0.8155
0.6363
0.7302
0.6152
0.5862
0.7316
0.8888
0.8712
0.9686
0.9701
0.6883
0.6588
0.6695
0.5937
0.6513
0.9413
0.9905
0.9669
0.9937
0.6616
0.666
0.6797
0.6614
0.6593
0.7095
0.9619
0.9644
0.8854
0.7813
0.7719
0.5282
0.7614
0.7967
0.966
1.0
1.0
0.9399
0.9219
0.9325
0.9247
0.9219
0.9219
0.8648
0.9106
0.9764
0.9548
0.6288
0.6493
0.6646
0.7044
0.7189
0.8924
0.9193
0.9008
0.9704
0.6522
0.6542
0.5606
0.6631
0.6575
0.9581
0.9845
0.9985
0.9358
0.9947
0.5412
0.518
0.5382
0.5571
0.5406
0.5432
0.5407
0.9639
0.8824
0.9688
0.4509
0.4587
0.7177
0.4685
0.4573
0.9993
0.9824
0.9505
0.9886
0.7305
0.7114
0.7196
0.7159
0.7168
0.9814
0.986
0.8928
0.964
0.5647
0.5339
0.5501
0.5334
0.5214
0.9837
0.9873
0.9613
0.9667
0.8167
0.777
0.7994
0.8045
0.8114
0.8914
0.9053
0.961
1.0
0.9681
0.9256
0.9026
0.8619
0.8245
0.8774
0.9256
0.9213
0.9767
0.7968
1.0
0.3504
0.5981
0.5846
0.5788
0.5981
0.9405
0.9672
0.9314
0.9317
0.7189
0.7532
0.7237
0.7348
0.7402
0.9515
0.9796
0.9443
0.9117
0.8938
0.8748
0.7903
0.8085
0.8248
1.0
0.9925
0.9862
0.9883
0.664
0.6404
0.6619
0.6627
0.6619
0.9828
0.9692
1.0
0.9835
0.7085
0.6895
0.6898
0.6926
0.7085
0.8542
0.9836
0.8521
0.8935
0.502
0.5545
0.574
0.5333
0.533
0.8861
0.9355
0.9882
0.9923
0.6403
0.6083
0.5653
0.5851
0.6385
0.9111
0.9339
0.9753
0.9778
0.6916
0.709
0.8142
0.7003
0.6916
0.977
0.9869
0.7433
0.7944
0.593
0.5546
0.4933
0.4972
0.5243
0.919
0.9661
1.0
1.0
0.7312
0.7312
0.8146
0.712
0.7312
0.852
0.9389
1.0
0.978
0.674
0.6698
0.6755
0.6509
0.674
0.9527
0.9677
1.0
0.9916
0.8965
0.8891
0.8839
0.9187
0.8965
0.9706
0.9937
0.9688
0.9519
0.5958
0.6004
0.6546
0.6057
0.611
0.5125
0.4316
0.4473
0.332
0.2504
0.1634
0.2362
0.4276
0.4672
0.3172
0.2458
0.2254
0.6303
0.5013
0.256
0.4012
0.4947
0.5941
0.5238
0.2381
0.2429
0.2919
0.7244
0.3022
0.4362
0.2493
0.3366
0.4563
0.2973
0.2416
0.2589
0.4094
0.4211
0.4989
0.257
0.4713
0.2831
0.3764
0.3697
0.3772
0.2424
0.4652
0.4387
0.1238
0.3339
0.5115
0.3583
0.3495
0.3205
0.4394
0.2223
0.3105
0.2752
0.5373
0.3755
0.3047
0.2616
0.3314
0.5015
0.3658
0.1982
0.227
0.3943
0.2235
0.2683
0.5004
0.2996
0.2851
0.5341
0.3109
0.6374
0.2864
0.3746
0.4288
0.2652
0.3297
0.3146
0.4769
0.1068
0.2857
0.21
0.4062
0.3393
0.29
0.3243
0.167
0.3818
0.2874
0.2137
0.4426
0.3041
0.3484
0.3843
0.3302
0.3597
0.3672
0.2358
0.3146
0.5283
0.3014
0.3715
0.3176
0.4141
0.4742
0.3946
0.2965
0.3892
0.4897
0.3745
0.6025
0.3358
0.1399
0.2537
0.4283
0.6545
0.5062
0.4994
0.4739
0.4633
0.3481
0.4428
0.4183
0.2544
0.2625
0.3916
0.3062
0.311
0.1629
0.1798
0.4518
0.4869
0.1641
0.2997
0.443
0.3702
0.387
0.4491
0.3573
0.2282
0.2323
0.3638
0.3715
0.4336
0.4356
0.4577
0.3496
0.4769
0.1086
0.5834
0.3397
0.302
0.3335
0.0649
0.2555
0.2497
0.5131
0.1868
0.4914
0.2524
0.3824
0.139
0.2545
0.3182
0.4524
0.534
0.334
0.3751
0.08976
0.2037
0.3889
0.405
0.7337
0.4069
0.334
0.2456
0.3782
0.4048
0.3103
0.3448
0.554
0.4843
0.2499
0.3007
0.1855
0.1332
0.4156
0.392
0.2773
0.2955
0.4139
0.2576
0.2352
0.2611
0.4722
0.2346
0.3726
0.07929
0.3778
0.2897
0.2991
0.3037
0.2624
0.3311
0.1523
0.2131
0.3457
0.3045
0.6068
0.6105
0.1646
0.2761
0.378
0.431
0.09721
0.1918
0.2337
0.3886
0.3079
0.2286
0.3659
0.3831
0.3657
0.2558
0.4225
0.4501
0.2304
0.313
0.2781
0.4205
0.3318
0.4237
0.4581
0.2552
0.2926
0.1447
0.4282
0.3181
0.2107
0.2002
0.4327
0.2587
