15.78
44.69
23.53
54.24
0.0
33.97
31.16
22.85
28.57
0.0
27.3
27.3
40.51
24.18
36.36
39.01
9.942
44.23
21.75
27.23
21.0
35.59
25.95
46.07
21.64
48.7
19.29
14.49
38.18
24.26
37.7
24.77
49.79
41.39
26.37
18.0
54.02
35.36
18.08
20.21
30.57
7.914
0.0
27.4
10.7
53.28
0.0
14.03
41.51
63.1
22.8
35.17
32.41
0.0
38.82
26.1
28.96
13.96
24.62
24.34
23.1
46.3
20.82
50.68
24.57
29.39
45.09
36.4
39.7
10.4
41.44
0.0
21.37
28.57
26.62
36.52
40.81
36.29
0.0
19.47
59.84
16.04
8.412
44.49
20.76
39.16
46.79
11.32
53.91
20.52
14.53
35.23
0.0
29.38
24.77
24.81
25.16
52.31
31.9
36.84
8.545
28.87
25.49
30.87
20.82
20.82
37.37
37.21
40.08
31.53
0.0
25.6
25.37
25.37
44.55
19.28
14.58
23.3
39.63
39.63
23.58
24.05
30.03
0.0
19.81
2.024e-06
49.0
47.82
27.45
38.15
0.0
31.47
0.0
44.97
44.97
0.0
19.41
26.09
28.62
1.155e-06
7.078e-07
30.4
39.87
44.23
8.928
35.76
0.0
30.22
0.0
38.29
16.23
20.67
16.45
19.07
20.66
32.58
34.4
0.0
0.0
37.74
35.92
33.9
45.34
31.71
25.43
0.0
13.1
14.92
1.328e-06
41.47
43.36
29.4
0.0
0.0
1.349e-06
14.43
41.58
33.52
28.3
27.94
25.29
0.0
26.84
14.78
34.72
25.46
18.15
0.0
12.11
11.69
42.59
24.69
30.42
19.08
31.65
31.13
25.23
0.0
1.58e-06
28.3
31.22
36.76
31.95
0.0
23.61
39.38
0.0
20.54
35.78
25.83
25.0
0.0
0.0
12.04
30.04
28.39
31.8
31.51
20.35
0.0
0.0
27.61
20.75
31.1
0.0
0.0
9.473
30.61
30.61
43.77
28.51
0.0
0.0
22.49
20.13
27.69
30.19
16.88
51.5
35.43
0.0
0.0
35.81
0.0
23.41
14.1
21.69
46.55
0.0
0.0
0.0
34.7
0.0
38.26
27.39
0.0
10.36
0.0
34.21
46.99
24.37
25.67
33.71
0.0
28.52
25.75
17.83
23.61
0.0
51.52
19.72
17.14
35.38
51.0
7.319
27.56
51.13
0.0
12.98
10.58
24.87
0.0
12.14
25.02
37.85
15.79
38.73
12.04
26.85
45.61
32.12
28.22
19.91
28.18
42.92
28.91
58.39
0.0
45.66
35.92
16.47
33.04
3.168e-06
39.56
9.858
19.13
17.69
33.69
7.638
32.08
63.45
30.69
22.31
25.19
33.83
23.66
0.0
23.98
0.0
37.62
28.8
0.0
42.09
28.02
6.824
37.12
28.78
15.35
39.37
35.36
29.57
40.16
30.52
11.51
36.96
17.03
45.59
41.34
35.59
8.266
20.9
0.0
44.5
19.47
34.51
48.13
27.87
19.46
0.0
36.18
16.32
1.132e-06
26.99
60.86
41.05
5.805
38.92
0.0
0.0
40.22
23.33
25.97
32.92
35.8
33.64
33.7
42.64
0.0
36.2
38.05
1.119e-06
36.0
35.85
1.621e-06
29.04
40.42
48.54
49.93
13.81
0.0
31.96
37.9
0.0
2.731e-06
1.954e-06
0.0
36.0
2.852e-06
58.32
35.74
24.53
29.91
37.87
37.2
20.38
49.43
0.0
50.51
39.31
39.93
39.35
35.15
5.898
49.66
14.68
46.84
12.96
0.0
46.14
25.03
22.86
48.73
14.1
8.867
6.308
0.0
37.02
30.55
5.657
18.59
4.632
23.15
19.36
35.15
31.48
39.93
0.0
21.13
33.24
8.337
12.92
26.01
12.01
33.74
20.15
38.87
16.31
7.738
9.887
11.62
38.7
44.29
33.93
19.56
41.95
38.97
28.15
14.6
45.94
38.98
40.22
9.779e-07
14.69
22.51
38.14
39.34
39.99
27.54
39.91
49.77
36.9
0.0
48.39
25.44
9.033
42.49
47.5
26.54
33.12
37.94
29.81
33.8
36.37
33.84
49.55
39.41
53.46
9.001
6.607
0.0
45.69
13.4
34.88
49.4
13.69
14.14
44.18
58.14
35.04
53.35
54.43
49.43
61.45
59.95
34.69
40.7
29.57
63.33
57.49
54.13
