0.9459
0.6339
2.393
0.0
1.37
0.0
3.023
1.247
1.127
0.8605
2.028
0.9399
1.714
0.754
2.126
1.112
0.4141
2.533
0.5386
0.2662
1.224
0.9099
0.9779
1.608
1.206
1.018
0.1605
1.078
0.8182
0.6556
1.323
0.1915
1.558
1.438
1.981
1.056
1.343
0.6105
1.253
1.193
1.485
1.398
2.135
1.315
0.7619
1.014
1.552
1.107
0.8543
0.7409
0.7409
2.079
1.401
1.586
1.275
0.8531
1.509
1.706
1.747
1.001
2.681
1.466
0.6957
1.751
1.751
1.33
1.138
1.304
1.782
1.111
1.24
1.801
1.715
1.076
1.526
2.709
1.232
1.5
0.9144
1.19
1.03
1.121
1.044
1.792
1.118
1.053
1.296
1.54
1.804
2.063
1.675
1.124
1.586
2.689
2.39
3.016
0.902
1.617
1.64
1.575
0.7961
1.562
0.6233
1.402
0.7324
2.115
1.242
1.835
2.84
1.146
0.856
0.697
1.512
1.648
0.9251
0.4344
1.606
1.912
3.502
1.822
2.516
1.108
1.108
2.248
1.417
1.253
1.429
1.449
1.305
2.256
1.087
2.313
1.571
0.6302
1.523
0.7673
2.429
1.748
0.5453
1.549
1.28
2.031
1.328
4.597
2.457
1.642
1.679
1.68
2.003
0.7465
1.527
1.89
0.8688
2.334
1.71
4.04
1.808
1.541
1.375
2.119
1.43
3.366
1.301
1.511
0.886
1.413
2.532
2.325
2.185
2.928
2.071
0.7557
1.63
1.387
1.435
2.911
1.353
1.315
1.865
1.514
1.943
1.7
2.231
1.29
1.097
1.182
1.607
3.134
3.611
0.9413
1.139
2.519
1.533
1.634
1.622
1.553
1.974
1.414
1.667
0.7685
4.155
3.415
3.274
1.935
1.461
2.388
2.642
2.023
1.824
3.119
3.049
1.544
1.434
2.455
3.001
1.622
2.456
2.053
1.184
2.843
1.82
3.437
1.424
3.069
3.976
2.745
1.24
2.76
3.625
3.506
0.884
4.26
2.348
1.367
2.12
3.332
3.713
3.063
2.276
1.601
1.62
1.377
2.241
2.671
1.273
2.288
1.682
0.8871
0.55
3.882
2.504
2.193
1.639
3.631
1.357
2.109
1.563
1.588
2.09
3.362
1.267
3.084
3.734
1.837
2.302
2.82
1.465
1.973
1.47
1.536
2.304
1.632
1.706
2.659
3.592
3.154
2.947
3.141
1.659
2.878
1.947
1.469
3.722
3.252
3.539
3.498
1.948
1.325
2.039
1.328
1.292
1.966
1.846
3.884
3.415
2.788
1.41
3.676
2.122
1.646
1.191
1.827
2.4
1.366
3.127
1.667
1.299
2.208
2.556
3.381
1.757
1.596
3.06
2.325
1.647
3.833
0.8608
3.293
1.573
1.421
1.884
2.899
3.301
2.289
1.946
1.898
2.068
2.816
2.143
2.036
2.94
2.758
3.082
3.562
3.538
2.853
3.708
2.795
1.648
1.894
1.843
1.304
2.597
3.225
3.159
2.547
3.244
2.923
1.369
2.408
0.977
1.997
4.069
4.559
3.363
3.841
2.909
2.088
1.835
3.619
3.204
2.622
3.747
1.543
3.023
3.186
3.453
2.555
1.277
2.868
2.064
4.577
3.301
1.334
3.088
3.184
1.504
1.237
1.976
2.999
2.421
2.066
1.439
2.461
2.314
3.333
2.899
2.808
2.036
1.95
2.583
1.144
1.874
1.998
3.38
3.384
1.784
2.065
1.857
1.76
3.144
2.521
1.723
2.535
3.203
3.189
3.32
2.066
3.099
2.841
3.206
2.741
1.835
1.727
1.189
2.443
2.53
2.246
1.896
2.292
2.282
2.98
2.81
3.155
2.337
1.723
3.68
3.621
1.589
3.47
3.73
2.395
3.024
2.522
2.286
3.761
1.708
2.737
3.314
4.066
2.527
1.83
2.265
1.669
1.448
2.65
3.568
2.207
1.803
1.995
4.054
3.195
3.646
3.55
2.054
4.379
1.97
2.354
2.822
2.116
3.403
3.431
2.175
2.916
2.322
3.626
2.356
2.95
4.139
3.551
2.617
2.157
2.655
3.236
2.765
2.635
1.844
2.979
2.532
2.719
3.271
1.42
1.869
3.435
2.666
1.815
2.183
3.19
3.401
3.339
2.934
3.45
2.381
2.58
0.8677
1.23
1.172
1.138
0.0
1.169
0.8543
0.3648
1.062
1.402
1.152
0.7707
1.791
0.9099
0.8793
1.283
0.9099
1.632
0.8327
1.67
0.8241
0.9185
1.206
1.137
1.413
1.413
1.258
1.258
1.413
1.413
1.358
0.5109
1.428
0.1244
0.5029
0.8335
0.8203
1.275
1.256
1.711
1.074
0.1915
2.057
1.575
0.8983
1.616
2.455
0.1861
1.356
2.504
0.5278
0.7538
1.125
0.5215
1.021
2.387
1.057
0.8244
0.882
1.568
0.5322
1.266
1.147
0.8531
1.153
1.686
1.804
1.612
1.571
1.845
0.4027
1.564
0.8246
2.08
0.9089
1.643
1.337
1.848
1.697
0.5949
0.3621
1.033
2.531
3.681
2.207
1.164
0.8711
1.606
1.309
1.715
1.606
1.101
1.438
1.246
1.115
1.123
2.658
1.286
0.9221
1.367
1.124
1.97
1.95
2.689
2.66
1.163
1.102
1.247
2.638
2.758
2.631
2.631
3.308
1.415
1.574
0.7294
1.973
1.382
2.215
1.59
1.626
1.179
1.281
1.542
1.927
1.642
1.365
2.414
0.752
0.9581
1.498
1.092
0.7153
3.835
1.218
1.445
2.818
2.921
0.5414
2.175
0.9911
1.916
2.631
2.439
1.398
1.849
1.854
1.289
2.522
3.597
1.248
1.035
1.118
1.596
0.7417
1.948
1.762
1.556
1.288
2.267
1.649
1.326
2.368
1.32
2.319
1.277
1.151
1.455
3.503
1.917
2.601
1.476
2.229
4.429
0.7011
2.397
1.898
1.929
2.052
1.62
2.324
1.841
2.442
1.914
2.817
1.778
3.594
1.52
1.388
1.822
1.123
2.605
0.9996
3.74
1.053
2.252
2.228
1.805
1.318
2.496
1.918
2.121
1.681
2.629
3.146
3.293
2.017
1.602
3.402
1.691
1.935
1.685
0.8905
1.859
3.82
2.497
1.973
1.623
1.854
1.357
3.609
4.227
2.316
1.465
3.898
1.643
1.311
2.251
3.723
3.298
3.41
3.448
4.005
1.793
1.977
0.4383
1.918
1.422
1.057
2.477
1.867
1.376
3.6
3.665
3.369
2.803
1.284
1.454
2.699
2.74
2.706
3.135
2.528
1.031
1.708
1.176
1.56
2.924
1.565
4.351
1.675
2.725
3.171
3.584
1.518
1.932
2.353
1.368
1.984
3.727
2.297
1.458
1.988
3.267
1.238
1.711
1.606
1.8
2.19
1.853
1.676
1.755
2.148
1.636
1.933
1.773
1.809
1.394
3.944
2.289
3.836
3.0
1.863
2.338
1.565
1.461
2.497
2.387
2.081
1.534
2.08
3.215
1.541
2.899
1.861
0.975
4.386
3.494
1.857
1.587
2.176
2.068
1.635
1.663
2.259
2.878
1.547
1.332
4.004
3.252
2.523
2.35
2.937
3.216
2.83
1.545
1.67
3.104
2.616
1.484
1.563
2.4
4.582
3.809
3.186
3.93
2.555
3.506
3.219
1.852
2.021
1.764
2.228
2.262
1.455
3.332
0.8144
1.835
2.671
2.247
2.198
3.891
1.739
3.267
2.666
2.621
2.775
3.608
4.183
1.525
3.498
2.373
1.338
2.277
4.196
4.403
3.045
2.692
3.716
3.339
3.544
2.388
4.286
2.431
3.581
3.037
2.479
4.504
1.19
3.239
2.036
3.487
1.981
3.057
2.728
1.577
2.64
2.917
1.754
3.126
1.368
3.4
2.105
2.498
1.71
3.016
3.737
2.154
1.552
1.893
4.311
1.548
2.416
2.142
2.837
2.731
2.394
1.814
2.903
3.217
2.211
4.797
2.366
2.0
4.066
3.694
3.792
3.151
3.051
2.392
2.433
1.384
3.586
2.65
2.935
2.671
3.984
2.743
4.102
1.506
2.134
2.152
4.238
0.9261
3.39
2.912
3.03
1.643
1.847
3.062
3.305
1.69
3.821
3.054
3.392
2.517
2.582
3.574
2.808
2.928
3.524
1.642
2.678
2.303
3.474
2.181
3.567
2.235
3.077
2.057
1.741
3.921
2.363
4.34
3.621
3.108
2.06
2.047
3.772
2.55
1.631
3.249
1.236
2.847
1.48
2.194
3.076
2.132
4.786
3.569
2.048
2.58
2.019
1.897
2.474
2.376
2.754
2.665
2.447
2.409
2.538
2.6
1.912
3.69
4.036
2.636
2.868
3.544
3.58
2.799
3.505
3.096
3.956
2.453
3.281
2.619
1.126
2.148
1.639
1.674
1.317
2.627
0.0
1.539
1.845
1.196
0.7851
0.9678
3.0
2.314
1.29
1.909
2.283
2.106
1.78
2.751
3.514
2.364
1.681
3.163
1.409
1.715
1.038
1.117
2.573
1.991
1.948
1.594
2.281
1.685
2.801
1.375
1.39
1.761
1.069
1.479
1.596
2.129
2.373
2.41
1.336
2.358
1.197
3.026
1.52
2.075
3.301
2.544
1.079
1.424
1.2
2.037
3.169
1.205
1.498
1.207
3.956
2.939
2.001
1.694
1.377
2.362
2.611
2.618
1.776
1.64
1.048
1.858
2.231
3.339
2.168
2.489
1.653
2.629
1.977
1.603
1.862
3.132
0.745
0.9147
2.881
1.42
2.36
0.2135
0.2135
2.546
1.638
1.625
3.35
2.127
1.314
3.312
2.595
1.349
1.538
2.175
3.789
3.295
1.392
1.49
1.474
2.375
1.44
0.7536
4.084
2.199
0.8112
0.0574
1.122
1.819
2.355
2.882
2.75
0.1521
1.858
2.032
3.263
2.754
2.494
2.146
1.923
2.591
2.282
2.101
1.481
1.632
0.8406
1.085
2.946
1.573
2.15
2.846
1.595
0.6081
3.226
1.961
2.862
2.448
1.666
3.722
3.348
1.658
1.854
3.443
2.061
2.025
1.771
2.198
3.391
2.341
1.544
1.296
1.779
0.6837
2.361
0.7761
2.837
2.31
1.214
0.9023
1.425
1.388
1.676
3.258
3.296
2.994
1.313
0.9097
2.758
2.312
1.312
1.873
1.136
1.449
3.032
1.812
2.312
2.221
2.155
2.477
0.9953
3.951
2.709
1.828
3.38
1.879
2.068
2.118
3.358
1.837
1.869
1.701
2.152
2.325
2.515
2.883
0.5938
3.594
1.729
0.6116
1.221
3.334
1.917
1.196
2.439
1.835
1.332
2.769
1.29
1.593
1.811
2.368
1.89
2.312
1.998
4.314
3.276
2.385
2.104
1.558
2.775
1.556
2.955
1.19
1.892
3.714
1.805
1.386
1.871
2.141
2.122
1.567
3.242
1.537
2.833
1.965
3.081
1.754
3.168
1.815
2.101
1.614
1.936
1.457
0.9954
1.407
2.798
0.8349
2.503
0.1684
1.188
2.126
1.214
2.534
0.6561
2.455
2.352
1.87
1.612
3.904
1.586
2.587
1.141
0.9027
2.761
3.533
2.488
3.965
2.555
2.394
2.397
0.7007
1.55
2.244
2.075
3.797
2.222
1.592
2.045
0.8919
0.9715
2.502
1.526
0.8374
1.589
4.45
2.277
1.422
1.226
1.95
1.336
1.467
2.84
2.586
1.041
2.461
2.263
2.581
1.33
2.648
2.774
1.296
3.076
1.513
2.959
2.072
1.094
2.606
2.602
2.651
1.407
3.305
0.937
2.048
1.282
2.174
1.027
0.999
2.01
1.525
1.266
2.22
1.698
1.751
2.11
1.048
2.103
2.075
1.33
0.5569
2.548
3.53
2.184
1.645
2.294
1.92
0.9515
2.309
1.71
1.179
1.048
3.368
1.198
1.433
2.721
1.706
2.399
2.529
1.414
3.415
1.048
1.468
1.465
3.167
2.012
2.036
2.394
1.041
0.6925
1.664
1.875
1.046
0.5108
1.651
1.881
2.162
0.8484
0.6688
3.324
2.907
2.083
1.014
1.88
1.455
3.825
2.758
1.865
3.589
3.404
1.526
1.644
2.742
1.404
2.108
2.929
1.383
1.365
1.335
3.677
2.688
1.64
1.025
1.697
2.145
1.273
1.485
3.311
2.163
0.8476
1.438
2.126
0.8043
1.466
0.8522
1.613
1.904
2.192
2.148
1.598
1.196
2.347
2.073
2.775
0.551
1.096
1.843
0.7921
2.107
3.312
1.346
1.658
1.539
2.468
2.264
1.28
0.8386
2.042
2.0
2.246
1.281
2.511
1.442
1.775
1.26
0.5399
1.657
1.057
1.445
1.617
3.072
4.314
1.878
3.435
2.014
0.536
0.8936
0.4857
1.11
2.41
1.208
1.67
2.932
2.305
1.239
0.9927
2.053
2.761
1.996
2.559
1.888
1.136
1.756
1.746
1.757
2.398
1.673
2.54
1.346
1.307
1.472
3.01
1.193
1.826
2.033
1.635
2.093
2.649
3.438
1.904
2.025
2.349
2.642
1.595
1.914
0.975
0.8022
1.823
1.351
0.4537
2.243
2.985
1.57
2.123
1.557
3.326
0.9192
1.143
2.188
3.137
0.8522
3.437
1.707
1.041
2.415
2.054
0.482
1.851
3.028
0.7558
2.666
3.361
1.681
1.252
0.791
1.246
2.582
1.956
2.417
3.294
2.285
5.162e-08
1.527
2.065
1.422
0.6903
2.628
1.199
1.128
2.705
3.009
1.161
2.355
2.48
0.9224
0.4831
2.839
1.981
3.359
1.834
1.354
1.765
1.031
2.569
1.452
1.897
3.031
0.9881
0.9812
3.299
1.419
3.022
2.036
3.433
1.25
1.448
3.199
1.895
2.365
1.455
0.8595
1.97
2.615
1.869
0.8468
2.515
1.851
0.7851
1.707
2.717
1.4
2.545
2.175
3.013
0.5059
2.77
2.496
1.449
2.953
2.663e-07
2.465
2.609
0.5707
0.7641
1.845
1.757
1.128
1.377
0.9027
2.026
2.185
2.007
1.701
3.894
1.635
1.423
2.527
1.148
3.33
3.366
2.38
1.56
1.485
1.804
2.118
1.408e-07
2.532
2.416
2.91
1.199
0.9953
0.7583
2.592
1.249
1.611
4.245
1.873
2.433
2.053
2.139
1.885
2.72
2.566
1.297
1.218
1.725
1.889
2.359
1.459
3.673
0.7511
4.053
1.36
2.84
1.805
1.385
1.818
2.039
1.581
2.189
0.7025
1.715
0.8655
2.792
1.195
2.866
1.674
0.8891
3.433
2.577
2.288
1.141
0.6235
1.434
2.82
1.201
3.384
2.009
2.517
2.878
3.578
3.108
1.658
0.7635
1.562
1.481
1.373
1.909
1.189
1.648
1.51
1.943
0.591
1.905
2.1
0.894
1.917
0.5351
1.979
0.5982
0.5748
3.085
1.794
0.7022
3.578
1.953
3.116
1.149
1.841
3.981
4.144
1.953
2.825
1.374
3.901
2.603
2.218
2.812
2.081
1.766
0.9164
2.578
1.643
2.834
1.771
3.687
1.837
0.4168
2.373
3.713
1.328
2.844
1.237
2.266
2.608
2.517
2.597
2.59
1.532
1.703
1.013
2.179
1.823
1.514
1.837
0.6201
1.798
4.281
1.79
0.6006
2.377
2.488
1.789
2.79
1.901
2.239
2.914
1.212
3.208
2.28
1.042
2.751
3.223
2.094
0.1819
2.263
0.9677
1.771
2.11
3.072
2.721
2.166
2.097
2.202
3.319
1.438
2.299
2.678
2.73
2.881
1.025
1.997
2.733
1.936
0.9993
1.953
2.163
3.239
1.351
0.9609
2.0
0.242
2.645
2.36
2.482
2.056
2.702
1.698
0.7184
3.402
2.018
2.078
2.85
2.538
1.451
1.264
2.389
3.514
2.406
2.237
1.814
1.827
2.389
1.107
3.185
0.7025
3.035
1.686
3.006
1.937
1.678
2.758
2.191
2.683
1.442
3.132
1.713
1.513
2.292
2.752
2.281
2.61
0.7996
2.457
1.752
1.164
1.781
0.8501
0.917
0.7479
1.766
2.297
2.305
0.9331
2.794
2.15
0.6011
2.738
1.369
1.746
0.6324
1.814
1.521
2.633
1.416
0.9262
2.127
2.673
1.535
1.927
2.628
2.361
2.111
0.4916
2.469
2.649
2.898
1.891
2.752
1.747
1.928
2.269
2.513
2.874
2.827
1.718
4.087
1.359
1.847
1.241
0.8637
2.005
0.852
2.301
2.949
4.953
1.505
1.512
1.756
1.1
2.301
2.037
0.7221
2.481
1.878
2.465
1.248
3.768
3.157
0.4545
1.838
2.283
1.483
3.093
1.212
2.5
1.533
2.387
1.843
2.594
1.389
1.501
1.541
2.419
1.317
2.038
0.4703
1.903
0.7554
3.4
2.073
3.989
1.297
1.7
2.893
1.25
1.474
2.536
1.669
2.887
1.114
2.87
1.911
1.977
1.193
2.824
3.34
1.687
1.977
2.465
1.862
1.387
2.144
0.7078
2.248
3.671
3.321
2.237
1.151
2.172
2.191
0.6516
2.332
0.8036
1.537
1.222
2.437
1.653
2.765
0.512
1.518
2.244
3.023
1.985
2.75
2.695
2.799
1.657
1.503
1.891
1.737
0.4366
2.903
2.21
1.474
2.176
2.258
3.114
2.89
1.059
1.916
2.367
2.019
2.124
3.514
1.232
0.6678
2.147
0.9067
3.572
2.617
1.58
1.319
2.116
2.241
0.9162
1.25
0.9087
1.157
2.811
2.779
1.879
2.699
2.238
2.842
2.732
2.348
1.59
4.212
2.691
2.995
3.133
2.958
1.377
1.818
2.128
2.302
2.003
1.006
1.358
1.524
0.7986
1.671
0.0
3.668
2.711
0.6645
1.513
2.597
0.4121
1.687
1.515
2.394
2.861
1.786
1.049
1.241
1.215
1.177
1.41
0.5894
1.717
1.063
2.854
2.171
2.42
1.091
1.877
1.236
0.0
2.099
1.883
1.035
1.547
0.1418
2.235
2.22
1.364
1.803
1.528
2.141
1.719
1.607
1.901
1.049
1.125
1.593
0.883
1.774
1.461
0.0
2.478
1.788
0.0
1.564
0.0
1.623
2.132
0.4442
0.0
1.615
2.001
1.456
1.259
1.741
0.6998
1.76
2.022
0.0
1.632
1.115
0.7843
1.88
0.0
1.658
1.568
0.0
2.345
1.711
0.4708
1.573
0.9095
1.655
2.825
2.108
0.0
1.979
2.743
0.0
1.695
2.395
0.0
2.128
1.103
2.327
0.9958
1.029
1.349
1.65
2.921
1.36
1.309
1.428
1.477
1.388
2.723
0.0
1.854
1.692
1.681
0.0
2.196
1.901
0.0
1.302
1.517
0.8572
1.323
0.824
0.1276
1.395
1.606
0.0
2.925
0.7256
0.9078
1.379
1.001
1.125
1.436
1.337
0.9319
2.454
1.297
1.47
1.94
0.0
1.81
2.002
2.187
3.402
1.341
1.318
1.571
1.995
1.832
2.027
1.639
1.927
2.924
2.711
1.606
0.8783
0.2107
1.126
2.294
1.288
0.0
3.291
1.784
0.7454
1.866
0.0
1.134
2.119
1.828
3.097
1.27
1.822
1.993
1.173
1.71
1.955
1.26
2.348
0.8536
1.46
1.03
1.963
2.135
1.688
0.0
0.8543
1.559
3.008
0.7078
0.403
0.0
3.251
0.0
1.533
2.302
0.8573
0.6451
1.683
1.007
0.235
2.132
1.033
0.0
2.148
1.126
0.4587
1.389
1.119
0.1418
1.589
1.926
0.0
1.025
1.593
0.8797
0.0
1.566
1.033
2.231
3.288
1.126
1.624
0.5502
0.8364
1.236
2.129
1.579
1.828
1.379
0.4121
1.954
1.108
0.0
1.654
0.7892
0.6451
3.086
2.096
0.5268
2.82
1.366
1.235
0.8079
1.88
0.9549
1.099
0.9655
1.121
2.196
1.972
0.4126
1.06
2.552
2.93
1.236
1.638
0.0
2.544
0.4593
2.061
0.5082
0.0
1.979
2.018
0.227
1.591
1.819
0.1531
1.499
0.8493
1.227
1.183
1.333
0.0
2.532
1.461
1.126
2.327
1.266
1.478
1.706
0.7953
0.6533
0.206
2.096
1.212
1.975
2.022
0.0
2.012
0.1985
0.0
2.033
1.36
0.0
1.907
1.304
1.127
0.93
1.367
1.125
1.79
2.218
1.39
1.135
1.062
1.749
1.352
1.866
2.084
1.764
1.006
0.0
1.546
2.018
2.39
2.93
0.0
0.0
2.267
1.406
0.8043
3.621
1.866
1.892
1.673
2.53
2.96
0.7334
0.32
2.925
1.478
3.312
1.616
0.0
1.608
1.024
0.9504
2.725
1.299
0.9111
2.93
0.4299
1.52
1.612
1.943
0.4551
1.339
0.0
0.9432
2.075
0.3487
0.1771
3.587
1.295
0.0
2.097
1.318
0.0
1.631
0.5281
2.171
1.844
0.9382
0.0
2.03
1.379
1.201
1.945
1.864
0.6816
2.05
3.473
1.085
1.553
1.219
1.277
1.983
1.417
1.657
1.31
2.436
1.478
1.863
1.153
1.352
1.606
0.1821
3.097
1.942
0.2621
0.726
2.168
2.643
1.037
1.767
0.0
1.598
2.93
1.379
1.493
3.251
2.462
0.7454
2.897
0.7953
3.097
1.881
2.108
2.434
2.501
3.063
1.601
2.144
1.258
0.0
2.852
1.462
1.085
2.765
3.594
1.363
1.716
0.0
1.214
2.086
2.218
0.3913
2.469
0.2058
1.125
2.532
0.8504
1.953
0.1914
1.442
2.412
1.801
2.36
2.646
1.627
0.5826
1.009
1.414
1.948
2.69
1.693
1.364
1.938
2.065
1.654
1.618
1.17
1.333
1.923
2.011
1.119
2.312
0.7996
1.832
1.971
1.08
2.128
0.8922
1.46
1.199
2.227
1.277
1.79
1.888
1.881
3.108
2.292
1.833
1.407
1.973
2.302
2.099
1.882
2.088
2.539
1.088
1.738
1.494
1.448
2.722
2.036
2.376
1.042
2.541
0.6784
0.5028
0.4059
3.212
2.409
1.854
2.005
1.799
3.02
0.8254
0.8547
0.7496
2.467
2.693
1.162
1.068
2.016
2.271
1.642
3.319
0.4169
0.7672
1.81
2.546
1.632
0.6404
0.6403
2.038
2.24
1.903
2.642
1.09
2.226
1.862
1.7
2.104
1.599
1.881
1.335
1.252
1.84
2.374
1.289
1.297
1.061
1.567
1.142
1.539
1.674
1.654
2.557
2.533
0.994
1.276
2.663
2.296
2.71
2.103
1.294
2.554
2.371
1.38
1.725
1.8
1.47
1.231
0.8038
2.141
1.708
0.9286
1.11
1.795
1.948
1.985
2.217
1.498
3.327
1.585
1.834
1.501
2.13
1.229
2.185
2.244
2.113
0.4858
2.287
0.9417
1.339
1.375
2.089
2.937
1.945
2.197
1.538
1.922
1.863
2.148
2.329
1.327
1.36
1.811
1.71
2.62
1.362
1.627
1.772
2.524
2.579
1.987
1.091
1.172
2.808
1.722
1.608
1.454
1.44
2.829
2.982
0.9747
1.248
1.81
1.85
1.654
0.9737
1.716
2.01
1.201
1.368
2.577
1.421
1.575
3.128
1.561
1.381
1.3
2.174
1.79
1.768
1.335
0.8424
0.9893
2.462
2.135
1.539
1.922
0.6277
2.118
1.45
2.15
1.865
2.38
2.946
0.5558
1.285
1.877
1.685
1.286
2.017
1.428
2.36
1.189
3.758
2.178
2.242e-07
1.295
1.272
2.291
1.749
3.539
1.282
1.075
0.999
2.18
1.833
1.788
1.501
3.206
2.228
2.095
2.631
2.785
2.362
0.9688
1.718
1.8
1.58
1.515
0.7265
2.895
2.314
2.024
2.256
3.266
2.349
1.241
1.266
1.738
2.201
2.442
1.635
1.419
1.754
1.873
1.397
2.752
1.698
1.591
1.954
2.055
4.031
2.134
2.507
1.28
2.101
1.837
2.469
1.687
2.601
1.744
1.682
2.136
1.789
2.026
2.028
2.054
2.277
2.577
1.66
1.386
1.178
1.839
1.955
2.076
2.781
1.55
1.532
1.624
1.828
1.518
1.405
1.958
1.635
2.153
1.981
1.553
1.872
1.253
1.475
1.982
3.132
2.382
2.109
1.87
0.8146
1.998
2.712
1.379
1.244
1.126
1.554
3.236
1.445
1.06
1.768
3.403e-07
2.233
2.356
1.615
1.871
1.946
1.497
1.765
1.967
1.133
1.584
1.218
2.293
1.436
1.82
3.001
1.288
1.013
1.71
1.336
1.336
1.617
2.582
2.096
2.445
2.153
2.395
2.431
1.2
1.539
1.824
1.828
2.567
1.099
1.759
1.785
1.953
1.176
0.5976
0.7666
0.8181
2.37
3.427
0.9776
1.22
1.834
0.7771
1.018
2.045
2.047
0.9117
2.001
1.216
1.525
1.299
2.732
2.605
1.024
1.781
1.523
0.6702
2.421
2.289
1.281
2.459
0.8372
3.227
1.842
3.376
2.424
0.717
1.424
1.883
2.007
1.189
1.384
0.8524
2.215
0.9146
2.227
1.187
2.728
1.648
2.314
1.731
2.068
1.81
2.316
2.782
1.672
1.326
1.863
1.309
1.479
1.354
2.815
0.9734
1.446
1.184
1.915
1.732
1.407
1.846
1.23
2.099
1.898
2.018
1.212
1.476
2.327
1.093
1.845
0.7257
1.841
3.121
0.7691
1.938
2.599
1.787
2.277
1.822
2.958
3.185
2.783
2.938
1.201
1.165
3.474
1.22
2.58
2.262
1.867
1.259
1.715
2.966
3.098
1.503
0.7476
1.443
2.397
2.355
0.4895
1.315
2.412
0.624
0.917
1.725
1.252
1.408
1.156
0.7451
1.132
1.819
1.29
1.64
1.505
1.49
1.458
2.139
1.953
2.446
1.807
1.458
1.656
2.659
1.655
1.444
1.332
1.749
1.107
1.68
0.8235
1.309
1.39
0.9229
2.299
1.977
3.161
1.664
2.175
1.133
1.856
1.726
1.731
2.236
2.687
2.237
2.177
1.576
1.371
2.614
2.583
1.702
1.603
1.778
0.9078
0.2094
1.961
1.301
2.381
0.8747
1.21
1.928
2.408
2.448
2.792
0.7401
1.776
2.306
1.458
2.153
3.345
1.584
0.9281
2.344
1.575
1.981
2.199
1.397
2.357
1.925
2.117
1.096
0.8695
1.356
2.268
2.005
2.297
2.058
2.666
2.084
1.789
2.975
2.824
0.5582
1.536
1.092
1.051
1.784
1.948
1.156
2.148
2.023
1.019
1.454
2.281
1.868
0.6831
2.073
1.388
1.995
0.6606
1.501
1.593
2.115
1.817
1.192
1.098
3.181
1.194
1.388
1.951
1.798
2.031
2.147
1.715
1.382
2.815
2.797
0.7093
1.482
2.494
1.119
1.858
1.138
1.056
2.356
1.775
1.865
1.092
2.117
2.411
1.711
3.093
2.458
1.242
2.502
1.756
1.9
2.308
1.835
3.309
1.039
0.8034
0.7612
1.581
2.203
3.046
3.43
2.465
1.485
2.047
1.69
1.947
1.946
2.305
1.562
1.691
1.345
3.655
0.898
1.759
0.9028
2.318
1.755
2.412
2.098
1.949
2.338
1.189
1.495
1.36
3.4
2.62
2.359
1.112
2.585
1.877
1.306
1.81
1.51
1.21
1.572
2.22
0.8024
1.649
2.502
2.109
1.597
1.728
2.652
2.462
0.6434
1.772
2.674
1.758
1.931
1.775
1.426
2.716
0.4732
1.071
0.8817
1.461
1.958
2.539
4.388
1.695
1.273
1.533
0.9117
1.962
1.107
0.9846
1.886
1.75
1.756
0.8743
2.484
1.82
1.741
2.204
2.303
0.8999
2.547
1.715
2.585
0.8673
1.7
1.957
2.437
1.696
2.592
1.472
0.6407
1.129
0.8187
2.01
2.092
2.696
1.001
1.285
1.878
2.027
3.011
0.7727
0.6194
2.444
3.183
0.8954
0.6385
2.261
1.523
0.867
1.596
2.331
1.711
1.794
2.24
2.353
0.8333
1.336
1.744
1.374
1.15
1.309
2.082
1.633
2.083
1.052
2.187
3.013
2.355
1.513
0.993
1.894
2.155
2.034
1.772
2.246
1.265
2.645
1.146
1.642
1.123
3.267
1.708
2.889
1.465
2.753
1.533
2.02
2.268
1.435
1.873
0.7745
1.433
2.323
1.023
2.32
1.533
1.336
2.257
1.681
2.494
1.575
1.191
0.8913
1.872
3.264
1.688
2.534
1.683
1.122
2.127
0.0
1.975
1.863
1.228
1.665
2.309
2.644
1.682
2.088
1.515
1.906
2.412
1.761
0.962
1.221
0.9438
2.631
1.027
1.812
1.291
1.034
1.666
2.141
1.163
1.455
1.95
2.287
1.61
2.766
1.158
1.438
1.986
1.612
2.299
2.166
1.842
1.975
1.672
1.604
2.231
2.658
1.183
1.893
1.87
1.331
2.1
1.183
2.091
1.326
2.514
1.916
2.947
1.405
1.456
1.412
2.454
0.7264
1.571
3.266
2.449
2.302
3.027
1.892
3.966
1.889
1.252
1.582
2.343
1.475
1.624
1.799
1.947
3.368
2.192
1.692
2.467
1.984
0.6655
1.42
2.095
1.576
1.859
2.05
1.73
1.272
2.447
1.743
0.5118
1.209
1.528
2.055
2.29
2.345
1.896
2.172
1.706
1.179
2.022
0.6422
2.572
2.029
2.367
0.8102
1.523
0.5785
1.773
2.283
1.292
3.846
1.509
1.41
2.011
1.022
2.029
2.242
1.331
1.799
1.998
1.898
1.358
1.306
0.8069
1.059
0.9847
1.647
1.63
1.33
3.365
1.549
1.526
1.7
2.305
2.518
2.451
1.808
1.908
1.096
1.898
1.449
0.6693
1.114
2.219
2.547
1.897
1.07
1.007
1.047
1.201
3.696
1.952
1.841
1.445
1.741
1.305
1.212
2.04
1.931
2.336
1.189
2.433
1.652
2.442
1.281
3.454
0.9783
1.927
1.173
1.292
2.538
1.933
2.017
1.802
1.684
1.985
0.6961
1.697
1.497
1.082
0.3172
2.696
2.115
2.406
2.285
2.513
2.015
0.9035
0.8811
2.206
1.449
1.627
2.366
1.96
0.9717
2.054
1.769
0.4535
1.352
0.8857
1.19
1.541
1.495
2.155
1.832
1.457
2.345
0.6323
1.739
1.227
1.362
0.993
1.483
1.318
2.921
2.232
1.835
1.638
2.874
2.553
1.713
1.496
1.889
1.177
2.559
3.783
4.101
1.654
2.624
1.394
1.146
2.045
2.511
1.889
1.868
1.866
0.9599
2.245
1.516
0.6664
3.002
1.715
1.332
1.919
1.269
1.203
2.991
1.483
0.29
3.425
1.649
1.408
2.228
1.957
1.422
1.999
3.628
2.411
4.375
2.758
1.178
1.422
2.272
1.472
1.768
1.252
0.7101
3.204
3.45
1.184
2.184
1.754
0.7964
1.899
1.69
0.7194
2.51
1.661
0.9194
2.348
1.763
1.233
2.021
2.395
1.32
2.405
1.54
0.9194
1.827
2.379
1.245
3.905
1.458
3.065
2.499
1.44
1.038
2.167
1.991
1.564
2.555
2.045
1.505
2.099
1.61
1.096
1.859
1.605
1.849
2.498
2.073
0.8361
2.202
1.445
0.9337
2.159
2.586
2.686
3.659
0.7988
0.5827
3.267
1.782
0.6868
3.726
2.735
1.21
1.394
2.525
1.252
2.121
2.465
0.6738
1.992
1.991
0.9768
2.138
1.466
1.98
2.492
1.645
1.557
2.08
1.286
0.6312
3.919
1.629
1.72
2.31
2.129
2.014
1.661
1.529
1.677
3.901
1.461
1.756
3.301
1.008
2.305
3.149
3.241
2.493
2.056
3.415
1.304
3.941
1.289
2.651
2.659
2.21
1.299
2.838
1.191
1.055
1.375
1.817
0.9041
2.046
3.088
0.8877
2.749
1.975
1.94
2.092
1.589
2.091
2.327
2.531
1.439
1.807
1.378
1.464
1.725
2.157
1.394
4.174
1.494
2.677
1.575
2.0
1.556
2.099
1.789
0.6159
2.262
1.814
1.735
1.732
0.7504
3.39
1.929
1.848
2.093
2.621
2.12
0.9707
4.512
2.478
1.006
2.542
1.619
1.723
4.217
2.151
1.13
1.782
1.423
1.843
3.899
1.728
0.1825
2.474
1.321
0.7326
2.37
2.636
1.015
2.603
1.411
1.201
3.153
1.51
0.5812
2.786
1.627
1.472
3.33
1.817
1.376
2.837
1.698
0.8475
2.736
1.518
1.172
2.403
1.689
2.589
1.779
3.5
2.204
3.118
2.882
1.761
1.71
1.886
1.025
2.614
4.645
3.081
2.121
3.241
1.958
1.463
2.179
1.953
2.992
1.999
1.494
2.621
2.078
2.076
1.696
2.175
1.864
2.082
2.46
3.811
1.444
2.932
1.335
2.959
1.904
2.087
2.324
2.646
2.085
2.978
2.196
2.573
1.689
2.612
2.117
2.179
0.9867
1.475
2.043
2.324
1.96
2.068
2.111
2.222
3.095
1.977
2.058
1.731
2.295
1.54
1.457
2.507
2.284
3.105
1.002
1.754
0.0
2.765
1.725
2.226
1.342
3.723
2.564
2.852
1.247
2.41
3.631
1.864
3.636
0.0
1.041
2.143
2.147
5.645
3.558
1.894
2.932
1.682
1.991
2.183
3.445
2.775
2.984
1.406
1.406
1.742
0.9843
2.783
1.781
2.048
2.285
2.736
0.647
2.567
0.7673
3.205
2.97
1.608
1.649
3.196
3.421
2.81
3.324
2.387
3.26
2.98
2.715
3.191
4.116
2.222
2.198
1.818
2.11
2.322
1.572
2.732
1.812
0.0
2.436
0.1172
2.822
0.8153
1.014
1.613
3.014
3.01
3.231
1.255
2.939
1.01
1.58
3.507
1.9
1.811
1.577
2.61
2.31
3.605
3.056
0.0
1.938
2.729
1.63
2.38
1.322
4.278
1.917
1.899
1.263
3.711
1.367
1.989
2.129
0.7019
2.621
2.933
2.402
1.632
3.269
2.815
1.979
1.304
1.565
0.7471
1.104
1.94
2.369
1.39
2.876
2.867
2.281
0.6615
3.16
2.007
0.0
2.856
1.709
0.1389
2.35
2.489
1.065
4.025
2.82
1.518
0.0
3.794
1.975
2.828
2.315
1.693
2.231
2.719
2.875
2.25
2.118
1.244
3.378
3.205
1.756
3.175
3.285
3.066
1.681
1.055
1.059
3.03
2.805
1.775
1.348
3.352
2.511
1.695
0.347
0.799
2.09
3.252
1.399
1.238
3.551
2.133
3.418
1.244
2.118
3.331
1.687
3.045
0.4707
3.343
3.21
0.7196
1.71
3.833
3.534
1.483
3.368
2.72
1.116
1.174
1.63
2.639
0.8741
1.073
1.172
0.25
2.115
2.283
1.608
1.675
0.1501
2.081
2.163
2.669
0.0
1.229
2.424
1.708
2.746
1.842
2.332
2.617
1.576
0.7475
1.458
4.244
3.237
1.793
2.275
3.188
3.563
1.847
1.518
2.736
1.268
2.397
1.763
2.762
2.769
0.0
3.488
1.957
2.99
0.0
0.7911
1.584
1.586
3.427
1.855
1.491
0.7962
2.852
2.423
2.995
1.824
1.204
3.945
3.231
2.266
0.6675
1.299
2.295
1.841
2.342
2.826
3.727
0.1679
1.243
1.854
2.098
4.31
2.427
1.8
0.952
0.9202
1.281
2.272
1.042
0.0
1.57
0.0
3.127
3.041
1.716
1.222
1.74
1.715
2.969
1.969
1.569
1.647
2.324
3.445
0.9651
1.186
1.975
2.919
1.78
1.069
1.948
0.0
2.435
2.055
0.2258
1.818
3.298
1.064
1.925
0.8817
3.335
1.991
1.41
2.399
2.604
3.379
2.786
2.407
3.083
2.738
1.558
3.114
2.876
1.615
2.311
2.369
1.348
2.09
3.193
1.235
1.85
2.708
0.0
2.735
0.0
0.6515
0.0
1.695
3.674
1.258
0.0
2.656
1.729
2.27
2.062
2.612
3.429
1.005
2.361
2.493
0.0
2.757
2.749
2.569
2.169
1.298
3.357
1.429
1.244
1.59
0.6529
1.249
3.329
2.801
0.8982
2.822
0.0
1.909
1.595
2.132
1.824
1.994
2.143
3.126
1.487
0.0
0.6903
1.982
0.9535
3.459
4.774
1.952
1.641
2.347
1.603
3.041
2.539
0.6805
2.301
3.378
1.966
2.692
0.146
1.847
1.546
2.13
2.437
3.791
2.578
2.116
1.446
3.258
1.903
0.0
2.367
2.141
2.503
2.415
3.091
2.356
3.402
2.238
2.709
1.866
1.742
1.298
2.637
3.07
2.677
2.503
1.091
1.992
3.707
2.619
3.089
0.9072
3.249
2.368
1.146
2.003
3.589
3.15
3.32
2.142
3.133
2.223
1.748
3.251
2.067
2.049
1.373
1.672
0.9158
2.97
3.307
1.952
2.12
1.714
2.489
0.866
1.269
0.1695
1.401
2.001
1.838
2.055
2.788
3.248
2.708
1.162
2.217
1.314
2.879
2.115
2.013
0.8777
2.796
1.479
1.284
1.624
3.036
0.8555
2.174
1.173
1.295
2.935
2.128
1.626
1.461
0.9759
3.478
0.3168
1.72
2.741
2.019
2.227
2.453
1.631
1.631
2.74
3.051
2.026
0.0
1.959
2.77
2.073
1.891
2.548
1.328
3.507
0.0
1.737
2.412
2.04
1.937
1.613
1.99
4.203
1.744
1.485
0.0
1.44
3.259
3.618
2.667
1.764
1.097
1.179
0.4539
3.739
2.53
1.776
2.952
1.851
2.607
3.004
1.91
1.692
3.039
2.769
2.07
1.947
1.502
1.787
2.503
1.94
4.386
0.9714
2.688
2.425
0.7738
1.631
2.181
1.768
1.485
2.452
2.348
2.493
2.102
0.9803
2.121
3.094
2.154
2.827
1.528
4.243
2.187
2.98
3.262
2.984
0.0
0.1891
0.0
0.7948
1.754
2.544
1.552
2.291
1.046
2.216
0.9253
1.844
1.392
1.033
1.187
2.888
3.312
1.667
1.242
0.4732
2.211
1.852
3.05
4.406
2.207
2.483
2.384
2.229
3.275
1.207
1.05
0.0
1.692
0.0
1.311
0.6694
1.878
1.648
1.551
2.115
3.981
1.265
2.226
2.844
2.434
2.293
1.56
1.802
0.8186
1.218
1.696
1.257
2.254
2.026
2.627
1.769
1.609
2.819
2.568
2.138
3.83
2.415
3.4
0.0
1.895
0.9258
2.56
3.004
1.521
1.234
2.571
3.451
1.103
2.65
4.2
3.291
1.427
1.232
2.731
1.566
3.275
0.8787
1.704
0.8983
2.717
1.538
1.147
2.413
2.83
2.428
2.57
2.243
2.839
1.816
1.514
1.185
0.9075
2.814
2.741
2.819
4.216
3.219
0.8333
1.275
2.344
2.719
1.955
1.147
2.276
1.332
1.97
1.882
2.552
2.483
3.849
0.6958
2.194
1.431
1.524
1.807
1.657
0.0
0.4337
0.0
2.341
4.255
1.068
0.7338
1.069
0.0
1.77
0.0
3.134
1.887
2.909
0.7976
2.089
2.079
2.448
1.555
2.043
1.551
2.205
3.963
2.109
2.645
1.57
3.121
2.283
3.185
1.086
0.7675
1.173
3.877
0.9716
4.025
0.9019
1.818
2.709
3.543
1.96
0.8948
3.942
1.009
2.855
3.429
0.6251
2.853
1.09
3.415
1.857
0.7531
1.25
2.433
1.084
2.823
1.715
2.063
1.532
3.001
3.237
1.737
2.311
1.518
1.44
0.8717
1.515
3.141
2.594
0.9216
1.63
3.459
1.728
1.63
2.734
0.9382
2.664
1.948
3.039
1.772
1.955
0.7203
2.144
1.324
0.9205
2.435
1.462
1.164
0.1841
2.299
1.966
2.808
2.453
3.66
2.913
2.328
2.667
2.302
0.0
2.394
1.81
3.335
4.017
1.237
2.611
0.8566
2.302
3.719
0.7635
0.0
2.558
1.112
3.54
0.5428
1.542
1.093
3.703
2.444
4.349
1.009
2.271
3.875
2.507
0.8128
1.457
2.721
0.4805
2.878
2.138
2.681
2.802
0.7081
0.6874
3.89
2.917
2.646
1.129
5.177
2.796
3.646
1.945
2.005
1.836
3.681
2.272
1.858
3.972
0.6151
2.892
2.103
2.833
2.262
1.287
2.395
1.584
1.279
3.181
3.826
2.391
2.315
2.029
3.058
1.83
1.897
1.53
1.964
2.227
2.481
3.907
2.681
3.74
1.545
1.861
1.434
2.616
3.331
2.102
2.371
3.133
0.0
2.07
1.648
1.876
2.361
3.322
2.578
2.146
1.714
1.79
3.16
1.77
0.0
3.715
3.49
0.8137
3.622
0.8512
2.191
1.982
3.027
2.523
2.11
1.798
1.722
1.986
2.683
1.857
1.913
1.286
2.513
1.86
1.996
1.998
1.403
0.5118
1.27
2.618
2.186
2.962
0.6448
1.012
2.117
0.0
1.912
2.574
2.258
2.726
3.365
2.667
5.896
1.827
3.209
1.47
3.568
1.782
2.515
4.884
2.609
0.7116
1.308
1.398
0.0
2.356
1.432
0.7684
3.797
1.298
1.691
2.595
0.2161
1.611
2.3
0.912
0.6976
2.635
0.7391
1.034
2.28
0.6576
2.46
1.58
2.375
0.7618
1.881
1.013
2.088
2.514
3.741
2.633
2.324
2.592
1.856
2.191
2.168
2.218
2.881
0.233
0.8917
0.1841
0.0
1.058
1.064
1.909
1.574
3.611
2.171
3.466
1.602
3.668
2.447
2.621
1.858
1.712
1.986
2.035
1.219
1.676
1.477
2.603
1.936
0.0
3.227
3.339
2.252
3.377
0.9624
1.862
1.345
2.386
1.919
2.3
3.453
1.067
0.0
1.577
1.947
0.0
0.0
1.762
1.955
2.257
1.615
1.441
2.4
0.5642
0.7844
1.582
2.33
3.12
2.235
1.3
1.92
2.758
1.459
1.767
2.71
3.838
2.817
2.616
0.0
2.404
2.6
3.051
0.0
3.212
2.084
0.0
0.0
1.287
0.3377
1.551
2.356
2.147
3.07
1.545
1.836
2.478
0.9457
4.398
3.289
0.8238
1.243
1.252
1.235
1.393
2.098
1.982
3.05
1.712
1.661
0.0
2.247
2.548
1.281
2.906
0.4313
3.331
2.124
2.377
2.914
1.84
1.086
1.604
2.087
2.932
2.435
1.859
1.232
1.949
0.942
1.691
1.955
4.0
2.267
3.75
2.649
0.6194
1.941
3.271
3.164
3.502
2.336
1.239
1.264
1.956
2.866
2.45
1.507
2.055
2.641
0.8195
1.583
2.67
2.802
1.952
1.698
1.195
1.593
1.052
0.9289
2.827
2.101
0.0
3.436
2.512
2.943
1.889
1.462
3.197
1.616
1.416
0.6934
2.552
4.065
0.7852
3.052
1.558
1.833
2.216
1.041
0.6784
3.105
1.789
2.84
4.297
3.569
0.0
3.318
1.015
1.544
3.325
2.38
1.827
1.104
0.9992
2.515
0.7899
3.594
1.9
0.9843
2.793
2.774
1.895
3.211
2.151
2.114
2.546
1.925
3.124
3.534
1.531
1.601
2.165
2.822
3.944
2.563
3.071
2.403
0.0
0.0
2.363
3.356
2.902
2.664
1.837
3.07
1.817
2.218
3.31
3.208
2.029
1.208
3.251
4.154
1.206
3.974
3.118
2.305
2.287
2.76
3.108
3.348
2.61
3.335
1.71
1.688
1.381
1.19
1.581
1.872
2.382
2.786
2.189
0.0
2.302
3.868
1.799
0.1454
2.343
0.4337
2.52
4.198
1.589
2.365
2.975
1.111
1.977
1.857
1.345
1.31
0.9816
2.609
2.98
2.026
2.309
1.771
0.0
0.9335
2.117
1.17
3.765
0.8508
3.35
0.0
0.8899
1.318
2.368
1.955
2.196
1.185
2.492
3.35
0.0
2.46
0.5962
1.038
0.0
2.927
2.493
1.921
2.542
1.75
1.035
2.505
0.6934
0.1498
1.048
2.104
3.399
2.916
2.931
3.106
3.199
0.0
3.183
3.042
1.56
1.982
3.327
1.019
3.261
2.733
2.311
2.012
1.003
2.202
2.332
3.43
4.002
2.588
1.373
3.421
3.08
2.713
1.447
2.796
2.88
3.482
1.406
2.227
3.863
0.0
1.218
2.277
1.736
1.708
2.151
1.885
3.751
0.4113
0.885
4.421
4.467
0.9867
2.777
1.685
3.981
0.6798
0.0
1.56
2.058
3.275
3.75
3.104
1.944
1.484
3.105
3.182
2.637
1.671
1.362
2.455
4.019
2.998
3.733
3.867
1.069
1.986
2.817
0.9477
0.0
2.812
1.279
2.421
0.0
2.198
2.432
2.357
0.0
1.35
2.465
0.8764
3.384
2.579
1.558
0.9883
2.173
3.341
2.974
0.9782
3.335
1.58
2.301
3.156
1.566
1.555
1.893
1.521
2.039
2.338
3.252
2.138
3.4
3.513
2.41
2.04
3.683
1.717
2.569
2.991
1.531
0.9609
0.0
1.455
2.188
3.837
3.031
0.0
2.987
1.187
3.39
1.576
2.444
1.834
2.622
2.008
1.691
1.76
2.093
1.798
1.49
3.077
0.9137
3.403
2.572
0.8798
1.765
2.995
0.0
0.0
1.533
3.292
0.0
0.4021
2.693
2.226
2.226
2.649
1.119
3.695
1.882
2.256
1.149
2.679
3.576
1.4
0.0
2.79
2.605
2.64
0.0
0.5788
2.469
2.915
1.627
2.237
2.253
3.491
2.272
3.22
0.0
1.407
1.63
1.304
1.871
2.242
2.984
2.583
2.483
2.588
1.12
2.301
4.386
1.9
1.843
1.383
2.594
2.24
3.705
1.051
1.377
3.547
2.874
3.111
3.6
3.883
3.45
1.001
2.266
2.204
2.171
2.723
2.548
0.0
1.857
1.25
3.18
1.792
2.519
3.245
0.0
2.939
2.311
2.828
1.852
0.0
1.457
2.55
2.987
2.352
0.6168
1.003
1.339
3.817
0.6203
0.0
2.121
1.886
1.542
3.858
0.7948
1.363
1.276
0.7341
0.0
4.029
2.234
2.195
0.0
0.3996
0.0
1.451
2.999
3.024
1.794
1.538
1.013
0.7525
1.676
1.644
3.578
2.166
0.7878
4.205
2.354
2.855
2.733
3.199
1.25
1.152
1.947
3.345
2.583
3.48
1.052
3.224
0.8413
1.618
0.0
1.753
3.422
2.094
2.03
3.856
1.451
1.731
1.394
3.159
0.4627
1.405
2.08
1.478
2.104
1.575
0.4589
2.301
1.411
2.423
3.807
3.623
0.9001
2.05
2.282
2.337
2.275
1.151
1.184
0.6602
0.0
1.549
2.296
2.114
3.092
1.333
1.668
3.175
1.969
2.033
3.367
1.282
1.603
1.881
1.753
1.453
3.11
2.976
3.724
2.723
1.954
1.73
1.835
2.359
2.104
2.26
0.3023
1.482
1.199
2.943
2.493
0.7882
0.0
1.338
0.0
2.266
2.225
0.1161
2.233
2.666
1.453
1.882
1.407
2.256
1.507
0.0
3.124
2.804
2.256
0.0
2.319
3.12
0.0
1.35
3.868
3.006
2.534
2.253
3.742
2.472
2.541
3.006
2.229
2.791
2.948
1.587
0.7417
0.8513
3.615
1.534
5.43
0.9224
0.8181
1.551
1.046
1.89
1.391
1.164
3.899
1.085
2.011
1.766
4.067
1.554
2.574
0.9464
2.509
0.7095
0.6485
2.004
1.112
1.954
3.319
2.461
1.664
2.002
2.036
1.846
1.066
3.471
2.933
2.281
1.599
3.213
2.129
3.025
1.79
2.613
0.0
2.728
4.609
2.635
3.606
1.33
1.023
3.897
1.58
3.597
3.335
1.023
3.419
1.332
3.151
1.239
3.378
0.9643
1.35
3.673
1.393
0.764
2.343
0.0
0.8017
1.827e-07
0.3211
1.542
1.178
0.3173
1.937
1.577
2.325
0.9595
2.59
1.401
3.586
2.43
1.754
1.577
1.39
2.052
1.759
1.192
1.151
2.852
1.612
1.37
0.8948
2.528
1.552
1.49
1.526
2.708
1.527
2.431
0.865
1.44
2.421
1.961
2.211
2.423
3.281
1.138
1.478
1.099
2.211
2.339
1.058
1.795
2.329
2.201
2.659
2.31
2.302
2.47
3.173
2.498
2.97
2.144
2.582
2.009
1.905
2.743
2.302
2.914
2.755
3.277
3.327
1.952
1.959
1.781
1.96
3.215
2.126
3.252
3.436
3.87
2.124
1.648
1.587
0.8293
0.6934
0.5775
2.274
0.8938
1.598
2.582
0.6934
0.8519
2.731
0.5775
1.201
1.242
0.6192
0.4935
2.395
2.312
2.784
1.964
3.089
1.918
1.249
1.713
2.989
2.329
1.912
1.014
3.618
2.595
2.052
1.094
4.087
1.551
1.155
3.466
2.083
1.97
1.313
2.105
2.589
2.332
2.018
2.529
2.11
2.809
0.7269
3.682
3.418
2.372
2.399
2.226
1.85
2.697
2.87
1.097
4.005
4.322
2.218
1.935
1.225
1.861
2.471
2.902
2.882
2.968
0.3631
3.744
2.987
2.928
3.239
3.102
2.635
3.301
2.573
2.78
2.096
2.718
3.855
2.658
3.569
3.127
3.647
4.616
3.211
2.974
1.826
3.224
1.16
4.379
2.541
2.997
3.196
