24.09
43.83
37.21
33.8
63.88
61.17
63.1
63.38
60.29
21.28
20.5
52.15
23.24
67.58
61.82
67.07
61.93
62.77
11.44
15.19
3.502
27.34
20.64
61.49
61.4
64.81
64.76
63.19
62.93
30.9
28.49
33.58
32.63
49.71
56.38
70.12
56.07
43.09
55.68
48.28
48.01
6.112
5.887
24.03
24.63
55.41
55.3
82.92
54.24
54.6
54.01
18.01
29.24
19.57
27.36
38.04
66.23
56.43
60.02
63.02
64.11
63.8
24.6
16.8
17.14
25.01
14.12
41.41
30.83
38.37
31.8
34.65
26.89
18.75
15.64
19.89
46.28
35.68
33.46
65.11
68.97
69.6
61.11
57.22
64.5
59.87
27.58
27.53
27.54
29.37
40.32
71.17
63.31
65.79
59.77
61.01
64.9
14.49
27.17
24.57
17.55
27.06
35.87
31.21
33.29
31.3
41.86
35.63
59.12
44.92
26.48
71.63
74.02
74.95
80.91
83.98
77.84
25.78
16.17
21.05
22.75
26.15
67.48
66.19
66.07
67.8
65.44
66.51
19.7
39.49
29.87
12.97
7.422
48.47
58.51
57.46
57.28
70.82
56.8
37.08
18.11
19.25
20.13
71.61
73.02
69.39
69.65
68.93
33.62
30.77
21.87
25.79
22.95
25.76
34.6
32.02
7.726
5.782
12.67
40.73
29.55
53.18
55.83
50.5
50.61
50.77
27.05
41.69
12.38
30.33
6.076
38.09
57.39
40.96
34.6
54.94
41.72
28.39
48.85
5.177
31.0
34.57
31.93
60.51
57.31
62.29
66.58
63.46
66.34
66.16
40.14
13.54
41.62
35.27
40.53
43.07
48.54
48.22
43.12
21.48
11.27
35.63
30.04
62.27
46.58
50.78
47.92
47.53
35.0
26.86
36.81
33.63
64.48
59.39
58.4
56.38
58.18
41.43
19.25
47.57
14.87
4.755e-06
54.94
46.22
48.16
50.06
50.12
48.16
30.78
28.56
16.68
14.17
6.323
63.48
64.59
64.11
68.99
64.53
63.71
42.15
28.82
2.217e-06
44.05
16.06
6.596
64.1
42.1
42.49
55.2
40.42
42.77
42.77
33.88
12.82
23.79
12.38
70.98
71.55
67.08
65.13
67.69
29.18
39.86
19.34
8.374
14.71
47.87
49.32
47.44
53.32
47.2
47.72
29.28
16.12
47.94
46.1
61.77
48.82
61.31
62.4
60.84
32.59
19.16
23.66
65.7
74.29
51.84
68.46
65.19
66.56
32.15
50.28
16.67
34.4
53.43
61.07
59.55
50.86
53.41
20.45
30.86
4.717e-06
18.59
15.77
55.94
53.95
50.27
61.38
53.43
53.43
54.31
23.93
32.54
11.64
18.45
74.69
67.86
66.91
73.73
65.85
66.32
23.26
27.63
51.32
53.57
70.61
68.08
79.96
81.39
80.69
52.18
55.9
41.0
25.81
38.7
57.05
76.33
74.6
56.2
25.25
13.68
29.31
29.25
6.214
52.05
49.48
51.36
51.95
55.15
49.4
29.18
14.79
14.66
30.52
38.4
51.7
43.08
52.51
50.41
50.26
49.35
24.81
6.38
26.3
10.09
55.82
52.97
54.72
52.75
52.8
25.92
13.05
41.02
15.22
27.1
59.18
59.49
60.03
60.63
59.5
58.96
35.99
38.0
44.12
29.02
55.59
44.64
47.53
47.87
31.74
18.63
12.62
35.15
33.72
26.4
59.69
67.73
53.26
62.31
50.54
59.49
56.28
32.19
11.13
39.04
68.72
76.95
54.3
65.9
66.67
40.13
33.32
25.93
46.2
29.96
62.92
38.0
57.31
38.42
43.54
44.21
34.03
7.432
39.42
22.01
6.558
52.53
38.29
28.7
42.62
28.39
29.01
30.21
45.87
48.08
26.83
69.78
81.36
70.27
68.01
78.27
54.46
28.67
11.99
46.8
30.22
68.29
56.56
63.67
69.95
60.76
59.13
32.91
6.066
57.75
24.53
56.34
59.37
58.0
58.83
58.57
51.2
23.58
29.6
35.93
14.09
54.11
56.99
28.03
52.77
51.61
54.61
19.91
13.82
35.94
25.62
61.05
57.53
60.16
54.09
56.26
27.81
44.23
36.87
37.17
38.42
48.35
62.47
35.41
50.06
5.533
32.08
38.05
21.32
50.77
55.33
64.38
56.92
59.46
63.03
56.74
15.21
30.22
44.2
29.92
10.36
42.3
64.17
77.26
70.13
79.24
75.59
80.45
76.51
37.27
30.03
29.83
13.99
17.15
29.3
65.65
64.89
67.51
52.83
75.05
66.03
64.38
44.0
50.75
29.82
18.59
11.85
25.67
54.81
53.5
57.44
46.39
73.83
54.2
51.5
27.6
11.17
27.11
16.09
36.98
21.47
51.95
59.87
54.34
62.46
54.65
58.86
52.82
29.82
37.89
30.84
32.01
15.94
27.23
46.4
47.69
54.06
47.67
61.3
49.66
45.79
18.67
37.28
23.97
35.75
37.91
12.57
53.56
55.23
53.52
54.63
47.39
56.9
51.93
22.88
34.71
13.72
15.45
37.77
40.41
56.36
44.84
41.01
43.8
40.21
25.76
22.25
5.341
12.63
69.01
69.25
74.79
72.43
70.24
1.965
34.77
35.27
9.815
7.884
23.28
67.98
67.26
67.15
66.81
82.97
73.18
67.06
20.0
32.53
25.32
17.15
39.35
36.26
51.56
74.69
56.93
52.55
53.74
61.0
50.24
23.58
31.4
23.26
3.496
23.24
23.11
54.26
57.59
59.26
50.59
53.84
58.09
53.6
2.23
33.4
35.46
26.09
35.7
40.11
47.54
56.76
56.84
42.73
55.87
52.15
43.02
4.932
33.09
32.79
18.8
19.22
36.39
38.62
41.99
49.66
39.41
48.92
44.95
39.59
3.463
21.79
31.58
30.08
31.33
54.37
55.04
58.73
57.06
58.8
57.01
9.283
33.75
19.8
28.57
12.69
23.77
53.78
61.05
61.81
61.7
58.75
68.11
61.62
27.35
8.741
29.45
9.707
44.99
61.21
68.57
63.52
67.38
67.85
67.24
15.03
49.28
25.71
26.1
29.22
61.38
64.58
64.18
57.85
66.03
61.38
7.874
45.48
43.36
34.85
41.32
23.14
67.75
71.68
64.41
57.62
63.49
65.55
58.71
18.11
17.05
20.42
28.26
24.28
68.13
57.52
58.96
58.73
58.54
58.57
20.2
19.1
5.959
55.45
11.6
31.82
78.02
75.89
69.26
73.13
77.35
76.72
75.86
35.44
45.76
39.68
29.93
39.16
52.69
52.52
58.04
50.14
56.59
23.57
25.71
34.35
39.77
74.1
80.03
82.56
68.19
74.7
73.92
25.76
18.78
34.12
20.16
61.82
54.13
53.87
49.79
52.97
27.32
12.56
24.65
33.07
25.36
35.86
68.45
62.29
69.24
62.89
63.68
67.72
63.38
14.6
20.68
6.345
20.38
11.28
66.54
69.84
63.64
65.1
66.65
64.89
19.89
27.83
26.25
25.4
22.32
65.41
70.57
70.16
71.82
71.18
71.24
26.17
29.03
9.031
27.09
41.6
69.92
63.47
65.48
69.41
68.33
70.03
28.88
19.86
29.92
12.75
34.35
53.28
49.03
59.78
46.66
47.38
48.44
9.007
22.22
22.17
34.95
10.24
49.73
59.12
57.54
56.39
56.93
59.88
60.81
58.49
44.03
27.96
13.43
22.76
20.11
34.55
44.16
38.6
50.9
41.31
40.56
6.827
35.6
15.65
4.448
22.58
30.84
44.14
49.31
47.74
44.14
62.24
42.39
44.18
12.33
23.02
7.243
40.21
27.42
12.57
52.01
49.86
48.81
48.52
50.86
47.82
48.91
26.46
42.47
32.45
25.39
65.99
68.65
72.65
68.26
68.4
26.26
21.5
23.11
38.15
19.63
54.98
69.86
56.3
52.65
56.12
54.87
52.65
28.17
16.63
24.54
40.43
36.27
52.74
68.52
62.7
57.0
55.34
55.71
34.21
32.99
37.2
6.817
16.49
39.86
40.05
51.52
53.1
57.16
39.51
23.57
43.21
35.36
3.871
30.19
34.76
59.82
57.12
60.98
67.45
53.89
69.68
60.0
21.25
41.45
9.426
14.1
58.5
17.23
35.32
63.78
36.16
42.99
61.79
35.52
34.44
9.961
25.21
29.12
33.04
16.98
23.46
78.12
77.58
76.82
76.56
75.61
73.16
75.8
32.67
28.28
28.89
22.48
22.83
26.22
84.95
79.76
81.24
68.11
72.06
69.49
81.81
17.95
13.85
24.49
6.315
13.27
24.19
60.26
57.88
60.49
60.46
60.12
64.51
59.48
3.461
28.89
17.61
11.01
68.94
71.69
70.83
72.53
71.55
26.93
38.37
29.88
7.502
56.44
29.11
57.73
67.15
63.94
59.52
56.73
62.82
57.78
1.734
10.91
32.17
18.9
44.11
52.72
60.12
50.65
52.3
55.44
50.6
4.195
28.72
37.42
27.09
26.15
45.74
53.77
51.31
57.24
54.79
57.77
52.56
54.44
27.21
19.33
40.53
32.41
22.78
37.22
60.0
57.36
62.42
57.79
56.4
63.48
56.26
26.16
28.11
37.72
11.19
11.5
31.78
51.23
52.05
58.0
50.72
56.11
53.49
50.97
16.06
61.98
25.41
23.56
21.62
36.15
38.08
34.87
38.79
54.37
35.36
16.81
12.01
33.91
25.72
27.26
20.26
47.97
44.69
43.21
44.39
43.49
49.44
43.39
28.29
24.79
18.62
87.37
85.09
87.53
89.68
85.65
87.17
10.79
34.44
18.78
18.36
83.29
78.05
80.32
84.13
79.9
80.58
25.01
15.1
24.34
7.086
4.683
22.38
35.58
2.345e-06
40.8
50.83
35.24
43.16
35.39
35.22
35.24
36.15
21.77
30.51
11.98
91.59
92.88
89.13
90.21
92.47
40.89
21.92
27.53
21.2
50.62
46.54
52.62
42.28
40.93
17.02
20.54
43.09
11.95
69.23
52.33
51.45
49.55
51.67
31.88
13.75
32.97
14.24
49.82
34.39
43.08
34.51
32.71
51.66
6.244
39.31
14.22
80.86
79.2
79.73
78.73
78.8
32.54
43.94
39.18
29.08
15.68
46.88
56.54
42.3
41.49
28.85
16.96
9.746
53.16
20.51
12.63
61.58
47.91
48.51
56.81
47.62
44.13
45.59
31.99
8.102
24.9
7.649
44.83
41.06
48.46
38.89
39.83
30.45
12.69
25.76
36.2
55.28
56.47
49.36
53.22
54.23
28.31
13.86
18.51
14.19
56.95
54.06
64.22
54.07
53.87
41.05
15.73
22.3
29.9
40.18
33.7
57.28
38.78
37.43
42.18
13.71
22.62
13.91
54.04
51.81
55.08
50.7
50.34
56.98
17.08
28.71
42.48
66.07
67.92
63.08
60.42
60.34
30.98
10.32
24.16
46.14
33.63
50.98
36.32
43.08
41.95
64.73
22.05
65.13
6.709
64.67
81.26
76.31
80.47
81.7
57.07
51.05
51.32
20.55
66.44
52.98
53.6
45.42
47.82
17.54
15.27
5.716
22.22
44.71
44.9
45.29
43.97
43.92
27.97
19.17
35.35
57.3
20.81
36.68
66.12
68.7
55.73
73.08
67.43
58.6
67.8
39.63
12.75
29.46
21.88
86.95
85.67
82.66
87.66
88.34
35.51
12.16
1.471e-06
52.98
59.17
1.684e-06
58.92
67.39
46.94
51.5
50.04
46.94
46.94
12.85
29.33
22.54
19.1
52.94
51.42
50.27
48.74
49.38
30.34
18.18
25.67
46.09
42.27
38.85
41.76
36.07
32.06
35.44
14.95
23.19
38.59
44.7
45.7
46.62
34.16
34.4
37.51
38.16
34.08
11.28
51.24
42.02
48.51
58.25
43.38
27.15
43.52
9.047
41.1
23.98
33.1
25.55
20.29
35.1
5.927
34.42
17.0
39.38
23.1
39.16
19.95
19.6
19.17
6.528
17.03
39.56
80.71
72.73
82.64
82.42
82.21
31.89
38.98
42.2
20.28
38.13
39.69
50.48
44.18
36.89
30.08
9.48
50.51
6.794
66.37
65.39
70.82
64.67
65.18
65.94
13.65
7.787
15.49
48.69
50.89
47.11
49.15
48.32
37.76
24.53
18.9
6.491
65.79
63.1
68.03
62.05
63.74
10.6
35.04
19.7
53.6
47.55
56.48
43.27
43.71
23.73
18.25
32.83
41.27
55.06
46.26
52.26
45.82
46.82
22.56
45.47
19.41
13.12
71.2
69.52
68.44
67.37
68.99
21.99
35.15
50.52
55.37
68.03
67.01
71.44
70.5
68.7
28.82
13.03
20.52
20.02
60.0
64.64
67.07
60.41
60.09
51.94
54.38
18.46
6.734
45.92
46.52
27.03
36.03
45.91
29.55
7.876
42.68
5.863
77.21
58.48
63.17
57.5
58.23
35.41
21.92
40.86
21.92
40.86
21.92
35.41
21.92
0.0
42.97
32.01
30.5
31.4
52.4
49.45
47.24
54.91
51.48
30.87
49.35
74.28
38.88
84.4
66.08
72.39
75.4
68.56
53.11
14.63
33.75
36.85
54.9
64.32
52.12
51.62
51.92
24.8
34.68
18.87
74.25
72.3
70.5
72.75
73.52
37.92
17.51
33.37
19.1
60.67
54.86
59.89
54.64
52.29
11.27
22.84
34.47
33.95
64.66
64.89
52.08
58.31
53.07
42.12
33.5
28.14
47.17
39.71
41.26
57.57
34.95
38.44
35.79
21.64
29.45
17.61
25.82
27.52
55.27
53.11
54.63
56.2
52.12
58.92
51.83
29.17
28.15
25.31
11.48
57.26
59.72
49.94
55.77
59.35
46.61
13.3
8.734
31.71
62.57
75.43
47.97
60.45
60.95
1.871
39.73
24.07
27.1
20.02
52.29
47.05
47.75
47.8
29.98
47.76
26.78
10.36
42.8
24.04
25.88
32.18
42.46
27.41
36.84
50.52
36.02
1.697
4.992
41.91
40.45
68.04
59.29
67.27
67.64
67.31
36.21
29.4
56.31
25.17
14.71
58.08
57.36
54.86
78.58
56.49
52.24
74.1
55.39
15.8
26.53
45.0
32.0
19.25
7.604
46.11
37.67
35.7
41.43
42.33
43.75
36.28
16.96
12.88
42.35
33.9
27.0
4.215
39.07
35.9
35.4
45.79
33.71
29.98
60.63
37.95
3.164
30.02
33.1
84.01
81.41
86.35
76.87
83.34
82.66
83.2
26.6
27.93
42.82
19.04
12.51
42.33
19.89
14.27
42.71
28.13
27.75
43.48
7.944
30.14
14.54
36.77
28.98
22.49
28.52
37.65
39.64
39.68
34.78
45.46
55.92
43.08
13.05
40.33
15.57
22.77
73.9
73.3
71.11
72.48
72.03
33.32
14.32
38.57
7.077
13.23
36.5
37.08
33.76
35.61
45.97
35.09
13.64
13.89
41.65
30.17
8.462
52.74
57.84
55.26
56.26
54.84
55.06
35.52
40.44
24.83
36.13
71.99
64.93
71.41
70.45
66.76
19.55
14.46
24.33
31.08
12.1
45.5
41.97
41.13
42.7
42.35
41.04
28.34
28.47
23.66
32.36
17.41
41.51
29.11
39.0
37.82
31.86
25.0
4.698
30.04
29.42
21.18
38.6
37.24
43.4
48.89
50.09
41.95
48.73
42.52
42.29
27.56
32.29
2.042
12.97
5.166
31.1
34.08
30.67
39.84
36.6
30.85
3.057
10.11
31.36
30.01
30.03
40.42
56.58
59.21
58.89
52.46
53.36
55.1
53.05
7.962
36.47
29.68
15.53
35.32
62.94
56.51
59.22
55.46
56.0
56.09
44.72
23.74
55.01
16.52
12.01
39.04
54.84
53.76
60.89
61.76
57.89
66.04
54.43
2.206
37.95
30.23
8.524
27.85
23.95
63.22
60.7
71.41
65.94
73.02
71.75
65.63
16.26
47.65
13.15
31.1
18.09
79.45
80.68
82.33
72.14
81.61
81.47
22.05
43.53
20.06
25.21
47.86
45.6
56.33
44.92
46.76
21.27
32.86
34.31
2.883
17.97
45.24
44.19
45.46
52.37
47.91
52.58
56.72
44.6
9.113
31.16
22.84
21.92
24.23
20.97
40.77
49.11
52.71
48.74
55.73
52.07
49.23
2.852
17.89
31.57
6.732
41.37
28.01
40.94
46.82
53.98
41.46
45.22
48.16
41.69
34.69
25.33
21.77
21.78
81.82
81.51
85.15
82.08
87.54
44.5
29.07
56.23
31.59
39.13
37.82
68.69
69.23
82.85
77.43
77.85
71.68
80.61
5.163
44.94
28.27
17.61
25.54
32.96
81.8
73.11
83.17
79.83
88.75
78.86
80.18
13.58
13.6
23.64
19.56
60.35
66.71
64.03
67.39
66.3
23.0
43.58
39.41
58.03
62.14
59.02
60.54
38.41
41.56
38.64
6.378
19.33
86.06
89.0
88.06
77.76
84.51
86.61
7.831
25.19
48.64
25.73
33.67
29.17
36.43
35.92
46.5
33.57
39.59
58.1
33.57
21.65
15.55
45.23
7.106
13.52
60.36
62.41
60.84
61.6
64.85
60.56
27.39
9.734
34.53
5.273
31.23
33.18
42.73
51.12
45.36
39.06
41.18
46.98
42.47
46.22
60.07
42.69
34.0
41.18
37.88
67.47
71.8
64.17
45.93
48.89
53.52
63.79
39.04
29.0
42.32
1.904
31.01
39.09
69.9
68.41
73.46
80.79
69.87
67.21
69.96
35.66
27.18
47.79
17.74
32.98
39.61
52.91
59.94
63.22
51.49
58.59
54.9
55.68
27.24
35.06
27.16
2.989
18.25
29.46
62.58
63.9
65.49
61.44
56.82
67.77
63.1
19.03
41.52
37.06
19.5
15.63
41.5
42.9
36.9
51.81
51.28
42.6
34.82
24.41
6.979
24.72
29.76
50.23
53.78
32.22
44.18
47.5
47.97
36.45
41.02
42.11
4.395
10.07
17.09
52.92
53.19
53.65
51.12
56.05
36.72
51.82
25.09
34.36
28.71
36.14
17.39
17.69
70.71
69.89
71.41
65.18
68.61
67.29
70.67
40.22
16.05
51.92
28.53
34.19
35.53
80.54
74.47
83.43
75.03
76.76
84.74
77.32
43.93
24.29
55.92
20.35
10.79
46.31
59.59
58.75
65.47
57.25
54.94
62.37
57.26
30.39
18.71
5.599
40.5
35.2
46.48
42.77
36.69
34.37
13.71
41.21
6.577
6.869
41.7
49.0
49.89
47.45
46.72
50.08
56.7
49.28
36.01
37.85
32.36
11.46
48.14
21.49
55.81
64.94
60.85
60.26
59.51
59.12
55.61
41.56
12.68
15.3
17.95
19.84
11.48
43.16
11.48
24.45
13.04
30.97
9.692
5.787
30.39
28.37
36.9
30.27
39.13
28.04
33.31
29.75
9.742
10.02
29.02
30.26
44.07
43.07
30.34
2.335
16.81
27.77
7.784
8.064
51.36
51.69
51.4
53.31
57.5
51.42
19.87
15.21
28.85
15.55
18.32
10.16
48.65
48.67
49.27
45.13
47.49
56.28
48.92
2.783
31.26
13.84
27.51
8.551
47.08
43.03
43.84
55.63
49.11
44.19
28.48
14.89
32.11
38.58
30.95
47.54
33.41
24.81
22.49
2.217
18.86
22.81
7.986
26.53
56.75
52.17
57.04
52.55
52.82
52.49
34.15
13.99
30.38
15.49
45.35
37.77
42.61
38.15
35.64
40.79
50.54
18.79
9.116
52.78
48.67
59.94
66.28
48.15
14.26
19.69
7.26
43.53
40.17
40.35
42.51
40.35
43.08
45.37
40.31
22.18
63.95
52.57
51.81
43.16
51.25
5.37
15.23
26.81
28.28
27.01
28.36
4.698
14.57
2.425
3.265
20.36
34.49
32.89
28.75
46.49
31.75
35.95
31.59
6.261
52.04
32.97
7.515
52.22
43.01
43.35
53.95
42.48
3.716
16.2
45.84
29.58
6.092
46.11
45.36
39.02
57.45
40.44
39.66
58.13
40.08
29.29
22.64
5.594
15.94
30.0
5.594
15.94
30.0
33.6
31.88
13.75
6.475
5.274
33.37
55.35
54.51
55.17
55.08
53.06
54.28
4.064
21.61
1.811
23.16
30.08
56.84
54.96
58.08
52.19
58.46
58.29
19.48
31.12
19.85
29.3
15.73
52.61
51.89
51.14
50.59
49.92
49.62
7.489
8.072
37.1
32.72
38.86
35.3
40.94
34.24
42.42
43.88
29.56
12.64
45.2
44.34
51.76
56.68
44.24
26.42
34.91
39.34
13.93
6.779
14.34
8.005
26.02
34.49
39.32
2.134
14.17
23.4
22.85
44.57
35.34
39.49
40.04
39.08
41.09
8.027
36.09
28.7
5.797
63.43
62.12
63.48
65.42
62.91
7.917
30.69
33.95
40.55
7.831
54.59
42.37
42.31
43.86
32.84
42.48
56.32
42.28
7.312
20.39
37.2
42.57
60.18
53.25
36.37
14.67
71.42
5.793
39.07
15.76
45.84
36.15
35.04
71.32
33.06
33.21
15.74
22.56
25.88
31.52
21.26
13.68
50.62
45.39
49.65
51.32
47.31
45.09
47.65
30.99
43.46
29.83
16.2
36.94
31.42
38.74
44.15
23.3
30.47
50.45
28.84
51.83
38.51
57.5
14.42
57.06
25.2
37.9
34.5
20.51
10.45
51.52
49.54
60.76
54.28
48.93
8.323
61.18
50.37
48.21
57.01
51.39
59.31
26.5
51.99
52.82
5.686
15.95
63.18
64.95
64.22
80.08
67.2
63.25
30.14
16.56
40.5
37.33
10.71
53.27
42.2
45.86
43.84
49.19
41.87
12.41
27.99
16.88
6.178
33.78
55.06
54.38
53.71
57.28
62.28
55.25
23.17
12.36
2.449
36.44
40.39
53.32
40.4
40.09
40.79
28.28
17.37
13.11
28.09
39.87
42.27
50.38
39.39
39.17
34.48
14.87
9.718
17.91
36.64
39.16
31.56
37.61
35.74
3.529
50.23
38.85
34.39
47.31
50.46
31.5
54.63
32.26
35.85
11.36
15.71
47.0
39.43
59.81
49.84
39.17
38.38
11.87
15.12
17.76
9.066
42.59
39.06
40.67
40.72
38.12
33.19
45.15
28.46
15.32
36.74
33.16
39.15
28.47
30.53
38.82
13.06
43.83
53.15
2.205e-06
42.03
46.83
51.04
57.79
52.97
51.04
2.076
13.81
28.76
5.918
3.543e-06
41.81
28.87
28.52
28.33
30.23
28.52
24.21
15.88
20.19
44.13
53.17
49.16
52.15
51.56
49.13
9.617
66.64
18.12
2.558
15.97
21.8
27.1
21.82
63.79
26.9
21.75
16.88
60.81
24.29
47.36
2.892
47.33
65.07
37.0
38.72
66.41
36.98
29.45
14.24
35.82
7.228
51.5
35.25
48.72
35.88
34.86
25.64
25.6
21.05
28.46
38.66
62.99
63.18
69.05
61.94
59.94
61.61
5.451
10.7
6.567
8.84
41.14
41.53
40.86
41.04
41.27
31.78
18.47
28.65
37.57
11.18
36.37
57.31
32.87
41.65
34.48
30.63
15.79
17.79
3.234
5.073
54.74
54.51
57.82
54.67
54.58
31.41
38.49
34.5
17.45
41.15
32.28
32.9
45.13
27.2
2.216
13.89
32.93
38.69
38.35
39.98
21.73
25.94
21.96
2.474
9.096
33.4
6.869
30.3
73.41
68.05
63.67
69.34
69.92
69.0
7.158
14.06
28.81
47.82
30.9
80.45
67.61
73.76
74.95
74.88
75.97
8.181
42.02
8.055
8.081
42.32
42.5
40.62
51.88
41.3
7.514
26.95
25.65
54.84
41.97
58.26
42.59
44.78
41.76
3.523
41.99
21.19
10.97
49.08
45.77
43.29
48.05
43.72
29.64
9.192
29.44
41.82
44.48
52.55
42.97
39.6
39.93
26.7
10.48
4.31
3.361
31.35
33.84
45.82
39.57
34.41
33.92
34.03
2.258
51.17
30.97
8.654
37.63
28.52
27.75
43.5
27.87
26.46
12.07
3.876
9.069
45.16
46.19
46.73
42.81
43.83
21.21
49.38
32.53
6.594
58.62
45.96
46.83
55.7
45.4
3.38
42.84
26.39
30.8
47.68
63.16
49.49
60.62
50.16
25.92
12.44
19.09
18.49
42.14
69.34
62.18
70.21
68.24
70.8
69.01
14.31
5.481
18.07
5.228
68.27
64.97
65.01
66.88
65.98
36.39
19.72
8.069
58.74
41.29
63.0
55.7
41.45
40.83
2.722
16.94
34.87
8.621
53.17
43.39
41.77
41.99
41.84
8.011
8.764
33.84
42.76
40.71
39.23
30.35
31.1
30.13
48.43
29.6
38.2
43.25
53.79
51.51
53.23
43.31
33.75
15.34
15.33
6.632
7.465
8.299
8.757
15.38
14.68
2.42
31.38
33.35
16.79
8.554
19.26
12.04
30.8
32.04
5.637
2.04
28.67
27.73
31.96
51.99
50.66
48.63
59.35
48.26
12.4
67.4
18.78
57.76
29.88
63.66
31.02
59.71
27.89
2.254
14.46
27.85
16.72
40.96
35.52
32.47
34.64
32.22
4.989
25.47
10.61
5.537
50.37
50.56
50.61
56.87
50.37
32.64
36.29
7.335
50.62
46.89
55.74
47.29
46.79
4.157
25.32
22.09
28.29
24.08
56.54
60.84
57.42
54.9
58.06
54.54
18.75
16.85
1.733
10.57
65.34
64.82
67.93
68.06
65.06
31.6
37.51
7.036
39.88
26.53
36.32
28.82
25.54
6.915
33.22
3.359e-06
23.89
31.09
37.22
37.68
27.97
33.98
27.97
27.97
2.847
56.92
48.53
32.62
31.8
46.2
52.1
40.1
71.25
57.22
39.46
34.52
18.58
28.58
38.72
63.19
72.61
63.23
61.56
63.18
51.08
8.11
17.19
39.45
42.17
42.11
57.46
40.0
2.143
13.88
27.03
31.62
32.76
40.42
43.81
44.56
36.85
39.04
37.1
23.83
34.85
24.96
44.67
40.26
50.91
38.94
43.99
30.65
8.519
10.68
22.69
30.02
37.92
41.07
37.86
39.46
38.31
6.956
10.6
6.262
28.2
27.69
27.18
27.86
40.3
49.8
6.404
18.28
31.07
27.34
46.07
52.39
29.73
2.189
14.08
17.94
30.06
50.61
55.89
48.84
50.45
48.73
29.25
12.85
7.408
24.97
8.04
54.15
44.73
51.63
48.14
46.59
46.22
2.426
20.5
29.98
37.13
55.6
55.11
50.04
53.76
50.45
31.57
38.37
31.04
6.47
52.62
44.12
50.58
59.89
43.8
34.09
35.25
15.96
15.38
25.3
26.16
39.06
38.42
27.49
14.94
41.2
1.758
70.57
33.13
66.33
35.92
50.91
33.53
6.748
18.75
23.44
53.39
33.29
60.46
28.11
34.03
27.5
18.26
19.65
12.67
8.553
53.52
52.75
49.48
55.22
52.11
2.238
47.6
20.18
45.18
50.74
46.31
51.53
53.89
51.77
32.89
11.03
4.653e-06
26.81
29.38
75.75
69.21
72.82
76.73
76.07
76.07
29.43
40.83
20.45
45.33
40.85
34.56
44.99
47.62
40.6
24.98
18.82
2.21
7.124
41.85
31.91
33.12
41.59
38.75
33.71
31.8
31.75
35.86
8.372
15.62
45.97
47.07
54.02
56.27
45.75
19.92
57.26
31.09
7.947
46.41
39.54
41.83
52.53
38.64
2.241
27.95
36.54
48.6
52.83
36.69
39.64
36.67
2.573
12.7
22.38
6.316
41.11
47.76
48.05
49.44
47.89
26.2
29.94
1.849
11.82
29.09
32.12
35.44
39.93
28.68
9.814
54.64
33.51
7.06
44.22
32.37
35.09
47.23
32.16
34.58
17.58
10.98
34.01
43.28
49.29
47.04
44.0
41.63
3.289
11.94
24.34
21.04
55.39
52.32
51.37
51.32
51.73
2.456
8.652
40.46
52.94
55.71
70.42
49.87
48.94
50.33
39.42
40.71
16.24
21.07
44.66
44.93
52.11
52.22
47.05
3.425
36.87
19.96
3.425
31.73
23.88
25.93
18.26
5.541
32.9
32.59
28.36
32.07
31.98
4.504
34.27
7.812
6.853
51.25
30.22
29.57
57.04
29.85
42.04
29.46
22.42
12.07
43.27
39.52
58.46
56.77
61.1
58.68
56.82
4.639
30.88
7.294
34.01
9.463
41.6
32.14
31.2
38.91
31.4
31.06
25.41
46.92
5.76
6.548
63.81
63.76
64.84
66.51
64.05
4.579
10.27
1.914
4.532
39.08
23.69
24.02
36.98
23.83
25.53
23.55
35.5
41.75
2.25
6.787
42.52
42.66
56.28
58.82
42.35
18.99
38.49
4.794
14.09
19.29
50.59
52.8
54.31
52.97
50.04
50.07
48.41
28.68
14.25
39.38
39.15
53.34
60.22
43.13
36.78
34.53
34.02
40.05
2.409
15.27
43.8
42.08
67.28
64.8
53.08
51.84
53.48
4.101
15.03
16.6
37.01
7.076
59.99
54.31
55.18
56.25
56.09
54.85
23.48
12.2
28.91
6.519
35.01
19.86
33.16
25.24
20.03
15.31
21.49
22.46
28.14
58.36
51.01
57.2
55.4
56.34
17.8
34.82
26.9
34.5
30.0
37.39
21.96
36.3
13.46
2.892
41.89
19.18
18.92
48.27
54.58
46.17
52.97
51.06
56.52
52.55
2.885
58.72
46.6
42.47
54.07
41.07
42.99
65.56
41.1
26.9
11.72
34.31
28.71
34.17
31.85
36.52
35.53
35.34
24.27
30.64
19.97
22.08
37.34
36.86
36.37
27.27
36.65
4.395
12.59
3.787
5.514
48.61
48.52
48.34
49.74
48.42
40.86
38.1
39.98
59.03
4.046
23.51
25.94
51.31
55.32
51.54
52.66
51.51
51.78
22.72
10.68
35.89
14.88
25.36
36.64
39.61
46.1
53.98
47.91
41.64
51.27
39.41
4.456
2.226e-06
26.07
48.23
2.226e-06
4.456
14.6
32.25
34.67
48.31
5.884
50.88
40.85
38.51
41.47
40.77
3.618
22.1
36.45
11.36
42.1
26.48
23.6
30.19
24.07
4.445
25.39
38.53
8.127
46.73
53.88
44.09
52.47
44.05
49.84
44.05
10.7
31.97
28.47
28.55
15.27
50.68
48.44
47.64
42.44
45.87
47.42
3.857
52.0
48.21
54.87
51.74
47.46
52.35
36.14
13.5
48.32
43.01
44.83
55.87
50.77
50.7
46.91
32.39
30.22
25.82
15.47
10.98
23.66
8.869
36.61
41.41
47.6
40.45
43.02
40.48
5.881
34.89
36.08
11.99
52.46
49.29
48.15
54.5
48.93
21.7
21.15
36.19
44.61
52.48
64.24
44.1
40.78
39.36
18.85
57.43
5.157
7.741
34.45
27.38
29.26
44.49
31.81
60.24
27.58
42.62
21.57
15.5
39.23
35.45
44.6
56.17
57.79
56.48
43.46
7.627
10.18
17.76
64.56
24.76
66.34
13.69
14.58
14.82
33.66
14.63
25.09
7.267
11.28
30.8
30.3
29.55
42.26
32.6
29.24
18.38
18.27
25.48
7.962
37.57
35.87
34.65
37.16
34.64
9.47
44.69
3.356e-06
6.601
7.063
18.86
44.37
43.87
45.41
45.6
55.72
45.02
45.02
19.81
15.09
5.242
45.89
72.5
69.27
73.08
73.24
72.7
34.99
35.42
32.73
18.49
35.04
48.54
45.35
43.44
51.4
59.31
42.51
10.24
65.64
7.463
16.04
51.07
54.87
55.85
62.79
55.22
77.98
55.27
29.14
5.376
27.22
18.68
5.665
32.06
26.78
17.15
25.85
25.68
25.86
12.19
16.28
3.141
27.22
50.2
51.58
50.47
52.76
49.92
19.0
26.12
26.12
19.24
20.74
10.91
2.148
13.56
33.05
6.572
57.17
48.93
49.04
49.4
48.99
39.54
10.9
46.24
12.34
41.02
51.8
51.5
45.88
61.6
53.25
53.17
65.55
53.25
31.67
39.08
19.67
20.95
29.49
29.81
36.29
43.24
22.38
29.91
17.75
2.792
47.74
28.46
44.59
40.04
34.68
28.72
18.53
28.98
18.53
30.05
14.49
4.827
27.98
20.88
5.749
27.06
21.41
22.17
35.05
21.31
2.205
65.06
3.826e-06
33.98
39.09
43.36
53.14
57.89
64.28
48.29
64.08
48.46
48.46
1.932
36.99
11.94
9.983
22.01
35.81
37.89
43.66
35.97
50.04
36.3
35.05
15.23
14.75
51.29
43.25
55.48
66.52
59.34
61.5
62.06
59.63
5.914
13.55
36.0
29.24
6.891
42.24
32.76
31.59
32.61
46.64
31.74
25.0
48.12
2.931
33.78
2.931
33.78
25.0
48.12
0.0
46.5
19.33
33.73
7.868
39.03
33.17
38.84
54.61
55.14
40.91
38.17
43.57
32.46
25.61
2.833
17.52
43.35
44.0
56.61
52.73
50.66
43.46
44.66
45.8
26.24
6.959
13.53
46.56
50.61
48.83
60.63
60.5
49.87
22.25
25.64
2.749
47.14
26.4
53.92
57.81
55.18
58.98
54.05
54.37
28.42
61.79
1.836
12.37
44.06
45.3
44.58
65.8
44.25
49.28
23.16
34.1
53.8
48.65
61.81
42.11
37.84
3.02
53.66
32.17
19.56
39.04
31.48
24.62
62.53
24.69
49.9
36.95
72.58
43.45
69.21
34.29
55.71
26.19
25.86
22.08
45.46
9.509
56.79
39.85
36.27
42.63
38.41
29.38
8.209
2.878e-06
9.645
54.67
29.66
61.85
54.21
62.73
58.91
58.89
60.79
60.79
2.572
15.95
34.64
36.19
42.35
42.6
31.33
35.32
31.63
29.79
7.218
19.33
30.18
19.87
29.01
29.62
9.219
6.077
1.838
20.38
9.755
5.833
42.95
41.78
41.91
58.17
40.23
44.22
40.59
5.92
40.54
1.756
11.35
49.32
49.69
48.61
65.14
49.26
21.64
17.55
51.41
44.74
58.18
50.94
31.54
30.52
25.07
2.146
49.53
32.44
56.32
51.81
50.43
59.34
35.3
19.75
18.45
36.58
49.62
47.99
55.06
52.29
51.11
47.36
35.83
41.08
44.84
2.624
9.288
11.17
15.02
36.66
38.76
44.79
10.25
21.64
6.123
3.595e-06
23.35
26.47
2.73e-06
29.08
31.84
19.95
13.96
20.56
19.95
19.95
20.19
33.23
27.64
14.4
23.8
49.67
48.74
45.33
48.26
55.27
46.14
1.777
12.05
29.12
29.69
71.09
70.6
66.59
67.61
66.51
24.5
52.0
25.37
20.04
37.62
37.9
39.22
54.22
30.77
38.39
19.69
3.227
22.25
35.14
40.43
48.3
39.02
35.16
5.303
17.97
24.59
49.33
29.99
69.2
55.38
51.03
49.63
51.59
50.41
46.5
46.87
6.07
9.423
9.987
6.917
11.08
10.37
46.44
46.65
3.096
28.73
20.05
18.21
34.84
11.21
26.85
45.71
37.06
47.22
43.49
37.22
35.05
34.49
35.05
44.04
18.26
31.37
39.97
47.52
47.38
55.32
38.02
35.98
18.35
31.24
16.37
51.66
42.51
53.87
44.51
42.24
5.557
6.162
27.61
5.963
43.01
60.91
55.04
47.86
54.53
54.66
54.7
36.56
12.9
46.24
35.6
56.7
37.55
38.6
36.56
43.68
12.16
21.8
14.25
48.08
45.79
25.11
47.18
45.37
29.21
30.72
8.376
52.41
45.67
50.19
47.09
46.33
15.11
16.31
20.93
52.21
51.35
51.74
50.46
49.29
41.23
14.45
22.96
17.92
30.37
27.56
43.74
26.98
22.47
30.26
16.36
29.98
12.95
62.52
55.33
39.35
55.51
54.69
37.92
15.69
27.92
17.41
26.73
49.56
50.6
51.29
51.33
48.28
47.99
36.84
23.16
31.61
19.91
62.12
58.07
65.65
61.01
57.49
6.989
14.8
36.35
19.37
32.49
25.01
23.66
25.48
23.15
37.07
12.63
32.64
29.29
59.16
69.39
74.26
66.86
68.44
14.9
15.85
32.33
35.76
71.34
77.27
66.32
66.36
68.93
20.95
31.08
29.67
22.2
69.48
65.3
59.46
62.95
59.58
17.89
19.17
16.61
65.72
64.78
64.17
63.09
63.51
36.73
19.03
43.72
18.56
2.922e-06
56.86
40.41
32.7
47.64
34.22
32.7
43.34
23.55
44.66
15.14
75.47
83.56
82.52
85.99
82.85
11.42
11.24
23.36
5.45
27.05
16.79
12.0
19.84
15.97
34.2
7.463
6.463
17.76
20.3
15.63
41.23
18.71
17.79
29.36
13.07
24.03
13.5
42.4
39.11
32.45
39.95
37.61
36.55
42.84
32.73
19.16
42.37
38.99
51.98
36.55
39.98
19.5
37.04
9.152
75.84
78.71
78.59
79.25
79.93
29.96
16.54
28.82
16.19
48.04
36.37
46.24
41.55
40.23
40.97
23.7
27.96
35.94
11.78
24.83
36.25
13.9
25.64
40.6
22.76
28.24
4.042
34.16
19.51
56.79
59.34
65.74
64.38
60.23
37.27
16.76
42.38
20.24
53.71
46.68
62.27
46.57
46.51
43.1
17.01
44.99
9.852
85.62
85.51
87.02
87.11
86.79
35.85
19.44
28.02
32.95
8.074
49.99
41.74
52.15
42.97
44.91
40.7
10.6
18.79
31.1
52.61
52.19
52.95
48.08
49.61
24.05
2.546
15.95
36.52
42.36
8.51
45.17
40.69
51.16
45.91
58.6
46.19
46.02
20.98
16.11
20.88
7.836
21.62
9.242
20.63
15.53
2.585
26.37
12.88
14.69
22.18
49.16
59.63
53.23
53.89
51.55
33.6
11.56
12.57
20.0
80.66
80.64
77.66
78.45
79.67
34.15
10.47
17.84
9.831
29.7
26.81
40.83
25.73
24.91
50.65
67.14
15.33
86.7
73.94
68.68
70.3
71.73
23.36
20.73
42.24
8.312
59.08
59.23
59.42
57.91
58.6
41.77
14.8
40.6
6.523
47.74
30.36
48.99
32.16
29.59
34.72
16.87
33.71
22.16
53.21
71.48
58.24
63.95
64.98
35.81
32.95
35.84
15.93
78.11
81.45
76.01
76.39
80.49
45.22
9.31
19.86
6.448
88.13
84.54
89.46
83.05
84.56
36.32
14.41
51.4
21.62
55.39
51.12
53.21
51.4
43.5
7.748
18.92
8.347
2.274e-06
50.69
53.15
52.42
54.31
51.84
52.42
32.68
14.86
27.62
12.44
70.77
67.17
65.8
63.18
64.72
19.17
51.01
50.89
52.26
52.36
48.93
20.67
38.59
19.33
68.46
71.66
71.03
72.73
73.21
27.25
6.259
27.2
10.86
55.87
58.0
64.4
57.05
57.05
18.62
46.74
25.71
51.35
27.13
19.47
10.48
41.21
24.67
11.73
59.82
60.41
57.43
54.92
57.58
24.97
23.19
35.21
11.58
36.23
15.32
25.62
24.49
13.38
32.53
30.08
33.14
10.47
54.54
55.37
55.8
64.85
56.38
45.28
53.37
53.37
45.28
9.152
55.23
16.49
34.06
6.451
80.47
81.4
73.11
79.15
81.25
20.72
33.65
18.53
30.87
31.36
35.04
26.43
35.39
20.67
27.17
35.39
21.01
13.47
25.59
5.372
37.9
29.77
34.75
29.59
28.59
18.68
19.8
38.02
6.65
75.57
82.68
82.29
80.86
82.64
16.96
18.27
18.56
54.87
56.11
56.85
56.23
54.65
37.09
15.03
28.95
41.65
16.79
47.06
43.31
28.06
25.65
42.56
13.76
26.65
14.9
80.05
80.97
82.21
80.16
80.84
29.45
16.12
32.64
14.04
56.19
51.09
37.94
50.73
49.83
42.25
42.1
4.257
31.55
14.04
40.93
37.57
61.34
62.03
38.52
38.69
6.63
28.69
6.632
43.06
31.48
46.37
32.5
31.53
11.31
19.34
33.2
34.29
52.27
55.42
53.43
52.55
51.94
38.15
7.52
42.46
45.44
47.04
48.9
42.47
24.24
23.86
23.55
11.83
5.571
20.65
49.27
56.89
44.67
48.94
48.9
28.21
15.96
1.956e-06
36.15
13.14
68.82
65.74
70.81
66.92
65.66
65.66
31.02
12.82
26.29
12.57
38.49
41.15
34.45
41.96
40.25
52.51
6.897
39.61
7.003
30.87
64.47
56.56
59.24
30.76
56.85
56.78
14.01
16.97
28.02
13.93
70.22
68.58
69.98
70.47
68.92
18.84
38.69
16.49
17.17
64.83
64.18
65.19
65.3
64.53
37.54
17.06
17.81
22.34
72.88
72.55
69.66
70.17
71.2
19.09
20.36
23.03
19.79
17.9
27.58
23.47
21.02
17.48
28.95
14.67
41.82
16.74
76.21
76.6
74.7
81.41
77.8
47.23
9.843
17.28
18.49
35.83
36.2
56.65
32.57
31.59
25.29
12.35
1.598e-06
17.9
13.72
1.835e-06
51.75
50.9
50.85
51.56
51.46
50.85
50.85
29.04
15.72
33.03
14.1
57.33
53.1
38.84
55.81
53.69
7.963
27.05
13.19
24.3
38.49
21.65
36.19
36.14
54.73
14.5
51.12
52.46
56.06
56.34
55.55
66.04
64.96
25.62
16.15
70.92
71.44
76.3
75.48
73.33
20.64
9.558
15.45
16.61
56.96
55.72
60.02
55.27
55.23
11.55
22.83
18.86
66.26
60.9
53.04
56.8
58.92
29.75
16.16
31.98
6.398
46.42
43.3
25.62
45.69
43.25
32.05
14.03
41.37
6.173
55.93
39.14
38.07
39.21
38.4
59.05
14.69
55.65
9.32
66.53
61.96
43.89
63.39
62.94
25.81
20.77
29.39
14.58
67.61
73.19
72.22
72.31
72.73
37.96
6.655
53.23
13.6
73.26
73.78
75.86
74.13
74.54
20.72
44.36
18.53
54.31
31.36
33.49
23.08
5.914
48.41
5.749
63.32
63.35
65.43
61.92
62.7
30.72
27.07
6.744
44.63
6.489
5.122
35.91
43.92
44.91
48.95
47.7
45.31
44.95
26.72
6.746
33.39
12.39
75.38
77.04
81.48
75.83
76.59
23.23
5.818
23.22
16.93
39.68
42.48
50.16
44.84
45.44
33.47
6.504
33.19
15.72
54.14
53.17
64.66
52.69
52.81
29.78
7.065
58.53
20.56
81.34
83.47
84.06
84.64
85.31
41.28
15.42
45.05
76.95
63.26
79.67
76.53
76.21
23.6
17.96
34.74
6.707
79.55
75.98
77.07
78.21
77.47
7.675
11.21
29.07
20.3
38.39
47.78
46.0
43.56
44.4
28.86
16.24
14.04
38.92
34.16
35.11
35.27
32.21
26.9
42.21
1.526e-06
15.07
7.257
69.29
68.07
66.85
63.19
68.07
68.07
28.17
8.162
27.89
30.4
9.975
40.03
34.75
27.18
35.49
27.94
26.18
29.19
15.96
20.07
15.88
46.7
42.54
48.84
42.78
40.7
20.66
7.763
25.48
20.23
69.43
70.25
69.2
68.95
68.82
20.93
16.54
32.28
14.53
29.25
32.75
35.13
33.26
29.96
20.51
10.45
34.26
13.36
80.72
84.96
81.02
81.28
83.6
20.01
20.93
17.76
18.9
38.41
37.62
39.06
40.4
34.82
34.05
20.34
35.4
25.64
68.52
75.94
74.67
76.6
77.24
33.62
14.11
46.31
38.64
101.9
94.98
86.07
95.03
95.5
20.46
38.52
31.26
15.25
38.91
28.68
34.76
48.38
27.47
30.29
13.98
55.85
5.844
101.0
79.24
78.26
79.09
79.68
19.74
20.44
33.37
14.29
88.27
81.69
79.65
81.71
82.47
27.29
10.5
35.25
44.36
41.71
31.29
38.94
38.71
37.09
15.81
37.46
11.47
63.64
62.18
64.14
63.8
64.06
22.63
11.67
32.67
12.98
79.98
83.37
87.78
83.86
84.66
17.91
22.91
25.78
26.89
77.61
77.44
75.76
76.7
74.07
35.19
12.69
21.17
9.907
81.98
81.89
82.0
83.12
83.14
37.54
14.2
40.16
7.164
42.76
21.66
45.13
23.93
20.27
47.68
24.79
28.74
27.6
77.5
83.01
77.18
87.45
85.48
29.53
20.15
25.91
64.36
44.53
56.66
48.38
49.91
49.18
13.64
16.64
12.18
6.146
84.37
82.27
83.35
81.32
83.22
30.99
18.18
53.94
9.697
80.21
87.25
87.6
85.15
87.86
36.87
20.26
46.79
25.74
52.53
48.92
51.04
41.67
39.65
36.2
14.3
32.02
8.987
64.86
56.32
58.29
57.89
56.66
24.41
6.88
30.9
24.64
60.8
61.83
56.33
63.49
64.09
17.8
19.48
36.85
21.45
73.26
74.68
77.54
77.2
76.86
35.6
8.937
43.63
24.72
49.23
24.9
20.65
37.13
7.441
14.57
19.5
21.94
22.26
40.15
18.18
17.43
28.95
15.35
14.96
18.73
37.14
38.09
17.37
35.79
32.95
28.5
9.809
16.6
11.01
52.91
52.53
40.88
52.08
51.85
22.35
15.82
15.18
6.401
77.71
75.45
78.16
74.24
76.55
34.6
14.52
33.56
6.863
39.31
24.83
44.93
28.28
24.43
16.88
18.27
15.51
17.7
55.6
54.67
52.4
52.58
52.17
18.22
9.144
19.79
9.427
49.72
46.68
49.82
47.06
46.27
46.63
17.28
47.43
30.97
47.43
17.28
37.04
9.832
30.75
6.242
50.2
55.98
45.56
58.1
56.96
16.72
10.17
24.01
14.94
20.89
21.24
14.67
34.02
6.536
32.84
12.73
40.81
26.04
40.35
23.39
22.72
41.36
7.74
82.85
82.25
81.84
81.74
82.49
49.69
31.97
6.491
83.17
80.4
76.1
81.08
80.38
21.7
10.18
20.51
39.43
41.18
46.39
38.24
37.15
41.14
23.79
36.96
6.663
33.5
49.24
31.18
53.55
49.12
25.74
34.18
13.66
11.49
71.46
70.6
70.7
72.26
70.59
18.33
9.436
25.09
7.636
42.94
42.2
44.47
40.69
40.97
12.99
13.09
31.79
75.07
81.35
82.7
82.26
83.01
18.83
18.19
32.81
8.242
44.58
29.07
19.87
28.36
25.9
70.11
27.7
47.88
6.814
57.4
36.22
75.19
38.75
35.25
35.5
17.82
40.12
7.207
46.93
40.58
38.27
43.95
40.28
50.75
9.161
17.1
19.08
26.03
3.052
53.35
20.05
19.31
23.96
13.12
42.13
14.78
58.51
41.04
36.94
41.04
39.0
21.45
6.028
18.72
7.585
81.11
81.39
80.23
82.9
82.72
41.94
32.64
13.64
13.77
32.84
29.65
53.37
49.05
30.59
29.59
15.97
19.83
7.1
65.43
62.19
64.87
62.39
62.12
41.07
16.58
41.88
17.37
67.46
76.09
76.05
78.33
76.04
20.72
56.1
21.78
50.37
38.65
39.04
40.92
37.39
52.0
6.049
19.81
43.1
64.97
58.12
40.35
64.15
63.75
27.9
15.56
25.95
7.022
58.34
49.64
55.43
50.39
49.78
29.06
8.779
50.39
51.8
51.34
55.0
55.77
54.63
54.34
44.42
17.96
38.95
6.749
81.5
79.73
73.54
79.85
80.22
30.19
16.25
39.77
36.66
71.04
68.54
68.37
73.1
72.67
44.24
18.38
20.45
14.52
54.18
49.55
46.26
47.94
46.05
28.55
10.63
11.88
12.03
59.23
57.64
48.07
55.19
56.43
25.74
15.06
32.74
23.54
56.86
74.71
75.25
74.06
73.19
26.24
14.27
41.32
6.604
46.25
16.35
30.17
20.58
14.87
39.11
23.84
18.15
18.25
57.92
55.93
58.84
55.53
61.3
9.434
47.1
36.61
94.69
79.29
78.02
83.98
84.91
31.04
14.81
9.747
9.94
47.41
48.21
52.13
47.16
46.65
28.93
30.66
36.89
13.47
56.38
71.31
71.4
68.01
70.05
17.15
33.83
31.73
16.46
23.32
44.02
47.68
50.25
43.09
18.68
13.2
31.41
5.396
24.61
38.49
43.49
39.1
38.49
39.79
8.643
22.19
9.955
55.48
52.5
58.43
52.79
52.71
34.45
18.78
38.55
22.22
41.03
52.62
53.66
45.91
44.78
2.586
26.45
26.34
11.79
26.51
12.34
26.52
2.586
29.65
14.56
30.49
13.12
55.51
45.22
57.7
43.45
42.88
10.16
19.68
18.37
65.62
64.34
56.42
61.46
62.85
13.35
13.69
20.84
11.71
37.23
32.2
33.38
34.05
30.9
41.87
39.93
41.52
17.52
49.37
37.41
61.09
45.0
32.92
18.91
15.41
17.66
35.38
35.86
50.1
33.75
38.8
36.41
50.96
7.439
28.13
7.179
50.74
42.14
54.37
42.15
42.02
52.77
54.82
37.13
47.97
65.0
57.31
60.64
64.32
58.66
35.5
8.181
43.71
15.79
73.64
54.11
52.05
50.73
51.28
40.81
17.36
37.85
13.03
67.49
66.22
77.33
67.43
65.65
33.75
30.07
1.953e-06
34.45
16.22
59.39
65.13
68.54
68.07
62.62
62.62
43.83
8.616
15.1
15.35
35.98
35.65
51.95
32.6
32.1
39.06
26.32
24.59
19.48
67.49
69.12
72.44
69.91
71.05
25.05
19.0
38.1
16.25
43.76
36.49
39.86
38.1
33.86
42.74
23.54
34.36
13.77
58.1
57.39
65.21
56.9
58.04
39.43
17.5
34.82
43.43
79.89
73.2
88.35
78.38
78.01
28.82
16.19
40.58
18.16
74.36
69.21
76.37
72.87
69.38
19.17
21.68
34.34
28.79
32.11
27.36
26.83
33.26
16.37
43.92
82.98
80.01
79.13
82.28
81.52
48.46
21.66
21.54
20.55
20.55
21.66
32.93
13.46
37.47
16.18
58.22
41.95
41.48
40.6
40.09
30.95
8.948
26.53
14.69
31.19
38.81
43.1
34.09
34.16
52.1
33.13
26.29
60.95
15.4
64.29
51.97
18.06
17.59
32.25
32.47
41.06
32.56
37.87
36.86
35.86
21.45
33.57
2.077
18.0
75.4
73.22
75.92
74.62
75.69
35.58
24.99
29.51
6.509
53.24
45.55
35.45
55.13
46.37
20.54
13.17
38.09
7.18
69.73
56.43
59.32
58.49
57.06
45.8
45.05
33.89
14.24
88.53
80.68
82.53
82.6
81.08
45.4
8.778
51.93
52.95
71.29
59.72
60.85
67.83
67.97
15.11
21.8
32.19
16.13
42.03
40.48
43.62
45.08
40.1
4.843
10.35
5.13
42.28
26.14
62.09
59.89
62.7
62.15
62.03
62.58
2.661
16.6
24.17
25.54
48.18
45.98
43.25
43.73
43.45
29.22
60.6
5.783
21.94
12.81
61.54
59.56
60.3
67.52
59.63
59.53
40.72
14.22
40.88
31.54
9.357
56.6
49.66
57.46
49.66
62.1
48.74
7.362
24.55
1.986
29.0
39.33
48.6
53.88
61.35
48.52
48.85
48.7
35.51
16.79
45.48
9.843
53.55
53.85
66.29
55.9
54.04
13.11
10.18
4.381
18.27
14.59
67.74
68.29
68.52
68.1
67.54
67.85
9.587
52.15
40.25
27.02
33.71
41.15
46.71
33.98
54.74
50.79
33.29
5.643
13.1
8.384
25.36
47.7
54.86
47.25
47.17
47.61
38.59
10.16
2.195
14.85
38.25
59.48
58.32
63.27
56.39
61.72
60.16
16.72
38.61
13.96
45.99
92.89
69.39
86.84
92.25
88.48
28.56
22.39
34.09
8.895
69.07
66.62
64.73
67.55
67.29
19.15
8.711
19.22
12.48
25.36
73.35
68.0
58.71
65.07
66.0
66.75
1.771
18.18
20.51
11.27
29.69
27.02
23.27
29.75
23.12
2.914
30.65
19.03
5.283
45.21
42.07
40.99
45.41
41.39
55.69
57.76
4.866
11.47
60.01
60.22
38.67
36.2
60.57
5.472
35.09
15.0
20.68
12.9
20.65
57.59
59.19
60.06
58.96
65.43
58.69
59.53
28.27
22.77
16.35
24.51
24.09
29.97
33.55
29.4
18.82
16.22
10.47
12.95
6.444
51.7
50.58
51.08
50.24
49.59
21.09
40.91
43.49
24.49
10.23
71.14
70.41
69.0
75.52
71.8
68.82
14.72
53.32
19.77
22.59
67.37
71.5
64.84
55.01
66.94
22.61
48.07
3.526
24.19
83.62
71.55
82.76
88.21
82.52
21.79
70.08
21.69
5.928
46.43
39.76
46.91
61.62
39.78
24.28
10.53
15.43
36.53
34.92
46.14
75.72
70.09
68.19
76.92
69.66
69.55
69.11
9.307
16.38
4.248
5.61
53.62
53.97
53.22
56.98
53.67
24.19
40.03
2.57
19.38
55.98
55.25
62.27
64.83
55.88
13.59
36.27
39.23
22.84
14.75
65.07
64.47
64.77
64.6
55.58
65.37
46.22
40.7
29.02
15.79
56.84
50.07
43.55
32.3
50.81
5.124
20.71
14.54
5.886
51.92
51.35
51.84
52.41
51.7
28.9
31.03
25.92
27.33
55.13
53.45
48.1
53.64
47.01
6.639
49.49
3.365
65.48
69.84
56.74
68.78
67.34
70.01
19.45
6.623
33.56
29.76
28.11
49.63
50.14
48.99
42.23
45.37
44.31
5.334
11.47
4.792
54.81
33.42
66.67
33.47
35.39
33.85
1.756
31.25
32.54
32.72
56.84
61.46
56.94
58.36
57.12
25.67
40.13
8.493
6.862
29.24
37.97
41.98
49.75
44.64
41.23
39.25
5.33
11.06
17.6
13.33
61.15
61.73
62.18
62.2
62.03
27.54
59.91
5.057
15.29
50.92
53.43
54.48
69.16
50.99
2.619
16.77
32.14
18.39
60.54
58.26
54.73
55.07
54.66
8.096
18.73
6.206
32.75
51.73
56.44
53.29
56.11
52.36
22.22
11.22
6.396
1.688
12.49
54.16
56.75
56.09
54.21
54.25
54.42
11.2
25.52
23.64
17.54
8.15
42.42
38.87
38.19
42.03
43.94
36.94
6.356
23.1
1.731
11.95
38.4
39.48
38.11
43.35
38.35
14.01
26.47
17.6
10.61
52.19
50.99
50.52
51.13
51.62
27.18
25.24
7.492
14.24
33.08
70.43
70.87
69.43
67.87
71.61
70.76
10.39
64.42
1.857
11.83
19.8
65.69
66.33
65.09
65.71
56.74
65.85
30.7
9.556
5.735
6.242
62.86
62.73
62.54
60.05
62.3
19.72
39.55
1.744
29.72
58.81
56.88
55.24
69.86
59.09
5.851
5.25
27.28
26.99
33.15
69.88
75.43
74.07
73.12
74.14
72.68
43.0
17.54
31.71
23.04
2.973
57.53
55.98
48.65
54.46
49.53
49.13
18.03
9.773
12.15
34.14
31.86
61.82
60.89
63.12
69.41
61.42
61.24
6.302
33.08
20.22
32.63
51.61
60.87
50.45
47.04
49.89
5.293
12.28
1.882
63.38
10.69
40.44
62.31
40.9
40.12
40.3
40.3
5.483
6.258
22.07
30.49
48.18
64.2
58.53
64.25
60.41
60.57
60.59
11.24
19.7
31.8
6.378
38.2
38.85
40.46
43.68
39.02
4.361
12.42
29.89
8.274
61.74
56.18
55.36
56.38
55.8
1.925
25.23
15.85
19.39
68.9
72.95
69.31
74.58
69.6
15.49
7.488
16.31
26.3
21.38
70.09
63.86
70.98
70.82
68.36
67.75
5.817
10.71
3.534
12.81
35.19
34.46
35.69
37.82
35.53
19.21
11.27
26.06
26.57
5.544
58.92
56.06
56.5
57.83
57.74
56.34
11.96
8.483
10.22
21.32
23.23
37.58
38.97
31.81
37.44
38.53
37.07
19.78
12.24
9.293
44.76
45.3
45.38
45.71
19.87
15.44
2.538
23.1
48.2
50.67
51.7
51.22
48.49
13.67
30.65
27.34
24.29
50.55
48.18
49.08
50.86
48.27
34.29
6.513
1.637
10.25
20.74
63.49
65.72
64.16
70.04
62.23
63.3
3.914
9.407
4.704
42.64
42.78
43.01
44.28
42.64
38.49
42.55
34.29
25.23
54.14
51.07
60.76
32.82
50.46
29.56
32.22
1.889
12.02
43.85
46.45
45.71
40.28
43.47
5.695
17.2
37.99
34.04
59.49
63.82
53.72
57.54
54.58
20.32
5.875
9.409
14.68
67.41
66.94
68.69
67.33
68.02
5.897
34.14
25.48
12.19
64.61
62.83
60.89
64.6
61.8
11.06
5.98
9.062
26.68
31.48
48.71
52.77
40.6
40.43
39.76
40.43
9.751
11.86
20.23
21.85
52.91
54.78
56.33
56.47
55.71
19.04
48.42
18.07
12.19
29.95
58.14
57.2
65.5
55.73
54.13
56.78
20.87
19.29
8.333
15.17
66.21
67.42
65.93
70.98
67.48
10.82
42.46
25.16
11.48
53.69
70.36
69.54
69.94
69.62
22.52
36.37
10.04
35.41
33.63
48.98
41.85
43.41
33.89
6.206
31.3
20.17
44.21
75.75
71.09
73.99
74.63
74.95
32.25
18.36
16.23
7.166
50.82
48.51
41.95
52.39
48.93
31.2
37.91
10.26
10.56
65.2
62.02
65.28
72.75
62.11
23.84
5.749
6.38
36.12
18.43
47.9
55.76
51.91
47.65
47.76
47.87
35.47
12.42
15.8
36.75
59.71
61.53
55.67
62.98
60.94
9.085
17.41
35.27
7.054
40.83
61.33
54.59
60.61
54.99
59.2
54.82
6.298
17.42
33.5
27.05
50.72
47.01
40.76
45.61
40.04
24.78
4.992
11.55
10.13
50.59
52.03
51.9
50.69
51.06
23.78
31.65
39.1
24.76
5.61
53.19
45.53
46.74
51.65
53.89
44.38
1.808
12.35
22.26
27.48
59.72
54.68
51.27
50.27
51.93
23.94
11.62
18.05
15.06
58.75
59.65
63.41
58.36
57.92
5.152
40.35
10.1
46.46
68.35
67.08
66.66
66.02
67.17
1.967
6.519
19.13
20.3
66.13
70.94
76.91
71.7
70.35
72.16
71.15
33.78
15.06
4.156
28.68
44.27
56.0
44.62
42.75
43.61
5.577
43.65
48.72
18.31
13.98
59.84
62.61
62.52
68.79
63.77
62.07
19.11
6.878
1.951
13.11
58.76
60.64
61.7
58.82
58.99
8.776
57.54
16.64
22.55
8.942
68.83
66.66
69.49
67.59
74.35
68.75
14.26
36.62
37.57
14.13
54.3
52.35
53.04
55.71
51.39
2.02
24.01
8.28
13.13
37.66
39.11
37.81
44.24
37.77
31.84
34.43
12.19
13.42
43.13
44.49
49.54
47.24
43.25
27.23
6.568
13.15
26.9
41.55
46.47
46.94
42.1
41.37
8.615
10.34
4.82
21.35
60.71
61.47
60.15
60.24
60.22
22.34
7.55
28.16
9.458
43.72
29.21
33.44
29.49
28.24
6.201
54.56
3.824
8.774
48.21
48.84
50.88
70.76
49.12
26.2
15.43
7.25
3.354
21.0
59.01
62.87
65.23
59.38
58.21
58.53
1.674
10.64
30.91
19.62
73.64
71.38
70.45
70.17
70.68
5.372
31.73
28.89
27.87
14.65
66.69
69.46
67.0
70.97
66.36
68.53
5.607
10.5
28.56
16.71
20.65
42.16
45.57
45.33
43.27
44.54
42.74
18.28
45.13
4.416
42.58
29.07
77.0
74.18
74.39
76.76
77.34
77.1
48.4
6.752
18.21
11.37
20.15
68.46
66.67
67.27
68.73
63.45
64.88
16.96
28.85
1.757
11.87
47.27
47.49
49.73
52.49
47.21
16.2
39.98
15.53
7.938
76.94
77.12
81.69
84.58
77.77
27.22
18.54
25.56
6.992
60.35
57.1
50.96
59.36
57.28
6.268
25.43
5.289
14.81
29.4
32.47
27.27
37.2
28.52
25.61
8.045
40.03
4.733
37.8
76.31
74.11
73.26
74.17
72.69
76.05
2.116
42.17
21.48
8.608
56.02
58.05
58.82
40.01
58.44
17.04
54.09
21.79
21.88
19.94
59.36
59.54
56.31
85.65
57.68
55.78
20.88
11.61
1.443
4.654
50.54
50.79
49.97
51.23
50.82
13.05
38.8
21.7
11.26
43.11
34.19
35.73
49.65
32.39
10.92
5.965
30.13
36.45
80.48
76.72
89.27
88.2
88.83
31.03
26.32
33.11
12.35
56.86
57.59
53.51
50.31
57.09
37.5
8.029
8.52
30.12
29.21
55.23
59.17
71.94
62.22
60.13
61.93
2.14
15.23
22.64
32.65
55.43
55.49
55.61
58.35
55.86
22.59
13.23
4.422
35.62
2.82e-06
49.56
52.36
50.33
58.13
52.73
50.33
22.62
12.11
31.33
26.83
62.7
51.53
50.36
50.22
52.02
3.37
20.34
27.6
11.89
29.07
12.51
7.407
20.79
6.502
37.78
35.28
7.506
34.25
38.75
43.55
46.93
38.02
37.94
23.21
21.26
21.35
11.46
15.82
18.89
23.83
60.69
66.14
58.08
60.88
58.79
59.5
6.199
6.446
36.76
7.523
47.83
38.72
38.17
38.02
37.81
32.22
7.691
39.87
3.569
12.87
61.51
61.96
60.45
60.71
66.12
61.28
25.37
28.57
18.18
15.4
49.11
49.98
58.82
54.86
49.11
20.6
6.038
10.6
11.74
35.31
54.43
52.53
42.6
57.98
53.83
54.06
38.19
17.84
5.132
21.48
51.48
55.85
55.58
54.62
52.16
30.85
12.88
31.29
25.14
2.834
61.16
70.77
67.61
69.4
68.72
68.01
28.99
12.02
14.49
37.11
57.75
51.3
58.9
60.0
58.82
3.495
19.86
8.843
5.836
10.86
67.57
67.26
66.58
68.26
67.25
67.36
25.04
34.57
23.43
22.71
38.07
53.18
61.89
56.83
57.96
57.57
55.25
24.32
13.7
19.21
39.55
17.06
68.09
61.49
66.61
72.74
66.66
66.4
4.186
5.688
22.97
13.98
5.526
49.88
55.61
53.25
52.79
53.07
53.21
22.86
11.22
25.32
44.11
48.61
54.79
47.1
42.81
41.2
31.73
7.355
1.651
5.32
56.8
57.25
60.68
56.21
56.88
15.58
11.9
25.87
6.421
12.68
92.36
88.21
89.0
85.09
87.17
88.92
9.569
21.12
8.776
14.42
49.78
49.92
50.47
55.84
49.8
30.45
5.511
2.381e-06
10.88
13.22
19.92
21.81
34.71
18.14
17.72
17.72
18.29
68.51
20.31
7.934
43.77
49.07
50.11
83.01
47.98
7.883
5.969
18.02
49.55
35.04
62.95
52.63
48.77
49.01
44.75
48.85
38.05
8.855
9.164
35.03
39.12
62.61
69.89
63.58
62.2
60.16
60.54
10.59
19.68
19.54
39.96
40.89
49.15
39.08
58.35
47.51
49.09
47.21
16.18
14.75
2.687
31.67
61.2
64.49
60.95
59.66
60.95
25.17
23.97
4.503
25.94
1.861
56.3
61.79
55.94
56.75
58.89
56.01
2.814
37.49
6.861
12.95
56.05
57.03
56.87
48.55
56.85
23.39
55.95
30.11
38.84
42.92
60.93
54.92
70.35
48.5
3.71
12.52
32.78
32.41
63.31
60.5
59.35
60.31
59.78
5.876
6.376
16.86
23.43
65.0
63.9
64.16
63.47
63.77
28.89
14.19
24.37
25.21
27.85
24.71
27.94
29.43
14.6
25.55
4.348
25.31
35.1
23.92
11.18
43.11
37.88
42.26
51.06
36.91
3.689
40.33
47.04
6.935
58.03
51.65
53.14
62.75
52.4
24.41
26.85
29.24
10.72
11.43
10.2
54.02
55.48
54.98
57.56
55.58
57.6
55.4
12.46
36.54
36.53
15.01
43.51
62.71
59.32
61.49
60.46
59.37
59.46
6.185
6.897
2.602e-06
20.29
29.02
56.39
57.21
54.85
54.52
55.09
55.09
1.321
65.63
28.8
28.58
75.92
76.57
74.47
46.54
74.58
5.058
16.5
26.28
7.178
39.05
36.16
33.95
36.62
34.79
20.02
47.47
4.478
10.72
2.062
46.99
47.22
46.41
49.69
73.29
46.54
1.822
16.66
19.68
12.6
36.08
37.86
35.44
36.22
35.53
27.52
12.07
18.66
9.353
72.77
70.21
69.09
67.61
69.77
3.001
11.0
32.08
12.3
33.55
59.49
65.95
60.69
61.76
61.6
60.66
17.56
13.91
27.38
30.88
11.85
67.49
68.43
69.98
67.35
69.25
68.74
19.84
18.75
2.127
21.25
40.16
45.89
45.52
46.54
39.83
6.395
26.95
10.33
45.81
34.53
67.47
57.86
67.94
69.56
71.7
69.41
2.174
7.351
17.04
8.463
55.47
51.94
51.04
51.26
51.4
30.03
5.844
27.16
19.41
76.97
52.25
77.15
50.82
52.51
49.72
51.52
36.74
4.504
11.96
21.94
59.49
62.58
56.2
56.17
57.24
37.57
16.99
37.24
3.313
27.94
44.3
48.96
52.09
46.07
55.86
44.65
19.93
17.35
14.56
5.021
45.41
43.98
42.53
46.55
43.44
4.9
11.5
16.8
14.0
44.8
55.77
62.65
54.39
55.81
56.3
54.32
3.954
9.972
17.8
44.35
48.19
57.26
43.12
43.16
43.56
25.65
5.778
17.88
12.99
21.9
51.6
51.33
48.38
56.81
49.69
49.77
3.567
29.78
20.34
11.21
52.56
50.44
49.42
56.9
49.16
3.497
40.27
9.432
43.64
22.48
72.25
49.3
50.37
52.18
51.85
51.18
19.99
4.56
13.52
54.43
47.58
62.71
47.25
50.91
50.12
19.6
16.99
9.029
3.885
16.66
60.53
61.79
66.06
60.72
60.25
60.94
4.261
10.17
13.91
17.48
48.64
47.26
50.47
53.17
50.03
15.69
31.23
11.96
5.022
12.97
65.61
64.25
65.09
62.22
65.19
65.95
1.692
33.35
15.65
7.786
41.78
41.78
40.13
53.63
40.49
21.86
9.735
2.788
9.832
58.67
59.41
59.09
58.28
58.69
27.06
22.95
6.102e-06
0.0
59.2
82.31
81.04
90.89
83.89
82.31
82.31
2.0
12.72
23.97
31.18
54.87
53.11
56.88
55.74
57.47
2.519
15.67
24.4
26.56
33.85
69.88
61.56
70.62
72.19
70.32
70.75
5.4
45.6
7.128
7.658
34.49
47.47
47.01
44.1
48.04
59.05
47.58
29.07
8.382
2.219
16.2
36.88
36.32
37.22
46.32
47.54
37.63
35.74
6.985
3.328
11.58
8.54
69.01
66.76
68.31
66.79
67.05
28.52
13.39
32.23
13.89
68.41
63.01
66.65
65.4
64.17
41.84
13.14
1.698
25.17
54.9
57.74
62.31
55.21
54.98
13.53
13.7
11.0
12.4
64.92
65.02
63.15
63.67
63.81
31.11
8.145
31.4
22.61
46.63
58.44
52.77
50.72
52.22
21.17
8.746
17.49
13.84
47.26
53.34
48.94
52.12
51.71
25.23
26.38
23.45
15.72
23.66
15.15
25.57
26.25
2.283
22.81
33.22
8.212
6.968
55.76
56.72
60.07
68.5
56.31
20.1
5.621
24.58
5.491
59.83
64.21
73.45
64.6
64.61
9.7
7.826
31.54
12.37
49.39
48.35
47.19
46.54
46.25
25.42
13.6
30.44
30.63
10.48
57.24
55.67
59.86
56.57
48.47
55.31
24.18
15.32
34.7
21.09
55.51
32.75
37.26
35.06
32.49
28.66
5.842
29.42
25.15
40.96
35.55
40.08
25.56
25.11
26.53
13.08
1.31
8.749
61.18
61.41
64.2
59.63
61.06
17.13
10.16
14.99
10.85
12.48
64.19
63.94
66.86
65.25
65.83
65.02
40.18
8.227
32.22
13.57
47.7
36.82
51.75
33.38
33.55
14.31
14.47
28.81
6.335
74.73
78.69
78.68
79.06
78.37
14.3
12.53
32.81
9.066
78.13
71.24
71.96
71.07
72.25
26.95
17.93
18.07
11.43
60.85
57.2
62.29
59.02
56.92
23.17
22.98
22.68
19.4
51.01
48.45
51.94
55.32
47.38
17.12
25.7
4.159
15.88
16.31
50.16
48.3
49.27
56.57
49.65
49.7
12.15
33.4
18.54
19.31
53.53
54.81
50.54
54.58
50.4
29.06
10.7
38.46
6.653
37.82
49.61
42.85
59.31
58.25
44.85
42.98
24.16
7.019
17.05
24.4
54.04
51.7
60.95
54.63
54.17
17.73
18.19
27.12
13.18
64.35
62.76
62.9
66.43
66.34
15.47
17.74
14.11
5.829
68.21
66.23
61.17
67.79
67.13
36.74
31.66
34.12
24.54
47.28
40.04
46.05
43.13
31.9
23.09
12.13
14.95
5.886
68.5
68.06
65.35
67.72
68.62
1.818
6.072
41.63
16.34
57.35
51.41
49.67
49.71
49.32
13.02
25.67
19.5
19.16
29.31
40.45
36.68
38.17
35.58
56.72
17.83
9.761
18.11
76.21
71.31
85.54
78.84
75.71
24.05
47.11
23.82
17.08
19.29
30.89
32.12
56.73
31.18
13.34
28.94
19.1
14.71
63.84
66.92
63.42
70.71
65.58
29.86
47.5
47.01
19.55
49.58
38.19
34.31
55.19
37.44
31.74
29.99
35.91
15.28
57.94
47.09
49.49
48.57
43.62
16.28
13.99
25.94
30.39
76.29
55.0
65.15
63.36
62.6
24.27
14.69
11.68
5.398
77.74
79.26
81.83
77.99
79.08
23.33
19.54
35.17
34.24
58.05
54.93
57.62
52.03
52.47
19.94
25.22
32.05
13.64
44.93
55.05
56.78
59.01
54.21
15.17
20.24
6.561
49.98
54.78
53.6
54.12
53.33
12.43
33.66
14.3
72.16
72.76
64.38
75.91
74.28
17.69
8.551
19.91
23.91
64.62
61.1
62.21
59.99
60.95
22.96
36.7
18.49
9.666
69.19
59.85
59.08
59.93
60.66
25.99
19.53
34.98
27.13
55.77
48.3
40.78
40.01
35.19
33.09
32.69
21.88
5.665
38.99
36.5
42.59
40.64
36.34
30.63
35.87
25.29
6.249
61.66
57.16
59.28
55.88
56.4
36.62
12.01
33.98
19.58
53.94
36.23
43.0
34.06
33.52
9.937
20.07
29.51
13.97
68.37
68.55
69.24
67.9
68.78
29.46
39.42
24.98
37.44
54.98
54.13
52.09
56.76
52.0
16.7
12.04
21.37
21.23
35.28
41.48
40.28
38.65
37.3
10.85
24.9
29.0
38.16
61.8
60.0
61.47
68.13
60.47
16.79
8.463
14.78
9.302
49.52
47.48
43.95
47.16
47.3
13.65
31.84
19.61
16.75
41.5
48.61
46.73
60.9
47.03
20.31
36.91
1.82
13.56
59.78
57.14
58.6
66.43
59.53
22.78
13.58
32.01
17.52
67.79
65.12
65.44
64.67
66.09
24.99
27.81
27.98
13.13
57.83
56.98
63.94
59.26
58.08
43.02
18.18
19.89
21.62
58.18
51.31
57.27
54.87
53.82
23.4
16.19
26.03
5.466
48.55
37.96
44.42
40.67
37.55
18.35
7.361
13.15
14.59
64.79
63.94
63.75
63.95
63.94
38.51
29.81
47.25
10.6
60.23
46.51
69.72
46.56
47.86
10.97
23.03
41.49
5.137
61.19
66.75
66.44
68.95
66.78
13.66
36.62
21.65
10.77
38.0
49.45
50.22
58.27
47.93
9.699
21.19
22.98
14.81
55.58
55.51
53.34
51.08
52.83
24.86
29.41
12.2
26.87
41.03
36.22
35.78
41.12
41.38
25.87
12.86
9.211
9.215
56.1
55.36
63.82
57.49
54.82
22.6
18.15
17.15
21.96
55.96
55.21
56.07
57.13
52.98
17.96
14.39
24.6
32.61
46.11
59.46
44.75
46.36
44.43
24.67
13.85
13.62
14.63
53.48
51.9
56.75
47.71
48.22
28.83
15.43
16.73
56.05
57.26
68.45
56.14
24.04
9.48
21.74
11.83
35.79
28.58
11.06
25.56
26.81
30.61
24.74
20.47
13.19
49.25
49.02
59.19
52.25
48.74
19.57
10.18
20.03
13.35
72.38
67.33
68.21
68.38
67.92
19.64
6.339
15.29
8.032
63.71
63.46
67.32
63.0
63.55
38.84
12.87
19.47
53.22
23.73
57.63
47.69
25.4
21.84
10.77
18.53
16.0
45.0
45.42
46.0
46.25
46.0
13.64
27.87
10.48
12.42
60.18
60.29
64.63
58.54
61.56
17.17
27.15
8.16
8.061
76.75
77.56
79.25
81.14
77.13
26.39
7.639
30.01
10.49
51.4
53.53
54.79
53.74
53.47
31.53
37.2
19.05
12.09
54.72
53.22
48.07
55.12
53.14
37.23
10.27
35.16
9.877
41.63
26.01
43.84
23.03
22.67
37.43
36.71
32.01
13.32
62.0
60.6
58.13
63.19
61.82
9.25
12.67
27.48
18.3
44.0
47.0
43.12
43.81
41.05
15.29
13.06
13.81
14.96
70.9
70.0
68.6
69.76
69.24
37.87
32.5
29.27
22.51
55.41
52.95
62.24
63.58
54.21
21.73
20.83
30.83
8.97
33.9
46.73
49.59
46.01
45.07
19.32
19.4
20.53
17.58
47.42
43.95
46.01
46.86
41.04
28.21
10.18
29.51
10.36
58.17
46.25
54.22
46.03
45.74
37.95
27.78
27.54
13.88
46.15
45.92
49.47
56.16
45.6
42.53
48.1
4.411
21.88
56.98
54.52
68.15
67.94
56.53
20.64
29.61
12.29
9.195
54.7
53.75
56.46
57.51
54.84
20.47
16.11
47.01
34.29
49.4
55.37
49.64
47.24
49.48
12.46
29.02
42.74
12.79
49.85
62.96
64.97
66.7
64.78
26.56
10.31
5.448
5.931
60.49
60.71
62.63
62.49
60.8
11.93
42.59
23.23
26.94
53.76
58.2
53.41
53.78
52.77
14.06
6.668
27.29
11.39
58.19
59.5
58.55
58.77
59.08
16.46
12.09
30.16
31.16
10.7
57.22
70.66
65.18
72.16
65.62
66.03
35.47
11.21
39.27
27.48
53.77
62.05
57.77
56.73
55.42
15.29
37.75
24.54
5.39
36.36
41.99
41.91
44.49
42.29
36.24
37.09
12.57
9.141
56.25
54.71
46.84
45.53
54.98
22.78
8.813
29.4
9.429
82.25
80.14
79.19
77.75
79.04
23.54
16.31
34.26
10.41
47.33
50.49
52.52
52.39
49.11
32.72
6.863
1.668
10.14
42.98
44.47
55.52
43.03
43.37
10.65
10.65
12.7
8.774
56.71
57.18
57.74
57.3
57.09
15.71
8.273
24.1
12.01
46.84
52.87
49.7
50.73
50.92
35.78
6.721
17.11
8.326
54.96
51.45
50.19
50.82
51.21
35.77
7.988
15.96
30.38
21.68
34.28
36.51
16.6
14.91
16.19
23.85
24.03
5.814
45.65
38.9
41.64
41.76
38.8
34.11
27.61
35.7
8.024
55.6
38.85
31.31
51.55
38.81
26.48
13.11
17.29
11.24
60.23
61.78
61.15
61.65
62.12
1.527
7.582
23.17
5.298
62.47
53.87
54.42
54.53
54.21
28.73
12.31
24.52
40.31
61.24
67.98
49.17
60.07
57.2
29.11
31.5
9.999
10.87
46.11
47.18
54.52
58.71
46.71
39.54
15.91
34.05
18.34
49.08
53.81
39.43
53.07
52.26
29.17
22.77
28.93
8.092
68.48
57.65
49.85
59.18
58.34
29.79
34.4
2.57
29.33
15.88
32.83
32.85
35.81
15.69
19.55
12.95
17.81
11.01
50.5
55.94
57.76
56.47
54.81
30.49
12.28
21.21
14.05
56.86
57.88
56.8
57.59
56.98
13.09
16.53
17.01
15.43
60.75
62.46
59.31
60.21
59.81
13.03
8.38
15.75
11.24
11.39
16.98
18.73
15.43
17.74
11.91
19.56
10.2
4.008
45.76
45.64
48.2
45.38
45.61
44.62
26.56
34.21
20.38
28.43
50.09
38.55
55.85
49.9
29.38
11.18
28.35
18.77
63.26
65.71
65.37
62.38
61.81
22.03
8.902
33.35
19.8
78.41
79.86
80.7
80.53
78.72
37.73
7.238
25.32
5.987
58.56
61.52
64.57
61.7
61.68
11.98
12.66
11.06
17.51
62.27
65.85
67.85
64.52
64.1
46.99
9.248
35.76
15.52
70.33
59.36
63.85
55.5
56.88
46.45
25.37
34.13
12.1
49.1
41.34
46.03
43.47
38.18
19.54
16.43
19.38
8.866
69.54
65.59
71.81
66.18
65.66
29.53
30.89
3.163
18.19
65.22
69.73
62.37
64.59
64.88
25.47
16.48
20.94
18.39
41.75
36.74
42.71
42.15
38.22
33.32
15.07
32.79
12.82
59.15
64.09
65.99
67.22
65.65
1.961
11.2
1.889e-06
4.766
37.09
37.67
37.07
39.84
37.09
24.74
20.18
17.33
10.6
64.29
66.19
67.74
67.98
66.75
29.99
9.452
52.85
29.33
71.36
44.21
39.64
48.37
47.06
22.16
16.08
3.63
19.2
19.52
49.75
45.33
46.04
48.53
49.1
49.03
18.27
10.37
15.17
7.182
43.4
42.13
40.0
43.34
41.38
21.06
30.08
26.15
19.85
57.3
56.99
61.67
58.04
57.37
2.778
42.78
13.68
9.298
56.57
57.75
57.57
59.81
57.82
32.83
31.65
15.87
8.018
56.52
53.93
53.11
53.34
53.14
37.74
10.48
22.91
8.023
46.92
42.11
32.61
43.45
40.56
16.04
8.635
12.12
5.114
41.77
42.97
39.32
43.7
42.77
18.34
16.66
44.11
10.65
50.22
51.06
52.39
53.59
51.15
39.79
41.17
25.72
15.69
62.51
69.67
69.08
66.42
67.94
29.51
19.73
32.16
17.35
44.92
61.58
57.22
60.78
56.49
19.42
7.943
17.87
18.05
70.66
68.99
66.81
68.07
68.07
28.33
23.38
22.41
6.09
63.67
63.04
59.63
62.86
63.0
17.74
11.04
17.6
5.223
55.73
55.5
53.83
54.87
55.24
46.95
8.544
22.14
12.07
51.3
57.61
56.07
53.56
55.1
1.85
11.92
13.64
15.65
65.61
66.06
65.79
68.35
66.1
17.05
12.55
6.045
14.24
26.2
29.6
23.28
30.31
26.85
1.901
12.77
33.03
5.499
33.71
23.37
21.75
23.3
22.3
28.84
27.34
12.1
9.321
67.21
69.61
69.86
69.54
68.46
11.68
11.23
2.08
15.85
53.3
51.62
51.73
54.01
53.26
20.71
20.86
13.3
34.51
30.47
49.49
36.35
35.74
30.75
51.47
13.98
24.39
21.91
52.96
51.8
65.53
52.76
52.27
26.27
23.87
26.71
12.33
58.35
52.02
52.45
54.42
50.01
12.11
10.81
21.78
10.16
58.72
59.18
59.4
59.27
59.19
32.26
13.35
25.92
21.38
54.46
51.54
61.31
51.85
50.77
39.65
12.41
34.33
12.47
71.81
68.9
64.59
70.36
69.22
30.21
12.86
59.42
17.14
58.81
79.93
82.94
79.01
82.33
42.82
17.38
27.21
5.994
28.17
40.49
52.68
43.23
39.21
11.1
11.26
18.02
14.11
71.67
71.06
69.29
68.4
69.17
20.76
23.82
1.821
11.89
70.88
70.52
70.75
73.03
70.83
12.6
5.756
17.77
14.62
53.62
57.07
56.02
54.21
54.28
15.76
18.48
45.17
5.807
66.11
65.22
68.74
67.07
65.88
23.14
25.09
22.15
13.92
35.39
34.28
40.28
44.49
36.01
11.82
11.94
24.08
12.82
58.99
55.52
55.77
53.93
53.96
21.93
8.89
29.93
19.73
56.83
54.83
62.27
53.64
54.19
1.841
31.94
2.122
10.15
66.18
65.19
66.48
72.8
66.39
20.16
11.04
41.31
50.89
67.91
79.07
60.5
64.65
64.04
31.88
25.1
8.667
20.22
12.06
58.96
59.02
61.48
62.38
61.66
60.12
35.19
4.622
16.5
5.548
41.29
36.36
38.84
37.25
36.52
14.76
22.42
26.45
8.817
63.89
67.33
66.47
65.76
67.46
8.329
13.08
38.66
36.57
58.34
66.74
56.99
59.27
56.4
25.17
7.964
15.92
14.89
65.8
64.96
77.98
65.18
64.46
14.55
4.389
10.28
14.31
63.3
63.67
66.17
63.44
63.73
32.37
46.35
20.24
18.68
70.28
69.69
72.69
78.45
69.44
25.91
30.82
48.05
8.495
71.91
62.2
66.66
65.32
62.19
13.92
4.241
24.01
24.62
36.55
36.34
41.65
38.43
38.46
30.49
37.72
28.44
22.34
63.01
66.09
62.87
59.41
63.79
29.51
39.68
19.75
29.64
49.93
48.68
47.08
53.5
47.75
21.9
15.73
29.02
9.586
52.43
59.81
54.26
61.86
60.55
43.47
25.24
2.342
25.32
52.46
56.57
35.67
53.32
52.0
32.22
32.97
1.442
15.58
70.21
70.82
78.27
76.19
70.3
1.956
9.867
24.68
15.86
24.38
54.49
56.57
54.37
54.74
52.13
54.83
3.276
21.09
38.32
7.104
61.45
63.17
61.93
64.46
62.82
36.54
13.59
20.67
25.66
66.04
61.0
62.54
69.19
66.53
18.71
21.8
49.81
26.0
58.14
48.67
46.05
46.26
45.52
23.84
35.45
38.38
6.811
45.07
49.64
48.84
52.74
50.32
46.13
41.62
25.39
13.08
66.82
65.39
77.59
67.71
65.88
19.81
25.26
34.68
16.65
53.1
58.54
59.76
56.33
55.2
21.49
12.0
21.68
22.71
46.35
48.03
47.57
44.21
41.68
28.35
37.13
39.7
40.53
48.73
48.75
52.48
54.66
40.94
37.54
41.67
20.15
16.84
65.46
68.88
68.42
69.3
69.28
21.1
5.978
19.23
6.832
62.27
59.57
56.31
58.74
59.54
14.49
6.817
12.79
32.69
43.62
41.99
44.11
43.93
43.35
19.71
12.79
2.366
22.79
25.92
22.65
24.95
28.81
26.12
29.72
25.32
17.09
23.23
72.34
69.91
72.03
69.64
66.74
28.26
24.56
30.32
14.39
57.95
55.07
58.58
56.22
54.48
17.47
10.23
1.796
12.49
3.753
71.06
71.71
71.31
71.19
69.97
70.78
55.49
6.881
31.54
10.88
71.18
66.44
53.47
65.93
67.16
4.335
14.7
29.19
12.25
53.12
61.24
59.03
58.85
59.33
11.41
7.717
28.29
11.06
54.33
57.81
57.07
56.2
56.97
10.48
10.55
18.65
14.22
41.56
44.0
41.13
42.54
41.15
31.9
33.2
17.75
2.079
15.1
26.65
28.35
36.91
45.53
32.05
26.52
23.24
7.56
30.46
12.86
68.5
58.05
59.03
57.74
57.33
23.55
22.49
26.8
27.33
56.12
52.93
56.21
54.3
54.49
14.17
11.02
19.37
25.89
32.58
34.75
40.48
42.42
40.4
1.61
5.44
11.62
10.08
66.26
66.69
66.46
66.11
66.4
10.8
15.15
1.782
11.86
68.97
70.46
70.57
69.41
69.52
44.87
13.36
42.7
40.24
67.61
61.68
57.55
70.57
70.24
30.5
23.87
10.97
9.093
68.35
69.35
75.72
71.55
68.28
30.3
20.99
14.6
13.72
52.86
52.32
40.6
50.37
51.17
15.48
10.11
39.94
37.13
74.3
72.63
74.79
74.77
73.2
32.34
13.89
1.839
8.264
65.26
63.38
51.78
67.54
65.35
33.24
17.88
1.595
19.32
64.49
63.55
62.63
65.03
64.26
22.05
16.86
1.457
4.62
31.08
31.92
33.78
27.73
31.49
16.02
6.101
19.1
19.07
56.71
58.64
53.46
56.13
55.6
68.03
89.57
62.63
73.64
79.62
82.15
81.88
76.03
72.2
81.22
81.89
89.32
54.36
56.16
87.19
75.3
72.46
75.21
54.11
76.77
75.74
72.36
50.71
74.77
89.58
80.66
73.3
72.13
77.74
87.08
79.63
75.21
74.11
80.45
83.23
75.93
84.69
75.03
70.17
77.58
82.92
75.78
65.01
83.35
78.51
71.51
85.74
91.73
88.96
76.53
80.04
89.21
81.2
67.0
78.52
86.44
73.61
80.86
68.72
77.58
76.83
71.59
77.16
80.66
91.4
60.63
79.94
80.98
70.03
80.74
60.32
81.36
93.54
67.25
79.56
78.03
78.26
61.03
85.25
69.77
84.47
70.35
80.68
82.41
80.26
92.69
73.53
68.89
86.33
66.77
85.82
84.33
68.16
72.81
71.39
77.39
69.58
84.15
75.91
79.33
89.65
79.84
83.01
68.73
72.85
95.87
80.73
87.02
79.97
55.36
91.17
69.43
75.23
79.21
48.83
73.03
58.83
76.19
70.56
71.78
62.52
64.39
98.57
85.39
73.7
87.8
81.86
90.71
75.0
88.54
80.79
92.9
75.31
68.57
88.98
72.68
61.99
77.85
76.6
84.32
95.69
69.76
66.64
72.24
66.96
76.96
61.78
86.95
65.33
78.77
81.19
79.49
94.64
89.3
86.6
68.45
86.55
70.42
86.79
71.5
75.49
74.61
78.01
83.31
65.2
75.38
83.43
84.22
85.79
76.68
72.86
51.95
79.65
73.36
72.94
102.2
77.9
77.96
63.93
67.78
69.87
84.62
76.32
69.35
82.92
67.36
76.56
84.58
70.91
69.58
72.01
76.94
105.6
66.05
65.0
85.04
94.82
72.4
76.72
84.59
82.48
74.97
65.33
92.51
85.16
79.43
78.37
58.7
60.15
78.3
85.16
76.3
68.85
82.78
96.46
84.47
79.12
81.15
82.13
87.83
74.75
78.78
91.63
64.55
69.08
89.9
86.17
62.56
85.02
78.54
72.6
69.3
84.95
74.65
78.3
80.13
81.22
92.0
85.64
88.61
79.03
