3.995
4.033
3.962
0.0
5.002
0.0
19.21
4.807
3.213
3.61
4.939
2.815
6.476
3.065
5.894
2.139
1.203
13.8
2.394
3.26
4.897
4.981
5.239
7.372
9.473
3.692
3.04
4.545
2.869
3.98
5.96
2.992
3.48
7.924
5.455
3.389
8.952
5.579
4.835
9.359
7.539
6.389
6.522
6.988
4.324
4.661
6.596
5.172
4.191
4.201
4.201
7.261
6.522
9.391
4.925
4.03
6.448
6.604
9.56
4.987
9.928
4.194
3.273
8.163
8.163
4.97
6.202
3.843
10.69
3.564
4.99
8.042
8.33
4.882
6.965
5.179
5.183
7.505
3.943
5.598
3.23
4.89
5.19
12.29
8.051
6.478
9.904
5.693
7.157
9.458
5.944
4.872
5.126
16.42
14.65
17.29
5.187
7.526
8.89
7.849
6.696
7.507
3.831
5.586
3.611
5.657
5.261
5.581
5.414
3.681
4.583
3.501
6.635
8.103
6.33
1.703
5.827
6.598
12.05
8.158
14.94
6.145
6.145
12.73
5.988
3.368
6.692
8.019
5.04
10.9
5.68
10.66
2.901
2.818
10.89
2.345
13.97
8.739
1.916
5.55
9.134
12.8
8.466
18.61
14.35
6.75
8.457
5.116
6.541
3.597
3.813
11.24
2.231
5.828
8.05
16.8
3.489
5.706
11.78
6.856
8.932
14.17
6.659
3.852
5.667
5.185
12.15
11.26
8.943
12.18
7.891
3.228
7.601
6.224
7.407
13.14
8.458
4.366
8.923
6.472
6.82
5.67
6.203
5.315
8.37
5.659
8.14
8.457
13.42
4.069
4.02
9.202
4.991
5.118
7.668
7.674
4.942
10.96
5.42
4.472
22.5
20.18
20.58
6.891
9.703
8.71
12.59
4.078
6.421
13.41
13.73
6.148
6.143
9.708
14.63
9.625
7.536
7.071
7.106
14.29
12.38
17.97
5.623
12.67
16.52
7.777
4.41
15.6
15.22
16.43
2.968
16.58
10.19
5.835
12.96
12.01
16.31
12.99
9.809
7.347
5.472
10.58
9.144
9.698
5.811
6.943
5.014
8.307
2.843
16.09
9.21
11.11
9.458
10.69
4.839
4.165
5.751
4.521
11.29
16.22
7.688
11.67
16.16
8.307
11.01
11.17
3.356
6.063
4.363
5.916
9.443
7.7
6.421
6.842
17.32
12.59
13.17
14.32
5.537
8.423
7.064
5.918
11.95
14.0
16.45
22.56
14.38
6.804
8.177
4.275
3.318
8.273
8.298
14.24
12.35
17.59
7.458
14.93
8.687
5.056
9.069
5.713
6.041
7.238
12.42
8.606
8.177
6.379
12.29
14.05
6.563
7.931
11.18
6.392
4.855
11.02
2.464
7.666
6.248
6.228
8.942
14.11
12.68
12.67
4.891
9.994
12.38
15.05
6.734
9.057
8.777
7.161
12.48
16.38
14.17
12.92
15.34
12.69
5.024
9.403
7.543
13.36
6.324
10.98
14.26
8.171
9.196
10.22
5.016
7.053
10.17
9.613
15.6
15.12
12.87
11.37
7.735
5.774
5.372
8.789
13.35
9.653
13.66
7.687
7.083
15.21
15.91
8.292
4.707
15.04
8.136
16.44
12.08
9.922
9.812
17.21
5.076
7.969
8.877
11.78
11.28
5.598
4.766
7.845
9.05
6.016
12.56
13.82
9.333
7.54
15.43
5.259
6.688
7.2
17.3
13.75
7.504
6.745
7.087
10.7
12.21
9.872
9.079
7.281
13.08
16.34
14.97
9.317
8.534
7.736
9.212
7.342
7.918
4.506
4.439
9.31
11.57
8.488
6.99
5.52
6.705
7.305
9.603
17.72
9.851
6.049
12.58
14.64
5.503
5.966
11.41
8.184
9.091
5.943
5.46
14.02
10.18
7.763
9.862
10.44
6.598
6.351
12.07
4.691
5.67
6.323
11.2
6.983
6.799
10.72
6.752
15.61
9.161
11.11
8.031
17.1
6.515
8.966
12.88
8.171
14.71
10.51
11.22
12.57
12.32
18.73
13.47
10.67
10.34
7.854
10.49
7.892
8.557
9.761
6.086
8.458
7.488
7.161
15.05
9.564
11.69
6.371
6.872
10.7
17.63
3.994
11.63
10.89
12.81
13.93
12.74
10.77
8.42
9.909
4.841
3.328
4.292
4.299
0.0
6.565
4.191
2.188
4.881
5.586
4.119
4.447
5.981
4.981
3.852
6.314
4.981
5.813
2.376
4.514
6.156
4.345
9.473
6.527
7.052
7.052
6.062
6.062
7.052
7.052
5.053
5.39
4.394
2.157
3.157
4.355
3.808
9.987
6.665
8.355
8.169
2.992
9.87
7.849
3.732
6.378
15.2
2.961
6.195
12.79
3.937
5.733
8.765
1.553
5.099
5.834
5.737
6.658
8.316
6.455
2.701
4.768
5.974
4.03
4.412
3.87
6.888
6.33
9.606
7.28
1.676
8.322
4.733
8.411
6.244
7.622
4.678
5.663
4.874
2.452
2.967
5.724
14.29
19.58
12.63
8.277
1.976
8.429
6.834
12.01
8.429
13.2
5.268
4.942
6.396
6.711
9.535
6.452
5.119
6.916
4.872
5.795
33.45
16.42
15.48
9.703
2.907
7.977
12.29
13.86
12.42
12.42
15.51
7.459
8.02
4.219
8.426
5.75
8.564
6.021
5.514
2.805
4.653
7.6
8.131
7.428
6.869
14.46
2.417
5.957
7.486
4.902
3.919
16.43
8.723
9.606
17.38
13.42
3.884
7.049
4.398
11.71
7.045
13.68
5.108
7.972
7.917
7.247
8.934
7.581
3.892
4.44
8.051
6.041
4.63
8.391
9.522
8.251
6.469
7.846
11.39
5.873
7.112
5.046
6.383
3.228
3.092
7.363
15.09
10.79
8.754
6.066
6.455
24.7
1.779
6.577
5.388
7.184
9.862
7.439
10.24
3.869
14.5
11.72
8.434
9.065
13.76
8.377
8.811
7.266
4.634
9.712
6.024
14.8
5.654
7.24
9.917
6.787
3.665
12.21
11.43
8.541
7.808
11.98
11.16
9.372
11.77
7.611
13.87
8.282
6.891
7.723
4.487
9.227
14.66
9.733
10.62
7.144
12.57
4.039
9.911
12.43
12.9
7.227
16.18
8.381
6.236
7.08
15.91
13.73
13.29
12.08
16.27
6.253
5.178
3.41
8.541
7.261
5.811
12.14
8.066
4.744
15.21
15.82
15.94
14.36
2.432
10.5
12.24
15.25
10.4
9.032
6.146
4.243
5.002
5.96
7.914
16.56
5.711
17.25
9.509
12.21
13.18
14.45
5.53
8.616
11.55
5.148
8.429
12.6
13.19
6.967
10.35
11.64
3.74
4.661
5.001
3.892
10.23
10.68
8.398
5.421
6.912
10.48
8.191
5.042
8.017
8.079
11.37
12.84
15.59
11.17
10.74
11.82
5.254
5.822
7.653
8.513
7.685
5.937
6.344
12.68
8.48
8.852
8.282
3.169
16.95
10.74
10.54
5.732
5.622
7.846
5.422
7.526
9.422
11.27
11.42
7.198
11.16
8.347
6.336
6.468
11.89
9.885
13.99
3.966
6.315
12.41
11.58
6.753
5.906
11.37
9.837
12.28
7.623
16.25
5.749
11.67
8.853
5.065
3.677
4.084
8.754
7.317
9.31
11.57
3.838
4.336
9.5
7.728
7.138
19.49
2.321
11.12
11.38
11.26
11.57
7.558
13.56
8.17
11.01
7.101
5.426
7.433
12.07
14.27
11.36
8.009
17.4
16.61
17.33
12.97
16.25
4.776
21.94
12.52
11.41
16.99
5.542
8.591
9.421
13.75
4.872
7.189
8.273
8.178
10.19
7.411
5.061
15.02
4.526
10.83
6.598
13.83
6.094
10.82
9.865
11.4
4.662
9.494
11.74
8.499
7.816
6.255
5.599
6.71
6.802
12.3
16.06
17.23
5.151
13.15
6.826
7.456
11.45
11.54
18.19
11.76
13.3
10.51
12.19
4.374
13.21
10.92
9.256
10.17
16.1
9.1
12.05
6.912
9.671
7.634
13.34
4.254
13.43
15.5
12.44
4.02
8.461
12.69
10.36
4.886
11.65
16.61
4.065
6.937
15.6
16.77
13.0
9.293
9.276
3.395
13.71
11.55
11.96
9.549
14.7
10.63
11.64
6.48
6.597
11.65
4.846
7.892
11.64
11.52
8.021
8.179
13.9
7.663
2.833
10.22
3.485
10.14
5.436
4.74
5.588
8.528
21.35
3.924
4.203
9.924
6.941
4.079
11.51
10.93
9.829
8.399
11.5
14.38
15.78
10.13
10.46
11.28
15.17
11.64
7.753
11.69
9.625
6.41
9.198
11.2
17.05
9.002
15.25
13.79
3.662
4.723
5.554
7.311
5.412
6.69
0.0
5.898
5.794
11.32
2.33
4.761
10.92
5.72
6.08
6.459
11.68
5.271
2.578
5.613
6.835
5.116
4.681
7.068
2.492
5.432
3.284
1.99
7.514
6.709
5.897
5.29
5.786
5.56
5.357
5.291
4.717
7.424
3.327
5.0
6.848
6.474
6.307
4.255
6.816
6.935
5.408
6.109
2.646
3.548
5.018
5.418
4.096
4.42
3.087
4.158
5.964
4.626
4.596
2.718
8.082
7.666
9.455
3.391
2.936
7.678
8.785
5.319
6.484
5.504
2.73
5.488
4.817
6.916
5.358
4.926
5.102
4.99
3.533
6.456
3.995
7.873
4.008
2.924
6.92
4.713
9.812
4.391
4.391
7.723
5.373
7.118
6.981
5.692
7.996
4.534
4.688
3.895
3.127
4.452
9.382
7.733
6.882
4.985
6.867
7.771
2.981
2.124
7.515
6.651
3.059
0.2847
2.605
6.122
5.972
6.442
6.709
0.6533
6.091
5.817
9.622
9.241
6.079
6.164
6.963
7.192
7.369
7.504
5.182
6.151
7.431
3.321
15.38
5.813
5.212
4.896
4.358
1.624
7.839
7.214
15.65
7.728
4.888
16.23
6.262
2.756
5.547
11.14
3.508
7.036
7.053
6.062
10.45
10.2
6.001
2.37
3.307
4.2
8.065
4.78
5.404
4.29
3.71
1.947
3.121
8.011
6.194
4.963
6.211
12.81
4.071
4.296
4.134
5.2
3.741
7.374
6.103
3.257
7.398
7.708
6.281
5.1
4.594
10.95
3.575
13.83
11.84
6.437
8.755
8.219
7.168
8.115
7.805
4.122
4.045
4.526
5.168
6.631
5.81
6.983
2.539
5.161
4.272
7.147
4.968
11.85
9.504
11.32
5.134
5.031
4.922
5.634
5.769
4.705
5.856
5.238
4.218
6.298
5.192
11.32
9.94
5.864
4.204
5.252
6.704
4.86
4.797
3.859
7.163
7.566
5.531
6.092
7.282
5.073
3.869
5.86
6.474
4.147
5.861
7.486
9.18
6.133
9.04
5.62
9.012
4.69
4.923
3.393
3.747
3.951
9.288
2.227
7.996
2.004
1.913
7.295
4.623
8.485
2.434
2.91
4.319
6.372
3.603
13.57
4.622
10.95
2.943
6.536
7.206
7.013
6.487
7.061
6.404
6.827
8.23
3.375
3.983
3.978
4.537
9.944
5.386
7.753
5.482
5.166
2.014
5.995
3.834
1.75
4.992
9.487
5.227
6.042
3.584
4.818
7.321
2.813
9.98
3.601
2.851
7.498
6.757
6.967
3.891
5.304
6.79
6.967
7.947
3.594
9.08
4.918
2.814
5.116
9.944
5.924
5.429
5.993
3.537
6.484
6.382
4.492
3.537
2.603
8.939
7.262
2.023
8.967
8.053
4.651
2.863
3.201
5.66
5.483
4.968
1.924
7.71
7.221
4.486
4.638
5.755
5.988
2.238
4.205
4.106
2.426
6.96
7.266
5.127
2.896
8.66
10.15
4.601
18.41
2.467
10.32
3.201
6.101
3.201
6.609
3.511
4.278
5.538
6.082
3.606
5.866
6.582
4.068
4.75
5.874
4.646
6.967
2.354
1.633
11.98
4.57
4.936
2.994
5.489
14.86
5.129
7.731
8.599
4.982
10.71
3.417
5.778
12.67
5.782
4.11
5.524
2.619
5.261
2.41
5.339
8.155
3.131
2.435
4.393
8.727
2.495
3.537
6.853
4.426
3.792
3.244
5.864
1.976
3.024
3.159
8.136
2.892
6.7
4.685
5.095
4.518
9.371
5.443
7.472
2.229
2.99
5.363
1.698
5.372
11.24
3.426
5.985
6.71
6.597
7.847
3.893
3.476
11.09
6.461
10.08
2.435
11.84
4.233
3.847
3.918
2.011
4.062
2.715
4.22
3.882
7.38
11.84
5.022
9.883
13.08
4.604
2.614
1.367
3.361
10.36
2.702
5.386
9.006
4.485
2.793
2.379
4.793
6.17
4.925
6.784
3.624
3.0
6.821
2.25
5.054
4.405
2.561
6.934
3.866
2.595
3.248
9.23
4.582
3.9
8.111
4.288
5.846
5.065
9.844
4.512
7.286
5.212
8.312
4.447
3.982
5.482
2.87
7.919
4.066
5.72
8.423
4.886
4.336
4.747
5.243
11.25
3.556
1.973
5.372
6.509
2.161
6.265
4.916
3.447
6.442
4.402
2.392
7.003
3.506
1.977
8.107
8.264
6.216
3.47
3.188
5.391
4.859
6.546
7.269
8.673
5.425
2.095e-08
3.262
3.536
3.09
3.107
4.874
3.297
3.433
4.944
8.917
7.318
6.003
6.185
3.738
1.379
7.983
2.446
9.603
5.127
3.329
6.183
2.384
6.2
3.44
6.256
5.163
4.263
2.04
13.34
6.336
4.488
2.484
5.569
3.119
4.321
7.602
4.285
5.768
2.751
2.455
6.566
6.018
3.661
6.97
10.57
6.912
2.131
4.499
5.047
4.537
4.223
5.841
5.173
3.173
16.54
5.334
5.684
10.07
3.178e-07
6.343
6.125
2.579
2.249
6.849
4.494
4.883
3.944
6.391
13.79
3.939
5.562
4.629
10.01
3.474
4.878
7.945
5.095
8.26
6.448
7.454
4.118
4.726
4.468
3.024
3.001e-07
7.137
4.75
5.767
2.274
2.48
1.396
7.038
5.928
4.387
7.234
5.224
5.684
6.551
5.194
3.42
4.278
8.25
4.435
4.009
3.586
5.115
10.3
3.298
7.986
2.687
5.713
2.979
6.542
5.851
3.333
3.217
7.943
3.988
3.674
3.022
4.252
3.267
6.258
6.384
7.2
3.745
5.059
7.072
3.914
5.53
4.142
1.512
4.919
5.794
2.602
4.265
5.428
7.764
7.534
6.361
8.779
3.024
4.174
6.1
3.589
4.071
5.044
3.385
4.829
6.522
8.198
1.871
5.277
6.933
2.452
6.148
2.026
5.158
1.505
1.999
5.672
6.553
2.877
7.769
5.249
6.834
4.266
3.225
10.12
9.304
4.296
4.839
5.059
6.176
6.152
10.55
6.712
8.273
4.344
2.888
5.157
3.0
5.292
4.599
7.706
4.272
1.996
3.532
28.5
6.748
5.806
5.512
6.415
4.81
10.12
5.319
6.374
1.889
6.619
4.718
5.265
4.017
3.158
3.487
1.665
6.908
8.064
3.512
5.18
4.863
4.847
3.873
5.326
4.661
4.616
5.938
5.819
6.677
4.881
7.899
4.806
11.45
4.769
0.673
2.885
2.89
5.79
6.242
6.99
5.341
7.229
4.726
4.043
9.893
5.993
9.212
5.281
4.683
4.968
7.306
4.24
6.996
7.902
5.379
4.502
6.708
6.811
3.536
2.712
5.505
2.792
6.891
5.396
5.308
5.16
12.67
7.051
3.213
4.063
4.758
4.037
3.61
6.224
5.48
2.53
4.184
5.857
6.021
3.501
6.873
4.854
4.46
3.719
7.192
1.706
10.08
5.241
3.797
3.861
4.894
5.042
6.24
8.461
5.648
5.328
5.042
3.506
4.539
5.006
4.785
5.104
2.009
7.395
4.594
2.582
3.051
6.788
7.416
4.597
5.753
5.718
7.631
3.134
3.766
5.319
1.587
5.39
2.129
4.922
1.54
3.376
3.794
6.875
7.175
2.416
3.806
8.891
3.223
5.48
4.015
6.098
4.982
2.759
5.76
7.962
7.669
5.595
5.699
7.759
4.18
4.586
10.8
7.516
9.982
5.396
7.027
3.325
5.506
6.305
2.115
8.046
3.621
3.634
5.994
7.484
4.711
2.555
3.032
4.691
6.451
4.87
2.905
6.816
5.312
4.867
11.06
5.9
7.123
1.87
6.341
4.284
5.003
6.296
3.423
12.05
5.743
5.646
4.86
6.827
2.232
8.225
3.86
5.218
3.301
5.9
3.692
2.543
2.154
14.58
6.116
7.307
5.126
3.629
5.143
5.521
3.613
4.011
5.179
6.354
3.014
5.071
3.689
3.773
2.114
7.177
6.954
3.879
7.747
8.93
4.283
3.875
5.237
2.169
4.616
6.996
14.9
6.136
5.501
6.575
13.82
1.723
8.786
3.629
3.6
5.679
8.148
4.411
6.697
1.622
5.078
11.12
9.253
6.401
5.725
13.12
4.91
3.239
3.499
3.698
5.421
1.57
5.307
7.67
8.387
4.375
5.66
8.0
12.06
3.519
3.506
3.668
4.645
6.364
6.315
4.928
1.813
6.018
1.916
10.68
9.678
4.271
7.538
4.749
19.96
2.535
2.855
7.036
2.445
4.249
6.416
5.544
4.494
5.911
6.809
8.112
5.155
3.073
11.44
5.366
6.635
5.139
5.09
3.62
6.376
4.936
3.913
4.785
5.259
7.542
3.757
2.663
3.23
0.0
16.78
10.82
2.872
13.42
8.472
0.7477
3.548
5.57
13.46
3.585
8.038
2.168
5.11
6.362
5.271
3.625
23.55
12.96
3.616
9.413
3.718
2.62
4.12
17.01
5.272
0.0
8.126
5.309
1.95
4.878
0.8572
9.56
15.2
3.179
22.79
4.965
6.879
8.439
3.69
7.039
2.168
2.484
13.48
3.987
10.79
3.31
0.0
6.597
5.065
0.0
4.3
0.0
8.273
8.338
2.293
0.0
2.408
5.133
2.887
10.54
4.6
4.19
9.894
5.559
0.0
6.558
2.184
1.651
3.853
0.0
8.246
6.049
0.0
13.64
14.82
2.256
4.279
3.691
7.587
7.672
6.319
0.0
3.9
6.322
0.0
2.985
5.644
0.0
23.28
4.802
4.957
4.48
3.203
3.342
6.673
23.97
2.4
4.165
7.898
6.694
4.994
11.77
0.0
3.143
6.094
3.528
0.0
7.039
7.039
0.0
3.8
3.968
1.425
4.377
4.316
0.9675
7.027
9.687
0.0
9.514
3.087
4.574
3.583
12.05
3.022
2.685
7.061
3.016
4.851
4.924
2.924
5.099
0.0
3.996
5.999
6.696
12.32
8.05
2.818
7.515
12.09
3.171
3.249
3.227
4.416
5.806
10.82
3.312
1.785
1.0
3.623
6.817
6.285
0.0
7.234
4.818
3.736
6.703
0.0
2.29
6.026
5.534
7.596
2.499
3.066
3.98
4.806
10.9
3.549
6.244
5.182
5.57
3.188
5.614
12.37
5.506
3.073
0.0
4.623
7.612
15.24
2.328
1.794
0.0
12.86
0.0
9.854
7.838
5.302
2.717
4.426
1.659
1.128
6.13
2.421
0.0
7.125
3.299
3.183
2.372
4.52
0.8572
4.88
8.536
0.0
9.401
13.48
2.296
0.0
4.709
3.354
5.616
8.893
3.623
4.092
2.303
2.163
5.272
6.629
2.632
3.276
3.133
0.7477
9.58
2.556
0.0
3.798
3.046
2.717
5.159
10.25
4.471
9.333
12.34
6.402
4.128
3.853
5.974
12.23
6.007
3.05
7.039
5.053
1.279
5.97
45.64
6.603
5.272
3.74
1.622
11.92
2.15
2.947
4.544
0.0
9.38
7.315
0.9762
3.317
7.134
0.9714
3.624
2.059
16.34
7.598
2.806
0.0
24.18
3.182
3.623
4.957
3.107
4.727
5.04
2.262
5.12
1.343
10.25
3.494
3.617
4.111
0.0
3.414
1.017
0.0
5.876
2.4
0.0
8.387
4.56
3.291
3.965
5.481
3.022
8.705
7.527
2.231
4.568
6.386
6.322
3.879
10.49
5.44
5.181
8.873
0.0
5.472
7.315
5.177
4.661
0.0
0.0
6.868
2.697
22.96
22.27
10.49
16.64
9.317
13.14
6.332
1.669
1.06
9.514
6.433
7.11
4.713
0.0
3.362
4.02
2.531
33.93
5.112
1.769
4.661
2.306
2.986
2.324
13.03
7.506
2.764
0.0
1.914
12.96
0.5954
4.024
16.92
2.809
0.0
5.954
3.992
0.0
4.163
8.735
3.718
4.091
4.708
0.0
6.538
3.133
2.902
6.516
3.727
1.253
6.704
10.49
2.587
6.886
3.074
5.564
3.559
4.171
3.039
2.938
4.736
4.727
3.795
7.959
2.198
6.373
0.9922
7.596
9.193
1.317
3.123
8.557
6.58
2.837
4.226
0.6714
3.034
4.661
3.133
3.626
12.86
5.855
3.736
13.52
2.262
7.596
5.174
6.748
28.03
9.99
16.39
4.128
4.539
2.773
0.0
6.341
2.928
2.356
3.77
8.761
6.875
3.923
0.0
4.778
5.676
11.75
1.318
12.37
0.6937
3.022
9.036
3.757
4.346
4.699
5.342
5.062
3.679
6.956
5.483
2.312
1.15
1.054
5.196
5.63
10.33
1.793
1.757
2.938
3.827
3.82
2.048
1.354
1.247
6.142
4.504
2.359
3.351
0.8941
2.695
3.95
1.278
2.532
1.303
2.256
1.506
2.888
1.573
2.078
2.679
2.139
2.472
7.272
2.252
3.149
5.16
3.063
4.097
2.36
2.803
6.411
4.8
1.349
5.453
2.232
3.393
2.89
4.44
1.099
2.469
1.258
0.5262
0.6084
6.982
2.612
1.898
1.591
1.438
3.343
1.357
1.833
1.479
5.595
3.904
2.415
1.25
6.153
5.034
3.202
4.915
0.5581
1.228
1.913
2.949
1.41
1.204
0.7051
6.113
3.962
2.669
3.661
1.966
3.912
2.137
4.203
5.073
1.996
2.863
4.304
2.672
2.858
3.622
1.729
1.654
1.213
3.033
0.8515
5.663
1.776
2.715
5.097
6.123
1.57
1.708
6.504
2.465
6.436
3.215
2.804
4.06
4.595
1.409
3.507
2.507
2.28
2.909
0.9108
5.391
4.829
2.63
2.591
2.847
2.743
3.975
4.014
2.72
5.062
1.741
2.553
2.94
4.068
1.773
3.58
5.696
3.073
0.6906
2.78
1.458
3.094
1.262
1.842
5.633
2.212
4.221
1.695
2.894
1.782
3.854
3.658
2.621
2.686
2.841
1.943
5.196
1.848
5.223
2.329
2.289
4.554
2.485
2.114
1.531
6.411
3.711
2.092
1.729
1.324
5.255
4.675
2.155
1.496
2.619
1.503
1.967
1.513
1.906
4.058
2.513
3.052
4.67
1.769
1.298
6.439
2.848
1.893
2.648
1.351
1.571
2.359
1.964
1.176
2.144
1.9
4.109
2.197
1.895
0.6287
2.347
1.714
3.591
2.89
3.476
4.35
0.8424
6.106
4.419
1.995
1.798
18.69
2.386
3.517
1.246
5.899
3.024
4.501e-07
0.997
3.03
5.061
3.925
11.46
2.03
2.735
1.171
5.086
3.297
3.079
1.428
6.837
4.923
2.493
9.41
3.625
2.534
1.38
3.041
5.403
2.535
2.759
2.216
4.271
3.253
3.533
2.33
4.292
4.397
4.634
2.002
1.305
5.165
3.469
1.851
1.499
2.231
2.726
2.712
9.461
5.492
2.998
2.42
3.747
6.015
5.896
7.635
3.181
3.79
2.453
5.297
3.997
4.926
3.358
3.353
3.088
2.583
4.038
2.98
2.309
5.361
2.785
3.547
3.794
1.665
3.111
4.175
3.814
11.79
2.915
1.517
3.302
4.634
1.632
1.467
4.447
2.231
5.958
2.788
2.291
2.208
3.029
1.323
4.367
3.471
3.738
4.512
3.136
0.9281
3.19
3.27
2.397
1.534
2.243
3.299
8.242
1.39
2.68
1.549
0.1568
4.119
4.919
3.556
1.769
4.945
2.071
2.639
2.381
1.498
2.664
1.833
2.676
2.708
3.759
10.06
2.725
1.632
1.687
2.914
1.409
4.076
4.36
1.712
5.424
4.324
4.206
2.545
1.556
3.123
2.54
2.108
3.689
1.67
4.351
2.14
1.905
1.791
1.036
0.8115
4.505
3.584
7.203
1.07
1.309
6.162
1.197
1.08
2.682
4.262
1.521
6.015
3.331
3.473
2.539
5.846
2.136
1.772
1.616
4.01
0.9302
2.652
2.26
1.646
3.465
2.452
6.887
2.185
6.833
2.659
1.343
1.822
2.335
4.616
3.351
1.816
1.723
7.509
1.517
3.487
1.998
2.397
2.053
3.489
3.894
1.52
1.965
2.582
3.919
4.456
2.812
2.796
1.562
2.677
3.068
4.441
0.911
2.562
1.625
2.72
3.392
2.148
4.625
1.181
8.413
4.041
1.927
3.199
2.834
6.405
1.052
1.986
0.9549
1.917
6.176
1.807
4.772
4.364
8.184
2.662
1.853
8.877
35.46
7.973
7.142
1.251
1.987
6.567
1.564
4.786
4.443
2.657
1.526
3.542
7.303
5.86
1.661
2.423
4.006
4.847
6.059
0.5455
1.532
2.496
1.246
4.484
5.929
2.824
2.705
1.954
1.03
2.184
2.087
1.165
2.719
2.348
3.649
1.585
2.125
2.704
6.426
3.462
5.059
1.283
5.361
2.67
3.006
1.579
2.357
1.953
2.509
1.421
4.119
5.704
1.998
2.56
3.777
7.267
3.335
1.603
2.31
5.888
3.006
2.538
2.471
3.982
3.718
1.462
3.147
2.74
5.578
2.839
1.745
1.894
1.39
1.082
0.8239
7.591
2.002
4.145
1.426
1.883
3.481
1.954
2.061
4.647
0.8079
4.2
4.107
1.48
3.905
15.35
2.042
2.776
1.867
1.62
3.303
2.376
1.882
5.453
3.259
2.267
2.214
1.095
1.78
3.106
3.711
2.289
2.31
2.034
2.319
2.271
4.728
4.691
0.8461
1.827
1.278
1.375
3.379
1.614
1.958
2.479
10.46
0.8378
1.526
5.292
2.184
1.961
2.87
1.707
2.886
1.183
1.215
1.644
4.505
2.625
2.66
1.027
9.887
2.263
2.096
5.217
4.255
3.534
3.409
1.385
1.885
7.567
2.32
1.359
2.222
7.75
3.245
3.462
1.415
3.507
5.463
4.09
2.772
1.172
5.266
2.919
1.68
5.647
2.333
1.579
6.141
1.33
1.345
2.66
2.965
5.004
1.731
1.063
0.9651
2.793
4.45
5.466
4.958
4.22
1.734
1.587
1.651
2.088
1.303
5.557
3.009
2.267
1.254
5.083
2.794
3.25
0.8833
5.922
1.512
2.577
5.657
4.441
4.242
2.654
3.17
1.189
7.22
4.93
8.376
1.55
5.83
3.733
3.359
2.879
1.803
1.9
2.345
3.438
0.8167
1.824
6.538
2.612
1.324
3.468
4.554
4.302
0.915
3.744
3.171
2.089
2.916
1.73
1.605
3.617
0.6426
1.059
0.8631
1.481
2.113
8.003
6.371
2.135
4.091
1.871
1.521
2.953
1.164
1.863
1.924
5.092
3.454
0.9239
6.021
8.724
2.753
3.852
3.194
0.9524
1.977
5.471
3.408
1.145
2.046
3.651
4.806
2.367
5.509
2.38
1.891
3.192
1.778
3.777
6.25
3.284
1.446
1.748
2.221
6.001
5.991
1.641
0.5398
4.848
7.232
2.025
0.9534
4.9
1.827
5.002
3.721
6.666
3.26
3.229
5.614
5.421
1.073
2.608
3.448
2.578
3.341
1.654
2.472
2.545
3.432
2.856
4.212
6.185
5.162
1.968
1.448
6.002
2.157
12.05
2.99
11.18
3.377
2.661
2.934
2.351
1.489
5.358
2.352
9.298
2.094
3.023
2.748
5.21
3.505
1.768
4.129
4.081
1.387
3.211
1.868
7.188
2.101
1.484
4.786
4.884
4.884
2.399
1.07
1.519
4.746
5.322
3.311
6.835
1.621
3.641
1.974
0.0
2.81
2.612
2.383
1.483
3.66
6.903
3.481
5.253
2.477
2.969
4.492
4.321
1.438
1.211
1.959
9.539
2.055
3.023
2.163
1.696
2.961
4.985
1.503
1.618
2.59
6.399
3.59
6.554
1.508
2.439
4.197
2.95
2.425
3.892
1.799
2.215
2.509
1.92
2.518
2.254
2.261
3.008
4.947
4.146
2.21
1.881
5.116
1.261
6.131
6.109
5.518
5.136
2.501
1.904
3.517
2.128
1.77
4.292
3.549
3.37
5.16
3.258
4.301
4.905
2.257
1.627
3.134
2.623
1.703
1.998
2.897
10.63
4.285
4.722
2.193
1.995
1.152
1.817
1.934
2.414
2.82
3.846
1.562
0.9229
2.53
1.63
3.294
1.962
1.432
4.171
3.816
3.494
2.504
5.524
2.351
1.3
2.231
1.179
5.698
2.076
2.281
1.025
1.81
0.9457
3.616
2.949
1.293
9.127
4.081
1.713
4.107
1.039
5.392
2.605
0.9112
2.197
1.733
2.914
1.598
3.804
1.36
1.901
1.996
2.845
2.255
1.677
15.25
2.902
2.156
1.872
5.28
5.754
5.143
1.509
4.423
2.432
5.803
1.365
1.382
0.9928
2.851
5.597
1.87
2.484
1.396
1.994
1.338
5.562
1.859
2.053
1.873
2.471
3.045
3.158
4.123
3.982
6.75
1.502
2.862
1.711
5.191
1.942
6.45
1.721
4.803
2.801
2.571
4.315
3.378
2.31
4.55
1.959
2.105
1.194
2.794
2.456
2.024
0.7442
5.283
2.685
5.494
2.01
4.02
4.216
1.293
0.9132
2.245
4.168
1.804
3.329
5.273
1.359
5.856
2.353
1.21
1.362
1.143
1.724
4.26
1.105
2.496
1.837
1.712
3.788
1.274
5.997
1.119
2.51
2.01
1.711
1.506
6.063
3.451
2.194
1.583
3.818
6.107
4.425
3.645
6.168
4.183
7.885
4.043
9.101
1.69
1.294
1.958
2.497
2.539
1.538
3.118
5.241
2.171
1.731
3.195
1.913
0.56
3.301
2.054
1.705
6.902
1.691
1.515
3.262
2.059
2.472
6.85
3.029
1.727
2.576
2.788
1.224
5.353
9.804
3.238
7.196
2.698
1.475
3.285
1.608
1.614
1.098
1.733
1.597
5.803
8.536
1.986
2.609
5.326
2.328
3.805
3.323
1.824
5.685
1.212
1.391
3.536
3.388
3.171
3.245
2.178
5.109
3.069
3.5
1.391
3.251
3.622
1.332
12.14
1.507
11.0
2.147
3.965
2.061
6.484
2.308
3.703
3.947
3.366
2.079
7.518
1.802
3.019
2.774
3.032
1.309
7.773
2.618
2.385
3.54
2.687
1.416
2.979
1.693
2.803
13.96
0.8952
2.191
6.415
2.042
1.883
4.122
9.107
2.611
1.358
3.518
1.286
3.696
6.604
0.6131
1.445
1.987
1.029
1.279
1.16
5.207
3.094
1.648
3.106
2.655
2.746
0.6695
13.3
3.033
3.773
3.017
3.987
1.853
1.757
3.521
2.773
3.563
3.802
1.239
2.068
0.8192
3.205
2.278
5.285
1.439
1.656
10.06
1.853
5.774
1.311
8.614
7.0
1.255
0.9662
2.786
1.793
1.904
3.914
5.627
0.6193
2.164
2.602
1.242
5.768
6.678
1.617
2.251
3.772
8.799
3.713
2.679
0.9821
2.834
1.612
1.408
1.692
6.972
1.264
5.105
2.113
2.702
2.553
1.176
0.8571
6.002
3.8
0.6685
3.299
6.294
3.152
1.763
1.606
9.681
4.487
1.697
1.182
5.31
1.543
2.168
18.92
3.961
1.495
4.009
1.405
1.564
8.582
2.213
1.455
2.285
2.435
1.843
5.485
1.565
1.057
5.621
1.41
4.72
3.711
5.148
2.807
3.663
1.486
1.672
4.265
1.486
1.482
12.4
2.202
1.014
3.088
4.67
1.729
7.551
2.808
0.7045
2.385
1.637
1.126
4.323
2.161
1.846
4.469
4.293
5.012
5.968
3.753
2.194
2.533
1.377
1.058
3.794
11.46
3.034
3.304
3.643
3.136
2.062
0.9452
4.727
5.216
3.911
7.425
1.783
4.567
3.964
2.478
3.136
1.754
2.455
7.424
7.601
1.715
6.576
1.431
2.967
1.787
4.687
1.795
2.446
4.147
5.895
5.619
5.928
1.807
3.251
4.982
7.4
0.9358
1.898
2.313
2.035
1.094
4.241
5.775
2.174
2.118
2.805
0.9608
3.735
4.308
1.916
3.643
5.035
5.726
9.26
2.697
8.415
0.0
7.467
7.779
20.65
10.97
19.28
9.052
16.83
4.301
9.996
14.1
5.256
12.68
0.0
8.072
15.73
12.26
13.26
19.36
10.56
16.61
7.429
7.118
10.74
18.41
16.15
10.38
5.557
5.958
6.976
5.879
10.81
5.03
7.768
5.889
17.02
2.768
11.76
3.457
10.99
21.85
4.433
6.202
14.78
12.49
12.81
21.04
19.36
16.86
22.62
16.09
16.84
13.16
9.503
17.4
8.087
7.283
9.142
5.034
17.14
5.928
0.0
3.138
1.141
14.79
2.563
4.827
5.86
23.01
17.28
13.02
9.413
10.98
2.77
7.083
20.35
9.237
11.95
4.776
13.93
12.72
13.65
11.98
0.0
7.563
11.95
6.574
6.396
8.289
25.92
16.84
7.391
4.375
11.24
4.594
15.22
6.503
3.303
9.579
14.47
12.9
4.805
7.915
7.643
9.024
4.242
2.992
2.315
5.806
9.005
12.93
3.335
20.43
8.716
11.25
5.914
9.24
5.982
0.0
14.98
7.512
2.4
10.74
11.4
3.874
18.0
15.46
14.71
0.0
10.07
7.632
24.64
12.42
17.35
6.398
10.49
10.84
10.65
7.304
3.823
11.51
10.12
15.71
12.53
22.27
15.21
5.992
6.163
4.842
12.47
11.78
5.415
5.684
22.89
15.6
6.881
3.19
2.747
11.61
23.64
4.753
5.798
14.58
8.489
20.46
5.418
12.66
12.35
7.058
21.85
3.52
19.4
15.21
3.795
6.906
17.09
12.8
6.457
26.43
10.55
8.387
9.062
9.236
9.011
6.023
13.03
5.31
7.923
11.75
10.45
8.487
16.02
1.855
8.168
9.503
23.01
0.0
4.56
10.54
6.552
11.45
7.24
8.223
12.87
8.247
11.37
7.703
13.59
10.23
8.808
13.08
10.53
36.19
19.74
8.867
19.15
10.31
8.563
6.17
22.2
18.99
0.0
21.57
7.692
10.28
0.0
4.956
4.778
7.78
20.96
10.49
8.257
5.062
11.28
12.55
21.36
5.922
5.242
14.36
7.814
19.07
4.011
5.589
13.0
7.776
10.27
11.85
24.37
2.812
16.82
11.59
10.41
24.47
11.24
8.947
4.192
4.486
5.002
13.46
3.984
0.0
4.108
0.0
23.8
19.13
14.84
6.853
7.209
7.222
17.72
17.08
5.145
5.804
22.26
14.23
6.197
3.096
10.42
11.75
8.399
29.48
8.036
0.0
8.527
11.32
4.074
7.65
25.46
4.528
8.722
5.014
21.79
7.322
3.644
14.25
20.16
7.552
16.82
21.01
8.545
9.303
5.932
9.046
11.56
2.935
9.108
6.889
21.56
18.41
9.226
5.698
6.759
14.63
0.0
11.85
0.0
1.42
0.0
6.636
11.52
6.379
0.0
7.362
8.739
11.77
9.315
8.728
14.03
3.598
4.956
12.15
0.0
11.9
9.715
11.64
8.587
3.59
29.61
5.016
4.212
5.152
2.382
6.011
15.37
12.14
2.776
12.16
0.0
9.594
6.12
7.351
14.76
5.866
8.21
15.77
7.127
0.0
2.868
9.335
5.191
20.91
23.39
5.888
6.093
12.47
10.84
12.71
7.337
3.034
12.7
23.92
9.063
10.23
4.674
6.355
5.086
9.741
9.68
13.32
7.515
8.094
5.52
26.97
8.425
0.0
11.85
6.649
39.56
11.45
13.63
20.74
22.24
15.68
7.704
5.783
5.675
7.891
22.19
7.817
16.5
8.997
6.901
24.3
14.68
15.52
16.73
3.834
15.47
10.33
5.027
7.162
14.28
19.81
13.61
7.375
12.95
8.462
11.32
15.39
15.83
12.5
7.535
9.179
4.116
20.14
17.59
8.375
7.771
7.108
6.642
4.043
4.216
2.585
7.387
5.439
12.35
9.661
9.241
18.29
10.75
4.579
9.348
3.846
20.1
6.026
12.25
4.832
13.02
12.0
6.622
16.33
8.944
6.765
8.173
9.455
4.656
14.41
6.405
9.834
9.89
3.866
17.26
2.124
14.91
12.26
12.92
8.009
14.54
6.094
8.548
20.4
13.89
10.27
0.0
9.683
10.17
6.176
10.42
9.01
8.669
17.67
0.0
4.956
6.897
7.602
6.151
5.959
7.752
15.85
6.672
9.141
0.0
24.34
20.66
10.71
8.18
5.693
7.041
4.554
1.996
16.43
11.98
9.463
10.92
7.809
10.32
16.41
8.674
5.692
20.02
10.81
8.132
9.65
6.5
5.103
6.968
8.789
14.49
12.55
16.52
6.63
6.39
5.976
7.684
13.57
5.222
18.85
26.25
20.5
8.198
6.691
6.051
6.524
12.87
9.306
8.102
13.51
9.395
12.64
37.31
8.625
0.0
2.831
0.0
6.383
4.818
7.471
5.441
18.88
3.309
7.443
5.316
8.804
6.733
4.634
4.777
15.33
20.21
7.469
6.632
1.704
7.524
8.235
22.3
13.89
9.299
38.61
12.13
9.887
13.32
6.568
4.574
0.0
6.707
0.0
3.889
6.19
4.347
6.95
5.307
6.342
21.14
4.634
3.967
10.79
8.8
13.83
6.218
8.158
3.671
6.588
8.931
3.095
5.649
18.25
23.68
9.907
5.88
13.78
10.3
6.5
12.72
9.246
23.26
0.0
8.787
2.827
22.85
7.893
5.515
4.562
5.04
15.01
7.655
13.26
23.55
13.39
33.18
6.235
5.232
4.918
9.581
3.36
5.318
9.707
9.054
8.686
5.613
7.8
22.72
5.835
10.31
9.244
10.79
5.858
6.392
3.592
3.465
8.463
16.58
7.557
15.45
24.35
2.767
5.936
19.92
10.47
9.37
4.739
10.48
6.2
8.774
7.649
11.26
2.028
17.66
5.183
15.21
7.007
8.46
6.066
8.101
0.0
1.945
0.0
12.42
21.06
15.21
3.111
1.858
0.0
6.831
0.0
17.7
10.75
21.8
2.431
11.15
6.551
10.87
4.668
11.75
4.186
5.783
10.13
7.328
10.38
5.309
10.33
12.96
9.069
7.329
10.21
5.118
18.96
10.7
19.81
3.551
8.672
8.554
21.05
4.434
7.282
25.04
11.33
24.41
21.27
2.924
15.57
4.957
7.18
7.778
4.422
6.254
16.24
7.373
13.28
9.358
23.15
6.276
14.8
22.61
5.412
10.83
7.972
4.543
5.812
7.079
9.137
6.601
20.74
5.448
19.93
3.807
6.38
10.96
2.39
22.57
6.534
19.88
6.623
8.249
2.293
12.6
3.907
3.393
13.82
4.609
6.003
4.679
7.827
8.651
11.78
18.11
10.58
9.063
24.62
17.83
8.486
0.0
5.99
9.273
15.58
22.28
8.318
15.09
3.949
9.957
12.55
3.383
0.0
9.764
10.76
12.6
2.87
7.954
6.131
22.19
14.73
22.2
3.625
8.52
13.23
5.901
6.006
5.454
9.046
3.111
19.57
11.66
11.38
11.62
9.28
7.598
25.1
6.571
7.938
5.533
23.0
11.33
20.44
6.695
6.628
8.195
16.28
8.295
7.275
11.25
2.068
11.53
7.759
20.26
6.351
6.103
23.18
3.629
3.81
24.11
13.51
4.861
7.401
11.78
18.03
6.656
4.994
8.694
8.507
10.16
8.933
24.36
10.11
20.17
6.865
5.668
3.155
10.74
21.43
6.546
10.5
15.79
0.0
7.504
4.106
11.23
7.0
17.16
10.83
6.746
6.44
7.244
17.06
5.764
0.0
17.14
27.34
22.03
14.81
10.33
13.57
8.888
12.98
7.512
5.923
6.754
7.993
11.9
10.81
6.785
13.21
5.241
15.41
8.204
6.884
11.01
5.348
5.197
6.724
9.467
21.01
7.766
5.144
5.134
9.835
0.0
8.476
15.34
6.06
11.47
12.48
11.21
12.67
8.117
12.39
9.953
16.86
5.358
16.37
9.68
5.98
3.091
4.503
3.354
0.0
6.588
5.222
3.903
19.3
3.941
4.159
10.21
1.682
8.247
6.698
3.658
2.429
10.16
2.079
4.608
7.159
5.243
7.534
6.791
13.88
3.406
6.138
4.068
9.667
21.37
16.87
10.83
11.19
8.73
6.446
21.43
5.429
9.995
12.49
0.9257
6.343
4.679
0.0
5.068
4.329
8.129
5.088
15.16
9.745
35.15
9.791
18.43
7.776
8.357
4.75
5.281
10.53
4.843
4.379
5.584
8.855
10.59
5.097
0.0
8.859
13.7
7.691
13.92
3.172
7.029
4.772
9.012
4.936
9.12
14.15
4.968
0.0
5.552
5.324
0.0
0.0
7.931
5.414
15.69
6.173
8.679
6.945
2.636
3.688
5.132
11.6
11.71
11.04
3.984
7.249
10.92
11.62
3.721
8.957
10.2
8.552
9.07
0.0
8.165
20.23
12.99
0.0
9.151
7.772
0.0
0.0
3.706
4.774
16.92
20.15
9.22
13.62
5.233
4.718
10.65
16.45
20.79
20.1
3.732
6.804
7.153
5.938
6.2
6.228
5.698
10.41
15.97
3.311
0.0
13.42
20.18
3.553
10.74
2.394
10.53
8.116
12.97
13.18
8.959
5.068
8.345
6.826
11.94
12.43
6.731
7.899
10.27
2.918
6.322
7.831
13.57
8.463
15.35
17.52
1.615
5.963
23.2
19.46
9.92
9.414
7.314
6.195
9.197
14.53
8.693
3.852
13.24
11.42
5.63
7.452
8.147
5.842
9.642
5.508
7.812
4.485
16.38
3.298
17.77
8.724
0.0
23.1
5.802
11.29
4.273
4.277
11.86
6.565
9.903
3.859
10.67
12.58
4.056
9.627
5.944
6.906
6.584
8.367
4.982
9.203
9.535
12.39
13.06
27.17
0.0
17.88
5.303
8.376
13.16
32.48
5.962
4.241
5.961
10.48
1.893
14.12
8.881
8.974
9.687
12.16
7.167
36.61
10.25
7.802
5.567
6.332
10.34
14.55
5.836
4.318
12.27
9.38
18.59
16.25
20.34
8.936
0.0
0.0
7.777
20.81
20.3
20.84
6.304
13.01
6.529
15.22
14.35
8.817
6.377
0.9486
8.178
10.6
4.253
13.48
8.932
12.15
9.575
24.83
12.85
8.446
30.56
26.56
8.616
5.52
6.37
8.607
6.505
8.196
7.558
9.235
6.56
0.0
11.24
19.28
6.447
2.028
12.94
1.945
11.61
16.67
7.344
9.655
18.47
5.801
7.475
3.109
5.506
5.326
5.154
16.05
8.238
9.411
13.03
7.882
0.0
2.74
12.86
4.466
18.51
3.72
13.59
0.0
4.532
6.388
18.51
9.335
4.456
4.485
14.4
19.38
0.0
5.763
2.694
3.45
0.0
20.17
11.43
6.838
14.05
8.254
6.445
11.85
3.859
3.454
3.201
8.832
12.67
8.612
13.63
16.33
10.65
0.0
14.29
8.336
12.39
7.851
15.22
3.655
11.47
9.007
9.851
12.6
5.322
14.13
12.49
21.47
24.8
13.0
5.74
22.94
20.08
8.286
22.66
31.34
17.58
11.94
4.597
13.0
12.73
0.0
4.126
7.225
9.436
5.454
17.88
11.48
20.15
6.595
4.703
25.91
18.9
4.526
7.312
5.882
14.73
5.09
0.0
4.658
6.829
20.65
22.29
13.23
5.425
10.32
11.55
19.23
18.36
11.49
3.776
20.69
14.48
14.49
28.09
19.33
11.33
6.556
8.396
5.494
0.0
6.406
8.526
8.518
0.0
6.195
8.029
10.26
0.0
5.315
7.849
3.077
19.35
12.56
8.934
11.23
18.79
39.77
12.0
7.499
16.39
5.319
6.273
10.35
3.65
5.385
7.645
9.71
7.2
6.377
13.9
6.732
26.99
48.51
15.03
11.9
24.58
9.192
9.366
15.81
20.65
5.834
0.0
6.699
10.94
11.29
5.809
0.0
15.82
25.01
24.43
5.797
10.74
5.859
7.467
18.46
6.564
7.698
7.932
7.131
19.34
6.438
7.155
16.87
5.293
2.696
7.97
17.22
0.0
0.0
4.636
39.96
0.0
3.385
19.33
7.556
7.155
5.923
6.025
13.37
6.198
6.918
4.866
10.68
11.07
5.398
0.0
11.6
11.12
9.849
0.0
3.032
7.56
20.56
10.16
10.11
8.061
13.13
10.33
18.19
0.0
7.742
4.466
6.667
6.264
5.134
18.54
12.54
6.626
9.134
5.806
8.208
17.73
10.27
5.453
5.247
10.81
7.615
19.54
4.893
3.999
21.78
18.06
25.27
16.52
12.76
22.21
2.861
19.18
5.17
10.94
10.02
6.312
0.0
5.847
6.254
9.64
5.853
12.09
9.218
0.0
18.78
12.56
12.73
15.23
0.0
5.454
7.268
9.425
7.813
4.59
5.322
6.969
11.4
2.228
0.0
9.682
9.863
6.172
21.21
11.86
6.362
4.526
3.898
0.0
17.82
13.3
5.87
0.0
2.566
0.0
5.365
43.65
7.691
5.036
6.061
4.068
1.789
7.061
4.245
14.76
11.28
5.781
20.29
10.53
7.646
7.197
11.7
6.254
6.231
12.7
9.314
11.22
10.21
9.549
10.52
3.347
12.23
0.0
7.725
11.21
8.273
10.46
25.88
5.167
7.921
6.203
40.37
3.412
4.844
12.41
6.754
8.997
8.073
3.344
7.139
5.96
8.613
11.27
14.63
4.021
6.905
10.16
9.824
9.173
3.937
4.39
4.848
0.0
7.344
7.056
8.259
12.92
5.852
5.813
10.47
10.15
6.395
10.09
11.31
12.12
10.65
16.6
5.213
21.66
11.47
23.46
9.11
9.654
12.33
4.901
4.923
8.324
9.631
2.913
12.46
5.623
9.478
5.947
21.07
0.0
11.14
0.0
12.94
18.01
1.468
17.87
19.66
3.241
5.707
7.742
13.45
4.512
0.0
11.13
12.15
7.552
0.0
9.795
16.82
0.0
9.045
14.07
8.085
9.059
9.107
9.66
7.165
15.83
15.16
6.462
9.537
18.36
5.436
12.47
3.01
10.49
6.598
20.35
2.912
4.698
7.024
8.036
9.329
6.225
2.37
20.47
3.372
12.87
4.769
17.08
3.907
6.93
2.606
10.57
11.02
3.877
6.595
11.43
7.327
10.82
12.69
18.55
8.52
5.906
6.243
4.302
20.68
10.82
13.73
5.735
13.59
7.555
8.385
5.09
8.004
0.0
9.908
23.83
7.094
13.82
8.256
3.878
16.25
5.575
23.65
8.91
2.278
18.8
4.036
24.43
7.314
18.62
4.647
5.315
20.33
6.2
3.593
8.476
0.0
4.721
1.527e-07
1.959
8.632
3.989
2.094
6.472
5.033
20.02
3.68
9.592
6.093
21.27
20.82
4.324
7.147
6.289
4.055
5.682
3.189
7.041
8.108
4.284
6.652
4.335
7.379
9.55
5.31
6.07
11.21
5.508
11.88
3.441
8.031
8.345
7.673
9.82
12.93
19.88
4.746
8.422
5.525
8.305
5.182
4.831
5.937
11.28
5.754
20.65
6.857
8.506
6.49
13.58
7.187
6.141
6.101
6.988
8.21
6.271
11.19
9.532
12.7
13.24
40.61
10.24
7.751
8.03
10.62
4.842
9.569
9.507
22.48
8.934
19.82
10.09
5.336
4.298
2.161
3.859
3.481
39.15
12.73
3.93
13.91
3.859
3.967
50.58
3.481
4.672
5.504
5.196
5.95
8.261
9.307
8.05
8.511
29.32
6.195
4.027
5.271
29.16
15.44
5.702
3.836
49.11
14.68
11.24
8.003
26.83
7.353
12.85
14.29
10.81
7.191
8.842
11.16
19.66
6.998
22.22
9.097
16.78
12.88
18.46
17.74
9.89
7.392
7.763
5.943
8.763
9.657
23.59
2.897
13.6
20.8
8.782
6.916
4.393
10.09
9.25
12.38
22.71
13.13
5.074
13.55
6.462
8.753
10.77
9.476
7.114
10.99
11.07
9.367
8.779
10.57
18.9
13.57
12.31
10.16
8.358
12.14
9.4
13.97
7.151
7.95
6.225
7.71
16.67
19.95
16.5
