11.83
9.2
15.84
0.0
16.52
0.0
31.99
15.94
15.51
12.66
19.51
11.75
16.36
11.51
23.17
17.8
7.662
27.87
8.172
4.814
16.71
14.26
12.34
20.41
12.14
13.71
1.811
14.25
9.221
8.16
16.11
2.207
21.75
15.57
14.51
15.29
14.43
9.528
14.71
11.96
16.69
15.64
23.29
17.0
12.31
16.98
22.73
13.89
11.73
12.16
12.16
26.58
16.1
16.74
15.79
16.45
14.72
22.44
18.65
12.14
29.84
15.57
11.39
20.23
20.23
15.26
19.04
14.7
24.46
14.13
14.05
25.93
19.04
16.56
15.42
19.94
12.37
18.73
14.84
19.27
12.74
17.37
11.75
15.97
18.76
15.04
18.34
20.99
17.52
24.36
20.32
14.19
22.2
30.93
22.56
31.83
13.76
17.87
19.65
17.55
12.79
15.24
11.27
18.42
11.9
18.49
15.07
19.0
21.02
17.03
14.35
12.78
20.61
18.94
14.63
8.235
18.42
28.16
40.33
20.6
30.92
15.74
15.74
25.61
15.67
15.2
15.36
20.61
19.09
27.35
15.93
28.45
22.09
11.32
19.5
11.27
19.99
21.78
10.52
17.29
16.56
28.42
8.9
38.52
24.47
14.79
18.56
21.98
24.12
12.48
20.49
22.08
12.67
21.66
18.03
35.82
21.78
19.19
18.53
26.8
16.96
37.69
17.48
16.78
12.44
24.03
29.98
26.91
28.73
33.55
24.06
11.34
23.04
9.14
19.97
30.32
24.19
17.7
20.44
21.53
9.714
20.04
24.89
20.62
13.51
12.57
16.87
34.92
41.72
14.28
18.21
32.9
19.38
20.2
19.28
22.15
16.47
15.35
15.95
12.9
44.72
34.75
28.1
14.83
20.73
26.82
30.96
20.73
23.26
28.69
38.0
18.69
16.15
30.46
32.48
21.35
21.62
25.46
19.4
31.58
20.92
34.03
19.0
29.97
31.39
29.74
19.05
28.06
36.97
32.55
16.54
36.57
32.09
21.03
32.42
34.78
36.46
27.12
30.53
17.44
14.83
16.44
27.95
38.68
21.19
28.97
19.8
13.45
15.3
40.07
28.94
31.84
25.63
27.36
19.52
20.2
22.4
21.75
25.32
33.93
14.67
31.22
39.69
25.22
21.15
26.59
18.33
24.56
21.72
21.0
15.0
21.16
21.85
34.68
35.26
36.86
33.11
39.14
17.47
35.09
28.86
19.28
31.37
36.75
29.36
28.19
19.78
16.8
23.47
19.99
19.06
20.14
19.9
40.38
33.19
27.93
19.42
36.44
19.32
20.83
15.63
22.73
25.97
20.9
32.59
24.04
19.38
25.62
30.18
37.99
23.7
21.4
30.05
29.34
23.15
39.69
15.6
32.81
18.84
19.36
26.9
25.27
29.08
31.41
21.14
25.2
22.61
35.02
24.99
23.86
30.68
32.21
36.16
37.0
35.47
28.5
38.55
25.17
20.95
24.53
22.2
16.2
24.86
34.28
31.9
32.61
34.72
35.01
16.76
27.29
18.83
27.89
26.67
35.71
30.53
40.55
33.05
24.15
20.63
41.7
36.42
31.19
39.77
21.24
27.83
32.86
40.36
31.23
19.72
23.66
29.43
39.11
36.86
22.12
26.4
36.69
19.66
24.05
20.44
22.15
24.93
18.21
21.39
17.63
24.28
37.71
34.0
34.73
24.95
22.16
31.4
23.46
25.58
25.76
37.53
38.34
22.63
23.95
25.82
17.3
41.22
35.13
19.46
30.22
33.15
31.35
36.84
27.0
30.93
30.21
31.13
30.22
21.75
19.38
21.38
26.36
27.3
32.4
27.49
23.82
27.0
30.94
32.55
35.67
31.19
22.82
37.62
42.7
22.14
25.31
34.53
32.66
34.63
27.01
24.42
32.44
20.88
31.11
37.62
36.19
35.15
24.8
29.45
25.0
19.66
33.58
38.45
23.87
25.19
25.89
35.14
35.56
40.69
38.73
22.8
42.38
28.58
28.56
27.67
23.17
36.99
44.1
27.38
37.95
21.37
31.2
17.71
37.78
38.98
43.94
24.73
20.66
27.21
39.41
30.76
31.36
25.87
32.9
34.44
22.49
23.83
18.17
19.41
27.77
22.28
26.79
26.58
35.26
46.62
40.28
35.64
29.55
29.79
31.83
11.2
17.27
12.48
17.43
0.0
15.18
11.73
6.476
14.71
18.42
17.27
9.471
15.84
14.26
13.75
15.24
14.26
16.8
11.33
17.42
13.16
14.51
12.14
18.34
18.6
18.6
16.08
16.08
18.6
18.6
13.67
7.553
15.51
1.366
8.522
10.61
13.75
14.88
14.77
15.57
16.96
2.207
18.12
17.55
11.17
18.42
28.67
2.136
15.11
27.42
9.949
13.2
15.32
8.796
14.82
31.28
15.52
13.72
12.4
17.97
8.457
14.59
17.86
16.45
14.73
16.42
17.52
23.01
22.11
20.12
7.875
22.92
12.61
25.13
13.47
14.36
17.94
21.38
19.08
13.17
9.107
17.26
27.0
43.48
26.32
18.19
15.56
17.71
15.55
18.93
17.71
17.18
17.89
12.71
15.59
14.98
31.87
18.17
12.5
18.66
14.19
24.64
18.62
30.93
29.77
15.14
17.4
15.9
21.43
27.07
33.09
33.09
34.82
18.85
20.47
11.75
17.82
15.85
29.18
12.4
18.35
17.33
19.17
16.0
25.83
19.57
15.65
30.09
15.22
11.68
15.63
13.94
13.52
36.33
14.14
17.17
29.97
20.18
15.56
23.69
12.48
21.85
29.79
28.93
19.6
20.46
18.77
13.08
27.44
19.17
15.33
16.53
18.76
17.12
11.57
19.87
18.89
18.52
18.25
25.09
22.69
13.63
24.7
14.43
25.22
16.66
16.87
16.7
34.02
20.21
25.93
20.75
27.71
31.63
10.94
28.36
23.83
21.71
24.16
20.23
17.15
20.25
31.73
17.82
26.18
18.52
32.73
16.85
16.18
20.57
16.47
35.69
14.09
37.83
15.93
25.96
21.25
23.22
17.61
26.01
22.01
17.47
22.59
32.06
31.68
36.41
27.06
20.88
34.4
19.44
14.83
14.33
14.05
20.04
40.03
24.78
21.79
18.47
27.83
18.08
28.38
39.97
25.7
19.58
36.38
20.25
23.37
25.04
32.94
31.84
38.8
36.64
35.18
24.98
26.6
12.54
22.72
19.43
15.74
25.38
21.49
19.32
37.92
36.9
31.62
28.96
21.61
17.57
35.11
35.34
33.5
31.16
25.04
19.15
19.1
14.19
20.75
31.76
22.43
38.95
20.73
33.46
39.03
32.66
22.38
22.15
27.66
17.36
25.88
42.86
28.59
18.86
25.98
33.09
12.74
20.78
17.43
20.99
30.17
18.95
20.63
27.4
20.91
23.39
18.22
20.27
24.39
20.6
41.22
20.76
37.59
31.44
25.79
29.3
17.02
17.16
33.29
27.65
26.69
20.17
28.12
33.81
22.66
31.89
15.67
16.7
39.07
38.32
20.35
20.26
24.17
23.11
22.83
20.44
26.01
35.4
21.29
16.25
35.67
38.71
28.54
21.91
37.0
24.3
31.88
18.77
21.08
30.29
26.52
25.03
22.76
29.13
39.11
30.89
26.1
33.7
21.29
15.88
32.56
24.11
22.38
22.41
29.55
23.33
16.87
27.8
13.53
22.55
31.03
25.28
24.78
32.15
21.27
42.95
30.19
32.23
31.24
16.57
31.35
18.97
40.59
30.25
17.96
27.44
41.02
37.05
38.88
28.0
41.02
35.8
42.14
25.33
38.38
19.9
37.73
33.71
26.99
39.53
18.81
27.09
28.31
37.22
19.44
22.61
37.85
25.59
30.62
31.05
23.5
31.04
17.23
37.16
25.1
24.16
28.04
28.76
39.5
24.5
16.25
27.47
29.76
22.23
31.03
29.81
27.8
30.27
21.08
23.37
35.01
36.49
25.74
32.73
30.93
28.04
30.28
32.95
39.74
38.29
36.37
29.78
31.09
16.79
38.84
24.59
46.56
32.53
37.83
26.39
37.8
22.65
25.98
27.86
44.05
16.45
38.84
38.63
36.69
24.16
28.14
31.16
35.94
25.39
32.53
36.46
31.14
22.54
36.61
36.0
33.95
38.02
41.34
24.16
33.07
27.75
33.07
24.72
36.35
30.21
30.05
29.89
25.33
36.67
30.15
33.94
39.99
19.89
25.19
25.16
35.36
25.17
20.96
36.57
18.71
24.77
23.41
30.17
34.87
20.41
31.78
27.89
25.1
33.87
22.35
23.6
26.42
25.1
37.02
23.66
23.48
26.11
28.29
27.27
22.05
41.01
42.73
31.61
29.85
28.51
38.64
29.36
30.05
39.72
42.06
29.21
32.37
33.03
14.32
26.97
20.77
18.73
21.27
33.21
0.0
25.7
26.82
12.47
11.78
13.93
34.91
21.57
16.54
24.13
25.27
24.81
26.09
31.39
29.66
29.56
20.8
34.66
18.0
17.44
11.4
15.57
30.86
20.9
30.51
21.3
28.84
22.37
34.94
19.05
16.5
20.21
12.27
18.74
21.18
25.45
24.47
27.9
15.07
25.05
16.91
30.38
19.38
26.41
33.76
29.88
14.27
19.16
16.74
26.9
21.95
13.35
15.16
22.71
39.39
29.56
17.86
15.66
19.78
24.31
25.24
25.45
22.9
18.43
14.17
19.62
27.66
34.04
26.24
26.88
18.35
34.69
25.39
21.31
24.65
27.41
8.955
15.78
38.47
16.08
24.19
2.36
2.36
25.77
18.94
20.58
37.8
22.74
13.38
35.55
27.98
21.03
23.5
27.27
40.02
28.24
15.63
15.92
21.17
27.46
18.4
11.01
46.23
25.59
16.65
2.116
13.39
24.28
26.91
29.65
29.34
4.277
25.9
18.86
25.65
29.26
29.85
23.83
26.38
27.2
27.89
24.08
19.65
15.67
9.867
15.98
29.09
16.42
25.41
21.77
17.91
7.316
38.33
27.77
32.17
33.41
19.16
44.33
34.88
12.06
17.0
39.08
19.21
25.6
21.01
31.36
35.86
24.71
22.18
22.08
18.9
9.12
23.38
7.674
34.63
25.13
16.87
12.17
12.93
15.99
23.8
36.32
27.74
34.85
12.95
12.89
22.05
24.77
15.77
24.5
17.56
12.81
29.8
19.94
24.01
28.52
26.42
28.77
16.37
37.08
27.8
22.17
33.74
26.67
26.35
25.84
36.66
17.27
22.88
23.35
26.31
24.42
30.54
35.28
8.83
45.67
24.19
8.401
21.04
36.08
23.53
12.47
27.75
23.2
16.29
28.82
17.71
24.26
15.98
26.15
25.01
16.1
22.36
47.64
39.59
26.28
25.99
22.22
30.67
16.82
37.54
21.33
24.21
36.91
22.64
16.21
26.88
26.31
24.68
21.26
36.77
19.74
32.43
24.85
33.89
22.22
34.11
21.27
21.04
18.73
26.27
19.8
14.59
19.18
30.51
16.52
31.03
1.981
16.94
24.17
14.36
25.64
11.55
30.37
26.3
21.84
19.19
46.83
22.24
30.32
12.89
8.399
31.87
32.75
31.92
37.47
31.65
30.39
28.65
13.05
17.61
30.1
26.91
25.72
25.89
20.36
22.92
12.39
14.19
25.35
22.36
10.09
20.74
48.85
28.18
20.85
16.86
21.84
24.8
20.58
34.27
28.89
14.59
30.72
21.96
28.91
15.83
27.3
31.74
19.11
34.58
18.6
34.85
19.65
12.8
29.37
26.37
33.91
20.3
33.97
14.22
31.56
19.88
24.43
11.07
14.18
29.62
19.3
17.15
27.72
27.41
20.51
21.26
14.93
24.71
26.13
15.19
7.377
30.12
34.46
27.94
19.76
23.03
27.53
12.7
24.96
19.21
16.13
14.06
34.52
16.1
20.79
29.87
17.68
25.58
27.92
15.92
39.44
14.93
14.08
17.78
32.56
25.61
22.11
27.95
10.91
17.94
21.34
20.81
13.66
6.829
17.41
23.69
24.15
11.47
13.72
33.17
21.3
25.36
14.92
19.47
15.59
39.48
30.06
21.04
35.64
36.48
17.43
22.37
32.31
18.2
20.99
36.17
18.54
16.8
16.2
43.63
21.28
21.09
17.86
20.66
26.72
16.41
16.63
41.5
21.99
10.33
15.34
24.6
10.79
19.99
12.15
21.3
15.34
25.96
26.06
16.44
17.56
30.5
18.63
29.59
10.88
15.44
21.95
8.336
27.12
37.85
14.7
24.25
21.41
30.15
19.81
14.17
11.6
27.13
22.49
28.97
15.23
19.43
20.83
22.32
16.51
11.39
27.98
14.38
19.65
18.71
28.91
44.37
21.08
33.07
25.72
6.924
13.16
8.495
11.37
28.15
12.77
19.65
30.15
26.08
16.0
13.98
28.56
26.99
22.63
22.31
23.54
14.88
22.25
20.11
20.91
23.49
18.33
33.52
16.21
17.52
18.1
37.35
16.63
22.96
22.6
20.88
25.08
30.07
37.8
26.64
27.63
24.68
27.9
21.07
24.81
16.43
11.56
7.314
17.59
9.179
23.27
31.91
19.27
24.89
20.14
33.64
18.19
19.41
24.69
36.64
10.25
27.44
16.2
15.33
34.57
29.26
7.676
23.73
30.43
12.69
34.56
38.18
23.03
14.67
15.34
20.16
32.83
26.09
28.44
38.26
22.7
1.064e-06
15.81
26.99
16.32
11.81
30.47
17.39
16.6
32.26
29.59
13.86
26.59
31.33
14.67
8.513
38.1
26.01
36.24
17.27
13.65
24.41
17.98
28.28
19.17
28.21
28.05
13.67
15.02
35.66
20.37
31.81
26.77
36.46
17.53
12.44
33.79
28.51
26.63
21.86
14.29
21.98
31.06
21.53
12.85
32.38
22.47
14.96
21.0
33.61
16.49
28.33
29.04
35.3
8.519
28.57
20.88
17.13
32.76
1.81e-06
34.74
32.79
12.73
13.42
24.17
23.12
18.46
25.04
17.21
22.42
32.61
21.67
20.73
37.28
15.99
19.6
24.74
16.64
32.27
36.0
29.24
19.0
15.63
23.86
27.58
1.503e-06
27.83
20.39
30.6
15.18
16.53
11.26
29.66
16.34
25.58
46.2
23.93
29.0
24.37
24.32
23.33
32.82
33.58
19.5
16.72
31.32
24.33
27.98
22.21
42.61
12.41
42.63
19.8
37.16
22.28
20.33
23.61
27.3
12.46
30.73
9.24
21.86
13.38
30.93
19.22
36.09
21.71
13.62
33.73
31.79
28.56
15.83
6.516
20.04
28.89
14.86
33.65
26.68
31.32
26.71
39.04
34.95
14.92
13.01
18.94
22.39
13.09
24.12
16.8
16.76
24.4
27.02
14.7
23.23
25.76
12.62
25.28
11.58
24.75
9.997
11.56
29.77
25.69
11.98
36.84
20.84
37.47
15.92
20.65
38.47
39.58
28.43
33.69
21.84
29.92
27.58
18.04
36.08
24.05
21.15
13.32
27.76
18.9
36.74
21.89
41.24
18.72
9.107
26.59
42.23
18.2
34.68
11.4
27.54
33.72
31.05
28.78
23.96
20.41
21.92
16.9
33.97
24.5
17.35
19.98
12.81
21.74
38.0
21.01
12.07
26.81
26.3
20.9
29.27
24.76
27.32
33.75
16.89
31.36
25.42
17.34
31.92
33.61
28.66
5.608
24.86
13.75
25.4
27.77
30.47
30.75
21.05
21.36
23.54
33.52
19.92
30.29
31.07
33.64
34.6
10.98
18.79
35.38
26.98
16.91
23.34
23.13
33.09
16.3
11.93
32.18
4.804
32.33
31.58
35.01
23.72
33.23
23.05
10.51
40.11
26.74
25.05
29.56
29.27
20.07
13.13
22.73
36.32
24.78
15.23
21.42
21.39
24.15
17.76
36.66
9.866
36.6
15.34
32.16
24.85
18.76
30.84
30.96
29.81
17.76
33.17
21.27
14.54
28.08
28.17
26.36
33.64
12.6
11.63
18.57
16.61
21.52
12.54
14.5
13.18
21.41
24.41
27.34
15.03
29.48
24.97
9.101
36.23
17.34
18.47
13.39
22.26
16.42
38.11
21.78
13.92
25.52
31.27
18.61
26.9
33.57
34.4
23.92
8.092
28.17
24.45
36.88
15.2
38.59
20.37
28.69
28.75
28.64
37.21
36.58
19.33
46.33
16.89
21.66
15.71
13.8
20.45
12.41
26.27
24.54
43.57
21.65
20.32
25.96
17.1
28.15
30.64
14.56
18.18
17.31
33.61
15.51
37.97
38.33
11.6
24.0
15.59
17.4
38.95
14.54
24.99
21.49
29.77
25.14
31.56
21.58
15.8
18.9
27.99
15.07
23.84
10.72
30.31
9.221
33.11
25.54
45.76
15.19
22.29
31.01
18.86
22.35
30.2
29.29
32.12
16.79
26.89
21.02
27.08
12.67
31.48
33.4
18.79
27.74
32.46
20.65
20.67
23.17
11.64
27.14
39.54
46.0
25.9
14.46
29.48
25.63
11.52
28.26
13.0
21.26
16.29
32.03
18.38
33.77
9.497
19.85
22.11
28.56
20.85
30.81
29.06
30.35
21.19
20.44
23.62
18.3
9.644
27.76
25.41
19.87
27.0
27.14
34.95
32.01
16.57
23.53
30.76
20.54
25.33
34.1
16.84
9.099
24.03
10.15
37.11
27.22
22.19
14.44
24.87
29.36
15.85
14.67
12.93
11.0
29.23
34.29
17.26
29.24
28.51
36.38
29.45
26.67
19.03
49.98
31.98
29.74
34.17
32.6
18.12
25.31
23.6
31.7
16.02
25.46
24.15
20.44
13.82
25.75
0.0
30.66
36.6
9.821
21.1
13.47
8.137
26.29
17.53
18.84
32.71
26.86
15.24
15.86
18.7
22.94
25.72
10.48
25.06
20.61
27.11
24.44
21.31
21.13
23.55
24.51
0.0
24.08
16.67
15.65
18.75
3.833
25.53
29.66
19.26
22.0
18.41
20.11
16.94
34.91
22.54
15.24
26.54
21.18
22.7
36.06
22.47
0.0
26.67
22.51
0.0
24.82
0.0
26.75
23.92
5.865
0.0
23.91
21.51
18.98
20.84
12.75
15.11
32.51
22.44
0.0
31.35
16.54
18.84
24.63
0.0
28.36
23.74
0.0
22.53
17.2
13.69
27.84
16.46
20.24
19.79
26.35
0.0
12.14
23.9
0.0
26.62
32.71
0.0
44.18
16.87
27.07
19.36
11.93
24.8
23.98
31.65
20.01
22.81
23.51
21.51
13.68
30.09
0.0
17.7
25.61
21.31
0.0
32.92
22.54
0.0
24.32
22.96
14.24
23.57
14.13
1.417
22.34
20.88
0.0
24.86
19.44
13.5
25.84
20.42
13.96
20.7
18.62
9.848
15.87
18.65
21.95
36.87
0.0
28.9
18.58
18.5
24.77
20.73
18.68
13.7
23.18
15.39
25.33
24.91
18.87
40.47
36.6
12.0
17.08
3.49
15.78
10.06
28.02
0.0
23.5
32.13
14.19
20.55
0.0
8.253
27.78
21.26
12.72
25.31
15.95
23.53
17.15
18.91
14.68
23.79
18.2
20.6
25.68
22.63
17.05
29.97
26.0
0.0
12.7
23.73
27.72
10.6
6.57
0.0
26.65
0.0
20.57
34.85
19.29
9.785
25.91
23.95
5.532
15.61
21.34
0.0
25.85
20.58
14.01
20.44
20.56
3.833
26.37
18.31
0.0
20.8
21.18
11.81
0.0
25.84
16.95
32.16
37.27
15.78
26.09
7.808
10.14
24.51
26.83
18.58
22.23
16.26
8.137
22.1
19.18
0.0
29.81
17.48
9.785
24.2
16.43
7.395
29.96
18.42
17.29
17.76
24.63
16.41
22.51
19.1
16.5
32.92
22.24
5.83
17.49
48.5
29.47
24.51
20.26
0.0
19.76
12.14
24.38
6.703
0.0
19.09
32.48
4.466
28.86
29.9
1.767
18.96
14.95
41.53
19.42
21.68
0.0
29.8
19.73
15.78
27.07
20.15
25.69
23.12
11.66
9.426
5.883
16.43
20.96
24.26
24.14
0.0
26.72
3.902
0.0
36.56
20.01
0.0
32.1
19.93
13.69
13.47
17.53
13.96
24.94
32.99
19.44
25.51
17.33
20.14
24.88
19.12
26.1
28.99
11.76
0.0
20.96
32.48
12.11
37.65
0.0
0.0
23.6
23.05
15.2
25.0
19.12
26.5
20.56
18.26
37.65
11.85
5.349
24.86
17.99
46.07
21.24
0.0
28.32
20.26
14.23
23.16
18.46
14.59
37.65
4.819
10.14
27.02
29.67
8.66
22.88
0.0
16.68
36.45
9.263
1.985
34.84
23.09
0.0
24.3
22.6
0.0
29.69
8.645
24.44
24.3
12.55
0.0
30.72
16.26
13.81
36.46
26.67
12.94
32.98
33.97
15.77
30.04
16.23
14.97
28.12
22.05
10.81
21.68
28.38
25.69
24.12
17.76
19.92
17.23
3.571
12.72
17.47
7.339
10.93
26.96
25.34
13.39
24.55
0.0
17.23
37.65
16.26
8.687
26.65
33.1
14.19
41.32
11.66
12.72
18.37
21.98
26.2
28.36
8.319
14.93
25.63
18.27
0.0
35.27
16.93
15.27
34.37
26.15
22.6
24.21
0.0
15.5
27.83
26.65
7.808
21.61
5.19
13.96
31.93
16.96
29.1
2.149
20.27
25.02
22.75
8.456
28.9
24.57
13.75
19.57
19.77
26.77
41.85
23.06
16.19
26.02
22.1
24.11
23.18
15.71
13.79
26.81
27.55
17.53
24.51
16.04
22.92
33.75
15.37
23.97
11.93
18.49
13.44
30.98
14.74
18.83
19.25
20.33
35.49
41.56
15.88
24.86
37.75
28.37
29.02
18.4
25.7
28.96
21.94
26.4
21.11
24.52
31.81
28.81
28.07
14.81
24.61
13.16
8.269
8.425
35.46
19.77
23.32
18.56
20.14
38.87
20.83
15.44
16.36
39.37
36.93
19.75
14.43
29.27
30.21
25.79
42.57
7.827
16.17
22.15
25.51
19.33
13.08
9.165
33.72
29.35
27.51
35.28
17.15
30.46
26.31
23.35
26.15
19.33
23.16
30.97
19.15
25.0
32.51
20.85
16.79
15.55
19.78
11.74
24.82
22.62
20.66
30.37
35.57
20.06
13.31
36.63
19.1
30.81
28.06
22.06
24.89
28.95
21.84
30.6
24.73
23.88
16.23
8.065
26.19
22.99
14.92
18.12
24.16
21.55
34.54
28.38
25.38
24.29
22.04
22.27
22.61
31.69
19.06
26.73
28.3
29.46
7.203
28.89
15.93
21.28
15.52
24.81
23.21
24.5
26.3
20.87
20.47
18.58
22.14
26.38
19.97
24.87
25.14
22.85
27.53
23.4
24.79
28.39
29.11
36.28
27.69
18.0
14.95
37.31
24.65
16.87
20.76
15.88
28.41
36.6
13.4
19.06
19.3
26.06
27.34
17.9
23.96
24.48
18.77
21.06
31.57
15.03
19.73
41.79
25.57
21.91
13.39
21.46
22.02
15.02
22.0
12.63
14.15
25.13
29.55
24.57
25.44
11.89
23.26
20.92
28.92
23.73
26.39
29.14
7.834
23.92
24.47
20.14
18.8
24.68
20.69
32.64
18.28
41.03
23.53
1.643e-06
15.27
12.46
36.72
25.63
26.42
19.08
22.12
16.71
30.1
17.19
27.42
24.66
43.33
30.12
24.09
29.81
32.51
22.07
17.26
25.75
27.73
23.29
21.37
15.84
33.94
29.11
29.61
26.52
35.3
24.45
26.74
19.08
19.01
26.88
28.85
18.92
19.39
28.49
23.84
24.32
36.06
21.21
23.36
26.03
32.15
37.57
26.65
37.05
24.5
25.36
18.12
34.34
22.61
32.83
20.58
24.99
32.62
29.42
29.59
25.48
23.77
36.39
21.39
19.98
22.69
16.95
26.83
26.85
24.97
28.5
25.39
21.03
27.13
28.6
20.14
15.85
20.79
23.31
40.83
31.81
22.43
15.76
24.76
17.03
26.57
38.96
33.55
30.77
29.85
11.73
19.86
23.1
24.79
19.72
20.32
22.04
40.35
20.74
14.61
20.73
2.595e-06
31.24
32.74
33.57
22.87
22.44
18.58
23.68
19.2
18.27
24.69
20.75
23.78
21.71
28.27
44.71
25.1
12.19
21.32
19.88
16.57
20.68
31.3
18.65
30.93
28.68
29.08
31.14
14.46
15.87
24.81
25.92
38.13
15.65
28.56
23.95
25.35
15.85
12.9
9.705
20.08
31.05
34.83
19.71
16.25
25.14
11.27
19.44
29.46
32.72
17.97
26.18
17.18
24.26
17.99
37.12
31.88
16.26
31.01
24.23
8.733
31.18
30.69
22.9
28.42
14.94
37.88
22.19
43.46
22.83
11.48
22.51
23.43
29.46
24.44
18.71
10.71
40.22
16.13
27.36
21.58
24.23
21.68
30.99
21.76
21.15
23.11
28.78
21.49
24.41
21.62
21.98
19.65
19.11
14.24
22.56
13.84
23.26
14.13
19.27
23.27
19.25
29.28
18.56
27.02
25.97
21.12
22.35
31.6
37.41
16.58
23.92
10.74
30.55
34.76
10.91
26.86
31.52
28.77
29.48
21.84
28.45
36.77
37.04
33.96
17.29
18.34
41.9
12.5
31.62
29.08
18.72
17.65
17.43
35.34
41.0
16.45
12.66
21.12
24.6
37.08
8.563
22.62
24.43
7.556
13.2
21.06
17.83
22.42
17.45
13.38
16.59
29.64
21.23
27.17
23.75
19.58
18.21
30.06
27.29
34.24
23.66
20.46
18.37
29.33
22.11
18.43
15.73
20.36
16.53
21.57
12.24
21.65
25.49
14.04
26.56
27.44
35.86
27.36
25.98
18.27
28.77
22.12
22.92
17.96
26.55
29.54
23.71
24.15
25.05
28.28
29.36
22.25
21.92
19.69
15.94
3.756
25.66
23.3
23.53
13.53
25.45
27.67
19.76
25.17
26.27
12.07
27.52
32.17
16.79
25.57
52.1
24.54
18.84
28.14
17.47
26.07
24.12
16.36
29.05
22.88
23.09
20.95
9.814
21.64
28.33
24.82
27.12
26.12
24.57
34.38
25.44
31.7
37.47
12.97
20.33
18.66
13.46
26.37
23.76
17.23
18.62
42.5
11.36
18.53
32.96
19.85
12.75
25.06
24.14
23.04
11.63
19.14
19.92
27.11
26.29
21.06
16.82
39.19
23.11
22.85
26.4
25.79
28.97
29.78
18.29
22.79
41.83
31.49
18.99
22.66
28.69
18.93
22.83
14.82
24.63
35.86
19.87
16.82
16.84
28.67
24.72
21.15
33.29
27.23
18.27
33.55
19.62
24.33
34.1
37.04
35.39
10.93
12.67
8.445
25.11
31.37
38.35
28.58
40.31
23.77
24.75
25.31
23.58
21.88
21.6
23.74
24.34
17.2
36.4
15.44
27.36
14.05
20.34
22.7
22.79
31.37
21.46
30.75
15.79
19.12
20.66
43.62
31.37
28.39
15.35
37.24
29.09
22.98
22.87
20.83
17.24
18.45
25.04
8.824
22.89
25.43
30.59
22.16
17.2
22.36
31.9
10.24
24.74
34.94
24.44
25.01
30.24
17.75
29.45
8.93
14.64
8.907
14.65
21.38
32.19
44.73
27.69
23.05
19.89
17.97
26.42
15.85
12.86
22.65
17.59
30.94
9.968
29.74
33.9
24.05
26.74
26.69
12.09
26.07
30.62
28.83
14.14
20.61
26.43
21.33
22.5
33.97
19.72
16.41
17.55
12.13
30.48
26.26
34.92
14.85
17.01
26.08
33.45
34.42
10.71
11.12
25.29
37.86
16.59
13.8
31.13
19.46
21.8
22.2
28.02
22.63
19.26
27.81
29.35
17.11
23.31
20.69
20.66
16.6
14.68
22.77
19.24
21.59
18.16
19.59
33.03
20.77
17.34
14.85
25.24
27.16
21.83
27.55
21.08
16.49
29.97
19.17
21.66
15.55
34.44
22.46
33.32
16.17
29.44
17.73
23.0
25.32
20.62
30.93
10.59
17.48
28.82
16.16
44.21
23.23
17.83
29.22
24.88
28.67
26.82
12.27
11.56
25.97
32.62
25.68
36.64
22.98
14.33
27.25
0.0
32.2
27.96
21.08
20.58
23.01
31.5
18.97
27.5
17.67
28.87
34.84
26.17
17.67
15.75
15.65
31.41
16.13
21.47
17.33
13.72
17.01
28.93
17.15
18.37
22.89
27.02
19.2
33.85
15.63
26.02
27.92
23.55
29.33
31.7
21.88
22.72
17.57
18.37
23.93
30.91
19.79
23.11
27.21
15.38
29.79
15.34
31.88
19.97
41.62
36.02
41.76
16.03
23.47
22.77
24.46
12.64
21.34
35.3
31.15
35.35
26.98
24.37
46.28
25.63
17.15
23.24
32.97
17.48
22.16
23.12
28.73
42.04
32.19
16.72
23.67
9.904
11.4
14.05
24.28
21.41
22.06
26.32
21.83
17.89
32.1
21.92
9.174
21.93
21.05
28.73
23.38
23.0
23.26
29.08
23.62
21.99
22.61
15.16
29.6
26.32
28.92
13.18
19.24
11.81
26.7
28.55
12.34
42.23
22.27
17.13
26.94
15.38
27.09
23.45
17.27
19.43
23.78
28.15
19.21
23.1
19.12
22.86
16.0
24.52
25.15
21.33
37.65
23.91
24.26
23.58
36.17
35.15
30.94
18.45
26.81
17.49
30.32
15.21
13.61
14.99
28.52
28.71
16.55
15.28
11.85
17.08
18.92
31.91
24.59
25.62
17.63
23.7
17.21
17.9
19.53
31.39
36.73
13.98
24.02
23.83
37.26
14.11
35.04
18.05
23.04
18.47
21.75
35.0
25.13
24.61
30.0
15.01
21.49
15.01
20.73
22.29
16.97
5.139
28.94
16.41
31.61
18.81
33.51
29.75
17.29
14.35
24.2
25.17
23.91
25.88
32.91
15.38
23.42
17.29
14.68
14.98
16.81
14.29
20.93
20.16
27.65
16.43
15.11
20.81
10.14
29.87
13.09
21.11
18.29
21.63
16.5
37.64
27.32
22.32
17.0
24.33
39.23
17.98
20.54
29.28
11.86
23.31
19.23
14.97
16.27
21.16
19.71
14.73
27.31
26.56
21.57
25.58
19.11
12.06
34.18
19.94
8.734
38.63
18.2
16.02
13.96
22.08
11.69
29.05
19.94
7.971
24.76
20.25
13.34
25.75
21.09
20.83
22.52
24.55
19.03
40.52
22.5
12.82
25.45
21.19
17.29
22.84
19.6
11.44
29.02
26.59
13.32
28.64
24.41
12.06
23.99
22.22
11.1
32.72
16.66
11.31
32.59
25.39
19.36
24.53
18.16
15.32
24.18
20.49
11.31
23.85
30.13
18.09
28.5
19.45
24.81
25.77
20.25
13.04
26.93
15.84
16.18
31.13
20.83
11.3
10.72
19.21
15.46
28.77
22.67
19.92
26.98
19.1
12.82
23.9
21.44
9.954
31.14
18.28
22.23
19.44
13.3
10.38
42.27
20.48
11.45
27.06
30.05
13.75
21.29
27.13
15.23
28.88
19.76
12.05
19.42
26.05
13.58
20.96
17.54
19.02
31.12
18.38
15.93
28.78
16.5
8.77
37.46
22.49
25.3
24.07
21.02
21.28
24.33
17.4
13.19
37.73
14.28
18.64
35.58
16.5
24.79
34.64
30.53
17.48
27.51
34.92
18.65
28.49
18.55
24.82
31.73
20.25
16.0
29.03
14.4
17.98
20.54
25.47
11.33
22.26
27.73
10.85
29.95
22.76
14.65
28.63
20.57
21.29
35.82
19.96
16.99
21.46
21.8
20.42
20.61
18.84
12.14
39.67
17.19
19.49
24.18
24.22
18.03
27.1
21.75
10.81
34.36
20.68
19.4
22.79
12.14
15.78
20.36
19.95
14.04
32.11
20.05
12.06
46.66
25.67
11.02
28.43
24.75
16.01
39.63
20.41
12.58
27.77
20.73
17.36
25.67
19.08
7.318
26.54
16.94
9.526
27.49
13.36
15.04
29.74
20.18
13.67
37.22
17.15
10.49
29.34
13.7
8.928
32.68
16.34
14.09
38.39
20.82
9.377
20.7
18.46
18.71
29.62
24.46
31.93
17.61
25.58
22.12
30.56
33.7
15.63
17.72
19.1
12.1
36.67
35.23
37.38
22.74
30.73
26.18
21.1
22.36
19.46
23.74
25.52
28.89
31.32
23.92
28.91
17.44
23.22
16.04
31.88
26.77
36.48
21.52
36.04
17.01
25.44
18.23
26.45
19.8
32.95
27.68
37.68
25.26
30.55
21.81
30.86
20.02
26.23
19.09
20.59
19.77
24.57
19.86
27.05
35.83
21.88
22.59
24.62
17.0
21.79
29.73
22.18
17.0
32.3
25.39
36.97
15.29
24.05
0.0
33.21
25.45
41.89
20.2
50.4
35.54
40.54
15.95
35.3
44.04
27.45
43.26
0.0
11.67
30.77
38.0
32.67
35.52
30.47
35.6
26.77
28.47
29.8
42.62
37.65
40.16
22.4
20.84
23.88
15.73
37.23
25.92
23.22
29.54
31.09
8.66
34.4
10.58
39.65
35.95
26.09
18.48
40.42
39.29
40.88
35.43
32.51
41.42
43.24
36.28
39.28
44.52
25.45
23.6
22.63
27.15
30.98
19.02
33.49
25.09
0.0
25.04
1.36
31.55
13.8
20.38
21.41
39.12
36.9
33.42
20.91
30.09
20.31
18.91
37.73
29.24
23.28
18.67
23.87
26.66
40.49
37.02
0.0
19.1
33.17
22.6
31.77
18.58
45.49
25.35
20.58
14.1
46.9
19.83
43.14
31.61
10.8
38.71
39.27
36.42
16.57
33.09
34.84
24.43
19.05
20.02
10.81
12.44
25.78
30.63
23.62
27.02
35.48
34.63
14.01
35.42
26.93
0.0
40.92
25.53
1.661
34.04
26.41
15.56
45.01
36.15
19.92
0.0
36.83
28.46
31.79
23.39
29.48
34.12
34.08
37.88
30.93
27.89
17.26
38.0
37.65
30.58
40.31
43.42
26.88
27.31
21.39
17.94
33.74
35.12
24.93
19.72
45.16
39.76
24.68
7.564
12.51
21.69
42.07
16.24
13.6
44.28
30.73
40.67
21.19
28.44
40.59
24.72
32.99
6.967
40.26
32.99
10.86
19.54
42.26
44.14
18.49
43.51
26.58
15.57
17.18
22.26
33.43
11.11
20.04
12.71
3.097
29.3
32.13
23.56
26.04
1.735
30.68
31.87
35.08
0.0
23.71
34.25
25.6
35.5
29.65
30.78
35.34
28.34
13.08
18.49
41.52
46.06
24.78
33.21
28.74
36.46
20.06
27.15
38.55
22.3
28.61
26.24
39.34
31.59
0.0
35.0
21.65
33.78
0.0
14.22
18.24
25.63
35.14
20.78
18.32
13.31
33.95
27.08
41.82
28.42
19.15
51.65
30.49
39.38
13.1
19.08
34.23
27.56
28.3
26.57
40.49
2.047
14.92
25.02
21.79
37.3
33.57
21.55
16.22
11.28
22.65
28.0
17.1
0.0
23.74
0.0
43.13
41.09
24.13
17.78
29.82
30.37
31.88
34.19
21.97
16.91
35.51
42.42
15.44
18.02
29.1
38.09
24.91
16.25
29.07
0.0
29.94
29.93
5.214
25.65
41.83
23.4
19.62
16.26
49.82
27.22
21.89
27.8
37.5
33.84
39.76
33.14
34.93
35.9
22.34
40.77
38.5
18.54
26.83
33.41
41.42
33.56
33.71
17.39
15.66
39.65
0.0
34.69
0.0
12.69
0.0
21.84
45.3
17.24
0.0
31.43
21.98
28.62
27.23
37.55
39.08
15.63
33.42
30.94
0.0
36.77
35.38
24.25
28.54
17.79
32.42
17.54
13.52
21.16
10.37
21.52
30.38
37.43
12.79
37.09
0.0
26.4
24.31
24.66
35.66
13.88
29.58
40.71
24.25
0.0
14.06
35.47
20.85
41.42
42.54
11.99
21.82
26.77
24.96
31.73
29.91
11.97
35.88
40.82
30.71
39.06
1.717
29.49
25.06
28.61
28.67
45.97
39.31
25.25
25.67
41.72
26.45
0.0
29.61
29.68
33.11
26.54
42.04
32.19
43.77
41.19
29.33
26.74
24.46
17.25
41.17
36.35
25.36
43.26
12.87
33.92
44.95
33.59
44.91
13.8
42.41
36.32
19.03
27.01
27.05
41.19
42.0
26.83
35.41
19.12
20.03
41.08
27.34
30.83
18.83
26.75
20.75
35.95
44.94
31.89
31.86
20.49
30.2
16.93
20.35
2.045
17.66
20.76
38.24
19.35
42.03
37.73
35.62
21.1
36.89
15.85
30.19
22.64
37.63
12.81
37.56
24.08
26.39
31.1
36.59
14.74
26.78
23.7
19.75
35.1
17.76
26.83
25.59
14.76
38.23
8.617
21.92
37.19
26.15
35.08
30.44
25.91
20.74
38.49
45.39
31.03
0.0
26.2
33.94
25.54
30.06
31.26
18.74
39.28
0.0
20.19
26.93
37.35
31.45
21.77
31.12
34.21
18.47
19.8
0.0
19.59
35.43
41.16
27.01
22.46
13.27
18.51
7.686
41.62
34.58
23.64
34.25
25.66
31.91
29.15
28.86
24.47
36.82
37.16
28.45
20.58
21.47
26.47
32.48
24.12
45.88
12.48
33.12
32.51
8.627
16.51
30.17
21.26
18.68
35.94
40.61
30.62
30.97
11.65
28.93
37.13
28.12
31.51
18.89
53.12
30.06
29.57
36.45
37.45
0.0
3.329
0.0
10.98
24.6
28.58
18.78
20.39
14.64
28.18
11.58
29.6
20.15
13.77
14.85
29.88
35.88
24.21
18.11
10.9
30.22
26.66
28.83
41.63
26.35
39.6
34.11
28.27
40.37
18.95
10.84
0.0
20.3
0.0
18.84
7.353
26.45
23.95
20.33
33.59
43.57
18.03
30.55
30.97
30.84
22.32
23.41
23.71
14.32
18.93
22.84
13.71
21.43
29.22
40.12
20.73
24.54
35.58
26.24
32.42
42.8
39.45
38.47
0.0
24.37
17.77
38.66
38.56
18.17
13.94
31.5
36.88
14.11
33.57
44.19
27.25
41.78
14.55
28.28
27.16
35.14
16.08
18.73
12.97
30.13
28.2
20.32
33.32
38.79
31.32
27.73
30.86
41.07
20.84
22.47
17.65
18.64
42.71
34.95
38.41
40.76
41.32
13.81
22.24
37.02
32.31
30.03
15.82
32.29
18.44
27.34
27.3
21.8
34.04
50.96
10.86
24.39
21.87
30.84
25.26
28.43
0.0
6.847
0.0
43.96
43.81
11.56
8.534
18.68
0.0
24.76
0.0
31.98
28.04
32.17
14.45
29.07
27.46
28.42
22.65
27.01
22.95
29.81
34.4
28.2
30.32
22.72
35.7
24.63
33.66
13.57
26.0
14.96
38.44
17.56
41.34
13.8
21.78
32.76
46.31
31.1
15.47
38.48
17.17
45.53
38.73
9.701
30.78
11.91
36.22
29.88
14.18
13.51
30.73
20.76
31.35
24.48
33.26
29.55
28.56
36.43
25.19
28.76
22.78
26.46
10.73
19.92
25.02
27.65
27.9
19.7
39.69
23.09
22.02
31.06
15.38
32.42
29.12
28.67
25.86
19.62
15.02
26.25
17.75
10.14
35.81
26.67
21.67
2.242
30.41
26.59
24.22
34.53
40.07
38.76
35.9
36.36
34.87
0.0
28.5
17.45
47.91
46.1
19.63
26.24
14.17
34.3
44.0
11.66
0.0
34.42
17.2
39.39
11.24
16.42
20.61
37.37
31.23
42.9
10.49
27.0
41.68
29.65
8.919
17.89
30.26
7.334
39.92
34.2
32.69
30.37
11.3
10.61
39.03
38.88
31.9
20.32
47.65
37.99
42.14
27.09
25.73
26.33
42.52
32.97
24.39
40.09
7.239
34.11
29.67
34.17
23.85
17.39
39.02
16.54
18.37
42.17
46.16
24.61
35.2
32.85
28.87
26.96
22.25
21.57
22.22
33.18
34.12
42.31
29.1
48.01
17.34
18.16
21.03
24.95
37.51
32.17
27.52
34.15
0.0
29.85
12.68
30.74
29.68
35.83
47.47
23.55
27.01
25.2
41.73
20.17
0.0
38.95
47.12
35.02
37.15
11.27
26.57
32.3
32.62
31.58
27.25
25.58
24.52
26.8
36.3
30.68
31.7
23.2
34.93
30.01
27.85
25.72
20.5
13.84
19.72
35.0
31.16
38.38
12.62
14.36
31.69
0.0
22.17
41.42
27.67
36.98
46.55
28.72
56.36
26.04
38.51
20.43
43.4
26.28
25.76
46.95
36.71
12.39
18.69
17.25
0.0
31.97
16.32
11.18
44.27
17.51
24.79
31.81
6.148
23.98
32.1
11.56
12.14
28.45
10.74
16.96
31.55
12.87
29.13
19.22
23.85
13.89
24.22
12.53
33.86
38.79
42.27
38.07
24.4
26.36
29.5
32.78
29.91
27.21
31.82
6.171
15.27
2.242
0.0
11.54
13.94
28.64
18.35
48.94
31.34
40.56
25.0
39.87
39.52
32.14
30.93
26.62
25.7
28.67
17.65
20.48
22.67
36.07
26.52
0.0
43.32
43.77
25.75
41.0
11.43
27.17
21.61
36.06
27.88
36.48
37.58
13.02
0.0
14.85
22.03
0.0
0.0
24.68
18.26
25.24
25.69
23.84
32.43
8.631
11.94
20.88
31.63
37.45
22.82
21.39
17.91
32.19
27.42
22.31
36.98
44.62
37.31
31.28
0.0
36.97
43.26
35.06
0.0
38.8
28.36
0.0
0.0
17.81
5.674
26.07
37.81
32.65
39.24
20.87
23.0
32.52
26.71
45.02
41.14
14.94
16.52
17.67
17.89
20.85
31.05
27.72
38.03
21.93
18.35
0.0
29.03
29.42
16.07
37.14
6.733
34.95
27.54
22.66
29.88
29.5
18.6
19.84
28.02
38.81
26.82
26.36
14.06
27.67
15.58
27.22
30.62
49.71
26.86
43.16
26.79
7.62
26.06
41.81
34.89
39.47
23.35
18.68
15.57
27.11
37.37
39.0
20.37
29.23
21.17
11.33
26.07
29.5
28.78
29.28
26.33
17.61
19.58
30.19
14.28
35.07
30.75
0.0
37.03
33.19
36.09
18.91
25.92
39.13
27.28
18.24
10.82
27.85
39.13
12.45
38.09
21.26
23.32
32.08
28.38
9.289
35.08
24.62
34.87
46.51
36.32
0.0
42.36
15.52
22.16
42.33
38.53
25.59
13.14
15.92
27.71
10.02
41.58
23.62
9.326
33.76
34.56
29.27
41.45
32.49
29.24
23.5
28.08
35.76
38.2
17.37
23.86
23.3
40.22
40.89
39.01
39.0
32.73
0.0
0.0
28.59
44.23
40.13
37.49
25.81
36.22
26.15
41.55
38.29
47.43
24.56
16.19
47.14
38.47
16.58
43.56
39.66
25.33
28.42
37.41
37.85
31.96
41.33
37.6
23.71
20.65
21.63
21.27
17.79
22.28
24.41
40.36
34.29
0.0
33.81
34.67
24.87
1.737
31.83
6.847
30.97
42.57
18.73
26.53
30.32
19.42
27.55
23.44
23.08
16.49
19.66
38.2
40.49
30.33
30.22
26.98
0.0
11.62
23.57
15.03
44.3
15.99
36.19
0.0
11.45
22.58
31.03
27.06
29.05
18.49
33.94
40.28
0.0
20.03
10.15
13.14
0.0
43.49
24.94
28.09
43.04
20.49
13.89
26.45
10.82
1.801
13.35
27.16
37.91
34.03
44.36
40.63
39.53
0.0
38.99
40.76
19.27
27.25
44.22
16.53
36.94
39.74
26.41
28.98
14.26
35.13
32.94
32.7
39.63
43.69
22.47
44.57
37.58
30.97
29.4
37.74
31.23
38.64
19.91
32.84
39.05
0.0
14.54
25.82
28.02
20.23
27.65
29.59
44.22
7.858
16.3
44.87
38.81
13.91
30.1
25.32
41.21
14.49
0.0
26.1
25.81
43.73
39.74
39.15
20.22
17.45
36.71
44.59
35.89
26.69
16.45
33.45
43.76
33.97
40.89
42.01
29.5
30.73
33.44
14.17
0.0
36.39
16.64
29.35
0.0
34.15
34.29
21.95
0.0
17.86
40.7
11.87
39.13
21.01
26.64
21.81
40.85
38.14
39.09
14.27
40.58
22.36
21.05
32.18
21.25
18.76
32.74
30.97
24.68
32.36
37.38
24.45
39.96
36.74
37.16
31.16
47.03
19.38
29.2
30.01
33.41
13.16
0.0
14.41
20.18
41.88
28.91
0.0
33.66
33.16
42.76
30.58
33.22
20.76
33.07
30.1
26.52
24.51
24.17
26.23
35.58
44.17
15.81
48.29
21.77
15.13
24.01
36.51
0.0
0.0
21.9
37.22
0.0
6.543
33.61
26.62
29.73
35.19
14.92
42.55
30.31
23.76
16.51
29.25
46.43
21.77
0.0
37.7
33.11
26.63
0.0
7.738
30.05
41.11
28.19
32.9
29.17
37.79
30.44
43.37
0.0
16.15
22.41
21.07
31.34
29.77
33.7
39.76
29.9
32.69
17.32
21.08
50.12
25.75
29.07
19.35
29.99
28.2
36.94
14.99
14.45
43.68
38.2
36.54
42.16
46.63
34.08
9.861
32.43
24.79
28.94
42.43
17.18
0.0
20.38
13.51
39.78
24.37
37.67
44.33
0.0
34.1
32.83
34.11
35.81
0.0
17.89
30.13
34.96
31.92
9.644
14.26
24.24
42.35
11.82
0.0
31.21
26.97
25.62
44.22
14.53
17.21
20.87
15.18
0.0
42.54
30.75
30.98
0.0
10.84
0.0
15.34
35.78
31.97
25.05
19.9
12.53
11.15
26.33
21.27
37.65
21.35
12.06
40.45
30.52
36.23
34.35
42.04
13.51
20.94
29.92
44.49
30.97
35.35
13.31
42.7
14.95
23.78
0.0
23.74
45.76
27.2
31.85
38.57
23.53
21.11
16.9
34.56
11.26
19.83
31.97
20.57
24.44
20.89
11.1
25.37
23.45
37.17
49.22
45.13
16.93
29.05
33.77
36.09
31.34
19.57
20.13
15.22
0.0
20.68
25.51
21.53
48.21
19.18
24.58
41.95
27.4
29.07
43.09
19.98
24.15
26.24
28.19
25.11
35.4
43.87
34.87
40.65
26.58
21.88
21.56
31.05
25.87
29.89
10.74
25.89
19.66
35.74
41.44
29.07
0.0
28.04
0.0
26.2
27.84
1.368
28.34
31.81
23.49
18.32
16.15
32.08
20.08
0.0
37.16
36.64
24.33
0.0
28.35
34.43
0.0
18.86
39.92
34.34
26.38
26.67
35.89
34.2
35.62
40.8
27.41
34.39
33.23
21.71
20.93
9.892
40.28
19.23
43.56
13.97
11.84
24.36
13.93
25.73
20.36
18.09
44.04
12.94
27.07
26.39
44.2
19.16
28.75
12.73
35.02
10.67
12.69
31.76
14.3
25.74
37.55
32.18
36.44
19.9
20.29
27.36
12.38
28.94
34.64
28.53
21.36
44.25
22.47
41.01
22.44
22.87
0.0
38.87
49.08
36.89
38.2
21.62
16.33
48.02
21.48
43.07
35.91
10.54
31.82
16.08
38.52
18.68
36.73
15.54
17.86
44.34
20.85
15.17
26.57
0.0
15.55
1.321e-06
8.335
16.48
23.04
6.267
24.63
18.65
46.92
10.36
30.26
19.25
40.39
27.08
21.26
24.34
19.17
20.89
19.16
14.06
16.5
28.11
21.58
16.6
12.0
19.83
22.07
16.36
22.84
36.15
22.18
29.63
14.92
17.43
31.99
24.23
27.76
34.91
35.0
18.74
25.69
16.32
34.08
31.04
15.25
26.38
34.5
31.86
39.47
36.29
28.6
35.27
39.12
28.94
44.77
33.07
34.01
30.89
30.67
37.76
34.16
23.22
40.52
39.05
49.56
27.41
28.18
27.76
30.22
30.86
32.0
40.23
45.08
44.24
32.89
21.52
27.68
12.61
10.82
16.1
33.85
23.13
18.85
32.72
10.82
14.61
40.89
16.1
17.06
20.75
8.961
9.249
27.01
23.98
22.1
24.68
30.35
21.91
18.44
22.53
38.34
32.69
22.65
18.61
46.05
35.41
27.82
23.31
31.94
23.98
24.12
41.43
25.4
25.11
22.05
25.71
24.0
22.75
31.73
29.33
30.45
36.76
32.76
42.57
36.45
30.61
34.41
25.21
21.58
33.81
39.73
21.29
51.81
44.79
27.51
25.37
19.99
27.69
37.36
35.29
24.05
41.43
4.316
36.94
35.83
25.48
46.28
41.32
30.99
41.71
36.96
31.48
28.89
40.17
45.85
32.78
39.99
40.45
38.21
45.6
35.11
38.0
31.15
32.92
20.19
45.43
40.57
36.75
43.76
