4.226
11.69
7.514
21.77
5.228
9.058
7.483
10.33
10.23
4.563
12.71
12.71
10.11
5.542
13.46
15.75
3.305
12.71
5.6
6.676
5.845
9.03
6.551
16.36
6.147
10.63
8.094
3.323
7.881
3.826
13.88
11.58
11.08
8.345
7.383
5.884
10.06
12.76
5.056
3.625
6.779
2.222
3.42
8.533
3.974
10.76
1.511
3.028
12.91
28.81
9.271
15.05
13.67
4.468
9.668
7.723
17.71
6.828
12.6
7.767
13.81
21.52
11.25
25.25
22.29
20.21
18.98
29.83
26.73
3.07
14.83
2.68
12.18
17.58
7.874
16.51
23.43
11.73
0.0
4.73
21.01
10.11
3.338
19.01
8.142
15.49
14.59
2.654
18.68
9.403
4.456
17.84
2.884
12.23
8.135
8.08
9.419
19.79
14.1
11.32
7.398
13.73
8.494
13.87
9.796
9.796
9.7
9.49
9.729
9.423
8.728
20.92
13.34
16.24
17.07
16.32
14.62
17.44
18.19
18.4
11.1
19.21
18.5
11.17
13.26
3.719
14.96
16.2
11.74
16.35
2.141
13.38
1.105
12.71
12.6
1.664
4.347
11.9
12.52
2.277
0.7842
14.86
29.28
13.85
3.459
13.14
8.884
20.31
3.971
17.06
7.345
7.284
5.805
7.041
7.41
16.49
14.22
2.814
1.003
12.16
9.899
10.14
20.52
13.15
9.015
4.466
2.746
9.703
2.751e-07
19.16
24.35
10.78
1.795
0.0
3.895
6.1
17.14
25.84
15.81
7.339
5.255
5.226
11.15
14.47
14.51
11.38
10.67
3.143
4.83
6.985
14.16
9.334
13.49
9.618
18.19
14.01
14.6
0.0
3.855
13.66
12.93
14.37
7.794
8.537
8.359
14.28
2.085
9.942
22.08
15.63
15.23
5.929
5.929
3.816
9.379
12.68
14.05
8.217
8.06
0.0
6.047
14.27
8.517
13.05
4.478
5.107
3.355
17.27
17.09
30.49
12.35
9.391
9.391
13.48
12.68
16.04
9.622
12.41
22.47
20.3
7.218
6.922
19.46
5.628
11.44
3.531
9.025
14.64
5.682
6.822
2.448
14.57
4.111
15.66
10.22
3.145
7.508
4.546
30.01
15.6
9.311
10.06
19.8
5.822
15.61
6.976
5.604
12.03
6.149
21.88
11.52
10.73
19.93
25.75
3.117
11.11
14.95
6.502
12.95
5.763
10.77
5.896
8.863
15.84
14.78
11.66
22.34
5.364
16.27
20.85
14.43
15.75
10.62
6.114
20.23
15.43
29.9
5.239
29.34
16.33
7.084
8.87
0.5155
12.75
1.325
4.116
4.257
8.239
2.847
8.463
13.39
4.866
4.537
4.488
6.212
7.356
2.175
8.554
1.781
11.9
7.971
0.7649
15.0
5.955
1.71
10.92
6.085
2.796
19.81
18.19
11.54
10.6
7.955
3.52
6.256
6.472
11.9
11.51
9.2
1.465
7.017
1.868
9.113
5.384
7.292
13.92
6.827
5.044
1.443
12.37
4.837
0.8034
7.399
19.41
5.972
5.25
14.98
0.0
1.178
9.206
7.744
5.04
13.48
11.88
13.3
13.12
15.21
1.861
9.798
16.0
1.598
8.53
8.271
0.5921
7.699
8.554
9.198
10.14
3.441
0.0
19.61
8.02
1.124
0.8328
1.825
1.323
8.809
4.417e-07
17.97
15.75
11.24
9.045
12.64
9.964
4.55
15.37
0.7427
19.89
11.05
12.06
11.31
9.466
0.9889
27.38
2.381
5.388
1.806
0.7785
12.92
10.44
8.012
12.7
3.238
4.054
1.578
1.889
10.62
9.148
1.782
4.72
0.903
10.79
6.474
8.709
6.817
7.506
1.085
5.131
13.02
2.373
6.211
4.786
6.11
12.25
6.948
9.896
6.065
2.448
2.895
3.398
4.93
10.96
8.246
4.061
16.28
13.19
7.114
3.889
11.71
9.109
10.42
2.117
4.849
4.97
13.69
6.46
6.741
7.308
14.57
8.437
9.311
0.0
17.26
4.255
3.136
6.56
13.46
5.405
8.863
9.796
8.727
9.793
9.808
11.1
12.72
8.555
13.65
1.906
1.525
0.0
7.654
2.802
6.285
12.0
2.537
2.733
11.58
23.13
9.93
20.03
14.77
26.29
22.99
15.51
11.5
16.25
16.54
25.29
18.41
20.77
