13.59
20.19
20.79
14.49
27.78
29.18
28.71
30.75
29.26
10.97
15.4
26.78
9.699
31.91
29.68
33.33
32.16
31.52
8.031
8.031
1.995e-06
14.31
11.3
33.64
38.03
35.92
35.92
34.48
34.48
11.99
13.28
16.18
15.89
23.4
27.27
34.6
26.43
20.27
27.29
23.71
21.78
0.0
1.559e-06
14.67
14.67
32.29
32.29
43.55
30.66
30.66
30.66
11.37
16.05
10.83
15.42
21.63
32.29
31.07
29.56
31.5
33.31
32.73
15.26
7.515
8.803
13.66
4.566
19.6
11.28
18.11
12.0
14.42
10.88
12.16
9.568
13.51
26.26
21.54
22.85
38.14
39.26
42.21
37.22
35.0
39.62
36.55
10.14
10.14
13.78
0.0
22.2
31.07
26.13
30.35
24.92
24.92
26.13
9.221
13.94
12.3
8.836
15.91
18.88
16.78
17.47
17.78
25.65
20.36
35.56
22.82
20.93
43.37
41.06
45.97
47.12
47.3
43.24
12.08
0.0
15.59
12.87
12.12
38.24
35.08
38.06
38.39
39.7
38.39
11.15
22.11
13.98
0.0
2.583e-06
25.95
29.02
29.02
29.99
37.85
29.02
18.05
12.32
12.09
7.812
32.8
32.35
33.07
30.31
30.98
18.11
14.3
10.46
12.58
10.46
12.58
18.11
14.3
0.0
0.0
8.615
26.93
11.26
33.05
32.1
29.41
29.66
29.41
14.27
22.87
8.077
17.17
1.846e-06
21.26
30.84
22.78
18.36
30.17
22.78
13.88
25.89
1.943e-06
16.14
15.74
16.47
29.7
29.83
31.83
33.92
34.65
32.56
32.56
18.17
5.305
19.63
16.12
17.68
15.7
23.45
21.81
18.28
9.717
0.0
16.93
15.83
32.94
24.39
25.99
23.69
23.69
22.18
14.72
19.65
19.07
35.87
32.69
33.3
31.26
33.36
23.85
0.0
22.85
0.0
2.286e-06
29.44
23.6
23.6
29.87
23.6
23.6
17.65
12.0
0.0
0.0
2.133e-06
37.74
37.74
37.74
36.11
36.45
37.74
18.65
15.0
1.311e-06
19.95
6.657
1.738e-06
31.19
20.47
21.21
23.68
19.57
21.21
21.21
17.97
1.314e-06
16.54
0.0
34.63
33.94
35.5
33.94
33.94
15.65
19.68
11.37
0.0
12.03
23.35
23.77
23.26
25.5
22.23
23.35
14.76
11.14
18.83
19.16
30.9
24.91
26.31
27.03
25.03
17.91
0.0
14.61
21.09
33.91
26.16
28.92
27.59
27.59
17.46
26.34
10.39
17.66
30.02
33.21
32.03
30.29
28.98
13.96
13.36
2.52e-06
11.45
9.792
30.02
29.17
25.19
32.16
28.64
28.64
31.41
19.92
22.36
0.0
12.17
46.41
42.36
40.49
40.02
44.63
42.36
9.835
18.95
22.95
22.95
38.24
38.24
38.39
42.02
40.6
25.62
26.39
25.9
14.86
22.8
34.44
42.62
42.36
34.16
13.06
0.0
14.89
19.17
0.0
27.59
27.02
27.7
27.02
30.28
27.02
16.45
0.0
7.683
16.38
19.1
29.25
23.42
29.49
29.35
28.57
29.35
12.31
0.0
16.74
0.0
25.9
24.49
26.72
24.49
24.49
12.79
0.0
17.4
9.808
9.622
31.68
31.93
32.78
31.28
31.02
31.02
19.17
18.75
20.67
14.08
24.06
20.05
23.1
22.01
13.07
10.66
0.0
20.15
19.52
13.55
36.98
38.46
30.45
33.05
28.76
33.05
26.44
13.98
0.0
26.51
35.73
39.01
28.84
37.86
35.73
16.24
23.53
16.24
21.39
15.26
34.68
27.2
32.22
21.5
24.62
28.53
15.45
0.0
20.79
9.068
1.924e-06
26.42
18.7
15.63
21.72
15.63
15.63
13.62
17.06
23.37
14.21
25.08
31.11
29.98
28.69
28.37
25.88
16.1
1.382e-06
23.65
14.43
30.57
26.58
24.94
33.82
26.61
26.61
17.63
0.0
31.16
12.48
27.31
30.35
33.43
31.65
31.65
30.13
7.733
18.13
19.79
0.0
31.66
30.38
14.03
29.59
26.42
30.38
10.48
0.0
20.65
10.66
27.26
26.09
28.0
26.53
26.53
17.15
19.87
23.77
21.65
18.25
21.87
28.76
23.14
27.62
1.433e-06
17.95
18.85
14.9
25.29
30.67
35.89
32.89
31.34
30.91
32.89
10.53
14.15
22.21
16.92
1.99e-06
21.27
32.2
35.79
30.13
38.38
36.8
38.99
35.79
15.7
17.12
19.02
6.296
7.137
12.09
28.64
27.31
27.99
23.42
34.49
28.4
27.51
23.22
23.87
17.18
13.96
0.0
11.89
28.72
24.53
27.0
24.86
33.39
27.67
24.53
13.88
0.0
11.77
11.68
19.13
12.32
26.81
28.32
28.32
30.42
26.27
27.09
26.27
15.72
14.99
15.17
12.89
9.849
14.86
21.82
23.76
27.78
26.22
28.54
26.77
23.4
8.512
16.47
11.28
18.57
18.57
8.007
26.22
26.22
27.89
27.07
26.2
27.24
26.45
14.33
23.61
8.163
1.71e-06
15.46
25.18
27.28
27.2
26.18
25.79
25.18
13.99
13.56
2.221e-06
0.0
37.6
37.6
39.91
37.95
37.6
0.0
20.57
16.98
5.745
0.0
14.27
28.85
28.77
30.55
28.77
38.15
32.16
28.77
9.149
14.63
12.3
11.89
21.36
19.17
30.61
40.65
31.14
27.62
26.97
31.94
28.25
13.05
19.72
15.84
0.0
11.24
12.35
30.23
27.99
32.8
28.35
29.78
33.29
30.23
0.0
16.06
18.89
14.51
15.72
19.85
25.41
28.35
30.08
21.38
25.65
25.08
21.38
0.0
15.1
18.94
10.01
8.654
19.01
16.69
19.12
25.18
18.52
20.79
24.01
18.52
1.14e-06
15.56
12.74
13.02
17.95
24.54
25.75
28.17
25.53
25.69
25.53
0.0
22.46
1.843e-06
15.67
0.0
14.67
33.24
38.29
40.27
38.29
37.02
38.29
38.29
14.06
2.236e-06
12.59
0.0
18.23
29.27
30.49
30.25
31.27
30.49
30.49
8.791
27.33
15.21
17.39
17.74
29.45
30.43
34.27
33.43
35.72
32.24
0.0
24.85
24.18
18.8
18.95
15.85
35.65
35.59
37.89
33.86
33.96
36.99
33.86
13.8
0.0
16.17
13.53
11.18
36.02
30.79
34.41
33.24
33.73
33.24
15.09
12.82
1.843e-06
28.91
0.0
23.34
47.32
42.74
37.32
42.13
42.97
42.74
42.74
18.64
18.02
18.95
13.1
22.3
25.71
26.06
22.93
22.98
28.26
10.75
12.22
17.38
19.64
36.0
39.42
39.57
33.57
36.51
34.87
13.36
11.81
16.58
17.27
32.2
30.14
28.38
25.1
27.93
12.68
0.0
13.69
13.6
11.42
18.05
29.63
28.75
31.53
28.09
28.94
33.14
28.94
7.857
12.84
0.0
6.817
9.966
34.61
36.17
34.09
35.59
35.08
34.61
10.23
12.62
16.34
18.57
11.67
35.93
38.85
38.78
36.37
38.85
38.85
16.91
18.08
6.454
14.53
22.44
32.89
34.01
32.05
38.19
28.04
33.97
14.41
13.63
11.88
0.0
18.48
26.72
27.26
30.19
27.26
28.05
29.63
7.174
11.98
14.68
12.3
0.0
21.24
26.69
28.16
27.62
26.25
29.33
29.01
28.16
20.46
12.03
8.607
13.88
14.56
12.63
18.02
14.53
21.87
16.91
14.51
0.0
16.94
12.39
0.0
6.193
16.6
23.4
25.53
25.35
23.4
23.89
20.37
23.4
9.554
12.74
1.471e-06
18.95
12.62
7.728
25.96
24.06
25.78
25.92
26.8
25.03
25.03
16.93
25.56
12.58
18.38
36.15
36.21
38.39
34.25
36.19
13.4
14.4
11.86
16.03
14.82
22.22
27.92
23.75
20.67
22.84
22.98
20.67
14.03
0.0
14.12
25.93
20.67
34.01
42.71
35.81
35.61
35.93
35.93
17.26
15.68
17.34
0.0
8.637
20.95
20.04
24.1
25.92
27.66
20.95
9.709
23.76
17.19
0.0
15.01
16.18
29.45
29.76
27.54
31.54
27.46
31.89
29.45
9.817
13.68
1.395e-06
9.003
21.62
10.29
17.75
28.15
20.1
19.49
24.96
16.6
16.6
7.216
17.87
14.86
14.51
11.1
18.95
37.26
38.93
39.14
37.44
39.49
36.12
36.77
17.47
12.93
12.93
12.21
13.94
14.08
41.21
39.51
40.2
33.98
35.48
35.48
41.08
12.05
0.0
13.04
0.0
0.0
15.41
31.42
31.42
32.3
32.42
31.42
33.91
31.42
1.656e-06
14.57
11.17
0.0
38.46
38.51
38.51
39.2
38.51
14.38
18.64
12.78
0.0
27.77
17.88
30.52
33.43
35.49
30.38
28.6
31.46
30.52
0.0
0.0
18.23
9.863
22.65
27.81
31.63
27.99
27.99
28.5
27.99
0.0
14.08
20.91
10.54
10.92
24.0
29.08
28.63
32.3
29.02
29.55
27.48
29.02
12.61
16.03
22.3
14.64
13.38
19.57
30.02
29.1
32.76
29.61
32.29
35.49
29.55
12.44
12.32
17.22
7.904
0.0
16.45
23.25
23.32
27.22
23.94
24.36
27.19
23.32
12.46
28.16
12.35
10.4
11.04
21.34
24.45
20.5
22.69
23.52
20.9
9.506
0.0
20.02
8.992
15.32
10.48
19.52
22.7
21.72
20.63
19.02
26.7
19.02
17.89
10.91
0.0
44.27
45.72
45.91
42.44
43.66
45.72
6.377
12.5
13.0
0.0
47.54
44.59
45.02
42.8
42.86
44.59
13.4
0.0
13.91
0.0
2.035e-06
9.658
15.39
1.147e-06
23.15
28.09
21.98
26.53
21.98
21.98
21.98
19.24
0.0
12.36
0.0
41.05
42.12
40.31
42.12
42.12
20.02
0.0
17.49
0.0
25.23
18.21
24.52
18.21
18.21
9.275
12.63
18.64
7.546
35.24
30.08
28.89
28.25
28.82
15.64
0.0
16.27
0.0
23.91
15.56
20.84
15.56
15.56
21.26
0.0
20.65
0.0
32.24
30.35
33.32
30.35
30.35
16.6
21.4
22.98
16.44
8.617
22.92
29.56
20.4
21.18
17.1
0.0
1.509e-06
24.03
0.0
0.0
30.18
22.62
22.62
28.52
22.62
22.62
22.62
20.7
0.0
15.19
0.0
24.42
22.0
26.79
22.0
22.0
12.5
0.0
13.67
18.47
23.71
21.57
22.68
24.35
24.35
13.9
0.0
7.681
0.0
20.12
18.25
24.56
18.25
18.25
23.38
0.0
13.42
12.71
22.48
16.33
33.62
21.56
21.56
19.07
0.0
11.73
0.0
24.13
21.01
26.09
21.01
21.01
22.24
0.0
15.77
22.45
35.52
35.19
32.36
31.74
31.74
17.66
0.0
13.35
19.86
17.88
26.53
19.3
23.33
23.33
30.76
0.0
30.99
0.0
30.31
35.0
37.35
35.0
35.0
30.36
29.65
21.79
0.0
31.68
28.94
30.3
26.4
28.94
8.166
0.0
1.692e-06
14.71
22.83
21.78
23.7
22.83
22.83
18.52
0.0
15.67
33.35
0.0
16.88
36.47
29.22
23.93
36.48
29.22
25.62
29.22
17.56
0.0
18.11
11.53
42.82
39.93
42.02
40.96
40.96
17.64
7.407
1.188e-06
27.19
30.78
9.503e-07
30.96
36.55
19.02
25.02
20.91
19.02
19.02
7.959
12.98
12.48
10.39
25.7
24.37
22.83
21.76
22.5
18.84
0.0
16.09
24.91
22.34
21.21
25.31
17.17
17.17
22.38
0.0
14.03
10.75
23.5
15.33
27.81
17.97
17.97
19.75
18.23
17.3
7.798
21.7
18.74
26.47
26.61
19.77
14.48
23.54
0.0
21.6
14.04
20.7
14.04
14.04
17.07
0.0
11.9
9.081
17.22
11.66
19.73
12.34
12.34
7.791
0.0
9.402
20.97
36.66
32.79
37.14
37.19
37.19
14.29
20.42
24.71
0.0
24.58
20.12
25.5
20.91
20.12
15.36
5.682
18.52
0.0
28.63
26.46
30.2
27.31
26.46
24.01
9.625
0.0
0.0
15.69
15.69
22.6
17.61
15.69
20.78
15.81
7.652
0.0
31.5
31.17
32.85
29.36
31.17
0.0
18.25
0.0
27.05
22.53
25.97
22.53
22.53
12.24
0.0
15.77
21.0
31.42
24.25
31.07
27.49
27.49
10.06
19.45
8.59
0.0
36.74
35.67
36.33
32.41
35.67
13.74
18.33
30.06
28.57
37.7
33.34
40.82
40.18
36.8
14.6
0.0
9.889
9.7
25.75
27.79
29.59
26.08
26.08
21.49
24.02
10.14
0.0
19.05
17.51
14.44
18.14
17.51
18.0
0.0
22.74
0.0
38.76
27.75
32.01
27.75
27.75
16.67
0.0
19.55
0.0
19.55
0.0
16.67
0.0
0.0
23.58
10.24
14.9
15.43
28.47
28.51
24.79
26.13
28.45
14.71
22.27
31.84
19.01
37.67
38.21
36.23
38.48
35.29
24.19
0.0
18.83
20.68
22.98
29.7
25.67
22.56
22.56
10.43
19.58
7.797
34.49
35.21
35.4
35.05
35.21
19.3
0.0
17.88
0.0
28.8
24.78
27.51
24.78
24.78
6.826
9.862
20.64
24.0
27.29
30.73
20.83
25.1
20.05
21.35
19.52
18.24
22.68
23.48
24.21
30.44
21.19
22.04
19.07
0.0
16.67
10.99
14.46
16.02
28.85
28.17
28.1
27.01
25.27
28.47
25.27
15.58
11.62
15.11
0.0
26.77
23.27
19.61
21.18
23.27
20.16
0.0
0.0
16.89
28.78
36.0
26.34
28.78
28.78
0.0
25.37
11.07
9.184
13.76
29.71
29.32
28.78
27.68
18.67
27.68
14.06
0.0
23.52
13.26
10.74
18.68
21.11
13.34
19.21
27.4
19.21
0.0
0.0
16.35
20.09
20.35
23.28
29.54
29.54
29.54
16.33
17.05
26.06
13.36
0.0
28.13
34.14
33.24
40.98
32.52
32.34
38.25
33.24
9.272
12.58
15.92
18.09
0.0
0.0
20.93
14.65
14.65
18.52
19.67
14.86
14.65
11.27
0.0
19.99
14.22
11.88
0.0
16.96
17.88
14.22
21.15
14.22
15.08
29.41
23.8
0.0
14.82
24.5
49.42
50.68
48.76
47.49
44.96
50.35
49.42
17.81
12.26
14.86
12.9
0.0
16.32
12.9
0.0
16.32
17.81
12.26
14.86
0.0
15.03
0.0
17.88
13.69
9.535
13.67
19.31
18.72
20.1
16.06
20.5
26.6
20.5
7.791
15.5
8.864
12.81
33.29
31.65
32.74
33.64
31.92
16.62
0.0
18.97
0.0
0.0
16.61
16.61
16.87
16.61
22.85
16.61
9.585
0.0
21.1
14.54
0.0
26.45
29.08
29.08
30.35
29.08
29.08
23.64
23.64
24.37
22.3
45.94
40.05
48.79
48.79
50.33
9.356
0.0
9.356
17.31
0.0
24.99
23.32
23.86
23.32
23.86
23.32
16.8
20.37
10.47
17.89
0.0
25.27
16.43
22.56
21.94
17.52
16.43
0.0
14.65
19.03
16.04
20.37
27.18
27.07
26.95
29.31
23.9
25.42
26.24
23.9
8.849
18.75
9.65e-07
0.0
1.608e-06
16.83
16.83
16.83
17.13
19.47
16.83
0.0
0.0
13.12
17.03
16.19
25.66
26.26
25.46
29.23
26.66
26.66
28.69
26.66
0.0
17.54
15.18
0.0
22.56
30.55
27.89
31.32
27.89
29.64
27.89
12.51
9.945
20.47
9.71
0.0
19.18
28.31
27.99
32.46
28.68
29.16
27.73
27.99
0.0
17.26
15.98
0.0
12.29
14.18
29.38
29.31
34.02
29.38
31.53
32.05
29.38
9.883
21.05
1.944e-06
18.15
0.0
43.15
45.62
46.03
37.35
45.62
45.62
8.7
19.83
7.867
15.72
22.96
22.31
24.63
23.15
23.16
11.85
15.2
13.65
0.0
0.0
26.06
23.67
23.67
30.41
23.97
23.67
24.89
23.67
0.0
16.91
11.72
12.65
11.39
12.42
18.71
22.02
24.51
22.86
26.8
26.29
22.86
0.0
0.0
15.22
0.0
26.49
18.68
26.13
32.62
32.78
26.13
26.13
25.73
26.13
17.85
18.5
7.034
15.25
36.57
37.94
40.58
33.96
42.93
23.71
14.57
26.87
18.34
20.12
22.08
37.51
35.53
43.15
39.77
39.73
36.2
42.15
0.0
21.78
16.49
11.67
11.12
14.46
37.9
33.6
37.58
36.57
37.14
37.27
36.57
13.94
0.0
10.52
15.32
34.01
34.94
31.11
36.36
36.36
10.27
11.09
22.64
24.86
34.98
28.7
28.86
21.98
23.08
25.11
0.0
14.87
43.72
45.78
40.12
34.6
43.0
43.72
0.0
14.5
29.52
12.28
15.85
17.01
20.25
21.55
26.64
18.46
17.85
35.03
18.46
12.2
0.0
18.13
0.0
0.0
36.96
36.96
36.1
36.96
32.95
36.96
17.04
0.0
21.6
0.0
14.57
22.76
23.99
28.45
30.54
23.2
23.99
26.44
23.99
23.33
31.68
25.21
15.88
23.27
17.53
35.93
38.85
30.8
23.36
23.99
28.26
32.24
22.13
15.62
21.67
0.0
17.08
19.21
37.91
38.27
39.26
43.74
34.63
37.04
37.91
19.71
20.79
28.77
12.75
15.49
13.31
30.88
34.75
32.34
33.14
35.74
31.2
34.31
16.17
16.95
17.45
0.0
0.0
17.2
30.79
30.79
31.95
32.45
28.38
35.36
30.79
10.33
23.4
17.6
12.74
0.0
23.62
22.44
18.7
24.36
26.42
22.44
15.97
11.61
1.552e-06
15.46
17.95
26.61
29.66
17.64
24.94
25.35
25.35
9.9
18.35
16.6
0.0
0.0
9.832
22.37
22.37
24.6
23.16
25.43
19.92
22.37
16.46
19.82
21.01
21.94
0.0
13.41
42.39
42.47
44.93
43.37
41.6
39.45
42.47
16.99
0.0
30.47
8.631
17.23
16.97
38.87
40.26
41.21
36.14
40.06
39.32
40.06
19.54
10.37
24.02
10.26
0.0
21.97
21.22
20.62
29.72
24.74
20.79
23.83
20.62
15.95
0.0
0.0
19.99
19.62
25.31
22.36
19.62
19.62
0.0
19.89
0.0
0.0
20.26
23.48
23.48
22.91
23.67
23.48
26.76
23.48
13.76
20.69
21.87
9.626
29.59
14.87
29.77
35.15
31.18
29.57
31.63
34.62
27.45
23.53
1.348e-06
0.0
8.045
8.045
8.045
25.09
8.045
12.36
0.0
16.75
1.363e-06
0.0
14.41
14.41
19.38
14.41
21.77
14.41
17.66
21.45
0.0
0.0
14.19
14.19
20.86
24.1
14.19
1.654e-06
12.2
15.55
5.48
0.0
24.65
24.25
24.25
24.98
27.79
24.25
9.037
9.113
14.4
7.728
9.892
7.014
25.27
24.11
25.36
23.19
23.66
26.52
24.59
0.0
21.97
0.0
14.94
0.0
25.8
25.94
25.94
28.0
25.94
25.94
12.95
0.0
14.74
18.94
14.42
24.06
16.58
11.86
11.86
1.581e-06
9.687
14.48
0.0
14.31
28.24
26.61
28.63
26.61
25.88
26.61
9.42
0.0
17.22
0.0
23.0
15.2
14.34
15.2
15.2
19.55
28.5
13.48
0.0
26.16
21.42
25.13
31.43
21.42
0.0
13.08
0.0
22.3
18.97
18.97
18.97
18.97
24.74
23.51
17.44
14.09
30.32
27.87
33.07
26.37
28.13
0.0
0.0
13.89
13.71
13.89
13.71
0.0
0.0
0.0
0.0
0.0
19.73
21.89
17.67
27.1
14.58
14.58
14.58
0.0
22.61
12.52
0.0
21.51
17.19
17.19
25.47
17.19
1.145e-06
0.0
22.49
14.41
0.0
22.41
22.78
21.2
26.6
21.2
21.2
26.87
21.2
14.49
13.29
0.0
0.0
15.9
0.0
0.0
15.9
18.45
15.64
0.0
0.0
0.0
14.39
23.17
23.17
21.58
24.95
23.17
23.17
1.347e-06
11.15
2.541e-06
11.16
15.97
26.16
25.56
27.79
25.32
27.79
27.79
10.61
17.03
13.64
15.92
0.0
31.26
30.43
31.18
29.84
31.17
30.43
0.0
1.607e-06
16.81
16.04
21.48
16.04
16.04
16.04
19.96
20.54
14.71
0.0
22.56
21.16
24.85
26.36
21.16
16.07
19.31
20.04
9.887
0.0
9.887
0.0
16.07
19.31
20.04
0.0
14.04
0.0
10.84
21.34
17.91
22.65
20.88
18.3
18.3
0.0
22.61
14.26
0.0
33.85
35.08
35.08
33.98
35.08
0.0
17.04
17.99
14.35
0.0
21.82
22.4
22.4
24.08
16.75
22.4
28.83
23.23
0.0
0.0
17.62
17.62
32.12
29.13
17.62
9.31
36.14
1.403e-06
13.87
0.0
19.9
17.7
20.14
35.44
17.7
17.7
9.432
10.51
12.55
15.71
11.94
8.917
21.39
22.43
24.81
28.08
23.92
24.6
23.87
15.73
21.79
14.58
0.0
16.4
10.57
18.41
24.89
10.57
12.33
28.87
18.1
32.04
20.78
33.82
0.0
31.3
12.33
16.89
22.61
13.02
0.0
23.43
20.9
26.17
30.98
20.9
0.0
31.44
26.17
27.8
30.58
30.67
29.35
14.58
21.38
28.12
0.0
0.0
30.08
30.08
31.6
29.67
29.22
30.08
16.36
0.0
21.02
18.09
0.0
24.24
18.29
23.22
18.29
23.19
18.29
0.0
8.815
8.708
0.0
16.69
26.59
25.3
26.2
25.3
26.69
25.3
11.43
0.0
0.0
20.89
12.58
23.16
15.58
12.58
12.58
14.92
0.0
9.587
12.68
20.06
20.69
23.52
18.87
18.87
14.85
0.0
0.0
0.0
16.59
16.59
14.77
16.59
16.59
0.0
26.16
21.44
28.91
23.64
29.48
14.04
29.46
14.04
18.96
0.0
0.0
27.77
22.48
35.31
28.65
22.48
22.48
1.321e-06
0.0
11.12
0.0
21.14
17.51
17.51
17.51
17.51
10.21
24.59
14.34
0.0
19.12
14.87
12.89
18.63
14.87
20.18
8.48
20.32
22.4
1.188e-06
22.6
22.3
20.37
26.42
20.97
20.37
0.0
0.0
14.4
0.0
1.831e-06
18.89
10.7
10.7
10.7
10.7
10.7
12.47
0.0
9.557
20.65
24.78
25.74
22.52
21.71
21.71
2.026e-06
33.5
16.39
0.0
0.0
13.63
13.63
13.63
31.58
17.87
13.63
13.87
41.19
12.77
28.32
2.292e-06
24.79
37.04
19.11
22.45
39.95
19.11
14.55
0.0
17.57
0.0
24.05
17.46
24.69
17.46
17.46
13.5
11.27
12.47
13.31
19.06
31.34
28.86
34.11
29.1
29.24
29.82
0.0
0.0
0.0
0.0
18.6
18.6
18.6
18.6
18.6
19.84
0.0
14.99
22.85
1.434e-06
20.31
31.75
16.34
25.3
16.34
16.34
8.162
9.597
0.0
0.0
21.01
21.01
21.67
22.75
21.01
16.59
25.76
16.86
0.0
20.06
15.11
20.07
31.65
15.11
0.0
0.0
14.37
17.98
19.38
19.88
13.32
13.32
13.32
1.921e-06
0.0
12.21
0.0
11.94
31.47
31.37
28.71
31.37
31.37
31.37
0.0
0.0
12.74
28.16
13.11
43.16
38.19
39.05
40.72
40.72
40.72
1.607e-06
22.97
1.361e-06
0.0
20.6
20.6
20.6
28.12
20.6
1.418e-06
12.43
12.56
27.48
21.15
30.72
20.15
21.26
20.15
0.0
22.12
10.19
0.0
27.15
24.78
24.78
25.4
24.78
14.53
0.0
23.18
22.1
28.35
26.15
24.48
22.34
22.34
12.15
0.0
1.633e-06
1.803e-06
18.04
16.39
24.17
18.27
16.39
16.39
16.39
0.0
28.8
18.22
0.0
22.23
13.63
13.63
24.18
13.63
12.63
0.0
1.141e-06
0.0
16.22
16.22
19.49
16.22
16.22
11.51
25.2
16.26
0.0
29.57
22.92
23.62
29.62
22.92
0.0
24.42
14.27
17.67
25.25
35.62
25.37
30.71
25.37
16.04
0.0
11.13
11.17
20.75
34.91
31.46
32.72
34.61
36.36
34.61
10.2
0.0
8.555
0.0
33.99
32.59
32.24
32.59
32.59
20.05
0.0
0.0
26.17
19.22
31.12
27.7
19.22
19.22
0.0
0.0
17.0
0.0
26.2
21.5
21.5
21.5
21.5
0.0
0.0
16.22
22.29
23.46
23.25
20.88
20.88
20.88
26.98
10.0
18.58
22.46
24.79
26.33
28.84
17.65
14.75
10.78
0.0
1.287e-06
0.0
1.287e-06
0.0
10.78
0.0
0.0
16.33
19.74
10.68
0.0
10.68
0.0
16.33
19.74
0.0
0.0
13.41
15.46
13.72
22.67
17.55
19.2
25.37
19.2
9.103
32.27
9.808
30.55
15.53
30.3
16.74
32.35
13.33
0.0
0.0
13.36
0.0
23.97
21.13
21.13
21.13
21.13
0.0
14.27
7.664
0.0
21.48
19.89
19.89
22.32
19.89
16.26
14.87
0.0
23.29
23.14
27.11
23.14
23.14
1.481e-06
15.71
12.07
9.267
12.69
25.59
27.64
27.12
24.67
29.23
24.67
13.33
12.72
0.0
0.0
28.52
28.52
28.42
29.21
28.52
17.91
11.18
0.0
12.71
12.86
21.06
12.86
12.86
9.998e-07
18.42
1.884e-06
10.67
16.82
21.2
21.21
18.2
19.0
18.2
18.2
0.0
30.3
23.68
19.78
14.59
28.99
29.67
22.98
36.73
29.98
22.98
18.82
0.0
14.11
20.77
30.41
38.2
33.94
31.99
31.99
27.86
1.361e-06
0.0
19.9
19.9
23.25
29.79
19.9
0.0
0.0
15.2
16.23
15.88
23.24
22.11
23.05
20.21
20.21
20.21
14.23
16.14
13.16
23.64
23.07
27.94
21.56
23.72
16.99
0.0
0.0
11.44
12.34
21.69
19.97
21.88
21.88
21.88
0.0
1.489e-06
0.0
12.32
12.32
12.32
12.32
15.85
21.44
1.493e-06
0.0
12.88
12.88
18.92
24.52
12.88
0.0
0.0
11.87
15.06
21.97
25.19
17.59
17.59
17.59
10.89
0.0
2.585e-06
15.95
0.0
30.7
24.93
22.57
24.93
24.93
24.93
0.0
11.25
13.07
13.17
25.12
22.07
22.65
24.69
22.65
15.87
18.18
14.81
0.0
24.17
17.53
23.38
25.93
17.53
18.3
18.58
0.0
0.0
16.98
16.98
20.55
20.71
16.98
0.0
24.36
0.0
33.01
16.31
36.65
16.31
25.91
16.31
0.0
0.0
16.6
28.44
21.16
32.56
15.5
15.5
15.5
10.55
12.66
7.944
0.0
27.52
26.87
27.12
28.97
26.87
0.0
23.46
12.32
20.07
23.32
22.76
22.86
24.1
22.86
14.7
0.0
1.669e-06
14.46
11.51
32.93
29.14
34.75
30.37
30.37
30.37
14.32
20.24
12.3
25.52
24.96
20.15
25.47
26.08
23.77
13.19
0.0
0.0
0.0
22.2
16.26
16.26
21.78
19.58
16.26
16.26
17.74
23.2
0.0
0.0
21.43
21.43
26.76
28.71
21.43
12.84
28.29
14.2
0.0
21.01
18.42
22.95
26.39
18.42
0.0
13.88
19.89
24.49
28.12
17.34
17.34
17.34
1.41e-06
0.0
10.58
0.0
20.31
21.92
21.92
21.92
21.92
15.19
16.02
0.0
0.0
12.01
12.01
18.3
20.23
12.01
1.846e-06
30.0
16.47
0.0
21.79
16.73
16.73
25.92
16.73
13.32
0.0
1.729e-06
21.31
25.82
30.47
26.84
25.82
25.82
1.515e-06
0.0
12.59
12.72
26.79
21.77
23.99
23.99
23.99
0.0
0.0
11.14
27.7
17.53
33.57
18.87
18.87
18.87
17.33
19.35
10.74
13.32
21.74
20.87
25.83
26.28
22.5
0.0
23.49
13.02
0.0
14.04
13.8
11.52
11.75
0.0
18.26
18.89
15.75
17.19
18.89
1.409e-06
19.43
0.0
0.0
24.82
15.63
15.63
30.66
15.63
22.97
15.63
12.14
0.0
16.61
21.16
24.48
30.82
30.97
27.44
27.44
0.0
16.51
1.413e-06
21.44
0.0
23.75
14.26
14.26
21.46
14.26
14.26
14.26
27.28
1.169e-06
0.0
31.16
31.16
31.43
35.73
31.16
1.695e-06
0.0
1.576e-06
0.0
18.82
10.86
10.86
19.52
10.86
10.86
10.86
17.69
22.65
0.0
0.0
22.54
22.54
30.14
32.77
22.54
13.53
22.08
0.0
0.0
14.54
24.93
24.93
27.25
27.28
22.82
24.93
33.93
0.0
13.84
26.72
20.52
31.82
37.94
18.53
18.53
7.805
14.22
19.87
0.0
0.0
23.59
22.72
30.94
27.35
23.57
23.57
23.57
1.564e-06
0.0
1.564e-06
13.08
0.0
25.07
22.55
22.55
22.55
22.55
22.55
13.34
0.0
11.86
0.0
15.52
10.37
17.09
10.37
10.37
15.75
0.0
10.59
12.57
29.49
27.89
29.29
28.98
28.98
11.31
18.09
14.03
17.94
16.23
20.19
14.99
20.23
9.387
0.0
22.81
10.42
10.66
20.2
25.76
25.09
23.75
22.56
26.39
23.75
0.0
24.59
23.7
20.52
27.24
18.01
18.01
27.26
18.01
10.23
0.0
17.54
15.05
20.48
19.77
18.14
19.83
19.83
15.87
14.79
10.62
14.32
18.85
19.08
18.43
15.84
18.88
0.0
0.0
1.449e-06
0.0
18.39
18.39
18.39
18.39
18.39
19.55
25.76
22.2
35.59
0.0
0.0
16.09
31.94
31.94
32.74
33.57
33.44
31.94
10.84
0.0
14.51
9.0
12.9
17.42
21.43
22.88
26.82
23.69
20.58
25.41
20.58
0.0
1.514e-06
14.57
24.02
1.514e-06
0.0
0.0
14.81
19.5
13.12
0.0
16.79
15.25
16.64
18.61
15.25
0.0
0.0
16.84
0.0
22.07
14.64
14.64
14.64
14.64
0.0
0.0
17.65
0.0
22.88
25.85
21.61
20.64
21.61
21.61
21.61
10.37
14.43
13.1
13.99
0.0
20.19
20.99
23.37
20.93
22.82
20.99
0.0
28.65
27.8
30.67
30.67
27.07
30.67
7.618
0.0
18.87
22.29
23.34
22.9
25.83
25.53
15.25
15.4
15.4
9.83
0.0
1.599e-06
15.99
0.0
19.81
23.28
26.01
23.28
23.28
23.28
0.0
20.5
19.01
0.0
23.98
21.42
21.42
30.45
21.42
12.74
0.0
20.01
22.33
28.4
29.11
25.82
20.92
20.92
13.22
29.84
0.0
0.0
18.44
16.92
16.92
17.18
20.52
31.09
16.92
21.84
11.53
0.0
18.73
15.81
20.66
27.65
28.75
28.52
20.66
0.0
0.0
13.65
28.94
13.65
28.94
0.0
0.0
0.0
11.31
0.0
11.42
0.0
1.212e-06
19.19
22.02
22.02
23.22
22.02
22.02
12.85
0.0
17.38
0.0
22.63
20.27
21.57
20.27
20.27
0.0
27.99
1.615e-06
1.315e-06
0.0
0.0
21.73
21.73
21.73
21.73
30.6
21.73
21.73
11.29
0.0
1.485e-06
18.54
32.21
30.8
33.35
32.21
32.21
18.95
20.11
19.35
0.0
20.86
31.0
25.34
27.22
26.51
33.15
25.34
0.0
34.4
0.0
0.0
22.55
27.54
27.54
31.07
27.54
40.17
27.54
14.69
0.0
12.8
11.01
0.0
16.83
14.38
9.479
14.38
14.42
14.38
11.74
10.95
0.0
22.92
20.99
24.77
29.17
26.85
20.99
10.87
11.94
11.94
9.113
10.09
0.0
0.0
0.0
16.06
0.0
24.48
22.2
22.2
22.2
22.2
21.15
0.0
22.99
0.0
21.4
19.61
27.75
24.09
30.11
26.38
27.75
29.91
27.75
18.54
23.78
12.32
0.0
19.11
13.69
22.26
26.43
13.69
18.55
0.0
0.0
24.09
20.62
20.77
25.58
20.62
20.62
13.25
16.4
13.25
10.73
0.0
1.513e-06
16.27
13.63
0.0
16.51
10.54
10.54
20.01
10.54
0.0
35.86
2.3e-06
16.5
21.74
24.08
28.09
30.44
33.88
25.13
34.94
25.13
25.13
0.0
15.94
7.891
0.0
12.56
15.54
15.71
18.87
15.71
21.97
15.71
16.14
0.0
8.664
23.66
27.61
25.97
32.1
27.76
26.44
29.13
26.44
1.222e-06
0.0
18.96
14.42
0.0
21.15
15.92
15.92
15.92
24.6
15.92
16.74
26.85
0.0
21.71
0.0
21.71
16.74
26.85
0.0
23.33
0.0
18.03
0.0
20.11
15.39
17.92
26.37
28.75
17.92
17.92
14.31
18.74
17.09
0.0
0.0
21.54
21.54
21.43
28.19
27.32
21.54
14.58
25.22
15.8
0.0
1.66e-06
22.1
23.96
23.96
24.63
32.59
23.96
17.11
18.33
0.0
21.11
15.53
27.59
28.32
29.65
33.71
29.25
27.59
14.4
33.0
0.0
0.0
21.49
21.49
19.86
27.35
21.49
20.91
0.0
19.32
30.27
26.47
29.93
21.39
21.39
0.0
25.12
22.32
0.0
25.88
15.45
15.45
31.17
15.45
26.16
17.35
41.74
19.33
36.56
21.85
32.21
15.11
11.62
0.0
18.06
0.0
24.59
22.04
20.58
22.04
22.04
17.3
0.0
0.0
1.352e-06
28.01
10.34
36.37
34.62
36.03
35.62
36.37
36.37
36.37
0.0
0.0
13.58
23.47
19.06
24.64
18.25
18.25
18.25
17.32
0.0
10.14
10.08
10.14
10.08
17.32
0.0
0.0
0.0
9.919
1.815e-06
0.0
21.0
20.37
20.37
29.28
20.37
21.26
20.37
1.276e-06
20.46
0.0
0.0
19.88
19.88
19.88
27.89
19.88
14.62
0.0
23.52
27.95
28.81
32.75
21.0
16.14
16.14
0.0
15.56
16.0
21.96
21.01
21.01
23.2
18.17
0.0
13.08
13.65
25.6
23.81
25.75
27.87
23.81
23.81
14.98
21.37
24.99
0.0
0.0
0.0
0.0
14.98
21.37
24.99
0.0
13.14
0.0
1.657e-06
11.48
16.48
1.29e-06
17.25
19.83
11.96
8.051
11.96
11.96
11.96
12.44
21.27
11.8
0.0
11.2
25.36
25.45
25.83
27.94
30.95
25.45
0.0
0.0
14.0
16.66
22.04
23.91
16.78
16.78
16.78
17.26
28.65
16.81
0.0
22.86
15.9
23.85
29.57
15.9
13.97
0.0
0.0
0.0
19.48
19.48
20.26
19.48
19.48
1.251e-06
11.06
11.2
21.99
18.31
31.75
30.8
26.12
25.72
26.53
26.12
23.33
24.17
0.0
0.0
1.621e-06
0.0
0.0
1.621e-06
23.33
24.17
0.0
17.38
0.0
13.73
22.66
0.0
0.0
27.83
22.65
22.65
27.31
22.65
23.18
22.65
21.65
30.4
19.53
0.0
26.17
20.75
28.28
36.11
20.75
21.65
0.0
17.8
0.0
29.5
22.94
30.4
22.94
22.94
0.0
0.0
12.55
0.0
10.92
27.92
24.17
22.59
24.17
24.17
24.17
15.14
0.0
21.27
17.58
26.99
17.24
15.14
15.14
20.71
0.0
12.11
0.0
23.24
22.82
14.83
22.82
22.82
14.41
15.89
0.0
23.69
20.83
25.15
20.83
20.83
9.271
0.0
0.0
26.77
24.34
27.15
24.34
24.34
24.22
9.155
12.79
11.41
19.23
17.18
26.35
17.32
14.57
14.93
0.0
14.85
0.0
24.64
22.49
14.25
22.49
22.49
17.08
0.0
19.55
0.0
13.16
27.15
25.07
27.79
25.9
25.07
25.07
21.84
0.0
13.77
0.0
32.68
31.39
36.3
31.39
31.39
0.0
0.0
20.03
10.27
17.57
12.84
14.79
14.79
14.79
15.43
0.0
16.51
14.27
23.74
28.77
32.77
29.24
29.24
10.47
0.0
11.08
16.86
25.45
33.15
29.84
29.57
29.57
12.98
18.21
16.38
16.74
39.83
37.83
35.66
38.02
33.99
11.12
0.0
0.0
31.11
29.53
32.28
29.53
29.53
23.21
0.0
19.26
0.0
1.947e-06
25.2
16.28
16.28
28.94
16.28
16.28
22.21
14.91
23.05
8.655
40.24
44.55
43.87
45.67
43.55
6.457
0.0
11.45
0.0
14.76
9.687
8.046
9.687
9.687
23.06
0.0
0.0
11.11
8.397
8.669
25.04
8.397
8.397
13.45
0.0
11.63
8.181
20.69
20.07
16.72
19.08
19.08
18.9
24.42
23.36
0.0
25.29
18.9
30.2
18.9
21.55
0.0
19.83
0.0
40.73
41.77
42.18
41.77
41.77
14.82
0.0
14.02
9.878
23.35
15.89
21.63
18.63
18.63
24.93
0.0
17.66
23.42
0.0
16.6
23.42
0.0
16.6
24.93
0.0
17.66
0.0
24.61
12.61
24.38
26.02
32.5
27.52
26.02
18.01
0.0
20.68
0.0
27.27
22.04
29.48
22.04
22.04
10.74
0.0
21.96
0.0
43.39
41.14
37.98
41.14
41.14
19.93
0.0
13.37
16.84
0.0
28.07
23.64
28.37
23.64
26.35
23.64
0.0
14.59
0.0
28.53
23.95
27.75
23.95
23.95
13.44
0.0
0.0
15.32
21.12
0.0
19.93
19.45
21.25
20.66
30.14
22.16
22.16
10.83
0.0
10.83
0.0
10.83
0.0
10.83
0.0
0.0
14.02
9.242
7.617
9.858
23.97
29.71
26.95
27.18
25.73
8.223
0.0
7.237
10.48
38.43
39.26
37.7
38.03
38.03
26.88
0.0
12.18
0.0
18.59
16.74
31.48
16.74
16.74
23.66
21.16
0.0
39.28
40.12
39.62
40.12
40.12
15.05
0.0
27.18
0.0
33.51
35.99
36.64
35.99
35.99
19.72
0.0
21.02
0.0
23.86
13.6
22.8
13.6
13.6
19.24
0.0
23.19
13.62
28.18
42.3
37.41
37.35
37.35
15.4
16.5
13.93
9.754
40.17
40.94
38.99
38.38
39.88
21.57
0.0
13.46
0.0
47.12
45.79
45.64
45.79
45.79
18.31
0.0
27.63
9.585
28.4
25.87
27.63
27.63
24.14
0.0
13.59
0.0
1.556e-06
34.74
33.87
33.87
32.36
33.87
33.87
12.41
0.0
15.43
0.0
33.21
28.64
27.58
28.64
28.64
0.0
24.29
21.42
25.43
21.42
21.42
0.0
20.69
0.0
34.96
36.16
36.13
36.16
36.16
12.75
0.0
10.92
0.0
26.25
27.48
30.89
27.48
27.48
0.0
24.35
11.99
26.81
11.99
11.99
1.638e-06
15.5
14.11
0.0
26.85
25.11
25.11
28.59
25.11
12.54
0.0
21.76
0.0
21.76
0.0
12.54
0.0
0.0
12.3
14.33
17.05
0.0
26.42
29.43
29.09
32.11
29.43
22.65
28.03
28.03
22.65
0.0
22.84
0.0
15.78
0.0
34.14
34.07
35.3
34.07
34.07
13.02
20.07
0.0
16.59
15.11
21.85
15.11
19.24
0.0
15.13
19.24
9.838
0.0
13.63
0.0
19.52
13.79
16.04
13.79
13.79
11.64
0.0
19.25
0.0
32.27
39.26
41.08
39.26
39.26
10.6
0.0
11.59
27.05
25.47
29.08
25.47
25.47
15.1
0.0
9.233
25.81
9.233
25.81
15.1
0.0
0.0
19.47
0.0
15.8
0.0
36.73
38.65
39.77
38.65
38.65
14.55
0.0
16.26
0.0
24.74
22.09
14.71
22.09
22.09
22.76
21.31
0.0
18.1
0.0
23.34
21.48
35.37
33.04
21.48
21.48
0.0
14.02
0.0
21.59
15.8
22.69
15.8
15.8
1.416e-06
11.82
16.06
20.75
27.16
29.86
26.83
27.3
26.83
14.99
0.0
22.13
23.28
26.25
25.88
17.95
12.46
12.46
12.23
0.0
0.0
10.99
25.62
29.44
23.03
25.62
25.62
15.62
0.0
1.441e-06
13.74
0.0
33.24
31.6
34.91
31.6
31.6
31.6
14.67
0.0
13.27
0.0
18.6
17.91
17.46
17.91
17.91
29.77
0.0
20.29
0.0
20.13
32.59
31.56
33.73
20.22
31.56
31.56
8.714
8.905
10.96
8.42
31.65
31.16
32.16
31.43
31.97
13.35
22.6
9.332
10.81
34.19
35.39
35.19
36.1
34.57
17.95
0.0
8.918
11.73
31.62
31.47
28.61
31.28
31.28
11.83
0.0
14.75
11.14
10.35
15.81
16.47
11.0
11.0
18.05
8.993
21.1
0.0
39.38
38.26
37.79
40.37
38.26
21.73
0.0
10.67
0.0
18.89
14.58
26.62
14.58
14.58
14.35
0.0
1.484e-06
11.79
0.0
1.446e-06
28.71
28.08
28.08
28.86
28.08
28.08
28.08
14.69
0.0
16.47
0.0
27.46
24.07
16.62
24.07
24.07
0.0
13.52
0.0
13.09
18.89
11.45
18.89
18.89
27.02
0.0
25.87
27.18
29.18
28.72
31.16
36.52
36.52
15.78
0.0
39.64
38.56
40.96
38.56
38.56
12.37
0.0
9.657
0.0
33.28
30.79
32.91
30.79
30.79
0.0
15.21
0.0
39.31
34.28
32.11
34.28
34.28
14.64
0.0
15.34
0.0
23.42
21.96
14.23
21.96
21.96
12.15
0.0
16.7
0.0
24.05
17.38
17.92
17.38
17.38
32.88
0.0
31.6
0.0
35.95
35.13
28.06
35.13
35.13
15.12
0.0
16.94
0.0
36.6
35.78
36.97
35.78
35.78
18.57
0.0
21.61
0.0
27.02
34.43
33.45
34.43
34.43
13.02
20.91
0.0
26.39
15.11
15.11
11.5
0.0
15.64
0.0
34.52
34.46
33.99
34.46
34.46
19.09
15.82
1.308e-06
20.42
0.0
1.699e-06
20.91
22.64
22.64
28.09
23.82
22.64
22.64
15.0
0.0
15.5
0.0
38.41
36.39
39.14
36.39
36.39
14.15
0.0
16.42
12.47
21.72
22.91
30.75
26.37
26.37
16.89
0.0
16.74
0.0
25.39
23.47
28.36
23.47
23.47
17.22
0.0
27.43
0.0
36.46
35.61
35.21
35.61
35.61
22.13
0.0
23.85
39.17
33.36
39.99
38.02
38.02
13.1
0.0
14.62
0.0
37.62
36.97
38.69
36.97
36.97
1.335e-06
6.592
14.01
8.706
16.34
21.86
20.67
20.07
20.67
14.19
0.0
0.0
20.69
16.68
17.55
16.68
16.68
17.54
25.66
1.297e-06
15.08
0.0
27.7
30.16
30.73
26.56
30.16
30.16
16.31
0.0
16.18
15.09
0.0
24.15
21.4
14.98
20.24
14.98
14.98
14.2
0.0
10.55
0.0
22.7
19.22
23.44
19.22
19.22
10.87
0.0
16.68
0.0
37.77
35.83
36.08
35.83
35.83
10.76
0.0
15.33
0.0
14.11
14.82
16.56
14.82
14.82
13.02
0.0
17.65
0.0
41.14
40.54
40.88
40.54
40.54
12.74
0.0
11.14
0.0
23.29
19.2
22.41
19.2
19.2
17.19
0.0
18.29
14.28
40.57
42.35
41.54
43.54
43.54
15.22
0.0
19.63
19.86
44.23
45.6
42.61
43.81
43.81
12.1
22.0
19.24
0.0
26.55
16.7
19.93
26.2
16.7
16.0
0.0
23.05
0.0
47.5
38.76
37.24
38.76
38.76
12.41
0.0
16.47
0.0
40.64
38.33
38.76
38.33
38.33
10.82
0.0
18.17
22.26
20.71
17.81
20.71
20.71
20.15
0.0
26.78
0.0
37.77
40.26
37.43
40.26
40.26
12.15
7.083
13.29
0.0
33.58
31.5
33.46
31.73
31.5
10.16
10.16
13.47
13.47
34.38
34.38
32.13
32.13
31.91
20.56
0.0
12.74
0.0
44.28
41.6
40.95
41.6
41.6
17.93
0.0
19.86
0.0
22.15
10.54
21.58
10.54
10.54
11.67
11.26
12.86
15.12
34.91
35.79
36.12
36.31
37.42
16.84
0.0
16.75
35.2
30.44
30.4
32.82
33.09
33.09
9.208
10.15
12.57
0.0
37.6
34.61
36.03
32.75
34.61
15.73
0.0
28.62
0.0
44.53
43.88
42.55
43.88
43.88
21.93
0.0
27.64
11.17
29.67
26.43
29.52
23.04
23.04
17.82
0.0
19.15
0.0
28.32
27.86
25.53
27.86
27.86
12.77
0.0
17.67
10.43
30.79
30.37
27.42
31.12
31.12
11.22
11.9
18.51
0.0
28.56
29.79
31.64
30.49
29.79
20.3
0.0
26.77
13.83
26.73
13.83
13.83
17.77
0.0
14.45
0.0
13.72
12.16
21.54
12.16
12.16
19.03
0.0
10.12
10.52
21.51
22.5
10.53
20.17
20.17
12.77
0.0
7.851
0.0
26.05
24.78
20.4
24.78
24.78
12.36
9.658
10.04
0.0
36.45
36.25
36.36
34.58
36.25
16.74
0.0
16.63
0.0
20.45
12.33
21.2
12.33
12.33
10.42
0.0
9.616
9.931
24.76
25.58
26.39
23.23
23.23
11.34
0.0
14.59
0.0
33.39
29.24
31.8
29.24
29.24
21.23
10.87
21.23
16.69
21.23
10.87
16.6
0.0
16.36
0.0
23.59
25.47
22.66
25.47
25.47
10.36
6.573
14.53
8.983
14.82
9.854
9.854
14.22
0.0
13.86
0.0
17.44
10.59
17.68
10.59
10.59
18.84
0.0
37.66
36.71
37.77
36.71
36.71
23.66
15.81
0.0
40.55
39.3
36.67
39.3
39.3
12.74
0.0
13.02
21.68
19.63
25.71
19.63
19.63
16.76
18.67
15.24
0.0
17.57
21.07
16.35
26.48
21.07
12.56
17.83
7.993
0.0
31.89
31.98
32.18
32.99
31.98
11.4
0.0
11.89
0.0
23.38
23.16
27.5
23.16
23.16
9.735
8.525
15.4
38.82
38.93
38.98
37.91
38.93
13.23
0.0
20.87
0.0
23.83
12.25
13.78
12.25
12.25
29.85
15.29
23.58
0.0
29.09
21.01
36.35
20.06
21.01
19.83
0.0
19.28
0.0
22.56
19.16
19.14
19.16
19.16
21.04
0.0
10.68
11.67
16.33
0.0
24.66
11.67
11.67
11.44
0.0
15.9
0.0
23.7
19.18
18.16
19.18
19.18
11.18
0.0
10.8
0.0
35.19
34.62
32.74
34.62
34.62
18.72
16.9
9.705
8.552
19.44
16.15
24.89
25.61
16.97
14.36
0.0
9.499
0.0
24.65
21.56
25.46
21.56
21.56
18.54
10.14
18.82
0.0
35.84
37.03
38.32
38.25
37.03
13.02
27.5
13.36
23.66
22.44
21.68
19.63
19.63
26.54
0.0
14.52
24.58
36.23
30.44
25.86
35.27
35.27
13.48
0.0
13.13
0.0
22.52
18.9
21.81
18.9
18.9
18.53
0.0
28.24
27.98
31.79
33.51
30.45
34.39
34.39
20.72
0.0
16.69
0.0
40.94
38.27
36.79
38.27
38.27
17.34
9.204
24.13
23.61
39.88
36.53
39.75
41.95
41.23
22.21
0.0
13.81
8.292
28.23
24.28
21.88
21.88
21.88
12.06
0.0
8.435
7.401
28.01
26.82
21.68
25.59
25.59
13.95
0.0
15.03
10.3
23.69
32.1
33.19
30.86
30.86
14.61
7.974
17.46
0.0
19.96
9.456
17.35
11.68
9.456
22.03
0.0
12.71
0.0
30.28
28.79
28.79
28.79
27.2
0.0
21.58
19.28
42.61
37.63
36.88
38.12
38.12
14.46
0.0
7.293
6.45
23.66
23.46
25.97
22.46
22.46
13.14
17.78
18.64
0.0
27.25
33.22
32.7
32.17
33.22
10.67
15.07
15.91
0.0
13.45
23.25
27.32
24.59
23.25
11.67
0.0
14.69
0.0
11.44
19.47
22.78
19.47
19.47
23.51
0.0
15.64
0.0
34.02
29.02
33.02
29.02
29.02
15.92
11.18
14.98
9.513
19.3
23.37
23.8
22.09
20.31
0.0
11.46
15.2
0.0
15.2
0.0
11.46
0.0
14.72
8.843
15.03
0.0
23.99
17.64
24.05
19.55
17.64
0.0
14.13
0.0
33.23
30.17
30.37
30.17
30.17
13.41
0.0
10.79
0.0
20.54
17.81
16.0
17.81
17.81
16.64
19.04
20.49
0.0
24.18
16.42
26.0
21.34
16.42
12.1
0.0
12.61
18.55
23.24
28.62
17.82
20.72
20.72
25.84
0.0
15.85
0.0
23.16
17.28
25.03
17.28
17.28
28.22
25.18
18.02
27.82
32.75
28.36
35.94
30.12
33.42
17.38
0.0
18.02
0.0
34.37
26.36
26.83
26.36
26.36
20.46
0.0
18.03
0.0
37.87
34.44
39.27
34.44
34.44
18.36
17.48
1.611e-06
18.78
9.875
37.24
39.81
38.12
39.72
37.81
37.81
21.65
0.0
10.72
0.0
17.25
13.99
25.46
13.99
13.99
15.99
11.65
12.57
12.23
33.2
33.88
35.2
35.14
34.76
13.12
0.0
18.88
9.845
22.23
19.41
19.54
17.16
17.16
20.91
12.32
14.37
0.0
25.86
25.63
31.3
24.05
25.63
15.11
10.64
18.0
22.07
41.54
35.44
43.06
42.11
41.04
14.02
9.878
20.03
0.0
35.34
32.89
35.05
36.29
32.89
11.94
12.25
20.78
16.46
21.0
14.47
16.46
18.19
0.0
21.66
38.06
36.39
36.77
36.39
36.39
23.66
13.69
15.74
0.0
0.0
13.69
14.37
8.178
19.88
0.0
27.86
18.3
20.97
17.01
18.3
18.94
0.0
19.28
11.54
9.88
23.82
25.58
18.39
18.39
18.38
14.08
17.52
22.33
10.23
24.56
19.81
9.553
10.9
15.99
20.29
23.87
20.68
24.12
24.08
23.48
11.83
18.94
0.0
7.816
35.16
34.41
35.95
35.28
35.16
20.4
18.14
20.87
0.0
29.8
25.11
18.81
33.13
25.11
12.93
0.0
18.83
0.0
35.24
30.99
31.65
30.99
30.99
22.97
22.98
16.37
0.0
41.77
40.16
41.53
38.66
40.16
29.81
0.0
30.39
30.37
40.97
34.44
35.91
38.75
38.75
13.69
15.24
17.72
0.0
25.82
26.15
27.05
27.47
26.15
1.278e-06
0.0
1.206e-06
21.11
12.03
28.81
29.9
28.09
28.81
28.81
28.81
0.0
0.0
12.13
15.42
23.82
23.88
21.32
21.32
21.32
14.6
28.94
1.944e-06
12.13
0.0
30.4
29.93
30.86
30.59
29.93
29.93
21.21
10.02
21.62
15.35
0.0
27.79
25.23
30.3
26.49
32.2
25.23
1.086e-06
14.58
0.0
16.07
23.34
25.8
28.51
29.83
25.8
26.17
25.8
15.43
0.0
20.44
0.0
27.39
25.76
30.29
25.76
25.76
9.211
0.0
2.916e-06
11.99
0.0
33.28
32.58
34.85
32.58
32.58
32.58
0.0
33.5
21.86
9.313
23.97
16.8
30.19
17.39
35.23
27.02
17.39
0.0
0.0
2.099e-06
16.4
24.83
30.29
24.83
24.83
24.83
15.78
0.0
0.0
0.0
22.82
24.0
24.0
28.55
27.83
24.0
24.0
12.03
24.02
8.742
21.12
40.5
34.63
39.73
41.57
38.1
7.486
12.12
15.5
0.0
32.17
29.17
25.39
29.18
29.17
12.85
0.0
8.784
0.0
13.82
34.34
32.74
30.24
32.99
32.74
32.74
0.0
11.13
9.737
0.0
15.07
13.31
13.31
18.69
13.31
0.0
13.44
8.945
0.0
21.5
18.94
18.94
22.0
18.94
27.35
25.38
1.443e-06
0.0
27.75
27.75
19.31
18.21
27.75
0.0
16.92
8.987
11.71
0.0
11.86
26.63
27.41
27.37
27.41
30.44
29.16
27.41
13.79
12.87
9.61
13.76
12.94
15.86
15.81
16.06
9.301
7.579
0.0
8.125
0.0
20.91
19.5
20.4
19.5
19.5
10.42
20.14
19.16
12.67
0.0
31.59
31.39
33.35
35.54
31.56
31.39
12.15
23.15
14.29
7.627
31.52
33.39
31.49
31.89
31.52
12.0
23.98
0.0
14.41
45.39
40.76
43.98
44.51
45.39
10.17
28.43
11.36
0.0
17.12
15.65
19.49
28.83
15.65
11.83
0.0
11.2
18.24
18.54
24.35
34.61
33.67
32.34
35.53
31.74
32.28
31.74
0.0
9.935
1.428e-06
0.0
26.02
26.02
26.02
28.02
26.02
8.606
19.44
0.0
0.0
30.18
30.18
27.5
36.39
30.18
8.056
17.22
20.47
11.74
0.0
32.26
30.4
29.5
30.18
28.15
30.4
21.37
17.86
15.45
0.0
28.34
25.44
23.76
19.88
25.44
0.0
14.44
10.33
0.0
33.25
32.43
32.43
32.05
32.43
15.1
18.83
12.8
14.84
29.32
30.03
26.59
31.95
26.55
0.0
25.37
0.0
26.24
30.53
32.29
30.53
30.26
30.53
10.49
0.0
10.39
17.27
17.94
22.01
25.16
21.13
21.17
21.28
21.28
1.445e-06
0.0
0.0
22.97
16.7
27.48
16.7
16.7
16.7
0.0
13.08
12.13
15.67
26.69
28.97
27.01
27.59
27.01
12.6
22.57
2.286e-06
0.0
15.88
18.47
20.72
22.02
23.41
18.47
18.47
2.326e-06
0.0
9.622
0.0
30.44
31.21
31.21
31.21
31.21
13.53
26.65
0.0
8.484
18.56
20.69
19.84
26.4
18.56
0.0
0.0
16.07
0.0
33.71
32.96
32.96
32.96
32.96
0.0
10.98
0.0
15.65
20.21
24.17
20.21
21.99
20.21
10.85
0.0
2.704e-06
0.0
7.085
27.88
29.32
26.95
27.88
27.88
27.88
6.762
9.778
12.49
8.556
0.0
20.96
19.44
19.98
21.82
21.56
19.44
0.0
12.47
0.0
0.0
18.35
18.35
18.35
22.62
18.35
8.791
18.29
8.838
0.0
26.71
25.88
27.7
28.12
25.88
10.65
12.68
0.0
0.0
16.21
38.27
38.27
34.98
35.61
37.66
38.27
7.355
26.88
0.0
0.0
9.298
26.6
26.6
27.78
26.93
26.76
26.6
13.38
0.0
1.92e-06
0.0
32.24
32.24
31.29
32.24
32.24
9.477
16.84
0.0
14.84
27.5
26.46
25.83
29.51
27.5
1.556e-06
0.0
11.29
13.3
20.13
33.02
32.97
33.09
33.09
34.09
33.09
21.15
0.0
15.63
9.432
1.66e-06
28.73
25.57
25.17
28.16
25.17
25.17
7.931
0.0
6.679
22.25
17.22
30.27
28.11
30.86
32.91
29.65
29.65
0.0
12.77
13.29
15.84
27.3
31.94
27.14
25.64
27.14
1.719e-06
0.0
0.0
29.7
7.206
21.46
29.88
21.59
21.46
21.46
21.46
1.563e-06
0.0
10.57
15.78
22.73
30.44
28.13
31.52
28.88
28.88
28.88
7.831
11.01
15.41
0.0
21.53
21.33
23.29
24.41
21.33
0.0
0.0
14.62
0.0
26.94
25.95
25.95
25.95
25.95
1.313e-06
11.86
9.215
0.0
34.22
34.96
34.96
35.34
34.96
12.78
0.0
12.01
15.88
11.79
40.49
36.12
38.97
38.87
37.12
37.12
1.417e-06
0.0
0.0
10.06
19.78
21.05
19.78
19.78
19.78
11.91
0.0
15.56
13.55
0.0
30.63
29.24
28.61
29.24
30.7
29.24
7.526
0.0
5.118
15.41
8.431
21.17
23.56
19.21
21.04
20.97
20.97
11.39
0.0
0.0
21.54
21.54
23.19
21.54
15.37
0.0
0.0
13.71
25.94
29.13
28.23
25.94
25.94
1.622e-06
21.14
13.21
14.57
29.4
29.32
30.21
29.48
30.21
17.91
0.0
0.0
0.0
13.9
33.68
33.68
33.46
36.58
33.68
33.68
0.0
0.0
0.0
21.41
21.41
21.41
21.41
21.41
18.73
22.48
13.46
15.97
28.55
30.24
33.28
18.52
29.46
14.6
17.36
0.0
0.0
24.67
24.67
25.92
22.98
24.67
1.653e-06
5.67
16.79
22.49
27.84
29.07
26.87
28.17
26.87
11.07
0.0
0.0
0.0
31.46
31.46
33.79
31.46
31.46
0.0
17.15
14.19
0.0
28.2
25.98
25.98
30.08
25.98
8.358
0.0
1.621e-06
14.46
14.56
22.33
23.63
18.82
16.87
16.87
16.87
0.0
0.0
11.77
13.51
27.72
28.7
29.37
29.37
29.37
11.1
29.81
9.426
0.0
16.5
31.52
30.51
33.62
31.55
32.98
30.51
12.22
9.889
1.984e-06
10.5
36.95
37.18
36.54
38.62
36.95
5.435
20.9
10.53
0.0
30.08
36.35
36.35
39.61
36.35
14.87
15.71
0.0
14.82
20.28
27.73
22.62
16.66
20.28
1.523e-06
19.78
11.11
21.72
36.24
36.06
34.61
34.49
34.61
19.59
11.26
7.806
0.0
30.84
28.89
23.03
31.65
28.89
13.75
20.39
6.833
0.0
30.96
29.63
31.82
33.47
29.63
10.98
0.0
0.0
21.1
10.68
16.19
24.01
20.62
19.83
16.19
16.19
18.41
0.0
10.54
19.34
34.33
32.83
30.78
34.33
34.33
0.0
10.49
14.54
0.0
23.27
26.8
26.32
33.64
26.32
30.28
26.32
0.0
6.823
14.62
18.72
24.97
26.1
21.25
23.68
21.25
11.0
0.0
6.963
0.0
21.92
22.41
21.55
22.41
22.41
14.74
18.19
22.36
13.66
0.0
24.49
20.09
23.2
25.87
28.06
20.09
0.0
0.0
9.679
14.53
25.49
23.17
23.14
23.14
23.14
10.27
0.0
10.61
0.0
36.3
34.55
34.44
34.55
34.55
1.115e-06
17.44
1.222e-06
20.38
28.48
33.58
28.48
28.34
28.48
0.0
0.0
13.92
16.87
35.85
39.31
40.48
36.91
36.91
40.11
36.91
16.73
0.0
0.0
16.39
20.71
27.92
23.15
20.71
20.71
0.0
15.27
23.04
12.05
0.0
28.32
28.53
28.53
29.28
27.3
28.53
12.99
0.0
0.0
0.0
33.1
33.1
35.74
33.1
33.1
0.0
30.56
8.141
16.16
2.047e-06
38.28
37.16
37.84
37.84
37.4
37.84
10.42
16.96
16.22
0.0
23.87
23.14
25.57
26.09
23.14
0.0
12.38
1.878e-06
0.0
15.91
15.91
15.91
19.8
15.91
15.53
19.81
10.7
0.0
23.74
23.15
26.15
24.41
23.15
13.36
0.0
1.669e-06
15.33
22.49
24.49
24.46
22.49
22.49
1.136e-06
0.0
0.0
11.95
28.65
29.94
28.65
28.65
28.65
6.634
0.0
13.46
0.0
23.0
16.03
13.14
16.03
16.03
0.0
27.78
1.705e-06
0.0
26.15
26.15
26.15
37.28
26.15
12.96
0.0
1.522e-06
0.0
11.85
31.24
34.02
28.76
31.24
31.24
31.24
0.0
0.0
13.29
16.13
32.48
35.08
32.62
32.62
32.62
0.0
19.95
15.01
11.27
9.557
37.75
39.52
40.07
41.47
39.52
40.07
0.0
0.0
15.05
9.787
11.06
21.51
23.95
23.47
22.28
22.28
22.28
11.9
28.56
0.0
22.85
14.63
40.37
40.96
36.76
42.18
41.75
40.37
20.76
0.0
9.6
0.0
10.04
33.56
33.82
33.96
34.8
33.82
33.82
12.26
12.55
0.0
0.0
23.78
23.78
27.31
24.03
23.78
8.858
19.82
9.13
5.214
31.25
32.59
33.8
35.86
32.14
16.17
0.0
15.0
0.0
34.91
32.09
26.14
32.09
32.09
0.0
13.1
0.0
0.0
19.33
19.33
19.33
23.51
19.33
11.67
0.0
19.87
1.506e-06
22.11
38.51
39.13
38.4
38.51
40.14
38.51
0.0
22.05
14.19
0.0
30.66
32.89
32.89
25.45
32.89
12.37
24.3
10.23
10.95
11.39
27.36
28.02
30.59
38.94
29.41
27.22
9.029
0.0
0.0
0.0
24.53
24.53
23.97
24.53
24.53
9.117
22.1
10.41
0.0
18.16
13.2
16.03
25.65
13.2
6.939
0.0
12.41
15.74
33.34
30.99
37.31
36.54
36.54
14.58
12.37
9.958
0.0
23.53
27.07
26.94
24.64
27.07
14.38
0.0
0.0
18.11
15.21
33.57
35.85
38.05
36.67
36.67
36.67
0.0
0.0
12.55
18.63
31.2
28.82
29.34
29.34
29.34
10.04
0.0
0.0
18.11
1.706e-06
26.13
27.19
26.13
29.67
26.13
26.13
10.38
0.0
15.21
11.3
28.15
25.48
25.48
25.09
25.09
0.0
12.18
11.26
0.0
11.26
1.784e-06
1.784e-06
12.18
1.784e-06
11.83
24.85
1.517e-06
21.86
25.89
25.53
29.42
14.03
26.44
10.01
10.01
8.845
0.0
8.891
8.745
10.61
31.37
32.68
28.78
29.99
30.01
29.99
0.0
0.0
16.04
0.0
21.74
18.86
18.86
18.86
18.86
17.74
0.0
21.18
0.0
0.0
25.8
25.8
29.29
25.8
28.46
25.8
10.43
16.83
11.84
0.0
27.88
26.34
29.58
28.95
26.34
11.23
0.0
7.784
6.965
15.28
26.17
23.94
21.06
26.8
25.2
25.2
13.29
0.0
0.0
12.72
24.86
27.98
23.46
24.86
24.86
14.65
0.0
14.07
12.42
2.439e-06
27.47
26.97
26.83
29.95
26.83
26.83
9.31
0.0
8.186
19.89
25.96
20.72
23.25
25.26
25.26
0.0
7.902
2.195e-06
0.0
0.0
35.44
35.44
35.44
35.33
35.44
35.44
12.9
19.03
12.9
9.773
18.72
26.08
29.65
27.46
27.2
27.46
26.05
11.89
8.245
10.19
20.66
10.06
33.14
30.95
32.62
36.13
32.34
31.94
0.0
0.0
15.31
0.0
1.458e-06
27.0
28.42
28.42
28.42
28.42
28.42
11.27
0.0
13.12
21.34
21.48
26.3
20.39
18.59
18.59
15.5
0.0
0.0
0.0
27.88
27.88
28.92
27.88
27.88
7.341
6.96
9.409
0.0
9.575
41.13
41.59
41.48
40.39
40.27
41.59
1.304e-06
12.09
0.0
0.0
28.18
28.18
28.18
30.79
28.18
13.9
0.0
1.852e-06
7.583
0.0
12.48
10.43
18.76
10.43
10.43
10.43
8.586
29.3
10.57
0.0
17.31
13.58
15.19
31.17
13.58
0.0
0.0
7.645
19.66
23.52
29.14
31.28
26.99
26.99
24.58
26.99
20.57
0.0
1.543e-06
17.86
21.33
31.4
37.68
30.04
37.46
31.4
31.4
0.0
0.0
12.33
20.08
23.77
29.36
24.13
32.78
27.8
27.8
27.8
11.23
0.0
0.0
19.6
30.94
34.89
32.67
30.94
30.94
17.5
15.52
0.0
17.1
0.0
29.3
29.87
29.3
29.39
32.08
29.3
0.0
20.08
0.0
0.0
31.34
31.34
31.34
28.01
31.34
12.4
31.36
12.7
19.4
22.38
32.5
28.41
37.26
24.66
0.0
0.0
15.68
15.13
31.19
30.68
30.56
30.56
30.56
0.0
0.0
12.21
14.54
27.85
31.1
26.8
26.8
26.8
14.76
0.0
14.04
14.04
17.37
14.04
17.37
14.76
0.0
14.04
0.0
10.35
18.88
11.71
0.0
18.56
16.12
17.48
24.7
16.12
0.0
22.06
18.76
0.0
25.76
25.31
25.31
32.41
25.31
12.63
17.02
17.78
0.0
0.0
2.333e-06
33.11
33.11
33.11
34.01
32.53
35.23
33.11
8.805
20.71
18.24
0.0
20.08
34.42
32.28
33.74
33.46
30.39
32.28
1.376e-06
0.0
1.451e-06
11.42
15.06
27.74
27.78
26.48
26.48
26.48
26.48
1.456e-06
32.17
14.3
17.15
35.53
39.17
37.08
25.41
37.08
0.0
0.0
13.6
0.0
20.32
18.34
18.34
18.34
18.34
11.82
27.17
2.084e-06
0.0
3.184e-06
22.68
22.68
22.68
25.99
39.76
22.68
0.0
11.98
10.72
0.0
18.38
17.92
17.92
18.02
17.92
10.35
0.0
8.428
0.0
31.9
31.76
32.13
31.76
31.76
0.0
0.0
14.01
7.416
19.2
30.89
32.74
30.65
30.65
29.69
30.65
12.73
8.586
11.1
10.73
0.0
28.79
33.87
36.69
33.23
34.78
33.87
9.116
9.427
0.0
9.112
12.06
13.73
16.12
16.16
12.06
0.0
14.2
6.975
19.16
12.18
31.73
28.92
33.28
33.58
32.99
33.58
0.0
0.0
9.47
0.0
28.62
25.97
25.97
25.97
25.97
12.84
0.0
12.84
12.09
36.53
28.73
35.25
24.71
25.22
24.71
25.22
17.77
0.0
8.881
12.95
27.04
27.44
28.67
26.17
26.17
17.09
0.0
18.57
0.0
13.82
21.99
24.48
24.27
21.99
25.38
21.99
12.75
12.32
8.666
0.0
23.78
22.93
22.28
26.11
22.93
0.0
0.0
6.38
10.06
22.55
30.57
31.05
30.3
30.3
31.34
30.3
0.0
0.0
9.176
21.09
21.07
21.29
19.73
19.73
19.73
12.47
0.0
10.34
0.0
13.85
29.84
27.61
26.67
29.96
27.61
27.61
1.506e-06
14.27
10.87
0.0
25.74
24.8
24.8
28.13
24.8
0.0
20.43
1.932e-06
20.59
11.61
36.4
25.2
25.92
24.35
25.92
25.92
10.16
2.413e-06
8.682
24.74
25.74
30.2
23.68
25.11
25.11
12.06
0.0
2.312e-06
0.0
10.15
34.31
33.76
38.33
34.31
34.31
34.31
0.0
0.0
10.64
0.0
26.31
24.91
24.91
24.91
24.91
9.992
16.63
1.925e-06
0.0
0.0
33.01
33.01
32.11
31.55
33.01
33.01
0.0
18.71
7.502
0.0
19.48
19.44
19.44
28.03
19.44
7.564
0.0
0.0
0.0
21.27
21.27
20.74
21.27
21.27
13.81
14.37
2.509e-06
0.0
35.43
46.82
41.41
48.78
47.14
46.82
46.82
0.0
0.0
12.23
15.73
26.14
26.96
27.69
27.69
27.69
0.0
0.0
13.11
12.64
16.9
35.32
32.2
36.93
36.93
36.15
36.93
1.483e-06
24.0
1.521e-06
0.0
23.85
29.92
29.92
29.79
29.92
32.32
29.92
14.74
0.0
0.0
9.669
20.34
16.47
18.37
25.26
22.15
16.47
16.47
4.782
0.0
5.574
3.829
30.07
29.46
30.56
29.54
29.54
11.67
0.0
16.67
8.745
30.97
30.34
32.87
30.64
30.64
18.15
0.0
0.0
13.76
25.88
25.07
26.79
25.88
25.88
9.496
8.358
5.77
0.0
27.87
27.61
29.25
28.11
27.61
16.23
0.0
18.07
11.21
27.51
29.02
28.51
26.94
26.94
8.916
3.699
7.449
5.991
21.23
23.37
21.9
23.21
23.14
14.69
12.98
10.27
0.0
10.27
0.0
14.69
12.98
0.0
10.82
16.33
0.0
0.0
29.99
29.99
31.1
35.68
29.99
8.334
0.0
11.85
0.0
30.07
30.96
34.55
30.96
30.96
6.912
0.0
14.63
0.0
25.15
23.17
24.58
23.17
23.17
14.19
8.401
15.65
15.0
4.434
28.42
26.59
30.0
27.09
22.97
26.15
13.06
0.0
16.94
11.98
26.49
16.59
20.51
15.03
15.03
17.01
0.0
13.37
11.63
20.76
18.95
23.55
14.58
14.58
14.7
0.0
0.0
3.81
29.52
29.79
31.8
29.52
29.52
9.204
0.0
8.294
7.397
7.988
30.33
30.31
33.14
30.68
31.41
30.68
25.66
0.0
19.43
0.0
25.36
16.15
29.52
16.15
16.15
10.51
9.243
15.05
0.0
35.15
38.07
37.91
37.89
38.07
8.34
0.0
19.83
0.0
37.77
37.13
38.96
37.13
37.13
15.15
10.87
8.452
0.0
27.94
26.58
30.91
28.3
26.58
11.67
11.18
12.77
0.0
28.61
25.83
26.72
29.97
25.83
9.252
7.781
1.697e-06
9.845
13.53
24.6
25.4
23.81
24.81
24.7
24.7
7.344
18.13
7.919
10.63
26.73
27.74
24.63
28.93
25.94
15.02
6.598
22.2
0.0
23.39
26.93
21.58
33.5
30.07
22.47
21.58
12.91
0.0
9.409
12.68
26.56
25.72
28.98
25.77
25.77
10.14
6.45
11.46
8.241
28.25
28.61
29.08
30.6
30.65
10.29
10.18
8.25
0.0
38.88
36.09
31.37
35.87
36.09
17.09
17.37
16.86
10.73
21.26
17.34
20.65
21.94
13.51
12.15
0.0
9.594
0.0
26.45
26.54
25.34
26.54
26.54
0.0
0.0
19.61
9.82
30.35
25.51
23.91
23.91
23.91
6.735
11.8
9.825
10.74
14.67
20.42
17.55
17.08
16.17
23.11
11.03
5.293
7.56
36.02
33.78
38.77
35.88
34.89
13.43
18.17
12.87
8.116
8.227
15.69
14.74
23.35
16.05
7.567
15.37
10.42
6.44
30.83
31.41
29.66
32.58
30.83
14.13
19.01
20.39
14.11
26.31
16.13
16.89
23.5
17.89
15.88
14.58
17.89
8.623
29.79
25.52
26.58
25.15
23.29
8.615
0.0
11.31
13.94
33.34
24.87
28.04
27.8
27.8
13.63
9.358
8.23
0.0
42.21
43.18
43.05
42.91
43.18
12.41
10.32
23.26
24.38
30.73
31.05
35.18
31.76
33.12
11.21
15.15
16.76
9.267
27.45
31.11
32.05
34.21
31.31
14.4
12.79
0.0
22.82
26.73
25.32
26.73
17.91
7.731
16.87
9.25
30.58
28.46
31.91
28.67
28.12
10.56
0.0
11.11
10.44
33.21
29.01
28.87
30.42
30.42
12.74
17.73
11.04
6.287
34.57
29.5
29.83
30.82
30.17
12.96
8.459
14.88
11.28
24.07
20.54
19.35
17.19
15.39
15.09
15.81
11.11
0.0
20.8
17.23
16.23
16.66
17.23
15.55
17.15
15.89
0.0
33.88
32.69
32.31
32.87
32.69
19.84
5.351
18.6
11.48
33.56
23.11
26.61
22.78
22.73
6.027
12.54
12.26
0.0
32.18
32.06
32.47
32.42
32.06
11.68
20.12
15.27
20.87
24.75
25.48
22.96
26.72
22.34
8.05
5.343
13.14
9.343
18.38
20.32
20.52
19.52
18.91
7.055
11.95
15.66
19.2
26.47
26.95
26.52
29.17
26.2
10.67
0.0
7.115
6.196
21.36
22.22
18.97
20.82
20.82
6.396
18.47
9.61
9.372
19.82
22.88
22.92
29.96
22.7
12.1
18.42
0.0
8.28
32.14
30.96
31.85
32.41
32.14
12.29
0.0
19.26
11.6
33.55
30.34
31.59
31.16
31.16
13.04
14.62
13.91
7.811
30.26
30.53
31.13
32.42
29.9
20.74
0.0
11.39
10.81
27.66
25.19
27.66
24.42
24.42
17.34
9.071
14.39
0.0
22.95
16.27
22.63
18.76
16.27
11.68
0.0
8.693
9.019
41.24
41.64
39.89
40.85
40.85
19.84
12.84
23.93
0.0
31.64
25.01
35.96
23.32
25.01
6.363
10.47
20.39
0.0
28.14
29.42
28.76
31.5
29.42
9.573
17.4
9.983
6.557
18.81
23.85
25.4
26.93
22.74
6.791
10.92
10.57
9.478
23.13
24.24
23.5
22.88
23.37
11.85
14.97
8.387
14.61
21.33
17.41
16.76
20.4
20.62
13.7
0.0
1.884e-06
0.0
25.43
25.43
31.34
25.43
25.43
9.817
7.567
10.9
10.99
28.7
27.62
27.27
28.33
27.2
7.673
7.838
18.22
16.0
25.34
32.75
24.9
26.92
25.36
16.49
6.293
10.9
9.599
35.23
31.99
34.43
29.82
30.62
13.32
10.19
0.0
29.2
26.74
32.33
26.74
12.68
0.0
12.75
5.161
18.81
13.43
0.0
12.68
12.68
18.99
13.98
12.25
8.36
26.8
28.14
33.78
29.62
27.86
12.93
4.313
9.982
0.0
34.17
33.01
34.06
32.82
33.01
10.41
0.0
9.532
0.0
34.39
34.36
37.11
34.36
34.36
23.16
10.07
9.904
20.43
13.36
24.13
26.93
14.56
11.02
0.0
15.04
10.3
24.1
25.41
24.33
24.33
24.33
9.683
15.09
7.425
7.799
30.83
31.14
34.27
28.65
31.33
12.1
11.25
4.344
4.976
35.3
35.18
34.95
36.3
35.19
11.39
0.0
13.92
0.0
24.01
26.03
27.12
26.03
26.03
14.56
17.8
11.76
0.0
28.44
26.91
24.95
28.21
26.91
21.31
0.0
20.42
0.0
24.6
17.64
28.78
17.64
17.64
14.49
15.2
16.72
9.688
32.45
32.77
32.68
34.41
33.28
0.0
0.0
15.9
12.84
23.1
24.85
19.88
19.88
19.88
9.442
8.117
8.002
9.296
35.8
35.49
33.31
34.47
34.48
16.27
16.36
14.64
10.94
25.62
25.63
27.4
29.3
25.48
10.71
9.851
16.2
5.624
17.57
23.47
24.8
22.92
22.62
8.673
11.07
9.437
10.6
19.83
20.09
18.88
20.31
17.27
13.75
1.833e-06
13.55
0.0
26.4
21.31
26.6
21.31
21.31
19.09
12.12
13.04
8.823
21.17
23.74
23.05
25.84
21.86
20.8
22.47
1.218e-06
10.95
27.42
26.12
33.81
32.43
27.42
16.53
13.77
6.403
9.129
25.18
26.4
30.5
30.34
26.67
11.9
11.75
24.29
23.15
29.25
34.26
29.27
27.4
30.54
8.728
14.1
17.27
0.0
24.29
28.96
29.15
29.49
28.96
13.12
6.362
1.339e-06
0.0
29.52
29.52
30.23
30.54
29.52
1.435e-06
26.96
10.92
16.35
29.84
31.18
28.06
29.95
28.06
10.27
0.0
13.15
6.955
29.46
28.32
27.4
27.59
27.59
10.29
6.784
15.52
15.84
1.862e-06
27.52
33.15
31.32
35.51
31.78
31.32
20.69
0.0
20.56
15.85
29.68
32.29
30.3
29.47
29.47
8.405
16.7
10.21
0.0
19.26
20.4
19.1
20.05
20.4
19.9
19.57
8.219
6.638
32.26
31.1
27.39
26.76
31.12
11.88
0.0
13.96
5.784
36.16
37.01
35.82
36.44
36.44
17.16
0.0
17.84
0.0
26.11
23.59
26.47
23.59
23.59
15.74
0.0
0.0
4.321
17.99
18.85
25.34
17.99
17.99
7.628
6.645
7.049
0.0
29.84
30.95
31.64
31.14
30.95
13.01
0.0
12.84
5.184
25.82
27.58
27.8
26.92
26.92
17.22
0.0
9.239
0.0
29.84
27.77
26.39
27.77
27.77
15.76
0.0
10.14
15.69
10.14
15.69
15.76
0.0
0.0
8.955
12.18
14.43
0.0
23.08
19.03
21.67
20.37
19.03
20.57
16.76
22.85
0.0
31.86
20.57
16.24
26.5
20.57
12.59
0.0
9.59
0.0
30.86
31.69
31.82
31.69
31.69
0.0
0.0
12.2
0.0
30.75
25.92
25.92
25.92
25.92
14.89
7.385
12.55
19.4
33.33
32.39
27.12
31.99
30.55
16.07
15.1
5.925
6.087
23.17
24.7
27.32
28.37
23.72
21.16
9.702
28.68
0.0
28.87
30.83
20.11
32.56
30.83
15.08
10.74
15.88
0.0
36.81
30.5
25.74
30.36
30.5
18.7
17.61
0.0
18.48
13.05
21.07
22.17
20.29
13.05
9.318
7.499
7.76
6.542
30.43
31.93
32.13
31.84
31.07
16.15
7.54
15.37
8.787
25.46
29.11
28.95
29.93
28.94
0.0
10.2
8.262
6.763
25.78
27.33
25.74
25.5
25.74
7.241
0.0
7.344
4.802
0.0
6.807
10.49
7.344
7.344
6.567
10.35
4.641
0.0
25.64
25.86
26.4
25.23
25.86
23.93
13.05
18.1
11.58
13.88
26.79
21.21
29.94
25.23
15.18
4.714
14.73
8.009
29.0
29.82
29.65
28.57
28.58
11.29
5.499
18.19
12.19
34.91
37.85
36.79
38.12
36.85
18.67
0.0
12.58
0.0
27.2
29.53
33.57
29.53
29.53
7.163
8.138
0.0
8.106
30.54
31.62
31.75
31.03
30.54
26.11
0.0
15.35
10.24
34.66
32.7
36.34
31.93
31.93
24.84
11.85
16.92
0.0
24.46
18.78
23.26
21.0
18.78
8.758
8.739
10.8
0.0
31.67
30.05
32.15
30.36
30.05
12.46
15.69
0.0
9.307
31.66
34.22
32.27
33.03
31.66
9.737
7.151
11.42
10.24
20.27
16.97
17.85
19.03
17.26
13.86
9.603
15.22
8.692
29.99
31.84
32.68
33.72
32.75
0.0
7.216
0.0
0.0
20.43
20.43
20.43
21.66
20.43
12.53
9.371
9.902
6.497
29.42
30.18
31.23
31.28
29.93
14.54
0.0
22.1
15.7
30.84
21.18
19.64
20.8
20.8
11.25
7.755
2.456e-06
15.38
11.13
27.81
22.83
21.82
24.32
24.31
24.31
10.51
4.386
10.74
0.0
22.46
20.78
21.03
21.05
20.78
11.75
16.76
13.85
6.995
29.9
30.18
30.85
32.55
30.3
0.0
22.15
8.291
3.97
28.09
27.21
27.34
30.82
27.34
16.11
13.01
8.291
3.383
25.59
23.8
26.09
24.1
23.96
14.88
4.514
13.47
5.33
19.55
16.65
15.76
16.64
15.83
8.894
5.672
8.176
0.0
23.1
23.13
20.69
23.64
23.13
0.0
0.0
21.51
4.517
23.37
21.95
21.94
21.94
21.94
18.11
19.52
12.79
13.82
29.96
34.82
33.22
35.57
33.43
15.63
8.444
18.49
10.61
21.63
28.62
28.75
28.48
26.7
9.962
5.124
12.96
11.06
41.13
39.71
39.85
39.37
39.47
13.35
10.84
13.18
0.0
29.18
28.77
27.89
29.19
28.77
12.07
4.308
11.17
0.0
29.66
28.64
28.82
28.96
28.64
25.32
0.0
12.96
0.0
27.87
31.56
29.33
31.56
31.56
0.0
7.282
8.603
8.088
33.5
34.68
33.91
34.72
33.91
8.139
0.0
1.303e-06
8.881
15.45
17.16
14.11
15.45
15.45
0.0
0.0
13.38
0.0
14.55
12.74
12.74
12.74
12.74
16.39
13.21
5.305
6.086
36.38
37.07
35.56
36.34
36.09
0.0
0.0
0.0
9.495
23.2
23.37
23.2
23.2
23.2
11.91
9.054
8.965
16.8
15.09
24.16
19.38
17.24
15.24
26.34
0.0
11.27
9.676
25.85
23.69
31.88
24.98
24.98
14.58
10.24
11.97
0.0
27.08
24.41
27.6
26.16
24.41
9.2
7.541
14.72
0.0
30.61
31.19
32.34
31.57
31.19
15.92
7.512
12.91
9.425
30.15
29.4
33.75
29.31
29.03
19.03
0.0
17.9
7.665
33.62
31.0
26.52
29.88
29.88
17.73
5.631
26.17
0.0
28.76
36.95
36.59
34.59
36.95
17.67
9.859
14.67
0.0
14.31
21.58
26.69
22.77
21.58
8.061
7.097
10.64
9.21
36.53
36.36
36.38
35.58
35.31
9.456
14.76
0.0
7.321
38.71
38.34
37.57
40.46
38.71
7.974
0.0
8.999
6.861
28.93
29.31
29.13
28.3
28.3
9.641
8.871
23.91
0.0
29.3
29.93
32.11
29.7
29.93
13.36
15.22
14.3
10.16
20.32
18.93
22.21
26.0
20.26
8.59
7.576
12.61
8.334
28.24
28.8
29.83
29.02
28.06
18.53
0.0
17.55
0.0
36.91
36.35
45.08
36.35
36.35
0.0
16.07
0.0
0.0
33.44
33.44
33.44
30.74
33.44
9.786
0.0
19.72
19.89
35.64
39.44
35.86
38.04
38.04
19.45
19.72
0.0
14.18
0.0
31.04
32.71
33.25
36.22
32.71
32.71
19.58
0.0
7.498
0.0
20.42
19.14
21.1
19.14
19.14
10.7
14.23
10.9
5.641
31.52
31.75
30.6
32.55
31.63
0.0
9.847
20.03
21.95
29.41
33.45
27.76
30.64
27.76
10.88
3.355
9.046
8.441
24.9
24.12
31.46
24.76
24.56
8.747
0.0
7.319
7.591
29.11
28.88
29.55
28.91
28.91
14.08
19.74
11.73
9.807
34.97
33.53
36.44
35.74
34.15
12.43
14.64
24.66
0.0
40.03
31.82
33.86
32.43
31.82
8.589
0.0
10.95
12.06
20.11
20.46
20.46
18.65
18.65
13.3
20.75
14.21
10.23
35.56
37.9
36.69
34.29
36.03
15.91
17.4
10.84
16.02
27.01
25.37
25.71
26.67
25.8
9.213
7.405
13.57
0.0
26.13
29.88
27.89
31.0
29.88
17.36
13.8
0.0
12.69
21.92
22.16
17.35
24.55
21.92
21.21
16.48
0.0
8.589
34.55
36.13
40.95
37.26
34.55
0.0
0.0
13.52
9.772
10.97
26.19
29.05
27.07
27.07
26.08
27.07
0.0
10.4
20.18
0.0
31.54
33.09
33.09
35.3
33.09
15.62
8.229
13.04
14.28
30.95
28.93
30.03
33.17
31.36
11.75
12.16
24.45
13.46
29.97
22.24
21.71
21.27
19.98
10.58
15.31
19.66
0.0
24.19
23.85
24.37
26.26
23.85
21.01
22.91
14.16
7.898
36.75
36.04
36.95
37.13
36.17
8.729
10.73
15.18
7.662
22.24
22.89
24.13
22.26
21.54
11.34
7.235
13.1
9.883
26.64
23.65
24.54
23.4
21.96
17.92
20.64
21.59
21.03
26.86
25.45
30.02
30.85
24.28
22.07
21.51
10.94
8.609
34.07
34.39
35.31
36.77
35.75
14.05
0.0
7.907
2.944
29.01
28.43
27.78
28.68
28.68
8.102
0.0
7.903
13.87
17.18
20.65
18.87
16.65
16.65
8.85
0.0
0.0
11.08
10.24
9.61
10.46
10.24
10.24
18.05
14.55
9.71
12.6
36.5
34.41
33.69
31.88
31.45
15.66
13.7
15.65
8.796
27.42
26.93
31.57
26.73
26.84
8.586
0.0
0.0
7.07
1.198e-06
23.38
23.74
23.38
23.55
23.38
23.38
24.25
0.0
17.25
0.0
31.19
27.44
21.47
27.44
27.44
0.0
0.0
13.1
0.0
29.33
30.13
30.13
30.13
30.13
5.967
4.989
13.8
0.0
28.41
29.36
29.68
29.31
29.36
7.345
6.431
10.01
9.254
21.52
23.12
22.44
22.25
21.65
17.41
16.6
10.41
0.0
9.483
14.51
16.64
19.24
22.69
18.78
14.51
13.88
0.0
16.78
0.0
35.34
27.41
27.58
27.41
27.41
12.15
9.466
13.2
13.4
27.65
25.55
27.29
26.6
25.95
9.455
6.832
12.23
15.19
14.55
16.21
19.51
19.69
18.65
0.0
0.0
6.625
5.664
33.11
33.51
33.22
33.22
33.22
7.203
9.817
0.0
6.679
29.16
29.89
29.94
30.57
29.16
18.08
0.0
16.62
14.07
33.64
31.17
25.84
30.37
30.37
14.47
10.41
7.387
5.841
31.94
32.94
34.68
33.55
32.03
14.19
12.09
8.464
7.971
28.32
27.14
21.45
27.22
27.58
7.2
5.662
19.09
18.99
32.12
31.51
32.93
33.52
32.43
14.4
8.591
0.0
0.0
27.93
27.93
23.65
28.97
27.93
16.79
11.14
0.0
7.291
31.14
31.46
31.09
31.82
31.14
13.26
10.77
0.0
0.0
15.9
15.9
17.93
13.72
15.9
9.207
4.035
8.89
11.05
33.35
33.53
30.75
33.38
32.81
35.98
39.93
30.12
36.08
39.61
40.42
41.99
36.94
37.06
42.75
35.36
44.7
31.24
33.33
43.36
35.77
38.45
35.19
27.35
41.05
40.17
36.6
27.47
39.97
44.32
38.86
40.09
35.58
39.55
43.35
36.61
38.12
36.01
40.22
44.89
37.23
37.96
40.44
34.86
39.34
46.41
34.17
28.83
48.98
38.47
38.53
33.69
42.18
45.47
31.83
37.92
39.94
37.53
35.05
40.57
37.19
42.7
37.37
34.39
34.48
38.7
48.87
35.38
37.58
41.61
35.66
43.73
41.32
29.92
38.24
28.62
41.79
36.41
36.28
43.74
33.97
41.41
29.46
47.47
46.34
42.26
34.23
45.06
43.2
33.04
42.09
38.75
36.17
41.73
34.37
41.1
42.12
31.45
40.33
32.08
38.02
38.17
41.53
35.28
41.17
44.91
41.05
37.07
37.78
40.1
46.28
39.79
43.85
36.87
28.79
42.32
41.5
36.63
32.76
24.45
34.0
25.98
35.9
34.89
36.39
34.23
37.82
45.29
45.76
38.13
40.12
41.65
41.4
45.81
41.4
34.95
40.43
38.05
32.84
44.2
41.64
26.85
43.65
42.67
40.95
45.82
39.86
38.83
33.77
33.41
35.36
32.98
45.34
32.03
35.9
38.57
36.04
53.97
42.45
44.42
31.0
47.12
34.17
39.45
37.56
41.51
42.43
37.39
41.24
37.27
39.53
41.09
40.44
39.87
35.33
33.73
24.72
37.29
32.84
36.54
46.48
28.94
40.56
40.2
36.12
31.07
44.52
34.35
39.4
47.08
33.36
34.84
37.24
41.44
32.27
33.48
36.7
49.62
40.16
34.45
40.41
56.17
38.81
38.69
43.16
33.03
36.01
30.81
48.25
39.49
38.63
40.53
28.88
30.45
37.28
38.65
42.75
36.08
38.83
42.93
44.56
36.96
40.54
36.44
44.88
35.88
40.36
42.65
39.97
37.29
48.84
43.03
35.58
39.21
42.0
38.06
31.95
41.36
43.2
42.29
39.58
38.06
42.24
38.54
34.68
39.13
