2.646
1.433
4.358
0.0
3.538
0.0
7.038
3.564
3.434
2.318
4.658
1.766
3.757
1.603
5.771
2.371
0.0
5.14
1.635
0.0
3.278
3.453
3.032
3.108
3.878
2.644
0.0
4.325
2.564
1.66
3.259
0.0
3.369
5.254
4.828
2.169
3.027
2.012
3.874
3.848
4.328
3.005
5.1
4.015
2.735
4.099
5.098
4.783
3.1
3.226
3.226
4.574
3.115
4.331
3.874
3.299
4.975
4.331
3.893
2.304
6.297
3.845
2.605
4.452
4.452
3.398
3.752
3.21
4.239
2.667
2.866
5.231
4.998
4.278
4.077
5.039
4.439
2.947
2.608
3.854
2.561
3.995
2.399
4.404
3.241
4.374
4.022
3.736
3.908
4.756
3.682
2.667
3.908
6.03
5.152
6.601
3.089
4.72
5.292
4.585
2.723
4.916
2.184
4.502
3.407
4.363
2.628
4.207
5.101
3.428
2.371
2.056
4.265
4.267
2.506
1.384
3.709
5.271
7.176
4.552
5.728
4.217
4.217
5.118
3.756
3.126
3.876
5.127
3.556
5.949
3.233
5.77
4.692
2.282
2.943
1.902
5.099
5.083
1.886
3.708
3.832
5.053
3.771
8.367
5.33
4.114
4.941
4.43
4.313
2.146
3.922
5.154
2.62
5.186
4.542
7.948
4.277
3.899
3.357
5.554
3.163
6.62
4.328
3.785
2.062
4.02
5.912
5.662
6.83
6.674
3.949
2.047
3.688
3.21
4.766
7.168
3.338
3.042
4.567
2.736
3.133
4.515
5.379
3.318
1.803
3.066
4.688
6.927
6.843
3.188
3.151
5.597
4.403
3.797
3.869
4.436
5.202
3.456
4.863
2.13
7.647
6.895
7.179
4.882
3.641
6.412
5.422
4.941
4.793
7.114
6.345
3.734
3.961
6.465
5.975
4.805
5.44
4.589
3.008
6.284
6.277
7.253
3.904
7.098
6.703
6.559
3.268
6.625
7.059
7.308
2.05
7.374
5.231
3.718
4.886
7.423
7.546
7.59
5.469
4.26
3.471
3.218
4.752
5.784
3.104
5.565
3.806
2.242
1.393
7.549
6.817
6.282
4.015
6.379
3.394
3.409
4.643
3.65
5.374
6.66
2.377
6.763
7.759
5.078
6.095
6.401
3.446
4.355
3.508
3.802
5.284
4.583
5.13
6.893
7.964
6.987
6.2
7.182
3.285
6.715
5.123
3.652
8.256
7.404
8.863
7.257
6.342
2.547
5.268
3.931
3.598
5.192
4.206
7.811
6.865
5.656
4.555
7.329
3.931
3.587
2.978
4.01
5.545
3.633
7.318
5.263
5.691
5.32
6.32
7.391
4.807
4.405
6.704
5.41
4.618
7.571
2.287
7.47
4.096
3.135
5.457
5.62
6.39
6.034
4.717
5.249
5.058
6.189
5.119
4.837
6.767
5.896
6.259
7.687
7.519
7.621
7.011
7.203
4.223
4.967
4.797
4.03
5.867
6.306
7.226
6.06
7.303
6.227
3.427
6.896
2.784
5.051
8.06
7.895
7.382
7.504
6.961
4.863
4.862
6.959
7.081
6.749
7.698
4.123
5.923
7.826
7.853
6.29
4.259
5.786
5.899
8.373
7.581
4.557
7.261
6.158
3.355
3.695
4.94
6.478
5.007
3.844
4.631
4.531
6.071
7.081
7.062
6.916
5.208
5.221
6.277
2.839
4.562
4.062
7.862
7.214
5.335
4.905
5.528
4.76
6.509
6.419
3.72
5.639
7.179
7.644
7.78
4.621
6.364
6.201
7.32
6.864
3.747
5.128
2.577
7.645
6.99
6.362
5.714
5.87
5.24
6.668
5.933
7.522
5.728
4.615
7.981
7.284
3.438
5.971
7.686
6.79
6.828
5.068
4.397
7.204
4.416
6.041
6.971
7.97
6.307
4.944
5.933
4.165
4.305
6.891
6.953
5.26
5.737
4.536
7.964
7.336
7.369
7.343
4.984
8.157
5.486
4.46
6.535
5.681
7.763
6.659
5.444
6.381
4.848
8.528
6.432
6.615
8.011
8.161
6.926
5.533
6.398
6.677
5.925
7.153
5.845
5.928
5.836
5.207
6.876
3.589
5.221
8.284
5.508
4.768
5.661
7.221
7.547
7.239
6.351
6.951
6.668
6.511
3.197
3.699
3.319
3.264
0.0
4.68
3.1
0.0
2.62
4.502
3.181
1.952
4.249
3.453
3.505
3.907
3.453
3.124
1.797
4.781
2.247
2.506
3.878
3.616
4.502
4.502
3.564
3.564
4.502
4.502
3.43
1.615
3.149
0.0
1.401
3.343
2.323
4.969
4.026
5.043
4.107
0.0
5.354
4.585
2.138
4.7
6.024
0.0
4.191
6.77
1.598
2.723
2.753
1.684
4.056
5.146
3.149
2.282
1.631
3.724
1.632
3.521
3.777
3.299
2.987
3.961
6.247
4.753
3.793
5.496
1.118
5.098
3.9
5.302
3.155
4.981
3.653
5.164
3.746
1.62
0.9518
3.294
5.201
6.992
4.694
3.854
0.0
5.604
5.078
5.991
5.604
3.468
3.752
2.73
4.114
4.359
6.107
4.127
3.373
3.74
2.667
4.598
4.823
6.03
6.251
2.987
3.928
3.401
4.833
5.51
6.435
6.435
7.567
4.433
4.38
3.15
4.306
3.107
5.479
4.725
5.237
3.668
3.3
4.429
5.759
4.036
4.756
5.961
1.071
1.633
2.705
3.456
2.433
7.433
4.173
3.896
6.475
5.138
1.393
4.373
1.833
4.79
5.246
5.208
4.267
4.21
4.962
4.2
5.705
5.675
3.317
2.38
3.241
4.329
2.197
4.763
3.92
5.457
4.038
5.381
5.014
3.126
5.17
3.445
5.095
3.718
3.425
4.131
7.208
4.726
5.463
4.495
5.382
8.496
2.014
5.076
3.521
4.746
5.61
4.036
5.874
4.174
5.759
3.895
5.894
5.748
7.224
4.057
2.435
4.661
3.353
5.497
4.249
7.608
3.245
4.617
5.418
4.783
3.623
5.803
4.618
5.014
4.91
6.324
6.578
6.894
4.432
4.613
7.277
5.232
4.882
5.15
2.287
5.334
7.566
6.589
5.276
3.321
5.199
3.471
7.299
8.066
5.589
4.502
7.314
3.56
4.083
6.26
6.984
6.891
6.636
6.828
7.512
5.545
5.449
1.13
4.8
5.481
3.832
6.189
3.484
3.738
7.493
7.37
6.713
5.96
4.651
5.114
6.468
6.373
6.036
6.466
5.502
2.168
4.009
2.667
4.461
6.735
3.778
7.858
4.675
6.653
6.465
7.504
4.097
5.048
6.943
3.033
5.416
8.365
5.553
3.434
6.181
7.48
3.259
4.974
4.316
3.969
4.74
6.317
3.643
5.102
5.265
5.35
5.359
5.503
5.292
4.061
7.466
6.263
7.746
6.722
4.592
6.686
3.609
3.941
6.096
5.489
5.671
3.529
5.369
7.283
3.726
6.916
4.848
2.753
8.613
6.803
4.138
4.868
4.015
4.785
3.656
4.492
5.294
6.444
4.528
4.28
7.447
7.955
5.448
4.88
6.47
7.023
6.487
4.057
4.397
6.82
7.498
4.83
5.075
5.219
8.971
6.838
5.763
7.805
5.514
5.753
7.212
4.976
4.066
5.808
4.837
5.097
2.707
7.696
1.885
4.809
5.998
5.512
5.233
7.575
4.224
7.214
7.016
6.887
7.268
6.09
7.354
3.887
6.958
5.877
4.113
5.192
8.11
7.458
7.57
6.57
7.761
7.727
7.357
7.106
8.677
5.121
7.913
6.96
6.632
8.52
2.588
7.106
5.204
7.192
4.699
4.914
6.051
4.65
7.492
6.473
4.807
6.586
3.779
7.434
5.428
5.814
4.358
6.303
7.304
4.977
4.944
5.2
8.095
4.918
5.269
5.939
5.878
5.835
5.891
5.722
6.798
7.318
4.885
8.708
6.062
4.681
6.52
7.427
8.106
6.911
6.471
6.522
6.385
3.296
8.051
7.216
6.385
6.516
7.472
6.634
7.463
4.089
5.7
5.51
7.613
3.367
7.385
6.707
6.945
4.119
5.23
7.158
7.195
4.311
7.013
6.688
5.937
5.746
6.988
7.191
6.863
6.225
7.12
4.477
6.504
7.141
7.673
5.35
7.806
6.442
6.094
5.607
4.576
7.695
5.234
7.668
7.848
6.512
5.578
4.92
7.197
5.527
4.935
7.004
3.828
6.754
5.091
5.355
6.409
5.22
8.01
6.516
5.142
6.682
5.237
5.107
5.502
6.753
6.211
6.397
5.445
5.689
6.659
6.918
5.284
7.346
8.14
5.338
7.042
7.05
7.59
5.933
6.963
6.643
7.908
6.249
7.408
6.414
2.555
5.396
4.259
3.984
3.415
5.923
0.0
3.599
4.851
3.086
3.368
2.403
7.452
3.986
2.998
6.193
5.605
4.85
5.364
6.005
7.619
5.29
4.465
7.768
3.588
3.853
2.821
3.052
6.273
5.365
5.035
3.828
5.923
4.967
6.316
3.57
3.894
5.282
3.376
2.691
4.328
5.821
6.484
4.631
2.772
5.979
3.757
6.361
3.932
5.208
7.523
6.137
2.632
4.547
2.886
5.195
6.565
2.987
3.6
3.602
7.242
8.235
4.595
3.972
3.263
4.194
5.075
5.665
5.065
4.394
3.519
4.393
6.054
7.266
4.943
6.138
4.659
6.51
4.473
4.1
5.013
6.218
1.259
3.539
7.016
3.326
4.899
0.0
0.0
7.375
3.83
3.709
7.331
4.319
2.836
7.216
6.228
2.779
4.567
4.95
6.983
6.132
3.819
3.234
4.784
5.887
3.731
3.321
8.541
5.688
1.432
0.0
2.495
4.553
5.12
6.682
6.939
0.0
4.878
5.664
5.434
5.804
6.246
4.391
4.952
5.894
6.112
4.684
3.304
4.35
1.848
2.607
6.231
3.369
5.3
6.329
4.319
1.885
6.501
6.083
5.836
5.109
3.311
7.334
7.119
3.818
5.445
7.854
4.35
5.042
4.319
5.769
7.061
4.682
4.105
3.464
4.747
1.64
4.696
3.226
5.887
5.944
3.629
2.331
3.347
2.753
4.002
6.392
6.508
6.714
3.003
2.983
6.39
5.449
4.181
4.493
3.851
3.35
7.035
4.298
5.77
5.773
5.865
6.181
2.816
8.346
6.75
3.356
6.659
4.79
4.934
5.433
7.185
4.511
5.37
4.138
5.477
5.597
6.761
6.68
1.543
8.233
4.485
0.0
3.407
7.245
4.389
3.086
5.61
3.839
4.328
5.649
3.92
5.915
4.506
5.472
4.667
5.23
4.363
7.695
7.74
5.198
6.761
4.308
5.775
3.699
7.208
3.511
4.043
7.291
5.711
4.044
5.066
5.605
5.547
4.818
6.733
3.334
6.273
4.222
6.644
3.864
6.61
3.822
4.444
3.547
5.285
3.441
2.225
3.937
6.028
2.928
6.153
0.0
3.615
5.593
3.035
6.01
2.436
5.597
6.398
4.413
4.421
7.388
4.262
6.148
2.546
1.606
5.376
7.587
5.993
7.817
6.625
6.613
5.48
1.826
4.354
5.488
5.157
6.862
4.892
4.252
5.269
3.436
2.588
5.714
4.342
2.688
3.683
8.551
4.91
4.217
2.808
5.155
4.245
3.325
6.61
5.932
2.64
5.775
5.369
5.983
2.751
6.431
6.765
3.362
6.502
3.996
5.797
4.841
3.358
5.952
5.989
6.708
3.846
6.562
2.403
5.973
3.926
5.361
3.58
2.06
4.587
4.15
3.867
4.915
4.565
4.646
5.298
2.195
5.05
7.4
2.778
1.261
5.861
7.824
5.945
4.175
5.971
4.743
2.466
5.192
3.524
4.042
2.453
6.789
4.134
4.124
5.118
4.17
5.089
5.694
4.334
7.438
2.195
3.168
3.299
7.048
5.435
4.156
6.554
1.029
1.802
4.842
3.993
2.751
0.9087
3.771
4.309
5.373
2.781
2.484
7.495
5.97
5.339
3.571
4.903
3.871
7.587
7.337
4.738
7.257
7.674
3.801
4.863
6.075
3.168
4.153
7.469
2.837
3.925
2.739
8.118
6.875
3.239
2.948
3.821
5.063
4.481
4.038
7.238
4.449
2.05
3.41
4.824
2.153
3.204
2.125
4.086
4.488
5.16
4.948
3.977
4.032
5.58
4.953
6.961
1.201
3.885
4.583
2.075
5.273
6.971
3.995
4.878
3.307
5.149
4.245
2.997
1.838
5.151
5.3
5.722
2.996
5.484
3.233
3.949
3.0
1.567
3.925
3.325
4.928
3.496
7.275
8.149
3.73
7.522
5.052
1.069
2.494
1.298
2.508
5.385
3.567
3.334
6.221
5.864
3.113
3.786
5.987
6.935
4.974
5.803
5.205
3.235
4.913
3.616
4.015
5.131
3.008
6.686
3.654
3.62
4.191
7.226
2.936
5.116
4.884
4.217
4.581
6.081
7.68
5.687
6.19
5.87
7.005
4.549
4.645
3.925
1.74
3.16
3.15
0.0
4.653
6.215
3.828
5.635
3.478
6.787
2.466
2.924
6.035
6.766
2.248
7.526
3.51
2.274
5.597
5.821
1.03
5.341
5.843
2.718
6.049
7.018
4.681
4.778
2.505
3.825
7.009
6.422
5.539
6.874
4.576
0.0
3.549
4.647
4.107
1.629
5.365
3.569
3.813
6.363
5.616
2.365
5.607
5.588
2.487
0.0
6.951
3.724
7.575
4.04
3.016
4.671
3.327
6.16
4.345
5.876
6.606
2.597
2.183
7.23
4.194
6.784
4.92
7.686
2.9
3.802
6.548
4.051
6.251
4.627
2.975
5.324
6.535
4.771
2.673
6.45
5.198
2.108
4.703
5.693
3.143
5.2
6.209
6.213
0.0
6.803
4.794
4.337
6.506
3.584e-07
6.041
6.802
1.473
2.35
5.004
4.987
3.746
3.669
2.759
5.112
5.722
5.078
4.843
7.642
3.732
4.476
5.622
2.707
7.628
7.335
5.755
3.55
3.324
6.226
5.703
0.0
5.888
4.949
6.882
2.743
2.577
1.829
5.369
3.327
4.906
7.894
4.158
5.46
5.038
5.054
4.237
5.965
6.294
3.557
3.922
4.783
4.902
5.302
3.587
8.143
1.916
8.289
3.942
6.721
4.217
3.775
4.037
5.896
3.571
6.644
1.637
4.776
2.38
6.681
2.764
6.682
4.28
3.249
6.517
6.504
6.26
2.656
1.439
3.561
6.329
3.155
6.838
5.488
6.264
6.602
7.284
7.171
2.459
2.079
3.909
3.953
3.609
4.214
4.126
3.337
4.878
4.865
1.927
5.316
4.409
2.422
5.05
1.783
5.379
1.344
1.946
6.291
5.333
1.912
7.811
4.564
7.185
2.513
4.281
8.137
8.471
5.925
6.556
3.761
6.145
5.37
5.037
6.087
4.412
4.697
2.597
6.273
3.808
7.057
5.174
8.913
4.422
0.0
5.568
8.134
3.623
6.839
2.839
5.935
5.99
6.248
6.275
5.652
4.665
5.296
3.37
5.925
4.511
4.055
4.892
1.863
4.017
7.691
3.893
0.0
5.006
5.577
4.299
6.032
3.741
6.061
7.095
3.607
7.517
5.064
4.102
6.543
7.454
5.787
0.0
5.699
2.451
4.132
5.62
7.621
6.206
5.025
5.159
4.683
6.934
4.076
5.871
6.519
5.514
7.452
2.286
4.671
6.355
5.567
3.776
4.022
5.169
6.991
3.381
2.054
5.209
0.0
6.379
5.314
7.395
4.929
6.512
4.401
2.013
6.982
5.864
4.835
5.933
7.052
4.4
2.318
6.441
6.59
6.622
3.619
4.775
4.298
5.793
3.013
7.408
1.721
6.78
3.944
6.952
5.242
4.462
7.247
5.146
6.744
4.014
7.641
6.1
4.055
5.358
6.363
5.08
6.076
3.196
3.91
4.457
3.056
4.553
2.626
2.899
2.198
4.822
5.206
5.572
2.577
5.431
4.423
1.848
7.14
3.531
3.172
1.463
4.895
3.595
6.414
4.557
2.494
4.749
6.699
3.396
4.853
6.314
5.787
4.872
1.044
6.124
5.516
6.3
3.284
7.036
3.782
5.549
5.475
6.513
7.497
7.306
4.233
8.039
3.486
4.926
4.176
2.641
4.238
1.852
5.21
5.466
8.813
4.114
4.383
5.047
3.931
5.657
5.289
2.4
6.208
4.036
6.075
3.048
7.483
6.81
0.0
6.765
4.034
4.245
7.084
3.125
6.322
4.257
6.782
4.072
6.789
3.287
3.647
3.376
5.091
3.239
5.004
1.511
5.316
1.791
6.471
4.911
9.032
3.582
5.224
6.199
2.942
4.133
5.841
5.865
6.801
2.786
6.917
4.728
4.069
3.994
6.592
7.838
4.578
5.556
6.606
5.338
2.812
6.968
2.072
5.979
7.62
7.682
5.615
2.923
5.485
5.307
1.854
5.604
1.246
4.152
3.419
6.978
3.767
7.187
1.234
3.844
5.811
6.915
4.368
6.731
6.272
6.735
4.236
4.239
4.882
3.851
1.182
6.916
5.099
3.904
5.613
5.148
6.713
6.278
2.081
4.926
5.617
4.606
5.578
7.073
3.537
1.598
5.749
1.855
7.54
5.649
4.671
2.929
5.541
6.608
1.981
3.591
1.623
3.173
6.175
5.431
4.457
5.736
6.887
6.177
7.047
6.058
4.619
7.655
7.193
7.039
7.362
6.279
3.042
4.332
5.347
5.801
4.228
3.251
2.89
5.218
1.977
4.792
0.0
8.689
6.776
0.0
1.483
6.065
0.0
3.961
4.298
4.769
6.349
4.123
3.015
2.863
2.903
2.329
0.0
5.537
3.072
6.118
4.911
4.762
0.0
3.848
4.97
0.0
4.823
4.156
2.771
3.14
0.0
5.102
7.401
3.416
0.0
3.201
5.131
3.731
4.752
3.351
3.015
1.784
4.09
2.82
5.682
3.086
0.0
2.912
5.475
0.0
2.689
0.0
3.928
5.255
0.0
0.0
4.729
4.275
2.543
2.993
4.263
2.637
4.944
3.968
0.0
4.868
2.693
2.693
4.508
0.0
5.281
4.273
0.0
4.737
3.08
0.0
5.233
3.781
6.732
4.977
0.0
3.89
6.16
0.0
5.504
6.333
0.0
2.985
6.238
2.81
2.691
4.239
4.536
3.188
3.318
3.564
5.233
2.723
5.585
0.0
5.192
3.913
3.313
0.0
4.553
3.351
0.0
2.805
2.766
2.196
3.676
2.057
0.0
4.334
0.0
0.0
8.089
1.99
2.748
4.282
2.919
2.069
3.395
4.809
1.869
4.566
3.227
3.38
5.229
0.0
5.085
3.963
4.627
7.117
3.155
3.427
4.372
6.304
4.699
4.516
4.811
4.264
5.627
6.776
3.122
2.069
0.0
3.463
3.83
2.334
0.0
6.151
3.646
1.704
5.451
0.0
3.154
2.239
4.147
6.319
3.481
3.814
4.37
0.0
2.038
4.967
2.901
4.617
0.0
3.825
0.0
4.669
5.421
4.589
0.0
1.965
4.336
5.418
0.6628
0.0
0.0
6.279
3.927
5.686
0.0
0.0
2.098
1.732
0.0
4.069
2.721
0.0
4.994
3.303
0.0
3.382
2.768
0.0
5.34
4.64
0.0
0.0
4.09
2.11
0.0
2.434
2.101
5.608
7.486
3.463
4.389
0.0
1.595
4.97
4.393
4.696
3.904
3.007
0.0
5.387
2.626
0.0
5.306
0.0
0.0
5.75
4.707
1.079
7.233
3.176
3.781
0.0
4.508
3.332
2.423
2.668
1.398
4.553
4.501
0.9562
2.224
6.003
4.97
4.644
0.0
6.671
0.0
3.616
0.0
0.0
5.14
2.983
0.0
4.93
3.22
0.0
2.508
2.664
1.729
1.689
0.0
2.895
3.463
6.238
3.497
4.297
4.769
0.0
0.0
0.0
4.707
3.488
4.852
4.164
0.0
4.363
0.0
0.0
4.962
3.188
0.0
4.859
3.774
1.776
2.875e-07
3.742
2.069
5.348
5.22
2.895
2.888
2.432
2.686
1.779
4.723
4.393
5.058
0.0
0.0
3.766
2.983
3.782
5.857
0.0
0.0
6.535
3.155
0.0
8.465
4.723
3.634
4.106
5.166
6.593
0.0
1.683
8.089
3.746
5.965
3.704
0.0
3.396
2.943
2.518
5.477
3.598
0.0
5.857
0.0
3.847
3.804
4.833
0.0
3.842
0.0
2.751
5.502
0.0
0.0
6.299
3.141
0.0
4.659
3.328
0.0
4.495
0.0
4.911
3.826
2.378
0.0
4.788
3.007
2.263
7.012
5.959
2.052
4.682
6.89
2.518
4.216
3.215
3.943
5.044
3.599
4.215
4.519
5.6
4.297
4.412
3.25
2.895
3.707
0.0
6.319
3.983
0.0
0.0
4.871
5.585
2.371
2.925
0.0
3.791
5.857
3.007
3.235
6.279
3.51
1.704
7.03
0.0
6.319
4.424
4.938
5.099
6.19
3.558
5.555
1.415
0.0
5.801
1.502
1.718
4.616
5.55
0.0
3.802
0.0
2.719
4.146
5.116
0.0
5.838
0.0
2.069
6.687
2.971
5.058
0.0
4.09
3.895
3.888
4.777
5.163
4.258
1.421
3.3
2.718
3.824
6.613
3.868
3.852
4.31
5.126
3.892
3.749
2.617
2.676
3.65
4.486
3.63
5.463
2.042
4.267
4.756
2.185
5.038
3.861e-07
3.743
2.294
4.81
2.809
3.465
4.192
3.657
6.13
5.078
3.233
4.218
4.87
5.721
3.807
5.192
5.862
2.801
3.608
3.277
3.6
5.236
4.89
5.825
2.79
4.889
2.072
1.244
0.9644
7.082
4.439
3.956
3.787
3.741
6.065
2.402
2.248
2.09
5.361
4.88
2.962
2.073
5.484
5.596
5.53
7.543
0.7578
2.162
4.216
4.943
3.433
1.874
1.428
4.832
4.591
4.359
5.46
2.162
5.198
4.572
4.307
5.039
3.447
4.093
3.96
3.122
4.089
5.371
2.505
2.867
2.195
3.882
2.347
3.71
4.629
4.241
6.169
6.704
2.848
2.788
5.975
4.312
6.135
3.928
3.346
5.91
6.001
3.39
4.381
3.991
4.147
2.871
1.825
5.091
4.119
3.028
4.425
4.389
4.456
3.845
5.637
3.935
4.785
3.829
4.165
4.015
5.032
2.178
4.498
5.762
5.513
1.001
5.088
2.309
3.864
2.319
3.981
4.94
4.011
4.25
3.473
4.055
3.861
5.534
5.012
3.597
3.448
3.96
3.817
5.43
2.696
4.036
3.65
5.509
5.266
5.584
2.544
2.29
5.841
3.54
3.869
3.907
2.807
5.617
6.416
1.786
2.666
3.777
5.731
4.026
2.574
3.709
4.259
3.022
4.313
5.12
2.454
3.729
6.75
3.778
3.267
1.053
4.276
4.252
3.365
3.014
2.712
1.373
4.776
4.931
3.936
4.635
1.703
4.442
3.174
6.047
4.5
4.971
6.66
1.28
3.638
4.122
4.019
3.686
3.785
2.818
5.909
3.418
7.749
4.665
2.582e-07
2.684
3.072
6.6
5.164
3.086
1.846
2.983
5.641
4.079
3.44
3.849
6.968
5.44
4.072
5.483
5.064
4.611
2.638
4.304
3.999
3.795
3.894
1.46
6.272
4.009
4.918
5.106
6.34
4.94
4.126
2.884
3.702
5.061
4.941
3.787
3.255
4.584
3.773
3.412
6.386
3.526
4.32
4.481
5.24
7.386
5.202
5.649
3.367
4.578
3.724
5.632
3.899
5.413
3.543
4.505
4.84
3.452
5.056
5.165
4.792
5.74
5.345
3.33
4.003
3.069
4.422
3.773
5.601
5.835
4.657
3.917
4.695
6.015
3.094
2.418
4.05
3.541
4.588
4.771
3.727
3.981
4.038
2.689
4.634
5.746
6.487
5.079
5.289
2.363
3.783
6.275
2.921
3.893
3.456
4.392
6.912
3.121
2.677
3.348
4.467e-07
5.684
5.635
4.17
4.025
4.225
3.847
4.731
3.706
2.827
3.098
3.429
4.291
3.293
4.364
5.875
3.597
2.285
3.758
3.186
3.2
3.841
5.713
4.249
6.387
5.304
6.175
5.361
2.484
2.969
3.844
4.614
6.423
2.834
4.877
4.146
5.099
2.595
1.831
1.775
3.16
5.297
6.703
2.778
2.256
5.055
2.279
2.13
5.502
5.593
2.698
6.057
2.152
3.576
3.402
5.887
5.064
2.584
4.622
4.09
1.33
4.824
4.397
3.342
4.959
0.0
6.654
4.183
5.921
4.01
1.922
4.256
3.393
4.569
2.868
4.195
1.942
5.056
2.817
5.058
2.11
5.209
3.544
4.175
3.326
4.004
3.877
5.633
5.6
3.764
3.824
4.037
2.814
3.65
2.323
6.09
2.497
3.696
3.064
3.999
3.549
3.895
4.75
3.069
4.031
3.998
4.072
2.736
4.31
5.913
2.37
2.977
1.649
4.54
6.551
1.938
4.745
5.108
5.234
5.065
3.836
6.316
6.864
6.251
6.737
2.414
2.767
7.455
2.323
6.382
5.548
4.13
2.333
3.92
7.102
6.206
3.418
1.964
3.779
4.712
5.344
1.143
2.588
4.542
1.638
2.449
4.324
2.966
2.418
2.986
1.437
3.348
4.693
2.439
4.024
3.817
4.232
2.701
4.659
5.25
5.946
3.536
2.685
3.915
5.932
3.347
3.061
3.328
3.326
2.574
3.943
1.762
3.867
3.534
2.186
4.526
4.079
7.324
4.162
4.465
2.683
4.631
3.786
3.884
4.869
5.361
5.294
4.221
3.957
3.984
5.895
5.262
3.904
4.773
3.264
2.221
2.308e-07
3.837
3.863
5.303
2.179
3.268
4.616
3.805
5.17
5.55
1.953
4.586
5.678
3.244
4.399
6.587
4.074
2.403
4.623
3.936
4.501
5.507
2.468
5.424
3.492
4.946
2.303
1.728
3.524
4.506
4.81
6.164
4.804
5.045
4.24
4.641
6.222
5.907
1.555
3.52
2.298
2.574
4.942
4.632
2.489
4.154
1.963
3.005
4.796
3.832
1.861
4.597
3.472
4.439
1.641
3.646
3.23
4.309
4.622
2.562
2.67
6.521
1.987
3.623
5.218
4.566
5.217
5.558
3.629
3.096
6.661
5.351
2.054
3.109
5.037
2.286
3.942
3.057
1.96
5.928
4.195
3.365
2.73
5.15
4.592
3.862
5.988
5.414
3.382
5.448
3.343
4.557
5.364
4.733
6.626
2.244
1.668
1.593
4.09
5.437
6.868
6.671
6.3
3.728
4.065
4.265
4.511
4.148
4.209
4.273
3.679
2.842
8.515
2.459
4.046
2.227
5.629
4.82
5.01
5.345
2.823
5.732
2.531
3.255
2.76
6.507
5.624
4.07
2.774
6.125
4.481
2.949
3.803
3.612
2.566
3.627
4.96
1.685
2.654
5.015
5.405
3.583
3.96
5.692
6.187
1.487
4.925
6.174
3.876
4.476
4.561
2.401
5.756
1.811
2.342
2.008
2.857
4.545
6.876
8.461
3.541
4.033
3.48
2.698
4.885
2.768
2.619
2.803
1.367
3.588
1.945
5.491
5.645
4.06
5.639
4.568
1.505
5.536
6.568
5.795
1.967
3.797
4.74
4.509
4.463
5.716
3.348
2.048
2.828
2.042
4.662
4.277
5.984
2.51
3.619
4.872
5.335
7.245
1.423
1.638
5.324
6.753
2.701
0.0
5.253
3.279
3.321
4.286
5.812
3.04
4.098
5.854
5.943
2.946
3.252
4.172
3.652
3.055
2.734
4.821
3.774
4.116
2.755
4.997
6.5
4.753
3.207
2.33
5.693
4.495
4.634
3.981
6.041
3.203
5.52
2.695
3.653
2.539
6.219
3.305
5.883
3.011
5.45
3.595
5.059
5.673
3.835
3.474
1.794
3.128
4.493
2.609
5.935
3.683
2.69
4.132
5.137
5.18
4.066
3.361
2.004
4.248
6.438
3.866
6.219
4.158
2.504
4.462
0.0
4.308
4.766
2.527
3.784
4.52
5.489
3.714
5.4
2.586
5.069
5.844
4.179
2.667
2.285
2.429
6.012
2.669
3.149
3.539
1.422
2.417
5.586
2.982
3.34
4.251
4.682
4.245
6.803
0.9054
4.239
4.799
4.348
5.419
4.786
3.825
4.034
4.188
4.117
5.024
5.74
3.63
3.977
5.066
2.612
4.046
2.281
5.885
3.662
5.869
4.832
6.013
3.896
4.521
3.432
4.401
1.196
3.531
6.34
4.849
5.143
5.632
4.376
7.366
5.139
2.726
3.338
4.579
3.392
4.12
4.452
4.703
7.09
5.225
3.214
5.403
3.672
1.564
3.426
5.103
4.208
3.671
4.058
3.286
2.495
5.569
3.519
3.783e-07
3.386
3.838
4.884
5.067
4.832
3.555
5.062
4.637
4.124
4.649
1.081
6.639
4.339
5.162
1.885
3.264
1.706
4.629
5.486
3.609
7.468
3.554
3.467
4.631
2.031
4.502
4.191
2.557
3.88
4.125
4.361
2.836
3.398
2.431
2.428
2.659
4.419
4.615
3.285
6.378
2.949
3.841
4.183
6.075
5.668
5.193
3.259
4.973
3.559
5.003
3.01
1.574
2.512
5.007
6.018
4.621
2.476
2.076
2.325
3.414
6.754
4.329
3.97
3.691
4.462
1.803
2.652
3.99
5.273
5.244
3.033
4.642
3.657
6.155
3.165
7.226
2.416
4.999
3.25
2.454
6.021
3.98
5.203
3.447
3.561
4.993
1.978
3.852
3.216
2.41
4.507e-07
5.062
3.594
6.59
4.372
6.32
4.476
3.184
2.032
4.508
4.883
3.964
4.621
4.984
2.589
4.588
3.157
0.0
3.167
2.286
2.77
3.612
3.563
5.481
3.656
2.908
5.891
1.602
4.825
2.87
3.253
2.86
3.951
3.117
5.775
4.494
3.271
3.279
5.312
6.437
3.02
3.849
4.494
2.58
6.557
5.807
7.235
3.966
4.771
2.644
2.688
4.597
3.933
4.017
4.626
3.389
1.635
4.652
3.357
1.796
5.96
3.16
2.685
5.913
3.128
2.153
5.774
3.594
1.053
8.183
3.635
2.802
4.113
4.633
3.691
5.274
8.115
4.833
8.684
4.865
2.415
4.273
4.482
3.126
4.795
3.632
2.035
7.445
6.258
2.08
5.739
3.979
1.783
4.73
4.143
2.331
5.911
3.223
2.461
5.185
4.166
2.635
4.495
4.662
2.803
4.072
3.36
2.461
4.877
5.171
3.259
8.487
4.093
7.722
4.387
2.597
2.587
5.487
4.859
3.905
6.438
3.531
3.521
6.3
3.954
2.267
4.189
4.309
3.904
6.18
4.704
2.221
4.79
3.662
1.793
4.844
4.537
5.753
6.145
2.177
1.314
6.714
4.012
2.294
7.27
6.68
2.414
3.435
5.581
2.848
4.772
4.86
1.557
4.647
5.611
2.345
4.686
3.622
4.738
6.072
3.229
3.213
4.02
2.351
1.599
7.938
3.55
3.97
4.776
4.434
3.78
4.051
3.56
3.11
6.544
4.305
4.272
6.22
2.298
5.385
6.371
6.161
4.072
4.457
7.896
2.822
6.549
2.648
5.556
5.262
3.956
3.012
6.116
2.456
2.522
3.651
3.097
2.182
4.231
5.286
1.34
5.493
4.533
4.307
4.872
3.957
4.51
4.617
4.243
2.531
3.771
3.412
2.959
3.825
4.444
3.45
7.965
3.53
5.759
3.78
4.094
2.968
4.95
4.62
1.328
5.004
3.515
2.825
4.298
1.652
6.602
4.682
4.188
3.658
6.308
4.033
2.096
8.596
4.654
1.996
6.269
3.521
3.185
8.899
3.942
2.618
4.742
3.272
3.367
8.261
3.632
3.952e-07
5.635
2.924
1.493
5.15
4.818
2.117
6.227
3.468
2.368
6.797
3.12
1.979
6.103
2.774
2.54
6.714
4.781
2.763
5.971
3.868
1.38
5.368
3.352
3.193
5.005
3.676
6.07
3.255
6.642
4.237
7.097
6.265
3.508
3.453
3.336
1.893
6.223
8.134
6.485
3.653
7.076
3.924
3.434
4.312
5.416
5.742
3.345
3.621
5.625
4.81
4.443
2.979
3.523
4.184
4.552
4.678
7.836
3.797
6.628
2.865
6.648
4.233
4.834
4.36
5.766
3.945
6.451
4.753
6.505
4.322
6.336
4.055
4.769
3.308
3.462
3.947
4.6
3.801
5.187
5.642
5.164
5.157
4.267
3.858
4.981
4.906
3.817
2.802
5.659
4.258
6.057
3.06
4.181
0.0
5.708
4.182
3.488
6.797
5.722
6.474
2.738
6.485
7.303
4.827
0.0
2.232
4.257
6.383
8.536
4.853
6.615
3.558
5.605
5.515
6.235
6.294
3.448
3.828
4.095
2.189
5.978
3.925
4.473
4.991
6.34
0.0
6.46
1.421
7.143
4.245
4.65
6.635
6.426
6.095
7.538
6.702
5.834
7.394
7.65
4.447
4.003
3.673
4.584
5.1
4.049
5.163
4.779
0.0
5.471
0.0
6.398
2.731
2.739
3.914
7.392
7.02
3.869
6.295
2.637
3.472
5.436
4.958
3.0
4.842
5.099
7.693
4.659
5.711
4.169
5.182
2.803
4.505
3.496
2.621
7.571
3.748
5.425
2.127
6.804
6.702
4.505
6.179
6.268
4.742
2.665
3.046
1.954
2.745
4.925
5.988
3.51
5.972
4.553
1.835
6.07
5.145
0.0
6.418
3.581
0.0
5.633
4.952
2.842
7.953
4.055
7.891
5.57
5.479
4.927
5.828
5.65
4.872
6.872
5.157
5.86
3.875
7.51
6.73
4.412
7.471
6.287
3.883
3.378
3.562
6.281
6.26
3.866
4.136
6.852
6.322
4.015
0.0
1.988
4.771
2.836
2.636
4.466
3.72
4.857
7.314
3.802
6.559
0.0
7.129
1.541
4.03
6.533
7.422
3.588
7.099
6.008
2.363
3.861
4.043
5.475
2.5
3.204
2.491
0.0
4.926
6.573
4.073
4.87
0.0
5.599
4.721
0.0
3.17
5.89
4.409
5.499
4.71
4.536
4.556
0.0
7.86
7.493
4.209
5.437
5.969
7.389
4.088
4.568
4.129
5.003
4.473
6.749
0.0
4.077
6.374
0.0
0.0
3.441
4.363
4.723
3.649
1.213
5.903
5.201
4.812
3.206
7.656
6.16
2.235
2.606
4.947
5.033
5.881
6.066
0.0
2.483
5.168
4.137
5.55
5.099
2.005
2.446
3.302
4.328
2.899
0.0
4.018
6.899
3.496
2.853
4.052
4.802
6.391
5.463
4.071
4.117
7.685
2.568
2.875
4.425
6.736
4.407
2.093
4.996
0.0
5.374
4.676
0.0
4.414
2.873
5.064
2.391
4.946
3.67
5.944
6.899
6.534
6.298
6.484
6.485
3.498
6.732
7.5
2.771
5.786
5.77
6.545
3.292
4.003
5.588
0.0
6.412
0.0
1.94
0.0
4.297
7.624
3.192
5.205
3.903
4.827
4.932
5.736
7.741
2.212
5.264
5.471
0.0
6.344
6.421
4.592
5.489
2.665
7.352
2.856
2.82
3.401
1.7
2.873
7.269
6.118
2.01
7.108
0.0
3.921
5.273
4.463
5.547
3.825
5.436
7.226
4.311
2.383
5.551
3.174
4.199
4.518
5.984
4.527
6.421
5.089
1.765
6.693
4.906
6.855
0.0
4.541
4.107
6.064
5.126
7.307
6.473
4.69
3.669
4.349
0.0
4.866
6.229
5.635
5.348
7.26
4.71
5.249
4.881
3.788
3.147
6.532
6.681
4.881
1.993
7.5
7.596
6.698
2.029
5.33
3.25
3.869
6.509
6.684
4.631
6.467
5.431
2.984
8.006
4.868
5.001
2.908
4.672
2.694
7.057
4.297
5.396
4.484
6.264
2.366
3.638
0.0
3.281
4.303
4.398
5.763
6.578
3.375
5.671
2.756
4.932
1.912
6.488
4.985
3.381
5.42
6.519
0.0
3.933
2.754
2.778
6.39
4.024
5.468
2.781
7.19
1.327
3.929
6.405
4.363
6.329
5.226
4.083
3.461
6.972
5.39
0.0
5.01
6.339
4.327
4.987
5.699
3.095
7.574
4.096
5.928
5.984
5.091
3.708
5.145
7.606
4.025
3.226
0.0
3.452
7.499
6.441
3.942
2.497
3.09
1.11
8.517
6.366
5.382
7.084
4.523
6.0
6.445
3.973
3.815
6.089
6.583
4.36
4.999
3.482
4.378
4.963
3.99
8.505
2.256
7.461
5.468
1.636
3.813
5.092
3.364
4.266
6.0
5.521
4.827
2.201
4.42
6.303
4.686
6.196
3.246
7.787
5.086
7.842
7.238
6.444
0.0
0.0
0.0
0.0
4.618
6.26
3.192
5.441
2.758
5.84
0.0
4.778
4.351
2.229
2.601
5.906
3.633
3.715
1.322
5.505
4.113
7.589
4.947
5.16
5.434
4.931
3.326
2.437
0.0
4.409
0.0
2.637
1.14
4.366
3.384
3.346
5.515
7.527
4.116
5.131
5.847
4.873
4.643
4.493
4.022
2.653
3.012
3.76
2.821
5.251
5.552
3.971
3.215
6.263
5.653
5.698
5.485
7.531
0.0
4.015
2.604
6.773
2.795
2.549
5.024
3.181
7.464
6.681
2.733
5.824
4.092
6.017
2.478
4.952
1.883
5.771
4.633
2.801
4.97
6.236
5.982
5.404
6.884
3.972
4.314
3.038
2.579
6.7
6.714
6.634
7.604
2.094
2.761
5.502
6.037
4.779
2.659
5.527
2.331
5.247
4.339
6.739
5.115
6.897
2.292
5.375
4.088
3.808
4.592
4.541
0.0
1.444
0.0
2.156
1.489
2.949
0.0
3.811
0.0
4.024
5.686
1.749
5.281
3.814
4.811
4.283
5.319
4.065
4.856
6.555
4.154
5.218
3.64
6.797
6.485
6.609
3.055
3.448
2.452
2.294
4.498
6.424
7.736
4.978
3.339
8.916
3.2
6.781
1.312
5.337
3.238
5.881
4.143
2.986
3.534
5.189
3.627
5.512
4.444
3.976
6.928
4.226
5.58
4.233
4.211
2.479
4.179
6.25
6.347
3.978
4.775
4.521
6.271
2.363
7.668
5.099
6.777
4.658
5.102
2.029
4.668
3.092
1.884
6.439
3.791
3.512
0.0
6.397
5.628
6.263
5.428
7.7
7.115
6.305
5.203
0.0
5.029
4.047
7.109
7.465
1.185
6.549
2.634
4.949
8.068
1.628
0.0
6.326
2.899
7.531
1.946
3.169
3.716
5.552
2.298
5.253
4.985
1.591
3.433
5.892
1.242
6.433
6.148
5.995
1.471
2.239
7.74
6.54
6.109
2.352
9.458
6.399
5.068
5.021
4.303
8.366
5.08
3.955
8.019
1.558
6.878
4.486
4.666
3.462
4.129
3.053
7.63
6.776
5.446
6.562
3.749
4.649
4.164
3.835
5.134
5.893
5.571
3.642
3.891
3.649
5.077
7.429
4.934
4.688
0.0
5.649
3.805
4.803
6.012
7.932
5.988
4.332
4.253
5.914
7.339
3.898
0.0
7.252
1.772
5.442
5.387
5.749
5.561
5.16
4.503
5.451
4.744
6.321
4.252
3.896
3.329
6.255
4.434
5.533
3.924
3.669
1.818
3.603
5.76
5.482
6.169
2.133
2.299
4.777
4.792
5.358
6.461
6.47
5.406
9.405
4.025
6.85
4.017
7.534
4.189
6.5
7.383
5.726
2.272
2.907
2.705
0.0
5.073
3.707
2.432
3.002
3.938
6.131
0.0
4.672
5.656
1.99
1.917
5.546
2.266
3.168
5.695
2.174
5.123
3.895
5.828
2.823
4.626
2.857
5.333
7.519
5.991
5.848
5.263
5.318
5.908
5.008
4.525
6.014
0.0
0.0
0.0
2.289
2.708
3.864
3.278
7.34
5.421
4.256
6.7
5.884
5.697
5.17
4.571
4.565
3.337
3.589
4.298
6.083
5.285
0.0
7.053
7.246
4.737
7.226
2.181
4.234
3.041
6.868
4.196
6.112
7.025
2.135
0.0
3.542
4.109
0.0
4.403
3.723
5.154
4.08
3.387
6.005
0.0
1.977
3.92
6.043
7.079
6.283
4.446
3.463
5.129
3.6
6.592
7.497
7.059
5.544
0.0
5.76
7.009
0.0
6.241
4.472
0.0
2.893
0.0
4.955
5.663
4.018
3.801
5.135
7.298
1.12
3.178
3.215
3.492
3.937
5.699
5.416
6.907
4.373
3.366
0.0
5.035
6.303
3.202
6.426
1.422
6.439
5.243
5.706
5.948
4.993
2.67
3.175
4.446
6.273
4.542
4.135
0.0
3.988
2.218
3.854
5.149
8.168
5.452
7.535
5.138
1.494
4.773
6.913
6.885
5.016
2.767
2.882
4.489
5.964
6.373
3.677
5.059
5.663
0.0
4.107
5.493
5.384
3.636
5.182
2.919
3.447
2.335
4.953
0.0
6.165
6.604
3.919
3.505
4.38
3.809
2.318
5.928
6.976
1.54
6.314
4.592
4.802
4.888
3.305
1.765
6.193
4.609
7.677
7.664
0.0
6.58
2.72
4.211
7.113
6.311
4.628
3.033
2.517
5.495
1.734
7.548
5.194
0.0
5.831
5.186
5.365
4.666
5.518
4.452
6.556
7.197
4.03
4.259
5.048
5.784
6.164
7.498
5.01
0.0
4.956
6.803
3.352
7.222
4.579
7.257
6.959
4.092
2.411
6.305
8.158
2.783
7.943
6.17
4.597
5.611
6.797
6.528
6.646
4.617
3.863
4.259
3.74
3.088
5.119
5.633
5.684
6.064
0.0
5.311
3.806
0.0
5.876
1.444
5.52
7.963
3.059
4.88
2.936
4.455
3.906
2.876
2.81
2.957
5.934
7.095
4.576
4.769
5.76
0.0
2.181
5.21
2.864
6.917
1.962
0.0
2.123
3.936
5.097
5.044
5.613
2.793
6.249
6.715
0.0
5.368
1.4
2.141
0.0
5.974
4.246
3.383
2.493
4.877
2.318
0.0
2.431
4.851
7.014
7.111
6.994
7.202
6.933
7.541
6.546
3.319
5.254
7.265
1.912
6.404
6.154
5.605
4.687
2.465
4.412
5.769
6.01
3.61
7.203
6.328
4.975
7.151
3.911
6.042
7.594
1.328
4.658
5.14
3.973
4.64
4.473
0.0
2.506
8.111
2.321
6.212
3.734
7.419
2.033
0.0
3.573
4.191
7.281
3.847
3.293
6.363
4.387
2.829
7.703
7.885
7.59
5.34
6.138
2.79
0.0
5.837
2.24
5.616
5.855
5.39
6.76
0.0
3.006
6.046
1.957
4.981
3.987
7.649
2.487
3.204
5.66
6.45
3.348
3.362
5.323
3.808
4.592
5.802
7.47
5.364
7.539
6.097
4.877
3.615
5.86
5.92
2.393
3.554
4.587
7.188
5.77
6.6
5.96
6.229
4.013
6.08
3.643
4.402
3.913
4.186
4.048
7.262
2.945
7.568
4.975
2.289
4.186
7.04
0.0
0.0
3.61
6.969
0.0
0.0
5.217
4.461
5.867
2.526
5.253
5.455
3.565
6.578
7.67
3.6
0.0
6.256
6.118
5.886
0.0
1.4
6.421
4.44
5.933
5.475
7.86
4.899
7.688
0.0
3.905
3.605
4.987
5.211
5.306
5.706
3.451
5.426
8.92
4.552
4.806
3.332
5.243
5.754
2.251
3.834
6.988
7.198
7.243
0.0
4.541
4.857
5.035
6.645
4.128
4.727
3.534
7.284
4.72
6.063
6.475
0.0
7.138
4.769
5.422
0.0
3.433
5.807
6.452
5.493
2.039
2.465
4.126
6.522
0.0
0.0
4.889
4.347
3.987
6.757
2.576
3.554
2.145
0.0
5.59
5.345
0.0
1.308
2.651
6.36
6.336
4.069
3.845
2.857
1.623
5.195
3.572
5.067
2.292
6.189
5.785
5.206
6.804
3.534
3.375
4.336
6.25
5.23
7.674
2.042
6.902
1.297
4.892
3.878
7.686
5.328
5.39
3.525
3.989
2.834
7.076
0.0
3.492
5.318
4.391
4.092
4.374
0.0
4.819
3.528
5.958
7.284
7.313
2.84
4.798
5.992
4.984
5.632
3.083
3.204
2.042
4.153
4.845
4.263
6.87
2.61
3.459
7.732
4.195
5.003
6.853
2.833
3.085
4.671
4.934
3.722
6.588
6.732
5.554
4.168
4.279
5.064
4.777
5.712
0.0
3.437
3.498
6.496
5.865
0.0
0.0
4.48
0.0
4.413
3.029
3.609
3.905
6.102
3.224
0.0
7.596
6.778
5.272
0.0
5.938
6.75
3.08
8.583
6.606
5.893
4.003
7.503
4.704
6.727
6.122
4.886
5.733
3.717
2.432
6.821
2.835
8.022
2.936
1.991
4.488
2.219
4.903
3.11
2.338
3.024
5.585
4.753
7.959
3.277
4.89
2.607
5.839
2.174
5.055
0.0
5.275
7.186
5.334
3.654
4.171
4.309
2.251
6.394
5.227
4.021
7.109
4.304
6.803
4.115
5.473
6.955
5.862
7.086
3.331
2.358
7.426
3.863
7.932
6.19
2.18
3.088
2.767
2.45
3.006
3.937
2.123
5.202
0.0
3.222
0.0
0.0
4.187
2.75
0.0
3.622
4.435
2.097
4.178
3.506
6.517
3.157
4.311
3.064
3.59
3.555
2.637
2.515
4.997
3.344
3.882
2.24
3.546
3.482
3.642
4.892
3.509
5.179
2.248
3.173
5.676
4.983
4.611
7.676
3.092
4.633
3.311
5.689
4.846
2.461
4.94
5.978
5.06
7.036
5.404
5.342
6.076
5.333
6.095
6.338
5.049
5.569
5.146
4.505
6.44
5.5
6.13
6.891
6.64
4.393
4.462
4.267
4.685
7.134
5.11
7.873
5.508
3.154
4.69
2.313
2.318
2.155
4.367
3.583
5.402
2.318
2.659
2.155
2.964
3.151
1.196
0.0
5.79
4.595
6.429
5.644
5.029
3.34
3.835
6.163
4.664
3.169
7.233
5.569
2.789
7.865
4.579
6.967
5.462
4.757
3.446
4.516
6.138
4.409
6.339
4.872
6.108
6.311
5.168
5.708
5.117
4.438
6.0
6.667
2.5
4.627
4.302
2.794
4.559
6.574
5.788
6.902
6.741
7.69
6.552
6.287
6.313
6.673
5.203
6.948
6.588
6.175
4.386
7.328
5.97
6.839
6.784
6.902
8.317
6.616
7.078
5.278
6.509
4.108
8.023
6.008
