3.888
9.625
6.322
17.29
4.195
7.091
5.947
9.845
8.628
3.925
12.12
12.12
8.52
4.295
12.12
13.12
2.936
10.7
4.398
5.641
4.566
7.211
5.306
12.88
4.759
7.431
6.906
2.604
7.212
3.787
10.66
8.199
9.105
6.626
7.45
4.703
7.913
10.55
4.647
3.022
6.035
1.606
2.861
7.02
2.877
9.085
1.285
2.638
12.02
22.98
7.104
13.41
12.58
3.46
9.131
7.418
14.43
5.161
10.95
6.224
10.95
16.56
8.804
20.72
19.76
16.99
16.31
25.52
23.04
2.439
13.73
2.159
10.69
14.4
8.711
12.65
18.63
9.585
0.0
4.116
16.48
8.957
2.945
14.01
6.454
12.77
13.82
2.435
15.65
7.033
3.334
13.73
2.465
11.65
6.837
7.578
8.195
14.99
9.781
9.332
5.472
11.67
6.555
10.38
8.002
8.002
8.633
9.008
8.507
8.094
5.974
16.15
11.69
14.58
13.89
12.97
12.9
12.41
13.25
13.51
10.16
15.32
15.55
8.514
8.39
2.834
13.15
13.72
9.849
12.46
1.584
11.14
0.8893
12.09
12.05
1.39
4.51
9.065
9.287
1.805
0.5388
10.7
25.28
12.24
4.36
11.18
6.853
13.43
3.222
15.27
5.997
5.559
4.517
5.726
5.986
15.61
11.77
2.263
0.916
8.971
7.802
7.881
16.78
10.56
7.3
3.819
1.999
7.113
1.398e-07
15.42
18.66
8.754
1.459
0.0
2.888
4.969
14.94
16.46
13.4
5.994
4.196
4.24
9.155
11.65
11.73
9.197
7.957
2.676
3.887
5.311
12.46
10.63
10.98
7.948
13.47
13.64
11.27
0.0
2.837
11.56
11.37
10.52
6.558
6.438
6.535
10.86
1.896
8.338
17.34
13.18
11.78
4.446
4.446
4.725
7.283
10.22
11.09
7.52
6.693
0.0
4.616
12.89
8.208
11.42
3.851
4.133
2.605
14.47
14.04
26.75
9.572
6.809
6.809
12.37
9.423
12.82
7.968
10.32
16.8
14.54
5.851
5.464
16.28
4.663
9.264
2.74
8.42
12.8
4.686
5.875
2.006
12.4
2.843
12.77
8.686
2.686
5.927
3.55
22.24
13.91
7.658
7.905
15.81
4.338
14.49
5.559
5.494
11.37
4.788
17.81
8.671
9.402
16.76
20.42
2.398
8.945
12.33
5.248
10.46
4.683
7.53
4.827
6.83
13.5
11.66
9.394
15.86
3.997
12.27
15.17
12.61
11.19
11.39
4.651
16.88
14.58
20.64
3.898
23.96
12.36
5.911
8.642
0.3621
8.823
0.9784
2.978
3.792
6.275
2.055
7.517
11.45
4.694
3.723
3.721
5.029
5.501
1.704
6.879
1.43
10.33
6.71
0.6318
12.44
4.819
1.549
9.133
5.352
2.697
17.59
15.88
9.238
8.622
6.81
3.322
4.887
4.752
9.3
11.91
7.131
1.321
5.522
1.56
7.573
4.513
6.125
12.98
5.344
3.588
1.162
10.55
4.495
0.6552
5.815
14.63
5.574
3.366
13.33
0.0
0.9399
6.994
6.465
3.877
11.08
9.776
12.07
10.07
12.48
1.518
7.323
14.32
1.241
6.582
6.25
0.5442
6.066
6.14
8.013
8.523
2.436
0.0
17.15
6.558
0.8947
0.606
1.433
1.033
6.478
5.775e-07
14.55
12.35
8.806
8.607
8.39
8.126
3.991
12.34
0.6847
16.1
9.663
9.879
9.562
8.7
0.8635
19.51
1.919
4.399
2.25
0.7606
10.06
8.709
6.46
9.975
2.827
2.718
1.061
1.903
7.877
7.807
1.689
4.158
0.7618
8.372
5.212
6.591
5.227
5.515
0.892
4.023
10.63
2.216
5.136
4.799
4.684
9.836
5.432
7.853
4.972
1.884
2.581
2.528
4.243
9.039
6.359
2.667
13.89
11.68
5.181
3.304
10.11
7.128
9.201
1.683
3.329
4.131
12.12
5.594
5.821
6.011
11.62
7.18
7.647
0.0
13.75
3.693
3.381
5.682
9.686
3.934
7.451
8.326
6.948
8.709
8.546
7.623
9.332
7.363
10.62
2.397
1.157
0.0
6.178
2.036
5.478
11.18
2.149
2.181
9.486
17.45
7.755
15.34
10.64
20.32
18.07
12.24
11.01
14.08
14.47
18.47
15.83
14.9
