182.1
129.7
221.7
0.0
230.4
0.0
444.0
225.7
207.2
170.5
229.7
136.6
224.4
164.2
332.5
216.2
0.0
388.3
120.2
0.0
206.1
205.0
166.4
221.1
163.4
203.0
0.0
185.3
129.5
114.9
213.9
0.0
285.3
216.6
209.6
179.3
196.5
132.2
207.9
160.9
233.0
206.1
324.4
216.5
165.8
235.9
319.3
197.6
163.2
173.5
173.5
365.0
211.7
227.0
207.9
235.8
207.1
327.8
255.9
163.9
427.6
197.0
160.1
284.5
284.5
219.9
234.5
207.5
352.8
196.8
194.1
347.8
250.6
237.7
205.0
270.9
174.9
143.3
190.2
264.2
175.5
244.5
161.4
215.8
267.3
206.7
254.0
280.9
244.6
350.3
239.8
196.8
293.5
432.5
312.6
457.7
185.1
247.1
275.7
244.6
292.9
217.2
133.0
262.0
170.7
241.7
179.1
267.3
284.1
217.5
201.3
171.1
291.4
252.8
208.7
104.8
244.4
385.3
569.7
279.7
437.1
222.0
222.0
359.9
321.0
208.9
217.6
278.6
271.1
310.3
207.9
400.0
316.8
141.3
268.0
151.9
273.1
303.2
111.5
213.7
183.7
399.4
105.9
533.4
345.1
184.0
257.1
332.5
336.6
177.9
274.2
303.0
176.9
298.5
196.0
508.1
336.0
273.2
0.0
407.9
231.9
523.0
238.6
185.2
170.7
280.8
416.6
371.4
388.9
456.2
344.5
151.3
322.0
128.8
277.3
414.7
285.3
276.1
273.0
233.9
136.3
232.9
346.5
285.1
123.4
174.3
231.3
484.8
570.0
184.5
254.1
421.3
272.7
279.5
275.2
163.9
226.4
217.6
221.5
180.0
621.0
485.7
392.5
201.3
262.7
377.1
427.8
282.9
304.9
403.1
528.3
235.7
230.4
435.0
451.0
294.9
250.9
360.0
284.9
439.3
281.8
485.3
266.3
434.5
450.1
414.9
239.6
230.9
527.3
459.0
181.7
503.8
439.6
238.1
292.5
482.7
500.0
371.0
404.3
244.3
104.6
237.8
387.7
538.4
259.7
415.0
272.5
187.6
172.4
550.8
399.8
452.3
282.3
367.5
243.5
273.1
286.4
284.9
343.7
467.9
159.6
452.3
557.4
372.9
298.2
372.4
251.0
305.8
299.6
290.7
201.2
294.2
288.6
485.9
490.7
515.3
463.3
527.6
237.2
459.1
362.2
274.5
443.6
520.3
404.9
239.8
284.1
193.8
216.7
280.9
266.0
277.7
269.5
552.2
450.7
376.8
240.1
507.0
230.7
271.1
202.7
290.6
356.9
298.4
441.0
340.4
263.0
358.5
417.8
527.4
310.1
297.9
418.4
410.8
317.6
528.4
213.1
466.2
238.0
244.0
390.5
351.4
412.6
499.4
296.6
352.7
307.9
491.8
401.7
323.1
430.9
459.5
511.2
520.4
500.7
395.5
538.6
351.6
297.5
281.9
297.1
220.6
345.1
471.3
446.5
465.7
487.0
490.2
237.4
274.6
297.3
417.6
360.6
493.6
473.4
562.1
450.0
327.5
287.5
565.5
506.2
447.1
545.7
297.5
391.1
453.1
545.6
448.8
262.0
332.4
347.4
550.8
521.8
310.1
371.2
508.7
241.6
307.3
272.5
307.3
352.8
246.4
267.0
240.5
344.0
546.0
464.6
468.6
328.9
316.8
450.0
272.9
347.9
293.4
529.5
551.9
304.9
328.0
286.0
234.4
563.8
473.7
235.9
423.3
454.0
431.5
523.4
316.9
401.7
425.5
390.8
420.6
301.2
261.4
255.6
360.0
381.1
440.1
383.5
333.7
391.2
423.1
448.4
510.3
440.2
291.0
528.1
637.1
306.6
335.2
467.7
463.2
465.9
361.3
302.0
469.8
329.3
439.8
527.3
510.4
488.1
345.5
415.0
319.3
269.4
465.1
528.5
316.0
347.5
362.3
503.7
493.0
583.0
548.8
315.7
589.2
383.0
413.5
385.9
324.7
516.0
614.7
381.9
547.8
287.9
430.8
243.8
493.1
556.9
574.2
337.7
275.2
388.4
533.8
419.0
449.0
370.0
454.1
468.6
274.0
344.3
225.1
274.5
389.7
253.0
336.2
352.3
481.5
603.6
544.3
505.3
394.7
411.2
426.6
156.7
270.3
175.3
243.6
0.0
216.0
163.2
0.0
134.8
262.0
248.9
131.0
220.1
205.0
199.6
209.5
205.0
231.1
161.6
243.3
186.2
208.7
163.4
258.5
262.0
262.0
225.7
225.7
262.0
262.0
189.7
105.1
221.0
0.0
118.9
151.1
195.1
207.5
204.5
214.2
236.3
0.0
239.9
244.6
151.3
256.2
408.8
0.0
211.4
383.8
135.9
188.8
206.6
121.0
203.1
453.4
220.0
186.1
153.7
252.2
117.8
201.1
247.7
235.8
206.5
230.6
249.9
332.5
318.0
282.7
97.96
319.3
176.9
348.4
191.5
195.5
228.5
297.0
251.6
141.0
116.9
194.8
376.7
608.3
371.0
255.4
101.4
245.3
214.8
262.3
245.3
211.7
250.2
144.9
213.8
210.8
462.7
270.6
172.8
247.9
196.8
357.1
0.0
432.5
432.0
294.1
249.6
231.1
282.0
380.7
473.9
473.9
492.3
260.6
290.9
169.0
251.0
189.2
406.1
175.5
258.1
230.7
264.8
219.7
360.6
277.5
219.5
429.7
158.2
138.5
212.3
178.0
147.6
492.2
196.8
237.3
410.4
272.9
172.4
314.1
166.7
305.0
419.1
408.1
254.9
282.6
249.9
179.0
388.4
247.8
211.5
196.4
267.3
229.8
158.0
259.1
258.5
253.2
250.0
363.3
312.1
186.8
313.3
184.6
341.4
217.5
228.5
237.5
469.0
278.0
331.7
254.5
359.5
445.0
134.9
377.6
333.7
286.3
341.1
277.5
235.7
276.9
449.8
238.8
372.7
258.6
435.4
234.7
212.6
302.5
224.6
492.4
187.1
538.1
216.9
353.8
287.6
336.6
262.5
371.4
316.5
244.9
323.4
443.6
444.8
500.3
345.9
269.6
483.7
271.8
201.3
196.2
195.8
281.2
571.4
345.5
302.2
249.0
371.0
210.8
413.4
577.5
362.6
262.0
503.2
269.1
310.1
350.3
454.8
442.0
550.4
506.3
482.6
348.4
344.4
138.2
323.8
269.6
223.1
360.0
282.7
275.3
542.8
520.5
451.2
413.9
283.9
249.7
480.4
490.6
474.8
426.5
346.3
199.8
262.4
196.8
294.5
451.6
284.1
541.9
268.9
476.2
539.9
452.0
311.6
304.9
380.8
338.6
351.9
596.1
380.8
274.0
368.0
444.7
168.7
288.3
245.5
294.4
432.4
263.8
287.9
383.6
289.4
324.5
243.5
249.8
327.0
269.3
586.4
284.4
530.3
417.4
367.6
379.2
203.6
238.0
452.6
402.6
284.6
275.8
385.7
471.9
299.3
450.5
211.9
198.2
579.2
537.5
260.0
291.6
310.6
318.8
275.7
259.9
351.3
502.1
301.5
227.1
503.3
509.8
408.3
298.6
521.4
342.9
451.6
218.7
292.7
423.4
378.6
359.3
314.2
397.6
556.5
427.0
367.2
468.4
264.1
217.9
458.3
326.4
269.0
300.7
367.7
319.4
204.8
370.6
158.5
310.8
420.1
349.9
339.8
445.3
324.9
628.6
417.0
447.5
415.1
224.8
439.9
252.0
541.6
394.1
248.0
426.8
570.7
508.0
524.2
399.0
588.7
502.6
516.8
359.1
548.2
259.3
529.4
476.9
376.4
560.6
225.4
374.1
386.0
512.6
257.5
313.7
501.0
346.6
433.3
428.3
314.8
424.0
277.7
505.4
331.9
337.5
342.9
244.2
529.7
331.0
233.4
357.0
391.8
309.3
415.9
401.4
381.1
418.4
269.5
326.2
494.1
512.0
335.1
437.1
375.3
292.3
425.1
452.9
571.6
505.7
521.6
412.5
450.3
241.2
540.9
345.0
545.4
468.6
532.9
355.4
504.4
312.1
359.4
358.4
627.2
177.9
507.2
558.5
525.1
338.7
369.6
440.0
489.6
302.2
462.4
513.4
404.2
311.8
500.5
503.2
487.2
516.3
583.0
324.3
462.2
380.5
463.4
342.1
498.8
369.0
417.8
411.5
386.2
513.6
383.2
468.6
565.3
265.6
334.1
358.0
492.7
362.9
256.5
518.2
262.3
325.0
324.3
416.0
481.1
271.4
328.7
376.8
323.0
457.7
312.1
312.7
360.4
345.3
451.0
318.1
317.6
328.0
387.4
382.5
276.5
577.2
609.3
410.3
418.1
350.4
533.0
421.8
419.6
526.8
574.0
405.3
447.4
452.1
205.7
376.4
275.5
257.0
294.7
365.6
185.6
296.9
363.8
169.9
115.4
194.3
501.8
279.0
176.4
339.4
355.7
303.9
350.4
496.1
416.8
411.0
292.9
478.0
254.0
240.2
154.8
227.8
435.9
249.1
450.9
288.2
382.1
316.6
511.6
268.0
227.6
273.2
142.3
234.1
284.2
347.8
340.6
375.9
196.5
316.1
235.6
379.3
228.7
359.8
462.4
378.4
229.7
213.2
211.6
378.3
280.4
188.0
176.9
233.8
526.2
407.4
170.0
212.8
279.3
295.8
342.4
331.3
314.8
253.8
198.7
252.4
366.3
469.9
354.0
382.0
252.1
503.2
383.9
232.6
330.3
359.9
119.6
222.0
524.9
208.3
344.5
114.1
114.1
362.4
259.0
285.7
521.1
259.3
142.5
508.3
390.5
247.8
300.2
376.6
563.8
344.8
226.6
189.8
254.7
346.0
351.8
89.56
637.1
353.5
221.1
142.8
188.9
311.6
357.1
423.5
406.2
241.1
347.8
264.1
341.2
401.7
345.3
314.1
334.1
380.0
372.0
291.7
335.1
82.19
133.8
202.9
400.9
223.5
322.9
304.6
249.6
100.6
537.0
379.2
355.3
414.9
234.9
606.5
474.2
166.5
273.5
554.9
244.6
293.5
175.1
487.0
488.6
368.1
228.0
224.3
261.0
185.9
337.5
0.0
524.2
331.9
245.4
104.3
177.6
211.9
330.4
498.0
405.2
486.3
0.0
175.5
275.0
349.6
231.4
342.8
247.4
175.2
412.2
271.0
281.3
388.5
396.0
387.9
204.6
511.1
382.8
180.9
471.0
373.4
387.7
353.4
503.8
242.9
299.3
323.1
349.2
316.4
450.5
516.6
122.4
632.0
311.1
121.4
266.5
512.7
321.0
169.9
411.7
320.6
229.4
390.7
248.6
334.0
223.3
350.7
327.7
224.7
312.7
673.2
545.9
362.7
361.2
266.3
411.7
157.7
511.5
315.1
329.3
548.2
195.5
228.2
303.3
326.8
340.4
299.2
518.5
240.6
471.5
338.2
442.6
220.3
466.2
272.6
296.3
231.8
416.1
262.0
206.8
280.1
412.5
197.1
431.7
104.6
220.5
331.2
163.5
321.1
175.7
409.8
391.4
251.0
254.9
596.2
255.0
399.5
176.6
98.49
402.1
454.3
432.0
523.2
452.1
426.2
369.3
107.3
240.4
430.5
376.9
287.1
319.7
325.3
318.5
171.2
207.1
348.1
278.9
140.1
257.4
709.1
387.0
284.5
213.1
361.8
302.2
290.4
479.8
389.1
181.0
429.1
289.9
404.6
210.1
365.2
447.0
288.9
461.3
261.2
420.5
242.9
216.2
400.5
358.9
485.6
308.6
491.8
194.3
440.9
278.8
350.3
151.7
168.1
341.8
260.9
239.4
349.1
376.6
296.0
238.6
198.0
327.5
375.6
198.3
1.12e-05
446.9
480.6
376.9
289.4
342.7
298.1
131.0
326.1
273.3
196.9
198.9
490.3
226.6
309.5
409.6
175.6
351.2
361.1
218.6
603.1
198.0
167.7
248.7
459.4
353.7
293.9
399.5
95.45
152.2
294.8
281.2
178.5
96.05
161.4
286.3
271.4
123.3
162.0
460.4
326.0
357.9
179.7
273.4
147.2
589.0
426.3
302.4
497.9
505.3
247.7
305.4
431.4
190.9
300.6
509.6
227.3
232.5
209.4
609.9
297.9
278.0
227.8
257.2
362.0
240.0
232.5
579.9
316.2
136.8
196.1
349.9
182.9
260.1
179.6
292.2
229.7
376.8
360.7
231.8
246.0
425.1
272.5
395.9
108.1
215.0
224.9
85.02
377.4
521.1
182.5
342.3
257.7
369.5
234.4
197.0
125.2
348.9
322.8
386.0
213.0
268.8
288.6
284.6
228.4
143.4
385.4
184.2
252.6
229.4
385.6
608.7
220.3
462.7
297.2
141.0
103.3
117.5
140.1
383.6
181.9
280.1
411.1
355.4
219.8
191.9
433.9
358.5
320.7
299.7
350.3
210.2
308.1
250.1
330.0
313.7
237.1
429.8
241.4
240.7
249.6
519.3
275.3
313.9
317.8
292.6
340.1
444.9
534.0
366.1
364.5
350.0
316.9
266.5
300.8
223.9
146.0
101.0
256.6
98.04
229.9
453.3
271.4
341.0
282.6
465.4
200.4
240.2
344.3
504.0
140.3
382.4
232.1
188.6
453.5
366.8
91.21
324.9
427.8
165.1
451.7
537.7
280.8
203.3
213.1
236.8
441.2
363.8
372.7
526.7
249.0
0.0
227.6
369.7
214.1
125.8
386.7
228.8
232.3
433.4
272.3
151.9
327.6
389.4
211.7
0.0
516.1
251.7
504.1
219.4
197.3
335.8
218.6
360.7
254.1
379.7
407.3
187.3
198.3
486.4
272.6
439.3
342.8
554.8
122.3
174.4
453.9
370.3
371.6
291.7
190.6
315.2
405.5
282.7
158.3
445.7
332.7
158.3
283.8
458.9
230.2
395.5
407.0
500.7
0.0
402.4
293.4
254.3
471.4
1.125e-05
497.0
434.0
140.7
183.1
334.7
318.1
232.8
362.2
242.3
312.2
436.9
331.2
283.0
522.7
227.0
260.1
344.5
206.4
461.8
504.0
430.8
197.6
216.5
333.0
327.6
0.0
417.9
294.9
377.2
223.9
206.8
148.8
368.7
218.7
333.6
603.1
267.4
385.4
312.7
335.5
310.7
448.1
433.2
253.9
233.2
448.8
346.7
380.6
265.2
593.2
142.0
604.5
254.2
531.7
327.2
296.7
330.7
386.5
174.8
419.7
121.8
294.1
190.1
425.5
243.5
484.2
298.1
192.4
479.0
442.8
359.6
218.0
95.52
294.3
416.2
192.4
411.3
380.0
431.6
366.8
503.3
502.0
161.9
154.0
239.6
311.7
166.0
295.0
237.7
227.2
309.7
374.8
197.3
309.9
351.6
153.7
322.5
132.8
323.4
114.6
147.7
400.5
327.5
179.5
496.9
279.8
512.5
226.2
261.4
549.7
564.2
392.1
486.4
282.0
417.9
410.1
262.5
432.7
336.0
284.7
152.6
381.7
270.3
490.8
299.2
557.3
249.1
0.0
364.1
536.3
248.4
470.0
135.8
389.1
444.1
425.8
381.4
332.5
259.6
318.4
198.6
476.7
310.3
222.5
284.1
91.09
300.1
504.4
301.7
0.0
327.1
371.2
287.8
418.9
326.6
347.9
472.7
236.4
436.4
344.2
250.5
454.5
482.7
405.2
181.8
262.5
157.3
348.4
382.3
443.9
455.6
301.9
311.7
329.6
458.7
277.2
419.6
403.9
407.9
476.5
93.14
276.7
477.9
385.0
198.8
262.0
327.3
447.6
219.0
125.2
432.2
125.2
444.6
411.3
458.2
330.9
460.1
311.2
149.1
549.4
345.7
369.5
402.5
404.9
278.6
145.9
296.4
490.1
337.7
182.0
290.4
295.9
338.5
200.0
547.3
123.6
536.1
217.9
409.9
273.2
264.0
425.7
421.7
400.8
198.4
451.8
324.2
191.8
409.7
394.5
329.6
479.9
175.6
160.6
227.2
225.3
292.2
172.6
102.3
163.0
319.1
324.1
377.1
205.3
362.1
343.4
137.0
506.3
253.4
231.2
98.92
303.3
229.8
525.0
306.3
183.4
346.4
421.0
264.6
387.0
463.3
488.1
332.5
96.89
386.8
273.6
522.1
200.5
552.6
277.1
355.0
397.1
378.7
500.2
507.7
267.6
633.9
241.7
303.1
223.1
193.4
232.3
173.8
350.9
330.8
615.6
259.8
228.8
300.1
249.4
383.0
395.3
197.0
251.7
312.7
498.3
210.2
526.1
521.4
0.0
338.3
198.3
245.4
511.6
203.0
333.2
285.3
414.4
332.6
428.2
240.3
224.1
237.6
374.3
212.4
302.5
144.1
400.1
126.0
447.2
356.7
651.1
195.5
310.9
410.2
245.0
233.4
419.3
369.6
445.8
219.5
360.9
292.9
292.2
156.3
432.9
469.4
233.1
378.1
442.5
272.1
269.5
340.1
167.5
374.0
524.8
584.2
357.7
260.2
405.2
328.8
116.1
394.7
119.1
288.6
239.6
461.7
258.6
457.6
82.85
275.3
189.9
399.7
289.0
408.5
393.6
432.9
269.1
280.5
353.2
203.4
104.9
381.3
355.6
261.5
399.7
351.4
476.3
455.1
218.5
237.8
436.4
286.9
310.1
471.0
330.6
129.0
310.9
112.4
538.8
370.0
302.1
185.6
340.0
432.9
165.3
169.2
110.0
149.8
435.0
424.6
240.6
400.7
401.6
503.2
378.2
376.6
262.1
676.9
436.4
418.9
493.7
386.4
244.7
348.1
315.1
453.2
183.3
390.3
234.4
389.6
377.9
171.5
0.0
355.4
0.0
318.5
352.1
0.0
133.6
229.8
0.0
366.7
152.8
180.8
456.3
233.5
269.4
153.7
230.8
0.5
319.1
109.7
327.6
349.4
111.6
330.8
268.1
0.0
326.0
362.0
214.8
233.6
381.8
225.1
206.2
263.3
326.7
359.8
476.7
254.3
309.5
303.0
209.4
333.5
489.1
124.4
269.4
198.8
272.4
0.0
345.6
182.6
61.53
239.1
366.7
166.3
375.0
336.1
376.4
227.2
358.7
165.5
289.9
272.0
220.1
264.7
274.9
247.4
460.3
323.0
122.1
512.5
253.6
249.7
293.2
374.6
207.7
309.8
368.3
223.2
324.8
215.7
0.0
339.4
0.5
279.7
296.6
368.6
249.0
201.8
310.2
187.1
384.9
181.7
37.5
269.1
0.0
233.5
238.0
289.8
226.3
256.2
363.6
381.3
228.0
261.5
335.0
353.2
174.8
157.9
296.5
300.4
215.9
315.6
331.4
290.5
361.6
124.4
209.1
233.6
257.5
125.4
351.7
342.2
285.9
256.3
0.0
196.5
356.5
236.9
225.1
315.6
0.0
148.5
302.6
218.2
137.1
186.9
263.1
332.1
508.9
253.6
169.6
421.7
394.3
258.8
336.1
297.4
289.5
147.0
307.5
221.2
354.6
357.7
267.2
492.8
352.1
191.2
185.5
245.6
253.0
122.0
193.9
244.0
345.9
435.9
0.0
306.8
258.9
108.4
234.5
235.6
167.2
282.8
216.1
351.1
344.8
282.0
209.2
294.2
198.7
0.0
345.6
0.0
185.7
475.6
377.0
174.0
209.9
419.5
380.7
230.3
168.6
0.0
377.7
378.5
291.5
467.4
165.2
135.6
320.8
336.6
88.95
255.3
319.5
143.8
297.8
316.7
0.0
325.3
230.1
323.5
419.6
220.4
232.3
401.2
272.4
240.1
330.3
230.1
229.2
494.3
569.7
253.0
394.9
233.9
107.4
362.0
234.1
291.6
366.6
309.4
0.0
227.6
381.7
126.6
374.5
319.2
135.6
317.1
245.5
103.4
347.6
230.2
224.3
199.8
374.6
187.8
118.1
400.5
170.0
361.6
285.0
114.7
315.1
144.2
427.6
362.0
294.9
127.7
275.0
364.7
101.3
315.6
0.0
111.1
286.4
264.3
96.14
373.1
235.4
280.5
277.2
256.5
0.0
249.7
219.8
153.8
282.9
363.0
253.0
238.0
247.3
0.0
328.5
267.4
0.0
0.0
245.5
416.5
341.9
365.3
222.8
338.3
250.6
192.0
365.1
261.5
266.4
428.7
317.4
225.7
134.9
215.8
148.5
334.4
503.6
287.6
247.1
287.8
62.23
193.5
341.4
417.7
410.1
0.0
166.3
137.0
264.3
160.8
369.7
370.2
229.2
336.7
276.8
166.5
325.5
341.4
316.7
177.0
133.3
496.2
315.8
160.5
356.5
226.8
101.3
600.5
290.6
61.53
279.7
278.0
203.9
273.9
252.9
0.0
369.7
358.7
91.17
356.9
441.9
0.0
304.8
186.0
264.4
361.8
215.8
0.0
437.8
321.5
245.0
207.9
319.3
61.53
356.8
251.4
330.8
345.7
179.7
168.0
396.6
309.4
158.6
330.3
326.9
146.0
481.6
402.0
192.1
276.2
249.8
160.5
394.0
249.4
150.8
374.8
412.1
0.0
291.6
344.9
336.1
267.5
358.0
167.2
224.7
157.1
0.0
399.3
369.3
265.5
294.8
440.7
253.8
369.7
309.4
183.4
377.7
291.9
0.0
534.5
267.4
167.2
224.0
285.8
224.8
242.2
62.3
209.7
395.7
273.8
192.0
427.0
154.3
153.0
500.8
274.8
0.0
313.0
261.1
127.7
320.3
317.2
0.0
305.4
308.9
148.5
461.0
353.2
256.5
433.1
413.0
324.7
270.4
311.5
109.4
370.5
356.4
365.0
217.2
328.4
176.1
342.6
298.1
234.8
335.0
356.8
260.7
275.0
150.5
241.4
302.3
201.3
293.5
383.7
150.7
290.2
367.7
272.1
256.4
1.186e-05
236.6
170.5
430.3
244.7
272.2
212.8
194.1
389.0
308.6
235.8
295.1
434.3
302.7
427.7
236.7
286.0
337.3
144.5
365.2
313.3
314.9
434.9
260.5
268.4
260.8
319.9
174.6
128.7
113.9
346.7
271.1
387.9
251.2
260.7
462.3
292.3
207.0
167.5
325.2
256.2
234.0
231.0
324.6
280.2
342.4
302.8
257.6
204.5
324.0
355.1
263.9
180.7
121.7
291.9
227.0
367.6
298.0
87.12
379.1
267.4
243.8
306.8
242.7
213.8
262.7
283.0
212.3
422.3
193.6
262.7
204.4
206.4
257.5
322.2
273.8
291.6
339.9
186.9
303.1
110.5
279.3
296.7
388.3
314.6
379.7
305.4
265.6
193.9
196.1
274.5
307.5
227.3
177.1
241.0
200.7
228.8
190.8
305.1
223.3
331.1
273.1
227.4
201.2
314.4
293.7
217.9
351.6
230.6
382.6
317.8
275.3
236.0
365.9
175.5
270.3
151.3
316.8
254.8
259.3
264.6
232.2
280.6
240.8
248.9
349.8
222.8
352.9
359.3
268.5
298.7
300.6
354.2
193.3
416.2
304.5
317.5
382.7
145.2
338.0
194.7
189.4
268.2
202.8
307.9
323.3
198.8
204.5
161.4
362.4
348.4
278.5
274.1
235.5
237.7
358.2
239.1
212.6
260.9
289.3
314.0
330.9
116.3
273.8
262.6
187.4
240.1
160.1
170.9
317.5
314.5
382.3
364.7
166.7
341.4
302.1
261.5
238.5
347.7
370.0
107.3
226.2
276.7
289.6
244.4
272.7
254.2
321.9
220.5
331.1
271.3
1.336e-05
192.1
219.6
389.9
311.0
262.9
271.7
199.7
242.2
245.6
312.8
245.1
269.2
342.7
225.5
363.4
314.7
396.0
225.4
253.1
322.9
292.2
331.4
321.3
112.5
280.2
264.3
276.2
274.3
358.8
258.1
229.3
195.2
264.2
363.4
299.1
264.1
261.3
304.6
232.7
334.3
326.9
173.9
365.0
387.2
304.3
260.8
315.6
291.0
190.4
219.6
268.9
493.3
282.9
153.0
237.8
328.0
365.8
340.6
310.0
363.6
299.8
326.9
281.8
221.8
226.0
252.7
377.1
285.9
247.4
247.7
225.9
280.6
299.7
501.3
287.2
240.4
348.4
277.5
302.1
266.7
252.7
216.0
393.5
231.0
402.4
367.9
342.9
277.3
416.4
129.2
266.2
299.3
272.9
181.3
271.9
466.8
385.4
223.7
233.5
259.9
81.58
236.0
274.3
293.3
289.1
359.3
232.0
273.1
269.9
304.8
349.0
315.8
187.9
313.5
231.6
345.7
332.0
207.7
287.0
371.5
254.6
388.8
295.3
236.0
314.7
275.8
376.1
457.0
174.8
179.0
247.7
359.4
404.5
228.5
452.9
340.2
279.1
199.2
282.4
257.1
171.4
425.9
262.6
292.3
190.5
304.2
197.4
310.6
343.8
257.4
259.2
320.5
125.0
352.3
377.8
271.6
232.6
210.6
327.1
242.4
192.7
393.4
266.9
282.5
321.0
274.1
368.7
242.3
270.6
260.5
222.2
323.4
326.2
405.3
360.1
320.9
226.3
378.3
114.8
218.9
229.8
295.6
228.2
318.6
347.1
338.9
306.8
361.2
262.1
333.4
276.7
308.8
303.4
258.4
258.5
334.3
182.4
313.2
159.7
221.5
292.5
261.9
340.3
283.0
302.1
345.2
277.5
202.6
351.9
306.5
321.1
311.5
317.6
301.3
291.7
274.1
435.2
348.1
270.8
426.6
235.1
214.8
242.2
267.6
381.8
207.4
251.0
439.1
156.0
306.5
387.5
206.9
231.4
275.1
386.2
228.5
216.3
158.8
261.1
356.8
377.0
241.1
229.7
278.1
237.0
208.1
283.4
217.3
209.5
203.8
327.8
218.4
323.0
240.6
369.0
284.7
316.1
271.4
304.4
285.8
384.6
290.6
260.0
270.7
257.2
239.0
333.0
193.1
408.9
119.7
211.4
218.5
276.1
271.5
173.2
402.3
252.4
316.1
384.3
299.3
287.4
340.1
311.0
358.6
184.1
357.7
273.0
295.6
305.4
320.4
294.7
390.0
372.7
295.2
241.5
161.8
49.51
175.4
250.9
233.4
150.4
222.5
361.6
207.2
364.9
331.1
208.3
149.0
216.7
174.2
188.2
288.7
348.8
247.4
357.1
301.6
202.2
314.0
199.2
253.8
200.9
231.6
210.3
107.4
256.6
368.0
329.5
387.5
384.1
419.2
355.6
286.0
421.1
397.9
160.4
295.6
209.6
80.09
421.9
323.2
212.1
247.5
256.9
236.3
257.7
269.8
296.8
201.9
359.9
220.9
264.8
173.2
273.8
263.2
311.9
375.4
239.5
179.5
285.7
155.6
181.5
224.3
254.3
304.0
210.0
215.4
284.7
253.2
367.0
232.0
164.0
192.4
293.3
318.5
270.4
275.3
357.1
265.1
270.9
265.4
451.9
260.3
291.2
244.5
322.8
252.5
244.0
273.5
288.1
383.5
291.1
225.0
138.9
162.1
84.4
293.6
313.3
384.2
380.9
405.8
227.2
292.4
351.5
322.6
210.3
255.0
273.3
248.1
199.1
313.5
221.4
337.5
169.3
271.3
289.8
259.5
217.9
208.3
221.3
335.7
374.2
243.4
472.1
381.3
252.2
298.7
429.1
285.8
238.9
271.8
318.3
177.0
231.1
389.4
171.4
189.5
224.1
349.4
290.9
128.2
332.3
322.8
158.3
230.7
285.5
287.3
300.9
364.0
234.5
249.8
252.3
214.9
89.74
210.0
269.0
303.7
357.9
243.9
181.3
299.0
259.2
252.8
202.6
283.4
322.2
209.4
318.1
145.2
321.7
182.8
172.3
330.3
323.6
181.1
341.8
367.7
374.5
200.4
258.2
328.1
299.5
281.9
473.1
189.1
153.2
216.0
189.0
312.2
325.2
345.0
186.2
259.8
298.3
246.4
249.7
263.9
206.0
310.1
297.5
301.6
209.4
439.4
279.5
247.6
342.6
308.3
282.5
158.1
275.0
398.7
252.0
331.6
320.5
290.4
260.1
213.7
220.0
276.6
319.7
277.2
246.5
327.2
219.1
205.6
196.0
340.1
338.0
204.9
377.3
238.8
363.3
411.1
281.9
258.9
217.3
295.9
229.0
315.1
159.6
284.1
283.5
289.0
346.5
287.6
304.7
206.5
285.2
294.2
103.8
369.3
314.7
151.0
286.1
302.6
272.7
367.2
110.5
122.8
348.5
448.1
274.7
323.3
301.9
212.8
319.5
0.0
233.2
287.7
129.4
300.0
191.4
240.8
289.6
328.1
160.4
435.3
193.7
357.7
246.5
239.1
173.9
298.4
152.9
248.7
265.7
192.2
190.6
383.0
288.2
225.7
257.8
343.1
299.2
221.0
175.7
455.0
360.8
230.9
369.4
423.0
285.4
275.6
173.6
229.0
373.2
350.8
241.8
288.6
367.4
186.2
296.4
207.3
315.7
292.0
298.6
323.6
232.1
266.1
379.7
362.0
272.8
300.8
359.2
380.8
443.8
414.3
315.1
322.5
435.3
313.6
261.2
322.8
365.4
285.0
229.5
220.9
401.2
382.3
349.0
283.0
317.1
66.1
181.2
187.7
349.3
167.1
283.5
320.4
277.2
221.2
427.5
180.5
153.7
315.3
342.4
259.7
294.8
314.4
292.9
230.0
310.5
315.8
245.5
104.2
367.7
315.8
273.7
221.3
182.4
276.2
219.2
267.0
168.2
350.5
314.2
275.8
327.7
172.9
345.6
276.1
214.0
321.8
334.7
363.3
278.2
372.4
293.1
282.4
159.3
338.5
264.3
321.1
137.8
232.1
270.7
371.9
322.6
335.8
391.1
310.3
360.2
247.6
296.0
237.5
223.6
186.8
392.4
296.9
217.8
232.4
131.3
299.8
281.9
387.4
358.4
222.6
245.0
391.7
274.3
312.1
199.9
349.4
293.7
283.9
341.0
229.2
198.3
161.4
479.6
166.2
281.4
244.8
346.3
385.2
307.8
310.3
309.5
240.6
276.0
222.3
239.2
224.4
205.2
133.5
387.1
207.2
330.3
310.1
421.9
335.4
296.8
158.5
243.7
283.5
307.9
367.7
382.8
172.2
351.0
148.1
1.395e-05
168.6
258.0
263.9
287.5
269.2
310.0
248.4
175.3
310.2
326.7
337.7
181.2
208.0
225.6
265.5
191.5
385.0
404.4
233.4
195.0
381.6
299.6
327.6
341.8
371.6
165.7
320.1
273.5
200.9
213.7
273.3
235.2
205.0
366.1
364.6
303.9
366.8
263.5
152.6
440.7
278.6
146.3
494.4
237.9
221.5
197.5
272.4
155.9
413.4
275.3
118.4
336.2
275.3
174.5
351.9
303.1
279.0
249.9
346.8
264.6
612.5
297.7
183.5
292.0
292.8
251.3
319.4
268.6
160.8
360.6
387.0
173.3
379.6
329.1
168.8
322.5
308.3
156.7
449.1
223.8
160.3
433.3
328.5
243.5
312.5
252.9
208.9
252.2
233.9
160.3
315.4
396.4
222.5
394.5
246.2
352.8
375.4
256.1
184.0
369.1
192.1
216.7
435.9
269.8
136.2
146.2
248.1
213.1
397.4
178.9
267.0
376.5
243.7
176.1
314.0
294.9
149.1
409.0
248.0
308.9
261.9
167.2
142.0
598.3
273.9
168.4
381.4
436.2
183.0
295.1
382.6
214.0
395.3
279.4
166.2
254.1
371.3
174.6
261.9
242.9
266.9
421.8
259.8
232.4
346.1
209.6
126.4
510.4
306.6
339.4
332.2
294.7
299.0
327.0
233.1
174.0
525.7
216.5
270.0
452.6
179.8
341.2
501.2
429.2
216.7
363.3
497.9
202.8
386.0
241.3
346.7
415.2
259.0
222.2
405.0
192.4
212.0
290.2
279.7
176.5
315.8
364.3
130.0
392.5
310.1
181.4
381.1
304.8
278.6
405.9
261.6
219.8
288.6
288.0
254.2
254.9
219.3
163.5
563.6
246.1
261.3
314.8
308.0
260.2
378.5
303.9
130.7
422.7
290.9
247.6
342.3
165.0
217.6
292.0
246.6
191.9
455.8
275.8
131.2
649.3
363.0
163.0
403.7
303.2
227.0
546.3
288.3
178.8
381.8
298.7
243.3
347.6
277.3
110.2
363.2
253.3
134.0
273.0
181.7
181.2
414.4
240.5
181.1
493.4
209.9
150.6
400.3
188.9
117.8
442.3
216.4
186.1
546.4
293.8
105.7
269.1
259.3
248.2
387.8
251.4
420.8
229.4
352.9
350.7
427.6
468.3
216.6
246.5
255.6
153.8
467.3
508.9
512.1
265.2
430.6
318.1
279.0
306.1
231.3
325.6
297.0
408.8
435.0
328.9
377.6
244.6
283.1
218.5
388.2
364.4
507.2
278.2
488.5
244.1
346.3
240.6
397.1
244.1
443.4
362.4
537.2
360.9
407.0
303.4
433.1
249.1
331.7
257.1
252.4
278.0
299.3
277.5
369.6
543.0
294.6
308.3
314.9
259.3
301.2
391.9
293.6
210.3
447.0
364.9
397.2
175.9
274.2
218.9
210.5
394.6
347.7
403.9
249.2
324.6
385.0
418.5
222.4
268.8
579.7
332.6
324.3
496.4
126.2
129.8
280.2
386.8
425.9
245.7
365.3
412.9
405.5
236.2
260.7
319.1
302.1
155.5
334.1
500.6
289.1
260.3
310.2
343.6
323.2
153.9
294.4
382.8
334.3
407.7
347.8
331.4
280.2
1.617e-05
500.7
90.05
493.0
422.8
327.4
194.0
407.1
485.8
130.9
538.0
399.0
398.0
406.1
451.2
441.1
373.5
508.7
593.5
356.7
217.6
326.1
271.5
336.0
364.2
222.9
356.4
332.9
240.7
483.1
198.6
232.4
342.6
535.6
181.0
278.3
334.6
444.5
397.0
380.2
232.1
430.9
211.1
256.0
302.7
338.0
355.1
206.0
233.2
292.7
341.1
377.2
349.9
121.8
179.6
423.9
472.5
343.0
229.4
264.6
312.9
214.5
98.08
212.0
575.1
224.0
236.2
441.0
381.7
247.5
384.5
0.0
439.7
251.7
285.5
473.7
250.4
225.0
270.9
253.6
224.9
277.1
184.7
317.8
122.8
437.8
440.2
275.0
357.1
242.0
217.9
379.4
385.3
433.2
125.5
378.4
247.0
167.7
394.6
186.9
583.0
215.3
197.9
238.9
448.5
524.8
422.4
336.6
262.0
337.2
498.7
554.2
443.5
362.8
402.5
193.3
443.7
418.5
478.1
218.2
506.1
281.3
218.9
316.7
242.7
257.2
285.6
371.3
392.3
331.9
366.7
278.3
232.2
133.4
123.8
297.2
377.4
197.6
216.9
186.8
328.9
327.8
259.7
239.0
348.8
433.5
253.1
363.6
239.2
0.0
579.1
141.5
227.7
551.0
351.0
193.5
485.0
311.9
319.0
392.8
250.2
98.06
251.4
556.9
173.0
183.0
147.4
205.4
253.4
439.1
344.0
270.1
225.3
0.0
412.0
397.9
90.33
273.4
282.5
550.5
244.3
558.1
476.5
371.6
593.6
297.6
275.1
153.3
542.2
356.0
411.9
423.9
343.1
320.5
181.5
354.1
0.0
244.1
351.1
196.5
288.5
451.7
393.7
265.6
299.7
293.9
313.4
400.0
140.7
153.6
249.0
386.0
224.9
200.1
260.2
318.0
165.1
535.1
329.2
431.2
260.6
190.8
672.1
389.6
174.3
218.2
336.1
262.8
150.8
461.8
389.1
466.8
325.1
263.8
359.8
322.1
278.3
218.9
218.9
187.2
287.8
590.5
394.1
223.2
209.9
114.1
349.1
197.9
265.6
314.6
291.0
427.9
465.3
211.9
325.3
400.6
232.2
278.3
314.5
324.7
253.5
278.1
0.0
516.7
347.4
202.3
425.3
371.4
387.4
268.5
120.8
247.8
223.0
322.4
336.9
145.8
206.9
327.5
397.6
247.7
261.2
235.5
318.3
286.2
252.1
339.6
229.5
409.5
488.6
260.0
510.1
561.7
434.9
586.5
393.7
172.2
333.6
406.5
368.0
216.0
389.8
389.8
279.5
204.0
399.1
148.0
393.4
191.7
296.7
234.4
312.6
383.4
180.6
182.1
417.9
338.1
348.3
270.0
467.0
434.9
120.5
358.3
399.5
269.0
189.3
450.8
390.8
357.4
293.3
358.8
315.9
343.8
359.9
268.1
216.2
166.5
239.1
389.7
473.4
253.4
413.3
157.2
214.0
205.9
314.5
269.1
251.0
277.6
197.9
255.1
245.8
0.0
503.0
186.7
305.3
284.3
440.9
185.2
177.6
319.3
233.1
327.0
318.6
355.2
359.5
96.48
391.5
155.3
294.0
432.0
137.0
182.5
272.2
357.2
340.6
339.7
512.2
490.9
255.4
301.6
1.497e-05
400.2
151.4
346.0
448.6
432.5
285.3
337.4
336.9
237.9
232.8
350.4
296.1
259.0
399.5
300.2
298.2
394.4
464.9
302.8
295.1
258.7
267.7
560.4
368.6
561.3
208.5
209.7
388.2
415.0
191.1
218.6
343.2
370.9
294.3
580.5
293.6
368.6
275.9
195.8
457.2
271.5
372.3
197.6
197.1
275.5
155.1
606.3
289.3
391.2
327.9
264.8
335.1
236.3
133.4
327.5
169.3
237.9
303.5
154.3
458.2
300.4
366.6
361.9
353.8
264.9
434.0
229.8
374.8
178.3
356.3
285.3
396.1
200.5
515.6
0.0
247.2
169.3
87.99
208.6
280.1
206.2
316.8
166.5
252.5
447.9
90.36
201.4
423.4
348.9
435.1
329.2
278.4
272.0
358.5
475.2
391.2
180.7
328.7
429.2
301.2
270.2
294.9
319.3
354.3
540.4
171.6
265.5
353.6
246.0
470.9
295.8
444.0
276.2
408.7
465.1
136.4
217.9
1.018e-05
151.5
338.7
569.2
314.0
265.0
274.4
238.2
182.2
612.0
344.9
322.2
411.2
291.9
376.4
363.6
290.2
283.2
509.3
466.4
321.6
222.7
366.1
353.3
276.7
347.8
344.9
175.6
341.6
233.7
408.4
303.1
179.9
436.5
0.0
253.1
341.1
352.2
248.1
395.3
109.7
366.9
478.1
320.4
393.2
166.9
660.3
367.3
462.6
330.9
181.9
504.6
317.2
197.7
276.7
0.0
320.8
342.8
269.9
242.5
175.9
252.2
239.3
375.0
255.4
168.7
299.8
335.7
440.8
244.1
351.9
290.6
250.8
355.1
278.0
395.6
239.7
473.0
262.4
229.0
316.6
563.2
328.3
313.0
321.3
201.9
183.1
213.1
140.2
204.6
216.1
344.5
274.8
246.8
292.0
402.9
141.9
428.0
331.6
326.3
287.0
251.2
381.4
236.0
209.7
245.2
208.8
284.5
325.2
0.0
172.2
362.6
329.7
189.2
357.8
239.1
453.2
318.0
534.2
410.6
312.3
319.8
190.6
425.1
477.2
256.0
170.3
304.7
213.2
209.8
344.0
385.6
381.7
380.4
162.6
331.2
235.6
508.5
199.7
255.2
173.6
270.6
463.5
281.1
438.7
119.1
293.2
312.8
367.3
432.9
259.9
300.3
206.8
202.2
548.8
415.8
326.8
487.1
128.5
248.4
216.4
150.4
238.8
480.9
399.2
128.2
406.4
237.5
289.4
379.9
326.6
312.5
394.3
143.4
325.1
262.1
291.2
312.3
272.7
231.1
0.0
136.4
42.53
246.2
0.0
219.1
339.4
278.3
234.0
84.26
267.4
237.1
494.2
410.9
432.8
423.7
146.3
258.5
278.7
375.8
311.4
421.0
278.7
223.4
340.2
472.3
0.0
295.5
266.9
516.3
369.1
421.2
271.9
240.3
290.1
186.8
288.1
318.2
297.4
161.9
263.1
417.4
359.0
418.4
253.1
189.1
162.0
141.7
365.6
414.8
175.9
315.3
146.5
339.7
488.9
332.0
292.1
185.2
345.3
246.4
187.3
428.1
239.2
589.2
244.1
345.9
241.7
320.6
419.3
292.3
238.8
418.8
222.8
309.3
209.5
419.4
245.5
334.2
186.0
358.7
285.6
397.7
188.9
350.8
273.5
275.0
380.3
442.8
352.7
180.8
282.2
236.4
225.1
164.4
332.4
289.1
326.0
150.6
417.2
376.3
302.6
199.7
515.3
480.3
262.9
440.7
429.2
0.0
341.4
330.6
319.3
572.2
490.8
89.57
288.6
173.9
387.8
559.5
143.0
61.81
402.7
160.9
488.7
118.1
200.0
163.1
248.6
320.0
381.1
461.6
193.5
241.0
454.0
386.0
172.1
211.9
375.3
197.1
411.2
295.4
331.5
249.6
104.5
169.3
379.7
621.7
418.4
256.2
595.1
402.4
0.0
340.7
341.6
257.0
586.5
295.8
223.1
382.3
147.8
352.1
482.0
300.5
359.8
226.1
217.3
431.2
213.2
240.2
387.4
541.5
300.9
336.5
212.0
438.7
432.8
401.6
353.0
248.4
292.3
257.7
349.5
358.8
208.9
298.7
344.4
293.9
200.0
235.0
308.4
283.7
298.5
211.3
329.4
327.3
158.2
341.0
315.2
164.6
259.9
270.2
362.4
306.6
0.0
270.7
410.7
244.2
319.3
438.9
429.9
284.8
144.0
320.9
348.4
314.5
571.0
131.0
313.8
273.1
407.6
376.4
320.4
243.6
256.7
414.1
88.24
479.9
355.0
252.6
300.4
436.7
317.1
346.2
297.7
230.5
183.0
134.5
471.2
250.7
427.3
409.7
505.7
242.8
146.9
305.6
215.8
237.7
282.2
263.3
344.5
467.9
520.6
356.2
620.5
329.3
301.9
412.6
269.8
506.5
291.1
281.3
637.8
447.0
155.8
288.4
197.7
123.6
279.9
269.7
119.2
494.9
223.3
345.3
431.2
194.6
321.2
327.3
241.5
140.5
340.3
107.1
165.8
287.2
157.3
338.9
371.7
281.6
217.7
373.6
268.9
367.0
267.7
587.3
489.5
171.7
297.3
377.6
209.4
367.1
415.6
379.2
164.3
0.0
134.7
31.12
229.7
287.6
267.7
363.8
194.5
636.2
195.9
347.5
191.2
268.0
252.7
158.1
491.0
359.9
396.8
351.6
276.3
392.6
327.0
421.4
323.4
251.3
489.8
295.2
236.6
570.6
429.5
344.3
175.2
432.1
139.1
267.7
382.5
262.0
307.8
292.7
368.4
416.6
186.1
249.7
188.9
304.6
153.5
323.3
167.1
162.8
271.6
299.4
202.9
405.3
186.5
133.8
282.6
324.3
506.5
285.3
296.2
304.9
249.3
287.9
276.6
486.8
530.7
470.9
107.4
376.9
334.2
401.5
350.1
421.9
230.9
341.1
0.0
245.1
112.2
292.1
234.1
142.0
289.1
242.0
390.9
468.2
255.0
321.8
336.4
160.4
351.5
461.1
365.2
103.9
164.8
112.2
343.8
234.9
390.3
414.0
513.5
229.4
213.2
96.88
373.4
250.4
201.3
530.2
85.18
538.8
370.2
254.5
332.0
368.2
303.8
187.3
371.7
474.1
246.7
334.5
157.8
233.9
142.4
275.6
323.0
599.2
410.1
532.8
281.7
146.4
326.9
348.4
218.3
532.2
367.2
122.5
144.4
296.8
396.0
397.7
523.4
571.6
264.2
238.3
353.4
232.6
1.433e-05
317.3
428.9
344.3
254.7
262.8
187.6
262.5
310.4
252.9
194.6
233.4
458.2
0.0
308.3
446.2
520.1
271.9
248.3
471.2
292.0
222.8
333.9
127.7
371.0
353.7
311.8
163.0
529.1
257.3
287.9
306.9
180.6
109.4
415.8
237.6
0.0
557.4
425.2
208.1
599.2
305.1
219.3
428.7
403.2
324.0
289.8
188.6
116.5
377.0
143.3
505.8
301.3
113.3
434.9
0.0
359.7
580.5
427.5
404.5
303.3
390.3
365.9
489.8
0.0
273.8
339.8
256.9
159.9
456.8
290.8
484.4
429.9
429.7
373.2
157.8
174.0
390.4
195.3
0.0
373.2
265.9
238.9
182.2
363.4
239.1
385.2
557.7
655.2
150.9
193.1
527.9
492.4
189.7
502.8
480.1
0.0
317.0
274.3
265.8
364.5
470.5
117.3
334.4
290.1
259.0
161.8
587.7
234.2
419.7
142.8
226.4
517.9
362.4
341.4
347.6
280.6
505.2
384.0
271.0
307.0
163.1
336.0
178.1
390.4
138.9
453.1
457.7
125.1
337.0
73.59
320.1
361.6
312.3
409.7
172.7
190.8
426.7
461.7
372.7
389.9
194.8
459.2
275.7
142.0
391.6
282.8
170.6
395.3
136.1
371.0
17.68
138.1
234.4
387.1
276.1
263.1
304.3
434.9
600.9
287.4
292.0
211.6
243.0
0.0
94.72
385.8
323.1
347.7
270.7
206.0
227.4
105.8
149.7
189.1
188.8
520.9
320.2
552.4
503.5
527.1
363.5
626.9
606.4
183.7
364.9
393.2
610.1
211.5
500.8
499.1
330.4
379.4
166.1
320.4
389.0
256.8
223.1
259.2
262.2
476.0
390.2
439.5
414.0
361.8
320.8
500.0
247.5
383.3
544.2
217.4
425.2
281.1
379.9
318.9
218.0
224.0
313.2
248.1
218.6
119.5
536.0
346.3
177.8
366.5
302.4
522.1
318.7
395.0
358.9
342.6
177.9
149.4
274.0
536.4
218.4
188.1
547.6
419.6
474.7
322.4
136.5
534.9
557.3
223.1
545.7
634.8
252.3
392.1
441.3
281.1
194.5
459.2
192.1
310.3
71.22
447.3
392.7
315.1
104.4
331.1
191.4
516.9
239.2
476.1
0.0
520.5
219.1
402.5
0.0
459.8
389.7
278.5
178.1
253.4
285.8
272.4
467.0
298.0
234.3
323.3
533.6
295.5
337.7
418.3
520.0
404.8
444.5
277.0
425.7
292.6
297.8
284.8
234.4
386.6
316.1
467.7
253.0
126.9
304.2
304.3
569.3
431.2
235.3
374.2
263.6
318.5
453.1
508.3
222.7
462.7
250.1
332.5
238.6
324.1
308.1
306.0
403.2
449.1
180.5
517.4
265.5
116.9
387.4
427.7
679.6
192.4
22.26
281.2
303.3
265.3
93.81
155.5
256.2
318.6
377.5
147.0
212.8
343.9
415.3
205.2
378.7
558.5
295.3
239.5
89.04
363.7
444.8
287.5
239.3
167.9
457.9
257.2
365.2
190.3
166.1
386.6
382.1
409.3
377.7
431.4
186.0
184.1
222.6
92.32
394.8
387.6
505.0
394.3
417.7
396.8
166.5
384.8
620.5
265.4
397.8
281.3
469.7
346.9
222.5
168.3
162.6
201.1
285.7
411.6
382.5
401.8
562.9
0.0
214.4
330.8
314.5
242.1
303.6
544.1
187.1
76.79
261.9
587.0
329.3
201.2
568.1
346.1
348.7
604.7
24.68
523.7
317.8
270.7
392.9
252.7
211.9
444.0
432.4
391.4
363.6
166.1
281.4
409.0
576.0
0.0
125.2
464.1
298.6
382.5
188.2
153.0
627.9
291.1
326.7
222.9
185.2
282.4
447.2
404.5
336.2
270.0
80.46
127.7
158.0
357.5
413.1
404.5
284.8
268.9
160.0
434.2
210.0
332.1
221.3
141.7
272.5
455.1
459.0
374.4
550.7
209.4
237.7
271.9
582.1
444.0
579.9
226.0
402.4
252.7
244.2
32.87
202.9
600.4
389.5
283.2
532.6
320.7
238.3
161.6
448.9
0.0
215.8
466.1
338.4
196.4
345.9
0.0
343.6
328.9
396.7
431.3
471.3
204.5
362.5
472.6
556.8
419.5
265.6
201.6
229.4
189.8
201.6
375.6
280.1
535.2
294.7
349.2
524.7
403.8
341.0
434.7
274.1
187.9
146.3
341.6
241.2
316.2
426.5
352.5
265.3
549.0
342.5
172.6
297.4
382.6
118.6
285.2
388.2
128.4
317.7
130.1
500.7
227.9
490.7
361.8
0.0
333.4
229.5
322.0
359.4
276.2
128.8
131.8
274.2
419.2
274.9
242.2
184.1
448.5
404.3
201.6
190.6
460.2
506.0
307.2
245.9
407.6
583.3
127.1
190.8
327.7
264.1
473.5
423.9
313.3
325.6
507.0
423.0
440.4
544.6
519.8
424.0
438.9
234.8
430.9
321.1
130.5
460.1
194.4
484.4
292.9
298.2
330.2
0.0
146.1
435.9
263.4
229.8
435.1
287.2
378.0
270.2
656.0
409.8
198.7
251.5
268.3
426.7
457.6
160.1
466.7
0.0
312.2
0.0
65.68
501.5
494.1
479.2
281.1
242.9
130.0
353.6
150.8
146.2
284.6
369.9
255.4
172.6
434.9
332.1
491.4
342.4
322.4
251.8
532.4
332.5
510.8
444.4
407.4
254.2
556.6
212.6
207.5
593.3
354.6
136.7
0.0
188.7
90.75
122.5
0.0
178.9
191.4
0.0
234.9
228.6
259.5
103.1
164.5
9.92e-06
93.43
218.5
218.0
172.3
266.9
229.4
142.8
181.1
387.2
238.2
207.2
250.3
266.9
246.9
198.2
226.4
146.3
265.5
174.6
177.0
332.8
244.5
231.2
297.4
277.1
242.4
315.2
325.9
255.1
251.0
237.2
176.8
212.5
328.9
312.1
261.8
357.4
237.2
244.5
353.8
220.3
386.9
373.0
105.4
210.8
230.1
305.9
401.1
419.3
193.3
392.3
317.8
382.2
464.8
279.0
353.9
473.2
408.2
317.6
405.4
210.0
405.9
443.3
351.2
320.3
304.0
345.9
286.0
498.2
383.0
355.1
398.2
374.2
410.9
392.3
365.5
490.1
373.5
539.9
332.7
357.2
396.6
158.9
103.6
0.0
82.0
273.6
250.2
0.0
208.9
220.8
312.3
0.0
136.9
190.8
273.6
121.5
148.5
258.1
198.8
175.6
315.9
293.0
266.5
351.0
162.2
268.3
288.9
248.6
293.6
327.8
293.5
291.7
357.8
320.7
193.4
216.2
338.8
374.5
307.9
314.5
457.5
230.5
321.9
279.0
286.3
319.9
245.3
362.9
496.5
358.8
416.3
388.5
431.3
339.3
413.8
444.8
393.2
377.4
229.3
327.5
337.0
486.8
285.0
383.8
464.3
328.2
368.2
378.5
445.4
406.1
451.3
304.6
450.5
588.0
469.2
471.2
411.6
411.2
461.2
432.0
624.5
419.1
314.2
354.6
359.7
606.3
435.5
529.2
504.2
498.1
443.9
408.8
491.1
408.6
466.1
376.7
594.8
587.9
439.8
497.6
684.5
