20.41
48.59
24.7
62.91
11.93
37.61
35.53
24.04
31.59
8.622
33.7
33.7
39.99
25.56
45.1
44.6
11.33
49.05
25.15
30.29
24.03
37.71
27.62
49.52
25.7
48.89
20.04
15.11
41.97
26.77
35.45
29.36
53.33
46.42
28.87
14.95
60.31
39.99
17.91
26.95
34.87
8.472
7.38
30.9
14.83
61.21
5.963
15.6
42.73
69.52
25.91
35.62
28.79
6.342
42.66
30.68
35.27
19.2
28.9
27.84
25.27
48.49
18.92
56.94
26.8
31.43
44.32
39.06
42.03
12.76
41.69
3.78
25.37
29.19
32.09
42.47
47.86
39.0
0.0
20.06
65.31
18.76
8.758
53.09
21.65
39.81
49.4
11.86
57.17
25.58
16.46
37.0
2.153
31.07
28.12
29.62
26.13
54.77
31.84
43.59
12.38
28.72
26.06
33.22
22.39
22.39
36.28
34.34
36.25
33.08
5.168
28.19
27.65
26.83
50.46
25.92
16.88
26.48
42.68
41.13
28.08
26.44
30.23
12.67
21.19
1.459
50.1
46.17
27.75
40.03
3.14
34.16
4.005
50.78
50.27
5.223
20.41
29.52
29.74
2.342
2.645
32.51
43.2
49.79
11.05
38.35
6.552
35.99
7.323
43.62
17.89
22.3
18.74
20.98
21.6
37.56
42.93
3.95
6.51
39.02
39.38
38.31
48.43
36.44
31.26
7.781
13.27
15.13
2.295
46.67
48.18
29.69
6.164
0.0
2.773
16.27
43.15
40.22
18.28
29.26
26.5
1.733
23.88
18.84
37.34
28.45
19.36
6.444
12.71
14.54
44.9
22.46
31.23
15.69
34.09
32.87
28.89
0.0
3.961
31.17
35.77
43.39
30.95
8.874
25.76
44.88
5.831
23.76
37.99
29.22
26.59
6.625
6.625
14.35
33.07
28.26
33.89
35.47
23.12
0.0
9.073
31.51
21.35
33.03
7.086
9.349
10.87
35.16
35.14
47.7
31.36
10.92
10.92
25.26
23.38
30.56
31.01
18.9
56.42
37.73
9.822
9.312
37.55
19.87
21.79
16.15
24.78
51.41
7.65
9.102
5.513
37.66
6.948
37.68
28.07
7.109
14.14
5.824
37.52
50.91
25.94
26.2
34.75
6.957
30.39
30.35
17.91
27.0
9.088
53.44
24.8
19.54
36.63
59.93
8.503
30.14
56.29
8.032
17.81
12.75
25.42
5.741
14.26
26.32
42.73
18.21
44.11
13.47
27.94
49.57
35.26
24.91
24.02
30.71
46.68
30.62
67.19
5.512
51.83
38.53
18.44
37.0
2.456
43.56
11.09
20.83
19.88
35.48
9.021
33.22
67.26
26.46
26.55
23.43
37.69
23.87
4.727
28.25
5.868
46.0
32.38
5.673
49.76
31.03
6.815
49.24
31.67
16.09
39.18
36.73
31.61
46.59
33.91
12.7
41.67
22.63
47.78
42.89
40.64
8.093
22.89
5.337
48.16
22.06
37.23
52.87
30.06
20.43
5.025
39.4
18.33
3.282
31.13
68.12
44.84
7.393
42.32
0.0
5.375
42.39
25.26
30.79
36.48
41.04
39.95
36.29
44.8
7.826
39.38
44.93
4.278
44.61
44.05
1.035
36.05
39.99
52.17
52.54
15.71
0.0
38.27
44.34
5.106
2.947
7.722
4.373
39.91
4.983e-06
65.91
37.22
30.06
27.26
39.69
42.73
21.34
54.68
5.612
56.32
40.28
41.24
40.05
39.52
7.268
45.45
15.35
53.37
13.2
3.599
47.37
26.95
27.82
52.49
15.61
9.772
6.991
8.215
40.38
35.08
6.488
20.59
5.804
25.9
21.11
31.57
28.77
32.89
4.172
20.97
36.21
8.9
12.63
29.62
11.81
37.17
20.8
41.39
18.99
9.009
10.37
12.81
44.23
44.61
37.47
21.3
44.01
39.93
31.86
16.32
50.13
40.67
44.35
4.192
16.11
23.98
43.92
42.64
42.92
30.44
44.29
52.06
37.14
0.0
49.7
25.07
10.15
46.45
53.1
27.23
41.71
44.77
35.15
39.3
39.89
38.97
53.01
37.26
56.1
10.81
7.666
0.0
48.62
15.05
36.75
54.88
17.69
20.45
50.4
62.03
40.21
62.31
60.46
59.46
69.69
62.44
40.05
42.75
33.48
74.7
69.77
64.24
