32.54
21.45
62.59
0.0
39.5
0.0
96.21
41.41
38.67
36.13
58.35
28.55
46.31
21.73
77.43
35.25
15.6
73.5
18.4
9.508
43.07
36.86
37.12
50.68
48.89
31.98
5.437
52.34
31.58
20.62
30.56
6.565
49.79
59.66
58.5
32.54
34.3
21.1
39.35
48.81
54.69
43.45
67.41
47.4
27.59
40.49
62.57
57.17
34.89
30.22
30.22
63.42
44.98
62.08
40.26
38.8
47.8
47.96
44.55
32.55
69.62
47.06
30.2
53.7
53.7
37.67
49.29
35.81
57.56
31.03
38.93
58.93
60.94
50.28
47.25
67.13
37.88
29.28
33.21
52.72
28.68
49.56
33.53
68.11
38.06
43.4
53.54
46.44
48.33
64.26
44.02
31.37
39.77
84.79
71.1
84.93
34.71
53.35
59.22
52.81
27.54
49.57
23.86
57.28
32.43
64.5
38.8
58.25
59.53
37.58
26.69
22.86
65.61
62.34
28.09
15.63
44.71
66.96
93.63
51.9
72.98
48.33
48.33
64.93
62.94
36.79
49.5
55.73
38.65
73.78
42.14
73.15
55.85
23.88
44.35
26.35
62.01
57.81
21.79
49.34
48.3
66.05
38.51
104.1
101.7
51.46
61.2
48.63
56.6
22.76
53.92
62.47
30.1
71.93
56.9
105.0
64.79
39.63
44.45
62.14
43.61
98.35
51.61
44.78
30.03
51.94
81.99
70.64
86.1
92.26
52.06
26.79
52.77
36.0
50.6
89.47
50.76
39.14
56.83
47.58
49.83
56.08
67.17
43.89
34.85
35.12
58.99
84.11
101.6
37.38
45.33
77.62
46.44
38.27
45.45
60.29
70.62
49.86
50.73
23.8
116.1
95.23
68.61
72.72
43.6
76.74
71.75
63.11
61.29
99.99
87.61
44.1
48.91
78.75
85.08
55.04
64.23
66.11
36.44
89.92
67.75
91.75
44.51
87.6
105.2
100.2
45.62
112.3
108.3
90.18
30.88
115.0
82.52
49.77
55.24
91.84
93.11
93.35
67.92
55.64
44.69
37.3
67.66
80.0
43.01
68.56
43.4
27.29
23.4
102.9
79.33
79.33
55.38
91.12
46.28
66.92
60.02
48.12
61.18
96.05
40.48
81.08
114.8
71.85
61.91
76.39
46.22
58.79
51.93
51.75
47.77
60.76
65.76
95.33
93.93
93.45
77.21
94.17
46.16
87.77
64.4
45.5
103.2
98.92
105.1
78.95
68.63
37.3
59.08
45.61
47.58
55.64
59.1
106.8
96.88
65.36
55.61
107.0
62.52
46.32
40.84
53.23
79.18
46.15
91.65
66.26
79.62
70.48
88.64
103.5
53.66
56.68
88.44
66.04
56.58
112.5
24.89
98.76
55.61
38.33
69.2
76.04
93.97
77.12
55.95
70.33
66.13
84.07
64.71
66.65
87.24
77.17
91.64
102.8
103.6
97.76
105.7
94.67
57.28
68.69
75.75
53.1
77.99
95.43
100.5
79.08
95.85
93.18
42.16
65.57
35.59
57.21
96.49
113.2
96.91
95.22
97.47
71.13
55.04
101.2
92.77
75.44
107.3
50.58
83.38
96.95
104.1
79.18
44.73
80.86
76.62
114.2
97.33
45.12
86.41
91.56
43.56
49.73
71.73
79.54
72.91
56.28
65.15
60.84
70.81
95.03
80.62
89.77
73.51
57.56
81.2
40.07
52.53
61.98
112.6
107.2
66.5
69.63
64.62
70.5
88.61
76.62
54.83
73.38
97.15
100.8
94.22
61.6
82.27
89.3
80.96
81.0
56.06
53.88
41.25
88.79
83.05
79.44
82.65
73.49
65.83
90.91
79.2
113.3
79.49
55.66
113.3
104.5
45.61
100.4
96.66
85.32
94.14
75.93
62.18
102.6
51.84
87.65
103.6
106.7
84.55
62.62
80.85
60.51
55.47
91.3
97.4
67.21
70.51
63.05
113.2
104.8
107.7
100.6
59.81
114.1
74.23
68.77
87.71
75.18
110.5
96.94
77.5
88.02
64.2
109.0
88.33
96.61
115.8
107.5
83.7
69.05
85.93
91.94
71.05
86.74
71.33
83.69
86.06
65.46
98.45
53.43
61.9
90.74
69.32
63.12
77.44
89.86
118.3
97.47
90.06
92.14
86.72
84.08
27.62
48.94
35.31
39.93
0.0
50.82
34.89
13.74
27.64
57.28
38.54
26.75
58.85
36.86
35.26
50.99
36.86
38.27
24.41
63.04
25.12
27.91
48.89
46.81
57.69
57.69
41.76
41.76
57.69
57.69
43.65
17.47
42.6
4.22
15.68
45.83
25.51
51.9
51.39
51.48
40.17
6.565
68.75
52.81
28.61
58.53
79.72
6.39
53.04
83.24
21.92
28.72
31.37
18.74
44.1
66.51
38.66
25.74
26.23
48.22
18.67
48.09
43.06
38.8
29.96
47.3
73.9
53.87
47.67
82.73
15.7
62.92
41.58
65.55
34.02
50.93
51.54
62.57
50.45
22.95
13.62
46.32
70.68
99.37
62.33
42.94
26.97
63.98
53.59
68.35
63.98
45.33
44.2
36.4
46.06
47.22
77.48
42.55
45.26
49.27
31.37
68.08
59.32
84.79
74.26
39.31
40.89
43.69
66.34
69.57
81.23
81.23
100.7
59.61
52.75
29.75
62.45
42.28
74.32
57.12
53.65
44.93
40.87
44.81
64.15
48.95
58.1
73.52
26.61
29.17
39.45
50.13
24.85
109.8
42.86
46.54
93.68
83.48
24.06
59.82
30.0
69.55
78.95
71.26
52.5
58.11
58.28
52.79
68.89
73.64
44.86
32.05
38.06
52.91
25.77
70.67
51.1
64.74
44.98
73.07
66.87
39.02
64.1
49.81
67.58
51.39
37.92
54.31
104.6
70.98
68.76
61.58
80.67
105.2
22.84
63.12
61.27
49.11
71.08
47.69
80.49
52.46
76.86
50.94
70.46
69.4
110.9
47.28
39.22
53.79
40.57
80.23
56.32
101.7
38.97
67.7
72.56
61.2
47.09
70.53
66.69
59.95
52.25
82.32
97.32
93.88
58.36
62.34
95.06
54.24
72.72
52.92
30.8
67.42
95.99
79.22
61.3
44.99
77.1
42.15
78.68
109.5
77.88
58.09
110.1
48.94
50.56
74.01
92.54
92.31
95.47
88.47
105.1
65.94
74.11
19.31
60.78
62.31
46.59
67.22
50.96
45.52
102.7
102.9
88.71
79.49
47.04
55.71
90.4
84.7
89.6
91.88
67.71
34.01
47.16
32.9
57.75
81.06
44.54
109.9
64.05
82.8
85.59
100.2
53.03
57.65
95.44
44.3
75.02
101.4
79.51
47.47
77.7
95.0
37.24
57.99
62.01
51.78
75.06
75.11
46.4
66.19
70.11
60.36
59.7
69.28
72.37
47.76
106.6
73.1
113.1
91.22
62.54
90.78
44.94
50.01
77.14
73.21
66.52
47.25
71.61
86.4
50.32
83.57
52.81
34.36
125.1
94.65
50.21
57.01
57.97
63.85
49.99
66.67
59.44
86.29
52.24
40.06
115.3
91.55
71.63
63.75
87.67
73.91
79.84
42.53
52.43
100.6
77.38
53.08
60.35
78.98
119.7
98.17
77.99
99.6
80.47
76.52
96.59
70.22
50.6
68.4
59.82
68.2
42.3
98.14
28.49
65.32
84.35
66.12
75.79
101.2
63.37
97.34
91.41
77.53
87.94
49.44
99.65
51.35
105.2
72.92
46.54
65.81
117.2
117.1
108.4
83.39
98.71
94.79
102.2
80.62
113.9
65.79
114.1
83.47
86.65
110.6
44.8
95.39
73.53
104.5
61.68
62.04
80.01
50.35
93.01
75.73
54.31
100.5
37.41
113.2
65.2
74.11
58.25
76.1
99.75
71.91
65.53
72.88
85.6
54.03
77.28
76.45
70.01
73.34
75.33
73.24
97.73
98.8
67.98
111.1
77.3
59.32
107.3
97.1
115.0
92.69
89.46
80.77
80.38
40.77
100.5
94.22
89.8
82.75
112.6
86.88
118.3
46.33
79.23
68.03
118.9
45.78
98.1
103.0
90.42
51.13
70.04
89.96
102.5
53.48
110.0
92.98
75.75
66.21
108.0
99.85
89.26
80.13
105.3
55.3
89.44
89.28
100.6
72.24
104.0
80.23
91.82
76.84
65.61
95.04
70.51
107.9
104.2
85.19
68.43
69.56
93.57
67.51
55.52
96.47
47.83
85.9
63.53
58.91
74.99
68.21
101.6
63.58
68.89
88.5
65.57
63.54
77.36
82.08
78.51
80.53
63.49
73.6
88.56
83.62
65.36
106.4
109.8
79.35
94.65
80.21
108.3
80.58
94.16
101.0
105.1
88.51
100.8
77.49
30.19
63.47
57.47
50.34
37.45
72.96
0.0
54.54
60.06
35.85
27.41
31.52
102.4
60.12
33.77
69.99
77.14
73.6
56.39
82.42
82.14
72.01
56.94
94.77
43.13
45.3
34.24
40.84
68.23
62.5
67.23
50.2
77.38
57.79
89.52
47.36
39.19
64.06
40.07
38.86
54.23
77.86
77.36
63.74
44.88
81.76
49.18
84.31
54.69
67.07
105.8
81.04
35.5
42.98
42.82
71.22
69.65
37.06
51.48
45.96
109.4
100.3
55.74
43.0
45.12
63.15
66.88
68.53
57.31
72.35
42.4
55.65
77.23
90.42
74.71
79.8
61.61
92.83
48.99
53.41
64.31
86.1
21.89
48.33
96.04
41.26
59.89
5.315
5.315
87.88
49.89
48.76
98.36
55.09
37.68
97.4
72.34
48.2
54.79
69.32
98.27
81.34
51.3
38.35
50.39
78.42
49.58
27.98
120.1
77.85
29.73
4.911
33.39
58.44
71.74
85.21
90.61
9.79
67.78
58.88
70.02
76.7
70.47
60.9
61.43
84.28
79.82
65.69
40.84
41.67
26.82
34.13
79.79
43.35
73.57
71.6
55.7
26.5
97.25
67.18
70.73
82.5
44.03
103.3
97.31
39.35
59.41
98.81
50.3
68.73
52.46
66.67
94.34
64.69
52.14
47.05
65.98
20.23
67.43
24.82
85.72
69.88
36.33
25.75
48.73
40.19
53.92
86.4
72.93
85.9
36.31
31.71
65.14
65.72
53.66
67.39
52.83
46.73
83.13
58.14
69.49
67.9
69.71
80.68
30.47
107.0
80.46
49.26
93.62
64.98
70.19
70.07
87.42
59.28
62.58
50.02
65.93
77.42
93.05
85.42
22.68
119.0
65.47
17.57
41.92
92.4
55.14
35.85
70.37
59.35
44.56
79.79
46.68
77.18
47.87
72.71
63.39
66.38
65.49
107.5
94.22
62.98
63.83
51.64
77.04
42.55
92.41
45.15
55.23
97.38
64.22
46.09
72.57
70.38
66.63
60.83
93.0
46.75
87.93
55.77
85.42
43.98
86.56
65.73
57.04
44.56
60.3
44.64
31.49
53.85
82.41
40.45
75.97
10.87
43.79
59.91
36.19
73.95
27.94
68.72
76.98
56.3
48.74
106.0
52.39
87.82
31.76
28.44
76.46
102.8
79.64
106.4
72.3
85.05
64.9
21.47
46.48
70.94
67.48
83.38
66.89
57.45
67.23
32.88
29.8
74.87
49.67
24.6
48.87
129.7
65.63
60.07
38.51
61.39
53.55
49.14
97.46
75.09
32.39
74.4
60.61
79.81
41.88
70.82
84.95
42.35
89.38
53.43
85.27
65.06
33.34
84.63
68.34
95.6
47.75
93.88
31.66
70.53
44.23
58.52
37.61
30.7
48.0
44.4
49.28
76.03
59.26
66.24
48.14
32.21
69.55
75.81
36.96
20.7
75.07
93.72
80.27
49.51
73.67
62.01
34.49
62.75
42.31
35.0
30.98
96.39
51.03
56.65
78.23
56.88
67.43
71.76
52.16
96.43
32.21
42.67
40.05
88.17
65.53
56.86
82.62
30.24
34.43
54.03
58.6
29.67
13.18
48.43
54.44
56.34
27.64
31.47
89.24
83.81
66.11
38.96
58.46
48.9
118.5
85.51
73.41
113.3
100.6
55.27
60.91
84.21
37.18
55.85
93.6
37.09
47.21
41.55
109.2
67.24
46.19
40.83
46.89
68.95
42.92
48.75
98.34
62.13
27.68
46.91
57.59
24.11
48.22
30.34
49.37
47.29
65.51
66.65
48.19
45.26
69.29
57.25
84.68
26.89
46.69
56.32
25.96
59.57
88.75
50.15
56.64
46.09
71.75
56.97
36.89
30.28
70.86
64.55
73.89
36.13
62.95
44.59
54.0
45.16
22.71
61.19
42.46
52.57
50.78
75.82
117.2
46.05
91.08
60.41
18.0
31.53
18.67
32.83
67.64
38.66
41.39
84.5
77.29
42.17
35.0
71.7
76.77
73.98
68.56
65.66
40.83
56.24
47.35
51.92
66.59
47.0
83.54
47.51
51.11
44.85
87.28
33.36
74.33
82.28
44.55
68.89
80.65
101.8
67.44
71.15
64.32
76.23
57.58
58.44
39.02
25.45
35.76
38.86
18.25
64.84
81.45
48.94
77.04
45.08
91.01
40.14
43.89
77.28
97.56
28.3
83.37
48.04
33.94
79.43
73.89
16.79
58.18
78.47
34.25
84.99
103.2
62.14
39.32
32.62
48.73
88.94
69.45
71.0
104.0
69.82
5.513e-07
43.61
60.25
46.51
23.8
74.87
44.44
43.89
92.48
72.63
31.98
57.86
75.66
30.89
17.59
93.72
58.58
112.3
54.79
40.32
61.04
41.29
75.35
48.72
71.37
90.62
32.77
33.19
105.6
52.73
86.33
65.17
102.2
40.77
50.98
84.94
65.47
75.54
62.9
39.57
66.65
81.6
53.79
34.54
89.12
63.6
30.37
49.77
81.32
44.02
73.09
77.45
80.25
17.86
91.99
78.59
54.91
92.67
4.017e-06
84.35
76.79
20.01
29.22
63.13
58.74
44.74
55.36
36.87
59.11
77.02
75.84
66.48
103.5
47.82
60.29
79.68
33.99
89.8
102.7
70.6
53.53
48.78
66.81
67.43
1.618e-06
75.38
66.8
88.13
34.89
40.88
23.79
79.23
43.99
62.03
114.2
50.67
78.14
72.91
68.91
57.9
79.33
87.61
48.8
49.79
56.08
63.86
67.9
39.62
108.9
29.32
110.1
45.14
89.4
55.02
42.65
57.12
71.43
43.59
85.36
21.5
57.53
27.81
87.08
38.65
85.76
56.6
37.18
79.25
76.68
71.58
34.2
19.81
45.55
85.56
42.12
108.3
68.03
81.22
77.7
106.7
95.77
49.8
34.22
51.08
51.94
42.51
58.54
38.54
43.0
57.66
63.05
21.42
63.22
54.56
37.82
61.83
23.17
64.02
21.47
22.58
76.07
82.71
25.46
99.73
63.39
100.4
35.21
59.67
103.1
105.1
75.32
84.18
42.82
93.52
89.86
53.04
84.09
64.68
56.54
30.57
89.17
52.44
92.84
66.78
105.2
56.05
16.95
63.99
100.8
46.01
85.21
34.52
70.4
94.09
81.66
81.76
68.79
67.4
62.73
43.68
80.5
60.34
49.54
56.57
24.56
49.68
100.3
56.67
22.12
75.98
79.97
72.09
76.28
46.6
72.83
80.96
50.04
94.04
63.87
39.23
79.82
90.2
71.39
7.948
51.17
30.89
73.13
71.97
78.7
78.42
54.63
60.74
64.35
95.32
54.16
84.82
90.59
77.85
83.31
30.63
55.07
90.06
68.15
43.65
72.01
60.65
104.1
39.12
30.25
72.24
7.94
79.68
72.29
89.31
63.7
84.58
57.38
27.08
101.4
67.04
70.89
86.48
79.16
53.44
33.1
65.06
94.42
77.93
58.92
59.53
56.89
75.4
39.33
96.27
21.19
90.04
52.91
87.14
59.26
57.58
81.14
72.95
93.44
50.15
100.1
72.71
44.74
70.01
76.85
63.7
79.88
31.3
52.95
59.13
45.52
50.65
30.67
37.39
30.65
63.15
71.59
77.61
32.31
77.79
66.14
24.53
95.84
43.9
47.46
20.01
60.75
46.14
88.69
57.82
37.46
60.96
80.08
54.68
65.79
84.93
74.85
62.78
19.42
87.92
75.92
89.74
40.31
82.36
54.78
64.74
69.76
80.58
101.6
90.79
50.73
117.9
47.5
57.92
45.32
28.09
54.91
23.33
68.62
86.91
136.4
55.11
43.08
47.77
43.57
67.61
79.78
31.48
62.69
49.52
70.05
43.66
94.45
101.2
18.67
71.76
61.35
47.33
97.73
44.71
84.88
64.68
80.26
58.94
80.31
45.44
49.72
48.16
62.9
39.85
60.93
16.71
56.17
26.74
93.38
60.74
103.2
44.02
64.8
82.23
38.46
46.98
76.31
71.29
81.54
37.12
69.67
57.02
59.19
40.31
77.35
94.76
54.65
77.99
77.43
55.56
40.11
69.62
26.8
75.72
94.68
105.7
66.59
34.72
67.28
52.54
22.14
65.79
24.3
50.57
40.99
83.56
50.79
90.11
19.74
44.36
66.75
109.8
57.46
79.44
78.13
83.42
55.27
57.55
56.36
47.07
19.29
62.79
65.03
48.45
73.14
64.76
93.92
95.86
40.87
71.21
78.95
57.46
70.24
99.49
45.15
22.32
73.02
25.72
103.8
73.66
56.67
32.02
59.84
67.38
27.56
44.69
38.7
43.39
84.28
81.32
54.45
71.34
78.13
94.28
85.27
72.63
61.05
115.9
83.98
89.54
87.03
79.95
43.81
48.66
74.81
76.47
52.22
34.47
48.2
53.88
28.87
53.43
0.0
74.96
83.32
21.85
46.3
33.22
12.12
56.16
68.09
67.1
86.22
49.31
32.06
37.89
42.03
36.27
45.93
19.54
59.45
33.78
71.33
77.68
51.54
29.55
49.83
46.5
0.0
55.03
46.13
34.77
53.72
9.479
57.98
104.5
45.77
54.19
46.19
50.68
44.42
52.29
54.53
32.06
40.36
54.77
25.31
61.95
40.78
0.0
57.82
58.13
0.0
50.03
0.0
52.87
46.57
14.82
0.0
57.57
55.14
39.18
34.48
51.52
31.5
69.89
60.17
0.0
56.44
35.9
34.28
55.33
0.0
62.98
57.51
0.0
52.04
42.11
19.94
63.76
32.04
49.48
51.6
54.83
0.0
43.56
72.43
0.0
56.15
74.96
0.0
60.41
37.06
75.41
41.08
29.74
45.96
55.86
78.59
42.01
45.82
54.62
50.85
38.09
90.82
0.0
57.05
60.39
49.98
0.0
64.04
54.53
0.0
44.94
41.13
19.79
41.72
32.91
4.364
44.7
45.18
0.0
74.64
23.14
30.3
51.23
40.26
31.77
36.96
65.85
26.67
55.09
47.36
41.4
66.54
0.0
59.21
61.76
44.43
96.13
41.76
39.07
47.21
60.04
49.82
63.72
58.39
50.85
78.11
83.32
36.42
30.75
7.578
36.12
59.5
46.09
0.0
85.93
62.88
24.64
63.07
0.0
21.55
56.82
55.21
40.41
48.83
41.31
61.79
38.44
49.37
56.83
48.76
52.17
29.04
58.36
33.05
39.4
65.88
59.45
0.0
25.63
48.26
71.34
21.19
15.11
0.0
97.75
0.0
50.71
70.46
25.97
21.5
45.03
35.83
8.296
62.3
30.03
0.0
48.32
44.02
22.95
50.42
35.64
9.479
52.76
52.36
0.0
32.38
54.77
21.93
0.0
49.13
28.9
73.35
110.3
36.12
68.71
18.2
25.98
46.5
73.08
51.11
57.39
44.84
12.12
67.54
32.11
0.0
61.66
22.88
21.5
67.12
52.11
15.33
82.39
41.35
40.99
30.39
55.33
30.65
43.93
24.13
31.62
64.04
60.14
11.83
35.63
78.84
79.42
46.5
53.24
17.96
66.25
16.55
61.78
16.05
0.0
65.92
58.83
11.94
59.96
54.12
5.43
42.02
27.02
52.3
35.71
33.76
0.0
76.16
41.31
36.12
75.41
46.72
47.04
59.22
25.87
23.65
9.09
52.11
33.75
52.81
56.35
0.0
61.72
6.439
0.0
79.4
42.01
0.0
62.55
38.79
34.02
25.79
47.08
31.77
74.24
62.78
38.48
40.76
34.49
41.03
55.9
57.71
75.78
63.57
28.45
0.0
40.47
58.83
37.41
103.0
0.0
0.0
85.92
44.11
29.35
95.37
57.71
65.05
57.45
56.49
95.03
25.16
17.75
74.64
54.27
94.95
53.59
0.0
56.97
33.19
39.71
69.09
58.07
29.38
103.0
16.69
57.96
54.85
60.04
18.36
48.35
0.0
34.87
68.54
13.04
6.044
83.13
44.09
0.0
64.4
43.9
0.0
67.11
16.71
77.68
59.31
31.11
0.0
65.03
44.84
31.83
78.4
62.14
30.34
65.96
88.78
32.93
69.18
37.15
36.47
64.58
40.47
57.27
43.83
84.25
47.04
60.18
39.32
38.8
45.5
8.319
40.41
54.67
12.51
23.5
61.87
80.02
32.4
48.44
6.936
45.61
103.0
44.84
22.38
97.75
62.93
24.64
91.76
25.87
40.41
61.73
54.54
90.59
75.35
57.56
43.02
71.94
41.63
0.0
79.65
38.04
28.49
78.25
80.86
42.32
43.28
0.0
39.1
67.92
77.37
12.36
84.14
11.84
31.77
86.33
38.31
63.31
6.505
51.06
75.34
49.34
25.72
72.55
66.27
24.43
44.87
46.76
51.27
98.0
45.01
39.28
56.81
65.06
54.09
54.23
41.64
37.02
66.69
58.96
38.81
62.29
34.95
52.82
63.0
33.07
65.92
29.62
43.57
32.61
75.37
40.25
46.9
60.06
54.72
87.48
81.01
55.25
58.11
55.15
71.38
79.07
65.35
65.92
72.51
42.18
55.01
50.86
51.45
66.64
79.91
79.6
35.69
57.64
31.23
19.07
18.55
80.94
66.08
56.11
49.78
51.51
94.01
28.99
32.36
25.52
71.07
79.42
39.49
32.68
70.72
69.37
62.15
117.1
16.96
27.57
56.82
78.2
47.97
26.52
18.96
78.3
63.69
66.13
87.47
34.57
67.38
63.5
53.36
65.61
47.64
53.67
43.5
42.24
55.69
73.27
42.07
37.47
27.99
33.51
29.35
53.61
61.84
51.96
71.17
74.93
24.02
28.88
97.52
52.13
86.88
71.42
41.1
75.22
78.72
42.41
58.14
49.48
53.7
28.36
19.21
71.19
48.93
33.85
28.04
63.16
55.12
57.18
74.05
52.14
76.39
42.43
56.27
48.24
74.7
31.06
57.05
69.2
66.56
15.76
66.59
31.67
48.91
38.18
52.7
92.04
52.6
55.93
42.85
56.58
54.75
69.5
75.05
42.13
40.49
57.33
49.42
69.04
40.04
48.54
51.41
69.38
80.27
60.61
42.59
33.24
84.73
43.2
44.98
40.82
40.48
74.71
85.25
30.95
36.95
57.26
60.61
57.06
26.36
62.31
61.41
36.15
41.34
81.78
30.95
57.53
102.8
66.59
42.33
34.76
55.73
51.26
45.59
47.07
30.54
58.67
49.78
66.04
51.07
57.01
21.28
60.96
42.98
68.55
56.43
54.89
89.5
18.71
46.32
59.71
53.47
35.29
90.7
51.25
61.8
36.32
117.9
62.23
2.863e-06
36.37
36.19
79.62
55.99
74.14
40.74
35.4
29.44
62.04
55.74
56.85
51.61
103.8
82.37
63.62
77.7
71.2
69.74
39.08
55.39
62.45
49.24
46.38
25.26
72.88
71.63
66.85
54.76
80.1
56.9
46.17
32.89
45.24
79.69
64.46
50.68
41.38
59.27
46.68
52.93
80.73
45.46
47.87
58.35
60.46
111.5
68.4
75.88
52.77
60.85
45.4
74.73
48.09
89.45
58.09
55.32
77.68
53.33
58.57
59.46
55.31
79.04
64.96
51.1
49.4
40.7
53.83
58.95
65.08
78.96
39.11
49.46
62.95
69.79
43.66
42.57
58.68
44.35
72.78
66.85
48.47
52.35
48.41
37.84
56.78
90.81
74.75
70.2
66.67
24.64
48.98
78.78
42.88
43.57
43.37
51.14
99.29
39.91
35.39
47.61
3.753
79.39
68.46
60.39
48.05
73.03
49.39
60.86
51.29
35.43
41.12
36.69
56.91
44.97
64.53
85.47
46.48
29.96
44.69
42.69
39.35
58.23
75.07
52.08
93.84
88.31
75.43
64.51
34.52
39.53
55.11
65.44
80.58
37.9
60.99
58.54
61.95
34.78
24.01
23.31
37.01
94.73
64.03
34.0
38.82
70.46
27.78
36.49
63.72
64.95
36.1
71.12
42.79
45.2
45.28
92.93
67.38
60.66
51.62
52.14
16.88
63.43
70.83
45.2
58.6
30.27
85.89
58.5
89.43
74.0
22.87
49.33
57.2
62.96
44.32
54.12
21.3
74.96
30.43
57.0
41.59
81.3
51.0
57.57
51.47
51.29
49.87
79.35
72.6
50.97
40.48
64.07
38.47
46.09
38.31
64.2
29.8
45.93
30.57
55.82
55.28
51.31
59.54
47.43
61.58
52.88
57.53
32.64
49.05
82.67
36.94
43.44
19.83
69.2
86.35
28.74
52.83
72.75
71.27
65.56
46.47
81.99
82.35
75.82
89.07
38.74
40.59
116.3
36.53
84.77
75.35
47.77
32.89
51.24
86.46
87.26
45.67
26.36
49.85
69.38
70.53
16.98
38.66
60.06
19.37
27.33
41.69
41.21
40.08
36.76
26.78
45.63
63.11
36.41
56.88
38.35
39.99
52.2
59.71
59.18
69.05
51.99
47.03
41.02
83.7
43.91
42.59
38.71
42.56
31.35
49.64
27.89
46.5
48.5
24.55
53.53
53.68
95.78
57.27
57.4
30.43
62.88
51.54
59.09
50.88
68.95
72.72
50.42
46.57
50.8
73.05
64.24
45.36
45.13
73.59
31.14
7.699
47.73
48.45
70.02
29.33
49.67
57.15
54.09
59.53
74.97
29.41
64.32
81.0
39.96
55.32
96.88
56.45
28.09
59.82
53.67
43.14
62.06
42.02
88.85
51.54
53.74
39.44
20.59
46.32
68.12
52.63
71.8
56.09
73.85
70.4
60.74
97.17
79.33
21.82
50.36
34.81
34.17
70.09
54.49
37.38
68.48
72.87
26.28
40.57
69.09
57.91
21.19
65.04
43.24
54.16
23.48
44.89
41.28
58.07
58.68
39.77
33.97
90.17
50.35
44.98
66.44
65.24
65.76
69.9
47.57
41.24
84.87
79.84
24.75
47.28
71.32
38.01
48.93
32.35
34.29
81.3
52.29
47.81
42.02
56.94
67.34
46.34
79.39
72.54
41.22
69.14
43.01
51.42
75.26
70.34
91.77
29.34
31.64
22.54
68.91
68.75
94.44
89.88
99.6
47.57
54.61
61.32
65.91
69.28
60.67
55.72
40.14
40.73
94.22
36.05
52.64
29.12
70.08
54.16
59.69
69.98
54.37
60.41
36.57
50.39
44.38
105.3
74.2
62.39
38.98
91.32
63.17
42.68
58.32
48.02
34.62
47.87
62.6
22.13
49.62
67.09
66.99
45.19
39.15
81.03
70.55
19.07
52.83
87.55
52.46
56.54
62.92
41.52
103.9
16.43
31.21
22.56
46.35
64.66
77.59
110.4
44.75
46.07
51.57
36.1
71.0
47.4
33.84
46.55
51.22
55.18
23.9
77.6
69.52
57.47
67.15
62.68
27.05
62.31
54.4
78.22
30.86
46.18
62.8
80.09
53.99
70.57
41.33
27.84
38.5
30.08
72.19
59.3
75.43
36.68
43.45
72.71
62.82
90.51
24.95
19.69
62.17
101.3
38.3
26.2
72.06
48.48
36.61
55.7
74.68
51.05
44.42
83.26
67.25
27.68
43.77
47.97
45.51
40.05
33.88
67.39
47.93
55.5
32.06
69.92
93.7
80.27
42.46
29.24
63.78
60.84
94.86
57.68
56.08
44.31
63.26
40.47
45.78
33.08
79.43
49.07
89.25
36.14
59.32
49.94
58.1
74.05
54.1
56.18
34.63
36.04
52.93
34.63
58.92
49.59
37.7
64.57
64.39
66.24
51.19
39.44
27.23
46.25
86.41
61.64
77.89
61.08
35.31
62.34
0.0
53.2
58.36
40.38
54.56
55.08
69.36
41.46
72.28
44.72
57.68
77.86
54.59
34.47
30.28
31.98
71.31
27.32
56.23
40.63
26.92
46.15
72.19
42.33
34.78
51.28
68.97
43.45
76.11
31.98
49.46
62.71
54.75
68.57
68.18
41.78
60.73
48.87
47.84
64.24
86.89
45.49
54.87
60.4
31.79
54.7
34.58
96.34
44.85
86.83
68.74
88.29
48.91
54.02
39.16
61.01
61.99
50.6
80.1
67.98
61.75
82.59
56.04
115.9
64.27
47.17
46.58
64.53
41.41
36.14
55.82
59.71
95.58
71.01
46.08
67.19
30.84
20.47
44.8
67.17
56.48
64.69
57.93
52.87
39.0
87.75
51.01
17.95
39.77
43.63
65.61
59.88
58.28
47.73
64.74
56.88
47.16
69.32
24.71
76.41
57.99
73.76
24.22
42.22
24.22
49.92
70.5
42.41
103.6
50.05
39.56
58.11
29.32
64.15
65.05
38.73
47.62
49.29
62.16
32.83
44.6
37.38
40.16
35.41
63.4
56.61
52.3
86.47
50.07
53.54
41.09
79.56
86.46
69.5
48.05
59.23
43.07
58.02
39.94
21.97
38.05
68.14
73.38
58.3
32.3
26.97
27.66
43.23
110.8
52.92
52.87
46.75
48.69
35.33
42.94
58.03
71.52
66.09
36.89
69.66
55.33
71.24
46.23
92.55
34.51
64.74
37.18
38.6
79.84
57.47
57.46
61.25
45.87
62.51
26.29
46.2
39.29
29.31
15.27
66.61
55.72
66.08
65.57
78.06
58.11
29.94
26.05
63.13
52.97
53.23
61.42
63.93
34.47
49.37
45.69
18.95
38.67
34.59
40.51
49.49
45.09
76.08
56.8
35.02
70.23
17.13
75.83
35.94
39.67
32.17
39.14
48.6
90.46
60.47
49.03
41.46
62.96
79.66
47.46
48.36
66.04
30.47
68.43
86.74
70.47
54.24
57.44
37.46
32.81
70.54
59.44
47.53
65.66
48.71
25.82
67.35
43.55
27.93
85.82
49.06
39.02
60.4
40.64
30.82
82.28
42.84
13.04
106.0
50.66
34.03
57.99
61.33
52.19
71.0
104.1
54.34
120.5
62.15
35.95
57.38
63.58
41.55
72.03
47.2
27.9
88.7
80.99
34.92
69.06
57.48
21.74
60.32
58.01
31.55
88.45
50.16
30.45
85.83
52.86
37.89
77.4
60.08
34.76
60.38
52.45
30.45
63.98
74.18
37.38
90.51
41.62
73.93
69.61
38.05
38.13
79.72
48.5
44.52
81.04
53.71
48.66
58.72
64.46
30.67
54.34
45.53
49.57
82.7
53.38
29.59
61.19
45.8
25.22
68.23
60.75
70.17
98.96
31.81
18.04
102.2
66.48
24.58
79.03
90.45
33.32
47.48
63.65
41.23
68.9
68.05
21.37
50.77
66.99
30.25
77.55
47.1
43.46
86.01
47.16
40.35
56.41
37.16
20.85
107.0
51.27
59.72
65.42
64.24
59.78
62.96
50.72
40.64
92.15
59.84
59.13
75.84
41.82
52.62
76.34
85.36
53.75
69.77
103.5
39.1
92.2
40.29
62.22
76.18
57.1
39.89
75.64
39.12
40.22
47.45
52.2
32.84
65.41
73.91
22.49
66.49
54.23
38.85
66.8
61.96
48.36
74.85
49.41
37.76
48.41
39.72
46.95
47.8
63.32
35.62
114.6
40.08
65.02
53.43
60.51
42.73
66.95
52.21
19.91
83.52
47.55
46.27
49.25
21.89
72.63
59.53
56.43
56.84
96.1
57.54
30.31
116.3
69.33
26.02
104.6
57.07
45.89
139.7
67.08
30.83
67.09
45.81
48.17
118.5
62.72
14.91
75.43
41.55
24.59
54.52
66.61
33.82
72.8
41.99
35.36
103.3
38.36
24.73
93.99
33.31
28.4
104.0
62.0
29.96
85.2
57.52
23.93
78.71
49.42
42.42
76.89
53.73
82.2
43.49
90.87
70.27
90.96
84.78
43.33
41.13
50.66
31.26
80.15
111.2
92.53
53.23
108.0
61.01
48.03
52.39
65.03
79.61
56.48
55.05
81.11
72.85
70.07
40.77
56.18
68.78
68.13
71.31
120.4
42.37
96.27
45.53
86.62
44.65
70.36
57.81
86.3
58.77
86.76
62.82
85.39
57.35
85.84
55.86
72.49
39.06
47.03
50.67
56.92
56.45
74.07
79.65
52.18
65.99
63.2
46.49
73.12
69.43
51.73
45.78
71.09
82.54
83.79
38.04
60.14
0.0
80.64
59.86
77.98
45.27
97.94
76.82
89.77
34.71
69.22
100.6
75.76
96.3
0.0
32.87
61.35
63.03
112.4
82.93
61.94
98.27
46.86
68.99
71.85
85.51
82.62
91.71
52.85
43.12
54.72
32.79
90.73
48.14
54.86
70.17
85.47
19.0
78.26
25.28
94.49
92.79
53.08
60.2
96.11
91.94
77.33
93.9
70.3
99.43
87.81
88.21
106.6
118.6
62.16
55.33
54.71
63.38
76.32
49.96
75.94
62.77
0.0
89.62
4.26
75.98
31.69
39.11
46.06
83.28
101.9
90.46
47.32
91.31
41.41
44.93
78.74
63.52
34.7
38.14
65.71
69.13
89.5
73.62
0.0
55.88
82.78
49.53
72.3
32.1
108.6
58.81
50.06
38.41
108.9
51.84
62.73
75.7
24.56
96.4
93.33
103.3
48.69
88.45
86.0
58.66
36.86
42.32
27.04
33.29
68.71
79.73
46.12
88.4
76.63
63.3
28.33
92.07
58.87
0.0
78.58
60.64
7.507
81.93
69.66
33.67
123.6
91.7
53.06
0.0
114.3
76.57
75.8
59.38
54.44
75.82
77.69
104.8
64.43
61.92
41.94
109.2
94.91
47.25
115.7
91.77
83.84
51.26
43.55
41.89
80.35
84.52
54.14
54.31
83.35
74.17
53.41
12.67
22.73
54.59
86.2
36.6
31.82
96.25
56.71
87.47
49.1
68.58
110.2
54.98
79.98
13.97
90.7
90.43
22.57
47.36
102.1
109.0
34.74
101.9
75.16
32.88
43.29
46.41
78.69
28.81
39.07
32.77
8.99
69.06
91.62
52.87
65.0
5.382
81.62
59.75
73.08
0.0
47.6
78.16
61.6
76.1
59.2
65.36
71.83
63.24
32.98
41.2
113.1
104.1
53.86
72.81
85.14
93.8
51.82
46.68
66.02
52.63
64.07
50.79
87.93
73.79
0.0
74.11
60.99
94.06
0.0
25.5
49.86
52.84
77.58
51.57
36.17
22.77
91.6
62.8
80.4
59.57
42.21
115.0
92.33
76.6
31.14
35.13
69.58
65.3
93.13
76.9
87.11
5.932
36.19
64.88
50.1
95.15
70.95
60.48
27.49
32.99
39.36
59.34
38.64
0.0
47.65
0.0
114.6
76.08
55.2
42.48
53.48
60.62
73.52
72.1
51.78
48.6
67.48
105.7
36.57
35.35
61.56
81.95
58.24
31.67
60.35
0.0
80.31
71.0
9.162
52.15
90.74
44.83
67.73
28.62
88.14
57.17
55.04
77.7
74.92
100.1
104.8
78.77
83.68
93.65
47.4
105.4
86.68
40.83
77.65
73.67
63.7
67.26
89.95
38.97
46.85
76.08
0.0
80.34
0.0
23.73
0.0
53.65
100.7
41.11
0.0
75.09
44.33
81.14
57.38
85.81
96.82
30.55
78.28
81.18
0.0
84.34
81.54
75.66
64.79
31.71
102.4
36.72
41.12
44.17
19.38
43.16
109.7
86.37
25.63
78.94
0.0
55.98
64.87
59.65
66.1
49.28
75.51
86.13
44.77
0.0
22.14
65.76
40.49
85.84
93.86
46.37
50.12
76.17
60.07
81.15
77.57
24.42
85.97
88.63
60.83
90.55
5.084
59.24
52.71
77.19
64.51
112.7
90.36
70.02
45.35
89.39
49.76
0.0
73.15
70.31
71.1
77.54
90.49
74.7
89.03
75.47
83.35
59.41
51.63
38.07
90.74
100.0
66.53
64.39
30.58
65.78
112.4
87.03
102.5
26.71
101.2
84.85
39.31
54.23
86.55
91.81
101.7
76.97
85.63
62.72
49.78
102.4
58.13
67.99
40.98
56.64
34.32
91.07
105.4
74.51
68.57
55.04
74.98
22.96
40.84
5.941
35.69
48.75
66.91
64.99
89.66
87.23
86.41
37.87
65.46
35.68
75.41
60.0
71.49
28.89
82.92
54.67
47.15
61.14
99.8
27.01
57.47
37.9
50.72
95.62
74.24
57.97
53.56
36.7
90.99
14.35
56.52
79.89
63.49
86.0
72.72
60.64
50.55
84.83
96.88
74.31
0.0
58.05
90.63
56.27
65.26
90.33
38.5
98.76
0.0
46.46
90.25
76.47
57.38
47.26
69.5
91.2
47.18
41.61
0.0
42.74
82.16
122.5
77.92
53.22
33.82
39.39
16.36
101.2
95.31
69.65
92.94
58.4
76.77
65.97
54.44
50.96
103.7
80.49
62.73
56.28
36.17
61.55
69.71
54.37
100.9
33.44
84.9
77.43
23.84
44.29
58.9
51.82
53.45
75.52
71.61
77.97
61.94
31.54
64.48
87.0
70.4
85.97
47.95
127.8
68.0
89.25
89.41
88.54
0.0
6.665
0.0
24.87
59.69
73.38
44.21
65.36
39.51
64.21
25.92
58.21
55.21
34.07
32.78
83.73
99.87
52.13
36.64
16.49
71.77
59.84
79.67
115.1
64.51
84.52
72.08
57.11
83.98
49.21
34.38
0.0
54.21
0.0
34.31
19.99
75.42
54.56
45.1
66.54
93.85
36.73
60.33
69.17
61.82
75.5
49.36
53.77
30.05
42.89
46.93
35.79
64.11
70.7
90.55
50.28
49.43
84.31
69.66
85.13
86.73
77.4
109.1
0.0
58.48
34.35
72.23
104.8
46.01
37.08
69.51
99.71
22.63
92.25
103.2
83.89
65.92
35.29
82.65
55.27
81.07
25.52
52.07
28.02
79.32
71.09
42.98
73.72
89.2
91.82
73.8
69.54
92.35
43.99
51.85
35.22
33.24
104.3
93.56
82.57
113.7
82.21
26.06
38.09
74.78
78.35
69.53
36.94
84.4
42.15
77.17
57.43
73.74
73.7
96.38
25.68
65.81
39.66
55.64
58.27
69.43
0.0
16.12
0.0
76.83
103.6
27.74
22.01
38.2
0.0
51.78
0.0
96.78
53.75
77.43
27.3
64.13
53.32
69.27
66.73
78.46
55.15
74.06
114.4
55.0
71.54
44.38
89.24
75.75
104.3
21.69
51.88
52.75
95.61
34.1
117.0
22.28
55.09
78.77
111.8
69.92
38.03
117.0
29.65
88.87
77.71
18.68
70.03
37.79
95.46
59.55
27.99
28.76
68.19
36.17
75.1
63.93
77.33
54.03
81.29
86.08
52.24
78.36
52.91
61.76
17.8
56.95
79.89
77.85
64.27
45.25
84.39
60.07
52.11
79.98
29.63
67.13
65.16
83.16
61.03
54.5
28.82
66.81
39.8
23.97
94.26
62.56
45.69
6.485
89.82
57.72
66.14
78.59
117.2
89.4
78.21
92.73
73.2
0.0
79.23
50.5
100.7
107.9
41.26
88.52
31.01
71.59
115.5
21.71
0.0
78.8
34.56
110.3
20.94
41.24
42.31
100.9
84.59
94.53
27.07
63.8
90.3
61.8
23.38
49.17
85.39
17.79
104.2
66.77
75.29
59.07
22.12
25.15
97.12
84.49
82.72
43.59
138.7
83.31
91.41
59.44
59.36
60.81
117.5
69.2
54.23
104.6
22.42
98.59
58.51
84.07
62.95
43.78
71.33
49.98
38.01
99.43
107.2
79.35
85.31
68.84
76.84
57.27
62.37
44.5
61.06
70.09
83.53
91.52
74.7
94.61
46.76
49.32
59.58
54.02
109.3
66.5
66.79
83.46
0.0
66.17
43.16
70.9
71.11
87.94
82.23
53.46
52.57
69.46
92.1
45.49
0.0
86.41
92.03
42.63
114.2
24.49
68.87
68.58
76.91
78.13
64.89
57.69
50.78
60.77
81.08
53.24
53.16
44.68
78.93
72.1
63.94
54.94
43.79
23.88
47.81
72.69
78.5
85.27
29.94
38.87
61.71
0.0
65.52
77.02
81.18
87.3
101.3
64.45
147.9
58.87
92.01
52.56
89.65
58.77
81.84
119.0
84.27
26.5
43.53
35.23
0.0
63.83
47.61
30.45
94.77
41.37
50.66
98.15
11.9
58.73
75.68
28.47
25.05
71.98
26.52
42.74
61.55
30.52
76.86
45.63
74.8
33.02
72.69
20.62
73.27
69.59
113.2
86.29
79.08
70.12
80.14
74.99
80.13
69.28
85.68
13.57
28.05
6.485
0.0
30.86
30.99
63.44
40.02
111.5
80.38
94.38
61.77
78.74
82.46
72.58
69.58
57.01
49.86
64.51
46.22
39.74
52.76
80.01
61.36
0.0
107.0
94.11
72.11
105.8
31.84
62.38
45.75
74.25
58.75
93.05
105.5
29.35
0.0
42.73
62.74
0.0
0.0
53.97
45.82
63.0
55.08
41.67
66.15
16.63
28.07
48.84
65.33
102.4
69.27
56.92
52.57
69.5
45.85
50.79
91.25
119.5
85.58
71.28
0.0
82.24
74.01
93.35
0.0
94.17
68.98
0.0
0.0
39.1
13.47
55.98
66.82
77.75
86.83
55.69
52.11
78.28
63.53
104.4
110.2
22.9
33.36
40.68
42.02
50.12
77.26
65.19
98.23
57.99
45.19
0.0
69.97
75.98
36.82
103.1
15.94
86.39
68.41
73.95
84.81
64.62
32.16
49.59
80.15
99.24
52.83
43.04
35.47
50.57
27.23
53.26
61.28
122.8
66.2
96.36
68.66
20.63
61.07
89.05
83.06
105.4
64.57
39.86
40.91
66.76
81.64
84.05
48.59
62.88
81.01
24.88
50.6
76.71
70.09
47.56
54.21
35.61
47.25
36.94
28.74
90.36
73.4
0.0
88.23
81.48
93.49
53.23
37.73
84.5
58.09
44.77
25.5
85.44
95.3
23.1
88.15
53.23
63.09
75.0
41.63
25.47
84.53
63.99
68.63
133.0
101.7
0.0
96.85
38.21
57.6
92.42
85.72
60.58
21.04
36.0
76.08
23.91
111.8
66.36
36.61
73.39
77.33
69.23
95.52
76.11
68.14
65.42
67.9
83.59
120.3
50.86
47.22
63.62
80.93
92.0
91.69
96.37
70.52
0.0
0.0
70.91
89.13
84.31
77.72
54.1
104.8
67.18
73.76
92.63
107.0
55.24
39.58
95.93
103.5
34.32
97.63
90.88
72.8
59.46
74.86
95.32
88.57
92.08
89.77
65.8
51.94
78.07
42.01
44.9
59.02
70.9
86.67
85.82
0.0
83.26
93.0
56.98
5.091
74.91
16.12
75.75
99.43
40.47
64.59
84.4
38.22
53.96
54.75
45.58
44.63
31.9
75.44
103.7
60.56
72.15
62.98
0.0
27.32
64.89
34.3
105.9
25.23
94.06
0.0
27.75
39.04
69.59
57.87
71.69
38.42
80.13
102.0
0.0
70.57
20.93
28.93
0.0
71.99
68.03
61.24
86.67
46.75
30.94
58.7
25.5
5.261
29.02
62.22
113.8
91.33
112.1
94.43
92.62
0.0
101.1
91.89
48.6
71.73
112.6
25.68
87.52
85.69
84.46
63.15
36.04
79.01
82.04
80.47
97.06
96.79
47.96
100.4
87.78
84.56
51.41
91.07
69.21
116.3
58.45
93.56
115.6
0.0
34.29
56.23
65.93
51.95
66.83
66.02
86.44
17.12
38.93
110.7
97.82
28.14
80.85
52.48
119.8
27.55
0.0
42.63
56.59
84.83
96.88
121.7
56.37
46.8
91.97
96.54
78.53
57.39
25.39
76.12
112.6
99.93
121.1
102.2
63.96
67.12
81.13
35.25
0.0
82.55
40.7
65.38
0.0
81.22
77.97
73.93
0.0
45.09
76.69
28.14
91.69
52.5
53.9
50.49
63.37
92.83
96.25
32.1
94.57
44.09
62.33
95.18
48.85
50.98
77.12
54.49
58.8
75.25
115.4
61.67
100.2
112.7
72.38
64.99
83.25
49.59
73.36
71.45
64.19
27.15
0.0
41.25
60.54
102.6
69.14
0.0
84.05
71.09
90.96
67.29
78.1
53.53
87.92
51.9
51.77
47.58
55.66
61.75
52.31
99.13
37.82
95.14
62.92
25.45
60.26
102.6
0.0
0.0
48.25
95.38
0.0
12.65
78.31
59.27
59.13
72.14
37.5
88.13
66.43
75.51
37.47
91.58
102.7
43.19
0.0
90.56
90.2
72.56
0.0
19.45
76.49
80.87
59.58
74.96
84.61
94.27
67.75
98.2
0.0
38.81
43.71
37.52
58.98
69.27
82.98
100.9
69.87
94.12
44.29
66.61
125.2
59.63
64.9
44.61
62.05
67.46
80.76
34.12
33.53
103.1
73.28
94.2
103.2
108.0
78.35
36.81
70.0
60.58
70.91
85.27
64.38
0.0
54.75
28.76
106.2
58.07
83.31
80.74
0.0
104.6
64.09
72.98
60.52
0.0
49.17
79.35
95.52
74.39
22.89
36.04
58.48
98.81
19.34
0.0
69.32
59.53
51.36
107.4
33.84
32.63
40.16
26.9
0.0
105.6
71.93
80.22
0.0
16.51
0.0
33.16
98.62
87.86
62.4
45.45
20.62
22.21
54.68
48.53
94.71
55.77
28.01
97.58
86.52
85.13
73.56
100.7
28.76
45.27
64.25
91.13
83.83
93.34
29.85
95.36
26.44
50.63
0.0
50.24
120.8
77.92
76.99
98.82
41.96
54.88
37.27
88.5
15.25
40.78
71.86
51.87
57.36
46.6
14.95
76.76
46.76
77.64
101.5
104.1
38.07
63.41
79.48
72.74
70.69
41.69
45.22
20.09
0.0
42.35
61.76
60.03
110.7
37.89
52.21
113.9
53.39
61.97
87.38
38.3
47.23
64.84
57.04
55.51
87.77
97.43
93.73
102.0
78.77
53.5
60.58
70.1
56.17
72.21
14.22
52.18
43.26
94.26
87.57
54.5
0.0
49.79
0.0
71.22
59.57
4.064
57.54
81.81
45.79
50.64
38.81
67.19
36.64
0.0
99.25
97.33
64.61
0.0
91.97
87.76
0.0
42.31
117.9
87.0
78.06
52.79
100.1
68.77
90.65
83.53
61.32
85.64
83.85
48.86
23.57
28.53
95.96
40.06
132.2
33.24
28.42
50.36
34.0
58.18
47.51
36.77
104.1
27.14
80.24
66.14
116.3
42.03
86.47
28.05
93.48
27.73
30.11
74.33
34.11
61.56
109.6
76.92
71.49
47.12
56.6
63.25
31.15
83.65
100.4
69.63
53.76
96.37
54.39
84.06
68.12
74.15
0.0
109.7
99.03
84.74
91.69
45.98
34.01
110.4
50.46
117.8
95.45
25.98
79.98
40.91
82.49
39.86
95.59
34.55
45.09
99.18
50.12
20.69
60.62
0.0
26.21
1.399e-06
11.96
44.4
34.01
11.38
50.13
58.17
65.8
29.24
64.98
49.03
88.36
80.11
42.35
52.16
42.94
46.84
49.9
40.64
32.89
65.28
36.13
27.92
29.39
69.55
47.75
51.04
53.94
65.91
51.22
68.32
32.69
45.66
67.44
57.27
59.11
77.31
93.16
52.0
66.12
34.37
78.88
65.35
37.66
57.8
92.48
71.21
74.66
80.45
55.66
69.15
87.75
83.35
90.21
65.21
81.15
84.09
62.87
72.21
68.98
86.35
71.52
101.2
81.82
63.65
55.41
65.87
67.35
95.9
67.86
83.64
93.97
123.4
77.23
49.91
57.85
31.36
25.5
26.93
80.86
39.49
41.15
69.25
25.5
31.97
96.3
26.93
40.74
35.92
17.74
17.26
64.33
64.68
68.5
67.69
88.88
51.96
45.17
55.11
81.6
78.97
56.4
42.27
98.91
94.59
65.52
41.86
119.5
51.12
48.99
86.86
71.92
73.47
39.53
65.18
68.25
62.76
66.0
78.72
60.89
95.62
50.34
103.9
94.36
72.83
73.09
70.4
48.33
70.09
95.22
38.18
95.36
95.15
64.53
58.06
40.11
68.89
75.11
79.9
77.04
105.0
12.64
100.3
97.22
86.51
91.81
88.28
70.08
93.31
93.27
80.27
68.6
80.28
107.2
98.71
90.02
94.47
102.2
120.7
105.1
95.93
68.97
83.22
41.72
122.0
88.49
98.47
94.43
