0.9602
0.9869
0.9168
1.0
0.9427
1.0
0.5571
0.9474
0.9767
0.979
0.8863
0.9874
0.9184
0.976
0.8275
0.9701
1.0
0.6782
0.9929
1.0
0.9684
0.9753
0.967
0.955
0.9573
0.958
1.0
0.9527
0.9941
0.9862
0.9486
1.0
0.9427
0.933
0.898
0.9618
0.957
0.9886
0.945
0.9617
0.9391
0.946
0.8497
0.9425
0.9763
0.9662
0.9185
0.9488
0.9784
0.984
0.984
0.8622
0.9474
0.9292
0.945
0.976
0.9164
0.895
0.9087
0.9786
0.7339
0.9364
0.9867
0.9053
0.9053
0.9193
0.9586
0.9526
0.8187
0.9805
0.9643
0.8945
0.9094
0.9597
0.9273
0.9234
0.9603
0.9576
0.9637
0.9412
0.9866
0.9679
0.9815
0.9207
0.9601
0.9631
0.953
0.8962
0.9099
0.8684
0.9233
0.9805
0.9094
0.5778
0.7137
0.5583
0.9749
0.9186
0.9151
0.9207
0.816
0.9102
0.9878
0.9337
0.9823
0.8956
0.9799
0.9154
0.9649
0.9439
0.9759
0.982
0.9043
0.9231
0.9724
0.9932
0.9502
0.8773
0.5703
0.8988
0.6865
0.9583
0.9583
0.7233
0.8358
0.9552
0.9446
0.9311
0.9713
0.8047
0.9691
0.7647
0.942
0.9921
0.9364
0.9838
0.8432
0.8958
0.9927
0.9555
0.9558
0.7897
0.9704
0.3511
0.8359
0.9263
0.8675
0.9172
0.8913
0.9804
0.9545
0.8492
0.9828
0.8711
0.9087
0.5413
0.8995
0.928
1.0
0.8115
0.9261
0.5949
0.9588
0.9786
0.9873
0.9197
0.7607
0.7719
0.8315
0.7128
0.8748
0.9871
0.8758
0.9711
0.9352
0.6437
0.9289
0.8938
0.8474
0.9417
0.9239
0.9453
0.8422
0.9535
0.978
0.9678
0.9175
0.7135
0.5894
0.9856
0.9467
0.7787
0.9188
0.9344
0.9123
0.9827
0.9008
0.9539
0.9313
0.9819
0.3083
0.4217
0.5932
0.9202
0.9209
0.7614
0.723
0.9452
0.8724
0.6808
0.6522
0.9401
0.9434
0.7124
0.6582
0.9099
0.8772
0.8523
0.938
0.6682
0.85
0.5348
0.9477
0.6793
0.6072
0.7881
0.9567
0.5042
0.5445
0.5574
0.9744
0.5013
0.7443
0.9615
0.9469
0.7113
0.5414
0.7331
0.7172
0.9116
0.993
0.9285
0.8313
0.7283
0.9595
0.7876
0.9383
0.9794
0.9949
0.4973
0.7526
0.8539
0.9185
0.6413
0.9488
0.883
0.9181
0.9386
0.8148
0.5627
0.949
0.5737
0.5627
0.869
0.8134
0.7948
0.9677
0.89
0.9237
0.9218
0.8951
0.9276
0.9327
0.7855
0.5775
0.6757
0.6733
0.6758
0.9467
0.7661
0.8697
0.934
0.6372
0.6223
0.6129
0.89
0.9048
0.9785
0.9658
0.9173
0.9683
0.8828
0.9039
0.5668
0.6789
0.8309
0.9379
0.5347
0.9307
0.9328
0.977
0.9109
0.8699
0.9111
0.7666
0.8964
0.9493
0.9015
0.7554
0.639
0.9056
0.9106
0.6832
0.8704
0.9079
0.5213
0.9825
0.7571
0.9426
0.9312
0.835
0.7151
0.6363
0.6612
0.8886
0.8706
0.8738
0.7073
0.8348
0.8433
0.7415
0.7336
0.5845
0.5917
0.5763
0.7666
0.5082
0.7796
0.946
0.9122
0.8796
0.943
0.8133
0.6281
0.6136
0.7487
0.6379
0.6747
0.9326
0.9309
0.7986
0.8612
0.5833
0.4222
0.5398
0.6665
0.7756
0.8027
0.8891
0.6053
0.6688
0.6926
0.5321
0.9642
0.7082
0.6136
0.6138
0.8151
0.9507
0.7256
0.9126
0.4905
0.6179
0.9483
0.7524
0.553
0.9437
0.9161
0.9007
0.7293
0.8146
0.865
0.9336
0.8109
0.8761
0.7541
0.6699
0.7445
0.7595
0.9014
0.6421
0.9664
0.8739
0.9198
0.5599
0.6685
0.9249
0.852
0.9202
0.9219
0.6591
0.7457
0.9612
0.8314
0.6819
0.6331
0.6654
0.9432
0.8565
0.7682
0.7294
0.8166
0.8996
0.953
0.972
0.901
0.811
0.7901
0.9052
0.8306
0.8588
0.7711
0.7789
0.6363
0.7968
0.9177
0.6271
0.5184
0.9542
0.7338
0.6697
0.8409
0.7227
0.8229
0.9656
0.5554
0.9222
0.7731
0.6294
0.5859
0.7259
0.9282
0.8529
0.9338
0.9457
0.8093
0.6372
0.8801
0.8728
0.8641
0.6865
0.5941
0.6534
0.6015
0.8532
0.5001
0.8723
0.8597
0.826
0.848
0.6196
0.708
0.8213
0.7102
0.8864
0.5072
0.8411
0.6496
0.5645
0.7027
0.8124
0.8973
0.842
0.5744
0.8905
0.8105
0.8967
0.8259
0.6354
0.9292
0.6389
0.9479
0.8952
0.7233
0.9421
0.9178
0.8446
0.6937
0.6156
0.5923
0.6608
0.6353
0.7834
0.7633
0.9771
0.9386
0.9524
0.9525
1.0
0.9432
0.9784
1.0
0.9832
0.9337
0.972
0.9836
0.8871
0.9753
0.9729
0.9484
0.9753
0.9188
0.988
0.949
0.9765
0.9724
0.9573
0.9392
0.9337
0.9337
0.9474
0.9474
0.9337
0.9337
0.937
0.9923
0.9566
1.0
0.9927
0.9796
0.9748
0.9256
0.9525
0.9103
0.9411
1.0
0.8698
0.9207
0.978
0.9457
0.6241
1.0
0.9314
0.7379
0.9921
0.9744
0.9582
0.9914
0.9686
0.7938
0.9641
0.9791
0.9791
0.9229
0.9925
0.944
0.9598
0.976
0.9515
0.9306
0.9101
0.8955
0.8445
0.9067
0.9928
0.9185
0.9799
0.8504
0.946
0.9131
0.9569
0.8959
0.9098
0.9851
0.9966
0.9735
0.6273
0.4273
0.7009
0.9271
0.9927
0.9184
0.9407
0.8989
0.9184
0.9529
0.9463
0.9794
0.9602
0.9592
0.741
0.9406
0.9737
0.9484
0.9805
0.851
1.0
0.5778
0.6573
0.907
0.9683
0.9419
0.772
0.6484
0.7655
0.7655
0.6236
0.9217
0.9162
0.9844
0.9149
0.9543
0.8071
0.946
0.9209
0.9697
0.9242
0.9281
0.8178
0.9092
0.938
0.6861
0.9829
0.9854
0.9559
0.9639
0.9853
0.5213
0.9456
0.923
0.6264
0.6292
0.9949
0.8603
0.9824
0.8884
0.7687
0.6965
0.9361
0.9049
0.8546
0.9439
0.7626
0.7148
0.9643
0.9546
0.9601
0.921
0.9848
0.8847
0.9204
0.9145
0.9452
0.8088
0.91
0.9592
0.872
0.9727
0.8635
0.9433
0.9729
0.9407
0.5683
0.8689
0.824
0.926
0.838
0.3917
0.9899
0.8503
0.9098
0.8415
0.8675
0.9092
0.8541
0.9019
0.6925
0.9468
0.7098
0.8873
0.638
0.9224
0.9392
0.9085
0.9591
0.7462
0.9671
0.5471
0.9753
0.7888
0.8159
0.8714
0.945
0.7715
0.831
0.8657
0.8894
0.7479
0.6814
0.6383
0.8656
0.9214
0.5853
0.9057
0.9202
0.9363
0.9785
0.8651
0.545
0.8351
0.8674
0.9216
0.8445
0.9609
0.5794
0.5001
0.8545
0.9337
0.5106
0.9319
0.9593
0.8248
0.4856
0.6189
0.5413
0.6183
0.4785
0.9074
0.9156
0.9967
0.8859
0.9304
0.9628
0.7675
0.9288
0.9582
0.6267
0.5623
0.629
0.6844
0.9667
0.9114
0.7142
0.6363
0.7257
0.7041
0.8264
0.9811
0.9811
0.9805
0.8736
0.5088
0.9111
0.4696
0.9133
0.7491
0.6138
0.5492
0.893
0.8623
0.8078
0.8502
0.8539
0.5559
0.8516
0.9196
0.8363
0.6306
0.9688
0.9033
0.939
0.9465
0.7715
0.8902
0.9437
0.8946
0.9279
0.9196
0.9099
0.9123
0.8921
0.9287
0.5319
0.8228
0.5616
0.6876
0.8166
0.7803
0.9766
0.9493
0.7699
0.7311
0.9553
0.9399
0.8497
0.6918
0.9603
0.6455
0.891
0.9759
0.3401
0.6448
0.9156
0.9433
0.8606
0.9156
0.9098
0.9289
0.8591
0.6896
0.9217
0.9502
0.4733
0.7055
0.8301
0.9187
0.719
0.6805
0.6289
0.9301
0.953
0.6354
0.7221
0.8875
0.9496
0.8401
0.6289
0.5634
0.712
0.538
0.9087
0.5913
0.7579
0.8946
0.9719
0.9529
0.8528
0.8846
0.9787
0.6433
0.9895
0.913
0.7562
0.8486
0.8407
0.4601
0.955
0.5856
0.7038
0.6751
0.696
0.7225
0.5848
0.9445
0.6222
0.8682
0.9667
0.7794
0.5804
0.5183
0.7165
0.8189
0.4833
0.6964
0.3496
0.7907
0.5141
0.8352
0.4936
0.6902
0.8189
0.5205
0.9571
0.7953
0.8792
0.6085
0.9508
0.7439
0.707
0.9291
0.829
0.8017
0.8799
0.7313
0.9085
0.6223
0.8412
0.8011
0.9024
0.9305
0.5531
0.8643
0.9265
0.8935
0.5706
0.9305
0.7959
0.86
0.919
0.8371
0.8232
0.8964
0.6555
0.5609
0.8885
0.4426
0.7431
0.9479
0.5323
0.6522
0.5594
0.642
0.6395
0.7511
0.7575
0.9526
0.6645
0.8156
0.5852
0.7125
0.5026
0.7994
0.5148
0.958
0.8433
0.8853
0.5085
0.9781
0.5961
0.6312
0.673
0.9214
0.8468
0.6947
0.6463
0.9441
0.5121
0.6034
0.6731
0.8837
0.7231
0.5543
0.7061
0.6026
0.6786
0.955
0.701
0.8466
0.6329
0.8511
0.6022
0.8193
0.7038
0.8707
0.8584
0.6349
0.909
0.6704
0.5453
0.7105
0.8676
0.8769
0.5395
0.8087
0.9468
0.6684
0.9439
0.7837
0.9273
0.9102
0.8123
0.8318
0.547
0.8931
0.9319
0.7852
0.828
0.9426
0.8264
0.8171
0.8353
0.774
0.7967
0.8857
0.8434
0.843
0.9182
0.5749
0.5229
0.8169
0.7746
0.75
0.6829
0.8809
0.6534
0.6656
0.5299
0.7945
0.659
0.7039
0.9677
0.9304
0.9261
0.9056
0.9603
0.8719
0.9656
0.915
0.8928
0.971
0.9841
0.9768
0.7639
0.886
0.9681
0.8222
0.853
0.8841
0.9396
0.8405
0.7667
0.8607
0.9275
0.7384
0.9402
0.926
0.9744
0.969
0.8487
0.9439
0.7856
0.9388
0.8561
0.9299
0.7197
0.9309
0.9452
0.9194
0.986
0.9402
0.9457
0.8855
0.8217
0.9023
0.9679
0.8801
0.9715
0.8619
0.9632
0.8938
0.7923
0.8713
0.956
0.9738
0.9665
0.8916
0.8668
0.966
0.9617
0.9678
0.6683
0.8246
0.9523
0.954
0.9512
0.9553
0.7563
0.8444
0.922
0.9169
0.9702
0.9701
0.8552
0.7194
0.9066
0.8802
0.8988
0.8477
0.8702
0.9603
0.9397
0.8563
0.9924
0.9792
0.7474
0.9651
0.8517
0.9748
0.9748
0.8716
0.935
0.9215
0.7539
0.9118
0.9751
0.7361
0.8991
0.9556
0.9334
0.8612
0.6098
0.8798
0.9315
0.9869
0.9648
0.8855
0.9415
0.9947
0.6516
0.8827
0.9655
0.9656
0.9767
0.9146
0.8709
0.8496
0.8264
0.9568
0.9153
0.942
0.8367
0.7592
0.874
0.8844
0.8981
0.8509
0.8465
0.9355
0.8982
0.9926
0.9797
0.9679
0.7895
0.968
0.9265
0.8397
0.9408
0.992
0.6881
0.8999
0.8088
0.8693
0.9167
0.5319
0.7148
0.9638
0.918
0.6462
0.9194
0.9289
0.9855
0.7632
0.7244
0.8577
0.9794
0.9629
0.9156
0.9834
0.8634
1.0
0.7503
0.9177
0.9591
0.9765
0.9634
0.9605
0.8956
0.7882
0.7502
0.7699
1.0
0.9775
0.9462
0.8955
0.9482
0.9134
0.9546
0.9515
0.7807
0.9636
0.861
0.8383
0.8487
0.7742
0.9771
0.6194
0.7704
0.9613
0.6887
0.9249
0.8563
0.8648
0.6686
0.9256
0.9066
0.9215
0.8918
0.9318
0.7941
0.7752
0.9947
0.7458
0.9492
0.993
0.9636
0.6619
0.9092
0.971
0.8389
0.9036
0.9525
0.8262
0.9666
0.9339
0.9197
0.8831
0.9227
0.8589
0.9203
0.4419
0.7327
0.8674
0.9031
0.932
0.7468
0.9834
0.8252
0.9406
0.9194
0.6624
0.9757
0.9533
0.9262
0.9329
0.9303
0.9441
0.7291
0.9594
0.7448
0.8392
0.7983
0.9485
0.7379
0.9416
0.8882
0.9523
0.8323
0.9484
0.9807
0.9298
0.7419
0.9869
0.7418
0.9902
0.9769
0.8929
0.9729
0.7768
0.984
0.8851
0.8746
0.8838
0.9486
0.4996
0.9621
0.905
0.9743
0.9908
0.8525
0.8079
0.7928
0.6811
0.7813
0.8379
0.8802
0.9922
0.9474
0.8683
0.9045
0.7966
0.8832
0.95
0.8993
0.9802
0.9787
0.9058
0.9552
0.9832
0.9362
0.5793
0.8845
0.9217
0.9624
0.9023
0.9526
0.9219
0.7067
0.8847
0.9751
0.8192
0.8744
0.8527
0.9644
0.8657
0.7692
0.8711
0.7092
0.9621
0.7956
0.9256
0.9477
0.8647
0.8284
0.8725
0.9196
0.6596
0.9768
0.8416
0.9316
0.8644
0.9774
0.9811
0.9588
0.9358
0.9763
0.916
0.929
0.9354
0.9367
0.9728
0.8676
0.8642
0.9624
1.0
0.7402
0.7228
0.9142
0.9044
0.7683
0.9374
0.9828
0.9371
0.9417
0.9519
0.9538
0.7296
0.9486
0.9348
0.8058
0.9728
0.867
0.8673
0.9663
0.6239
0.9728
0.9623
0.946
0.7866
0.9366
0.8873
0.8463
0.9945
0.9878
0.9481
0.8976
0.9673
0.9955
0.9813
0.9128
0.8938
0.9874
0.992
0.7253
0.8773
0.8715
0.9762
0.9203
0.9752
0.731
0.7337
0.9143
0.6896
0.6743
0.9675
0.9331
0.8154
0.97
0.8593
0.8379
0.9374
0.9522
0.9705
0.7704
0.8055
0.9613
0.9774
0.9456
0.8772
0.9641
0.9573
0.796
0.8583
0.9884
0.9652
0.8642
0.9763
0.9582
0.9823
0.9283
0.9439
0.8806
0.9158
0.9325
0.9553
0.8059
0.9097
0.8342
0.9952
0.9764
0.9481
0.9918
0.9038
0.6204
0.9741
0.9058
0.9585
0.9053
0.94
0.9708
0.992
0.8806
0.8966
0.7964
0.9751
0.7892
0.9562
0.9262
0.9683
0.9954
0.9111
0.9761
0.9378
0.9507
0.813
0.4268
0.9745
0.7585
0.889
0.9821
0.9894
0.9932
0.9838
0.8497
0.9688
0.9354
0.8443
0.866
0.9707
0.9742
0.8298
0.8609
0.932
0.8256
0.9121
0.9741
0.895
0.9637
0.8568
0.8523
0.9744
0.8667
0.9416
0.9703
0.9443
0.7417
0.9222
0.9334
0.9028
0.9256
0.9012
0.8143
0.7026
0.9019
0.9036
0.8376
0.8335
0.9374
0.9242
0.975
0.9866
0.925
0.9231
0.9903
0.9061
0.8093
0.9118
0.9197
0.9341
0.6336
0.9741
0.9799
0.9239
0.7194
0.9886
0.7706
0.9309
0.964
0.8544
0.8891
0.9952
0.932
0.8629
0.9864
0.7922
0.5968
0.9103
0.957
0.9845
0.9465
0.8801
0.8896
0.9126
0.6748
0.9439
1.0
0.9493
0.9115
0.9624
0.9875
0.8487
0.9589
0.9678
0.8409
0.9232
0.9733
0.9205
0.8514
0.9632
1.0
0.8124
0.9726
0.7538
0.9117
0.9477
0.9012
0.9728
0.8542
0.9688
0.7576
0.8046
0.9754
0.9847
0.7717
0.9204
0.8032
0.959
0.6702
0.9906
0.9514
0.7072
0.9116
0.9162
0.9694
0.9869
0.8656
0.8231
0.9253
0.9827
0.8046
0.8807
0.9787
0.9261
0.8403
0.9302
0.886
0.8404
0.8723
1.0
0.8087
0.8642
0.9144
0.7616
1.0
0.8149
0.8144
0.9926
0.9919
0.9298
0.9213
0.9606
0.9419
0.9761
0.7861
0.9129
0.9035
0.9301
0.6451
0.9541
0.9402
0.8535
0.9736
0.6732
0.7707
0.8363
0.9346
0.9605
0.9311
0.8982
1.0
0.7929
0.9055
0.8508
0.965
0.9827
0.9917
0.7813
0.9491
0.9295
0.6287
0.9614
0.888
0.9007
0.88
0.9438
0.8507
0.8046
0.9456
0.9505
0.862
0.9018
0.8663
0.9462
0.5704
0.9866
0.6334
0.9737
0.7534
0.8766
0.9407
0.9122
0.8308
0.9559
0.8631
0.9906
0.9115
0.9815
0.8161
0.9503
0.756
0.9486
0.9693
0.6562
0.8425
0.8927
0.9488
0.9879
0.9277
0.8001
0.9609
0.7655
0.9048
0.8394
0.8083
0.7831
0.6994
0.9387
0.9835
0.9367
0.9056
0.9521
0.9075
0.9717
0.9525
0.9103
0.8625
0.9881
0.8585
0.8819
0.9826
0.8821
0.9955
0.9225
0.9915
0.992
0.8734
0.9136
0.9638
0.7334
0.9344
0.7873
0.9479
0.9533
0.5973
0.6326
0.8775
0.8052
0.9697
0.6762
0.7647
0.8838
0.845
0.8674
0.931
0.9863
0.8834
0.9425
0.8185
0.9463
0.6589
0.9059
1.0
0.8681
0.6799
0.9487
0.8135
0.9741
0.8475
0.8193
0.7564
0.8491
0.8638
0.9598
0.8792
0.9599
0.852
0.9237
0.9471
0.948
0.9944
0.8856
0.6024
0.9084
1.0
0.8717
0.8695
0.9576
0.8095
0.9061
0.9111
0.8267
0.9687
0.7904
0.8797
0.9641
0.8905
0.6957
0.9162
0.9453
0.9475
0.971
0.9399
0.8732
0.8318
0.8132
0.8947
0.9001
0.9164
0.7374
0.9291
0.8379
0.832
0.8869
0.8098
0.992
0.8815
0.8439
0.8805
0.9676
0.9506
0.8637
0.6658
0.9634
0.9696
0.8905
0.9696
0.8771
0.8878
0.8741
0.916
0.733
0.9099
0.9834
0.7294
0.9426
0.8896
0.8468
0.8359
0.935
0.9844
0.9384
0.7326
0.8812
0.9146
0.8798
0.9133
0.9017
0.9553
0.7304
0.9944
0.6106
0.903
0.8367
0.9316
0.9254
0.8513
0.858
0.7824
0.9295
0.7869
0.9401
0.9503
0.8367
0.9144
0.8812
0.7755
0.9862
0.8914
0.9396
0.972
0.9101
0.9674
0.9932
0.9774
0.89
0.923
0.8502
0.984
0.9043
0.8908
0.9896
0.7956
0.9582
0.9787
0.9968
0.9256
0.934
0.8058
0.9258
0.98
0.9289
0.7304
0.9482
0.8594
0.8323
0.881
0.9263
0.9979
0.7974
0.9156
0.7004
0.8705
0.7968
0.9261
0.9438
0.8839
0.8256
0.7516
0.7942
0.9149
0.648
0.9599
0.89
0.9367
0.9849
0.9277
0.9784
0.904
0.884
0.6384
0.9359
0.9663
0.9298
0.9605
0.8765
0.9185
0.9857
0.8155
0.9188
0.831
0.9616
0.6751
0.766
1.0
0.8915
0.9238
0.9277
0.7967
0.9821
0.8405
0.926
0.9255
0.8904
0.7491
0.9528
0.9458
0.9467
0.8849
0.9612
0.9211
0.992
0.9213
0.9835
0.6218
0.8768
0.6753
0.9558
0.938
0.8422
0.9612
0.9468
0.8963
0.9228
0.797
0.9785
0.8504
0.908
0.9443
0.9765
0.772
0.7871
0.9153
0.8657
0.7587
0.928
0.9471
0.9137
0.9833
0.9065
0.6689
0.7096
0.8504
0.9461
0.8603
0.8558
0.9945
0.804
0.9953
0.9287
0.9364
0.7793
0.9174
0.7905
0.9945
0.923
0.9746
0.7992
0.901
0.8047
0.7341
0.8351
0.9296
0.9342
0.8713
0.9676
0.9945
0.7855
0.869
0.9446
0.8969
0.8808
0.69
0.7392
0.9827
0.9658
0.9172
0.9079
0.9346
0.7755
0.9033
0.9918
0.9306
0.9822
0.6896
0.7545
0.9436
0.9488
0.9318
0.661
0.9758
0.9588
0.9948
0.9683
0.8614
0.7984
0.894
0.7687
0.8199
0.7052
0.7947
0.8554
0.9479
0.5229
0.8418
0.7872
0.7802
0.8721
0.9547
0.9284
0.9025
0.9066
0.8915
0.9408
0.9454
0.7554
0.794
0.9808
1.0
0.9014
1.0
0.6061
0.8308
1.0
0.9919
0.8576
1.0
0.924
0.9566
0.9352
0.6434
0.9399
0.9235
0.9331
0.9445
0.5
0.9325
0.9522
0.8553
0.9173
0.975
0.9214
0.8244
1.0
0.8356
0.8609
0.9441
0.8622
0.8031
0.97
0.9682
0.8542
0.8058
0.6964
0.6109
0.9468
0.8841
0.833
0.9069
0.8335
0.8444
0.9889
0.9235
0.9795
0.8777
1.0
0.9033
0.9796
0.992
0.9457
0.7623
0.976
0.9045
0.8931
0.7512
0.8955
0.8741
1.0
0.9342
0.8883
0.9653
0.9261
0.8802
0.963
0.7699
0.9339
0.9855
0.8843
0.9247
0.9586
0.9703
0.8533
0.8821
0.9305
0.7979
0.9213
0.8234
0.8885
1.0
0.9542
0.5
0.9074
0.7345
0.8788
0.8902
0.7551
0.8859
0.8851
0.8882
0.9816
0.9929
0.9395
1.0
0.9342
0.9432
0.8738
0.9282
0.9376
0.9055
0.8539
0.5761
0.9356
0.898
0.9512
0.9532
0.9688
0.7202
0.9155
0.8915
0.8925
0.8897
0.7393
0.9029
0.9889
0.9426
0.8861
0.9556
0.9901
0.9528
0.8855
0.8955
0.8177
1.0
0.9585
0.536
0.9594
0.914
0.9265
1.0
0.9825
0.9564
0.9258
0.9863
0.7809
0.9479
0.8748
0.8206
0.9247
0.9785
0.7754
0.7746
0.9331
0.4763
0.9212
0.8851
0.9106
0.7904
0.9276
0.9283
0.9435
0.9247
0.7888
0.8308
0.9574
0.9803
0.8716
0.8725
0.808
0.9677
0.8611
0.5694
0.8753
1.0
0.9106
0.7456
0.9549
0.9364
0.8646
0.598
0.9415
0.9701
0.8915
0.8837
0.7456
0.8715
0.9422
0.8312
1.0
0.9416
1.0
0.8665
0.7931
0.9172
0.9746
0.9113
0.9036
0.5
0.7478
0.9782
1.0
0.6388
0.7584
0.8593
0.6499
0.9263
1.0
0.9128
0.8173
1.0
0.8897
0.9385
0.9721
0.9182
0.9413
1.0
0.9434
0.9594
0.7937
0.8466
0.9012
0.9086
0.7894
0.8777
0.9384
0.7934
0.9507
0.9694
0.7253
0.6039
0.8725
0.7748
0.8348
0.9858
0.8609
0.7333
0.8404
0.8411
0.9239
1.0
0.7728
0.8503
0.9677
0.8964
0.7715
1.0
0.7308
0.9261
0.9891
0.7841
0.9625
0.9654
0.9003
0.8533
0.9798
0.9898
0.7794
0.9915
0.9029
0.9378
0.9441
0.9174
0.9797
0.7039
0.8609
0.9219
0.9825
0.7967
0.4238
1.0
0.8222
1.0
0.6466
0.9287
0.8899
0.9903
0.8892
0.9644
0.8679
0.8984
0.9546
1.0
0.8678
0.9498
0.977
0.7859
0.8504
0.8725
0.9432
0.9495
1.0
0.8557
0.9405
1.0
1.0
0.9261
0.7713
0.9124
0.774
0.8239
0.8612
0.9154
0.9674
0.8573
0.9356
0.928
0.7096
0.9296
0.9242
0.9909
0.9662
0.9825
0.8735
0.7248
0.924
0.9852
0.9326
0.9954
0.9637
0.7085
0.8802
0.902
1.0
0.846
0.969
0.8899
0.9468
0.8014
0.7312
0.9076
0.799
0.9421
0.9673
0.799
0.7085
0.9123
0.9186
0.7839
0.7384
0.9223
0.9803
0.536
0.9254
1.0
0.6671
0.9211
0.992
0.9419
0.9548
0.9708
0.8785
0.9406
1.0
0.8014
0.8666
0.896
0.9576
0.7745
1.0
0.92
0.9802
0.9623
0.4842
0.9509
1.0
0.7071
0.8742
0.7984
0.9568
0.934
0.992
0.8867
0.9111
0.9214
0.9324
0.9562
0.9707
0.9072
0.9239
0.9771
0.9324
0.5782
0.9846
0.8137
0.7881
0.9809
0.9137
0.9599
0.9591
0.8669
0.9051
0.9288
0.9138
0.7921
1.0
0.9469
0.9203
0.9015
0.7449
0.8415
0.598
0.9496
0.8321
1.0
0.8495
0.7389
0.9019
0.9568
0.6753
0.9054
0.8014
0.9239
0.9425
0.6388
0.9334
1.0
0.4016
0.9405
0.598
0.9022
0.9247
0.8726
0.9268
0.455
0.9482
0.7979
0.9371
0.9674
0.6061
0.9817
0.9901
0.9224
0.7693
1.0
0.937
0.8434
0.9827
0.9443
0.847
1.0
0.7865
0.9188
0.9825
0.5545
0.7418
0.971
0.7626
0.848
0.8462
0.6769
0.9248
0.8316
0.7764
0.9448
0.8868
0.9929
0.8918
0.9877
0.9305
0.9724
0.9513
0.9204
0.9098
0.9535
0.9778
0.9839
0.9186
0.9535
0.9851
0.8806
0.879
0.9971
0.9602
0.9231
0.9375
0.9581
1.0
0.9746
0.9876
0.9092
0.9725
0.9297
0.9652
0.9827
0.9266
0.9591
0.9279
0.9644
0.8306
0.9695
0.8599
0.9769
0.9328
0.9002
0.9939
0.9597
0.9433
0.9496
0.8802
0.9792
0.9491
0.9584
0.9464
0.9921
0.9922
0.9977
0.9138
0.944
0.9283
0.926
0.9651
0.93
0.9739
0.9838
0.9931
0.9447
0.9619
0.9667
0.9712
0.9212
0.9603
0.9083
0.9632
0.9531
0.9888
0.9413
0.9193
0.956
0.9845
0.9915
0.9626
0.9734
0.9453
0.9681
0.9965
0.9548
0.9804
0.9717
0.9465
0.9832
0.9825
0.9775
0.9714
0.9782
0.9045
0.9891
0.979
0.9812
0.9654
0.9522
0.9291
0.9684
0.9516
0.886
0.982
0.8916
0.9918
0.9709
0.9322
0.8414
0.9508
0.9456
0.9273
0.9567
0.9869
0.9906
0.9666
0.9481
0.9589
0.8682
0.9724
0.972
0.9387
0.981
0.9647
0.9726
0.9614
0.9594
0.9794
0.8953
0.9386
0.9483
0.9714
0.9335
0.965
0.9047
0.9035
0.9695
0.9708
0.94
0.9891
0.8372
0.9943
0.9404
0.9324
0.9678
0.9812
0.9727
0.9299
0.9563
0.884
0.8714
0.9804
0.94
0.9552
0.9765
0.9294
0.9186
0.8521
0.9843
0.9029
0.9558
0.9341
0.8224
0.9943
0.9602
0.985
0.9654
0.9606
0.9809
0.8583
0.9532
0.9816
0.9811
0.9513
0.96
0.9642
0.9614
0.98
0.973
0.9769
0.9018
0.9402
0.9916
0.9733
0.9455
0.954
0.9335
0.997
0.9756
0.9829
0.9441
0.9807
0.9822
0.9493
0.951
0.9451
0.9285
0.9278
0.996
0.972
0.9567
0.9541
0.9759
0.8889
0.8321
0.9941
0.9708
0.9182
0.8568
0.9739
0.9639
0.9792
0.9287
0.9743
0.947
0.907
1.0
0.9873
0.9763
0.8538
0.95
0.936
0.9677
0.9852
0.9637
0.9642
0.9031
0.9656
0.99
0.9578
0.9683
0.9018
0.8378
0.8996
0.9697
0.9609
0.9447
0.8962
0.9395
0.9373
0.9939
0.9549
0.9778
0.9476
0.959
0.924
0.9184
0.9788
0.9879
0.9574
0.9001
0.9681
0.9619
0.9736
0.9566
0.9742
0.9511
0.9172
0.9813
0.8989
0.9189
0.9297
0.8866
0.906
0.9543
0.9864
0.9687
0.9741
0.8721
0.9221
0.9909
0.9556
0.9282
0.9468
0.91
0.9542
0.9066
0.9654
0.9591
0.9251
0.9836
0.9826
0.9648
0.9301
0.9151
0.963
0.9379
0.9755
0.968
0.9746
0.7404
0.9533
0.963
0.904
0.9621
0.9599
0.9714
0.8163
0.9602
0.9555
0.9664
0.8585
0.9313
0.9474
0.9653
0.8749
0.9938
0.9643
0.9384
0.952
0.9454
0.9695
0.812
0.9074
0.9876
0.9011
0.979
0.9974
0.9721
0.9375
0.9644
0.9744
0.9276
0.9758
0.956
0.966
0.9103
0.9347
0.9359
0.9874
0.9065
0.9651
0.9298
0.878
0.9658
0.9806
0.872
0.9358
0.9012
0.9623
0.9606
0.9655
0.9305
0.9299
0.8752
0.9877
0.9756
0.9682
0.9349
0.9387
0.931
0.8687
0.9456
0.9623
0.9835
0.9557
0.9626
0.9941
0.8953
0.9803
0.9794
0.9881
0.941
0.9781
0.9427
0.9388
0.9776
0.9848
0.9128
0.9959
0.7827
0.9183
0.9718
0.9829
0.9799
0.979
0.9782
0.9822
0.914
0.9728
0.9739
0.9523
0.9364
0.9172
0.9745
0.9685
0.9599
0.9759
0.93
0.9603
0.8969
0.7846
0.8773
0.9143
0.9129
0.9974
0.9779
0.9194
0.9386
0.982
0.9455
0.8926
0.9327
0.9346
0.9492
0.8572
0.9277
0.8848
0.9712
0.9609
0.9404
0.954
0.8213
0.9844
0.9536
0.9803
0.9782
0.9565
0.9722
0.9397
0.9691
0.9422
0.9443
0.9514
0.9833
0.8984
0.9631
0.9792
0.8717
0.9197
0.9704
0.9062
0.9423
0.8225
0.9221
0.855
0.88
0.9771
0.9031
0.9771
0.9519
0.8829
0.9908
0.9733
0.886
0.9919
0.8638
0.9237
0.9549
0.9745
0.9424
0.856
0.9619
0.9679
0.9892
0.9559
0.8649
0.8417
0.9527
0.9568
0.9668
0.9056
0.9573
0.9083
0.9779
0.9819
0.9536
0.9551
0.8843
0.9702
0.9887
0.9456
0.9251
0.8546
0.9554
0.9772
0.9243
0.8923
0.9518
0.9787
0.9577
0.9361
0.9799
0.9419
0.9807
0.854
0.9962
0.9834
0.9722
0.9671
0.9622
0.9874
0.8891
0.9365
0.9032
0.8646
0.9621
0.9586
0.8985
0.9366
0.9416
0.968
0.8727
0.9377
0.9716
0.9334
0.9594
0.9434
0.9194
0.927
0.969
0.9694
0.9946
0.9993
0.9841
0.983
0.92
0.9878
0.9727
0.936
0.945
0.947
0.8894
0.991
0.9876
0.9849
0.9857
0.9704
0.9186
0.879
0.9797
0.9622
0.9618
0.9795
0.9177
0.9841
0.9408
0.9876
0.9792
0.9923
0.9922
0.9802
0.9194
0.945
0.9573
0.8996
0.8982
0.9725
0.9776
0.8231
0.9182
0.9495
0.9661
0.9781
0.998
0.8962
0.9432
0.928
0.8488
0.9755
0.9757
0.978
0.8946
0.9142
0.966
0.9266
0.9819
0.9546
0.9899
0.9686
0.9569
0.9295
0.7921
0.9841
0.9846
0.925
0.9914
0.9941
0.9631
0.9608
0.9547
0.9832
0.9814
0.9725
0.98
0.9421
0.9759
0.9892
0.9681
0.9163
0.9103
0.9444
0.9494
0.9486
0.9074
0.89
0.9738
0.8629
0.9616
0.9701
0.9687
0.9438
0.9685
0.9819
0.9761
0.983
0.9361
0.9507
0.9487
0.9933
0.986
0.9974
0.9371
0.9703
0.9331
0.7578
0.9277
0.9648
0.9758
0.9554
0.9518
0.9368
0.9442
0.8787
0.9679
0.9836
0.9586
0.977
0.9172
0.993
0.9165
0.9507
0.9336
0.9833
0.982
0.9783
0.8654
0.8932
0.975
0.8442
0.9067
0.9542
0.8882
0.8567
0.9789
0.9662
0.9488
0.9159
0.9824
0.9486
0.8609
0.9682
0.983
0.9399
0.9531
0.964
0.9705
0.7258
0.9279
0.9907
0.9638
0.9498
0.9719
0.959
0.9745
0.9681
0.959
0.9529
0.9642
0.9936
0.967
0.9572
0.8921
0.9454
0.969
0.9893
0.9497
0.9848
0.9644
0.9862
0.931
0.9466
0.9852
0.8578
0.9769
0.9267
0.9821
0.9871
0.9274
0.8672
0.977
0.9401
0.9171
0.8614
0.9774
0.9669
0.9469
0.965
0.962
0.922
0.9736
0.9854
0.9782
0.974
0.9736
0.936
0.9496
0.9892
0.9744
0.9768
0.9717
0.9625
0.9206
0.9847
0.9228
0.9645
0.9358
0.8682
0.8892
0.9655
0.9494
0.9193
0.9072
0.9601
0.99
0.9269
0.8974
0.9785
0.9481
0.9076
0.9573
0.9806
0.9814
0.9656
0.9416
0.9188
0.9509
0.9267
0.9075
0.9493
0.9833
0.972
0.9365
0.9644
0.9615
0.9107
0.8583
0.8033
0.8844
0.9675
0.9619
0.9828
0.9363
0.9384
0.9451
0.9903
0.9442
0.9121
0.9559
0.8621
0.9591
0.9131
0.9797
0.9584
0.9665
0.9967
0.8519
0.9721
0.9922
0.9465
0.9144
0.9231
0.9549
0.9384
0.994
0.8852
0.8496
0.9702
0.9219
0.9766
0.9516
0.9668
1.0
0.9685
0.9624
0.996
0.967
0.989
0.9668
0.9244
0.9089
0.9918
0.8936
0.9917
0.9405
0.979
0.9873
0.9931
0.9008
0.9916
0.9756
0.9535
0.98
0.9866
0.8846
0.9737
0.9685
0.9692
0.89
0.9093
0.9459
0.9875
0.8771
0.9263
0.986
0.9366
0.9083
0.9671
0.9602
0.9488
0.9583
0.8778
0.9462
0.9767
0.9554
0.8438
0.9874
0.9795
0.9819
0.9526
0.9695
0.9437
0.9537
0.9811
0.9442
0.8919
0.9461
0.9469
0.7306
0.9406
0.9088
0.838
0.9341
0.9386
0.9152
0.9363
0.9073
0.9722
0.9461
0.9325
0.908
0.9811
0.9866
0.9352
0.916
0.9325
0.9366
0.9645
0.9984
0.9876
0.9759
0.9428
0.9925
0.9676
0.9595
0.9664
0.9907
0.9303
0.9894
0.9792
0.9606
0.9435
0.9777
0.9644
0.912
0.9532
0.9737
0.9639
0.9796
0.9668
0.9965
0.8759
0.9612
0.9705
0.9647
0.9822
0.9593
0.9811
0.9673
0.9502
0.898
0.8896
0.9486
0.9236
0.9911
0.8997
0.9501
0.9717
0.9402
0.9553
0.9367
0.9517
0.8862
0.9219
0.9774
0.9929
0.9397
0.9719
0.9493
0.9869
0.972
0.9529
0.8462
0.9485
0.9288
0.8625
0.9689
0.891
0.9626
0.8853
0.9465
0.9673
0.9868
0.9049
0.949
0.949
0.9607
0.985
0.9481
0.9485
0.8773
0.9546
0.9723
0.9552
0.894
0.941
0.9387
0.9605
0.9377
0.8872
0.9114
0.8855
0.9486
0.9911
0.9881
0.741
0.9946
0.9105
0.9333
0.94
0.9226
0.9283
0.9646
0.9696
0.9279
0.9689
0.9838
0.9776
0.9825
0.9687
0.992
0.8102
0.9683
0.9298
0.9238
0.9312
0.885
0.9722
0.9944
0.9378
0.9696
0.961
0.9385
0.922
0.9603
0.8777
0.9906
1.0
0.9918
0.9701
0.9664
0.9393
0.9786
0.9742
0.9528
0.9703
0.8937
0.8861
0.9353
0.9827
0.9656
0.9627
0.9458
0.9831
0.8369
0.8739
0.9772
0.9858
0.8225
0.9675
0.922
0.9263
0.8851
0.9732
0.8158
0.8663
0.7537
0.963
0.9374
0.9665
0.9757
0.9485
0.9739
0.9329
0.8098
0.9675
0.9918
0.9429
0.974
0.9939
0.9011
0.9833
0.9788
0.8666
0.9762
0.9886
0.8741
0.9764
0.9988
0.8646
0.9503
0.9727
0.9248
0.9448
0.9733
0.912
0.606
0.9348
0.6033
0.9369
0.9895
0.887
0.9725
0.9774
0.9811
0.9623
0.9903
0.8899
0.6698
0.9913
0.9427
0.9305
0.9809
0.9191
0.9229
0.9891
0.7785
0.9784
0.9842
0.9269
0.9342
0.9779
0.9246
0.9554
0.971
0.9691
0.9782
0.9842
0.9033
0.8731
0.9815
0.64
0.9726
0.6848
0.9426
0.9563
0.9747
0.8689
0.9766
0.9336
0.9144
0.9224
0.9676
0.921
0.9747
0.9744
0.9223
0.9632
0.974
0.8812
0.9647
0.9845
0.9192
0.9621
0.9911
0.9021
0.9425
0.9192
0.8824
0.9935
0.9936
0.7509
0.9462
0.9806
0.7649
0.7102
0.9602
0.9822
0.8809
0.9818
0.9079
0.9018
0.9947
0.9655
0.9519
0.9948
0.9791
0.9842
0.925
0.9015
0.9872
0.9276
0.9399
0.9535
0.9953
0.4652
0.9549
0.9306
0.9279
0.9624
0.9687
0.963
0.9624
0.9659
0.8514
0.9266
0.9758
0.9335
0.9952
0.9311
0.9149
0.7957
0.9204
0.9485
0.5383
0.9814
0.953
0.9871
0.7934
0.8737
0.9746
0.9879
0.8907
0.9858
0.9845
0.9318
0.9607
0.9958
0.9574
0.9284
0.9945
0.8183
0.9478
0.9363
0.9448
0.9129
0.8896
0.9107
0.9375
0.9842
0.9465
0.9794
0.9809
0.9768
0.9242
0.9887
0.6592
0.9553
0.9337
0.9633
0.9767
0.9803
0.9276
0.9329
0.9949
0.9424
0.9379
0.9809
0.9591
0.9923
0.6954
0.9182
0.9541
0.9665
0.8823
0.9925
0.9915
0.349
0.9137
0.9928
0.8747
0.9673
0.9652
0.6951
0.9696
0.9811
0.965
0.9599
0.9567
0.7122
0.9555
0.9931
0.8378
0.9779
0.9917
0.951
0.9117
0.9843
0.9198
0.9626
0.9817
0.8138
0.9803
0.9947
0.8396
0.9884
0.9946
0.8856
0.9699
0.9786
0.6694
0.9574
0.9979
0.925
0.9804
0.9803
0.8866
0.9712
0.9449
0.9823
0.902
0.8881
0.8048
0.8851
0.9692
0.9588
0.9784
0.9966
0.8916
0.4679
0.8275
0.9756
0.9123
0.9544
0.9653
0.9771
0.9283
0.8129
0.9625
0.9188
0.9466
0.9266
0.923
0.9732
0.9818
0.9686
0.9474
0.8503
0.6134
0.975
0.7014
0.9755
0.889
0.983
0.8686
0.9746
0.9297
0.9156
0.7358
0.9103
0.8681
0.9632
0.8768
0.7994
0.8917
0.9881
0.9711
0.9648
0.9816
0.9695
0.9183
0.5419
0.9501
0.9769
0.9485
0.9594
0.9416
0.8978
0.9787
0.9478
0.8662
0.8369
0.8679
0.9901
0.94
0.9831
0.9081
0.8918
0.9282
0.9169
0.9642
0.9322
0.8787
0.9049
0.9699
0.9664
0.7948
0.9449
0.913
0.7786
0.9858
0.9873
0.9554
0.9127
0.7068
0.971
0.8675
0.8586
0.836
0.9485
0.9613
0.9303
0.9447
0.9923
0.9485
0.8355
0.9626
0.9748
0.9216
0.8842
0.9501
0.9205
0.9517
0.8792
0.9372
0.7808
0.8504
0.9376
0.918
1.0
0.6987
0.9968
0.8101
0.8991
0.9492
0.9734
0.8391
0.839
0.9853
0.693
0.8257
0.8513
0.8387
0.8013
0.8333
0.7019
0.7479
0.5884
0.9186
0.9621
0.9437
0.9536
0.9181
0.915
0.967
0.9121
0.9185
0.9679
0.767
0.9496
0.9508
0.8694
0.7482
0.9888
0.9457
0.8956
0.8207
0.8603
0.8661
0.9696
0.7532
0.9839
0.94
0.9395
0.9324
0.9284
0.9676
0.9547
0.9385
0.912
0.8837
0.9206
0.9894
0.9651
0.6598
0.7232
0.9039
0.9532
0.9607
0.9165
0.9614
0.9954
0.9893
0.6904
0.9691
0.9704
0.8484
0.9192
0.9433
0.917
1.0
0.884
0.9475
0.8573
0.7012
0.9597
0.9611
0.9546
0.9433
0.9412
0.9789
0.9484
0.9523
0.9924
0.905
0.7017
0.9362
0.8697
0.9722
0.9283
0.8804
0.8746
0.9039
0.985
0.828
0.9505
0.9851
0.8857
0.9695
0.5644
0.8691
0.9767
0.9584
0.824
0.6094
0.9117
0.9215
0.9228
0.865
0.6873
0.5399
0.8965
0.8779
0.8732
0.979
0.8473
0.8654
0.7099
0.957
0.8219
0.9603
0.9093
0.964
0.9849
0.9586
0.9017
0.8863
0.8314
0.9106
0.8985
0.9571
0.9753
0.9944
0.995
0.8618
0.8892
0.9644
0.9416
0.9689
0.9568
0.9268
0.9634
0.9806
0.9521
0.8461
0.9506
0.8661
0.9367
1.0
0.5218
0.9889
0.9432
0.3724
0.8934
0.9601
0.7429
0.9086
0.9037
0.8894
0.9446
0.9961
0.9562
0.749
0.9805
0.9847
0.9825
0.9272
0.9538
0.8769
0.8851
0.8653
0.9815
1.0
0.8745
0.8768
0.9958
0.9324
0.9706
0.7619
0.9722
0.6928
0.7804
0.905
0.6658
0.9605
0.9373
0.9218
0.4667
0.8949
0.9031
0.8434
0.8839
0.9174
0.9764
0.9305
1.0
0.9711
0.8859
0.9809
0.9541
0.8176
0.8717
0.7718
0.9343
0.9593
0.9383
0.8289
0.9753
0.9758
0.9451
0.8447
0.9773
0.9789
0.9349
0.8737
0.9899
0.6523
0.9072
0.8579
0.9703
0.9819
0.5902
0.8251
0.9784
0.9674
0.92
0.9273
0.9807
0.8078
0.8897
0.7554
0.9464
0.968
0.8692
0.8867
0.9614
0.9307
0.9322
0.9817
0.9088
0.5686
0.7351
0.9555
0.9707
0.9809
0.8182
0.9867
0.9636
0.9213
0.9469
0.8257
0.5948
0.9661
0.6729
0.7585
0.9751
0.9629
0.9381
0.9471
0.9657
0.9064
1.0
0.7029
0.9074
0.9814
0.8688
0.8995
0.9017
0.9688
0.9951
0.9757
0.9162
0.926
0.9139
0.9749
0.9502
0.912
0.8006
0.9572
0.9091
0.965
0.9158
0.9433
0.9688
0.8415
0.976
0.8255
0.8247
0.6895
0.6954
0.681
0.5999
0.6554
0.8695
0.9859
0.9178
0.9204
0.8843
0.9634
0.8294
0.8266
0.9613
0.9071
0.8494
0.9836
0.9131
0.9389
0.9183
0.8982
0.9426
0.9078
0.9807
0.9399
0.8758
0.821
0.9295
0.9412
0.8672
0.8094
0.9885
0.9513
0.7724
0.9711
0.8247
0.8455
0.8747
0.8881
0.877
0.9158
0.945
0.8498
0.8772
0.924
0.9756
0.9844
0.9763
0.8323
0.7694
0.9216
0.8493
0.9869
0.9604
0.9312
0.9272
0.9763
0.8803
0.9659
0.9767
0.9636
0.9634
1.0
0.8304
0.9848
0.9594
0.9401
0.8295
0.9928
0.8965
0.8949
0.9126
0.9224
0.927
0.9257
0.856
0.9947
0.926
0.983
0.9511
0.8513
0.9857
0.9859
0.9696
0.9183
0.8822
0.9055
0.849
0.8401
0.9463
0.9581
1.0
0.8346
0.9792
0.9002
0.8748
0.8264
0.9539
0.8825
0.8266
0.9532
0.9802
0.8415
0.9147
0.8505
0.8844
0.9126
0.9516
0.8746
0.8218
0.8882
0.9477
0.9167
0.9125
0.6628
0.8879
0.6786
0.9758
0.9682
0.9164
0.5597
0.9842
0.9698
0.9285
0.7948
0.9293
0.7321
0.9421
0.8813
0.8979
0.9574
0.6128
0.9718
0.9323
0.9816
0.9604
0.9494
0.9055
0.6098
0.7224
0.8965
0.8986
0.9686
0.8902
0.9778
0.9864
0.9113
0.9885
0.9686
0.9046
0.84
0.8991
0.9612
0.9188
0.8964
0.8986
0.9548
0.8642
0.9568
0.9249
0.9791
0.9032
0.8948
0.9078
0.9771
0.7109
1.0
0.9314
0.9834
0.9903
0.9685
0.9257
0.9467
0.9426
0.9864
0.9648
0.7713
0.9968
0.9739
0.9064
0.8458
0.896
0.8823
0.9539
0.9341
0.9119
0.7891
0.9182
0.973
0.8424
0.7945
0.9368
0.9635
0.8603
0.9191
0.8752
0.6883
0.9789
0.9344
0.7172
0.9614
0.8742
0.9543
0.8846
0.9491
0.8515
0.611
0.991
0.9843
1.0
0.9832
0.9418
0.6445
0.9257
0.9548
0.9234
0.9675
0.9588
0.4688
0.9393
0.9058
0.813
0.9636
0.8874
0.8182
0.9595
0.9587
0.7006
0.8483
0.9382
0.9463
0.8623
0.9277
0.9272
0.9109
0.9342
0.973
0.7901
0.9577
0.9211
0.8798
0.9677
0.8358
1.0
0.9356
0.8911
0.7533
0.9444
0.9132
0.9886
0.882
0.7284
0.9372
0.7019
0.9823
0.6574
0.9019
0.7103
0.9285
0.7067
0.7057
0.8111
0.9643
0.9278
1.0
0.9645
0.912
0.9362
0.8716
0.9811
0.9509
0.9332
0.8631
0.939
0.989
0.9494
0.8996
0.7181
0.9588
0.8711
0.9167
0.9373
0.9052
0.9559
0.8589
0.9279
0.7537
0.9458
0.9768
0.9492
0.6422
0.9183
0.9103
0.9422
0.9604
0.9716
0.9677
0.9863
0.9808
0.9448
0.9481
0.9655
0.9601
0.9569
0.85
0.9868
0.9075
0.8599
0.9184
0.9208
0.963
0.8579
0.9671
0.9769
0.9683
0.9567
0.8465
0.9289
1.0
0.9703
0.8123
0.9055
0.9581
0.8709
0.9592
0.8758
0.9225
0.8007
0.7354
0.8696
0.8743
0.9875
0.7949
0.8577
0.9302
0.9773
0.886
0.9768
0.8945
0.8867
0.9427
0.771
0.912
0.9782
0.8957
0.9825
0.6889
0.9746
0.9477
0.9863
0.9456
0.8612
0.8543
0.8947
0.993
0.9528
0.7755
0.8865
0.8851
0.9361
0.9596
0.9745
0.9845
0.7972
0.8935
0.8512
0.6756
0.9881
0.9488
0.9876
0.993
0.9531
0.811
0.9087
0.9872
0.884
0.966
0.9482
0.9124
0.7443
0.9691
0.821
0.98
0.8751
0.9461
0.9699
0.9508
0.9748
0.8539
1.0
0.9852
0.9981
0.9779
1.0
0.9406
0.9281
0.9311
0.9673
0.9942
0.9486
0.9196
0.8227
0.8464
0.8461
0.825
0.9849
0.9422
0.9458
0.9017
0.9496
0.8575
0.9486
0.9543
0.8545
0.7905
1.0
0.9285
0.9456
0.79
0.7914
0.7937
0.9714
0.9187
0.9507
0.9765
0.9473
0.9085
0.8956
0.9903
0.9505
0.8647
0.8993
0.9292
0.9404
0.9757
0.9569
0.9921
0.9191
0.8508
0.988
0.9277
0.9797
0.9332
0.7827
0.9338
0.8793
0.9686
0.8881
0.949
0.9854
0.8711
0.9703
0.5321
0.9795
0.8825
0.9528
0.9359
0.8941
0.9162
0.9609
0.9132
0.8802
0.7294
0.9277
0.8818
0.9421
0.9302
0.9714
0.9307
0.9161
0.8402
0.9817
0.8524
0.962
0.9198
0.9394
0.5762
0.8434
0.9891
0.9177
0.969
0.9705
0.98
0.9243
0.9729
0.9563
0.9765
0.8102
0.8863
0.8525
0.982
0.7573
0.8854
0.9377
0.8418
0.9029
1.0
0.9496
0.8914
0.8525
0.6371
0.9232
0.9964
0.8966
0.9909
0.8207
0.672
0.9905
0.9985
0.8809
0.984
0.6491
0.994
0.9691
0.971
0.9765
0.9413
0.8737
0.7729
0.96
0.9506
0.839
0.878
0.9125
0.9702
0.8531
0.9496
0.8583
0.9355
0.9089
0.9349
0.9964
0.9567
0.8435
0.6732
0.8506
0.9655
0.5968
0.8994
1.0
0.9037
0.9145
0.9593
0.5925
0.9481
0.9592
0.9102
0.9858
0.9006
0.8313
0.9671
0.8891
0.966
0.965
0.8971
0.9543
0.9513
0.8898
0.6535
0.9048
0.6895
0.9587
0.9039
0.8183
0.9228
0.9281
0.9362
0.8715
0.961
0.952
0.9113
0.9828
0.8695
0.9307
0.9622
0.9307
0.9375
0.9475
0.9389
0.8767
0.942
0.9222
0.8994
0.9815
0.8515
0.9412
0.9516
0.8398
0.9687
0.8969
0.9468
1.0
0.9633
0.9087
0.9483
0.9612
0.7194
0.7305
0.9149
0.9885
0.9369
0.902
0.8869
0.5143
0.9849
0.8579
0.9598
0.8205
0.894
0.9174
0.9621
0.9627
0.7852
0.9904
0.8218
0.9371
0.9481
0.9491
0.8889
0.9589
0.9316
0.966
0.9633
0.9858
0.9959
0.8319
0.9636
0.8104
0.8905
0.594
0.9485
0.9864
0.9007
0.9863
0.9031
0.9132
0.9413
0.9386
0.8587
0.8065
0.9057
0.4353
0.9248
0.9322
0.8034
0.9627
0.8433
0.9631
0.8276
0.5078
0.8879
0.9871
0.8476
0.9778
0.9924
0.9694
0.9416
0.9911
0.8364
0.9609
0.9365
0.8615
0.9482
0.9181
0.919
0.962
0.9904
0.8931
0.9921
0.9895
0.9499
0.9872
0.8435
0.8501
0.8896
0.9722
0.9087
0.9378
0.9486
0.9366
0.7213
0.8726
0.9436
0.8708
0.9252
0.9718
0.9141
0.8257
0.8933
0.969
1.0
0.9793
0.9994
0.9725
0.9383
0.9525
0.8763
0.9688
0.5285
0.9795
0.9412
0.9858
0.955
0.9622
0.9937
0.6856
0.9356
0.9033
0.9247
0.947
0.8928
0.9125
0.8506
0.8843
0.9592
0.8269
0.9497
0.9188
0.8106
0.9046
0.8779
0.9722
0.7862
0.9627
0.9497
0.8619
0.9305
0.9389
0.9451
0.9337
0.709
0.9758
0.9465
0.9594
0.954
0.9722
0.9126
0.9816
0.9637
0.9116
0.9531
0.9798
0.8936
0.9481
0.9953
0.9541
0.9513
0.7586
0.8682
0.9293
0.9058
0.8036
0.8952
0.9625
0.8431
0.8168
0.7888
0.9928
0.8877
0.9181
0.8386
0.922
0.8496
0.9375
0.8833
1.0
0.9682
0.9859
0.8407
0.9701
0.9868
0.8618
0.9545
0.9129
0.8166
0.9721
0.946
0.9139
0.9809
0.9451
0.7705
0.9028
0.9955
0.973
0.9937
0.8237
0.9762
0.9149
0.9038
0.791
0.9517
0.9808
0.9366
0.7763
0.9555
0.9777
0.7011
0.9954
0.4567
0.841
0.9121
0.9227
0.8837
0.9302
0.9722
0.9297
0.8468
0.9476
0.73
0.9821
0.9732
0.9918
0.9419
0.929
0.7331
0.8288
0.7107
0.922
0.9834
0.9385
0.8078
0.9753
0.794
0.825
0.9927
0.9939
0.9123
0.813
0.8635
0.6466
0.4724
0.9321
0.9745
0.7057
0.9817
1.0
0.9519
0.8432
0.916
0.961
0.9662
0.9833
0.8561
0.9067
0.9302
0.9756
0.9765
0.8176
1.0
0.8307
0.8376
0.677
0.9501
0.9738
0.7285
0.9667
0.9695
0.7615
0.991
0.8314
0.9242
0.9101
0.983
0.7501
0.9529
0.9345
0.9661
0.9946
0.9942
0.8519
0.9742
1.0
0.649
0.7145
0.9619
0.783
0.931
0.9839
0.8427
0.7803
0.8553
0.9662
0.9658
0.9912
0.873
0.9823
0.7213
0.9213
0.9944
0.8288
1.0
0.9188
0.6882
0.7362
0.8426
0.916
0.8732
0.8846
0.8316
1.0
0.9418
0.9278
0.9764
0.974
0.7186
0.9299
0.881
0.8777
0.8155
0.8925
0.9821
0.9693
0.8537
0.9764
1.0
0.922
0.9667
0.9257
0.9834
0.9094
0.9584
0.9283
0.7561
0.6842
0.9483
0.9854
0.8446
0.6366
0.9658
0.7015
0.8677
1.0
0.8891
0.9566
0.9615
0.8751
0.735
0.9886
0.9078
0.9271
0.9533
0.9831
0.7708
0.9661
0.7508
0.994
0.9594
0.5985
0.8625
0.9496
0.9243
0.9053
0.8055
0.95
0.9234
0.9602
0.9809
0.8679
0.954
0.9046
0.9868
0.8532
0.8074
0.9895
0.9055
0.9967
0.9228
0.9464
0.9226
0.8122
0.9814
0.9749
0.7941
0.8404
0.9001
0.9447
0.8994
0.9023
0.908
0.9832
0.8702
0.9203
0.9732
0.4999
0.986
0.8387
0.9999
0.9869
0.9785
0.8677
0.9499
0.9266
0.9269
0.8545
0.5937
0.7568
0.8345
0.9842
0.9583
1.0
0.9984
0.7715
0.9285
0.9421
0.9414
0.9748
0.9731
0.9931
0.9837
0.9728
0.9758
0.7113
0.8851
0.7841
0.7399
0.6865
0.8945
0.4932
0.735
0.9512
0.9086
0.7663
0.6318
0.971
0.8041
0.8515
0.9181
0.9019
0.9847
0.9442
0.8656
0.9146
0.9696
0.9626
0.9143
0.7688
0.8836
0.764
0.8755
0.9372
0.9008
0.7513
0.9685
0.8733
0.5615
0.92
0.8468
0.9181
0.879
0.9631
0.9533
0.9439
0.934
0.9769
0.9647
0.9924
0.7063
0.9297
0.98
0.889
0.9531
0.787
0.8928
0.7612
0.781
0.9469
0.9811
0.9914
0.9458
0.7214
0.9656
0.9782
0.5654
0.8702
0.7678
0.9567
0.99
0.6884
0.6594
0.9698
0.6129
0.5755
0.9451
0.9244
0.8401
0.8869
0.9598
0.8636
0.9715
0.9588
0.9964
0.8415
0.8943
0.7757
0.9943
0.8086
0.9694
0.7921
0.9518
0.7615
1.0
0.8197
0.8974
0.8792
1.0
0.841
0.9286
0.9368
0.9883
0.9666
0.9061
0.897
0.7578
0.9686
0.9703
0.9508
0.7416
0.9699
0.9149
0.9098
0.7467
0.8594
0.8238
0.9216
0.7367
0.9314
0.9201
0.9363
0.957
0.8407
0.9033
0.5906
0.9387
0.9885
0.8915
0.8932
0.6321
0.9034
0.9072
0.8191
0.9757
0.9182
0.8352
0.6758
0.9527
0.817
0.9787
0.9355
0.9692
0.8961
0.9454
0.9184
0.6186
0.8265
0.9836
0.4346
0.859
0.959
0.8732
0.8439
0.478
0.9346
0.9997
0.9617
0.9382
0.93
0.9925
0.9795
0.9555
0.9035
0.917
0.9882
0.9729
0.9332
0.8164
0.9739
0.779
0.7746
0.9335
0.9774
0.9901
0.9151
0.8511
0.8888
0.9543
0.9826
0.7959
0.8835
0.8788
0.9858
0.9634
0.8577
0.7492
0.653
0.8801
0.736
0.9538
0.9678
0.9801
0.9812
0.9324
0.901
0.7272
0.9034
0.822
0.8231
0.97
0.6526
0.6578
0.9435
0.9296
0.9585
0.7795
0.8901
0.9711
0.9836
0.9802
0.9337
0.6429
0.9632
0.874
0.6571
0.8178
1.0
0.9193
0.8704
0.9053
0.9329
0.9155
0.7116
0.89
0.9963
0.9444
0.675
0.8633
0.95
0.7214
0.9141
0.8744
0.6075
0.9997
0.7175
0.9485
0.9369
0.9065
0.8827
0.9702
0.6622
0.8897
0.895
0.7575
0.9847
0.9682
0.9277
0.6779
1.0
0.9856
0.8058
0.9458
0.9038
0.9864
0.9695
0.6164
0.9447
0.8633
0.9768
0.9843
0.8608
0.8514
0.8491
0.9491
0.9121
0.9983
0.987
0.9686
0.8588
0.8541
0.8839
0.9308
0.9378
0.9848
0.8226
0.972
0.928
0.9451
0.9838
0.9503
0.8654
0.8631
0.7519
0.685
0.9424
0.9755
0.9436
0.767
0.8139
0.66
0.9465
0.8855
0.9353
0.9495
0.9993
0.9801
0.7789
0.8437
0.9697
0.7667
0.952
0.9581
0.9877
0.8286
1.0
0.978
0.675
0.8662
0.9759
0.8426
1.0
0.8609
0.9359
0.9068
0.6364
0.8344
0.9827
0.9128
0.8059
0.778
0.8053
0.9545
0.9871
0.9614
0.9407
0.9701
0.8542
0.9503
0.8955
0.9484
0.814
0.6269
0.8667
0.9252
0.6935
0.9544
0.8668
0.9863
0.9221
0.9678
0.9499
0.7988
0.6499
0.9163
0.6794
0.902
0.9633
0.9144
0.934
0.9883
0.9148
0.8727
0.989
0.9544
0.9921
0.7347
0.967
0.9055
0.9308
1.0
0.9418
0.9522
0.8093
0.7845
0.9389
0.9764
0.9736
0.9356
0.8356
0.9717
0.9354
0.9678
0.7522
0.7583
0.9787
0.9478
0.7797
0.7976
0.907
0.954
0.8655
0.7678
0.9888
0.9682
0.9458
0.972
0.6736
0.845
0.8247
0.9422
0.6645
0.8807
0.841
0.7526
0.6749
0.8895
0.8379
0.9074
0.8548
0.9358
0.9807
0.8072
0.9662
0.6542
0.957
0.902
0.9344
1.0
0.9835
0.8339
0.9582
0.9795
0.8951
0.933
0.8815
0.9435
0.5592
0.8366
0.9745
0.9604
0.8353
0.8391
0.4708
0.9873
0.836
1.0
0.9319
1.0
0.9975
0.7374
0.7785
0.6228
0.9375
0.9195
0.9879
0.9185
0.9791
0.9925
0.928
0.9165
0.9354
0.9831
0.8523
0.9452
0.8165
0.9012
0.7763
0.9724
0.7541
0.9257
0.7778
0.8247
0.8048
0.8716
0.8171
0.9741
0.9738
0.6058
0.8753
0.9869
1.0
0.9828
0.8926
0.9927
1.0
0.9879
0.9694
1.0
0.9762
0.9721
0.9181
0.9931
0.9896
1.0
0.9452
0.961
0.979
0.9508
0.9496
0.9563
0.994
0.9635
0.8836
0.9671
0.9749
0.9362
0.9497
0.9339
0.983
0.9741
0.9863
0.9424
0.9829
0.9823
0.8649
0.9692
0.9626
0.9412
0.8764
0.9603
0.8378
0.8956
0.9843
0.9656
0.976
0.9838
0.9624
0.9028
0.9392
0.9254
0.848
0.9803
0.9719
0.9267
0.9657
0.913
0.8816
0.9928
0.985
0.9703
0.9498
0.9026
0.8828
0.9803
0.9196
0.9259
0.9147
0.8171
0.9519
0.8923
0.9001
0.9272
0.9108
0.9249
0.9736
0.8826
0.8847
0.6935
0.8217
0.9576
0.9552
0.9561
0.8707
0.9223
0.9149
0.8304
0.9121
0.8854
0.8901
0.8706
0.757
0.9323
0.6789
0.9505
0.9138
0.8944
0.9904
0.9931
1.0
0.9963
0.9446
0.9517
1.0
0.9703
0.9648
0.9469
1.0
0.9835
0.9845
0.9446
0.9854
0.9908
0.9805
0.9811
0.9537
0.8704
0.9076
0.8261
0.8935
0.98
0.9192
0.8111
0.9457
0.9343
0.859
0.9523
0.9513
0.8761
0.9183
0.9795
0.9738
0.767
0.8619
0.8968
0.8979
0.787
0.9044
0.9161
0.9591
0.9494
0.819
0.9619
0.8931
0.8316
0.8899
0.8666
0.8836
0.7979
0.9229
0.9278
0.7956
0.9454
0.8636
0.9391
0.9447
0.8733
0.7549
0.8661
0.775
0.8815
0.7719
0.8986
0.5648
0.7267
0.827
0.8384
0.7697
0.742
0.6773
0.6874
0.824
0.6758
0.8806
0.7906
0.8397
0.5345
0.8197
0.9184
0.6942
0.867
0.6112
0.8117
0.703
0.8678
0.7301
0.8421
0.8305
0.867
0.7398
0.847
0.8739
0.5005
0.7429
0.6906
0.6563
0.5453
