0.9701
0.9325
0.8915
0.9471
0.8168
0.834
0.8447
0.8296
0.8337
0.9808
0.9764
0.7422
0.9556
0.6875
0.7431
0.6949
0.7017
0.7047
0.9888
0.9811
0.9992
0.9609
0.9655
0.7133
0.6872
0.684
0.6953
0.6933
0.6951
0.9319
0.9585
0.9212
0.92
0.8397
0.8388
0.7191
0.8311
0.9124
0.8314
0.8897
0.8459
0.9978
0.9978
0.9738
0.9726
0.8514
0.8555
0.6354
0.8581
0.8567
0.8585
0.981
0.9634
0.9807
0.933
0.8819
0.742
0.7523
0.7733
0.7351
0.7212
0.7214
0.9497
0.9824
0.9776
0.9126
0.9751
0.911
0.9639
0.9349
0.9792
0.9653
0.9908
0.9759
0.9736
0.9597
0.8959
0.9501
0.937
0.6931
0.7411
0.7444
0.7791
0.831
0.6865
0.7769
0.9488
0.9455
0.9576
0.9415
0.8697
0.6489
0.6705
0.6052
0.6793
0.6906
0.6602
0.9766
0.9172
0.9425
0.9681
0.9325
0.8873
0.908
0.8836
0.9035
0.8805
0.9046
0.8056
0.9073
0.9522
0.6667
0.6812
0.6873
0.6545
0.6056
0.6539
0.9599
0.9831
0.9651
0.9654
0.9545
0.723
0.7294
0.7281
0.6808
0.7007
0.7098
0.9713
0.8697
0.9531
0.9935
0.9954
0.8486
0.8156
0.7847
0.8023
0.6978
0.8096
0.9057
0.9778
0.9745
0.9734
0.6509
0.6118
0.6312
0.6286
0.652
0.9013
0.8322
0.972
0.9499
0.9669
0.9547
0.8963
0.8225
0.9949
0.9975
0.9901
0.8625
0.917
0.7936
0.7327
0.7948
0.7988
0.7905
0.9398
0.8558
0.9904
0.9462
0.9978
0.9045
0.7861
0.8962
0.9182
0.8164
0.894
0.944
0.8645
0.9983
0.9477
0.9597
0.9569
0.8051
0.8284
0.8024
0.7897
0.8109
0.8025
0.8011
0.9204
0.9904
0.906
0.92
0.903
0.8844
0.8819
0.8583
0.8888
0.973
0.9934
0.9349
0.9554
0.7279
0.8485
0.8554
0.8747
0.8616
0.8942
0.9538
0.8796
0.909
0.6942
0.705
0.7051
0.6942
0.7121
0.8985
0.9725
0.8402
0.9824
1.0
0.7878
0.8153
0.8167
0.8218
0.8253
0.8167
0.9141
0.9609
0.9828
0.9911
0.9976
0.7579
0.7767
0.7661
0.7151
0.756
0.754
0.8654
0.9348
1.0
0.8769
0.9865
0.9969
0.7378
0.8911
0.8882
0.8203
0.917
0.8897
0.8897
0.9211
0.9925
0.9703
0.9956
0.7135
0.7161
0.7303
0.7443
0.723
0.9489
0.8617
0.9741
0.9963
0.989
0.7808
0.7759
0.8144
0.7921
0.8155
0.7806
0.9302
0.9729
0.7843
0.8068
0.6444
0.7903
0.6993
0.6893
0.7066
0.9394
0.9818
0.9548
0.6919
0.5819
0.7412
0.6891
0.7185
0.7206
0.9438
0.8504
0.9814
0.91
0.8147
0.7527
0.7706
0.7919
0.8139
0.9732
0.9319
1.0
0.969
0.9814
0.7575
0.7743
0.808
0.7429
0.7775
0.7775
0.7376
0.9506
0.952
0.9952
0.9841
0.7134
0.7298
0.7366
0.6569
0.7047
0.7211
0.9744
0.9662
0.8152
0.8086
0.7453
0.7709
0.6717
0.6425
0.6633
0.8051
0.7369
0.9086
0.9598
0.8708
0.7997
0.6936
0.6594
0.8091
0.9264
0.9878
0.8993
0.9307
0.9977
0.8092
0.8185
0.7744
0.8154
0.7736
0.8149
0.9503
0.9918
0.9822
0.9377
0.8975
0.7854
0.8806
0.8081
0.8158
0.8124
0.8107
0.9662
0.9979
0.9661
0.9959
0.875
0.8798
0.8626
0.8822
0.883
0.964
0.9929
0.8545
0.9874
0.9481
0.7342
0.7825
0.7315
0.7591
0.7752
0.7742
0.9279
0.9162
0.9112
0.964
0.8163
0.8943
0.8754
0.8708
0.9431
0.9894
0.9966
0.9633
0.9366
0.9567
0.8417
0.7903
0.841
0.8526
0.8457
0.8483
0.7974
0.9274
0.9863
0.7928
0.6332
0.5875
0.7531
0.6195
0.6566
0.8895
0.9134
0.9572
0.8714
0.9286
0.7573
0.9016
0.779
0.8777
0.878
0.8613
0.94
0.9975
0.9442
0.9845
0.9975
0.8658
0.9321
0.9619
0.9075
0.9615
0.9581
0.9441
0.8754
0.8119
0.933
0.6693
0.5926
0.6582
0.647
0.6245
0.7497
0.9387
0.9898
0.8548
0.9532
0.5901
0.7463
0.6943
0.6345
0.747
0.7426
0.9481
0.998
0.7072
0.9597
0.7704
0.7277
0.6882
0.7342
0.723
0.8284
0.9736
0.9476
0.8947
0.9886
0.7699
0.7919
0.9132
0.8277
0.8157
0.7871
0.9692
0.9843
0.9212
0.9711
0.7242
0.7006
0.6791
0.7587
0.7132
0.9644
0.9283
0.9266
0.9271
0.9456
0.899
0.8318
0.945
0.8994
0.9981
0.8607
0.9053
0.972
0.8493
0.8224
0.7605
0.8049
0.7201
0.7631
0.7971
0.9796
0.828
0.917
0.9457
0.9967
0.9069
0.805
0.7547
0.7519
0.722
0.6399
0.7551
0.7439
0.9147
0.9531
0.9491
0.9907
0.9602
0.9518
0.7901
0.7686
0.7862
0.8776
0.7138
0.7669
0.7875
0.8714
0.7984
0.9289
0.9743
0.9938
0.9632
0.787
0.7935
0.7498
0.8537
0.5797
0.7789
0.7963
0.9538
0.9952
0.9637
0.9751
0.7978
0.9674
0.8504
0.7124
0.8379
0.8043
0.8535
0.8285
0.8512
0.956
0.9247
0.9552
0.9486
0.9839
0.9533
0.873
0.845
0.8282
0.8383
0.7546
0.8248
0.8504
0.9841
0.9337
0.9719
0.9174
0.9179
0.9879
0.8358
0.8374
0.851
0.8543
0.8778
0.8399
0.8513
0.9704
0.9261
0.9913
0.9857
0.8241
0.9075
0.7533
0.8787
0.8632
0.8947
0.9
0.9616
0.9701
0.9987
0.9948
0.795
0.7961
0.7405
0.7758
0.7854
0.9997
0.9391
0.8743
0.9974
0.9984
0.9821
0.8527
0.8499
0.8436
0.846
0.7721
0.7701
0.8453
0.9789
0.9031
0.9762
0.9765
0.8575
0.9107
0.8162
0.6102
0.8075
0.8235
0.7667
0.8119
0.8275
0.9453
0.9296
0.9591
0.9992
0.9177
0.9716
0.8207
0.763
0.8066
0.8325
0.847
0.8102
0.8231
0.9994
0.9184
0.9231
0.9553
0.9153
0.8908
0.8456
0.7927
0.804
0.8785
0.8
0.8311
0.8769
0.9966
0.8225
0.925
0.973
0.9731
0.9139
0.9085
0.898
0.8595
0.9102
0.7577
0.8632
0.9103
0.9992
0.9642
0.9248
0.8256
0.9381
0.7543
0.647
0.7358
0.7607
0.7662
0.7572
0.996
0.9383
0.9747
0.9491
0.9923
0.9626
0.795
0.7958
0.7752
0.7774
0.7919
0.7333
0.7783
0.9501
0.9956
0.9658
0.9968
0.9012
0.7772
0.774
0.7586
0.7577
0.7647
0.773
0.9926
0.88
0.967
0.9577
0.9327
0.8014
0.7611
0.7982
0.8384
0.7644
0.8038
0.996
0.8779
0.8709
0.8978
0.8809
0.9705
0.6688
0.6548
0.7022
0.7593
0.7631
0.7376
0.7426
0.967
0.9838
0.9567
0.9512
0.8998
0.7463
0.7233
0.798
0.8005
0.7811
0.7869
0.9725
0.9799
0.9975
0.8025
0.9901
0.9366
0.65
0.6464
0.7209
0.6445
0.6428
0.6331
0.6472
0.8643
0.7768
0.9493
0.848
0.8287
0.6943
0.8342
0.6505
0.8068
0.8931
0.9821
0.9365
0.8641
0.7846
0.7598
0.6852
0.6199
0.7286
0.7284
0.7591
0.9554
0.9709
0.938
0.9707
0.7354
0.7476
0.7624
0.7972
0.7578
0.9461
0.9909
0.9581
0.9312
0.8786
0.9123
0.7037
0.6428
0.7173
0.6969
0.7156
0.6934
0.7079
0.9907
0.9713
0.9979
0.9753
0.9922
0.7548
0.7263
0.7696
0.7686
0.7491
0.7624
0.9752
0.916
0.9283
0.9637
0.9771
0.6914
0.6884
0.689
0.6528
0.7258
0.6807
0.9405
0.9287
0.9928
0.9358
0.886
0.713
0.7517
0.7204
0.7657
0.7139
0.7167
0.8685
0.9719
0.9401
0.9927
0.9254
0.8301
0.871
0.8039
0.8699
0.7638
0.8614
0.9957
0.9795
0.9776
0.8553
0.9927
0.8081
0.765
0.7866
0.8137
0.7796
0.7501
0.77
0.7703
0.8776
0.9507
0.9877
0.9593
0.9766
0.902
0.8634
0.9065
0.8174
0.8857
0.8777
0.9979
0.881
0.9861
0.9989
0.9784
0.9519
0.8837
0.8633
0.8592
0.8862
0.8065
0.8941
0.889
0.9891
0.9548
0.9962
0.9034
0.8552
0.9845
0.8519
0.7213
0.8458
0.8291
0.8196
0.8236
0.8277
0.9069
0.8065
0.9547
0.9608
0.7107
0.7251
0.6306
0.7439
0.6981
0.9641
0.9774
0.961
0.8919
0.9809
0.8094
0.685
0.8169
0.8242
0.8315
0.8471
0.8242
0.9514
0.9858
0.9392
0.8349
0.8603
0.735
0.6119
0.6837
0.7132
0.7364
0.7244
0.9358
0.8843
0.8869
0.9966
0.9743
0.8797
0.8835
0.8227
0.7496
0.7577
0.8757
0.9758
0.8942
0.9408
0.9992
0.9448
0.9138
0.8229
0.843
0.8068
0.8064
0.8282
0.784
0.8231
0.9775
0.887
0.9954
0.9819
0.6845
0.9736
0.9083
0.6766
0.9145
0.8735
0.6727
0.9003
0.9042
0.9959
0.97
0.9605
0.9034
0.9823
0.9472
0.7253
0.74
0.7425
0.7595
0.7242
0.8062
0.7543
0.9572
0.9818
0.9779
0.9547
0.9678
0.9521
0.7018
0.7412
0.7542
0.7711
0.7713
0.771
0.7404
0.9784
0.9897
0.9564
0.9964
0.9875
0.969
0.7472
0.7659
0.7597
0.7656
0.756
0.7086
0.7556
0.9994
0.9616
0.9869
0.9959
0.7993
0.7906
0.7932
0.785
0.7852
0.9622
0.9263
0.9543
0.9964
0.8442
0.9568
0.8023
0.7487
0.7667
0.7874
0.8221
0.7648
0.8034
0.9997
0.9956
0.9571
0.9813
0.8853
0.8469
0.7701
0.8482
0.8495
0.8438
0.8473
0.9988
0.9401
0.9001
0.9532
0.8875
0.8792
0.8064
0.7488
0.7992
0.8079
0.7861
0.8139
0.8082
0.9681
0.9811
0.9307
0.921
0.9652
0.9027
0.7507
0.7913
0.7409
0.7919
0.8
0.7793
0.8018
0.9482
0.8571
0.9289
0.9927
0.9948
0.957
0.8442
0.8498
0.81
0.8672
0.7344
0.8262
0.8465
0.9847
0.8364
0.9536
0.9077
0.9772
0.928
0.8416
0.9377
0.9305
0.8216
0.9374
0.9902
0.9944
0.9544
0.9714
0.9543
0.9803
0.9062
0.9104
0.926
0.9298
0.9324
0.9125
0.9296
0.9486
0.957
0.9765
0.4825
0.5139
0.454
0.4242
0.4969
0.4421
0.9936
0.8942
0.9873
0.9858
0.6409
0.6668
0.6457
0.5953
0.6803
0.6356
0.9449
0.9844
0.958
0.9973
0.9971
0.9193
0.7402
1.0
0.8731
0.6719
0.9184
0.8536
0.9159
0.9179
0.9184
0.9229
0.9736
0.9017
0.9924
0.4943
0.5267
0.5119
0.5198
0.4875
0.8966
0.9705
0.9474
0.97
0.846
0.8663
0.8147
0.8721
0.8803
0.9799
0.9537
0.8802
0.9879
0.6517
0.7648
0.7833
0.7962
0.7769
0.8787
0.9855
0.8727
0.9839
0.7077
0.8373
0.7468
0.832
0.8369
0.706
0.9971
0.8498
0.9882
0.4712
0.5064
0.5436
0.5183
0.4959
0.9475
0.8694
0.9138
0.9492
0.9874
0.8758
0.8357
0.8993
0.8987
0.9384
0.9802
0.9913
0.7685
0.9771
0.986
0.6492
0.773
0.7788
0.7412
0.8156
0.8003
0.7863
0.889
0.9946
0.95
0.9957
0.8272
0.8469
0.7685
0.8526
0.8456
0.9393
0.9898
0.9466
0.7423
0.7511
0.5419
0.7915
0.7816
0.7587
0.9055
0.9869
0.9471
0.9857
0.7338
0.7607
0.6011
0.7632
0.7567
0.8922
0.9889
0.9744
0.9594
0.911
0.9333
0.7766
0.9257
0.9259
0.8523
0.986
0.9075
0.9847
0.6796
0.7109
0.6425
0.693
0.6919
0.7359
0.9774
0.8983
0.8125
0.581
0.5824
0.5433
0.6813
0.6391
0.9294
0.9932
0.953
0.7962
0.8815
0.8041
0.8649
0.8167
0.8201
0.6489
0.9676
0.6685
0.9972
0.6431
0.5592
0.5469
0.5689
0.5388
0.7147
0.7593
0.8473
0.9733
0.7012
0.772
0.6927
0.7946
0.7694
0.9776
0.9861
0.9979
0.9638
0.8604
0.8651
0.8542
0.8671
0.8576
0.9468
0.976
0.9328
0.8038
0.9745
0.9147
0.693
0.6748
0.7614
0.6347
0.701
0.7734
0.6683
0.8511
0.9914
0.9346
0.9508
0.4822
0.4326
0.482
0.4849
0.4464
0.9052
0.9849
1.0
0.7547
0.6854
1.0
0.7476
0.656
0.8192
0.7622
0.787
0.8192
0.8192
0.9892
0.8387
0.9345
0.961
0.8054
0.8049
0.8355
0.7217
0.8318
0.9143
0.9835
0.9453
0.8509
0.8564
0.8779
0.8657
0.9221
0.9303
0.8877
0.9827
0.9538
0.8769
0.8366
0.7314
0.8244
0.8786
0.8783
0.8816
0.8473
0.9042
0.9911
0.7784
0.8316
0.7744
0.6763
0.831
0.9535
0.8641
0.9933
0.8528
0.9498
0.9043
0.931
0.9529
0.8835
0.9979
0.9148
0.9751
0.8819
0.9545
0.869
0.9712
0.9723
0.9599
0.9971
0.9737
0.8654
0.5295
0.5497
0.4892
0.4859
0.472
0.9093
0.8007
0.7986
0.9691
0.7848
0.8136
0.7467
0.7862
0.8041
0.9436
0.9954
0.7072
0.996
0.5996
0.6232
0.6007
0.6078
0.598
0.7153
0.9859
0.9951
0.9848
0.9008
0.8888
0.7257
0.8839
0.9004
0.8594
0.9446
0.9601
0.9971
0.6497
0.6493
0.6385
0.6619
0.6346
0.9926
0.8977
0.973
0.756
0.8435
0.8037
0.848
0.8454
0.9567
0.9752
0.9222
0.8245
0.6833
0.7268
0.7535
0.768
0.7354
0.9666
0.8275
0.9731
0.9889
0.5938
0.637
0.6229
0.6061
0.6096
0.9556
0.8229
0.6953
0.6626
0.5071
0.4916
0.4227
0.4112
0.4307
0.9511
0.9842
0.9787
0.9833
0.8179
0.7914
0.7796
0.8209
0.8163
0.8538
0.8517
0.9829
0.9976
0.9007
0.9049
0.944
0.9254
0.9054
0.8799
0.9954
0.891
0.9982
0.5922
0.7567
0.7155
0.7567
0.7504
0.9174
0.9705
0.8665
0.9705
0.8665
0.9705
0.9174
0.9705
1.0
0.8559
0.8818
0.9305
0.9254
0.8118
0.8199
0.8282
0.7605
0.8242
0.9482
0.8181
0.6121
0.9162
0.6207
0.7242
0.7032
0.6184
0.7178
0.6477
0.9834
0.9
0.8673
0.691
0.6017
0.714
0.7297
0.69
0.9453
0.8535
0.9759
0.5372
0.5582
0.5518
0.501
0.522
0.8753
0.9768
0.9138
0.9766
0.7794
0.8093
0.7026
0.8218
0.8159
0.9921
0.9673
0.9074
0.9065
0.709
0.6955
0.8068
0.7354
0.795
0.8489
0.8598
0.8987
0.8298
0.8427
0.8345
0.7059
0.8494
0.8366
0.8983
0.9729
0.9467
0.9686
0.9208
0.9357
0.7584
0.7577
0.7849
0.6969
0.7412
0.7141
0.7523
0.9463
0.8411
0.9261
0.9892
0.7593
0.7433
0.7378
0.6523
0.7336
0.8612
0.9906
0.9952
0.931
0.7642
0.6789
0.8335
0.7893
0.7777
0.9996
0.8458
0.9377
0.8332
0.9626
0.7731
0.6789
0.7901
0.8029
0.9166
0.803
0.9422
0.9961
0.9013
0.9533
0.8786
0.9274
0.7864
0.9472
0.901
0.8318
0.9005
0.9995
0.9966
0.8134
0.6868
0.5334
0.42
0.5812
0.5965
0.5713
0.935
0.9491
0.8325
0.9428
0.9846
0.7925
0.7246
0.7731
0.6247
0.7461
0.7596
0.6202
0.7441
0.9737
0.8526
0.7817
0.9211
0.9767
0.9944
0.8129
0.865
0.8749
0.8239
0.7559
0.813
0.8732
0.9756
0.9894
0.8523
0.8837
0.8553
0.9979
0.7576
0.8683
0.884
0.8263
0.8823
0.9258
0.6775
0.9003
0.9989
0.895
0.9161
0.5711
0.5257
0.507
0.6102
0.4588
0.5872
0.5806
0.9035
0.8478
0.9186
0.9589
0.9924
0.9145
0.951
0.9881
0.9129
0.8901
0.851
0.9063
0.9946
0.9282
0.9861
0.8681
0.9095
0.9555
0.9345
0.9022
0.8511
0.8102
0.8677
0.8257
0.7275
0.8346
0.9907
0.8997
0.9784
0.945
0.6293
0.6223
0.6478
0.6315
0.6311
0.9041
0.9887
0.8935
0.9959
0.9915
0.889
0.8801
0.9192
0.9045
0.8741
0.8918
0.9806
0.9874
0.8669
0.7958
0.9945
0.7484
0.5644
0.7197
0.6963
0.7331
0.7154
0.8636
0.8141
0.9075
0.6883
0.527
0.4638
0.575
0.5552
0.6297
0.9682
0.9861
0.9551
0.9106
0.9868
0.8114
0.8449
0.8689
0.8614
0.8641
0.8463
0.9264
0.9305
0.9552
0.9111
0.9801
0.8503
0.9286
0.8771
0.8804
0.9186
0.9399
0.9971
0.7813
0.9151
0.9536
0.7064
0.8898
0.7936
0.5611
0.7343
0.7956
0.6419
0.8342
0.7885
0.9409
0.9179
0.9994
0.9891
0.9973
0.9301
0.9239
0.9279
0.8814
0.8968
0.9301
0.9988
0.9935
0.911
0.9137
0.9272
0.8432
0.7438
0.7413
0.7408
0.758
0.7563
0.765
0.7486
0.9957
0.7661
0.9213
0.985
0.8726
0.6562
0.7649
0.7632
0.753
0.5905
0.7474
0.8761
0.8806
0.8203
0.9817
0.9914
0.9065
0.7535
0.7705
0.7429
0.7242
0.6501
0.7389
0.7466
0.9994
0.8983
0.9353
0.9948
0.8681
0.9718
0.6938
0.594
0.6962
0.6633
0.6222
0.623
0.6617
0.9867
0.7911
0.9866
0.9332
0.9851
0.6088
0.6201
0.6084
0.6067
0.5283
0.6017
0.9819
0.7875
0.9823
0.9585
0.8583
0.8607
0.8465
0.8118
0.8553
0.9495
0.9273
0.8971
0.9984
0.97
0.7515
0.8374
0.8345
0.7326
0.7877
0.7877
0.7341
0.8298
0.9907
0.8714
0.9537
0.9685
0.8959
0.9719
0.886
0.7649
0.8405
0.8411
0.7587
0.8291
0.8445
0.9992
0.9844
0.9431
0.9962
0.8292
0.9461
0.8562
0.8194
0.7917
0.849
0.8421
0.84
0.8466
0.8734
0.9437
0.9753
0.976
0.5843
0.5572
0.5847
0.5511
0.5015
0.8684
0.9536
0.8143
0.9334
0.7125
0.8984
0.6993
0.4661
0.6648
0.646
0.6693
0.6763
0.6305
0.9976
0.8353
0.9014
0.9542
0.8596
0.911
0.4686
0.4506
0.4979
0.4874
0.4033
0.5089
0.467
0.9827
0.9908
0.9431
0.96
0.717
0.667
0.6786
0.6721
0.668
0.8994
0.9099
0.8945
0.7476
0.6643
0.7473
0.6881
0.8401
0.6217
0.8876
0.9965
0.9538
0.5505
0.5548
0.5168
0.3848
0.55
0.5322
0.9961
0.9487
0.8482
0.9643
0.8705
0.9634
0.9098
0.8008
0.8911
0.9308
0.9008
0.8046
0.9306
0.9495
0.9864
0.911
0.9956
0.9835
0.6591
0.6215
0.6517
0.6421
0.6099
0.6335
0.9149
0.992
0.8834
0.9953
0.7908
0.8959
0.7943
0.6468
0.7874
0.8577
0.8261
0.7944
0.8002
0.864
0.758
0.8691
0.9087
0.8548
0.9093
0.6117
0.5844
0.7411
0.8045
0.7774
0.7215
0.6763
0.9057
0.8015
0.9042
0.9995
0.9319
0.9182
0.6854
0.6478
0.6766
0.5975
0.5404
0.7065
0.6798
0.9068
0.9363
0.8173
0.9626
0.7418
0.8077
0.7632
0.5482
0.639
0.7833
0.7099
0.7353
0.7467
0.9251
0.7061
0.9299
0.9986
0.9782
0.906
0.6182
0.622
0.6076
0.6165
0.4887
0.6236
0.6066
0.9703
0.8363
0.9205
0.956
0.9822
0.8587
0.8775
0.9003
0.7695
0.8407
0.8686
0.9189
0.8957
0.9971
0.9462
0.9279
0.7945
0.7592
0.9296
0.7635
0.8232
0.8259
0.9155
0.8524
0.9075
0.999
0.9956
0.9842
0.8634
0.863
0.8619
0.8676
0.7981
0.9283
0.8633
0.9495
0.88
0.9403
0.9068
0.9866
0.9791
0.64
0.7359
0.6813
0.7666
0.7014
0.7019
0.7119
0.8687
0.9859
0.8338
0.9393
0.9038
0.908
0.5558
0.5821
0.5862
0.5766
0.595
0.4987
0.5704
0.8673
0.8846
0.833
0.9625
0.9917
0.847
0.7356
0.7557
0.7369
0.7555
0.6869
0.7482
0.7472
0.8801
0.9699
0.9944
0.8407
0.8826
0.7584
0.8151
0.8857
0.8858
0.986
0.8503
0.9969
0.9968
0.8528
0.7418
0.7404
0.794
0.7641
0.7493
0.706
0.7368
0.8887
0.8938
0.9306
0.9917
0.8649
0.9726
0.8342
0.7553
0.819
0.7848
0.7985
0.8171
0.8383
0.8026
0.9923
0.9868
0.9776
0.9725
0.9878
0.7917
0.9878
0.9506
0.9881
0.9281
0.9958
0.9979
0.9266
0.9278
0.8821
0.9232
0.8689
0.9284
0.8868
0.934
0.9918
0.9917
0.9516
0.9473
0.8305
0.8685
0.941
0.9998
0.9811
0.9387
0.9971
0.998
0.8434
0.8495
0.8497
0.8429
0.8275
0.8475
0.9811
0.9893
0.9609
0.9836
0.9759
0.993
0.8626
0.8626
0.8603
0.8723
0.8602
0.8398
0.8574
0.9986
0.888
0.9777
0.9191
0.9927
0.7963
0.852
0.8536
0.7545
0.8245
0.8448
0.9257
0.9875
0.9481
0.9129
0.9517
0.85
0.9036
0.9656
0.9675
0.9997
0.9735
0.9499
0.9958
0.9441
0.7545
0.7674
0.7566
0.7707
0.7709
0.7658
0.922
0.9897
0.9399
0.9874
0.8856
0.9153
0.8529
0.9286
0.9269
0.871
0.8166
0.9642
0.9942
0.7812
0.8382
0.7372
0.6834
0.8308
0.9896
0.9702
0.9965
0.8632
0.8837
0.8808
0.8829
0.8808
0.8157
0.7855
0.8291
0.9496
0.6392
0.759
0.7674
0.7982
0.7732
0.9974
0.9842
0.9335
0.7871
0.9316
0.7855
0.9974
0.9864
0.9991
0.9981
0.9664
0.8635
0.9038
0.9127
0.8064
0.8955
0.8695
0.8977
0.9961
0.7498
0.8829
0.9951
0.7025
0.7687
0.7739
0.6975
0.7654
0.9989
0.9847
0.8678
0.9222
0.9977
0.8576
0.8217
0.8461
0.7664
0.8517
0.8558
0.7547
0.8443
0.9041
0.9459
0.9976
0.9848
0.9331
0.9976
0.9848
0.9331
0.887
0.8787
0.9855
0.9972
0.9985
0.9125
0.7739
0.775
0.7418
0.7987
0.8066
0.7774
0.9993
0.9799
0.9999
0.9731
0.9431
0.8635
0.8717
0.8404
0.8542
0.8407
0.8409
0.9709
0.9242
0.9589
0.9444
0.9863
0.769
0.7825
0.8022
0.7746
0.8054
0.782
0.9957
0.9961
0.8135
0.921
0.7361
0.9191
0.8985
0.9204
0.8486
0.8333
0.9109
0.9899
0.812
0.7997
0.7088
0.6778
0.7786
0.9415
0.8441
0.8674
0.9796
0.9968
0.979
0.9955
0.9415
0.8467
0.8694
0.9993
0.9679
0.9543
0.9625
0.8123
0.871
0.869
0.831
0.8283
0.8474
0.9957
0.895
0.9308
0.9981
0.665
0.6375
0.6102
0.6268
0.619
0.9961
0.9297
0.917
0.8787
0.9966
0.7817
0.8819
0.8833
0.8822
0.9306
0.8794
0.7531
0.8398
0.9966
0.9786
0.9028
0.8946
0.7202
0.7863
0.9014
0.9857
0.5772
0.9982
0.8557
0.9878
0.8092
0.918
0.9232
0.6041
0.9308
0.927
0.9754
0.9539
0.9172
0.9263
0.9671
0.9822
0.6837
0.7888
0.7654
0.7764
0.8062
0.8609
0.7872
0.8987
0.871
0.9402
0.988
0.9061
0.9443
0.8775
0.8855
0.9684
0.9226
0.7162
0.9262
0.6991
0.8735
0.6441
0.9721
0.665
0.946
0.8887
0.9044
0.9684
0.9931
0.7883
0.8087
0.7421
0.7465
0.81
0.9936
0.5828
0.7398
0.792
0.6776
0.7673
0.572
0.9513
0.8006
0.7958
0.9963
0.9764
0.6423
0.654
0.5945
0.445
0.5631
0.6225
0.9161
0.9815
0.8411
0.8714
0.9897
0.7346
0.8485
0.8008
0.8405
0.7504
0.8405
0.9851
0.9354
0.9808
0.9977
0.9263
0.7868
0.7931
0.788
0.7794
0.7381
0.7874
0.9599
0.9938
0.9993
0.9121
0.8866
0.8115
0.8738
0.8921
0.8845
0.8927
0.9676
0.9842
0.79
0.8431
0.6826
0.7147
0.8271
0.8475
0.9396
0.9882
0.9912
0.9763
0.9173
0.9094
0.9232
0.8951
0.9071
0.9983
0.8146
0.8689
0.8839
0.8101
0.8097
0.9242
0.7511
0.9247
0.8745
0.991
0.9699
0.7946
0.8425
0.6958
0.7688
0.868
0.8701
0.9935
0.9857
0.9754
0.9945
0.8498
0.8745
0.8846
0.887
0.8795
0.8994
0.8265
0.8934
0.9822
0.8529
0.8955
0.8434
0.9107
0.9175
0.8775
0.9859
0.8023
0.6984
1.0
0.8517
0.7874
0.7563
0.6528
0.7372
0.7563
0.9992
0.9851
0.9406
0.9976
1.0
0.8756
0.9411
0.9416
0.9407
0.9289
0.9416
0.941
0.9847
0.9713
0.8441
0.7547
0.8092
0.7615
0.7987
0.7931
0.995
0.7454
0.9638
0.9992
0.9871
0.9744
0.9606
0.9738
0.7239
0.9561
0.9729
0.9699
0.7214
0.9633
0.88
0.9995
0.8305
0.7059
0.8842
0.883
0.6656
0.884
0.8841
0.9839
0.8728
0.9965
0.7177
0.8515
0.716
0.8707
0.8573
0.955
0.8692
0.9647
0.8008
0.8688
0.6435
0.5394
0.6292
0.634
0.5446
0.6355
0.9976
0.9892
0.9946
0.9953
0.8612
0.8572
0.8664
0.8512
0.8586
0.9011
0.9775
0.9282
0.9115
0.9933
0.8637
0.8052
0.9168
0.851
0.9105
0.9278
0.9808
0.9732
0.9992
0.9988
0.7176
0.7217
0.7071
0.701
0.7161
0.9326
0.8858
0.9354
0.9873
0.8773
0.9303
0.9242
0.8609
0.9421
0.9994
0.9881
0.9433
0.8942
0.9045
0.8759
0.9711
0.9663
0.9686
0.9997
0.9976
0.9141
0.9977
0.9589
0.7982
0.8404
0.8628
0.8339
0.8333
0.8325
0.9978
0.993
0.9498
0.8377
0.9494
0.6842
0.7785
0.7547
0.7335
0.7428
0.7203
0.996
0.8984
0.9951
0.9958
0.8677
0.8752
0.8718
0.7888
0.8725
0.9949
0.8562
0.9441
0.7547
0.8598
0.7273
0.88
0.7488
0.8739
0.9993
0.9237
0.9842
0.9941
0.8625
0.8807
0.8881
0.8897
0.8853
0.932
0.9958
0.9307
0.876
0.8773
0.83
0.8547
0.8983
0.8941
0.9682
0.9953
0.9989
0.9992
0.9349
0.9146
0.8566
0.9146
0.9149
0.9123
0.915
0.9992
0.7758
0.9073
0.9938
0.8808
0.9459
0.945
0.7986
0.9435
0.9439
0.9903
0.9991
0.9965
0.8977
0.8921
0.8688
0.9147
0.9017
0.9633
0.8121
0.9023
0.9973
0.6952
0.8044
0.7986
0.6633
0.8031
0.9982
0.8333
0.9159
0.9294
0.7901
0.6933
0.8272
0.6957
0.8181
0.9479
0.9887
0.9548
0.9822
0.8903
0.6427
0.6152
0.6513
0.662
0.6239
0.6352
0.9816
0.9984
0.9722
0.9976
0.682
0.7022
0.7133
0.7011
0.6958
0.8689
0.9672
0.9959
0.8014
0.8601
0.6796
0.7766
0.8923
0.8686
0.9989
0.9793
0.8927
0.9946
0.7512
0.8163
0.8375
0.8523
0.8265
0.9948
0.9955
0.9032
0.872
0.8629
0.8866
0.933
0.9307
0.9313
0.8164
0.9371
0.8804
0.8415
0.7647
0.7467
0.7764
0.8403
0.9075
0.9756
0.9854
0.9964
0.9967
0.9942
0.9953
0.975
0.9874
0.9992
0.8953
0.9042
0.9749
0.9944
0.9578
0.9865
0.8921
0.908
0.9945
0.9993
0.9177
0.9266
0.7927
0.7021
0.593
0.754
0.6609
0.7611
0.9875
0.6902
0.9734
0.7347
0.9229
0.7316
0.9147
0.7023
0.9339
0.9994
0.9877
0.9331
0.9789
0.8346
0.8798
0.8837
0.877
0.8815
0.9984
0.9492
0.9909
0.9979
0.7796
0.7842
0.7765
0.7329
0.7764
0.8985
0.8552
0.9956
0.731
0.7291
0.6917
0.7377
0.7224
0.9986
0.9558
0.9446
0.9481
0.9414
0.8144
0.7393
0.8046
0.8215
0.7573
0.817
0.9715
0.9761
0.9994
0.9905
0.6028
0.626
0.5939
0.5978
0.6086
0.9269
0.9124
0.9974
0.8734
0.9528
0.9079
0.9492
0.9568
0.9951
0.9201
1.0
0.9623
0.9388
0.8834
0.8954
0.9266
0.9228
0.9194
0.9194
0.999
0.8121
0.8363
0.9277
0.945
0.8528
0.8417
0.8794
0.6729
0.7354
0.8824
0.8815
0.9697
0.9564
0.9175
0.7134
0.5572
0.7047
0.7549
0.715
0.8309
0.9949
0.9816
0.878
0.8771
0.8516
0.775
0.879
0.9996
0.9918
0.9544
0.8375
0.9353
0.8965
0.7808
0.8754
0.9265
0.9219
0.9245
0.9523
0.9174
0.9448
0.833
0.8783
0.7888
0.8908
0.8527
0.9351
0.9935
0.9906
0.9648
0.9268
0.8997
0.8772
0.9006
0.8976
0.9017
0.997
0.9946
0.9975
0.9156
0.9148
0.9114
0.9092
0.8833
0.8431
0.9968
0.9707
0.932
0.9455
0.8512
0.8202
0.933
0.9995
0.9903
0.9543
0.9214
0.7974
0.7219
0.825
0.8211
0.8248
0.9539
0.9959
0.9959
0.9409
0.9972
0.8376
0.9017
0.8619
0.8965
0.8999
0.8997
0.9991
0.9497
0.8922
0.8401
0.7461
0.724
0.7825
0.7367
0.7762
0.9139
0.865
0.8814
0.9969
0.6341
0.7522
0.697
0.5778
0.7471
0.8524
0.9068
0.9706
0.9826
0.9432
0.9431
0.8198
0.8848
0.9411
0.9908
0.8958
0.9997
0.7222
0.9376
0.7238
0.9263
0.8564
0.9351
0.9971
0.9826
0.9409
0.776
0.9115
0.7458
0.9453
0.9376
0.9463
0.9809
0.9693
0.9911
0.9972
0.8561
0.8471
0.8565
0.8309
0.8496
0.999
0.7267
0.951
0.7808
0.7189
0.7316
0.7386
0.7434
0.7326
0.9139
0.9935
1.0
0.9387
0.8459
0.7028
0.5592
0.6652
0.679
0.6661
0.6661
0.942
0.9075
0.9757
0.8794
0.8742
0.9071
0.847
0.8728
0.8739
0.932
0.9742
0.9993
0.9968
0.8411
0.9078
0.9091
0.8222
0.8669
0.8976
0.9066
0.9017
0.8873
0.9955
0.9848
0.8347
0.8324
0.7753
0.7777
0.8317
0.9714
0.7436
0.9151
0.9965
0.7992
0.8409
0.8252
0.821
0.8423
0.9993
0.8959
0.8572
0.6824
0.6499
0.8214
0.8188
0.8208
0.9996
0.9901
0.9669
0.9974
0.8619
0.8331
0.8343
0.8369
0.8309
0.8883
0.8564
0.9996
0.9916
0.9386
0.9295
0.8569
0.8358
0.9377
0.9951
0.7369
0.8673
0.9961
0.8243
0.9133
0.9109
0.7911
0.9127
0.8848
0.9758
0.9945
0.8973
0.8419
0.7293
0.8
0.8524
0.8467
0.9992
0.9937
0.9499
0.9689
0.8372
0.8442
0.8588
0.8646
0.8549
0.999
0.9933
0.8328
0.7298
0.6407
0.4981
0.7515
0.773
0.7416
0.8912
0.845
0.9773
0.9665
0.8245
0.819
0.8105
0.7817
0.8053
0.9985
0.8701
0.9716
0.9985
0.8755
0.9708
0.9678
0.9801
0.9985
0.9378
0.931
0.9546
0.9406
0.9292
0.9984
0.9158
0.9963
0.9973
0.8365
0.9495
0.9514
0.7895
0.9457
0.8766
0.9479
0.97
0.9917
0.8743
0.8543
0.662
0.624
0.6144
0.6596
0.6402
0.9974
0.9333
0.9958
0.8747
0.9951
0.8445
0.9353
0.9389
0.8793
0.9237
0.9347
0.9404
0.8194
0.9972
0.9975
0.7639
0.7609
0.7428
0.6788
0.756
0.9987
0.9952
0.9998
0.9991
0.8906
0.9646
0.9646
0.8935
0.9639
0.9611
0.9645
0.8671
0.8282
0.9992
0.9965
0.8138
0.8276
0.691
0.6231
0.8192
0.9575
0.8807
0.9987
0.9909
0.9782
0.8273
0.8289
0.8119
0.7863
0.8539
0.8236
0.7067
0.9224
0.9746
0.8242
0.8742
0.645
0.6724
0.8425
0.8948
0.8947
0.8797
0.8372
0.9991
0.9823
0.8384
0.7997
0.5636
0.5718
0.7085
0.7395
0.6994
0.9986
0.9877
0.981
0.9138
0.9966
0.7052
0.757
0.7422
0.7381
0.737
0.7451
0.963
0.991
0.9389
0.997
0.9214
0.9695
0.9205
0.9491
0.9654
0.9633
0.9447
0.9668
0.8406
0.6623
0.6189
0.6769
0.666
0.693
0.9771
0.9153
0.9437
0.9108
0.9314
0.892
0.9596
0.8989
0.9831
0.9987
0.8184
0.9696
0.9617
0.7017
0.6806
0.7686
0.695
0.6616
0.6655
0.6904
0.9987
0.7149
0.8447
0.7843
0.6667
0.7954
0.794
0.6511
0.7915
0.9312
0.9887
0.8953
0.9098
0.9009
0.9159
0.871
0.8813
0.878
0.9589
0.9238
0.9699
0.9492
0.9023
0.8933
0.9017
0.9093
0.8954
0.9986
0.9906
0.999
0.9984
0.8922
0.8918
0.8925
0.8877
0.8909
0.8665
0.8852
0.8738
0.6537
0.9973
0.9618
0.9506
0.7653
0.7597
0.7823
0.6509
0.6856
0.7593
0.9801
0.9955
0.949
0.9818
0.891
0.9308
0.9147
0.8315
0.856
0.9063
0.9217
0.8804
0.9204
0.9966
1.0
0.9134
0.8037
1.0
0.9966
0.9827
0.8743
0.884
0.8488
0.9975
0.8001
0.839
0.8615
0.8485
0.8353
0.9974
0.9577
0.8449
0.991
0.7794
0.8974
0.9208
0.9162
0.9107
0.9962
0.9479
0.8569
0.9951
0.8543
0.6994
0.7922
0.7588
0.7716
0.7445
0.7719
0.99
0.9413
0.9591
0.9613
0.9832
0.8631
0.8592
0.8623
0.8815
0.8791
0.871
0.9977
0.7654
0.792
0.7569
0.7602
0.7885
0.7501
0.8992
0.9865
0.7813
0.8288
0.8173
0.7361
0.7714
0.7846
0.8288
0.916
0.9195
0.9545
0.9829
0.9859
0.9417
0.9944
0.8291
0.8096
0.7902
0.8363
0.767
0.8141
0.9949
0.907
0.8784
0.9912
0.7474
0.8117
0.8308
0.7632
0.8166
0.9622
0.9726
0.8846
0.7903
0.7642
0.6783
0.8551
0.87
0.875
0.9573
0.5915
0.997
0.996
0.903
0.9396
0.9393
0.8563
0.9082
0.6007
0.9396
0.853
0.9316
0.9826
0.8948
0.8794
0.823
0.7196
0.7176
0.6583
0.808
0.994
0.9913
0.9702
0.6054
0.9444
0.582
0.9862
0.9851
0.9807
0.8964
0.9875
0.9537
0.9969
0.9916
0.9216
0.9241
0.92
0.8396
0.9236
0.9248
0.9626
0.9783
0.932
0.9949
0.8684
0.8766
0.8639
0.8619
