0.9094
0.9532
0.8849
1.0
0.8497
1.0
0.316
0.8746
0.9232
0.923
0.8828
0.9534
0.8657
0.9315
0.6163
0.8784
1.0
0.5456
0.9689
1.0
0.9057
0.9065
0.8941
0.8891
0.8584
0.8863
1.0
0.8259
0.946
0.9642
0.8502
1.0
0.8755
0.8005
0.836
0.9042
0.9015
0.9578
0.8316
0.8629
0.8324
0.9007
0.742
0.8137
0.8921
0.8514
0.7361
0.7942
0.9243
0.925
0.925
0.635
0.8966
0.8417
0.8316
0.8527
0.8211
0.7131
0.8543
0.9266
0.4426
0.8936
0.9355
0.8076
0.8076
0.7892
0.8684
0.9024
0.6148
0.9367
0.902
0.5793
0.6819
0.8425
0.7976
0.8355
0.8544
0.9094
0.8393
0.7542
0.9543
0.8154
0.9214
0.7249
0.8376
0.8129
0.8177
0.8237
0.8471
0.7263
0.8511
0.9367
0.7507
0.3468
0.589
0.2666
0.9252
0.8267
0.6435
0.7358
0.9198
0.7794
0.9458
0.8166
0.9179
0.8135
0.9401
0.7218
0.8562
0.7969
0.9045
0.9204
0.6501
0.723
0.9
0.9706
0.8139
0.6588
0.3126
0.8107
0.4916
0.8465
0.8465
0.5434
0.6494
0.8863
0.8591
0.7448
0.862
0.5709
0.9017
0.5144
0.7905
0.9346
0.8353
0.9477
0.7704
0.7596
0.9665
0.8596
0.8302
0.5354
0.9685
0.199
0.5118
0.838
0.677
0.7594
0.7659
0.9096
0.8276
0.6663
0.918
0.7253
0.8377
0.2858
0.7349
0.7848
1.0
0.4883
0.8434
0.3137
0.8485
0.9162
0.9202
0.7275
0.491
0.5696
0.4757
0.4654
0.7805
0.9423
0.5394
0.9448
0.8072
0.3247
0.7761
0.7454
0.7847
0.8257
0.9923
0.8353
0.6207
0.8139
0.9252
0.9238
0.8277
0.5477
0.2918
0.9413
0.8111
0.5365
0.8145
0.7815
0.7964
0.9286
0.7854
0.8415
0.8445
0.9342
0.02678
0.1332
0.2096
0.8531
0.7303
0.5255
0.451
0.7968
0.737
0.3729
0.3692
0.799
0.7968
0.3391
0.4633
0.7799
0.8087
0.6705
0.8001
0.4672
0.5939
0.2956
0.8416
0.4476
0.4188
0.4527
0.8745
0.1726
0.2831
0.3779
0.912
0.2781
0.389
0.8498
0.8494
0.4169
0.3781
0.4117
0.5348
0.7738
0.9638
0.8497
0.7098
0.3308
0.8623
0.4909
0.8139
0.9191
0.9367
0.3193
0.5217
0.5912
0.7453
0.4461
0.8467
0.7518
0.7202
0.8135
0.5397
0.3756
0.9213
0.3037
0.2855
0.6914
0.5534
0.6691
0.8523
0.7713
0.7575
0.8263
0.8767
0.8011
0.7986
0.3681
0.2576
0.3743
0.4646
0.3686
0.8874
0.4905
0.6012
0.7891
0.3438
0.3298
0.3112
0.6527
0.7046
0.9295
0.8682
0.717
0.8461
0.6399
0.7187
0.2566
0.43
0.645
0.7752
0.2821
0.8582
0.7826
0.859
0.8001
0.6561
0.715
0.4568
0.6354
0.7471
0.6889
0.4168
0.2921
0.7027
0.7459
0.4221
0.6649
0.7194
0.2587
0.872
0.3994
0.7581
0.7911
0.5771
0.6857
0.3687
0.2482
0.7251
0.6247
0.7009
0.446
0.6769
0.6819
0.4736
0.4087
0.2642
0.2961
0.303
0.3659
0.2288
0.4974
0.8395
0.7575
0.5519
0.8474
0.6112
0.4275
0.2475
0.4209
0.3481
0.3244
0.8425
0.7799
0.6704
0.6395
0.2789
0.2206
0.3024
0.4346
0.5357
0.6455
0.752
0.2834
0.3813
0.3551
0.2416
0.845
0.5091
0.216
0.2484
0.5159
0.8241
0.5097
0.6972
0.3275
0.2807
0.7648
0.3843
0.3106
0.8625
0.7529
0.7595
0.4281
0.6309
0.803
0.7716
0.4175
0.6379
0.5072
0.4105
0.4266
0.5622
0.6478
0.2816
0.8293
0.5648
0.6947
0.1284
0.3355
0.7288
0.7274
0.7659
0.735
0.3124
0.3615
0.9006
0.6181
0.3874
0.2258
0.3834
0.8198
0.6117
0.5536
0.5425
0.5364
0.7399
0.7955
0.8672
0.6101
0.4053
0.4051
0.568
0.5934
0.6966
0.5203
0.4723
0.299
0.4484
0.7323
0.2788
0.1051
0.7751
0.6612
0.3662
0.4634
0.3999
0.6622
0.856
0.2404
0.795
0.4703
0.1604
0.2378
0.3691
0.6946
0.5798
0.7665
0.7528
0.4766
0.3324
0.7129
0.6227
0.5968
0.3269
0.214
0.3083
0.277
0.6145
0.2024
0.5635
0.6081
0.6136
0.6421
0.2719
0.3231
0.5224
0.3359
0.4393
0.1616
0.6389
0.2563
0.174
0.2454
0.5532
0.7205
0.4874
0.3285
0.7469
0.4349
0.7306
0.5606
0.3193
0.8382
0.3472
0.8082
0.6912
0.3882
0.8314
0.6744
0.5481
0.322
0.1965
0.2915
0.3601
0.257
0.4247
0.4174
0.9289
0.8307
0.8758
0.8543
1.0
0.771
0.9243
1.0
0.9503
0.8166
0.861
0.9412
0.7787
0.9065
0.9051
0.879
0.9065
0.7707
0.9488
0.8519
0.9102
0.9
0.8584
0.7364
0.8166
0.8166
0.8746
0.8746
0.8166
0.8166
0.8511
0.9553
0.8817
1.0
0.9443
0.9207
0.919
0.7905
0.8652
0.7887
0.7943
1.0
0.7334
0.7358
0.9421
0.7357
0.3999
1.0
0.8379
0.4731
0.9577
0.9065
0.8285
0.9603
0.8848
0.4753
0.8875
0.9081
0.9183
0.7142
0.9464
0.804
0.8556
0.8527
0.877
0.8691
0.7803
0.7455
0.6947
0.6674
0.9744
0.7361
0.9059
0.6264
0.8349
0.796
0.8879
0.7294
0.7779
0.9564
0.9509
0.9067
0.4642
0.09661
0.5432
0.7832
0.9707
0.7091
0.7704
0.6321
0.7091
0.8328
0.8819
0.9213
0.8155
0.8141
0.4253
0.8161
0.9105
0.8511
0.9367
0.7129
1.0
0.3468
0.4628
0.7558
0.8808
0.88
0.5929
0.5432
0.5439
0.5439
0.3521
0.7639
0.7254
0.9248
0.8478
0.8882
0.5149
0.8851
0.7699
0.8837
0.8143
0.7938
0.6327
0.8037
0.8484
0.4621
0.9034
0.9568
0.9075
0.8703
0.907
0.2396
0.8238
0.8578
0.3385
0.6487
0.9367
0.7136
0.9417
0.7697
0.598
0.4745
0.7985
0.8116
0.7438
0.8319
0.6424
0.8441
0.9041
0.8943
0.8376
0.8417
0.9314
0.6595
0.7928
0.7025
0.8313
0.5845
0.7283
0.9046
0.7339
0.9029
0.6975
0.8924
0.8837
0.848
0.3522
0.7008
0.6504
0.7435
0.6217
0.06753
0.9488
0.6401
0.6866
0.7369
0.7163
0.8037
0.6584
0.8316
0.3462
0.8562
0.5648
0.681
0.3858
0.7936
0.8799
0.7688
0.8655
0.4934
0.8597
0.3287
0.8806
0.6456
0.7108
0.7067
0.829
0.6381
0.6744
0.7675
0.6937
0.4754
0.5023
0.3676
0.668
0.7396
0.2868
0.7027
0.8531
0.8249
0.8955
0.6661
0.2711
0.5439
0.6915
0.8379
0.5355
0.8835
0.3683
0.2954
0.7433
0.8166
0.287
0.8524
0.8352
0.5849
0.268
0.4401
0.2694
0.4134
0.3328
0.531
0.7176
0.9524
0.7504
0.6748
0.8147
0.5759
0.8326
0.8767
0.3705
0.3526
0.4549
0.4851
0.8473
0.7388
0.4222
0.2844
0.3925
0.4756
0.6318
0.9184
0.9414
0.9367
0.687
0.2684
0.7896
0.2107
0.7017
0.4988
0.2449
0.2963
0.6693
0.6751
0.4791
0.7859
0.4934
0.1627
0.6257
0.7841
0.4607
0.3511
0.9192
0.7259
0.8309
0.8329
0.4133
0.5678
0.8266
0.6806
0.6187
0.7088
0.7063
0.8571
0.6942
0.8039
0.2972
0.5992
0.2892
0.4109
0.6
0.4778
0.9271
0.8705
0.3348
0.4589
0.7657
0.7792
0.5706
0.4144
0.8078
0.4058
0.7663
0.8927
0.07352
0.3347
0.7691
0.7771
0.6665
0.72
0.7654
0.7535
0.7184
0.3566
0.7829
0.8062
0.2108
0.3
0.6305
0.8172
0.416
0.4085
0.425
0.7845
0.849
0.2988
0.5189
0.6312
0.7362
0.5893
0.35
0.4056
0.5002
0.3305
0.8365
0.4492
0.4309
0.5562
0.8704
0.7836
0.6838
0.6605
0.9191
0.4114
0.9104
0.7563
0.4628
0.6902
0.6237
0.2501
0.8263
0.2146
0.4725
0.3513
0.3515
0.6951
0.3663
0.8306
0.2491
0.6401
0.8575
0.5583
0.2785
0.3051
0.3206
0.6074
0.1964
0.4455
0.04668
0.5029
0.3261
0.7607
0.1471
0.4928
0.6075
0.3105
0.634
0.5421
0.6503
0.331
0.8159
0.7407
0.3725
0.7255
0.4875
0.5589
0.678
0.5915
0.8169
0.2534
0.6573
0.556
0.7017
0.7797
0.2827
0.7087
0.775
0.6726
0.2694
0.7473
0.5956
0.6012
0.7387
0.5645
0.6674
0.6278
0.2998
0.1969
0.7446
0.1522
0.4748
0.7119
0.3947
0.3502
0.2223
0.285
0.3788
0.3335
0.4095
0.8592
0.3549
0.5006
0.1123
0.428
0.1607
0.5982
0.2789
0.811
0.5658
0.6559
0.1655
0.855
0.242
0.2408
0.3926
0.776
0.5741
0.35
0.3769
0.7753
0.3412
0.2511
0.4156
0.7138
0.3274
0.3825
0.2983
0.2445
0.3168
0.8253
0.3352
0.501
0.2565
0.6776
0.3758
0.5305
0.5675
0.5049
0.6463
0.3469
0.6549
0.2635
0.2227
0.333
0.5994
0.65
0.312
0.6765
0.8451
0.3261
0.8168
0.5442
0.6825
0.6847
0.5167
0.809
0.1373
0.6951
0.7469
0.4346
0.5274
0.7824
0.5419
0.4593
0.515
0.4649
0.6059
0.7596
0.5423
0.494
0.7385
0.2434
0.2006
0.5581
0.497
0.4916
0.2726
0.713
0.385
0.3335
0.2183
0.5137
0.2838
0.4599
0.9191
0.6554
0.8115
0.8311
0.839
0.6212
0.9061
0.7162
0.6433
0.9438
0.9705
0.9188
0.4061
0.7857
0.918
0.5055
0.7227
0.7229
0.7744
0.5942
0.4246
0.6241
0.7345
0.3447
0.8476
0.8099
0.9203
0.8643
0.5889
0.7921
0.4184
0.8103
0.5573
0.7328
0.4013
0.813
0.841
0.7637
0.9539
0.8717
0.7676
0.6048
0.5805
0.7246
0.8981
0.681
0.8895
0.6533
0.8589
0.7118
0.5266
0.6243
0.8954
0.9128
0.9188
0.592
0.7879
0.9066
0.9273
0.8765
0.382
0.6032
0.8988
0.8837
0.855
0.8233
0.6337
0.721
0.7873
0.7823
0.904
0.8736
0.5883
0.3364
0.7496
0.6188
0.7769
0.3447
0.6523
0.8579
0.7913
0.6804
0.9708
0.8632
0.4222
0.9188
0.6693
0.9681
0.9681
0.6497
0.8105
0.7792
0.4087
0.8484
0.9261
0.4099
0.6067
0.8576
0.7829
0.6138
0.2879
0.7167
0.8569
0.9425
0.8722
0.6887
0.8096
0.9773
0.1779
0.7262
0.9095
0.9457
0.9174
0.6857
0.7091
0.5885
0.5942
0.9134
0.7062
0.8619
0.7742
0.5578
0.7217
0.7809
0.6059
0.6092
0.5479
0.8749
0.786
0.9811
0.9343
0.8991
0.5812
0.9102
0.7383
0.7045
0.7848
0.9759
0.367
0.6296
0.714
0.681
0.8682
0.2141
0.3927
0.9315
0.7917
0.3256
0.8419
0.7624
0.9228
0.3588
0.3891
0.6375
0.8692
0.8929
0.7794
0.9145
0.7664
1.0
0.3738
0.7438
0.8282
0.9687
0.9156
0.9127
0.7462
0.5261
0.5722
0.4538
1.0
0.9238
0.8189
0.7649
0.8411
0.7363
0.7899
0.9106
0.5884
0.8433
0.7471
0.6224
0.6125
0.4784
0.924
0.3002
0.5286
0.9182
0.4348
0.7102
0.6501
0.6391
0.3322
0.8427
0.7267
0.7962
0.6614
0.7247
0.402
0.4191
0.9755
0.3509
0.7867
0.9647
0.8455
0.2481
0.7586
0.9438
0.6316
0.7837
0.8623
0.6376
0.8903
0.6608
0.8757
0.6739
0.7637
0.8596
0.802
0.08369
0.2782
0.6495
0.7105
0.8189
0.565
0.92
0.4611
0.7386
0.7542
0.5082
0.8874
0.8635
0.7655
0.7957
0.7701
0.808
0.3116
0.8835
0.4337
0.7236
0.6191
0.8892
0.5347
0.8104
0.6998
0.8639
0.5087
0.807
0.9114
0.7335
0.4631
0.9124
0.3975
0.9749
0.8837
0.7265
0.9223
0.6199
0.915
0.6693
0.6947
0.8098
0.8417
0.1699
0.8171
0.7375
0.8648
0.9796
0.6945
0.5758
0.4474
0.3256
0.4698
0.5491
0.7378
0.9704
0.8445
0.5862
0.6699
0.5999
0.7522
0.7956
0.7089
0.9178
0.9056
0.7632
0.7845
0.9174
0.8125
0.2478
0.7289
0.7728
0.8865
0.7448
0.7569
0.8151
0.3462
0.6614
0.903
0.5984
0.7183
0.6366
0.8991
0.5791
0.4333
0.7469
0.4396
0.8287
0.6343
0.8427
0.8637
0.7119
0.6312
0.5643
0.7731
0.3664
0.9188
0.4427
0.7775
0.6915
0.9352
0.926
0.8365
0.8441
0.888
0.7743
0.6555
0.8148
0.8305
0.8939
0.6562
0.6034
0.9125
1.0
0.4121
0.4451
0.6119
0.6957
0.5767
0.7732
0.9627
0.7317
0.8287
0.8824
0.8984
0.4182
0.8344
0.7352
0.5905
0.908
0.6027
0.7478
0.8932
0.2799
0.8939
0.9311
0.858
0.529
0.7528
0.8052
0.5545
0.9652
0.9247
0.7891
0.7707
0.9291
0.9421
0.9418
0.7744
0.7698
0.9569
0.9453
0.4192
0.7495
0.5986
0.913
0.7565
0.9312
0.4141
0.3463
0.7162
0.3812
0.2866
0.866
0.7312
0.5483
0.9328
0.7963
0.4774
0.8844
0.8584
0.8719
0.3936
0.7923
0.8449
0.8664
0.8471
0.6885
0.8749
0.8626
0.4599
0.7678
0.9628
0.9019
0.6701
0.9151
0.8385
0.8897
0.7981
0.8651
0.6363
0.7798
0.8738
0.8498
0.4924
0.7381
0.5596
0.965
0.8758
0.8482
0.9786
0.6919
0.2119
0.9253
0.6874
0.8569
0.7729
0.8394
0.9021
0.9657
0.6189
0.7014
0.4566
0.9072
0.7627
0.8499
0.8324
0.8653
0.9612
0.6098
0.9105
0.8184
0.8827
0.5566
0.04675
0.9088
0.4826
0.7481
0.9368
0.9666
0.96
0.9576
0.6836
0.922
0.86
0.6748
0.7174
0.9103
0.9082
0.4617
0.578
0.7616
0.6281
0.6891
0.8996
0.6967
0.8885
0.6478
0.6986
0.8369
0.578
0.8317
0.8854
0.8736
0.2913
0.8122
0.777
0.7368
0.7595
0.6896
0.5773
0.2581
0.6146
0.544
0.6535
0.5915
0.8175
0.765
0.8549
0.9224
0.9948
0.8079
0.9784
0.8372
0.6126
0.7757
0.7624
0.8036
0.4624
0.8687
0.9064
0.7626
0.3819
0.9581
0.5455
0.8509
0.9005
0.4627
0.683
0.9755
0.7042
0.5498
0.9409
0.3489
0.1543
0.7656
0.889
0.9009
0.8379
0.6149
0.6394
0.7185
0.3147
0.8518
1.0
0.8671
0.668
0.9009
0.9455
0.6702
0.8687
0.8673
0.5037
0.7522
0.9183
0.7387
0.626
0.8594
1.0
0.4212
0.8649
0.3892
0.866
0.9128
0.6963
0.8995
0.6408
0.8921
0.5343
0.6044
0.9209
0.8884
0.4438
0.7657
0.5359
0.7806
0.2862
0.9711
0.8914
0.3573
0.6907
0.7224
0.8197
0.9283
0.7084
0.5462
0.8331
0.9342
0.4978
0.7062
0.9153
0.7978
0.5511
0.8645
0.6949
0.5607
0.6655
1.0
0.4694
0.7034
0.8031
0.4693
1.0
0.5533
0.3947
0.9501
0.9301
0.7949
0.732
0.8217
0.7388
0.8277
0.6527
0.6306
0.6644
0.8064
0.3615
0.8643
0.7673
0.6675
0.8635
0.373
0.4494
0.5684
0.8992
0.8862
0.7273
0.7101
1.0
0.4407
0.7586
0.686
0.8879
0.8953
0.9614
0.6393
0.8465
0.7112
0.2122
0.7973
0.6683
0.6855
0.6472
0.8057
0.4978
0.4444
0.8115
0.812
0.4709
0.7479
0.6642
0.8806
0.2222
0.9417
0.2749
0.8511
0.2548
0.6697
0.8078
0.8041
0.5641
0.9291
0.5002
0.9634
0.7799
0.9276
0.4877
0.827
0.3885
0.7988
0.8788
0.1483
0.549
0.6486
0.8756
0.9752
0.7821
0.5779
0.8906
0.4139
0.6986
0.545
0.5495
0.451
0.3856
0.913
0.9372
0.8537
0.7073
0.926
0.7614
0.8563
0.8724
0.7199
0.6755
0.8999
0.7154
0.7041
0.9362
0.6937
0.9669
0.7391
0.9663
0.9128
0.6878
0.7321
0.883
0.4441
0.8457
0.4029
0.8696
0.8847
0.2024
0.3086
0.5803
0.5499
0.8504
0.502
0.5302
0.6978
0.6233
0.7772
0.7818
0.9446
0.6652
0.8311
0.432
0.8128
0.3004
0.8129
1.0
0.7496
0.3206
0.8254
0.4026
0.9574
0.592
0.5561
0.5239
0.6049
0.7159
0.8731
0.6704
0.8565
0.4888
0.7701
0.8623
0.8352
0.9772
0.7623
0.3316
0.8003
1.0
0.731
0.6929
0.8843
0.4104
0.7297
0.6652
0.4842
0.8704
0.5145
0.7062
0.829
0.6368
0.2984
0.7196
0.9133
0.8564
0.9187
0.6937
0.6486
0.5416
0.4274
0.746
0.7631
0.777
0.4946
0.7821
0.6066
0.4523
0.6522
0.4324
0.9784
0.8236
0.5951
0.5967
0.8813
0.8356
0.6952
0.2871
0.9082
0.9507
0.6338
0.9507
0.6178
0.6652
0.4971
0.7867
0.3164
0.786
0.9359
0.3824
0.8047
0.7091
0.5928
0.5379
0.7946
0.9536
0.8323
0.3741
0.5689
0.9054
0.7491
0.7684
0.6994
0.8869
0.4709
0.9734
0.287
0.8539
0.5878
0.8105
0.7957
0.5866
0.5937
0.4449
0.8473
0.4569
0.7154
0.8757
0.6054
0.749
0.6721
0.484
0.9232
0.9418
0.864
0.9025
0.7672
0.904
0.8636
0.9258
0.6768
0.7957
0.6469
0.8968
0.7504
0.6597
0.9545
0.3932
0.8825
0.8533
0.9762
0.7841
0.6946
0.282
0.8079
0.9112
0.7541
0.4283
0.8147
0.5146
0.4411
0.5081
0.7638
0.984
0.6246
0.822
0.3825
0.8854
0.3228
0.7446
0.7151
0.615
0.6098
0.1888
0.3971
0.7591
0.2788
0.8716
0.7473
0.849
0.9176
0.8536
0.9369
0.733
0.7822
0.344
0.7929
0.8767
0.7531
0.8504
0.6524
0.6385
0.8844
0.7076
0.8582
0.5411
0.8475
0.3911
0.3755
1.0
0.6215
0.908
0.825
0.416
0.9201
0.6597
0.7686
0.7043
0.6378
0.3779
0.8341
0.6791
0.8752
0.7157
0.9186
0.7762
0.9479
0.7287
0.9548
0.2389
0.677
0.2577
0.8308
0.7689
0.5962
0.8612
0.846
0.658
0.6232
0.5295
0.9185
0.7117
0.7665
0.7993
0.9501
0.4425
0.4587
0.8025
0.6092
0.4108
0.8038
0.8214
0.7247
0.9242
0.7655
0.3349
0.2767
0.6481
0.8883
0.5388
0.6217
0.9544
0.5482
0.9592
0.7797
0.8379
0.4978
0.8481
0.4282
0.9858
0.7869
0.9191
0.5438
0.7872
0.6015
0.5731
0.6016
0.7928
0.7875
0.6448
0.9151
0.9778
0.5279
0.5991
0.8083
0.6083
0.6657
0.3361
0.4816
0.8941
0.8696
0.6928
0.7549
0.8027
0.5365
0.7318
0.9729
0.7885
0.9628
0.4366
0.5811
0.7817
0.9025
0.7179
0.4241
0.9386
0.9108
0.9641
0.894
0.6094
0.5749
0.7814
0.5417
0.5663
0.3487
0.5606
0.6226
0.8078
0.06253
0.5382
0.469
0.3425
0.7189
0.8521
0.7969
0.7547
0.6677
0.9206
0.5977
0.8365
0.5706
0.5641
0.9169
1.0
0.7857
1.0
0.4314
0.5953
1.0
0.941
0.8535
1.0
0.6845
0.7523
0.9227
0.201
0.7572
0.823
0.8544
0.8618
0.5
0.8684
0.997
0.6658
0.7143
0.6703
0.709
0.6402
1.0
0.7333
0.4162
0.7756
0.7474
0.5025
0.84
0.8611
0.3802
0.6175
0.5944
0.2156
0.7936
0.8211
0.715
0.8314
0.742
0.4638
0.9632
0.823
0.935
0.6924
1.0
0.6576
0.9329
0.9815
0.8791
0.4838
0.8855
0.5954
0.8345
0.5445
0.5739
0.6826
1.0
0.7407
0.8352
0.79
0.7214
0.7207
0.8394
0.3796
0.8329
0.915
0.4968
0.7774
0.8486
0.8439
0.7296
0.8593
0.7242
0.5135
0.8277
0.6893
0.8395
1.0
0.6596
0.5
0.8301
0.4577
0.6639
0.7162
0.5803
0.8001
0.7711
0.619
0.5153
0.953
0.8336
1.0
0.8166
0.8018
0.7214
0.867
0.8408
0.7043
0.6904
0.3464
0.6763
0.6964
0.6681
0.8704
0.7468
0.5104
0.7048
0.856
0.651
0.2424
0.6045
0.5309
0.9632
0.7804
0.773
0.823
0.9107
0.695
0.7584
0.767
0.6998
1.0
0.736
0.4738
0.858
0.85
0.7056
1.0
0.9445
0.7773
0.7069
0.848
0.8166
0.8016
0.7437
0.3734
0.7774
0.9351
0.5425
0.5039
0.8041
0.031
0.7603
0.7695
0.9169
0.4549
0.9293
0.7266
0.7744
0.8414
0.4847
0.5953
0.9079
0.929
0.7788
0.7405
0.9134
0.8628
0.818
0.3866
0.5582
1.0
0.7747
0.6887
0.9972
0.7838
0.6916
0.7781
0.7376
0.9064
0.6138
0.6598
0.5095
0.8661
0.8052
0.7677
1.0
0.6491
1.0
0.8299
0.5304
0.7337
0.8683
0.6765
0.7411
0.5
0.5616
0.949
1.0
0.4925
0.6068
0.7061
0.2973
0.8707
0.9997
0.7183
0.6107
0.998
0.8028
0.7812
0.9416
0.7887
0.7755
1.0
0.798
0.8205
0.5975
0.4893
0.8224
0.8583
0.5173
0.6924
0.8145
0.6554
0.8106
0.8811
0.2552
0.261
0.7405
0.4002
0.7947
0.9702
0.4162
0.5476
0.6185
0.6596
0.7819
1.0
0.26
0.6905
0.869
0.5382
0.7554
0.9997
0.7134
0.825
0.9682
0.4388
0.8132
0.8471
0.8084
0.7296
0.9366
0.9182
0.5719
0.9092
0.5309
0.7448
0.9302
0.7546
0.8434
0.4767
0.4162
0.7051
0.9571
0.6027
0.4658
0.9991
0.7518
1.0
0.7909
0.8338
0.7681
0.977
0.6453
0.8736
0.7299
0.5681
0.8462
1.0
0.6752
0.8451
0.9315
0.4147
0.6387
0.7405
0.8018
0.7549
1.0
0.4801
0.8252
1.0
1.0
0.825
0.4572
0.7267
0.5738
0.7371
0.7178
0.7797
0.9209
0.6504
0.6763
0.7571
0.3468
0.8068
0.7577
0.9753
0.8936
0.9445
0.7168
0.4153
0.7642
0.7909
0.7962
0.9789
0.8991
0.539
0.5279
0.5763
1.0
0.9168
0.9428
0.7681
0.8582
0.6032
0.5697
0.7719
0.5024
0.8142
0.9228
0.474
0.539
0.7286
0.8246
0.878
0.3042
0.7433
0.9054
0.4738
0.9086
0.9991
0.3502
0.7522
0.9815
0.8174
0.8456
0.8493
0.7057
0.7736
1.0
0.6032
0.6557
0.9911
0.79
0.5765
1.0
0.7052
0.9122
0.7935
0.1278
0.8663
1.0
0.5571
0.76
0.7596
0.662
0.7786
0.9815
0.5458
0.8492
0.709
0.7353
0.288
0.8615
0.597
0.7819
0.9465
0.5423
0.2547
0.9356
0.3809
0.5453
0.9192
0.8187
0.8827
0.8459
0.6593
0.7775
0.8922
0.7531
0.4964
1.0
0.8265
0.792
0.6985
0.6551
0.6234
0.7781
0.8612
0.8685
1.0
0.6666
0.6108
0.8441
0.8221
0.3085
0.8072
0.6032
0.7819
0.9032
0.4925
0.8242
1.0
0.04978
0.8252
0.7781
0.6458
0.7401
0.6526
0.7461
0.01205
0.8838
0.6134
0.7893
0.9209
0.4553
0.8812
0.9598
0.678
0.6555
1.0
0.4069
0.7809
0.933
0.7408
0.6296
1.0
0.7313
0.7379
0.9445
0.09557
0.4568
0.8335
0.4545
0.6694
0.6888
0.606
0.7522
0.9841
0.5263
0.7439
0.6292
0.919
0.7403
0.9362
0.6636
0.8854
0.8447
0.6423
0.7091
0.8017
0.9156
0.9182
0.8754
0.8475
0.8956
0.8035
0.6206
0.905
0.8219
0.7556
0.6962
0.8146
1.0
0.871
0.9426
0.6716
0.8146
0.8047
0.8704
0.914
0.7221
0.799
0.9298
0.7873
0.4252
0.7676
0.4883
0.9307
0.7195
0.7226
0.9406
0.7832
0.797
0.8074
0.6355
0.8285
0.7257
0.7736
0.7898
0.9429
0.9668
0.9782
0.6854
0.8006
0.7442
0.8474
0.8408
0.6843
0.7959
0.7595
0.9486
0.7925
0.8138
0.8789
0.834
0.6514
0.8419
0.6888
0.7609
0.846
0.9312
0.7772
0.7526
0.8699
0.9248
0.9615
0.7237
0.7531
0.7729
0.7248
0.9817
0.7711
0.8797
0.8048
0.7229
0.9176
0.8131
0.9349
0.7792
0.8721
0.5975
0.9244
0.8877
0.9386
0.8969
0.8746
0.7576
0.8352
0.7942
0.6906
0.8548
0.8582
0.9388
0.6812
0.8401
0.588
0.7394
0.8011
0.7795
0.8618
0.8819
0.8744
0.8557
0.7844
0.884
0.8553
0.8993
0.9005
0.7949
0.9038
0.7813
0.8918
0.7602
0.7915
0.8036
0.8365
0.8039
0.735
0.9001
0.679
0.8529
0.6415
0.629
0.7885
0.895
0.8116
0.9248
0.8219
0.9328
0.7301
0.8352
0.8696
0.9098
0.8944
0.8475
0.8989
0.8071
0.6857
0.9158
0.7262
0.8041
0.8613
0.7281
0.8123
0.7306
0.8924
0.6597
0.6954
0.6878
0.6668
0.9408
0.7788
0.9407
0.9081
0.8195
0.9308
0.7496
0.6224
0.9329
0.889
0.9066
0.7739
0.7835
0.7907
0.9027
0.8428
0.8893
0.7144
0.8221
0.9663
0.8941
0.5765
0.7192
0.7581
0.9814
0.915
0.9145
0.9046
0.9208
0.894
0.8454
0.8119
0.7748
0.7605
0.7737
0.9414
0.7965
0.8347
0.6798
0.9031
0.7712
0.6915
0.9752
0.8034
0.8246
0.6672
0.8853
0.8906
0.8884
0.7335
0.8886
0.7041
0.5397
1.0
0.9127
0.8872
0.5688
0.7779
0.7409
0.8932
0.929
0.9033
0.8716
0.742
0.7492
0.897
0.7932
0.8528
0.6142
0.6493
0.6676
0.8958
0.8161
0.7874
0.717
0.7789
0.6106
0.9788
0.8198
0.8081
0.7747
0.8459
0.684
0.8324
0.7828
0.8747
0.8549
0.6985
0.8182
0.8667
0.8386
0.7472
0.8596
0.7303
0.6681
0.9555
0.7126
0.7188
0.4903
0.7406
0.6346
0.8301
0.8957
0.8752
0.898
0.6564
0.8088
0.9596
0.8952
0.7221
0.689
0.7472
0.8327
0.558
0.8367
0.7541
0.7841
0.8887
0.8534
0.8729
0.7198
0.8362
0.8225
0.8337
0.8835
0.8703
0.8343
0.3885
0.8666
0.7927
0.6275
0.8365
0.7072
0.7518
0.7501
0.8999
0.7346
0.8799
0.7522
0.63
0.7805
0.7923
0.5427
0.9672
0.8775
0.8173
0.8083
0.8243
0.8746
0.6785
0.7401
0.9115
0.8852
0.9014
0.9886
0.8498
0.8231
0.7461
0.8855
0.7391
0.8733
0.78
0.8672
0.7877
0.7225
0.7092
0.9233
0.8077
0.7886
0.6901
0.6665
0.9204
0.9133
0.6582
0.8012
0.7037
0.8798
0.8992
0.7961
0.7761
0.7851
0.5277
0.9044
0.9019
0.8858
0.7649
0.6526
0.7957
0.6371
0.7966
0.8096
0.9272
0.8179
0.8714
0.8761
0.6651
0.8485
0.8673
0.9248
0.7877
0.8624
0.726
0.7911
0.8727
0.8902
0.651
0.9705
0.7534
0.668
0.7213
0.9422
0.8665
0.8477
0.9024
0.9122
0.6867
0.8091
0.8185
0.8575
0.8837
0.7336
0.8719
0.7341
0.8279
0.8492
0.7569
0.8101
0.7233
0.7238
0.8132
0.6711
0.5743
0.9427
0.9328
0.8679
0.8362
0.8969
0.7291
0.7345
0.7473
0.8115
0.6484
0.875
0.7454
0.8233
0.7446
0.8294
0.8086
0.8583
0.711
0.8639
0.7404
0.9078
0.8357
0.8197
0.8672
0.6972
0.745
0.7644
0.7211
0.7675
0.9194
0.6174
0.6998
0.8616
0.7778
0.7236
0.7462
0.7582
0.7385
0.5237
0.6625
0.6485
0.6802
0.8823
0.8616
0.8917
0.8002
0.65
0.9266
0.7581
0.6221
0.9681
0.7478
0.7629
0.8568
0.879
0.804
0.5595
0.5781
0.9092
0.9079
0.8092
0.7441
0.5923
0.7546
0.7802
0.7963
0.8872
0.8969
0.7037
0.9076
0.887
0.8549
0.793
0.8026
0.8133
0.9238
0.6293
0.8042
0.7191
0.8112
0.8449
0.8628
0.6607
0.7762
0.8552
0.8569
0.8067
0.9063
0.8013
0.9001
0.4996
0.9747
0.7837
0.873
0.8874
0.8515
0.9121
0.6255
0.8314
0.7381
0.721
0.8219
0.704
0.683
0.7912
0.7742
0.9086
0.8141
0.7291
0.867
0.7352
0.8074
0.7886
0.7677
0.7067
0.8411
0.8293
0.9238
0.9944
0.8939
0.8373
0.7967
0.9463
0.8352
0.796
0.8853
0.7829
0.5851
0.9562
0.9248
0.7374
0.9433
0.8775
0.6036
0.7751
0.8531
0.8076
0.8304
0.8839
0.827
0.9263
0.7534
0.9067
0.9385
0.9479
0.97
0.8079
0.6572
0.7723
0.7394
0.6991
0.7758
0.7895
0.7732
0.6246
0.5923
0.9458
0.8486
0.8678
0.977
0.7178
0.7909
0.8385
0.8566
0.9101
0.9215
0.8738
0.6929
0.8588
0.8958
0.7705
0.8907
0.8187
0.8978
0.8596
0.8723
0.7656
0.6537
0.9026
0.9384
0.7232
0.8851
0.9282
0.8508
0.8364
0.7852
0.8339
0.9246
0.867
0.866
0.7448
0.8199
0.876
0.88
0.8047
0.7729
0.8427
0.8525
0.7613
0.7738
0.8457
0.8968
0.646
0.859
0.8647
0.7634
0.6512
0.8577
0.8427
0.8839
0.9082
0.7663
0.6585
0.7712
0.972
0.9367
0.9809
0.7401
0.7739
0.448
0.4826
0.6825
0.8792
0.8952
0.8392
0.79
0.9238
0.8629
0.7738
0.8904
0.8652
0.792
0.873
0.6921
0.944
0.6873
0.818
0.8038
0.8231
0.865
0.9024
0.7281
0.7239
0.8946
0.5727
0.6837
0.8688
0.8017
0.5928
0.7879
0.934
0.7874
0.6746
0.9189
0.87
0.6593
0.9482
0.9211
0.7563
0.7577
0.8462
0.9242
0.5676
0.7391
0.9595
0.7382
0.8032
0.8691
0.7776
0.8335
0.8956
0.8272
0.8373
0.8912
0.9669
0.917
0.8459
0.7038
0.8287
0.8175
0.9257
0.7531
0.8902
0.7965
0.9256
0.7634
0.8245
0.9306
0.6874
0.9769
0.6535
0.9639
0.9028
0.7147
0.6806
0.9074
0.8262
0.6644
0.5741
0.9162
0.876
0.6123
0.872
0.8134
0.7125
0.9043
0.9117
0.8703
0.8842
0.8195
0.7636
0.7302
0.9399
0.897
0.8576
0.7723
0.8543
0.818
0.9267
0.7483
0.8203
0.759
0.8728
0.6067
0.8016
0.771
0.6403
0.6147
0.8298
0.9363
0.7956
0.7559
0.9086
0.8252
0.8295
0.7498
0.9039
0.9044
0.8586
0.8085
0.589
0.8786
0.7988
0.6627
0.8654
0.9428
0.8944
0.7717
0.7957
0.7828
0.6564
0.7699
0.6106
0.7729
0.8388
0.8254
0.9317
0.847
0.8874
0.5735
0.9374
0.8172
0.7519
0.8655
0.5333
0.8116
0.7477
0.9066
0.878
0.8922
0.9685
0.7001
0.872
0.9284
0.8007
0.6663
0.8101
0.7428
0.9557
0.973
0.7108
0.6119
0.8299
0.6701
0.8849
0.7155
0.8662
1.0
0.8246
0.8166
0.9729
0.8633
0.9352
0.8566
0.7873
0.6642
0.9504
0.6066
0.9452
0.6999
0.8717
0.9536
0.9243
0.6883
0.9484
0.8897
0.8615
0.9237
0.9492
0.5845
0.883
0.901
0.9054
0.8058
0.7619
0.7575
0.9396
0.5202
0.7619
0.923
0.7527
0.6558
0.8737
0.8508
0.9174
0.8342
0.6462
0.611
0.8514
0.8273
0.6354
0.9244
0.8482
0.8894
0.6908
0.8382
0.7309
0.6989
0.878
0.8328
0.679
0.7073
0.8164
0.5238
0.7999
0.6456
0.5168
0.697
0.8297
0.6874
0.6924
0.646
0.8756
0.7283
0.7273
0.7802
0.9131
0.9195
0.726
0.7373
0.6331
0.8188
0.6894
0.9843
0.9522
0.8753
0.7952
0.9182
0.8542
0.8781
0.8538
0.9322
0.7225
0.8677
0.9217
0.7051
0.8294
0.8092
0.813
0.5467
0.8747
0.842
0.8026
0.8274
0.873
0.9812
0.6735
0.8075
0.817
0.8707
0.8469
0.8138
0.8395
0.7685
0.8833
0.6031
0.7449
0.8561
0.7073
0.9638
0.6298
0.7779
0.9008
0.7763
0.7941
0.7253
0.8594
0.6882
0.8072
0.8441
0.934
0.8181
0.8543
0.7464
0.9587
0.9194
0.8157
0.5012
0.7753
0.6603
0.6913
0.8331
0.6994
0.8385
0.7559
0.8337
0.8975
0.9429
0.7125
0.7909
0.9282
0.8932
0.9461
0.8016
0.864
0.6007
0.7718
0.8896
0.8741
0.6297
0.7674
0.7664
0.8242
0.7032
0.7521
0.8099
0.6011
0.8195
0.861
0.923
0.4867
0.9423
0.7066
0.8048
0.8362
0.6461
0.731
0.763
0.8488
0.8881
0.8533
0.9101
0.8139
0.8951
0.9027
0.9767
0.6842
0.8922
0.6918
0.8182
0.762
0.5571
0.7694
0.9647
0.8645
0.7902
0.7827
0.7396
0.7613
0.928
0.7206
0.9513
1.0
0.9472
0.8802
0.9094
0.7802
0.908
0.7808
0.9271
0.9296
0.7637
0.6936
0.7014
0.9447
0.8948
0.9047
0.8393
0.9416
0.5602
0.6899
0.9223
0.9416
0.7821
0.845
0.7403
0.6637
0.6258
0.9337
0.8612
0.562
0.7659
0.9058
0.7295
0.7786
0.9116
0.7985
0.9069
0.813
0.572
0.8741
0.9621
0.708
0.8543
0.9539
0.7411
0.9205
0.8972
0.8433
0.8483
0.9658
0.7769
0.893
0.9639
0.6739
0.8088
0.9476
0.6095
0.8233
0.8403
0.7888
0.4999
0.9003
0.3014
0.8732
0.9576
0.7507
0.8898
0.8898
0.8931
0.8492
0.9414
0.6402
0.6438
0.9473
0.78
0.7309
0.905
0.735
0.7685
0.9343
0.3627
0.8975
0.8744
0.6587
0.8078
0.9049
0.7794
0.8724
0.9378
0.892
0.8745
0.8744
0.7455
0.6617
0.888
0.4967
0.9022
0.5294
0.7975
0.8697
0.9063
0.5278
0.9273
0.8689
0.6769
0.8102
0.9516
0.839
0.9387
0.8891
0.5991
0.8986
0.8941
0.6675
0.9166
0.926
0.592
0.8406
0.9687
0.6176
0.8702
0.8217
0.8142
0.9408
0.9415
0.3272
0.8209
0.9371
0.6016
0.4882
0.8968
0.8438
0.6845
0.9115
0.6772
0.8138
0.9389
0.9127
0.7035
0.9715
0.886
0.9326
0.8532
0.6048
0.9285
0.9108
0.7954
0.8171
0.975
0.1987
0.7711
0.7563
0.8163
0.7843
0.8805
0.7746
0.8755
0.9375
0.5828
0.8571
0.9233
0.816
0.9241
0.8631
0.7307
0.5743
0.903
0.7848
0.1253
0.9466
0.8178
0.9245
0.7482
0.6417
0.8877
0.9495
0.6969
0.9463
0.9143
0.8058
0.8359
0.9732
0.7697
0.7507
0.9812
0.542
0.8444
0.9104
0.7262
0.7321
0.7945
0.6476
0.8599
0.9382
0.8376
0.8711
0.8981
0.8825
0.9181
0.9509
0.159
0.7883
0.9162
0.8121
0.8895
0.8844
0.6376
0.7925
0.9651
0.6394
0.8783
0.9389
0.8115
0.862
0.6894
0.777
0.8754
0.9377
0.6401
0.9594
0.9667
-0.09569
0.8063
0.93
0.6525
0.8742
0.8915
0.3459
0.8849
0.8931
0.7766
0.704
0.8957
0.4628
0.8048
0.973
0.6311
0.9222
0.9767
0.8225
0.8564
0.9102
0.6721
0.8953
0.9437
0.4375
0.9101
0.9645
0.6766
0.9342
0.9679
0.6593
0.811
0.9463
0.2513
0.8923
0.9685
0.7946
0.8489
0.8929
0.6393
0.8604
0.7767
0.9009
0.7473
0.6991
0.5356
0.6301
0.8355
0.878
0.9021
0.9783
0.527
0.3793
0.4223
0.9064
0.4994
0.8416
0.873
0.9276
0.895
0.6968
0.8113
0.6311
0.7898
0.7688
0.6846
0.8792
0.9071
0.9349
0.7577
0.7579
0.2454
0.8884
0.2904
0.8955
0.6587
0.9343
0.7011
0.9361
0.6758
0.7403
0.2113
0.7717
0.6307
0.7716
0.7193
0.6804
0.5716
0.9141
0.9087
0.8929
0.9165
0.9327
0.6479
0.1272
0.8421
0.9279
0.7879
0.8664
0.8404
0.7044
0.802
0.8664
0.6469
0.5065
0.6041
0.9179
0.8235
0.9085
0.8791
0.6394
0.7549
0.664
0.8466
0.7121
0.654
0.6053
0.9063
0.86
0.469
0.7231
0.7878
0.3115
0.9656
0.9196
0.8099
0.6131
0.3919
0.8571
0.6283
0.5671
0.43
0.7837
0.7862
0.7021
0.7824
0.9614
0.8319
0.4988
0.8038
0.8928
0.7873
0.7229
0.7812
0.9002
0.8652
0.5265
0.8039
0.3302
0.5202
0.8131
0.8404
1.0
0.3951
0.9844
0.448
0.633
0.7731
0.9439
0.4741
0.5063
0.9505
0.4833
0.5864
0.4672
0.5995
0.4298
0.5261
0.4026
0.454
0.2297
0.6844
0.7954
0.837
0.8626
0.8164
0.673
0.8916
0.7353
0.7014
0.8645
0.3966
0.8302
0.879
0.7645
0.3214
0.9455
0.781
0.7737
0.4514
0.5651
0.6152
0.8303
0.4933
0.8608
0.8505
0.7488
0.7292
0.7179
0.8537
0.8844
0.8246
0.7073
0.6967
0.6782
0.9561
0.9163
0.3114
0.6332
0.6678
0.874
0.8171
0.7322
0.918
0.9761
0.9204
0.2498
0.917
0.8497
0.5207
0.5305
0.8349
0.6852
1.0
0.491
0.8563
0.6229
0.3794
0.8394
0.886
0.8243
0.8017
0.7751
0.8762
0.7571
0.6937
0.9607
0.7066
0.4652
0.8578
0.4918
0.8444
0.8796
0.4183
0.6485
0.6078
0.9673
0.6701
0.8623
0.9225
0.6585
0.9165
0.2907
0.8119
0.8887
0.8611
0.5769
0.1051
0.6321
0.7461
0.7786
0.6596
0.2346
0.1366
0.6241
0.6985
0.56
0.8733
0.582
0.5718
0.4827
0.8456
0.4005
0.8595
0.8747
0.8077
0.8993
0.8165
0.791
0.6402
0.6789
0.7556
0.6785
0.7922
0.7955
0.969
0.9666
0.7193
0.6941
0.9069
0.8532
0.8621
0.8194
0.7585
0.8474
0.8874
0.8013
0.521
0.7832
0.6705
0.8357
1.0
-0.06184
0.9428
0.8668
0.2021
0.7541
0.8452
0.3239
0.7887
0.7715
0.6101
0.8041
0.972
0.8371
0.3238
0.9386
0.8904
0.9582
0.8879
0.6991
0.4152
0.7336
0.7373
0.8263
1.0
0.657
0.6193
0.9825
0.8201
0.809
0.48
0.8443
0.4138
0.5164
0.6605
0.2817
0.7552
0.7465
0.766
-0.06434
0.7085
0.7456
0.6372
0.7211
0.742
0.8916
0.7233
1.0
0.7836
0.7523
0.9271
0.7833
0.4282
0.53
0.742
0.7988
0.875
0.7011
0.6424
0.8609
0.9477
0.8412
0.5896
0.9174
0.7494
0.7783
0.7764
0.9519
0.1438
0.5983
0.6093
0.7171
0.8858
0.08928
0.6588
0.8733
0.8573
0.7719
0.865
0.9115
0.3858
0.6709
0.2381
0.7665
0.8645
0.6565
0.7636
0.8122
0.8782
0.8593
0.8979
0.6996
0.08167
0.3685
0.8555
0.9014
0.9583
0.7405
0.9011
0.8547
0.7625
0.877
0.5349
0.1425
0.8863
0.5651
0.5675
0.8553
0.8484
0.7972
0.676
0.8351
0.7146
1.0
0.2683
0.7321
0.9153
0.7049
0.6865
0.405
0.8598
0.9558
0.8132
0.8898
0.7852
0.6571
0.9519
0.8734
0.7206
0.5244
0.8006
0.7445
0.9221
0.6815
0.8046
0.8065
0.7501
0.8755
0.2985
0.3913
0.3251
0.3414
0.3642
0.471
0.1721
0.3857
0.9572
0.763
0.6494
0.599
0.8663
0.5905
0.6202
0.8535
0.8348
0.6034
0.9253
0.7274
0.9015
0.8459
0.7834
0.7938
0.6413
0.9093
0.8897
0.6623
0.7014
0.7211
0.7915
0.5179
0.5069
0.9566
0.7327
0.4848
0.823
0.7936
0.5844
0.6797
0.5802
0.7373
0.7248
0.8036
0.5531
0.7269
0.8153
0.8823
0.9398
0.843
0.5168
0.3373
0.7816
0.572
0.9551
0.8463
0.7843
0.7715
0.8504
0.6171
0.8656
0.8887
0.8719
0.8329
1.0
0.4244
0.9397
0.7873
0.7911
0.4496
0.9046
0.9173
0.7194
0.8233
0.7207
0.7682
0.723
0.651
0.9835
0.7288
0.9276
0.7368
0.569
0.9492
0.7987
0.8159
0.6797
0.6479
0.7243
0.5374
0.4351
0.8598
0.7688
1.0
0.5911
0.9297
0.6931
0.6402
0.4966
0.896
0.7153
0.5424
0.8538
0.9124
0.6598
0.8342
0.5859
0.6881
0.8043
0.7815
0.5612
0.5489
0.7011
0.8322
0.8118
0.7028
0.09614
0.6485
0.2235
0.8856
0.8782
0.6717
0.3823
0.9104
0.9191
0.7478
0.5223
0.8436
0.2836
0.812
0.6727
0.7916
0.9108
0.2302
0.7993
0.6673
0.9158
0.8505
0.7728
0.9287
0.1406
0.5868
0.6388
0.736
0.8423
0.791
0.8785
0.9663
0.6566
0.9411
0.8565
0.8349
0.9784
0.4848
0.8269
0.6685
0.7168
0.6186
0.7916
0.4849
0.8931
0.6022
0.933
0.5891
0.7566
0.6048
0.748
0.2454
1.0
0.8529
0.8669
0.9562
0.8989
0.754
0.8915
0.6302
0.6961
0.8565
0.4675
0.9709
0.8572
0.6684
0.7277
0.5569
0.7061
0.8342
0.8081
0.7383
0.4621
0.6378
0.8783
0.5604
0.4841
0.7983
0.8611
0.7229
0.7479
0.679
0.2785
0.9223
0.8244
0.359
0.8713
0.4436
0.7913
0.509
0.8276
0.6049
0.01793
0.9622
0.9218
1.0
0.9416
0.7119
0.2574
0.7864
0.8177
0.8489
0.7787
0.8717
0.09967
0.7378
0.6228
0.3847
0.8111
0.704
0.5652
0.8374
0.816
0.238
0.5057
0.7565
0.8106
0.6159
0.7406
0.8183
0.8043
0.6626
0.9228
0.6333
0.888
0.7227
0.8287
0.8642
0.5648
1.0
0.8122
0.6574
0.5328
0.7696
0.6099
0.9721
0.6636
0.3934
0.604
0.4388
0.9336
0.2113
0.5724
0.2747
0.7793
0.7106
0.4379
0.7136
0.9115
0.8236
1.0
0.794
0.5783
0.8251
0.8161
0.9207
0.732
0.815
0.6476
0.8131
0.9277
0.8544
0.7681
0.5785
0.8375
0.6069
0.7996
0.7737
0.6672
0.8255
0.6247
0.71
0.499
0.8364
0.8031
0.7567
0.3088
0.8142
0.7406
0.8504
0.9014
0.9112
0.8926
0.9615
0.89
0.9082
0.7651
0.8726
0.8661
0.619
0.5951
0.8774
0.6353
0.6563
0.6942
0.7237
0.8169
0.6581
0.8513
0.913
0.856
0.899
0.7597
0.7523
1.0
0.8677
0.7057
0.7449
0.8689
0.7076
0.7326
0.5495
0.742
0.3729
0.4763
0.7832
0.6991
0.8978
0.6356
0.5173
0.8286
0.9104
0.8055
0.7953
0.8967
0.7415
0.686
0.2088
0.721
0.9634
0.7172
0.8407
0.3824
0.9248
0.8247
0.9273
0.7011
0.5563
0.7459
0.6068
0.9681
0.7911
0.6481
0.722
0.5169
0.8598
0.7624
0.8933
0.9087
0.38
0.5639
0.6845
0.4038
0.9467
0.8531
0.9001
0.7622
0.8797
0.3725
0.6694
0.9586
0.6932
0.8687
0.7494
0.68
0.5805
0.7898
0.4454
0.9216
0.674
0.815
0.8075
0.7694
0.8278
0.7405
1.0
0.9446
0.9911
0.9142
1.0
0.7515
0.7036
0.8749
0.8755
0.9681
0.8047
0.8793
0.4544
0.5855
0.5067
0.6177
0.9489
0.8251
0.855
0.713
0.7772
0.6166
0.7806
0.7869
0.7248
0.5543
1.0
0.6284
0.8533
0.4401
0.5034
0.41
0.7353
0.8704
0.8599
0.9143
0.8402
0.7795
0.7875
0.9546
0.8504
0.6561
0.6465
0.6331
0.8005
0.8716
0.942
0.9582
0.6222
0.5379
0.9586
0.7872
0.8978
0.7488
0.3456
0.7001
0.8122
0.877
0.6654
0.8736
0.8809
0.666
0.8611
0.2236
0.859
0.7165
0.859
0.7596
0.6508
0.7626
0.894
0.5578
0.819
0.6391
0.8422
0.5229
0.8496
0.7728
0.9358
0.7953
0.7646
0.5951
0.8986
0.65
0.6968
0.7251
0.7783
0.3095
0.6203
0.9045
0.7533
0.6714
0.8743
0.9207
0.6591
0.8248
0.7525
0.9504
0.411
0.644
0.712
0.8162
0.3654
0.5693
0.836
0.4955
0.6197
1.0
0.6902
0.6775
0.7722
0.06769
0.7398
0.979
0.6791
0.9535
0.6528
0.3537
0.9507
0.9788
0.5872
0.9157
0.1034
0.9576
0.8927
0.9129
0.8513
0.7748
0.6807
0.5193
0.8788
0.8165
0.3882
0.6533
0.9168
0.9287
0.6944
0.865
0.6031
0.7407
0.5329
0.8357
0.9706
0.8866
0.5832
0.09746
0.6084
0.8315
0.2208
0.6403
1.0
0.7145
0.7322
0.7028
0.1952
0.6116
0.8604
0.6507
0.9321
0.7279
0.5227
0.8106
0.7527
0.8652
0.8652
0.6532
0.8827
0.8291
0.6376
0.1745
0.7918
0.6019
0.8372
0.6168
0.4372
0.6272
0.788
0.8138
0.7612
0.9034
0.7801
0.6898
0.9238
0.7709
0.7447
0.8342
0.9048
0.8547
0.7307
0.8021
0.7488
0.878
0.7344
0.7094
0.9281
0.6068
0.6184
0.9335
0.7434
0.8472
0.6342
0.7979
1.0
0.7399
0.5528
0.8961
0.7714
0.5392
0.3862
0.8044
0.9531
0.736
0.6591
0.6684
0.1727
0.9634
0.7183
0.8179
0.6491
0.6392
0.7855
0.8017
0.854
0.523
0.9575
0.5281
0.6987
0.762
0.8008
0.5764
0.7629
0.7341
0.8122
0.8554
0.8787
0.9379
0.56
0.8793
0.5302
0.5629
0.1654
0.7853
0.9232
0.7441
0.9169
0.7995
0.7834
0.7562
0.8051
0.655
0.4921
0.6773
0.07954
0.6879
0.743
0.4212
0.8124
0.5727
0.8122
0.6997
-0.02002
0.5329
0.9354
0.7071
0.9229
0.9346
0.7583
0.8526
0.962
0.4087
0.8839
0.7498
0.5024
0.9035
0.7863
0.6687
0.8651
0.9484
0.696
0.9685
0.9434
0.7968
0.9112
0.6418
0.5675
0.7718
0.8694
0.6384
0.8121
0.777
0.7952
0.1943
0.4624
0.9188
0.743
0.6978
0.8745
0.6292
0.5241
0.6762
0.9225
1.0
0.9613
0.9963
0.8796
0.7892
0.898
0.6458
0.8679
0.03841
0.9153
0.7379
0.9293
0.8034
0.814
0.938
0.1894
0.7464
0.6114
0.7368
0.8167
0.3592
0.7734
0.5562
0.7753
0.8053
0.5285
0.8648
0.8512
0.3709
0.6357
0.7215
0.8899
0.3831
0.9576
0.7997
0.5706
0.8292
0.7697
0.8109
0.6254
0.1813
0.9273
0.8546
0.9096
0.8046
0.955
0.6824
0.925
0.9069
0.7091
0.8581
0.9111
0.6126
0.9305
0.9559
0.8241
0.8447
0.3469
0.7691
0.8077
0.728
0.5634
0.7295
0.854
0.5463
0.4823
0.3673
0.9581
0.6939
0.7682
0.4624
0.6749
0.5321
0.818
0.5877
1.0
0.8274
0.9512
0.776
0.8568
0.9374
0.6855
0.6863
0.7482
0.4516
0.9039
0.8176
0.6818
0.8404
0.6882
0.566
0.6743
0.9735
0.8951
0.9313
0.6774
0.8836
0.6404
0.5554
0.4288
0.67
0.9048
0.9659
0.5647
0.8074
0.9295
0.3785
0.9731
0.003563
0.6567
0.8354
0.7884
0.6267
0.7706
0.9333
0.6941
0.4987
0.8783
0.5143
0.9364
0.879
0.9404
0.8453
0.5906
0.3697
0.6991
0.1809
0.8257
0.9349
0.7799
0.695
0.9166
0.3234
0.6245
0.9306
0.9521
0.8448
0.6387
0.6639
0.1622
0.0811
0.8989
0.9089
0.581
0.8245
1.0
0.7733
0.5628
0.6959
0.879
0.745
0.9324
0.7885
0.7544
0.8475
0.8803
0.8684
0.4448
1.0
0.661
0.4783
0.3957
0.7807
0.8522
0.4618
0.8693
0.8803
0.5385
0.9422
0.7056
0.636
0.7252
0.9322
0.452
0.8224
0.7892
0.6867
0.9133
0.9654
0.6333
0.8566
1.0
0.04916
0.3298
0.9041
0.3166
0.7862
0.8457
0.5693
0.2464
0.6221
0.8642
0.8972
0.9464
0.7109
0.9597
0.3316
0.7505
0.9702
0.5959
1.0
0.6857
0.229
0.4766
0.6059
0.8047
0.663
0.7021
0.4862
1.0
0.7323
0.7959
0.7701
0.9059
0.5155
0.8154
0.5015
0.4869
0.5377
0.6685
0.9364
0.9033
0.6296
0.8555
1.0
0.7396
0.7792
0.7937
0.8373
0.7401
0.709
0.7532
0.3888
0.1405
0.7911
0.9304
0.3136
0.1637
0.9227
0.2843
0.5778
1.0
0.7425
0.8692
0.8385
0.6869
0.4069
0.9552
0.7119
0.9136
0.8477
0.9267
0.3541
0.8737
0.4113
0.9544
0.8613
0.1804
0.6731
0.6902
0.721
0.7292
0.5047
0.6274
0.7802
0.5849
0.928
0.6647
0.9297
0.6438
0.9455
0.6184
0.5566
0.9729
0.7432
0.9772
0.7582
0.7189
0.742
0.5729
0.9166
0.9148
0.4573
0.5229
0.6266
0.7082
0.8682
0.5568
0.8371
0.9458
0.6087
0.7698
0.9235
0.03408
0.9563
0.5404
0.9979
0.9589
0.859
0.5887
0.8026
0.7421
0.7472
0.5392
0.2243
0.654
0.7786
0.8893
0.8731
1.0
0.9755
0.6364
0.7463
0.7125
0.7773
0.8678
0.8809
0.966
0.9609
0.9073
0.9107
0.4055
0.7117
0.3769
0.3807
0.2286
0.6957
0.04956
0.3228
0.889
0.6999
0.5456
0.1654
0.8781
0.5303
0.3804
0.7407
0.7039
0.9603
0.7401
0.5946
0.8139
0.8753
0.6793
0.863
0.3672
0.6374
0.2261
0.5815
0.7291
0.7651
0.378
0.856
0.5481
0.1304
0.8137
0.6025
0.8149
0.6122
0.7894
0.8025
0.8045
0.7554
0.8583
0.8759
0.9487
0.3136
0.7758
0.9107
0.7494
0.8369
0.4305
0.7424
0.5195
0.5997
0.7351
0.9349
0.9492
0.8473
0.2852
0.8737
0.918
0.2468
0.6267
0.4808
0.7535
0.9473
0.2284
0.1485
0.8034
0.1437
0.1886
0.7882
0.668
0.5987
0.8304
0.9108
0.518
0.9173
0.8082
0.987
0.4429
0.703
0.6322
0.9654
0.707
0.8993
0.4964
0.851
0.4727
1.0
0.2818
0.7766
0.608
1.0
0.5531
0.6629
0.7894
0.9289
0.88
0.7717
0.7249
0.3424
0.8541
0.8531
0.6654
0.3122
0.8075
0.7391
0.6445
0.2178
0.5372
0.511
0.7539
0.4359
0.7304
0.774
0.8321
0.8584
0.5896
0.8128
0.2545
0.8183
0.9552
0.7793
0.7551
0.1051
0.6336
0.815
0.575
0.8477
0.8152
0.3467
0.2931
0.881
0.5087
0.8971
0.7294
0.8924
0.749
0.6646
0.7393
0.4117
0.3054
0.8828
0.02346
0.8093
0.8971
0.6239
0.4504
0.06021
0.7522
0.9976
0.8621
0.7922
0.827
0.9819
0.9456
0.8449
0.772
0.7511
0.951
0.8879
0.738
0.591
0.8761
0.5234
0.3789
0.8326
0.8708
0.9701
0.6216
0.606
0.7865
0.8387
0.9285
0.4695
0.769
0.7168
0.9156
0.7901
0.6516
0.5545
0.2348
0.6537
0.4725
0.8886
0.8877
0.8273
0.3805
0.6859
0.5669
0.4626
0.6144
0.5714
0.4974
0.9294
0.468
0.3306
0.7879
0.655
0.8153
0.53
0.5441
0.8874
0.9205
0.9186
0.9053
0.1686
0.7614
0.6137
0.08274
0.4789
1.0
0.8996
0.7418
0.7901
0.8626
0.7001
0.1777
0.8905
0.9591
0.8274
0.3452
0.6758
0.8569
0.1273
0.6906
0.5939
-0.01124
0.9976
0.3153
0.7447
0.6749
0.6548
0.8658
0.9287
0.4079
0.6087
0.6507
0.5303
0.9603
0.8432
0.7019
0.2166
1.0
0.9558
0.5397
0.8004
0.7106
0.9162
0.9291
0.1466
0.8182
0.7216
0.8212
0.8891
0.7322
0.6037
0.6208
0.7678
0.7528
0.9813
0.9541
0.9349
0.5409
0.5276
0.7106
0.7775
0.8121
0.957
0.5826
0.8687
0.7801
0.7993
0.9152
0.8582
0.6711
0.4878
0.6491
0.1787
0.8454
0.8816
0.5239
0.3126
0.4334
0.1179
0.8892
0.5435
0.8177
0.7601
0.994
0.9214
0.2761
0.6501
0.805
0.4271
0.8189
0.8216
0.9675
0.5495
1.0
0.8724
0.3804
0.636
0.8845
0.608
1.0
0.6982
0.8008
0.5583
0.1273
0.5625
0.8827
0.6759
0.268
0.4938
0.5339
0.7427
0.907
0.8779
0.8716
0.9003
0.633
0.8346
0.5427
0.8349
0.6969
0.2246
0.5999
0.6596
0.2059
0.8442
0.845
0.951
0.6854
0.8345
0.7905
0.4741
0.2519
0.6256
0.2186
0.5552
0.8997
0.7815
0.7843
0.9656
0.7785
0.5703
0.9544
0.7676
0.9663
0.3111
0.8963
0.6289
0.6849
1.0
0.7529
0.8294
0.7024
0.5634
0.8459
0.9449
0.8777
0.8509
0.4898
0.8615
0.8408
0.8877
0.5056
0.5668
0.9129
0.9063
0.3156
0.2831
0.8017
0.8039
0.545
0.3334
0.9548
0.9045
0.7461
0.8908
0.3149
0.5411
0.7258
0.7865
0.3892
0.5795
0.5747
0.2466
0.4627
0.6265
0.4417
0.8384
0.4904
0.7508
0.9251
0.5458
0.9254
0.3703
0.8187
0.734
0.7548
1.0
0.9605
0.5123
0.8177
0.9057
0.6241
0.8165
0.5467
0.7835
0.06511
0.661
0.9181
0.8607
0.796
0.621
0.4285
0.915
0.498
1.0
0.8192
1.0
0.9893
0.3234
0.4224
0.1037
0.8354
0.846
0.9566
0.6405
0.9509
0.94
0.7582
0.7219
0.8347
0.918
0.6089
0.7596
0.4858
0.7297
0.5303
0.8727
0.1904
0.8097
0.396
0.5625
0.6352
0.8332
0.4833
0.8931
0.8425
0.06615
0.722
0.9511
1.0
0.9347
0.9683
0.9306
1.0
0.915
0.8993
1.0
0.8836
0.8289
0.7759
0.9808
0.9293
1.0
0.9821
0.889
0.91
0.9207
0.8506
0.8234
0.9544
0.9108
0.6982
0.8663
0.873
0.8254
0.8422
0.8386
0.9357
0.8869
0.951
0.816
0.9361
0.9173
0.7344
0.9003
0.8944
0.8283
0.7437
0.8336
0.7085
0.7331
0.9027
0.8501
0.8728
0.9253
0.8893
0.8148
0.7334
0.7654
0.6583
0.873
0.8401
0.7181
0.8731
0.6416
0.6253
0.9704
0.8955
0.8461
0.7071
0.6406
0.5532
0.7473
0.6495
0.6312
0.689
0.5976
0.5287
0.4633
0.4846
0.6485
0.7629
0.6298
0.9003
0.6884
0.5695
0.3786
0.7164
0.7812
0.7251
0.7865
0.5729
0.6408
0.6476
0.6461
0.7131
0.599
0.5998
0.6376
0.575
0.7173
0.3051
0.8183
0.6813
0.6133
0.9535
0.9651
1.0
0.9818
0.8041
0.877
1.0
0.8334
0.856
0.7619
1.0
0.9324
0.8797
0.8041
0.9524
0.9128
0.8694
0.9109
0.92
0.6718
0.7877
0.7452
0.7013
0.8977
0.7846
0.8278
0.8603
0.7121
0.6861
0.8375
0.8286
0.6337
0.8244
0.832
0.872
0.576
0.6265
0.7065
0.7692
0.4408
0.8067
0.7379
0.8575
0.7074
0.6727
0.8201
0.7744
0.337
0.6284
0.5875
0.5862
0.4785
0.58
0.7535
0.6072
0.7433
0.5895
0.8421
0.5148
0.5548
0.4651
0.6835
0.7317
0.6557
0.6309
0.7094
0.3959
0.3813
0.6037
0.4854
0.5453
0.3019
0.2666
0.2016
0.3186
0.4653
0.4346
0.4365
0.556
0.1299
0.4291
0.7176
0.5391
0.6507
0.08224
0.5495
0.2589
0.4798
0.316
0.4108
0.4465
0.5555
0.5839
0.4829
0.6433
0.09725
0.3871
0.2731
0.2276
0.03551
