15.17
9.076
10.12
0.0
13.89
0.0
48.85
14.16
8.821
8.892
21.31
4.63
13.87
9.614
22.89
8.194
0.0
37.47
7.919
0.0
10.53
12.45
12.28
17.39
15.75
11.46
0.0
17.66
6.324
8.673
6.891
0.0
12.34
19.94
14.85
9.303
11.04
14.58
13.19
15.72
18.29
13.09
20.53
15.3
8.855
13.63
21.23
19.7
11.77
10.21
10.21
16.01
13.77
20.1
13.19
13.24
14.1
16.19
14.45
9.56
21.83
12.48
7.232
18.04
18.04
13.15
15.87
11.31
29.39
9.518
10.36
25.67
20.21
17.07
15.13
15.67
12.76
18.07
10.26
17.91
8.432
12.35
8.928
22.14
12.3
14.56
17.77
15.57
16.41
22.09
13.88
9.518
12.31
43.01
35.47
43.66
11.0
17.93
19.86
17.71
18.32
16.6
5.765
19.51
11.0
20.26
9.154
14.99
10.65
19.86
8.915
7.349
21.12
20.26
8.91
7.587
13.71
23.52
32.11
17.0
37.18
16.3
16.3
33.01
15.64
10.18
16.15
18.02
11.26
28.86
13.95
24.69
9.896
5.348
21.24
7.004
28.25
19.49
4.773
12.06
22.11
33.61
13.75
34.96
34.64
16.43
20.47
15.77
19.2
7.66
11.09
20.04
6.13
14.35
20.92
35.19
14.71
11.65
44.73
19.54
20.91
33.08
16.77
9.051
8.809
14.79
27.67
23.77
24.47
30.17
15.44
8.602
23.22
17.54
17.08
30.06
22.36
21.61
25.46
16.52
16.12
18.42
17.08
11.09
13.35
11.97
18.62
21.23
31.03
8.649
10.05
23.02
11.68
8.041
15.27
30.01
14.36
16.18
12.51
7.942
59.14
54.87
38.5
18.04
13.74
26.23
27.71
10.72
17.34
33.52
29.7
13.18
14.41
27.2
35.03
25.78
30.62
22.22
22.14
36.81
33.33
40.58
13.09
28.99
43.31
24.34
13.53
72.96
36.35
37.27
9.147
38.54
27.75
14.53
25.9
26.84
40.02
31.28
31.75
16.51
22.32
39.82
20.81
22.5
12.71
20.96
10.99
8.074
5.272
34.79
24.71
25.48
22.49
30.91
12.5
16.63
17.18
11.58
27.8
32.05
17.59
28.46
38.48
21.67
21.52
23.09
8.621
17.11
12.88
18.36
15.67
17.93
16.38
23.11
31.57
26.79
31.52
31.89
14.02
31.78
14.44
13.92
28.04
33.22
35.28
60.91
22.62
8.865
31.03
13.43
8.557
17.56
19.46
30.52
32.74
28.76
17.68
35.89
16.99
13.01
8.772
12.3
16.08
19.55
26.46
18.37
24.4
14.13
26.84
30.65
17.46
19.15
30.05
16.44
15.64
38.99
4.653
20.16
16.19
11.65
32.8
25.9
31.55
34.36
14.44
29.52
30.34
35.09
20.09
21.27
22.11
19.89
30.94
34.44
33.94
29.5
35.71
31.75
11.96
21.69
25.65
26.55
24.98
30.33
33.73
24.47
28.13
29.44
13.41
67.61
41.29
27.66
28.24
32.31
35.41
22.14
21.56
20.69
14.22
31.36
30.49
22.85
37.23
14.26
22.87
40.81
35.04
16.11
9.426
30.18
28.17
32.98
29.5
15.0
25.23
46.55
12.6
22.12
23.23
26.59
29.47
15.34
16.28
16.13
18.79
16.31
35.65
29.64
31.99
17.55
41.47
11.18
13.0
16.45
45.74
36.36
15.02
23.28
28.96
23.37
27.69
22.24
9.898
18.3
28.36
41.51
26.25
12.85
29.11
28.12
33.66
18.51
15.8
9.699
11.91
24.68
24.36
23.76
24.55
18.42
20.23
22.3
22.6
37.57
25.05
13.31
30.54
35.85
11.41
21.13
27.37
25.3
27.08
17.88
16.3
34.92
17.56
25.66
39.13
24.98
21.8
12.77
21.57
14.12
18.43
19.23
26.36
21.54
21.85
20.93
22.89
41.69
24.75
30.72
17.79
33.33
21.7
17.14
23.09
23.77
37.2
23.79
33.66
28.35
31.85
55.64
29.37
32.57
27.23
23.02
21.04
26.32
24.57
31.26
13.42
24.57
18.31
16.39
41.61
19.21
28.43
22.59
20.8
35.6
19.42
14.63
31.24
25.67
38.41
31.6
30.23
31.07
26.48
24.87
9.303
17.33
11.83
13.42
0.0
17.1
11.77
0.0
8.649
19.51
7.479
9.074
19.76
12.45
12.05
17.1
12.45
12.65
7.39
11.08
8.004
8.91
15.75
15.76
19.51
19.51
14.16
14.16
19.51
19.51
20.17
14.85
14.28
0.0
5.226
15.32
8.646
26.22
17.25
17.24
20.38
0.0
22.43
17.71
8.962
19.65
40.53
0.0
17.23
27.87
8.934
14.64
30.98
4.832
14.79
17.31
11.68
7.838
16.53
16.17
6.258
16.14
14.54
13.24
10.77
10.35
18.89
18.41
24.37
28.2
7.654
21.23
14.03
21.03
17.19
17.05
12.31
15.93
11.92
8.113
3.607
13.46
35.61
50.47
31.75
21.94
0.0
21.46
17.97
34.41
21.46
21.46
11.91
7.636
14.82
15.83
26.99
14.89
15.43
15.27
9.518
20.31
53.89
43.01
37.79
39.67
10.42
14.31
21.74
35.33
27.47
27.47
33.92
20.03
17.7
9.903
19.46
12.25
23.06
13.68
13.19
7.721
13.47
15.11
21.44
16.53
19.61
37.38
6.595
9.559
12.43
16.38
7.887
36.7
21.53
23.29
47.4
41.25
5.272
19.81
9.292
23.01
24.45
36.25
14.96
18.5
18.76
17.1
23.66
24.36
11.49
10.11
12.3
12.33
8.421
22.71
15.19
21.69
15.23
25.59
21.91
11.7
16.83
16.94
15.89
13.01
7.687
18.0
35.2
29.41
19.88
13.8
20.51
52.9
4.747
15.72
14.1
15.7
22.46
16.53
26.88
12.79
39.83
24.55
23.83
23.27
35.75
16.18
17.59
17.38
13.04
26.37
18.93
34.21
8.524
22.04
23.01
19.43
11.8
27.89
33.74
20.08
17.3
27.15
32.68
28.36
26.78
17.14
28.84
18.07
18.04
14.5
9.608
19.31
30.36
22.84
27.43
16.91
32.93
9.494
22.73
31.89
21.93
19.51
36.92
15.02
16.7
22.59
36.16
30.92
31.85
29.51
35.02
19.69
12.81
4.268
20.44
20.92
15.64
28.56
15.31
12.79
31.67
34.7
38.06
36.22
7.524
24.86
30.53
37.16
25.77
26.71
14.7
10.73
8.845
9.518
19.36
41.14
14.06
36.74
19.95
27.86
27.99
34.04
17.94
18.45
27.49
13.7
23.43
34.11
35.4
23.32
26.06
32.25
13.58
14.78
14.58
9.911
29.28
25.08
25.22
17.02
13.92
17.03
16.78
14.93
21.04
22.21
32.02
31.68
38.02
29.63
27.74
29.83
9.663
17.58
21.86
23.71
29.59
11.62
17.01
27.18
13.79
27.95
17.67
7.301
65.09
23.87
14.38
14.07
13.24
19.08
15.36
21.59
18.38
23.81
25.53
13.49
32.6
34.24
18.01
10.11
26.54
19.54
33.9
22.14
15.26
33.23
33.48
22.96
17.35
21.86
24.14
30.33
19.81
33.31
17.91
28.52
22.64
17.0
8.796
12.2
16.05
19.13
17.52
32.41
6.364
18.42
24.78
28.9
22.43
44.69
5.669
41.44
27.51
32.71
29.01
15.51
31.18
14.01
26.35
17.19
15.24
16.21
29.74
35.39
26.57
16.46
41.01
28.95
66.45
27.04
34.24
16.88
57.67
28.43
28.02
33.3
8.034
24.12
22.65
35.35
13.4
13.0
34.39
12.59
25.26
17.57
19.61
36.66
11.14
33.85
19.04
24.7
17.37
35.16
30.22
23.82
14.2
22.24
28.27
14.76
23.38
15.39
15.56
13.49
19.78
24.35
32.16
42.66
11.89
33.05
31.27
28.14
31.4
28.61
38.56
30.48
30.43
27.08
34.45
10.29
30.07
23.76
36.15
28.93
37.76
19.89
33.76
12.93
25.6
16.41
32.54
14.72
32.93
46.61
30.97
12.04
22.68
26.15
30.86
12.29
37.09
30.73
18.96
15.32
42.82
38.66
30.01
34.55
25.17
11.11
34.76
29.62
25.27
21.23
35.38
22.23
30.77
14.61
22.37
23.66
13.89
22.63
33.69
23.46
20.52
18.68
28.02
19.4
10.93
24.36
16.64
23.87
15.96
11.56
31.81
25.39
47.48
8.677
11.74
29.59
21.2
10.2
35.1
23.89
26.12
24.91
30.43
17.66
24.62
22.65
17.15
32.58
31.99
23.83
20.71
18.36
25.36
17.97
23.73
29.71
34.91
29.13
28.94
31.69
8.48
13.41
18.59
16.67
9.432
27.13
0.0
14.11
14.01
13.38
7.281
7.492
22.82
12.66
25.16
21.2
25.8
15.82
10.12
13.22
12.09
12.86
10.73
21.6
7.645
12.42
8.976
6.877
13.1
14.45
16.93
9.672
17.6
17.52
17.98
15.7
9.482
18.54
11.49
11.14
11.54
17.33
19.56
10.46
10.92
18.35
12.38
16.82
9.776
11.14
18.1
16.54
8.721
10.44
5.608
12.1
11.84
8.757
12.89
9.121
18.29
20.92
22.36
14.15
11.65
28.05
22.46
13.58
17.51
20.1
8.689
8.686
18.59
17.8
12.53
15.45
18.99
15.02
12.22
15.06
12.57
22.94
6.234
8.267
23.17
15.05
18.29
0.0
0.0
17.74
12.44
16.12
17.33
14.24
11.06
15.41
9.778
7.544
11.84
14.01
22.33
21.49
17.51
12.67
14.88
19.04
8.665
7.979
20.26
21.71
6.828
0.0
7.143
18.17
16.23
14.13
17.52
0.0
15.85
9.276
27.85
21.95
23.99
12.92
13.63
18.45
18.39
20.94
11.46
8.976
8.977
9.019
33.27
12.12
12.93
12.32
9.929
5.357
21.53
14.53
34.64
18.43
12.91
34.39
18.11
7.797
12.04
25.6
7.868
19.77
15.57
21.25
16.8
17.89
15.15
12.52
14.15
8.887
23.47
9.051
14.91
9.772
11.86
6.738
9.068
9.409
18.18
11.69
14.05
30.49
8.465
7.929
16.02
10.77
12.33
16.96
15.52
8.679
19.67
12.86
18.32
15.33
17.7
24.57
10.24
24.43
23.55
25.1
23.89
14.83
17.44
20.49
21.23
9.948
12.21
11.72
11.62
14.2
18.95
20.53
3.647
16.6
9.249
0.0
9.926
26.14
12.48
13.38
16.25
18.53
8.923
19.08
11.71
12.66
9.606
13.64
10.71
14.67
13.24
27.28
18.7
13.56
12.35
18.89
21.01
7.83
14.77
11.25
14.18
20.87
13.31
11.43
22.15
13.84
8.0
12.01
19.64
9.9
17.63
26.87
37.81
25.16
23.56
13.98
23.99
12.2
19.42
7.124
6.427
9.119
20.56
6.266
26.54
0.0
4.819
17.46
9.932
24.01
7.449
12.91
12.8
17.02
10.07
39.5
9.482
29.34
6.732
5.835
20.03
13.86
17.9
16.76
20.26
19.06
16.93
17.1
8.728
16.3
12.32
23.97
14.56
16.17
17.05
10.63
4.706
12.04
10.06
6.609
10.93
24.55
10.95
17.87
13.75
16.22
17.35
8.32
21.74
8.037
8.306
23.62
13.67
16.1
7.527
9.986
19.67
13.74
23.69
7.848
23.9
11.81
5.593
15.74
17.6
12.51
17.32
18.9
7.492
17.93
14.92
11.14
9.265
4.446
14.92
13.31
7.854
16.8
14.81
15.68
7.926
5.625
16.02
19.92
11.52
6.302
19.65
16.98
17.69
12.35
26.47
12.2
5.846
11.33
8.689
12.71
17.56
19.14
15.51
9.344
18.74
28.49
11.54
69.13
7.71
30.46
5.625
13.34
9.348
14.7
7.901
10.73
16.75
4.976
8.906
17.76
14.36
9.787
6.58
11.63
12.67
17.76
5.146
4.963
22.54
12.0
13.29
5.889
11.74
25.01
15.38
20.0
18.11
18.87
26.63
7.736
12.24
20.14
13.16
11.3
13.43
10.78
11.9
6.358
12.12
14.74
6.214
6.568
19.97
17.65
7.547
9.436
18.11
12.19
6.215
8.344
13.2
5.845
8.116
5.61
12.34
10.97
14.96
9.034
12.47
18.04
19.54
10.53
15.76
4.36
9.596
16.37
4.785
14.61
27.54
10.88
17.2
10.25
13.66
14.94
7.506
5.298
23.42
15.69
22.99
7.415
15.13
8.546
9.397
9.456
3.455
10.86
10.88
11.14
12.08
24.02
77.88
13.08
18.02
30.79
8.132
8.348
3.78
8.555
21.26
7.47
17.55
18.71
13.88
7.099
7.442
17.07
13.97
13.04
17.25
11.6
6.557
18.67
5.799
14.6
13.15
7.648
17.3
13.68
7.452
9.439
19.16
17.8
11.17
20.52
11.84
16.22
16.03
20.34
12.34
17.69
20.24
24.45
10.16
12.44
13.05
4.907
9.469
10.2
0.0
22.71
13.21
13.89
11.22
10.62
30.65
10.13
5.532
11.52
19.79
4.817
16.58
13.7
10.05
14.41
17.48
5.181
15.15
10.76
6.812
16.7
31.37
20.06
9.364
8.208
15.69
13.52
13.96
14.34
23.98
12.65
0.0
8.582
9.539
6.809
5.366
15.56
8.481
8.388
15.37
18.3
13.56
14.21
20.4
7.97
0.0
20.62
6.75
22.74
12.48
10.28
15.09
8.164
15.94
7.0
32.7
15.02
8.189
6.951
21.8
17.74
13.16
7.087
21.81
9.629
12.68
17.75
11.37
11.91
9.292
5.94
17.18
16.15
9.665
10.86
20.85
20.48
7.486
10.05
13.75
13.63
9.75
18.09
10.95
0.0
37.3
17.46
19.18
27.57
8.189e-07
21.76
14.82
5.032
4.031
15.75
13.71
10.51
11.78
10.87
29.84
8.667
14.18
12.61
25.98
10.55
13.44
17.6
7.233
25.14
16.82
20.06
13.59
10.35
10.92
11.85
0.0
20.24
11.57
13.32
7.429
5.014
3.524
21.78
18.46
14.57
20.85
13.28
11.45
19.45
14.07
11.5
12.15
22.57
10.95
12.93
13.4
12.86
17.08
9.637
33.11
6.483
20.23
6.383
20.91
17.3
9.48
10.64
24.01
11.16
10.9
9.12
14.14
7.108
15.77
11.46
17.13
8.152
12.75
20.41
13.07
14.71
11.56
5.132
13.97
17.85
8.006
14.76
11.63
16.67
17.52
20.36
22.05
9.676
7.038
15.28
12.87
10.8
16.37
8.758
9.381
18.43
21.13
5.138
20.68
13.98
9.003
20.85
5.899
10.06
5.298
6.13
10.62
20.14
7.144
19.93
10.45
15.81
11.89
9.053
24.13
21.0
19.01
11.63
8.344
19.65
19.65
54.64
18.92
18.46
9.516
5.508
14.24
8.25
17.2
9.154
27.21
13.84
0.0
12.0
41.57
14.71
12.24
8.667
15.4
18.34
23.21
15.18
16.53
7.403
21.81
14.11
16.05
13.45
10.14
8.095
5.445
23.78
19.34
13.5
0.0
14.34
11.68
9.029
11.19
14.96
9.939
13.53
11.48
18.15
10.66
12.51
11.46
27.12
11.0
0.0
9.641
10.04
14.29
13.09
14.96
13.64
13.5
13.27
9.785
21.2
13.59
24.93
16.24
12.21
13.57
11.87
18.03
16.44
17.72
14.01
9.423
15.48
24.2
8.515
9.318
13.4
0.0
12.37
14.54
13.82
10.25
42.88
17.4
6.813
15.93
11.31
11.18
11.31
17.92
17.97
4.629
8.104
17.31
13.37
12.98
19.25
12.56
10.67
12.27
20.21
3.187
27.07
15.77
12.08
12.83
13.8
11.57
16.02
24.11
16.02
18.25
11.74
10.53
16.86
11.85
14.02
18.22
5.185
17.03
13.44
7.319
12.76
14.78
19.61
9.916
16.78
9.41
21.66
5.463
9.635
16.8
5.004
19.73
7.561
8.039
2.992
10.36
11.79
15.9
19.46
6.339
12.88
25.78
8.407
15.33
12.32
12.54
11.98
2.037
22.23
18.87
26.16
13.6
14.95
11.51
11.4
11.08
22.89
22.2
24.82
12.55
21.24
11.22
14.53
15.44
4.576
18.78
7.988
10.02
17.36
18.21
12.88
7.501
11.34
11.46
15.57
12.19
5.232
15.77
8.892
14.1
21.38
16.5
16.56
0.0
18.07
11.86
15.81
19.83
5.509
26.23
16.8
12.25
10.06
19.84
7.531
14.43
13.74
15.24
10.74
16.02
5.161
9.616
5.261
28.78
12.21
17.7
14.64
11.0
11.85
12.37
14.45
10.99
17.74
15.69
6.068
11.96
11.46
10.84
5.275
18.82
14.2
10.67
23.18
25.65
14.75
9.512
11.8
6.837
12.46
15.1
30.4
19.68
12.33
13.36
17.33
6.152
19.75
4.262
10.35
13.53
22.11
12.45
18.3
3.094
14.42
22.36
23.7
16.93
18.46
34.05
15.31
10.69
11.57
14.39
9.217
5.645
15.85
19.84
24.38
14.35
14.97
23.92
21.04
6.561
14.89
10.41
10.28
13.69
16.21
15.97
5.501
10.44
5.925
28.2
22.41
9.54
15.61
16.95
63.41
5.566
8.854
6.672
11.07
10.1
21.71
17.36
17.15
22.71
20.21
23.62
14.4
8.542
25.13
14.96
16.93
12.62
17.55
10.19
12.21
16.66
9.242
12.66
17.08
21.79
18.02
9.257
16.44
0.0
nan
29.16
0.0
33.08
16.43
0.0
17.09
21.86
54.65
26.45
43.46
13.41
20.78
11.4
8.005
0.0
29.94
8.943
32.94
21.53
12.78
0.0
24.91
33.75
0.0
47.67
9.276
7.145
15.27
0.0
24.69
103.2
11.39
0.0
18.29
32.27
21.23
23.03
21.13
13.41
9.155
28.24
15.71
67.79
13.66
0.0
13.32
29.26
0.0
20.57
0.0
35.08
21.34
0.0
0.0
13.49
11.04
6.752
14.79
18.79
17.47
34.97
9.338
0.0
18.65
13.53
5.31
19.76
0.0
20.37
29.27
0.0
42.27
22.75
0.0
12.83
12.37
23.74
41.76
0.0
11.26
68.06
0.0
15.26
16.71
0.0
12.06
63.83
19.2
8.397
13.05
30.64
8.126
14.33
10.58
28.1
24.21
66.18
0.0
13.42
17.97
15.56
0.0
21.36
21.13
0.0
34.39
16.29
5.269
10.69
9.871
0.0
36.53
0.0
0.0
39.76
33.39
49.51
17.29
39.2
6.114
10.23
72.65
9.949
14.96
16.16
15.62
19.87
0.0
27.36
26.36
9.926
41.74
21.72
14.98
23.38
61.54
7.044
8.068
11.26
12.94
17.14
29.16
6.72
8.691
0.0
50.77
22.78
28.39
0.0
27.18
20.54
13.57
31.58
0.0
4.227
19.21
51.34
13.7
11.17
12.22
14.37
0.0
23.33
12.57
20.2
18.27
0.0
8.603
0.0
38.22
21.19
14.7
0.0
17.0
17.26
nan
12.8
0.0
0.0
29.25
25.57
33.2
0.0
0.0
13.37
38.41
0.0
18.1
12.06
0.0
28.68
9.878
0.0
10.34
27.65
0.0
18.02
29.63
0.0
0.0
28.24
8.433
0.0
20.15
14.08
19.9
32.22
50.77
30.27
0.0
5.632
33.75
32.1
26.47
12.47
10.32
0.0
21.27
15.44
0.0
26.88
0.0
0.0
18.66
11.64
13.52
45.67
33.14
9.63
0.0
19.76
49.32
34.67
12.54
7.42
21.36
18.21
3.334
11.34
20.09
33.75
12.32
0.0
22.18
0.0
18.49
0.0
0.0
28.66
48.02
0.0
17.06
40.92
0.0
19.14
5.326
38.19
7.552
0.0
12.41
50.77
63.83
8.214
27.57
25.56
0.0
0.0
0.0
11.64
16.45
10.87
15.08
0.0
18.95
0.0
0.0
25.49
8.126
0.0
60.6
20.18
4.569
5.473e-07
14.57
6.114
30.62
23.13
12.41
13.77
9.805
17.68
25.22
53.26
32.1
24.93
0.0
0.0
20.07
48.02
9.451
14.09
0.0
0.0
20.44
10.41
0.0
56.7
53.26
28.13
51.2
26.03
25.45
0.0
11.56
39.76
17.88
20.89
14.5
0.0
10.8
11.68
8.934
58.42
14.6
0.0
14.09
0.0
12.67
9.34
30.22
nan
12.94
0.0
9.462
73.12
0.0
0.0
40.06
11.4
0.0
18.28
15.23
0.0
14.79
0.0
21.53
10.26
43.16
0.0
16.66
10.32
6.204
56.89
32.22
7.61
20.42
19.68
10.35
54.78
20.99
40.56
13.79
21.22
8.776
21.76
21.55
27.57
12.4
22.92
12.41
36.37
0.0
13.7
13.78
0.0
0.0
31.9
24.23
15.46
9.43
0.0
19.22
14.09
10.32
5.209
29.25
23.93
13.57
64.18
0.0
13.7
15.33
25.47
33.52
54.66
11.96
19.04
7.961
0.0
32.74
7.189
5.936
16.03
18.82
0.0
10.54
0.0
13.92
13.42
32.18
0.0
37.16
0.0
6.114
47.19
13.07
19.69
0.0
26.62
29.26
8.589
26.29
16.82
7.462
4.159
3.028
10.55
11.02
57.94
4.602
6.365
7.594
10.92
14.36
5.617
5.007
4.07
16.76
13.1
10.86
20.39
3.383
8.011
26.87
4.023
8.331
3.648e-07
9.263
5.086
9.999
4.583
7.942
7.386
7.539
9.88
32.24
8.717
14.54
8.154
18.91
7.757
6.411
23.33
19.27
3.818
11.89
8.52
6.671
13.73
19.63
5.038
9.757
3.02
2.14
2.552
24.44
9.456
6.322
5.772
5.144
11.32
5.424
5.782
3.553
25.43
16.21
6.142
3.414
18.07
15.69
19.55
20.73
2.336
6.2
10.34
9.591
3.589
5.244
1.755
15.79
13.01
7.588
11.43
6.296
10.01
7.465
11.0
13.04
5.476
8.829
16.84
7.96
9.507
8.858
4.745
4.751
5.06
8.143
3.986
11.09
6.293
5.852
18.74
51.89
8.24
5.46
22.89
7.476
19.49
8.183
5.663
12.72
12.51
4.61
14.69
7.514
8.011
13.0
3.476
12.05
10.61
6.701
6.845
7.259
8.888
11.37
13.24
8.643
14.72
5.67
10.32
25.03
15.07
3.251
7.512
22.67
21.64
2.082
10.43
5.788
9.523
3.392
7.113
16.73
6.168
14.81
5.153
11.66
3.828
11.88
10.34
11.21
6.411
10.73
4.868
24.15
5.78
27.13
6.456
6.649
14.05
8.973
8.537
4.244
22.04
12.27
6.58
5.488
4.086
16.71
18.61
1.888
6.001
9.67
8.36
5.511
7.605
5.287
14.65
6.42
11.57
14.9
3.835
4.798
25.54
10.18
6.661
2.106
4.938
6.647
11.08
8.152
15.35
18.24
6.002
13.6
6.485
12.63
1.81
10.57
8.346
8.496
11.37
8.544
16.27
2.386
20.41
12.23
7.346
12.0
71.35
5.691
18.91
5.49
21.86
12.49
6.191e-07
4.604
14.2
22.55
11.72
6.084
6.956
7.303
21.47
15.15
9.298
3.414
26.11
19.38
7.118
24.0
10.79
9.974
4.669
10.35
30.26
7.571
10.7
5.672
18.09
9.704
12.94
8.395
11.95
13.25
15.19
6.042
3.684
18.02
9.042
6.239
6.519
16.75
5.2
9.334
63.03
23.75
6.959
7.164
21.84
21.08
17.62
26.48
11.84
10.79
5.643
18.95
13.86
26.66
7.932
10.69
9.26
7.231
9.905
8.292
12.73
23.62
6.98
8.476
8.4
6.055
8.087
13.06
10.98
30.88
19.48
5.606
11.77
20.91
3.334
6.75
14.03
6.382
16.64
10.46
9.909
7.275
10.04
3.28
11.26
11.33
11.43
12.9
20.19
2.828
5.814
9.496
7.433
12.04
6.336
12.54
30.54
4.889
6.823
4.164
6.555e-07
18.2
27.28
14.36
4.524
16.56
5.519
11.36
6.217
7.857
7.453
7.771
9.188
7.749
12.02
36.03
10.7
6.736
3.456
5.814
4.482
10.52
15.32
3.619
11.38
13.59
10.87
6.698
3.57
7.452
8.359
9.053
11.79
6.641
12.72
8.467
8.671
3.912
3.943
2.715
11.73
12.95
12.87
3.623
4.431
32.0
6.993
3.332
13.97
13.16
3.942
16.88
8.418
14.24
12.76
15.13
8.792
12.32
6.869
27.55
2.387
8.361
7.114
4.874
6.698
0.0
37.32
9.061
18.59
10.99
4.436
10.91
7.338
17.43
21.11
8.428
4.133
29.41
5.39
11.99
4.83
8.349
5.743
11.27
11.37
6.497
9.086
7.493
12.18
12.61
8.377
9.159
4.884
12.01
8.575
18.65
3.105
8.554
14.3
9.502
8.259
7.705
11.13
5.434
14.2
8.849
6.739
10.4
16.75
16.52
2.106
5.808
3.398
8.156
17.76
6.781
50.95
15.34
23.63
9.349
7.092
22.17
58.18
37.29
20.14
2.163
7.752
20.2
3.329
43.63
12.57
12.4
4.236
19.04
32.73
19.3
4.363
5.252
13.22
23.77
13.42
4.289
3.961
8.075
2.597
6.213
15.16
6.913
7.515
5.591
2.236
10.54
6.962
2.779
8.387
12.25
16.23
4.944
7.532
10.82
17.67
7.574
7.584
2.999
13.19
11.68
5.802
6.167
7.353
4.626
16.23
3.423
9.185
40.88
3.148
9.07
16.42
24.27
9.608
4.629
14.49
16.37
11.37
5.681
8.648
9.557
12.55
4.845
11.46
8.203
11.29
7.441
7.249
4.513
8.933
3.777
5.676e-07
24.53
8.372
29.02
3.947
6.01
9.627
5.719
7.863
12.05
3.29
15.94
11.9
4.125
16.86
75.54
9.536
21.1
4.828
5.63
9.89
6.894
4.68
13.3
8.573
7.303
9.117
2.764
6.462
10.35
6.475
7.769
5.537
5.497
7.823
6.026
14.65
16.12
4.612
4.707
3.095
6.031
14.86
5.122
7.211
15.02
2.396
3.432
15.89
6.499
9.939
10.36
10.99
8.318
3.824
3.506
2.975
14.39
21.06
5.025
3.59
33.6
7.663
5.766
31.36
11.04
13.24
8.882
4.367
4.297
66.52
6.616
7.428
6.427
17.14
11.63
9.232
3.687
39.54
21.92
10.51
11.08
4.064
16.38
10.65
4.863
22.52
10.8
7.107
17.49
3.461
4.785
7.471
11.42
25.72
4.968
2.651
2.365
12.96
10.59
15.84
14.94
23.0
5.451
4.226
5.226
6.252
7.2
8.384
14.71
9.841
4.429
22.81
8.599
11.26
2.263
16.72
5.38
9.173
18.96
9.392
12.2
8.26
11.24
3.223
20.92
15.89
10.29
6.522
28.2
30.44
14.4
8.601
8.864
5.161
8.16
24.69
3.028
6.967
19.15
8.84
2.806
10.42
22.75
14.39
2.141
9.714
18.14
4.973
7.765
6.028
7.693
14.05
2.454
3.213
2.2
3.99
6.159
22.54
31.67
8.545
25.03
7.027
3.942
19.12
4.416
6.993
4.392
3.757
10.36
2.063
19.63
65.06
10.24
16.83
11.6
3.182
5.314
29.76
10.43
2.157
5.755
10.38
23.04
8.474
15.51
6.269
6.001
6.36
5.798
12.28
11.53
9.74
3.964
3.311
5.342
26.86
28.65
2.909
1.62
14.37
17.55
6.5
0.0
17.1
6.345
19.83
16.24
18.6
8.71
10.59
14.73
24.35
6.714
5.896
13.71
8.951
10.24
3.622
7.801
9.763
9.844
5.612
11.62
19.57
10.25
4.044
3.916
14.85
6.228
65.54
8.856
14.02
21.22
6.437
10.57
6.671
3.304
28.89
7.502
30.02
4.903
8.335
6.4
15.93
12.84
4.54
12.94
10.09
3.76
9.089
9.291
30.29
4.379
3.424
20.02
15.9
16.65
5.893
4.312
3.61
12.71
11.58
8.699
18.51
6.411
11.52
4.646
0.0
10.18
10.28
7.065
3.573
13.94
29.48
8.562
19.08
6.616
8.603
14.89
11.68
4.936
5.109
3.573
66.41
11.62
7.065
5.268
4.733
4.572
23.23
4.655
4.189
8.004
26.63
8.832
61.48
1.739
14.94
14.44
8.24
7.789
12.65
5.175
5.356
8.894
6.6
9.198
7.354
9.454
7.387
14.97
7.971
6.039
5.476
17.22
6.19
19.53
54.51
14.5
11.84
7.975
7.575
10.33
17.61
4.668
11.95
10.34
11.16
11.84
7.747
19.06
16.0
6.644
5.321
9.166
7.193
7.869
7.306
9.552
32.11
12.17
16.22
16.51
4.724
4.139
6.954
6.119
6.575
7.062
9.595
6.041
2.234
7.319
4.777
7.516e-07
5.094
4.483
12.04
12.78
13.21
5.783
14.04
6.329
5.2
6.616
3.261
23.92
8.234
7.155
6.292
5.055
3.296
20.28
7.113
4.146
23.03
14.64
8.714
18.32
2.817
19.0
7.623
4.448
12.09
5.088
8.052
3.504
23.74
2.925
7.09
5.589
11.02
7.134
5.705
51.13
6.143
7.81
12.44
24.58
17.84
10.7
5.387
12.58
8.704
30.91
6.501
3.543
2.95
12.56
11.17
6.967
4.115
3.179
11.74
4.319
17.72
4.598
8.869
6.311
15.31
8.053
4.875
12.12
14.67
48.13
5.91
7.793
4.547
23.59
7.103
21.76
3.853
21.43
7.796
5.684
12.76
9.071
6.004
11.41
5.016
4.708
3.0
8.183
6.597
9.524
4.922e-07
14.91
5.271
21.69
6.871
13.92
9.078
5.738
2.626
7.98
14.79
7.562
8.238
12.93
7.95
16.67
5.897
0.0
2.502
4.508
4.193
13.95
2.407
7.845
4.844
5.012
11.47
3.295
12.11
3.356
12.09
9.035
4.114
5.355
18.69
11.31
5.579
5.948
13.08
22.96
14.41
11.12
14.98
5.317
27.7
15.98
17.48
5.033
3.986
4.405
5.43
5.53
3.461
7.223
24.11
4.067
3.592
8.575
4.203
1.15
9.456
4.202
4.233
18.62
3.599
3.338
7.534
3.641
3.791
16.4
7.117
3.905
5.04
9.49
3.988
15.77
26.42
8.045
26.8
5.755
3.449
17.23
5.053
4.853
4.186
7.719
4.588
15.8
25.85
2.962
5.604
13.92
7.343
10.97
9.772
4.563
17.82
2.648
5.099
8.479
10.43
8.652
8.697
4.956
8.636
8.148
5.906
5.099
12.02
11.31
4.985
38.45
4.718
37.82
5.397
6.929
5.704
18.23
6.686
9.841
9.071
6.714
8.059
14.79
5.259
4.973
6.96
10.98
2.64
16.45
4.55
5.463
6.661
8.249
3.194
7.827
3.427
7.104
25.33
2.922
2.659
17.49
7.877
4.746
11.26
36.86
10.43
3.331
8.05
4.077
10.57
10.11
1.395
3.344
4.738
3.061
4.844
3.582
12.71
7.814
4.501
10.82
6.505
7.21
1.909
44.7
6.64
11.06
7.413
9.116
4.138
5.33
7.453
9.55
6.872
11.98
3.771
3.936
1.773
6.702
4.383
15.75
4.287
4.291
34.81
4.853
13.39
3.057
19.51
15.14
3.302
2.058
7.109
4.566
6.064
16.56
8.69
1.68
5.333
6.892
1.86
18.43
8.591
6.335
5.552
13.21
15.96
14.14
6.53
3.18
9.451
3.36
2.778
3.69
11.15
3.463
15.48
6.823
3.943
6.192
3.129
2.395
11.42
9.478
1.793
7.461
15.52
4.725
7.079
3.092
24.35
12.5
4.883
2.917
16.71
2.207
4.939
47.75
10.07
1.791
12.81
4.251
4.386
22.01
7.223
3.416
4.928
5.252
4.596
21.96
3.53
6.187e-07
16.23
3.369
7.386
11.64
12.03
6.097
5.925
8.199
3.57
12.76
2.549
3.552
31.31
5.896
2.394
7.829
13.37
2.947
25.55
7.512
1.386
6.358
3.61
2.911
14.37
6.138
4.158
4.655
10.61
10.83
14.96
8.452
5.358
4.266
2.745
1.558
10.26
37.43
8.776
6.064
8.25
6.506
5.083
2.169
9.854
12.96
7.282
17.49
4.857
13.47
9.466
3.779
4.469
4.472
6.582
15.97
24.3
4.515
24.18
3.247
10.94
3.816
20.08
3.387
6.125
12.07
15.19
14.4
15.02
4.04
9.964
12.3
23.57
2.918
5.422
5.757
4.198
2.919
10.71
58.97
4.493
4.864
8.126
3.119
12.96
11.96
4.878
10.5
15.51
32.07
24.26
6.228
20.34
0.0
13.92
19.78
15.39
60.79
23.3
53.66
9.883
40.4
26.53
12.81
0.0
24.48
22.68
27.05
37.56
20.47
32.33
15.69
17.61
16.56
28.65
21.01
9.859
12.57
15.96
10.93
33.09
15.05
17.81
12.29
40.33
0.0
26.28
5.628
21.04
11.05
20.95
69.08
31.48
30.24
69.0
64.68
43.74
41.0
46.5
20.84
23.23
15.69
16.01
22.28
15.22
27.55
14.2
0.0
13.71
0.0
33.27
6.547
12.65
23.56
29.52
27.23
15.77
28.31
7.714
20.91
20.07
17.55
9.991
32.98
21.36
68.47
27.4
26.87
15.67
19.38
8.698
28.19
16.87
8.776
31.02
10.66
14.48
6.141
42.56
30.47
17.95
32.91
19.84
28.78
8.347
12.69
9.8
15.88
21.08
60.44
9.583
12.77
59.32
10.21
40.8
13.36
0.0
23.84
17.21
0.0
25.8
20.12
8.592
62.59
27.18
25.89
17.19
33.99
17.45
70.74
20.03
23.91
21.05
28.08
14.43
7.882
32.25
22.19
24.25
35.18
41.01
14.67
10.45
23.24
28.48
23.67
13.32
15.95
42.59
68.68
18.18
0.0
7.423
18.86
14.79
14.52
16.45
15.45
20.72
32.61
16.35
36.47
0.0
62.75
5.595
12.14
50.71
60.91
11.73
81.9
19.92
15.67
14.43
13.86
20.8
18.8
18.0
13.17
0.0
32.83
27.65
17.32
25.66
0.0
21.1
14.09
0.0
11.27
23.83
21.6
25.63
19.58
15.29
20.86
0.0
35.13
46.36
25.07
21.08
33.85
65.88
26.84
14.42
17.54
31.04
12.98
32.2
0.0
15.9
23.67
0.0
0.0
18.18
16.33
16.27
18.14
15.35
30.95
55.38
18.28
10.57
36.42
16.67
10.47
15.91
21.58
18.11
30.21
22.9
0.0
14.36
28.43
15.25
26.21
19.59
8.048
15.17
9.889
48.31
7.663
0.0
12.86
52.01
23.44
20.23
21.0
16.03
37.46
26.73
11.18
11.88
32.28
17.97
9.274
30.88
23.71
14.5
33.68
16.78
0.0
20.14
22.64
0.0
15.47
18.71
19.58
15.47
16.8
11.32
35.31
28.28
34.93
80.54
25.15
32.92
49.83
26.7
57.02
3.515
23.75
15.06
27.27
9.743
13.88
38.42
0.0
26.28
0.0
5.172
0.0
13.3
30.85
12.82
19.09
14.64
24.13
18.37
17.48
39.92
10.68
15.35
31.1
0.0
36.91
28.14
22.19
26.28
5.894
51.18
10.6
11.68
9.73
4.545
9.843
38.51
42.26
5.147
23.8
0.0
25.41
27.17
14.97
69.9
11.77
16.34
65.02
14.75
5.571
29.7
13.63
11.12
17.96
30.09
17.0
42.12
16.04
6.105
28.33
20.19
38.76
0.0
30.67
14.28
27.61
18.49
25.32
20.3
19.38
11.01
12.72
0.0
23.85
20.4
71.1
24.74
34.86
34.41
27.43
10.06
16.81
12.69
67.08
19.42
52.37
20.4
38.18
67.47
46.14
14.38
24.95
13.24
9.968
23.97
25.31
19.27
35.99
15.98
17.85
69.35
53.46
21.17
17.98
52.48
8.87
42.79
21.78
24.17
15.83
14.02
7.716
10.72
0.0
35.66
11.65
29.35
17.1
20.87
9.63
28.53
11.14
17.56
10.98
27.76
27.62
15.84
63.24
23.6
0.0
14.53
11.79
11.57
25.28
18.27
67.55
8.633
28.28
8.089
24.07
20.64
33.86
17.15
29.9
13.91
12.92
32.26
23.21
0.0
18.91
20.06
12.55
31.37
22.12
16.51
75.4
9.442
24.9
21.23
14.57
9.198
23.12
30.59
11.05
13.22
0.0
36.03
27.04
19.76
12.58
19.42
7.877
6.629
30.48
31.11
23.38
36.04
13.06
19.37
19.42
25.48
11.76
33.49
27.22
14.68
29.32
12.16
11.64
17.53
19.83
44.35
16.6
71.73
15.14
10.8
13.71
20.7
42.08
18.61
65.35
36.1
17.44
16.59
15.86
19.85
31.72
22.0
11.27
33.89
22.94
44.69
60.67
26.11
0.0
0.0
0.0
0.0
13.08
12.86
11.16
32.68
7.945
30.87
0.0
19.27
18.87
11.7
15.44
37.0
16.98
12.51
4.025
17.73
20.23
28.67
18.68
60.74
29.35
19.19
16.32
6.567
0.0
18.21
0.0
10.85
9.572
11.51
10.72
8.176
15.19
49.24
21.17
8.714
19.96
20.42
20.63
13.94
13.28
11.44
9.907
19.84
9.195
14.46
72.73
16.76
9.875
33.44
28.1
19.22
18.88
39.14
0.0
14.04
8.106
18.06
16.57
10.07
14.46
7.543
46.69
37.79
14.82
16.8
11.11
18.17
6.528
13.09
15.48
18.49
23.87
13.68
16.31
31.78
21.23
17.23
30.58
8.983
17.21
7.086
8.971
25.37
27.34
41.81
27.82
5.519
8.736
66.1
24.53
34.75
10.89
23.78
11.92
23.05
17.23
20.11
7.465
47.37
8.56
55.99
13.72
18.16
12.52
21.21
0.0
3.225
0.0
17.4
6.906
4.746
0.0
14.23
0.0
30.89
30.63
6.679
27.72
10.8
30.43
19.14
25.95
10.93
17.15
36.64
15.26
16.63
13.55
21.51
21.25
18.75
7.229
11.96
40.83
5.593
12.88
18.55
56.31
10.79
12.68
77.42
15.39
44.43
6.558
54.61
12.66
16.58
16.71
9.547
14.97
28.42
19.02
30.42
27.61
15.44
32.48
10.31
26.17
17.74
10.08
5.933
17.96
53.66
12.35
7.501
15.62
15.66
18.17
5.993
60.46
31.83
64.32
14.04
17.86
6.061
22.27
10.41
6.646
70.47
10.09
14.45
0.0
17.4
21.65
19.73
50.98
26.37
22.09
69.43
15.94
0.0
16.17
16.83
40.11
30.48
6.707
28.82
8.149
61.34
67.72
5.336
0.0
22.14
17.28
29.22
11.61
13.56
13.6
23.45
7.795
27.89
12.68
18.06
12.52
28.83
5.413
49.69
62.0
44.12
15.31
12.57
67.07
32.11
18.48
12.45
86.65
27.8
13.5
14.98
19.49
44.81
18.39
18.29
24.46
5.799
32.56
16.28
17.6
10.94
8.532
9.205
34.41
11.01
15.88
38.73
12.95
16.13
19.31
21.61
23.58
24.26
16.78
13.02
17.83
10.23
17.93
72.21
16.49
16.07
0.0
13.28
8.665
22.61
14.21
35.89
35.28
10.93
16.34
23.85
35.21
10.46
0.0
31.77
16.94
47.63
32.11
21.72
14.92
19.96
13.65
15.53
28.45
26.42
12.98
46.92
11.7
34.47
24.17
12.88
29.81
8.543
7.231
15.58
21.77
34.59
33.37
9.98
9.477
20.64
19.13
13.37
32.44
24.46
15.88
32.23
19.15
36.34
26.48
39.74
13.12
27.95
25.38
19.08
6.531
24.78
15.52
0.0
15.16
11.93
10.21
14.83
10.18
26.81
0.0
19.57
14.52
9.825
4.855
21.12
6.637
10.09
33.28
10.17
23.29
23.51
21.72
8.402
17.5
4.123
16.58
31.5
17.66
80.04
21.42
15.8
55.49
14.84
27.72
28.69
0.0
0.0
0.0
13.01
9.785
18.49
10.41
57.89
19.26
20.6
20.67
15.36
13.16
20.55
16.75
12.67
12.71
8.02
26.72
22.35
14.69
0.0
19.42
31.24
18.33
30.2
10.97
19.02
9.944
37.32
13.17
36.0
31.07
6.907
0.0
12.13
12.59
0.0
17.0
10.71
28.42
17.99
12.82
13.42
0.0
4.731
9.817
16.46
28.05
23.51
14.79
13.14
23.65
8.271
17.79
25.31
21.67
13.75
0.0
17.69
29.23
0.0
28.86
16.22
0.0
6.335
0.0
27.99
25.21
12.13
10.1
17.17
44.68
7.691
15.31
18.43
13.59
14.87
16.21
13.38
22.81
26.03
9.099
0.0
49.56
59.59
9.01
25.89
3.984
29.52
17.12
33.58
35.57
32.87
10.78
21.87
18.89
24.11
26.56
10.93
0.0
15.93
5.25
23.39
16.87
30.35
18.8
25.97
54.63
3.966
11.63
69.51
18.25
19.41
34.25
10.55
16.69
34.54
37.1
11.03
29.01
26.96
0.0
14.58
19.27
11.32
23.22
15.48
10.73
11.97
7.499
21.34
0.0
18.22
28.67
11.03
13.86
20.61
14.03
8.649
27.18
23.25
6.748
29.82
10.79
13.66
17.81
19.5
21.76
16.97
16.06
33.11
43.94
0.0
31.9
12.78
17.59
37.86
82.33
12.35
7.073
34.09
22.84
9.604
33.46
21.58
0.0
14.21
16.35
31.25
18.16
9.34
18.66
24.95
27.9
11.22
9.024
32.23
15.6
26.43
40.44
20.85
0.0
17.55
41.2
15.38
40.57
14.21
38.83
21.05
24.52
2.325
17.22
28.81
9.671
21.33
24.78
20.52
18.28
28.96
24.48
70.87
21.93
13.85
28.04
21.73
13.8
17.62
16.97
20.83
16.57
0.0
32.79
11.59
0.0
21.97
3.225
24.15
43.4
19.53
14.2
12.83
12.27
9.063
12.8
11.0
20.9
38.15
24.82
24.37
17.93
60.03
0.0
5.378
30.52
8.272
41.38
5.104
0.0
7.244
12.81
26.12
18.23
12.92
12.94
58.09
51.56
0.0
24.09
7.143
10.86
0.0
22.76
15.22
19.03
15.58
26.02
8.649
0.0
7.662
31.06
31.86
23.79
37.92
38.52
24.83
51.95
21.13
44.73
20.53
43.74
5.082
18.94
21.57
18.97
17.89
13.52
21.76
35.25
41.98
12.33
76.71
18.42
26.59
38.4
11.3
30.69
29.0
8.962
15.68
16.36
12.94
32.08
25.7
0.0
17.12
71.07
9.502
15.89
9.855
33.97
9.182
0.0
8.815
26.62
32.82
12.73
30.3
27.68
21.24
10.34
26.39
51.85
43.33
12.48
18.42
9.712
0.0
15.8
17.48
18.89
24.38
19.57
25.3
0.0
10.99
23.17
9.305
19.57
24.29
64.94
12.55
26.22
12.56
21.97
8.213
14.36
17.47
18.16
16.51
12.97
28.63
13.45
50.41
63.0
28.36
16.41
16.47
23.82
17.3
15.02
32.48
23.87
14.65
38.01
22.95
19.4
17.43
17.37
24.86
19.45
15.94
17.66
16.74
20.29
12.27
39.59
19.16
11.52
13.74
34.31
0.0
0.0
7.378
73.85
0.0
0.0
18.63
18.7
16.28
16.62
12.63
36.41
11.45
25.97
25.31
10.27
0.0
26.94
30.89
21.14
0.0
7.143
25.07
19.19
32.86
24.5
39.98
22.71
64.56
0.0
25.38
8.213
12.05
11.65
15.51
26.94
21.4
31.03
41.91
30.06
11.8
13.15
27.12
17.01
11.08
6.627
42.37
61.8
21.98
0.0
32.53
10.46
26.21
26.98
12.88
10.94
14.97
21.3
13.75
32.79
27.59
0.0
74.72
28.47
65.8
0.0
12.52
20.03
21.74
24.95
7.629
13.52
19.19
34.86
0.0
0.0
21.46
18.07
12.52
35.8
10.28
9.936
10.17
0.0
34.15
17.21
0.0
4.856
10.9
70.45
14.22
14.69
14.04
4.123
5.526
29.49
8.821
18.59
8.56
21.79
14.09
22.7
34.72
14.97
14.33
26.68
19.85
33.53
23.35
12.22
34.8
4.673
16.88
25.82
28.93
17.46
25.2
10.58
15.14
15.98
68.14
0.0
15.24
24.21
16.65
24.52
14.96
0.0
16.09
15.96
15.16
23.74
35.08
12.9
13.67
17.42
23.87
22.33
10.24
8.702
6.695
24.34
14.87
12.6
35.14
12.72
15.36
79.75
25.15
13.85
37.1
19.23
41.94
21.61
26.56
16.71
60.51
30.02
23.37
40.85
13.06
13.03
17.8
22.25
0.0
15.24
12.77
22.55
17.88
0.0
0.0
28.38
0.0
28.77
7.997
15.84
25.38
31.54
9.047
0.0
22.53
28.0
19.24
0.0
19.8
62.3
22.58
34.26
27.1
19.6
15.01
20.25
15.01
41.66
31.4
26.44
22.7
10.2
7.293
21.65
10.86
43.51
20.08
8.456
15.21
19.47
26.46
12.16
7.288
8.84
25.54
15.83
44.9
14.05
29.98
6.57
20.08
10.17
14.84
0.0
15.09
24.07
34.56
11.41
16.62
14.35
9.978
26.37
30.64
18.05
32.18
11.53
23.92
16.5
24.98
21.78
18.87
27.19
22.9
8.552
33.15
16.05
77.19
26.95
5.904
8.219
34.25
15.23
10.99
14.87
6.943
13.43
0.0
8.803
0.0
0.0
11.78
16.48
0.0
10.63
16.59
9.403
17.04
14.0
68.95
10.21
25.47
11.28
10.41
11.04
9.826
17.31
20.26
7.179
9.378
17.48
13.93
19.39
12.49
18.07
12.52
19.32
8.021
11.32
55.36
25.85
26.18
68.91
10.17
16.53
11.72
18.32
10.77
9.684
17.14
25.68
14.89
62.07
16.41
19.03
16.62
34.21
13.78
16.65
11.33
18.1
16.82
30.56
31.02
23.51
33.46
70.33
31.76
17.79
26.12
24.85
12.12
25.32
16.4
44.55
24.06
9.563
9.743
5.007
8.649
39.2
58.94
10.42
35.0
8.649
6.394
39.2
14.27
12.55
4.539
0.0
12.66
16.17
19.73
31.31
9.883
13.24
15.87
32.77
11.24
8.499
96.6
21.95
20.15
80.6
17.55
63.91
52.73
17.61
13.13
30.32
33.88
16.26
20.12
55.84
31.93
34.7
17.24
16.25
18.15
15.23
21.43
48.45
8.654
15.32
14.42
13.14
27.86
30.81
20.87
31.96
30.74
29.54
17.68
30.32
23.89
33.21
17.99
29.01
41.44
17.51
17.17
54.38
42.78
25.83
22.67
21.92
26.62
23.21
30.4
20.29
22.35
14.03
22.61
51.53
