1.54
4.122
1.881
5.556
0.0
3.233
3.11
2.101
2.609
0.0
2.473
2.473
3.464
2.385
4.4
3.754
0.8686
4.449
2.349
2.982
2.063
3.013
2.482
4.295
2.296
4.495
1.604
1.129
3.674
3.006
3.286
2.515
4.486
3.932
2.544
1.415
5.491
3.694
1.377
1.798
2.512
0.7098
0.0
2.868
0.9652
6.04
0.0
1.308
3.989
5.83
2.308
2.688
2.318
0.0
3.359
2.167
2.69
1.198
2.518
2.5
2.069
4.004
1.895
5.1
2.364
2.641
3.687
3.035
3.726
0.8844
4.104
0.0
2.205
2.531
2.854
3.405
3.686
3.564
0.0
1.647
5.747
1.751
0.8219
4.263
2.215
3.649
5.434
1.043
5.353
1.853
1.254
3.418
0.0
2.432
2.232
2.22
2.186
4.636
2.564
3.487
0.7539
2.534
2.399
2.984
1.955
1.955
3.628
3.595
3.723
2.386
0.0
2.285
2.123
2.123
4.307
1.834
1.312
2.325
3.629
3.629
2.191
2.105
2.649
0.0
1.68
4.279e-07
4.45
4.409
2.435
3.838
0.0
2.979
0.0
4.574
4.574
0.0
1.664
2.372
2.556
2.533e-07
2.859e-07
3.01
3.839
3.819
0.7111
3.386
0.0
2.861
0.0
3.167
1.475
1.852
1.484
1.718
1.675
2.895
3.521
0.0
0.0
3.07
3.431
3.22
4.857
3.391
2.357
0.0
1.078
1.325
2.036e-07
3.495
4.038
1.673
0.0
0.0
2.914e-07
1.304
4.929
3.494
1.406
2.789
2.321
0.0
2.027
1.315
3.057
2.45
1.736
0.0
0.8956
0.9762
3.994
2.108
3.047
1.726
2.622
2.655
2.348
0.0
2.439e-07
2.285
2.754
3.329
2.403
0.0
1.868
3.878
0.0
1.727
3.15
2.38
2.119
0.0
0.0
0.9373
2.705
2.564
2.927
3.141
1.822
0.0
0.0
2.489
1.967
2.786
0.0
0.0
0.8479
3.055
3.055
3.998
2.425
0.0
0.0
2.054
1.985
2.577
2.593
1.545
4.92
2.728
0.0
0.0
3.081
0.0
1.737
1.253
1.772
4.417
0.0
0.0
0.0
3.28
0.0
2.771
2.169
0.0
0.7179
0.0
3.291
4.065
2.093
2.172
2.424
0.0
2.381
2.638
1.699
2.096
0.0
4.395
1.579
1.516
3.233
4.795
0.6597
2.843
4.866
0.0
1.11
0.9125
1.769
0.0
1.086
1.974
3.366
1.434
3.649
1.276
2.268
4.41
3.19
1.86
1.78
2.672
3.627
2.414
5.524
0.0
3.988
3.098
1.615
3.093
5.269e-07
3.23
0.929
1.628
1.647
2.809
0.7779
2.866
5.647
2.06
2.357
2.246
3.206
2.117
0.0
2.288
0.0
3.962
2.459
0.0
3.858
2.634
0.5827
3.592
2.825
1.151
3.535
3.19
2.593
3.455
2.71
1.021
3.714
1.558
4.24
3.813
3.762
0.7044
1.986
0.0
3.825
2.175
2.99
4.49
2.374
1.731
0.0
3.09
1.424
2.065e-07
2.25
6.016
3.682
0.4469
3.59
0.0
0.0
4.268
1.911
2.548
3.115
3.537
3.688
3.441
3.298
0.0
3.255
3.399
1.862e-07
3.303
3.293
3.256e-07
3.033
3.445
5.28
5.401
1.185
0.0
3.461
2.837
0.0
4.81e-07
3.142e-07
0.0
3.365
3.992e-07
5.902
3.151
2.628
2.272
3.266
4.133
1.968
5.012
0.0
4.9
3.653
3.766
3.654
3.296
0.5382
4.23
1.356
4.729
1.007
0.0
4.167
2.376
1.922
4.602
1.29
0.7383
0.525
0.0
3.375
2.867
0.4989
1.787
0.3954
2.198
1.672
2.693
2.592
3.099
0.0
1.777
3.439
0.863
1.093
2.471
1.121
3.13
1.484
3.69
1.634
0.6958
0.8569
1.217
3.843
4.138
3.3
1.544
4.332
3.618
2.565
1.412
4.365
3.548
3.694
2.352e-07
1.126
2.052
3.946
3.66
3.698
2.62
4.151
4.729
3.082
0.0
4.246
2.188
0.6812
4.42
4.826
2.31
3.39
3.744
2.86
3.461
3.279
3.121
4.801
3.318
5.461
0.6983
0.593
0.0
4.296
1.284
3.443
5.093
1.255
1.314
4.202
5.144
3.351
5.244
5.274
4.742
6.22
5.292
3.58
3.602
3.053
6.639
5.999
5.476
