1.456
1.333
1.149
0.0
1.378
0.0
4.549
1.265
1.061
1.12
1.534
0.9182
1.828
0.914
1.875
0.7177
0.4653
3.899
0.9243
0.9229
1.321
1.566
1.952
2.46
2.648
1.036
0.8694
1.557
0.8002
1.164
1.749
0.8566
1.09
1.991
1.348
1.131
2.55
1.733
1.385
2.632
2.102
1.964
1.842
1.835
1.745
1.414
1.901
1.509
1.878
1.641
1.641
2.172
2.021
3.237
1.436
1.419
1.809
2.411
2.909
1.597
2.817
1.337
1.367
2.172
2.172
1.47
2.36
1.582
3.879
1.187
1.582
2.894
1.882
1.441
1.907
1.881
1.293
2.645
1.453
2.101
1.064
1.676
1.538
3.277
2.559
1.77
2.923
2.059
1.907
2.115
1.796
1.57
1.751
4.431
3.746
4.731
1.603
2.348
2.23
1.534
2.109
2.082
1.654
1.667
1.048
1.621
1.598
1.666
1.455
1.659
1.544
1.372
2.317
2.311
2.177
0.7759
1.941
2.159
3.169
2.016
4.204
1.944
1.944
3.821
1.393
1.261
2.002
2.676
1.914
3.074
2.017
3.198
0.8776
1.134
3.039
0.8878
3.938
2.494
0.9618
1.781
2.754
4.332
2.43
4.158
3.42
1.734
2.736
1.855
1.896
1.382
1.517
3.937
0.8154
1.541
2.36
3.981
1.243
1.755
3.732
2.266
2.659
3.742
2.272
1.363
1.643
2.071
3.332
3.197
2.394
3.365
2.138
1.126
2.407
2.079
2.166
3.213
2.776
1.366
3.126
2.954
1.816
1.73
2.046
1.886
2.332
1.803
1.894
2.179
3.632
1.298
1.575
2.633
1.987
1.633
2.094
2.688
1.449
2.893
1.221
1.415
6.049
5.072
4.398
2.162
2.933
2.616
4.214
1.191
1.797
3.372
3.91
1.91
1.779
2.947
3.85
2.77
2.397
2.119
2.766
3.985
2.869
4.106
1.767
3.144
4.09
2.222
1.789
5.59
3.829
4.319
1.152
3.91
3.227
2.504
4.266
3.308
3.774
2.854
2.973
2.075
1.836
3.706
2.526
3.192
1.947
2.436
1.322
2.587
1.524
3.939
2.874
3.257
3.639
2.696
1.664
1.85
1.883
1.553
3.404
4.35
2.55
2.948
3.984
2.817
3.062
2.42
1.219
2.012
1.553
1.695
2.388
2.311
1.533
1.901
3.438
3.447
3.721
3.393
1.744
2.555
2.324
2.026
3.005
3.795
3.335
6.275
3.326
1.926
2.615
1.512
1.224
2.157
2.431
3.524
3.626
5.21
2.331
3.826
2.65
1.806
2.625
1.771
1.848
2.792
3.017
2.654
2.375
2.32
3.608
3.255
2.023
2.364
3.288
1.893
1.729
2.909
0.8743
2.358
1.911
1.99
2.911
3.87
2.939
4.459
1.753
3.063
3.959
3.89
1.825
2.721
2.594
2.409
3.725
3.996
3.633
2.957
4.024
3.018
1.704
3.051
3.347
3.295
1.992
3.131
3.777
2.472
2.522
3.03
1.661
2.572
3.632
3.467
3.342
3.56
3.316
2.736
2.015
2.315
1.933
2.231
3.251
3.071
3.462
2.453
1.755
3.727
3.896
2.342
2.099
3.737
3.218
3.616
3.246
3.241
2.618
4.972
1.928
3.257
2.733
3.29
3.743
1.718
1.575
2.28
2.45
1.761
3.264
3.483
3.25
2.291
4.403
2.037
2.132
2.059
4.438
3.66
2.053
2.277
2.117
3.41
3.412
3.44
2.551
2.166
3.241
3.903
4.05
2.692
2.999
2.414
3.179
2.034
2.685
1.325
1.573
2.111
2.648
3.035
2.342
1.796
2.225
2.023
2.486
4.568
3.145
2.477
3.096
3.838
2.108
1.581
3.028
2.321
2.801
2.1
1.883
3.295
2.691
2.525
2.93
2.734
2.503
2.008
4.191
1.838
2.013
2.009
3.162
2.376
2.326
3.695
1.685
4.531
2.488
3.095
2.572
4.134
2.268
2.569
2.923
2.401
4.001
3.318
3.819
3.387
4.333
4.15
3.11
3.471
2.897
2.308
2.772
2.878
2.863
2.693
1.777
2.688
2.667
2.392
4.224
2.762
3.119
2.335
2.03
2.67
4.845
1.618
3.834
3.415
3.457
3.745
3.417
2.756
2.787
2.911
1.377
1.21
1.259
1.705
0.0
1.69
1.878
0.7585
1.847
1.667
1.355
1.283
1.607
1.566
1.224
2.09
1.566
2.009
0.8088
1.282
2.065
1.563
2.648
2.112
2.095
2.095
1.596
1.596
2.095
2.095
1.922
1.542
1.355
0.588
1.165
1.863
1.406
2.471
2.091
1.592
2.569
0.8566
1.892
1.534
1.236
1.816
4.489
0.8427
2.269
3.25
1.413
1.794
3.509
0.5118
2.122
1.821
1.676
2.266
2.324
2.209
0.8531
1.558
2.184
1.419
1.403
1.192
1.34
2.186
3.633
1.911
0.7519
2.39
1.571
2.754
1.956
1.963
1.442
1.944
1.49
1.23
1.08
2.285
4.357
5.585
4.016
2.688
0.9478
1.752
2.012
2.496
1.752
4.365
1.87
1.808
1.738
1.669
2.873
2.387
1.546
2.153
1.57
1.734
10.84
4.431
4.247
3.743
0.9951
2.827
3.543
3.963
3.227
3.227
3.847
2.073
2.127
1.67
2.27
1.77
2.607
2.209
1.413
0.9959
1.611
1.91
2.992
2.109
2.016
4.395
1.069
1.585
2.009
1.32
1.693
3.945
2.289
2.986
4.495
3.774
1.499
2.464
1.554
3.272
1.907
3.932
1.87
2.214
2.192
2.014
2.428
1.621
1.312
1.55
2.559
1.903
1.389
2.328
2.962
2.337
1.987
2.009
3.252
1.768
2.351
1.715
1.93
0.9959
1.096
2.054
4.045
2.755
2.42
2.08
2.154
4.844
0.7187
1.78
2.185
1.895
2.439
2.318
2.342
1.327
4.44
3.291
2.516
2.334
3.053
2.893
2.802
1.956
1.599
3.12
2.065
3.538
1.802
2.119
2.297
1.92
1.075
3.535
3.884
2.612
2.425
3.273
2.892
2.535
3.708
2.266
3.58
2.191
2.162
1.968
1.524
2.493
3.393
2.488
3.036
2.941
3.623
1.324
2.53
3.057
3.418
2.226
3.951
2.38
2.542
2.13
4.258
3.648
3.426
3.172
3.593
2.109
1.313
1.333
2.469
2.225
1.835
3.851
2.229
1.507
3.611
3.925
3.857
3.972
0.7434
2.898
3.48
4.438
2.997
2.489
1.715
1.647
1.709
1.847
2.44
4.928
1.781
4.139
2.99
3.303
3.526
3.602
2.016
2.549
2.976
1.744
2.8
3.402
3.586
2.182
3.334
2.886
1.019
1.65
1.394
1.308
3.794
2.548
2.55
1.801
1.917
3.65
2.189
1.451
2.787
3.317
2.773
2.804
4.185
2.737
3.638
3.48
1.551
1.842
2.776
2.25
3.052
2.05
2.174
3.039
2.92
2.36
1.953
1.189
3.842
3.088
3.215
1.657
1.839
2.492
1.892
2.917
2.739
3.193
3.178
1.965
2.915
2.455
1.921
1.678
3.163
2.594
3.97
1.582
2.22
3.134
2.98
2.917
1.772
3.517
2.369
3.464
2.341
3.795
1.53
2.35
1.98
1.567
1.174
1.438
2.672
1.982
2.836
2.691
1.385
1.358
3.208
2.24
2.339
4.022
0.6238
3.102
3.446
3.405
3.191
1.529
3.183
2.488
3.086
1.866
1.713
2.553
2.914
3.835
3.215
1.944
4.654
4.226
5.007
3.119
3.903
1.481
5.775
3.362
2.853
3.815
1.69
1.996
2.975
3.982
1.76
1.689
2.854
2.822
2.206
2.075
1.786
2.488
1.524
3.089
2.275
3.675
2.161
3.189
2.395
3.346
1.243
2.82
2.872
2.214
2.491
2.2
1.808
1.874
1.741
3.873
4.97
4.925
1.679
3.274
2.272
2.809
3.222
2.867
4.129
3.269
3.683
2.946
4.005
1.771
3.569
2.681
3.076
3.264
4.036
2.561
3.035
2.334
3.223
2.227
3.536
1.663
3.58
4.508
3.406
1.568
3.374
3.504
2.61
1.673
2.88
5.11
1.945
2.009
4.525
3.964
3.807
2.991
2.568
1.101
4.436
2.804
3.243
2.859
3.656
3.12
3.837
2.158
2.417
3.359
1.799
2.365
2.973
2.794
2.689
2.724
3.557
2.294
0.9322
2.752
1.441
2.71
2.105
1.444
1.931
2.709
5.068
1.091
1.649
2.934
2.398
1.237
3.9
2.648
3.278
2.304
4.151
3.801
3.881
2.347
2.245
3.002
3.851
3.006
1.906
2.665
2.639
1.834
2.388
3.189
4.03
2.848
3.795
4.651
1.244
1.916
1.934
2.411
1.72
2.637
0.0
2.424
1.964
2.749
0.8758
1.51
2.94
1.881
1.889
1.805
3.551
1.841
1.123
1.61
1.603
1.589
1.645
1.963
0.8751
1.796
1.204
0.7813
2.169
1.822
2.471
1.668
1.829
1.916
1.734
1.917
1.65
2.113
1.14
1.575
2.511
1.991
1.723
1.332
2.13
2.143
1.591
2.05
0.9454
1.136
1.49
1.537
1.431
1.485
0.9544
1.334
1.264
1.613
1.366
1.111
2.079
2.261
2.825
1.198
1.095
2.732
2.108
1.526
2.291
1.781
0.8862
1.516
1.766
1.947
1.728
1.386
1.515
1.536
1.137
1.87
1.253
2.214
1.171
1.311
2.021
1.608
2.619
1.376
1.376
1.992
1.633
2.16
2.265
1.854
2.962
1.357
1.39
1.249
1.238
1.561
2.736
2.417
1.935
1.603
2.043
2.308
0.953
0.8575
1.945
1.963
1.36
0.3678
0.9021
1.909
1.878
1.806
2.147
0.3347
2.151
1.628
2.702
2.937
2.333
1.915
2.545
1.835
2.533
2.14
1.893
2.41
2.35
1.147
3.825
1.387
1.676
0.933
1.498
0.5687
2.092
2.321
3.828
2.577
1.793
4.523
1.529
0.9363
1.519
3.056
0.9976
2.198
2.433
2.004
2.745
3.425
2.165
1.102
1.142
1.113
2.195
1.713
1.687
1.228
1.178
0.6581
0.9288
2.15
2.178
1.339
1.688
4.058
1.297
1.606
1.316
1.476
1.026
2.199
2.396
0.85
1.809
2.639
1.66
1.653
1.459
3.158
1.386
3.084
3.079
2.378
2.578
2.224
2.342
2.958
2.121
1.061
1.309
1.316
1.69
2.29
1.678
1.842
0.7666
1.464
1.615
1.824
1.764
3.479
2.702
2.749
1.783
1.588
1.723
1.625
1.62
1.862
1.359
1.662
1.394
1.351
1.689
3.279
2.414
1.797
1.391
2.022
2.332
1.606
1.403
1.608
2.033
1.997
1.561
1.569
2.727
1.663
1.098
1.949
1.966
1.364
1.735
2.671
2.984
2.405
2.705
2.236
3.39
1.315
1.879
1.17
1.317
1.441
2.904
0.9157
2.25
0.5982
0.6976
2.709
1.288
2.578
0.9726
1.046
1.446
1.794
1.12
4.163
1.45
3.08
1.062
1.959
2.486
1.671
2.359
1.975
1.852
2.135
2.714
1.581
1.281
1.4
1.476
2.364
1.585
2.094
1.604
1.609
0.7661
1.577
1.409
0.6354
1.467
2.466
1.759
2.426
1.22
1.556
2.743
0.8786
3.257
1.201
0.9975
2.128
1.97
1.924
1.135
1.28
2.019
2.051
2.21
1.147
2.644
1.231
1.077
1.455
2.68
1.698
1.866
1.784
1.236
2.25
2.328
1.4
1.05
0.9188
2.882
2.176
0.7161
2.398
3.039
1.265
0.8483
1.123
1.823
1.788
1.743
0.6575
2.187
1.729
1.526
1.803
1.731
1.86
0.7353
1.428
1.442
0.8707
2.285
2.228
1.689
1.18
2.262
3.206
1.691
5.816
0.7279
3.098
1.123
1.796
1.003
1.693
1.023
1.231
1.637
2.304
1.694
1.895
1.936
1.32
1.525
1.821
1.352
2.413
0.759
0.7432
2.72
1.233
1.533
1.116
1.573
4.834
1.349
2.2
2.785
1.467
2.903
1.08
1.882
3.179
1.934
1.13
1.431
0.8704
1.554
0.8882
1.354
1.6
1.165
0.9864
1.352
2.948
0.8815
1.11
1.842
1.26
1.179
1.135
1.707
0.6742
1.119
1.086
2.373
1.036
2.309
1.407
1.511
1.734
2.884
1.576
2.278
0.9468
1.064
1.97
0.5636
1.639
3.151
0.8674
2.037
2.267
1.891
2.368
1.536
1.061
3.27
2.239
3.04
0.7655
2.72
1.512
1.457
1.37
0.7948
1.765
0.8973
1.503
1.302
1.961
3.763
1.561
2.497
4.394
1.422
0.9897
0.5246
0.9566
2.708
0.8771
1.769
2.549
1.314
0.9084
0.825
1.321
1.549
1.499
1.992
1.289
0.9774
2.147
0.7759
1.842
1.39
1.023
2.289
1.293
0.9059
1.119
2.753
1.912
1.258
2.92
1.532
1.986
1.477
2.396
1.417
2.039
1.549
2.671
1.527
1.456
1.877
0.9092
1.838
1.417
1.555
3.558
1.112
1.42
1.459
1.725
2.929
1.42
0.6349
1.641
1.953
0.7091
1.547
1.642
1.06
2.057
1.454
0.8179
1.981
1.063
0.8462
2.183
2.53
1.766
1.384
1.394
1.561
1.362
2.228
1.722
2.644
1.478
2.759e-08
1.002
1.215
0.9264
1.025
1.374
1.0
1.195
1.585
2.837
2.594
1.97
1.946
1.192
0.5137
2.218
0.8741
2.615
1.406
0.8879
2.143
0.7875
2.07
1.009
2.259
1.408
1.271
0.8218
3.669
1.99
1.337
0.8014
1.599
0.9854
1.156
2.298
1.454
1.699
0.9542
1.016
1.953
1.722
0.9761
2.615
2.927
1.908
0.9738
1.553
1.614
1.65
1.261
1.911
1.455
1.089
4.046
1.67
1.603
2.368
1.318e-07
2.207
1.906
1.052
0.8138
2.402
1.559
1.862
1.615
2.063
4.009
1.22
1.777
1.355
2.94
0.9563
1.52
2.412
1.666
2.15
1.709
2.272
1.364
1.573
1.549
1.038
8.501e-08
2.214
1.372
1.623
0.7443
0.9626
0.5077
2.136
2.151
1.693
2.003
1.978
1.85
2.159
1.682
1.148
1.477
2.544
1.587
1.506
1.448
1.54
3.3
1.213
2.468
1.006
1.488
1.133
2.098
1.9
1.31
1.01
2.311
1.199
1.213
0.9413
1.52
1.163
1.725
2.184
2.381
1.197
1.998
1.836
1.178
2.04
1.457
0.489
1.7
1.578
0.903
1.14
1.713
2.285
1.826
1.805
2.653
1.326
1.467
2.077
1.116
1.255
1.735
1.264
1.483
2.093
2.846
0.7387
1.64
2.014
1.021
1.788
0.9027
1.31
0.635
0.8165
1.483
2.086
1.074
1.912
1.486
1.871
1.23
1.066
2.734
2.189
1.388
1.337
1.855
1.566
1.891
2.702
2.274
2.739
1.314
0.8017
1.608
0.9036
1.624
1.279
2.171
1.166
0.8546
1.236
6.884
2.001
1.933
1.59
1.883
1.653
3.188
1.591
1.836
0.5702
2.191
1.622
1.872
1.364
1.054
1.029
0.7983
2.276
2.098
1.055
1.737
1.431
1.487
1.124
1.587
1.84
1.286
1.854
2.176
1.546
1.472
2.775
1.617
2.824
1.622
0.3533
1.029
0.9538
2.165
1.831
1.751
1.645
2.127
1.347
1.252
2.543
1.806
2.568
1.867
1.691
1.415
1.84
1.216
1.935
2.279
1.724
1.475
1.705
2.2
1.096
1.059
1.746
0.865
1.983
1.695
1.524
1.545
3.745
1.873
1.224
1.248
1.379
1.259
1.206
1.765
1.889
0.7031
1.225
1.841
1.542
1.16
2.101
1.572
1.17
1.358
1.999
0.5763
3.042
1.601
1.1
1.541
1.474
1.15
2.005
2.279
1.592
1.494
1.36
1.291
1.424
1.535
1.597
1.533
0.6714
1.863
1.458
0.8307
1.079
2.316
2.577
1.81
1.827
1.387
2.249
1.004
1.507
1.653
0.6425
1.581
0.7105
1.826
0.7228
1.165
1.144
2.147
2.726
0.9848
1.503
2.715
0.9966
1.953
1.225
1.948
1.548
0.8326
1.585
2.489
2.325
1.304
1.731
2.184
1.606
1.304
2.172
2.09
2.63
1.472
1.88
1.16
1.742
2.29
0.7615
2.531
1.25
1.118
1.526
1.981
1.564
1.019
1.266
1.641
1.817
1.552
1.25
1.894
1.494
1.537
2.779
1.518
1.89
0.8274
1.947
0.7918
1.748
1.837
1.095
2.708
1.902
1.656
1.888
2.14
0.9771
2.27
1.413
1.631
0.9145
1.855
1.263
1.066
0.6587
4.296
1.979
2.082
1.377
1.124
1.533
1.901
1.174
1.118
1.484
1.864
0.9939
1.284
1.143
1.146
0.6847
2.152
1.6
1.219
2.898
2.624
1.288
1.311
1.689
0.9326
1.22
1.907
4.335
1.78
1.615
2.161
4.002
0.7719
2.977
1.28
1.376
2.0
2.402
1.207
1.847
0.5715
1.859
2.954
2.764
1.875
1.457
4.41
1.313
1.139
1.113
1.17
1.629
0.7098
1.772
2.148
2.605
1.397
1.707
2.216
3.391
1.152
1.002
1.146
1.306
1.721
1.704
1.513
0.6866
1.597
0.7329
2.583
2.914
1.473
2.178
1.439
5.744
0.9457
0.8543
2.034
0.8328
1.344
2.144
1.733
1.332
1.942
1.882
2.516
1.597
0.9757
2.98
1.441
1.762
1.526
1.695
1.397
1.805
1.636
1.348
1.36
2.683
3.251
1.32
1.031
1.017
0.0
3.416
3.716
1.122
4.571
2.149
0.3369
1.583
2.069
4.701
1.069
3.639
0.6982
1.466
2.046
2.345
1.552
7.367
4.337
1.782
2.697
1.866
1.014
2.067
4.426
2.542
0.0
2.298
1.576
0.6328
2.334
0.3077
2.789
4.346
1.019
9.521
1.914
1.943
2.647
1.599
2.421
0.6982
1.13
4.596
1.329
5.054
1.094
0.0
2.179
1.736
0.0
1.471
0.0
2.729
2.671
0.7281
0.0
1.008
1.61
0.9244
4.245
1.136
1.921
4.529
1.499
0.0
2.435
0.737
0.7532
1.215
0.0
2.864
2.222
0.0
2.827
4.662
1.247
1.545
1.558
2.08
2.62
2.111
0.0
1.184
2.274
0.0
1.172
1.908
0.0
11.2
2.02
2.111
2.032
1.132
1.269
2.054
13.32
0.9453
1.624
2.443
2.714
1.412
4.577
0.0
1.034
2.042
1.215
0.0
2.778
2.421
0.0
1.851
1.646
0.7977
1.786
1.781
0.2982
2.823
3.099
0.0
2.36
1.597
1.618
1.321
4.753
1.034
0.9959
3.012
0.8264
1.64
1.619
0.9156
2.194
0.0
1.708
1.71
2.14
3.413
2.95
0.8176
1.959
2.877
0.5376
0.9997
1.184
1.166
1.806
3.716
0.6984
0.7528
0.3509
1.334
2.212
3.426
0.0
2.321
1.723
1.357
2.203
0.0
0.5332
2.349
1.697
1.269
1.002
0.8556
1.255
1.839
4.463
0.9041
2.44
1.458
2.355
1.576
2.906
2.799
2.068
1.346
0.0
1.227
2.392
4.93
0.9133
0.4528
0.0
3.223
0.0
3.077
2.706
2.645
0.8579
1.813
0.7658
0.3148
2.541
1.065
0.0
2.769
1.209
1.93
0.7469
2.405
0.3077
1.899
2.476
0.0
4.797
4.596
0.8693
0.0
1.552
1.262
1.986
2.268
1.334
1.599
0.6986
0.7654
2.542
2.458
0.8188
1.02
0.8077
0.3369
3.245
0.9234
0.0
1.868
1.42
0.8579
1.151
3.252
1.569
2.532
4.944
1.807
2.197
1.215
2.426
5.647
2.719
1.048
2.778
1.61
0.4475
1.973
17.43
1.984
2.542
1.263
0.0
2.754
1.191
1.286
1.381
0.0
3.034
2.669
0.3162
1.252
2.644
0.3346
1.311
1.053
10.32
2.475
1.122
0.0
12.95
0.9712
1.334
2.111
1.145
1.762
1.684
0.7268
1.802
0.5673
3.252
1.115
1.195
1.372
0.0
1.107
0.2916
0.0
2.141
0.9453
0.0
2.805
2.219
0.9518
1.189
1.339
1.034
2.649
2.512
0.7348
2.977
2.603
2.353
1.651
3.527
1.839
2.167
2.639
0.0
2.252
2.669
1.2
1.183
0.0
0.0
2.079
1.122
8.32
2.407
3.527
5.559
3.236
3.544
1.876
0.5755
0.5394
2.36
1.69
2.048
1.967
0.0
1.14
1.709
1.051
10.16
1.946
0.7976
1.183
0.7093
0.8024
0.9625
4.419
1.55
0.9796
0.0
0.7327
4.884
0.2779
1.26
4.373
1.07
0.0
2.298
1.362
0.0
1.424
2.648
1.866
1.404
1.254
0.0
1.839
0.8077
0.8254
2.608
1.389
0.5721
2.798
2.709
1.001
3.17
0.9393
2.654
1.141
1.296
0.8549
1.176
1.459
1.762
1.553
2.802
0.7151
1.859
0.3485
1.269
2.748
0.4892
1.163
2.671
1.986
1.087
1.514
0.0
0.8235
1.183
0.8077
0.8027
3.223
2.136
1.357
4.781
0.7268
1.269
1.658
2.418
12.66
3.225
1.08
1.332
1.18
1.186
0.0
1.737
0.8731
0.7476
1.513
2.442
2.556
1.389
0.0
1.523
1.559
3.834
0.5691
3.643
0.2875
1.034
2.816
1.665
1.428
1.338
1.784
1.89
1.29
1.215
1.68
0.9277
0.5291
0.4383
1.849
1.948
3.18
0.5931
0.6099
0.8623
1.043
1.561
0.6927
0.4724
0.4278
2.022
1.433
0.9899
1.245
0.3467
0.9609
1.39
0.4069
0.7871
0.4668
0.7164
0.4259
1.004
0.5093
0.6742
0.8283
0.6018
0.7722
2.472
0.5275
1.191
2.367
1.02
1.241
0.7148
0.6963
2.116
1.889
0.465
1.702
0.9939
0.8942
1.308
1.844
0.3646
0.699
0.4406
0.2271
0.2489
2.343
0.6871
0.5998
0.472
0.437
1.039
0.5728
0.767
0.6922
2.383
1.197
0.7759
0.4419
1.92
1.819
1.377
1.278
0.2163
0.54
0.666
1.115
0.3749
0.506
0.2188
2.229
1.347
0.9197
1.181
0.6272
1.37
0.7422
1.433
1.591
0.7128
1.06
1.97
0.9532
0.9222
1.134
0.5169
0.4857
0.4069
1.003
0.3429
1.7
0.5974
0.8219
1.844
2.154
0.978
0.5572
2.081
0.7917
2.08
0.9949
1.0
1.376
1.607
0.5198
1.694
0.7921
0.795
0.9895
0.3347
1.962
1.622
1.108
0.8974
0.9214
0.8582
1.444
1.383
0.9992
1.211
0.6953
0.8082
1.264
1.437
0.619
1.091
1.972
1.24
0.2417
0.9018
0.6106
1.057
0.3973
0.6303
1.194
0.7217
1.521
0.6427
0.852
0.5286
0.9917
1.028
0.9673
0.8858
1.19
0.6299
1.756
0.6241
1.639
0.8935
0.7039
1.37
0.9191
0.7912
0.5953
2.289
1.261
0.4144
0.5317
0.3919
1.625
1.436
0.6186
0.5475
0.8252
0.4935
0.6384
0.6258
0.5548
1.402
0.8098
1.17
1.643
0.533
0.4073
1.959
1.016
0.6572
0.7769
0.516
0.5127
0.6912
0.6629
0.536
0.7153
0.5599
1.336
0.8082
0.7383
0.2661
0.7276
0.656
0.9918
0.9659
1.13
1.246
0.2707
2.41
1.517
0.6352
0.7342
5.271
0.8106
1.304
0.5172
1.755
0.9309
1.526e-07
0.3821
1.013
1.581
1.351
7.384
0.7276
0.9332
0.5272
1.757
0.9043
1.064
0.4909
2.148
1.643
0.9967
2.78
1.19
0.6975
0.5159
0.9708
1.972
0.8356
0.8677
0.9778
1.206
1.079
1.252
0.7187
1.299
1.213
2.021
0.7555
0.3755
1.332
1.129
0.5759
0.544
0.8857
0.7539
1.199
2.737
1.843
1.001
0.7618
1.415
1.552
1.977
2.282
1.31
1.205
0.7821
1.548
1.436
1.6
0.8621
1.092
1.011
0.8973
1.491
0.9348
0.9502
1.857
0.6332
1.152
1.479
0.5474
1.109
1.268
1.195
3.092
1.373
0.4659
1.173
1.424
0.5172
0.5312
1.591
0.7347
2.253
1.062
0.821
0.7371
1.06
0.3999
1.557
1.057
1.074
1.375
1.216
0.3628
0.7256
0.9078
0.9169
0.6271
1.008
1.129
2.445
0.474
0.7946
0.5221
1.12e-07
1.596
2.365
1.355
0.6657
1.161
0.6219
0.9577
0.7485
0.6457
1.082
0.6734
0.8481
0.8842
1.18
3.067
0.9469
0.6165
0.5234
0.9929
0.4482
1.061
1.494
0.4155
1.855
1.506
1.253
0.7595
0.5007
0.8981
0.9629
0.687
1.276
0.5942
1.466
0.7219
0.6509
0.5417
0.5169
0.2733
2.063
1.126
1.777
0.3932
0.4501
2.042
0.4496
0.4387
0.919
1.311
0.525
1.734
1.046
1.288
0.9093
1.929
0.8212
0.7921
0.6856
1.382
0.3187
0.7837
0.7479
0.6103
0.9544
0.878
2.314
0.7392
2.434
0.8823
0.526
0.7186
0.7301
1.657
1.423
0.5847
0.5492
2.92
0.5717
1.138
0.7374
0.6779
0.676
1.121
1.376
0.5742
0.5762
0.7035
0.6497
1.321
1.17
0.9916
0.598
0.9338
0.9533
1.175
0.328
0.9333
0.6952
0.9541
1.233
0.8883
1.885
0.396
2.182
1.43
0.6786
1.213
1.192
2.181
0.3215
0.6504
0.3955
0.6384
1.882
0.6494
1.864
1.659
2.388
0.8352
0.6351
2.614
12.66
2.738
1.956
0.4068
0.9301
1.843
0.4356
1.496
1.328
0.7454
0.5742
0.8896
2.495
1.847
0.5023
0.9886
1.115
1.429
1.839
0.2365
0.573
0.9107
0.3799
1.521
1.807
0.8312
0.9181
0.7106
0.3545
0.928
0.799
0.3871
1.03
1.069
1.433
0.6278
0.7528
1.038
1.897
1.135
1.574
0.3691
1.437
0.9516
0.8939
0.5414
0.835
0.6586
0.8901
0.4374
1.377
2.708
0.6977
0.8458
1.478
2.265
1.085
0.4965
0.7491
2.044
0.9573
0.8501
0.7979
1.262
1.213
0.4656
0.9848
0.9897
1.721
0.7824
0.5798
0.5692
0.7144
0.4161
0.2771
2.418
0.7174
1.434
0.4548
0.6673
1.115
0.5077
0.7322
1.353
0.2872
1.421
1.469
0.4442
1.296
4.643
0.8019
1.039
0.5916
0.56
1.226
0.7206
0.5772
1.483
1.117
0.6274
0.937
0.3934
0.6852
0.956
1.25
0.6274
0.6269
0.6802
0.8113
0.7428
1.187
1.772
0.4053
0.6186
0.4373
0.4797
1.166
0.5061
0.6507
0.589
4.458
0.3034
0.5268
1.693
0.7877
0.6301
0.8997
0.6726
0.9486
0.3924
0.3659
0.4914
1.309
0.8642
1.019
0.3571
3.458
1.029
0.7504
1.749
1.394
1.323
1.091
0.4229
0.6129
2.379
0.7952
0.7318
0.7041
3.026
1.222
1.12
0.4448
1.781
1.935
1.214
0.8273
0.4347
1.524
0.9662
0.5515
2.009
0.8144
0.515
2.074
0.5157
0.4991
0.725
1.135
1.587
0.4659
0.4443
0.2724
0.943
1.443
1.567
1.682
1.312
0.6514
0.4968
0.5529
0.6628
0.3225
1.381
1.171
0.8561
0.4118
1.675
1.233
1.046
0.3013
1.519
0.5657
0.9519
1.882
1.481
1.341
0.9835
1.022
0.3674
2.265
1.584
2.298
0.5775
1.762
1.24
1.181
0.9163
0.5904
0.6187
0.7291
1.145
0.2736
0.6386
2.184
0.9518
0.4252
1.156
1.605
1.303
0.2969
1.292
1.135
0.6496
0.8102
0.6259
0.5808
1.014
0.3256
0.3478
0.2563
0.4018
0.7612
2.401
1.94
0.7808
1.73
0.6395
0.525
1.189
0.391
0.6024
0.4653
1.4
1.138
0.2449
1.968
3.407
1.018
1.349
0.8409
0.4056
0.6
2.226
0.9907
0.3956
0.6473
1.209
1.632
0.7768
1.247
0.8834
0.8251
1.202
0.7319
1.207
1.869
1.06
0.5404
0.5558
0.6079
2.172
2.357
0.6506
0.2255
1.664
1.986
0.8179
0.5601
1.723
0.6578
1.695
1.178
2.158
0.9957
1.136
1.865
1.502
0.4437
0.8753
0.9615
0.8018
1.024
0.4976
0.7052
0.9626
1.227
0.983
1.499
1.923
1.166
0.5821
0.5524
1.884
0.787
4.242
1.001
2.405
1.433
0.8147
1.052
0.6495
0.5697
1.724
0.7011
2.662
0.7134
0.9992
0.8367
1.276
0.9943
0.5492
1.371
1.227
0.5297
1.022
0.7355
2.515
0.7208
0.5021
1.855
1.771
1.557
0.8541
0.3102
0.4724
1.911
1.319
1.245
2.256
0.4902
1.27
0.5959
0.0
0.9391
1.07
0.8322
0.4392
1.327
2.37
0.8997
1.881
0.9038
1.039
1.567
1.671
0.5187
0.5044
0.6847
2.98
0.8209
0.9417
0.6193
0.5211
0.8111
2.032
0.4872
0.5915
0.8762
2.221
1.197
2.16
0.4157
1.066
1.467
0.9154
0.7201
1.253
0.5524
0.697
0.6746
0.6135
0.6882
0.7407
0.7729
0.9243
1.769
1.218
0.7921
0.6064
1.862
0.5146
2.167
2.464
2.027
1.504
0.8183
0.7007
1.124
0.7264
0.586
1.299
1.171
1.205
1.476
1.129
1.262
1.782
0.7478
0.6171
1.052
0.8207
0.6457
0.5995
0.9516
2.859
1.358
1.51
0.7729
0.442
0.3483
0.5213
0.6257
0.7348
0.8459
1.159
0.5345
0.3226
0.8158
0.5448
0.98
0.7064
0.5075
1.293
1.316
1.023
0.8095
1.923
0.7278
0.4976
0.7174
0.4027
1.93
0.7466
0.7672
0.3694
0.5538
0.3874
1.284
0.8486
0.3466
2.391
1.645
0.8307
1.579
0.4404
1.743
0.8305
0.3802
0.712
0.5923
0.9249
0.5598
1.669
0.5443
0.7908
0.7594
0.8918
0.7068
0.6822
6.481
0.9161
0.826
0.7282
1.867
1.913
1.624
0.5689
1.694
0.8588
2.127
0.4783
0.5373
0.3007
0.9623
1.727
0.5471
0.7691
0.3995
0.7587
0.4781
1.372
0.5535
0.9952
0.6557
0.9179
1.123
0.9846
1.44
1.436
2.601
0.494
0.9939
0.6088
1.799
0.5911
1.7
0.5577
1.589
0.98
0.9514
1.493
1.102
0.771
1.431
0.5489
0.4899
0.5363
1.204
0.9139
0.7862
0.2542
1.527
0.7861
1.713
0.5485
0.9928
1.462
0.5603
0.3085
0.7236
1.58
0.5421
1.096
1.766
0.517
1.924
0.7269
0.5539
0.3467
0.4094
0.4213
1.369
0.3251
0.8088
0.5053
0.4983
0.9959
0.496
2.372
0.3476
1.063
0.9791
0.5747
0.4946
1.677
1.119
0.7886
0.5248
1.182
1.954
1.281
1.464
2.08
1.095
1.758
1.318
0.9364
0.4721
0.4016
0.6627
0.8986
0.6963
0.4886
1.022
2.041
0.5526
0.5561
0.9777
0.6256
0.1541
0.9781
0.6247
0.4963
1.834
0.5745
0.5
0.9337
0.708
0.8959
1.342
0.8682
0.4734
0.6914
0.7734
0.4483
1.302
1.847
0.8107
1.811
0.7503
0.4132
1.149
0.5895
0.4907
0.3443
0.6202
0.618
1.46
1.796
0.5126
0.7341
1.45
0.7231
0.981
1.059
0.7947
1.778
0.3774
0.4239
1.056
0.9079
1.07
1.152
0.6185
1.346
0.9537
0.8918
0.4239
1.175
1.168
0.5168
1.794
0.58
1.789
0.5888
1.211
0.6135
2.25
0.5873
1.146
1.073
1.069
0.6312
0.9579
0.4186
0.8894
0.9838
0.9665
0.3161
1.879
0.5256
0.8975
0.9184
0.9229
0.4024
0.9993
0.2926
0.7156
3.297
0.3716
0.82
1.73
0.6385
0.5919
1.03
2.15
0.7873
0.4765
0.9035
0.4302
1.191
1.661
0.23
0.3854
0.5931
0.3857
0.3645
0.3682
1.222
0.9186
0.5623
0.7935
0.8495
0.9979
0.246
3.949
0.8792
1.249
0.8012
1.325
0.5277
0.6272
0.983
0.9168
0.7905
0.7342
0.3954
0.5826
0.3214
0.7137
0.6377
1.192
0.3869
0.4742
2.651
0.6237
1.558
0.3801
2.422
1.697
0.3963
0.3032
0.8255
0.5528
0.6835
1.381
1.393
0.1752
0.607
0.7974
0.3639
1.825
1.77
0.4591
0.7076
1.275
2.295
1.281
0.9023
0.2825
0.9211
0.4983
0.4655
0.5191
1.452
0.2857
1.38
0.7423
0.3575
0.8348
0.342
0.286
1.572
1.123
0.2352
1.067
1.886
0.8105
0.6938
0.5961
2.116
1.17
0.5749
0.3091
1.313
0.4376
0.721
4.608
1.136
0.4144
1.103
0.5573
0.496
1.609
0.68
0.4219
0.6374
0.903
0.5448
1.275
0.4645
0.243
1.566
0.3781
1.238
1.143
1.314
0.8846
0.9733
0.546
0.5016
1.097
0.4653
0.6297
3.284
0.5808
0.3769
0.8463
1.036
0.4734
2.103
0.9493
0.1971
0.6774
0.4623
0.3608
1.438
0.7662
0.5946
1.31
1.414
1.467
1.585
1.073
0.5218
0.665
0.4179
0.2832
1.189
1.985
0.9089
1.075
0.9537
0.9753
0.6067
0.2984
1.243
1.192
1.322
2.574
0.4739
1.357
1.297
0.7757
0.788
0.504
0.7314
1.906
1.959
0.5416
1.976
0.389
0.697
0.5893
1.47
0.5286
0.6697
1.239
1.868
1.471
1.919
0.5011
0.8651
1.542
1.941
0.3646
0.6278
0.6107
0.5041
0.3014
1.344
2.211
0.5667
0.5831
0.8722
0.3364
1.086
1.272
0.6815
1.568
1.437
2.182
2.616
0.9637
2.331
0.0
2.102
2.519
12.93
3.245
7.413
3.369
6.55
1.482
3.074
3.448
1.816
7.364
0.0
1.729
5.639
4.934
2.754
13.05
3.822
4.556
2.512
2.739
3.202
12.65
5.016
3.024
1.92
2.196
2.511
2.345
3.467
1.772
2.39
1.808
4.433
0.8686
3.726
1.235
2.804
13.0
1.777
1.937
4.156
3.505
6.916
13.14
5.907
4.859
6.954
5.055
4.124
3.801
2.956
4.843
2.401
2.23
2.935
1.558
5.593
2.04
0.0
1.083
0.3527
3.883
1.028
2.1
1.873
12.8
4.036
3.574
3.567
2.995
1.126
2.592
12.95
2.851
3.175
1.555
3.726
3.789
4.841
7.448
0.0
2.088
3.418
2.271
2.096
2.475
13.02
4.347
2.344
1.399
3.481
1.475
8.682
2.325
1.156
3.088
7.823
4.125
1.46
2.745
2.186
2.291
1.332
0.9683
0.8202
2.132
2.921
4.433
1.269
12.53
2.465
4.491
2.291
2.6
2.244
0.0
4.782
2.44
0.6318
3.385
3.329
1.319
4.992
8.077
4.429
0.0
2.446
2.556
6.397
3.27
7.092
2.415
3.028
3.457
3.811
2.026
1.199
3.391
2.919
4.792
3.53
12.36
4.437
2.198
2.362
1.643
4.009
3.414
1.515
2.207
7.09
5.656
3.217
0.9918
1.08
3.383
13.18
1.413
2.131
8.26
2.99
12.78
2.025
3.983
3.838
2.511
6.449
1.028
12.76
3.88
1.096
1.97
4.613
4.625
2.368
7.135
2.802
2.629
3.088
2.583
2.869
2.403
4.521
1.775
2.439
3.493
3.12
2.474
5.6
0.5706
3.125
2.705
12.92
0.0
1.69
3.208
2.411
3.612
2.686
2.708
7.01
3.387
7.589
2.707
3.631
3.355
3.135
4.478
3.335
12.68
4.819
3.08
12.68
3.566
2.558
2.12
12.93
6.617
0.0
12.94
2.215
2.85
0.0
1.768
1.465
2.562
12.78
3.541
2.405
1.363
3.195
3.552
13.12
2.083
1.825
3.997
2.169
7.235
1.627
2.039
4.221
2.938
2.95
2.842
13.13
0.8481
4.693
3.535
3.517
13.34
3.158
2.904
1.323
1.303
1.669
4.781
1.873
0.0
1.321
0.0
6.616
12.82
4.591
2.221
3.027
2.655
4.903
6.092
1.803
1.561
12.92
4.121
2.38
0.9196
3.652
3.547
2.649
9.276
2.968
0.0
2.813
3.807
1.31
2.408
12.67
1.989
2.21
2.119
12.36
2.454
1.288
3.558
12.87
2.547
5.735
6.534
2.623
3.284
2.064
2.814
3.845
0.9075
2.494
2.044
11.73
12.57
2.919
2.061
1.768
4.645
0.0
4.497
0.0
0.6259
0.0
2.202
3.303
1.99
0.0
2.162
2.578
4.029
2.533
2.754
3.652
1.468
1.841
3.797
0.0
3.797
3.241
3.851
2.843
1.208
8.679
1.58
1.247
1.673
0.8604
2.264
3.792
3.967
0.8032
3.679
0.0
2.927
2.098
2.265
6.239
1.767
2.703
5.304
1.9
0.0
1.271
3.531
2.178
12.96
12.98
1.494
1.923
3.903
3.316
3.676
2.371
1.332
4.141
12.97
3.339
3.22
1.308
2.262
1.773
3.351
2.496
3.735
2.438
2.627
2.296
13.74
2.884
0.0
4.026
1.973
11.48
2.863
4.333
5.756
12.68
7.866
2.292
1.947
1.822
2.183
7.279
2.428
4.956
4.586
1.963
12.92
3.896
4.582
4.75
1.511
8.012
3.322
1.529
2.235
4.582
12.39
4.511
2.688
3.912
1.834
3.107
4.763
4.895
4.053
2.388
3.902
1.729
13.17
5.081
2.718
2.535
2.359
1.735
1.756
1.487
0.8455
2.474
1.652
7.171
3.043
2.76
12.51
3.376
1.869
3.084
1.228
12.77
2.125
7.744
1.678
4.636
3.335
2.513
7.505
3.211
2.494
2.474
3.065
1.703
7.989
1.589
3.733
4.255
1.308
5.203
1.064
5.799
4.266
3.643
2.418
4.136
2.06
2.813
12.64
4.148
3.054
0.0
3.063
2.618
1.89
3.744
2.533
2.781
4.971
0.0
1.327
2.325
2.562
2.227
1.841
2.713
3.748
1.794
2.885
0.0
10.52
12.91
2.787
2.069
1.824
2.213
1.482
0.8479
3.676
3.373
2.892
3.936
1.973
3.267
4.453
3.326
1.919
5.716
3.502
2.57
2.494
2.158
1.593
2.111
2.369
3.367
4.043
4.225
2.0
1.857
1.729
2.326
4.452
1.707
6.575
12.07
5.67
2.854
2.058
1.897
1.948
3.54
2.571
2.497
3.748
2.947
3.262
12.67
2.397
0.0
0.8942
0.0
1.736
1.479
1.912
1.553
4.05
1.212
2.17
1.846
2.656
2.201
1.493
1.591
4.821
12.77
2.242
2.045
0.7716
2.34
2.486
12.4
3.757
2.142
11.96
4.171
3.049
7.636
2.058
1.555
0.0
1.982
0.0
1.45
1.522
1.772
2.338
1.517
1.875
7.426
1.441
1.443
2.835
2.744
3.513
2.829
2.33
1.139
2.049
2.696
0.9516
1.523
6.512
13.01
3.012
1.927
4.093
2.517
2.121
7.823
2.964
6.446
0.0
2.556
0.9603
12.78
2.324
1.897
1.388
1.506
7.243
2.341
3.947
13.3
4.481
12.21
1.948
1.699
1.802
2.931
1.428
1.565
3.02
2.809
2.788
1.97
2.404
13.11
1.675
3.165
2.773
4.069
1.577
2.177
1.209
1.419
2.311
4.494
2.087
4.34
12.8
0.9779
1.744
7.308
2.926
3.027
1.86
2.919
2.011
3.569
2.865
2.538
0.7724
5.405
1.986
5.377
2.388
3.503
1.944
2.705
0.0
0.7535
0.0
5.275
13.0
4.245
0.9301
0.6814
0.0
2.421
0.0
13.29
3.448
5.973
1.06
3.753
2.032
3.397
1.86
3.868
1.229
1.828
3.236
1.989
3.067
2.107
2.95
3.824
2.958
2.223
3.969
1.72
12.92
3.817
13.09
1.19
2.478
2.505
6.267
1.421
2.767
6.898
4.277
8.905
13.23
0.8327
5.052
1.495
2.207
2.422
1.73
1.371
5.084
3.199
3.75
3.083
12.56
2.5
4.125
12.8
1.576
3.848
2.616
1.737
1.799
2.503
2.881
2.076
11.43
1.78
12.79
1.216
2.029
3.066
0.8475
6.008
2.181
6.002
2.035
2.304
0.9651
3.734
1.277
1.148
4.756
1.519
2.138
1.394
2.304
2.791
2.453
5.358
2.723
2.889
12.49
6.439
2.627
0.0
1.907
2.621
5.129
6.383
2.778
4.318
1.162
3.579
4.217
1.112
0.0
3.108
3.587
4.156
1.383
2.406
2.341
12.96
3.837
12.97
1.152
2.718
7.831
2.03
1.767
1.804
2.848
0.9592
6.645
7.919
3.977
3.431
2.77
2.919
6.942
2.239
2.181
1.881
5.481
3.529
12.89
2.239
1.946
2.625
4.461
2.931
2.239
3.262
0.7263
2.855
2.487
12.8
1.696
2.173
13.14
1.184
1.251
12.96
4.055
1.098
2.223
8.16
4.958
2.09
1.473
2.316
2.373
3.195
2.747
12.92
3.284
12.79
2.124
1.708
1.289
2.521
6.57
1.958
3.01
6.849
0.0
2.118
1.019
3.625
2.101
4.522
3.62
1.911
1.916
2.109
4.923
1.429
0.0
7.873
12.82
12.15
4.013
3.315
5.624
3.038
3.925
2.543
1.97
2.268
2.429
3.496
3.33
2.042
5.434
1.673
4.657
2.641
2.066
3.408
1.826
2.154
2.576
3.134
6.808
2.92
2.094
2.057
3.014
0.0
2.799
8.023
1.693
3.828
3.751
2.715
3.181
2.873
3.729
3.26
4.708
1.858
6.105
2.629
1.914
1.212
1.556
1.074
0.0
2.275
1.413
1.611
12.86
1.388
1.377
2.927
0.693
2.615
2.237
1.141
0.9036
3.193
0.8815
1.575
2.509
2.134
2.64
2.314
3.546
1.412
1.829
1.272
3.286
12.78
4.867
3.463
4.378
2.68
2.171
7.348
1.706
3.411
3.632
0.6127
2.215
1.394
0.0
1.397
1.485
2.886
1.38
4.193
3.347
13.36
3.728
12.8
2.93
2.443
1.898
1.971
3.131
1.717
1.447
1.547
3.472
3.357
1.506
0.0
2.474
4.742
2.289
3.539
1.078
2.206
1.822
2.899
1.661
3.608
4.155
1.177
0.0
1.789
1.752
0.0
0.0
2.209
1.367
4.633
2.22
3.01
2.303
0.8438
1.095
1.664
3.012
3.506
2.643
1.42
2.321
3.743
6.061
1.314
2.492
2.906
2.731
2.338
0.0
2.841
12.74
3.366
0.0
3.056
2.293
0.0
0.0
1.219
1.354
6.043
12.52
3.051
7.382
1.959
1.6
3.324
9.906
13.17
5.591
1.48
2.493
2.583
1.828
2.146
2.269
2.199
2.815
5.11
0.9512
0.0
5.482
5.485
1.271
3.061
0.9264
3.143
2.516
3.528
3.941
2.864
1.773
2.563
2.356
3.575
3.704
2.065
2.347
3.577
0.9827
2.789
2.976
3.753
2.679
4.831
5.022
0.5346
1.853
6.733
12.78
2.913
2.442
2.712
1.725
2.48
4.177
2.873
1.348
4.504
1.695
1.656
3.021
2.333
1.944
3.179
1.753
2.71
1.348
7.892
1.181
8.44
2.937
0.0
13.37
1.92
3.587
1.12
1.647
7.661
2.043
2.786
1.481
3.265
3.532
1.342
2.751
1.929
1.895
2.048
3.56
1.38
2.527
3.32
6.939
3.169
6.689
0.0
4.739
1.623
2.533
4.048
12.92
1.73
1.326
2.612
2.617
0.6685
3.827
2.669
2.333
2.442
8.346
2.231
13.08
3.748
2.936
1.227
2.187
2.911
4.182
1.73
1.552
3.556
2.509
12.68
4.321
5.611
2.964
0.0
0.0
2.468
13.03
13.04
6.555
2.251
3.364
1.91
7.437
4.306
2.829
2.538
0.3606
2.489
2.529
1.642
4.182
2.659
3.613
2.541
13.22
3.584
2.508
14.0
6.063
2.406
1.73
2.758
3.359
1.999
2.655
2.342
2.839
2.174
0.0
3.548
12.66
2.218
0.617
4.036
0.7535
3.447
4.0
2.152
2.53
6.677
2.156
2.803
0.9002
1.881
1.845
1.972
4.737
2.464
2.96
3.597
2.753
0.0
0.8165
3.53
1.33
5.779
1.28
8.453
0.0
1.247
2.386
5.472
3.465
1.382
1.467
4.516
5.422
0.0
1.605
1.008
1.159
0.0
12.32
2.885
2.132
7.94
3.074
2.207
3.288
1.481
0.9856
0.7905
2.728
3.711
2.636
4.289
4.97
3.826
0.0
3.904
2.326
4.045
2.579
4.029
1.338
3.179
3.453
2.518
3.6
1.794
4.178
3.753
13.15
12.82
4.341
1.688
6.9
12.93
2.758
13.27
13.97
5.23
3.126
1.588
4.014
3.542
0.0
1.071
2.745
3.089
1.657
5.542
3.494
12.94
2.431
1.835
6.718
12.97
1.399
2.441
1.965
3.753
2.149
0.0
1.808
1.973
12.62
13.03
3.875
1.796
2.927
3.312
8.321
12.88
3.284
1.197
13.59
3.493
6.989
7.326
4.758
6.776
2.054
2.723
1.905
0.0
1.913
2.564
2.803
0.0
2.674
2.57
2.784
0.0
1.544
2.609
1.078
12.98
3.77
3.082
7.465
12.79
12.66
5.18
2.044
8.265
1.757
1.693
3.229
1.093
1.484
2.566
3.796
2.422
1.964
4.066
2.368
7.255
13.52
5.677
4.13
12.48
2.253
2.443
4.299
9.948
1.997
0.0
1.941
2.763
3.089
1.809
0.0
4.57
12.91
12.52
2.43
3.637
1.784
1.903
5.592
2.864
2.522
2.599
2.404
11.65
2.058
2.726
5.101
1.387
1.179
2.472
4.568
0.0
0.0
1.412
12.65
0.0
1.013
12.79
2.591
2.208
1.761
2.11
7.535
2.143
1.974
1.352
3.683
3.042
1.693
0.0
3.509
3.225
2.683
0.0
1.184
2.15
12.87
3.953
3.402
3.058
3.908
2.969
5.505
0.0
1.739
1.382
3.03
1.95
1.969
12.98
5.013
2.105
2.922
2.262
2.771
4.578
3.04
2.046
1.839
3.774
2.621
12.92
1.618
1.017
6.991
12.68
13.52
6.614
3.613
12.77
0.8874
5.841
1.565
4.077
3.939
1.518
0.0
1.861
1.371
2.981
1.843
4.316
3.269
0.0
6.064
3.371
3.872
6.473
0.0
1.804
2.165
2.738
2.467
1.769
1.794
2.782
3.259
0.8839
0.0
2.689
3.418
2.024
6.334
7.623
1.917
1.817
1.602
0.0
7.715
4.002
2.198
0.0
0.9146
0.0
1.444
12.58
2.053
1.592
1.906
1.272
0.6678
2.556
1.202
8.146
3.34
2.164
12.87
2.83
2.375
2.141
3.531
1.371
2.116
4.298
2.838
2.93
3.177
2.663
3.653
1.279
3.803
0.0
2.146
3.535
2.673
3.429
12.82
1.93
2.25
2.35
12.35
1.582
1.716
4.198
2.604
3.375
2.024
1.562
2.194
2.034
2.457
3.139
4.136
1.496
2.357
3.455
2.992
2.803
1.578
1.758
1.965
0.0
1.953
2.107
2.461
3.637
1.758
2.18
3.289
3.2
2.356
3.162
4.078
5.02
3.87
5.166
2.108
13.17
4.004
12.27
2.863
3.617
4.184
1.465
1.716
2.825
3.407
0.8468
3.232
1.818
2.736
1.927
13.04
0.0
6.45
0.0
3.928
5.648
0.4273
5.305
12.82
1.257
1.654
1.739
4.059
1.793
0.0
3.124
3.815
1.854
0.0
3.251
5.837
0.0
2.73
3.495
2.085
2.267
3.406
2.248
2.564
4.338
4.698
2.055
2.907
12.65
1.749
7.294
1.083
2.802
1.846
5.319
1.11
1.595
2.486
2.503
3.553
2.087
0.8866
12.99
0.9522
4.157
1.485
4.749
1.193
2.231
0.6546
3.434
7.633
1.578
2.35
3.873
2.264
2.6
3.791
8.212
2.315
1.836
2.704
1.43
12.74
3.03
4.201
1.689
3.681
2.62
2.785
1.551
2.435
0.0
3.189
13.23
2.208
3.338
2.766
1.227
4.266
1.559
6.494
2.771
0.7897
12.84
1.123
12.96
2.712
13.11
1.538
1.544
12.94
2.146
1.589
2.43
0.0
1.931
3.917e-08
0.8551
2.3
1.438
0.7011
1.931
1.475
12.45
1.254
3.014
1.672
12.86
5.239
1.379
2.774
2.192
1.586
1.791
1.115
2.351
2.26
1.309
1.389
1.28
1.671
3.122
1.63
2.201
7.246
1.769
3.752
1.624
2.475
3.142
2.557
3.584
4.445
13.08
1.921
2.651
1.853
2.76
1.735
1.726
2.013
3.954
1.875
6.75
2.298
2.876
2.367
3.978
1.914
2.308
2.221
2.16
2.842
2.141
3.287
3.636
3.554
8.378
13.05
3.073
2.749
2.444
3.683
1.735
2.766
3.165
12.94
5.681
5.251
3.146
1.719
1.562
0.7319
1.481
1.831
11.67
10.56
1.272
3.864
1.481
1.424
17.31
1.831
1.51
1.831
1.507
1.773
2.419
2.823
1.694
2.576
14.15
1.685
1.468
1.764
14.19
5.021
1.851
1.33
13.96
8.317
3.304
3.245
6.48
2.407
10.01
4.741
3.955
2.259
3.177
3.392
5.714
2.043
12.7
2.908
4.998
4.096
12.96
8.344
3.05
2.335
2.583
1.927
2.519
2.932
8.125
1.241
5.838
12.84
2.562
2.13
1.707
3.499
3.147
3.866
6.127
4.311
2.62
4.227
1.958
2.448
4.11
3.055
2.429
3.041
3.674
2.695
2.647
6.667
5.695
5.319
3.601
3.115
2.448
2.911
2.455
3.726
2.267
2.358
2.328
1.928
6.66
12.83
8.353
