0.9952
1.0
1.0
0.9765
0.8934
1.0
1.0
1.0
0.7785
0.964
1.0
0.9576
0.9923
0.6187
1.0
1.0
0.7433
0.9931
0.9835
0.8861
1.0
0.9875
0.6174
0.9142
0.6551
1.0
1.0
0.9129
0.5
0.9437
0.9806
1.0
0.9845
0.9845
0.7385
0.9915
0.998
1.0
0.9977
0.7658
0.9492
0.9897
0.5746
0.9944
0.9746
0.9831
0.9692
1.0
0.8975
0.5059
0.9802
1.0
0.9839
0.9678
0.954
0.8011
0.8374
0.9666
0.9824
1.0
0.9966
0.9671
0.9871
0.9543
1.0
0.9581
1.0
0.8774
0.9624
1.0
0.9279
0.9701
0.7829
0.974
0.9072
1.0
0.9722
0.9772
0.6732
0.8835
0.9669
1.0
0.9746
0.9904
0.9607
1.0
0.8615
0.9799
0.9759
0.9836
0.9992
1.0
1.0
0.9775
0.7754
0.9718
0.8858
0.9336
0.7278
0.9683
0.9745
0.9872
0.9617
0.9621
1.0
1.0
0.8066
0.931
0.9948
0.905
0.9985
0.9297
0.986
1.0
0.9543
0.9657
1.0
0.8046
1.0
1.0
1.0
0.9954
1.0
0.9795
0.9842
0.9371
0.9948
0.9784
0.9463
0.8297
1.0
1.0
1.0
0.91
0.5381
0.9503
0.9926
0.9782
1.0
0.9888
1.0
0.9546
0.9769
0.9846
0.543
0.9666
1.0
0.9367
0.9529
1.0
0.9847
0.9903
0.8982
0.9847
0.9878
0.8676
0.9183
0.9874
1.0
0.8175
0.9735
1.0
0.9892
0.5981
1.0
1.0
1.0
1.0
0.9922
0.5243
0.8096
0.976
0.854
0.9773
0.9675
1.0
0.9857
0.9353
0.9961
1.0
0.9969
1.0
1.0
0.9073
0.8369
0.9771
1.0
1.0
0.884
0.9219
0.9879
0.5718
0.4832
0.9145
0.9414
1.0
0.9758
0.9838
0.9754
1.0
0.9073
0.9951
0.8399
0.9126
0.664
0.5764
1.0
0.605
0.86
0.9502
0.9199
1.0
0.9918
0.9397
0.9955
1.0
0.884
0.754
0.6203
1.0
0.9906
0.5203
0.9756
0.8976
0.7498
0.926
0.9623
0.5666
0.8983
0.8028
1.0
0.9903
0.5657
0.4381
0.9816
0.6902
0.8574
1.0
1.0
1.0
0.9968
1.0
0.9536
0.8445
1.0
1.0
0.9523
0.9558
0.9907
0.987
1.0
0.983
1.0
0.9889
1.0
0.2339
0.7676
0.9373
1.0
0.9409
0.9939
1.0
0.9731
1.0
1.0
0.3573
1.0
0.9714
0.9864
0.9887
1.0
0.9952
0.9911
0.9767
0.7986
0.9705
1.0
1.0
0.9181
1.0
1.0
0.9305
0.9756
0.9525
0.9908
1.0
0.9817
1.0
1.0
0.8116
0.6111
0.9831
0.6946
0.9957
0.9598
0.8479
1.0
0.9798
0.566
0.8095
0.9497
0.9677
1.0
1.0
0.9807
1.0
0.8363
0.9764
0.8789
0.9268
0.9607
0.8128
0.9792
0.9506
0.9899
0.8941
0.9717
0.989
0.949
0.9915
0.8884
0.9607
0.8813
0.9681
0.9383
0.9706
0.8471
0.9364
0.9787
0.9106
0.9849
0.5683
0.9269
0.5763
0.8948
0.9742
1.0
0.9667
0.9607
0.564
0.9595
0.8688
0.891
0.9722
1.0
0.5853
1.0
0.9879
1.0
0.991
0.9108
0.5
0.9417
1.0
0.9032
0.9659
1.0
1.0
0.913
0.8422
0.9618
0.977
0.5161
0.897
1.0
1.0
0.8253
1.0
0.971
1.0
1.0
0.7489
0.7885
0.9443
0.9312
1.0
0.9302
1.0
1.0
1.0
1.0
1.0
0.9696
0.9594
0.9892
0.6528
0.9529
0.9813
0.878
0.9907
1.0
0.9959
0.8995
1.0
0.9
0.9142
0.9661
0.9708
0.9953
0.9937
0.5972
1.0
1.0
0.9943
1.0
0.9683
0.9956
0.987
0.843
0.9883
1.0
0.8903
1.0
0.9822
0.9701
0.9024
0.9596
1.0
0.9823
1.0
0.9797
1.0
1.0
1.0
0.9327
0.936
0.9808
0.7617
1.0
0.8275
0.981
0.9879
1.0
1.0
0.8052
0.9704
0.978
0.9626
0.9793
1.0
0.5
1.0
1.0
0.9337
0.8636
1.0
1.0
0.6797
1.0
0.1955
0.8716
0.9215
0.8068
0.9868
0.989
0.6052
0.9913
0.8413
1.0
0.759
0.9682
1.0
0.9816
0.9219
0.9544
0.9831
0.9696
0.9684
0.9203
0.9982
0.9915
0.5
0.9521
0.9904
0.4559
0.9216
0.9901
0.9956
0.9214
1.0
1.0
0.7837
0.9045
0.9598
0.8211
0.9737
0.9909
1.0
1.0
0.9855
0.8369
0.8772
0.8853
0.9845
0.9953
1.0
0.7727
1.0
0.6862
1.0
1.0
0.97
1.0
0.9595
1.0
0.9548
0.9695
0.991
0.9927
0.9646
0.9874
1.0
1.0
0.9829
0.9289
1.0
0.9896
0.9694
0.9019
0.994
0.9453
0.9356
0.997
0.9845
0.9959
0.9721
0.9416
0.9887
0.5582
0.9706
0.9496
0.9942
0.8752
0.3092
0.9633
1.0
0.9854
0.9495
0.9264
0.9241
0.9757
0.9943
1.0
0.9877
0.9857
0.9199
0.8688
0.972
0.9555
0.9559
1.0
0.7983
0.9742
0.9951
0.9327
1.0
0.9969
0.9459
1.0
1.0
0.9358
0.9792
1.0
0.8957
1.0
0.9713
0.6712
0.9905
0.992
1.0
0.9823
1.0
0.9736
1.0
1.0
0.9856
0.9364
0.9435
0.7775
1.0
0.9871
1.0
0.9882
1.0
0.9771
0.8058
0.9419
0.9736
1.0
1.0
0.9907
0.8796
1.0
0.9882
0.9521
0.9549
0.8061
0.9946
0.9845
0.9647
1.0
0.9576
1.0
0.9027
1.0
0.9862
0.7755
0.9331
0.9789
0.9702
1.0
0.8072
0.8006
1.0
0.8499
0.6655
1.0
0.8786
1.0
0.9758
1.0
0.9366
0.9352
1.0
0.9709
0.9916
1.0
0.9087
0.9819
0.9253
1.0
1.0
1.0
0.9158
0.5203
1.0
0.9853
0.9012
0.8312
0.9606
0.9837
0.5415
0.9884
0.6116
0.9584
1.0
0.9309
0.9088
0.6742
0.8826
1.0
0.949
0.7277
1.0
0.9963
0.9384
0.9887
1.0
0.992
1.0
0.9438
0.999
0.993
0.785
0.91
0.8072
0.8988
1.0
0.9842
0.9949
0.9633
1.0
0.7943
1.0
0.9
1.0
0.9108
0.5975
0.9876
0.6375
1.0
0.9659
0.9492
0.4428
0.9437
0.8134
0.8945
0.9905
1.0
0.9982
0.7166
0.8481
0.9565
0.9607
0.8674
0.9748
1.0
1.0
1.0
0.7668
0.9386
1.0
0.9985
0.8926
0.9302
0.9986
1.0
0.8389
0.9799
0.9839
1.0
0.886
1.0
0.9562
0.923
1.0
1.0
0.9845
0.9619
0.9577
0.7627
0.933
0.5323
0.966
0.8838
1.0
1.0
0.8369
0.9658
0.9901
1.0
0.5681
0.9561
1.0
0.9866
0.5027
0.9123
1.0
0.6111
0.978
0.6997
1.0
1.0
0.8345
1.0
0.9083
1.0
0.9241
0.9633
1.0
0.9704
0.8756
1.0
0.924
0.9584
0.9337
0.9907
0.9422
0.9223
1.0
0.992
1.0
0.9065
0.9843
0.8389
0.9598
0.9365
1.0
0.9647
0.9982
0.9885
0.6902
0.9357
0.9536
0.8773
0.9524
0.8903
0.9588
0.9909
0.9992
1.0
0.9729
0.9951
1.0
1.0
0.9691
0.7823
0.9234
0.925
1.0
1.0
0.9503
0.6229
0.9714
0.9806
0.9092
0.9221
0.9447
1.0
0.9704
0.9377
0.9951
1.0
0.8957
1.0
0.9683
0.6625
0.994
0.9638
0.5528
1.0
1.0
0.9905
0.6091
0.9853
0.7467
1.0
0.9531
1.0
0.8404
0.8623
0.4633
1.0
1.0
1.0
0.9221
0.9034
1.0
1.0
0.9354
0.9438
1.0
0.9914
0.9284
0.9581
1.0
0.926
1.0
1.0
0.9241
0.9628
0.9865
0.9393
0.9707
0.9968
0.8055
0.9714
0.985
0.9645
0.9311
0.93
0.7854
1.0
0.9903
0.9902
0.973
0.9948
1.0
0.9523
0.9325
1.0
0.6908
0.8403
1.0
0.9775
1.0
1.0
0.9301
0.83
0.9608
0.7589
1.0
0.9842
1.0
0.9856
1.0
0.8861
0.959
0.9608
0.6633
0.8354
0.955
1.0
0.4989
0.9276
0.9888
0.9746
0.9964
1.0
1.0
0.9709
0.9871
0.9771
1.0
0.9837
0.9861
1.0
0.7317
1.0
1.0
0.8298
0.9968
1.0
0.9781
0.963
0.6276
0.8464
1.0
1.0
0.977
0.9598
1.0
0.6232
1.0
0.8788
0.7917
0.9606
0.8454
0.9668
0.9497
0.9651
0.9929
1.0
1.0
0.9447
0.4193
0.9942
0.8782
0.7706
0.9565
0.8777
0.9899
0.9597
0.9585
0.4411
0.9351
0.9394
1.0
0.982
1.0
0.4711
0.9215
0.9776
0.8998
0.9807
0.9778
0.9805
0.9979
0.9086
0.6229
1.0
0.5147
0.9765
1.0
1.0
1.0
0.9584
1.0
0.9302
1.0
0.9249
0.8599
0.822
0.9639
0.6307
0.9334
0.9444
0.99
0.928
1.0
0.9626
1.0
0.8879
0.9669
0.8577
0.6523
0.9857
1.0
0.8418
1.0
1.0
0.9936
0.9139
0.9496
0.9643
0.9797
0.9187
0.9305
0.6894
1.0
0.5487
0.5
0.9342
0.9496
0.647
0.9968
0.9122
0.8771
0.8174
0.9364
0.9634
1.0
1.0
0.9403
0.9678
1.0
0.8864
0.9465
0.9532
0.9826
0.9325
1.0
1.0
0.8818
1.0
0.7727
0.9548
0.8692
0.9284
0.9917
0.4893
0.9733
0.9826
0.5207
1.0
0.8269
0.9212
0.7416
0.9219
0.9843
0.8243
0.8625
0.9631
0.9947
0.9819
0.6576
1.0
1.0
0.9593
0.7642
0.8962
0.9812
0.9252
1.0
1.0
0.9692
1.0
0.9972
0.9142
0.875
1.0
0.821
0.8814
0.9709
0.9879
1.0
0.8083
0.5773
1.0
0.9436
0.9037
0.9336
0.9653
0.9862
0.9617
0.866
1.0
1.0
1.0
0.4296
1.0
0.9801
0.9902
0.9682
0.9732
0.9357
0.9578
0.9591
0.9602
0.9762
0.8398
1.0
1.0
0.9626
1.0
0.9309
0.9794
1.0
0.9375
1.0
0.9962
0.9622
0.9847
0.9742
0.9609
1.0
1.0
1.0
1.0
1.0
1.0
1.0
0.9582
0.785
0.9472
0.971
0.9387
0.9633
0.8113
0.9676
0.963
0.984
1.0
0.7466
1.0
0.95
0.9397
1.0
1.0
0.6489
0.9935
1.0
0.9714
0.7126
0.9874
0.9904
0.9745
1.0
0.9802
1.0
0.925
0.8442
1.0
0.9756
0.963
1.0
0.4438
1.0
0.8599
0.8291
0.9327
0.9738
0.8221
0.9837
0.9369
0.9752
0.9754
1.0
0.9859
1.0
0.7321
0.6486
0.547
0.9927
0.2027
0.9654
0.9935
0.9935
0.9182
0.7921
0.9959
0.9639
1.0
1.0
0.9825
0.8889
0.9884
0.9465
0.9067
0.9658
1.0
0.7576
1.0
0.9759
1.0
0.392
0.8413
1.0
1.0
0.9587
1.0
0.9852
1.0
0.9139
0.9622
0.9981
1.0
0.9509
0.9857
1.0
0.8454
0.9505
0.9816
1.0
1.0
0.9826
0.9785
0.9577
0.9634
0.9679
0.9333
0.9586
0.931
1.0
0.9047
0.4468
1.0
0.987
0.9833
0.9515
0.7195
0.958
0.8625
1.0
0.9559
0.9839
1.0
1.0
1.0
0.9598
0.9619
0.988
0.9261
0.9776
0.6908
0.9918
0.9928
1.0
0.9168
0.9851
1.0
0.9767
1.0
0.964
0.5668
0.9551
1.0
0.9764
0.7732
0.9866
0.8803
0.9285
1.0
0.9537
0.55
1.0
0.7837
0.9774
0.8154
1.0
0.9894
1.0
0.8915
0.9726
0.981
1.0
0.9855
0.9921
1.0
0.949
0.9131
0.767
0.8128
0.9932
0.9694
0.9904
1.0
0.8799
0.9785
0.8689
0.9518
0.8826
0.8335
1.0
0.9828
0.8674
0.9808
1.0
0.9364
1.0
0.8599
0.9601
0.954
1.0
0.9836
1.0
0.6016
0.9776
0.708
0.9126
0.918
0.9944
0.9497
0.8206
1.0
0.8269
0.9945
0.8756
0.9227
0.829
1.0
0.9815
0.9852
0.9619
0.9939
0.83
1.0
0.5
0.9955
0.9436
0.9704
0.5171
1.0
0.9843
1.0
0.9734
0.994
0.9882
0.9704
1.0
0.9993
0.9837
0.7058
1.0
0.978
0.5577
1.0
0.9438
1.0
0.9972
0.9862
0.9812
0.9311
1.0
0.7274
0.981
0.9056
1.0
0.992
0.9699
0.9801
0.9681
0.6165
0.9484
0.9943
0.8896
0.9646
0.9674
0.4624
0.9855
0.9811
0.9606
1.0
0.9652
1.0
1.0
1.0
0.9579
0.9696
1.0
0.8589
0.9949
0.9234
0.9961
0.981
0.9798
0.9687
0.9601
0.6992
0.9515
1.0
0.9932
1.0
0.9954
0.9882
1.0
1.0
0.9765
0.9906
0.5886
1.0
1.0
0.9753
0.8943
0.9935
0.8465
1.0
1.0
1.0
0.9612
0.9759
1.0
0.9917
1.0
0.885
1.0
1.0
0.977
0.9829
1.0
0.822
1.0
0.9174
0.9866
1.0
1.0
1.0
0.9484
0.9975
0.958
0.9965
0.9421
0.7937
0.9503
0.9901
0.9662
0.9898
0.9941
0.9246
0.6111
0.9918
0.9289
0.9781
0.9623
0.9924
1.0
0.965
0.9788
0.9834
0.8688
1.0
1.0
0.9307
0.7577
0.6244
0.8826
1.0
1.0
0.9227
0.9215
1.0
0.9591
0.978
0.964
0.8229
0.8314
0.9813
0.4438
1.0
1.0
1.0
1.0
0.9742
0.9928
1.0
0.9908
0.965
1.0
0.7524
0.9904
0.8732
1.0
0.6644
0.7267
1.0
0.5718
0.8986
0.8846
0.9776
0.8298
0.9352
0.8932
0.9878
1.0
1.0
0.9591
1.0
0.9882
0.8941
0.9418
0.9777
0.9657
0.9346
0.9655
0.9879
1.0
0.9828
0.9371
0.936
1.0
0.9526
0.9722
0.9776
1.0
1.0
0.7194
0.4905
0.9177
1.0
0.9713
0.9298
1.0
1.0
1.0
0.9481
1.0
0.9713
0.7051
1.0
0.8232
1.0
0.9764
0.8687
1.0
0.884
0.9552
1.0
0.9765
0.9947
0.9926
0.9804
0.9972
1.0
1.0
0.9961
0.9805
0.9892
1.0
1.0
1.0
0.6633
0.9836
0.99
0.9943
0.5498
0.2834
1.0
1.0
0.9858
0.9929
0.7755
0.9639
1.0
0.9463
0.8896
0.9554
0.9841
0.8558
0.3894
1.0
0.9657
1.0
0.9598
1.0
0.6335
0.9916
0.9755
1.0
0.9138
1.0
1.0
0.8749
0.9912
0.338
0.9856
0.9929
0.9607
0.6655
0.9181
0.9709
0.9837
0.5487
0.8151
1.0
0.4719
0.9883
0.9711
0.7891
0.5755
0.9852
1.0
0.9427
1.0
0.8967
1.0
0.9856
1.0
1.0
0.9866
0.986
0.9843
0.7868
0.9496
0.873
0.98
0.972
0.912
1.0
1.0
0.9769
0.9849
0.8036
0.9033
0.609
0.8818
0.5397
0.9401
1.0
0.8531
0.9779
0.9714
0.9949
0.5965
0.9415
1.0
0.9405
0.5566
0.9615
1.0
0.9909
0.9231
1.0
0.9871
0.9746
0.9397
0.9836
1.0
0.9786
0.9369
0.9608
0.8236
0.981
0.849
0.9911
0.7923
0.9698
0.9803
0.9759
0.853
1.0
1.0
1.0
0.6644
1.0
0.9522
1.0
0.9891
0.8746
0.9977
0.9872
1.0
0.9503
0.9962
0.9607
0.9278
0.96
0.9606
0.7274
1.0
0.8481
1.0
1.0
0.7872
0.9581
0.9752
0.9773
0.9691
0.9763
1.0
1.0
0.9889
1.0
1.0
0.8095
0.9874
0.5487
0.3882
0.8819
0.9573
1.0
0.9963
1.0
0.9762
0.9884
0.9711
0.9973
0.9602
1.0
0.977
0.9888
1.0
0.9946
0.9755
0.8363
0.9986
1.0
0.9837
0.8814
0.9291
1.0
1.0
0.8359
0.5849
1.0
0.9981
1.0
1.0
0.95
1.0
0.9958
0.9417
0.9843
0.5002
0.999
1.0
1.0
0.9704
1.0
1.0
0.9774
0.9364
0.9932
0.91
0.5
0.934
0.979
0.5705
0.572
0.9776
0.9908
0.9957
1.0
0.9601
0.7287
0.9403
0.9366
0.9849
0.8768
0.448
1.0
1.0
1.0
0.8754
0.9497
0.9896
0.982
0.9836
0.9369
0.9698
0.5686
0.9853
0.9899
0.9353
0.9736
0.951
1.0
0.9955
0.8545
0.9269
0.9887
0.9676
0.8583
0.8988
0.7473
0.9887
1.0
1.0
0.9925
0.9923
0.9327
0.9678
0.8442
0.7338
0.9985
0.8254
0.9823
1.0
0.8877
1.0
1.0
0.9024
0.4895
1.0
0.9656
0.9828
0.9844
0.9314
0.9155
0.9825
1.0
0.9253
0.8254
0.9497
0.5171
1.0
0.6407
1.0
0.9693
1.0
0.3988
0.9948
0.9607
0.917
0.9797
0.9631
0.9934
0.93
0.7621
0.9789
0.983
0.9655
0.904
0.9358
0.9794
1.0
0.9389
0.9704
0.9677
0.9967
0.9563
0.9171
0.9771
1.0
0.9768
0.9785
1.0
0.947
0.9777
1.0
1.0
0.9729
0.9733
0.9319
1.0
0.9722
0.8978
1.0
1.0
0.999
0.9864
0.9714
0.9863
0.9561
0.7446
0.5838
0.9865
0.9597
0.6655
0.9606
0.808
1.0
0.555
0.9468
0.9587
0.8943
0.5
1.0
0.9764
0.9933
0.8233
0.9538
0.9828
0.9711
0.8845
0.9555
0.9874
0.9305
0.9942
0.8354
0.5573
1.0
0.9752
0.9944
0.983
0.7446
0.9944
0.5
0.8121
1.0
0.8174
0.9668
1.0
0.994
0.9518
0.9882
0.8954
0.9791
0.9648
0.91
0.9871
1.0
0.9606
1.0
1.0
0.5799
1.0
1.0
0.9967
0.995
0.9922
0.9546
0.9591
0.973
1.0
0.8873
0.8886
0.8089
0.8226
0.9796
0.9948
1.0
1.0
0.9799
0.9958
0.9463
0.9529
0.3213
0.9866
1.0
0.9928
1.0
1.0
0.9887
0.8877
0.6652
0.5261
0.9685
0.9819
0.9217
0.9687
0.973
0.9587
0.9524
0.5547
0.894
0.9806
1.0
0.9869
0.7305
0.7987
0.9301
0.9222
0.9844
0.878
0.9805
0.8647
0.9237
0.9478
0.9871
0.9822
0.7736
0.9985
0.963
0.9749
0.7859
0.8826
1.0
0.994
0.5787
0.5194
1.0
0.8688
1.0
0.9556
0.5608
0.9967
0.99
0.9562
0.9764
1.0
0.9602
0.9771
0.9993
1.0
0.8905
0.808
0.9899
0.9744
0.9668
0.6332
0.9975
0.5052
0.9884
1.0
0.9118
0.7922
0.9994
0.9694
1.0
0.966
0.9762
0.9361
0.9925
0.951
0.9124
0.9696
0.7264
0.6644
0.9978
0.5141
1.0
0.9764
0.9513
0.596
0.9595
0.9797
1.0
0.9464
0.6644
1.0
1.0
0.9939
0.9977
1.0
0.9221
0.6528
0.298
0.9916
0.9683
0.9843
0.7572
0.9577
0.9822
0.8302
0.9915
0.6279
0.9916
0.9407
0.9034
1.0
1.0
0.9722
0.5132
0.9778
0.9584
0.996
0.9786
0.9908
0.8051
0.8921
1.0
1.0
1.0
1.0
0.9767
0.7171
1.0
0.9613
1.0
0.8896
1.0
1.0
0.8948
0.9499
0.9659
0.9675
0.9416
1.0
0.999
0.9237
1.0
1.0
0.9785
0.8574
1.0
0.9665
0.9176
0.4806
1.0
0.9769
1.0
0.9815
1.0
0.9136
0.9915
0.9924
0.987
0.6191
1.0
0.9937
0.9529
1.0
0.9443
0.9691
0.5569
0.9853
1.0
0.7829
1.0
0.9942
1.0
1.0
0.985
0.9948
0.9599
0.9891
0.8095
0.9056
1.0
0.5
0.9974
0.9891
1.0
0.9576
0.956
0.9257
1.0
1.0
1.0
0.8081
1.0
1.0
0.9242
0.7685
1.0
0.5635
0.9988
1.0
0.8768
1.0
1.0
0.9683
1.0
0.6343
0.8106
0.5
0.9102
0.9802
1.0
0.93
0.9939
0.8746
0.9671
0.9157
0.997
0.9611
0.875
0.9746
0.8886
0.7849
0.9642
0.5067
0.9724
0.6941
0.9848
0.9827
0.9602
1.0
0.996
0.9869
0.9031
0.8374
1.0
0.8615
0.8041
1.0
0.8806
0.986
0.9651
0.9593
0.9814
0.9498
0.9915
0.5282
0.9172
0.9482
0.9792
0.9727
1.0
0.9985
0.6467
1.0
0.9742
0.9889
0.9915
1.0
0.9638
0.9372
0.9609
1.0
0.9504
0.5853
0.9742
0.6578
1.0
0.9407
0.9559
0.9944
0.8943
1.0
0.9912
0.9793
0.9947
0.9996
0.8722
0.969
0.9066
0.9397
0.3279
1.0
0.9818
0.9354
0.9799
1.0
0.5969
0.9825
0.9268
0.9764
0.7211
1.0
0.7919
0.9989
0.9364
1.0
0.9983
0.9564
0.9864
0.7685
0.9279
0.956
0.9008
0.4603
0.9827
0.9591
1.0
0.8853
0.8168
0.9867
0.8999
0.4655
0.9968
0.7306
1.0
1.0
0.9025
0.7986
0.9874
1.0
0.9685
1.0
1.0
1.0
0.756
0.9111
1.0
0.9901
0.9558
1.0
0.9719
1.0
0.9696
0.9497
0.991
0.9736
0.6471
1.0
1.0
1.0
0.8061
1.0
0.9793
0.5681
0.767
0.6997
0.4832
0.905
0.9696
0.9943
0.934
0.9634
1.0
0.8362
0.9848
0.878
0.9907
0.9684
0.9732
0.6918
0.9674
1.0
0.4438
0.6708
0.9916
1.0
0.9842
0.9719
1.0
1.0
0.9854
0.9378
1.0
0.974
0.9657
0.9879
1.0
0.8221
0.986
1.0
0.961
0.7923
0.8896
0.9352
1.0
0.998
0.8223
0.848
0.9142
0.9219
0.9857
0.9751
1.0
0.9902
0.9576
0.963
0.9438
0.878
0.989
0.9939
0.9593
1.0
0.9627
0.8593
0.5094
0.4436
0.9589
0.9911
0.8756
1.0
0.6967
0.9022
1.0
0.995
0.9405
0.9646
0.9844
0.9352
0.9543
0.9915
0.9864
0.2957
0.8573
0.932
0.9744
0.93
0.9902
0.9691
0.9782
0.5873
1.0
0.9714
0.9079
1.0
0.8756
1.0
1.0
1.0
1.0
0.9215
1.0
0.9965
0.596
0.9653
0.994
0.756
0.6655
0.9852
0.9897
1.0
0.9865
1.0
1.0
0.9618
1.0
0.5859
1.0
1.0
1.0
0.7987
0.708
0.9415
1.0
1.0
1.0
0.9842
0.9976
1.0
0.7394
0.9553
1.0
0.8738
1.0
0.6883
0.9923
0.8055
0.9692
0.9526
0.9922
1.0
0.9888
0.9934
0.5206
0.9868
1.0
1.0
0.9739
0.7988
1.0
0.987
0.9779
0.9606
0.5673
0.987
0.9188
1.0
1.0
0.9977
0.9881
0.9632
0.964
1.0
1.0
0.863
0.9926
1.0
0.9624
0.9742
1.0
0.9567
0.9875
0.5807
0.9978
0.2522
0.9746
1.0
0.7118
0.9961
0.9945
0.9986
1.0
1.0
0.976
1.0
0.9975
0.5186
0.9085
0.986
1.0
1.0
0.9929
0.9218
0.9831
0.9818
0.9819
1.0
0.5721
0.9712
0.7706
0.615
0.9737
0.9836
0.9749
0.9734
0.9899
1.0
0.8498
1.0
1.0
0.9716
0.5919
0.9713
1.0
1.0
1.0
1.0
0.9895
0.9681
0.9687
0.6829
0.9699
0.9744
1.0
0.9746
0.9617
1.0
0.6232
0.9643
1.0
0.9742
0.922
0.886
1.0
0.9826
0.9158
1.0
0.3756
1.0
0.9985
0.8915
1.0
0.8547
0.9711
0.6967
0.9242
0.9123
0.9802
0.8686
0.9634
0.9658
1.0
0.9804
1.0
0.9911
1.0
0.9654
0.9619
1.0
0.9941
0.6495
0.9986
0.9199
1.0
0.9909
0.6655
0.971
0.9974
1.0
0.9816
0.9861
0.9174
0.9088
0.9807
0.6638
0.658
0.9994
1.0
0.9464
0.9903
0.9676
0.9675
0.5996
1.0
0.8735
0.9701
0.9273
0.9365
0.9767
1.0
0.9037
1.0
0.8929
0.6526
0.9978
0.9927
0.9417
0.9978
0.9081
0.9604
0.9608
0.9938
0.6652
0.904
0.6523
1.0
0.9499
1.0
0.901
0.9745
0.9029
0.585
0.9337
0.9854
1.0
0.9947
1.0
1.0
1.0
0.7516
0.9867
1.0
0.5718
1.0
0.9537
0.9872
0.9808
1.0
1.0
0.998
1.0
0.9831
0.8861
0.8868
0.9966
0.9882
0.9127
1.0
0.9453
0.9603
0.8503
0.984
1.0
0.8761
0.9765
0.9726
0.8837
0.878
0.9399
0.9832
0.8636
0.9142
0.9978
0.5878
0.9306
1.0
0.9912
0.9342
0.9742
1.0
0.4381
1.0
0.9648
0.9834
0.9937
0.998
0.956
0.9795
0.9824
0.946
1.0
1.0
0.617
0.6051
0.7572
0.9417
1.0
0.981
0.9538
0.9597
1.0
1.0
0.843
1.0
1.0
0.8865
0.9799
0.7328
0.8537
1.0
0.9765
0.931
0.9905
0.7317
0.9868
0.9814
0.8846
0.878
0.9581
0.9886
0.9549
0.9548
0.9903
1.0
1.0
0.8481
1.0
1.0
1.0
0.5123
0.7304
0.9577
1.0
0.7589
1.0
0.9892
0.5596
1.0
0.9904
1.0
0.9519
1.0
0.4177
0.9639
1.0
1.0
1.0
0.9677
0.9744
0.9785
0.9005
0.9708
0.926
0.9896
0.9018
0.973
0.9344
0.5566
0.9928
0.9717
0.9918
0.9522
0.8304
0.991
0.8972
0.9862
0.9293
0.7642
0.6116
0.9598
0.9756
0.9842
0.9953
1.0
0.9618
0.9939
0.9252
0.7854
1.0
1.0
0.8151
0.9022
0.9253
0.6236
0.9915
0.9691
1.0
1.0
0.9816
1.0
0.9682
0.9681
0.987
0.9795
0.8822
0.8732
0.9907
1.0
0.8911
0.8309
0.9285
0.9597
0.9774
0.9819
0.7287
0.9974
0.543
0.9171
1.0
0.8826
0.9865
0.5699
1.0
1.0
0.796
0.5161
1.0
0.9729
0.9774
1.0
0.8272
0.9969
0.9597
0.9608
0.9415
1.0
0.9643
0.8912
1.0
0.5381
1.0
0.7394
1.0
0.5
0.9967
0.9926
0.9913
1.0
1.0
0.967
0.974
1.0
1.0
0.9854
0.9529
0.8813
0.8918
0.7572
0.4488
1.0
0.9215
0.9833
1.0
0.9499
0.4484
0.4858
0.9032
0.9611
0.5644
0.5585
0.9617
0.9776
0.9559
1.0
0.9879
0.9637
0.9905
0.9961
0.6384
0.9802
1.0
0.9279
0.899
1.0
1.0
0.9851
1.0
1.0
0.8639
1.0
0.8304
0.9123
0.9598
1.0
0.9727
0.9602
0.998
0.9819
0.9923
0.9814
0.8431
0.9744
0.6001
0.9819
1.0
0.9734
0.8799
0.9467
0.849
0.9677
0.904
0.8946
1.0
0.888
0.9956
0.9577
0.6752
0.999
0.8904
0.9653
1.0
0.4484
0.9851
0.5207
0.9883
0.9407
1.0
0.947
0.9886
0.9826
0.9894
0.9514
0.9776
0.9545
0.8575
0.9914
0.7487
0.933
1.0
0.9884
1.0
1.0
1.0
1.0
0.5059
0.4937
1.0
0.995
0.9858
0.9922
0.9973
0.7885
1.0
0.6475
0.9226
0.9938
0.8456
0.5243
0.95
0.3359
1.0
0.9842
0.9074
0.7051
0.7556
1.0
0.9926
1.0
0.9628
0.992
0.9546
1.0
0.8892
0.9587
0.9945
0.9816
0.9406
0.4538
0.9515
0.5067
1.0
1.0
0.9704
1.0
0.9922
0.9137
0.8687
0.8134
0.9369
0.9741
1.0
0.9893
0.8206
1.0
0.9954
1.0
0.9212
0.8209
0.8269
0.8685
1.0
0.9694
0.9437
0.9606
0.9975
0.9064
0.8913
0.8583
0.9748
0.963
0.8344
0.9863
1.0
0.9932
0.9874
0.7891
1.0
0.9873
0.9888
0.6232
0.9392
0.9607
0.9063
0.943
0.9922
0.9971
0.5
0.9914
1.0
1.0
0.9894
1.0
0.5635
0.9713
0.9782
0.9418
0.9956
0.9973
0.8768
0.7676
0.9992
1.0
0.9933
1.0
0.7966
1.0
0.7346
1.0
1.0
0.7919
0.994
0.8285
0.9904
0.8771
0.6467
0.9895
0.9353
0.9956
0.9584
0.9908
0.6407
1.0
0.8223
0.9963
1.0
0.6191
0.6092
0.7732
0.8868
0.9844
0.973
0.992
0.9386
0.8106
0.9891
0.9911
1.0
0.7307
0.9387
0.981
0.9849
0.9888
0.7385
1.0
0.609
1.0
0.9993
1.0
1.0
0.5113
0.9447
1.0
0.9322
0.9678
0.4252
0.8954
0.8975
0.8335
0.9818
0.974
0.964
0.9853
0.9252
1.0
0.981
0.9836
0.9984
0.9977
0.9941
0.5586
0.978
1.0
1.0
0.9524
1.0
0.9681
1.0
0.9968
1.0
0.8581
0.9257
0.9199
0.9779
0.9524
0.8599
0.9595
0.9072
0.9076
0.9846
0.9892
0.8981
1.0
0.9839
0.891
0.8911
0.8269
0.9617
0.9888
1.0
1.0
0.9891
0.9073
1.0
0.9905
1.0
0.994
0.971
0.9976
1.0
0.9842
0.9939
1.0
0.968
0.9958
0.8358
0.5471
1.0
0.5512
1.0
1.0
0.9704
0.9389
0.9987
0.9892
0.4616
0.9444
0.9643
1.0
0.9617
0.8918
0.9716
0.977
0.9699
1.0
0.9606
0.9891
0.9746
0.8851
1.0
0.5627
0.9911
0.9943
0.9622
1.0
0.9369
0.7437
0.8066
0.9258
0.954
0.8935
0.9567
1.0
0.5609
0.9573
0.9833
0.9609
0.9893
1.0
0.5997
0.7715
0.8655
1.0
0.9844
1.0
0.9834
1.0
0.9769
0.7617
0.9284
0.8431
0.6512
1.0
0.994
0.9769
1.0
0.966
0.9951
1.0
1.0
0.5644
0.7118
0.984
0.585
0.9723
1.0
0.9728
0.8636
1.0
1.0
0.9774
0.9677
0.9884
1.0
0.8395
0.983
1.0
0.8359
0.8959
0.9776
0.9647
0.9863
0.9936
0.9651
0.5798
0.9499
1.0
0.4843
0.8412
0.9886
0.9483
0.3573
1.0
0.9918
0.9019
0.5981
0.9859
0.8749
1.0
0.8224
0.9607
0.9616
0.9802
0.9767
0.8723
0.9807
0.9926
0.9365
0.5171
0.9798
0.9833
1.0
0.3894
0.9994
1.0
0.9555
0.9902
0.94
1.0
0.9984
0.999
0.9943
0.6137
1.0
0.9553
0.9824
0.9725
0.9683
0.9215
0.984
1.0
1.0
0.5895
0.3646
1.0
1.0
1.0
0.9583
0.9548
0.935
1.0
0.9483
0.9845
0.9817
0.7524
0.9655
1.0
1.0
0.7727
0.9956
0.9901
1.0
1.0
0.9341
0.957
1.0
0.9896
0.614
1.0
0.9557
0.9168
1.0
0.9947
0.7727
0.9701
0.995
0.9968
0.9614
0.9183
0.9943
0.9674
0.82
0.9526
0.6282
1.0
0.9949
1.0
0.9975
1.0
0.9954
0.9429
0.5414
0.9004
1.0
1.0
0.9586
1.0
1.0
0.9546
0.9305
1.0
1.0
0.5383
0.9672
0.9963
0.888
0.996
0.855
0.9599
0.9271
0.5161
