7.343
13.94
8.177
16.55
0.0
12.86
10.95
8.269
9.422
0.0
10.79
10.79
14.4
9.368
13.32
10.5
3.911
18.24
8.403
9.731
9.522
10.14
10.61
14.94
4.134
12.62
7.91
6.207
12.71
6.886
13.72
9.433
14.43
12.92
10.04
5.5
17.26
13.76
8.385
6.138
10.08
3.52
0.0
9.327
4.194
17.06
0.0
6.6
14.09
19.04
8.468
11.0
9.171
0.0
13.2
10.52
7.873
5.125
9.293
8.217
10.86
13.75
6.711
16.07
12.81
10.65
13.06
12.34
14.11
4.173
15.93
0.0
7.713
7.935
4.859
12.15
12.89
10.81
0.0
6.936
18.35
8.114
4.418
16.32
8.94
14.28
13.43
4.913
15.51
7.154
5.09
10.81
0.0
10.29
9.904
12.98
8.466
17.23
8.76
14.15
3.982
11.35
8.202
10.47
7.641
7.641
13.58
14.16
13.42
8.849
0.0
9.738
8.351
8.351
16.05
7.316
6.065
7.441
11.0
11.0
7.355
8.878
8.349
0.0
7.542
5.385e-07
13.5
8.623
10.85
13.81
0.0
7.309
0.0
13.8
13.8
0.0
7.15
8.527
12.14
4.033e-07
3.083e-07
8.876
14.91
13.78
4.264
12.25
0.0
9.879
0.0
11.17
7.22
7.607
5.628
6.881
7.623
10.14
13.11
0.0
0.0
9.681
12.07
11.27
15.24
13.28
6.069
0.0
4.685
6.404
3.034e-07
13.02
13.34
8.024
0.0
0.0
3.978e-07
5.705
15.48
13.65
10.64
9.229
8.512
0.0
9.031
5.495
6.539
8.242
6.495
0.0
5.234
6.219
15.96
9.334
0.0
5.362
7.81
8.186
9.106
0.0
3.758e-07
12.0
10.77
14.18
9.962
0.0
9.347
12.53
0.0
7.846
9.917
9.85
8.944
0.0
0.0
5.734
11.16
7.139
9.838
7.82
6.951
0.0
0.0
8.134
6.667
10.39
0.0
0.0
3.421
10.93
10.93
14.53
7.763
0.0
0.0
8.302
9.139
9.512
13.16
7.891
15.27
13.78
0.0
0.0
10.88
0.0
6.455
5.167
8.037
13.65
0.0
0.0
0.0
11.2
0.0
10.25
7.922
0.0
5.1
0.0
12.24
14.37
9.269
4.936e-07
8.339
0.0
9.952
8.617
7.784
7.964
0.0
15.24
7.268
6.683
9.405
14.67
2.658
5.598
13.66
0.0
6.66
4.818
7.692
0.0
4.354
9.155
11.67
6.265
13.55
5.498
7.883
13.18
11.27
7.677
5.966
10.29
13.8
10.16
16.45
0.0
14.19
10.96
6.702
12.19
1.154e-06
12.38
3.351
7.639
8.06
10.82
3.218
11.35
18.01
9.038
7.396
9.017
15.13
8.275
0.0
8.424
0.0
11.96
9.844
0.0
13.34
6.909
3.581
11.95
8.142
6.27
14.03
11.55
11.2
11.69
11.25
6.59
11.76
7.186
13.37
14.42
11.04
2.655
8.4
0.0
15.44
8.627
11.84
14.77
10.27
7.19
0.0
12.24
6.135
3.548e-07
9.299
18.06
11.89
2.678
13.55
0.0
0.0
15.34
7.552
9.324
10.95
14.0
13.98
10.69
12.4
0.0
14.95
14.17
4.274e-07
12.48
12.42
4.312e-07
9.716
14.87
13.64
14.73
4.571
0.0
12.71
12.81
0.0
8.537e-07
6.622e-07
0.0
10.81
1.029e-06
17.66
14.18
8.959
7.756
12.81
11.09
5.771
16.34
0.0
16.26
14.45
13.85
13.61
10.86
2.325
14.12
5.653
13.5
5.632
0.0
14.49
8.914
9.562
15.33
5.366
3.667
2.594
0.0
13.53
10.29
3.498
7.222
2.182
10.42
7.581
10.84
8.206
11.78
0.0
5.38
13.58
3.063
5.745
9.268
6.199
13.5
6.286
12.15
6.887
2.827
4.195
4.98
14.07
14.14
9.916
7.042
15.21
12.99
9.21
6.143
16.41
13.23
13.73
3.227e-07
6.594
6.647
11.76
14.8
14.86
8.958
14.36
16.88
12.39
0.0
14.44
10.97
3.708
12.08
15.89
8.664
12.67
13.78
10.51
11.04
11.99
11.7
15.88
13.52
15.84
4.289
2.406
0.0
14.42
5.916
12.33
15.21
7.149
7.944
17.16
16.87
12.96
17.12
17.88
15.85
19.07
17.88
13.81
13.33
11.02
17.66
17.16
15.82
