7.608
18.57
13.4
34.0
0.0
15.27
14.93
17.88
16.93
0.0
20.43
20.43
20.82
19.32
22.5
20.48
4.673
23.54
9.682
10.73
7.814
18.86
15.79
26.79
5.398
13.03
12.49
6.16
12.04
6.323
21.47
17.28
20.84
14.5
14.08
9.173
17.82
18.79
7.865
8.027
10.99
4.811
0.0
12.44
3.923
16.88
0.0
7.241
17.76
38.7
14.29
23.32
23.71
0.0
17.46
13.77
23.79
11.75
18.46
15.22
19.06
30.25
18.58
39.26
33.94
30.36
25.62
28.71
42.21
3.943
24.34
0.0
15.55
23.55
13.0
22.37
35.22
24.9
0.0
9.99
43.4
14.97
7.399
28.39
17.97
27.89
22.71
4.99
35.85
16.54
9.368
33.74
0.0
20.37
10.81
15.64
16.16
31.03
18.9
16.59
10.84
28.85
15.51
23.59
16.66
16.66
20.06
23.22
23.3
14.59
0.0
31.34
25.69
25.69
32.51
20.32
18.12
23.53
24.7
24.7
16.76
30.5
37.32
0.0
14.21
1.029e-06
30.1
17.49
19.37
24.92
0.0
10.68
0.0
19.28
19.28
0.0
6.567
18.0
20.83
4.277e-07
1.946e-07
16.4
45.3
24.23
5.806
22.96
0.0
27.2
0.0
30.53
9.451
8.787
7.076
8.505
8.948
20.16
21.43
0.0
0.0
15.35
17.8
17.26
26.68
17.16
18.9
0.0
5.167
24.25
4.689e-07
24.07
31.78
12.3
0.0
0.0
7.77e-07
7.993
36.02
34.21
22.72
12.94
10.12
0.0
19.86
19.49
13.03
19.28
14.79
0.0
8.39
8.105
22.14
16.41
0.0
8.314
19.51
15.97
19.38
0.0
6.05e-07
22.15
21.43
24.57
15.2
0.0
14.82
24.86
0.0
16.25
29.58
19.89
20.61
0.0
0.0
7.872
16.71
24.7
26.68
12.52
11.65
0.0
0.0
19.89
14.36
20.74
0.0
0.0
5.993
24.49
24.49
43.67
16.11
0.0
0.0
18.11
17.14
33.26
15.17
18.62
31.81
29.42
0.0
0.0
29.05
0.0
15.33
6.503
13.64
29.86
0.0
0.0
0.0
19.31
0.0
26.09
15.67
0.0
7.388
0.0
45.69
22.56
14.28
5.962e-07
23.42
0.0
19.71
9.35
11.58
14.87
0.0
40.16
19.29
12.21
26.96
37.21
4.713
13.31
26.87
0.0
12.67
11.46
19.09
0.0
10.43
21.32
26.28
11.71
33.26
9.479
21.83
33.84
24.2
23.05
14.25
12.79
33.04
19.97
46.85
0.0
45.4
26.28
10.17
17.53
6.356e-07
22.37
2.068
9.274
6.998
10.7
6.675
13.06
20.59
8.896
8.339
19.31
10.85
18.46
0.0
13.73
0.0
15.44
7.591
0.0
22.13
8.587
4.184
17.59
9.412
3.759
26.38
24.02
17.08
19.3
15.45
4.729
12.78
7.402
15.4
25.72
19.13
1.694
13.07
0.0
16.88
8.047
7.838
23.48
10.55
7.147
0.0
24.3
6.879
2.813e-07
15.19
24.02
11.16
3.886
18.51
0.0
0.0
16.17
10.6
7.411
21.63
24.31
23.31
18.92
18.7
0.0
18.48
26.91
5.059e-07
14.25
13.46
2.25e-07
9.109
16.81
14.52
15.16
5.34
0.0
24.27
17.98
0.0
6.384e-07
7.336e-07
0.0
15.36
7.506e-07
24.88
26.95
13.72
15.93
26.46
13.93
6.943
27.45
0.0
20.9
18.69
20.18
18.58
14.18
0.9277
38.65
4.915
12.51
5.085
0.0
22.47
18.28
17.07
21.16
4.607
6.171
2.187
0.0
17.12
13.54
3.216
10.14
1.297
23.41
8.792
11.18
8.821
11.24
0.0
7.746
22.11
5.502
12.15
8.48
12.31
19.43
10.97
13.44
10.86
4.984
4.308
6.391
12.57
18.6
14.81
7.868
23.98
17.14
10.96
7.146
16.87
13.58
16.37
1.843e-07
7.135
8.364
16.26
12.15
12.57
14.77
25.0
17.12
18.57
0.0
25.34
8.902
3.948
9.774
23.73
8.034
17.06
19.06
12.52
21.0
20.85
20.36
22.28
14.09
20.27
3.541
2.121
0.0
11.8
4.946
10.08
21.92
5.807
8.403
16.86
44.16
16.13
30.74
23.11
35.3
42.09
30.96
23.47
28.43
22.31
46.25
34.27
30.97
