3.004
2.634
2.506
0.4221
3.527
1.533
12.51
2.987
1.912
2.498
3.146
1.949
4.371
1.762
4.552
1.441
0.7853
10.27
1.758
0.438
2.948
3.05
3.438
4.963
6.233
2.69
2.122
3.235
1.753
2.878
3.799
2.242
2.361
4.897
2.823
2.225
5.743
3.029
2.902
6.26
4.184
4.214
4.856
4.344
2.862
2.473
4.184
3.203
3.269
2.365
2.365
4.729
4.39
6.222
2.996
2.386
4.323
3.716
6.28
3.477
6.084
2.618
2.566
5.213
5.213
3.305
3.545
2.64
7.854
2.426
3.246
5.507
5.303
3.475
3.958
7.295
3.125
5.122
2.684
3.844
2.107
3.47
3.318
7.516
4.939
3.482
6.407
3.73
4.714
5.048
3.846
3.311
2.751
10.55
9.908
8.64
3.305
4.82
5.015
4.649
6.901
4.574
1.696
3.622
1.7
4.332
3.848
3.213
3.066
2.814
3.008
1.886
4.808
5.29
4.004
1.099
4.158
4.019
8.266
5.286
9.674
3.858
3.858
9.4
4.741
2.309
4.38
5.464
3.359
7.865
3.624
6.857
2.093
1.346
4.9
1.877
10.47
6.275
1.683
3.986
3.249
9.192
5.875
13.0
8.337
3.788
5.47
3.314
4.586
2.004
2.725
7.324
1.586
3.836
5.864
10.86
2.487
3.975
1.366
3.801
5.964
8.825
4.441
2.458
4.144
3.597
7.892
6.989
5.403
8.785
4.823
1.845
3.943
4.35
4.813
9.891
4.664
2.522
5.628
4.016
3.16
3.163
3.887
3.353
5.736
2.653
3.633
5.552
9.848
2.569
2.547
6.046
3.32
3.5
4.918
2.46
3.127
6.964
3.663
3.233
10.05
8.907
9.049
5.042
6.294
5.441
6.253
2.342
4.057
9.405
9.04
4.028
4.055
6.079
9.836
5.052
4.663
5.075
5.392
9.414
5.956
11.3
3.673
8.922
11.84
5.059
2.552
8.3
10.5
10.97
1.935
11.37
6.797
4.457
4.64
8.304
10.32
8.486
5.584
5.608
1.86
5.514
6.603
5.718
3.644
4.652
2.898
5.876
2.565
11.12
6.693
7.076
3.87
6.943
2.864
2.823
3.412
2.606
8.473
10.62
3.353
8.155
11.02
5.102
8.375
6.768
2.181
3.701
2.665
3.986
4.786
5.042
4.233
4.542
10.76
7.93
8.579
9.335
4.09
6.072
4.613
4.235
8.091
9.441
8.335
5.794
8.21
3.326
2.43
2.707
2.228
4.355
6.277
9.737
9.178
12.27
4.865
10.67
6.013
3.663
6.746
3.897
4.118
4.398
6.925
5.869
4.825
3.525
9.186
9.353
4.462
5.234
7.86
4.288
3.176
7.303
1.728
4.342
4.512
4.062
5.759
9.728
8.727
9.029
3.591
4.645
7.77
9.85
4.139
6.71
5.798
5.295
9.72
10.75
10.27
8.752
10.26
8.612
3.68
5.448
4.173
9.094
4.269
7.691
10.22
5.221
6.535
6.871
3.628
2.588
9.027
4.972
9.624
10.5
7.022
7.447
5.133
3.853
3.391
5.763
8.707
7.178
9.429
5.48
5.346
10.71
10.55
5.73
3.336
6.472
4.028
10.75
8.49
5.926
5.547
10.81
2.23
3.867
4.321
7.741
5.616
3.449
2.828
5.102
6.456
4.161
6.532
8.697
6.738
4.695
8.673
3.402
4.426
4.815
9.188
9.699
4.897
3.986
3.256
6.528
8.525
6.646
6.862
4.828
9.413
10.61
9.968
6.271
5.125
5.664
5.831
4.204
6.206
2.621
3.073
5.231
7.12
6.815
3.737
4.16
4.384
5.256
6.505
12.97
6.475
2.837
8.395
8.582
4.04
3.235
7.307
5.671
6.002
4.711
3.474
9.654
5.255
5.494
5.809
7.199
4.82
3.88
5.431
3.165
3.673
4.033
7.569
4.107
4.432
7.101
4.336
10.91
6.284
7.327
6.028
11.64
4.353
6.518
7.77
6.865
11.41
6.249
8.071
8.541
5.625
10.33
8.764
7.682
6.986
4.745
6.39
5.464
5.555
6.409
3.985
5.328
4.961
4.349
7.889
6.107
7.93
4.022
4.741
7.416
9.622
2.282
8.043
6.75
7.798
10.47
8.163
7.071
5.968
6.77
2.56
2.336
2.64
3.167
2.033
3.954
3.269
1.476
3.026
3.646
2.863
2.575
3.759
3.05
2.303
3.894
3.05
3.929
1.672
2.885
3.805
2.659
6.233
4.159
4.592
4.592
3.864
3.864
4.592
4.592
2.683
2.328
2.967
1.662
1.916
2.579
2.324
5.708
4.68
4.267
4.342
2.242
6.153
4.649
2.778
2.956
9.74
2.032
3.826
9.395
2.649
4.702
4.042
0.9137
3.798
3.848
2.418
4.207
3.554
3.907
1.572
2.954
4.658
2.386
2.168
2.91
4.105
4.615
6.35
3.315
1.074
5.276
3.011
5.874
3.894
4.783
3.126
3.234
2.977
1.639
0.8585
3.743
9.371
13.46
9.385
5.673
1.788
4.462
4.161
4.426
4.462
4.39
2.952
3.302
4.108
3.518
6.458
4.182
2.967
4.587
3.311
4.209
6.879
10.55
10.45
6.269
1.667
5.72
8.737
6.565
7.75
7.75
10.06
4.96
4.217
2.8
5.868
3.699
5.08
4.167
3.339
1.679
3.019
4.299
5.496
4.195
4.477
7.059
1.889
4.091
5.115
2.993
2.442
10.99
3.448
6.485
11.58
9.576
1.38
4.92
2.068
7.991
4.894
9.829
3.974
3.799
4.299
5.262
5.476
5.034
2.489
2.762
4.939
4.631
3.039
4.314
6.531
4.998
4.015
5.016
6.967
2.494
3.811
2.85
4.212
2.225
1.762
5.022
10.39
5.698
4.896
3.775
3.415
9.641
1.295
4.125
3.351
4.616
5.939
4.871
6.47
2.738
7.496
5.291
7.178
4.921
9.894
5.213
6.303
5.382
3.009
7.264
3.704
9.149
3.653
5.055
6.218
4.018
2.474
8.982
8.831
5.153
5.297
7.559
7.692
6.082
5.621
4.702
9.37
4.868
5.042
3.631
2.971
5.883
9.897
5.85
6.295
4.982
7.884
2.66
6.795
8.276
8.552
4.718
11.25
4.028
3.813
4.379
10.89
9.768
9.221
7.881
10.9
4.031
3.284
1.083
5.196
4.545
3.653
8.623
5.403
2.937
8.206
10.56
11.12
10.09
1.592
4.56
8.247
8.442
7.357
6.8
4.252
2.747
2.223
4.084
4.319
11.99
3.725
12.2
7.307
8.073
8.786
10.74
3.445
4.558
7.491
4.731
5.73
8.816
7.118
4.934
7.23
8.515
2.417
3.27
3.143
2.445
6.891
6.408
4.741
5.557
3.844
7.314
4.489
3.318
5.447
5.224
7.438
7.4
10.17
7.196
7.569
8.402
3.573
3.564
4.99
5.231
2.74
4.419
4.235
8.885
5.478
5.744
5.363
1.971
11.64
6.883
7.294
3.791
4.103
5.864
3.987
4.345
6.38
7.335
5.426
4.279
8.196
5.679
4.495
4.206
8.122
7.094
10.21
2.753
4.6
8.155
7.204
4.182
3.588
7.546
5.705
9.395
8.462
11.69
3.81
10.68
5.721
3.185
2.801
2.519
6.199
5.786
6.335
7.624
2.692
3.842
6.153
4.031
4.636
13.36
1.536
6.884
8.632
7.039
7.649
4.884
9.312
5.99
7.864
5.362
3.43
4.568
7.972
11.23
7.66
4.899
11.97
10.98
10.0
7.791
10.36
3.575
15.59
8.241
7.793
11.16
4.174
5.689
6.081
9.687
3.183
5.59
5.32
5.232
5.084
5.465
3.569
7.658
2.971
7.479
7.506
8.333
4.177
4.286
6.899
8.8
2.897
6.013
7.285
4.623
5.652
5.728
4.169
4.823
4.284
7.454
11.67
11.79
3.554
8.596
4.791
2.993
7.962
8.774
11.39
6.819
7.957
6.467
8.795
3.077
8.504
6.966
5.794
7.44
11.79
6.62
8.313
2.779
5.499
5.123
9.613
2.458
9.21
11.57
8.84
2.633
6.221
8.485
7.163
3.137
7.912
11.9
4.812
4.462
10.02
10.82
8.406
6.234
6.205
2.226
8.91
7.158
8.921
6.262
9.954
7.549
8.395
4.367
6.541
8.301
2.967
5.475
7.249
7.286
5.433
5.344
10.26
5.403
2.149
6.777
2.071
6.642
3.031
2.637
3.701
5.668
11.15
2.896
2.647
8.517
4.784
2.089
5.622
6.444
4.518
5.61
8.23
9.051
10.07
7.046
6.63
7.581
9.954
7.914
5.028
8.829
6.856
4.508
5.963
7.352
9.685
6.043
10.04
8.511
2.089
3.329
3.35
4.928
3.655
3.772
3.662
3.935
3.383
7.807
1.518
3.24
7.289
3.874
2.123
3.889
9.117
3.77
1.609
3.968
4.132
3.423
3.521
4.764
1.701
4.085
2.754
1.067
4.796
2.806
3.949
3.111
4.229
3.081
3.882
3.103
3.008
3.512
1.4
2.803
3.806
4.411
3.583
3.021
4.513
3.878
4.051
3.554
1.526
2.45
3.459
3.382
2.881
1.623
2.009
2.772
3.094
3.243
2.448
1.595
5.547
5.744
2.53
2.02
1.945
4.315
4.431
3.585
4.465
3.74
1.935
3.882
3.56
4.704
3.397
3.336
2.998
3.178
2.333
3.816
2.348
4.597
2.917
2.109
4.652
2.553
6.252
2.293
2.293
4.707
2.614
3.771
4.182
3.139
4.983
3.436
3.043
2.681
2.024
3.231
6.437
3.342
4.641
3.006
2.801
4.425
3.068
1.413
5.21
4.428
2.417
2.386
1.885
3.79
3.419
3.987
5.5
3.155
4.196
3.779
6.158
5.739
3.443
3.471
4.51
4.574
3.926
3.817
3.976
3.763
5.278
2.002
7.913
4.128
3.285
3.097
4.295
0.9819
5.232
5.095
6.628
5.726
3.604
10.27
4.052
1.861
3.391
7.887
1.973
3.502
3.342
3.702
6.844
5.885
3.015
1.311
2.189
2.126
5.857
0.0
3.669
2.806
1.944
1.058
2.273
5.664
4.076
3.326
4.341
6.899
1.566
2.829
2.592
3.551
2.742
5.321
4.004
2.319
5.601
6.67
4.156
3.311
2.752
7.085
2.015
8.212
5.543
3.044
5.972
5.723
4.44
4.57
5.47
2.766
2.73
2.978
3.596
4.597
3.905
4.045
1.984
3.804
2.517
3.805
3.241
6.733
6.476
7.807
3.441
3.27
2.794
3.998
3.881
4.478
3.473
3.767
2.951
4.047
3.71
7.583
5.727
3.385
2.856
3.516
5.555
3.028
3.083
1.831
5.191
5.317
2.506
4.298
3.823
2.838
2.491
4.178
5.075
2.267
3.851
4.493
6.234
4.15
6.943
3.659
4.948
2.872
3.396
2.153
2.76
2.626
5.465
1.328
5.167
1.491
1.509
5.358
2.396
4.373
1.777
1.8
2.698
3.273
2.306
9.886
2.241
4.95
1.881
4.905
4.965
4.412
5.051
4.672
3.467
4.496
5.651
2.105
2.433
2.749
2.986
3.283
3.642
3.611
3.688
2.869
1.638
3.969
2.01
1.094
2.69
6.885
3.367
4.067
2.301
3.272
4.185
2.324
6.737
2.768
1.753
4.285
3.884
4.85
2.62
3.394
4.528
6.099
4.432
2.74
6.195
2.766
2.525
3.428
6.599
4.015
3.595
4.1
2.331
3.611
3.928
2.916
2.316
1.67
3.969
4.974
1.381
6.562
4.41
4.488
1.528
2.302
3.649
3.149
2.564
0.2049
5.287
5.081
2.68
3.354
4.216
3.869
1.825
2.966
2.665
1.791
4.266
5.457
3.501
2.504
5.46
3.476
3.145
7.364
1.647
6.307
2.302
3.129
2.078
4.622
2.371
3.093
3.894
6.635
2.51
4.42
3.836
2.862
4.129
2.448
2.765
4.474
1.349
1.179
6.559
3.08
3.449
1.937
3.245
4.332
4.062
5.143
5.972
4.067
7.003
2.234
3.815
6.926
2.088
2.925
3.616
1.813
3.237
2.013
3.476
5.554
1.866
1.377
1.951
4.914
1.526
2.329
4.405
3.048
2.805
2.249
3.999
1.608
2.11
2.965
5.457
1.935
3.761
3.177
3.545
3.091
4.744
4.91
5.372
1.23
2.087
2.691
0.6002
3.528
6.641
1.585
3.817
5.269
4.395
5.148
2.108
1.861
4.295
4.409
5.101
1.515
5.645
3.206
3.064
2.254
1.566
2.71
1.948
3.033
3.028
4.724
7.761
2.57
5.487
5.675
3.894
0.9558
0.9829
2.195
5.339
1.678
3.47
5.266
3.376
1.984
1.396
3.041
4.41
3.214
4.712
2.495
1.99
4.054
1.541
5.277
3.309
1.164
4.425
2.463
1.678
2.127
5.748
3.985
2.261
7.057
2.268
3.441
3.556
5.373
2.513
3.81
3.259
4.673
2.58
2.528
2.547
2.31
5.123
3.153
4.067
4.805
2.986
2.864
3.152
2.637
7.239
1.909
1.048
3.34
4.976
1.25
4.377
3.399
1.775
4.701
2.821
2.557
3.511
3.075
1.456
5.178
5.451
3.671
2.645
2.356
2.723
3.181
4.496
4.692
6.163
3.045
0.1356
2.322
2.309
2.146
1.555
3.513
1.729
2.21
3.427
3.27
2.28
4.292
4.15
2.162
0.9782
5.093
1.577
6.671
3.462
2.24
4.195
1.38
4.146
2.329
3.825
3.706
2.979
1.389
9.459
3.382
3.224
1.752
4.21
1.447
3.271
5.218
2.623
3.302
1.829
1.692
4.309
4.032
2.099
4.887
6.708
4.223
1.268
3.191
4.044
2.819
2.609
3.985
3.518
2.251
7.901
3.81
4.383
6.811
3.392e-07
4.741
4.482
1.18
1.517
4.657
3.056
3.341
2.538
3.13
7.069
2.6
2.882
3.143
6.403
2.283
3.626
5.548
3.336
4.225
4.483
5.293
2.465
3.021
3.102
1.882
2.71e-07
4.413
2.798
3.246
1.402
1.439
0.892
5.288
4.8
3.353
4.837
3.69
3.737
3.516
3.544
2.174
2.813
4.577
3.075
3.047
2.447
3.054
5.474
1.909
5.214
1.819
3.97
1.967
4.595
3.503
2.02
2.102
4.92
3.014
2.355
2.045
2.723
1.835
3.397
3.017
5.154
2.49
3.572
4.851
2.674
3.9
2.219
1.05
3.258
3.768
1.978
3.314
2.836
4.916
5.04
4.251
6.451
2.045
3.019
3.095
2.34
2.509
2.965
2.194
2.409
3.534
4.6
1.427
3.379
3.747
1.616
2.957
0.9854
3.241
1.069
1.065
3.426
4.306
2.616
5.092
3.694
4.556
2.284
1.935
6.911
5.455
2.753
3.546
3.187
3.936
3.829
6.254
4.527
5.874
3.128
1.367
3.653
1.812
3.676
2.579
4.866
2.842
1.286
2.571
11.61
3.709
4.14
3.896
4.351
3.076
6.783
3.783
3.48
1.115
4.532
3.181
3.482
2.275
1.741
2.053
0.7692
4.126
5.745
2.069
1.85
3.687
3.163
2.817
3.496
3.029
2.688
3.447
3.801
3.884
3.807
4.636
3.204
6.995
3.164
2.918
1.623
1.631
4.137
4.316
4.42
3.203
5.363
3.1
2.938
6.535
3.625
5.079
3.672
3.196
3.101
2.49
2.74
4.693
4.64
4.127
3.222
3.355
3.596
2.569
2.007
3.872
3.446
4.738
3.096
3.366
3.6
5.979
3.371
2.378
2.903
2.869
2.699
2.567
3.149
3.726
1.866
2.115
4.616
3.9
2.362
3.809
3.231
2.729
2.392
4.829
1.043
7.038
3.054
2.232
2.44
3.522
3.547
4.958
5.692
2.993
3.518
3.481
2.29
3.028
3.471
2.707
3.5
1.174
4.585
3.749
2.275
1.989
2.853
2.935
3.437
3.96
3.918
5.662
2.144
2.853
4.066
1.143
3.111
1.443
3.46
1.014
2.127
2.518
3.954
4.977
1.764
2.24
4.569
2.054
3.871
2.633
4.073
2.829
2.159
3.394
3.738
5.094
3.562
3.81
5.353
2.697
2.799
6.2
4.763
5.166
3.67
4.651
2.14
3.584
3.967
1.54
5.699
1.993
2.6
4.087
5.813
3.506
1.401
1.787
2.968
4.106
3.182
1.597
4.261
3.136
3.187
7.325
3.811
5.0
1.056
3.933
2.628
3.71
4.4
2.42
8.869
3.346
3.008
3.23
4.802
1.734
5.492
2.31
2.811
2.117
3.277
1.941
1.671
1.57
9.974
4.414
4.503
3.221
2.248
3.512
3.084
2.414
2.798
2.904
4.373
2.065
3.126
2.388
2.265
1.5
4.859
4.386
2.264
5.169
4.921
2.605
2.351
3.869
1.53
3.323
4.971
8.027
4.237
3.802
3.595
8.926
1.121
4.937
1.321
2.076
3.295
5.751
2.911
4.524
1.127
3.545
2.656
6.532
3.302
3.593
9.349
3.636
1.907
2.429
2.451
3.913
1.012
3.785
5.028
4.199
2.627
3.645
4.881
7.846
2.012
1.41
2.566
2.856
2.606
4.189
3.991
0.8035
3.835
1.38
6.928
5.291
2.929
5.06
3.171
10.65
1.48
1.44
3.713
1.573
3.041
3.87
3.86
3.253
3.637
4.154
5.061
4.103
1.877
7.485
3.563
4.492
3.73
2.925
2.977
4.261
3.651
2.524
2.826
2.706
3.546
10.59
2.134
1.77
0.0
1.983
0.0
6.249
3.924
0.955
4.157
3.389
0.4603
2.345
3.865
2.575
2.816
2.682
1.291
2.411
5.111
2.919
2.262
1.278
5.525
2.442
1.933
2.094
2.27
2.399
6.798
3.137
2.533
5.025
4.605
3.377
0.9435
4.63
2.098
5.682
8.785
2.199
12.59
3.636
3.286
7.403
2.492
4.091
1.291
1.872
5.812
0.4604
3.481
1.902
18.95
3.104
2.683
0.9201
1.888
2.83
3.507
3.807
2.349
0.0
1.539
2.738
1.77
5.463
3.386
2.234
4.881
3.154
5.245
3.64
9.598
1.365
1.578
2.238
3.475
3.891
4.43
1.705
4.839
6.679
1.533
2.279
2.459
3.946
6.104
2.768
5.099
2.011
3.136
5.139
1.601
1.469
1.926
4.318
5.447
2.676
1.935
3.177
3.4
5.369
1.84
3.453
8.956
1.439
2.887
3.544
2.98
2.919
3.211
2.164
1.699
3.539
1.865
5.329
2.847
4.091
3.929
3.119
2.092
0.8539
2.483
3.377
2.216
6.26
4.022
2.008
8.531
2.189
3.806
1.956
3.198
2.07
1.688
2.614
2.153
3.164
2.562
2.01
2.768
9.598
1.031
2.514
3.596
4.778
7.779
5.025
1.899
5.814
5.364
1.019
1.927
1.778
2.288
3.781
3.924
2.254
1.326
2.378
1.895
3.228
2.002
2.242
4.358
3.04
1.969
3.385
10.44
1.492
5.006
2.974
4.456
1.775
2.307
2.684
3.373
5.887
2.533
3.375
3.074
3.105
2.51
1.679
2.933
2.969
1.886
1.305
5.303
6.458
16.06
2.082
1.472
0.0
5.666
4.241
4.357
5.238
3.666
2.291
1.919
2.009
0.7266
3.866
1.77
1.373
3.86
1.79
1.188
1.814
1.675
1.954
3.509
4.128
6.028
7.807
5.812
1.946
4.782
2.627
1.74
3.332
5.098
1.895
3.365
2.669
1.209
3.137
5.375
1.771
2.942
2.324
0.4603
3.662
2.176
1.376
1.956
3.185
2.291
3.349
5.363
5.068
4.803
6.095
4.666
5.089
2.238
2.515
1.431
5.5
1.0
2.847
2.533
1.938
5.212
4.131
4.538
3.137
2.912
1.389
5.814
8.735
3.371
2.114
2.695
2.38
5.146
3.835
1.063
1.943
3.926
2.61
1.786
1.814
5.87
6.112
2.67
1.839
4.42
2.417
1.895
1.935
2.341
0.0
3.162
2.111
5.594
1.941
5.652
3.086
2.491
3.171
5.501
2.013
2.054
2.176
3.868
1.439
2.543
4.655
2.788
3.01
2.251
2.213
2.07
4.142
4.351
1.59
1.77
4.831
1.431
2.394
5.956
3.362
2.459
6.237
2.245
2.222
3.835
1.805
3.234
2.938
5.714
5.109
2.313
3.944
5.031
5.956
4.943
3.844
4.075
3.664
1.631
1.232
8.531
3.457
3.371
4.317
2.77
18.95
2.522
2.1
2.141
6.45
3.519
0.9669
3.234
2.173
1.99
1.42
7.234
3.473
2.252
1.149
1.303
9.131
1.115
1.898
7.44
2.839
3.454
2.276
2.376
18.95
2.745
6.123
2.094
2.447
2.805
2.012
3.829
2.324
1.661
1.598
1.865
0.9709
4.235
5.843
1.532
3.461
1.753
5.191
1.95
2.802
1.469
1.782
3.676
0.0
1.87
7.258
1.77
6.767
2.955
4.456
3.723
3.556
2.113
4.19
3.772
3.355
2.53
5.988
2.126
3.234
2.324
1.956
5.666
3.422
1.969
7.4
2.111
4.456
3.747
3.963
0.434
2.915
7.136
2.304
2.655
2.221
2.176
3.551
2.363
1.02
3.34
4.372
3.701
2.053
5.151
1.592
3.439
5.567
0.8353
6.14
1.528
2.07
4.999
16.46
1.803
2.866
6.253
2.901
3.811
2.264
3.872
3.579
1.631
1.785
0.4489
3.544
1.198
2.056
1.45
1.106
1.651
1.698
1.993
1.101
0.7938
0.5155
3.157
1.376
1.438
2.491
0.411
1.724
1.591
1.249
1.27
0.4267
1.536
1.016
2.213
1.075
1.721
1.151
0.9152
1.325
2.11
1.446
1.191
3.179
1.355
2.151
1.301
1.403
2.34
0.934
0.9444
4.033
1.141
2.12
1.517
1.038
0.7592
1.43
0.709
0.6203
0.4255
2.042
1.49
1.608
0.9955
0.749
1.677
0.8246
1.033
0.7152
1.952
1.403
1.37
0.9235
3.573
2.632
1.955
1.089
1.049
0.9186
1.228
1.498
0.812
0.8789
0.479
1.69
1.36
1.579
1.321
0.4689
1.948
0.7956
1.779
2.955
0.7522
0.7293
1.354
1.743
0.9112
1.92
0.9726
0.8645
0.7974
1.363
0.9252
3.516
1.003
1.64
2.927
0.9797
2.27
0.7703
3.036
1.853
2.637
1.855
1.61
1.939
1.839
0.7675
0.6513
1.24
1.19
1.679
0.9978
1.825
1.907
1.767
1.22
1.424
1.317
1.731
1.252
1.123
2.537
1.398
1.007
1.205
2.379
1.152
1.914
3.339
1.062
1.158
1.9
0.7727
3.031
0.5522
1.399
1.777
1.146
1.413
0.9556
1.629
1.369
3.19
2.425
1.395
1.944
1.755
0.9826
1.89
1.571
2.698
0.9862
1.61
1.374
1.312
2.35
0.6205
2.622
2.189
0.917
0.988
0.7201
1.778
1.46
1.51
0.9884
1.453
0.8241
0.9794
1.079
1.098
1.408
1.648
2.017
1.608
0.7731
0.8025
1.717
1.718
1.867
1.293
0.83
0.8573
1.274
0.9276
0.8251
1.278
1.194
1.465
1.546
1.407
0.4294
1.521
1.423
1.748
1.621
2.458
2.439
0.622
2.699
2.809
1.643
0.8335
1.705
1.527
1.775
0.9975
1.635
1.808
1.651e-07
0.5636
1.148
2.299
2.211
1.843
1.379
1.653
0.8344
1.126
1.774
1.282
0.7046
2.639
1.095
1.667
2.906
1.916
1.181
1.177
1.772
3.943
1.58
1.75
1.518
1.116
1.284
1.594
1.075
1.828
2.028
2.118
0.9935
0.8316
3.034
1.685
1.065
0.7832
0.8869
1.223
1.86
2.366
1.302
2.282
1.988
1.712
2.405
3.594
2.781
1.217
1.066
1.307
3.816
3.215
1.139
2.092
1.973
1.842
1.953
2.35
2.006
1.069
1.698
1.644
1.455
1.602
1.17
1.584
1.989
1.562
2.698
0.914
0.8393
1.176
2.932
1.304
1.078
2.667
1.092
1.963
0.8778
1.323
1.54
2.022
0.9012
2.896
1.472
1.358
1.242
1.598
0.4439
1.691
1.905
1.628
0.6063
1.384
2.919
1.566
0.7593
2.691
0.8776
0.5997
2.068
1.223
2.229
0.9262
1.712
1.319
1.216
1.017
1.535
2.013
1.832
1.108
2.468
1.624
2.217
2.572
2.331
0.8765
1.447
1.128
2.687
1.365
0.8668
1.581
1.856
2.362
1.676
1.004
1.661
1.415
1.209
1.926
1.2
2.801
1.48
1.017
1.02
2.015
0.7005
1.708
2.501
1.39
0.761
0.8017
3.545
1.01
1.159
1.111
1.323
1.078
3.157
0.9863
2.495
1.967
1.297
0.6883
1.082
0.7867
1.213
0.9172
1.502
0.9739
0.829
1.65
2.531
2.001
1.067
1.677
1.329
0.9082
1.186
1.131
3.102
2.722
1.439
2.298
3.489
0.3685
1.198
0.8626
1.142
1.013
2.315
2.238
1.158
1.22
1.138
1.595
2.33
1.454
1.556
1.129
1.569
2.227
2.435
0.6771
1.404
1.051
1.016
1.95
0.9407
1.952
0.8318
2.229
1.497
1.256
1.13
1.341
2.054
0.8194
2.134
1.024
0.893
1.672
1.041
3.415
1.797
2.902
1.914
0.7621
2.284
1.87
1.711
4.119
0.8095
1.677
2.433
1.001
1.64
2.511
1.044
1.092
1.809
2.684
1.804
1.01
1.096
1.363
3.458
2.244
1.135
1.304
1.039
1.388
1.539
3.561
1.637
1.28
1.347
1.158
1.591
1.14
0.6761
1.645
1.804
2.36
1.034
0.9042
1.142
2.81
2.101
2.798
0.8431
1.71
0.9439
2.078
0.8907
2.047
0.7257
0.9021
1.166
2.228
2.111
1.259
1.879
1.921
3.634
2.065
1.175
1.864
2.861
1.711
2.333
0.9815
2.584
2.181
0.867
1.842
1.726
1.811
1.885
1.262
1.11
0.5933
0.5246
0.5017
1.589
0.9624
1.667
0.7126
1.185
2.179
1.075
1.173
2.196
0.5514
1.272
1.032
0.6728
1.264
2.928
1.798
1.528
1.112
1.52
1.494
1.328
1.039
1.631
1.021
0.8098
0.7722
0.6337
0.8679
1.766
2.338
1.089
1.737
1.139
0.9549
1.017
3.334
1.572
0.7085
1.28
1.151
0.3158
2.58
1.21
1.619
1.78
2.15
0.7418
0.8505
2.676
1.77
2.155
1.6
0.7272
1.604
0.7231
0.7619
0.9594
2.268
1.417
1.328
0.5782
3.425
1.231
0.6054
1.312
1.111
2.286
0.8981
0.704
1.397
1.656
1.297
0.8804
0.6562
1.322
1.997
2.47
1.136
2.19
1.789
2.579
1.798
1.009
2.964
1.095
0.8791
1.293
1.165
1.044
1.84
0.9489
0.6804
1.555
1.017
1.362
1.07
0.8138
0.3623
1.903
1.456
2.551
2.952
1.435
1.377
0.9806
0.7203
1.42
0.8127
2.662
2.528
1.175
0.5301
2.0
2.253
1.964
0.6225
3.326
0.8723
1.181
1.26
1.866
1.374
2.914
1.483
0.8369
3.519
2.261
3.067
0.9603
2.579
1.593
0.9671
1.276
1.241
1.111
1.28
2.036
0.8266
1.085
1.944
1.182
0.8895
1.091
3.364
1.664
0.6444
1.535
1.185
0.9417
2.386
0.8852
1.085
1.564
0.8574
1.042
0.3576
1.073
0.9903
3.67
1.537
0.9679
0.893
1.679
1.078
1.172
0.7469
1.722
1.297
1.682
2.741
0.687
3.734
1.195
0.7124
1.525
1.884
0.9969
1.095
2.619
1.995
1.061
1.182
1.872
1.705
0.9064
2.457
1.08
0.8854
1.35
1.279
1.331
3.544
1.641
1.09
0.9551
0.9427
1.953
1.142
2.123
0.8121
2.207
2.325
2.345
0.7424
2.503
1.153
1.882
2.794
3.744
2.061
1.023
1.807
2.147
0.6536
2.067
2.327
1.644
1.348
0.8629
0.8423
1.697
2.272
2.034
1.467
2.291
2.427
0.8785
1.33
2.858
1.11
2.387
1.764
2.45
3.803
1.859
1.39
1.132
1.163
1.935
1.408
3.11
0.87
1.269
1.518
3.481
1.963
1.321
2.069
2.258
0.8305
1.604
0.402
2.584
1.387
0.5526
2.171
3.214
2.719
1.441
0.7302
0.8309
2.752
3.321
1.679
2.327
1.004
2.333
0.9431
0.0
1.21
1.149
0.7473
1.008
0.9208
1.507
1.957
3.436
1.42
1.938
0.7031
1.981
0.9804
0.8877
0.7543
2.63
0.7441
1.489
1.39
0.9861
1.207
2.68
1.29
1.006
1.279
4.975
2.468
1.533
0.9027
1.56
2.757
1.643
1.26
2.392
1.029
0.9421
0.6082
1.101
1.664
1.278
1.329
1.924
2.115
1.173
0.8969
1.065
2.11
0.7978
1.516
1.734
1.35
2.346
1.848
1.123
1.662
1.487
1.689
1.932
2.194
1.316
2.699
2.314
1.5
3.297
1.404
1.28
1.31
1.792
0.9784
0.8655
1.726
2.746
2.237
2.948
1.326
0.336
0.672
1.467
1.248
0.8784
1.489
2.32
0.8642
0.6623
1.397
0.6602
1.785
1.39
1.367
1.165
1.964
1.91
1.476
2.063
1.404
0.9154
1.063
0.5283
3.616
1.098
0.9116
0.8626
0.7764
1.125
1.583
1.173
0.8804
2.704
2.436
1.299
2.289
0.5396
2.494
1.382
0.7497
1.584
1.08
1.707
1.505
2.213
1.767
1.269
0.9517
1.308
0.9073
1.372
1.669
1.451
1.341
1.209
1.745
2.529
2.708
0.9897
2.901
1.257
3.701
1.011
1.355
0.5766
1.999
1.774
1.231
0.9143
0.7751
2.202
1.131
2.112
1.038
1.004
1.086
1.448
1.981
2.126
1.567
1.946
2.455
0.7821
1.863
0.9576
0.9999
0.7613
3.738
0.6899
3.397
2.24
2.448
1.772
1.956
1.189
2.262
1.175
1.329
0.7162
1.268
1.272
1.073
0.6452
2.144
1.465
1.948
1.279
1.988
2.537
0.869
0.812
1.117
1.538
1.171
2.197
2.637
0.7798
4.141
0.8037
0.4091
0.7877
0.8811
1.483
2.518
0.7585
1.124
1.278
0.9242
3.337
2.061
3.278
0.817
1.211
0.8236
1.007
0.8652
2.854
2.791
1.09
0.8621
2.243
1.554
1.542
2.06
4.29
2.517
5.918
3.153
1.858
1.114
1.136
1.302
1.846
1.693
1.084
1.974
3.605
1.509
1.283
2.124
1.299
0.4217
2.685
1.472
1.216
4.706
1.061
1.057
1.503
1.362
1.49
5.413
2.194
1.014
2.279
1.698
0.7743
3.728
3.114
1.591
4.761
1.969
0.9636
2.151
1.133
1.238
0.8262
1.082
1.043
4.635
4.779
1.456
1.696
3.082
1.576
2.512
2.316
1.284
3.459
0.9563
0.9614
2.455
2.239
2.547
2.327
1.355
3.678
2.553
2.39
0.9614
2.038
2.348
0.8122
7.868
0.9505
6.181
1.668
2.84
1.303
4.379
0.9836
2.317
2.619
2.506
1.273
1.84
1.144
2.056
1.894
1.822
0.8617
5.1
1.598
1.87
2.672
1.879
0.9476
1.989
0.8207
1.425
7.592
0.6978
1.54
4.411
1.42
1.28
2.231
6.018
1.65
0.9645
2.549
0.8259
2.613
4.958
0.4089
0.9101
1.702
0.6811
0.7014
1.02
3.154
2.259
1.213
2.057
1.873
2.124
0.4686
10.89
2.233
2.604
1.92
2.464
1.342
1.242
2.281
1.779
2.582
2.482
0.8371
1.043
0.6125
2.202
1.417
3.602
0.7993
1.144
7.817
1.195
4.732
1.036
7.042
4.755
0.8198
0.6224
1.915
1.207
1.309
2.515
4.195
0.4246
2.168
1.713
0.936
3.71
4.682
0.7548
1.556
2.868
5.778
2.791
1.95
0.6654
1.954
1.031
1.007
1.584
5.007
0.9115
2.897
1.458
0.9471
1.693
0.7062
0.5932
3.754
2.805
0.4013
2.438
4.156
1.822
1.213
1.191
7.63
2.963
1.054
0.8513
3.331
1.133
1.297
13.98
3.027
1.212
2.879
1.059
1.171
4.292
1.509
0.78
1.462
1.651
1.31
3.318
1.202
0.9181
4.088
0.9003
3.354
2.487
2.243
1.912
2.852
0.9954
1.311
2.678
1.147
0.9953
7.374
1.543
0.5193
1.955
4.233
1.006
4.76
2.041
0.621
1.53
1.204
0.8618
3.311
1.386
1.357
2.848
3.03
2.439
3.674
2.515
1.317
1.592
1.149
0.7339
2.292
6.874
2.139
2.555
2.482
2.266
1.249
0.625
3.882
3.249
2.848
4.979
1.245
3.759
2.688
1.848
2.261
1.149
1.607
4.978
5.072
1.158
4.86
1.024
2.208
1.283
3.362
1.325
1.508
2.953
3.758
3.55
3.685
1.427
1.946
4.741
5.518
0.6362
1.279
1.425
1.155
0.6587
2.918
3.899
1.182
1.487
1.872
0.8743
2.5
3.02
1.443
2.775
3.468
4.616
4.037
1.229
3.995
2.718
7.255
3.705
2.687
4.044
5.097
5.869
3.387
3.854
2.509
1.885
5.795
3.066
5.708
4.226
1.477
3.778
3.748
4.748
4.888
2.883
5.181
5.706
5.716
3.223
2.875
2.805
3.586
2.7
4.447
5.437
3.29
2.2
4.932
4.316
3.303
2.425
4.135
3.551
3.05
5.78
5.259
2.746
3.521
1.018
8.007
1.216
5.814
4.085
2.209
2.363
5.033
4.143
2.271
7.224
4.496
4.382
4.157
7.412
4.654
7.158
7.956
6.362
3.935
2.775
4.86
4.109
3.151
4.445
2.281
5.112
3.284
5.357
2.26
4.367
2.349
5.266
6.18
1.519
2.876
4.232
4.178
12.38
6.47
2.977
7.009
1.099
3.447
2.76
3.7
3.656
2.564
2.588
6.107
6.384
3.641
2.939
1.452
2.32
4.653
5.918
3.662
3.388
3.329
6.728
2.001
1.204
2.028
5.147
2.86
1.687
3.754
5.166
2.807
3.683
0.0
6.262
2.38
2.632
4.117
2.447
3.086
1.773
2.472
3.573
3.782
2.803
1.6
1.088
3.796
6.658
2.952
3.889
2.222
4.155
6.542
5.551
4.551
3.551
4.647
3.613
1.414
4.872
4.571
8.236
4.522
2.244
6.238
5.819
6.546
4.64
6.015
5.926
4.256
4.826
6.235
5.821
4.074
3.292
1.766
4.545
4.846
8.892
3.105
5.888
3.423
3.565
2.461
2.134
2.503
3.322
5.614
3.479
4.401
4.76
2.361
3.174
1.99
0.861
5.012
5.562
3.311
2.227
3.996
3.609
5.173
1.618
2.688
3.594
5.048
2.69
6.18
3.424
0.0
6.669
2.417
3.208
9.16
3.469
3.102
9.314
4.062
5.588
4.247
4.675
1.693
3.798
5.316
3.098
2.323
2.126
5.253
3.012
4.401
4.844
8.614
3.318
0.7133
4.767
6.129
1.811
3.291
2.774
5.651
1.934
6.948
3.88
4.168
5.367
2.58
2.995
3.245
6.225
3.304
6.003
5.384
4.249
3.488
3.875
4.931
0.0
3.581
4.117
1.788
2.196
3.731
5.862
5.157
4.241
3.013
4.045
5.171
2.78
1.712
2.501
5.666
4.661
2.345
4.182
5.862
2.228
6.33
3.828
4.211
2.473
1.785
6.408
4.288
2.88
2.707
3.347
3.586
2.354
7.697
3.443
5.411
3.206
4.272
4.357
4.992
2.391
3.663
5.722
2.63
5.716
8.277
5.123
3.68
2.72
2.404
5.078
3.013
2.836
3.411
2.22
3.565
5.426
2.817
7.65
8.039
2.895
2.075
4.109
6.996
2.303
4.501
1.746
5.611
3.734
1.51
5.477
4.638
4.35
3.571
3.929
2.054
6.91
3.047
4.071
2.303
4.529
3.783
4.239
2.353
3.846
4.61
3.2
3.749
1.708
6.887
2.809
3.037
5.574
9.998
4.595
6.386
5.218
5.484
4.431
2.091
3.811
3.738
2.582
3.973
3.568
4.521
3.799
3.501
6.054
3.723
5.144
7.951
2.093
3.245
3.87
3.039
1.998
2.82
3.598
4.835
3.67
3.068
4.58
5.184
1.277
2.046
6.168
2.445
3.138
5.45
4.143
3.363
3.699
3.422
2.504
7.635
2.602
3.068
2.358
1.607
2.432
6.395
5.091
2.775
4.097
2.703
3.186
2.829
3.365
5.077
4.261
3.002
2.244
3.184
2.787
0.0
4.32
1.665
2.535
3.447
4.649
2.751
3.294
4.204
4.741
3.965
4.095
3.067
4.088
1.264
4.642
1.926
3.858
3.94
2.446
1.323
2.022
4.342
3.87
3.223
5.673
3.525
3.07
2.586
1.382
3.214
3.076
3.974
3.704
5.608
3.377
5.929
8.345
3.45
2.542
4.845
3.016
3.496
3.994
6.281
2.245
6.194
4.365
4.629
3.097
4.276
3.118
7.796
4.715
6.822
2.404
1.915
4.578
5.011
1.937
3.811
4.101
7.041
5.56
6.578
3.354
3.352
3.021
5.096
5.701
2.872
4.563
2.357
2.694
2.24
2.4
8.784
3.756
3.102
3.575
1.804
3.201
2.098
2.271
3.544
1.758
2.394
4.369
5.358
3.73
3.076
5.742
4.487
3.64
3.911
3.528
2.22
3.279
2.267
3.594
5.12
4.362
4.87
5.826
1.983
4.618
2.563
4.985
2.001
4.395
3.125
4.129
1.722
2.357
7.638
0.761
4.405
5.113
3.79
3.758
5.064
2.894
4.214
4.288
4.5
4.997
2.448
4.87
5.146
3.666
2.909
3.834
3.562
5.609
6.263
2.785
3.148
3.115
3.338
4.328
4.732
3.448
3.145
4.834
8.183
1.612
3.401
0.7407
6.039
3.517
6.153
3.217
2.488
3.928
2.348
3.293
6.142
3.828
6.007
4.616
2.629
4.056
6.285
3.44
2.974
5.866
5.224
3.513
2.842
4.777
3.636
3.064
6.423
4.685
2.297
8.16
2.683
3.006
4.541
2.612
4.108
1.337
2.573
7.518
4.001
6.11
3.516
1.902
4.07
3.963
3.693
3.947
3.059
6.501
5.43
5.475
5.543
2.996
4.369
3.134
3.562
2.879
2.739
1.894
3.823
2.663
6.251
1.583
2.846
3.016
3.77
2.827
1.817
2.89
4.783
6.428
2.581
5.859
5.068
4.351
3.958
2.077
4.442
2.883
5.463
3.123
2.821
3.807
7.498
4.277
2.055
4.332
3.659
2.174
4.053
3.31
2.034
4.153
2.235
3.46
2.722
2.744
4.656
1.168
2.361
4.73
3.905
4.728
2.249
5.521
2.444
3.416
3.021
2.565
2.535
3.976
1.821
3.939
6.308
2.783
4.927
4.682
2.785
4.014
2.834
5.21
5.145
5.26
4.076
1.067
3.748
4.5
3.242
1.811
3.292
2.826
5.028
4.144
3.311
5.295
3.496
2.794
2.468
1.876
5.304
2.546
2.288
2.219
3.479
4.66
3.084
4.067
2.267
1.599
5.025
4.634
4.79
3.015
3.217
1.736
1.66
4.153
4.321
2.637
7.706
0.5756
3.287
2.077
2.944
3.298
4.779
3.794
2.912
3.294
3.024
2.633
3.922
7.062
0.7161
6.045
2.666
3.749
2.116
2.902
2.742
2.477
2.543
0.0
2.393
2.155
2.652
0.8596
6.769
3.937
4.292
1.118
1.731
4.179
6.561
3.888
4.407
5.372
7.991
1.358
4.723
3.309
4.938
3.433
5.753
2.134
1.7
4.116
6.179
0.0
4.749
1.828
4.941
8.773
4.87
2.749
7.116
2.234
3.283
2.411
6.681
3.817
1.727
3.235
4.414
4.738
2.311
2.801
2.874
3.683
4.198
4.677
3.649
1.503
3.968
1.938
3.644
4.338
3.244
4.316
2.627
7.393
3.454
1.946
4.55
2.878
7.739
2.169
5.381
3.072
2.497
5.019
3.629
3.186
3.178
6.058
4.393
2.845
3.735
3.995
3.089
2.593
2.372
3.396
6.839
1.011
5.036
2.024
4.701
4.068
8.98
5.02
1.13
4.624
2.294
2.087
1.826
4.099
2.407
4.125
4.126
4.727
4.804
6.063
2.636
4.907
3.733
2.409
4.209
4.09
0.0
4.166
3.424
6.352
7.974
6.983
3.159
3.796
1.857
5.249
5.402
1.757
1.166
4.505
2.012
7.084
1.106
2.048
3.26
2.821
3.106
7.031
5.3
1.897
1.879
3.837
3.646
1.435
2.717
3.885
5.649
6.327
3.051
5.011
3.113
1.192
5.644
5.2
4.351
5.355
4.106
9.615
4.539
0.0
3.104
3.515
2.591
9.536
3.874
2.424
3.784
1.468
4.371
4.938
3.057
3.893
2.099
4.505
4.967
1.947
2.351
3.253
6.467
3.165
7.312
2.358
3.94
5.872
4.665
2.94
2.345
4.314
3.041
3.045
3.374
2.333
4.631
2.879
2.635
1.364
3.105
2.14
3.761
4.76
2.501
3.178
5.14
2.183
4.358
3.336
2.468
3.49
2.996
3.644
3.776
2.192
3.715
3.835
2.618
2.979
3.469
6.292
3.388
2.953
4.675
2.571
3.545
8.346
4.346
6.197
3.662
6.275
3.329
3.113
2.637
5.385
5.984
4.043
5.683
3.673
4.699
2.32
6.417
3.283
3.268
2.772
2.307
2.053
1.912
4.667
2.63
4.726
5.95
5.712
4.144
3.887
3.052
1.52
3.926
4.157
3.982
2.933
5.212
5.95
5.359
5.975
3.392
4.886
5.234
3.538
5.117
1.997
7.607
5.728
2.829
1.426
3.743
1.911
1.373
2.353
3.502
1.252
4.041
1.977
2.385
4.134
3.247
4.274
2.938
1.948
1.297
5.165
1.185
1.952
2.957
2.109
3.123
4.907
5.485
2.012
3.318
3.427
4.086
3.541
6.417
5.52
1.94
3.554
3.128
1.984
2.918
5.176
4.065
1.202
2.824
3.792
1.699
2.111
3.595
2.774
3.496
2.284
8.907
1.558
3.888
2.29
3.134
2.929
1.101
5.15
3.505
3.147
3.111
3.708
2.671
2.292
4.247
3.478
2.404
5.305
2.653
5.833
4.922
4.47
4.316
3.317
5.167
1.316
2.374
4.427
2.885
1.798
2.115
3.12
5.384
2.223
1.994
3.132
3.125
2.968
3.704
2.412
1.856
4.788
2.817
2.656
2.917
3.869
2.082
2.71
4.274
5.096
5.788
3.454
3.25
3.238
3.534
2.04
4.116
5.71
4.348
0.9053
4.27
3.319
4.897
3.999
4.523
5.634
3.304
0.0
3.537
1.646
4.652
1.723
2.548
9.019
2.14
4.07
3.907
2.685
2.658
5.583
2.755
2.32
6.399
4.62
1.583
2.176
1.771
5.34
2.055
2.942
3.471
5.275
4.68
1.341
1.079
5.033
4.08
2.16
6.533
1.06
6.648
4.825
4.414
3.091
4.245
3.592
2.033
4.521
5.667
3.403
8.944
3.448
3.243
1.46
2.723
3.913
5.924
5.343
5.882
5.092
1.711
2.904
4.839
2.156
5.778
5.962
1.694
2.218
3.019
3.411
5.413
7.322
4.0
2.012
2.349
5.966
1.844
2.897
2.713
4.132
3.3
3.1
2.52
2.424
3.157
4.155
1.432
3.409
3.79
4.164
0.0
5.555
3.466
6.045
2.411
1.72
3.441
2.184
4.08
3.742
2.177
4.866
4.301
4.909
2.75
6.648
3.272
3.128
2.516
1.342
2.171
3.737
2.571
0.0
6.92
8.813
2.057
7.373
3.364
3.159
5.711
6.219
4.059
2.345
1.701
2.273
5.692
1.509
7.75
3.79
0.8343
4.922
0.0
3.337
5.601
6.525
4.817
2.995
4.768
3.667
7.106
1.366
2.366
3.166
1.968
2.785
4.842
2.465
6.23
5.978
4.385
3.651
2.119
2.319
4.959
4.552
0.0
3.196
3.399
4.199
2.616
5.55
2.357
3.771
7.601
5.779
2.549
0.6145
4.597
6.275
2.639
8.503
4.388
0.0
6.302
3.736
3.163
4.724
4.802
2.97
5.477
3.364
3.094
1.943
4.987
2.112
5.793
0.952
1.742
10.04
5.464
4.166
4.436
3.325
6.125
3.757
3.846
3.193
2.597
4.433
2.954
4.925
1.849
5.84
5.749
2.281
5.013
1.194
3.904
3.636
1.691
4.508
1.772
2.265
4.813
4.132
5.004
5.64
3.765
4.594
3.225
1.46
4.381
4.815
2.165
11.11
1.782
3.544
1.356
2.112
2.273
5.297
3.38
1.7
3.112
5.063
8.157
7.373
3.478
1.188
2.448
2.512
0.484
5.048
3.326
3.265
3.081
2.809
3.39
1.095
1.961
1.991
3.219
6.984
3.456
5.729
6.9
5.948
4.252
8.635
5.301
3.442
4.023
5.552
6.918
2.091
7.42
5.02
4.847
7.867
2.223
3.959
5.256
3.977
2.464
2.696
1.808
6.398
4.004
4.925
4.755
4.19
5.753
5.936
2.775
4.577
7.044
6.307
5.66
2.898
4.806
4.138
1.737
5.215
6.87
1.459
3.425
1.427
6.768
2.895
1.227
4.371
3.226
5.708
4.079
9.643
4.292
2.57
1.673
1.315
3.707
6.116
3.382
3.632
4.96
4.382
4.78
6.18
1.935
7.149
6.696
2.142
10.02
9.784
2.005
3.344
4.613
3.784
2.981
3.448
3.662
2.844
1.028
3.092
3.652
5.347
0.9393
6.863
2.681
4.012
2.433
7.815
0.0
5.013
4.888
4.676
3.557
3.811
3.735
3.163
3.4
2.166
2.906
3.006
4.801
1.993
1.966
2.74
6.01
2.896
3.169
3.623
6.053
3.566
8.456
3.747
5.577
4.113
3.376
3.782
5.058
5.086
4.241
5.87
3.204
1.491
3.339
5.286
6.641
3.176
5.189
6.773
2.864
3.887
3.314
6.253
2.678
3.782
2.58
3.431
3.202
3.804
2.576
2.893
5.795
2.877
2.784
6.929
2.329
1.882
4.521
4.877
7.208
6.947
0.8295
2.528
3.686
3.816
2.904
1.717
2.268
3.587
2.99
1.325
2.568
3.155
3.463
2.353
5.626
4.407
6.646
2.069
3.798
3.757
4.595
3.96
4.119
1.967
3.761
5.56
5.017
2.016
1.894
4.302
4.635
4.491
4.311
7.872
2.793
2.89
1.777
2.838
3.448
2.96
5.661
2.444
3.931
4.356
3.032
4.518
8.051
3.607
3.358
2.74
6.514
4.305
1.569
1.673
2.317
1.847
10.51
4.422
4.662
10.07
4.656
0.0
2.147
3.327
3.117
2.946
4.034
6.536
3.646
6.211
2.624
7.733
5.639
3.072
5.705
3.17
4.21
5.413
0.9022
7.604
3.961
4.812
3.24
5.009
2.717
5.628
3.679
4.111
9.073
2.223
3.293
3.526
5.985
0.9469
2.022
4.919
3.254
3.7
1.746
2.88
7.884
3.155
6.088
2.019
1.899
4.582
6.202
4.627
2.974
4.394
0.9749
1.295
2.336
6.623
4.646
3.281
3.681
3.427
1.635
4.54
1.794
3.212
4.632
2.337
2.783
5.002
4.311
2.805
5.352
3.077
2.054
6.207
4.881
5.773
5.757
5.83
3.805
2.176
4.145
1.755
1.419
5.608
5.367
3.677
6.055
2.651
2.934
2.04
5.56
1.365
2.142
7.945
4.478
2.939
4.409
1.357
2.851
4.361
4.085
6.062
3.719
1.374
3.543
6.112
5.127
3.968
3.48
1.906
3.779
5.5
2.201
4.003
4.452
5.053
5.477
3.264
5.755
5.558
2.863
4.724
5.239
3.171
1.661
4.101
4.14
2.997
6.182
7.247
6.602
5.679
4.709
3.409
2.808
2.554
1.73
3.948
3.991
2.491
5.647
1.233
5.394
3.055
2.683
2.848
0.0
3.706
3.138
5.246
5.428
5.843
1.482
2.797
4.822
4.491
1.761
2.555
2.89
6.524
6.108
1.821
3.274
5.222
6.562
3.608
2.794
6.289
6.465
1.653
2.769
3.333
3.665
7.651
3.377
4.546
4.879
6.101
4.075
6.589
7.652
4.616
4.897
5.382
3.084
6.559
1.774
1.15
4.872
3.858
8.47
2.259
3.104
3.391
0.0
3.835
4.81
2.872
1.553
3.722
2.484
5.835
1.939
7.782
2.823
2.361
1.981
2.49
4.418
6.743
2.474
3.698
2.825
2.988
3.266
0.5652
4.849
6.7
6.971
4.103
3.341
1.853
3.112
1.99
1.622
2.65
3.676
3.901
1.72
3.748
4.87
3.952
2.976
4.504
2.05
6.534
3.431
4.96
5.614
4.956
2.715
5.594
2.726
2.455
6.947
3.528
1.48
0.0
1.634
1.741
1.694
0.0
2.039
2.681
0.0
2.055
2.447
2.931
2.957
1.581
1.396e-07
1.952
4.711
1.83
1.012
3.585
1.868
0.952
2.888
5.443
2.836
1.669
3.694
2.044
2.538
2.446
1.658
1.661
4.676
1.563
2.11
3.663
1.694
4.058
2.19
4.134
2.167
5.853
3.498
2.174
2.273
4.298
1.782
4.278
2.549
2.787
5.186
5.285
1.603
2.903
4.149
2.602
4.182
3.669
1.637
2.78
2.316
2.324
5.927
3.177
3.11
2.782
3.171
3.11
6.374
5.214
3.192
3.136
3.217
2.949
4.691
1.451
4.058
4.511
4.568
4.699
2.799
4.573
2.728
3.969
3.316
4.112
4.301
3.666
3.907
4.215
4.073
4.973
2.088
7.944
3.783
3.709
3.075
1.187
1.071
0.5586
0.6122
4.127
3.403
2.481
2.377
1.821
2.622
2.481
2.406
1.888
3.994
3.531
1.796
2.435
4.257
4.994
3.982
4.391
3.55
4.484
4.079
3.054
4.091
2.441
3.324
3.37
2.685
3.252
5.805
3.606
2.12
2.149
7.208
4.803
4.68
4.857
4.704
0.6359
2.668
3.945
3.428
6.603
2.3
4.622
4.997
5.19
3.814
4.799
3.778
3.956
2.649
5.341
2.408
4.319
3.227
4.259
3.816
7.047
2.255
3.66
3.961
4.507
3.504
4.358
7.25
4.131
5.696
8.003
5.149
4.73
6.621
3.254
5.284
3.196
4.158
3.41
5.485
4.064
2.881
5.128
2.944
8.798
5.435
7.009
4.661
4.241
4.53
4.679
5.218
3.737
3.752
4.229
8.736
3.969
7.443
5.902
8.32
