2.861
2.017
5.952
0.0
3.634
0.0
7.916
3.704
3.639
2.71
6.39
2.683
4.301
2.174
6.587
3.096
1.369
6.408
1.8
0.8545
3.974
3.33
3.294
4.284
4.542
2.417
0.4982
4.17
2.616
2.037
2.952
0.5923
4.484
4.974
3.993
2.902
2.469
2.133
3.689
4.497
4.679
3.92
5.94
4.313
2.785
4.044
5.615
4.113
2.643
2.68
2.68
5.398
4.028
4.567
3.699
3.79
4.226
3.833
3.21
2.909
7.241
4.105
2.423
5.207
5.207
3.428
3.642
3.821
5.313
3.278
3.425
6.007
5.211
4.667
3.878
6.073
3.758
3.301
2.745
3.64
3.046
4.088
2.946
5.857
3.488
3.374
5.082
4.617
4.558
5.912
3.143
3.309
4.209
7.768
7.385
7.671
3.066
3.964
5.652
5.104
2.785
4.535
2.455
4.951
3.142
6.69
3.615
4.437
6.198
3.281
2.938
2.1
4.606
4.416
2.556
1.497
4.284
6.14
8.483
5.102
6.648
4.135
4.135
5.642
4.029
3.21
4.301
5.961
4.195
7.396
3.455
6.45
5.559
2.11
4.078
2.294
7.462
5.88
2.183
4.316
4.15
5.988
3.841
10.18
6.509
4.597
4.873
4.717
5.311
2.08
4.369
5.525
2.791
5.977
4.926
9.75
4.929
3.618
4.211
6.257
3.811
8.826
4.593
4.389
2.939
4.53
6.912
6.368
7.614
8.349
4.778
2.365
4.175
3.786
4.607
8.747
4.383
3.514
5.269
3.908
5.776
5.149
5.658
3.582
3.337
3.305
5.05
7.644
10.16
3.414
4.504
7.476
4.431
3.277
4.378
5.07
6.02
4.369
4.408
2.656
10.42
8.843
9.886
6.091
3.871
7.449
6.89
6.29
5.468
9.343
8.455
3.963
4.258
8.113
7.959
5.073
6.566
5.646
3.321
8.42
5.982
8.726
4.209
8.531
10.08
8.286
3.535
8.831
10.06
8.653
2.626
10.39
7.37
3.945
5.332
8.801
9.023
8.994
7.12
4.624
3.988
3.629
6.699
7.997
4.058
5.817
4.208
2.499
2.205
9.274
7.493
7.339
4.993
10.28
3.993
6.709
4.69
4.976
6.508
8.609
3.656
11.99
10.47
5.867
7.037
7.754
4.332
5.422
4.496
4.641
6.095
4.982
5.93
10.21
8.684
8.279
7.23
9.649
4.359
8.307
5.732
4.335
10.11
9.078
9.404
8.236
6.007
3.763
5.775
3.959
4.218
5.591
5.207
10.21
9.402
5.972
5.116
9.992
5.495
4.703
3.663
4.858
7.08
4.401
8.223
5.885
5.743
6.007
7.722
9.694
5.426
5.705
8.56
5.834
4.68
10.73
2.299
8.861
4.481
3.411
6.313
8.361
8.337
7.882
5.685
5.172
6.156
7.823
5.859
6.289
7.975
8.156
8.573
9.965
9.648
8.804
9.882
9.01
5.271
6.118
5.625
3.942
7.45
9.201
9.704
7.675
8.65
8.51
4.039
6.056
3.38
4.9
9.983
10.48
8.447
8.546
9.363
6.482
4.973
9.169
8.29
7.231
10.04
4.885
8.83
9.233
9.92
7.918
4.026
7.851
6.807
11.07
8.98
4.541
8.767
7.955
3.517
3.509
5.913
7.487
6.652
5.478
5.444
7.435
6.122
8.688
8.173
8.026
6.179
7.67
8.091
4.013
4.56
5.619
10.34
9.742
6.877
6.584
6.715
6.008
8.555
8.028
5.045
6.865
9.47
9.913
9.0
5.838
7.634
8.172
8.31
6.687
5.181
5.097
3.621
8.547
8.888
7.137
7.117
6.325
5.826
7.748
6.662
10.73
7.498
5.069
10.63
9.345
4.268
7.872
8.855
8.086
8.959
7.247
6.391
10.51
4.774
7.443
9.413
10.11
7.187
5.54
7.356
5.839
4.65
8.414
8.56
6.513
6.297
5.66
10.62
9.16
10.65
9.45
5.991
10.57
6.189
6.387
7.494
6.504
9.814
9.412
7.35
7.787
5.983
10.71
7.349
8.731
11.25
9.845
7.724
6.995
7.877
8.194
7.147
8.168
6.177
7.784
7.222
6.067
7.837
4.446
5.634
11.11
6.211
5.641
7.041
8.297
10.48
8.978
8.124
10.75
7.712
8.41
2.432
4.91
3.36
3.601
0.0
4.175
2.643
1.256
2.786
4.951
3.441
2.412
5.523
3.33
3.229
3.887
3.33
4.603
2.519
5.262
2.294
2.539
4.542
4.116
4.977
4.977
3.736
3.736
4.977
4.977
3.812
1.761
3.821
0.3839
1.728
2.741
2.796
4.33
4.195
3.709
3.523
0.5923
6.049
5.104
2.596
4.859
7.296
0.5773
3.812
8.082
1.936
2.765
3.326
1.783
3.66
5.95
3.736
2.363
2.793
4.331
1.701
3.867
4.364
3.79
3.4
4.201
5.562
5.848
4.986
6.805
1.438
5.645
3.407
5.96
3.073
4.908
4.585
5.324
4.094
2.246
1.328
3.816
6.412
9.368
5.801
4.528
2.12
5.582
4.485
5.961
5.582
3.396
4.389
3.291
3.347
3.963
7.664
4.126
3.755
4.488
3.309
5.779
5.178
7.768
7.5
3.914
3.669
4.409
6.05
7.325
7.688
7.688
9.956
4.866
5.22
2.576
5.318
3.569
6.395
5.235
4.474
4.611
4.298
3.397
6.0
5.53
4.086
6.862
2.301
2.632
3.177
4.381
2.525
9.905
4.185
4.29
7.952
8.89
2.224
5.647
2.666
5.171
6.505
6.379
4.594
5.697
4.725
4.872
6.378
8.898
3.545
3.047
3.488
4.861
2.395
5.714
5.299
5.197
4.146
7.493
5.81
3.274
5.548
4.015
6.52
4.043
3.139
5.325
9.547
6.508
7.705
4.491
6.368
10.7
2.382
5.639
5.379
4.649
5.617
5.478
7.123
4.565
7.097
4.4
7.401
4.366
9.767
4.284
3.419
4.901
3.527
7.38
3.821
9.06
3.37
5.951
6.557
5.504
4.329
7.241
6.123
5.796
5.507
7.327
8.169
8.606
5.084
4.578
9.485
4.652
6.091
4.841
3.054
5.445
9.041
7.25
6.268
4.582
6.662
3.301
8.011
10.85
5.909
5.008
10.04
4.141
4.26
6.892
9.508
8.66
8.17
7.432
9.685
5.501
6.618
1.806
5.704
4.993
3.815
7.09
4.678
4.83
9.416
9.643
8.4
8.136
4.548
4.992
8.298
8.058
7.79
8.357
5.835
3.273
4.449
3.405
5.198
8.039
4.846
10.76
5.29
7.428
8.025
9.552
4.611
5.078
8.299
3.864
6.509
8.688
6.689
4.542
6.99
9.36
3.646
5.154
5.189
4.925
6.066
6.846
4.639
5.492
7.094
6.407
5.987
5.554
6.459
3.961
9.489
6.428
10.62
9.592
5.985
7.673
4.596
4.174
7.234
5.861
5.655
4.214
5.763
9.011
4.848
8.035
5.57
3.071
10.57
9.178
4.61
4.791
4.892
5.659
4.586
5.847
5.978
7.859
4.712
3.448
10.91
9.388
6.633
5.86
8.639
9.409
7.535
4.038
4.786
8.706
7.396
5.643
4.735
7.169
11.74
9.014
7.749
9.682
8.324
7.748
8.486
6.272
5.221
5.868
5.54
6.197
4.102
9.288
2.713
5.599
7.304
6.136
6.854
9.285
5.04
8.927
8.503
7.437
7.433
6.757
10.4
4.39
9.688
6.384
4.17
6.065
11.29
11.41
10.0
8.164
8.993
8.325
8.382
7.768
11.36
6.197
10.49
7.847
7.966
10.8
3.83
9.669
7.243
9.379
5.098
8.812
8.234
5.156
7.756
7.799
4.789
8.991
3.504
9.36
4.875
6.649
5.145
7.437
10.04
4.837
4.861
6.19
10.49
4.1
7.378
7.075
6.004
7.09
7.515
6.271
8.705
9.021
6.241
11.29
6.874
5.384
10.2
9.76
10.55
8.833
8.481
7.466
7.47
3.682
10.45
8.57
8.175
7.876
9.983
7.626
11.0
4.546
6.002
5.991
10.73
2.799
8.828
9.505
8.807
4.52
5.951
8.59
9.212
5.529
10.95
8.647
10.74
6.587
9.278
9.35
8.545
7.381
10.02
4.794
8.889
8.088
9.914
6.618
9.258
7.435
8.616
6.473
5.914
9.057
6.378
10.91
10.42
9.509
5.581
6.24
8.61
5.849
5.706
9.064
4.547
7.245
5.072
6.094
7.057
6.683
11.91
7.217
5.871
8.113
5.783
5.792
7.166
6.947
8.315
6.714
6.469
6.943
9.095
8.046
5.715
10.02
10.23
7.053
8.342
8.399
10.15
7.33
9.542
9.052
9.384
7.715
9.441
7.315
2.81
6.12
4.516
5.39
3.587
6.378
0.0
4.864
5.667
3.417
2.436
2.984
9.019
5.734
3.597
6.235
6.87
6.475
5.292
7.303
8.18
6.824
5.237
9.322
3.844
4.594
3.162
3.514
6.584
5.652
5.996
4.571
7.025
5.497
8.633
4.139
3.588
5.828
2.974
3.885
5.029
6.963
6.531
5.488
3.792
6.962
4.743
6.905
4.816
6.296
9.346
6.65
3.404
3.931
3.631
6.371
6.88
3.522
4.772
3.976
8.914
9.827
5.717
4.605
4.867
6.091
5.65
6.209
4.963
6.142
3.39
4.654
6.684
9.911
6.718
5.923
5.164
8.358
4.527
4.723
5.99
7.797
2.147
3.882
8.35
3.774
5.916
0.6613
0.6613
7.854
4.326
4.47
9.35
5.647
3.801
9.25
6.655
3.991
5.388
6.144
9.348
7.256
3.81
3.34
4.5
6.947
4.117
2.469
11.22
7.174
2.641
0.4093
3.238
5.67
6.66
8.401
8.716
0.931
5.708
6.282
6.634
6.965
7.218
5.288
5.877
6.961
6.712
5.741
3.603
3.952
2.538
3.262
7.51
4.101
6.861
6.899
4.683
1.819
7.764
6.391
6.838
7.511
4.221
10.24
8.468
4.065
5.161
8.827
5.247
6.24
4.872
5.897
8.7
5.494
4.834
3.84
5.769
2.151
6.078
2.122
8.009
6.557
3.751
2.295
4.138
3.262
4.605
7.729
7.751
7.398
3.357
2.951
6.582
5.77
4.206
5.684
4.51
4.286
8.139
4.809
6.703
6.342
5.973
7.938
2.846
10.47
6.323
4.486
8.128
5.76
6.519
5.683
9.107
5.579
5.319
4.643
6.003
7.126
7.773
7.65
2.024
11.6
5.542
1.654
3.553
8.534
5.231
3.417
6.769
5.078
4.454
7.206
5.092
7.118
4.269
5.772
5.493
7.203
6.297
10.29
9.888
6.519
6.291
4.484
7.272
3.992
8.595
4.487
4.869
8.662
6.126
4.244
6.424
6.524
5.962
5.867
8.641
4.571
7.971
4.698
7.888
4.834
8.202
4.468
5.262
4.347
5.624
4.314
2.647
4.648
7.398
3.582
6.421
0.5345
4.065
4.964
3.3
6.57
2.276
6.361
7.587
5.364
4.853
9.635
4.568
7.348
3.287
2.436
6.792
9.768
8.067
10.11
7.03
7.039
6.321
2.339
4.731
6.799
6.308
8.546
5.562
5.009
5.706
3.162
2.677
6.558
4.751
2.31
4.731
11.28
5.921
5.134
3.377
5.504
4.331
4.337
8.245
9.747
3.137
6.409
5.826
7.327
3.498
6.65
7.493
4.076
7.996
4.267
8.05
6.085
3.208
8.011
5.963
9.22
4.678
8.582
2.995
6.296
3.818
5.816
3.619
2.569
5.001
4.078
4.464
6.553
4.923
5.915
5.153
2.706
5.959
6.489
3.522
1.732
6.694
8.752
6.549
4.863
6.329
5.412
2.807
5.617
4.118
3.462
2.907
8.449
4.034
5.217
6.531
4.977
6.46
6.397
3.966
8.883
2.706
4.074
3.463
8.386
6.424
5.049
7.223
2.913
2.762
4.913
4.525
2.757
1.305
4.86
4.651
6.045
2.409
2.426
8.807
7.669
6.116
3.371
5.806
4.746
10.86
8.447
6.041
10.45
9.902
4.897
5.048
7.199
3.922
4.943
9.219
3.631
4.361
3.356
9.815
6.64
4.304
3.597
4.323
7.021
3.6
4.253
9.401
5.413
2.446
3.886
4.962
2.292
4.172
2.58
4.666
4.898
5.917
6.243
4.172
4.037
6.467
5.747
8.153
1.981
3.99
4.26
1.965
5.485
8.048
4.186
5.628
3.981
6.682
4.903
3.996
2.514
6.289
5.917
6.056
3.528
6.705
4.335
4.654
3.7
1.909
5.496
3.394
4.47
4.671
7.102
11.38
4.444
10.13
6.071
1.676
2.886
1.719
2.89
5.651
3.432
3.617
7.192
6.768
3.875
3.037
6.548
6.995
6.886
7.064
5.594
3.544
4.886
4.251
4.837
5.171
4.249
7.623
4.235
4.522
4.517
8.263
2.917
6.362
7.455
4.358
6.36
7.549
10.62
5.597
6.862
5.411
6.842
5.161
5.525
3.29
2.308
5.214
4.188
1.775
6.499
7.346
4.448
6.549
4.151
7.587
3.474
4.12
6.599
8.533
2.682
8.933
4.607
3.045
6.751
6.494
1.554
5.733
7.362
2.754
7.812
8.671
4.966
3.761
2.814
4.219
8.771
6.705
6.349
8.825
5.956
5.011e-07
3.883
5.5
4.298
2.088
6.615
4.206
3.62
7.664
7.177
3.173
6.111
7.356
2.649
1.478
8.583
5.538
10.73
6.251
3.588
5.343
3.49
7.948
4.31
5.628
8.032
3.092
2.902
9.763
4.585
7.889
5.862
9.354
3.659
5.188
7.985
6.152
7.822
4.889
3.171
5.715
7.919
4.764
2.662
8.334
5.386
2.766
5.285
6.875
3.996
6.41
6.688
7.134
1.489
7.526
6.482
4.543
8.313
4.715e-07
7.43
6.807
1.595
2.782
5.653
5.344
4.204
4.579
2.996
6.153
6.63
6.503
5.37
9.572
4.537
4.832
7.558
3.619
9.273
9.23
6.551
4.915
3.363
6.105
6.09
5.42e-07
6.944
6.429
7.519
2.952
3.078
2.187
7.671
4.498
5.475
9.688
5.047
7.32
6.294
6.104
5.243
7.607
7.662
3.891
4.335
5.034
5.305
5.955
3.779
10.05
2.313
10.05
4.153
7.941
4.183
3.947
4.904
6.704
4.158
6.689
2.23
4.915
2.608
7.587
3.695
8.309
4.425
2.791
8.207
7.1
7.472
3.393
1.829
3.942
7.993
3.929
9.781
6.032
7.399
7.885
9.949
8.705
3.876
2.572
4.909
4.351
3.932
5.285
3.269
4.194
5.142
5.217
2.023
5.544
5.008
3.283
5.176
2.027
6.588
2.123
1.959
7.293
6.743
2.071
9.219
5.458
8.552
3.169
5.03
9.872
10.2
6.329
7.505
4.181
10.41
7.816
4.619
7.625
6.337
5.099
2.684
8.49
4.638
8.409
6.388
10.09
4.359
1.628
5.342
9.192
4.107
8.134
2.967
6.414
7.946
7.423
7.024
6.729
5.426
5.583
4.039
7.036
5.151
5.188
4.825
2.422
4.213
9.53
4.99
1.801
7.517
7.728
6.541
8.966
4.546
6.681
7.822
4.285
8.816
5.318
3.505
7.999
8.738
6.358
0.7072
6.02
2.989
5.525
5.776
7.99
7.609
4.959
5.663
5.976
8.257
4.845
7.24
8.036
6.945
7.623
3.141
4.577
7.492
6.379
3.637
5.554
5.317
7.031
2.902
3.033
6.488
0.688
7.242
6.307
8.297
5.978
7.583
5.0
1.949
9.094
6.946
5.8
9.369
7.788
4.702
3.392
5.089
8.605
7.47
5.47
5.12
5.236
8.035
3.428
8.705
2.004
8.424
5.048
7.536
5.489
4.885
7.671
6.085
7.925
4.415
9.313
6.232
3.903
6.913
6.721
6.047
7.526
2.79
5.349
5.475
4.465
5.256
2.539
2.649
2.258
5.651
6.281
7.182
2.685
7.401
5.693
1.721
8.239
3.824
4.897
2.035
5.48
4.381
8.08
4.926
2.998
5.446
8.637
4.767
5.908
7.524
6.767
5.775
1.665
7.884
7.235
8.066
2.85
8.128
4.966
6.243
6.509
7.835
8.588
8.548
5.008
10.99
4.08
4.941
3.966
2.715
4.833
2.296
6.325
7.501
12.36
5.058
4.541
5.351
3.724
6.343
6.2
2.682
6.017
4.294
7.23
3.718
9.163
8.72
1.413
5.74
6.497
4.462
8.68
3.753
6.691
5.491
6.721
5.226
7.897
4.084
4.49
4.297
6.207
3.585
5.406
1.375
6.192
2.366
8.383
5.754
9.558
3.716
5.617
7.947
3.402
4.428
6.498
5.777
7.675
3.387
8.211
4.701
5.593
3.364
7.144
9.611
4.604
6.12
7.27
5.375
3.542
6.334
2.508
6.697
9.245
10.55
6.557
3.556
6.815
7.625
2.261
5.994
2.263
4.686
3.699
7.479
4.54
8.016
1.833
4.533
6.096
10.17
5.457
7.798
7.31
7.994
5.139
5.088
5.655
4.317
1.845
9.166
5.72
4.398
6.044
6.328
8.145
7.875
3.465
5.167
6.761
5.411
6.38
9.705
4.117
2.206
6.049
2.579
8.928
7.287
5.28
3.093
5.619
6.423
2.361
3.507
2.676
3.71
7.524
6.767
5.33
6.661
6.967
7.911
7.526
7.151
5.645
10.6
7.505
9.169
9.381
7.632
3.882
4.666
6.549
6.496
4.039
2.805
4.198
5.065
2.542
4.654
0.0
9.481
7.636
1.797
4.205
6.728
1.25
4.853
4.35
7.763
6.291
4.672
2.81
3.228
4.324
3.287
3.833
1.736
6.175
3.165
7.086
6.809
7.914
2.416
5.272
4.804
0.0
4.484
4.714
2.887
4.313
0.9284
5.582
7.09
4.094
4.148
4.496
5.3
3.969
4.802
5.268
2.81
3.113
4.873
2.373
5.79
3.576
0.0
5.519
5.591
0.0
4.693
0.0
4.511
5.931
1.244
0.0
4.429
4.696
3.594
3.929
5.58
2.823
5.737
5.291
0.0
4.859
3.07
2.818
4.628
0.0
6.383
4.905
0.0
7.022
3.951
1.961
5.804
2.541
5.209
4.341
6.137
0.0
4.905
6.751
0.0
5.35
6.61
0.0
4.464
3.527
6.489
3.041
3.187
4.571
5.156
7.764
3.92
4.095
4.999
4.953
3.844
8.624
0.0
4.994
5.064
4.077
0.0
5.116
5.268
0.0
3.955
4.192
2.237
4.074
2.618
0.3942
3.794
4.109
0.0
6.582
1.94
2.511
4.669
3.463
2.998
3.671
4.26
2.418
5.45
3.686
3.892
5.41
0.0
5.194
6.221
7.415
7.53
3.426
3.747
3.931
6.311
6.463
5.836
4.974
5.112
7.028
7.636
3.578
2.968
0.6746
3.547
4.766
3.811
0.0
8.954
5.414
2.352
5.968
0.0
5.416
5.273
4.722
2.851
4.369
4.183
5.848
2.464
4.254
4.132
4.068
5.47
2.641
5.226
3.169
3.817
5.708
5.532
0.0
2.532
4.224
7.015
1.916
1.188
0.0
5.982
0.0
2.802
6.403
2.292
1.689
4.466
3.439
0.7223
4.527
2.826
0.0
5.326
3.738
2.398
4.117
3.176
0.9284
4.628
4.227
0.0
3.105
4.873
2.114
0.0
3.981
2.885
6.696
9.586
3.547
5.346
1.641
2.394
4.804
5.182
4.088
5.06
4.131
1.25
5.556
3.05
0.0
5.611
1.988
1.689
6.439
3.68
1.461
7.222
3.569
3.687
2.467
4.628
2.559
3.887
2.666
2.612
5.116
5.148
0.9767
3.222
6.246
6.928
4.804
4.756
0.0
6.714
1.437
5.743
1.505
0.0
4.771
4.801
0.7345
4.612
5.004
0.477
3.233
2.511
4.272
3.356
3.266
0.0
9.56
3.802
3.547
6.489
3.939
4.36
5.002
2.102
2.152
0.7975
3.68
3.149
4.515
5.517
0.0
5.691
0.5638
0.0
6.623
3.92
0.0
5.289
3.399
2.985
2.907
4.591
2.998
7.024
5.754
3.627
3.611
2.877
4.364
4.757
5.181
5.432
5.186
2.768
0.0
4.418
4.801
4.366
9.428
0.0
0.0
6.789
4.19
2.67
10.39
5.181
5.082
5.346
7.214
8.241
1.969
1.501
6.582
3.739
8.499
4.468
0.0
4.423
2.814
3.223
6.747
4.93
2.904
9.428
1.222
4.508
4.895
5.204
1.534
4.507
0.0
2.936
5.96
1.219
0.5446
7.679
3.488
0.0
6.342
3.391
0.0
5.613
1.461
6.809
5.347
2.591
0.0
5.316
4.131
2.89
6.653
6.188
2.202
5.814
8.195
3.344
5.414
3.489
2.88
5.595
3.713
5.05
3.845
6.703
4.36
5.148
3.31
3.649
4.594
0.7653
2.851
3.716
1.072
2.037
5.916
7.297
2.859
4.395
0.0
4.057
9.428
4.131
4.364
5.982
6.584
2.352
7.564
2.102
2.851
4.257
4.561
9.139
6.544
3.669
4.216
7.346
3.035
0.0
7.494
3.901
2.743
8.166
7.269
3.583
4.053
0.0
3.291
6.403
6.487
1.227
4.605
0.8965
2.998
6.616
3.816
5.65
0.5909
3.958
6.003
4.395
7.083
6.514
5.043
2.019
4.207
3.907
5.438
7.743
4.323
3.498
5.365
5.461
5.032
4.974
3.697
3.634
5.144
5.703
4.046
5.975
2.995
5.077
5.739
2.841
6.13
2.596
4.249
3.411
7.32
3.568
4.187
5.235
4.745
8.382
7.324
5.669
5.053
6.08
6.374
6.05
5.366
6.313
6.815
3.248
4.944
4.383
4.535
6.61
6.324
8.581
3.18
5.868
2.194
1.627
1.504
6.866
6.444
4.91
4.536
4.13
8.752
2.946
2.999
2.298
6.874
7.374
3.476
3.193
6.129
6.31
5.647
10.56
1.53
2.768
5.062
6.496
3.747
2.197
1.882
5.872
5.22
5.488
8.026
3.181
5.804
5.632
4.959
6.534
4.008
4.979
4.143
3.56
4.771
6.918
3.904
3.441
2.677
4.461
2.863
4.347
4.96
4.769
6.538
7.703
2.993
3.096
8.203
5.032
7.778
6.158
3.856
6.798
6.527
3.934
4.921
4.406
4.717
3.345
2.074
6.162
5.162
2.883
3.517
5.603
4.992
5.17
6.615
4.873
8.052
4.106
4.784
4.159
6.712
2.884
5.726
5.797
5.946
1.456
6.102
2.966
4.342
3.268
4.895
7.134
5.225
5.604
3.847
4.963
5.529
6.1
6.459
3.541
4.114
5.38
4.425
6.268
3.761
4.3
5.006
6.352
6.528
5.928
3.87
3.264
7.609
5.11
4.327
4.025
3.718
6.791
7.725
2.9
3.356
3.952
5.55
5.228
2.907
4.982
5.455
3.661
4.027
7.189
3.076
5.319
8.416
5.658
3.632
3.265
5.226
4.893
4.399
3.71
2.518
5.337
5.282
6.534
4.384
5.318
1.978
5.038
3.87
6.076
5.613
5.919
7.852
1.701
4.493
5.346
5.013
3.478
7.43
4.13
5.371
3.622
9.904
5.521
3.972e-07
3.395
3.133
6.382
5.446
7.949
3.575
3.031
2.677
5.584
3.964
4.522
4.924
8.901
7.31
5.76
6.119
7.002
6.303
2.525
4.863
5.632
4.535
4.0
2.314
7.49
6.72
6.301
6.212
7.379
4.762
4.28
3.27
4.701
6.556
6.802
4.236
3.808
4.599
4.81
4.874
7.555
4.419
5.117
5.377
5.805
11.36
6.376
6.948
4.254
5.395
4.684
6.405
4.889
7.636
4.953
5.457
6.732
5.133
5.954
5.484
5.262
7.242
6.972
4.867
4.625
3.629
4.944
5.263
5.748
6.782
4.753
4.576
4.82
6.099
3.905
4.14
5.425
4.523
6.623
5.988
4.473
4.318
4.214
3.422
5.106
7.93
8.07
5.536
5.626
2.556
4.883
7.789
4.198
3.71
4.018
4.976
8.32
3.375
3.027
4.392
7.497e-07
6.655
6.157
5.954
4.485
5.204
4.591
5.807
4.655
3.22
3.951
3.702
5.089
4.198
5.487
7.014
4.401
2.95
4.569
4.029
3.995
4.597
7.528
4.645
7.987
6.951
5.934
6.137
3.345
3.815
5.281
5.03
7.175
3.203
5.461
4.915
6.051
3.199
2.056
2.178
3.226
7.081
6.729
3.259
3.276
6.045
2.558
3.149
6.15
5.896
3.644
6.482
3.821
4.031
3.877
7.909
6.697
4.58
5.135
4.907
1.878
5.288
5.69
3.988
5.619
2.344
6.863
4.929
8.407
9.028
2.001
5.052
5.401
5.599
4.073
4.083
2.5
6.798
2.695
5.748
3.675
7.795
4.353
5.594
4.539
4.678
4.272
6.645
5.645
4.715
4.381
5.052
3.659
4.04
3.542
6.933
2.8
4.301
2.949
4.855
4.563
4.622
5.547
3.905
5.62
4.536
5.2
3.219
4.737
6.709
2.785
4.19
2.241
6.451
8.637
2.503
4.708
6.419
6.785
6.31
4.785
7.453
7.315
6.522
8.3
3.578
3.394
9.22
3.166
6.98
6.892
4.968
3.507
4.12
7.653
7.73
3.792
2.344
4.631
6.445
6.691
1.35
3.584
5.461
1.783
2.377
4.045
3.446
4.016
3.538
2.167
4.388
5.123
3.394
5.004
4.2
4.141
5.023
5.992
5.691
7.211
4.891
4.243
4.436
7.934
4.059
4.311
3.794
3.973
2.869
4.199
2.566
4.058
5.484
2.882
5.742
5.182
8.841
5.047
5.875
3.207
5.628
5.237
5.472
4.876
5.788
6.27
4.748
4.534
4.989
6.962
6.828
4.368
4.152
5.751
2.742
0.6363
3.679
4.294
6.427
2.915
4.314
5.768
6.147
5.215
6.982
2.425
5.429
6.318
4.159
5.443
9.943
4.829
2.775
5.421
5.132
5.22
7.762
3.849
6.681
4.709
4.607
3.636
2.109
4.314
5.864
4.987
6.355
5.83
7.437
6.063
5.211
7.773
7.27
1.953
4.273
3.197
2.998
5.831
5.576
3.161
4.928
6.553
2.537
3.638
6.746
5.386
1.823
5.492
4.114
4.803
2.435
4.011
3.907
5.485
4.936
3.544
3.193
7.792
4.392
4.373
5.742
5.761
5.856
7.262
4.677
3.887
8.027
6.825
2.506
4.283
6.746
3.297
4.771
3.107
3.417
6.961
4.679
4.544
3.513
5.636
6.244
4.731
7.986
6.629
3.846
6.389
4.356
4.671
6.603
6.233
8.438
2.777
2.602
2.186
5.166
6.069
8.135
8.593
8.549
4.583
5.483
5.433
5.436
5.042
5.685
4.988
4.483
3.69
9.876
3.171
4.722
2.732
6.56
5.284
6.768
6.216
5.233
5.731
3.228
4.248
4.128
8.864
7.334
5.991
3.639
7.546
5.359
3.926
4.95
3.739
3.655
4.633
5.61
2.141
4.956
6.157
5.841
5.092
3.956
6.31
7.054
1.741
4.792
7.203
5.059
5.409
5.046
3.897
8.169
1.669
3.151
2.499
4.84
6.237
6.654
10.09
4.208
4.472
4.785
3.644
6.243
3.32
2.717
4.125
4.603
5.38
2.243
6.722
6.055
4.607
6.715
5.894
2.365
6.164
4.887
7.418
2.792
4.19
4.837
7.866
5.017
6.589
4.256
2.251
4.038
2.94
6.498
5.814
7.476
3.402
4.02
6.191
6.044
7.316
2.235
1.936
6.197
9.406
3.575
2.471
5.827
4.61
3.653
4.805
6.568
4.265
4.769
6.576
5.484
2.688
3.825
4.217
4.382
3.668
3.111
5.763
3.898
5.502
2.922
5.994
9.002
6.043
3.961
2.655
5.89
5.831
7.78
5.299
6.337
3.984
6.846
3.413
4.743
3.16
6.952
4.68
7.879
3.856
6.208
5.575
5.88
7.314
4.443
4.794
2.372
3.539
5.392
2.846
6.039
4.816
3.746
6.004
5.19
6.618
4.841
3.448
2.637
4.592
8.875
5.389
6.908
4.969
3.212
5.754
0.0
4.846
5.389
3.831
4.51
5.583
6.128
3.912
6.243
4.315
5.787
6.599
5.182
3.081
3.103
2.603
6.644
3.24
5.034
3.631
2.619
4.384
6.217
3.355
3.444
4.793
6.702
3.757
7.075
2.902
5.157
5.897
4.318
6.362
6.129
4.284
5.829
4.847
4.573
5.784
7.138
4.607
5.092
5.224
3.211
5.799
3.385
7.641
4.231
7.349
6.214
8.192
4.434
5.177
3.524
6.31
5.296
4.316
7.379
6.671
6.054
7.423
4.966
8.909
5.519
4.059
3.906
6.134
3.932
4.897
4.691
5.479
8.825
6.399
4.187
6.546
3.369
1.77
3.976
6.228
4.87
5.223
5.461
4.574
3.726
6.659
4.721
1.554
3.377
3.806
5.864
6.023
5.728
4.674
5.913
5.499
4.644
5.899
1.939
7.196
4.982
6.594
2.309
3.557
2.372
5.066
6.586
4.224
10.19
4.514
3.998
5.847
2.689
5.604
6.116
3.438
4.628
4.882
5.727
3.328
4.37
3.445
3.675
3.418
5.473
5.081
3.91
7.464
4.547
4.979
4.021
7.093
7.277
6.288
4.123
5.651
3.366
5.178
3.897
1.981
3.112
5.873
7.029
4.676
3.237
2.521
3.056
3.665
10.95
4.758
5.576
3.949
4.788
3.83
3.833
4.816
6.284
5.96
3.396
5.88
4.608
7.167
3.971
9.014
2.866
5.527
3.137
3.897
6.906
5.109
5.222
5.46
4.38
4.884
2.486
4.64
3.872
3.523
0.9473
5.713
5.241
5.428
5.431
6.818
5.699
2.938
2.355
6.465
5.678
4.779
5.977
5.97
3.108
4.71
3.82
1.588
4.099
2.942
3.217
4.374
4.122
6.946
5.073
3.267
5.498
1.708
5.251
3.665
3.984
3.46
4.181
4.42
7.22
5.481
4.767
3.91
5.903
7.896
4.664
4.677
5.7
3.083
7.707
3.698
3.311
4.468
5.899
3.868
3.103
5.784
5.353
4.181
5.378
4.532
2.548
6.504
3.766
1.938
9.28
3.831
3.649
6.103
3.807
2.867
7.612
4.158
1.17
8.949
4.839
3.375
6.452
5.311
4.511
6.939
9.184
4.096
10.41
5.586
3.223
4.978
5.427
4.121
5.484
4.188
2.637
8.337
9.569
3.503
6.991
5.181
2.087
5.225
5.47
2.738
8.363
4.357
2.48
8.141
4.968
3.294
6.145
4.131
4.236
5.289
4.295
2.48
5.849
7.178
3.477
6.651
4.105
7.092
5.673
3.792
3.64
6.621
5.032
4.795
7.646
5.775
2.189
2.352
4.948
2.996
5.59
4.937
4.405
8.114
4.715
3.001
4.402
4.011
2.325
6.112
5.157
6.756
5.436
3.007
1.737
8.285
4.751
2.128
7.451
7.577
3.292
4.305
6.612
3.402
6.003
5.781
1.815
4.677
5.924
3.019
6.127
3.608
4.465
7.199
3.93
3.506
5.491
3.044
2.021
9.125
4.789
4.724
5.886
6.583
5.511
5.297
4.524
4.042
9.351
4.559
5.142
8.966
3.719
6.37
7.427
7.657
3.141
5.607
9.401
3.589
7.158
4.154
6.351
6.582
3.573
3.346
6.515
3.144
3.35
4.177
5.181
2.735
5.201
6.742
1.998
6.149
5.363
4.189
6.67
4.709
4.532
6.699
4.797
3.489
4.137
3.929
4.434
5.585
6.052
3.32
11.15
4.032
6.537
4.751
5.086
3.688
6.867
4.587
1.591
7.087
4.526
4.759
4.726
2.128
4.84
5.295
5.113
2.837
8.017
5.714
2.764
9.055
6.327
2.569
7.792
5.135
3.736
10.62
5.227
3.242
6.192
3.831
4.569
8.271
5.296
0.763
6.647
3.236
2.05
5.579
3.018
2.837
7.001
4.345
3.168
8.416
3.398
2.482
7.457
3.857
3.055
9.236
4.42
3.087
6.995
5.268
2.178
7.049
4.157
3.744
6.428
5.16
7.215
3.63
7.967
5.279
8.098
7.383
4.127
3.784
5.238
3.221
7.658
7.117
7.881
5.217
8.536
5.98
4.445
5.301
7.117
7.843
5.255
4.609
7.391
7.198
6.117
3.869
6.107
3.955
6.02
5.651
9.258
4.535
8.569
3.541
7.113
4.715
6.159
5.445
7.924
5.645
7.838
5.226
7.516
4.684
7.642
5.793
5.555
3.541
4.226
4.998
5.669
4.864
6.748
6.56
5.006
6.413
5.209
4.842
4.773
5.949
4.875
3.838
6.535
6.797
7.931
2.977
5.48
0.0
7.62
4.7
6.776
3.894
8.655
7.353
8.172
3.298
7.048
9.145
6.513
8.587
0.0
2.964
5.77
6.863
11.8
9.281
5.907
8.876
4.533
7.172
6.797
8.659
7.566
7.946
4.326
4.661
5.292
2.9
8.322
4.788
5.16
6.146
7.994
1.774
7.695
2.355
8.539
8.679
5.239
4.239
8.898
8.165
7.267
8.229
6.717
8.718
8.145
7.34
9.259
10.56
5.689
4.948
4.581
5.887
6.483
4.302
7.335
5.465
0.0
7.72
0.3741
6.664
3.145
3.521
3.86
8.235
7.762
7.822
4.239
7.169
3.244
4.326
7.904
6.293
4.239
3.437
7.266
5.642
8.302
7.263
0.0
4.926
7.464
4.276
7.079
3.275
10.34
4.083
4.907
3.37
10.11
4.379
6.334
6.43
1.951
7.793
8.312
8.204
4.522
8.435
7.601
5.054
3.48
3.998
2.34
3.817
6.255
7.108
4.213
7.931
7.558
6.157
2.144
7.001
5.552
0.0
7.031
5.243
0.4487
7.159
7.904
3.395
9.957
9.156
5.088
0.0
9.959
6.516
6.337
5.017
5.463
6.774
6.913
7.998
6.156
5.889
3.744
8.834
8.297
4.764
9.879
8.724
7.848
4.625
3.532
3.704
8.213
7.535
5.172
5.672
7.73
6.372
4.416
1.111
1.698
5.614
8.162
3.572
3.191
10.03
4.999
8.337
4.031
6.211
8.903
4.744
7.174
1.339
8.737
8.45
2.239
4.642
10.18
9.174
4.48
8.497
7.025
3.08
3.918
4.3
7.143
3.23
3.592
3.388
0.8265
6.177
6.926
4.989
5.785
0.4719
7.002
5.997
6.638
0.0
4.013
6.664
5.229
6.99
4.98
5.636
6.967
5.933
3.128
3.685
10.15
8.62
4.709
6.364
9.249
8.479
4.612
4.357
6.529
4.47
5.867
5.071
7.61
7.059
0.0
7.859
5.48
8.386
0.0
2.01
4.42
4.81
7.702
4.903
3.898
2.12
7.861
5.685
6.952
5.342
3.8
10.21
7.343
6.893
2.238
3.249
6.457
5.847
7.38
6.709
8.569
0.5467
3.254
6.294
4.186
8.983
7.172
5.359
2.629
3.044
3.79
5.323
3.573
0.0
4.237
0.0
9.392
7.005
5.351
3.637
4.969
5.359
6.846
6.183
4.649
4.803
6.71
9.093
3.048
3.098
5.631
6.738
4.601
3.016
5.593
0.0
6.36
6.019
0.719
4.552
7.938
3.831
5.982
2.848
8.166
5.359
4.538
7.102
6.827
8.469
8.566
7.153
7.307
7.809
4.347
9.205
8.39
4.363
6.539
6.787
5.244
6.464
7.211
3.504
4.395
7.077
0.0
6.903
0.0
2.48
0.0
5.587
9.673
3.569
0.0
6.279
4.393
6.573
5.831
7.705
8.121
2.841
6.736
6.775
0.0
8.178
8.049
7.315
5.94
3.377
9.403
4.088
3.403
4.433
1.443
3.671
9.64
7.243
2.478
7.755
0.0
5.232
5.924
5.617
5.714
5.061
7.082
9.114
4.445
0.0
2.311
5.648
4.114
8.457
9.495
4.558
5.089
5.832
5.619
7.836
6.148
1.725
7.552
9.233
6.157
8.097
0.4709
5.52
4.925
6.095
5.954
10.42
7.678
5.992
4.111
9.346
4.642
0.0
6.853
6.353
6.283
7.148
8.032
6.583
8.646
6.786
7.353
5.873
4.74
2.607
8.441
8.466
6.426
6.311
2.874
10.75
9.227
8.056
8.88
2.699
8.383
6.929
3.593
5.192
10.88
8.537
8.651
5.809
7.576
5.559
4.212
9.48
5.572
6.2
3.83
5.622
2.98
7.878
9.073
6.141
6.138
4.676
6.749
2.388
4.099
0.5488
3.558
5.093
6.468
4.264
7.711
9.1
7.389
3.632
6.524
3.307
7.495
5.419
6.212
2.446
7.835
5.266
4.441
5.57
9.105
2.588
5.423
3.577
4.25
7.772
4.943
4.955
4.621
2.919
8.48
1.466
4.899
7.366
5.704
7.452
6.612
5.332
4.084
7.235
8.138
6.202
0.0
5.565
7.239
5.129
5.846
7.233
3.282
9.229
0.0
4.504
7.638
6.806
5.584
4.622
6.154
9.141
4.576
4.155
0.0
4.383
8.021
9.228
7.041
5.179
3.17
3.345
1.519
10.02
8.545
6.266
8.349
6.068
7.489
6.466
4.914
4.876
9.161
7.548
5.015
6.146
3.639
5.556
6.498
4.781
9.005
3.029
7.65
7.133
2.17
3.628
5.573
4.496
4.286
7.029
6.273
7.518
5.488
2.889
5.582
7.842
6.665
8.168
4.33
11.36
6.09
7.918
7.945
8.04
0.0
0.5996
0.0
2.443
5.314
7.444
3.956
6.808
3.217
6.048
2.701
5.606
4.645
3.167
3.367
8.151
9.151
4.116
3.832
1.791
6.061
5.067
7.418
9.841
6.323
7.836
7.137
6.099
7.895
4.523
2.599
0.0
4.925
0.0
3.327
1.903
7.433
4.636
3.804
6.656
9.409
3.32
5.746
6.718
6.094
6.702
4.736
4.841
2.933
3.489
4.807
3.06
5.324
6.706
6.99
4.697
4.727
7.473
6.736
7.216
8.313
7.153
9.254
0.0
4.852
2.845
6.79
8.555
4.097
3.478
6.851
9.337
2.486
8.032
10.6
8.712
5.352
3.603
7.124
4.871
7.041
2.71
4.935
2.903
6.852
5.616
3.678
6.736
8.423
7.669
7.43
6.08
7.861
3.789
4.822
3.11
3.085
9.086
8.27
8.242
9.933
8.368
2.483
3.573
7.039
6.955
6.609
3.512
6.704
3.962
6.247
5.53
7.411
6.813
8.377
2.087
5.83
4.476
4.901
5.337
5.83
0.0
1.318
0.0
6.909
9.332
2.692
2.028
3.281
0.0
4.572
0.0
8.693
5.166
7.387
2.777
5.529
5.095
6.014
5.237
6.403
4.787
5.967
9.692
5.218
6.736
4.625
8.543
6.342
9.342
2.382
5.071
4.519
9.171
3.097
9.186
2.764
5.254
7.513
9.808
5.766
3.354
9.755
3.906
7.976
9.176
1.925
6.521
2.781
9.204
5.129
3.155
3.509
5.673
3.98
6.554
5.043
5.858
5.076
8.328
8.03
4.843
7.081
5.234
5.123
1.903
4.852
7.221
7.637
6.359
4.151
8.467
5.522
4.25
7.585
2.726
6.772
5.567
8.187
5.364
5.77
2.712
5.893
3.898
2.361
7.737
4.934
4.314
0.5967
7.383
5.191
5.834
6.487
10.22
7.548
6.413
8.099
6.534
0.0
6.448
4.605
9.23
11.96
3.617
7.037
3.187
6.148
9.498
2.072
0.0
7.11
3.241
9.867
1.968
3.883
4.395
9.132
7.192
9.694
2.484
4.975
8.714
5.991
2.244
4.67
7.596
1.482
8.847
6.749
7.13
6.129
2.147
2.059
8.986
7.878
6.86
4.018
12.72
8.003
9.21
5.245
5.559
5.533
9.862
6.142
4.86
9.11
1.849
8.244
5.831
7.784
5.508
3.289
6.889
4.502
3.621
9.073
9.877
5.873
7.565
6.742
7.506
5.364
5.819
4.307
4.899
6.136
7.716
9.192
7.259
8.723
4.151
4.719
4.735
5.956
8.54
6.066
5.973
7.89
0.0
6.096
4.448
5.732
6.111
7.849
7.714
5.219
5.424
6.058
8.419
4.269
0.0
8.766
8.712
4.627
9.672
2.374
6.05
6.332
7.044
6.974
5.775
5.446
4.13
5.609
7.423
5.071
4.69
3.921
7.322
5.411
6.274
5.886
3.968
2.036
4.023
5.767
6.925
7.571
2.155
3.513
5.999
0.0
6.275
7.554
7.686
7.862
8.029
6.371
12.91
5.521
8.24
4.262
9.03
5.441
6.895
11.37
7.08
2.652
3.827
3.464
0.0
6.252
3.915
2.126
9.229
3.791
4.91
8.323
1.149
5.491
6.949
2.593
2.095
6.782
2.633
3.958
5.645
2.196
6.9
4.019
6.539
2.64
5.858
2.242
6.97
6.427
9.348
7.338
7.35
6.261
7.015
6.033
7.122
5.808
7.72
1.17
2.692
0.5967
0.0
3.001
2.796
5.649
4.148
9.592
7.11
8.431
5.493
7.948
8.178
6.975
5.662
4.827
5.49
6.086
3.714
3.383
5.594
7.882
6.076
0.0
8.812
9.591
5.74
8.735
2.553
6.196
4.07
6.544
4.909
7.192
9.699
2.79
0.0
3.957
5.871
0.0
0.0
5.227
4.51
5.968
4.718
4.582
6.531
1.613
2.435
5.153
6.055
8.771
5.283
4.885
5.339
5.78
4.543
4.807
8.848
10.72
8.738
8.615
0.0
7.387
6.733
8.104
0.0
9.192
6.19
0.0
0.0
3.747
1.175
5.74
5.84
6.794
8.08
4.827
4.718
6.59
6.442
10.31
9.041
2.622
3.356
3.835
3.605
4.159
6.568
5.834
8.088
4.979
3.972
0.0
5.827
6.983
3.508
8.37
1.295
8.113
5.845
6.774
6.428
6.289
3.164
4.392
6.29
8.361
4.453
3.864
3.557
5.015
2.782
4.862
5.402
10.41
6.312
9.357
6.283
1.861
5.577
8.381
8.18
8.589
5.88
3.636
3.531
4.882
7.515
7.302
4.55
5.898
8.309
2.236
5.16
6.881
6.414
4.35
4.985
3.527
4.064
4.059
2.657
7.932
6.268
0.0
7.607
7.698
7.383
4.77
3.907
7.487
4.857
4.005
2.076
7.943
9.45
2.096
7.683
5.048
5.434
6.408
3.784
2.116
7.193
5.528
6.566
12.4
9.264
0.0
8.952
3.048
5.222
8.898
7.656
5.511
2.306
3.261
6.291
2.234
9.351
5.824
3.129
6.747
7.526
5.984
8.527
7.156
5.616
6.425
6.216
8.481
10.71
5.489
4.777
6.165
7.067
9.434
7.84
8.276
5.849
0.0
0.0
5.871
7.592
7.632
6.456
4.985
9.226
6.036
6.243
8.141
8.916
5.65
3.702
8.788
9.637
3.585
9.907
7.786
5.726
5.895
7.184
8.037
8.078
8.997
10.11
3.956
4.382
5.654
4.034
4.122
5.029
5.691
7.533
7.409
0.0
7.064
9.393
4.851
0.4689
6.381
1.318
7.026
9.448
3.96
6.605
7.8
3.161
5.222
5.713
3.826
3.857
3.526
7.659
8.61
5.342
6.501
6.084
0.0
2.852
5.817
3.843
9.179
2.75
8.189
0.0
2.46
4.118
6.183
4.956
6.605
3.425
8.142
8.914
0.0
7.751
2.005
2.788
0.0
6.986
6.882
5.223
7.994
4.348
3.055
5.149
2.076
0.4884
2.77
5.726
8.786
8.331
7.983
8.589
8.527
0.0
8.446
8.107
4.093
6.503
9.142
2.657
7.499
7.659
7.396
5.186
3.208
6.753
6.561
8.181
10.14
8.673
4.419
9.22
8.123
7.989
8.287
8.032
6.356
9.933
4.682
7.295
11.17
0.0
2.938
6.302
6.231
5.063
6.371
5.691
8.486
1.573
3.176
9.945
10.51
2.765
6.819
4.923
10.8
2.167
0.0
4.228
5.135
8.321
9.894
9.484
4.671
4.519
7.79
8.704
7.693
5.375
3.69
7.447
10.25
8.132
10.85
8.064
5.911
6.156
8.085
3.54
0.0
7.062
3.571
5.952
0.0
6.988
6.842
6.232
0.0
4.092
7.3
2.599
8.79
5.841
4.802
4.643
6.272
8.118
8.646
2.971
8.761
4.551
5.588
7.87
4.744
4.162
6.361
4.869
5.179
6.627
10.29
5.586
9.197
9.631
7.088
5.702
8.071
4.958
7.305
6.78
6.098
2.599
0.0
3.837
5.164
9.556
6.596
0.0
8.254
6.241
8.999
5.816
7.109
4.83
7.031
5.25
5.155
4.919
4.575
5.723
5.915
9.088
2.888
9.214
7.754
2.666
4.437
8.391
0.0
0.0
4.207
8.085
0.0
1.175
7.147
6.578
4.854
6.229
3.506
8.144
5.349
6.378
3.036
8.181
9.822
4.11
0.0
7.674
7.137
7.001
0.0
1.934
6.597
7.886
5.241
6.799
7.41
9.08
5.837
8.652
0.0
4.245
4.331
3.041
5.669
6.52
8.407
7.372
6.751
8.288
4.231
6.057
11.27
5.003
5.254
3.748
5.557
6.971
7.861
3.132
3.891
8.745
7.434
8.077
8.667
9.752
7.876
3.236
6.599
5.568
6.512
7.061
6.644
0.0
4.337
3.509
9.434
5.707
7.487
8.311
0.0
9.0
6.357
6.046
5.715
0.0
4.67
6.315
8.709
6.957
1.859
3.208
5.362
9.495
1.757
0.0
6.044
5.578
4.62
9.479
3.077
2.947
3.595
2.238
0.0
10.23
6.62
6.794
0.0
1.458
0.0
3.037
8.518
7.229
5.646
4.281
2.242
1.978
4.716
4.04
9.648
5.109
2.308
10.16
7.576
7.128
6.718
8.221
3.509
4.106
5.615
7.888
7.125
8.667
2.588
8.315
2.583
4.98
0.0
4.531
9.498
6.83
6.945
9.727
4.097
5.236
3.708
7.884
1.193
4.27
6.319
4.71
5.812
4.543
1.172
7.01
4.344
6.699
9.473
9.91
3.519
5.733
6.632
6.108
6.567
3.779
3.813
2.336
0.0
3.756
5.92
5.254
8.813
3.758
4.628
9.717
5.317
5.748
8.748
3.662
4.302
5.112
4.617
4.727
8.247
8.937
8.231
8.643
7.25
5.101
5.407
5.707
5.562
6.622
0.9697
4.521
3.72
7.977
7.834
5.04
0.0
5.012
0.0
6.573
5.75
0.3764
5.628
7.311
4.067
4.653
4.245
7.499
3.997
0.0
9.078
8.246
5.853
0.0
6.654
8.541
0.0
3.916
9.081
7.977
6.858
5.156
9.278
6.077
7.716
6.982
5.53
6.953
8.008
4.131
2.748
2.162
8.944
3.472
11.66
2.982
2.473
5.305
3.07
5.282
4.422
3.281
9.413
2.822
6.145
5.466
10.02
4.093
7.194
3.408
7.65
2.493
2.166
6.383
3.064
6.255
8.82
6.806
6.246
4.889
4.932
5.255
2.69
7.916
8.568
7.374
4.176
9.369
5.007
7.97
5.342
7.642
0.0
8.937
10.44
7.72
8.465
4.273
3.172
9.946
4.351
9.748
8.468
2.761
8.301
3.493
8.477
3.636
8.885
3.037
4.092
8.85
4.159
2.14
5.385
0.0
3.488
1.905e-07
1.109
4.311
3.442
1.113
4.3
4.516
5.409
2.596
5.376
4.423
8.574
7.503
4.299
4.726
3.864
4.453
4.116
3.622
3.191
6.47
3.655
3.211
2.737
7.17
4.47
4.532
5.144
6.138
4.35
5.889
2.86
3.846
5.987
5.721
6.01
6.863
8.311
4.048
5.445
3.514
7.403
6.194
3.215
5.73
7.498
6.946
6.875
7.962
6.056
6.698
8.276
7.722
8.244
5.955
7.429
5.846
5.875
7.44
7.099
7.407
7.318
8.395
7.731
5.217
4.982
5.421
5.82
8.885
6.044
8.271
10.01
10.53
7.185
4.127
5.455
2.817
2.076
2.45
6.121
3.764
4.013
5.857
2.076
2.907
8.061
2.45
3.341
3.117
1.727
1.451
6.057
6.104
6.545
5.383
7.94
5.388
4.034
4.878
7.626
6.551
5.467
3.799
8.969
8.492
6.363
3.228
10.47
4.969
4.003
7.818
7.06
6.295
3.672
5.918
6.65
6.192
6.139
7.168
5.636
7.67
4.853
9.388
7.589
6.791
6.09
7.247
4.903
6.838
8.535
3.259
9.502
9.083
6.616
5.713
3.579
5.984
6.927
7.521
7.217
8.339
1.145
10.38
8.079
7.11
8.882
8.453
7.374
8.902
7.842
7.2
5.991
7.604
9.205
8.038
8.561
8.27
9.356
10.68
9.083
8.622
6.384
8.325
4.243
11.25
7.973
7.961
9.268
