0.9116
0.517
0.6095
0.4019
1.0
0.6516
0.8148
0.7918
0.8457
1.0
0.7391
0.7391
0.4589
0.794
0.5247
0.7054
0.9558
0.2759
0.8446
0.8203
0.801
0.6254
0.6816
0.4346
0.9442
0.6718
0.8568
0.9121
0.6431
0.9453
0.6217
0.8282
0.4601
0.5884
0.7741
0.8691
0.6015
0.6815
0.8767
0.9172
0.805
0.9774
1.0
0.8115
0.9082
0.4898
1.0
0.9055
0.5019
0.1798
0.8039
0.5707
0.7389
1.0
0.6364
0.8087
0.7384
0.9568
0.8418
0.8695
0.8529
0.572
0.8963
0.2497
0.6113
0.6294
0.4655
0.6167
0.3975
0.9587
0.6609
1.0
0.8837
0.8065
0.9579
0.6232
0.4412
0.609
1.0
0.8808
-0.004027
0.8758
0.9728
0.3968
0.8731
0.5013
0.4549
0.9646
0.2764
0.9023
0.9416
0.7525
1.0
0.7746
0.8242
0.6969
0.7591
0.09865
0.7923
0.5836
0.9725
0.6764
0.8318
0.7266
0.8528
0.8528
0.5321
0.552
0.557
0.6712
1.0
0.6413
0.7174
0.7174
0.4225
0.8221
0.9248
0.7808
0.6687
0.6687
0.884
0.7374
0.7626
1.0
0.8655
1.0
0.3621
0.7531
0.7999
0.6183
1.0
0.8901
1.0
0.6753
0.6753
1.0
0.8971
0.8169
0.7412
1.0
1.0
0.805
0.4273
0.3899
0.8834
0.6822
1.0
0.7667
1.0
0.5053
0.8828
0.8221
0.944
0.8571
0.8209
0.6561
0.5776
1.0
1.0
0.7271
0.6905
0.678
0.379
0.6017
0.76
1.0
0.9547
0.9256
1.0
0.3923
0.3211
0.794
1.0
1.0
1.0
0.9159
0.4226
0.623
0.9015
0.8563
0.8612
1.0
0.7501
0.8981
0.8671
0.7945
0.8632
1.0
0.9079
0.9371
0.4681
0.7686
1.0
0.9335
0.8019
0.7768
0.8008
1.0
1.0
0.649
0.7479
0.6965
0.8021
1.0
0.8492
0.615
1.0
0.8095
0.7644
0.7973
0.8922
1.0
1.0
0.9152
0.6669
0.9304
0.7294
0.7882
0.8451
1.0
1.0
0.751
0.8591
0.7189
1.0
1.0
0.9452
0.7073
0.7073
0.3561
0.7211
1.0
1.0
0.81
0.7609
0.7453
0.6982
0.7595
0.3288
0.5379
1.0
1.0
0.5855
1.0
0.8169
0.9345
0.8127
0.512
1.0
1.0
1.0
0.6817
1.0
0.4962
0.7566
1.0
0.9442
1.0
0.3624
0.384
0.857
1.0
0.7858
1.0
0.7864
0.8916
0.8525
0.6793
1.0
0.2564
0.8101
0.87
0.7966
0.1173
0.9449
0.94
0.4394
1.0
0.8959
0.9529
0.7915
1.0
0.9313
0.7462
0.4712
0.8749
0.4954
0.9427
0.7877
0.4788
0.682
0.7897
0.8837
0.756
0.3838
0.7726
0.2086
1.0
0.2601
0.6505
0.9029
0.6594
1.0
0.6073
0.9811
0.9189
0.8816
0.8285
0.9754
0.7744
0.3528
0.7809
0.8621
0.8275
0.6717
0.8325
1.0
0.8484
1.0
0.7237
0.8292
1.0
0.6241
0.8813
0.9804
0.6631
0.8266
0.9341
0.5173
0.6532
0.6815
0.6027
0.7528
0.949
0.5013
0.9048
0.5628
0.4019
0.716
0.9805
0.848
1.0
0.4225
0.8961
0.8099
0.3723
0.7982
0.9177
1.0
0.5672
0.9291
1.0
0.833
0.4751
0.7374
0.9452
0.5655
1.0
1.0
0.4993
0.8831
0.895
0.6775
0.4596
0.5305
0.7478
0.6525
1.0
0.4813
0.499
1.0
0.6949
0.6969
1.0
0.8518
0.5531
0.6714
0.6324
0.9594
1.0
0.7244
0.7364
1.0
1.0
1.0
1.0
0.7778
1.0
0.09884
0.6238
0.8676
0.8267
0.5852
0.7847
0.9455
0.3027
1.0
0.4154
0.601
0.6038
0.6465
0.6922
0.9933
0.4405
0.9525
0.8336
0.93
1.0
0.5835
0.7862
0.8434
0.4978
0.9423
0.9645
0.9877
1.0
0.711
0.699
0.9683
0.9033
0.9945
0.6681
0.9026
0.6788
0.8705
0.7492
1.0
0.9033
0.4761
0.8963
0.9204
0.8773
0.9094
0.585
0.8672
0.699
0.8875
0.9769
0.9522
0.9634
0.6757
0.4371
0.792
0.8795
0.5133
0.666
0.78
0.9225
0.1955
0.6969
0.5577
1.0
0.9243
0.8604
0.7057
0.5633
0.5413
0.7868
0.7154
0.5145
0.576
1.0
0.287
0.8024
0.9703
0.6995
0.5753
0.8828
0.6706
0.6112
0.7797
0.7018
0.6093
0.6655
0.4024
0.6722
0.638
0.9533
0.987
1.0
0.6616
0.9241
0.6758
0.5395
0.8942
0.8717
0.4825
0.1842
0.6258
0.1943
0.2349
0.3798
0.08566
0.1867
0.5717
0.43
0.7398
0.1074
0.1968
0.3917
