0.9272
0.9817
0.9138
1.0
0.9076
1.0
0.4412
0.9175
0.9502
0.9663
0.8017
0.9811
0.9022
0.9725
0.7239
0.9501
1.0
0.6058
0.9831
1.0
0.9403
0.9461
0.9471
0.928
0.9259
0.9388
1.0
0.9075
0.9814
0.9792
0.9247
1.0
0.9175
0.8603
0.8529
0.943
0.9527
0.9828
0.9203
0.9287
0.8856
0.9291
0.8219
0.886
0.9537
0.9233
0.8359
0.8857
0.9592
0.9615
0.9615
0.8086
0.9285
0.9073
0.9203
0.9404
0.8875
0.8491
0.89
0.964
0.6213
0.9056
0.9726
0.8656
0.8656
0.8728
0.9129
0.9212
0.7252
0.9619
0.943
0.7844
0.846
0.909
0.9044
0.8859
0.9164
0.8806
0.9235
0.8987
0.9758
0.9344
0.9675
0.8919
0.9217
0.9137
0.925
0.8573
0.87
0.8225
0.9079
0.9619
0.8805
0.4918
0.5791
0.4584
0.9578
0.8834
0.8404
0.8652
0.9652
0.8669
0.976
0.88
0.9536
0.8612
0.9677
0.8851
0.9292
0.9329
0.964
0.973
0.8438
0.869
0.9578
0.9898
0.919
0.7663
0.4512
0.8627
0.6042
0.9081
0.9081
0.6518
0.894
0.9318
0.9209
0.8338
0.9435
0.6985
0.9441
0.6775
0.8933
0.9782
0.9223
0.9785
0.7761
0.8274
0.9863
0.9271
0.9161
0.6541
0.9327
0.3164
0.7961
0.9017
0.7642
0.8668
0.844
0.9698
0.9315
0.7845
0.9624
0.8299
0.8608
0.4537
0.8786
0.8983
0.9096
0.7067
0.9145
0.4879
0.9078
0.9523
0.9771
0.864
0.6237
0.6747
0.6416
0.6138
0.857
0.9722
0.8315
0.9441
0.8862
0.5075
0.8844
0.8728
0.7837
0.8941
0.9221
0.8993
0.8073
0.9084
0.9652
0.9532
0.8829
0.6108
0.4945
0.9673
0.9015
0.6852
0.8591
0.9228
0.8689
0.87
0.8718
0.9279
0.8866
0.9749
0.2346
0.3264
0.3372
0.8516
0.8794
0.6556
0.6115
0.9036
0.8159
0.5669
0.5052
0.9064
0.9045
0.5454
0.5734
0.872
0.8154
0.7996
0.9238
0.5599
0.7839
0.4109
0.9117
0.5706
0.5363
0.7128
0.9206
0.3718
0.4662
0.4994
0.9623
0.4379
0.6098
0.9055
0.7572
0.5908
0.4211
0.6467
0.634
0.8701
0.92
0.8771
0.7776
0.5764
0.9327
0.6969
0.9142
0.9678
0.9866
0.3832
0.6594
0.7212
0.7626
0.5935
0.9154
0.9198
0.8556
0.9143
0.7086
0.5053
0.9335
0.4495
0.4341
0.7789
0.6869
0.6852
0.9334
0.8295
0.8869
0.8831
0.7647
0.8647
0.8783
0.637
0.4409
0.5228
0.6313
0.5347
0.9302
0.5743
0.7796
0.8937
0.5533
0.4952
0.4738
0.3206
0.8352
0.9648
0.7649
0.8441
0.9371
0.8308
0.8483
0.4564
0.6179
0.7882
0.8878
0.4689
0.8924
0.9018
0.9621
0.8745
0.805
0.8459
0.6224
0.7904
0.8657
0.8534
0.6219
0.5038
0.8574
0.8508
0.6004
0.8227
0.8304
0.4442
0.97
0.6382
0.9062
0.904
0.7217
0.6966
0.6078
0.5974
0.8247
0.7224
0.8327
0.5663
0.8119
0.7809
0.6267
0.6541
0.4899
0.4676
0.4669
0.6034
0.426
0.6801
0.9021
0.8427
0.8755
0.9049
0.7263
0.5098
0.482
0.5959
0.4979
0.5574
0.8952
0.7134
0.943
0.7896
0.4345
0.3708
0.5185
0.5854
0.6654
0.7858
0.8183
0.52
0.5694
0.5561
0.463
0.9248
0.6386
0.398
0.4519
0.6621
0.9104
0.6806
0.7677
0.4131
0.4825
0.8823
0.6553
0.5185
0.9182
0.873
0.8179
0.6901
0.7569
0.8489
0.8559
0.8045
0.797
0.65
0.5067
0.5542
0.6393
0.8034
0.4971
0.9465
0.8173
0.8699
0.4058
0.5452
0.8327
0.7998
0.7164
0.877
0.5432
0.6088
0.9407
0.7855
0.597
0.4823
0.5435
0.8964
0.7694
0.6885
0.4913
0.7395
0.8957
0.9055
0.9452
0.8116
0.6695
0.6342
0.8126
0.7426
0.7987
0.6971
0.7199
0.4265
0.6835
0.8698
0.4283
0.3921
0.9307
0.7891
0.563
0.7286
0.58
0.7508
0.921
0.4455
0.897
0.6935
0.5008
0.5271
0.5835
0.86
0.7541
0.8839
0.9037
0.6835
0.5266
0.7562
0.7462
0.8068
0.5997
0.4183
0.5354
0.4935
0.8229
0.3634
0.7583
0.8236
0.7672
0.7699
0.5153
0.5471
0.7029
0.5504
0.8524
0.3928
0.7646
0.4846
0.4491
0.5548
0.6972
0.7843
0.7663
0.4261
0.8158
0.6652
0.828
0.7343
0.507
0.8917
0.5231
0.9147
0.845
0.5707
0.8776
0.8391
0.7323
0.5383
0.4771
0.4339
0.5027
0.5683
0.649
0.6112
0.9552
0.8959
0.9319
0.9222
1.0
0.8957
0.9592
1.0
0.9515
0.88
0.9471
0.9748
0.8528
0.9461
0.9398
0.914
0.9461
0.9221
0.9784
0.8993
0.966
0.9578
0.9259
0.8759
0.88
0.88
0.9175
0.9175
0.88
0.88
0.8982
0.9895
0.9349
1.0
0.9896
0.9603
0.9638
0.8404
0.9044
0.8531
0.8546
1.0
0.7966
0.8652
0.9669
0.9097
0.5143
1.0
0.8898
0.5945
0.984
0.9438
0.8744
0.9844
0.9419
0.7094
0.925
0.9642
0.9743
0.9064
0.9857
0.9145
0.9227
0.9404
0.9284
0.9085
0.8141
0.829
0.7782
0.8249
0.9884
0.8359
0.9528
0.8108
0.9131
0.8597
0.9276
0.8483
0.896
0.9739
0.9929
0.9395
0.5273
0.3381
0.61
0.8579
1.0
0.8518
0.8911
0.819
0.8518
0.9159
0.9152
0.9656
0.9158
0.913
0.631
0.9004
0.9463
0.9127
0.9619
0.7901
0.7761
0.4918
0.5784
0.9096
0.9349
0.9019
0.8187
0.6373
0.6406
0.6406
0.4797
0.8489
0.8506
0.9625
0.8721
0.9338
0.7034
0.8769
0.8523
0.9423
0.8823
0.8919
0.7198
0.876
0.8896
0.5916
0.9839
0.982
0.947
0.9276
0.9693
0.4176
0.8994
0.861
0.467
0.5685
0.9866
0.8422
0.9741
0.8456
0.7267
0.6512
0.887
0.8665
0.8264
0.9031
0.6779
0.7214
0.9386
0.9345
0.9217
0.8667
0.9729
0.8203
0.9056
0.8496
0.906
0.7356
0.8386
0.9435
0.8447
0.9483
0.8309
0.9012
0.9575
0.8828
0.4801
0.8214
0.7512
0.8658
0.7803
0.3151
0.9849
0.8103
0.9141
0.7808
0.7693
0.876
0.7454
0.8698
0.6254
0.9245
0.6957
0.8129
0.5802
0.8954
0.9194
0.8458
0.9304
0.6635
0.9206
0.4562
0.9399
0.7505
0.7446
0.81
0.9045
0.6778
0.791
0.8246
0.806
0.6587
0.6031
0.5461
0.7491
0.8596
0.4484
0.8548
0.8516
0.8773
0.9607
0.7721
0.4509
0.7625
0.7803
0.8943
0.7155
0.9285
0.4552
0.4557
0.816
0.88
0.4347
0.9098
0.9282
0.7488
0.4425
0.5474
0.4235
0.6006
0.4027
0.8107
0.8494
0.9914
0.8525
0.8552
0.9255
0.6634
0.9166
0.9059
0.4993
0.4333
0.5578
0.591
0.9317
0.8231
0.6013
0.4494
0.6146
0.6252
0.7475
0.9612
0.9677
0.9619
0.7923
0.4361
0.8598
0.4009
0.8604
0.6369
0.4562
0.4007
0.8529
0.8011
0.6314
0.9189
0.7661
0.4325
0.7426
0.8571
0.6991
0.5222
0.9468
0.8519
0.894
0.9108
0.7417
0.7717
0.9165
0.7682
0.8437
0.849
0.8225
0.8596
0.8429
0.8899
0.4738
0.7128
0.4878
0.5532
0.72
0.613
0.9641
0.9134
0.6241
0.7099
0.7728
0.9132
0.7522
0.5785
0.9219
0.5076
0.8426
0.952
0.2986
0.5499
0.89
0.8983
0.8629
0.8886
0.8643
0.9021
0.8049
0.5868
0.8714
0.8965
0.3923
0.5827
0.788
0.8777
0.593
0.6263
0.5713
0.8855
0.9162
0.5074
0.5879
0.7938
0.8852
0.7985
0.5339
0.5335
0.5754
0.4485
0.86
0.536
0.6692
0.8242
0.9251
0.9106
0.7859
0.8515
0.9649
0.513
0.9797
0.8775
0.6444
0.7516
0.8151
0.3698
0.9393
0.4095
0.5755
0.514
0.5849
0.6404
0.5015
0.9165
0.5107
0.8008
0.9336
0.7772
0.4525
0.4972
0.5143
0.7008
0.3794
0.6076
0.2665
0.5982
0.4023
0.8198
0.3605
0.6268
0.7175
0.4223
0.9557
0.765
0.7927
0.4983
0.909
0.744
0.5642
0.862
0.6808
0.7042
0.78
0.6976
0.8698
0.4803
0.7507
0.7182
0.8555
0.612
0.4411
0.839
0.8966
0.818
0.4477
0.8503
0.7395
0.7534
0.8833
0.7303
0.7301
0.7887
0.5082
0.4315
0.8267
0.3906
0.5392
0.7604
0.5571
0.5766
0.3829
0.446
0.51
0.6274
0.6133
0.9351
0.5462
0.7176
0.4513
0.6373
0.4081
0.729
0.3932
0.9122
0.7578
0.837
0.4291
0.9451
0.4416
0.4624
0.5564
0.8945
0.6976
0.551
0.4685
0.8993
0.4702
0.4301
0.5698
0.7924
0.5152
0.4423
0.5611
0.4946
0.5661
0.912
0.5514
0.715
0.5474
0.7888
0.48
0.6845
0.6282
0.7477
0.8077
0.4867
0.8258
0.6342
0.4023
0.506
0.8024
0.8241
0.4518
0.7629
0.9115
0.5198
0.917
0.7217
0.8382
0.8466
0.6933
0.7305
0.3774
0.7829
0.8839
0.6395
0.7357
0.8838
0.7778
0.6668
0.5407
0.7717
0.7218
0.8306
0.6812
0.7443
0.865
0.5011
0.3614
0.7483
0.6432
0.6026
0.5561
0.8278
0.583
0.5463
0.4236
0.7074
0.471
0.6054
0.9532
0.8595
0.8727
0.8912
0.9261
0.6375
1.0
0.8575
0.7581
0.96
0.978
0.9639
0.5998
0.8495
0.8998
0.7041
0.7477
0.8157
0.8476
0.7704
0.6273
0.7942
0.8801
0.5776
0.9101
0.8921
0.9571
0.9451
0.7472
0.8366
0.7494
0.8965
0.7563
0.8615
0.6672
0.9074
0.9035
0.8481
0.9647
0.9134
0.8784
0.7513
0.7335
0.8644
0.9395
0.75
0.9428
0.7454
0.9244
0.8372
0.692
0.733
0.945
0.9043
0.9583
0.8121
0.7834
0.9426
0.9287
0.9347
0.5923
0.6617
0.8463
0.9136
0.9203
0.88
0.7091
0.7865
0.8756
0.853
0.9411
0.9292
0.7734
0.5646
0.8388
0.8267
0.8483
0.6998
0.8214
0.9192
0.8993
0.7513
0.9896
0.9524
0.6143
0.9266
0.8012
1.0
1.0
0.7627
0.9126
0.8689
0.6345
0.888
0.9328
0.6494
0.8293
0.926
0.8844
0.7969
0.5416
0.7396
0.8725
0.9617
0.8961
0.7542
0.9465
0.9695
0.5065
0.7914
0.9901
1.0
0.96
0.8454
0.8166
0.7487
0.7212
1.0
0.867
0.8979
0.7627
0.7229
0.7244
0.8464
0.8207
0.7769
0.7803
0.8336
0.9286
0.932
0.9665
0.9555
0.6631
0.9528
0.8453
0.7837
0.9042
0.9855
0.5747
0.788
0.5834
0.7822
0.8928
0.4058
0.6004
0.9395
0.8843
0.5155
0.9054
0.7833
0.8747
0.6589
0.6282
0.8209
0.8823
0.9431
0.8762
0.9866
0.8253
0.9678
0.6555
0.8521
0.8879
0.9567
0.9398
0.944
0.8412
0.7274
0.7181
0.5609
0.952
0.9639
0.8669
0.8456
0.902
0.843
0.9125
0.9283
0.7053
0.9201
0.7541
0.7296
0.7483
0.661
0.9458
0.465
0.6481
0.8927
0.6149
0.8626
0.7776
0.7993
0.5603
0.8845
0.8475
0.8739
0.8334
0.8481
0.653
0.6315
0.9909
0.5733
0.8726
1.0
0.9322
0.5212
0.8512
0.96
0.7852
0.8658
0.9037
0.7767
0.932
0.8407
0.8848
0.8108
0.8739
0.8048
0.882
0.3466
0.5696
0.8115
0.8703
0.8264
0.6883
0.9384
0.7294
0.8791
0.8808
0.5998
0.8314
0.907
0.7976
0.8653
0.8593
0.8828
0.6285
0.935
0.6434
0.8328
0.6935
0.8744
0.6366
0.9378
0.7624
0.9301
0.724
0.9188
0.9712
0.8837
0.6494
0.9663
0.6056
1.0
0.9521
0.8184
0.9555
0.7261
0.9723
0.8177
0.7918
0.8521
0.9093
0.3979
0.8891
0.694
0.9603
0.984
0.782
0.7109
0.6606
0.5762
0.6457
0.7441
0.8066
0.9715
0.9106
0.7982
0.8392
0.6482
0.8341
0.9254
0.8241
0.9545
0.9638
0.8563
0.92
0.9746
0.8756
0.5097
0.8459
0.8518
0.9364
0.8801
0.8724
0.9078
0.5982
0.8243
0.9537
0.7324
0.8067
0.7683
0.9456
0.7874
0.6578
0.9116
0.5623
0.9208
0.7214
0.8537
0.9479
0.8059
0.7891
0.7645
0.8726
0.5678
0.9639
0.7233
0.8844
0.8232
0.9613
0.9679
0.8567
0.8921
0.9463
0.8612
0.8856
0.891
0.8527
0.9602
0.8492
0.7093
0.9446
0.9853
0.6232
0.6059
0.79
0.8564
0.6854
0.8419
0.9699
0.8842
0.8993
0.9339
0.936
0.6625
0.895
0.9051
0.7216
0.86
0.8221
0.6206
0.9299
0.4834
0.9602
0.946
0.9234
0.6905
0.8792
0.8604
0.7469
0.9898
0.9695
0.9073
0.8627
0.9542
0.9912
0.9209
0.8547
0.8408
0.9719
0.9798
0.6161
0.7944
0.7768
0.9532
0.8266
0.9139
0.6846
0.5714
0.8483
0.6149
0.5228
0.9376
0.8658
0.7424
0.9227
0.8369
0.7218
0.9247
0.9207
0.9547
0.6971
0.7055
0.9372
0.9572
0.9015
0.7393
0.9369
0.9255
0.6297
0.827
0.9831
0.935
0.8144
0.9716
0.9307
0.9629
0.8708
0.9161
0.8185
0.8772
0.8887
0.9293
0.7029
0.8545
0.7289
0.9893
0.9423
0.8697
0.9772
0.8566
0.5006
0.9316
0.8371
0.922
0.8106
0.8775
0.9455
0.9837
0.8414
0.7991
0.644
0.9552
0.7146
0.928
0.8951
0.937
0.9886
0.8521
0.9524
0.8789
0.9107
0.7211
0.2646
0.9188
0.6122
0.7322
0.9912
0.9516
0.9873
0.9712
0.8053
0.9442
0.9156
0.7719
0.7969
0.955
0.9476
0.661
0.7705
0.868
0.757
0.8506
0.9511
0.8362
0.945
0.8375
0.8191
0.9511
0.7421
0.8705
0.9483
0.9065
0.58
0.9244
0.8693
0.8203
0.869
0.85
0.7266
0.5726
0.8289
0.7589
0.79
0.6831
0.9041
0.8412
0.9448
0.9771
0.9256
0.8831
1.0
0.7809
0.7453
0.8623
0.8598
0.9031
0.5846
0.9487
0.9545
0.8639
0.6106
0.9802
0.6877
0.8953
0.9427
0.7454
0.775
0.9922
0.8514
0.7534
0.9668
0.677
0.4129
0.8425
0.9188
0.9719
0.8945
0.7758
0.7984
0.8615
0.5571
0.8597
1.0
0.9246
0.8504
0.9334
0.981
0.7989
0.9276
0.9331
0.7134
0.6993
0.9602
0.8373
0.7656
0.9353
1.0
0.6357
0.93
0.6094
0.8823
0.9285
0.831
0.939
0.7305
0.9319
0.6313
0.7243
0.9642
0.9648
0.6768
0.8508
0.7171
0.9107
0.5563
0.95
0.9119
0.6211
0.8646
0.843
0.9213
0.9651
0.7801
0.699
0.8832
0.967
0.6381
0.8203
0.9616
0.8715
0.7815
0.9023
0.8381
0.7328
0.8264
1.0
0.6931
0.8289
0.8587
0.677
1.0
0.7267
0.7194
0.9858
0.9796
0.8898
0.872
0.9288
0.8937
0.9457
0.6847
0.8269
0.8616
0.8543
0.5307
0.9248
0.8743
0.7892
0.9502
0.5796
0.67
0.7545
0.9
0.9385
0.8709
0.8397
1.0
0.699
0.8545
0.7146
0.958
0.9568
0.986
0.7306
0.9212
0.8824
0.535
0.88
0.8054
0.8007
0.8076
0.8858
0.7585
0.695
0.8873
0.9105
0.7584
0.8402
0.8135
0.9355
0.4444
0.9736
0.5266
0.9332
0.6306
0.8238
0.9044
0.8787
0.7039
0.9352
0.7823
0.9851
0.8801
0.9711
0.7104
0.912
0.6464
0.904
0.9462
0.4151
0.7571
0.7745
0.9321
0.9833
0.8783
0.7165
0.9376
0.6973
0.842
0.7329
0.6984
0.6826
0.6029
0.9591
0.968
0.8843
0.8572
0.9263
0.8584
0.9497
0.9325
0.8247
0.8106
0.9737
0.7783
0.855
0.9682
0.8137
0.9798
0.8486
0.9863
0.9815
0.8223
0.7996
0.9781
0.6114
0.9076
0.6394
0.933
0.9166
0.5322
0.5243
0.744
0.7099
0.9341
0.6491
0.6878
0.8096
0.7498
0.8184
0.8974
0.9717
0.8195
0.9112
0.6976
0.8889
0.5209
0.8743
1.0
0.8218
0.4963
0.9039
0.6931
0.9586
0.7813
0.7408
0.6673
0.7839
0.8107
0.9355
0.7998
0.9128
0.706
0.8702
0.8931
0.9027
0.9571
0.8565
0.5689
0.8841
1.0
0.8322
0.8177
0.9355
0.6975
0.8487
0.83
0.7307
0.9305
0.6919
0.8407
0.9353
0.7984
0.5619
0.8539
1.0
0.8627
0.9561
0.9126
0.752
0.7452
0.7372
0.8433
0.8387
0.8649
0.6672
0.8675
0.7171
0.7353
0.8221
0.6898
0.975
0.8569
0.7636
0.7663
0.9192
0.9157
0.7998
0.5779
0.9431
0.964
0.8073
1.0
0.7744
0.8229
0.7472
0.8679
0.4882
0.8535
0.9688
0.5873
0.8724
0.8424
0.7783
0.6841
0.9062
0.9787
0.8962
0.6421
0.7921
0.9198
0.8173
0.8588
0.8372
0.9329
0.6297
0.9901
0.4655
0.8684
0.7379
0.8528
0.8735
0.7385
0.7902
0.6818
0.8938
0.6583
0.8679
0.9234
0.7659
0.85
0.8284
0.641
0.969
0.8671
0.9069
0.9452
0.874
0.9503
0.9132
0.9611
0.82
0.8734
0.7799
0.9673
0.8459
0.8588
0.9794
0.6982
0.9354
0.9609
0.988
0.8766
0.8627
0.6433
0.8588
0.961
0.855
0.634
0.9115
0.7714
0.7392
0.8034
0.8965
0.9958
0.7382
0.7868
0.6296
0.8764
0.629
0.8907
0.8664
0.7976
0.6725
0.5464
0.6164
0.8687
0.5163
0.9277
0.8433
0.9016
0.9716
0.8831
0.9674
0.856
0.8652
0.5758
0.8802
0.914
0.8155
0.9164
0.7634
0.8338
0.9644
0.755
0.9493
0.713
0.9399
0.6071
0.6232
1.0
0.7925
0.9044
0.9018
0.686
0.9687
0.7985
0.885
0.848
0.8075
0.5962
0.9348
0.8975
0.9157
0.8263
0.9399
0.8493
0.9846
0.8317
0.9832
0.5364
0.8219
0.5614
0.9326
0.8692
0.7666
0.9417
0.8929
0.8461
0.789
0.6945
0.9653
0.7474
0.8871
0.8954
0.9581
0.6753
0.675
0.8666
0.7662
0.6346
0.8719
0.919
0.8426
0.9667
0.8454
0.5259
0.3852
0.7801
0.9516
0.7608
0.7315
0.9804
0.7141
0.99
0.8749
0.8966
0.6334
0.8878
0.6413
0.9916
0.8837
0.8547
0.7555
0.8557
0.7133
0.6638
0.7619
0.9013
0.8847
0.7824
0.9387
0.9911
0.5894
0.8318
0.8923
0.7763
0.7949
0.5565
0.5907
0.9671
0.8205
0.8608
0.8647
0.8754
0.749
0.8848
0.9857
0.8748
0.9772
0.5867
0.6899
0.8943
0.9322
0.9022
0.5366
0.9642
0.9296
0.9861
0.9528
0.8049
0.7055
0.8832
0.7073
0.7049
0.6399
0.5949
0.7571
0.9069
0.3892
0.7637
0.7002
0.6135
0.7738
0.9329
0.8963
0.8282
0.8492
0.8366
0.8794
0.9018
0.7373
0.9613
0.8494
1.0
0.1234
0.4591
1.0
0.9542
0.6446
1.0
0.8647
0.854
0.6487
0.5954
0.6326
0.8781
0.9204
0.9181
0.9491
1.0
0.6588
0.944
0.5529
0.8719
0.7492
1.0
0.7872
0.6547
1.0
0.6953
0.9347
0.9393
0.8659
1.0
0.523
0.3849
0.9067
1.0
0.8843
0.6412
0.8555
0.6914
0.8777
0.8781
0.9632
0.8175
0.919
0.3329
0.9258
1.0
0.9269
0.5837
1.0
0.9127
1.0
0.584
0.731
1.0
1.0
0.8258
0.8574
0.949
0.8746
0.847
0.9213
0.622
0.9227
1.0
0.7462
0.9382
0.9655
0.8129
1.0
0.6864
0.7334
1.0
0.4264
0.8853
1.0
0.8605
0.8616
0.5808
0.6108
1.0
0.6164
0.5209
1.0
0.7138
0.6329
1.0
0.8816
0.5521
0.8833
0.944
0.8339
0.7491
0.8882
0.8776
0.9214
0.7673
0.9017
0.4532
1.0
0.7998
0.8079
0.8369
1.0
0.7494
0.8777
1.0
0.824
0.9084
0.9603
0.9103
0.9653
1.0
0.7153
1.0
1.0
0.3842
0.9423
0.8984
0.8451
0.875
0.9696
0.9133
0.7496
0.9783
0.7488
0.9152
0.8182
0.6746
1.0
0.6721
0.817
0.8872
0.319
0.8959
0.8224
0.838
0.6285
0.8786
0.8746
0.8691
0.8902
0.6983
0.4591
0.9472
0.9682
1.0
0.8236
0.8078
0.8385
1.0
0.5565
0.8754
0.9639
0.8769
1.0
0.906
0.9201
0.8296
0.5027
0.9093
0.95
0.8396
1.0
0.9396
0.8214
0.8992
0.8206
1.0
0.874
1.0
0.5668
0.6792
0.8595
1.0
0.9463
0.8582
0.9644
1.0
1.0
0.5559
0.7652
0.508
1.0
1.0
0.9299
0.9558
1.0
0.842
0.8939
1.0
0.7225
0.8896
1.0
0.918
0.8023
1.0
0.7688
0.8156
1.0
1.0
0.8175
0.9531
1.0
0.9346
0.9498
0.5849
0.4607
0.8236
0.798
1.0
0.9786
0.6547
0.76
0.7951
0.8718
0.9123
1.0
0.6667
0.9092
1.0
0.7004
1.0
1.0
0.6247
0.7994
0.988
0.3065
0.8867
0.935
1.0
0.8129
0.822
0.8919
0.9032
0.9859
0.7494
0.8028
0.9923
0.9487
0.6362
0.6547
0.8457
1.0
0.6768
1.0
0.8409
1.0
1.0
0.7834
0.8668
1.0
0.78
0.8219
1.0
0.9246
0.9557
0.9615
0.9717
1.0
0.911
0.8236
0.5521
0.9162
0.7179
0.7535
1.0
1.0
1.0
0.7994
0.7936
0.8576
0.755
1.0
0.8337
1.0
1.0
0.794
0.8882
1.0
0.4759
0.8883
0.9707
1.0
0.9206
0.9696
0.7378
0.6465
0.911
0.8502
0.9466
1.0
0.9355
0.6499
0.76
0.7124
1.0
1.0
0.7537
0.8668
0.9085
0.7075
1.0
1.0
0.6469
0.9106
1.0
0.4484
0.6499
0.7759
0.7984
0.6673
0.5451
1.0
0.9799
0.3842
0.8577
0.5671
0.8648
1.0
0.8988
0.9202
0.9438
0.5904
0.8972
1.0
0.7075
1.0
0.838
0.8977
0.6727
1.0
0.8774
1.0
0.9136
0.5093
1.0
1.0
0.6685
0.9252
1.0
0.803
0.8806
1.0
0.8036
1.0
0.8719
0.8842
0.9258
1.0
0.7774
0.9123
0.9403
0.3732
0.5464
0.9683
0.715
0.5559
0.9536
0.6429
0.8849
0.7472
0.7822
0.7345
0.8873
0.8251
0.7111
0.7179
0.8721
0.9132
0.911
0.8351
1.0
0.5027
0.8772
1.0
1.0
0.6854
0.6348
0.9496
0.9193
1.0
0.8732
0.7075
0.9123
0.9332
0.5559
0.8268
0.9639
0.279
1.0
0.5027
0.8482
0.7596
0.5234
0.3525
0.9147
0.7038
0.9751
1.0
0.6589
0.9736
0.9772
0.8061
0.6657
1.0
0.88
1.0
0.948
0.8967
0.6612
1.0
0.6315
1.0
0.9696
0.4194
0.9253
0.7383
1.0
0.7856
0.7903
0.8806
0.7832
0.7217
0.8977
0.9809
0.9667
0.9477
0.8818
0.3192
0.9539
0.9207
0.8607
0.8466
0.8914
0.9429
0.9582
0.9707
0.8925
0.7967
0.9254
0.8459
0.9754
0.8609
0.735
0.9612
0.8673
1.0
0.9612
0.9839
0.872
0.9566
0.9172
0.8725
0.9148
0.7783
0.5532
0.9357
0.8486
0.8705
0.6991
0.9464
0.8014
0.6134
0.9013
0.9427
0.9296
0.9271
0.8391
0.7815
0.7271
0.9389
0.8646
0.9821
0.9926
0.9949
0.5184
0.8716
0.9239
0.9024
0.9256
0.7798
0.9469
0.9397
0.9836
0.632
0.7171
0.9402
0.9776
0.7323
0.7563
0.8572
0.5206
0.997
0.9839
0.891
0.8117
0.9525
0.9752
0.9871
0.8196
0.8117
0.9171
0.7634
0.9536
0.8756
0.9156
0.8649
0.8364
0.9518
0.8778
0.7648
0.9381
0.8466
0.782
0.9555
0.9637
0.9746
0.9023
0.9818
0.9006
0.9255
0.9008
0.776
0.4097
0.9477
0.9683
0.6155
0.9183
0.6649
0.9055
0.9275
0.8481
0.7602
0.9362
0.8246
0.8845
0.8873
0.9543
0.9671
0.781
0.8654
0.9538
0.9088
0.8609
0.9006
0.8944
0.8155
0.8898
0.7835
0.9214
0.9167
0.8572
0.8271
0.9706
0.8685
0.7018
0.8009
0.9928
0.8661
0.9636
0.9086
0.9789
0.9271
0.8382
0.9169
0.8976
0.9299
0.8889
0.9425
0.7805
0.8288
0.9236
0.9173
0.9239
0.9232
0.7481
0.9425
0.7976
0.9376
0.8571
0.7361
0.8351
0.9314
0.977
0.6507
0.9232
0.9006
0.9061
0.9631
0.8316
0.717
0.9918
0.9433
0.9147
0.8994
0.9166
0.9421
0.9427
0.9167
0.9398
0.8497
0.7674
0.993
0.9508
0.5761
0.8844
0.932
0.9959
0.9547
0.9208
0.8985
0.9308
0.9101
0.9351
0.9168
0.8104
0.9103
0.8983
0.991
0.9392
0.9679
0.8344
0.8816
0.8564
0.7102
0.9918
0.825
0.8574
0.8901
0.9063
0.8333
0.9509
0.841
0.9439
0.5735
0.7731
1.0
0.9686
0.9248
0.5808
0.8518
0.9523
0.9757
0.9343
0.7314
0.8281
0.869
0.9542
0.5751
0.7557
0.8814
0.7188
0.7853
0.8411
0.9608
0.8633
0.809
0.8819
0.8692
0.9838
0.6929
0.8714
0.8304
0.8378
0.7339
0.8613
0.8847
0.9578
0.9497
0.8079
0.8437
0.9153
0.9267
0.8001
0.9239
0.8969
0.2942
0.8765
0.8939
0.8858
0.586
0.5255
0.7444
0.509
0.9243
0.8516
0.9475
0.7936
0.9241
0.68
0.9685
0.8394
0.8696
0.9086
0.8437
0.8214
0.8598
0.5953
0.8715
0.9425
0.8863
0.9333
0.8812
0.9148
0.8061
0.5958
0.8056
0.9191
0.8692
0.5992
0.9558
0.9654
0.9081
0.8929
0.7746
0.8192
0.8995
0.9207
0.9147
0.9568
0.8703
0.7226
0.7557
0.8204
0.6819
0.978
0.9316
0.8897
0.946
0.8545
0.9338
0.8681
0.537
0.9509
0.963
0.9599
1.0
0.783
0.7675
0.8654
0.9415
0.7958
0.9341
0.8647
0.9313
0.9535
0.9363
0.9335
0.9196
0.9365
0.8396
0.5216
0.8713
0.9709
0.9476
0.9318
0.9523
0.8673
0.7664
0.912
0.7517
0.785
0.8023
0.7761
0.9637
0.9479
0.9097
0.8773
0.7636
0.951
0.804
0.8961
0.8374
0.9615
0.9743
0.9783
0.9231
0.8144
0.6917
0.9513
0.9772
0.7435
0.9649
0.9661
0.7841
0.8536
0.9748
0.7094
0.9808
0.8953
0.9139
0.6075
0.8689
0.9547
0.8877
0.7968
0.9894
0.8448
0.8621
0.9271
0.8683
1.0
0.4882
0.8748
0.5774
0.8486
0.9777
0.812
0.9498
0.8806
0.9025
0.9071
0.8973
0.5608
0.9441
0.8146
0.9638
0.846
0.9256
0.886
0.8784
0.9362
0.909
0.8389
0.7183
0.8902
0.8625
0.8939
0.9553
0.9199
0.9636
0.8234
0.9763
0.9001
0.9267
0.9138
0.9178
0.9214
0.7901
0.9384
0.8582
0.9085
0.8976
0.9193
0.7294
0.7676
0.9803
0.9373
0.98
0.8575
0.6094
0.9679
0.5996
0.7108
0.6976
0.8225
0.9129
0.6752
0.3606
0.6105
0.6518
0.9774
0.952
0.579
0.9874
0.5876
0.792
0.8293
0.9595
0.8891
0.4298
0.5396
0.9469
0.9705
0.9316
0.8844
0.7216
0.9899
0.9465
0.8794
0.9946
0.9637
0.8251
0.9602
0.9355
0.9434
0.9857
0.8975
0.8856
0.973
0.8682
0.8909
0.8436
0.9622
0.8973
0.8072
0.625
0.9096
0.9449
0.9317
0.7196
0.8982
0.9557
0.9512
0.9044
0.9585
0.8689
0.9732
0.9189
0.756
0.9722
0.8566
0.7998
0.5666
0.8568
0.9274
0.9597
0.8345
0.9122
0.9468
0.8925
0.8371
0.8608
0.924
0.8541
0.8857
0.782
0.8792
0.8992
0.9387
0.9305
0.9693
1.0
0.8023
0.9144
0.6533
0.9748
0.9441
0.9029
0.9165
0.8768
0.8099
0.985
0.7874
0.7136
0.9492
0.8742
0.3447
0.9018
0.9294
0.9312
0.934
0.8714
0.8692
0.9656
0.7807
0.9076
0.8919
0.9375
0.9796
0.9382
0.8498
0.8828
0.8631
0.865
0.9074
0.8746
0.9023
0.7214
0.706
0.9839
0.9485
0.9713
0.9566
0.8744
0.9233
0.9469
0.8514
0.9741
0.9665
0.8373
0.9588
0.9756
0.8141
0.927
0.8741
0.9834
0.9538
0.9663
0.8814
0.8544
0.9639
0.9596
0.4147
0.9526
0.9328
0.7787
0.8677
0.857
0.795
0.9499
0.95
0.2257
0.8644
0.9621
0.9341
0.8406
0.9501
0.899
0.9596
0.9155
0.651
0.8727
0.8985
0.9677
0.849
0.8985
0.9362
0.6812
0.8314
0.9491
0.6468
0.956
0.9398
0.807
0.8144
0.6493
0.9873
0.9813
0.9868
0.9047
0.8505
0.6538
0.6596
0.6308
0.9321
0.9362
0.9238
0.897
0.8978
0.9156
0.844
0.9134
0.9573
0.6931
0.9565
0.8268
0.9876
0.7429
0.9
0.8369
0.8044
0.9481
0.7788
0.9493
0.9132
0.9628
0.615
0.6765
0.8705
0.9532
0.569
0.7992
0.8883
0.8705
0.881
0.9572
0.9171
0.7407
0.9892
0.9398
0.7518
0.8227
0.953
0.8924
0.7105
0.7581
0.988
0.8504
0.6438
0.9403
0.8797
0.9066
0.9531
0.7395
0.9903
0.98
0.9727
0.9585
0.907
0.6121
0.3512
0.8983
0.8365
0.9201
0.9748
0.7748
0.9677
0.9435
0.9463
0.9859
0.8301
0.9872
0.7564
0.5277
0.8603
0.8079
0.7753
0.9862
0.8858
0.4725
0.7617
0.9844
0.9252
0.8245
0.8308
0.8717
0.8206
0.914
0.9693
0.9466
0.9679
0.8624
0.8791
0.7732
0.9802
0.9571
0.9162
0.6432
0.5187
0.9877
0.9919
0.77
0.68
0.9491
1.0
0.7942
0.9365
0.9473
0.8538
0.6847
0.9228
0.8812
0.7636
0.6549
0.9473
0.9407
0.9153
0.9264
0.9127
0.9659
0.867
0.9042
0.8752
0.9623
0.8049
0.5598
0.8832
0.9538
0.9694
0.8364
0.8797
0.4808
0.847
0.7924
0.9192
0.8307
0.9193
0.9018
0.9751
0.5413
0.9366
0.7216
0.9552
0.7828
0.9275
0.9276
0.7604
0.9499
0.8775
0.9703
0.9495
0.886
0.9539
0.4933
0.9444
0.9509
0.7479
0.783
0.7749
0.9127
0.9445
0.9841
0.8827
0.7806
0.9049
0.7048
0.9355
0.9265
0.9291
1.0
0.85
0.8522
0.9743
0.9441
0.8607
0.6449
0.9092
0.7247
0.9547
0.8106
0.6968
0.8106
0.9542
0.9785
0.9731
0.619
0.9137
0.9641
0.9223
0.9854
0.9698
0.7822
0.9562
0.9338
0.9047
0.8742
0.9027
0.2609
0.9962
0.7752
0.8622
0.92
0.8326
0.8076
0.9445
0.9156
0.8777
0.8991
0.7984
0.82
0.8894
0.9155
0.799
0.9578
0.874
0.964
0.709
0.9296
0.7057
0.7038
0.7296
0.9192
0.8908
0.8916
0.8675
0.9362
0.9543
0.7339
0.7876
0.7733
0.8873
0.8649
0.6989
0.7704
0.9627
0.9284
0.809
0.9202
0.9321
0.9318
0.8842
0.6757
0.7872
0.9306
0.7991
0.8944
0.9834
0.9483
0.8954
0.9077
0.917
0.9093
0.9158
0.9806
0.8396
0.9224
1.0
0.9273
0.9465
0.8094
0.9072
0.8269
0.9139
0.8012
0.9215
0.9363
0.8979
0.9897
0.6246
0.8956
0.9047
0.9728
0.9252
0.9838
0.7541
0.847
0.9469
0.4018
0.8442
0.9472
0.7705
0.9767
0.8451
0.8761
0.9683
0.9323
0.9274
0.865
0.95
0.8303
0.9785
0.9594
0.9681
0.8819
0.8999
0.9477
0.4547
0.944
0.8836
0.8192
0.623
0.6904
0.8117
0.95
0.8395
0.928
0.732
0.9208
0.9825
0.972
0.8597
0.7806
0.9054
0.9723
0.9759
0.9453
0.944
0.5387
0.9185
0.8948
0.9265
0.7996
0.9604
0.964
0.8435
0.7889
0.5832
0.9507
0.8384
0.9422
0.6932
0.9567
0.5971
0.971
0.7433
0.9344
0.9743
0.7353
0.8556
0.8791
0.8864
0.9477
0.9042
0.9772
0.8878
0.9433
0.9663
1.0
0.8051
0.9507
0.6656
0.9398
0.8355
0.8151
0.9366
0.9854
0.8509
0.8314
0.9111
0.854
0.8239
0.9634
0.7584
0.9514
1.0
0.983
0.9722
0.9758
0.8954
0.9622
0.8477
0.9598
0.9378
0.8388
0.9815
0.8317
0.9648
0.8559
0.95
0.932
0.9514
0.6483
0.8747
0.9244
0.9685
0.8851
0.5889
0.9317
0.8735
0.7858
0.9572
0.7379
0.8774
0.5649
0.9504
0.8898
0.9562
0.9604
0.9095
0.9658
0.8988
0.6839
0.9547
0.9852
0.8947
0.9509
0.992
0.8329
0.9744
0.9634
0.7029
0.953
0.9821
0.8489
0.9597
0.9978
0.8009
0.924
0.9615
0.8814
0.9094
0.9356
0.807
0.4976
0.9134
0.4794
0.9102
0.9822
0.787
0.946
0.9668
0.9612
0.9413
0.9824
0.8111
0.6273
0.9872
0.8734
0.883
0.9777
0.8594
0.8651
0.9739
0.6254
0.971
0.9704
0.8627
0.8854
0.9701
0.8897
0.9212
0.9607
0.9397
0.9688
0.9704
0.8506
0.8004
0.9426
0.5338
0.9451
0.6221
0.9404
0.9485
0.958
0.7973
0.9337
0.9105
0.8357
0.9343
0.8926
0.82
0.9534
0.962
0.8778
0.8951
0.9533
0.7891
0.948
0.9707
0.8887
0.9262
0.9837
0.834
0.9155
0.8618
0.8697
0.9811
0.9909
0.6204
0.9151
0.9843
0.7308
0.5828
0.9399
0.959
0.8025
0.9623
0.8391
0.8808
0.9903
0.9366
0.8908
0.989
0.9474
0.9682
0.8974
0.8176
0.9718
0.9018
0.9157
0.9579
0.9911
0.4123
0.9289
0.8911
0.8979
0.9299
0.9577
0.9326
0.9417
0.9513
0.7996
0.8907
0.961
0.8743
0.9824
0.8897
0.8655
0.7368
0.9177
0.9296
0.4338
0.9513
0.9066
0.9807
0.7376
0.8308
0.957
0.9763
0.8353
0.9708
0.9699
0.8772
0.9444
0.9917
0.9444
0.8867
0.9924
0.7271
0.9058
0.869
0.9012
0.8574
0.8609
0.8511
0.9055
0.9722
0.924
0.9536
0.9656
0.9614
0.8963
0.9827
0.5807
0.9207
0.8871
0.9313
0.9637
0.9644
0.8864
0.911
0.9917
0.8732
0.9299
0.9781
0.9075
0.987
0.665
0.8684
0.9089
0.953
0.7898
0.9844
0.9776
0.2185
0.862
0.9897
0.7457
0.951
0.9476
0.547
0.9495
0.973
0.9182
0.9277
0.9504
0.6253
0.9592
1.0
0.7597
0.9706
0.9888
0.8547
0.8808
0.9709
0.8679
0.8993
0.9721
0.6871
0.9687
0.985
0.7859
0.9793
0.9907
0.8201
0.9292
0.9685
0.5104
0.93
0.9955
0.8835
0.9642
0.9653
0.8037
0.9227
0.9083
0.9748
0.8696
0.8065
0.6875
0.8022
0.9486
0.9353
0.9738
0.9936
0.7544
0.4581
0.7428
0.9494
0.8668
0.9135
0.9407
0.969
0.8335
0.7852
0.935
0.8497
0.9146
0.8335
0.8645
0.9585
0.9656
0.9415
0.9064
0.7741
0.5
0.9505
0.5465
0.9643
0.8233
0.9662
0.792
0.9558
0.8817
0.8753
0.5786
0.8794
0.7521
0.9223
0.7886
0.6769
0.8317
0.9739
0.9525
0.9306
0.9645
0.9621
0.8376
0.3509
0.9026
0.9664
0.9039
0.9305
0.8477
0.844
0.9535
0.95
0.8097
0.8203
0.6033
0.9674
0.8477
1.0
0.7395
0.8562
0.9195
0.286
0.6459
0.4333
0.9644
0.4623
0.5006
0.8398
1.0
0.9563
0.723
0.6544
0.4047
0.7273
0.4355
0.823
0.7211
0.764
0.5679
0.6859
0.9025
0.9201
0.8164
0.9475
0.613
0.9007
0.8314
0.8232
0.5824
1.0
0.6853
0.985
0.5978
0.8736
0.8874
0.2786
0.5713
0.665
0.3677
0.2764
0.5715
0.5413
0.353
0.7962
0.9177
0.8899
0.8727
0.7561
0.8842
0.6986
0.8585
1.0
0.7501
1.0
0.5799
0.9716
0.9166
0.91
0.5114
0.5882
0.841
0.6775
0.9475
0.9285
0.8028
0.811
0.9313
0.7617
0.8375
0.3378
0.7785
0.5943
0.9062
0.7141
0.9494
0.8272
0.8837
0.9603
0.4082
0.9314
0.7708
0.9737
0.5694
0.5931
0.8842
0.4001
0.6615
0.8051
0.9394
0.9101
0.9727
0.9446
0.8609
0.5385
0.8939
0.7189
0.7295
0.9757
0.5656
0.8647
1.0
0.5197
0.8876
1.0
0.736
0.7892
0.9445
0.3201
0.8735
0.484
0.8183
0.7458
0.8067
0.3212
0.665
0.698
0.7425
0.7334
0.7491
0.8906
0.4816
0.6551
0.7147
0.4724
0.4086
0.8903
0.9301
0.8535
0.6095
0.59
0.8763
0.8738
0.315
0.2311
0.9
1.0
0.9789
0.8297
0.9283
0.9258
0.8457
0.8846
0.8081
0.5532
0.8763
0.5403
1.0
0.4024
0.9813
0.8666
0.5148
0.3141
0.861
0.2455
0.67
0.9236
0.8618
0.8856
0.7559
0.9362
0.9329
0.9424
1.0
0.7942
0.5574
0.8641
0.8128
1.0
0.8274
0.7552
1.0
0.9163
0.6859
0.7787
0.6293
0.7706
0.8091
0.7838
1.0
0.3922
0.3341
0.8823
0.772
0.5249
0.4506
0.8654
0.8227
0.8089
0.7799
0.8413
0.5232
1.0
0.9021
0.6682
1.0
1.0
0.9233
0.8418
0.7594
0.8922
0.9862
0.5049
0.6736
0.8515
0.9395
0.3159
0.7139
0.9616
0.942
0.7044
0.8153
0.7022
0.6685
1.0
0.9649
0.7934
0.8063
0.6518
0.8237
0.9617
0.9515
0.9219
0.7384
0.9497
1.0
0.8908
0.3936
0.8686
0.9019
0.7371
0.824
0.4324
0.6677
0.8714
0.8878
0.4088
0.9329
0.9262
0.8388
0.4641
0.8455
0.9392
0.8118
1.0
0.7576
0.7793
1.0
0.7964
0.8943
0.7672
0.9677
0.852
0.8886
0.6722
0.5473
0.4792
0.5617
0.5619
0.6156
0.818
0.509
0.4712
0.9666
0.8045
0.7917
0.6292
0.8972
0.8561
0.7012
1.0
0.644
1.0
0.9856
1.0
0.863
0.4591
0.9218
0.7869
0.906
0.7938
0.8004
0.6654
0.416
0.9591
0.8061
0.7087
1.0
0.5527
0.5585
0.8549
0.7683
0.949
0.4445
0.897
0.914
0.9221
0.9821
0.9364
0.4378
0.4008
0.9654
0.4447
1.0
0.8045
0.6866
0.8608
0.3096
0.8743
0.776
0.2878
0.8484
0.9715
0.5704
0.9107
0.8939
0.8419
0.673
0.8501
0.5648
0.7866
0.9721
0.6898
0.7461
0.4318
1.0
0.7548
0.9002
0.7163
0.7858
0.5036
0.5781
0.823
0.8941
0.847
1.0
0.704
0.7291
0.658
0.8018
0.3518
0.7162
0.6857
0.8619
0.874
0.9341
0.2818
0.696
0.6631
0.9539
0.3567
0.2882
0.3117
0.9387
0.6779
0.9034
0.8949
0.5484
0.5733
0.7894
0.6165
0.7125
0.9228
0.2547
0.7608
0.8009
0.9237
0.7309
0.952
0.3897
0.7756
0.7021
0.8438
0.71
0.971
0.9167
1.0
0.8619
0.9222
0.7654
0.738
0.6684
0.9171
0.4988
0.9436
0.7789
0.9765
0.5697
0.7975
0.8926
0.6538
0.5982
1.0
0.776
0.9067
0.9211
0.8068
0.8315
0.4523
0.9688
0.4964
0.9861
0.8275
0.6678
0.8263
0.6464
0.729
0.8889
0.8794
0.5133
0.8065
1.0
0.718
0.7004
0.8481
0.8181
0.7394
0.8945
0.3258
0.893
0.6124
0.6756
0.7855
0.8844
0.7097
0.4092
0.895
0.9437
1.0
0.792
0.4772
0.6968
0.8975
0.9273
0.9256
0.9901
0.3441
0.7146
0.7873
0.5246
0.8667
0.7473
0.6418
0.8326
0.8992
0.6132
0.5673
0.8143
0.7897
0.9036
0.9072
0.7579
0.9041
0.3193
0.9464
0.2537
0.8166
0.9811
0.8798
0.6746
0.8292
0.8548
0.495
0.6827
0.7716
0.948
0.8168
0.6774
0.8111
0.638
0.9272
0.3863
0.7718
0.3921
0.4703
0.6112
1.0
1.0
1.0
1.0
0.8496
0.7458
0.9025
0.6896
0.9473
0.7388
1.0
0.8101
0.8607
0.9752
0.9186
0.658
0.882
0.9056
0.9822
0.7368
0.8538
0.4657
0.756
0.6193
0.6135
0.8019
0.921
0.9585
1.0
0.9207
1.0
0.9489
0.9918
0.8922
0.9227
0.8986
0.723
0.3006
0.8289
0.8295
0.6727
0.7543
0.8282
0.8612
0.8921
0.9469
0.9338
0.8719
0.9471
0.7524
0.4083
0.8916
0.9011
0.6742
0.7078
0.7818
0.6467
0.3899
1.0
0.8154
0.9435
0.6804
0.9084
0.9365
0.8745
0.9424
0.4575
0.4081
0.9471
0.813
0.8935
0.7056
0.9613
0.8943
0.9601
0.6477
0.816
0.9071
0.8257
0.5767
0.6587
0.7465
0.5353
0.8652
0.9105
0.9345
0.9487
0.6713
0.651
0.3351
0.3862
0.9657
0.9658
0.6294
0.6956
0.8201
0.934
0.7363
0.9338
0.7779
0.7925
0.6911
0.8643
0.2743
0.9465
0.6762
0.8382
0.8225
0.8582
0.8447
1.0
0.9879
1.0
0.9533
0.9843
0.9528
1.0
0.8763
1.0
0.8303
0.6374
0.9731
0.6844
0.8586
0.8341
0.8885
0.7677
0.8618
0.8163
0.5974
0.8808
0.7611
0.8849
0.6353
0.6539
0.6471
0.9462
0.9488
0.923
0.9702
0.8858
0.7439
0.1907
0.8155
0.9093
0.3658
0.8877
0.4496
0.9894
0.6451
0.9505
0.7051
0.8409
0.957
0.9079
0.6739
0.8569
0.7208
0.8693
0.8251
0.5514
0.854
0.6444
0.8786
0.8709
0.9634
0.851
0.3865
0.7657
0.8973
0.9122
0.8441
0.7153
0.9498
0.4371
0.8686
0.5191
0.8757
0.8058
0.9672
0.7258
0.9422
0.9655
0.4623
0.9023
0.9211
1.0
0.6807
0.7683
0.7176
0.6528
0.4146
0.5972
0.5494
0.7382
1.0
0.7702
0.91
0.2615
0.5813
0.9804
0.5798
0.9752
0.4432
0.218
0.9797
1.0
0.6272
0.9141
0.4278
0.9616
0.9049
0.8936
0.7926
0.9605
0.7057
0.8306
0.9758
0.922
0.5725
0.9879
0.3754
0.4612
0.6877
0.9778
0.9387
0.2973
0.4253
0.766
0.9554
0.1327
0.6484
0.7907
0.8459
0.867
0.3779
0.7734
0.8556
0.569
0.9845
0.6005
0.7933
0.8218
0.9286
0.9006
0.9259
0.3656
0.7775
0.7472
0.5754
0.9121
0.7813
0.9192
0.8628
0.7223
0.5893
0.8492
0.9359
0.8749
0.9146
0.7977
0.2724
0.7902
0.8016
1.0
0.7244
0.9252
0.7718
0.7692
0.5333
0.4915
0.8892
0.8685
0.7178
0.455
0.8902
1.0
0.4769
0.9657
0.5251
0.6538
0.6734
0.6946
0.7929
0.8483
0.8996
0.7755
0.706
0.8407
0.7306
0.9176
0.7479
0.8104
0.7848
0.8772
0.888
0.9687
0.9595
0.5961
0.7363
0.4148
0.9547
0.9397
0.7608
0.8225
0.8296
0.7648
0.5766
0.7993
0.2453
0.8295
0.438
0.8709
0.4167
0.8397
0.5879
0.3702
0.7056
0.9581
0.9116
0.957
1.0
0.7471
0.9246
0.9652
0.9268
0.9031
0.721
1.0
0.8708
0.7174
0.9716
0.9811
0.7677
0.9681
0.9432
0.5055
0.9534
0.6418
0.858
0.7381
0.952
0.8234
0.9464
0.8163
0.3898
0.7033
0.6365
0.789
0.7991
0.6513
0.8279
0.7028
0.717
1.0
1.0
1.0
0.9689
0.9635
0.7924
0.9069
0.3517
0.8245
0.7906
0.5473
0.8189
0.8393
0.8399
0.8257
0.8178
0.9345
0.8838
0.7912
0.708
0.8597
1.0
0.6
0.3799
0.8271
0.4785
0.9686
0.8034
0.8915
0.5954
0.8923
0.4809
0.4479
0.9716
1.0
0.9294
0.9058
1.0
0.8476
0.8652
0.8289
0.8341
0.87
0.7447
1.0
0.9816
0.9029
0.7523
0.5309
0.6613
0.8762
0.8951
0.7949
0.9233
0.716
0.5613
0.4588
0.7924
1.0
0.7316
0.5407
1.0
0.559
0.853
1.0
0.9443
1.0
0.7899
0.8213
0.9133
0.9153
0.793
0.4402
0.9867
0.8958
0.8565
0.8969
0.9123
0.7844
0.8041
0.5546
0.8668
0.9136
1.0
0.5517
0.6422
0.9273
0.6168
0.9867
0.4298
0.753
0.6177
0.6321
0.6281
0.9303
0.8266
0.8077
0.6529
0.6637
0.8006
1.0
0.829
0.9678
0.8827
0.8177
0.471
0.8371
0.4779
0.7512
0.9853
0.8309
0.4653
0.5911
0.7684
0.875
0.9583
0.8192
0.4214
0.4603
0.9289
0.6766
0.7156
1.0
0.8735
0.7014
0.7999
0.8313
0.8303
0.9394
0.8969
0.9622
0.771
1.0
0.6697
0.6243
0.9048
0.8676
0.8234
0.9266
0.9458
0.6052
0.4535
0.9789
0.6188
0.8667
0.8411
0.7953
0.8635
0.9796
0.6667
0.8718
0.4077
0.3679
1.0
0.4752
0.9499
0.892
0.256
0.2189
0.846
0.9291
0.8946
0.8035
0.9763
0.3916
0.8049
1.0
0.691
0.7664
0.7659
0.8445
0.8014
0.8632
0.5762
0.5419
0.8549
0.8744
0.7151
0.7516
0.7203
0.4223
0.7407
1.0
0.7901
0.5253
0.8859
0.3783
0.8425
0.5267
0.5182
0.7908
0.9733
0.5885
0.4227
0.9434
0.4333
0.7385
0.8058
0.8151
0.5092
0.4837
0.5908
0.8599
0.9079
0.8546
0.8406
0.8978
0.8818
0.7395
0.638
0.7989
1.0
0.6657
0.8681
1.0
0.7134
0.9879
0.7755
0.4118
0.9267
0.8313
0.8873
0.8638
0.875
0.9066
0.9335
0.9317
0.5124
0.5912
0.7955
0.8848
0.6326
1.0
0.9697
0.7579
0.9521
0.3977
0.9735
1.0
0.9694
0.9029
0.7264
0.8146
0.8124
0.9115
0.4603
0.3348
1.0
0.704
0.9834
0.9693
1.0
0.7528
0.8238
0.8567
0.9364
0.7549
0.9458
1.0
0.9346
0.7051
0.6098
0.6316
0.4316
0.4047
0.4936
0.3454
0.6605
0.8157
0.6617
0.3761
0.9602
0.7088
0.6221
0.8062
0.8694
0.961
0.8201
0.6537
0.4086
0.9061
0.1588
0.6098
0.7418
0.5542
0.9324
0.655
0.4016
0.9845
0.8054
0.8016
0.8782
0.6966
0.7424
1.0
0.9189
0.2379
0.9518
0.8044
0.8886
0.4558
0.9539
1.0
0.9085
0.831
0.5191
0.8894
0.9285
0.6296
0.8522
0.9493
0.3365
0.265
0.4051
0.834
0.6967
0.9457
1.0
0.7347
0.9475
0.6861
0.5889
0.7275
0.6053
1.0
0.9166
0.5372
0.9712
0.785
0.8662
0.3348
0.9666
0.9062
0.7369
0.5576
0.9452
0.9061
0.7396
0.8225
0.8846
0.8124
0.4862
0.8196
0.3377
0.268
0.6604
0.9128
0.7192
0.6489
0.9545
0.9247
0.8277
0.4895
0.7195
0.459
0.6879
0.6803
0.8492
0.7381
0.8878
0.8682
0.8685
0.825
0.8901
0.4818
0.9119
0.2511
0.81
0.9437
0.8578
0.5727
1.0
1.0
0.9133
0.3517
1.0
1.0
0.8092
0.7712
0.7673
0.9329
0.8344
0.7816
0.915
0.527
0.511
0.8934
1.0
0.6181
0.6226
0.6136
1.0
0.9834
0.6348
0.7525
0.5193
0.7527
0.261
0.7754
0.2651
1.0
0.893
0.9166
0.8264
0.7981
0.7494
0.6377
0.8237
0.6277
0.4447
0.7927
0.8464
0.9204
0.7404
0.7894
0.9562
0.9073
0.3713
0.3406
0.4923
1.0
0.749
0.8083
0.6992
0.4466
0.8465
0.87
0.9079
0.5686
0.8357
0.5408
0.4125
1.0
0.5804
0.7736
0.6734
1.0
0.922
0.7722
0.642
0.7269
0.9601
0.961
0.9188
0.572
1.0
1.0
0.8017
0.8124
0.8881
0.26
0.9214
0.935
0.9625
1.0
0.732
0.8073
1.0
0.9894
0.925
0.4491
0.7501
0.8829
0.8795
0.9464
0.9817
0.7148
0.881
0.8661
0.9465
0.8057
0.7478
0.7699
0.4993
0.9079
0.8899
0.7206
0.586
0.6023
0.58
0.9651
0.4734
0.983
0.7384
0.7963
0.5032
0.8148
0.7617
0.8935
0.8817
0.9608
0.4586
1.0
0.8853
0.6939
0.8696
0.7908
0.8456
1.0
0.8048
0.9092
0.7079
0.4416
0.4178
0.9315
0.7869
0.6317
0.7569
0.7398
0.9393
0.9199
0.964
0.7794
0.77
0.8964
0.4529
0.9371
0.8971
0.2646
0.8009
0.8031
0.4777
0.9171
0.8349
0.7413
0.7518
0.8737
0.3783
0.5825
0.7205
0.8102
0.8616
0.8273
0.7435
0.687
1.0
0.8922
0.9013
0.6402
0.7295
1.0
1.0
0.7739
1.0
0.7624
0.9498
0.8699
0.893
0.6791
0.9358
1.0
0.4544
0.583
0.8007
1.0
0.7876
0.4904
0.8845
0.3392
0.6232
0.7352
0.8799
0.6005
0.7984
0.5934
0.517
0.7142
0.6876
0.9114
0.964
0.6539
0.9317
0.3383
0.9171
0.9739
0.873
0.9543
0.7318
0.9208
0.9609
0.9404
0.6924
0.8299
0.3951
0.8803
0.8492
0.9569
0.7953
0.9534
0.8184
1.0
0.8174
0.513
0.7019
0.8711
0.8647
0.8403
0.9561
0.5427
0.7391
0.8792
0.5666
0.9225
0.5105
0.8559
0.7369
0.6269
0.7433
0.4749
0.9085
0.949
0.4467
0.8808
0.2957
0.447
0.9732
0.936
0.875
0.9273
0.9166
0.9123
0.9681
0.7687
1.0
0.9482
1.0
1.0
0.9152
0.9441
1.0
0.9017
0.8428
0.9714
0.8601
0.9156
0.6975
0.9088
0.7742
0.9651
0.9398
0.9279
0.9647
0.9015
0.8264
0.9106
0.907
0.9475
0.9257
0.8552
0.9006
0.8208
0.8666
0.7303
0.9571
0.9377
0.641
0.7262
0.7344
0.5338
0.9491
0.8396
0.9255
0.73
0.8479
0.959
0.7972
0.7575
0.7189
0.2206
0.7576
0.75
0.7208
0.7624
0.7153
0.6171
0.8016
0.6601
0.8042
0.8507
0.6318
0.6898
0.7313
0.4042
0.4193
0.8126
0.7909
0.8307
0.8531
0.6045
0.7739
0.2052
0.6715
0.9173
0.8521
0.9767
0.9458
0.9374
0.7709
0.8676
0.6976
0.9458
0.9531
0.9374
0.9316
0.9387
0.992
1.0
0.6929
0.8077
0.622
0.7572
0.7905
0.9297
0.8897
0.641
0.8324
0.9366
0.1279
0.7112
0.8897
0.2751
0.8523
0.4245
0.6133
0.8084
0.8887
0.7568
0.5717
0.8653
0.7104
0.6401
0.5097
0.6379
0.815
0.7502
0.8411
0.807
0.5682
0.3546
0.9254
0.8035
0.8833
0.8863
0.7559
0.4451
0.6931
0.481
0.5066
0.3445
0.611
0.5676
0.5056
0.4608
0.7531
0.4907
0.4383
0.6214
0.807
0.2143
0.3673
0.5105
0.5906
0.5747
0.35
0.6667
0.6158
0.809
0.7002
0.904
0.5391
0.3979
