10.2
18.88
15.37
12.71
27.08
30.12
30.15
27.41
28.55
11.43
11.17
27.14
7.596
35.53
33.72
33.4
33.03
32.19
5.073
5.073
1.688e-06
13.33
8.01
32.51
35.51
34.46
34.46
33.02
33.02
14.73
15.55
15.12
14.3
22.71
24.23
35.18
29.56
18.01
28.64
23.2
23.63
0.0
7.637e-07
12.82
12.82
30.68
30.68
44.42
30.06
30.06
30.06
10.47
14.56
9.278
12.31
18.79
33.82
34.56
32.83
33.73
37.18
36.01
12.83
5.277
8.305
11.66
3.684
19.41
14.04
21.71
14.77
18.79
13.83
8.308
6.632
9.578
24.66
17.94
17.51
31.21
35.6
35.15
30.36
26.61
30.48
29.0
10.31
10.31
14.83
0.0
21.75
33.93
27.17
32.94
25.68
25.68
27.17
8.398
12.94
10.33
7.305
12.97
17.7
15.2
14.53
15.61
17.22
16.52
29.78
20.09
13.28
36.05
35.99
38.04
39.42
42.47
38.45
10.34
0.0
9.776
10.58
11.81
38.26
33.96
37.64
38.08
37.14
38.08
7.862
19.39
15.41
0.0
1.721e-06
24.76
30.37
30.37
29.7
37.76
30.37
16.2
8.747
6.57
7.249
34.7
34.86
34.23
33.96
33.87
14.44
28.0
10.25
9.968
10.25
9.968
14.44
28.0
0.0
0.0
5.758
22.08
8.946
29.52
29.27
25.73
26.25
25.73
10.43
19.35
5.129
14.63
7.749e-07
17.64
26.35
19.43
16.07
25.51
19.43
13.05
22.55
1.349e-06
14.34
16.47
13.27
30.64
29.77
34.18
37.5
35.21
33.87
33.87
16.92
6.619
19.42
19.4
18.97
16.12
24.23
24.26
19.52
11.1
0.0
19.08
14.98
37.57
23.17
27.21
25.97
25.97
17.17
11.58
16.97
16.9
31.92
30.68
28.84
25.63
28.79
21.24
0.0
25.1
0.0
1.347e-06
28.96
19.74
19.74
24.5
19.74
19.74
14.38
10.92
0.0
0.0
1.371e-06
35.15
35.15
35.15
36.17
33.9
35.15
19.89
15.84
8.764e-07
19.69
6.774
1.401e-06
33.08
21.48
22.1
25.73
18.75
22.1
22.1
19.14
9.108e-07
12.64
0.0
39.23
37.72
34.93
37.72
37.72
15.29
20.69
10.06
0.0
6.062
24.66
23.75
25.87
27.81
24.89
24.66
14.6
8.147
24.16
27.8
29.09
23.08
34.47
35.43
33.66
16.19
0.0
12.0
28.25
35.5
25.15
35.95
33.35
33.35
14.77
25.95
9.003
16.44
26.54
30.78
29.91
23.37
26.52
9.941
15.12
2.029e-06
7.681
7.13
24.78
23.49
19.43
29.74
22.12
22.12
28.05
10.26
16.77
0.0
8.973
41.17
35.03
34.94
39.46
36.87
35.03
10.79
15.14
25.46
25.46
39.58
39.58
41.62
42.18
43.68
20.31
25.32
22.0
12.73
17.26
31.28
38.0
38.52
30.52
11.94
0.0
13.69
12.75
0.0
24.21
23.27
25.73
23.27
28.95
23.27
14.28
0.0
6.853
15.72
15.26
23.7
20.8
26.64
23.18
23.32
23.18
12.77
0.0
10.55
0.0
23.88
24.55
27.06
24.55
24.55
13.06
0.0
18.99
6.819
14.21
28.04
31.55
29.04
32.11
29.74
29.74
18.66
18.26
23.76
12.48
26.63
19.61
22.23
23.05
13.88
9.065
0.0
19.32
16.21
11.72
32.4
35.94
26.52
30.38
23.93
30.38
23.34
12.35
0.0
20.45
36.88
40.99
30.44
36.85
36.88
16.58
15.92
11.75
22.93
12.07
34.53
20.57
24.78
18.94
19.62
22.71
15.71
0.0
18.47
6.235
6.445e-07
22.53
14.92
13.63
19.44
13.63
13.63
13.58
27.17
21.98
10.95
36.59
40.27
35.57
36.34
41.7
23.72
14.77
1.255e-06
18.83
9.462
33.48
29.53
28.42
34.48
28.83
28.83
16.22
0.0
29.65
8.666
28.7
28.64
29.83
28.26
28.26
28.51
9.352
14.08
16.62
0.0
26.19
27.32
13.15
28.93
26.44
27.32
7.697
0.0
17.24
11.26
27.03
23.81
23.87
23.86
23.86
15.04
23.52
28.51
27.46
20.53
23.98
42.8
26.35
41.17
8.643e-07
26.75
19.24
10.6
23.81
28.0
35.14
29.95
39.71
32.0
29.95
6.603
27.83
18.61
14.31
1.714e-06
18.68
36.77
43.96
38.25
46.17
50.66
45.29
43.96
20.35
16.12
13.22
7.17
17.13
16.79
34.89
37.04
34.53
29.05
42.69
35.88
33.9
23.62
23.7
12.52
7.555
0.0
9.802
24.93
23.3
25.44
23.19
31.68
23.88
23.3
14.74
0.0
13.27
7.485
30.18
11.92
27.74
39.27
30.07
36.95
27.64
30.25
27.64
14.6
20.88
14.56
14.27
8.15
12.87
21.37
20.34
27.35
23.06
30.28
23.84
20.72
8.616
18.33
10.44
17.51
17.51
5.761
28.95
28.95
23.91
24.81
22.71
24.8
23.47
12.8
19.9
3.948
8.726e-07
25.38
21.56
31.68
25.35
20.62
21.44
21.56
13.18
8.811
1.46e-06
0.0
37.31
37.31
39.11
38.34
37.31
0.0
18.59
28.75
5.381
0.0
10.42
39.48
39.18
37.2
39.18
47.3
49.04
39.18
10.97
23.78
12.39
8.739
19.39
18.45
28.66
39.81
30.83
28.35
34.28
32.89
26.96
11.36
15.05
10.74
0.0
23.59
12.58
28.92
37.65
32.98
25.42
25.74
31.3
28.92
0.0
16.48
17.14
12.1
13.81
17.24
21.78
25.92
25.86
19.71
25.55
22.68
19.71
0.0
28.58
13.66
8.916
7.649
15.89
16.37
19.36
21.7
17.44
33.03
18.69
17.44
4.023e-07
10.06
16.17
27.1
13.2
25.24
33.99
23.62
24.37
23.18
24.37
0.0
18.36
9.015e-07
18.9
0.0
9.322
31.44
36.64
36.63
36.64
33.73
36.64
36.64
14.12
2.209e-06
13.92
0.0
18.95
30.09
31.78
31.08
34.21
31.78
31.78
8.428
30.29
12.91
13.4
14.22
35.4
37.3
37.96
31.22
38.45
36.71
0.0
19.49
19.34
17.08
20.3
11.36
30.9
32.7
29.27
25.06
26.82
25.18
25.06
7.319
0.0
8.99
14.15
24.19
39.16
40.12
33.56
32.63
32.32
32.63
10.27
9.878
9.611e-07
28.57
0.0
17.75
43.57
42.74
37.16
42.74
43.44
42.74
42.74
15.92
12.97
16.13
29.89
16.82
35.34
22.22
22.89
20.34
30.69
10.05
12.71
17.08
16.1
43.62
48.91
48.03
32.61
43.02
43.02
12.99
9.852
16.17
8.66
35.78
31.53
30.23
29.2
30.0
14.02
0.0
10.9
15.27
26.2
17.65
33.96
34.16
35.59
33.63
33.83
37.52
33.83
5.741
10.46
0.0
5.471
5.232
29.55
31.06
29.35
29.98
30.33
29.55
8.79
19.44
13.6
13.42
6.745
32.84
34.86
32.33
42.68
36.74
35.55
10.96
24.08
3.417
13.44
20.28
35.03
31.27
31.69
34.64
36.85
35.28
26.66
10.95
14.9
0.0
16.92
24.23
23.05
27.81
23.05
33.76
24.44
3.735
9.511
10.59
14.38
0.0
27.53
25.83
28.4
24.93
27.36
29.68
30.16
28.4
23.06
14.51
6.083
15.06
12.65
12.5
19.97
13.42
26.21
20.74
19.8
0.0
22.66
8.235
0.0
4.87
14.09
19.53
22.03
21.71
19.53
29.39
17.74
19.53
6.39
11.97
1.103e-06
10.75
27.92
5.66
24.62
32.78
24.01
25.32
26.09
23.74
23.74
13.74
25.19
12.82
13.41
38.8
37.13
40.78
41.19
38.76
12.98
10.24
10.07
21.16
9.847
25.5
37.42
27.74
25.08
26.96
27.96
25.08
9.14
0.0
13.36
20.47
18.0
25.79
35.71
32.14
28.74
28.89
28.89
15.51
26.84
16.66
0.0
6.79
21.04
19.85
28.82
37.88
30.27
21.04
10.12
22.89
16.5
0.0
12.44
16.12
28.99
29.08
25.73
32.91
21.6
34.23
28.99
7.994
21.69
2.307e-06
8.038
30.97
8.441
18.22
36.71
18.0
18.61
30.4
16.16
16.16
5.199
13.72
13.75
17.72
7.417
13.32
45.21
47.16
45.73
46.48
46.7
41.84
45.4
14.58
12.09
12.09
12.68
10.04
10.51
50.4
47.7
48.35
39.21
40.45
40.45
48.6
9.786
0.0
10.49
0.0
0.0
11.34
27.52
27.52
29.23
27.12
27.52
29.15
27.52
1.49e-06
15.4
9.966
0.0
40.68
43.05
43.05
44.41
43.05
12.44
18.29
12.0
0.0
29.02
15.16
33.14
36.63
38.67
32.81
28.88
33.58
33.14
0.0
0.0
16.78
8.516
22.25
25.41
30.15
25.04
25.04
25.12
25.04
0.0
10.55
19.49
14.52
24.13
23.16
27.98
33.34
30.01
25.88
29.1
23.18
25.88
12.92
8.161
18.76
17.92
11.3
21.69
31.3
26.09
30.52
26.61
24.74
31.63
24.43
10.04
25.27
16.87
4.983
0.0
13.72
26.32
26.87
28.74
23.22
35.88
26.67
26.87
6.672
31.09
12.93
22.48
9.125
16.47
30.2
17.44
21.72
23.21
19.59
9.091
0.0
15.83
13.63
13.12
9.924
23.92
24.1
22.98
22.36
21.34
25.59
21.34
15.86
15.44
0.0
45.86
45.54
45.85
47.41
43.25
45.54
5.013
22.84
9.432
0.0
40.62
39.41
40.1
44.13
38.22
39.41
10.78
0.0
10.65
0.0
1.978e-06
11.07
31.69
7.506e-07
19.43
36.55
18.85
20.44
18.85
18.85
18.85
11.17
0.0
12.68
0.0
50.77
51.75
51.05
51.75
51.75
20.21
0.0
14.07
0.0
21.57
15.72
23.91
15.72
15.72
7.461
10.69
21.38
5.838
33.67
26.27
25.96
22.28
26.3
14.42
0.0
15.03
0.0
21.41
13.26
17.66
13.26
13.26
24.44
0.0
18.56
0.0
44.31
43.27
42.0
43.27
43.27
15.63
20.32
17.56
17.32
5.748
24.26
26.17
17.88
16.99
13.17
0.0
7.898e-07
28.7
0.0
0.0
34.49
23.16
23.16
27.35
23.16
23.16
23.16
17.47
0.0
13.28
0.0
22.51
18.07
26.75
18.07
18.07
12.77
0.0
10.05
30.13
32.22
44.02
26.55
32.67
32.67
13.24
0.0
8.846
0.0
23.3
21.55
28.62
21.55
21.55
19.82
0.0
10.12
9.977
19.34
17.59
31.12
19.53
19.53
13.3
0.0
9.912
0.0
20.59
17.95
20.3
17.95
17.95
28.06
0.0
15.03
19.35
30.46
32.31
32.96
26.26
26.26
15.6
0.0
11.77
17.49
15.56
21.33
16.69
20.0
20.0
26.38
0.0
32.8
0.0
29.06
41.89
37.63
41.89
41.89
25.92
24.93
23.04
0.0
33.39
24.5
24.79
22.6
24.5
8.738
0.0
1.397e-06
11.02
20.21
21.08
19.76
20.21
20.21
11.63
0.0
16.14
26.27
0.0
19.47
31.49
32.69
24.25
36.85
32.69
26.21
32.69
21.31
0.0
13.69
7.945
46.72
47.07
40.08
47.33
47.33
16.23
5.151
6.557e-07
24.03
32.34
5.551e-07
30.24
39.73
24.72
25.51
26.87
24.72
24.72
6.628
27.38
10.3
8.797
25.08
23.28
23.19
33.47
22.02
14.24
0.0
12.15
21.74
19.78
15.72
21.25
17.71
17.71
20.81
0.0
14.83
9.833
25.97
13.54
25.24
15.69
15.69
16.63
16.86
14.55
4.599
23.69
19.08
22.46
26.12
19.39
12.46
21.44
0.0
19.54
8.771
15.97
8.771
8.771
15.09
0.0
15.21
6.521
17.4
10.22
15.83
9.375
9.375
8.725
0.0
6.953
20.2
45.59
40.05
48.69
47.64
47.64
13.56
14.6
18.92
0.0
16.95
13.22
20.13
15.91
13.22
13.47
4.395
20.76
0.0
29.53
28.91
32.77
28.47
28.91
22.2
6.076
0.0
0.0
15.53
15.53
19.97
16.04
15.53
20.62
13.72
8.576
0.0
35.76
34.18
33.98
31.01
34.18
0.0
15.09
0.0
22.63
17.04
25.84
17.04
17.04
9.734
0.0
14.55
17.18
30.69
19.67
28.24
25.0
25.0
11.02
20.74
9.334
0.0
34.18
33.15
33.73
32.82
33.15
10.17
13.17
25.14
29.01
34.64
33.26
39.06
38.88
35.72
15.29
0.0
10.51
7.226
31.5
32.4
34.35
31.6
31.6
25.5
28.31
8.958
0.0
23.82
24.5
11.88
15.19
24.5
13.19
0.0
18.72
0.0
43.37
33.32
35.85
33.32
33.32
17.24
0.0
20.16
0.0
20.16
0.0
17.24
0.0
0.0
22.33
22.45
14.17
16.05
27.23
26.34
22.64
33.31
27.28
14.47
15.25
33.7
17.28
39.71
34.63
37.57
37.81
36.22
23.3
0.0
16.88
17.27
24.44
29.87
26.4
26.06
26.06
12.66
16.56
9.008
38.31
36.36
33.71
36.65
36.36
19.38
0.0
14.82
0.0
27.64
21.78
29.79
21.78
21.78
5.533
7.657
16.98
17.06
28.83
29.45
23.09
25.28
23.22
18.43
17.34
12.78
21.36
16.85
20.67
25.87
14.33
16.72
17.45
0.0
14.69
5.237
13.67
14.05
21.71
23.45
21.16
25.86
20.27
25.18
20.27
12.28
26.56
12.91
0.0
30.04
30.42
28.02
37.27
30.42
12.24
0.0
0.0
12.78
24.46
30.65
22.57
24.46
24.46
0.0
20.38
11.78
25.75
9.084
25.14
32.07
23.68
23.24
15.21
23.24
10.65
0.0
18.22
11.41
24.69
14.12
28.27
13.52
14.58
19.34
14.58
0.0
0.0
24.83
35.32
36.61
39.17
34.76
34.76
34.76
12.92
13.01
27.9
12.86
0.0
27.78
29.29
27.85
37.25
28.4
24.94
39.11
27.85
7.584
25.99
20.83
12.59
0.0
0.0
19.5
15.74
15.74
18.35
27.42
20.75
15.74
8.856
0.0
16.78
14.76
27.11
0.0
31.97
16.46
14.76
17.6
14.76
15.52
30.14
18.83
0.0
11.14
12.89
47.17
50.1
48.21
45.51
48.89
47.82
47.17
13.11
26.82
11.42
7.292
0.0
15.36
7.292
0.0
15.36
13.11
26.82
11.42
0.0
14.37
0.0
15.34
10.34
9.51
12.74
19.1
14.95
14.53
12.77
18.07
24.93
18.07
6.663
20.41
6.178
10.79
34.03
33.32
33.2
35.87
33.8
15.35
0.0
18.44
0.0
0.0
16.15
16.15
15.77
16.15
23.15
16.15
6.006
0.0
19.29
29.14
0.0
27.17
39.21
24.9
25.13
24.9
24.9
20.24
20.24
20.72
38.63
43.54
47.61
48.61
48.61
45.16
7.26
0.0
7.26
17.49
0.0
25.7
22.4
21.82
22.4
21.82
22.4
17.49
11.65
6.789
17.21
0.0
20.37
8.954
21.08
14.85
9.876
8.954
0.0
28.74
12.97
10.06
35.56
18.87
23.05
37.86
23.86
20.51
34.37
19.2
20.51
15.96
17.44
5.7e-07
0.0
1.019e-06
13.73
13.73
13.73
17.66
15.95
13.73
0.0
0.0
15.46
15.01
12.97
17.09
31.64
30.81
31.33
26.73
26.73
28.33
26.73
0.0
33.55
13.16
0.0
13.87
29.2
25.85
26.42
25.85
43.2
25.85
20.63
24.05
28.39
8.612
0.0
17.28
27.94
26.92
32.23
29.98
33.89
31.86
26.92
0.0
18.21
15.55
0.0
26.17
12.54
30.05
38.71
34.82
30.05
32.69
33.18
30.05
8.252
27.22
1.363e-06
18.01
0.0
47.3
48.55
48.11
42.64
48.55
48.55
12.11
32.23
8.434
13.03
25.3
23.15
31.19
29.35
24.78
13.82
14.84
15.04
0.0
0.0
20.73
23.01
23.01
25.55
25.21
26.04
28.8
23.01
0.0
14.76
10.16
10.25
24.99
10.32
23.74
35.13
29.42
27.7
30.43
28.46
27.7
0.0
0.0
11.8
0.0
21.53
15.16
20.96
26.06
28.66
20.96
20.96
24.43
20.96
16.91
14.27
5.602
9.815
40.53
41.81
42.03
40.1
47.0
22.24
9.284
20.86
15.52
34.32
20.09
31.68
43.96
41.72
37.6
36.95
33.25
38.15
0.0
22.0
12.12
6.526
25.16
13.52
46.12
50.49
48.17
45.1
46.03
44.82
45.1
7.814
0.0
11.01
7.289
33.74
34.12
33.93
35.12
35.12
23.72
20.18
17.4
24.5
33.14
27.25
34.77
20.68
38.43
19.62
0.0
8.625
46.6
48.34
45.86
49.88
47.42
46.6
0.0
10.06
23.51
13.8
30.27
12.86
17.89
27.92
23.85
16.39
15.97
30.36
16.39
11.26
0.0
21.65
0.0
0.0
34.52
34.52
32.99
34.52
36.32
34.52
11.55
0.0
17.4
0.0
29.99
16.77
21.51
36.68
21.62
20.75
21.51
24.25
21.51
20.74
29.95
17.05
15.64
21.04
17.1
32.48
36.16
28.36
22.81
23.4
25.42
30.99
17.94
29.74
19.21
0.0
14.91
17.64
32.9
32.69
37.74
38.59
40.71
32.6
32.9
12.97
14.55
21.27
7.975
30.04
26.47
24.47
40.16
34.65
25.43
28.26
27.31
26.39
15.29
32.37
10.95
0.0
0.0
15.5
29.1
29.1
30.2
30.28
39.48
30.85
29.1
8.061
21.17
16.66
11.17
0.0
18.19
16.75
14.13
23.15
22.16
16.75
11.54
24.43
4.806e-07
12.18
13.37
20.05
25.78
14.59
27.57
19.12
19.12
16.16
18.0
17.95
0.0
0.0
6.895
25.01
25.01
26.42
25.0
29.24
17.86
25.01
10.51
17.89
12.61
13.41
0.0
7.85
36.69
36.1
37.91
35.32
34.24
35.14
36.1
23.04
0.0
25.72
15.67
15.19
16.76
46.67
42.73
50.13
41.27
44.63
47.79
44.63
22.05
24.5
29.41
9.762
0.0
21.51
28.04
26.9
30.01
28.89
34.7
29.07
26.9
15.9
0.0
0.0
20.59
15.28
23.34
18.83
15.28
15.28
0.0
13.71
0.0
0.0
19.05
20.2
20.2
22.25
22.23
20.2
21.89
20.2
17.21
19.39
15.25
6.274
24.47
10.13
26.42
25.31
26.81
30.47
32.7
29.08
25.43
31.67
8.177e-07
0.0
6.022
6.022
6.022
33.17
6.022
10.51
0.0
14.94
1.162e-06
0.0
12.4
12.4
17.23
12.4
19.25
12.4
18.32
15.51
0.0
0.0
10.33
10.33
21.61
17.93
10.33
1.185e-06
7.106
12.73
3.442
0.0
27.51
27.8
27.8
28.75
31.93
27.8
9.236
6.223
11.06
6.143
7.39
5.188
23.54
23.13
23.13
19.51
22.55
25.02
23.06
0.0
17.59
0.0
15.55
0.0
21.2
20.0
20.0
26.94
20.0
20.0
15.08
0.0
14.41
18.9
14.31
24.14
18.29
11.49
11.49
6.482e-07
7.261
9.066
0.0
13.23
25.17
24.51
24.93
24.51
23.54
24.51
16.32
0.0
13.89
0.0
18.87
16.1
21.35
16.1
16.1
20.16
27.34
8.456
0.0
21.09
18.64
28.11
32.68
18.64
0.0
10.6
0.0
21.2
19.37
19.37
19.37
19.37
20.06
23.57
19.05
8.816
31.03
25.15
27.01
22.94
25.72
0.0
0.0
15.52
28.07
15.52
28.07
0.0
0.0
0.0
0.0
0.0
15.48
16.04
10.56
22.05
13.27
13.27
13.27
0.0
25.44
19.13
0.0
24.9
20.0
20.0
23.27
20.0
7.236e-07
0.0
21.73
10.14
0.0
21.7
24.61
21.16
26.25
21.16
21.16
30.08
21.16
13.47
10.34
0.0
0.0
14.78
0.0
0.0
14.78
12.85
14.42
0.0
0.0
0.0
16.5
21.67
21.67
24.54
24.17
21.67
21.67
7.749e-07
9.098
2.182e-06
7.106
12.09
26.83
26.77
28.44
25.02
28.44
28.44
7.618
14.42
7.776
15.67
0.0
28.86
28.27
28.93
25.87
29.19
28.27
0.0
1.046e-06
32.88
17.32
32.05
17.32
17.32
17.32
18.65
20.76
13.55
0.0
18.92
19.65
23.57
27.85
19.65
12.47
15.97
19.92
6.17
0.0
6.17
0.0
12.47
15.97
19.92
0.0
14.37
0.0
7.029
19.24
17.08
17.43
18.05
17.1
17.1
0.0
17.73
13.12
0.0
33.42
34.48
34.48
32.82
34.48
0.0
11.91
14.97
20.21
0.0
27.91
20.43
20.43
20.46
15.0
20.43
26.59
19.42
0.0
0.0
14.99
14.99
26.89
26.37
14.99
4.445
37.67
4.787e-07
24.65
0.0
27.33
17.75
18.54
38.16
17.75
17.75
8.498
12.51
10.15
15.76
9.179
5.651
24.55
21.37
23.68
26.44
22.45
20.32
22.4
14.19
20.63
15.78
0.0
17.46
9.87
17.35
23.02
9.87
10.08
24.18
15.68
26.72
18.03
29.21
0.0
25.16
10.08
23.38
17.6
6.085
0.0
19.53
18.66
29.38
23.06
18.66
0.0
29.67
22.93
24.05
27.26
25.41
30.52
12.78
25.89
25.38
0.0
0.0
30.99
30.99
32.93
40.09
34.33
30.99
17.26
0.0
19.16
11.81
0.0
23.43
21.39
25.2
21.39
22.64
21.39
0.0
6.981
7.565
0.0
14.7
29.46
28.16
29.12
28.16
30.01
28.16
12.48
0.0
0.0
17.6
16.63
26.66
17.76
16.63
16.63
13.88
0.0
6.637
27.6
17.29
33.92
20.68
16.41
16.41
13.01
0.0
0.0
0.0
15.84
15.84
11.91
15.84
15.84
0.0
26.11
21.03
22.1
23.33
22.03
10.57
28.76
10.57
17.99
0.0
0.0
24.14
14.55
26.46
24.53
14.55
14.55
8.885e-07
0.0
5.308
0.0
21.33
20.78
20.78
20.78
20.78
17.05
20.99
13.91
0.0
15.36
14.14
19.62
12.18
14.14
19.76
6.327
22.14
27.26
8.14e-07
22.85
24.42
26.07
28.99
26.08
26.07
0.0
0.0
13.89
0.0
1.999e-06
20.87
15.29
15.29
15.29
15.29
15.29
12.02
0.0
6.196
21.03
21.63
21.4
21.83
21.11
21.11
1.237e-06
32.26
8.825
0.0
0.0
11.62
11.62
11.62
30.54
14.54
11.62
9.445
34.83
12.42
24.48
1.686e-06
23.62
33.42
18.66
18.68
38.44
18.66
13.71
0.0
16.22
0.0
21.03
14.72
20.85
14.72
14.72
10.29
25.87
10.79
28.45
18.53
31.16
42.52
35.02
31.14
35.93
31.04
0.0
0.0
0.0
0.0
21.53
21.53
21.53
21.53
21.53
13.71
0.0
15.61
18.72
1.069e-06
19.64
30.58
16.53
22.25
16.53
16.53
6.547
6.854
0.0
0.0
29.4
29.4
30.68
31.05
29.4
14.86
19.32
17.93
0.0
20.69
12.62
15.69
26.38
12.62
0.0
0.0
13.5
16.9
16.68
17.74
10.47
10.47
10.47
1.978e-06
0.0
17.2
0.0
10.06
36.87
36.4
34.52
36.4
36.4
36.4
0.0
0.0
13.34
25.89
13.16
47.05
36.03
40.27
42.52
42.52
42.52
1.046e-06
22.63
9.891e-07
0.0
18.23
18.23
18.23
23.78
18.23
4.321e-07
26.76
10.71
25.2
17.7
24.88
14.3
29.51
14.3
0.0
16.63
6.743
0.0
20.06
18.46
18.46
22.14
18.46
14.73
0.0
12.78
21.54
23.19
27.71
21.2
19.39
19.39
9.466
0.0
1.792e-06
8.084e-07
13.46
17.85
22.44
18.19
17.85
17.85
17.85
0.0
27.02
13.6
0.0
18.23
10.06
10.06
22.94
10.06
12.51
0.0
5.737e-07
0.0
24.77
24.77
24.24
24.77
24.77
11.18
25.17
15.01
0.0
28.58
19.93
21.1
25.09
19.93
0.0
19.15
10.38
13.9
26.11
31.34
24.77
29.76
24.77
12.85
0.0
7.956
9.629
18.32
32.58
29.34
33.13
33.01
33.05
33.01
6.071
0.0
5.771
0.0
34.64
34.25
33.86
34.25
34.25
19.03
0.0
0.0
30.25
17.31
30.4
26.63
17.31
17.31
0.0
0.0
19.37
0.0
27.4
21.77
21.77
21.77
21.77
0.0
0.0
18.13
20.44
21.46
19.03
17.24
17.24
17.24
23.55
7.974
18.35
21.75
26.35
27.12
24.5
17.34
15.57
6.722
0.0
1.032e-06
0.0
1.032e-06
0.0
6.722
0.0
0.0
16.45
14.17
5.129
0.0
5.129
0.0
16.45
14.17
0.0
0.0
11.28
11.19
30.31
23.08
37.09
21.81
25.17
21.81
5.71
31.18
7.474
30.44
13.82
30.8
12.93
30.48
11.6
0.0
0.0
9.012
0.0
17.73
15.67
15.67
15.67
15.67
0.0
11.05
5.491
0.0
23.59
24.23
24.23
25.25
24.23
15.01
16.04
0.0
21.47
19.97
24.61
19.97
19.97
6.296e-07
12.32
10.09
7.446
8.955
25.99
26.42
26.05
23.46
26.42
23.46
9.245
7.348
0.0
0.0
35.74
35.74
36.82
37.39
35.74
14.42
20.11
0.0
18.76
12.05
17.29
12.05
12.05
1.639e-07
14.97
1.19e-06
11.96
14.34
17.64
17.37
13.49
13.64
13.49
13.49
0.0
28.04
24.38
18.94
8.288
23.34
20.37
16.81
33.9
26.75
16.81
17.74
0.0
13.95
21.49
34.66
41.66
37.71
36.21
36.21
23.75
9.891e-07
0.0
17.91
17.91
18.63
28.27
17.91
0.0
0.0
13.91
30.97
15.12
19.6
33.6
20.05
15.36
15.36
15.36
10.72
13.97
10.08
25.75
18.12
27.94
18.54
19.86
14.84
0.0
0.0
10.15
11.0
17.37
16.27
17.02
17.02
17.02
0.0
9.369e-07
0.0
11.32
11.32
11.32
11.32
20.63
18.72
1.095e-06
0.0
11.21
11.21
21.71
21.49
11.21
0.0
0.0
6.651
12.71
18.66
23.27
17.23
17.23
17.23
16.35
0.0
1.758e-06
11.25
0.0
26.38
21.31
26.31
21.31
21.31
21.31
0.0
7.944
14.34
19.36
29.11
28.13
22.95
24.7
22.95
13.92
17.48
14.58
0.0
22.39
17.18
21.98
24.98
17.18
18.71
13.04
0.0
0.0
10.62
10.62
18.79
15.01
10.62
0.0
18.26
0.0
40.33
17.28
35.46
17.28
24.56
17.28
0.0
0.0
10.37
26.78
15.7
30.38
12.47
12.47
12.47
9.492
9.339
6.194
0.0
28.1
25.05
23.79
26.0
25.05
0.0
21.8
9.193
23.65
27.07
22.55
26.65
28.02
26.65
13.61
0.0
2.021e-06
11.73
25.16
42.99
46.66
40.34
43.39
43.39
43.39
15.48
18.02
9.49
21.53
20.57
16.6
22.9
20.85
21.08
10.47
0.0
0.0
0.0
20.69
15.56
15.56
22.39
17.78
15.56
15.56
16.5
18.87
0.0
0.0
22.88
22.88
25.71
27.84
22.88
10.46
30.53
16.48
0.0
22.18
18.03
20.39
27.74
18.03
0.0
13.1
18.3
22.27
24.68
14.16
14.16
14.16
9.611e-07
0.0
6.774
0.0
18.67
18.5
18.5
18.5
18.5
12.56
13.79
0.0
0.0
14.75
14.75
18.23
20.75
14.75
1.097e-06
28.87
12.2
0.0
22.07
17.81
17.81
25.07
17.81
18.09
0.0
9.872e-07
15.11
22.18
23.14
25.91
22.18
22.18
5.811e-07
0.0
8.087
7.454
27.22
26.42
25.83
25.83
25.83
0.0
0.0
21.76
25.4
23.86
30.47
18.61
18.61
18.61
16.3
17.54
8.871
9.452
18.53
17.43
24.22
22.53
19.67
0.0
21.04
6.085
0.0
10.57
12.52
11.53
7.317
0.0
18.31
18.03
13.73
15.78
18.03
6.65e-07
17.22
0.0
0.0
22.75
12.6
12.6
29.08
12.6
16.83
12.6
10.94
0.0
23.23
22.37
26.94
26.49
31.72
28.09
28.09
0.0
12.71
9.537e-07
15.5
0.0
20.36
16.05
16.05
17.67
16.05
16.05
13.29
21.6
4.172e-07
0.0
37.03
37.03
35.91
37.8
37.03
1.963e-06
0.0
2.593e-06
0.0
14.22
9.464
9.464
13.33
9.464
9.464
9.464
16.3
20.8
0.0
0.0
21.3
21.3
28.19
30.68
21.3
8.496
19.29
0.0
0.0
8.915
22.55
22.55
23.83
24.14
27.58
22.55
29.8
0.0
13.08
24.92
23.3
31.08
36.25
20.39
20.39
18.32
14.76
18.79
0.0
0.0
27.66
24.01
38.09
31.43
25.18
25.18
25.18
1.259e-06
0.0
1.259e-06
18.47
0.0
30.89
24.57
24.57
24.57
24.57
24.57
10.78
0.0
11.97
0.0
15.85
8.949
14.09
8.949
8.949
15.95
0.0
6.788
27.55
29.82
39.39
28.41
29.32
29.32
9.447
18.96
12.51
18.78
13.04
19.79
11.83
19.81
5.93
0.0
23.24
8.337
9.184
24.28
29.68
24.97
27.22
25.53
28.49
27.22
0.0
28.75
23.99
19.1
29.51
18.16
18.16
32.35
18.16
11.17
0.0
15.67
14.26
14.32
14.65
16.56
15.6
15.6
13.02
12.12
6.714
10.29
13.79
15.84
16.81
11.54
14.12
0.0
0.0
8.196e-07
0.0
22.74
22.74
22.74
22.74
22.74
20.16
19.32
18.63
28.8
0.0
0.0
12.86
25.9
25.9
23.79
26.9
26.26
25.9
10.85
0.0
15.54
8.799
25.15
18.65
22.24
35.45
30.61
25.91
22.07
26.37
22.07
0.0
1.38e-06
12.29
19.99
1.38e-06
0.0
0.0
14.58
15.82
21.7
0.0
23.86
18.33
17.27
19.67
18.33
0.0
0.0
16.48
0.0
19.39
9.963
9.963
9.963
9.963
0.0
0.0
16.52
0.0
21.45
26.64
22.37
28.4
22.37
22.37
22.37
10.67
15.8
12.35
11.05
0.0
18.54
18.99
21.46
17.05
16.32
18.99
0.0
25.0
24.05
25.41
25.41
21.89
25.41
18.24
0.0
18.61
18.46
19.46
23.86
23.79
22.6
24.76
15.73
15.73
7.523
0.0
9.313e-07
11.71
0.0
18.72
19.72
23.11
19.72
19.72
19.72
0.0
14.72
18.66
0.0
23.07
18.64
18.64
21.22
18.64
5.99
0.0
18.7
23.8
23.96
28.91
15.16
13.35
13.35
8.271
33.35
0.0
0.0
16.89
13.6
13.6
23.04
16.31
32.4
13.6
21.1
8.853
0.0
17.05
17.02
19.48
25.12
27.0
27.5
19.48
0.0
0.0
9.68
29.92
9.68
29.92
0.0
0.0
0.0
16.35
0.0
7.194
0.0
6.04e-07
14.78
14.8
14.8
23.37
14.8
14.8
8.033
0.0
11.13
0.0
17.19
16.83
17.07
16.83
16.83
0.0
25.89
1.118e-06
7.586e-07
0.0
0.0
18.62
18.62
18.62
18.62
25.28
18.62
18.62
7.693
0.0
7.451e-07
20.56
32.47
35.99
32.3
32.47
32.47
17.48
17.23
15.13
0.0
17.18
23.58
23.76
24.22
26.02
31.36
23.76
0.0
33.84
0.0
0.0
18.16
25.65
25.65
28.93
25.65
41.81
25.65
13.56
0.0
11.41
9.671
0.0
14.33
12.8
7.835
12.8
11.38
12.8
7.75
5.619
0.0
13.27
25.45
25.35
29.81
26.97
25.45
9.244
9.823
9.823
7.887
10.94
0.0
0.0
0.0
14.85
0.0
23.59
20.82
20.82
20.82
20.82
22.94
0.0
20.5
0.0
18.21
17.38
20.7
15.83
26.65
25.3
20.7
24.42
20.7
16.23
16.82
5.849
0.0
12.06
9.853
18.58
18.74
9.853
14.97
0.0
0.0
26.02
15.42
21.75
22.71
15.42
15.42
8.951
12.84
8.951
16.71
0.0
1.14e-06
10.95
9.715
0.0
12.47
9.193
9.193
13.73
9.193
0.0
37.87
1.281e-06
17.35
18.4
21.62
27.54
30.86
33.1
25.04
34.63
25.04
25.04
0.0
17.36
5.139
0.0
10.63
18.04
18.39
22.8
18.39
25.34
18.39
16.49
0.0
4.16
20.53
22.63
24.64
30.29
27.63
27.46
28.28
27.46
1.073e-06
0.0
18.5
13.25
0.0
17.71
15.25
15.25
15.25
25.33
15.25
13.21
26.19
0.0
17.21
0.0
17.21
13.21
26.19
0.0
20.74
0.0
13.87
0.0
17.94
15.97
17.82
23.32
26.9
17.82
17.82
25.35
15.96
11.47
0.0
0.0
19.89
19.89
29.71
24.26
22.62
19.89
22.25
18.54
12.39
0.0
1.218e-06
20.32
22.44
22.44
26.99
29.16
22.44
10.72
8.989
0.0
21.17
13.11
24.46
24.36
26.36
27.83
25.1
24.46
14.73
31.31
0.0
0.0
19.99
19.99
21.34
34.72
19.99
17.82
0.0
16.12
25.32
23.33
27.39
17.46
17.46
0.0
29.32
14.89
0.0
16.75
11.86
11.86
35.3
11.86
26.11
19.46
41.22
21.8
37.02
15.05
31.67
12.62
9.766
0.0
26.58
0.0
30.22
16.65
14.1
16.65
16.65
14.61
0.0
0.0
8.643e-07
28.09
9.331
34.51
30.22
33.34
33.17
34.51
34.51
34.51
0.0
0.0
18.63
18.18
21.79
20.46
13.68
13.68
13.68
14.51
0.0
7.317
8.175
7.317
8.175
14.51
0.0
0.0
0.0
6.101
1.257e-06
0.0
17.95
19.17
19.17
28.55
19.17
18.71
19.17
1.099e-06
21.0
0.0
0.0
23.88
23.88
23.88
31.67
23.88
10.9
0.0
20.02
21.08
23.87
24.44
13.74
10.16
10.16
0.0
25.72
14.78
20.89
17.95
17.95
29.17
18.08
0.0
8.236
8.649
19.55
18.91
19.41
23.98
18.91
18.91
17.09
18.18
21.19
0.0
0.0
0.0
0.0
17.09
18.18
21.19
0.0
11.51
0.0
1.731e-06
7.549
10.85
5.644e-07
13.09
14.13
11.44
5.182
11.44
11.44
11.44
8.351
15.95
10.07
0.0
7.843
20.41
21.27
20.49
23.03
24.27
21.27
0.0
0.0
12.94
15.02
39.03
37.75
37.72
37.72
37.72
10.83
25.0
13.37
0.0
19.02
13.97
18.38
27.4
13.97
20.26
0.0
0.0
0.0
16.67
16.67
23.2
16.67
16.67
7.842e-07
8.221
7.283
25.53
15.32
31.37
26.02
22.33
22.27
22.14
22.33
20.74
23.37
0.0
0.0
1.045e-06
0.0
0.0
1.045e-06
20.74
23.37
0.0
10.48
0.0
8.064
18.03
0.0
0.0
19.31
17.06
17.06
18.32
17.06
17.61
17.06
23.97
27.22
19.3
0.0
25.03
17.91
28.41
31.82
17.91
17.53
0.0
14.43
0.0
24.81
20.04
23.47
20.04
20.04
0.0
0.0
11.99
0.0
9.764
29.28
23.92
23.03
23.92
23.92
23.92
16.11
0.0
20.45
14.73
23.16
16.15
16.11
16.11
19.78
0.0
9.67
0.0
22.42
21.46
11.57
21.46
21.46
13.37
15.02
0.0
23.53
20.77
24.75
20.77
20.77
4.449
0.0
0.0
22.27
22.62
24.43
22.62
22.62
22.59
6.524
11.28
9.367
13.77
13.29
22.58
12.35
10.96
14.14
0.0
13.74
0.0
29.91
26.75
18.94
26.75
26.75
16.69
0.0
15.29
0.0
13.37
23.45
24.32
26.48
25.95
24.32
24.32
16.89
0.0
14.73
0.0
31.69
30.77
36.25
30.77
30.77
0.0
0.0
15.39
7.312
14.45
9.833
10.75
10.75
10.75
19.87
0.0
17.28
17.05
26.61
33.64
38.98
30.4
30.4
8.029
0.0
17.11
14.29
36.82
37.42
31.7
34.27
34.27
6.07
15.54
11.93
10.51
36.14
32.64
30.5
35.56
32.36
5.308
0.0
0.0
29.31
28.41
29.68
28.41
28.41
19.43
0.0
18.18
0.0
1.045e-06
24.01
14.13
14.13
23.11
14.13
14.13
19.83
11.37
20.99
6.022
37.49
42.99
44.83
43.57
42.94
5.843
0.0
10.28
0.0
11.85
7.432
5.039
7.432
7.432
17.73
0.0
0.0
8.09
6.146
7.366
19.77
6.146
6.146
12.43
0.0
11.13
5.756
19.48
17.21
16.39
16.52
16.52
19.16
19.15
15.2
0.0
21.74
19.16
22.84
19.16
18.47
0.0
17.25
0.0
41.07
43.12
40.59
43.12
43.12
13.89
0.0
13.22
7.042
20.25
14.24
18.72
15.98
15.98
19.58
0.0
14.66
18.65
0.0
13.29
18.65
0.0
13.29
19.58
0.0
14.66
0.0
17.21
8.921
28.22
33.45
37.77
34.07
33.45
16.68
0.0
14.41
0.0
24.76
22.46
28.83
22.46
22.46
21.4
0.0
20.83
0.0
45.13
47.31
52.96
47.31
47.31
15.43
0.0
9.892
14.61
0.0
23.27
17.46
20.14
17.46
19.93
17.46
0.0
6.731
0.0
22.02
20.45
21.61
20.45
20.45
9.228
0.0
0.0
16.37
18.92
0.0
21.8
18.41
29.27
19.24
27.47
22.13
22.13
8.348
0.0
8.348
0.0
8.348
0.0
8.348
0.0
0.0
11.69
5.835
5.555
10.36
20.39
24.49
22.01
22.0
21.86
18.71
0.0
4.655
9.459
41.2
40.81
43.53
40.23
40.23
14.95
0.0
8.672
0.0
12.82
10.51
18.02
10.51
10.51
20.53
38.87
0.0
48.38
38.61
36.93
38.61
38.61
10.11
0.0
20.37
0.0
30.44
31.98
32.18
31.98
31.98
18.19
0.0
18.28
0.0
21.78
14.38
23.68
14.38
14.38
16.36
0.0
17.66
11.23
27.39
37.61
31.6
33.97
33.97
15.91
14.92
12.88
6.869
40.18
41.58
38.9
38.7
41.34
18.1
0.0
7.517
0.0
45.52
44.36
43.53
44.36
44.36
16.03
0.0
27.3
6.656
28.3
25.08
27.3
27.3
23.17
0.0
7.364
0.0
8.568e-07
24.45
25.67
25.67
22.21
25.67
25.67
16.54
0.0
12.08
0.0
39.8
35.72
37.37
35.72
35.72
0.0
18.52
18.64
20.8
18.64
18.64
0.0
17.99
0.0
31.2
31.48
32.33
31.48
31.48
11.11
0.0
10.28
0.0
27.22
26.85
31.92
26.85
26.85
0.0
19.58
8.372
24.63
8.372
8.372
1.311e-06
20.41
11.78
0.0
27.92
26.4
26.4
25.53
26.4
10.19
0.0
18.64
0.0
18.64
0.0
10.19
0.0
0.0
16.57
14.63
17.92
0.0
28.32
26.49
26.47
29.58
26.49
20.34
21.42
21.42
20.34
0.0
24.25
0.0
15.73
0.0
35.53
37.92
37.25
37.92
37.92
6.085
15.69
0.0
14.86
12.62
15.05
12.62
11.17
0.0
12.33
11.17
9.123
0.0
13.19
0.0
18.02
13.19
15.44
13.19
13.19
5.549
0.0
19.65
0.0
40.17
45.08
45.94
45.08
45.08
5.041
0.0
5.509
24.93
24.16
24.87
24.16
24.16
20.41
0.0
7.168
22.96
7.168
22.96
20.41
0.0
0.0
13.49
0.0
12.39
0.0
45.35
46.01
49.75
46.01
46.01
13.71
0.0
15.01
0.0
22.94
20.23
13.67
20.23
20.23
20.21
19.32
0.0
15.65
0.0
18.73
17.52
31.29
29.57
17.52
17.52
0.0
13.17
0.0
19.32
12.48
20.63
12.48
12.48
5.29e-07
7.913
14.71
14.9
25.33
25.51
23.25
23.23
23.25
15.05
0.0
18.66
18.59
24.52
22.87
16.07
10.2
10.2
11.22
0.0
0.0
8.988
23.34
26.89
22.63
23.34
23.34
11.3
0.0
9.164e-07
15.2
0.0
34.48
37.0
39.02
37.0
37.0
37.0
11.96
0.0
12.21
0.0
14.91
15.8
14.53
15.8
15.8
28.49
0.0
19.01
0.0
11.73
36.17
31.81
33.28
15.2
31.81
31.81
4.163
5.63
10.28
6.892
36.32
33.91
34.92
34.32
34.46
8.354
19.0
6.942
7.49
31.74
31.69
32.3
32.05
31.94
15.61
0.0
8.756
10.58
33.8
32.27
29.82
32.44
32.44
5.554
0.0
10.08
7.732
8.776
10.32
9.421
7.006
7.006
15.21
6.333
19.29
0.0
44.34
42.81
42.01
44.28
42.81
18.83
0.0
5.037
0.0
13.89
13.27
25.63
13.27
13.27
10.84
0.0
7.413e-07
7.251
0.0
1.08e-06
24.53
25.04
25.04
26.45
25.04
25.04
25.04
13.73
0.0
15.18
0.0
25.38
21.92
15.15
21.92
21.92
0.0
12.83
0.0
10.33
16.88
9.253
16.88
16.88
28.55
0.0
25.08
27.71
24.53
26.75
29.33
33.72
33.72
11.8
0.0
37.45
38.2
40.17
38.2
38.2
5.812
0.0
4.608
0.0
26.63
25.98
27.02
25.98
25.98
0.0
10.76
0.0
33.83
29.72
25.84
29.72
29.72
13.97
0.0
14.16
0.0
20.88
19.64
11.09
19.64
19.64
11.37
0.0
16.06
0.0
21.11
14.24
15.28
14.24
14.24
30.45
0.0
28.54
0.0
31.49
32.96
21.37
32.96
32.96
9.955
0.0
13.58
0.0
35.2
36.63
36.59
36.63
36.63
18.49
0.0
23.15
0.0
36.55
34.84
37.6
34.84
34.84
6.085
17.04
0.0
22.68
12.62
12.62
10.75
0.0
19.45
0.0
27.52
33.46
34.31
33.46
33.46
15.49
14.14
7.655e-07
20.89
0.0
1.464e-06
18.5
18.9
18.9
19.98
21.04
18.9
18.9
12.12
0.0
17.47
0.0
42.15
43.22
46.56
43.22
43.22
11.2
0.0
13.59
10.01
16.28
15.98
24.09
20.81
20.81
14.88
0.0
15.81
0.0
26.69
23.78
31.49
23.78
23.78
14.78
0.0
26.13
0.0
41.85
43.14
43.17
43.14
43.14
21.49
0.0
22.91
44.79
33.4
44.71
41.3
41.3
8.346
0.0
15.17
0.0
45.68
42.18
42.88
42.18
42.18
7.6e-07
4.447
11.23
6.991
20.85
23.64
22.43
21.95
22.43
12.85
0.0
0.0
18.05
14.75
16.48
14.75
14.75
12.14
21.53
5.588e-07
10.6
0.0
43.87
40.45
40.17
38.0
40.45
40.45
13.76
0.0
13.72
32.71
0.0
19.67
32.02
11.84
14.95
11.84
11.84
13.25
0.0
8.415
0.0
18.69
17.04
20.89
17.04
17.04
8.686
0.0
10.84
0.0
35.64
32.82
33.38
32.82
32.82
8.52
0.0
15.09
0.0
12.83
13.89
16.41
13.89
13.89
6.085
0.0
15.16
0.0
41.35
43.07
42.49
43.07
43.07
5.992
0.0
5.35
0.0
14.91
12.63
12.76
12.63
12.63
15.39
0.0
17.24
11.02
35.55
37.35
38.0
39.08
39.08
13.92
0.0
17.72
17.38
49.57
46.88
43.95
47.99
47.99
8.3
20.85
15.48
0.0
21.08
12.04
12.95
24.01
12.04
15.05
0.0
26.81
0.0
47.74
37.84
35.79
37.84
37.84
5.898
0.0
15.2
0.0
46.25
42.98
42.48
42.98
42.98
13.84
0.0
16.14
22.71
21.18
16.01
21.18
21.18
19.32
0.0
20.13
0.0
32.64
31.74
31.96
31.74
31.74
10.89
5.037
18.08
0.0
42.53
42.78
45.0
42.87
42.78
8.374
8.374
12.28
12.28
38.2
38.2
37.5
37.5
36.58
16.4
0.0
5.99
0.0
41.46
41.17
39.89
41.17
41.17
17.57
0.0
19.61
0.0
21.98
9.027
21.01
9.027
9.027
23.03
8.053
14.82
11.18
42.31
46.37
42.77
49.46
48.82
13.68
0.0
14.38
31.51
22.4
30.76
25.18
25.35
25.35
5.709
7.706
8.114
0.0
43.97
39.89
39.12
38.26
39.89
14.19
0.0
24.15
0.0
41.13
41.84
42.9
41.84
41.84
17.69
0.0
25.7
8.918
30.07
23.02
27.29
20.59
20.59
15.73
0.0
15.09
0.0
28.06
24.27
27.53
24.27
24.27
10.59
0.0
16.04
6.381
26.87
26.33
23.35
26.8
26.8
5.327
8.526
17.06
0.0
34.34
36.89
36.16
35.28
36.89
17.66
0.0
20.85
8.644
23.53
8.644
8.644
14.86
0.0
14.64
0.0
11.2
9.14
17.36
9.14
9.14
13.88
0.0
5.057
7.311
16.37
17.49
8.531
15.4
15.4
16.31
0.0
7.561
0.0
24.3
23.94
20.68
23.94
23.94
10.0
6.739
7.002
0.0
40.49
40.85
42.22
40.23
40.85
15.47
0.0
15.37
0.0
16.41
10.07
19.85
10.07
10.07
4.978
0.0
4.656
6.886
23.77
24.06
23.19
22.89
22.89
5.436
0.0
6.731
0.0
27.3
25.66
26.54
25.66
25.66
20.84
7.552
20.84
13.6
20.84
7.552
16.49
0.0
13.68
0.0
24.39
27.36
23.35
27.36
27.36
4.95
3.744
8.799
7.074
9.258
7.373
7.373
14.76
0.0
14.4
0.0
14.69
6.801
17.26
6.801
6.801
14.58
0.0
43.82
42.99
43.8
42.99
42.99
20.53
14.58
0.0
47.01
44.84
40.35
44.84
44.84
5.99
0.0
6.085
12.43
12.23
15.25
12.23
12.23
18.28
10.84
16.46
0.0
13.99
20.83
13.1
22.45
20.83
10.71
14.59
6.185
0.0
31.58
30.85
32.65
32.84
30.85
5.378
0.0
10.86
0.0
20.47
19.48
21.34
19.48
19.48
6.179
6.024
15.38
42.39
46.4
45.79
45.41
46.4
8.253
0.0
16.39
0.0
19.08
9.217
9.927
9.217
9.217
25.74
13.43
19.47
0.0
26.61
18.34
30.39
20.62
18.34
15.73
0.0
19.04
0.0
22.17
16.85
16.92
16.85
16.85
18.19
0.0
5.129
8.299
10.26
0.0
20.04
8.299
8.299
9.938
0.0
20.79
0.0
29.61
16.54
15.24
16.54
16.54
9.271
0.0
7.557
0.0
43.21
42.43
39.79
42.43
42.43
18.83
14.07
6.119
6.037
13.32
11.44
25.79
20.88
12.58
13.87
0.0
7.758
0.0
23.58
19.87
22.17
19.87
19.87
15.34
7.189
17.27
0.0
38.66
41.97
40.14
42.0
41.97
6.085
22.14
9.567
20.53
14.88
12.43
12.23
12.23
26.93
0.0
9.164
23.79
30.04
26.59
18.82
30.85
30.85
12.22
0.0
12.11
0.0
26.1
22.28
23.08
22.28
22.28
15.47
0.0
29.91
27.53
28.13
29.36
26.62
29.46
29.46
21.32
0.0
16.32
0.0
48.16
44.99
42.39
44.99
44.99
16.98
6.38
20.58
16.17
36.15
32.73
35.06
37.9
37.1
19.83
0.0
10.3
5.733
27.24
23.76
18.8
22.27
22.27
13.64
0.0
5.397
5.996
30.33
29.52
23.78
29.7
29.7
11.23
0.0
17.15
8.271
27.62
39.77
42.59
40.69
40.69
11.91
5.549
16.74
0.0
18.29
6.326
12.49
8.202
6.326
18.69
0.0
7.956
0.0
28.13
27.21
27.21
27.21
23.43
0.0
23.06
18.52
55.24
43.35
37.69
45.13
45.13
13.48
0.0
4.554
4.562
22.6
23.56
21.69
21.98
21.98
10.51
14.76
17.68
0.0
29.8
37.55
37.73
34.2
37.55
5.037
13.02
14.05
0.0
11.45
20.77
21.03
21.39
20.77
8.555
0.0
14.91
0.0
12.88
19.5
20.97
19.5
19.5
19.48
0.0
9.877
0.0
29.03
25.54
29.56
25.54
25.54
13.81
7.407
13.52
7.586
20.59
21.22
23.89
20.52
19.06
0.0
9.122
12.25
0.0
12.25
0.0
9.122
0.0
14.06
6.303
13.87
0.0
25.12
20.01
27.13
20.86
20.01
0.0
8.832
0.0
31.25
29.84
27.55
29.84
29.84
8.494
0.0
10.36
0.0
18.58
16.01
16.59
16.01
16.01
14.5
18.31
17.38
0.0
21.19
14.04
21.69
22.11
14.04
7.393
0.0
7.918
14.34
18.67
22.54
15.56
17.24
17.24
25.52
0.0
12.79
0.0
22.79
18.85
25.66
18.85
18.85
24.19
26.0
18.47
24.86
32.94
23.59
30.5
33.28
29.58
17.09
0.0
16.82
0.0
36.36
27.07
26.71
27.07
27.07
18.04
0.0
16.39
0.0
35.42
36.39
43.93
36.39
36.39
15.63
12.15
6.594e-07
14.24
6.983
32.38
37.15
37.86
35.66
35.51
35.51
19.63
0.0
6.738
0.0
16.52
15.18
24.23
15.18
15.18
17.38
9.326
8.063
8.897
32.27
33.96
35.42
34.68
35.38
10.38
0.0
17.4
7.028
20.61
17.33
19.4
16.12
16.12
17.94
10.29
14.92
0.0
26.7
26.08
31.54
26.21
26.08
14.55
7.313
14.77
20.95
41.82
33.75
46.85
40.79
40.82
13.22
7.042
22.45
0.0
36.47
34.41
39.12
36.85
34.41
5.631
8.497
13.92
12.41
14.16
9.631
12.41
18.19
0.0
19.5
43.02
42.33
39.89
42.33
42.33
20.53
9.853
9.916
0.0
0.0
9.853
13.5
5.73
22.27
0.0
32.9
19.05
18.55
17.68
19.05
14.91
0.0
13.48
7.265
7.778
18.22
18.87
14.58
14.58
24.68
11.58
16.07
28.9
7.265
25.9
24.56
6.306
8.177
15.49
16.38
19.44
12.3
16.84
17.68
16.86
9.069
16.56
0.0
5.406
35.36
34.41
35.84
34.01
35.36
17.62
12.66
15.91
0.0
22.93
21.04
16.86
27.28
21.04
7.343
0.0
17.64
0.0
28.5
22.06
24.42
22.06
22.06
20.66
22.42
15.13
0.0
46.16
43.41
44.59
44.19
43.41
23.84
0.0
26.7
27.73
36.29
33.25
26.28
33.16
33.16
8.239
8.906
15.61
0.0
20.97
20.5
21.39
19.71
20.5
5.811e-07
0.0
4.172e-07
20.15
13.47
28.79
25.98
32.41
28.79
28.79
28.79
0.0
0.0
12.95
12.31
23.97
23.98
21.1
21.1
21.1
14.48
31.87
1.457e-06
9.318
0.0
27.86
26.71
27.41
30.96
26.71
26.71
20.54
7.15
12.63
12.71
0.0
25.66
23.19
28.97
23.54
24.76
23.19
6.258e-07
7.467
0.0
12.96
20.27
23.64
28.68
33.43
23.64
22.34
23.64
16.0
0.0
22.22
0.0
22.26
24.68
30.44
24.68
24.68
6.432
0.0
3.021e-06
6.145
0.0
41.02
40.67
42.6
40.67
40.67
40.67
0.0
28.04
17.53
16.28
15.31
20.39
22.38
15.49
28.25
22.45
15.49
0.0
0.0
8.829e-07
12.33
21.48
24.71
21.48
21.48
21.48
24.16
0.0
0.0
0.0
17.84
30.15
30.15
31.9
24.18
30.15
30.15
6.499
18.68
7.313
23.81
54.71
38.03
51.56
55.53
51.71
18.94
11.13
18.03
0.0
33.91
32.5
30.62
31.65
32.5
6.272
0.0
9.134
0.0
12.2
40.8
36.18
33.46
35.97
36.18
36.18
0.0
9.384
11.03
0.0
13.0
9.256
9.256
13.35
9.256
0.0
16.04
8.598
0.0
25.14
21.11
21.11
24.43
21.11
28.05
29.08
1.024e-06
0.0
27.92
27.92
19.5
17.91
27.92
0.0
16.61
6.594
11.11
0.0
9.312
25.94
25.83
27.54
25.83
28.2
26.24
25.83
12.91
8.526
6.573
11.55
10.08
13.78
17.14
12.11
8.798
6.93
0.0
5.697
0.0
25.78
23.49
21.41
23.49
23.49
11.81
20.49
23.38
13.26
0.0
37.17
35.5
37.02
41.24
38.03
35.5
8.658
33.16
9.515
6.035
40.58
41.01
37.15
27.32
39.86
13.03
22.09
0.0
10.72
44.43
39.3
44.0
48.74
44.43
8.798
33.79
11.27
0.0
24.12
19.55
23.06
27.66
19.55
12.07
0.0
5.931
16.5
17.85
22.16
40.61
40.05
34.28
45.88
38.03
38.19
38.03
0.0
8.258
7.451e-07
0.0
28.1
28.1
28.1
29.83
28.1
13.44
15.28
0.0
0.0
27.58
27.58
32.8
31.76
27.58
5.7
13.05
16.53
7.748
0.0
30.95
29.38
28.01
28.88
27.49
29.38
22.93
19.27
11.52
0.0
29.65
28.28
23.05
18.14
28.28
0.0
9.28
7.259
0.0
25.81
25.75
25.75
24.8
25.75
16.7
16.91
12.86
11.5
28.27
26.33
22.15
28.11
23.08
0.0
21.13
0.0
31.71
30.6
25.93
30.6
30.26
30.6
8.054
0.0
18.92
13.04
12.62
23.43
19.51
18.66
17.47
19.06
19.06
9.006e-07
0.0
0.0
26.42
15.89
30.97
15.89
15.89
15.89
0.0
14.49
16.86
14.17
28.39
26.15
24.99
28.52
24.99
12.46
18.99
1.908e-06
0.0
13.33
18.77
18.65
24.48
21.75
18.77
18.77
1.799e-06
0.0
8.883
0.0
36.39
35.66
35.66
35.66
35.66
13.01
30.73
0.0
7.182
26.31
27.04
24.18
35.85
26.31
0.0
0.0
10.52
0.0
25.56
24.74
24.74
24.74
24.74
0.0
9.15
0.0
15.28
22.33
25.27
22.33
24.42
22.33
11.84
0.0
2.138e-06
0.0
4.918
30.21
31.73
27.91
30.21
30.21
30.21
4.034
21.84
10.98
8.533
0.0
22.13
20.08
20.93
27.9
24.4
20.08
0.0
11.42
0.0
0.0
16.32
16.32
16.32
21.08
16.32
4.298
13.57
7.567
0.0
26.98
28.15
28.67
25.66
28.15
14.87
10.36
0.0
0.0
15.64
35.24
35.24
35.96
35.2
36.54
35.24
4.644
30.09
0.0
0.0
8.85
30.03
30.03
30.63
30.41
26.52
30.03
14.8
0.0
8.587e-07
0.0
29.78
29.78
28.78
29.78
29.78
9.15
20.51
0.0
16.04
27.12
24.66
26.02
39.04
27.12
5.886e-07
0.0
11.93
13.47
16.85
33.49
35.01
34.17
34.17
37.3
34.17
19.28
0.0
14.22
8.071
1.252e-06
32.47
28.55
27.23
27.03
27.23
27.23
8.433
0.0
3.243
16.79
13.55
30.71
28.1
32.04
36.11
31.02
31.02
0.0
12.67
10.42
15.64
26.81
30.3
26.74
22.26
26.74
1.073e-06
0.0
0.0
34.35
4.599
20.4
33.04
20.88
20.4
20.4
20.4
5.253e-07
0.0
10.18
15.16
22.34
31.27
25.73
34.04
28.01
28.01
28.01
6.765
9.581
16.14
0.0
17.82
19.3
19.8
21.7
19.3
0.0
0.0
15.91
0.0
29.69
29.32
29.32
29.32
29.32
1.073e-06
11.07
8.783
0.0
37.62
37.53
37.53
37.49
37.53
7.198
0.0
7.492
10.56
8.179
37.76
33.58
36.89
36.32
35.15
35.15
4.545e-07
0.0
0.0
5.659
18.6
16.64
18.6
18.6
18.6
8.071
0.0
9.116
13.75
0.0
29.36
26.41
27.65
26.41
27.0
26.41
8.175
0.0
4.437
11.43
10.15
19.32
17.53
16.99
20.36
20.16
20.16
6.627
0.0
0.0
23.24
23.24
22.61
23.24
11.3
0.0
0.0
11.29
18.35
21.75
18.44
18.35
18.35
1.151e-06
16.54
14.01
12.22
27.48
25.0
24.29
24.19
24.29
16.17
0.0
0.0
0.0
9.329
32.81
32.81
34.25
37.18
32.81
32.81
0.0
0.0
0.0
20.19
20.19
20.19
20.19
20.19
16.16
19.51
18.04
12.54
26.12
25.77
29.52
17.31
25.6
12.78
15.58
0.0
0.0
21.21
21.21
24.32
19.6
21.21
1.676e-06
4.561
20.71
19.23
29.39
31.03
24.78
26.23
24.78
8.826
0.0
0.0
0.0
35.11
35.11
38.67
35.11
35.11
0.0
16.58
12.59
0.0
26.88
27.93
27.93
31.48
27.93
5.795
0.0
5.588e-07
13.44
13.87
22.15
23.04
16.22
14.99
14.99
14.99
0.0
0.0
8.792
8.554
26.9
26.75
27.74
27.74
27.74
8.347
21.76
9.141
0.0
13.67
24.09
23.98
28.73
24.54
23.84
23.98
12.5
6.931
8.68e-07
6.062
33.23
34.2
30.95
33.78
33.23
4.634
23.43
14.68
0.0
29.96
38.05
38.69
39.28
38.05
9.9
17.93
0.0
14.61
17.34
27.11
21.18
24.97
17.34
9.574e-07
16.01
9.25
23.82
42.63
39.68
42.41
39.3
42.41
14.48
9.339
6.601
0.0
25.62
23.2
21.43
25.4
23.2
15.3
16.77
3.891
0.0
32.78
32.56
36.76
36.85
32.56
11.96
0.0
0.0
16.7
8.95
22.66
27.79
24.63
22.72
22.66
22.66
16.03
0.0
6.754
16.12
30.95
28.44
24.97
30.69
30.69
0.0
8.679
20.31
0.0
21.4
32.95
30.2
33.77
30.2
33.42
30.2
0.0
5.417
20.4
13.98
27.61
25.52
21.85
22.26
21.85
11.1
0.0
4.647
0.0
28.22
28.9
29.91
28.9
28.9
12.58
16.09
22.24
11.76
0.0
30.98
23.86
24.89
29.79
32.67
23.86
0.0
0.0
9.53
11.36
27.39
23.51
23.84
23.84
23.84
12.84
0.0
7.076
0.0
32.79
32.74
36.42
32.74
32.74
8.736e-07
20.41
1.037e-06
24.77
30.18
36.16
30.18
28.81
30.18
0.0
0.0
9.889
9.045
33.05
33.65
36.45
32.73
32.73
33.13
32.73
14.03
0.0
0.0
15.75
19.21
26.48
20.33
19.21
19.21
0.0
22.17
18.87
10.09
0.0
29.24
31.74
31.74
36.29
30.83
31.74
11.72
0.0
0.0
0.0
25.96
25.96
27.82
25.96
25.96
0.0
31.62
6.391
10.41
2.254e-06
33.05
30.97
32.07
32.07
36.83
32.07
7.269
15.31
15.23
0.0
25.02
26.12
27.21
29.54
26.12
0.0
10.81
1.471e-06
0.0
17.03
17.03
17.03
19.24
17.03
16.8
17.31
7.58
0.0
20.65
20.63
26.13
22.65
20.63
12.37
0.0
1.874e-06
13.2
21.99
22.77
25.16
21.99
21.99
5.662e-07
0.0
0.0
9.857
33.88
34.83
33.88
33.88
33.88
12.87
0.0
13.6
0.0
21.69
14.3
16.41
14.3
14.3
0.0
29.82
8.047e-07
0.0
22.32
22.32
22.32
35.19
22.32
15.14
0.0
8.456e-07
0.0
9.918
37.09
38.1
38.57
37.09
37.09
37.09
0.0
0.0
13.5
15.04
36.75
37.34
35.55
35.55
35.55
0.0
15.76
14.2
15.74
7.886
34.98
34.67
34.69
34.62
32.68
34.69
0.0
0.0
11.01
8.016
9.556
18.83
20.6
17.85
18.35
18.35
18.35
5.615
25.3
0.0
20.75
14.24
39.65
38.83
35.28
40.07
40.78
39.65
35.21
0.0
9.521
0.0
8.579
40.83
39.41
40.82
47.22
39.41
39.41
8.613
8.435
0.0
0.0
23.11
23.11
24.15
23.26
23.11
7.025
19.83
8.981
3.186
39.4
40.99
42.66
48.92
40.88
10.75
0.0
10.2
0.0
28.48
26.55
21.27
26.55
26.55
0.0
11.5
0.0
0.0
12.86
12.86
12.86
18.0
12.86
13.04
0.0
19.4
9.686e-07
18.67
37.89
35.95
38.45
37.89
38.88
37.89
0.0
17.96
12.52
0.0
22.88
26.41
26.41
19.25
26.41
6.662
28.84
10.11
10.71
10.23
29.46
30.27
29.07
47.33
28.92
26.89
9.202
0.0
0.0
0.0
27.99
27.99
23.35
27.99
27.99
5.729
17.75
9.909
0.0
19.57
14.82
16.22
26.27
14.82
3.386
0.0
13.36
18.89
38.29
34.24
42.22
41.41
41.41
14.79
11.87
18.83
0.0
31.81
29.09
25.67
23.95
29.09
11.11
0.0
0.0
12.14
12.88
28.02
30.24
32.66
30.79
30.79
30.79
0.0
0.0
10.54
15.0
27.47
25.54
25.49
25.49
25.49
10.08
0.0
0.0
17.08
1.475e-06
24.22
24.62
24.22
28.94
24.22
24.22
12.05
0.0
15.94
8.416
30.0
22.87
20.46
24.29
24.29
0.0
10.08
15.32
0.0
15.32
1.375e-06
1.375e-06
10.08
1.375e-06
19.65
19.17
9.434e-07
17.41
19.56
20.42
23.36
19.68
18.39
8.081
8.081
7.659
0.0
7.283
9.962
9.115
31.45
32.26
25.99
29.05
28.02
29.05
0.0
0.0
17.28
0.0
23.25
18.04
18.04
18.04
18.04
14.83
0.0
17.95
0.0
0.0
25.96
25.96
29.04
25.96
25.93
25.96
9.939
15.27
8.296
0.0
25.57
25.08
30.68
29.25
25.08
8.984
0.0
4.779
5.662
17.41
31.94
28.88
21.15
31.56
30.93
30.93
22.22
0.0
0.0
10.37
23.93
24.83
28.01
23.93
23.93
15.31
0.0
14.88
12.02
1.96e-06
33.03
35.73
35.55
36.15
35.55
35.55
14.95
0.0
5.436
17.98
26.06
22.33
29.76
26.09
26.09
0.0
6.036
1.132e-06
0.0
0.0
35.82
35.82
35.82
35.72
35.82
35.82
8.356
14.58
8.356
9.733
16.55
30.62
34.1
31.52
32.02
31.52
31.34
12.08
6.732
10.43
20.53
6.719
37.27
35.55
34.06
40.86
36.23
36.13
0.0
0.0
10.44
0.0
4.731e-07
24.3
25.69
25.69
25.69
25.69
25.69
11.44
0.0
15.09
26.6
25.27
33.67
28.44
22.31
22.31
15.11
0.0
0.0
0.0
28.68
28.68
29.09
28.68
28.68
4.811
5.735
13.07
0.0
6.344
47.39
43.92
43.09
43.16
44.02
43.92
1.147e-06
10.03
0.0
0.0
28.36
28.36
28.36
30.96
28.36
11.93
0.0
1.639e-06
4.775
0.0
9.041
8.863
15.38
8.863
8.863
8.863
9.534
34.7
8.568
0.0
20.66
23.52
24.64
46.31
23.52
0.0
0.0
9.42
25.54
17.18
30.82
29.04
27.63
27.63
23.73
27.63
17.16
0.0
1.114e-06
13.86
18.59
30.52
32.79
28.15
34.24
30.52
30.52
0.0
0.0
11.02
18.23
15.95
28.21
18.56
31.37
26.36
26.36
26.36
6.22
0.0
0.0
12.24
27.44
31.17
27.94
27.44
27.44
14.43
12.78
0.0
12.36
0.0
29.52
32.1
29.52
29.96
30.97
29.52
0.0
20.04
0.0
0.0
27.24
27.24
27.24
23.09
27.24
10.99
25.22
15.99
15.84
23.27
32.03
31.02
34.38
26.68
0.0
0.0
14.13
14.08
32.67
31.45
33.12
33.12
33.12
0.0
0.0
8.02
10.97
28.71
30.12
29.02
29.02
29.02
14.75
0.0
9.214
9.214
14.05
9.214
14.05
14.75
0.0
9.214
0.0
13.34
16.99
11.53
0.0
17.98
15.22
20.36
21.9
15.22
0.0
19.76
19.83
0.0
26.53
23.7
23.7
32.81
23.7
12.24
13.11
14.35
0.0
0.0
1.421e-06
26.63
26.63
26.63
25.53
25.03
27.97
26.63
5.542
17.52
16.5
0.0
17.22
30.93
29.12
29.07
29.81
28.25
29.12
1.189e-06
0.0
6.109e-07
9.046
13.29
26.47
28.02
26.29
26.29
26.29
26.29
7.711e-07
34.48
13.49
13.42
36.71
41.49
37.7
21.63
37.7
0.0
0.0
8.56
0.0
17.34
16.5
16.5
16.5
16.5
10.03
24.02
1.185e-06
0.0
2.638e-06
24.08
24.08
24.08
26.5
39.97
24.08
0.0
8.141
9.679
0.0
17.67
16.03
16.03
16.31
16.03
12.58
0.0
8.403
0.0
33.07
32.04
33.28
32.04
32.04
0.0
0.0
12.13
5.133
14.94
26.53
27.77
27.22
27.22
28.41
27.22
8.089
6.19
11.15
16.93
0.0
38.05
40.42
42.22
40.75
41.93
40.42
8.948
7.029
0.0
7.704
22.27
24.07
26.44
23.42
22.27
0.0
12.93
4.007
20.47
13.52
34.39
27.85
37.18
36.44
35.39
36.44
0.0
0.0
10.02
0.0
31.68
27.8
27.8
27.8
27.8
10.01
0.0
10.01
5.869
45.03
29.41
42.76
27.2
28.56
27.2
28.56
19.05
0.0
6.393
9.923
23.77
24.13
22.41
23.06
23.06
20.61
0.0
18.37
0.0
10.76
24.24
27.21
26.54
24.24
31.42
24.24
8.686
8.471
5.261
0.0
23.56
23.67
21.94
25.26
23.67
0.0
0.0
5.088
7.913
24.45
27.15
28.31
26.79
26.79
27.09
26.79
0.0
0.0
7.673
20.05
19.04
24.27
17.67
17.67
17.67
12.46
0.0
6.651
0.0
7.86
25.51
24.61
24.77
29.17
24.61
24.61
6.035e-07
13.86
10.19
0.0
22.15
19.73
19.73
24.09
19.73
0.0
16.56
1.725e-06
20.32
10.21
38.14
23.96
24.28
20.37
24.28
24.28
9.642
2.874e-06
4.291
25.97
28.4
34.93
25.8
28.06
28.06
10.52
0.0
2.103e-06
0.0
6.131
31.51
31.76
36.41
31.51
31.51
31.51
0.0
0.0
7.029
0.0
30.57
30.13
30.13
30.13
30.13
9.124
14.76
1.2e-06
0.0
0.0
32.72
32.72
32.85
32.49
32.72
32.72
0.0
17.46
7.901
0.0
21.64
19.54
19.54
31.57
19.54
8.988
0.0
0.0
0.0
27.23
27.23
27.32
27.23
27.23
14.77
9.334
2.386e-06
0.0
30.0
46.1
42.92
53.54
45.54
46.1
46.1
0.0
0.0
11.73
13.98
26.28
24.85
26.17
26.17
26.17
0.0
0.0
9.908
12.46
14.98
37.26
33.97
39.65
39.65
40.81
39.65
4.899e-07
25.13
1.077e-06
0.0
17.83
22.84
22.84
24.13
22.84
29.13
22.84
13.56
0.0
0.0
6.473
16.99
20.67
21.03
22.85
22.55
20.67
20.67
3.071
0.0
5.964
2.307
34.41
32.36
32.79
32.38
32.38
13.41
0.0
10.65
6.079
35.49
33.72
35.18
34.65
34.65
18.58
0.0
0.0
11.66
26.85
26.55
30.1
26.85
26.85
5.986
5.859
4.37
0.0
27.81
28.18
27.99
27.87
28.18
13.91
0.0
19.58
8.074
18.49
26.63
26.69
25.17
25.17
8.797
2.229
7.377
4.829
20.72
22.13
21.69
22.78
22.23
11.82
10.38
14.53
0.0
14.53
0.0
11.82
10.38
0.0
12.43
15.0
0.0
0.0
28.93
28.93
30.17
34.75
28.93
10.95
0.0
11.66
0.0
30.47
32.38
38.33
32.38
32.38
4.349
0.0
16.98
0.0
21.85
19.99
20.71
19.99
19.99
12.35
5.85
16.47
13.82
2.655
31.11
32.29
33.0
31.5
26.37
31.75
7.587
0.0
20.08
10.16
31.1
15.16
17.96
16.23
16.23
14.8
0.0
16.19
8.373
23.39
15.17
19.77
12.67
12.67
11.53
0.0
0.0
2.296
27.75
27.95
27.36
27.75
27.75
7.419
0.0
7.372
4.229
5.017
31.38
30.43
31.88
31.01
32.02
31.01
21.89
0.0
16.93
0.0
21.56
15.05
28.24
15.05
15.05
6.678
6.502
17.57
0.0
36.33
39.56
39.54
38.94
39.56
5.573
0.0
18.37
0.0
38.88
35.5
34.27
35.5
35.5
11.88
7.58
7.809
0.0
29.09
28.92
30.93
29.98
28.92
12.22
7.901
8.557
0.0
25.26
23.96
24.39
27.1
23.96
10.43
19.85
2.025e-06
5.906
6.784
23.68
23.32
24.13
30.2
25.5
25.5
5.728
15.09
8.059
8.861
26.9
27.71
25.08
27.84
24.88
12.25
4.591
20.03
0.0
17.33
25.16
24.85
33.57
31.41
26.35
24.85
10.25
0.0
7.532
13.47
27.22
26.16
30.53
27.99
27.99
9.073
5.179
15.46
6.181
30.87
31.92
29.99
33.57
33.58
7.46
8.592
5.904
0.0
37.43
35.22
31.66
35.87
35.22
18.41
15.62
15.04
8.566
17.73
18.06
24.05
20.12
14.63
10.51
0.0
6.557
0.0
30.15
30.29
30.8
30.29
30.29
0.0
0.0
19.25
6.834
29.94
26.38
26.5
26.5
26.5
4.919
10.81
10.9
9.198
14.11
19.57
16.63
17.52
16.8
27.54
8.218
3.618
10.01
45.09
40.7
45.75
46.82
45.08
9.341
21.81
10.28
7.396
11.76
13.15
16.3
29.83
16.88
5.83
15.11
8.358
5.209
31.42
31.74
30.45
36.1
31.5
14.36
19.67
19.5
9.473
24.95
19.99
14.99
20.68
18.64
14.48
14.3
16.05
5.984
27.59
23.43
23.43
25.54
21.88
7.453
0.0
14.51
15.57
41.91
27.59
36.41
36.11
36.11
10.91
6.617
5.457
0.0
41.98
42.52
44.59
42.64
42.52
11.45
8.946
17.36
17.45
27.71
26.44
31.48
26.49
26.99
8.251
12.59
15.75
6.767
23.31
26.31
27.1
31.41
26.83
17.44
10.64
0.0
30.6
34.97
26.97
34.97
27.73
5.468
15.7
7.031
39.53
37.58
28.86
39.78
38.29
9.015
0.0
9.259
21.82
35.24
39.41
34.47
34.81
34.81
8.294
19.16
8.684
4.176
36.63
31.82
33.27
33.37
31.88
11.47
6.796
14.05
11.34
27.19
23.94
20.13
18.23
18.46
15.64
14.33
10.74
0.0
20.03
20.6
20.8
20.53
20.6
16.92
16.33
13.79
0.0
31.8
29.19
32.7
28.16
29.19
16.53
3.229
15.31
8.057
23.7
15.79
20.32
14.67
15.02
5.182
8.96
11.05
0.0
34.65
33.28
33.88
32.6
33.28
17.18
18.53
11.67
19.75
27.0
29.98
25.56
29.51
25.39
8.987
3.229
11.52
7.497
14.85
15.32
17.62
16.45
15.96
5.599
8.624
15.24
18.93
31.96
28.35
32.32
33.11
31.18
7.419
0.0
7.267
4.532
24.8
24.51
22.28
23.63
23.63
5.175
16.34
8.333
6.711
19.93
23.83
23.64
30.47
23.82
9.242
14.33
0.0
5.511
27.56
26.19
27.02
29.79
27.56
10.57
0.0
14.78
7.812
42.15
39.36
39.43
40.75
40.75
12.53
13.66
12.03
5.431
27.18
29.02
28.82
27.88
28.73
19.24
0.0
10.53
8.167
25.99
23.56
27.36
24.45
24.45
9.321
6.31
11.03
0.0
23.41
18.61
22.03
19.13
18.61
10.41
0.0
7.152
6.264
35.43
36.33
33.85
35.91
35.91
18.41
9.778
22.11
0.0
27.38
21.32
29.77
19.13
21.32
5.546
10.2
20.44
0.0
34.39
34.88
35.56
34.82
34.88
6.029
15.5
10.05
4.63
21.15
27.66
28.04
32.19
27.33
4.294
10.14
10.2
6.777
21.55
21.71
22.24
22.33
21.57
15.04
17.28
4.755
12.25
21.01
17.86
14.3
17.19
20.38
11.66
0.0
1.289e-06
0.0
29.26
29.26
34.92
29.26
29.26
9.915
5.759
9.546
10.18
28.18
25.98
27.51
28.8
26.89
9.277
5.428
11.8
14.1
22.34
29.37
23.23
23.79
22.96
12.16
3.794
6.89
6.748
23.77
22.0
25.3
21.19
21.01
11.52
4.785
0.0
28.64
27.83
33.6
27.83
11.32
0.0
10.28
3.113
14.1
11.53
0.0
11.32
11.32
16.33
11.54
7.574
5.552
24.05
24.62
32.7
26.43
25.5
10.42
2.594
8.228
0.0
37.31
35.86
36.82
35.26
35.86
7.596
0.0
8.874
0.0
31.53
30.35
31.56
30.35
30.35
22.39
6.329
6.82
23.33
8.171
24.74
24.15
10.42
7.669
0.0
9.649
7.26
23.79
26.01
25.59
25.59
25.59
6.086
14.21
4.681
5.68
34.52
34.5
36.6
35.49
35.25
8.815
10.68
3.215
3.458
44.07
44.32
43.82
45.57
43.33
14.34
0.0
13.31
0.0
23.87
27.0
29.13
27.0
27.0
14.94
15.73
8.037
0.0
25.24
25.69
23.31
25.76
25.69
13.11
0.0
15.9
0.0
17.59
11.07
16.99
11.07
11.07
13.46
15.21
15.49
6.065
32.45
36.54
33.24
37.92
37.37
0.0
0.0
15.32
10.65
18.89
24.51
19.44
19.44
19.44
6.531
5.922
5.473
7.025
29.26
31.41
30.86
30.38
29.86
17.86
15.99
15.67
9.552
27.93
25.47
31.85
28.55
26.2
11.69
7.269
13.64
3.695
15.18
21.56
23.65
21.64
20.79
8.767
8.411
10.26
8.589
21.62
19.1
18.35
19.18
16.89
13.96
2.082e-06
14.32
0.0
31.6
24.4
26.69
24.4
24.4
19.8
9.616
14.93
4.209
21.07
22.63
23.26
25.5
22.57
19.33
21.66
8.345e-07
11.96
33.41
32.15
38.65
36.33
33.41
8.89
27.35
4.28
5.087
24.97
26.94
27.33
40.25
26.45
9.513
9.487
22.72
15.58
24.24
30.5
26.42
25.66
28.43
5.508
15.15
17.21
0.0
24.89
26.87
27.21
28.09
26.87
12.13
4.453
4.21e-07
0.0
29.02
29.02
29.5
28.61
29.02
1.024e-06
21.69
8.738
13.44
22.74
23.13
20.96
24.72
20.96
6.477
0.0
14.21
4.921
27.69
26.77
27.34
27.66
27.66
8.876
4.704
13.06
13.32
1.569e-06
28.12
29.51
29.87
33.49
29.98
29.87
18.59
0.0
18.14
13.38
27.46
31.86
30.41
27.75
27.75
6.772
19.26
9.98
0.0
16.55
20.4
17.3
20.0
20.4
21.22
19.46
5.36
3.869
26.14
26.26
19.52
20.17
26.33
8.732
0.0
13.43
4.034
35.79
35.59
35.31
34.55
34.55
15.18
0.0
17.11
0.0
25.85
25.16
28.72
25.16
25.16
13.98
0.0
0.0
2.608
20.23
20.37
27.32
20.23
20.23
4.822
4.637
5.792
0.0
31.13
31.01
30.8
31.24
31.01
9.098
0.0
10.66
3.128
21.58
23.63
23.34
23.72
23.72
17.94
0.0
7.83
0.0
24.25
22.25
21.81
22.25
22.25
15.94
0.0
8.706
14.24
8.706
14.24
15.94
0.0
0.0
6.542
10.12
11.25
0.0
21.21
18.47
20.36
21.84
18.47
16.63
14.36
17.84
0.0
29.3
18.85
15.24
26.08
18.85
11.59
0.0
6.923
0.0
34.69
33.95
34.08
33.95
33.95
0.0
0.0
11.42
0.0
29.16
24.85
24.85
24.85
24.85
14.62
6.057
11.66
18.19
28.36
28.69
21.16
25.13
24.1
11.69
13.11
5.262
4.227
25.63
26.45
30.65
32.05
26.24
23.61
6.733
23.79
0.0
25.03
30.93
19.93
31.58
30.93
9.199
9.669
12.84
0.0
29.56
25.3
23.77
23.17
25.3
14.61
15.21
0.0
14.21
9.064
16.39
16.44
16.37
9.064
8.83
5.198
10.08
4.526
26.2
31.31
28.61
28.51
29.66
15.46
5.242
10.72
7.194
26.64
29.18
29.13
29.09
28.87
0.0
6.843
6.938
5.432
33.31
34.61
33.31
33.68
33.31
5.933
0.0
8.092
2.889
0.0
8.165
9.534
8.092
8.092
4.657
8.092
3.903
0.0
20.98
22.3
23.62
22.83
22.3
22.02
10.69
17.92
8.035
13.32
24.63
17.95
29.89
25.07
13.25
2.825
13.84
6.394
30.88
32.01
31.47
29.78
30.05
10.79
3.867
14.98
8.51
48.03
49.33
47.54
47.76
47.41
16.99
0.0
14.05
0.0
27.84
31.99
32.9
31.99
31.99
5.715
5.69
0.0
5.666
27.97
29.43
29.67
27.45
27.97
19.85
0.0
20.05
8.308
38.54
31.63
30.51
30.46
30.46
22.81
9.55
13.91
0.0
21.67
17.51
19.55
15.39
17.51
8.612
6.07
8.31
0.0
37.45
34.6
36.08
35.22
34.6
10.71
12.61
0.0
6.524
32.62
33.7
31.26
31.7
32.62
10.41
5.739
9.201
8.461
22.38
18.51
17.11
21.18
19.78
13.05
6.377
14.34
6.339
27.02
28.03
32.9
31.45
29.79
0.0
4.738
0.0
0.0
19.32
19.32
19.32
19.24
19.32
11.62
8.1
8.895
4.342
29.7
30.51
31.71
30.14
30.68
12.93
0.0
27.19
13.6
34.3
20.29
17.68
21.41
21.41
9.262
5.914
2.678e-06
8.262
9.058
23.05
20.24
19.09
20.69
20.44
20.44
8.219
2.631
6.747
0.0
21.09
20.21
19.43
20.42
20.21
10.2
12.78
12.06
4.838
26.88
28.01
29.56
29.11
26.24
0.0
20.79
6.18
2.397
28.02
26.83
26.7
28.56
26.7
13.77
11.99
8.233
2.042
29.91
26.85
26.17
26.49
26.84
15.03
2.721
10.85
3.038
19.37
15.57
16.19
15.71
15.77
7.085
3.467
6.448
0.0
19.7
20.48
17.99
21.28
20.48
0.0
0.0
18.55
2.724
26.61
28.55
29.26
29.26
29.26
17.54
17.51
11.04
6.284
26.09
28.65
31.53
31.08
28.64
14.64
6.722
16.64
9.959
22.22
32.21
30.41
29.67
28.21
8.571
2.927
6.986
6.709
36.79
33.95
33.36
33.91
33.87
12.4
9.479
12.05
0.0
26.7
27.77
24.93
28.42
27.77
8.766
2.594
8.794
0.0
28.62
26.66
25.99
26.92
26.66
21.36
0.0
9.813
0.0
25.85
28.38
28.56
28.38
28.38
0.0
5.15
5.956
6.011
29.55
30.18
29.26
30.67
29.26
6.637
0.0
3.912e-07
6.188
10.13
11.51
9.178
10.13
10.13
0.0
0.0
13.58
0.0
14.49
12.94
12.94
12.94
12.94
14.64
8.64
4.386
4.249
35.0
35.12
33.99
33.89
34.31
0.0
0.0
0.0
6.582
28.56
26.5
28.56
28.56
28.56
9.592
7.254
5.146
15.7
13.17
22.98
15.08
14.35
12.92
24.5
0.0
9.652
8.963
28.96
26.64
37.72
28.29
28.29
9.559
8.158
14.45
0.0
30.01
24.48
26.18
26.38
24.48
6.16
5.217
12.24
0.0
30.34
29.37
29.96
29.74
29.37
14.43
5.219
11.87
8.455
28.66
28.25
32.44
28.4
28.02
19.92
0.0
15.51
5.316
33.23
33.07
25.55
31.49
31.49
15.48
5.01
24.61
0.0
33.21
40.98
43.97
38.51
40.98
15.45
6.835
13.9
0.0
13.86
20.65
23.63
21.01
20.65
5.09
4.93
8.649
6.428
34.92
33.63
32.9
33.25
32.76
11.02
12.03
0.0
5.135
40.42
39.29
38.44
41.01
40.42
5.649
0.0
7.467
4.753
26.57
26.54
27.18
26.38
26.38
7.311
6.395
24.46
0.0
38.67
32.95
33.94
33.17
32.95
13.8
13.03
9.348
6.382
17.23
14.03
18.77
21.89
15.59
5.396
5.276
10.87
5.804
24.88
24.0
25.18
24.88
24.35
11.16
0.0
13.68
0.0
27.9
26.13
31.48
26.13
26.13
0.0
12.36
0.0
0.0
32.76
32.76
32.76
32.95
32.76
10.36
0.0
18.92
23.12
33.81
38.94
28.22
32.07
32.07
14.79
14.08
0.0
10.13
0.0
28.77
29.22
28.97
29.74
29.22
29.22
17.61
0.0
9.189
0.0
20.9
17.28
16.69
17.28
17.28
6.726
10.93
11.11
3.942
34.46
35.26
33.56
33.09
34.61
0.0
6.158
20.11
18.97
29.63
32.51
29.62
29.51
29.62
12.65
2.018
5.713
6.979
35.96
35.01
40.77
36.72
36.17
7.706
0.0
4.627
6.105
34.85
34.29
34.24
34.55
34.55
14.65
19.78
10.46
6.748
38.38
38.44
41.62
38.88
37.88
10.79
13.26
26.77
0.0
38.05
30.48
32.16
30.83
30.48
6.496
0.0
8.438
9.691
17.99
17.66
21.13
19.5
19.5
14.28
16.52
12.21
7.331
31.91
35.88
35.42
30.2
33.73
11.71
19.52
7.892
13.73
24.97
24.52
25.88
29.0
25.04
10.61
5.935
12.78
0.0
27.49
30.76
24.99
31.7
30.76
17.85
12.18
0.0
10.37
22.33
22.82
16.36
22.8
22.33
15.99
14.23
0.0
7.464
38.75
39.76
43.45
39.98
38.75
0.0
0.0
10.72
7.416
8.868
26.55
24.49
26.23
26.23
26.43
26.23
0.0
8.668
21.05
0.0
29.0
30.54
30.54
30.5
30.54
15.25
6.779
9.445
12.02
28.34
22.99
24.92
28.42
27.28
8.753
9.251
26.65
12.79
29.1
21.65
20.58
20.19
18.3
11.62
16.57
18.75
0.0
24.61
26.87
25.09
23.43
26.87
22.47
18.17
11.61
5.398
37.07
39.32
37.93
37.73
38.69
8.168
13.0
15.0
7.097
22.02
28.7
28.0
27.17
25.57
9.109
5.132
11.13
7.911
22.67
22.05
21.71
20.72
19.07
13.17
20.43
17.66
20.31
22.12
22.05
24.32
26.88
18.06
23.49
17.17
9.521
6.792
34.39
37.42
39.76
35.96
37.37
10.88
0.0
9.789
1.768
30.83
27.82
24.55
28.07
28.07
3.853
0.0
5.625
16.95
22.52
22.64
23.86
22.76
22.76
10.71
0.0
0.0
10.35
14.5
10.58
9.388
14.5
14.5
14.23
11.2
8.841
11.29
47.7
44.34
45.67
44.07
44.54
13.45
11.21
14.85
5.971
30.65
27.24
32.14
29.07
28.08
5.606
0.0
0.0
4.91
1.261e-06
36.7
36.76
36.7
36.95
36.7
36.7
23.36
0.0
12.56
0.0
32.61
32.74
31.31
32.74
32.74
0.0
0.0
13.59
0.0
25.14
26.66
26.66
26.66
26.66
4.386
4.317
11.32
0.0
25.82
25.77
24.94
25.68
25.77
4.637
4.512
9.482
7.096
21.21
20.43
20.52
19.8
20.26
13.13
16.01
7.685
0.0
6.601
11.5
12.35
14.48
21.51
13.83
11.5
10.23
0.0
13.58
0.0
33.52
28.92
29.32
28.92
28.92
10.55
7.022
10.87
13.47
30.4
25.92
29.18
25.4
25.94
5.901
4.758
10.17
13.01
15.74
17.28
19.9
18.85
19.01
0.0
0.0
4.903
3.931
33.79
34.48
34.45
34.45
34.45
4.825
7.505
0.0
4.632
33.18
33.89
33.8
35.54
33.18
17.21
0.0
25.87
22.32
29.07
26.13
29.32
33.57
33.57
12.12
8.28
5.048
4.048
38.07
38.55
40.56
39.11
37.78
15.42
10.09
5.218
6.637
28.01
27.65
20.15
25.19
27.43
6.593
3.928
15.69
19.09
41.42
39.59
40.03
40.0
39.23
13.38
6.016
0.0
0.0
28.86
28.86
23.47
29.38
28.86
14.45
7.827
0.0
6.48
34.64
33.84
34.27
35.81
34.64
10.86
8.374
0.0
0.0
10.61
10.61
13.62
8.933
10.61
7.109
2.301
10.93
9.069
30.96
29.88
28.42
29.47
29.11
34.03
52.14
30.39
40.77
42.17
44.51
47.71
33.83
33.82
43.93
36.87
47.93
26.79
29.87
51.16
37.55
40.71
36.35
26.37
39.19
43.01
37.49
23.26
38.3
52.03
41.94
35.48
41.18
39.59
42.86
41.89
36.76
32.93
42.62
47.14
37.44
43.49
38.56
33.04
40.1
47.15
41.37
33.12
52.34
42.37
39.05
44.7
49.68
49.56
37.48
43.17
52.82
39.28
28.61
39.45
43.85
36.93
43.3
32.29
37.7
39.92
37.97
38.31
43.77
45.96
29.73
41.21
43.98
33.35
48.95
27.61
46.75
47.39
30.12
42.55
39.31
42.9
27.05
47.44
40.17
42.22
33.66
47.3
43.69
39.35
53.94
34.67
36.21
48.15
36.22
49.36
43.28
34.25
38.14
31.95
38.61
41.85
40.4
36.22
44.55
49.29
41.26
38.59
31.77
36.63
54.28
41.09
49.33
34.67
28.85
47.65
39.77
39.04
37.1
23.2
35.14
27.84
36.49
38.91
36.36
28.41
29.3
51.06
44.96
37.11
50.39
43.14
54.26
41.92
40.81
41.98
46.74
35.71
32.79
52.43
36.43
26.76
44.12
43.14
45.8
48.05
35.84
38.37
37.21
35.23
40.83
27.92
42.36
33.46
40.51
41.62
43.54
50.59
51.21
45.03
30.17
47.3
33.8
46.86
38.61
41.77
41.83
39.53
46.03
32.89
39.96
46.28
46.24
43.94
40.18
35.19
24.86
39.56
35.84
37.09
55.16
31.39
41.15
30.72
34.46
33.72
44.03
38.73
34.94
44.53
34.98
41.46
44.33
36.09
38.13
32.79
39.54
58.65
38.04
32.54
41.63
54.77
35.78
40.43
45.25
39.11
32.43
32.42
53.0
49.57
40.9
37.85
29.0
30.82
42.03
48.56
46.79
36.7
44.28
55.98
48.0
42.36
42.27
41.38
39.21
40.05
38.04
52.38
34.44
36.31
53.47
43.2
32.58
43.87
42.23
35.4
36.31
49.42
40.09
43.94
36.63
40.96
54.25
47.77
45.15
44.06
