3.708
2.844
1.739
0.7646
3.244
2.981
11.55
3.463
2.39
2.637
2.728
1.866
4.053
1.816
4.108
2.093
1.192
9.86
1.732
1.003
3.669
4.055
3.453
5.438
3.876
3.012
1.988
3.196
1.876
2.453
4.283
2.288
2.833
4.361
2.866
2.939
5.466
3.604
3.268
3.862
4.752
4.633
4.809
4.3
3.344
3.75
5.022
3.35
3.593
3.577
3.577
5.667
4.757
5.789
3.448
3.832
3.864
5.618
6.43
3.301
6.578
2.879
2.705
5.704
5.704
3.104
5.481
3.289
9.078
2.762
3.373
6.53
5.252
3.787
4.102
6.527
2.808
4.904
3.161
5.08
2.402
3.863
2.614
4.756
6.407
4.356
6.383
4.529
5.065
5.162
4.382
3.678
4.366
10.9
8.128
8.429
3.993
5.11
5.832
4.945
5.422
4.417
2.454
4.109
2.791
3.101
3.479
3.641
3.535
2.548
3.928
3.364
4.907
4.781
5.197
1.715
4.232
5.036
8.519
5.314
10.94
4.706
4.706
9.563
4.277
3.031
3.944
5.493
4.475
7.469
4.505
7.945
2.149
2.002
5.242
2.096
7.58
6.088
1.973
3.684
3.62
10.33
5.391
10.15
9.052
3.326
5.028
4.136
4.709
3.294
3.226
7.429
1.808
3.33
4.915
9.479
2.908
4.158
2.784
4.365
6.055
9.669
5.148
2.779
3.616
5.122
7.998
7.29
5.398
8.245
5.25
2.299
4.975
5.141
5.658
8.032
6.842
3.054
7.295
6.178
2.794
3.171
4.673
4.381
4.704
2.589
3.877
5.675
9.778
3.076
3.26
7.035
4.466
4.258
5.323
3.232
2.71
5.863
2.979
3.769
9.676
8.354
7.125
2.95
6.909
6.082
6.958
2.794
4.848
8.008
9.801
4.367
3.981
6.768
10.26
6.379
3.764
5.429
6.094
9.547
5.302
10.41
4.122
7.27
10.55
5.298
3.681
5.402
9.555
9.99
2.975
9.645
7.935
5.149
5.963
8.174
9.722
7.676
7.325
4.454
1.666
6.953
6.225
7.378
5.533
5.686
3.607
6.133
3.899
10.56
6.445
7.602
5.269
5.922
3.948
3.714
4.506
3.442
8.526
11.4
3.719
6.921
10.56
6.591
5.811
5.738
2.473
5.047
3.248
4.354
3.637
6.009
3.897
5.102
9.512
8.567
10.49
9.452
3.706
5.793
5.563
4.293
6.972
9.635
6.43
6.098
7.347
3.732
3.272
3.332
2.754
4.625
5.29
8.7
8.395
12.99
5.165
9.602
5.631
4.005
4.605
3.829
4.191
6.799
7.181
5.983
4.427
4.042
8.44
9.025
5.011
6.102
7.727
4.858
3.948
7.705
2.291
5.322
3.741
4.831
6.419
9.439
7.776
9.504
3.947
5.563
8.362
10.9
4.009
5.89
5.322
5.701
9.437
9.953
8.423
7.327
10.12
7.085
3.897
4.715
5.989
9.142
4.475
6.927
8.612
5.814
5.937
7.422
3.724
3.619
8.576
6.082
6.588
7.696
6.919
7.238
4.831
4.673
4.135
6.306
8.641
6.674
9.275
5.626
4.05
8.914
10.71
5.673
4.402
4.968
4.736
7.806
7.674
7.725
5.951
11.64
3.329
7.219
4.428
6.303
6.905
3.439
3.562
3.466
5.781
4.103
6.127
8.904
6.713
4.84
10.18
5.596
5.056
4.665
10.05
9.531
4.621
5.438
3.721
5.342
9.251
8.256
5.32
5.331
7.844
9.27
9.938
6.574
7.144
5.071
6.14
4.312
6.237
2.947
3.982
4.045
7.093
6.591
5.426
3.339
5.153
4.616
6.381
9.981
7.664
3.864
7.119
8.674
4.664
2.897
6.72
6.402
6.325
3.875
3.801
8.275
5.217
5.391
6.44
5.583
5.314
4.556
6.877
4.249
4.27
4.502
7.877
5.262
5.123
8.474
4.082
10.69
6.514
7.386
5.508
9.422
5.346
6.807
6.56
5.054
10.01
7.348
8.697
9.337
6.8
8.906
5.858
8.117
6.472
5.113
5.098
5.442
6.266
6.842
4.102
6.014
4.756
4.98
9.651
5.96
6.178
4.627
4.579
6.706
6.188
2.903
8.839
8.135
8.637
9.647
8.724
6.316
6.164
6.791
3.333
2.705
2.827
3.755
2.47
4.614
3.593
1.585
2.993
4.177
3.166
2.771
3.588
4.055
3.154
4.56
4.055
4.618
1.783
2.624
4.74
3.741
3.876
5.013
5.267
5.267
4.477
4.477
5.267
5.267
2.893
2.854
3.047
1.251
3.041
3.289
3.685
6.091
4.29
4.36
6.605
2.288
4.692
4.945
2.746
3.274
10.34
2.164
4.221
7.424
3.027
5.389
5.463
1.387
4.397
4.801
3.363
5.277
3.455
4.949
2.35
3.453
4.831
3.832
2.808
2.333
3.329
5.175
7.36
3.737
1.653
6.328
3.82
6.729
5.086
4.374
3.288
3.391
3.424
2.79
1.865
4.553
9.838
14.91
9.528
6.971
2.2
5.22
4.664
5.173
5.22
6.297
3.399
3.218
4.076
4.308
6.989
4.855
2.812
5.262
3.678
4.086
5.1
10.9
10.74
7.54
2.474
5.511
6.532
7.003
8.914
8.914
9.395
5.124
4.459
3.5
4.605
4.152
6.4
2.792
3.295
2.122
4.207
4.602
6.518
5.532
4.446
8.154
2.394
3.887
4.656
2.867
3.666
9.623
3.754
6.694
11.31
7.375
3.179
5.613
2.035
7.693
5.273
10.61
4.069
4.571
4.861
3.026
5.422
2.987
2.888
4.055
6.407
3.651
3.505
4.475
6.876
5.476
5.048
5.694
7.647
2.76
5.375
3.693
4.519
2.307
2.562
4.682
9.167
5.345
4.667
4.453
4.985
7.628
1.644
4.721
4.592
4.691
6.493
5.602
5.311
2.767
8.451
4.885
5.615
5.347
7.902
5.708
6.772
4.531
3.655
8.468
4.273
8.64
3.774
5.504
5.042
4.673
2.657
8.116
8.137
5.065
5.954
8.387
6.577
6.542
6.452
5.02
8.466
5.442
2.95
3.227
3.371
5.18
9.513
5.992
6.289
6.296
9.115
3.376
5.016
7.922
8.092
5.499
9.501
4.278
5.126
5.02
10.08
8.539
9.034
8.694
8.858
4.58
3.629
2.534
6.423
5.303
4.333
8.503
5.352
3.737
7.53
9.713
10.43
10.02
2.154
5.273
9.455
8.634
7.491
5.658
4.139
4.046
2.982
4.348
5.833
11.69
4.546
10.06
6.427
8.559
9.307
8.211
4.651
5.791
6.684
3.927
6.869
8.846
6.844
4.85
7.368
7.039
2.344
3.328
3.135
2.94
9.159
5.406
4.78
4.209
3.846
7.54
4.911
2.609
5.794
7.074
7.575
7.409
9.889
6.777
8.65
7.884
3.499
4.098
6.154
5.168
3.774
4.283
4.75
8.579
6.956
5.753
4.563
2.8
10.51
7.395
6.514
4.217
4.047
5.807
4.523
5.604
6.811
8.32
5.963
4.612
6.819
6.419
4.716
4.121
8.518
5.206
10.18
3.159
4.774
5.809
6.183
6.309
4.114
7.583
4.443
7.525
9.835
8.863
2.666
10.49
5.294
3.124
1.719
2.851
7.035
4.636
6.023
6.149
2.511
3.091
7.193
4.45
5.409
10.36
1.619
8.135
8.046
7.948
7.83
2.909
8.292
5.301
7.796
4.37
3.748
5.704
7.258
9.077
7.595
4.527
11.51
11.53
9.526
7.224
9.376
3.032
13.54
8.57
6.478
8.835
3.056
5.039
7.292
8.437
3.753
3.254
6.05
6.353
4.678
5.035
4.237
5.311
3.373
7.301
4.559
8.907
5.479
3.82
6.109
8.679
2.773
6.597
6.067
6.108
6.216
4.323
4.073
4.73
3.044
8.095
11.15
11.79
3.55
6.229
4.921
4.326
6.754
6.945
10.42
7.508
9.057
7.089
9.89
3.595
8.948
5.813
7.96
8.322
10.1
5.245
6.525
4.348
5.274
5.518
8.557
3.67
8.589
12.1
9.13
3.483
6.952
7.762
6.541
4.251
6.799
11.19
3.286
4.953
10.63
9.55
9.373
7.384
6.539
2.755
8.243
6.183
7.427
6.113
8.94
6.823
7.965
4.793
5.486
7.266
3.864
4.3
7.251
4.064
6.376
6.078
8.665
4.754
2.352
6.399
2.895
5.463
4.41
3.473
4.232
6.295
6.286
2.142
3.057
7.298
4.832
2.422
7.569
6.091
6.346
5.092
8.929
7.547
9.431
6.261
5.121
7.972
10.01
8.447
4.727
4.637
5.761
4.412
5.448
8.341
10.05
5.981
8.795
8.683
2.299
4.182
4.463
5.902
4.401
4.254
2.555
5.225
3.955
7.08
1.882
3.74
6.703
3.734
2.623
4.442
6.746
3.428
2.037
4.102
3.399
3.771
3.651
4.708
1.974
3.661
2.127
1.424
4.929
3.315
4.653
3.119
4.085
4.257
3.586
3.149
3.391
3.952
1.553
3.341
4.361
4.349
3.859
3.127
4.563
3.524
3.964
3.678
1.876
2.629
3.398
3.381
2.982
1.993
2.094
3.285
2.562
3.551
2.287
2.156
4.892
3.557
2.677
2.132
2.561
4.405
4.447
3.363
5.027
3.459
2.067
3.47
3.424
4.403
3.382
3.102
3.587
3.543
2.94
3.928
2.665
4.208
2.8
2.55
4.976
2.809
6.088
2.126
2.126
3.968
3.226
4.326
4.446
3.405
3.428
3.144
3.009
3.043
2.32
3.523
6.52
3.765
4.812
3.343
3.571
4.466
2.86
1.417
5.084
3.974
3.938
2.487
1.811
4.381
3.773
4.01
3.659
3.439
4.373
3.446
6.436
5.668
4.108
3.941
5.406
4.826
4.453
3.788
4.344
2.447
4.802
2.369
7.079
3.346
3.297
2.329
2.896
1.077
5.272
5.675
6.291
6.077
4.027
11.66
3.91
1.864
3.178
7.61
1.882
4.188
3.076
4.32
6.64
6.113
3.447
2.118
2.069
2.674
5.07
0.0
3.663
2.757
2.335
1.057
1.706
5.336
5.008
3.59
3.858
7.903
1.321
3.707
2.486
3.27
2.209
5.12
4.649
1.678
4.338
5.864
3.074
3.628
2.901
7.144
2.566
6.066
5.669
3.422
5.591
5.321
4.824
4.966
4.874
2.32
3.026
3.455
3.786
4.139
3.535
4.179
1.541
3.625
2.738
3.396
4.305
6.575
6.233
7.08
3.544
3.944
3.049
3.792
3.839
3.472
2.97
3.612
3.044
2.423
3.585
8.251
5.629
3.646
3.19
3.774
5.06
2.504
3.17
2.807
5.097
4.731
1.942
3.53
4.719
2.819
2.455
4.287
4.033
2.452
3.961
5.356
6.91
4.394
5.841
3.78
5.617
3.337
4.106
2.17
3.046
2.905
5.52
2.009
5.501
1.973
1.579
5.383
2.54
4.472
2.06
2.444
3.113
3.636
2.709
11.18
2.969
5.269
2.132
4.091
5.431
3.505
5.046
4.566
4.019
4.932
6.099
2.729
2.631
3.393
3.534
3.284
3.679
4.117
3.644
3.075
1.718
3.313
2.826
1.288
2.977
6.753
3.558
4.525
2.922
3.126
5.99
2.426
6.697
2.511
2.059
5.05
3.873
4.598
2.763
3.141
4.578
4.18
5.123
2.416
6.311
2.32
2.329
3.376
6.946
4.034
4.243
3.84
3.068
4.681
5.651
3.096
1.96
2.143
5.24
5.312
1.598
5.896
5.869
2.52
1.538
2.615
3.529
3.156
3.035
0.2823
5.45
4.205
3.163
3.357
3.661
3.94
1.453
3.117
2.881
1.95
5.298
5.345
3.491
2.507
5.377
3.617
3.596
8.471
1.686
6.691
2.615
2.986
2.569
4.046
2.512
3.182
3.865
4.108
3.686
4.257
4.448
2.978
2.412
2.599
3.128
3.91
1.759
1.681
5.787
2.464
3.492
2.259
3.583
4.279
3.386
4.818
5.346
3.246
6.266
2.259
4.188
6.252
2.726
2.671
3.829
2.014
3.495
1.84
3.466
3.217
2.251
1.835
2.611
5.414
1.898
2.449
4.376
2.94
2.707
2.271
4.148
1.811
2.5
2.325
5.844
1.947
4.566
3.406
3.3
3.702
5.35
3.175
4.679
1.722
2.178
2.972
0.7577
4.156
6.474
1.422
5.005
5.24
4.289
3.578
2.514
1.978
5.828
4.288
5.629
1.607
3.927
3.162
3.097
2.538
1.741
3.842
2.03
2.83
2.634
4.379
9.003
2.765
4.608
7.084
3.284
1.087
1.291
2.281
5.933
1.802
4.45
5.098
2.982
2.177
1.767
3.355
3.55
2.791
4.02
2.689
2.241
4.276
1.68
3.469
2.993
1.65
4.814
2.72
1.927
2.51
6.467
5.089
2.545
3.235
3.049
3.67
3.487
5.551
3.505
4.47
3.6
4.108
2.948
3.021
3.673
1.961
3.704
3.125
4.586
4.391
3.058
3.067
3.177
3.178
7.296
2.491
1.626
3.178
4.718
1.263
3.362
3.332
2.141
5.419
3.377
2.188
4.391
3.235
1.527
5.861
5.696
3.773
2.636
3.269
3.312
3.568
4.905
4.698
6.425
2.846
0.1767
2.145
2.544
1.94
1.941
3.778
1.809
2.525
3.234
3.814
2.696
4.094
4.583
3.13
1.196
5.271
1.662
5.207
2.616
2.143
4.977
1.885
4.052
2.375
5.055
3.191
3.108
1.906
8.241
3.696
3.007
1.721
3.798
1.783
2.245
4.925
3.149
3.49
2.246
1.863
3.955
4.011
2.298
4.964
6.926
4.866
1.966
3.263
4.037
3.01
3.011
4.249
3.947
2.269
7.253
3.472
3.96
6.432
3.107e-07
5.178
4.324
2.064
1.771
5.5
3.491
3.93
3.843
3.392
5.997
2.98
2.921
3.064
6.528
2.192
3.405
5.377
4.052
4.269
4.245
5.673
2.462
3.51
3.073
2.333
3.616e-07
4.596
3.01
3.131
1.595
2.0
1.21
4.881
4.73
3.772
5.081
2.713
3.972
4.078
3.41
2.518
3.15
5.188
3.396
3.153
3.698
3.636
5.671
2.494
5.367
2.23
3.78
2.245
5.257
4.172
2.99
2.495
5.11
2.413
2.649
1.957
3.342
2.141
3.546
3.925
5.474
2.629
3.599
4.905
2.94
3.785
2.669
1.032
4.316
3.258
1.902
2.738
3.555
5.734
4.14
4.701
6.292
2.082
3.113
3.291
2.978
2.676
3.535
2.913
2.698
3.914
5.469
2.167
3.191
4.239
1.729
3.734
1.442
3.256
1.49
1.461
3.255
3.617
2.833
4.554
3.012
4.235
2.756
1.992
6.684
4.994
3.101
3.254
4.19
3.578
3.461
5.712
4.943
5.805
2.932
1.658
3.495
1.774
3.839
2.69
4.978
2.765
2.064
2.743
11.83
3.481
3.939
3.366
4.325
3.465
6.829
3.902
3.702
1.526
4.797
3.847
4.366
3.157
1.764
2.163
1.156
4.994
5.025
2.324
2.547
3.32
3.118
2.344
3.529
4.013
2.858
3.883
4.509
3.497
3.431
6.323
3.427
6.817
3.695
2.546
1.825
2.016
4.442
4.013
4.178
3.785
4.653
3.008
2.775
6.555
4.133
5.05
4.033
3.501
3.411
2.319
2.835
5.008
5.506
4.703
3.199
3.678
4.263
2.476
2.197
4.604
2.338
4.243
3.72
3.501
3.416
7.302
3.811
2.277
2.853
3.039
2.839
2.479
3.622
4.329
1.543
2.285
4.293
3.735
2.512
4.001
3.564
2.675
3.125
4.832
1.269
7.108
2.662
2.529
2.72
3.209
3.016
5.144
5.254
3.14
3.473
2.518
2.29
3.338
3.514
3.568
3.533
1.521
3.683
2.585
1.956
2.55
3.85
2.091
3.492
3.855
3.059
5.573
2.357
2.713
4.118
1.236
3.953
1.577
2.841
1.317
2.412
2.347
4.659
5.9
1.985
2.922
5.161
1.949
4.235
2.959
4.778
2.955
1.639
3.539
2.941
5.321
2.755
4.56
4.99
3.623
3.256
5.215
5.228
5.641
3.485
4.518
2.321
3.766
4.379
1.898
4.909
2.715
2.462
3.154
4.522
3.666
1.746
2.276
3.858
4.188
3.578
2.128
3.322
2.372
3.841
5.696
3.724
4.58
1.688
3.876
1.874
3.95
4.512
2.156
6.411
3.703
3.542
3.938
4.753
2.097
4.038
2.688
3.18
2.521
3.455
2.268
2.357
1.533
10.74
4.569
4.67
3.447
2.501
3.647
4.125
3.0
2.997
3.315
4.595
2.329
2.41
2.584
3.155
1.31
4.795
3.744
2.437
5.904
5.253
2.286
2.661
3.646
1.793
2.787
4.657
9.045
4.31
4.145
4.321
6.434
1.363
5.441
1.921
2.414
3.817
5.644
2.8
4.57
1.279
3.999
3.117
4.623
3.763
3.762
9.578
2.963
2.505
2.517
2.576
3.227
1.66
3.748
5.189
4.271
3.212
3.636
4.894
7.812
2.15
1.666
2.684
2.435
2.711
4.114
4.292
1.127
3.527
1.536
6.468
5.401
3.386
4.822
3.426
9.958
2.066
1.802
3.684
1.288
2.851
4.506
3.687
3.307
3.899
5.252
4.669
3.555
1.902
8.254
3.674
4.16
3.309
3.266
2.941
5.485
3.538
3.036
2.945
5.177
5.553
13.57
2.464
2.074
0.0
2.372
0.0
3.991
4.636
1.377
3.849
3.412
0.6645
3.102
2.258
2.67
2.777
2.929
1.53
1.971
5.198
4.494
2.869
2.274
6.434
3.25
1.284
2.754
3.078
3.856
7.999
3.537
1.743
4.661
6.017
2.899
1.535
3.8
2.126
6.616
8.713
2.677
13.44
4.487
3.884
7.704
3.584
4.284
1.53
2.969
7.024
0.9545
4.546
2.376
12.02
3.844
3.405
1.065
2.723
3.279
5.055
4.178
2.795
0.0
1.602
3.0
1.835
7.022
2.904
3.173
7.354
2.647
2.954
4.871
10.91
1.929
1.64
2.735
3.255
4.519
4.689
2.04
5.834
6.818
2.899
2.982
3.727
4.311
3.237
2.995
5.176
2.225
2.739
3.647
2.205
1.476
1.628
5.0
5.783
3.541
2.379
3.603
2.514
3.559
2.607
4.13
6.419
1.898
4.215
3.99
3.152
1.94
3.32
1.613
1.842
3.984
2.39
3.705
4.584
4.284
4.386
3.844
2.928
1.185
3.409
3.917
2.483
6.119
3.261
1.93
5.183
4.077
4.315
3.208
5.45
2.102
2.145
3.579
1.137
3.361
2.529
2.585
4.306
10.91
1.31
4.552
4.399
4.295
6.414
7.41
2.402
5.075
5.712
1.344
2.169
2.334
2.441
3.908
4.636
1.799
1.948
2.511
2.357
2.937
3.115
1.922
3.608
3.762
2.914
3.892
7.223
1.328
5.109
2.931
2.452
2.497
1.615
2.418
4.686
6.722
1.924
4.621
3.144
3.477
3.029
2.352
1.477
4.47
2.505
1.35
2.377
6.249
32.52
2.122
1.745
0.0
5.852
3.675
5.082
6.945
4.417
2.547
2.398
2.428
0.9961
4.809
2.511
1.291
5.118
2.724
2.562
1.949
2.725
2.158
4.977
3.355
6.407
9.912
7.024
2.028
3.928
3.643
2.878
4.1
4.945
2.357
4.143
2.727
1.346
3.537
3.448
1.785
2.615
2.127
0.6645
3.272
2.579
1.118
3.021
3.493
2.547
2.834
3.697
4.304
3.907
5.05
4.354
5.09
2.735
2.609
2.109
6.391
1.569
4.584
2.944
0.9224
4.498
3.931
3.834
3.537
2.401
1.202
4.228
4.762
2.48
2.66
1.796
3.174
3.465
5.7
1.112
3.261
4.927
2.829
2.68
2.188
5.701
4.616
2.792
2.431
4.643
2.292
2.357
2.379
2.585
0.0
3.623
2.516
4.93
3.09
3.836
4.666
2.802
3.185
4.441
2.586
2.095
1.461
4.63
1.898
2.312
4.815
4.523
2.507
2.323
2.174
2.102
4.413
5.636
1.663
3.323
5.873
1.351
3.61
5.991
5.245
4.105
6.443
2.34
2.808
5.7
1.282
3.335
3.625
4.431
3.324
2.488
4.25
3.426
5.991
4.871
3.342
1.989
4.172
1.733
1.405
5.183
3.534
2.48
5.392
3.54
12.02
2.691
3.583
2.575
7.429
3.976
1.234
3.335
2.253
1.489
2.039
8.37
2.297
2.476
1.309
1.832
6.925
1.58
2.653
6.674
2.617
3.506
2.593
3.189
12.02
3.021
5.107
2.754
3.16
2.294
1.713
4.331
2.127
1.695
2.314
1.955
1.261
4.86
4.753
1.875
4.912
1.867
3.126
2.255
2.496
1.145
2.504
3.407
0.0
2.503
6.592
1.802
4.242
3.252
2.452
3.136
1.381
1.44
4.251
3.894
3.256
3.515
5.137
2.039
3.335
2.127
1.693
5.852
4.46
2.914
8.731
2.516
2.452
2.632
4.816
4.717
3.305
2.032
2.525
2.403
2.35
1.461
3.441
1.789
1.345
5.003
2.918
5.074
2.398
5.326
1.467
3.281
5.572
1.176
3.937
1.745
2.102
5.416
14.21
3.048
3.514
4.118
3.459
2.892
2.415
2.017
4.28
1.808
2.427
0.6431
2.039
1.119
2.457
1.369
1.236
1.978
2.033
2.318
1.113
0.8827
0.7561
2.971
1.466
1.79
2.217
0.5868
1.496
1.902
1.266
1.202
0.4129
1.652
0.6907
2.353
0.9257
1.413
1.055
0.7452
1.304
2.913
1.212
1.59
2.876
1.389
2.694
1.46
1.282
2.313
1.356
1.054
3.732
1.961
2.383
1.204
1.088
0.9539
1.268
0.901
0.4838
0.5577
1.878
1.233
1.555
1.018
0.8668
1.79
1.414
1.292
1.043
1.894
1.259
1.666
1.204
2.26
2.748
2.174
1.131
1.204
1.33
1.52
1.522
1.054
1.063
0.5228
1.923
1.624
1.728
1.423
0.5943
2.723
0.9685
1.856
2.803
0.8998
0.8241
1.254
2.121
0.9628
2.208
0.9893
0.9946
1.07
1.575
0.9555
3.394
1.116
1.805
3.165
1.225
1.767
0.7183
2.078
1.464
2.603
1.973
2.31
2.178
1.728
0.8241
0.9142
1.191
1.567
1.739
1.014
1.82
1.677
2.148
1.437
1.413
1.312
2.638
1.314
1.55
1.688
1.478
1.141
1.122
2.482
1.179
2.095
2.171
1.272
1.028
1.766
1.024
2.041
0.4681
1.828
1.555
1.179
1.511
1.112
1.651
1.162
1.162
2.284
1.251
2.339
2.044
1.058
1.881
1.687
3.724
1.044
1.64
1.317
1.358
2.226
0.5684
1.815
2.062
0.942
1.233
0.7523
1.683
1.611
1.331
1.005
1.362
1.124
1.187
1.53
1.113
1.307
1.714
2.257
1.348
0.8047
0.9225
1.651
2.058
1.799
1.089
0.8772
0.8913
1.124
1.283
0.5803
1.265
1.418
1.644
1.651
2.121
0.5923
1.676
1.879
1.73
1.824
2.222
2.416
0.6909
2.945
2.676
1.269
0.7846
1.886
1.765
2.341
0.8766
1.358
1.411
2.142e-07
0.6022
1.18
2.503
2.544
1.372
1.655
2.338
0.9941
1.414
1.39
1.77
0.9725
2.199
1.258
1.677
3.096
2.149
0.8763
1.316
2.073
2.227
1.862
1.951
1.968
1.332
1.261
1.703
1.108
1.734
2.03
2.188
1.271
0.8051
2.985
1.459
1.181
0.9874
1.355
1.113
2.402
2.51
1.017
2.439
1.805
2.021
1.293
2.21
1.934
1.589
0.9735
1.288
4.171
2.809
0.7778
1.448
2.074
1.776
2.114
2.289
1.783
1.053
1.823
1.319
1.491
1.693
1.339
1.664
2.105
1.507
2.201
1.077
0.9578
1.759
3.42
1.351
1.096
2.281
1.23
2.425
0.9853
1.226
1.371
2.394
0.9598
3.474
1.355
1.638
1.388
2.353
0.5873
1.266
2.12
2.111
0.6438
1.821
2.87
1.957
0.9604
2.287
0.8924
0.4455
1.247
1.151
1.713
1.091
1.552
1.146
1.231
1.098
1.094
2.23
1.335
0.9061
1.905
1.884
2.643
2.328
1.536
0.9637
1.692
1.199
2.039
1.206
0.7742
1.642
1.588
2.536
1.757
0.7497
1.263
1.812
1.549
1.794
1.331
3.469
1.704
1.005
1.121
1.28
0.8392
1.768
2.476
1.173
1.044
1.014
2.681
0.8769
1.044
1.077
1.598
1.402
2.06
1.103
4.163
2.037
1.403
0.9107
1.374
1.102
1.582
1.024
1.818
0.9276
1.14
1.882
2.579
1.935
1.04
1.977
1.297
1.161
1.435
1.27
3.853
3.183
1.082
1.885
3.05
0.4618
1.231
1.471
0.9643
0.991
2.42
2.568
1.058
1.396
1.237
1.457
3.257
1.524
1.281
1.275
2.057
1.804
1.92
0.6655
1.454
0.7461
1.026
2.299
1.227
2.175
0.9353
1.751
1.99
1.061
1.58
2.248
2.4
1.216
1.891
1.387
1.132
1.661
1.531
3.557
1.989
3.351
1.925
0.8763
1.581
1.633
2.323
3.731
0.8069
1.717
2.318
0.8815
1.475
2.237
0.9448
1.044
1.642
2.789
1.532
1.071
1.492
1.277
3.238
2.465
1.295
1.217
1.079
1.044
1.394
2.217
2.066
1.19
1.294
1.463
1.474
1.243
0.8824
1.858
1.648
2.449
1.459
1.154
1.157
2.936
2.443
2.342
0.8094
1.405
1.157
1.976
0.9555
2.343
0.7418
1.122
0.9248
2.0
1.602
0.8122
1.981
1.967
2.872
2.3
1.104
1.817
2.937
1.882
1.866
0.7836
2.304
1.668
0.9336
1.934
1.914
1.722
1.871
1.373
1.059
0.7515
0.6907
0.2812
1.712
1.203
1.777
0.8406
1.898
2.603
0.899
1.387
2.022
0.7707
1.435
1.05
0.6895
1.224
2.846
1.958
1.767
1.195
1.213
1.494
1.38
1.097
1.414
1.028
0.8015
1.09
0.5986
1.14
1.773
2.427
1.295
1.476
1.247
1.287
1.175
2.644
2.002
1.07
1.2
1.018
0.4474
2.546
1.038
1.493
1.529
2.852
0.7618
1.116
2.368
1.439
1.736
1.716
0.8525
1.745
0.654
0.8813
1.023
2.628
2.124
1.794
0.699
2.784
1.562
0.7646
1.303
1.141
1.865
1.004
0.7569
1.684
1.52
1.338
1.62
0.7371
1.303
2.59
2.285
1.175
2.555
1.887
2.567
1.576
1.024
3.296
1.117
1.037
1.425
1.291
1.276
1.683
0.923
0.8086
1.697
1.599
1.208
0.8999
0.7267
0.3117
1.783
1.515
2.562
2.593
1.555
0.994
0.9824
1.037
1.331
0.7627
1.999
1.905
1.491
0.6128
1.713
2.544
2.396
0.709
1.893
0.9797
1.093
1.373
1.597
1.35
2.342
1.747
0.9081
3.935
2.232
2.895
1.288
2.757
1.661
1.206
1.504
1.382
1.034
1.407
2.119
0.8506
1.199
1.779
1.398
0.9001
0.9748
2.172
1.792
0.6922
1.455
1.374
1.072
1.652
1.195
1.191
1.335
1.056
0.8648
0.3643
0.8816
1.178
2.775
1.28
1.227
1.078
1.633
1.402
1.734
0.8093
1.768
1.261
1.534
2.315
0.5315
2.121
0.8708
0.8213
1.71
1.674
1.066
1.134
2.94
2.083
0.9461
1.322
2.17
1.403
1.034
2.733
1.289
0.9745
1.428
1.439
1.145
3.163
1.599
0.96
1.141
0.9513
1.639
1.313
2.411
0.7302
2.26
1.47
1.678
1.306
2.612
1.311
2.109
2.382
2.265
2.434
1.097
1.751
2.108
1.05
2.219
2.521
2.049
1.298
0.8653
0.7082
1.777
1.781
2.061
1.543
1.688
1.366
0.7793
1.205
3.346
1.27
2.124
2.535
2.144
4.805
1.757
1.658
1.256
1.087
1.52
1.674
2.361
0.8781
1.214
1.582
2.489
1.735
1.206
2.384
2.04
1.006
1.576
0.4193
2.562
1.717
0.6006
2.273
2.04
2.367
1.687
0.351
0.7817
2.991
3.057
1.949
2.255
1.172
1.963
1.075
0.0
1.25
1.124
0.9435
0.9746
0.9085
1.701
1.908
2.091
1.22
2.125
0.7119
2.488
1.211
1.082
0.8457
2.219
0.7151
1.429
1.469
0.9609
1.075
2.439
1.222
1.123
1.262
4.661
2.171
1.2
1.132
2.065
2.62
1.745
1.307
2.767
1.054
1.013
0.6508
1.181
1.582
1.15
1.135
1.905
2.928
0.9563
1.018
1.09
1.811
0.9633
1.648
1.867
1.492
1.637
2.093
1.506
1.616
1.88
1.763
1.739
2.444
1.88
2.416
2.234
1.571
2.087
1.694
1.439
1.15
1.761
1.039
0.8652
2.244
3.021
2.22
2.861
1.416
0.3066
0.7864
1.028
1.322
0.7465
1.382
2.308
0.9172
0.7817
1.607
0.6686
1.637
1.795
1.405
1.443
1.756
1.541
1.666
1.997
1.659
0.9995
1.005
0.8082
2.279
1.141
0.97
0.9772
0.8671
1.12
1.204
1.227
0.5378
2.1
2.985
1.411
2.055
0.7502
2.907
1.182
0.9834
1.657
1.348
2.105
1.434
2.689
1.499
1.736
1.312
1.598
1.106
1.356
0.9314
1.414
1.658
1.569
2.145
2.374
2.819
1.015
1.969
1.657
1.909
1.009
1.701
0.6463
2.2
1.735
1.105
1.644
0.8179
1.841
1.053
1.837
1.242
1.332
1.255
1.996
1.449
1.93
1.449
2.588
2.521
1.305
1.716
1.06
0.96
0.8175
3.258
0.7982
1.878
1.691
2.043
1.898
2.364
1.436
2.68
1.146
1.032
0.8407
1.317
1.565
1.512
0.6147
2.636
1.238
2.493
1.242
2.248
2.127
1.198
0.7562
1.162
1.604
1.123
1.884
3.584
0.956
2.416
0.6983
1.029
0.6438
1.341
1.476
3.084
0.775
1.044
0.913
0.9745
2.366
1.938
3.425
0.6104
1.492
1.336
0.9991
0.8569
2.472
2.824
0.99
0.8459
2.379
1.936
1.833
2.24
5.177
2.336
3.995
2.085
1.996
1.096
0.9221
1.514
1.923
1.736
1.039
2.254
4.261
1.151
1.231
2.727
1.492
0.4248
2.394
1.238
1.247
3.081
1.542
0.9948
1.977
1.638
1.922
2.969
2.104
1.119
2.194
1.935
0.9661
2.792
3.506
1.829
4.496
1.573
0.9242
2.944
1.215
1.241
0.7998
1.58
1.352
3.258
4.648
1.123
1.87
4.058
2.139
2.6
2.686
1.382
4.286
0.6527
0.9181
2.554
2.656
2.856
2.273
1.361
3.753
2.026
2.172
0.9181
2.54
2.714
0.9947
5.476
1.097
5.632
1.679
3.018
1.346
5.193
1.06
2.818
2.676
2.253
1.226
1.957
1.127
2.127
2.377
1.871
0.8303
4.734
1.516
1.903
2.337
2.264
0.9974
2.485
0.7183
1.492
7.856
0.7762
1.589
5.026
1.421
1.637
2.102
5.746
1.964
1.067
2.23
0.9465
2.945
3.05
0.5922
0.8395
1.426
0.8883
0.7971
0.8394
3.015
2.046
1.193
1.89
1.943
2.367
0.545
8.771
2.289
3.335
2.063
2.551
1.197
1.549
2.127
1.848
2.23
2.435
0.9182
1.184
0.62
2.005
1.503
3.013
0.7946
1.318
6.386
1.393
3.45
1.031
6.489
4.631
0.868
0.6854
1.908
1.124
1.741
3.129
3.634
0.4393
1.758
1.643
1.042
4.487
4.103
0.914
1.672
2.788
5.76
3.459
1.779
0.8048
2.099
1.308
1.045
1.255
2.809
0.6636
3.258
1.588
1.02
2.129
0.8547
0.6388
3.649
2.824
0.6722
2.634
4.862
1.758
1.436
1.399
3.65
2.868
1.034
0.6565
3.598
0.7704
1.448
13.05
2.927
0.7814
2.656
1.269
1.086
4.679
1.408
1.072
1.56
2.019
1.155
2.636
1.035
1.373
3.636
1.084
3.308
2.362
1.965
2.188
2.289
1.245
1.183
2.854
1.057
1.298
7.315
0.9951
0.5158
2.046
2.058
1.07
5.932
2.022
0.4159
1.2
1.213
0.9838
3.09
1.505
1.384
1.819
3.064
2.892
3.817
2.593
1.217
1.568
0.8663
0.5824
2.835
6.106
2.318
2.067
2.161
2.192
1.504
0.6516
2.659
2.753
2.914
7.336
1.228
2.952
2.933
1.645
1.716
1.065
1.998
5.0
4.533
1.342
4.8
1.037
1.989
1.182
3.409
0.9388
1.598
3.074
4.453
4.191
4.056
1.235
2.124
4.95
4.524
0.9062
1.537
1.401
0.9825
0.739
2.862
5.378
1.364
1.35
2.033
0.8531
2.437
3.225
1.498
3.124
3.749
4.842
3.888
1.599
3.229
3.405
4.196
3.667
3.011
5.29
5.311
4.345
3.908
4.065
3.497
2.531
6.202
3.329
5.016
4.735
1.298
2.216
3.851
5.157
3.879
2.793
5.333
5.789
4.274
2.531
3.1
3.56
3.893
2.938
4.482
6.406
3.389
2.797
4.625
4.258
3.976
2.535
4.32
3.856
3.571
6.441
5.289
2.88
2.874
0.8509
7.427
1.267
5.263
4.588
3.021
2.282
4.724
5.799
2.121
7.2
4.597
4.328
5.654
6.674
5.568
7.275
8.562
6.167
4.293
2.618
4.539
3.869
3.734
4.777
2.327
5.514
3.685
3.624
1.986
3.987
2.046
5.138
7.736
1.868
2.926
4.965
5.175
5.723
4.959
3.583
6.293
1.749
3.894
3.452
4.399
4.563
3.357
3.051
4.786
5.431
3.743
3.056
1.512
1.865
5.052
5.185
3.179
4.133
3.994
6.122
1.997
1.338
1.682
5.5
2.261
2.297
4.387
4.366
2.974
4.474
0.0
6.963
2.426
2.901
4.359
2.481
2.898
1.751
2.319
3.371
3.373
2.27
2.44
1.212
4.108
5.945
4.357
3.759
2.229
3.522
5.943
5.514
5.498
3.0
4.634
3.261
1.926
4.848
4.273
7.318
2.918
2.358
5.52
5.306
5.656
5.102
5.125
5.544
4.558
4.884
7.044
6.405
5.233
3.288
1.72
4.685
5.284
9.485
3.616
6.095
3.718
2.546
3.064
2.92
2.704
3.493
5.436
4.162
3.491
4.559
3.058
3.709
2.09
1.402
4.642
4.901
2.57
2.555
2.312
3.479
4.929
2.187
2.975
4.478
4.589
2.593
5.373
3.531
0.0
7.243
1.741
3.383
7.971
3.793
3.054
8.371
3.712
5.018
4.915
3.845
1.307
4.408
4.741
2.477
2.87
2.021
3.804
2.94
4.664
4.112
5.562
3.498
0.7866
5.972
5.978
1.46
3.206
3.761
5.628
2.373
7.171
4.688
4.727
5.488
3.942
3.296
1.408
5.922
3.681
5.877
6.509
3.906
3.615
3.147
5.167
0.0
3.873
4.9
1.891
3.04
4.057
5.786
5.143
3.444
2.546
5.593
4.846
1.915
2.353
2.6
5.202
4.321
2.162
3.676
6.097
2.21
5.721
3.943
3.913
2.771
2.166
6.961
3.776
2.371
2.756
3.241
3.419
2.285
8.086
3.924
5.034
4.146
4.368
4.1
3.648
3.096
3.692
4.372
2.53
4.429
6.778
5.608
3.09
2.515
1.761
3.814
1.696
3.127
3.348
2.486
4.228
5.539
2.973
6.698
6.88
2.185
2.799
3.339
7.06
2.557
3.171
1.656
5.969
3.851
1.833
5.404
5.209
4.54
3.922
3.003
2.605
6.458
3.285
4.316
1.891
3.598
4.662
4.034
2.437
3.11
3.755
3.256
3.909
2.149
5.618
2.917
3.137
6.274
5.117
5.221
6.826
5.082
5.702
3.952
1.804
4.14
4.059
2.902
3.083
3.783
5.429
3.988
3.167
6.119
2.432
4.434
3.266
2.275
2.592
3.846
3.397
2.1
2.3
3.909
4.535
4.206
3.502
5.396
5.154
1.716
2.732
5.225
3.477
2.627
5.408
3.526
4.115
3.406
3.636
2.81
5.245
3.302
2.813
2.185
1.706
3.237
4.234
6.362
2.786
4.63
2.021
3.54
2.222
3.667
5.479
2.727
3.326
2.358
3.676
3.846
0.0
4.476
2.229
3.818
3.067
4.575
2.936
1.931
4.122
3.841
4.743
3.867
3.596
5.399
1.493
5.059
1.744
4.652
4.275
1.367
1.475
2.629
4.537
4.523
3.876
5.632
4.183
2.708
3.771
1.261
4.05
2.404
4.372
3.774
6.004
4.376
5.25
4.945
4.283
3.619
3.483
2.71
3.672
5.198
5.301
2.854
5.784
4.259
4.122
2.841
3.991
2.916
7.777
4.022
7.167
2.42
1.727
5.563
6.502
2.027
3.376
4.663
5.014
4.909
6.827
3.495
3.977
3.294
4.946
5.364
4.053
5.508
2.642
1.758
3.405
2.786
9.979
4.488
3.566
4.082
1.817
4.194
2.369
1.913
3.895
1.791
2.627
4.645
4.552
4.764
3.88
5.124
3.733
3.745
2.513
3.374
2.283
3.952
2.839
3.017
4.772
5.156
3.407
5.582
2.512
4.588
2.304
2.628
2.452
2.753
1.711
4.33
2.5
3.147
8.152
1.345
2.656
4.946
4.366
4.095
5.329
2.432
5.119
4.047
4.943
6.009
1.918
4.39
5.218
3.247
3.742
2.886
3.423
4.678
5.588
2.996
3.121
2.92
3.535
5.406
5.761
4.805
3.46
5.04
6.891
1.912
3.561
0.8141
5.151
3.799
5.664
3.176
2.793
3.651
3.108
2.615
6.719
4.027
5.112
3.919
2.882
4.804
5.246
4.145
3.932
5.688
5.646
3.733
2.568
5.887
3.58
2.939
5.42
3.276
2.215
6.36
2.135
3.526
3.504
2.037
4.199
1.908
2.931
8.675
4.016
7.158
4.787
1.995
4.147
4.037
3.704
4.116
2.458
6.715
5.228
4.912
5.212
3.414
4.193
3.05
3.406
3.496
2.067
2.466
3.362
2.919
5.032
2.037
2.828
4.123
4.686
3.262
2.064
2.723
4.903
6.761
3.25
4.146
4.608
2.055
4.203
2.939
5.011
2.724
5.016
3.285
3.402
3.868
8.137
5.115
2.255
4.342
3.289
1.752
3.723
2.725
1.681
3.354
3.022
3.686
3.015
2.284
4.714
1.317
2.856
4.3
4.92
3.662
3.081
5.804
3.046
3.355
3.675
2.05
2.624
4.799
1.787
2.209
6.421
3.422
3.936
4.238
2.343
4.606
2.933
6.221
5.684
3.86
3.978
1.654
3.885
4.323
3.014
1.812
2.819
2.246
3.648
4.386
3.582
5.05
3.926
3.121
2.899
2.015
4.355
2.473
2.617
2.588
2.796
6.564
3.416
4.562
2.206
1.493
4.408
4.926
5.01
3.161
4.042
2.283
2.539
5.245
4.72
2.524
6.833
1.406
2.835
2.799
2.386
2.622
5.763
5.101
2.435
3.861
3.489
3.026
4.663
4.121
0.8557
5.482
2.377
3.694
2.896
4.068
3.012
3.705
2.395
0.0
1.592
0.8153
2.949
0.5459
5.948
3.769
3.467
1.584
1.036
4.552
4.871
4.403
3.881
6.159
7.473
1.941
3.805
3.592
5.05
3.589
5.891
2.631
1.845
3.634
5.663
0.0
3.581
2.809
4.143
6.889
4.487
2.334
5.77
2.506
2.612
2.415
6.159
3.647
2.11
3.403
4.668
4.447
2.749
3.229
3.85
1.856
4.311
6.468
3.516
1.68
4.571
1.926
4.33
4.471
4.415
4.496
2.425
7.594
4.197
1.943
3.824
3.424
6.843
2.741
4.515
3.236
3.1
5.385
3.835
3.719
3.687
3.676
4.351
2.609
3.929
3.751
3.446
2.019
2.767
3.902
5.595
1.467
5.098
2.099
2.838
4.454
7.972
4.917
1.83
4.118
2.351
2.434
1.627
3.996
3.073
4.888
3.804
4.212
4.616
4.697
2.176
4.713
4.395
2.628
4.487
4.625
0.0
4.077
3.391
5.026
7.916
5.045
2.956
3.635
2.356
5.02
5.835
2.07
0.8126
4.667
2.594
5.921
1.303
2.389
2.539
3.883
4.13
5.573
5.389
1.81
2.001
4.403
4.062
2.163
2.792
3.274
2.91
5.579
3.21
4.184
2.711
1.335
3.504
4.458
4.403
4.37
4.569
7.541
4.744
0.0
3.289
3.456
2.814
9.096
3.954
2.742
3.076
1.535
3.993
5.783
3.568
3.844
2.337
4.392
5.266
1.837
2.516
3.758
6.214
2.267
4.71
2.043
4.589
5.354
5.281
3.362
2.369
3.689
3.698
3.663
3.594
2.289
3.091
3.345
3.015
1.554
3.023
2.611
3.687
4.535
2.389
3.774
5.26
2.095
4.3
3.401
1.711
3.556
3.965
4.036
4.781
2.308
3.148
4.941
2.707
3.121
3.966
6.286
3.41
2.642
4.645
2.679
3.858
7.646
4.328
5.595
2.719
5.649
3.576
3.761
2.715
5.797
6.869
2.572
5.299
4.484
3.885
2.835
6.728
3.495
3.831
3.036
2.409
1.922
2.321
4.373
2.981
5.238
5.781
4.257
5.058
2.539
3.405
2.222
3.538
4.402
3.836
2.913
5.615
6.682
5.308
5.423
4.023
5.608
5.695
4.351
5.406
2.612
7.322
5.673
3.164
2.003
2.554
1.693
1.382
2.128
2.924
1.643
3.838
2.519
2.791
4.899
2.254
5.194
2.973
2.393
1.787
4.71
1.249
1.815
2.159
3.198
3.413
5.044
4.379
2.593
3.647
3.089
4.639
2.841
6.246
6.463
1.66
3.968
4.052
2.729
3.285
5.6
4.411
1.47
3.333
3.679
0.3821
2.141
3.643
2.653
4.357
2.163
9.545
1.958
4.324
2.428
4.026
3.149
1.525
4.89
3.429
3.465
3.612
4.267
3.457
2.875
5.015
3.893
2.886
5.88
2.499
3.584
5.409
4.864
3.996
2.847
4.943
1.429
3.03
4.304
3.073
2.831
3.101
3.065
5.139
2.306
3.05
3.407
2.748
2.604
3.96
1.607
1.903
3.408
2.974
3.078
3.631
3.17
1.87
3.183
4.641
5.222
4.222
2.211
3.021
2.571
4.897
2.332
4.294
5.278
4.309
1.066
4.702
2.691
5.234
4.23
4.224
4.77
3.445
0.0
2.876
1.198
4.486
2.077
2.003
5.842
2.237
5.021
4.682
2.949
3.026
5.202
2.185
2.798
6.094
4.768
2.045
2.328
1.723
4.966
2.747
3.184
4.021
5.309
3.291
1.785
1.142
6.643
3.014
2.318
6.008
1.375
6.426
4.417
3.47
3.124
4.992
4.27
2.2
3.765
4.917
3.758
4.169
3.472
4.033
1.759
3.249
3.613
6.323
4.59
5.126
4.794
1.474
3.201
5.611
2.347
5.404
4.391
1.619
1.569
2.719
3.971
5.83
7.116
5.502
1.942
3.178
4.066
2.373
2.478
3.938
4.185
4.542
4.087
2.371
2.978
3.205
3.358
2.829
3.263
4.429
5.54
0.0
4.536
3.954
6.042
2.089
2.296
4.678
2.881
4.05
3.62
1.795
4.406
4.699
3.483
3.149
5.462
3.292
3.524
2.57
2.372
1.62
4.059
2.791
0.0
6.796
7.348
2.466
7.576
3.487
2.428
5.27
5.143
4.29
2.83
2.207
2.299
5.06
1.318
7.297
3.809
1.099
5.294
0.0
4.22
7.09
5.54
4.884
2.423
4.129
4.01
5.819
1.455
2.743
3.947
2.132
2.11
4.938
2.776
7.033
5.428
4.916
3.298
2.478
2.066
4.691
3.778
0.0
3.456
3.561
3.673
2.129
3.933
2.457
5.043
7.175
6.5
2.313
0.7582
5.471
4.923
3.247
7.085
5.247
0.0
5.919
3.44
3.094
4.2
4.201
2.485
4.661
2.907
3.487
1.63
4.252
2.374
5.855
1.496
2.739
9.71
5.598
4.077
4.091
2.879
5.864
3.764
3.396
3.403
2.213
3.496
2.672
6.043
1.61
5.85
6.253
1.551
4.714
0.8913
4.265
4.403
1.793
5.36
1.992
2.875
5.406
4.506
5.441
6.181
3.221
5.31
3.543
1.607
4.934
4.374
2.479
10.1
2.586
3.825
0.469
2.215
3.061
5.878
4.386
1.607
3.39
5.1
9.091
5.775
3.171
1.744
2.462
2.462
0.7752
4.778
3.358
4.474
3.137
3.19
3.028
1.41
2.059
1.822
3.008
6.662
3.307
6.307
7.106
5.848
4.435
7.837
6.016
3.821
3.747
4.469
7.219
2.355
7.032
5.909
3.577
7.263
2.829
4.118
5.834
2.853
2.738
2.452
2.306
6.998
4.737
4.262
5.28
5.374
5.6
6.201
2.646
5.281
6.748
4.43
5.314
2.94
4.666
3.731
1.715
4.564
4.682
2.102
3.41
1.713
5.782
2.505
1.944
4.413
4.13
4.877
4.419
6.974
4.582
3.64
1.918
1.485
3.722
5.928
2.341
3.28
6.429
5.503
4.743
5.804
1.381
7.328
6.304
2.089
9.741
9.427
2.266
4.307
4.662
2.935
3.013
3.772
3.549
3.593
0.9106
3.568
4.109
4.187
1.135
5.206
2.662
4.308
2.267
9.152
0.0
5.017
2.808
5.691
3.658
4.744
4.296
2.333
2.799
2.513
3.309
2.431
5.375
2.209
2.313
3.143
5.448
4.512
3.104
4.076
5.815
3.777
7.716
2.726
4.965
5.276
3.202
4.606
4.182
4.921
4.16
5.585
3.421
1.66
3.419
4.63
6.767
3.184
3.807
4.713
2.995
3.057
3.894
6.173
2.529
4.087
2.757
4.851
3.07
4.005
3.62
3.13
5.505
3.536
3.166
7.482
2.49
2.144
4.815
5.309
8.126
5.86
0.2868
2.934
3.38
3.828
2.544
2.152
2.581
4.312
3.309
1.67
2.396
4.327
4.072
2.714
5.505
4.974
5.938
2.251
1.142
4.081
5.47
3.035
3.375
2.063
3.681
4.07
4.179
2.395
2.039
4.972
4.287
4.499
4.515
6.579
1.939
2.282
2.005
2.344
4.335
3.486
5.951
2.809
3.364
4.618
2.565
4.382
7.781
3.95
3.715
3.143
5.885
4.058
1.84
2.117
2.858
1.727
10.53
4.588
4.344
9.073
4.649
0.0
2.007
3.704
3.009
2.618
4.35
6.288
2.413
1.556
3.015
7.011
4.756
2.499
5.899
3.513
4.143
5.393
0.3414
8.467
4.398
3.278
3.858
3.908
2.792
4.9
3.771
4.039
6.671
2.829
4.791
4.965
7.188
1.284
1.463
5.41
4.231
4.738
2.651
2.503
9.377
3.191
5.1
2.458
2.906
4.601
6.25
4.715
3.174
3.624
1.251
1.581
1.576
6.17
4.199
3.871
3.723
3.089
1.214
4.398
1.815
3.3
3.113
2.543
3.317
4.455
5.013
3.108
5.918
2.587
2.736
4.978
5.242
5.203
5.68
5.243
3.394
2.499
4.106
0.49
1.775
5.925
5.303
3.554
6.173
3.458
2.932
2.041
5.787
2.685
2.046
7.981
4.556
2.416
4.61
2.661
3.284
4.201
4.459
6.94
4.536
2.317
4.511
5.548
5.402
5.465
2.857
2.256
3.626
2.914
2.535
3.892
4.199
6.013
4.49
3.831
5.575
5.549
3.461
4.34
5.3
2.668
1.967
4.904
3.052
3.288
5.642
7.648
5.159
6.377
3.758
3.313
2.622
3.002
1.576
4.252
4.709
2.272
5.992
1.76
5.978
3.58
3.366
3.089
0.0
4.67
4.425
4.904
4.122
6.014
1.315
2.023
5.276
4.271
2.593
2.19
2.282
8.022
6.489
2.249
2.566
5.686
7.049
3.506
2.646
5.913
6.005
1.644
2.462
4.026
3.343
5.643
3.837
3.873
5.601
5.546
4.173
7.831
7.084
4.623
4.777
5.409
3.264
7.164
2.268
1.548
5.127
3.482
6.218
2.5
3.267
4.221
0.0
4.064
5.121
3.177
1.79
4.667
2.583
5.209
2.029
6.766
3.087
2.782
2.225
2.435
5.09
6.337
2.114
4.809
2.794
3.578
2.566
0.6719
5.088
7.033
6.658
3.901
3.356
1.784
3.935
2.364
1.618
2.653
3.587
4.132
1.807
3.512
4.716
4.174
3.11
4.16
2.404
6.528
3.309
4.616
5.45
5.906
2.695
6.91
2.579
2.633
6.334
3.578
1.322
0.0
1.803
1.405
1.619
0.0
2.034
2.662
0.0
2.747
3.732
2.732
1.587
2.18
2.026e-07
2.454
4.093
2.0
2.188
3.731
2.145
1.496
2.498
6.003
3.404
2.145
3.441
2.514
2.974
2.744
1.756
1.967
3.606
1.735
1.934
4.063
1.876
3.485
3.153
2.69
2.283
3.323
3.398
1.975
2.455
3.225
2.259
3.352
2.694
3.055
5.062
4.827
2.223
3.29
4.597
2.85
4.821
3.485
1.322
2.571
2.242
2.734
6.479
3.821
3.052
2.977
3.47
3.493
5.969
4.096
3.158
3.92
4.301
2.848
4.778
1.717
5.293
5.179
3.15
3.935
4.208
4.261
3.505
4.25
4.372
5.0
5.016
4.405
3.781
4.729
4.033
4.597
2.896
7.242
3.415
3.328
3.11
1.32
1.382
1.115
1.143
3.943
3.849
1.877
1.92
2.189
2.979
1.877
1.92
2.231
4.266
1.586
1.654
3.19
2.927
4.22
4.084
4.742
2.795
4.838
2.519
3.082
2.778
2.997
3.638
3.356
2.753
3.33
5.897
2.707
1.898
2.805
6.033
5.26
4.962
4.394
4.733
3.027
2.87
4.233
3.872
6.098
2.638
4.212
5.0
4.496
3.784
4.883
3.925
3.558
2.64
4.691
2.897
4.167
3.409
4.077
3.963
7.43
2.073
3.242
4.262
4.607
3.667
3.898
5.922
4.024
6.062
4.416
5.043
5.131
5.678
3.572
4.148
3.921
4.759
3.651
6.385
4.872
3.466
4.354
2.801
8.573
5.346
6.552
4.681
4.276
3.552
4.133
6.679
3.323
4.239
4.12
6.739
3.805
7.002
5.486
7.198
