1.893
1.629
1.759
0.2482
2.028
0.9345
7.366
2.005
1.068
1.557
1.96
1.23
2.741
1.081
2.933
0.8953
0.4459
6.758
1.005
0.273
1.76
1.74
2.003
3.029
3.654
1.774
1.3
2.106
1.016
1.68
2.497
1.449
1.606
2.91
1.576
1.544
3.658
1.999
1.702
3.773
2.671
2.577
3.095
2.716
1.488
1.428
2.59
1.613
2.062
1.234
1.234
3.267
2.625
3.764
1.688
1.441
2.53
2.038
3.593
2.11
3.87
1.49
1.539
2.826
2.826
1.881
2.11
1.562
5.281
1.405
1.833
2.888
2.843
1.955
2.411
4.768
1.62
3.333
1.38
2.402
1.322
2.289
2.265
5.377
2.726
2.145
3.601
2.351
2.991
3.196
2.172
2.003
1.703
6.581
5.675
5.863
2.188
2.783
2.533
2.381
4.739
2.493
0.8795
2.066
1.043
2.524
2.253
1.985
2.119
1.711
2.045
1.188
2.974
3.318
2.1
0.6713
2.371
2.425
5.275
3.195
5.801
2.157
2.157
5.481
3.007
1.38
2.693
3.16
1.951
4.727
2.116
4.349
1.393
0.7083
3.131
1.01
6.432
3.482
0.9787
2.442
1.849
6.019
3.48
8.693
5.424
2.109
3.807
2.076
2.83
1.274
1.824
4.107
1.012
2.594
3.592
7.042
1.377
2.352
0.8546
2.46
3.824
6.068
2.787
1.443
2.633
2.229
4.75
4.249
2.809
5.285
2.828
1.127
2.402
3.07
2.714
5.407
2.86
1.555
3.564
2.407
1.647
1.875
2.481
2.003
3.836
1.527
2.334
3.219
6.121
1.606
1.586
3.531
2.263
2.258
3.03
1.579
1.887
4.261
1.99
1.96
6.534
5.252
5.684
3.136
3.754
3.192
4.439
1.425
2.469
5.929
5.831
2.416
2.456
3.641
6.288
3.439
2.951
3.309
3.002
5.961
3.514
7.132
2.121
5.552
8.222
3.073
1.501
5.063
6.549
7.115
1.063
7.933
4.133
2.364
2.671
4.725
6.574
5.064
3.015
3.703
1.199
3.545
4.017
3.571
2.456
2.866
1.869
3.326
1.729
7.139
3.472
4.284
1.974
4.187
1.586
1.63
1.909
1.623
5.543
7.436
2.031
5.413
7.061
3.031
5.362
3.919
1.27
2.331
1.674
2.391
2.936
3.278
2.529
2.758
6.644
4.911
5.988
5.747
2.607
3.977
3.049
2.546
5.047
6.108
4.829
3.992
5.307
2.117
1.459
1.545
1.398
2.535
3.844
6.25
6.394
7.236
2.766
7.101
3.698
2.212
4.675
2.356
2.546
2.256
3.821
3.513
2.719
2.015
5.907
5.664
2.495
3.02
4.766
2.917
1.57
4.805
1.025
2.276
2.619
2.289
3.497
5.724
5.094
5.851
1.961
2.944
5.177
6.108
2.564
4.207
3.287
3.294
6.207
6.806
6.867
4.791
7.23
5.138
2.015
3.279
2.283
5.401
2.325
5.005
5.649
2.977
4.449
4.209
2.319
1.516
5.889
3.121
6.32
6.989
4.213
5.141
3.378
2.249
1.783
4.028
5.194
4.727
6.337
3.521
2.903
6.594
5.981
3.323
1.933
4.091
2.303
7.357
5.204
3.532
3.228
6.401
1.269
2.458
2.838
4.517
3.731
2.093
1.655
2.994
3.925
2.507
3.82
5.338
4.16
2.687
5.344
2.02
2.783
2.958
6.195
6.035
2.732
2.547
2.082
3.637
5.791
4.041
4.137
3.213
6.063
6.097
6.607
4.247
3.223
3.813
3.453
2.221
3.866
1.556
2.003
2.994
3.78
3.54
2.505
2.523
2.708
3.499
4.368
9.156
3.997
1.812
5.468
5.592
2.216
2.029
5.1
3.242
4.178
3.073
2.127
6.146
3.533
3.476
3.824
5.123
2.654
2.158
3.394
1.858
2.126
2.49
5.229
2.553
2.55
4.435
2.48
6.044
4.07
4.42
3.866
8.116
2.529
4.331
4.928
4.147
7.417
3.835
4.612
5.358
3.875
6.728
4.68
4.302
4.579
2.847
3.993
2.728
3.159
4.295
2.386
3.353
3.052
2.9
4.876
3.595
5.262
2.558
2.892
4.785
6.635
1.341
5.055
3.585
4.965
6.21
4.753
4.129
3.549
4.385
1.614
1.331
1.541
1.944
1.429
2.139
2.062
0.9234
1.854
2.128
1.84
1.8
2.455
1.74
1.34
2.223
1.74
2.387
0.94
1.534
1.982
1.403
3.654
2.282
2.69
2.69
2.592
2.592
2.69
2.69
1.547
1.607
1.77
1.044
1.159
1.486
1.435
2.651
2.89
2.195
2.779
1.449
3.638
2.381
1.708
1.867
5.58
1.326
2.327
6.188
1.641
2.993
2.683
0.496
2.25
2.39
1.417
2.259
2.131
2.351
0.8428
1.675
2.696
1.441
1.224
1.664
2.218
2.842
4.067
1.649
0.6086
3.27
1.833
3.707
2.373
2.935
1.92
2.254
1.784
0.9086
0.4815
2.122
6.077
8.628
5.68
3.103
1.196
2.188
2.154
2.173
2.188
2.571
1.694
2.179
2.27
2.186
3.817
2.406
1.749
2.739
2.003
2.655
4.354
6.581
6.728
3.868
0.8339
3.25
5.417
4.066
4.744
4.744
6.849
2.572
2.226
1.47
3.29
2.024
3.193
2.384
1.878
1.081
1.848
2.566
3.222
2.661
2.827
4.513
1.101
2.587
3.312
2.155
1.322
7.47
2.005
3.687
7.157
5.771
0.8002
3.127
1.312
4.76
3.403
6.159
2.323
2.396
2.525
3.199
3.759
3.057
1.506
1.623
2.726
2.639
1.925
2.653
4.202
2.898
2.525
3.366
4.187
1.584
2.061
1.768
2.759
1.279
1.059
3.454
6.577
3.436
3.146
2.131
1.819
6.897
0.7663
2.575
1.816
2.895
3.591
3.02
3.879
1.5
4.842
3.508
4.279
2.887
5.968
3.051
3.885
3.177
1.773
4.306
2.244
5.901
2.302
2.95
3.573
2.504
1.429
5.537
5.023
3.082
3.202
4.392
5.189
3.68
3.421
2.81
4.98
2.971
3.136
2.102
1.836
3.268
6.372
3.632
4.047
3.273
4.852
1.533
4.517
5.379
5.388
2.791
7.331
2.476
2.26
2.556
7.448
6.34
5.517
5.232
7.01
2.478
1.72
0.6549
3.012
2.099
2.035
5.176
3.329
1.622
4.964
7.2
6.607
6.546
0.9089
2.123
4.638
5.221
4.71
4.387
2.293
1.786
1.149
2.606
2.636
7.034
2.157
7.686
4.527
4.842
5.365
6.333
2.039
2.615
4.639
3.011
3.36
5.756
4.407
3.041
4.155
5.357
1.333
1.948
2.019
1.518
4.296
3.618
2.663
3.516
2.43
4.616
2.325
2.028
3.022
2.913
4.899
4.236
7.449
4.321
4.773
4.465
2.474
2.193
3.08
3.12
1.481
2.881
2.779
5.531
3.061
3.145
2.916
1.139
7.574
4.696
4.739
2.204
2.691
3.578
2.612
2.595
3.859
4.307
3.702
2.659
5.219
3.283
2.551
2.832
5.302
4.886
6.303
1.85
2.715
5.289
4.787
2.399
2.072
4.7
3.56
5.774
5.487
7.614
2.253
6.349
3.453
1.649
1.857
1.516
3.761
3.569
4.121
4.964
1.772
2.48
3.404
2.494
2.678
9.16
0.9246
4.119
5.453
4.405
4.475
3.258
5.473
4.141
4.555
3.582
1.987
2.824
5.316
7.446
4.524
2.873
7.111
7.243
6.057
4.638
6.657
2.063
9.418
5.308
4.156
7.802
2.491
3.426
3.689
6.441
1.794
3.62
3.284
3.159
2.978
2.824
2.315
4.803
1.718
4.658
4.852
4.726
2.528
2.568
3.886
5.551
1.654
3.292
4.785
2.616
3.126
3.582
2.566
2.82
2.591
3.997
6.798
6.846
2.236
5.32
2.935
1.845
4.987
5.164
7.576
3.961
5.117
3.771
5.839
1.718
6.063
3.807
3.784
4.646
7.304
4.091
5.606
1.718
3.085
3.218
6.139
1.434
5.53
8.312
5.465
1.772
3.183
5.096
4.148
1.942
5.283
7.581
2.808
2.798
5.685
7.541
4.758
4.094
3.693
1.258
4.785
4.985
5.361
3.778
6.224
4.693
5.308
2.425
4.058
4.419
1.928
3.415
4.819
4.084
3.212
3.332
6.508
3.166
1.162
4.268
1.208
4.104
1.698
1.643
2.316
3.283
7.034
1.778
1.543
5.656
2.597
1.321
3.212
3.525
2.855
3.369
5.168
5.475
6.325
3.781
4.181
5.286
6.901
4.951
3.374
5.711
4.436
2.426
3.9
4.904
6.073
3.857
6.435
5.393
1.33
2.079
2.235
3.256
2.252
2.034
2.123
2.013
2.004
4.644
1.013
1.851
4.596
2.453
1.274
2.248
5.978
2.076
0.9932
2.374
2.208
2.043
2.15
2.821
1.011
2.48
1.641
0.6369
2.67
1.815
2.287
2.134
2.468
1.875
2.308
1.959
1.914
2.103
0.8681
1.833
2.083
2.261
2.177
1.722
2.808
2.357
2.595
2.225
0.9669
1.479
1.883
2.298
1.817
1.031
1.3
1.74
1.951
1.951
1.594
0.9531
3.666
3.52
1.345
1.167
1.109
2.493
2.676
2.305
2.827
1.973
1.356
2.391
2.121
2.8
2.206
1.931
1.622
1.874
1.414
2.293
1.507
2.783
2.148
1.094
2.826
1.514
4.252
1.474
1.474
2.829
1.528
2.202
2.509
1.748
3.267
2.282
1.71
1.561
1.316
1.941
4.351
2.008
2.385
1.78
1.671
2.623
1.915
0.7977
3.083
2.413
1.556
1.413
1.205
2.503
2.204
2.645
3.814
2.051
2.579
2.54
3.477
3.498
2.253
2.425
2.719
2.525
2.59
2.367
2.546
2.622
3.387
1.11
4.846
2.703
1.959
2.214
2.565
0.6226
3.392
3.268
4.128
3.439
2.281
6.898
2.57
0.9726
1.923
5.445
1.309
1.919
1.992
2.202
4.243
3.574
1.957
0.8418
1.272
1.236
4.091
0.0
2.234
1.851
1.183
0.6367
1.309
3.604
2.566
2.136
2.839
4.389
0.9887
1.838
1.484
2.321
1.825
3.283
2.339
1.414
3.617
4.45
2.557
2.025
1.81
4.599
1.058
4.722
3.448
2.086
3.915
3.545
2.71
2.762
3.342
1.636
1.724
1.938
2.199
2.827
2.345
2.656
1.341
2.23
1.589
2.472
2.052
4.222
4.2
4.644
2.077
1.985
1.664
2.568
2.265
2.616
2.139
2.303
1.772
2.575
2.319
4.859
3.208
2.24
1.784
2.238
3.482
2.095
1.886
1.073
3.066
3.694
1.633
2.444
2.414
1.744
1.381
2.33
3.354
1.21
2.268
2.693
3.91
2.54
4.069
2.572
2.781
1.854
2.144
1.385
1.77
1.417
3.855
0.6841
2.939
0.9913
0.9295
3.366
1.469
2.541
1.156
1.238
1.701
2.032
1.504
6.474
1.325
2.82
1.22
3.264
2.909
2.815
3.228
3.087
2.001
2.681
3.258
1.324
1.572
1.622
1.864
1.632
2.231
2.334
1.878
1.578
1.059
2.398
1.255
0.6935
1.672
4.368
2.123
2.362
1.547
1.92
2.429
1.308
3.866
1.826
1.027
2.73
2.261
2.755
1.765
2.155
2.656
3.993
3.019
1.816
3.932
1.636
1.563
1.97
4.047
2.58
2.38
2.897
1.309
1.9
2.463
1.791
1.596
1.126
2.528
2.503
0.6649
3.949
2.8
2.907
0.8039
1.539
2.356
1.985
1.742
0.1259
3.023
3.267
1.609
2.23
2.808
2.591
1.039
1.529
1.587
1.081
2.568
3.278
2.284
1.493
3.424
2.113
1.965
4.783
0.9439
3.901
1.539
2.035
1.168
3.045
1.452
2.086
2.65
4.233
1.234
2.634
2.494
1.542
2.718
1.677
1.771
2.662
0.8571
0.6081
4.18
1.992
1.932
1.205
1.807
2.672
2.719
2.978
3.691
2.735
4.612
1.421
2.082
3.98
1.316
2.072
2.159
1.208
1.913
1.282
2.371
3.44
1.191
0.7831
1.167
3.059
0.8291
1.411
2.751
2.082
1.993
1.449
2.285
1.031
1.224
1.825
2.756
1.151
2.368
2.218
2.134
2.036
2.967
2.863
3.878
0.7956
1.091
1.588
0.3171
2.329
4.405
1.011
2.208
3.453
2.72
3.181
1.278
1.17
2.706
2.596
3.009
0.9028
3.468
1.978
1.718
1.403
0.9174
1.653
1.06
1.823
1.631
2.85
5.542
1.51
3.443
3.058
2.432
0.5817
0.5157
1.307
3.299
1.014
1.991
3.385
2.095
1.23
0.8034
1.637
2.643
1.941
3.203
1.328
1.174
2.389
0.9243
3.215
2.183
0.677
2.426
1.577
1.077
1.301
3.559
2.657
1.474
4.313
1.527
2.359
2.356
3.262
1.553
2.228
2.291
3.266
1.594
1.552
1.38
1.46
3.37
1.978
2.702
3.167
1.875
1.776
1.915
1.583
4.407
1.199
0.6003
2.133
3.237
0.7413
2.747
1.904
1.1
2.785
1.646
1.744
2.153
1.567
0.7799
2.98
3.432
1.719
1.636
1.562
1.684
2.028
2.727
2.735
3.94
1.823
0.08468
1.356
1.44
1.234
1.018
2.144
1.021
1.275
2.188
2.13
1.317
2.887
2.37
1.4
0.6195
3.151
1.051
3.872
2.144
1.532
2.697
0.885
2.419
1.464
2.344
2.379
1.941
0.8693
5.801
1.957
1.978
1.047
2.521
1.003
1.749
3.383
1.624
2.139
1.044
1.011
2.602
2.278
1.425
2.77
3.726
2.376
0.767
1.973
2.523
1.714
1.549
2.403
2.227
1.382
4.527
2.169
2.35
4.474
1.388e-07
2.829
2.715
0.7927
0.917
2.849
1.873
2.08
1.513
2.023
3.78
1.662
1.715
1.797
3.904
1.604
2.116
3.385
1.943
2.421
2.929
3.037
1.491
1.917
1.905
1.157
1.318e-07
2.577
1.643
1.773
0.7993
0.7994
0.5062
3.228
2.824
1.936
3.089
2.373
2.154
1.905
2.368
1.452
1.653
2.791
1.71
1.492
1.539
2.01
3.327
1.058
3.489
0.966
2.5
1.244
2.82
2.289
1.264
1.387
2.697
1.912
1.408
1.275
1.453
1.117
2.098
1.864
3.333
1.485
2.123
2.684
1.414
2.32
1.467
0.6375
2.228
2.358
1.169
2.325
1.725
3.048
2.761
2.853
3.974
1.052
1.91
1.947
1.526
1.589
1.817
1.311
1.646
1.681
2.927
0.8476
2.237
2.49
0.9686
1.914
0.5394
1.933
0.6804
0.6683
2.3
2.783
1.676
3.49
2.578
2.68
1.387
1.268
4.343
3.463
1.891
2.28
1.763
2.653
2.303
3.757
2.462
3.668
1.907
0.6702
2.252
1.045
2.02
1.576
2.878
1.577
0.7111
1.584
7.143
2.119
2.501
2.506
2.845
1.942
3.997
2.305
2.001
0.6383
2.899
1.874
2.116
1.288
1.061
1.182
0.4675
2.404
4.11
1.355
1.12
2.448
2.217
1.665
2.267
1.961
1.694
2.019
2.335
2.181
2.282
2.751
2.087
4.383
2.053
1.685
0.9936
0.9907
2.847
2.263
2.554
1.982
3.216
1.913
1.703
4.207
2.165
2.839
2.361
2.039
1.886
1.59
1.869
2.955
2.788
2.38
2.146
1.962
1.884
1.407
1.197
2.24
2.224
2.905
1.843
1.826
2.366
3.82
2.247
1.269
1.654
1.555
1.69
1.591
2.121
2.13
1.248
1.298
2.781
2.578
1.531
2.344
1.871
1.676
1.509
2.757
0.6525
4.27
1.772
1.407
1.544
1.914
2.023
3.003
3.757
1.836
2.172
2.424
1.404
2.012
2.16
1.761
2.159
0.7241
2.765
2.441
1.379
1.176
1.807
1.557
1.788
2.43
2.435
3.318
1.104
1.928
2.241
0.6345
2.033
0.7836
2.326
0.6283
1.312
1.541
2.348
2.846
0.9485
1.396
2.848
1.376
2.209
1.63
2.648
1.914
1.504
2.129
2.413
3.024
2.42
2.533
3.241
1.491
1.685
3.85
2.8
2.919
2.272
2.979
1.268
2.087
2.46
0.8077
3.35
1.114
1.705
2.751
3.871
2.014
0.961
1.121
1.855
2.237
2.022
0.9712
2.436
2.239
1.731
4.593
2.563
2.975
0.6466
2.415
1.778
1.723
2.579
1.443
6.26
1.945
1.643
1.931
2.779
1.05
3.682
1.51
1.759
1.364
1.974
1.356
0.9472
0.9995
6.47
2.938
2.842
1.985
1.076
2.27
1.899
1.256
1.675
1.695
2.692
1.475
2.026
1.487
1.484
0.8561
3.165
2.885
1.443
3.021
2.623
1.644
1.415
2.598
0.7716
2.101
2.993
4.967
2.742
2.481
2.25
5.23
0.6907
2.725
0.834
1.256
1.97
3.186
1.864
2.452
0.7079
2.294
1.619
3.821
2.148
2.287
5.914
2.465
1.122
1.342
1.653
2.644
0.5481
2.242
3.186
2.727
1.453
2.142
3.037
4.894
1.444
0.6847
1.633
1.82
1.492
2.794
2.405
0.4629
2.582
0.8331
4.385
3.178
1.65
2.66
1.719
6.242
0.9101
0.8992
2.304
0.8235
1.965
2.283
2.147
2.02
2.174
2.764
2.966
2.493
0.9994
5.124
1.977
2.741
2.302
1.893
1.817
2.474
1.977
1.568
1.753
1.543
2.207
6.533
1.292
1.04
0.0
1.164
0.0
3.893
2.313
0.608
2.406
2.292
0.297
1.52
2.001
1.628
1.731
1.651
0.8528
1.52
2.899
1.887
1.489
0.867
3.363
1.504
1.198
1.229
1.399
1.227
4.326
1.539
1.669
2.946
2.998
2.151
0.5284
2.892
1.389
3.45
5.108
1.327
7.626
2.359
2.036
4.538
1.372
2.68
0.8528
1.085
3.223
0.2868
2.219
1.101
11.77
2.096
1.456
0.6116
1.191
1.829
2.285
2.261
1.56
0.0
0.9041
1.709
1.122
2.932
1.889
1.297
2.811
2.015
2.954
2.202
4.866
0.8532
1.024
1.403
2.063
2.23
2.776
1.095
3.047
4.162
0.899
1.309
1.545
2.211
3.888
1.875
2.333
1.281
1.954
2.911
0.8631
0.8717
1.366
2.748
3.351
1.608
1.128
1.867
1.698
3.038
1.078
2.005
5.444
0.825
1.83
2.13
1.73
1.83
2.186
1.456
1.155
2.147
1.182
3.143
1.706
2.68
2.133
1.971
1.385
0.5151
1.444
2.046
1.408
3.974
2.467
1.258
5.35
1.333
2.248
1.214
1.799
1.297
0.8268
1.508
1.415
1.999
1.621
1.405
1.77
4.866
0.6756
1.564
2.259
3.254
5.058
3.008
1.307
3.753
3.173
0.6518
1.223
0.9461
1.364
2.213
2.313
1.46
0.8085
1.368
1.139
2.148
0.9956
1.392
2.87
1.755
1.229
2.027
6.282
1.057
3.052
1.895
2.714
1.132
1.468
1.529
1.893
3.97
1.604
1.812
1.932
2.18
1.442
1.076
1.874
1.831
1.217
0.858
3.48
3.803
9.491
1.321
0.9256
0.0
3.75
2.627
2.613
3.198
1.965
1.437
1.226
1.176
0.5202
2.392
1.202
0.8427
2.479
1.08
0.6987
1.065
0.901
1.383
2.035
2.674
4.297
4.593
3.223
1.101
3.04
1.599
1.028
1.958
3.142
1.139
2.246
1.83
0.7984
1.539
3.571
1.112
1.879
1.528
0.297
2.2
1.438
0.9356
1.163
1.936
1.437
2.134
3.317
3.311
2.984
4.035
2.799
3.008
1.403
1.639
0.9283
3.518
0.578
1.706
1.521
1.114
3.497
2.717
2.56
1.539
1.795
0.8513
3.419
5.581
2.094
1.231
1.582
1.606
3.209
2.409
0.6915
1.17
2.528
1.745
1.027
1.127
3.867
3.692
1.657
1.032
2.345
1.523
1.139
1.128
1.5
0.0
2.005
1.387
3.494
1.22
3.469
1.763
1.483
2.072
3.435
1.337
1.275
1.311
2.144
0.825
1.657
2.797
1.611
2.032
1.576
1.341
1.297
2.377
2.813
0.9616
1.031
2.677
0.9018
1.499
3.692
2.027
1.527
4.096
1.481
1.353
2.409
1.115
1.922
1.837
3.608
3.082
1.518
2.66
2.873
3.692
3.095
2.139
2.42
2.566
0.9685
0.5727
5.35
2.251
2.094
2.674
1.643
11.77
1.678
1.319
1.174
3.467
2.176
0.6294
1.922
1.325
1.203
0.7848
3.831
2.321
1.375
0.7008
0.7411
5.22
0.7618
1.14
5.025
1.738
2.137
1.335
1.488
11.77
1.641
4.031
1.229
1.625
1.654
1.264
2.497
1.528
1.152
0.8892
1.069
0.501
2.518
3.814
0.9343
1.99
0.9975
3.295
1.204
1.705
0.9032
0.9741
2.237
0.0
1.104
4.572
1.088
4.314
1.878
2.714
2.581
2.131
1.468
2.618
2.318
2.062
1.486
3.751
1.374
1.922
1.528
1.396
3.75
2.173
1.229
4.118
1.387
2.714
2.264
2.279
0.2671
1.82
3.959
1.476
1.735
1.337
1.311
2.222
1.496
0.6669
1.886
2.795
2.192
1.174
3.006
0.9946
2.254
3.38
0.5529
3.799
0.9907
1.297
3.037
9.864
1.065
1.837
3.796
1.758
2.377
1.412
2.419
2.322
0.9429
1.197
0.2526
2.512
0.7518
1.293
0.9307
0.6928
1.086
1.051
1.095
0.6989
0.4821
0.3269
1.976
0.9144
0.9109
1.601
0.2497
1.044
0.9503
0.8707
0.8887
0.2929
1.012
0.6686
1.507
0.6417
1.191
0.7349
0.607
0.948
1.357
0.9059
0.7299
2.091
0.8894
1.334
0.8388
0.9114
1.414
0.4705
0.617
2.571
0.6288
1.212
0.8696
0.5946
0.5067
0.9109
0.3866
0.3612
0.2901
1.265
0.9239
0.9336
0.6528
0.4125
0.9747
0.5045
0.5976
0.4516
1.084
0.8445
0.8147
0.6462
2.237
1.627
1.283
0.6208
0.6942
0.5686
0.7589
0.957
0.4762
0.5481
0.3064
1.003
0.8606
1.015
0.8949
0.3123
1.108
0.4697
1.132
2.063
0.4955
0.4553
0.7772
1.035
0.5034
1.269
0.6697
0.5519
0.4921
0.8807
0.5847
2.254
0.5843
0.9343
1.921
0.5931
1.49
0.4998
1.986
1.07
1.637
1.222
0.9915
1.331
1.046
0.5067
0.3964
0.7732
0.7183
0.9494
0.6128
1.11
1.195
1.09
0.6512
0.9078
0.8865
1.15
0.797
0.678
1.694
0.9445
0.5865
0.7224
1.429
0.7035
1.314
2.057
0.6267
0.7229
1.185
0.4686
1.935
0.3682
0.9153
1.137
0.746
0.9726
0.596
1.133
0.8887
1.923
1.325
0.9429
1.309
1.097
0.5253
1.254
0.9923
1.674
0.5545
1.023
0.914
0.742
1.382
0.4079
1.664
1.544
0.5688
0.5756
0.4729
1.171
0.9739
0.9447
0.6586
0.8891
0.5128
0.5728
0.6074
0.6859
0.8447
1.013
1.213
0.9357
0.4627
0.4717
1.023
1.071
1.148
0.8647
0.5304
0.5852
0.8654
0.6224
0.4925
0.6953
0.7353
0.8735
0.8262
0.9825
0.2704
0.9922
0.8128
1.032
1.067
1.617
1.466
0.4023
1.987
1.875
1.022
0.552
1.197
0.9939
1.247
0.6332
1.021
1.12
1.03e-07
0.3707
0.7944
1.376
1.289
1.276
0.8406
1.148
0.5249
0.7941
1.114
0.8087
0.4388
1.537
0.6605
1.004
1.664
1.26
0.7744
0.8012
0.9754
2.434
0.8708
1.134
1.017
0.7081
0.7668
0.9217
0.6881
1.248
1.267
1.29
0.5435
0.5579
2.078
0.9352
0.6709
0.4608
0.5883
0.6994
1.276
1.531
0.7233
1.485
1.26
1.025
1.545
2.325
1.895
0.7536
0.7344
0.8114
2.269
2.143
0.7155
1.191
1.16
1.11
1.306
1.599
1.204
0.7171
0.9885
1.078
0.9696
1.013
0.667
1.033
1.248
0.988
1.799
0.5734
0.5515
0.6522
1.56
0.843
0.732
1.865
0.7252
1.228
0.4923
0.8483
0.9707
1.164
0.6703
1.8
0.9341
0.8528
0.7432
0.9759
0.2748
1.067
1.059
0.9856
0.4267
0.7388
1.83
0.9567
0.4752
1.86
0.5652
0.3664
1.283
0.7389
1.462
0.5059
1.054
0.9114
0.8179
0.5795
0.8793
1.321
1.102
0.6813
1.685
0.9434
1.343
1.547
1.551
0.5333
0.8625
0.6924
1.762
0.9068
0.5487
0.8129
1.096
1.347
0.9984
0.6348
1.059
0.9233
0.8034
1.217
0.7479
1.796
0.8918
0.6491
0.6361
1.333
0.4303
1.024
1.389
0.8095
0.435
0.4824
2.21
0.5711
0.8145
0.7015
0.7714
0.6155
1.895
0.6145
1.603
1.287
0.7208
0.4278
0.6112
0.4228
0.7732
0.5485
0.9557
0.6137
0.5033
1.087
1.513
1.163
0.6527
1.042
0.8259
0.5885
0.7051
0.7255
1.791
1.546
1.017
1.425
2.245
0.2076
0.7882
0.569
0.6765
0.6674
1.498
1.45
0.6257
0.7484
0.631
0.9979
1.62
0.943
0.9696
0.7105
0.986
1.293
1.605
0.4164
0.8331
0.6553
0.5947
1.328
0.5737
1.231
0.537
1.381
0.9349
0.7624
0.6623
0.817
1.218
0.5444
1.33
0.6357
0.5605
1.03
0.603
2.174
1.188
1.557
1.096
0.535
1.274
1.102
1.062
2.495
0.4688
1.121
1.672
0.6339
0.9813
1.457
0.633
0.7629
1.174
1.73
1.106
0.6404
0.6351
0.8621
2.154
1.455
0.7027
0.8713
0.5977
0.9252
0.9435
2.062
0.9711
0.6696
0.8127
0.7562
0.8854
0.6904
0.4208
0.9185
1.132
1.556
0.684
0.5151
0.7251
1.783
1.299
1.706
0.5231
1.04
0.6467
1.22
0.476
1.212
0.49
0.5535
0.6982
1.312
1.445
0.7997
1.121
1.206
2.19
1.229
0.7282
1.312
1.857
1.086
1.444
0.6469
1.712
1.461
0.5336
1.108
1.071
0.946
1.212
0.8293
0.6468
0.3797
0.3059
0.3139
1.066
0.5653
0.9917
0.4437
0.7771
1.284
0.7498
0.734
1.279
0.3471
0.738
0.7008
0.4064
0.7543
1.974
1.177
0.8871
0.7247
1.046
0.8415
0.7753
0.6466
0.8877
0.6032
0.5254
0.4948
0.3805
0.4544
1.195
1.535
0.6962
1.052
0.6993
0.6408
0.6457
1.981
0.9585
0.4837
0.8385
0.7527
0.1988
1.701
0.7915
0.9371
1.173
1.389
0.4564
0.5529
1.862
1.119
1.265
1.029
0.4699
0.9119
0.4286
0.4809
0.6038
1.436
0.8701
0.8481
0.3532
2.174
0.7643
0.3822
0.7475
0.6712
1.324
0.5547
0.4745
0.805
0.9482
0.7994
0.5011
0.3939
0.7618
1.254
1.526
0.7637
1.17
1.004
1.72
1.177
0.6247
1.745
0.6507
0.5383
0.7823
0.75
0.6271
1.155
0.5967
0.3904
0.985
0.6268
0.9395
0.7063
0.4712
0.2224
1.063
0.8993
1.473
2.11
0.9159
0.825
0.6518
0.4111
0.8629
0.4193
1.577
1.775
0.751
0.3241
1.221
1.376
1.143
0.3937
1.904
0.5198
0.7318
0.707
1.152
0.8405
1.909
0.9119
0.5232
2.228
1.262
2.089
0.6285
1.725
0.9414
0.6465
0.844
0.8104
0.7361
0.7882
1.425
0.5443
0.7446
1.133
0.6276
0.5368
0.7214
2.061
1.068
0.419
0.8451
0.7544
0.5752
1.534
0.5817
0.6341
0.8864
0.5541
0.7274
0.2182
0.7145
0.5834
2.245
0.9967
0.6482
0.491
1.008
0.6155
0.7232
0.5049
0.9481
0.9209
1.082
1.83
0.4496
2.435
0.6474
0.4497
0.988
1.182
0.591
0.619
1.507
1.175
0.6558
0.6913
1.226
1.074
0.5553
1.587
0.6511
0.4894
0.9104
0.8106
0.8816
2.298
1.058
0.573
0.6038
0.5562
1.218
0.6944
1.357
0.4784
1.431
1.499
1.484
0.4834
1.507
0.7531
1.172
1.878
2.35
1.25
0.6237
1.113
1.369
0.3644
1.385
1.523
0.9541
0.8827
0.5201
0.5605
0.9207
1.405
1.209
0.9004
1.5
1.667
0.5852
0.8247
1.659
0.7111
1.63
1.158
1.537
2.448
1.218
0.9351
0.7613
0.7422
1.238
0.9994
2.135
0.5535
0.8128
0.8539
2.215
1.227
0.7893
1.234
1.356
0.5243
1.02
0.2402
1.632
0.7095
0.3397
1.491
1.966
1.62
0.8764
0.4445
0.5167
1.802
2.187
1.018
1.588
0.6407
1.471
0.5515
0.0
0.741
0.7932
0.5028
0.654
0.5593
0.9186
1.129
2.154
0.8138
1.271
0.4814
1.121
0.5794
0.5549
0.4081
1.668
0.4307
0.9928
0.7163
0.5582
0.7953
1.578
0.7276
0.6574
0.7697
3.526
1.508
1.003
0.5392
0.8986
1.774
1.032
0.7971
1.377
0.6577
0.6133
0.3935
0.6182
1.009
0.7833
0.7985
1.284
1.128
0.8444
0.5827
0.6268
1.297
0.4928
0.8991
1.123
0.8384
1.565
1.172
0.6193
1.101
0.8977
1.108
1.369
1.436
0.7831
1.54
1.528
0.9117
2.044
0.9065
0.7307
0.834
1.123
0.6116
0.5221
1.021
1.695
1.406
2.041
0.6277
0.2083
0.4492
0.876
0.7312
0.4997
0.9276
1.409
0.5443
0.3815
0.8301
0.3761
1.299
0.7918
0.8416
0.6855
1.152
1.153
0.972
1.143
0.7812
0.5033
0.617
0.301
2.217
0.6767
0.6274
0.5071
0.4802
0.6992
0.9462
0.76
0.5875
1.788
1.625
0.862
1.352
0.3064
1.582
0.7923
0.4772
1.03
0.7232
1.064
0.9773
1.281
1.138
0.7721
0.6268
0.7666
0.5507
0.8538
1.048
0.9461
0.7764
0.7731
1.051
1.667
1.591
0.7393
1.789
0.7293
2.424
0.624
0.8973
0.386
1.156
0.9418
0.7941
0.5706
0.5011
1.507
0.7049
1.44
0.5952
0.5969
0.6381
0.9119
1.361
1.248
0.9577
1.091
1.495
0.4362
1.187
0.5868
0.68
0.4081
2.292
0.4391
2.093
1.489
1.555
1.048
1.249
0.7622
1.333
0.7669
0.8718
0.4086
0.7538
0.7889
0.6681
0.4246
1.329
0.8349
1.033
0.7551
1.226
1.481
0.5154
0.562
0.682
0.9755
0.7265
1.51
1.823
0.5458
2.559
0.4697
0.2292
0.5066
0.5803
0.999
1.521
0.4672
0.659
0.8004
0.5663
1.944
1.206
2.122
0.4867
0.7938
0.4392
0.615
0.5661
1.852
1.856
0.7105
0.5508
1.452
1.011
0.8537
1.327
2.285
1.57
3.62
1.876
1.084
0.6913
0.6538
0.872
1.013
0.9292
0.6975
1.278
1.854
1.017
0.8168
1.301
0.802
0.2546
1.721
0.9297
0.7307
2.739
0.7187
0.6959
0.9411
0.836
1.009
3.184
1.27
0.6393
1.521
1.064
0.4383
2.441
2.043
1.063
3.132
1.382
0.5826
1.217
0.7168
0.7638
0.5055
0.6331
0.6623
2.907
2.852
0.9171
0.9553
2.0
0.9004
1.593
1.464
0.6899
2.487
0.5545
0.5605
1.626
1.185
1.605
1.467
0.9145
2.477
1.628
1.516
0.5605
1.223
1.428
0.4536
5.021
0.5932
3.939
1.023
1.832
0.814
2.209
0.7361
1.506
1.567
1.531
0.7707
1.237
0.8108
1.388
1.175
1.074
0.5516
2.771
1.003
1.04
1.8
1.155
0.5752
1.359
0.471
0.8771
5.054
0.3645
1.028
2.806
0.8247
0.7912
1.39
3.597
1.03
0.5938
1.572
0.4974
1.458
3.236
0.244
0.5252
1.162
0.3618
0.4097
0.575
1.616
1.224
0.7418
1.194
1.222
1.287
0.2554
7.022
1.366
1.59
1.107
1.412
0.7997
0.7311
1.546
1.129
1.74
1.526
0.4867
0.6473
0.4042
1.319
0.8301
2.002
0.4761
0.7222
4.807
0.7589
2.931
0.6752
4.418
2.639
0.562
0.3877
1.158
0.837
0.7118
1.694
2.523
0.2699
1.343
1.114
0.6656
2.187
3.174
0.5674
0.981
1.665
3.954
1.767
1.211
0.4285
1.192
0.5548
0.6571
1.025
3.158
0.5593
1.92
1.029
0.549
1.065
0.4727
0.416
2.315
1.772
0.2584
1.343
2.854
1.193
0.8305
0.7645
4.825
1.768
0.666
0.5335
2.149
0.7725
0.7774
9.543
1.853
0.8141
1.532
0.6322
0.7932
2.55
1.057
0.4757
0.849
1.089
0.9777
1.995
0.7524
0.5636
2.544
0.5594
2.117
1.767
1.189
1.204
1.788
0.6266
0.7968
1.677
0.7481
0.6087
4.566
1.098
0.287
1.462
2.916
0.6831
2.979
1.446
0.4177
0.9633
0.7092
0.5025
1.907
0.8458
0.8138
1.931
1.819
1.467
2.41
1.454
0.8283
1.069
0.8205
0.47
1.374
4.308
1.435
1.655
1.511
1.41
0.796
0.4016
2.113
1.864
1.863
3.297
0.7095
2.396
1.686
1.186
1.325
0.7505
1.015
2.981
3.448
0.7538
2.798
0.5797
1.352
0.7723
2.056
0.8297
0.9147
1.725
2.039
2.077
2.522
0.9389
1.158
2.872
3.762
0.3535
0.7812
0.8376
0.6584
0.4026
1.723
2.429
0.7059
0.9952
1.207
0.5879
1.598
1.758
0.8089
1.68
1.966
2.988
2.37
0.6607
2.741
1.576
4.856
2.224
1.562
2.471
3.141
4.046
2.249
2.352
1.643
1.25
3.56
1.743
3.735
2.495
1.016
2.487
2.338
2.824
3.325
1.976
3.061
3.524
3.264
2.065
1.705
1.704
2.041
1.705
2.708
3.578
1.739
1.31
3.342
2.884
2.209
1.356
2.639
2.198
1.672
3.416
2.858
1.644
2.122
0.6939
5.442
0.7686
3.864
2.266
1.45
1.273
2.994
2.6
1.426
4.19
2.665
2.743
2.657
4.421
2.904
4.289
4.966
3.765
2.548
1.658
3.036
2.82
1.885
2.727
1.317
3.387
1.919
2.85
1.456
2.556
1.512
3.291
3.915
0.8766
1.683
2.476
2.553
8.882
4.208
1.393
4.355
0.6536
2.05
1.608
2.035
2.282
1.528
1.694
4.173
4.099
2.381
1.85
0.9718
1.422
2.931
3.983
2.233
2.222
1.947
3.975
1.351
0.7128
1.323
3.538
1.665
1.014
2.172
3.255
1.894
2.151
0.0
3.386
1.335
1.8
2.779
1.415
2.079
1.103
1.408
2.277
2.33
1.679
1.01
0.6472
2.317
4.263
1.745
2.468
1.333
2.902
3.747
3.694
2.883
2.381
2.796
2.286
0.8591
3.194
2.917
5.447
2.67
1.301
3.816
3.692
3.69
2.978
3.684
3.955
2.666
3.081
4.144
3.641
2.713
1.986
0.9681
2.689
3.064
5.588
1.817
3.236
2.141
2.193
1.557
1.361
1.402
1.998
3.353
2.115
2.6
2.996
1.394
1.913
1.348
0.5523
2.998
3.654
1.954
1.457
2.185
2.063
3.126
0.9563
1.515
2.25
3.144
1.741
3.467
1.997
0.0
4.643
1.539
2.021
6.066
2.07
2.049
6.272
2.488
3.549
2.825
2.703
1.025
2.376
3.271
1.803
1.407
1.336
2.889
1.89
2.191
2.933
5.158
2.089
0.4879
2.746
3.986
1.061
1.906
1.694
3.585
1.191
4.245
2.561
2.58
3.318
1.586
2.002
2.076
4.18
2.15
3.596
3.348
2.351
2.156
2.421
3.133
0.0
1.835
2.63
1.021
1.444
2.444
3.339
3.259
2.591
1.911
2.276
3.507
1.628
1.103
1.587
3.228
3.231
1.603
2.516
3.612
1.364
3.756
2.236
2.437
1.461
1.174
4.022
2.703
1.718
1.799
1.938
2.442
1.487
4.568
2.061
3.197
1.887
2.553
2.822
2.915
1.367
2.396
3.503
1.604
3.401
5.21
3.372
2.113
1.815
1.579
3.425
1.808
1.764
2.203
1.168
2.282
3.143
1.743
4.758
5.264
1.558
1.248
2.347
3.642
1.457
2.748
1.076
3.634
2.207
0.9058
3.392
2.835
2.448
2.152
2.504
1.165
3.942
2.202
2.67
1.441
2.988
2.192
2.363
1.293
2.494
2.674
2.196
2.186
1.079
4.193
1.571
1.889
3.609
6.592
2.713
3.434
3.008
3.265
2.854
1.348
2.221
2.151
1.539
2.494
2.285
2.775
2.173
2.203
3.831
1.989
3.473
5.089
1.326
1.95
2.45
1.803
1.343
1.809
2.305
3.006
2.373
1.791
2.882
3.109
0.9625
1.146
3.687
1.53
1.914
3.159
2.356
2.187
2.652
1.768
1.421
4.882
1.524
1.844
1.349
0.8553
1.434
3.507
3.294
1.762
2.303
1.733
1.984
1.81
2.109
3.264
2.384
1.67
1.301
1.819
1.672
0.0
2.377
1.084
1.471
2.296
2.659
1.972
1.915
2.668
3.067
2.013
2.748
1.887
2.337
0.9074
2.738
1.321
2.242
2.552
1.627
0.7741
1.173
2.772
2.489
1.962
3.507
2.063
1.821
1.485
0.9689
2.033
1.505
2.718
2.286
4.154
1.824
3.324
5.408
2.248
1.516
2.739
2.015
1.896
2.457
3.632
1.574
3.914
2.619
2.939
1.887
2.57
1.898
5.152
2.692
4.273
1.522
1.149
2.809
2.784
1.132
2.476
2.718
4.023
3.292
4.289
2.123
2.169
1.974
2.81
3.269
1.75
2.671
1.509
1.697
1.189
1.488
5.166
2.131
2.031
2.421
1.112
2.154
1.316
1.437
2.351
1.128
1.358
2.603
3.53
2.529
2.206
3.359
2.799
2.138
2.335
2.256
1.347
2.005
1.417
2.133
2.864
2.476
2.762
3.816
1.132
2.981
1.699
2.981
1.141
2.825
1.83
2.547
0.9749
1.379
5.04
0.3934
2.686
3.434
2.22
1.9
3.216
1.665
2.729
2.383
2.864
3.071
1.474
3.166
3.067
2.201
1.582
2.207
2.328
3.648
3.933
1.408
1.978
2.055
2.179
2.605
2.303
2.388
1.899
2.766
4.718
1.092
2.217
0.4742
4.032
1.738
3.703
2.045
1.399
2.678
1.503
1.862
3.853
2.229
3.343
2.871
1.712
2.652
3.837
2.391
1.871
3.648
2.798
2.352
1.662
2.817
2.189
1.926
3.903
2.947
1.491
4.933
1.459
1.849
2.606
1.583
2.435
0.7242
1.659
4.544
2.383
3.848
2.138
1.166
2.487
2.458
2.274
2.582
1.845
4.019
3.338
3.324
3.595
1.907
2.93
1.879
2.445
1.962
1.739
1.06
2.367
1.8
3.795
1.048
1.475
2.044
2.549
1.795
1.144
1.64
2.998
3.573
1.494
3.526
3.11
2.714
2.63
1.292
2.947
1.805
3.74
1.638
1.59
2.387
4.94
2.816
1.276
3.019
2.27
1.279
2.606
2.072
1.24
2.779
1.42
2.03
1.685
1.745
2.989
0.6995
1.442
3.164
2.519
3.084
1.201
3.47
1.548
2.214
1.978
1.651
1.384
2.404
1.14
2.446
4.768
1.94
2.921
2.953
1.755
2.105
1.679
3.352
3.238
3.052
2.845
0.6432
2.413
2.879
2.029
1.198
2.059
1.66
3.359
2.596
2.074
3.061
2.023
1.703
1.536
1.03
3.517
1.581
1.219
1.378
2.116
2.623
2.084
2.387
1.338
1.009
3.261
3.222
2.798
1.934
1.923
1.066
0.9837
2.597
2.594
1.603
5.346
0.3684
2.176
1.361
1.715
1.936
2.911
2.423
1.865
1.916
2.041
1.617
2.307
4.544
0.4807
3.74
1.551
2.234
1.358
1.807
1.72
1.48
1.72
0.0
1.343
1.074
1.688
0.5613
4.131
2.322
2.456
0.7179
0.8601
2.711
4.282
2.48
2.592
3.65
4.752
0.8601
2.835
1.983
3.159
2.126
3.655
1.212
1.062
2.706
4.253
0.0
2.805
1.079
2.995
5.449
3.138
1.624
4.402
1.385
2.123
1.673
3.828
2.585
1.054
2.136
2.881
3.194
1.37
1.791
1.599
2.161
2.571
3.109
2.316
0.8781
2.47
1.122
2.349
2.864
2.018
2.774
1.495
4.143
2.19
1.075
2.671
1.561
5.238
1.29
3.237
1.677
1.57
2.915
2.259
1.81
1.98
3.584
2.703
1.754
2.23
2.877
1.932
1.595
1.418
1.979
4.31
0.5979
3.152
1.318
3.309
2.627
5.224
3.503
0.6099
2.943
1.237
1.292
1.072
2.547
1.555
2.546
2.458
2.851
2.772
3.848
1.588
2.971
2.423
1.435
2.656
2.571
0.0
2.493
2.105
3.705
5.336
4.665
1.943
2.202
1.208
3.315
3.448
0.9993
0.7
2.655
1.212
4.461
0.6922
1.197
2.18
1.705
1.96
4.283
3.586
1.069
1.21
2.159
2.276
0.9927
1.799
2.358
3.618
4.254
1.858
2.965
2.124
0.7667
3.395
2.908
2.715
3.672
2.318
6.074
3.15
0.0
1.979
2.204
1.553
6.179
2.556
1.469
2.42
0.8677
2.833
3.194
1.852
2.236
1.082
2.72
2.788
1.228
1.446
1.95
4.102
2.0
4.446
1.495
2.271
3.667
2.905
1.886
1.353
2.644
1.919
1.677
2.116
1.394
2.838
1.716
1.67
0.8079
1.87
1.255
2.339
3.02
1.629
1.895
3.362
1.215
2.754
1.972
1.682
1.98
1.596
2.048
2.235
1.391
2.266
2.42
1.65
1.847
2.05
4.011
2.328
1.77
2.869
1.668
2.285
5.514
2.968
3.521
2.232
4.195
2.011
1.796
1.53
3.567
3.646
2.574
3.581
2.52
2.807
1.444
4.181
2.17
1.88
1.646
1.277
1.255
1.179
3.0
1.665
2.866
3.619
3.775
2.235
2.376
2.105
0.9717
2.357
2.683
2.474
1.896
3.38
3.876
3.371
4.206
2.174
2.886
3.255
2.081
3.471
1.211
4.392
3.795
1.739
0.7421
2.142
1.079
0.8276
1.327
2.331
0.7445
2.452
1.38
1.424
2.568
2.033
2.727
1.71
1.228
0.8611
3.119
0.6276
1.307
1.752
1.112
2.174
2.991
3.066
1.186
2.106
1.891
2.668
2.057
3.982
3.537
1.105
2.35
1.662
1.143
1.8
3.126
2.57
0.7724
1.739
2.456
1.069
1.337
2.193
1.895
2.146
1.342
5.608
0.9692
2.383
1.262
1.746
1.628
0.6227
3.232
2.233
2.033
1.744
2.377
1.908
1.408
2.316
2.188
1.507
2.982
1.715
3.621
2.759
2.884
2.783
2.152
3.297
0.818
1.545
2.187
1.854
1.079
1.182
1.779
3.011
1.639
1.174
1.962
1.855
1.904
1.915
1.502
1.259
2.976
1.772
1.777
1.848
2.348
1.393
1.59
2.455
3.207
3.461
2.139
2.055
2.036
2.27
1.283
2.515
3.394
2.731
0.589
2.272
2.008
3.028
2.48
2.572
3.695
1.955
0.0
2.276
0.9582
2.932
1.077
1.567
5.217
1.289
2.649
2.386
1.572
1.589
3.734
1.501
1.459
4.08
2.863
0.8872
1.305
1.051
3.477
1.275
1.696
2.227
3.024
3.077
0.8146
0.7122
3.176
2.644
1.51
4.206
0.5132
4.273
2.979
2.384
2.08
2.724
2.151
1.2
2.847
3.596
2.219
5.627
2.288
2.112
0.8994
1.852
2.595
3.689
3.683
3.811
3.167
1.039
1.685
3.257
1.346
3.4
3.404
1.068
1.369
1.984
2.154
3.206
4.818
2.394
1.351
1.438
3.973
1.135
1.766
1.54
2.646
2.138
1.97
1.178
1.712
2.098
2.458
0.8154
2.285
2.482
2.543
0.0
3.318
2.165
3.929
1.569
1.01
1.941
1.342
2.378
2.186
1.163
3.114
2.386
3.42
1.81
3.998
1.719
1.896
1.537
0.7089
1.221
2.441
1.631
0.0
4.223
5.513
1.322
4.823
1.962
1.854
3.394
3.496
2.722
1.356
1.007
1.323
3.421
1.005
4.666
2.42
0.5069
3.063
0.0
2.19
3.546
4.025
2.974
1.867
2.642
2.368
4.546
0.9038
1.372
2.109
1.208
1.754
2.943
1.416
3.909
3.974
2.798
2.455
1.268
1.347
2.863
2.773
0.0
1.965
1.832
2.423
1.721
3.762
1.359
2.468
4.541
3.563
1.643
0.3757
2.63
4.11
1.666
5.404
2.811
0.0
4.07
2.349
1.801
2.937
2.924
1.879
3.5
2.136
2.07
1.184
3.332
1.374
3.713
0.567
1.122
5.545
3.539
2.493
2.624
2.014
3.876
2.219
2.331
1.979
1.671
2.759
1.722
3.05
1.005
3.899
3.692
1.423
3.056
0.666
2.522
2.2
1.074
2.729
1.191
1.406
2.895
2.501
3.009
3.5
2.189
2.51
1.966
0.9657
2.798
3.052
1.394
7.304
1.014
2.116
0.7017
1.244
1.239
3.172
1.873
1.06
1.695
2.786
5.42
4.569
2.275
0.7588
1.408
1.769
0.2893
3.254
2.045
2.069
1.775
1.785
1.904
0.5295
1.304
1.254
2.055
4.779
2.209
3.587
4.144
4.113
2.671
5.579
3.535
2.051
2.48
3.421
3.828
1.222
4.578
3.175
3.147
4.996
1.376
2.506
3.216
2.455
1.61
1.726
1.069
4.118
2.241
2.898
2.835
2.453
3.733
3.31
1.871
2.624
4.167
3.227
3.818
1.711
2.977
2.439
1.148
3.033
4.579
0.8056
1.93
0.8141
4.026
1.71
0.7281
2.869
2.041
3.901
2.594
5.614
2.479
1.61
1.038
0.676
2.309
3.554
2.255
2.435
3.431
2.778
2.827
3.252
1.269
4.523
4.372
1.226
6.361
5.783
1.183
1.985
2.865
2.52
1.821
2.151
2.1
1.513
0.5734
1.912
2.136
3.237
0.5919
4.147
1.706
2.792
1.451
5.504
0.0
2.953
3.034
3.132
2.645
2.337
2.088
2.213
2.331
1.272
1.881
1.866
2.849
1.321
1.124
1.563
3.712
1.898
1.884
2.454
3.852
2.346
5.415
2.5
3.178
2.401
2.073
2.365
3.377
3.218
2.794
3.584
1.893
0.9721
2.096
3.241
4.301
1.876
2.936
4.336
1.78
2.635
2.099
4.147
1.714
2.862
1.687
1.96
1.886
2.25
1.439
1.939
3.603
1.896
1.534
4.586
1.476
1.193
2.871
3.034
4.228
4.265
0.4291
1.612
2.3
2.045
1.82
1.161
1.432
2.149
1.872
0.7229
1.659
1.838
2.107
1.384
3.432
2.88
3.746
1.098
2.087
2.328
2.643
2.457
2.651
1.205
2.379
3.598
3.203
1.158
1.162
2.636
2.68
2.715
2.797
4.907
1.379
1.665
1.071
1.724
2.241
1.76
3.732
1.387
2.582
2.402
1.593
2.792
4.986
2.284
1.597
1.501
4.224
2.638
1.046
1.11
1.491
1.216
6.822
2.729
3.088
5.964
2.905
0.0
1.269
1.985
2.062
1.953
2.503
4.421
2.335
3.0
1.611
4.898
3.134
1.889
3.44
1.938
2.503
3.158
0.4495
4.768
2.54
3.196
1.712
3.198
1.799
3.856
2.186
2.447
5.571
1.376
1.93
2.243
4.022
0.5732
1.072
3.168
1.96
2.466
1.068
1.897
5.258
1.883
4.021
1.122
1.117
2.684
4.011
3.084
1.775
2.752
0.6783
0.8241
1.418
4.571
2.859
1.949
2.318
1.891
0.9939
2.88
1.173
1.846
2.747
1.291
1.776
3.14
2.711
1.739
3.74
2.015
1.222
3.716
3.344
3.797
3.825
3.626
2.244
1.197
2.284
1.115
0.8923
3.997
3.308
2.081
3.955
1.62
1.659
1.22
3.032
0.69
1.355
4.97
2.844
1.799
2.71
0.6943
1.637
2.803
2.742
4.278
2.36
0.8007
2.103
3.756
3.02
2.533
2.185
1.17
2.142
3.409
1.265
2.864
2.817
3.31
3.219
2.075
3.517
3.561
1.723
3.073
3.386
1.944
0.9811
2.186
2.673
1.748
3.161
4.863
4.092
3.134
2.797
1.951
2.13
1.679
0.9583
2.359
2.132
1.418
4.004
0.7229
3.321
1.93
1.707
1.394
0.0
2.081
2.098
3.209
3.557
3.958
1.046
1.907
3.052
2.618
1.112
1.664
1.665
4.554
4.061
1.146
1.945
3.13
3.549
2.148
1.626
3.546
4.253
1.04
1.652
2.005
2.473
5.14
2.29
3.086
3.05
3.866
2.482
3.782
5.142
3.128
2.723
3.319
2.273
4.308
1.065
0.6934
3.182
2.499
5.576
1.408
2.13
2.162
0.0
2.329
3.111
1.86
1.048
2.348
1.496
3.406
1.314
4.933
1.632
1.345
1.173
1.521
2.746
4.175
1.356
2.435
1.664
1.967
2.238
0.3179
3.287
4.137
4.341
2.786
1.922
1.072
1.945
1.29
1.029
1.658
2.104
2.255
0.9457
2.046
3.253
2.532
1.782
2.82
1.278
4.204
2.269
3.401
3.45
3.555
1.627
3.528
1.8
1.277
4.808
1.945
0.8629
0.0
0.9573
1.047
1.068
0.0
1.212
1.706
0.0
1.275
1.483
1.851
1.928
0.8249
9.849e-08
1.383
2.798
1.095
0.6934
2.211
1.111
0.567
1.926
3.193
1.748
1.097
2.385
1.266
1.379
1.387
1.077
0.9811
2.833
0.9634
1.3
2.046
1.051
2.716
1.376
2.623
1.498
3.753
2.103
1.309
1.375
2.922
1.052
2.635
1.688
1.591
3.289
3.002
1.003
1.741
2.394
1.693
2.16
2.184
0.8326
1.989
1.389
1.47
3.876
1.896
1.919
1.86
1.781
2.032
4.074
3.157
1.879
2.066
1.928
1.616
2.38
0.8532
2.224
2.618
2.889
2.904
1.685
3.137
1.665
2.7
2.308
2.513
2.656
2.0
2.401
2.422
2.287
3.471
1.297
4.793
2.431
2.074
2.122
0.787
0.5193
0.3565
0.3178
2.494
2.073
1.743
1.328
1.152
1.632
1.743
1.388
1.002
2.233
2.035
1.073
1.499
2.766
2.998
2.298
2.564
2.225
2.651
2.485
1.972
2.688
1.664
1.993
2.267
1.6
2.088
3.88
2.303
1.374
1.34
4.118
3.02
2.645
3.025
2.954
0.3928
1.76
2.373
2.235
3.932
1.476
2.684
2.912
2.846
2.569
2.733
2.498
2.475
1.652
3.436
1.553
2.607
2.111
2.46
2.272
4.736
1.472
2.227
2.266
2.68
2.283
2.689
4.204
2.686
3.485
5.377
3.304
3.145
4.137
2.004
3.303
2.045
2.488
2.012
3.508
2.755
1.727
3.071
2.097
5.687
3.341
4.296
2.878
2.712
2.756
2.88
3.086
2.374
2.465
2.533
5.392
2.611
4.553
3.711
5.465
