604.1
940.8
476.8
1.233e+03
239.9
833.3
660.9
509.0
608.5
361.5
690.6
690.6
954.7
508.1
761.0
645.8
276.0
1.082e+03
500.9
544.2
540.1
742.0
747.7
955.6
355.8
809.2
497.9
433.3
830.8
327.9
824.1
594.0
1.132e+03
857.6
503.9
386.2
940.8
767.4
462.4
627.1
675.5
195.6
310.1
555.3
337.2
1.072e+03
290.6
395.0
836.7
1.179e+03
561.6
759.3
578.3
263.3
788.3
605.0
564.8
459.4
684.2
590.3
542.5
952.3
419.1
959.7
719.2
767.1
825.0
707.6
883.6
381.3
737.9
143.6
479.6
557.6
336.2
751.4
849.4
592.6
188.4
416.0
1.253e+03
497.2
205.0
877.8
456.2
849.9
848.6
250.5
983.7
452.8
341.8
720.4
159.7
663.8
620.0
665.0
552.7
1.115e+03
578.9
878.5
288.4
679.8
535.8
671.1
399.8
400.7
794.8
770.1
784.9
679.0
175.5
609.4
646.0
627.8
988.4
614.8
521.1
588.6
740.9
706.0
460.1
610.9
508.1
372.5
472.3
4.028e-05
847.1
555.2
558.8
854.5
122.8
472.3
168.6
882.5
860.9
151.8
481.4
599.3
661.5
65.04
81.4
564.3
912.6
898.8
235.0
717.9
252.8
554.2
305.6
813.0
399.7
514.0
298.2
451.8
517.1
791.2
840.0
153.6
274.6
737.0
745.9
743.8
910.4
789.8
605.0
326.4
287.6
559.1
71.61
913.0
940.7
625.2
267.8
40.15
79.35
379.3
852.8
700.9
363.9
511.3
512.4
77.25
566.9
483.0
483.0
525.2
466.7
272.5
444.7
337.4
883.4
617.5
297.1
320.8
561.4
635.0
578.5
31.71
121.5
735.8
700.5
741.9
610.4
362.0
588.4
825.9
204.5
578.2
472.7
693.8
440.0
231.1
217.5
305.3
733.8
379.2
536.5
587.7
511.6
151.5
377.3
737.7
469.1
722.2
302.4
396.9
239.1
742.7
704.4
899.3
656.0
446.6
436.5
527.7
529.8
785.4
698.0
540.9
1.04e+03
887.1
411.1
389.1
787.8
405.6
461.8
334.9
511.7
829.8
315.8
381.7
229.2
772.7
287.4
776.2
600.0
305.6
389.7
237.4
889.8
957.5
561.7
171.2
566.2
287.4
648.5
475.6
434.9
634.3
388.2
959.8
666.9
499.1
621.7
1.086e+03
192.6
242.1
964.9
338.3
396.1
405.5
535.0
226.4
317.3
550.3
899.2
420.4
884.7
297.2
572.7
945.2
736.2
494.0
447.8
653.8
986.1
658.3
1.105e+03
219.5
1.073e+03
764.9
449.4
765.5
90.55
781.7
222.7
426.5
435.6
575.6
421.3
716.5
1.174e+03
582.0
526.6
472.1
844.3
462.2
148.8
537.0
162.8
779.9
613.1
260.3
900.0
479.7
186.7
747.0
647.8
390.4
895.6
807.5
709.8
785.9
728.9
346.4
773.4
440.8
864.9
955.4
734.9
188.9
463.6
216.0
1.093e+03
483.3
763.3
907.4
712.9
415.1
211.7
964.4
360.2
100.7
625.7
1.084e+03
831.5
200.7
967.9
40.08
227.5
958.2
540.6
550.1
718.0
860.8
813.8
658.0
773.2
225.9
942.9
916.1
131.5
825.9
786.3
19.33
664.1
806.9
898.5
938.8
247.2
38.85
654.6
759.6
229.8
111.7
193.1
181.7
652.8
7.152e-05
1.201e+03
723.4
524.7
536.1
771.7
714.2
350.5
1.038e+03
187.5
1.022e+03
795.5
813.3
761.3
722.6
176.3
961.3
353.2
678.5
322.6
174.4
914.3
535.4
587.0
1.048e+03
402.6
250.5
178.7
220.9
757.2
710.2
206.8
437.6
126.4
620.5
402.0
700.6
487.5
622.6
167.5
393.4
811.1
224.2
325.0
500.9
305.3
801.1
452.4
774.5
457.2
203.0
266.5
275.5
799.0
897.9
621.9
472.1
902.7
729.9
633.7
332.9
1.052e+03
811.3
920.0
130.9
383.7
452.1
745.3
838.9
838.8
517.1
752.8
958.0
794.2
35.51
1e+03
589.5
252.4
805.3
911.3
533.2
742.8
831.4
606.4
727.8
813.2
664.1
994.8
811.5
887.4
226.6
174.2
30.11
902.5
327.8
760.6
921.3
514.3
561.9
990.3
1.053e+03
848.8
1.109e+03
985.4
1.017e+03
1.238e+03
1.096e+03
860.8
940.7
688.6
1.251e+03
1.175e+03
1.075e+03
