0.2395
0.2575
0.3251
0.0
0.3267
0.0
1.132
0.2925
0.183
0.2468
0.3961
0.1791
0.4146
0.1896
0.3871
0.1354
0.0679
0.9954
0.1452
0.2094
0.3032
0.2775
0.3489
0.4625
0.6368
0.2412
0.2051
0.2872
0.18
0.2372
0.4046
0.2009
0.2163
0.4517
0.3884
0.2176
0.599
0.3671
0.3021
0.6331
0.4815
0.4059
0.4307
0.4295
0.2571
0.2649
0.4162
0.3026
0.2641
0.2561
0.2561
0.4483
0.4143
0.7073
0.3092
0.2367
0.4403
0.4257
0.6441
0.3222
0.6008
0.254
0.2079
0.5255
0.5255
0.3165
0.3705
0.2445
0.6959
0.2336
0.3213
0.5068
0.5243
0.308
0.4593
0.3468
0.3329
0.5237
0.2297
0.3485
0.2138
0.3274
0.334
0.8763
0.4771
0.3495
0.614
0.3571
0.4809
0.5966
0.3887
0.3225
0.3256
1.009
0.9731
1.082
0.308
0.4811
0.5333
0.4903
0.4118
0.5093
0.2399
0.3672
0.2139
0.5592
0.3604
0.3574
0.3322
0.2466
0.3014
0.2155
0.5028
0.539
0.4126
0.1038
0.3863
0.3805
0.8223
0.5474
0.9428
0.37
0.37
0.8859
0.3774
0.2194
0.4688
0.5233
0.3225
0.7223
0.346
0.6746
0.1809
0.1747
0.7575
0.1423
0.9132
0.5345
0.1134
0.3554
0.578
0.7967
0.5973
1.272
0.9387
0.5681
0.4904
0.3377
0.4272
0.2274
0.2404
0.7216
0.1393
0.4247
0.4966
1.173
0.2243
0.3619
0.7355
0.4908
0.5663
0.9454
0.4214
0.245
0.3896
0.3246
0.7351
0.713
0.4974
0.7886
0.5029
0.1951
0.4847
0.3967
0.4456
0.8792
0.5068
0.2651
0.5646
0.3576
0.4535
0.3357
0.4082
0.3015
0.5243
0.3754
0.4917
0.5694
0.8946
0.2541
0.227
0.577
0.3259
0.3435
0.4992
0.4709
0.3658
0.7107
0.3142
0.294
1.525
1.277
1.234
0.4818
0.6119
0.5697
0.7922
0.2727
0.4061
0.8816
0.8443
0.3939
0.3717
0.6039
0.9354
0.6226
0.5008
0.4474
0.4666
0.9592
0.7673
1.159
0.3362
0.8092
1.219
0.5693
0.2506
1.114
1.001
1.061
0.1736
1.17
0.6511
0.3361
0.8361
0.828
1.028
0.9561
0.6034
0.473
0.3523
0.6477
0.6012
0.6112
0.3685
0.4361
0.3338
0.5693
0.1716
1.107
0.5953
0.6921
0.5847
0.8398
0.29
0.4562
0.3378
0.2996
0.7644
1.107
0.4752
0.7032
1.059
0.4867
0.6586
0.742
0.2048
0.3812
0.2795
0.342
0.5382
0.4601
0.409
0.45
1.046
0.7733
0.8595
0.907
0.3653
0.5177
0.4293
0.3735
0.8467
0.9658
1.05
1.616
0.8666
0.4239
0.5108
0.2495
0.2239
0.6677
0.5645
0.9303
0.8704
1.108
0.5037
1.011
0.5675
0.3307
0.6331
0.3687
0.3943
0.4392
0.7908
0.5475
0.5057
0.44
0.741
0.9069
0.4342
0.4986
0.7682
0.4507
0.3001
0.7712
0.1515
0.5147
0.4302
0.4104
0.5614
1.006
0.9734
0.8257
0.3103
0.5975
0.7852
0.9296
0.4201
0.6029
0.5894
0.5204
0.8409
1.005
0.9081
0.9012
0.996
0.8343
0.3304
0.5839
0.6166
0.7911
0.386
0.7987
0.9327
0.5179
0.5733
0.6841
0.3241
0.4473
0.6359
0.6337
1.071
1.098
0.8348
0.7484
0.5138
0.4864
0.3469
0.5729
0.8542
0.5853
0.8833
0.5109
0.6765
0.9447
1.055
0.5181
0.2947
1.068
0.5176
1.084
0.7607
0.6225
0.8432
1.157
0.3064
0.473
0.5618
0.9167
0.7304
0.4383
0.2817
0.6142
0.6182
0.3729
0.8577
0.8589
0.6066
0.4658
1.091
0.3382
0.4284
0.4525
1.097
0.8985
0.445
0.4259
0.4441
0.7253
0.8068
0.6375
0.6014
0.486
0.8966
1.036
0.9208
0.5949
0.558
0.4932
0.6029
0.4933
0.5046
0.2931
0.2529
0.6156
0.8031
0.5346
0.4663
0.3763
0.4339
0.4587
0.6271
1.114
0.6222
0.3808
0.8423
0.9214
0.3509
0.6023
0.742
0.5668
0.5734
0.5069
0.3489
0.9038
0.6626
0.5081
0.7245
0.6719
0.414
0.3717
0.7438
0.3106
0.3567
0.3719
0.7542
0.4398
0.4067
0.6571
0.4958
1.0
0.6078
0.7327
0.5578
1.142
0.4208
0.5978
0.8917
0.5028
0.9591
0.6568
0.742
0.8123
0.9734
1.243
0.9544
0.676
0.6944
0.5057
0.721
0.5427
0.5585
0.6072
0.3857
0.5125
0.4524
0.4507
0.9636
0.6428
0.9903
0.3959
0.4649
0.7843
1.217
0.2314
0.7465
0.7082
0.797
0.8915
0.7964
0.8172
0.5217
0.6262
0.2829
0.2311
0.2946
0.2766
0.0
0.3598
0.2641
0.1276
0.3031
0.3672
0.276
0.2918
0.4995
0.2775
0.2157
0.3955
0.2775
0.4612
0.1468
0.2799
0.3988
0.2828
0.6368
0.3676
0.4624
0.4624
0.3688
0.3688
0.4624
0.4624
0.3514
0.3804
0.2998
0.1505
0.1982
0.26
0.2391
0.5496
0.3777
0.5226
0.4619
0.2009
0.6133
0.4903
0.2592
0.3758
0.9984
0.1975
0.4032
0.8088
0.2367
0.3034
0.5621
0.08956
0.31
0.378
0.3474
0.4346
0.5715
0.5103
0.1591
0.314
0.3577
0.2367
0.2851
0.2518
0.4121
0.3812
0.6322
0.5103
0.09929
0.5242
0.2662
0.5474
0.3603
0.522
0.2986
0.3416
0.3255
0.1466
0.2043
0.3425
0.9376
1.312
0.8107
0.5084
0.1248
0.5059
0.4248
0.7209
0.5059
0.7917
0.3469
0.3134
0.3792
0.3817
0.5799
0.4137
0.3029
0.4359
0.3225
0.352
2.029
1.009
1.022
0.5378
0.1776
0.5169
0.9615
1.109
0.8151
0.8151
1.005
0.4411
0.5064
0.2712
0.5812
0.3578
0.5274
0.4853
0.3601
0.161
0.2895
0.4999
0.4891
0.4949
0.4132
0.9179
0.1592
0.3712
0.4674
0.2898
0.224
1.062
0.5315
0.611
1.128
1.155
0.2583
0.5144
0.3009
0.78
0.475
0.9087
0.3087
0.5479
0.5228
0.4697
0.5692
0.6818
0.2429
0.2808
0.4771
0.4013
0.3037
0.7018
0.6487
0.4966
0.3872
0.5216
0.6877
0.3902
0.4506
0.2758
0.4334
0.2044
0.2071
0.4914
0.9791
0.7364
0.5802
0.3776
0.4537
1.664
0.1252
0.4429
0.4006
0.4462
0.5876
0.5037
0.7433
0.2859
0.9155
0.8431
0.5784
0.5672
0.9213
0.5092
0.5641
0.4377
0.2903
0.6463
0.3574
0.9663
0.3673
0.4826
0.6498
0.4287
0.2233
0.7545
0.7949
0.6515
0.524
0.76
0.7278
0.6091
0.7081
0.4529
0.9307
0.5438
0.4818
0.4321
0.2763
0.5889
0.9428
0.6677
0.637
0.4817
0.7904
0.2569
0.6539
0.8364
0.8431
0.4693
1.056
0.5363
0.3761
0.4754
1.133
0.9535
0.8846
0.7978
1.07
0.3784
0.3136
0.2409
0.554
0.4353
0.3422
0.7692
0.5053
0.2919
0.9391
1.045
1.027
0.943
0.1497
0.6096
0.7814
0.9368
0.6388
0.5779
0.4074
0.2653
0.3271
0.4009
0.4647
1.072
0.3501
1.15
0.6556
0.773
0.8592
0.9622
0.3682
0.5386
0.718
0.3347
0.5633
0.8532
0.9283
0.4342
0.6371
0.7977
0.2447
0.2895
0.3232
0.251
0.6619
0.6889
0.5461
0.334
0.4385
0.7256
0.5079
0.3342
0.5341
0.4993
0.758
0.8712
1.071
0.7395
0.6785
0.7654
0.3518
0.3661
0.4954
0.5388
0.4885
0.3832
0.3906
0.8618
0.5598
0.5558
0.58
0.2
1.193
0.7096
0.6829
0.3666
0.3883
0.5336
0.3401
0.5228
0.6165
0.7571
0.6975
0.4494
0.8234
0.5473
0.3988
0.4293
0.7658
0.7239
0.8939
0.2644
0.3808
0.8542
0.7241
0.4195
0.3145
0.809
0.6421
0.9244
0.5099
1.073
0.4625
0.9599
0.6375
0.3156
0.2884
0.2803
0.5927
0.5436
0.6204
0.8076
0.2604
0.2916
0.586
0.5087
0.5365
1.23
0.142
0.671
0.7863
0.6604
0.7436
0.5193
0.9813
0.5463
0.7286
0.439
0.316
0.4887
0.7753
1.036
0.7104
0.4911
1.128
1.069
1.111
0.8103
1.02
0.3222
1.496
0.8018
0.7613
1.209
0.3898
0.6688
0.5898
0.9043
0.3096
0.8696
0.5578
0.5135
0.6075
0.5093
0.3198
1.013
0.2825
0.7149
0.4074
0.9941
0.3773
0.7477
0.6577
0.8033
0.2895
0.5599
0.9302
0.4863
0.4871
0.3989
0.379
0.4386
0.5264
0.7414
1.052
1.115
0.3375
0.9501
0.4193
0.4515
1.07
0.7935
1.111
0.7689
0.8093
0.6788
0.7749
0.2877
0.8297
0.7173
0.5935
0.7003
1.1
0.6706
0.7841
0.4444
0.6457
0.5067
0.8808
0.2283
0.8765
1.029
0.7904
0.2663
0.5292
0.7693
0.6698
0.3124
0.8918
1.067
0.251
0.4589
1.025
1.113
0.8684
0.6604
0.6054
0.1945
0.8835
0.7257
0.806
0.6535
0.9528
0.6858
0.9409
0.4189
0.4133
0.7694
0.3036
0.6743
0.7398
0.929
0.5162
0.5329
0.9602
0.4785
0.1929
0.6452
0.2111
0.7087
0.3492
0.3224
0.3799
0.5303
1.529
0.2541
0.2637
0.6102
0.4441
0.2647
0.7511
0.7085
0.626
0.623
0.7724
0.9791
0.9885
0.6617
0.6341
0.7536
1.002
0.7483
0.4592
0.6622
0.6176
0.4327
0.687
0.6886
1.122
0.5699
0.9911
0.8984
0.2501
0.298
0.3334
0.4697
0.3331
0.4186
0.0
0.3567
0.3462
0.7572
0.1427
0.2986
0.6737
0.3558
0.3983
0.3926
0.6902
0.3578
0.1501
0.3542
0.4777
0.3298
0.3075
0.4634
0.1625
0.3492
0.2144
0.1243
0.4633
0.4035
0.3611
0.3304
0.3666
0.3278
0.3369
0.3391
0.2995
0.4449
0.1986
0.3175
0.4314
0.4128
0.4144
0.2802
0.4501
0.4472
0.3565
0.4116
0.1616
0.2191
0.3298
0.3504
0.2636
0.2758
0.185
0.2631
0.4052
0.29
0.2835
0.1648
0.5272
0.5327
0.6375
0.2153
0.1817
0.5333
0.5778
0.3627
0.4258
0.3601
0.1589
0.363
0.3114
0.4692
0.3536
0.3377
0.3308
0.3182
0.2477
0.3779
0.2345
0.5312
0.2657
0.1725
0.4358
0.2921
0.6102
0.2964
0.2964
0.514
0.3491
0.487
0.4563
0.3605
0.5288
0.3095
0.3043
0.2458
0.1905
0.2876
0.6334
0.4967
0.404
0.3244
0.4321
0.5069
0.1773
0.1295
0.4834
0.4369
0.1871
0.01445
0.168
0.366
0.3872
0.3784
0.4438
0.03545
0.3674
0.3558
0.6917
0.5949
0.3681
0.4238
0.4091
0.4299
0.4647
0.4749
0.3225
0.4162
0.4675
0.2121
1.005
0.3815
0.338
0.3243
0.2661
0.09398
0.4989
0.4541
0.994
0.4939
0.3326
1.015
0.393
0.1802
0.3582
0.7056
0.2629
0.4229
0.4732
0.3885
0.6688
0.6724
0.3709
0.1493
0.2323
0.2609
0.5367
0.3024
0.3218
0.2983
0.2098
0.1184
0.2013
0.5029
0.3933
0.3245
0.4758
0.8388
0.2645
0.2498
0.2846
0.3278
0.2491
0.4574
0.3797
0.1997
0.4697
0.4883
0.399
0.3141
0.3075
0.6543
0.2043
0.8304
0.7294
0.4423
0.5608
0.5338
0.4766
0.5115
0.4827
0.2658
0.2757
0.2954
0.3271
0.4337
0.3625
0.4564
0.1651
0.3292
0.2814
0.4919
0.3117
0.7266
0.6004
0.7572
0.346
0.3182
0.2826
0.409
0.3619
0.2989
0.3535
0.33
0.2763
0.4459
0.315
0.7595
0.6244
0.3932
0.2577
0.3255
0.4452
0.3313
0.294
0.2176
0.4716
0.4986
0.3537
0.3881
0.4633
0.3187
0.2268
0.3543
0.4225
0.2596
0.3589
0.4846
0.5913
0.4241
0.6292
0.4215
0.559
0.2965
0.3044
0.237
0.2558
0.2414
0.6029
0.128
0.4738
0.1374
0.1247
0.4708
0.2818
0.5628
0.1519
0.2091
0.2866
0.3845
0.2249
0.9091
0.2821
0.6709
0.2148
0.4233
0.4638
0.4297
0.4216
0.4671
0.4003
0.4282
0.5489
0.2147
0.2515
0.2403
0.2741
0.7591
0.3588
0.449
0.3506
0.3376
0.125
0.3801
0.233
0.108
0.3051
0.6168
0.3586
0.3486
0.2176
0.3108
0.4228
0.1721
0.6432
0.2341
0.1665
0.4761
0.4584
0.417
0.2565
0.3407
0.4204
0.4455
0.5121
0.2238
0.6033
0.3071
0.1797
0.3346
0.6952
0.3645
0.3376
0.3894
0.214
0.4287
0.3912
0.3059
0.2276
0.1571
0.5639
0.4678
0.1256
0.6023
0.5067
0.2976
0.1977
0.1933
0.3684
0.3443
0.3085
0.1238
0.4801
0.4632
0.2604
0.2864
0.38
0.3877
0.1409
0.2567
0.2716
0.1503
0.4345
0.4958
0.3104
0.1835
0.5548
0.6149
0.3524
1.147
0.1575
0.6636
0.1933
0.4104
0.1976
0.4287
0.2191
0.2863
0.3367
0.4201
0.2188
0.3561
0.4088
0.2554
0.4194
0.342
0.3223
0.4761
0.144
0.1042
0.7873
0.3124
0.3046
0.1843
0.3423
0.9293
0.3439
0.47
0.5606
0.3225
0.7213
0.221
0.3545
0.8344
0.3726
0.2862
0.3555
0.1719
0.3235
0.1544
0.323
0.4943
0.2065
0.1444
0.2896
0.5461
0.1534
0.2149
0.4315
0.2943
0.2662
0.2012
0.3834
0.1236
0.1961
0.1968
0.4938
0.1885
0.4335
0.309
0.3252
0.2619
0.5636
0.3491
0.4734
0.147
0.1661
0.3599
0.1099
0.3338
0.7472
0.21
0.3604
0.43
0.4311
0.5169
0.2409
0.2126
0.6726
0.3862
0.6278
0.1587
1.019
0.2798
0.2565
0.2375
0.1296
0.2604
0.1634
0.2699
0.2554
0.462
0.7948
0.3306
0.6448
0.8088
0.2982
0.1491
0.08574
0.2047
0.6917
0.1502
0.3431
0.6112
0.2946
0.1699
0.144
0.3062
0.3989
0.3813
0.4645
0.2325
0.1804
0.4184
0.1509
0.321
0.2916
0.1632
0.4149
0.232
0.1653
0.2128
0.5847
0.2846
0.2632
0.6528
0.2801
0.3754
0.3356
0.6393
0.2619
0.4669
0.3199
0.5861
0.2773
0.2441
0.3157
0.1951
0.4973
0.2517
0.3694
0.5197
0.3056
0.2592
0.303
0.3371
0.7174
0.2219
0.1224
0.3505
0.4178
0.1295
0.4244
0.301
0.2067
0.4
0.2787
0.1634
0.4601
0.2145
0.1164
0.4891
0.5467
0.3757
0.2255
0.1982
0.3224
0.3008
0.4307
0.4672
0.5693
0.3646
6.519e-09
0.2057
0.2282
0.1934
0.1859
0.305
0.1954
0.2214
0.3082
0.5683
0.4962
0.3855
0.4096
0.2145
0.08529
0.4759
0.1588
0.5837
0.395
0.2198
0.406
0.1373
0.4005
0.221
0.3792
0.3504
0.2727
0.1269
0.8661
0.3649
0.3068
0.1573
0.3717
0.1978
0.3366
0.5073
0.2702
0.3797
0.1722
0.1464
0.3932
0.3815
0.2438
0.4391
0.6608
0.4291
0.1246
0.2938
0.3372
0.2857
0.2771
0.3452
0.3424
0.2082
1.079
0.3734
0.357
0.6493
4.936e-08
0.4011
0.4052
0.1582
0.1469
0.4334
0.2802
0.3203
0.2242
0.4109
0.842
0.2422
0.3376
0.2773
0.6438
0.2165
0.2986
0.5242
0.3164
0.5596
0.4293
0.4608
0.2723
0.3065
0.2733
0.1936
3.745e-08
0.474
0.3166
0.3519
0.1604
0.1546
0.08932
0.4506
0.3747
0.2898
0.4641
0.3456
0.3375
0.3909
0.2961
0.2006
0.277
0.5362
0.276
0.262
0.2329
0.2974
0.6714
0.2187
0.517
0.166
0.3763
0.1912
0.4004
0.3786
0.1978
0.2088
0.5071
0.2676
0.226
0.1948
0.2684
0.2056
0.3863
0.3619
0.4653
0.2214
0.3321
0.4651
0.2507
0.3366
0.2553
0.09018
0.3337
0.389
0.1564
0.324
0.3497
0.5063
0.5309
0.4156
0.5995
0.2649
0.2614
0.3861
0.2225
0.2507
0.2954
0.2168
0.3141
0.3747
0.5443
0.1098
0.3142
0.4309
0.147
0.3933
0.1161
0.3031
0.09418
0.1308
0.3689
0.375
0.1621
0.4772
0.3571
0.4238
0.2548
0.2109
0.6791
0.6012
0.2562
0.2979
0.3246
0.5402
0.4052
0.7386
0.4353
0.5388
0.2675
0.1835
0.3643
0.1973
0.3377
0.2987
0.4931
0.2607
0.1069
0.2442
1.911
0.3762
0.3622
0.3637
0.4044
0.3265
0.6365
0.3423
0.3958
0.1221
0.4183
0.2656
0.3067
0.2388
0.2003
0.2041
0.09886
0.4117
0.5499
0.228
0.3412
0.3246
0.3152
0.3341
0.3334
0.3049
0.2895
0.382
0.3586
0.434
0.3109
0.5166
0.2836
0.7429
0.2999
0.03686
0.1848
0.1849
0.4101
0.385
0.4417
0.3632
0.4736
0.2906
0.2731
0.6726
0.3605
0.5835
0.4009
0.2841
0.3078
0.4959
0.2659
0.456
0.4938
0.321
0.3128
0.4303
0.4487
0.222
0.1713
0.3304
0.1806
0.4786
0.327
0.3358
0.3392
0.8122
0.4296
0.2031
0.2647
0.2812
0.2441
0.2483
0.3981
0.3463
0.1714
0.2753
0.4013
0.4189
0.3025
0.4323
0.3025
0.2916
0.2177
0.459
0.1018
0.6327
0.3228
0.2533
0.2245
0.2915
0.3003
0.4097
0.5223
0.3394
0.354
0.3078
0.2426
0.2923
0.3256
0.3039
0.3422
0.1139
0.5479
0.3103
0.1568
0.2073
0.4175
0.4951
0.2794
0.3473
0.3548
0.5451
0.1943
0.2655
0.3643
0.1001
0.3434
0.1335
0.3807
0.09224
0.2161
0.248
0.4212
0.4316
0.1405
0.2578
0.619
0.2046
0.3352
0.2479
0.3883
0.3247
0.193
0.3916
0.5304
0.4728
0.4053
0.3761
0.5287
0.2634
0.2919
0.6146
0.4701
0.5723
0.3964
0.4667
0.1999
0.3617
0.3862
0.1301
0.5303
0.2171
0.2225
0.4537
0.539
0.2769
0.1516
0.1889
0.2788
0.3765
0.3087
0.173
0.4995
0.3335
0.3205
0.687
0.4011
0.4415
0.1225
0.3844
0.3691
0.3196
0.3973
0.2236
0.7816
0.3714
0.3696
0.3133
0.436
0.1621
0.6191
0.2655
0.3205
0.2109
0.383
0.2383
0.1583
0.1327
0.9986
0.3949
0.4781
0.3058
0.2186
0.3322
0.3246
0.2202
0.2574
0.2995
0.4031
0.1945
0.284
0.2419
0.2363
0.13
0.4532
0.4415
0.2299
0.4816
0.5442
0.2537
0.2485
0.3445
0.1265
0.309
0.4554
0.9526
0.3764
0.3551
0.4159
0.8421
0.1128
0.5519
0.2364
0.2149
0.3413
0.4996
0.2632
0.4311
0.1017
0.2964
0.6654
0.6607
0.4103
0.3557
0.8637
0.3071
0.218
0.2051
0.2286
0.3406
0.08812
0.3574
0.4585
0.5583
0.2784
0.3446
0.5119
0.7679
0.223
0.217
0.2341
0.2969
0.3776
0.5467
0.2903
0.1189
0.4092
0.1209
0.6667
0.6321
0.2732
0.4987
0.2946
1.213
0.1589
0.1636
0.4419
0.2231
0.2869
0.3968
0.4559
0.298
0.3487
0.4329
0.5407
0.3435
0.2109
0.7283
0.3409
0.4176
0.3069
0.3355
0.2439
0.4298
0.3205
0.2333
0.3441
0.3206
0.4881
0.226
0.1542
0.1996
0.0
1.098
0.6312
0.1916
0.8826
0.6155
0.04946
0.2161
0.3384
0.9411
0.264
0.5317
0.1358
0.3219
0.4047
0.3577
0.2303
1.487
0.7547
0.2275
0.6372
0.2982
0.1784
0.2564
1.029
0.3218
0.0
0.5054
0.34
0.1236
0.3282
0.05505
0.6194
0.9522
0.2021
1.393
0.3378
0.4645
0.5687
0.2152
0.4478
0.1358
0.163
0.8595
0.2187
0.6598
0.2193
0.0
0.4381
0.303
0.0
0.2624
0.0
0.4813
0.4907
0.155
0.0
0.1554
0.3814
0.1955
0.7115
0.355
0.2397
0.5941
0.3676
0.0
0.4093
0.144
0.09554
0.2696
0.0
0.4703
0.3831
0.0
0.8546
0.9803
0.1174
0.2599
0.2331
0.4691
0.5961
0.4132
0.0
0.2628
0.4183
0.0
0.1834
0.3458
0.0
1.478
0.2973
0.3336
0.245
0.1954
0.1901
0.4113
1.605
0.1596
0.2688
0.6063
0.3864
0.3823
0.8041
0.0
0.1964
0.3874
0.2378
0.0
0.4596
0.4478
0.0
0.2431
0.2795
0.09557
0.269
0.2736
0.06586
0.4
0.6251
0.0
0.6566
0.175
0.2759
0.2012
0.6513
0.2055
0.1629
0.4345
0.2281
0.397
0.3334
0.1873
0.3083
0.0
0.2504
0.478
0.4591
0.8417
0.5164
0.1836
0.4757
0.7139
0.2188
0.2038
0.1851
0.2905
0.3835
0.6312
0.2152
0.1052
0.06398
0.2324
0.4886
0.3661
0.0
0.5581
0.3516
0.2327
0.3883
0.0
0.1218
0.4031
0.3642
0.5788
0.1367
0.2004
0.2842
0.2951
0.861
0.2299
0.3971
0.3622
0.3872
0.2045
0.3536
0.6822
0.3611
0.2027
0.0
0.318
0.4676
1.017
0.1354
0.1326
0.0
0.8733
0.0
0.5826
0.4821
0.3214
0.1807
0.2929
0.09864
0.08127
0.4567
0.1533
0.0
0.4482
0.1949
0.1822
0.1503
0.2837
0.05505
0.319
0.554
0.0
0.6012
0.8595
0.1509
0.0
0.3162
0.2153
0.371
0.5826
0.2324
0.2747
0.1518
0.1404
0.3218
0.4784
0.1688
0.2112
0.1901
0.04946
0.7073
0.1663
0.0
0.2436
0.1824
0.1807
0.3457
0.8079
0.2763
0.5914
0.8586
0.4315
0.2524
0.2696
0.3724
0.7047
0.3858
0.1949
0.4596
0.3348
0.08339
0.4039
2.969
0.5118
0.3218
0.2468
0.1007
0.7725
0.1357
0.2413
0.3335
0.0
0.7193
0.4841
0.06547
0.2099
0.4586
0.0679
0.2594
0.1299
0.998
0.5171
0.174
0.0
1.42
0.2101
0.2324
0.3336
0.203
0.2874
0.2999
0.1441
0.3097
0.0782
0.8079
0.2259
0.2328
0.2766
0.0
0.2263
0.06623
0.0
0.364
0.1596
0.0
0.5366
0.2819
0.2101
0.2879
0.329
0.2055
0.5388
0.4764
0.1514
0.2928
0.435
0.4673
0.2471
0.6997
0.399
0.3272
0.5984
0.0
0.3538
0.4841
0.3749
0.3375
0.0
0.0
0.4854
0.1755
1.458
1.811
0.6997
1.077
0.5588
0.8063
0.4109
0.102
0.05648
0.6566
0.467
0.4704
0.2917
0.0
0.2058
0.2515
0.1572
2.296
0.3167
0.1144
0.3375
0.1543
0.1984
0.1387
0.7961
0.5467
0.1559
0.0
0.1191
0.7927
0.04018
0.2628
1.137
0.1739
0.0
0.4077
0.2629
0.0
0.247
0.554
0.2982
0.2785
0.3358
0.0
0.4038
0.1901
0.1945
0.3807
0.2482
0.07579
0.4022
0.7235
0.1726
0.456
0.1856
0.3293
0.2166
0.2658
0.215
0.1824
0.3008
0.2874
0.2616
0.4886
0.1453
0.3844
0.06594
0.5788
0.658
0.0837
0.2214
0.5633
0.4113
0.1825
0.2642
0.04331
0.2001
0.3375
0.1901
0.2614
0.8733
0.3866
0.2327
0.8469
0.1441
0.5788
0.366
0.4427
1.753
0.6646
1.329
0.272
0.2966
0.1761
0.0
0.4016
0.2168
0.1436
0.2331
0.7529
0.4824
0.2823
0.0
0.3066
0.3999
0.745
0.08624
0.9594
0.04274
0.2055
0.6121
0.2018
0.2786
0.319
0.345
0.414
0.2385
0.4588
0.3812
0.1497
0.06352
0.06525
0.3463
0.3681
0.6578
0.1143
0.1237
0.1867
0.2337
0.234
0.1504
0.08674
0.1053
0.3813
0.2811
0.1383
0.2321
0.05225
0.1724
0.2541
0.08874
0.1763
0.09079
0.161
0.0962
0.1892
0.1052
0.1397
0.1674
0.1432
0.1654
0.4757
0.1842
0.1953
0.3399
0.2164
0.2568
0.1571
0.1704
0.3864
0.2739
0.08764
0.3485
0.141
0.2407
0.1951
0.3342
0.06447
0.169
0.07177
0.03221
0.04116
0.4436
0.2147
0.1177
0.1276
0.1064
0.2266
0.08059
0.118
0.0998
0.3519
0.2727
0.1505
0.0917
0.3647
0.3513
0.1959
0.3266
0.03773
0.07715
0.1291
0.2022
0.09688
0.06998
0.04784
0.3904
0.2569
0.1783
0.2215
0.131
0.2329
0.1393
0.275
0.3638
0.1262
0.1865
0.249
0.154
0.1819
0.2239
0.1136
0.1073
0.07888
0.204
0.06005
0.3652
0.1129
0.1762
0.309
0.375
0.1029
0.1203
0.3789
0.1713
0.416
0.2198
0.1699
0.2745
0.2947
0.09537
0.2244
0.1589
0.1341
0.1927
0.05689
0.3554
0.3137
0.1575
0.1493
0.1815
0.1788
0.2472
0.2466
0.1803
0.5063
0.1108
0.1679
0.1854
0.2688
0.1187
0.2231
0.3636
0.1954
0.04626
0.1829
0.08735
0.1876
0.08714
0.1418
0.4511
0.1468
0.2748
0.11
0.1909
0.1237
0.253
0.2799
0.1626
0.1655
0.1784
0.123
0.3591
0.1105
0.327
0.1609
0.1519
0.2982
0.1526
0.1284
0.1017
0.3985
0.2463
0.1421
0.1101
0.09192
0.3582
0.3123
0.1422
0.1028
0.2113
0.09175
0.1108
0.09599
0.12
0.273
0.1594
0.1753
0.3204
0.1302
0.08583
0.4268
0.1829
0.113
0.1779
0.09544
0.1037
0.1974
0.1193
0.07859
0.1329
0.1272
0.2742
0.1389
0.1315
0.04023
0.1635
0.1088
0.227
0.1803
0.2387
0.303
0.05353
0.3797
0.2698
0.1202
0.1131
1.404
0.1643
0.2395
0.08103
0.4317
0.1973
5.581e-08
0.06457
0.1937
0.2904
0.2625
0.9295
0.1273
0.1795
0.07475
0.307
0.2172
0.2186
0.08915
0.436
0.3232
0.1985
0.6188
0.2412
0.18
0.0813
0.1914
0.3374
0.1554
0.1717
0.1379
0.267
0.2137
0.2272
0.1525
0.271
0.2826
0.2583
0.1274
0.08656
0.3203
0.2273
0.1167
0.1004
0.1369
0.1825
0.1742
0.5832
0.3575
0.1914
0.1535
0.2609
0.4387
0.3741
0.4735
0.1893
0.2378
0.165
0.345
0.2711
0.3334
0.2051
0.2129
0.2026
0.1668
0.284
0.1941
0.1485
0.324
0.1965
0.2316
0.2242
0.09868
0.198
0.277
0.2398
0.8059
0.1783
0.09583
0.2033
0.2725
0.1044
0.0973
0.3116
0.1428
0.3587
0.1736
0.1435
0.1532
0.1873
0.08742
0.2717
0.2283
0.2414
0.2788
0.1995
0.05412
0.2284
0.2215
0.1481
0.09279
0.1385
0.2085
0.5533
0.09208
0.1743
0.1022
0.01097
0.2574
0.3198
0.2216
0.1154
0.2879
0.1264
0.1719
0.1548
0.1018
0.1774
0.1248
0.1821
0.166
0.2384
0.6825
0.1636
0.1062
0.1002
0.1861
0.1015
0.2577
0.2991
0.1142
0.33
0.2518
0.2666
0.1537
0.1024
0.2073
0.1675
0.122
0.2354
0.1003
0.2836
0.1404
0.1156
0.116
0.06322
0.05199
0.2726
0.2287
0.5299
0.06427
0.08258
0.4006
0.06771
0.07111
0.1748
0.265
0.08725
0.3466
0.2222
0.221
0.1679
0.3634
0.1419
0.1303
0.09495
0.2439
0.05884
0.171
0.1484
0.1068
0.2357
0.1568
0.4751
0.1392
0.451
0.1778
0.08477
0.1109
0.1495
0.2895
0.2059
0.1086
0.1053
0.48
0.09452
0.2335
0.124
0.1687
0.1276
0.2581
0.2498
0.1107
0.1329
0.1581
0.2686
0.2802
0.171
0.1771
0.1068
0.1653
0.199
0.3018
0.06171
0.1608
0.1031
0.18
0.2209
0.1295
0.2901
0.07944
0.5523
0.2693
0.1358
0.2043
0.1802
0.408
0.06614
0.1439
0.06161
0.13
0.4419
0.1135
0.3067
0.291
0.4668
0.1756
0.1159
0.5646
2.269
0.4921
0.5103
0.0833
0.1233
0.4099
0.1059
0.2968
0.2862
0.1693
0.1051
0.2129
0.4998
0.3728
0.1109
0.1541
0.2636
0.3064
0.3764
0.03649
0.09395
0.1801
0.07995
0.3061
0.3688
0.1945
0.1713
0.1266
0.06126
0.1361
0.1387
0.07805
0.1642
0.1487
0.2366
0.1113
0.1344
0.1761
0.4088
0.2221
0.3326
0.08283
0.3646
0.1895
0.2031
0.09502
0.1567
0.1277
0.1663
0.08688
0.2563
0.3802
0.1403
0.1665
0.2499
0.4768
0.2014
0.1124
0.1495
0.3568
0.1971
0.1791
0.1852
0.2859
0.2285
0.09859
0.1869
0.1698
0.3543
0.1906
0.1128
0.127
0.1314
0.06976
0.06022
0.553
0.1279
0.3114
0.08461
0.1109
0.2166
0.1703
0.1339
0.3232
0.04523
0.2524
0.249
0.09803
0.2724
1.01
0.1433
0.1637
0.1207
0.09969
0.229
0.1616
0.1187
0.3199
0.2127
0.1485
0.1421
0.0733
0.1113
0.2046
0.2348
0.1426
0.1507
0.1511
0.1524
0.1368
0.2953
0.319
0.05306
0.1147
0.0756
0.08951
0.2286
0.1053
0.1263
0.1823
0.6043
0.05869
0.09189
0.3402
0.1608
0.117
0.185
0.1057
0.1917
0.07854
0.07889
0.1146
0.274
0.1646
0.1845
0.06476
0.6673
0.1423
0.1314
0.3549
0.2543
0.2176
0.2015
0.08716
0.1172
0.4794
0.1664
0.08447
0.1355
0.5513
0.2229
0.2252
0.09915
0.2131
0.3443
0.2775
0.2166
0.07371
0.3423
0.1972
0.1097
0.367
0.149
0.09673
0.3854
0.08856
0.0829
0.1711
0.1937
0.3237
0.1121
0.06717
0.06435
0.1778
0.2723
0.3499
0.3489
0.2615
0.104
0.1064
0.1041
0.1301
0.1059
0.3934
0.1915
0.1457
0.08319
0.3208
0.181
0.207
0.05683
0.3758
0.09796
0.1918
0.3545
0.2835
0.2722
0.1725
0.2079
0.0761
0.4641
0.3389
0.5902
0.1018
0.3568
0.2291
0.2181
0.1845
0.1198
0.1219
0.1481
0.2366
0.05396
0.1364
0.4566
0.1826
0.09084
0.2474
0.3432
0.2853
0.05593
0.2626
0.2064
0.1345
0.181
0.1119
0.1107
0.2502
0.03898
0.06733
0.05668
0.09854
0.1491
0.4845
0.4552
0.1361
0.2405
0.123
0.08725
0.23
0.07635
0.1162
0.1334
0.3331
0.2192
0.05668
0.4008
0.5701
0.178
0.2657
0.2098
0.05392
0.1317
0.3167
0.2159
0.07622
0.1274
0.2231
0.4661
0.1488
0.3617
0.1504
0.102
0.2227
0.1125
0.2468
0.419
0.2038
0.09265
0.1122
0.1439
0.3501
0.3928
0.1082
0.0361
0.3184
0.4956
0.1145
0.05832
0.3158
0.121
0.2947
0.2339
0.4291
0.2083
0.2055
0.3512
0.3239
0.06843
0.1627
0.2227
0.1626
0.1924
0.1047
0.1526
0.168
0.2197
0.1806
0.3163
0.4107
0.3645
0.13
0.09783
0.366
0.1299
0.8571
0.1951
0.658
0.2245
0.1766
0.1742
0.1513
0.1064
0.3531
0.1526
0.6205
0.1334
0.2019
0.2036
0.3463
0.2245
0.1144
0.263
0.2488
0.09118
0.2107
0.1212
0.4673
0.1276
0.09516
0.3349
0.2853
0.3381
0.1534
0.0672
0.09874
0.2978
0.3738
0.2121
0.4397
0.1126
0.2275
0.1292
0.0
0.1833
0.1757
0.1599
0.0929
0.263
0.4545
0.231
0.3361
0.1804
0.1685
0.309
0.2609
0.096
0.07677
0.1215
0.6299
0.1323
0.198
0.1302
0.1156
0.2066
0.3078
0.09496
0.1052
0.1775
0.3909
0.2363
0.4185
0.1098
0.1494
0.2472
0.1943
0.1494
0.2508
0.1179
0.1457
0.1554
0.1217
0.1694
0.1497
0.1223
0.2088
0.3149
0.2822
0.141
0.1243
0.357
0.09214
0.39
0.3873
0.3615
0.3099
0.1535
0.1262
0.2791
0.1274
0.1048
0.271
0.2266
0.2075
0.3863
0.22
0.2806
0.3109
0.1437
0.1015
0.2057
0.1635
0.1104
0.1235
0.1816
0.7459
0.2635
0.3025
0.1702
0.1448
0.0705
0.1385
0.1252
0.1518
0.1912
0.2632
0.1056
0.06099
0.1553
0.1033
0.227
0.1216
0.0889
0.2622
0.2381
0.236
0.1727
0.3458
0.1451
0.07523
0.1362
0.07605
0.3723
0.1307
0.1659
0.06067
0.1172
0.05759
0.2284
0.1896
0.07879
0.5842
0.2555
0.1132
0.2526
0.06644
0.3536
0.1748
0.06101
0.1501
0.109
0.1781
0.09854
0.2326
0.08044
0.1169
0.133
0.1704
0.1386
0.1077
1.024
0.1867
0.1361
0.1243
0.3231
0.3975
0.3529
0.1021
0.2776
0.155
0.3577
0.09451
0.08893
0.06332
0.1783
0.3552
0.1173
0.1664
0.08978
0.1287
0.08197
0.4427
0.1205
0.1305
0.1268
0.1692
0.2005
0.2069
0.284
0.2573
0.4295
0.1022
0.2134
0.1136
0.3408
0.1215
0.4439
0.1125
0.2971
0.1728
0.1713
0.277
0.2173
0.1532
0.2885
0.1286
0.1305
0.08379
0.1752
0.1503
0.127
0.05042
0.3577
0.1949
0.3429
0.1395
0.2547
0.2692
0.07771
0.05816
0.1593
0.2517
0.1285
0.2127
0.311
0.08178
0.3613
0.1611
0.06592
0.09863
0.0725
0.1103
0.2816
0.07193
0.1595
0.1225
0.1177
0.243
0.08042
0.4197
0.07221
0.1657
0.1129
0.1017
0.1031
0.3946
0.2344
0.157
0.1049
0.2649
0.4065
0.291
0.2406
0.3924
0.279
0.5183
0.3247
0.6039
0.1104
0.09405
0.127
0.1552
0.1587
0.1076
0.2206
0.3227
0.1432
0.1207
0.1919
0.1227
0.03447
0.2109
0.1299
0.1113
0.391
0.1009
0.1007
0.2272
0.1239
0.1641
0.4722
0.2092
0.1104
0.1681
0.1661
0.07947
0.3085
0.6008
0.1973
0.4665
0.1794
0.09773
0.2019
0.1152
0.1113
0.07044
0.1136
0.09408
0.3567
0.6549
0.131
0.168
0.326
0.1446
0.237
0.2176
0.1128
0.3625
0.08957
0.08552
0.217
0.208
0.2059
0.1858
0.1338
0.3532
0.219
0.2172
0.08552
0.2154
0.2222
0.08372
0.7826
0.08647
0.7296
0.1561
0.2665
0.1253
0.4448
0.1216
0.2404
0.2594
0.2652
0.108
0.4213
0.1316
0.1955
0.1786
0.1925
0.07937
0.4915
0.1614
0.1381
0.2291
0.1739
0.09225
0.1833
0.127
0.1697
0.9657
0.05088
0.1641
0.4169
0.1366
0.1213
0.2777
0.5577
0.1552
0.08794
0.2163
0.07936
0.2342
0.4573
0.04151
0.0947
0.1224
0.06156
0.08032
0.07404
0.3414
0.1972
0.1024
0.1845
0.1688
0.2001
0.04043
0.8999
0.2048
0.2435
0.1972
0.2446
0.1242
0.1153
0.2257
0.1951
0.2398
0.2395
0.08535
0.1277
0.0532
0.2069
0.1407
0.3359
0.1142
0.1169
0.6404
0.1081
0.4053
0.08382
0.6047
0.4485
0.08491
0.06021
0.1816
0.111
0.1176
0.2292
0.3864
0.03719
0.1409
0.1699
0.08224
0.3692
0.4788
0.115
0.1376
0.2334
0.5575
0.2527
0.1793
0.06299
0.1774
0.09603
0.09535
0.1127
0.4421
0.07903
0.3695
0.1387
0.1741
0.1546
0.07291
0.05441
0.3584
0.259
0.04196
0.211
0.4261
0.2075
0.1162
0.1097
0.7263
0.2873
0.1098
0.08128
0.3521
0.1102
0.1393
1.293
0.2492
0.09975
0.2553
0.0925
0.1132
0.5742
0.1409
0.09736
0.1326
0.1581
0.119
0.4301
0.1055
0.06072
0.3393
0.08851
0.3163
0.2327
0.3999
0.185
0.2234
0.1017
0.1114
0.2777
0.09827
0.08107
0.8154
0.1544
0.07448
0.1889
0.2751
0.1102
0.4821
0.1744
0.04905
0.159
0.09645
0.06926
0.2836
0.1367
0.1235
0.2926
0.3018
0.374
0.3652
0.2345
0.154
0.1653
0.1061
0.07324
0.2293
0.8708
0.2041
0.2247
0.2126
0.2144
0.1297
0.06138
0.3042
0.3648
0.2703
0.4747
0.1175
0.2711
0.2697
0.1703
0.2067
0.1274
0.1598
0.4572
0.4951
0.1058
0.4478
0.09457
0.1909
0.1132
0.2764
0.1265
0.1509
0.25
0.3753
0.3638
0.3518
0.1109
0.2066
0.3378
0.5148
0.05553
0.1175
0.152
0.1333
0.0721
0.2779
0.3473
0.1384
0.1444
0.1704
0.05723
0.1985
0.2731
0.129
0.2751
0.314
0.4041
0.6204
0.1773
0.5283
0.0
0.4994
0.4753
1.314
0.6712
1.309
0.5974
1.139
0.2716
0.5905
0.9852
0.3536
0.8869
0.0
0.5758
1.048
0.7441
1.043
1.396
0.6677
1.059
0.4881
0.5109
0.6314
1.301
1.085
0.6727
0.3559
0.3775
0.4311
0.3743
0.6801
0.3148
0.511
0.3837
1.067
0.1697
0.7053
0.2158
0.6974
1.414
0.2744
0.3674
0.9213
0.8456
0.8669
1.439
1.235
1.077
1.41
1.028
1.053
0.9005
0.6133
1.202
0.5232
0.4547
0.5886
0.3154
1.125
0.37
0.0
0.2452
0.07946
0.9965
0.1435
0.2945
0.3843
1.526
1.099
0.8169
0.5282
0.7631
0.1565
0.4381
1.415
0.5794
0.7436
0.3104
1.039
0.8253
0.9092
0.8335
0.0
0.4703
0.8068
0.3861
0.4388
0.5762
1.724
1.11
0.5245
0.2667
0.7277
0.2753
0.9255
0.4088
0.2138
0.6305
0.948
0.7676
0.2984
0.6131
0.5022
0.5632
0.2929
0.1964
0.1429
0.404
0.5788
0.8091
0.2115
1.371
0.5445
0.7087
0.4083
0.6147
0.3898
0.0
1.007
0.497
0.1647
0.6994
0.8676
0.247
1.235
1.047
0.9951
0.0
0.7258
0.4501
1.76
0.8199
1.061
0.4189
0.6727
0.6877
0.6595
0.4404
0.2455
0.7402
0.6841
0.967
0.756
1.512
1.109
0.3726
0.3925
0.2979
0.7607
0.7541
0.3324
0.3307
1.489
0.9702
0.4821
0.2123
0.1989
0.8081
1.577
0.3056
0.3724
0.9699
0.5954
1.362
0.3284
0.8407
0.8035
0.4493
1.442
0.2203
1.368
1.101
0.259
0.4382
1.266
0.8302
0.4176
1.684
0.6487
0.5481
0.5237
0.588
0.5889
0.3587
0.8198
0.3278
0.5332
0.7301
0.6425
0.5255
1.081
0.1255
0.4784
0.5936
1.435
0.0
0.2941
0.6478
0.4006
0.7485
0.4195
0.5503
0.8656
0.4957
0.6711
0.5279
0.8908
0.6519
0.5641
0.8428
0.7626
2.315
1.39
0.577
1.274
0.5805
0.5707
0.3929
1.393
1.308
0.0
1.456
0.5152
0.6743
0.0
0.2933
0.3353
0.48
1.49
0.6424
0.503
0.3318
0.726
0.8137
1.393
0.3873
0.3491
0.9591
0.5884
1.147
0.2175
0.3946
0.8882
0.4937
0.6653
0.8158
1.531
0.1849
1.072
0.7028
0.697
1.523
0.7059
0.533
0.2617
0.2647
0.3112
0.8476
0.2566
0.0
0.2484
0.0
1.528
1.274
0.9719
0.4068
0.4317
0.4756
1.132
1.109
0.3155
0.3663
1.347
0.9203
0.3666
0.1933
0.6665
0.7331
0.5269
2.102
0.5095
0.0
0.5443
0.7919
0.2677
0.4655
1.732
0.2579
0.5104
0.2899
1.434
0.4758
0.2254
0.9324
1.266
0.5844
1.092
1.39
0.5552
0.6185
0.3745
0.5744
0.7064
0.2058
0.611
0.4385
1.117
1.258
0.6364
0.3782
0.4676
1.009
0.0
0.7576
0.0
0.08346
0.0
0.3842
0.7536
0.3798
0.0
0.4935
0.5935
0.7814
0.6003
0.5597
0.9537
0.2268
0.3026
0.7615
0.0
0.7927
0.6033
0.989
0.5343
0.2249
2.154
0.3132
0.2602
0.3389
0.1542
0.3752
1.134
0.7722
0.1772
0.7989
0.0
0.5875
0.4488
0.5029
0.8982
0.4607
0.5093
1.03
0.3699
0.0
0.1871
0.5485
0.3283
1.365
1.58
0.4089
0.3764
0.797
0.6386
0.8326
0.4771
0.2036
0.7696
1.562
0.5714
0.6375
0.3338
0.4021
0.3142
0.6415
0.6501
0.9402
0.4659
0.5867
0.346
1.767
0.5578
0.0
0.9134
0.405
3.436
0.7394
0.9525
1.36
1.515
0.9796
0.5231
0.3664
0.3808
0.5239
1.441
0.5033
1.11
0.6161
0.4494
1.574
0.9439
0.9675
0.9985
0.2306
1.027
0.6299
0.2938
0.474
0.9419
1.367
0.9358
0.4845
0.8238
0.4795
0.7263
0.9822
1.079
0.8072
0.4645
0.5332
0.2515
1.391
1.15
0.5349
0.4937
0.4065
0.3976
0.2463
0.2529
0.1746
0.4584
0.3588
0.7473
0.672
0.6188
1.27
0.7057
0.2809
0.5964
0.2472
1.446
0.3974
0.8031
0.3197
0.7992
0.6528
0.3962
1.036
0.6711
0.4627
0.5254
0.6275
0.3096
0.9732
0.4058
0.6076
0.5935
0.2615
1.122
0.1181
1.004
0.7673
0.8356
0.4838
0.9097
0.3707
0.5702
1.277
0.8839
0.6141
0.0
0.5622
0.6595
0.3826
0.6825
0.5926
0.5457
1.087
0.0
0.3182
0.4508
0.4591
0.3984
0.3832
0.477
1.208
0.4231
0.5987
0.0
1.516
1.414
0.7101
0.536
0.3683
0.4397
0.286
0.1234
1.037
0.8058
0.5802
0.6917
0.4975
0.6746
1.131
0.5475
0.3721
1.354
0.7105
0.5355
0.6063
0.4104
0.3176
0.4512
0.6037
0.9585
0.8277
1.043
0.4318
0.4392
0.3654
0.4693
0.8198
0.3353
1.225
1.594
1.26
0.5165
0.4319
0.4113
0.4478
0.8264
0.6298
0.5185
0.8813
0.5816
0.7837
2.416
0.5646
0.0
0.2028
0.0
0.4182
0.2877
0.5004
0.3456
1.418
0.2034
0.5537
0.3325
0.5275
0.4336
0.3131
0.2975
1.118
1.391
0.4766
0.3925
0.1136
0.5014
0.5101
1.499
0.9725
0.6068
2.723
0.7911
0.6335
0.9058
0.4299
0.328
0.0
0.4318
0.0
0.2477
0.3944
0.3866
0.4417
0.3451
0.3922
1.38
0.2925
0.2525
0.7037
0.6263
0.8843
0.3882
0.5083
0.2101
0.4129
0.5922
0.196
0.4349
1.105
1.327
0.715
0.3885
0.8756
0.6101
0.4599
0.8845
0.558
1.45
0.0
0.5622
0.1721
1.606
0.4826
0.3645
0.2812
0.3323
1.009
0.4758
0.8339
1.558
0.9757
1.805
0.4061
0.3336
0.3132
0.6318
0.2212
0.3555
0.641
0.577
0.5134
0.349
0.513
1.439
0.3831
0.6819
0.5595
0.7157
0.3807
0.4027
0.232
0.2089
0.5077
1.067
0.4594
1.114
1.561
0.1679
0.3815
1.278
0.6731
0.5727
0.2932
0.6737
0.3912
0.5304
0.4879
0.7453
0.1381
1.236
0.2888
0.9517
0.4266
0.5256
0.3715
0.4776
0.0
0.1085
0.0
0.7578
1.406
0.9671
0.1926
0.1134
0.0
0.4548
0.0
1.276
0.7223
1.461
0.1554
0.7267
0.4124
0.6873
0.3054
0.7542
0.2553
0.3939
0.749
0.443
0.6718
0.3313
0.7154
0.7657
0.714
0.4622
0.5255
0.3616
1.353
0.6813
1.411
0.2057
0.5573
0.5601
1.374
0.2697
0.4135
1.626
0.6803
1.589
1.455
0.189
1.02
0.3358
0.5696
0.5183
0.2423
0.3889
1.055
0.4218
0.871
0.5985
1.503
0.3697
1.102
1.488
0.3333
0.6468
0.4905
0.2682
0.3736
0.4266
0.6246
0.4176
1.09
0.3777
1.393
0.2229
0.4037
0.6797
0.1515
1.378
0.4071
1.25
0.4017
0.5651
0.1271
0.8022
0.2507
0.2289
0.8724
0.2906
0.3934
0.3175
0.4711
0.5568
0.7494
1.18
0.7633
0.5948
1.545
1.12
0.5318
0.0
0.3835
0.7825
0.9676
1.549
0.5383
1.144
0.2686
0.6667
0.778
0.2178
0.0
0.6142
0.6631
0.8776
0.1718
0.5233
0.3559
1.524
0.9815
1.521
0.2344
0.5422
0.9087
0.373
0.3811
0.3307
0.6304
0.2074
1.257
0.764
0.7527
0.8409
0.5889
0.4268
1.683
0.4193
0.5129
0.3356
1.561
0.7193
1.411
0.4152
0.425
0.5529
1.05
0.5065
0.4503
0.7261
0.1262
0.7499
0.4841
1.363
0.4171
0.4002
1.421
0.2467
0.2305
1.537
0.909
0.2972
0.4604
0.7616
1.169
0.4337
0.3027
0.5534
0.5716
0.6243
0.551
1.538
0.6717
1.319
0.4424
0.373
0.213
0.7483
1.338
0.4393
0.7006
1.021
0.0
0.4246
0.2654
0.7176
0.441
1.145
0.6599
0.4361
0.4338
0.4384
1.093
0.3706
0.0
1.137
1.755
1.093
0.964
0.6553
0.8426
0.5618
0.9056
0.49
0.4126
0.4282
0.5471
0.7687
0.6506
0.4274
0.8407
0.3288
1.01
0.5374
0.4182
0.7077
0.3181
0.3299
0.3873
0.6251
1.37
0.4869
0.2799
0.3537
0.618
0.0
0.5988
1.033
0.3776
0.7263
0.8031
0.8007
0.8924
0.4897
0.8207
0.58
1.109
0.3503
0.963
0.7706
0.3958
0.1916
0.2894
0.2275
0.0
0.4214
0.3384
0.2399
1.298
0.2527
0.2586
0.6944
0.08682
0.4949
0.4126
0.2508
0.1499
0.6282
0.1289
0.2917
0.4539
0.2853
0.5662
0.4639
0.9584
0.221
0.3782
0.2589
0.6387
1.315
1.091
0.7279
1.079
0.5883
0.3911
1.374
0.3707
0.6633
0.8384
0.05061
0.3801
0.3175
0.0
0.363
0.2702
0.4913
0.3389
1.044
0.6461
2.142
0.6305
1.286
0.4689
0.5497
0.3026
0.3497
0.6978
0.3191
0.2799
0.3663
0.5401
0.6825
0.3278
0.0
0.569
0.8959
0.5135
0.8535
0.1934
0.4134
0.3004
0.5414
0.3135
0.5614
0.9103
0.3289
0.0
0.3392
0.3352
0.0
0.0
0.4973
0.3617
1.335
0.3728
0.6054
0.4411
0.1645
0.2307
0.3386
0.7393
0.7389
0.7031
0.2357
0.5428
0.7442
0.7448
0.2429
0.5609
0.7002
0.5243
0.5844
0.0
0.551
1.269
0.8105
0.0
0.5996
0.5093
0.0
0.0
0.2494
0.3019
0.9698
1.282
0.6089
0.9067
0.319
0.2886
0.6762
0.9169
1.486
1.294
0.2296
0.4256
0.4674
0.353
0.3602
0.3859
0.3347
0.6618
1.049
0.2188
0.0
0.9003
1.357
0.2345
0.687
0.1341
0.7249
0.5207
0.8779
0.8758
0.5251
0.3281
0.5368
0.5027
0.764
0.9902
0.4222
0.5023
0.6636
0.1841
0.394
0.4879
0.8564
0.5155
1.063
1.068
0.09753
0.3719
1.457
1.365
0.668
0.609
0.4701
0.3961
0.5853
0.9616
0.5483
0.2612
0.8421
0.7527
0.3568
0.4578
0.5478
0.3688
0.6471
0.3381
0.5164
0.2888
0.9442
0.2033
1.21
0.5437
0.0
1.535
0.3834
0.7402
0.2769
0.2561
0.8397
0.3929
0.654
0.2155
0.7103
0.8714
0.2787
0.6671
0.3683
0.4332
0.4163
0.4507
0.3178
0.5661
0.6103
0.8036
0.9211
1.776
0.0
1.153
0.3122
0.5423
0.8719
2.035
0.38
0.2732
0.3587
0.6538
0.1238
0.9441
0.5482
0.5995
0.6015
0.8567
0.4584
2.272
0.6546
0.5072
0.3978
0.4079
0.6802
1.012
0.3869
0.257
0.8372
0.613
1.367
1.023
1.256
0.552
0.0
0.0
0.4973
1.369
1.316
1.416
0.4273
0.8536
0.4523
0.9324
0.9344
0.5656
0.4231
0.05912
0.5312
0.7216
0.281
0.8903
0.5853
0.8123
0.6081
1.509
0.8472
0.578
1.831
1.834
0.5485
0.3753
0.3901
0.4983
0.4149
0.5515
0.5239
0.5956
0.4176
0.0
0.6973
1.379
0.4272
0.1385
0.7817
0.1085
0.7466
1.179
0.4731
0.693
1.161
0.3391
0.4524
0.2279
0.3336
0.3373
0.3238
0.998
0.5059
0.5868
0.8384
0.4663
0.0
0.1717
0.7876
0.2762
1.319
0.23
0.9244
0.0
0.2814
0.4015
1.225
0.5801
0.2934
0.2766
0.9219
1.215
0.0
0.4458
0.1713
0.2204
0.0
1.309
0.7184
0.4342
0.914
0.5741
0.4017
0.758
0.2155
0.2303
0.2043
0.5704
0.7931
0.5357
0.8638
1.115
0.6538
0.0
0.9501
0.5439
0.7924
0.4926
0.9386
0.2422
0.7611
0.5834
0.6065
0.8613
0.3267
0.9264
0.8119
1.461
1.68
0.8553
0.3544
1.476
1.363
0.6075
1.553
2.005
1.17
0.8236
0.2894
0.8051
0.8905
0.0
0.2455
0.4766
0.5903
0.3382
1.169
0.7306
1.329
0.4976
0.2726
1.781
1.389
0.3052
0.4889
0.3681
0.9941
0.2868
0.0
0.3026
0.4511
1.304
1.475
0.8422
0.3773
0.6522
0.7226
1.262
1.247
0.7546
0.2582
1.354
0.9158
1.003
1.864
1.31
0.6119
0.393
0.5321
0.3605
0.0
0.3945
0.5329
0.5262
0.0
0.3861
0.4939
0.6515
0.0
0.3158
0.4823
0.1873
1.344
0.8926
0.5471
0.6893
1.135
2.566
0.7728
0.4925
1.048
0.3307
0.3695
0.6496
0.2462
0.3231
0.4566
0.6039
0.4627
0.4255
0.8645
0.4038
1.715
3.231
0.9237
0.7369
1.589
0.5882
0.5757
1.089
1.236
0.3727
0.0
0.4541
0.7529
0.7647
0.3455
0.0
1.061
1.373
1.524
0.3371
0.6678
0.3746
0.5082
1.252
0.4132
0.4902
0.5242
0.4725
1.18
0.4023
0.443
1.121
0.4157
0.1761
0.5322
1.107
0.0
0.0
0.3135
2.605
0.0
0.2164
1.337
0.5026
0.4825
0.3721
0.3766
0.8896
0.3937
0.5284
0.295
0.7004
0.7256
0.3584
0.0
0.7334
0.6631
0.601
0.0
0.1932
0.4472
1.391
0.6229
0.5812
0.5373
0.8451
0.6765
1.155
0.0
0.4739
0.2972
0.3956
0.3752
0.3471
1.282
0.7494
0.4317
0.6491
0.3811
0.5671
1.21
0.6889
0.3398
0.3044
0.6745
0.4833
1.425
0.3169
0.2526
1.433
1.304
1.646
1.152
0.8685
1.419
0.1769
1.303
0.3541
0.7293
0.6235
0.5917
0.0
0.4075
0.3889
0.6111
0.352
0.7527
0.6212
0.0
1.245
0.7772
0.8865
0.9278
0.0
0.3307
0.4672
0.625
0.5302
0.2563
0.3267
0.4683
0.7744
0.1468
0.0
0.6045
0.6227
0.3682
1.412
0.6996
0.4419
0.2852
0.2199
0.0
1.204
0.8491
0.3947
0.0
0.1558
0.0
0.3398
2.965
0.4875
0.3004
0.389
0.2589
0.1137
0.421
0.2617
1.014
0.9288
0.3537
1.429
0.6702
0.5027
0.4742
0.757
0.3889
0.3759
0.7521
0.6059
0.7143
0.6974
0.6799
0.6761
0.2127
0.6832
0.0
0.4898
0.6921
0.5273
0.639
1.672
0.3477
0.5063
0.4145
2.698
0.2045
0.3187
0.7901
0.4038
0.5847
0.4849
0.2005
0.4759
0.3376
0.5515
0.8273
0.9479
0.2316
0.4308
0.6276
0.6426
0.6005
0.2364
0.2795
0.2694
0.0
0.4564
0.4775
0.5598
0.8145
0.3642
0.4083
0.7054
0.6396
0.4226
0.7143
0.7148
0.72
0.7379
1.074
0.3073
1.457
0.7023
1.52
0.5884
0.6336
0.8036
0.3121
0.3235
0.5443
0.5823
0.1759
0.7748
0.3576
0.6254
0.3729
0.9896
0.0
0.6838
0.0
0.8092
1.162
0.118
1.25
1.401
0.2007
0.3785
0.4739
0.8671
0.3353
0.0
0.6746
0.762
0.4822
0.0
0.6222
1.019
0.0
0.6058
0.9261
0.5369
0.605
0.6249
0.655
0.4461
0.9639
0.9319
0.4332
0.5722
1.276
0.3548
0.7894
0.1998
0.6957
0.4295
1.458
0.175
0.2899
0.4307
0.5357
0.5625
0.4149
0.1504
1.371
0.2007
0.797
0.302
1.128
0.2517
0.4801
0.1833
0.7046
0.6623
0.211
0.4006
0.7174
0.4548
0.6812
0.8732
1.048
0.562
0.3878
0.4162
0.2668
1.407
0.6894
0.9386
0.3974
0.9376
0.5088
0.5678
0.3261
0.6615
0.0
0.6432
1.529
0.439
0.9485
0.5308
0.2398
1.082
0.3559
1.608
0.7558
0.149
1.359
0.2647
1.565
0.4701
1.299
0.2728
0.3158
1.362
0.3602
0.2193
0.64
0.0
0.2624
2.245e-08
0.1212
0.5732
0.26
0.1309
0.4329
0.2978
1.257
0.2438
0.7369
0.3784
1.477
1.453
0.3134
0.4415
0.4016
0.2611
0.3829
0.2029
0.4494
0.6522
0.2817
0.3964
0.2556
0.7086
0.5665
0.3789
0.351
0.7992
0.357
0.7361
0.23
0.5262
0.5425
0.472
0.6099
0.7369
1.402
0.31
0.5098
0.3415
0.5302
0.328
0.3198
0.3599
0.724
0.3767
1.258
0.4223
0.5687
0.4391
0.9477
0.4793
0.4013
0.3713
0.5961
0.4921
0.3857
0.7042
0.6048
0.8707
0.8635
2.726
0.681
0.4933
0.4903
0.6442
0.3105
0.6824
0.6159
1.464
0.6167
1.269
0.6417
0.3451
0.2425
0.1381
0.2155
0.1864
2.83
0.7688
0.2614
0.918
0.2155
0.2156
3.269
0.1864
0.2822
0.3526
0.3726
0.3862
0.531
0.6405
0.5438
0.5266
2.039
0.382
0.2495
0.3303
1.785
0.9169
0.3704
0.2244
3.287
0.9008
0.7024
0.4782
1.886
0.4384
0.8558
0.9798
0.6946
0.4735
0.5791
0.6808
1.293
0.4538
1.456
0.5816
1.127
0.7993
0.9659
1.183
0.6538
0.4706
0.4732
0.4508
0.5501
0.6133
1.501
0.1859
0.9484
1.356
0.58
0.4436
0.2853
0.6694
0.5384
0.8099
1.455
0.8636
0.3356
0.9208
0.4355
0.6035
0.7037
0.6325
0.5098
0.7212
0.702
0.6125
0.5684
0.7027
1.24
1.004
0.8163
0.6845
0.5452
0.8076
0.6172
0.888
0.4239
0.5101
0.3648
0.5242
1.087
1.308
1.028
