23.17
41.98
34.81
63.87
17.38
38.25
30.27
31.42
29.01
16.53
36.1
36.1
38.07
18.35
44.21
40.39
19.0
35.57
19.97
24.58
23.46
28.81
29.69
50.8
27.25
41.13
28.58
14.92
33.85
14.06
45.25
36.79
42.78
37.4
21.21
17.9
41.54
48.04
22.41
17.76
36.31
12.36
13.94
46.51
18.49
44.63
12.22
19.68
54.46
72.93
30.49
51.15
28.46
17.31
33.32
25.65
49.68
23.23
35.09
26.6
37.07
49.36
31.14
58.15
38.72
46.61
58.03
69.56
57.35
20.4
41.79
10.5
29.18
34.86
26.11
49.03
56.2
39.95
0.0
20.02
55.32
30.48
11.5
53.52
19.78
53.55
46.71
9.552
60.87
30.36
20.7
46.75
10.98
36.47
31.45
35.35
26.03
53.2
30.94
36.14
27.22
35.63
21.92
36.98
18.44
18.44
39.05
37.71
35.03
37.28
25.75
51.66
51.07
49.8
53.2
38.92
37.57
37.61
51.78
50.25
34.44
53.15
34.86
26.93
36.22
16.94
50.88
45.44
26.75
40.5
9.261
37.78
7.368
39.87
40.14
8.601
19.18
32.19
29.47
11.17
4.712
46.6
61.67
47.38
25.07
38.36
25.65
41.47
16.25
52.43
31.51
24.74
17.44
23.64
30.43
41.4
46.05
11.67
8.471
36.52
31.89
32.45
55.66
45.58
25.49
16.72
11.68
25.74
1.32e-06
60.79
70.77
39.12
9.452
0.0
15.09
25.36
63.69
48.72
28.96
30.63
17.11
19.69
35.98
41.31
46.1
27.64
27.47
13.41
19.12
21.81
47.73
28.78
30.21
28.39
52.85
39.92
38.62
0.0
12.79
41.74
42.67
43.65
25.34
25.27
31.21
35.01
9.245
33.57
41.88
48.79
25.91
20.62
20.62
20.89
30.3
16.56
33.19
29.58
28.08
0.0
19.87
43.19
28.6
46.81
17.15
16.33
17.1
51.66
49.91
54.34
45.27
25.36
25.36
38.11
34.65
48.09
30.17
39.95
62.46
59.03
20.83
20.61
44.94
22.02
32.22
15.78
31.79
40.79
21.33
21.15
12.44
46.57
15.47
49.32
37.41
13.47
28.35
13.12
57.79
51.04
26.63
31.59
52.1
20.71
40.43
25.23
17.88
39.06
19.85
53.76
35.65
35.83
42.06
74.71
19.95
32.75
46.86
21.53
34.05
24.76
34.62
18.07
33.31
39.6
32.68
35.51
53.05
22.45
35.57
53.47
37.29
34.97
33.79
24.35
61.28
39.36
70.81
16.61
65.75
49.81
33.8
31.71
6.995
31.32
7.399
20.0
21.38
28.1
14.13
31.98
50.36
18.81
16.27
17.1
28.3
22.32
8.418
21.99
8.87
40.77
34.64
5.64
55.47
19.49
14.24
38.25
27.11
14.37
51.19
45.65
35.75
40.06
33.93
16.22
29.71
21.54
39.63
46.2
32.58
10.78
20.39
9.787
38.92
26.16
32.52
52.88
30.04
19.85
8.778
46.43
17.86
4.717
26.69
63.34
30.76
20.51
51.67
0.0
6.991
35.68
28.43
24.64
38.47
38.59
35.09
35.23
55.68
13.72
35.63
54.91
6.983
35.13
35.73
3.834
29.42
32.19
34.76
38.13
11.93
0.0
45.28
28.35
6.995
5.651
10.25
8.492
27.39
4.128e-06
50.94
44.49
38.66
19.58
35.04
34.73
14.38
49.86
7.324
60.37
41.0
39.92
38.04
38.26
10.08
67.1
11.57
27.16
10.1
9.373
43.12
37.53
23.98
47.85
15.43
20.28
11.06
14.45
40.13
33.83
9.032
15.8
7.147
32.02
20.28
45.53
27.91
31.48
6.334
14.95
38.59
14.36
24.51
24.16
17.44
36.94
27.86
32.0
18.63
14.97
17.47
16.18
24.53
42.02
24.53
16.09
54.82
46.8
33.28
17.2
44.07
34.47
40.52
8.951
22.61
15.11
49.14
33.57
33.73
23.47
40.63
33.69
38.77
0.0
56.77
19.43
22.1
36.78
41.71
22.62
29.62
33.68
26.84
33.11
36.13
33.31
42.88
37.46
42.54
13.93
10.88
0.0
39.51
10.61
28.56
41.97
19.04
19.16
44.35
57.86
40.29
54.67
51.7
67.78
60.69
47.02
46.41
58.81
47.57
66.1
55.14
61.18
