18.72
26.57
38.51
44.07
50.23
56.53
44.82
46.93
43.66
14.48
20.86
109.0
46.51
134.7
63.73
80.23
80.39
79.09
15.65
21.89
5.77
31.43
33.34
69.29
72.38
75.92
73.79
72.79
72.58
23.01
28.71
29.36
24.9
42.96
46.86
62.08
40.47
38.13
40.25
42.26
51.6
17.06
14.93
35.37
38.22
77.01
73.68
106.4
73.26
74.56
76.39
23.88
35.16
24.56
36.15
50.88
76.12
72.68
70.41
74.61
76.37
77.18
26.08
26.58
19.36
22.28
17.42
36.29
31.94
35.17
23.64
34.05
24.9
26.8
23.84
35.76
41.36
30.39
34.67
83.87
83.81
86.51
79.07
67.85
93.25
78.24
29.4
33.46
29.03
42.29
53.11
71.96
78.69
77.54
69.36
69.83
74.25
19.5
30.86
27.54
19.17
29.28
40.03
35.6
38.18
38.74
82.67
73.43
85.92
53.69
51.95
122.9
114.7
115.5
111.0
149.2
120.0
25.39
26.31
28.9
18.51
23.22
68.0
64.04
62.31
80.34
64.71
67.35
46.39
75.78
30.23
22.61
24.33
71.02
81.65
82.28
63.21
94.22
77.44
34.47
31.46
23.22
27.21
58.79
68.73
51.52
59.94
57.48
64.57
59.22
47.39
77.33
42.07
58.51
90.53
91.16
40.27
9.526
12.73
43.51
46.57
49.43
62.63
51.93
54.0
54.21
62.94
99.96
20.6
36.48
13.36
89.58
117.1
94.46
90.55
106.8
95.48
28.02
48.42
7.87
27.86
27.35
25.24
54.94
55.61
53.48
55.93
54.31
54.37
53.54
31.51
12.95
36.01
36.38
32.6
41.73
45.93
41.17
37.83
31.82
32.59
24.94
29.09
74.24
69.25
53.33
48.21
61.71
36.83
34.22
53.98
54.27
91.02
87.46
88.95
92.88
89.37
68.18
55.02
40.58
24.16
3.627e-06
96.65
83.82
88.66
78.74
65.32
88.66
39.37
49.77
21.3
21.98
12.88
75.1
71.97
74.46
71.06
86.39
76.67
60.14
45.01
2.838e-06
45.06
24.14
12.7
80.39
59.3
59.91
54.1
55.88
58.58
58.58
33.74
20.05
20.76
13.27
56.95
58.12
51.1
52.82
56.3
38.74
49.02
30.93
14.48
23.19
53.57
55.68
50.29
62.55
44.0
55.1
38.4
31.14
46.42
50.46
82.7
66.48
67.79
74.05
70.53
53.09
46.97
40.14
77.88
100.4
84.03
70.23
59.9
81.37
31.4
82.42
26.38
42.37
62.24
72.69
73.87
93.82
67.5
26.9
27.96
4.338e-06
34.24
26.29
76.42
59.59
59.32
72.76
64.83
64.83
78.14
45.62
25.91
11.04
14.72
87.78
86.34
84.5
75.67
81.45
87.17
15.61
29.98
75.95
70.26
100.1
80.1
84.63
94.85
88.98
67.31
72.09
54.16
25.22
64.98
74.53
85.48
90.69
73.11
28.89
23.88
32.93
42.43
13.36
58.27
56.66
58.06
57.28
60.28
58.48
28.26
19.91
15.11
27.93
39.8
56.99
41.49
49.27
48.34
53.72
54.23
32.87
18.97
42.52
20.11
60.44
55.66
59.23
55.32
55.11
24.63
21.98
39.27
17.31
35.51
64.79
60.02
70.75
58.61
51.69
59.49
32.94
34.67
36.98
21.99
45.3
33.77
37.53
39.34
21.76
16.31
9.334
25.92
39.95
37.91
51.2
60.62
55.62
54.63
54.87
53.99
56.12
34.03
66.15
107.0
175.7
143.7
128.0
142.8
138.7
26.68
54.35
30.62
29.79
23.2
52.62
48.51
49.0
52.52
42.32
49.57
50.51
23.95
31.59
29.41
12.92
74.07
69.85
50.7
43.64
43.91
52.7
30.76
51.78
77.19
30.68
87.78
69.71
65.6
75.31
64.4
87.33
46.64
26.76
126.9
42.3
151.8
78.58
79.68
92.34
81.46
78.52
36.21
9.655
102.5
48.71
99.64
64.07
78.83
68.68
68.87
80.45
43.83
46.24
49.68
28.93
80.25
79.78
43.24
62.05
67.61
77.78
37.09
39.89
34.91
25.39
74.7
75.65
76.49
53.7
71.8
21.32
53.17
57.09
49.67
42.38
56.59
88.62
65.28
78.03
8.085
31.25
30.99
22.56
41.69
45.55
56.41
48.2
50.14
47.83
49.92
30.14
49.19
64.21
27.2
13.48
36.83
72.98
79.72
77.28
75.63
61.95
75.75
79.58
20.54
24.71
33.62
9.884
11.08
25.68
38.11
39.01
37.69
33.8
45.55
47.42
38.29
54.35
115.9
49.31
29.22
18.45
34.17
70.38
67.15
76.66
49.56
139.2
61.59
64.19
19.69
13.55
21.48
25.48
44.35
27.0
51.03
45.37
51.77
59.34
55.49
60.04
54.43
22.56
44.18
32.3
23.47
15.79
23.1
34.45
37.53
38.55
41.33
62.14
45.95
37.67
11.63
25.32
22.37
29.15
32.27
16.22
41.71
40.52
49.3
42.71
43.9
45.41
43.18
17.65
30.18
13.77
25.35
33.25
35.51
36.43
44.96
46.87
46.87
42.78
18.17
19.94
9.055
17.68
53.48
51.68
63.17
59.93
58.95
9.643
44.51
45.14
9.926
10.65
22.79
52.84
53.44
59.69
45.31
56.86
42.42
51.53
13.39
26.02
17.87
28.17
52.99
43.14
57.22
79.49
55.35
60.26
64.73
62.08
61.03
35.93
44.37
36.62
6.563
20.23
19.36
58.53
57.81
60.36
53.98
56.27
57.11
59.73
13.04
39.96
50.34
33.78
42.93
48.06
64.53
73.96
74.29
48.56
61.62
54.45
54.62
9.557
28.28
36.63
21.54
24.51
44.32
38.02
42.07
48.36
41.67
49.43
50.44
41.13
9.666
35.01
34.47
33.55
48.89
56.23
61.49
74.7
61.26
61.18
62.25
8.076
24.84
34.09
22.77
14.93
31.18
39.69
48.84
54.52
50.24
50.04
70.65
50.0
23.82
14.12
19.13
11.72
28.97
48.05
47.77
51.75
48.57
52.72
47.65
8.976
31.51
21.18
36.57
44.39
58.33
69.39
59.14
60.17
61.27
57.29
26.3
80.94
78.37
43.61
43.8
44.77
117.5
117.2
130.3
102.4
91.1
109.5
114.1
36.27
30.87
47.89
20.84
18.93
70.07
67.99
57.59
60.09
80.72
67.25
31.74
27.06
19.26
65.63
24.16
52.78
90.67
99.15
78.21
99.75
98.71
107.3
98.91
73.13
132.7
35.34
26.06
93.2
105.2
94.84
154.6
95.06
30.67
14.54
36.08
53.86
62.62
56.07
72.8
81.78
70.09
68.56
65.18
30.66
25.98
42.28
39.82
65.17
68.69
67.78
61.77
68.37
25.34
18.53
24.85
32.13
23.91
33.23
67.25
57.55
56.55
59.82
56.03
63.74
58.63
12.13
19.81
9.258
24.87
16.84
58.4
64.57
51.78
56.91
56.18
54.95
19.68
24.82
26.35
35.17
32.89
70.18
66.37
73.3
71.89
71.98
73.54
32.36
37.07
13.38
23.2
35.9
62.71
64.3
64.92
62.16
74.37
65.61
24.04
22.35
21.58
17.47
31.3
44.04
45.22
48.49
47.7
49.89
47.79
13.36
21.39
21.94
28.99
17.2
47.84
55.72
50.72
51.4
50.46
58.58
55.79
53.63
31.54
29.11
17.84
17.53
16.15
31.84
38.62
35.19
46.89
36.4
36.86
13.77
35.97
26.35
7.041
30.16
28.41
45.96
58.75
47.51
45.12
43.33
46.86
45.18
17.57
23.57
14.72
38.74
25.86
14.09
49.32
52.22
48.56
50.37
53.67
55.22
51.33
42.36
69.3
16.09
21.92
64.07
64.32
73.74
70.4
64.61
22.76
22.77
16.76
32.09
18.45
37.88
53.67
38.83
36.28
38.91
36.42
36.28
39.32
42.57
43.44
74.73
62.66
97.21
124.9
104.4
106.0
96.35
109.6
39.86
37.28
43.5
13.07
22.82
46.9
47.34
48.05
57.11
68.39
46.57
14.89
34.65
24.24
6.139
33.01
36.33
52.04
47.15
50.71
53.97
51.47
55.86
52.48
17.36
26.51
10.29
25.6
76.48
25.91
42.32
98.9
38.01
50.03
52.97
44.93
44.4
9.562
23.93
22.87
34.34
30.62
37.62
54.01
58.34
65.62
61.13
67.51
58.64
62.99
25.97
22.06
24.02
17.73
25.28
24.02
61.24
62.54
60.34
49.11
51.4
55.88
58.64
20.2
20.72
25.48
7.948
12.56
25.29
52.76
51.55
53.5
53.71
55.86
56.09
53.73
3.217
16.87
12.68
10.01
39.26
39.26
40.61
43.81
40.55
22.48
34.34
24.62
11.24
56.37
23.37
48.18
63.24
52.83
46.08
38.13
47.5
46.78
3.861
12.64
26.78
18.12
32.92
37.61
44.6
36.25
35.58
38.08
38.09
9.004
31.0
40.25
28.86
28.69
54.18
59.28
63.01
62.42
63.16
67.92
63.07
65.33
29.38
33.28
42.34
30.68
28.21
35.25
62.29
58.64
63.38
53.57
62.64
64.62
60.72
28.84
28.27
35.98
13.83
16.4
31.04
48.87
50.09
55.54
51.36
46.09
52.64
48.72
15.92
50.62
18.85
17.49
23.22
27.03
29.19
27.86
29.96
50.16
27.15
13.31
12.88
28.73
11.86
18.96
17.21
28.88
30.07
28.41
24.06
25.42
29.94
26.32
45.55
60.0
76.95
138.2
124.3
171.3
170.8
165.3
173.7
17.8
35.96
27.83
39.53
104.7
91.6
103.4
101.2
103.4
108.0
67.11
66.38
39.78
23.45
28.78
33.24
56.19
3.836e-06
68.06
83.45
66.51
84.02
65.04
61.42
66.51
103.0
87.71
36.37
31.41
160.1
159.7
109.3
111.4
163.3
98.11
80.94
77.01
77.87
104.8
103.0
108.4
96.15
79.59
28.97
37.0
44.7
24.12
96.68
83.63
75.04
80.19
82.68
71.88
53.01
70.81
52.86
96.56
77.41
85.92
77.86
70.38
95.77
30.02
71.36
45.02
128.4
109.1
133.8
114.5
123.2
34.34
45.03
39.61
28.41
25.75
49.2
60.39
46.34
46.15
55.07
48.22
29.59
84.01
52.84
35.03
98.14
83.67
80.73
89.09
77.65
81.18
78.03
75.48
30.39
37.61
19.68
84.75
84.13
75.5
71.66
81.85
42.85
35.87
46.23
53.3
68.45
75.34
68.86
73.08
73.19
61.18
54.32
36.54
52.71
84.72
88.58
108.3
81.85
80.94
54.86
28.79
51.61
48.2
73.87
52.26
83.68
53.83
51.41
84.41
49.66
49.57
52.35
95.73
88.47
105.2
92.13
93.3
99.48
63.13
66.92
99.38
142.8
154.9
140.5
126.4
136.5
60.53
40.56
58.98
115.4
77.47
113.6
80.6
101.8
95.63
156.1
89.83
126.6
35.92
155.0
165.3
165.0
149.2
176.7
170.0
174.5
89.83
67.67
163.6
166.0
133.7
143.1
156.2
31.0
42.7
15.18
37.44
71.44
68.04
63.88
58.99
71.01
82.67
69.36
72.1
114.3
73.55
71.49
122.0
120.7
95.58
139.3
125.5
104.4
127.2
80.05
52.09
66.93
59.22
140.0
150.3
162.0
140.9
157.0
44.48
18.58
1.609e-06
64.59
98.35
1.862e-06
70.7
103.5
49.16
67.23
54.63
49.16
49.16
18.26
30.36
50.37
43.47
68.96
82.94
73.99
76.98
72.54
73.01
52.5
52.01
72.89
81.82
86.24
68.0
50.58
57.47
53.9
34.29
20.97
74.02
60.93
86.59
46.3
43.27
54.27
88.31
79.71
44.14
31.34
94.43
81.29
99.36
106.5
84.29
75.75
81.46
32.39
85.46
80.46
70.99
60.53
62.99
55.26
22.62
37.71
36.67
55.36
50.24
55.24
37.0
40.1
32.96
22.87
66.14
93.67
112.9
113.8
153.1
150.7
153.7
77.1
120.2
144.1
94.89
144.9
127.6
135.4
121.8
120.5
43.79
18.51
73.64
30.23
86.96
88.52
96.36
91.79
93.86
106.0
42.16
46.72
51.88
76.21
82.16
104.2
77.07
71.78
71.83
53.66
32.37
24.11
115.2
111.9
122.0
111.5
115.4
52.89
80.86
71.3
119.5
115.5
105.3
94.2
99.7
94.74
86.25
114.0
122.8
148.7
141.6
161.6
151.9
161.4
62.46
86.49
27.26
35.15
130.2
126.3
107.6
106.3
132.0
72.17
108.3
142.4
169.5
190.5
192.7
204.5
241.0
221.4
39.06
29.56
16.34
23.88
84.12
89.4
74.68
77.5
83.37
67.95
81.44
29.67
22.38
53.27
52.55
46.57
63.7
50.39
57.4
28.48
57.42
16.39
108.1
80.34
79.74
75.49
82.09
84.04
80.94
85.01
80.94
85.01
80.94
84.04
80.94
0.0
57.87
31.0
41.27
37.38
76.24
71.53
59.75
66.65
70.3
33.94
122.4
91.95
53.38
93.37
99.02
91.0
148.8
91.93
108.3
53.2
63.59
72.11
94.3
111.2
102.6
83.47
89.23
65.64
113.5
35.09
176.7
173.8
143.9
180.0
178.8
84.42
65.94
62.06
52.18
117.7
114.1
115.3
92.5
105.8
26.43
55.54
58.04
71.11
85.24
99.32
60.6
86.78
61.11
92.7
85.39
63.23
100.9
104.4
107.7
123.0
87.39
94.62
70.44
60.96
58.04
64.69
65.31
69.85
96.69
96.17
94.36
110.5
99.69
105.1
96.65
65.74
44.14
39.53
25.97
84.49
84.28
56.7
71.91
82.32
64.99
35.77
17.04
37.8
84.38
98.84
49.34
65.66
81.7
7.675
61.05
35.34
34.7
43.0
70.05
72.7
68.88
58.46
56.29
64.19
39.39
20.14
55.45
29.19
25.77
47.07
58.2
31.56
45.64
61.2
50.42
9.648
15.67
67.06
74.67
60.13
77.86
103.2
104.3
102.8
46.04
31.44
56.41
35.82
29.54
66.13
74.3
73.55
90.61
83.19
78.37
86.54
80.27
22.35
32.05
46.63
44.89
37.79
39.92
58.15
48.33
65.99
55.11
56.76
36.15
48.09
38.69
34.76
73.49
51.8
31.69
14.4
65.95
53.23
52.09
73.2
53.25
37.63
155.7
56.76
5.528
50.86
81.91
121.9
114.9
151.9
115.7
196.6
105.4
120.0
42.72
31.92
43.41
28.65
21.95
37.91
32.13
24.06
41.67
46.74
28.96
48.02
17.02
50.02
26.52
63.64
46.39
47.25
64.56
58.06
60.64
97.29
58.55
76.9
94.65
70.96
19.07
37.89
40.0
45.23
82.71
93.15
89.74
97.12
92.81
57.39
41.24
69.06
15.46
24.75
64.62
67.51
41.81
52.65
84.89
61.05
33.81
44.29
70.38
36.92
18.82
94.48
100.1
96.01
97.05
77.23
94.27
68.89
75.77
55.45
55.76
126.2
96.35
122.9
118.8
101.2
30.83
25.27
33.68
48.81
23.84
67.48
60.52
55.81
54.97
57.0
58.87
48.91
59.65
55.24
63.87
48.34
73.35
61.55
75.85
84.06
75.6
57.5
13.59
45.38
46.9
43.23
60.44
69.93
83.72
80.76
83.13
71.76
78.77
72.33
72.7
28.11
47.49
10.71
28.26
12.86
43.49
47.97
45.02
48.06
51.28
44.66
9.436
22.21
31.07
77.98
84.97
107.4
93.82
100.1
88.57
117.9
120.5
116.1
118.0
27.47
52.99
44.99
37.95
66.81
87.04
75.81
82.91
77.21
86.65
79.75
27.32
26.85
41.62
29.33
29.16
49.68
71.53
65.37
74.05
78.3
81.19
73.3
78.67
10.89
45.53
37.8
27.51
37.34
35.59
74.04
82.41
82.36
81.89
84.67
83.99
85.11
15.38
34.1
18.89
45.63
35.33
79.85
85.56
93.44
92.53
99.37
94.2
14.26
37.22
26.2
26.45
34.14
36.33
42.26
46.13
39.76
37.44
53.63
55.25
42.44
83.01
138.6
90.27
86.19
113.8
128.3
132.7
132.4
120.5
38.31
71.93
82.24
37.09
22.64
27.21
85.21
111.7
112.4
106.0
98.57
66.47
102.6
18.33
37.32
48.49
33.89
92.55
58.27
65.18
91.09
87.53
79.0
76.78
74.63
72.32
52.32
48.21
51.84
46.2
101.8
122.0
104.4
89.76
115.5
56.17
46.41
78.38
64.64
73.43
70.39
103.7
107.5
111.4
128.1
124.0
115.0
133.1
30.45
78.82
56.26
30.66
29.44
44.04
106.8
108.6
100.9
94.02
111.8
94.79
114.2
24.92
17.89
31.11
43.17
60.43
65.57
75.08
72.48
72.9
20.64
24.75
44.28
48.47
68.01
57.29
58.67
92.41
102.9
104.6
19.03
47.75
166.6
172.3
131.5
121.0
133.2
170.5
33.59
54.61
89.12
24.39
35.16
35.75
67.59
79.46
76.85
41.48
52.38
69.27
59.2
30.04
28.65
53.47
28.55
32.04
89.22
105.4
100.0
103.6
100.3
106.3
59.89
38.73
78.33
15.32
43.67
66.46
87.74
106.8
101.7
66.47
71.96
71.96
87.94
77.54
91.91
64.93
69.46
102.2
81.18
127.7
134.0
83.93
91.71
98.86
108.7
118.4
59.31
48.75
67.04
10.63
45.08
48.25
103.8
108.8
102.6
100.9
94.46
80.6
106.6
45.74
46.44
78.34
43.73
57.01
57.03
89.94
95.13
80.71
93.89
106.3
100.9
100.3
47.55
51.0
45.54
20.26
49.0
63.44
88.27
89.67
104.9
106.5
104.6
103.5
100.8
31.21
49.3
38.61
37.13
35.2
53.68
54.04
54.0
70.44
61.27
60.05
26.33
21.22
13.62
28.37
38.36
52.24
61.84
32.77
48.84
47.52
48.49
28.7
57.39
36.86
6.756
10.5
15.59
47.36
47.35
45.51
41.54
78.23
32.87
46.43
43.59
56.65
63.47
64.14
28.95
35.52
122.3
102.5
118.3
87.49
106.2
92.31
107.1
47.83
41.27
89.04
26.14
47.56
43.09
105.0
112.5
109.6
99.03
92.07
107.0
109.5
44.56
27.98
53.11
33.42
22.52
82.8
55.02
55.66
101.6
53.62
56.65
50.97
53.71
62.14
54.59
19.75
60.2
72.17
91.17
64.73
63.78
66.82
49.66
82.45
24.01
25.31
62.85
94.77
94.74
80.89
80.71
81.73
88.89
95.89
45.07
59.5
54.34
12.73
45.39
21.25
65.69
78.07
70.88
50.33
54.03
55.62
64.57
90.14
41.61
46.73
46.84
52.06
29.37
96.38
29.37
33.82
26.88
45.11
17.46
12.56
43.57
39.7
40.29
34.12
44.93
37.49
64.97
68.84
45.46
47.57
62.85
69.97
104.2
107.7
78.14
9.496
30.36
34.98
7.982
11.23
50.35
51.6
44.3
41.98
45.58
50.02
14.25
16.28
21.56
21.83
20.34
14.68
39.62
39.7
39.88
38.58
41.55
44.62
41.35
21.89
84.21
37.34
33.82
20.84
91.28
84.58
69.19
118.6
85.19
85.31
48.41
47.38
35.38
46.77
54.9
77.31
45.04
37.8
48.72
11.66
27.08
37.25
20.5
37.0
64.05
63.26
68.49
63.83
64.71
66.8
38.23
35.77
58.26
39.6
66.55
56.46
61.8
59.74
49.14
67.24
96.7
46.08
37.13
91.91
81.93
85.88
104.1
73.94
27.69
31.33
18.45
57.45
49.78
50.18
51.29
50.18
96.67
97.93
69.06
39.22
137.6
112.3
89.77
100.4
110.1
21.07
41.06
41.37
43.27
53.73
56.7
13.49
30.36
17.75
36.21
79.92
81.74
101.9
78.33
118.6
65.56
89.26
64.19
27.34
79.13
54.48
30.68
78.88
69.81
66.34
90.66
68.68
22.34
35.14
57.07
42.23
16.38
55.0
63.6
55.32
67.71
47.86
48.98
61.26
55.9
50.34
51.09
21.67
42.33
62.1
21.67
42.33
62.1
66.11
71.88
53.01
15.38
10.99
30.4
99.69
98.36
101.0
69.17
68.67
96.68
7.929
22.24
1.929
27.54
39.42
55.49
53.9
59.33
56.68
59.46
59.62
28.39
36.92
30.84
36.75
30.51
64.23
62.52
65.52
68.4
66.01
66.6
30.16
19.51
43.91
61.36
85.15
50.84
56.32
60.52
54.6
55.72
44.65
31.15
53.79
55.05
79.4
82.53
59.05
51.84
66.48
58.17
34.35
25.15
35.04
26.33
51.7
66.1
57.88
4.933
37.12
76.48
38.14
75.41
80.43
95.63
85.03
73.94
89.22
38.94
94.3
32.74
13.72
98.8
101.4
126.7
129.1
103.8
31.13
75.56
62.99
52.22
26.39
88.52
78.42
70.56
77.21
62.68
76.19
171.4
131.6
21.65
43.82
119.8
130.2
171.3
119.1
114.5
26.16
129.4
13.17
35.75
29.42
46.43
43.12
42.58
129.5
35.26
36.57
32.13
30.95
40.22
32.54
28.22
21.91
64.35
55.94
60.18
59.39
57.02
50.86
58.88
70.01
109.0
36.07
33.2
96.39
100.8
86.89
75.05
79.84
101.2
99.35
72.75
127.5
104.0
140.6
61.93
142.7
92.57
76.33
96.96
56.54
39.77
98.96
89.88
90.49
106.9
83.03
58.13
182.6
154.5
163.5
181.7
157.4
169.5
67.99
94.07
122.3
45.39
79.18
133.1
139.6
140.2
160.6
140.3
144.2
55.69
49.44
78.95
78.41
48.73
97.61
75.2
99.1
97.52
112.1
79.79
32.17
62.12
29.93
20.69
52.78
72.64
73.05
71.36
80.88
96.31
77.27
30.86
24.81
20.52
70.77
41.61
60.84
70.82
68.07
57.03
60.21
53.65
35.4
47.87
85.55
95.86
95.89
87.19
79.9
35.7
26.99
25.85
41.84
45.56
49.4
55.07
60.69
50.93
34.96
113.7
61.69
79.34
109.3
132.2
66.59
108.8
83.47
85.8
49.61
64.34
115.5
131.7
152.6
137.7
120.5
119.9
41.93
47.67
48.33
34.68
76.5
68.52
62.06
65.65
61.56
40.86
72.68
49.72
40.42
63.45
60.52
63.26
64.73
52.18
69.83
29.97
65.7
134.7
3.475e-06
77.61
119.7
68.22
90.59
76.76
68.22
4.826
44.17
48.37
20.54
4.08e-06
69.54
43.72
36.92
36.5
45.11
36.92
47.65
43.79
33.68
61.92
91.41
88.16
70.9
63.81
78.87
23.04
89.25
41.33
15.56
37.47
34.73
48.38
38.22
94.02
47.21
34.58
38.36
138.3
28.65
63.57
10.61
77.46
104.7
65.75
51.24
133.9
61.08
63.9
52.86
61.77
26.32
97.66
76.75
99.94
62.81
72.02
29.19
26.5
33.91
40.55
52.06
74.8
71.76
84.68
76.7
81.26
77.45
16.13
31.19
15.35
18.99
54.79
55.2
47.79
66.52
54.94
72.2
46.36
38.52
68.64
24.79
78.78
106.4
67.49
64.44
59.21
58.67
29.48
37.82
6.251
10.17
48.06
46.96
45.64
56.01
48.1
86.74
114.1
44.12
37.97
107.4
101.4
49.98
80.51
78.4
29.36
56.23
44.51
75.4
85.36
86.67
44.78
51.8
63.77
5.56
12.8
35.12
19.43
35.17
53.43
59.65
73.86
68.68
70.52
68.4
13.94
25.16
24.11
59.91
32.43
83.65
78.46
77.87
73.64
68.8
80.28
25.14
66.42
19.89
21.99
63.25
65.79
65.43
69.88
61.0
20.0
28.1
36.86
76.56
46.35
80.58
47.25
55.98
47.19
27.91
77.79
36.81
24.54
115.1
106.2
75.95
82.29
96.14
53.74
34.68
71.35
76.82
90.43
90.43
81.72
76.65
78.0
21.73
15.93
5.9
13.55
46.65
38.24
62.85
53.66
54.76
46.99
46.95
4.111
82.14
67.67
33.58
58.77
54.01
57.53
85.02
56.61
45.1
40.29
4.635
9.822
80.16
83.15
72.33
49.21
77.6
36.92
78.92
46.37
19.65
83.33
69.55
65.56
97.4
67.7
55.49
144.3
64.45
62.4
145.8
190.3
109.1
129.4
153.6
40.34
24.73
31.4
21.52
49.31
75.28
80.87
73.05
71.05
81.83
76.94
18.97
10.17
25.02
14.3
65.7
59.74
59.86
57.75
60.98
71.16
57.89
15.89
67.04
77.37
104.7
81.09
52.05
72.81
33.93
68.92
57.29
31.19
119.1
112.0
88.2
86.96
105.6
18.32
22.19
50.61
82.07
55.18
79.53
54.19
56.8
54.46
83.79
82.44
62.49
78.17
82.79
89.44
88.04
100.1
50.01
37.94
44.52
18.19
22.28
34.47
36.83
38.38
32.46
18.71
74.97
95.72
47.29
32.48
77.12
60.39
57.02
76.46
35.09
17.79
46.71
59.57
52.13
61.99
64.43
66.24
88.76
68.31
19.1
128.4
32.74
109.3
38.97
112.3
42.5
122.8
37.41
12.14
30.98
46.54
45.91
73.65
63.55
68.19
72.57
68.11
14.79
37.56
18.56
13.87
56.96
54.86
42.72
49.75
50.44
56.44
51.7
26.31
83.61
78.42
83.31
76.01
80.81
13.17
43.52
28.11
51.61
31.82
58.94
87.11
62.13
58.44
76.57
60.37
33.23
32.68
10.91
22.09
78.13
76.1
76.68
77.37
76.51
74.94
35.92
18.54
92.62
76.02
57.71
50.22
66.85
26.66
54.36
4.065e-06
30.8
49.34
58.57
60.91
52.51
56.12
53.87
53.87
14.32
77.68
56.5
75.23
80.45
71.37
84.67
81.49
122.3
107.2
76.35
88.39
69.86
22.79
39.07
124.2
142.1
83.17
82.52
123.5
124.8
23.34
41.62
93.98
111.7
70.49
105.5
92.6
7.71
22.27
35.48
35.39
42.61
46.23
45.12
51.09
46.98
52.36
46.58
30.36
46.27
27.46
50.8
54.32
62.14
48.46
58.95
43.26
23.43
24.08
37.15
61.09
61.65
81.13
64.69
70.21
67.18
18.62
24.7
16.62
37.5
34.53
30.84
32.81
79.92
103.2
20.18
36.25
83.31
74.45
69.74
80.48
77.59
13.86
34.71
36.59
52.88
60.09
77.02
47.82
52.97
50.95
15.04
14.59
8.381
33.43
17.88
56.9
47.4
55.77
54.61
51.33
51.31
28.29
67.62
36.08
32.79
105.3
101.7
75.85
101.6
96.54
66.34
80.4
52.28
23.76
94.61
71.75
78.28
104.4
70.44
86.14
115.7
65.68
65.47
86.79
87.39
101.9
118.6
91.16
25.57
59.48
1.83
72.52
31.45
83.07
29.32
66.72
31.31
28.05
51.79
71.51
120.8
85.29
128.3
69.9
84.26
67.04
25.46
30.79
11.88
12.59
53.14
56.7
50.2
58.41
54.3
28.25
133.4
35.65
81.15
97.75
101.3
78.1
144.8
96.6
57.08
15.71
3.151e-06
42.4
35.03
65.76
71.91
102.1
77.75
77.66
77.66
56.52
73.33
34.43
63.58
92.28
81.25
69.24
71.88
84.45
67.41
64.83
3.699
18.54
67.47
71.97
79.28
90.05
57.06
57.36
73.17
62.47
77.59
22.07
39.34
72.73
74.77
80.37
85.95
71.25
35.94
80.37
43.0
24.99
58.68
53.63
63.41
75.32
52.47
25.89
61.26
81.8
109.4
114.1
75.05
82.95
76.66
11.63
28.04
26.38
16.91
51.43
55.88
50.4
50.64
55.02
67.31
73.56
10.16
25.61
60.59
68.8
51.14
64.55
55.74
25.16
108.8
44.46
22.51
54.26
43.6
48.32
102.6
43.91
55.93
51.54
29.11
59.61
78.41
98.96
65.39
67.77
73.62
6.499
15.71
27.51
33.7
47.04
55.12
48.49
49.1
48.46
15.76
32.59
40.18
111.4
65.74
139.7
56.19
54.05
62.56
81.87
86.36
20.16
29.55
104.7
104.1
75.99
119.1
106.3
8.214
79.88
50.19
8.214
73.79
31.22
36.29
27.8
12.45
40.35
38.89
29.79
38.35
38.26
4.84
51.39
14.8
16.12
53.28
33.82
31.71
54.57
36.56
56.28
35.84
43.23
38.81
73.53
83.68
86.58
109.8
121.2
98.38
108.6
7.106
43.32
20.56
62.3
28.95
56.13
49.14
51.49
70.01
51.1
50.24
36.15
66.77
10.86
13.96
68.79
69.22
63.38
69.96
69.16
15.74
29.77
10.95
13.53
41.81
38.58
39.22
51.37
28.91
30.89
34.29
58.9
73.98
27.72
25.94
92.57
77.76
92.5
105.9
80.4
46.8
75.74
14.1
22.52
29.75
85.84
87.12
88.89
87.03
75.68
81.91
148.6
126.8
39.98
84.19
127.2
150.5
155.5
89.43
104.0
52.48
66.02
81.86
27.4
55.78
72.73
72.77
130.4
119.0
93.8
88.57
103.9
22.56
45.85
46.05
50.06
27.71
87.95
78.16
71.62
76.87
74.74
78.39
41.43
31.73
41.66
25.73
48.05
35.87
60.37
54.49
38.18
32.06
53.36
26.43
33.3
102.1
100.3
91.74
94.56
95.77
48.69
80.11
63.91
79.48
68.42
89.84
64.74
90.62
41.35
28.86
97.68
46.57
40.61
87.35
114.8
107.2
80.44
96.67
88.97
104.9
28.17
114.3
104.0
82.55
120.8
82.0
97.72
126.6
80.11
38.18
37.05
50.76
44.22
61.83
51.03
55.8
61.68
58.24
47.03
60.65
29.25
34.22
55.27
52.2
53.57
52.25
55.32
13.02
25.94
8.498
11.92
41.88
41.5
37.63
40.46
41.02
85.01
110.7
112.3
206.4
47.53
96.97
83.19
171.2
177.7
160.0
194.9
199.0
184.4
15.52
12.52
26.01
19.94
25.59
31.46
35.8
37.64
45.65
46.33
45.07
49.46
42.23
34.19
4.154e-06
63.75
91.74
4.154e-06
34.19
62.03
72.35
64.48
41.88
20.27
64.91
62.69
79.28
55.26
59.01
54.84
109.3
76.56
49.61
139.6
118.9
63.35
83.95
96.87
53.53
111.7
51.42
23.1
69.38
164.4
140.7
146.8
92.1
94.15
136.8
17.98
46.18
37.11
52.22
31.66
64.0
65.18
60.2
59.23
56.57
58.0
52.25
164.9
163.5
175.0
155.4
148.4
177.9
29.07
31.03
50.47
104.5
93.05
62.48
112.1
98.54
43.09
44.77
43.02
46.9
37.78
40.42
56.56
22.13
67.97
66.08
72.94
60.29
88.43
64.03
34.65
99.33
70.48
41.88
101.7
92.33
73.94
108.2
83.89
58.3
57.55
71.45
77.06
96.84
97.75
83.35
78.41
73.08
57.9
134.4
14.85
23.7
54.94
77.28
82.79
86.6
95.61
95.19
75.87
99.59
52.0
64.54
88.77
70.28
98.79
116.1
115.8
123.0
90.44
59.37
67.77
61.81
126.5
110.5
161.0
57.75
63.97
77.05
36.88
33.24
43.69
18.22
24.05
58.42
64.86
64.5
58.89
59.23
64.65
56.46
60.62
56.55
27.71
92.01
90.11
89.81
76.06
85.06
11.0
36.01
2.453e-06
14.18
14.02
25.93
38.0
39.51
54.54
44.28
54.04
43.19
43.19
38.23
35.75
18.47
47.68
85.17
86.55
78.72
79.16
89.86
67.41
69.2
57.59
41.51
62.86
108.3
96.97
95.57
79.55
108.6
86.48
46.14
151.2
28.69
49.29
73.47
112.9
115.5
122.4
99.1
155.3
112.7
32.04
11.91
30.78
20.51
12.0
31.71
29.83
20.98
26.81
30.75
27.09
31.86
47.01
15.52
64.78
49.32
77.76
72.44
78.66
59.74
38.66
41.86
41.86
38.63
37.85
40.4
16.98
36.86
55.0
23.11
80.77
76.09
75.24
76.14
79.86
50.03
23.65
58.24
39.94
87.03
73.75
81.08
66.17
80.86
99.5
97.91
103.5
98.25
88.19
114.2
73.65
77.45
89.36
92.81
97.34
121.1
59.75
64.33
45.65
29.37
105.1
68.99
77.92
104.7
99.29
83.24
33.4
45.91
33.4
31.89
28.16
7.706
37.45
26.56
12.01
30.46
22.3
23.16
46.6
21.45
3.273
76.68
4.041e-06
61.26
84.8
95.24
67.62
95.29
113.1
79.44
110.3
79.48
79.48
20.33
70.94
21.38
21.29
28.62
57.17
59.35
59.03
43.51
75.98
54.54
48.07
36.84
34.93
107.8
116.5
89.71
105.9
119.9
127.1
126.7
116.4
20.25
39.57
65.82
38.33
16.87
63.87
52.69
42.21
46.68
63.62
47.63
77.24
111.6
30.99
97.23
30.99
97.23
77.24
111.6
0.0
99.26
77.43
45.24
21.86
48.14
93.41
102.2
115.5
79.35
64.85
93.82
81.55
82.02
77.16
31.29
65.38
91.49
103.2
99.98
116.7
101.0
94.48
59.71
98.45
32.02
16.75
23.87
88.98
92.63
88.19
65.18
73.2
89.84
39.0
58.52
16.42
71.22
57.89
77.37
77.91
98.24
101.7
94.82
86.88
33.49
78.1
2.628
21.21
48.76
53.55
42.52
71.12
48.94
120.7
107.2
116.9
175.5
150.6
176.4
145.0
124.7
42.71
138.5
113.5
84.28
131.7
110.5
89.48
167.2
89.54
90.06
46.62
108.5
79.8
125.6
57.35
83.23
50.03
80.94
63.72
68.83
34.37
85.91
78.33
100.8
89.58
77.54
31.41
17.93
4.103e-06
12.36
48.71
26.58
64.13
70.49
72.41
57.66
59.33
64.73
64.73
26.54
54.54
54.88
82.75
89.67
96.91
65.76
71.01
75.62
43.33
19.07
25.23
55.12
27.43
51.27
44.33
24.19
14.36
2.737
43.67
12.62
11.25
45.19
40.12
40.88
64.57
38.87
58.58
39.13
20.84
72.06
13.28
29.29
61.99
65.16
58.75
91.92
63.72
59.42
62.03
128.8
124.1
150.5
144.5
84.68
84.85
68.07
24.78
69.29
70.89
83.89
88.47
87.58
102.2
86.09
77.18
37.83
68.9
99.79
109.3
119.5
82.88
83.77
92.79
75.28
99.23
115.1
23.54
44.67
58.31
74.87
61.65
81.93
96.81
42.62
36.79
17.02
3.409e-06
32.58
52.0
3.559e-06
42.72
55.08
29.26
28.99
32.05
29.26
29.26
35.11
51.57
31.35
25.07
38.22
60.75
62.17
69.15
58.17
72.56
60.86
2.908
21.7
52.4
73.58
58.38
77.65
51.73
54.25
51.12
100.0
164.9
46.61
42.89
144.8
145.7
142.0
117.5
121.2
48.17
41.83
6.74
44.93
54.4
65.35
60.46
60.81
54.24
10.15
20.77
24.84
54.9
47.86
73.32
69.27
62.6
61.53
63.01
61.62
99.26
108.3
20.99
35.71
30.4
39.67
65.52
49.65
76.79
93.09
34.93
81.32
69.11
69.14
98.83
43.29
77.17
122.4
107.7
132.3
102.7
93.75
90.79
100.6
89.03
113.2
38.44
77.12
85.57
114.2
83.97
110.9
72.42
71.01
49.1
79.96
65.84
99.39
86.47
118.5
106.8
99.5
21.8
24.23
31.72
15.61
27.23
90.1
79.73
76.51
69.79
70.23
79.87
53.73
39.76
70.46
62.9
84.54
61.07
64.86
53.73
71.24
25.53
33.76
34.42
72.24
64.81
58.07
74.67
73.25
50.11
73.66
39.85
89.24
82.18
105.8
99.53
90.78
45.54
47.83
58.72
84.29
85.72
88.83
86.22
82.08
58.01
22.14
26.77
22.25
45.68
42.48
61.36
43.23
37.62
66.0
56.86
52.39
37.39
98.77
98.12
65.02
81.48
95.96
75.57
65.29
64.16
51.24
41.51
110.1
113.8
108.9
105.7
90.19
104.9
117.7
107.2
90.76
90.81
182.0
174.6
184.6
159.0
184.3
34.75
40.83
58.59
41.58
59.92
55.46
62.85
52.74
49.68
72.82
51.22
33.83
31.19
93.51
105.6
82.95
71.19
103.7
70.5
85.36
34.97
42.54
151.1
159.4
107.6
92.24
144.7
60.21
61.12
68.11
68.52
142.1
139.9
121.8
139.6
123.8
64.7
69.36
39.14
119.3
120.5
92.13
91.35
114.4
124.5
96.77
46.61
43.03
4.766e-06
134.9
136.3
106.5
82.71
60.63
106.5
75.36
50.83
70.78
21.02
140.0
137.5
107.7
142.4
135.8
13.91
20.56
28.62
14.54
38.29
26.68
21.53
36.91
26.62
74.67
23.39
13.78
29.68
44.89
33.7
84.27
35.62
38.8
50.35
30.67
34.2
24.03
66.5
63.14
57.53
64.36
60.5
79.69
144.3
70.32
52.15
94.28
92.66
172.5
79.69
94.65
73.11
94.35
47.33
163.6
167.8
184.7
170.8
186.2
64.58
57.08
61.44
43.52
103.2
70.21
94.53
83.47
82.49
130.0
99.19
84.19
102.0
48.95
59.01
116.8
81.97
78.88
112.0
70.11
79.9
43.84
102.4
52.1
129.4
126.7
162.6
138.7
132.6
79.38
59.74
82.27
66.56
112.6
102.3
126.1
84.35
95.26
84.52
90.15
126.4
66.69
254.5
212.5
205.4
208.3
244.0
88.37
67.68
75.46
74.51
36.22
122.8
102.6
123.7
102.7
101.4
102.7
52.89
72.86
96.61
117.7
120.6
118.5
102.8
116.0
64.76
27.53
59.98
68.93
90.44
43.03
49.21
48.71
97.68
90.75
79.35
79.58
95.11
48.73
47.61
38.91
23.71
54.67
39.05
36.45
35.31
19.76
30.56
19.91
13.45
26.53
48.33
65.3
55.47
55.24
52.03
21.42
19.77
17.83
19.78
68.65
75.36
67.6
66.5
73.31
98.29
44.35
54.15
42.06
80.92
85.97
127.5
82.99
82.91
86.22
73.93
43.56
137.6
131.3
135.5
116.1
138.0
51.33
60.77
92.52
25.26
123.7
119.4
122.2
98.76
120.1
70.44
41.91
61.33
21.31
78.27
48.82
79.14
49.92
44.47
49.68
36.97
58.17
27.39
89.94
102.9
96.17
87.5
94.76
68.99
57.22
38.03
24.41
129.0
133.5
157.3
124.6
130.4
69.96
36.64
34.6
17.32
134.5
137.8
126.1
124.0
141.3
64.75
50.04
92.91
50.79
104.7
86.92
96.2
92.91
82.31
27.97
56.98
32.53
4.89e-06
96.19
106.6
117.4
115.5
114.3
117.4
66.59
50.8
29.86
20.96
105.4
104.1
71.32
79.69
104.0
69.36
94.7
97.62
111.4
113.7
93.02
77.53
98.47
77.43
143.7
146.0
157.9
149.1
157.9
31.94
17.27
26.47
23.62
68.15
68.51
75.35
66.4
70.73
76.95
103.3
85.94
111.4
89.71
52.45
39.04
53.9
27.86
18.79
90.14
87.96
61.28
95.73
84.08
91.73
74.97
89.3
52.93
105.5
60.99
87.02
82.45
53.43
38.2
45.84
79.26
50.02
91.48
109.7
131.1
148.3
133.9
99.45
127.0
127.0
99.45
47.33
118.3
78.86
60.5
22.51
161.9
162.0
142.1
121.2
166.1
76.08
59.93
48.41
77.13
94.79
68.73
65.89
96.2
77.53
67.56
96.2
28.39
35.21
26.19
11.23
64.6
56.01
53.64
36.68
50.87
68.56
72.07
55.91
21.24
139.5
148.5
118.8
113.4
150.3
60.37
64.65
67.92
103.8
105.6
118.2
118.2
111.7
43.9
41.45
35.42
68.1
31.43
83.66
48.2
39.39
35.33
66.71
38.24
37.16
31.29
110.7
106.7
100.2
103.4
117.1
63.9
57.05
56.44
40.94
93.47
95.03
64.18
83.1
92.03
50.19
46.75
7.9
27.97
15.99
51.31
47.69
69.56
61.48
45.09
45.38
24.93
61.63
33.64
92.67
62.81
98.37
76.82
71.75
21.39
25.51
62.93
73.76
79.52
95.68
76.03
76.54
75.87
29.41
15.96
40.65
42.75
48.41
47.84
35.4
26.18
24.41
26.35
19.36
8.943
25.93
51.63
60.56
45.31
46.19
51.55
73.63
58.22
3.78e-06
49.69
39.89
139.6
123.8
114.2
107.9
130.0
130.0
42.45
30.05
39.21
31.44
54.64
50.56
50.58
58.38
52.14
80.58
19.46
59.53
21.88
57.8
86.93
81.9
84.81
59.01
81.02
85.5
26.06
25.83
24.06
19.01
68.01
67.16
58.63
62.28
68.34
38.52
66.14
47.97
36.84
96.22
118.7
119.2
120.0
116.4
78.87
63.86
17.87
27.71
122.3
124.1
110.3
87.2
123.4
76.82
79.92
52.67
38.59
49.91
68.13
61.44
52.42
54.85
43.34
22.33
59.03
39.79
98.0
89.99
98.72
111.8
105.5
102.7
51.44
73.24
74.06
89.47
94.03
120.0
73.38
64.19
38.37
27.8
1.92e-06
55.36
49.17
3.083e-06
72.13
73.69
94.41
101.0
101.7
94.41
94.41
50.48
39.4
57.08
39.7
83.27
76.81
62.06
87.27
86.81
37.15
39.04
32.89
61.67
85.16
56.63
69.82
78.2
104.1
43.08
86.92
95.15
99.89
94.03
115.6
122.6
122.8
45.24
39.47
108.8
113.2
150.9
148.4
148.4
59.65
36.12
37.8
39.14
110.2
105.4
93.89
94.69
104.8
71.19
89.65
85.91
229.4
187.3
189.5
169.4
200.1
64.38
58.54
71.89
31.81
96.28
92.42
62.21
91.35
95.44
44.0
33.43
49.6
19.17
70.8
52.88
54.57
49.85
50.9
133.9
42.04
106.1
38.15
112.4
129.0
122.7
123.7
138.7
80.73
75.85
75.22
58.57
160.5
145.7
132.0
136.7
156.3
81.76
34.81
62.34
33.98
117.1
123.0
108.2
112.4
126.9
76.08
59.45
48.41
104.4
94.79
67.44
24.89
14.28
41.86
17.95
82.6
79.82
82.56
79.47
83.65
46.54
39.71
22.48
49.28
17.86
13.56
54.94
55.53
60.42
70.53
61.99
65.59
58.26
46.13
23.18
54.34
34.11
121.5
105.2
103.0
103.7
113.4
26.56
11.24
19.84
16.12
37.86
39.05
53.49
42.0
45.09
71.26
32.21
74.36
57.16
110.4
95.4
108.2
97.92
102.4
58.65
26.95
94.46
63.0
130.2
140.5
141.1
127.9
140.2
84.07
55.91
110.0
143.0
140.4
163.9
165.9
174.1
51.2
50.33
67.7
30.77
124.9
130.6
126.4
125.7
143.1
10.3
10.02
35.32
21.7
41.02
49.62
49.76
46.63
46.05
49.4
44.12
40.94
65.74
62.05
60.7
64.96
58.27
69.82
90.76
3.378e-06
29.55
18.53
107.6
108.1
76.09
90.73
105.6
105.6
46.21
24.76
45.93
46.23
24.24
68.51
63.99
48.01
56.46
45.28
42.41
62.1
54.19
45.33
43.79
88.97
84.72
98.33
78.7
80.68
46.07
28.37
77.83
72.13
120.0
120.4
142.9
147.0
149.3
59.97
57.08
67.89
53.16
62.22
75.29
77.21
76.86
64.58
56.54
39.77
49.37
31.44
134.1
129.1
108.1
115.1
133.7
54.66
58.72
50.64
53.45
77.58
78.5
75.81
79.15
66.27
49.57
45.24
37.59
37.94
104.4
110.5
106.3
96.18
111.7
45.68
37.62
73.64
57.96
154.2
134.4
124.9
110.8
126.9
55.7
73.97
85.43
66.26
123.2
62.69
107.8
118.4
84.58
40.59
28.78
80.31
22.78
155.4
107.3
106.5
106.0
116.5
72.25
72.65
71.23
51.58
156.2
152.5
134.9
136.6
166.3
32.42
24.2
48.93
60.98
52.87
48.4
52.43
52.05
71.05
49.87
85.51
40.92
128.0
129.1
132.0
124.5
140.9
35.7
20.86
46.51
39.69
115.9
84.8
111.4
106.3
105.9
25.37
35.97
42.73
46.95
86.28
82.55
93.82
88.13
91.36
67.59
26.29
56.73
37.07
108.1
112.4
138.3
122.8
127.7
63.11
41.76
66.71
26.22
73.98
46.99
73.55
52.28
40.6
53.72
39.48
35.1
39.1
110.1
105.7
95.05
103.6
109.7
96.67
95.9
86.49
154.3
161.7
171.7
163.6
139.4
167.7
20.49
23.77
22.94
17.22
76.08
74.3
81.21
79.27
81.82
70.01
70.13
89.9
36.9
168.7
169.1
172.0
147.0
179.3
88.38
66.06
66.9
32.11
110.9
108.8
99.1
80.16
99.03
72.79
44.34
81.3
43.29
111.9
103.1
120.2
112.5
115.1
56.44
36.85
33.64
20.25
108.2
114.8
98.94
95.66
115.8
49.15
41.38
57.05
52.15
108.0
111.6
102.0
110.1
110.6
70.16
32.7
115.8
85.82
87.03
59.25
65.93
75.28
22.27
24.64
41.0
40.5
48.11
84.03
36.14
33.11
63.33
34.87
35.83
30.45
60.2
65.29
39.9
62.58
58.43
35.98
34.04
26.86
39.0
94.45
79.89
65.53
87.93
88.98
44.27
33.99
44.71
32.21
138.8
126.4
125.5
130.2
136.7
74.32
54.07
56.11
25.43
87.14
66.39
71.75
53.54
57.78
67.26
69.42
47.92
34.51
106.9
104.2
83.13
83.67
93.96
69.06
43.34
83.57
44.73
113.5
108.1
117.8
108.8
113.3
72.77
37.07
75.66
54.37
75.66
37.07
34.77
17.9
56.84
24.65
77.34
67.71
79.43
82.72
79.47
46.64
23.29
81.93
46.48
51.89
53.37
50.59
66.02
32.48
50.4
37.26
78.25
67.02
60.8
46.35
50.34
85.51
39.14
167.9
151.8
142.6
144.1
163.7
82.14
57.46
24.36
129.8
134.1
129.5
114.2
138.8
58.3
38.15
56.54
73.13
76.86
90.05
73.7
67.03
40.32
46.86
36.49
17.53
49.99
57.12
46.38
71.15
60.27
44.08
53.14
31.58
28.51
89.34
89.21
77.71
88.68
93.27
75.81
48.9
25.74
18.84
104.8
109.4
70.15
77.71
102.4
16.03
14.03
68.53
119.4
92.42
120.4
116.3
119.4
46.05
50.22
63.86
29.71
87.92
56.89
45.93
72.06
55.48
125.0
53.63
72.07
24.32
92.98
75.54
148.6
71.28
76.49
89.25
68.26
82.99
36.21
101.9
89.75
75.34
83.12
86.17
89.84
46.04
48.21
40.69
81.8
30.57
88.01
50.04
53.45
40.51
39.37
86.04
57.47
82.6
70.48
77.1
92.89
82.19
32.92
19.62
57.2
33.04
101.2
111.5
119.2
117.3
123.7
40.02
38.0
23.94
21.04
46.9
39.9
57.83
61.3
42.95
62.68
55.86
57.9
32.63
100.4
91.7
113.9
92.68
95.12
81.85
44.68
85.39
70.03
160.1
131.1
169.7
170.8
165.3
76.08
96.82
46.37
103.2
99.14
72.91
77.7
87.35
80.56
13.06
48.45
83.77
116.7
86.28
98.62
107.6
110.4
59.44
54.43
57.8
33.76
99.54
79.8
96.03
88.12
83.68
47.84
23.76
96.64
95.81
93.63
98.6
104.6
98.02
101.2
58.36
37.79
40.91
18.63
103.1
95.24
96.55
92.01
100.7
55.24
26.43
84.75
80.79
126.8
115.5
140.5
132.3
129.9
98.95
76.64
39.85
23.57
128.9
118.3
66.57
71.67
111.4
23.95
18.06
11.04
10.01
51.99
50.1
41.67
41.31
48.72
53.73
46.7
49.74
29.43
84.51
103.2
98.67
91.44
97.76
66.54
34.74
77.12
33.17
88.34
52.53
71.97
52.45
41.23
128.6
101.6
74.45
86.25
171.5
155.2
155.7
168.3
110.4
46.18
76.73
69.84
168.2
148.4
128.8
134.3
154.0
42.67
37.79
10.03
8.898
70.11
69.45
73.32
48.51
67.74
45.98
51.28
46.67
26.17
78.85
93.67
75.45
82.25
93.12
53.98
52.69
43.5
39.36
42.31
76.62
70.17
69.41
68.86
27.08
20.46
40.57
17.55
30.65
42.56
52.1
48.48
45.36
83.25
29.78
68.22
42.88
134.7
102.9
131.3
114.1
115.7
48.23
32.69
63.49
33.12
59.67
78.23
78.84
73.09
67.55
15.91
32.94
37.12
22.97
44.79
30.82
32.85
15.91
65.18
39.05
66.75
52.63
93.61
80.83
107.6
86.46
78.8
38.55
40.27
40.76
107.3
104.6
97.46
86.7
97.56
28.13
28.25
27.24
25.72
51.58
47.23
41.06
47.92
44.8
71.85
83.38
90.43
67.85
107.6
87.93
111.5
93.13
72.37
30.57
32.0
36.26
52.55
64.41
79.01
50.17
61.42
58.66
137.9
39.45
68.76
37.05
101.2
80.06
137.2
76.21
75.52
152.2
150.3
115.1
162.3
174.6
166.4
192.4
179.8
193.2
59.14
32.98
53.42
39.23
111.2
88.72
87.81
77.94
85.89
50.03
34.67
52.52
33.34
100.9
82.99
103.9
85.09
88.9
71.9
61.85
4.699e-06
83.84
43.24
144.6
151.8
144.8
149.3
142.9
142.9
93.48
44.31
31.02
38.29
81.14
95.08
75.95
59.41
73.59
54.1
39.44
44.22
36.2
119.1
109.5
118.8
119.9
118.0
69.14
64.07
81.8
43.36
92.41
85.04
85.74
84.48
75.62
72.16
63.8
65.64
47.97
91.92
91.45
121.5
117.3
103.5
67.96
46.84
62.08
76.29
165.1
147.5
170.9
167.7
163.3
61.44
43.52
73.42
53.03
134.6
117.1
137.6
140.2
129.2
77.73
52.9
102.3
88.57
87.53
64.61
71.61
60.75
48.99
92.98
126.0
126.8
155.1
146.4
153.5
80.08
46.28
53.01
58.19
58.19
46.28
44.51
23.98
45.41
28.67
76.57
60.46
53.23
53.9
54.59
53.25
29.38
33.66
18.07
65.32
73.67
69.37
57.48
65.71
61.92
49.46
39.77
74.91
28.87
79.03
66.08
28.46
31.54
40.32
57.1
67.41
63.0
67.18
67.56
65.14
33.56
53.93
20.02
42.11
104.9
112.9
115.4
117.5
117.4
35.59
25.46
37.0
12.3
45.64
35.11
31.36
52.02
38.4
45.22
35.26
67.14
25.65
110.5
91.15
89.77
89.07
96.86
98.95
100.8
73.61
53.98
173.3
166.2
145.9
169.6
177.9
116.2
31.75
125.0
125.7
170.8
140.2
172.7
158.0
164.8
36.19
47.65
49.45
33.65
79.27
74.4
79.44
81.52
75.53
5.66
13.72
4.712
27.03
14.83
35.5
38.85
35.46
34.42
34.52
36.35
32.39
67.3
37.11
48.23
104.9
103.2
71.69
72.53
91.93
27.22
86.85
10.98
34.41
32.18
63.44
67.42
75.6
104.4
77.37
77.97
51.95
27.51
55.67
19.69
11.86
64.43
59.48
54.44
58.21
57.41
56.75
18.04
36.92
2.982
36.05
49.38
56.63
62.72
65.44
50.48
58.16
56.49
37.85
30.97
44.53
17.39
62.46
58.43
64.98
61.7
59.79
10.64
9.787
4.38
24.25
19.15
43.74
43.68
42.55
42.67
43.56
43.94
13.03
64.4
38.85
19.68
42.63
27.61
50.75
31.8
68.82
50.15
31.43
14.83
27.92
14.81
26.36
56.05
61.81
47.7
47.65
54.35
19.08
12.74
3.726
28.29
56.5
55.18
43.63
61.5
58.44
59.37
56.04
40.85
99.19
9.367
43.55
81.74
84.28
65.22
128.5
81.01
17.47
22.12
34.79
17.44
62.98
52.12
52.22
58.28
57.21
38.76
26.02
13.45
15.82
25.77
77.69
79.3
75.28
67.95
68.71
76.72
2.066
22.2
21.2
17.59
26.05
27.39
25.99
36.28
25.73
3.826
24.48
17.7
11.08
41.86
36.81
36.33
40.71
36.64
57.12
54.2
9.608
18.69
66.04
66.33
52.61
51.61
67.58
10.78
34.71
18.96
23.82
20.54
22.59
51.29
51.7
54.92
52.6
60.46
57.95
54.82
23.98
25.52
19.66
24.73
22.1
29.13
28.42
30.14
16.19
14.65
19.33
15.45
8.95
44.63
41.5
39.78
33.36
39.21
19.0
47.42
41.97
17.94
13.43
46.52
47.59
49.15
66.94
53.14
50.21
25.56
56.59
22.75
30.14
66.73
78.78
63.46
71.18
67.87
17.12
55.07
11.44
32.83
87.72
62.03
76.8
93.96
79.15
24.09
97.6
24.46
13.23
32.57
28.31
39.98
94.6
30.13
22.48
18.95
23.62
63.74
68.65
90.29
76.81
85.39
96.78
99.03
96.67
98.01
93.2
16.24
21.5
5.158
7.545
51.75
51.67
52.51
53.59
51.49
26.15
62.07
10.57
35.76
68.21
68.31
64.8
92.26
71.0
14.4
57.36
31.24
72.2
55.15
71.98
78.89
112.7
119.1
102.2
112.4
31.08
27.3
27.36
24.15
44.63
37.53
36.92
30.11
40.3
6.522
17.11
16.97
9.146
43.3
41.79
43.64
42.38
43.68
33.9
37.97
26.04
37.06
61.3
62.93
54.53
67.73
57.59
15.7
87.92
4.726
52.69
65.19
76.06
58.61
97.26
65.32
26.77
18.4
49.22
65.58
63.64
53.62
70.81
58.9
68.61
71.85
67.97
13.76
18.2
10.05
40.94
30.89
55.66
30.35
34.5
32.71
1.944
25.47
25.2
31.4
45.85
50.18
51.43
54.19
51.57
18.96
32.68
11.78
15.99
39.25
37.36
50.2
50.41
52.24
48.38
44.69
10.77
18.79
43.51
24.14
76.52
56.53
58.97
62.12
60.74
29.1
85.39
8.456
20.71
43.21
49.1
43.22
87.87
42.25
8.39
26.82
44.82
40.73
79.21
74.91
76.57
76.82
77.89
13.27
20.57
14.8
41.66
44.89
53.74
47.48
51.58
47.32
27.49
26.09
21.65
1.859
10.99
62.53
65.61
51.68
48.49
49.57
62.71
15.35
31.49
24.59
9.769
9.98
40.39
43.45
34.78
29.44
37.38
39.7
11.77
24.75
2.281
21.18
36.24
37.99
36.41
42.65
36.28
24.51
39.5
13.32
12.7
57.73
55.21
43.79
47.59
54.87
34.21
31.63
13.53
24.3
32.21
79.95
76.81
78.05
68.56
82.14
81.14
16.01
63.63
19.07
41.54
43.47
67.27
62.78
65.32
79.81
89.01
78.87
42.72
26.86
14.98
13.59
87.58
88.49
74.53
75.42
88.07
16.9
29.7
13.77
43.02
57.45
63.22
64.71
75.01
65.94
6.098
6.575
15.9
30.12
48.43
55.37
71.44
62.7
62.61
63.36
62.65
94.05
67.13
23.05
20.86
7.507
124.5
123.7
118.2
76.16
80.13
121.2
11.71
13.81
15.3
45.21
27.47
44.56
55.15
48.15
51.28
47.06
48.66
10.07
42.67
23.6
27.85
51.92
58.16
52.67
49.51
51.25
8.954
17.32
7.492
74.88
14.28
38.69
76.51
41.22
41.21
42.8
41.8
12.88
15.52
18.4
30.03
38.63
64.79
60.36
66.76
55.89
56.46
61.95
11.66
15.91
31.23
14.17
35.77
35.81
41.17
42.0
37.62
9.264
18.77
38.16
19.02
56.23
58.85
58.01
58.8
60.02
7.715
26.07
14.55
23.37
62.15
64.06
59.75
67.29
63.85
21.68
13.11
28.77
45.95
39.04
89.04
78.27
87.28
78.52
79.27
81.12
26.84
29.29
5.203
22.89
60.52
63.68
44.01
51.6
59.43
20.05
13.18
29.44
18.22
8.466
41.64
39.69
42.98
41.8
45.91
41.57
9.982
10.36
10.75
22.96
17.57
27.77
30.72
26.82
30.48
32.01
29.39
25.8
20.51
15.01
37.97
40.79
36.15
37.29
24.37
22.75
4.508
34.53
58.93
66.25
58.64
59.4
59.63
26.81
49.74
27.49
28.39
65.06
61.06
58.42
58.54
64.53
45.07
17.42
5.84
15.65
22.55
60.14
61.11
61.58
69.49
57.34
62.27
4.926
10.35
9.262
36.48
33.72
37.3
38.82
36.48
81.82
110.6
40.31
43.9
141.6
130.4
130.9
67.69
128.8
47.28
50.79
6.664
18.37
64.18
65.81
54.41
51.43
64.3
12.45
20.92
26.65
30.79
40.83
47.59
38.85
48.92
42.65
17.23
10.49
10.97
16.67
57.09
57.63
59.76
54.17
56.92
14.25
51.27
27.25
18.42
63.41
59.0
52.95
76.21
57.7
18.22
14.21
18.44
26.58
40.2
52.29
54.75
39.99
39.42
40.57
42.74
14.0
14.81
21.25
20.13
44.56
43.63
46.98
43.78
45.79
21.13
58.26
15.57
13.07
34.09
53.0
54.85
64.86
51.6
63.77
53.93
17.7
21.42
11.83
17.18
53.52
53.4
54.66
58.92
56.05
12.95
34.89
15.65
11.71
39.4
45.8
47.79
56.55
48.37
21.83
24.37
25.38
74.01
57.66
83.87
65.95
68.26
57.26
12.86
42.72
13.0
33.51
61.16
70.19
53.85
59.2
59.24
30.62
17.44
25.36
12.7
56.12
45.92
39.05
51.4
47.21
32.83
40.86
13.38
17.55
62.06
56.22
54.91
69.99
59.07
23.68
13.13
17.05
52.17
28.75
36.95
53.25
41.0
55.61
50.53
45.61
39.66
21.36
47.96
68.21
87.16
108.0
105.7
115.3
114.8
15.28
19.47
26.07
12.83
38.93
48.74
46.89
62.14
52.14
56.4
49.27
10.04
27.81
43.96
49.94
43.45
61.29
54.37
66.35
51.4
25.55
10.57
10.91
14.74
37.93
39.39
35.52
38.37
39.96
30.73
37.33
47.13
21.09
9.785
56.04
50.9
42.73
51.26
53.08
47.64
2.641
22.0
13.8
24.3
47.53
44.76
41.83
38.87
42.35
21.74
21.78
27.18
26.03
70.83
71.36
67.88
64.29
71.4
16.61
45.49
19.24
47.5
64.6
78.37
61.5
69.74
68.61
1.832
9.075
21.16
28.66
66.46
53.54
72.22
57.97
56.48
61.74
57.77
41.18
32.37
8.952
29.43
54.17
66.08
56.25
43.16
52.11
13.99
37.91
54.29
32.98
32.55
72.09
72.07
75.76
81.43
71.94
78.65
25.74
15.4
2.161
15.84
68.51
66.28
74.22
64.7
69.17
13.29
51.52
14.86
20.65
17.58
61.07
61.81
70.98
60.68
73.24
63.41
46.63
73.42
46.52
33.71
92.19
95.77
81.37
106.7
91.89
7.193
27.43
23.24
24.29
30.28
33.68
35.6
43.53
34.32
41.83
47.71
18.68
21.35
54.51
57.74
52.99
54.76
52.77
26.07
13.07
22.74
33.79
41.23
55.93
54.28
53.41
50.49
9.491
11.23
8.84
25.41
45.39
55.32
48.62
47.45
48.29
8.992
8.016
15.16
9.153
22.9
17.9
16.71
18.34
16.81
5.128
28.6
6.687
12.76
33.72
31.93
39.24
51.88
37.7
37.36
30.15
17.98
6.005
18.9
66.15
71.42
46.69
60.25
60.08
66.26
7.661
19.05
28.94
32.26
71.05
70.71
68.44
66.35
72.49
10.46
35.71
28.49
12.34
9.597
62.85
62.98
57.92
64.65
60.41
63.36
8.019
14.7
33.03
21.73
25.62
38.45
41.73
41.14
40.83
43.52
40.08
44.45
80.64
9.728
51.43
29.86
98.46
111.3
98.63
82.45
99.76
101.3
64.1
21.34
18.99
17.29
23.2
77.3
75.3
73.44
59.85
68.66
76.12
27.35
32.2
2.341
18.49
55.93
56.96
52.03
55.95
56.01
19.0
42.89
13.26
6.977
52.15
53.47
57.68
63.21
53.01
52.61
34.91
49.76
23.09
83.1
86.22
88.46
92.62
95.96
16.94
32.96
12.56
25.51
52.72
56.55
43.9
60.81
51.25
29.58
24.08
49.3
6.28
34.39
79.41
82.43
71.43
65.54
89.31
80.68
2.85
45.19
38.45
27.32
84.25
78.63
85.77
71.33
85.71
27.95
60.84
21.71
12.83
13.31
49.26
50.84
41.57
82.93
40.55
47.7
15.93
14.51
1.418
7.681
35.46
34.03
36.7
38.0
35.6
22.97
55.38
22.5
16.82
49.95
46.49
42.17
50.75
38.04
23.74
19.08
27.08
30.54
69.16
69.46
74.1
73.15
77.88
33.39
30.23
17.66
13.95
59.89
58.72
47.33
54.07
57.28
50.31
27.43
25.49
35.4
32.89
95.21
97.64
78.51
86.01
83.55
98.4
2.443
17.5
23.54
33.93
48.37
45.14
51.88
51.28
52.3
19.53
21.15
14.16
50.71
3.265e-06
53.33
60.41
61.09
67.02
65.95
61.09
23.97
21.82
26.34
25.57
55.52
52.46
48.44
46.16
52.6
4.525
25.81
21.25
20.96
25.02
20.76
12.35
28.03
11.9
29.8
55.02
18.68
46.86
51.18
54.44
57.08
34.36
57.67
30.65
21.14
20.93
17.59
18.7
18.32
25.15
53.86
59.98
50.17
50.85
52.63
54.14
12.24
15.72
39.35
19.55
47.3
43.98
44.03
41.7
41.89
44.84
20.55
67.13
4.738
15.39
66.79
69.76
62.06
57.62
93.81
65.77
20.1
34.69
26.4
24.17
56.69
56.65
56.16
57.69
55.95
32.06
18.82
13.14
10.3
24.07
56.58
55.24
51.25
60.55
50.35
55.47
46.62
37.41
20.83
45.01
78.97
96.7
88.44
89.08
89.51
27.51
19.92
21.9
20.93
7.533
49.53
48.61
49.0
48.48
45.35
47.22
15.9
14.38
20.49
39.53
41.46
40.22
47.56
47.52
46.71
4.244
26.84
13.93
6.298
11.03
55.88
54.47
56.64
62.26
58.38
56.82
35.12
47.02
33.37
12.05
22.96
60.57
65.34
47.24
50.44
62.26
59.38
17.87
13.07
11.53
26.25
13.4
46.36
47.59
46.88
49.15
45.96
46.22
9.773
13.26
31.76
25.25
13.28
61.95
57.0
59.05
62.48
64.44
64.57
13.8
13.79
31.09
46.64
38.37
53.77
47.33
51.72
46.3
42.29
22.75
2.154
11.42
73.46
73.17
61.63
67.08
73.67
12.95
12.47
27.21
17.47
22.32
79.34
82.03
83.57
86.11
85.54
88.3
11.82
15.99
15.37
21.87
50.77
46.36
52.03
54.9
52.52
33.81
13.97
2.25e-06
16.74
25.72
28.04
28.11
45.73
29.49
24.06
24.06
13.58
57.16
12.04
10.67
23.03
23.04
22.64
58.17
21.46
10.86
10.0
14.85
58.32
62.88
47.63
65.63
65.82
65.86
61.74
65.35
76.2
34.42
15.69
32.66
36.66
103.2
112.8
105.6
77.93
82.96
100.1
28.24
46.25
29.88
54.63
61.1
79.45
70.08
85.66
73.98
74.83
75.09
41.82
35.24
4.302
47.62
82.12
86.93
70.36
68.24
82.02
47.28
42.0
6.494
21.83
1.847
71.72
73.48
72.08
67.26
79.49
72.02
2.661
31.71
11.71
20.24
51.43
49.53
54.48
54.45
54.61
23.85
57.54
40.99
53.71
50.7
63.52
75.91
92.4
68.44
9.766
24.71
30.37
31.89
66.2
64.69
60.7
60.22
65.59
11.89
13.58
35.88
47.89
61.42
67.81
67.62
67.16
67.21
40.91
29.53
36.4
37.74
43.65
37.88
44.39
41.82
31.41
38.12
8.869
20.96
30.32
23.81
19.07
30.36
29.98
35.37
46.88
31.03
6.431
38.35
46.23
18.27
57.57
51.49
55.48
65.52
55.55
19.39
27.37
27.23
15.74
19.59
15.92
60.38
60.43
65.96
62.97
60.98
61.29
62.4
17.07
44.89
63.74
47.82
71.67
76.02
73.72
109.3
101.9
96.52
99.83
10.65
12.98
2.095e-06
15.3
21.13
43.33
45.88
40.13
42.27
42.01
42.01
3.362
45.96
20.19
27.62
44.07
49.05
48.08
38.01
49.14
35.61
65.75
43.4
23.61
100.0
95.24
61.79
63.86
86.51
26.76
61.75
5.397
12.13
1.627
45.6
45.81
44.47
41.12
59.24
44.7
2.154
22.03
22.89
21.84
37.18
38.78
37.04
37.58
36.95
44.31
30.77
11.61
12.14
61.81
63.95
43.55
50.21
62.14
2.636
10.86
19.51
17.26
33.93
42.32
47.6
49.16
50.21
47.52
49.17
27.99
23.59
24.03
19.07
15.69
56.29
56.63
61.47
57.26
59.04
59.14
17.01
19.01
3.265
33.58
27.13
36.29
34.32
36.18
26.93
8.135
20.64
10.99
37.51
25.22
48.77
55.24
57.61
50.65
50.71
51.88
3.272
16.11
13.09
11.56
53.95
51.11
48.7
45.72
49.69
25.24
10.53
22.56
58.7
129.8
62.82
109.2
89.77
92.14
89.31
89.64
24.15
8.496
10.9
18.1
45.02
49.88
36.36
43.99
43.4
41.63
33.69
53.17
4.383
26.92
57.95
62.77
52.93
56.33
55.01
58.57
31.6
33.72
15.1
7.954
70.63
68.35
55.8
55.93
66.65
7.289
15.02
21.61
12.71
40.54
45.58
65.87
46.16
46.4
47.62
46.55
3.025
8.477
8.293
18.87
22.94
25.54
22.67
22.7
22.21
19.35
10.38
20.59
20.13
30.39
46.49
46.29
42.33
49.78
48.34
48.95
5.211
22.41
16.38
14.12
37.31
35.88
37.26
40.8
37.45
4.135
37.0
13.7
41.51
22.74
67.38
44.49
45.99
44.52
44.96
46.23
12.78
6.54
26.01
71.96
38.27
77.94
44.5
46.34
45.15
19.29
25.16
14.02
9.473
26.83
64.13
72.04
67.07
60.71
64.64
66.76
5.661
11.32
29.49
34.68
57.44
66.78
68.36
71.39
66.56
24.13
41.77
22.73
10.07
25.3
80.44
79.86
78.55
76.0
75.97
81.05
8.93
39.4
9.268
9.542
45.34
45.38
36.89
37.76
43.69
14.01
11.17
3.29
13.56
27.69
29.32
26.64
27.69
27.68
15.97
20.13
3.572e-06
0.0
146.9
114.6
142.3
115.3
114.5
114.6
114.6
15.03
34.82
23.53
34.0
66.1
63.83
56.98
54.9
65.05
11.22
31.32
42.25
41.07
54.86
89.58
83.36
101.5
101.2
101.9
104.2
19.13
56.34
29.71
24.99
61.26
66.26
73.92
65.04
77.66
93.13
79.53
29.53
13.68
20.48
28.55
58.43
66.08
52.33
58.32
63.72
54.31
50.11
7.108
5.551
8.747
5.325
48.31
44.39
45.0
43.82
44.8
30.94
25.08
42.33
21.49
81.33
73.98
85.82
70.8
74.56
45.35
23.75
2.197
26.72
50.57
50.11
58.35
53.04
50.7
27.83
24.43
12.75
21.4
75.03
75.32
79.8
76.55
74.75
44.35
23.6
24.02
15.01
71.73
76.35
77.25
62.14
72.25
19.74
8.185
14.48
11.49
44.12
48.09
45.64
47.29
47.37
35.57
32.54
32.77
30.28
32.92
29.96
36.52
32.57
3.874
24.47
34.62
15.45
13.21
63.77
67.46
63.8
76.39
65.86
13.79
9.088
16.75
8.488
45.96
44.79
53.38
45.61
46.35
17.1
16.05
35.43
28.55
67.33
59.04
65.22
61.64
61.82
27.83
16.23
33.12
31.42
8.715
50.76
53.63
60.14
54.19
47.52
52.73
50.07
39.93
31.58
22.41
64.07
54.12
45.73
57.79
51.39
28.6
11.45
23.01
20.01
34.98
33.93
41.25
28.03
25.58
35.83
29.1
1.183
4.679
65.45
65.77
66.69
51.24
65.37
13.86
11.18
11.04
9.083
9.923
39.08
38.48
41.61
38.52
40.17
39.71
80.79
32.12
40.07
26.24
84.2
75.03
81.79
53.74
62.49
21.98
19.43
28.28
12.22
79.6
80.76
82.96
82.68
81.98
27.16
25.8
28.18
10.01
79.41
70.27
62.1
64.04
71.5
31.07
21.83
18.29
20.79
63.59
58.57
67.75
63.32
60.87
19.93
19.32
18.48
19.67
44.9
44.88
42.13
49.2
43.23
21.9
18.83
8.565
22.68
28.47
49.2
50.11
52.77
55.98
54.17
54.48
12.16
30.08
11.84
16.24
43.55
48.59
45.23
48.8
45.52
22.01
10.48
45.09
14.32
60.24
47.38
39.54
75.23
50.01
42.47
40.85
27.79
16.36
14.43
21.06
53.25
54.96
58.55
48.01
52.85
17.35
22.06
32.83
20.62
78.73
69.93
71.03
72.35
74.71
11.68
12.76
23.12
14.73
60.58
61.86
62.6
69.54
69.47
43.75
43.6
32.56
20.4
52.47
43.37
46.67
52.55
35.56
26.35
20.43
21.37
13.02
57.14
56.18
55.49
53.44
58.0
2.239
11.53
46.4
22.75
64.74
58.25
52.93
53.86
53.34
10.81
18.51
18.75
20.8
24.86
37.08
31.19
32.67
29.75
65.26
27.52
6.868
6.581
67.74
68.13
79.38
64.98
65.64
39.37
52.76
31.84
19.9
29.68
45.38
44.87
63.64
46.31
10.2
20.55
19.76
12.42
49.38
49.62
46.21
50.85
48.42
20.19
29.13
39.99
27.37
52.19
31.95
34.67
43.2
35.63
27.08
25.71
38.45
18.6
52.06
52.85
55.57
52.16
47.62
38.33
28.94
14.63
20.12
69.42
59.2
86.35
54.94
60.04
22.51
15.76
17.0
12.4
78.47
80.65
80.93
79.04
79.37
24.5
20.14
85.74
100.6
114.8
127.7
107.8
100.9
105.2
21.85
23.71
28.78
15.67
47.29
52.74
56.54
56.84
53.12
22.84
15.42
6.744
46.68
47.21
49.82
45.74
38.14
16.68
25.8
13.08
55.58
52.08
62.71
52.74
51.23
39.98
26.65
18.11
17.5
83.72
81.89
90.55
66.68
76.91
14.7
20.37
11.9
7.151
36.16
33.15
34.09
34.19
33.69
31.23
18.22
25.9
23.99
47.29
46.5
35.59
34.07
31.31
33.56
33.78
27.01
13.19
50.01
41.76
35.92
36.79
38.13
21.39
24.48
22.44
10.03
50.74
48.56
47.35
44.7
47.75
47.15
12.86
38.29
26.02
70.75
51.01
58.98
49.23
49.95
10.74
22.69
31.02
23.64
61.46
51.31
53.5
58.58
55.31
26.27
43.53
36.23
55.42
62.75
74.92
58.16
65.12
57.32
24.5
12.87
32.21
22.69
48.06
52.75
56.85
51.76
50.99
20.09
31.75
43.34
54.72
69.77
78.48
80.49
86.8
76.38
20.96
13.44
12.7
10.69
41.71
43.17
38.02
41.4
40.05
10.92
21.65
12.8
13.89
29.62
34.3
32.74
41.85
33.23
25.88
44.37
5.686
13.07
61.53
60.33
61.65
59.94
61.95
14.36
13.27
64.26
38.7
102.2
98.51
102.1
97.2
99.79
25.15
25.19
21.98
13.3
50.66
49.88
49.07
53.1
49.38
55.3
41.14
27.71
26.11
77.47
71.37
70.22
63.95
69.18
91.68
39.45
41.22
20.33
104.6
91.24
73.37
95.04
84.05
21.54
15.8
13.08
11.86
79.46
78.63
76.74
76.74
77.52
69.82
70.85
143.1
74.13
159.5
115.1
197.0
163.9
150.0
9.177
19.69
31.79
8.532
42.94
44.09
44.06
46.84
44.54
27.93
50.59
24.7
11.48
53.95
67.88
73.66
73.68
65.79
10.88
18.8
12.01
10.25
36.6
37.32
36.23
32.62
35.5
24.58
28.81
14.29
24.96
43.33
36.17
40.45
40.86
42.07
23.17
16.31
9.432
9.641
39.71
39.23
46.98
45.63
39.81
18.78
24.82
13.93
16.09
49.65
49.33
49.31
47.49
48.45
20.39
19.76
35.22
27.63
60.48
67.34
62.58
58.91
55.33
27.32
10.37
13.98
13.94
56.23
52.0
56.75
49.7
50.66
28.67
35.54
37.39
54.19
55.18
82.48
69.02
26.3
16.18
23.89
9.848
45.7
34.26
21.95
28.4
32.93
54.81
40.71
35.11
20.84
76.71
79.39
93.22
81.48
78.49
23.75
8.456
28.68
35.1
92.58
69.15
87.75
88.55
88.97
20.3
12.46
11.4
8.141
58.02
59.37
65.31
56.43
59.9
32.35
14.43
22.26
34.23
25.91
38.1
42.84
28.9
23.7
20.52
37.57
24.61
58.24
61.84
59.22
58.94
59.22
18.65
32.36
9.225
10.43
50.09
49.0
55.84
48.84
50.34
17.73
15.55
5.943
4.811
37.55
38.96
39.81
39.16
39.28
22.08
12.01
30.25
23.21
51.26
51.22
62.1
59.48
58.78
36.84
46.4
32.64
26.91
67.94
76.58
67.8
77.08
73.12
55.76
29.77
54.43
26.95
65.69
56.48
76.78
44.86
46.54
26.97
28.89
25.76
14.94
59.52
56.03
57.27
60.29
57.72
14.02
17.19
18.07
13.99
38.46
38.81
38.11
38.78
35.02
16.77
13.94
19.2
18.07
56.79
61.22
60.76
59.04
60.47
36.51
35.54
22.71
17.07
51.35
52.43
52.48
58.22
51.94
27.75
19.05
40.07
12.37
45.05
50.56
59.14
49.86
48.89
12.35
15.28
16.21
18.82
32.52
30.8
31.4
33.53
29.27
23.81
20.39
26.91
14.95
51.46
41.41
50.37
45.85
41.43
39.05
18.91
18.03
19.63
34.87
38.92
46.18
41.06
36.58
58.54
65.55
5.652
14.69
64.8
64.83
81.38
80.55
64.7
42.85
37.02
9.27
9.367
66.6
66.47
55.07
55.69
67.38
17.35
19.35
68.79
35.44
73.24
52.92
43.58
44.19
45.08
19.15
31.44
50.66
33.73
61.19
63.87
76.95
79.38
77.33
21.19
10.04
11.14
12.46
50.43
50.72
54.75
55.07
53.35
26.4
68.62
56.03
58.03
94.69
107.6
96.62
106.5
96.35
15.75
11.0
26.05
13.6
52.64
49.88
49.3
46.78
48.0
16.75
10.7
37.26
46.14
21.24
64.61
63.0
62.03
69.64
66.29
65.25
47.94
15.93
58.89
44.54
79.24
80.32
79.12
75.32
75.31
15.98
37.75
24.55
13.63
48.3
48.31
49.26
53.95
51.69
49.73
48.43
18.4
10.92
68.1
70.14
67.46
63.23
69.5
40.34
21.59
18.86
7.809
84.47
85.28
98.49
74.01
84.32
42.26
38.9
39.52
21.41
63.69
65.61
67.08
67.26
57.95
30.97
13.64
1.805
6.896
29.63
30.92
43.05
30.25
29.71
13.1
11.39
14.65
12.32
50.49
51.0
51.97
53.23
51.88
35.37
25.23
31.67
12.84
73.32
78.72
70.86
71.7
76.88
32.49
12.89
33.07
17.69
68.44
53.67
53.61
55.4
56.04
45.15
24.9
30.02
37.5
42.11
50.16
52.54
35.1
30.92
13.38
17.83
31.16
12.88
45.87
33.21
39.04
36.38
34.41
38.8
26.97
52.97
18.26
72.82
44.46
44.02
59.64
47.71
35.8
35.4
16.07
16.59
76.49
82.44
78.29
62.47
79.58
1.793
10.77
38.08
20.22
73.63
64.72
75.74
76.95
75.51
17.18
8.579
17.63
28.56
43.24
44.41
37.0
42.5
40.26
46.66
44.73
14.36
11.76
56.7
59.42
57.68
63.16
56.51
51.7
23.37
48.0
32.6
62.33
74.08
52.4
67.85
65.25
42.76
30.92
39.67
21.0
93.22
79.92
63.93
81.34
82.16
42.76
40.87
10.66
44.16
30.45
49.13
52.32
46.71
29.94
26.45
21.03
11.93
8.933
72.9
75.67
75.02
75.44
74.26
35.85
16.41
17.32
10.55
55.74
54.47
59.19
57.39
55.57
24.23
24.65
18.22
10.47
66.45
69.11
63.11
65.67
66.29
18.82
13.39
17.89
9.34
20.85
19.17
20.35
15.82
19.99
11.86
12.96
10.07
6.997
34.5
33.17
35.32
34.29
34.79
95.45
73.46
62.47
39.74
73.69
110.9
77.86
118.8
106.7
53.29
16.73
37.43
20.01
88.29
90.91
91.56
86.44
87.19
11.58
5.6
59.38
35.29
102.4
89.63
89.69
91.56
89.8
61.22
26.95
43.06
22.14
96.46
85.3
93.51
90.72
91.89
22.53
15.13
12.56
14.34
53.6
54.83
69.13
53.63
52.73
85.48
33.24
17.39
11.61
103.4
94.53
82.76
82.62
95.25
63.5
31.6
40.39
20.92
70.93
63.89
59.83
62.09
58.7
8.521
9.404
12.89
8.342
37.65
35.15
38.94
35.94
36.68
39.23
38.7
3.487
14.02
72.21
75.12
54.04
70.08
71.5
15.84
11.23
21.85
21.2
32.58
31.97
31.08
32.57
29.5
18.84
13.31
30.5
18.43
46.13
54.28
57.77
58.07
57.04
6.344
12.4
1.824e-06
7.2
34.17
35.38
31.07
34.79
34.17
22.03
16.23
23.3
14.43
57.05
59.34
60.88
60.89
58.93
31.31
16.33
41.6
30.29
60.46
42.87
41.48
42.54
42.44
19.7
12.24
8.657
28.65
19.27
43.05
38.35
37.69
39.74
41.86
39.82
26.75
9.7
23.33
16.24
50.4
47.22
42.73
47.58
47.39
17.65
21.27
17.17
19.63
45.56
46.91
49.57
46.93
48.63
15.71
63.43
16.24
7.731
83.07
83.26
71.84
86.96
83.51
40.64
31.41
18.43
7.497
68.33
64.48
58.29
64.12
65.2
22.63
7.131
25.18
10.19
39.01
37.78
36.67
37.27
35.9
12.5
8.223
12.51
9.758
33.79
35.4
33.14
37.7
36.93
47.47
27.36
47.42
11.39
49.77
52.99
70.77
54.67
52.63
44.33
47.77
21.51
23.93
65.3
75.39
71.2
78.67
73.11
37.98
21.01
41.91
21.23
53.89
60.46
57.48
59.33
55.66
21.93
11.34
21.99
23.42
77.88
77.94
82.46
80.18
80.78
22.91
15.5
24.9
13.06
48.07
49.66
54.62
53.2
52.58
15.13
8.595
19.78
8.451
47.67
40.64
40.82
41.2
41.85
50.63
20.78
21.8
13.1
55.5
62.85
49.76
50.93
58.92
8.294
14.21
11.39
14.26
61.42
63.7
55.42
63.15
61.57
28.31
16.53
16.14
22.01
32.46
43.36
33.63
48.18
40.16
3.572
30.65
30.96
13.5
41.78
41.04
36.98
33.44
36.98
31.38
25.43
6.469
5.271
66.83
68.75
59.77
66.02
67.42
17.93
16.01
2.852
17.15
46.13
46.97
51.55
45.96
46.14
22.73
17.34
15.59
29.24
28.64
45.14
35.86
32.23
28.98
112.0
44.83
20.93
21.09
109.5
107.3
121.9
116.4
108.0
56.27
35.69
20.36
17.47
91.38
91.36
64.92
88.77
85.51
10.33
8.282
23.37
12.21
43.07
40.57
43.01
43.35
42.43
36.19
16.27
20.63
17.5
57.57
53.86
51.59
53.34
53.37
39.34
18.41
48.74
22.22
75.23
80.54
72.95
76.88
78.98
25.05
7.177
91.83
46.18
92.84
74.28
95.3
94.36
94.85
46.51
24.19
26.89
11.69
40.4
56.37
62.92
53.71
52.62
8.056
7.102
16.35
13.8
45.86
48.12
47.81
46.2
46.25
28.97
41.63
7.927
14.09
98.53
99.83
87.46
102.1
100.7
16.57
12.6
15.44
14.02
54.98
54.64
57.88
49.31
52.9
12.21
11.3
65.0
12.13
76.0
49.54
57.34
54.71
54.01
25.74
27.23
27.86
19.11
40.92
37.99
45.01
49.46
39.0
18.28
16.1
26.57
15.4
56.97
59.46
61.2
59.54
57.76
43.07
22.88
24.57
19.02
77.99
75.09
90.56
71.31
75.49
8.021
28.19
3.957
22.35
76.19
69.6
78.88
79.63
76.09
26.3
23.41
57.97
57.22
101.4
103.3
107.6
100.8
107.4
44.39
39.71
20.32
16.81
9.3
58.88
61.24
66.36
68.5
72.45
61.74
18.4
4.707
9.229
6.614
26.47
23.19
25.15
23.22
23.11
18.19
24.87
11.08
5.904
46.04
47.65
47.18
50.71
47.56
15.78
20.24
54.38
58.89
73.59
83.74
74.55
77.14
70.16
24.11
7.445
31.83
29.52
94.58
90.72
107.4
90.4
90.28
11.87
6.738
9.724
10.01
40.01
40.1
40.84
38.19
40.01
39.87
48.14
16.44
17.71
77.3
76.6
89.46
76.68
75.84
36.24
42.61
110.0
22.11
163.7
83.78
92.23
88.99
88.35
11.41
6.451
14.53
16.71
29.4
28.39
30.17
24.58
27.08
25.55
42.14
26.26
19.68
61.67
69.04
70.92
69.89
65.37
21.48
23.43
22.54
41.1
52.4
56.41
49.68
55.52
51.75
9.829
6.15
28.19
15.88
57.19
56.85
63.18
64.51
63.64
31.64
24.69
10.58
27.8
49.91
43.84
35.74
48.41
43.75
64.79
36.08
1.14
9.707
56.97
58.69
87.72
63.16
57.01
2.523
14.51
31.13
20.72
20.24
56.47
57.66
53.36
52.57
55.64
53.9
8.237
20.46
32.09
11.22
56.65
60.01
55.47
62.63
59.94
20.33
10.97
38.29
42.09
87.54
88.19
89.06
94.22
90.84
22.68
23.4
112.7
39.73
125.3
63.1
58.03
57.7
55.56
17.9
35.91
41.59
18.08
44.04
49.71
54.31
62.56
53.9
53.24
51.63
20.45
11.4
72.58
71.85
70.22
68.03
71.93
13.81
18.88
53.91
26.79
86.73
85.26
85.51
81.43
81.91
28.69
18.24
28.67
18.9
61.38
54.26
55.16
50.94
48.75
47.41
47.39
51.75
50.77
68.91
61.99
79.99
73.06
60.81
56.7
41.77
15.34
18.44
61.98
63.13
85.19
62.89
64.55
28.28
13.21
10.64
3.932
56.41
55.93
45.4
50.8
56.02
30.28
19.8
12.62
21.94
40.82
40.94
37.17
36.52
38.66
25.71
27.25
4.078
27.93
38.41
35.04
32.36
41.05
38.63
44.45
41.82
15.34
16.53
69.99
67.31
67.98
77.26
62.23
28.78
26.09
29.97
16.85
55.43
55.28
60.02
55.42
55.12
16.21
16.59
3.011
17.39
10.99
50.24
50.26
55.57
49.89
48.69
50.28
142.5
31.76
37.79
22.41
89.69
91.01
130.1
82.2
91.95
11.08
26.18
21.87
15.7
59.24
62.35
54.3
51.93
60.52
8.696
7.482
30.81
19.04
58.32
59.44
59.84
59.22
59.83
11.75
10.29
11.9
11.29
39.42
41.83
39.35
40.38
38.97
36.73
29.19
19.97
2.465
16.1
25.75
28.76
40.3
38.94
34.98
25.13
26.5
15.3
56.6
33.73
82.99
67.14
78.15
77.45
75.9
17.75
14.19
24.68
25.69
50.8
48.51
49.27
48.77
48.11
25.34
14.8
21.39
24.22
33.66
36.58
36.8
44.48
41.78
1.349
6.809
11.2
7.547
47.23
45.07
44.59
43.78
44.52
7.942
11.2
8.508
12.83
52.09
59.68
59.91
59.26
59.0
53.65
36.26
31.65
38.4
91.88
89.05
78.4
68.3
90.89
34.91
22.32
7.844
6.093
57.89
59.55
69.23
58.09
57.69
20.02
17.44
12.31
11.43
41.58
40.52
32.48
40.62
41.05
11.42
8.949
59.89
52.41
73.91
73.75
75.96
75.92
74.41
41.77
25.01
10.95
11.89
63.29
60.23
59.06
63.21
60.26
48.63
32.17
4.189
9.712
69.22
69.04
69.04
68.37
68.39
14.53
10.88
1.231
6.776
23.79
25.37
26.17
20.9
24.0
11.94
5.368
19.48
21.1
61.07
55.91
52.25
54.96
54.58
62.51
103.8
91.84
107.3
119.9
135.7
123.5
152.1
113.9
132.6
151.3
148.7
63.38
104.3
108.7
73.25
52.1
57.44
114.8
80.48
160.4
120.4
85.45
147.8
68.78
122.2
71.8
99.78
113.8
109.0
75.45
83.59
76.0
61.45
131.8
98.01
152.4
190.5
115.8
82.71
86.17
58.1
127.1
116.0
106.4
65.61
82.74
79.09
95.83
76.92
146.2
118.4
109.3
73.58
87.72
128.5
87.97
130.1
70.84
93.07
135.0
85.33
115.5
109.9
103.6
109.2
117.9
152.1
76.04
131.6
97.75
119.5
86.83
160.9
162.4
80.41
75.89
94.99
125.3
155.4
155.7
115.3
91.88
84.17
72.37
168.4
124.8
174.9
135.2
87.0
89.48
91.72
80.74
85.83
97.67
76.65
109.0
114.4
63.14
85.94
98.36
86.26
84.73
66.41
57.72
81.61
70.3
62.89
124.3
81.38
90.36
121.4
84.61
106.8
124.1
82.22
77.79
75.01
82.29
78.73
100.3
115.7
94.18
89.71
95.05
85.53
82.69
113.1
102.4
59.18
49.46
167.9
106.0
52.4
113.6
73.01
90.95
64.11
126.7
112.1
80.32
93.98
119.7
68.21
132.4
86.63
82.67
189.9
105.5
104.0
120.3
85.46
189.6
98.67
141.0
45.16
120.1
57.4
97.69
93.01
173.7
135.1
103.0
73.0
65.29
109.4
98.43
129.8
160.8
68.8
82.74
108.7
101.2
116.4
122.5
72.67
88.44
79.08
75.13
57.1
66.11
127.4
115.8
105.3
219.3
129.5
113.8
110.5
129.6
72.31
181.6
122.3
126.6
119.3
150.1
103.4
135.3
111.7
78.01
157.9
95.21
98.51
91.36
129.4
99.5
72.87
199.7
54.17
104.0
135.1
106.6
86.44
123.1
98.99
88.69
102.5
68.2
92.07
129.6
99.65
80.7
139.1
112.0
79.74
76.31
91.12
166.2
119.7
102.4
77.75
80.16
72.42
87.76
103.0
112.1
66.82
67.75
117.5
72.99
112.2
110.7
