0.8668
0.6133
0.6883
0.4251
0.9673
0.7239
0.8257
0.836
0.8482
0.9605
0.7729
0.7729
0.5875
0.8575
0.596
0.7806
0.9573
0.336
0.8686
0.8492
0.832
0.7413
0.6879
0.5313
0.9253
0.7236
0.8732
0.9319
0.6064
0.966
0.6892
0.8495
0.4658
0.6797
0.8655
0.9184
0.6659
0.6963
0.8988
0.8968
0.7995
0.978
0.9746
0.8139
0.8997
0.5475
0.973
0.8865
0.5733
0.2421
0.8255
0.6767
0.8398
0.9786
0.6953
0.826
0.8068
0.9193
0.8275
0.8623
0.8794
0.6132
0.7659
0.3768
0.6895
0.7136
0.5463
0.6742
0.4742
0.9314
0.7247
0.9857
0.8869
0.8573
0.9531
0.6611
0.5449
0.6508
1.0
0.906
0.07943
0.8754
0.9757
0.4459
0.8964
0.5792
0.558
0.9746
0.3193
0.8863
0.9424
0.7547
0.999
0.8226
0.8324
0.727
0.8162
0.1704
0.831
0.6276
0.9435
0.7823
0.8906
0.8111
0.8802
0.8802
0.6742
0.6983
0.6987
0.8023
0.9719
0.6554
0.7237
0.7773
0.5015
0.7608
0.8794
0.8325
0.6355
0.6688
0.9052
0.7856
0.8255
0.9214
0.905
0.9994
0.4726
0.6059
0.8553
0.6501
0.9905
0.777
0.9944
0.7139
0.7224
0.9913
0.8931
0.8368
0.7915
0.9979
0.997
0.8224
0.5209
0.4861
0.8883
0.6982
0.9644
0.8184
0.963
0.6062
0.892
0.8467
0.9542
0.8732
0.8406
0.6533
0.5908
0.9848
0.9842
0.776
0.7709
0.7713
0.4081
0.6332
0.8169
0.9656
0.9672
0.9305
1.0
0.4925
0.4468
0.8551
0.9808
1.0
0.9955
0.9147
0.508
0.6552
0.9013
0.8794
0.9184
0.9991
0.7923
0.8695
0.7546
0.813
0.873
0.9688
0.9339
0.9387
0.5269
0.8155
0.8499
0.8858
0.7182
0.785
0.8187
1.0
0.9893
0.7164
0.7541
0.7133
0.8192
0.9365
0.8357
0.6619
0.9692
0.7797
0.8231
0.8051
0.9181
0.9768
0.9768
0.9261
0.7421
0.9572
0.7988
0.8091
0.8519
1.0
0.9456
0.7655
0.9033
0.7311
0.9687
0.9507
0.9474
0.7383
0.7497
0.4233
0.7554
0.9026
0.9026
0.8573
0.7818
0.7305
0.7806
0.826
0.3952
0.5835
0.951
0.958
0.6533
0.9446
0.874
0.9431
0.8548
0.5623
0.9621
0.9591
0.9836
0.7167
0.963
0.6426
0.7648
0.9736
0.899
0.9714
0.47
0.4354
0.8805
0.759
0.6518
0.9661
0.8303
0.9005
0.8825
0.7628
0.951
0.3447
0.8081
0.8661
0.8344
0.2245
0.9523
0.8677
0.5334
0.9634
0.8918
0.9126
0.8338
0.9634
0.9394
0.8076
0.535
0.8789
0.5691
0.9451
0.8412
0.5604
0.7443
0.8483
0.9129
0.8311
0.4785
0.8256
0.3049
0.9661
0.3193
0.6851
0.9025
0.6809
0.9983
0.6492
0.9825
0.9271
0.8992
0.8749
0.9591
0.8361
0.4105
0.8072
0.8827
0.8933
0.748
0.8802
0.9881
0.8688
0.9857
0.7429
0.8659
0.9918
0.6403
0.9046
0.9823
0.669
0.8451
0.9459
0.5461
0.6638
0.7017
0.6873
0.8026
0.9565
0.5532
0.9156
0.6319
0.4589
0.7463
0.9759
0.8964
0.9891
0.4597
0.8924
0.7839
0.4258
0.8323
0.9248
0.9896
0.555
0.9427
0.9951
0.8372
0.558
0.7919
0.9419
0.5824
1.0
0.9868
0.5682
0.8994
0.916
0.734
0.526
0.6993
0.773
0.7249
0.9769
0.5203
0.5813
0.9892
0.7529
0.7534
0.9997
0.879
0.6538
0.6814
0.6417
0.9648
1.0
0.7469
0.7781
0.9887
0.9922
0.9818
0.9843
0.8556
1.0
0.106
0.6921
0.8546
0.8812
0.6716
0.8091
0.9521
0.3604
0.9871
0.4536
0.643
0.6536
0.6787
0.7391
0.9855
0.467
0.9646
0.8596
0.9534
0.9843
0.6705
0.8442
0.8325
0.4529
0.9573
0.9676
0.9886
0.9768
0.7651
0.6995
0.9861
0.906
0.9937
0.7791
0.93
0.7687
0.8519
0.7314
0.9827
0.9324
0.5698
0.9276
0.9429
0.9035
0.9354
0.6269
0.8874
0.7651
0.9144
0.9785
0.9611
0.9661
0.8018
0.5517
0.8287
0.9379
0.4465
0.6957
0.8173
0.9346
0.2595
0.7419
0.6193
0.9912
0.9326
0.8873
0.7421
0.6589
0.6425
0.825
0.733
0.5871
0.729
1.0
0.3635
0.8528
0.9722
0.7633
0.6534
0.8874
0.719
0.6708
0.8094
0.7092
0.6577
0.739
0.4569
0.7092
0.6567
0.9627
0.9888
1.0
0.6838
0.9409
0.716
0.5683
0.9079
0.905
0.5497
0.2597
0.6455
0.2714
0.2938
0.4475
0.1221
0.3146
0.7082
0.4874
0.7641
0.1741
0.2392
0.4773
