1.178
3.005
1.505
4.034
0.7776
2.306
2.258
1.43
2.06
0.5346
2.087
2.087
2.444
1.625
2.676
3.255
0.6628
3.351
1.507
1.966
1.408
2.322
1.728
3.073
2.108
3.904
1.211
0.8705
2.906
1.973
2.596
1.873
3.619
2.928
1.798
1.062
4.077
2.458
1.199
1.507
2.095
0.5038
0.4595
1.952
0.9515
3.979
0.3267
1.082
2.939
4.607
1.727
2.382
2.298
0.4021
2.805
1.963
2.118
1.228
1.875
1.731
1.684
3.131
1.507
3.843
1.594
1.966
3.296
2.506
2.974
0.7946
2.842
0.2649
1.576
2.182
2.636
2.548
3.102
2.682
0.0
1.153
4.183
1.128
0.524
3.208
1.463
2.332
3.426
0.696
4.362
1.625
1.116
2.535
0.1666
1.934
1.89
1.663
1.593
3.43
2.163
3.014
0.8235
1.827
1.698
2.191
1.511
1.511
2.36
2.298
2.426
2.118
0.402
1.9
1.668
1.651
3.109
1.719
1.034
1.745
2.936
2.853
1.712
1.61
2.253
0.7871
1.509
0.1158
3.588
3.345
1.843
2.78
0.2241
2.129
0.256
3.509
3.461
0.3212
1.373
1.725
1.871
0.1682
0.1458
2.407
2.659
2.998
0.6072
2.487
0.5068
2.851
0.457
2.606
1.021
1.443
1.161
1.306
1.369
2.43
2.543
0.2758
0.3506
2.691
2.602
2.519
3.277
2.211
1.865
0.4819
0.8657
0.9056
2.22e-07
2.968
3.147
2.239
0.3895
0.0
0.202
0.9748
2.976
3.1
2.87
1.961
1.628
0.137
1.767
1.026
2.432
1.696
1.277
0.411
0.7498
0.9654
2.99
1.614
1.966
1.386
1.936
2.222
1.777
0.0
0.2198
1.901
2.117
3.033
2.287
0.5525
1.599
2.851
0.3957
1.434
3.124
1.911
1.77
0.4388
0.4388
0.7859
2.078
2.516
2.83
2.332
1.516
0.0
0.5637
1.993
1.23
2.168
0.4501
0.5727
0.5881
2.254
2.206
3.056
1.898
0.6779
0.6779
1.59
1.43
1.923
2.061
1.122
3.802
2.26
0.6029
0.5698
2.432
1.231
1.496
0.9972
1.477
3.598
0.4852
0.5629
0.349
2.68
0.4348
2.473
1.864
0.4446
0.778
0.4069
2.419
3.401
1.621
1.61
2.165
0.4462
1.913
1.977
1.201
1.651
0.5614
3.457
1.515
1.276
2.719
3.99
0.4601
1.975
3.896
0.5026
1.218
0.7376
1.59
0.4035
0.7876
1.625
2.838
1.13
2.621
0.8094
1.805
3.258
2.412
1.761
1.431
1.938
3.025
1.929
4.292
0.3871
3.01
2.607
1.137
2.186
0.09862
2.968
0.7029
1.285
1.175
2.54
0.59
2.214
4.405
2.198
1.614
1.615
2.325
1.464
0.2605
1.852
0.3761
2.967
2.098
0.2192
3.212
2.062
0.3627
2.758
2.085
1.016
2.493
2.43
2.185
2.914
2.132
0.8113
2.658
1.421
3.165
2.665
2.507
0.5825
1.343
0.3586
3.036
1.278
2.828
3.15
1.953
1.285
0.3151
2.634
1.119
0.176
1.882
4.745
3.153
0.4908
2.867
0.0
0.3337
2.834
1.6
1.908
2.223
2.538
2.603
2.502
3.121
0.4654
2.503
2.674
0.2354
2.876
2.88
0.1003
2.537
2.661
3.356
3.408
0.9783
0.0
2.442
2.706
0.3213
0.2106
0.4891
0.2783
3.42
4.876e-07
4.486
2.781
1.93
2.093
2.839
2.636
1.491
3.611
0.3371
3.673
2.742
2.839
2.79
2.598
0.5013
3.423
0.9647
4.008
0.7932
0.1965
3.183
1.719
1.758
3.276
1.001
0.6162
0.4407
0.4463
2.434
2.24
0.3044
1.302
0.3756
1.492
1.383
2.372
2.153
2.956
0.2913
1.454
2.375
0.5265
0.7724
1.918
0.7091
2.262
1.337
2.836
1.109
0.4837
0.6606
0.8057
2.77
3.134
2.33
1.275
3.181
2.782
2.056
0.9415
3.287
2.8
2.859
0.232
1.017
1.572
2.997
2.583
2.604
1.913
2.891
3.517
2.352
0.0
3.587
1.723
0.6027
3.104
3.575
2.24
2.917
3.178
2.19
2.458
2.573
2.414
3.657
2.817
3.978
0.5865
0.4131
0.0
3.206
0.913
2.342
3.678
0.9872
1.037
3.244
4.161
2.431
3.755
3.916
3.872
4.354
3.94
2.484
2.757
2.132
4.959
4.452
4.052
