40.53
56.9
34.11
68.09
29.37
55.41
50.48
21.05
47.3
17.24
71.38
71.38
45.1
37.07
45.12
72.54
19.34
122.1
27.79
57.28
37.61
32.2
42.61
47.06
86.98
87.36
24.0
20.36
67.71
27.61
46.73
42.27
81.36
74.9
22.47
20.02
149.8
48.25
33.99
33.65
45.87
16.76
17.24
42.5
59.58
97.5
12.46
33.56
67.66
79.44
48.72
41.29
26.74
17.24
47.63
35.05
26.36
34.1
51.62
34.18
24.07
47.44
26.19
50.06
14.77
27.32
60.68
29.39
49.69
31.48
86.44
14.98
33.35
25.38
31.74
41.28
39.84
39.98
0.0
21.37
70.05
24.36
15.98
56.23
41.75
35.06
41.63
18.26
70.09
57.86
41.35
72.89
13.59
29.12
44.88
34.44
18.23
60.16
31.49
126.5
30.8
42.75
23.87
39.97
21.14
21.14
40.03
48.57
46.43
29.73
26.96
36.67
30.86
27.09
73.78
45.52
29.11
18.29
46.73
44.02
45.54
27.22
25.38
16.16
44.69
13.59
57.4
56.16
45.53
42.28
14.98
37.2
17.24
112.7
103.5
16.77
32.09
26.54
28.46
14.04
14.08
111.5
38.92
45.81
15.21
55.52
26.96
30.49
17.24
44.18
23.19
23.86
23.39
22.36
25.76
32.46
39.8
14.98
16.33
78.19
88.77
85.6
54.31
38.42
24.44
17.24
16.98
16.76
1.874e-06
47.22
49.33
40.75
17.24
0.0
14.04
26.34
52.87
40.3
40.97
39.43
26.43
13.59
28.45
19.08
33.01
22.87
23.5
17.24
15.0
30.06
58.8
26.58
34.7
22.44
40.71
34.52
33.66
0.0
14.08
46.7
48.33
50.16
33.08
17.24
31.97
45.55
14.98
23.7
32.96
46.93
23.01
16.51
16.51
15.21
39.96
26.4
33.95
31.49
26.64
0.0
17.24
26.75
16.56
49.24
17.24
17.24
12.3
44.15
36.3
34.44
35.26
17.24
17.24
19.31
21.15
30.4
40.59
20.44
63.31
35.21
17.24
17.24
36.7
24.74
18.99
19.4
25.46
53.41
17.24
17.24
17.24
48.71
17.24
32.81
35.11
17.24
22.93
14.98
24.25
48.71
26.75
24.96
31.69
17.24
36.16
70.33
16.27
24.84
17.24
46.3
24.58
23.39
31.07
72.29
12.3
35.28
62.95
17.24
41.18
17.7
28.04
14.98
18.68
18.81
39.76
32.83
36.55
19.28
20.66
49.16
34.91
34.11
18.57
50.94
44.89
36.16
60.6
14.98
47.11
51.33
27.37
34.71
9.358
80.78
25.79
37.88
25.29
49.28
22.65
71.58
110.7
41.51
27.86
48.84
54.09
23.88
14.08
68.02
16.7
67.73
76.12
14.98
74.52
34.03
11.92
55.57
49.97
22.12
49.32
49.09
63.21
66.06
63.62
30.54
68.61
51.95
57.89
46.77
46.08
17.44
19.43
17.24
71.28
31.55
133.0
62.08
64.6
25.4
17.24
61.75
18.68
14.08
33.59
175.1
84.55
28.28
72.86
0.0
17.24
87.08
42.97
59.18
37.12
45.31
96.23
55.4
54.31
17.26
59.23
55.73
14.08
83.96
85.29
14.35
116.7
84.64
95.44
88.19
23.39
0.0
79.4
111.4
17.24
14.98
13.1
17.24
63.28
8.695e-06
136.1
62.91
63.14
21.35
77.64
49.41
29.75
65.31
12.29
84.48
52.98
52.99
52.91
60.24
26.32
95.07
21.95
102.3
16.57
9.591
75.55
31.36
26.67
75.16
26.75
15.93
15.93
19.4
74.39
44.02
6.676
22.28
27.8
22.27
20.23
38.74
47.65
59.56
14.98
19.45
58.04
15.38
19.92
50.19
15.21
55.65
27.56
55.8
16.76
12.3
16.79
22.77
92.85
81.33
38.33
36.76
77.66
59.72
58.84
18.62
68.71
71.84
73.0
14.08
22.54
24.79
93.66
67.88
68.54
36.52
93.81
104.8
41.77
0.0
68.92
37.94
13.88
64.94
93.74
52.54
142.9
146.2
40.6
49.88
52.05
58.37
92.55
69.58
113.3
15.21
12.3
0.0
78.95
18.55
54.98
97.73
33.88
32.97
68.93
65.22
58.76
84.25
69.94
90.44
66.45
65.56
45.0
42.14
37.55
75.11
78.74
82.08
