5.94
3.748
12.66
1.114
8.134
2.808
15.47
6.964
6.437
5.03
10.38
5.57
9.98
3.336
12.18
6.285
2.161
13.24
2.92
0.8866
6.804
5.035
5.792
9.33
6.673
5.776
1.63
6.34
4.532
3.931
7.043
1.945
8.599
8.6
11.8
5.868
7.462
4.686
6.71
6.63
8.274
7.758
12.83
7.361
4.602
6.118
9.005
6.493
4.677
4.061
4.061
11.51
7.988
8.381
6.908
4.945
8.548
9.447
9.744
5.596
14.65
8.565
3.956
9.935
9.935
7.348
6.482
7.331
10.26
6.321
7.028
9.822
9.514
6.303
8.928
9.835
7.076
5.809
5.14
6.578
5.686
6.504
5.884
10.33
6.565
5.662
7.374
8.612
10.12
12.16
9.012
6.398
8.673
14.87
12.6
16.93
5.214
8.745
9.221
9.212
13.26
8.518
3.785
8.115
4.112
12.04
6.833
10.62
8.045
7.502
5.091
3.992
8.679
9.408
5.278
2.411
9.401
10.64
18.95
10.14
14.58
6.384
6.384
12.98
11.11
6.962
8.013
8.466
7.419
12.99
6.368
13.31
9.111
3.572
8.185
4.549
13.15
10.17
3.293
8.874
5.548
11.64
7.515
24.93
14.77
9.064
9.586
9.308
11.75
4.18
8.851
10.79
5.077
13.81
9.947
22.8
10.53
8.862
1.697
11.54
8.238
17.44
7.496
8.912
5.038
7.828
14.63
13.21
12.43
16.23
14.05
4.044
9.076
7.641
7.894
16.58
8.794
6.925
9.69
8.557
10.74
8.871
13.47
7.062
6.183
6.837
8.724
17.04
20.91
5.363
6.485
14.18
9.106
9.399
9.366
4.951
11.0
8.259
9.683
4.835
18.23
17.7
17.83
10.28
8.385
13.4
14.1
11.34
11.04
16.91
17.65
8.944
8.254
13.02
16.43
9.116
12.89
11.22
6.175
15.65
10.73
18.29
8.117
18.2
24.03
16.71
6.882
16.29
18.71
20.46
5.1
23.4
13.01
7.856
8.231
20.03
21.11
18.27
12.83
9.327
2.657
8.629
12.83
15.9
7.092
13.47
9.533
5.505
3.356
19.52
13.81
13.1
6.664
21.76
7.954
12.41
8.649
9.165
11.59
19.36
6.605
17.15
21.89
10.28
13.7
15.37
8.798
10.72
8.358
8.079
13.42
8.739
9.306
14.72
20.26
18.18
15.38
17.03
9.693
16.06
11.45
8.056
21.07
19.11
20.66
10.18
10.4
7.536
5.752
7.706
7.346
11.01
10.12
20.98
19.78
17.24
7.842
19.69
12.18
9.239
6.392
11.17
13.71
7.37
17.56
9.243
6.508
12.67
14.05
17.96
10.28
9.512
17.36
13.83
9.487
21.41
4.95
19.04
8.413
8.009
11.16
16.22
18.79
15.67
11.48
10.52
12.11
16.19
14.76
11.44
16.75
15.51
18.06
20.6
19.21
16.17
20.26
15.24
9.502
10.35
10.53
7.245
14.06
18.14
18.74
14.16
18.85
16.12
8.203
7.741
14.51
9.443
22.17
27.28
20.98
21.64
17.49
11.87
10.21
20.39
17.89
15.48
20.13
9.029
17.34
18.67
16.48
13.24
8.021
15.81
10.59
27.12
18.62
7.949
17.15
18.52
8.592
7.093
10.99
17.18
12.91
11.61
8.111
13.75
12.85
19.08
15.27
16.66
11.81
12.03
14.24
7.023
10.57
10.93
16.66
19.2
10.08
12.36
7.707
9.673
17.6
14.41
9.851
14.9
16.2
17.81
18.61
10.82
17.95
16.14
17.22
15.78
15.55
9.83
6.946
12.81
14.58
12.32
10.36
13.52
12.99
17.18
15.71
17.24
13.16
10.68
21.59
22.19
8.762
20.47
20.93
13.61
17.3
14.91
12.5
21.25
10.08
16.71
18.41
22.67
13.78
10.43
12.23
9.011
8.02
15.44
21.74
12.57
10.82
11.42
23.89
17.18
20.33
19.12
11.72
25.59
11.26
14.54
16.83
12.45
18.17
18.29
12.33
16.46
13.33
20.12
12.71
17.41
24.84
19.5
14.95
11.69
15.62
17.25
16.07
15.19
10.71
16.79
14.51
15.79
19.01
8.331
10.26
20.59
12.74
9.392
13.31
17.78
19.15
19.81
16.05
19.63
13.56
14.66
4.733
7.405
6.398
6.653
1.22
6.342
4.677
2.094
4.247
8.06
6.904
4.13
10.44
5.035
4.774
7.026
5.035
8.858
4.711
9.777
4.714
5.241
6.673
6.623
8.102
8.102
7.207
7.207
8.102
8.102
7.526
3.677
8.217
1.326
2.874
4.719
4.728
7.154
7.137
9.889
6.102
1.945
11.61
9.212
4.952
8.372
14.72
1.907
7.582
15.31
3.073
4.484
4.601
3.12
5.81
13.7
6.063
4.87
3.943
9.02
3.272
7.288
6.916
4.945
6.132
9.773
9.288
9.044
9.187
9.545
2.381
9.072
4.846
11.9
5.069
9.317
7.651
10.43
9.677
3.101
1.952
5.904
15.3
19.93
12.81
6.802
4.827
9.365
7.525
9.287
9.365
5.908
7.614
7.25
6.493
6.76
16.08
7.034
5.13
8.134
6.398
10.91
1.221
14.87
13.83
8.374
6.104
6.81
14.5
15.81
13.58
13.58
19.32
8.002
9.023
3.821
11.06
7.904
13.14
8.763
9.522
6.47
7.203
8.319
10.87
9.41
7.457
13.83
4.424
5.328
8.558
6.303
4.142
21.47
6.241
8.13
15.24
17.24
3.041
12.34
5.219
11.18
15.37
14.15
8.144
10.5
10.86
7.315
14.4
20.84
6.922
5.96
6.565
8.836
4.528
11.11
9.951
8.292
7.479
13.22
9.198
7.244
13.05
7.367
13.04
7.505
6.972
7.99
19.06
10.23
15.1
8.525
12.2
22.83
3.721
13.42
11.16
11.14
12.16
9.308
13.59
10.85
13.15
9.863
16.31
9.79
20.42
7.916
7.801
10.2
5.987
14.38
5.278
20.55
6.05
12.31
11.69
10.04
7.594
13.02
10.92
11.25
9.258
15.46
17.11
19.2
10.56
8.852
19.31
9.602
10.28
9.369
5.039
10.72
21.42
13.62
10.92
9.497
10.34
7.898
20.58
22.75
13.23
8.44
21.73
9.394
7.031
13.23
21.45
18.42
20.18
18.4
22.57
10.41
11.83
2.526
10.68
8.124
5.938
13.55
9.928
7.966
20.68
20.46
19.3
15.26
7.421
8.201
14.45
15.71
15.62
17.59
12.91
5.603
5.162
6.832
8.397
16.77
9.288
25.05
9.864
15.43
18.06
19.96
8.318
10.51
13.69
14.66
11.29
21.42
12.67
8.415
10.82
17.52
6.875
10.1
8.322
10.29
12.12
10.56
9.062
9.944
12.6
9.471
10.7
9.984
10.6
7.885
22.55
12.54
22.89
18.07
10.45
12.86
7.824
8.129
15.05
14.76
6.983
7.746
11.93
18.08
8.986
16.95
9.756
5.927
25.74
19.92
10.45
8.795
11.84
11.81
9.848
9.801
12.95
16.54
9.688
7.293
23.41
19.06
14.51
13.42
17.18
17.58
15.41
8.442
9.039
15.23
14.74
8.48
9.368
14.12
26.32
21.43
15.08
23.02
12.76
20.21
18.58
10.26
9.557
10.3
13.53
13.13
8.627
19.01
4.574
11.71
14.8
12.11
12.73
21.41
11.09
18.84
15.86
14.98
15.42
19.9
23.19
8.555
19.39
14.13
7.704
18.64
24.67
24.28
17.28
15.48
20.54
19.17
20.19
13.58
25.13
13.89
20.41
17.22
13.75
25.21
8.293
19.21
11.72
19.92
11.86
17.94
14.65
9.275
14.18
17.09
9.358
15.7
7.538
20.2
11.78
15.24
9.728
9.103
21.2
12.15
10.55
11.03
24.73
8.881
13.91
10.76
16.94
14.76
14.61
10.6
16.28
18.36
12.94
27.84
12.69
6.346
24.07
21.76
21.83
18.87
16.04
14.44
13.49
8.139
19.13
15.02
15.72
14.92
23.37
15.46
24.09
8.216
12.19
12.09
22.76
5.438
19.12
15.54
17.07
9.302
9.97
17.09
17.99
10.19
20.32
16.63
20.48
14.91
15.21
20.6
15.34
16.83
20.15
9.575
14.19
13.27
18.31
12.21
20.18
13.34
17.2
11.51
12.22
23.13
12.67
23.94
19.27
17.18
12.11
11.78
22.21
14.62
9.203
18.02
6.815
15.27
8.518
12.42
16.64
11.68
25.13
19.53
11.74
14.19
11.29
10.87
13.37
13.67
10.58
14.79
12.92
13.71
13.62
15.21
10.98
20.56
21.3
15.64
15.55
19.65
20.04
16.03
19.97
16.94
23.34
13.31
19.45
16.12
6.403
13.15
9.562
11.15
7.757
12.48
6.639
8.46
9.724
6.262
3.983
5.436
15.17
12.7
4.741
10.17
12.54
12.6
8.864
18.28
19.49
13.21
9.705
17.47
8.056
9.449
5.454
6.036
14.81
8.978
14.18
9.048
12.86
8.919
18.46
9.477
7.917
10.68
4.17
7.885
8.179
12.19
13.27
14.45
7.312
11.89
6.896
16.11
7.338
11.37
20.01
13.61
7.03
5.995
7.918
11.9
16.78
6.799
7.673
6.762
23.12
15.0
7.246
8.597
7.893
10.93
13.28
13.9
9.8
9.258
6.512
10.71
13.6
18.84
11.1
14.71
9.421
15.35
10.2
9.313
10.03
16.56
3.66
5.36
16.01
6.388
13.11
4.01
4.01
14.4
9.147
8.78
17.82
12.23
7.117
19.61
15.27
7.845
8.793
11.33
21.47
17.2
8.05
5.547
6.521
12.62
10.17
2.84
23.15
12.44
9.856
5.73
6.302
10.01
12.62
16.57
16.11
10.88
9.983
12.08
12.14
16.16
9.378
11.33
10.86
13.98
14.57
9.431
12.93
4.146
4.737
5.571
14.81
9.032
11.02
16.84
9.043
3.433
19.37
12.82
14.75
13.83
9.629
19.49
17.94
9.205
10.57
19.04
10.64
8.428
4.592
12.58
19.62
13.07
4.897
7.444
10.56
5.367
13.8
0.0
16.63
13.06
6.773
5.044
7.668
8.623
9.219
19.43
17.62
15.03
2.491
4.95
15.26
12.26
7.425
10.43
6.623
7.716
17.27
10.27
10.91
12.48
12.03
13.72
5.672
22.45
15.17
7.452
19.54
9.92
12.26
12.61
17.59
10.57
10.75
9.951
12.3
13.88
14.94
15.73
3.41
19.75
8.962
4.858
6.679
17.74
10.34
6.262
14.81
9.562
7.736
15.64
7.617
8.966
10.29
13.48
10.53
12.72
11.25
24.28
17.39
13.16
11.67
7.824
15.7
6.435
16.69
6.683
10.21
21.57
7.301
7.69
9.17
11.47
12.27
8.948
18.64
7.338
15.28
11.72
17.93
8.441
17.54
9.55
9.958
8.692
11.4
8.261
5.47
9.912
14.77
4.889
14.28
3.284
6.956
12.26
7.02
14.0
3.801
13.88
13.32
9.981
9.324
22.26
7.35
12.56
6.576
4.787
16.01
19.88
14.15
22.85
13.78
13.3
11.24
2.896
8.713
12.85
11.66
19.19
12.64
9.458
11.61
5.676
5.381
14.1
8.618
4.893
8.231
25.51
12.79
8.046
6.863
12.38
7.785
10.41
17.82
14.65
5.928
13.56
13.11
14.23
7.349
15.35
15.16
12.68
15.44
8.859
16.27
10.57
7.984
14.66
14.88
14.08
7.799
18.41
5.395
11.6
7.727
12.18
5.554
5.647
8.982
8.349
6.893
12.75
9.106
9.942
9.821
7.088
13.44
11.29
7.519
0.7469
14.05
21.55
11.29
8.968
12.62
9.446
5.575
13.98
10.12
6.832
5.835
19.03
6.702
9.116
14.29
5.217
12.36
12.22
8.243
20.27
7.088
8.133
8.181
18.01
11.38
11.32
13.23
8.159
4.07
9.398
10.5
5.641
2.688
5.926
10.56
11.23
5.246
3.887
18.7
16.41
11.39
5.419
10.72
5.526
24.66
16.5
10.9
20.51
18.68
8.897
9.619
16.06
6.79
11.38
15.86
7.887
8.007
7.696
22.78
15.08
9.138
5.371
8.367
12.31
7.312
8.623
18.57
11.7
4.881
8.237
11.94
5.205
8.324
6.477
9.078
10.42
11.62
13.18
8.666
6.914
12.72
12.55
15.83
2.949
6.282
8.032
3.286
12.54
18.51
6.448
8.691
8.372
11.63
11.39
7.714
4.535
11.24
11.69
13.02
7.409
13.83
8.279
10.07
7.231
3.165
9.092
5.504
8.634
8.693
17.98
24.68
6.687
20.36
9.674
4.523
3.795
2.909
6.34
13.01
6.773
10.76
16.52
13.43
6.94
6.103
12.17
14.33
11.98
14.6
10.43
6.588
10.49
9.589
11.06
13.42
6.518
12.71
7.749
7.346
8.207
17.2
10.83
10.57
11.57
8.574
10.87
15.06
19.15
11.04
10.86
12.57
12.87
9.111
10.55
5.328
4.583
9.683
7.02
3.012
9.839
17.81
8.127
12.04
8.215
18.06
4.12
6.635
11.67
16.24
5.035
18.64
9.445
5.709
13.21
10.93
3.126
9.445
14.61
4.19
14.11
17.29
9.147
6.977
4.733
6.975
14.88
11.4
14.77
18.08
9.955
0.5743
8.355
10.87
7.791
3.867
15.26
7.876
6.862
14.16
10.95
3.996
12.2
13.51
5.287
2.63
15.47
10.02
20.24
10.74
7.464
10.21
5.602
13.45
7.837
10.32
17.21
5.86
5.621
18.1
7.968
17.28
12.2
20.65
4.86
8.518
18.12
10.29
13.12
8.32
4.975
10.73
14.12
10.57
4.977
14.28
10.58
4.277
9.956
15.63
7.225
14.92
12.72
17.7
2.938
15.73
14.43
8.506
17.97
7.935e-07
13.54
14.54
3.231
4.241
10.61
9.538
6.403
7.96
4.89
11.23
11.82
11.04
9.52
20.19
9.438
8.044
15.16
6.694
18.55
19.88
13.39
8.172
8.172
10.47
12.4
3.8e-07
13.94
14.14
16.12
7.042
5.986
4.244
14.25
6.918
9.783
25.24
8.25
13.86
11.29
11.68
10.83
15.23
14.16
7.025
6.53
9.563
10.92
12.96
7.075
21.18
4.269
22.47
7.291
16.05
10.0
7.877
10.53
10.73
8.895
14.17
3.983
9.556
5.074
15.74
6.811
17.06
9.259
5.08
16.84
15.68
11.34
6.033
3.743
8.363
15.85
6.193
19.79
10.38
14.25
16.74
19.74
16.88
9.17
4.579
8.705
8.607
8.004
10.68
6.47
9.392
8.495
10.34
3.542
11.17
11.51
5.167
10.74
2.497
12.27
3.362
3.313
18.43
10.34
6.261
20.55
11.64
17.32
6.252
10.21
22.48
23.81
11.03
17.44
7.542
20.76
15.68
12.55
13.4
12.28
9.776
4.79
14.06
9.54
16.9
10.02
21.07
10.63
2.417
13.11
20.1
7.561
15.83
6.565
12.89
15.07
14.49
15.81
15.03
8.55
9.449
6.133
12.28
10.49
8.296
10.28
3.105
10.37
23.49
10.21
2.862
12.93
14.08
9.935
16.16
9.547
13.71
17.17
6.859
18.23
12.56
6.373
15.78
17.48
11.67
9.057
10.38
5.019
9.557
12.18
16.89
16.33
13.08
11.8
12.35
18.76
7.976
14.15
14.43
15.86
15.84
3.633
11.06
16.14
10.83
5.672
11.05
11.95
17.54
7.4
5.642
10.93
5.261
16.27
13.22
14.04
12.23
13.94
9.513
3.974
19.78
12.21
11.93
16.31
12.81
9.05
6.968
12.01
18.7
12.76
12.68
10.77
10.47
14.34
6.009
18.89
3.926
17.14
9.144
15.69
9.753
9.79
15.17
12.21
14.57
7.933
17.45
9.916
8.438
13.15
14.78
12.89
14.38
4.619
15.17
9.628
6.73
9.538
5.255
2.612
4.242
10.59
13.24
13.3
4.684
14.78
12.17
3.268
15.75
7.697
9.547
2.71
10.09
8.665
15.7
7.782
5.387
11.02
14.83
8.705
9.702
14.98
13.12
12.01
2.669
13.88
11.19
15.62
10.06
14.87
9.428
10.62
13.27
14.98
15.82
15.07
9.781
22.84
7.814
10.26
7.254
4.683
9.523
5.0
12.33
15.72
27.23
8.01
7.49
8.342
6.647
13.05
11.76
4.013
14.75
14.0
13.36
6.922
21.36
16.83
2.528
12.48
11.61
8.754
18.75
6.884
14.68
8.582
13.15
10.28
14.45
7.74
8.593
7.624
12.81
7.724
10.92
2.666
9.714
4.846
19.72
12.29
22.0
7.515
10.38
14.92
8.013
8.228
14.3
9.236
15.67
6.118
15.67
10.92
10.96
6.524
16.0
18.04
10.14
11.24
14.54
9.349
8.091
11.61
3.919
13.84
20.13
16.54
12.12
8.487
11.98
14.06
2.795
13.33
3.567
8.319
6.703
13.38
9.019
14.94
2.99
9.013
6.605
17.9
10.69
14.03
13.9
15.66
9.015
8.287
10.34
9.522
2.537
16.57
12.95
8.277
11.4
12.83
18.66
16.36
6.557
6.482
13.68
11.28
12.67
19.43
8.618
3.28
12.61
5.13
19.87
12.51
9.014
7.193
10.88
15.8
4.811
7.051
6.656
6.576
16.11
15.05
11.11
14.95
12.35
17.43
13.91
13.68
8.744
22.88
15.46
16.46
18.57
14.91
8.516
10.42
12.83
15.73
11.15
5.084
7.049
13.96
11.21
4.272
0.0
9.499
0.0
19.54
10.96
1.675
5.296
12.85
2.06
9.939
7.014
9.912
15.84
7.212
5.968
9.975
7.08
6.179
9.372
7.702
8.291
8.181
6.698
11.89
8.316
6.092
10.39
7.151
9.709
11.76
13.26
6.762
5.753
11.02
16.48
12.74
14.76
8.404
11.84
11.92
8.53
13.7
8.363
8.866
5.968
7.12
8.459
0.9923
8.376
8.997
3.165
13.56
10.12
5.128
9.865
8.001
7.74
11.69
12.16
0.0
8.408
10.15
7.949
7.969
10.71
3.79
9.363
10.53
4.232
8.889
6.853
6.328
6.638
10.12
7.324
7.369
10.36
7.477
10.23
9.415
2.628
8.095
5.163
9.233
15.1
10.06
10.01
14.42
14.76
11.06
8.757
5.765
3.693
8.646
5.937
6.269
7.181
7.104
9.511
10.52
7.261
9.127
21.89
7.324
8.784
8.505
6.956
6.554
13.23
11.61
9.586
8.381
8.633
16.64
8.37
8.866
7.114
8.844
6.828
3.452
6.417
10.97
9.778
8.167
7.3
7.798
15.53
4.284
5.551
7.676
3.825
4.979
7.853
7.208
5.412
12.56
9.373
10.11
10.37
6.853
4.1
10.29
15.74
12.59
19.28
7.441
8.711
11.44
11.16
10.2
11.12
7.956
11.36
15.31
10.96
9.421
5.126
10.94
5.437
12.2
4.957
12.44
17.17
10.87
4.882
10.95
11.68
7.173
13.63
12.66
17.08
8.216
10.11
10.54
7.421
15.84
11.52
6.573
13.13
3.397
8.479
3.113
14.2
12.33
9.841
6.216
10.43
12.52
14.6
16.1
5.208
0.0
17.78
11.2
8.206
12.59
5.91
7.708
8.784
11.88
9.005
11.3
5.686
6.793
10.53
6.177
2.044
8.376
4.689
16.18
12.18
10.74
8.949
10.7
8.459
9.091
18.14
9.008
5.501
12.86
18.46
5.437
12.38
12.05
4.889
7.151
17.68
9.13
15.56
9.355
2.06
10.24
9.739
7.373
8.445
8.06
7.708
18.62
13.18
4.141
14.33
6.606
7.099
8.844
10.12
5.986
2.509
12.84
3.108
8.37
8.798
10.51
9.271
5.627
16.75
7.151
9.067
4.592
13.82
13.94
4.626
12.14
2.337
12.84
12.2
10.31
3.909
8.971
8.102
8.95
9.332
7.032
5.572
8.881
7.54
4.56
15.61
12.74
5.437
7.181
7.782
0.0
9.035
11.46
6.617
2.89
12.9
9.996
11.96
14.48
14.51
11.35
9.051
6.126
12.23
7.324
9.442
10.68
6.911
11.5
3.924
7.827
4.979
10.49
12.26
9.293
4.721
7.304
2.848
8.139
13.77
11.81
7.984
5.588
13.71
6.349
10.31
9.309
17.36
14.85
7.523
13.18
9.775
6.24
17.58
13.77
11.07
6.899
14.34
16.33
8.909
3.001
15.53
8.063
4.626
17.78
8.98
3.165
8.66
5.69
6.255
8.826
7.517
3.346
17.36
10.82
8.089
8.846
11.83
2.159
9.242
6.452
4.865
18.57
5.982
2.539
22.55
12.42
7.355
9.432
6.903
3.165
10.99
9.721
11.89
9.669
6.331
7.412
10.95
9.355
5.929
9.672
15.98
4.368
14.88
17.1
6.251
7.319
7.239
4.105
10.91
10.16
9.245
7.151
14.89
0.0
8.369
9.198
9.984
13.13
15.88
17.08
8.538
15.48
2.918
12.26
14.83
8.121
10.21
11.45
9.16
17.36
9.355
8.822
17.78
13.37
4.882
15.07
11.46
17.08
10.14
9.771
10.11
9.515
15.95
7.969
12.3
10.1
6.126
18.83
8.397
4.58
11.43
19.25
7.113
9.861
12.12
4.669
11.79
12.02
2.041
12.9
8.75
4.979
13.1
14.35
4.915
14.28
16.17
7.888
16.24
10.41
13.5
15.1
9.494
14.14
6.566
15.16
7.354
11.65
10.2
7.573
11.12
11.46
8.396
8.585
5.429
14.34
11.95
6.452
14.57
14.53
3.839
11.21
14.31
10.86
11.15
3.525
8.833
6.343
12.6
8.444
10.75
8.444
8.136
12.92
8.534
11.97
7.764
13.9
10.4
11.54
11.4
15.88
12.49
3.217
10.84
13.62
10.69
15.46
7.94
10.11
9.087
13.68
4.798
4.577
2.364
13.07
12.53
13.18
10.49
9.536
14.36
4.809
5.503
4.023
12.79
16.31
7.426
9.467
11.29
10.4
12.23
10.02
11.11
5.036
10.88
14.71
13.12
6.095
4.682
8.14
8.922
11.46
9.235
2.587
10.92
9.179
7.747
10.78
9.68
6.764
8.261
7.136
6.427
12.3
6.17
7.448
5.648
6.893
12.93
11.43
8.489
9.536
15.8
7.927
12.67
6.346
7.94
13.63
16.46
11.3
11.18
13.98
10.03
5.459
5.27
7.267
10.11
7.189
10.35
6.864
7.98
11.46
4.703
9.36
7.682
10.44
11.53
6.303
14.98
10.61
11.23
7.652
10.63
7.883
12.79
12.12
9.905
7.992
11.53
4.286
17.03
6.087
13.02
12.38
9.069
10.86
7.615
10.18
11.3
15.39
12.66
9.965
8.399
10.96
9.214
11.47
11.3
8.896
8.56
14.41
11.69
12.64
16.38
5.313
12.83
5.925
7.874
7.946
7.755
19.08
10.49
9.236
6.747
8.301
10.34
9.454
6.069
8.481
8.989
6.867
14.4
14.89
5.218
8.506
11.04
8.137
10.3
5.639
11.54
10.12
9.036
6.561
5.143
7.388
15.38
8.974
13.22
12.24
3.669
12.19
12.63
11.02
7.056
14.87
16.16
3.621
5.266
14.52
18.43
8.221
12.86
7.616
12.21
7.712
13.5
11.38
1.285e-06
7.017
9.018
16.71
9.925
11.63
6.428
5.576
5.265
9.063
15.3
8.072
5.924
12.46
8.897
13.13
14.57
14.24
9.5
9.578
10.65
12.46
8.852
9.021
6.582
8.716
8.66
11.46
9.248
13.51
13.51
6.875
5.832
10.75
14.48
10.02
9.159
6.824
9.3
8.787
8.644
10.48
6.934
12.85
14.16
7.367
13.38
11.89
11.26
6.187
10.88
9.234
12.92
11.7
4.907
13.78
10.45
11.53
12.61
9.357
11.63
10.1
8.057
13.09
7.371
5.442
6.339
11.88
12.92
8.154
10.57
5.541
9.183
7.109
11.38
11.56
9.679
13.2
8.392
12.43
9.014
18.62
9.71
9.585
9.501
15.38
14.65
10.27
10.41
9.973
4.403
12.57
15.71
7.377
6.989
6.412
15.38
13.5
6.398
14.72
9.207
2.77
8.151
13.0
14.64
8.695
11.36
7.67
9.798
10.97
13.44
12.44
10.8
8.385
15.04
7.254
11.5
11.1
8.048
10.31
16.81
9.648
14.96
11.4
11.31
11.74
11.33
11.89
13.9
6.227
9.106
7.232
10.61
11.72
13.69
14.97
11.58
9.431
5.755
10.07
10.25
2.81
12.9
8.068
6.533
6.778
9.828
6.261
9.152
14.94
8.703
6.378
11.13
4.331
18.7
11.37
9.117
8.083
5.215
8.014
7.277
5.825
14.9
9.64
7.069
9.632
11.14
13.73
8.989
12.04
8.861
6.553
7.41
10.55
13.61
11.27
18.46
10.9
13.96
2.885
7.547
13.59
12.91
8.262
11.18
13.38
12.65
10.2
11.99
13.28
9.648
15.02
9.934
8.058
8.328
9.688
19.56
5.766
11.91
7.053
9.212
9.525
9.115
9.202
6.639
11.42
10.23
11.86
5.601
10.15
9.082
9.645
14.03
12.92
8.819
18.63
9.412
16.37
11.23
11.74
14.75
7.03
14.24
9.586
9.155
14.14
6.983
6.714
14.97
7.46
17.8
14.85
7.432
6.712
10.55
13.4
8.325
8.665
3.883
11.7
14.9
15.59
9.653
8.619
13.23
16.1
10.06
12.32
7.228
7.16
9.266
10.35
13.18
10.48
6.101
10.57
11.0
19.38
11.3
11.41
13.94
11.66
10.08
6.214
10.19
9.607
10.36
11.25
6.973
14.68
3.422
6.402
8.407
10.49
11.18
5.862
14.66
9.16
12.89
16.09
11.65
7.658
10.28
11.9
12.92
10.14
15.53
9.101
10.63
12.62
8.328
12.48
14.26
11.09
9.988
8.444
3.404
2.154
5.078
5.568
10.05
4.283
6.44
10.63
12.01
14.74
16.23
4.69
6.392
6.333
5.608
9.835
11.13
14.76
8.399
11.99
9.474
7.314
12.68
8.238
15.44
8.08
9.228
5.99
4.625
6.882
13.58
13.37
11.3
13.99
19.36
9.27
9.067
17.77
13.41
8.292
8.892
8.648
2.21
14.12
12.96
11.04
12.33
6.629
9.954
7.405
14.18
16.65
8.227
14.45
6.367
9.818
5.237
8.426
12.77
9.649
17.98
6.563
5.88
12.09
5.474
4.855
10.1
10.76
10.17
6.565
8.895
7.736
7.866
15.09
3.752
5.047
8.437
10.93
12.78
10.9
6.403
9.235
9.544
15.01
8.546
13.74
11.03
9.667
9.344
12.88
6.454
8.038
7.929
8.379
12.57
11.55
12.1
4.969
6.468
3.183
10.52
9.58
13.1
19.17
12.38
10.04
10.57
11.67
10.76
10.17
11.85
14.58
7.334
6.047
10.09
5.239
9.768
5.185
11.74
8.94
11.68
8.342
7.816
7.67
11.09
18.13
8.239
15.82
14.86
10.48
11.89
14.5
8.088
12.19
8.665
10.03
6.293
8.025
12.94
12.42
8.54
11.4
10.57
9.86
6.292
20.85
12.32
5.567
9.396
10.6
10.59
9.207
9.291
8.492
13.28
9.829
11.78
4.324
8.068
10.98
11.92
14.78
8.342
3.872
12.49
6.378
5.115
6.135
11.94
13.34
8.146
13.83
7.822
10.31
9.537
5.281
12.62
11.98
6.95
13.68
10.25
13.78
8.905
9.39
10.96
13.16
13.08
15.5
6.932
4.304
6.611
5.967
10.22
10.71
10.96
6.631
8.686
8.998
8.517
7.713
12.3
7.02
11.42
10.4
11.58
10.36
13.81
8.119
13.1
11.04
12.29
12.21
6.868
11.55
16.41
5.374
10.53
11.82
8.032
11.95
8.253
8.743
9.68
11.73
9.789
10.89
12.32
11.04
7.056
7.777
9.58
9.212
8.411
9.323
15.7
14.24
16.57
10.41
7.455
6.099
13.16
10.42
11.79
6.6
10.94
11.4
9.934
14.17
10.04
10.94
10.91
11.24
9.711
3.15
14.92
9.113
5.207
10.65
11.58
11.66
9.94
11.08
4.449
13.65
19.26
7.374
13.48
8.9
8.796
10.51
0.0
8.735
8.824
4.642
10.88
7.743
9.26
10.2
12.12
7.071
12.62
6.062
10.5
6.083
6.438
3.941
15.5
4.899
9.477
7.702
8.176
8.707
15.7
7.61
7.467
9.339
15.76
12.32
11.56
7.719
7.442
11.61
6.358
13.45
12.86
8.536
9.911
11.28
9.718
13.59
17.5
5.982
9.749
16.6
8.355
9.634
6.087
10.44
6.845
11.54
9.028
7.352
9.919
13.01
7.995
10.4
12.14
15.15
14.11
16.65
10.89
13.46
11.14
15.72
11.85
7.94
12.25
15.39
11.09
5.987
7.129
10.57
13.15
10.81
10.31
7.294
1.889
4.745
7.987
11.21
5.4
9.02
11.32
10.92
7.093
13.25
6.985
6.855
9.394
15.14
8.175
12.19
11.63
9.679
8.305
9.251
7.453
8.965
3.143
14.32
11.61
8.877
7.255
6.956
9.904
7.674
9.683
13.27
14.33
12.89
9.67
11.08
5.351
13.86
10.94
11.61
10.63
11.35
10.31
10.66
11.57
13.84
6.682
4.825
10.64
8.412
10.67
5.426
8.772
8.228
17.36
10.02
11.41
17.27
9.578
15.18
6.951
14.22
7.693
7.235
6.162
14.42
12.66
10.75
9.272
5.472
8.55
10.15
17.21
10.71
6.715
7.864
9.103
10.25
11.08
9.603
9.919
11.97
14.04
14.08
12.93
5.213
5.057
20.4
3.886
10.77
11.84
11.46
10.78
8.927
10.84
9.772
12.45
10.73
5.758
8.021
6.125
7.918
5.341
17.83
11.43
10.92
14.72
11.77
13.83
5.098
4.827
9.658
8.051
9.258
13.89
10.83
10.77
15.21
7.283
1.558
7.082
8.382
9.255
9.313
9.895
9.738
13.11
8.427
15.61
14.25
9.56
7.308
6.002
7.861
12.35
6.424
16.9
14.91
9.512
9.568
20.06
8.969
12.87
12.07
10.94
7.044
14.52
21.38
23.44
9.761
12.35
8.12
6.335
12.01
13.87
11.32
10.55
10.69
5.316
12.8
8.414
4.875
16.07
11.2
7.356
11.4
7.595
7.379
17.7
8.893
1.577
17.62
9.738
8.35
13.98
10.89
7.544
11.45
20.89
13.58
25.08
16.99
6.855
7.865
13.34
8.196
9.859
6.821
4.084
19.0
19.19
6.778
11.85
9.674
4.511
11.38
9.472
4.136
13.94
9.576
5.333
13.19
9.972
7.047
11.41
13.77
7.202
10.87
9.451
5.333
10.34
12.44
5.789
21.51
7.578
17.5
14.66
8.08
6.548
12.14
9.883
9.542
15.19
11.5
8.046
11.91
9.163
6.245
10.32
6.493
11.11
14.12
11.25
4.432
11.81
8.136
4.739
11.58
14.17
15.54
21.06
4.78
3.327
18.34
10.48
5.126
21.6
15.04
7.036
7.9
14.52
7.598
12.38
14.23
3.6
10.37
10.87
5.445
9.543
7.79
11.71
14.42
9.279
9.13
11.27
7.277
3.76
21.98
9.09
9.466
12.54
11.83
11.25
9.936
8.844
9.468
20.63
9.377
9.802
17.39
5.899
12.57
16.9
18.57
14.25
11.31
17.48
6.313
21.45
6.94
13.78
14.54
12.11
6.784
15.55
6.76
6.08
7.743
9.987
5.503
10.75
18.88
5.611
14.79
10.91
10.47
12.97
9.231
12.28
12.06
13.51
7.725
9.918
7.889
8.411
7.958
12.41
7.426
23.38
8.199
14.91
9.611
11.48
8.715
11.79
9.579
3.91
11.89
10.96
10.26
9.598
4.191
19.29
10.91
9.883
11.79
14.54
12.02
5.359
26.59
14.25
5.729
13.99
9.084
9.456
22.79
11.21
6.364
10.61
8.361
10.98
21.54
11.52
3.201
14.32
8.34
4.606
10.01
12.61
5.564
14.6
6.448
6.45
17.63
9.076
3.337
15.86
8.017
3.582
16.95
9.819
7.361
14.68
9.539
4.767
13.83
8.73
7.805
13.92
8.513
15.29
9.995
19.43
9.227
16.15
16.6
10.05
9.825
9.071
5.544
13.8
26.34
17.12
11.5
19.26
10.88
8.314
13.14
10.18
17.35
11.15
8.947
15.77
12.57
12.0
9.431
11.8
10.4
11.11
13.46
21.87
8.571
16.23
7.982
15.92
10.46
11.91
11.99
15.01
10.86
17.91
11.82
14.44
9.2
15.32
15.81
13.12
5.573
8.707
11.84
12.51
10.11
11.9
12.16
12.86
17.22
11.27
11.73
10.25
12.56
8.704
8.223
13.99
13.5
14.1
4.802
11.11
5.535
10.43
15.19
11.69
10.37
8.681
13.39
13.91
11.95
8.021
7.631
23.61
9.598
12.18
17.56
4.848
5.496
9.491
12.19
26.41
6.315
13.26
13.41
15.87
8.581
7.369
8.441
9.209
5.217
10.68
16.46
7.337
6.462
10.24
12.63
8.961
13.29
9.498
12.13
9.885
14.6
13.78
13.1
10.05
2.523
24.59
3.43
17.59
14.2
8.318
7.8
12.93
17.38
5.341
19.83
16.03
14.43
15.25
15.69
12.5
17.93
18.65
24.69
10.21
7.849
12.76
9.434
12.58
11.57
7.404
11.8
10.89
7.882
22.32
6.642
9.98
13.54
15.77
5.26
9.26
12.63
14.51
14.93
13.9
5.497
17.79
4.905
9.912
10.29
9.172
9.153
6.672
8.325
12.66
13.85
14.02
13.08
2.513
8.443
22.22
26.09
14.51
8.213
8.564
10.16
8.181
2.502
7.777
25.01
9.746
6.098
15.24
12.04
8.356
11.03
0.0
12.2
8.71
12.5
21.4
7.744
11.38
8.849
10.2
9.243
7.667
8.49
6.925
3.951
14.83
15.76
11.26
12.87
7.834
8.373
11.81
19.43
11.32
7.714
20.78
10.01
4.784
12.76
8.556
24.52
15.39
5.444
9.728
16.84
24.17
11.8
13.74
11.62
12.37
19.56
24.74
15.57
13.41
12.52
5.625
16.54
14.87
17.41
7.121
16.91
8.133
11.5
9.324
4.958
5.771
11.87
13.57
14.81
11.39
13.21
9.008
6.799
4.281
3.38
12.76
13.51
7.511
8.516
7.191
9.912
12.48
6.971
5.774
9.414
19.16
9.508
12.61
10.64
0.0
25.83
5.348
8.221
36.27
13.01
6.888
16.83
12.62
12.66
12.4
7.068
2.725
8.036
19.29
5.982
4.058
6.034
10.65
9.507
11.79
11.36
16.22
5.469
2.773
13.02
12.47
3.099
11.44
6.995
21.74
6.558
18.94
16.98
11.93
23.57
7.493
9.193
10.74
28.87
10.5
13.43
16.67
13.52
10.98
7.311
13.68
0.0
5.367
12.05
6.009
7.785
14.73
13.13
13.89
10.96
13.14
8.593
14.9
4.421
9.027
7.969
15.4
8.173
6.109
8.979
11.33
4.377
20.75
9.582
16.65
7.218
4.886
20.75
16.38
5.801
7.975
11.73
10.13
4.852
14.36
13.11
19.23
8.217
7.797
14.56
16.0
7.63
8.395
12.44
5.877
10.27
26.98
15.44
8.192
7.355
8.001
15.43
6.729
7.939
11.24
10.28
12.29
25.76
6.682
20.88
16.31
11.11
9.692
13.59
7.653
7.245
11.91
1.646
18.33
11.16
5.635
13.82
11.64
11.4
7.542
3.464
6.241
9.155
10.44
9.454
6.257
9.06
9.155
14.07
9.719
9.983
8.899
10.64
9.0
7.157
16.52
7.608
16.25
15.68
8.98
21.27
19.7
14.09
19.19
15.14
8.812
10.61
11.04
13.56
9.087
16.51
13.53
7.645
9.542
13.89
3.82
17.41
10.13
10.61
11.27
11.73
13.48
5.539
7.248
17.39
16.62
11.23
8.886
14.39
15.7
4.522
11.14
16.69
6.096
14.99
15.46
13.16
12.29
13.34
10.89
9.796
15.45
13.7
11.18
7.472
5.158
5.787
16.3
14.37
9.672
13.54
6.615
6.957
6.759
11.12
6.654
13.57
9.237
5.444
7.598
7.928
0.0
16.36
5.345
6.928
9.759
16.11
5.243
13.19
11.37
10.13
10.35
11.41
12.1
13.05
2.883
11.03
7.024
8.324
16.11
8.487
4.794
7.398
10.7
9.979
13.01
17.31
14.89
9.109
7.621
0.9632
17.46
4.83
11.87
14.14
16.28
9.724
13.19
17.2
7.424
5.908
16.68
11.86
16.35
10.9
14.55
8.325
12.22
15.11
11.77
13.43
9.841
8.609
20.27
11.02
23.49
7.902
6.947
11.54
24.24
4.723
7.978
11.29
19.26
10.49
19.1
10.27
13.78
11.19
8.738
21.68
6.53
10.99
6.445
9.67
11.84
10.7
17.37
15.64
10.44
12.12
8.706
10.78
6.859
5.452
9.497
4.81
8.203
11.84
11.55
12.54
7.586
14.76
14.8
9.858
9.16
15.12
8.823
11.1
4.635
13.25
10.85
10.41
6.062
20.26
3.606
10.61
5.776
3.567
5.65
9.689
9.822
8.441
3.59
8.813
16.29
1.551
8.266
13.2
14.59
11.98
11.39
10.25
9.348
10.81
19.4
10.39
6.456
12.89
15.81
9.451
7.677
19.77
11.69
12.94
22.03
6.689
10.48
20.31
7.369
12.23
6.677
11.94
8.662
12.13
22.31
5.183
6.778
2.985
4.907
9.702
22.31
11.97
9.144
9.798
6.192
6.893
26.95
11.37
9.687
16.28
8.541
14.02
15.8
7.767
8.748
20.91
14.12
9.027
8.523
11.79
11.57
12.53
13.02
11.58
6.0
16.09
7.775
12.04
15.89
7.186
16.79
2.061
7.326
9.947
17.6
9.918
9.999
3.833
13.93
21.82
10.16
20.45
5.739
22.19
11.54
16.75
16.98
19.78
23.59
12.05
7.389
12.06
3.678
10.24
12.75
8.701
11.46
5.57
8.695
9.03
12.0
9.891
5.021
11.62
12.81
21.24
7.68
12.19
10.06
8.414
11.3
7.637
15.71
9.348
21.1
8.964
5.917
9.27
17.75
9.626
8.92
12.43
7.077
5.662
9.513
6.809
8.065
9.971
10.03
7.907
7.425
9.596
16.96
4.007
12.06
12.83
10.63
11.13
7.184
15.53
6.689
5.733
7.614
8.635
14.54
10.42
1.187
6.075
13.87
11.66
7.259
17.68
9.424
13.17
11.32
16.53
19.92
12.85
12.27
3.894
20.29
15.96
8.397
6.196
15.45
7.292
15.21
11.25
12.73
15.13
12.99
6.201
14.73
5.115
22.72
7.143
9.242
4.724
10.46
14.81
13.52
13.36
3.333
8.897
18.06
14.9
13.67
9.462
7.546
5.85
4.476
18.39
12.78
13.71
21.1
6.526
7.81
6.171
4.102
8.194
14.91
11.7
6.154
15.26
8.502
8.176
10.62
20.04
11.82
11.96
4.197
14.52
9.334
6.482
9.792
5.947
16.61
0.0
4.237
1.007
6.36
0.6016
8.273
9.317
10.13
9.074
1.972
10.25
11.14
16.9
17.92
14.31
16.23
4.144
10.73
10.33
13.11
9.091
14.6
7.658
9.408
16.85
17.2
0.0
15.0
9.246
18.24
14.91
16.8
11.07
10.05
10.03
6.502
10.38
13.15
12.31
4.178
9.364
16.21
12.35
11.9
8.254
4.813
7.2
4.91
9.746
13.63
5.629
10.52
5.922
10.03
20.07
8.942
11.09
5.975
12.98
8.382
4.679
15.58
7.538
30.69
5.502
14.63
7.701
9.005
12.97
10.61
7.421
10.78
13.38
18.56
12.32
15.41
8.985
13.34
7.2
12.28
9.306
16.08
4.462
11.19
9.663
14.41
10.86
22.99
13.32
3.589
9.191
6.974
7.126
6.576
11.88
7.141
7.818
5.928
17.56
12.29
15.06
6.144
20.24
15.55
9.159
14.89
12.94
0.0
8.683
12.04
16.3
17.94
16.57
4.952
12.57
4.242
13.3
22.0
4.022
1.291
13.77
4.212
19.93
3.06
6.044
8.082
5.579
9.195
15.38
19.17
8.194
9.492
15.71
13.8
11.21
7.131
16.02
9.436
18.67
12.88
11.99
9.806
2.75
5.97
15.43
20.75
15.7
7.25
23.82
14.55
0.0
11.09
11.92
8.41
20.69
8.714
7.55
19.51
4.767
11.94
15.46
8.258
13.06
5.732
6.877
14.03
8.594
8.802
11.63
22.01
12.29
24.49
9.512
12.05
13.75
12.86
13.56
7.216
14.14
8.191
9.234
11.43
6.468
18.36
10.54
7.843
12.68
9.468
10.97
9.531
13.51
9.174
10.09
11.45
5.169
14.05
8.504
9.773
14.91
6.932
11.46
8.402
3.705
10.09
11.47
13.18
9.02
21.33
22.06
12.28
5.371
9.84
12.89
11.62
26.85
3.908
13.03
9.644
17.23
12.5
10.42
7.668
9.095
14.17
3.585
17.08
10.29
7.04
10.24
13.4
8.322
9.446
7.577
7.0
5.158
1.955
16.93
8.18
15.37
13.09
26.51
6.604
4.351
12.4
5.192
7.621
10.36
9.138
11.53
17.93
18.6
11.98
27.48
9.362
8.824
14.02
6.741
18.77
7.66
13.65
28.0
12.69
3.587
14.09
8.437
3.409
9.338
10.53
3.285
16.81
7.118
10.63
14.34
9.415
10.63
12.22
7.422
3.896
12.66
3.838
4.755
8.868
3.318
12.12
13.16
10.86
5.823
11.41
9.256
12.02
9.379
19.88
14.01
8.296
12.76
10.4
5.847
11.35
14.22
12.87
5.222
3.558
5.432
0.7781
6.736
8.212
14.19
10.88
7.031
22.42
6.133
11.33
6.684
7.2
7.159
3.025
20.08
11.24
13.38
11.04
9.138
12.63
12.24
13.87
12.38
6.979
16.39
9.527
11.17
16.92
14.69
13.15
6.353
18.36
9.502
7.737
17.07
9.323
8.086
10.42
10.68
16.99
6.565
9.17
9.389
11.25
6.133
9.556
6.288
8.502
14.63
9.981
5.505
12.18
8.431
4.057
8.463
10.21
17.11
11.68
13.28
12.51
10.14
7.509
9.442
17.25
17.58
17.84
3.547
13.22
11.2
14.75
10.54
14.5
10.76
11.68
0.0
8.257
5.988
10.33
6.904
4.944
18.13
7.887
13.94
14.88
7.717
10.07
13.83
5.717
8.242
17.41
12.55
4.278
5.559
4.858
14.15
6.595
12.77
12.67
18.6
9.182
5.721
9.563
16.16
9.019
7.794
20.26
2.282
22.23
15.05
10.74
11.43
10.93
8.891
5.781
12.24
16.25
8.975
21.34
8.846
8.254
4.261
9.916
9.678
21.03
18.39
21.31
12.29
4.74
10.23
19.29
7.086
20.66
14.28
5.654
6.744
11.28
17.1
12.28
19.39
26.21
12.28
7.234
19.27
5.558
4.15
7.378
18.03
11.03
7.932
7.18
5.164
13.76
11.75
11.02
6.164
7.406
14.51
0.0
15.73
13.43
18.54
8.651
6.272
22.62
9.76
7.243
19.5
3.05
14.31
9.431
14.81
4.929
21.42
7.419
9.627
9.007
2.848
2.993
16.43
7.672
0.0
22.55
16.76
10.06
17.64
10.37
6.236
13.71
14.5
13.2
8.272
5.894
3.425
15.79
5.288
16.02
10.06
3.07
14.77
0.0
9.47
20.63
24.41
15.21
12.96
14.48
14.7
19.0
2.977
8.369
9.363
6.639
6.255
28.87
9.809
15.23
13.38
14.63
14.45
5.167
4.29
14.59
5.665
0.0
11.98
7.897
9.289
6.232
13.46
7.243
12.98
19.13
20.89
7.991
8.317
15.49
22.06
6.953
21.58
15.96
0.0
11.91
9.473
9.186
16.01
23.22
3.553
13.39
11.47
8.945
5.091
23.17
7.318
17.95
3.526
5.628
17.32
12.65
8.683
11.26
12.4
16.52
10.12
9.981
8.794
6.568
11.95
7.796
10.9
4.305
15.71
19.01
5.184
12.39
1.949
9.923
11.37
10.6
14.04
5.977
7.037
15.33
14.62
10.0
12.82
14.55
13.23
10.3
4.857
13.08
10.76
6.173
24.88
4.521
14.28
0.4035
4.654
5.725
13.06
7.953
8.932
7.934
14.48
23.46
17.43
11.88
4.853
7.444
1.141
1.461
16.62
11.55
8.526
9.899
6.229
7.031
2.816
6.592
6.534
6.751
19.99
22.92
17.69
16.97
19.38
12.72
24.44
19.11
6.193
11.6
18.97
20.35
6.085
20.58
13.78
13.43
13.19
5.224
11.19
12.21
10.91
8.148
7.971
13.13
16.5
11.55
17.84
14.66
10.83
13.18
18.58
7.861
13.6
23.08
7.062
15.57
10.98
13.14
10.04
7.912
8.065
10.37
6.823
8.682
2.995
21.97
12.38
5.329
14.35
8.327
20.41
11.11
16.61
16.19
8.381
5.306
3.695
9.995
21.39
9.042
6.664
22.28
16.83
16.35
8.457
5.081
20.06
20.49
7.975
21.02
22.93
9.772
10.76
15.07
13.56
6.511
15.78
7.496
10.89
2.772
15.11
15.07
13.35
3.003
14.17
6.595
19.84
9.2
17.11
0.0
16.01
12.56
13.39
5.209
15.2
11.29
11.37
5.271
8.095
10.28
10.16
18.11
9.342
7.333
8.726
19.53
6.482
12.5
12.13
17.7
17.0
15.48
12.54
17.04
8.537
15.02
9.277
10.0
14.35
13.38
23.8
8.588
2.584
12.35
13.03
21.73
18.88
6.637
15.66
6.754
11.96
11.97
23.17
8.767
16.75
7.774
10.07
7.266
11.94
7.803
10.39
20.29
15.7
4.189
33.91
12.08
6.278
12.88
14.78
27.91
9.771
0.4917
8.002
10.58
8.709
4.776
5.072
9.244
10.19
13.24
3.903
7.695
9.926
17.79
5.337
13.87
21.49
11.27
6.314
3.731
12.03
15.35
13.78
7.999
4.885
14.2
10.32
12.7
5.015
3.911
13.45
16.15
19.89
13.51
20.73
6.281
6.327
6.626
4.597
9.671
12.6
19.9
15.14
17.33
14.18
6.606
15.28
22.27
8.868
12.06
8.923
18.81
14.37
7.254
4.647
5.563
9.859
21.26
13.46
14.27
20.09
20.12
0.0
13.9
15.51
11.57
8.706
10.27
17.08
12.5
1.595
9.637
24.04
13.57
7.24
21.15
11.08
13.11
22.2
0.5899
19.52
11.04
12.0
13.23
13.2
7.131
21.04
16.78
13.25
16.35
5.224
7.108
10.55
22.52
3.285
4.11
14.84
8.745
11.21
5.308
7.189
20.95
9.469
12.5
5.941
3.898
13.24
14.84
16.24
10.64
9.953
1.604
2.699
9.057
12.28
16.23
12.31
9.175
9.256
6.78
11.83
7.125
12.1
11.24
4.025
10.19
16.81
16.31
22.56
21.9
7.877
6.274
9.693
19.11
15.7
22.61
10.37
14.13
7.946
6.741
0.8632
7.02
18.21
17.21
8.366
22.02
9.758
6.597
6.091
16.74
2.297
6.41
19.03
12.54
8.554
14.47
2.29
16.74
9.614
11.46
23.12
17.92
4.438
10.91
15.8
21.72
17.88
9.641
4.581
7.386
5.967
6.101
13.56
11.35
13.76
8.524
12.87
20.49
12.5
12.23
19.69
9.832
11.64
3.894
9.999
7.615
7.601
16.98
21.75
11.14
18.44
11.43
6.457
11.94
12.41
4.015
9.655
13.41
3.944
7.1
3.235
15.72
5.807
14.85
11.08
0.0
8.839
5.802
15.03
15.32
9.225
5.32
6.108
9.29
14.66
7.247
9.644
6.327
16.11
20.11
6.408
7.944
17.19
16.12
11.11
6.166
14.98
19.41
2.65
6.408
9.329
8.186
20.62
13.72
17.75
12.35
22.59
14.53
11.92
18.76
18.4
14.78
14.79
13.46
12.84
8.403
4.401
17.78
9.584
28.03
6.484
11.78
9.677
0.0
4.77
15.17
6.905
6.493
14.29
8.196
12.65
10.63
27.38
14.62
6.525
11.58
16.16
17.22
21.83
3.642
14.37
3.864
9.912
1.766
2.15
17.26
15.07
21.32
10.81
10.29
4.81
9.713
5.601
4.138
9.901
12.7
8.983
6.362
17.65
13.59
16.76
13.05
15.07
6.814
17.61
12.44
18.66
17.31
21.28
16.2
17.63
8.328
5.849
21.55
14.39
5.618
0.0
6.275
14.46
5.654
0.0
8.441
6.595
0.0
6.595
5.428
9.964
4.305
3.491
5.066e-07
10.65
8.078
4.956
10.05
10.28
7.775
3.526
8.683
14.1
7.307
5.899
10.27
8.741
7.501
6.516
8.715
3.894
9.991
6.206
5.903
14.23
8.417
7.769
11.18
14.91
8.282
16.06
11.39
6.496
8.057
7.494
4.088
8.209
9.696
8.643
10.23
11.86
5.637
6.462
10.76
7.352
14.25
15.31
3.021
6.182
7.982
9.133
12.05
10.84
6.156
12.02
10.5
10.93
16.29
9.323
13.63
12.47
11.17
13.72
11.19
6.977
13.55
12.01
21.26
17.17
7.861
9.042
8.124
15.67
10.19
10.05
11.95
10.3
13.99
14.43
14.17
20.89
12.05
20.44
11.37
13.84
16.7
4.64
2.758
1.2
1.552
8.688
7.845
1.368
5.764
6.988
9.062
1.368
4.102
4.916
9.22
3.541
3.953
6.879
10.16
7.378
12.03
11.75
13.33
10.43
5.688
9.218
16.73
9.47
9.202
15.75
10.44
8.114
11.07
14.72
6.32
5.7
18.48
13.59
10.65
12.06
18.38
11.13
9.89
8.789
8.645
14.77
6.792
14.06
14.63
12.46
16.94
12.77
17.27
12.8
14.57
19.54
12.05
14.52
8.285
9.966
12.15
18.04
15.73
19.41
16.67
20.06
11.66
26.79
20.29
17.23
15.1
17.21
17.95
20.0
19.42
16.13
25.77
12.46
14.48
16.72
25.76
12.48
12.68
18.84
14.96
24.05
18.01
18.59
17.22
20.02
18.42
16.22
15.57
19.76
16.5
13.14
28.66
23.68
20.82
21.83
28.82
