94.64
83.79
132.9
23.58
111.5
65.35
324.5
81.5
100.8
93.36
156.1
72.74
145.5
52.81
116.1
88.76
58.42
257.3
64.4
33.8
178.3
89.63
167.8
158.7
211.5
100.6
44.52
149.6
103.4
87.4
144.0
41.17
112.8
181.8
103.1
89.2
163.7
90.43
86.94
218.0
145.0
117.5
182.1
155.2
113.6
95.54
117.0
119.3
91.63
72.66
72.66
176.6
116.7
208.7
99.48
99.83
111.8
148.1
151.1
118.4
218.8
113.5
87.8
160.5
160.5
122.5
117.4
96.69
167.8
68.5
113.7
245.0
161.8
114.7
148.7
194.4
125.8
188.2
125.7
151.3
66.27
159.9
113.5
307.0
151.2
116.8
224.5
113.9
178.5
181.2
104.7
81.53
127.3
311.4
269.9
275.7
100.1
135.2
181.8
151.3
188.5
203.8
77.31
101.6
78.5
182.7
135.9
153.6
133.6
116.1
79.62
96.28
188.8
180.9
137.2
82.3
207.8
146.0
207.4
150.3
209.5
111.7
111.7
221.0
132.1
92.39
182.4
197.8
112.5
231.9
140.2
231.4
96.32
79.9
141.3
77.72
288.4
163.2
76.44
167.4
142.3
189.6
175.2
356.1
334.0
126.9
197.6
135.2
120.8
86.91
153.9
241.5
77.51
155.4
198.4
386.2
118.8
143.3
80.01
180.7
171.4
290.3
125.1
132.9
132.7
125.4
203.9
224.3
202.6
275.9
253.1
82.01
150.3
121.8
133.9
330.0
182.7
101.7
153.9
118.1
162.3
151.3
155.2
113.1
159.5
103.5
158.1
183.7
321.4
77.9
131.4
271.7
123.7
130.4
166.7
106.5
158.1
275.7
145.1
81.19
312.1
233.4
361.2
219.8
197.7
197.2
156.4
177.2
155.2
370.8
277.5
124.5
155.3
242.8
277.1
138.7
177.2
166.8
166.2
308.3
253.4
269.9
188.1
278.7
400.8
301.9
108.8
367.9
344.2
366.6
101.5
338.3
276.2
168.1
202.8
307.1
267.4
336.8
257.7
163.0
66.15
171.9
177.4
226.3
166.9
207.8
146.1
181.8
98.27
270.2
254.7
231.0
139.5
330.7
117.9
187.9
147.4
136.6
247.8
302.5
102.8
414.8
388.1
235.7
233.0
271.7
113.9
172.2
129.6
168.0
158.3
161.4
151.1
271.0
270.5
267.9
205.5
319.4
128.9
186.6
166.5
162.3
317.7
325.6
272.5
265.1
327.9
116.8
127.3
118.3
120.3
170.7
264.9
293.6
329.3
356.8
148.0
293.4
181.1
197.5
275.6
149.7
230.9
151.8
293.7
205.8
181.4
202.3
301.8
321.9
199.8
172.2
289.9
204.5
133.0
247.4
78.62
223.6
134.3
153.2
223.2
325.6
314.8
303.8
141.3
205.6
336.6
213.8
197.5
265.8
283.4
208.0
333.7
315.4
265.4
304.1
293.8
308.4
115.9
248.4
173.6
304.3
152.3
311.9
352.0
259.5
242.3
268.4
127.4
154.5
335.0
153.9
388.1
380.0
302.5
240.3
247.4
209.5
142.5
225.3
213.0
237.9
256.6
123.7
232.1
318.8
407.3
260.8
149.7
227.7
202.1
319.2
280.5
199.5
294.5
248.4
94.84
153.3
188.8
298.3
184.3
179.8
161.6
243.7
180.1
202.8
204.4
273.1
218.9
219.1
275.7
136.3
176.2
168.8
310.3
285.1
234.0
151.2
152.4
277.8
261.1
266.4
184.5
211.6
296.5
373.4
370.8
255.7
227.3
212.1
235.3
189.6
172.9
143.7
120.8
251.2
300.7
207.8
209.0
176.0
169.9
245.5
245.3
466.6
230.8
171.9
358.9
352.5
197.5
168.3
303.5
248.6
300.2
178.9
96.76
397.0
133.3
247.9
263.9
292.8
173.4
176.3
307.9
184.6
172.8
195.0
263.6
199.5
172.5
291.1
269.7
358.2
282.5
285.0
183.4
430.8
170.6
226.2
218.0
257.1
333.6
240.1
293.1
249.5
281.6
390.1
340.4
274.4
287.7
236.4
262.4
280.4
220.1
193.0
165.5
222.3
197.8
207.4
237.3
138.7
283.7
208.5
233.2
349.9
344.0
127.0
237.0
245.1
338.9
351.5
232.9
369.7
238.1
242.2
70.41
97.93
72.43
94.06
59.09
127.5
91.63
58.25
125.6
101.6
126.0
137.7
139.4
89.63
71.7
139.0
89.63
194.5
55.92
137.2
136.8
97.71
211.5
178.0
127.0
127.0
101.9
101.9
127.0
127.0
109.2
90.43
107.3
45.74
111.5
101.6
83.65
205.0
178.8
147.6
158.2
41.17
207.9
151.3
96.6
161.0
286.1
48.05
132.6
303.8
68.97
93.08
115.6
44.84
123.9
145.5
106.7
135.3
102.9
145.4
65.89
101.6
130.4
99.83
84.76
137.5
139.5
121.3
138.2
212.0
72.52
146.2
109.3
178.8
119.5
212.6
113.6
123.8
120.0
83.79
71.81
136.2
268.9
357.7
173.7
146.9
65.36
169.6
134.1
169.6
169.6
151.8
96.66
107.0
122.3
143.6
282.8
163.7
86.07
124.6
81.53
138.3
157.2
311.4
247.4
195.9
63.3
198.1
304.8
247.1
224.0
224.0
325.3
145.9
191.3
68.78
233.1
121.5
180.0
171.4
105.4
127.0
144.7
140.4
194.3
155.7
135.9
183.0
83.35
114.4
124.2
136.2
120.7
291.4
177.4
151.7
293.2
309.4
98.46
207.7
74.49
262.4
230.0
219.0
157.1
179.4
145.0
168.2
156.5
197.5
104.3
101.4
151.2
189.1
81.3
169.8
270.8
147.9
101.4
264.2
270.6
89.75
181.9
156.7
221.4
105.7
104.5
192.0
385.0
187.8
232.7
168.3
200.9
351.0
93.18
172.3
178.3
151.0
148.5
140.0
253.2
98.98
207.5
153.8
222.7
149.5
376.2
170.7
126.7
179.9
109.6
275.7
133.7
295.9
138.0
219.9
215.9
173.8
96.6
187.3
236.3
213.0
167.5
245.4
263.5
230.7
211.0
156.7
315.1
152.9
219.8
167.2
133.8
204.3
264.1
297.2
233.5
121.9
251.4
105.0
271.3
323.9
268.4
130.1
276.6
109.6
173.2
199.2
389.9
254.0
219.1
257.6
329.0
166.6
191.9
98.46
178.6
154.5
152.0
203.0
152.8
133.0
246.3
309.9
311.2
274.3
110.9
189.2
310.4
240.4
242.3
235.3
154.2
110.0
118.2
82.44
177.8
305.9
151.4
325.8
286.9
204.4
270.4
268.0
137.9
167.3
359.3
173.6
231.0
286.9
240.3
174.4
248.0
269.4
118.6
133.3
155.6
114.1
246.1
232.3
132.7
137.9
231.0
259.4
202.9
133.0
245.3
167.6
241.9
210.2
407.0
271.5
179.6
322.0
136.8
116.5
230.0
181.5
122.9
192.8
156.2
302.1
193.2
220.4
229.4
126.4
370.7
280.2
212.8
183.3
183.5
261.6
129.5
253.6
171.0
278.6
128.5
137.7
337.3
274.3
194.0
162.7
244.4
259.7
278.9
90.58
150.2
250.3
205.6
234.6
155.2
308.4
295.7
247.1
239.9
334.2
259.2
353.4
272.7
179.2
123.6
133.3
169.1
208.2
167.6
298.3
117.1
158.8
275.7
220.0
226.0
366.1
95.91
221.2
261.7
247.6
291.5
232.7
366.2
223.5
330.7
195.0
120.7
267.8
354.8
380.4
332.0
232.3
361.4
378.5
288.7
288.4
411.7
165.2
439.9
231.1
272.2
405.9
215.1
292.8
285.6
282.3
137.7
268.5
180.2
211.4
208.6
236.5
143.4
236.5
117.1
291.7
148.3
307.9
187.5
189.4
237.4
258.5
138.0
259.7
271.7
211.2
231.6
197.3
186.7
197.5
196.7
283.6
378.6
343.0
162.6
337.5
190.2
123.0
389.1
346.5
417.9
300.0
268.6
290.6
234.4
131.7
327.5
255.9
234.4
273.8
403.3
315.0
293.9
120.7
236.2
218.2
355.8
133.3
287.5
386.1
292.5
140.3
245.0
319.7
251.8
162.1
255.2
419.2
196.4
208.0
400.8
313.5
346.0
224.8
267.3
129.9
317.8
334.1
361.7
286.3
312.5
233.4
273.6
189.7
218.3
296.9
142.1
281.0
266.3
313.6
214.8
200.4
299.6
157.5
119.4
262.2
137.4
247.3
175.3
172.2
138.8
160.6
463.1
163.3
172.4
262.2
219.4
141.0
241.8
209.4
247.8
225.4
220.5
301.2
432.7
266.8
212.8
239.3
325.7
192.0
232.1
378.1
287.2
211.1
255.6
256.9
265.4
204.4
382.0
251.9
51.26
175.3
134.9
166.6
124.0
183.3
127.4
167.1
141.2
188.8
62.74
104.0
284.2
149.6
93.59
161.0
233.4
167.4
100.1
180.4
205.5
143.8
160.2
219.3
85.91
134.0
84.93
64.47
209.2
153.1
161.2
173.3
177.1
148.7
219.8
147.8
142.3
166.1
71.9
113.5
162.9
243.3
170.3
126.1
136.5
162.6
204.4
159.3
98.3
109.6
210.0
137.4
131.6
111.1
130.0
133.7
155.5
97.24
87.54
87.3
243.4
234.9
111.4
155.3
104.3
129.5
169.6
161.2
176.4
151.8
64.61
104.2
148.7
228.5
206.5
158.5
132.7
200.0
94.67
148.1
164.5
159.9
96.77
117.7
186.9
108.7
197.4
87.26
87.26
210.1
166.4
143.0
181.0
118.6
152.9
159.4
166.9
103.2
129.6
139.4
267.4
174.0
136.3
109.5
131.6
210.8
154.5
86.09
242.6
201.2
198.3
92.65
65.3
235.9
154.0
178.1
240.5
147.1
199.2
212.7
139.4
194.1
166.3
142.9
221.6
186.5
211.0
148.9
157.8
108.9
139.1
134.1
318.5
150.8
138.4
157.3
140.7
43.44
205.9
179.6
218.9
189.5
122.2
396.8
194.8
76.4
170.2
269.7
100.3
158.1
126.9
127.4
263.6
204.3
146.2
114.6
118.8
107.9
182.6
0.0
186.6
162.6
91.29
68.74
95.63
127.0
145.9
159.6
213.9
249.0
59.32
94.92
129.7
152.6
119.4
214.6
175.0
80.33
212.8
150.9
148.3
148.1
114.1
297.7
64.79
276.6
203.0
132.5
211.2
212.4
210.1
181.2
219.6
113.6
118.8
110.4
173.0
189.8
177.9
145.2
96.81
216.6
144.4
105.7
132.3
247.6
158.9
188.8
175.3
126.3
118.1
169.2
222.1
187.5
159.2
153.0
139.1
176.5
163.8
324.9
266.0
192.5
169.8
108.0
184.1
109.3
188.2
120.3
248.5
255.3
151.2
152.3
179.2
181.8
164.4
169.6
208.2
128.4
184.1
159.1
253.7
144.6
250.4
171.9
147.4
121.0
132.7
97.25
95.63
157.8
174.7
98.1
173.4
68.06
99.17
158.9
148.9
194.3
75.4
109.9
150.7
136.3
92.49
284.3
136.2
208.5
97.77
100.7
176.2
223.3
214.1
252.2
147.7
180.5
219.4
90.71
121.4
147.6
123.7
242.7
161.5
139.3
157.1
107.8
92.96
174.7
115.1
78.55
159.2
321.3
134.9
190.0
77.96
193.9
188.4
123.6
257.7
169.9
77.92
150.5
218.1
207.9
130.3
184.1
159.3
219.9
184.6
92.52
217.6
113.6
127.6
189.9
188.0
243.9
151.4
170.5
107.4
161.4
142.0
153.0
115.7
91.78
191.2
120.1
75.56
272.4
238.7
155.4
108.0
110.3
201.1
152.6
113.0
5.024e-06
174.1
211.0
150.8
125.7
167.1
159.1
69.96
138.2
125.3
101.5
145.2
215.3
127.0
122.4
226.3
126.9
191.1
228.3
83.85
217.0
110.3
94.95
96.26
181.3
153.8
133.3
175.3
184.0
105.4
173.5
185.5
80.91
146.7
141.5
115.1
202.2
42.44
69.88
261.9
163.5
165.0
115.6
152.7
186.4
247.3
202.7
197.5
186.4
297.0
117.9
177.5
254.2
84.5
110.1
184.7
88.17
164.5
100.1
205.0
157.8
79.06
96.4
99.04
267.7
78.44
124.4
226.5
137.2
86.19
98.89
131.5
83.8
126.4
113.3
166.6
117.0
212.9
192.4
125.2
178.3
157.5
163.9
252.7
75.12
123.7
85.54
47.64
139.9
247.3
82.73
145.0
122.6
206.5
189.4
119.6
69.62
186.7
180.3
216.7
75.35
227.9
163.0
107.1
118.3
67.15
164.8
92.4
108.2
107.8
215.2
309.6
122.2
314.7
225.4
109.0
36.63
64.9
83.52
222.8
67.47
106.1
225.2
165.1
113.8
86.22
155.5
184.1
212.2
230.0
132.4
98.71
146.0
104.5
149.8
127.7
104.5
227.7
112.3
145.7
92.74
238.8
120.7
132.9
207.3
98.61
194.7
155.0
296.1
119.0
222.5
116.5
232.5
156.1
127.2
105.5
95.4
185.9
114.5
96.82
157.6
144.2
119.3
163.5
152.9
245.9
103.8
73.7
177.5
214.1
76.98
203.2
111.4
65.36
197.5
149.0
86.05
196.0
162.8
57.68
220.4
207.8
105.1
99.1
118.6
85.99
210.4
236.5
189.8
236.8
144.6
7.199e-06
110.4
131.1
116.2
88.54
178.9
95.26
116.9
169.4
227.4
58.22
148.5
162.2
83.75
42.91
220.2
89.9
333.0
152.3
83.19
146.9
82.45
204.8
120.4
117.6
191.0
101.2
71.18
330.5
119.0
146.8
116.6
159.8
55.44
160.0
241.9
119.2
246.0
104.3
72.09
160.6
181.9
91.48
151.1
277.0
152.5
64.96
137.6
169.9
73.53
160.8
146.4
164.9
58.02
283.3
147.4
104.8
275.3
8.509e-06
151.5
210.9
57.57
81.73
218.1
140.6
136.7
124.1
93.24
252.5
163.8
193.7
147.1
238.9
134.2
109.6
239.1
146.9
207.0
225.9
189.9
116.6
117.2
151.5
138.6
6.931e-06
185.1
175.0
165.2
73.77
82.23
54.83
176.8
206.7
167.3
236.6
132.6
199.0
137.7
154.4
143.4
170.7
182.1
122.4
115.9
121.1
174.7
263.7
113.4
211.6
85.31
185.5
103.9
180.7
149.2
96.64
118.8
152.8
116.3
140.6
77.65
116.9
83.55
185.1
130.0
207.3
128.4
136.3
194.6
121.0
175.2
80.68
41.59
121.2
174.5
68.08
181.1
162.7
234.7
239.8
249.4
270.5
127.5
86.84
134.8
110.9
89.39
126.7
112.6
98.76
121.6
138.5
69.18
118.4
182.1
81.03
141.8
60.64
155.2
59.08
67.94
166.4
187.5
107.0
240.0
150.3
188.2
88.69
107.0
329.1
247.6
146.8
164.5
126.1
192.1
147.8
247.5
210.6
167.7
152.3
72.46
233.2
115.4
189.0
170.3
217.0
116.2
73.12
117.7
365.0
163.8
181.7
117.3
186.5
170.7
238.5
176.6
158.9
86.72
167.7
136.1
170.1
109.6
105.0
111.7
61.21
125.5
276.0
94.38
64.82
156.3
204.7
179.0
209.9
103.2
157.0
190.3
176.0
217.9
128.6
176.0
186.8
248.2
167.6
99.41
129.4
84.09
190.5
153.3
261.6
198.0
181.6
139.3
134.4
233.8
128.6
226.7
199.9
146.5
153.1
84.03
84.71
236.3
207.2
108.5
149.6
115.4
174.3
87.46
79.9
182.7
91.62
203.6
152.6
214.9
170.8
217.1
130.3
68.74
164.4
172.0
120.6
184.6
193.1
126.1
89.14
115.9
196.8
222.5
126.4
117.5
100.2
157.1
82.37
204.2
64.76
217.7
93.19
141.7
111.3
102.3
163.2
215.9
239.1
93.97
195.7
156.8
106.8
141.4
154.8
156.7
169.4
67.75
172.2
143.8
83.95
111.4
95.04
106.4
107.5
146.6
156.4
211.5
92.91
201.1
205.3
42.47
178.3
63.58
140.7
57.53
100.6
139.0
206.7
172.4
68.63
113.5
211.3
118.6
159.1
155.2
196.1
150.9
99.68
156.3
200.4
216.7
125.8
190.2
231.5
178.8
173.8
238.4
235.0
210.0
146.8
233.4
108.2
123.1
158.5
64.68
139.5
74.31
133.4
204.4
318.6
145.9
93.31
116.4
107.1
135.2
166.3
97.75
175.9
133.1
169.3
190.1
202.3
237.1
62.32
168.3
140.1
140.8
197.7
86.61
276.8
160.8
169.3
143.4
207.5
74.23
215.5
93.74
134.7
95.75
149.8
52.84
120.6
89.86
358.5
201.6
210.5
149.7
121.2
220.3
132.3
129.1
162.4
141.0
198.7
106.2
156.2
121.8
143.7
89.18
243.0
200.9
93.13
201.3
210.5
117.7
70.98
143.4
66.35
138.2
217.9
360.7
165.1
175.5
180.0
305.2
50.64
180.2
72.7
92.35
106.0
238.4
117.1
249.5
64.67
117.9
174.5
337.8
140.8
163.0
301.7
172.2
136.5
94.75
106.2
127.8
80.92
155.2
242.2
150.7
156.1
154.4
198.6
294.2
83.84
98.77
165.9
160.9
144.1
225.8
113.2
51.44
174.1
52.77
210.2
172.2
164.0
133.1
212.0
244.4
60.84
73.51
96.03
94.22
178.9
145.2
157.9
118.6
162.7
192.7
236.9
133.6
123.8
389.1
206.0
229.5
194.7
140.7
96.42
183.1
189.5
167.2
117.0
93.94
135.3
485.7
131.2
74.5
0.0
111.0
0.0
203.2
149.1
49.53
164.4
123.9
32.72
152.8
133.6
112.2
138.0
103.6
64.38
163.6
193.3
102.9
122.4
141.9
245.2
137.6
182.2
163.7
125.2
84.26
269.0
154.5
187.6
212.2
152.1
199.7
65.04
239.7
155.0
140.2
291.5
140.0
416.2
170.7
125.1
257.8
104.8
150.9
64.38
81.36
206.2
39.38
165.3
81.0
318.4
119.2
134.1
74.1
133.5
144.1
141.1
218.6
117.3
0.0
85.82
119.0
119.1
229.5
199.6
119.6
212.3
184.5
270.1
157.6
288.6
83.17
86.86
99.0
78.04
232.1
182.6
86.02
181.0
238.9
71.86
156.3
66.97
183.9
152.1
162.6
203.5
206.6
129.3
209.4
97.67
161.0
8.81e-06
213.3
136.4
97.47
94.93
111.7
147.8
188.3
115.8
134.3
267.6
117.3
121.2
217.4
146.2
170.9
157.3
170.5
98.39
146.8
123.6
210.6
114.6
150.9
171.2
139.2
70.48
74.42
144.4
134.5
106.4
158.9
161.2
112.6
168.3
75.8
96.92
119.8
134.0
70.69
74.88
117.3
120.3
170.6
175.2
105.1
114.1
288.6
61.21
121.5
262.4
185.6
305.4
190.0
102.0
169.6
192.9
104.7
133.1
115.2
125.5
142.2
149.1
130.8
92.86
117.9
73.84
128.3
84.03
117.0
209.8
150.1
72.63
164.3
314.0
77.32
157.5
167.6
63.68
121.3
94.08
156.3
111.1
377.3
84.05
149.7
142.0
80.22
137.4
107.3
126.5
167.7
120.8
78.02
163.1
211.3
283.4
184.1
73.49
0.0
234.2
111.8
118.2
210.7
170.7
153.3
99.98
106.6
43.18
160.3
106.8
71.5
138.7
123.6
67.05
112.3
72.26
169.9
130.2
181.4
182.2
266.6
206.2
87.61
237.0
120.7
76.19
167.0
225.4
73.84
157.9
128.6
52.88
154.5
202.7
82.95
145.6
103.3
32.72
201.0
102.7
106.5
129.3
119.8
153.3
141.7
197.2
158.8
179.8
165.4
179.8
193.6
99.0
86.44
105.0
213.9
42.92
114.6
143.3
100.1
214.1
251.9
147.7
154.5
112.4
3.166e-06
249.0
122.2
0.0
139.4
104.1
72.7
195.8
140.0
52.84
93.92
158.4
112.4
121.6
98.66
172.1
190.4
100.2
92.42
309.7
139.5
73.84
94.93
147.0
0.0
144.0
103.4
183.5
94.82
212.1
79.6
109.9
159.9
244.6
120.1
109.2
61.0
204.6
117.3
134.3
129.5
118.8
165.2
107.6
188.6
70.69
175.0
181.4
110.3
95.27
236.0
87.89
97.72
217.6
164.5
133.8
169.3
76.78
133.7
140.0
104.7
168.9
182.0
200.6
177.9
113.4
199.3
300.0
217.6
226.1
221.0
235.2
203.7
117.9
67.75
168.3
97.54
0.0
202.5
112.9
318.4
114.8
80.17
130.4
275.5
173.0
51.71
168.9
130.2
82.48
104.9
229.1
160.1
125.1
69.93
67.41
276.5
46.69
69.19
223.5
127.8
140.8
164.4
109.9
318.4
171.4
173.4
163.7
151.7
105.6
123.1
167.9
103.3
85.88
116.1
140.9
52.4
196.5
256.1
68.24
175.1
78.08
81.02
127.6
123.9
117.6
91.26
153.1
0.0
118.6
183.9
120.0
220.6
150.6
63.68
146.1
220.0
80.68
173.9
156.6
143.2
117.6
188.8
79.79
168.9
103.3
119.5
234.2
114.0
72.63
247.1
103.4
63.68
152.4
139.9
236.2
148.4
131.5
134.7
116.7
107.6
61.0
148.4
86.76
49.53
145.7
186.4
111.9
112.7
259.2
124.8
186.1
235.3
59.1
103.0
99.44
70.69
195.1
512.4
119.8
173.1
167.5
121.7
168.1
115.5
155.5
183.7
119.7
132.9
71.67
185.9
93.95
149.4
98.49
79.33
125.6
131.2
108.3
73.9
63.09
102.3
157.8
117.0
86.98
148.2
49.3
93.36
161.5
98.78
98.44
42.89
96.98
64.34
169.2
102.8
95.38
89.34
68.15
113.7
117.2
90.72
110.3
207.0
161.5
110.9
85.52
132.7
134.2
68.72
97.22
143.4
105.1
141.5
85.14
116.0
69.68
107.5
52.8
41.43
30.84
112.7
120.0
140.5
68.23
65.03
152.2
63.08
96.01
50.45
128.4
155.2
85.79
97.32
166.2
139.6
132.9
119.0
78.37
88.63
90.09
107.8
75.89
73.84
46.17
138.6
94.67
121.7
134.0
38.97
137.8
94.73
108.0
189.9
85.09
79.46
85.2
116.6
80.89
142.4
58.32
101.4
80.46
87.5
70.72
133.1
84.31
104.3
189.1
93.37
125.9
76.42
169.1
118.3
201.9
128.2
136.8
138.2
120.6
76.18
69.68
90.09
122.9
92.47
71.08
107.8
128.0
124.4
80.66
105.2
82.1
110.2
118.0
101.2
139.7
109.6
108.4
56.87
148.1
83.95
143.9
166.7
77.83
75.03
133.9
67.11
148.9
59.52
107.3
138.8
84.32
94.16
63.49
69.8
95.7
96.76
152.8
70.88
120.5
127.8
77.9
115.8
90.66
107.6
94.18
114.3
108.2
116.7
158.9
64.92
147.2
114.9
59.76
75.61
61.49
176.5
125.0
94.93
49.94
63.56
88.67
84.64
74.46
98.61
110.0
95.07
104.0
123.2
54.24
81.37
177.4
129.5
97.83
85.33
79.39
68.83
62.51
72.24
63.97
107.1
101.8
97.55
114.8
101.0
45.71
157.2
128.9
127.6
103.0
123.8
145.8
61.57
114.0
134.6
110.7
47.59
235.2
97.32
119.4
71.27
144.3
120.0
1.263e-05
52.53
122.0
125.3
147.7
135.7
97.38
93.89
56.78
78.98
106.8
95.63
71.67
162.2
117.5
104.9
188.9
145.2
91.08
88.8
121.9
168.5
94.34
171.0
107.2
88.28
111.3
148.7
90.6
128.8
150.5
132.3
97.58
84.82
169.2
135.5
72.79
63.21
73.58
90.47
119.0
151.2
79.96
139.6
130.0
132.2
157.7
173.2
150.3
116.9
86.58
84.44
143.8
173.2
35.27
131.2
101.3
137.9
116.6
135.0
128.5
83.54
116.2
132.0
107.3
104.0
88.57
122.2
196.5
99.05
133.5
79.79
72.35
96.93
183.1
88.21
79.49
205.7
68.05
180.1
108.0
100.9
80.87
105.4
83.51
149.0
128.8
120.5
149.1
114.8
50.06
115.4
144.1
93.22
51.88
104.4
137.4
134.8
66.52
113.6
70.92
1.548e-05
93.07
140.3
154.8
76.65
85.25
90.98
98.85
75.12
115.5
149.2
111.4
81.65
173.4
114.9
145.3
135.5
92.25
97.04
131.3
101.7
154.3
142.5
68.6
152.0
104.8
118.2
106.4
59.82
91.93
107.4
82.12
126.9
98.83
151.2
121.1
110.3
74.62
83.44
87.66
98.73
143.8
88.61
60.76
59.56
155.2
78.52
76.4
121.4
119.6
96.4
177.5
85.03
168.8
145.3
131.8
85.25
82.0
79.36
95.51
63.96
96.33
84.33
68.78
108.7
101.6
132.0
83.03
142.4
116.6
79.1
68.97
115.2
186.6
112.9
93.75
158.3
203.0
36.13
101.5
115.6
96.56
68.42
145.9
153.0
84.92
67.6
103.1
85.54
145.6
91.15
155.0
75.19
112.8
132.0
153.3
65.97
114.9
73.57
94.76
137.4
76.41
108.7
80.33
173.3
106.6
85.31
76.18
117.8
150.3
66.11
132.4
94.34
111.3
174.2
121.3
185.5
109.3
212.1
122.3
69.76
168.5
118.9
113.8
229.2
56.5
98.82
194.3
63.37
135.4
177.9
72.87
80.84
102.3
150.0
155.6
65.03
93.18
134.3
183.6
167.2
78.26
93.14
93.46
99.27
103.4
168.0
108.4
113.3
100.5
90.77
98.12
93.1
65.08
114.9
105.5
156.2
111.6
79.65
109.0
138.3
143.8
112.5
65.2
126.5
97.65
108.1
65.55
145.6
57.84
74.42
88.33
111.1
142.0
88.01
111.2
109.0
172.0
167.6
106.8
97.83
185.1
124.1
134.9
55.93
144.3
148.4
73.42
115.1
118.6
165.2
125.6
98.83
83.52
60.83
56.33
40.1
108.1
76.83
101.5
55.12
109.6
154.8
97.19
91.9
213.3
41.47
77.53
117.2
51.06
91.56
228.7
115.1
91.67
101.9
92.68
102.1
115.6
63.6
159.4
83.42
64.41
65.26
42.32
86.6
136.1
139.9
104.3
102.2
154.3
86.99
99.48
182.2
131.4
41.13
100.1
92.88
42.84
152.4
98.6
122.3
84.55
144.8
57.95
76.69
169.1
131.4
89.45
121.1
77.2
92.51
71.04
62.64
84.62
143.3
137.7
87.76
63.9
174.0
100.2
70.23
113.2
148.4
122.2
116.3
70.33
96.7
127.5
104.4
64.07
95.0
129.8
148.1
140.4
96.7
104.9
120.7
146.9
100.4
79.81
162.6
99.01
89.83
117.2
100.4
75.64
151.3
106.0
61.1
109.7
135.5
115.2
78.4
44.21
38.59
120.3
121.6
182.1
130.2
125.3
129.9
94.75
89.92
104.0
48.38
158.3
115.5
101.3
59.0
147.9
134.4
76.95
60.52
164.6
68.19
85.75
151.7
103.5
75.86
138.0
128.5
70.17
172.9
126.0
165.7
97.77
169.0
116.6
74.21
91.29
69.96
73.64
105.0
92.99
105.7
74.43
140.8
87.32
85.93
66.95
180.9
134.5
51.66
110.8
95.16
93.96
88.24
78.65
72.19
127.9
93.39
112.6
35.21
73.86
100.7
144.2
117.8
80.34
85.56
122.5
96.4
107.8
53.66
116.1
116.3
104.1
152.3
59.86
150.9
119.0
65.15
143.9
116.9
60.75
99.4
113.4
133.9
63.16
89.47
113.9
126.9
106.1
133.3
73.78
50.48
114.4
74.54
123.4
221.2
141.0
102.3
83.8
87.34
139.2
69.08
126.5
64.74
142.0
145.0
98.89
85.85
149.5
96.97
152.5
176.2
167.6
113.9
85.64
146.9
123.6
54.16
116.5
110.1
131.4
104.1
60.02
80.23
100.5
135.3
117.8
105.9
136.5
104.2
61.33
96.6
166.4
112.7
153.5
118.2
193.6
184.1
154.3
93.27
102.1
81.69
146.2
99.76
180.0
63.26
84.59
141.0
191.0
142.6
102.3
147.8
153.2
87.16
123.8
42.38
133.7
126.8
51.1
92.09
164.2
131.9
101.1
28.53
50.76
166.6
201.5
127.4
163.4
96.35
172.5
101.8
0.0
95.94
79.06
78.05
94.69
74.79
88.44
105.2
153.7
69.47
144.8
71.73
137.5
69.3
55.53
61.67
141.6
56.9
102.4
87.61
58.3
73.48
195.3
76.38
80.84
97.07
196.8
104.0
125.7
79.78
96.43
141.3
92.78
100.9
149.2
88.34
81.09
67.5
79.13
90.08
110.7
91.34
120.3
163.5
87.83
70.8
64.71
140.8
55.74
124.8
102.7
108.0
142.0
121.6
89.32
124.9
158.7
145.1
132.2
145.5
93.04
197.0
140.7
134.8
166.8
96.56
90.88
116.0
128.0
87.58
84.43
108.4
174.1
163.6
106.0
95.82
28.66
30.77
90.06
105.5
82.66
111.0
142.5
78.49
66.82
115.0
75.15
117.0
100.6
103.9
94.74
125.7
141.6
90.49
150.6
142.8
90.82
106.4
47.29
114.8
101.6
100.2
69.49
67.11
93.73
118.7
105.3
75.22
151.8
153.4
82.02
113.9
45.29
178.4
109.6
74.61
124.7
99.68
112.4
78.31
102.7
103.1
104.5
117.0
112.5
87.13
132.9
127.7
112.5
117.3
91.04
113.5
154.3
146.6
74.1
164.6
67.56
121.7
71.41
117.3
41.97
136.8
163.0
66.19
110.1
59.85
121.9
73.73
203.5
99.78
104.2
57.17
80.26
117.5
156.0
117.6
121.3
119.4
105.9
119.1
73.73
110.3
75.01
165.8
47.74
145.4
136.0
156.8
110.9
131.5
96.3
132.8
96.68
87.89
53.13
86.32
125.4
162.5
37.03
152.3
108.9
120.1
118.3
121.5
147.0
51.57
53.11
80.9
96.03
91.28
115.3
160.9
55.88
147.7
60.52
38.89
90.61
57.31
78.67
131.0
73.52
115.7
101.7
54.25
134.2
173.9
206.8
64.11
79.3
85.75
100.7
69.19
169.6
138.2
88.51
70.25
174.5
124.9
159.7
139.9
215.2
112.1
123.4
165.4
135.0
88.02
118.0
114.8
82.33
137.0
74.23
93.97
147.4
107.3
72.4
160.9
86.02
37.01
151.6
87.06
73.46
136.9
91.41
66.06
118.5
108.9
95.07
277.2
123.6
72.07
153.9
112.8
83.56
214.4
186.7
86.22
183.8
118.4
65.88
125.5
80.56
90.14
80.92
91.43
104.7
229.3
247.4
100.4
138.9
204.5
109.5
117.3
127.4
78.27
182.9
73.43
60.11
192.0
136.2
129.6
133.3
95.24
173.7
107.7
154.7
60.11
139.6
162.8
77.43
202.8
80.88
201.6
113.8
138.3
105.5
229.9
128.4
110.4
176.9
123.2
58.5
133.6
72.25
109.4
131.3
115.8
79.51
270.1
104.9
96.91
147.7
109.7
48.49
150.7
78.78
114.1
304.1
58.48
93.89
193.9
88.07
67.61
167.6
207.9
94.67
85.34
157.0
74.64
144.8
243.9
43.57
80.26
108.1
51.39
89.73
70.34
143.2
148.1
72.91
59.83
107.4
126.6
52.64
313.8
139.8
136.1
138.0
236.4
103.8
112.5
125.8
85.8
217.0
114.2
78.99
126.5
74.67
108.4
132.7
178.8
38.63
103.3
220.4
103.1
207.8
95.97
202.9
233.9
68.36
62.82
124.7
69.51
109.3
131.4
216.2
35.1
136.7
126.2
51.45
177.0
223.2
52.07
134.2
122.2
229.5
158.6
115.1
57.85
93.68
86.36
83.67
105.6
212.5
56.49
220.9
97.96
84.43
137.4
95.76
55.97
219.5
136.9
42.75
150.6
128.7
132.4
78.3
128.4
152.9
167.2
74.75
49.74
159.7
92.66
69.19
419.5
120.6
69.53
158.1
93.35
73.78
262.7
89.32
75.46
131.6
117.1
101.4
207.1
111.0
38.39
199.7
70.97
132.4
171.7
113.5
122.2
160.1
76.94
74.84
169.1
79.99
80.7
304.5
84.03
36.23
166.0
266.2
51.28
200.0
107.6
44.42
132.9
111.8
68.31
150.7
106.7
135.1
183.5
164.9
113.5
199.9
150.9
91.26
93.57
88.4
46.44
144.7
188.9
160.1
122.2
214.2
123.2
97.46
61.4
143.2
185.9
131.4
208.6
131.7
144.9
152.2
96.5
107.6
68.11
136.8
151.7
206.0
92.0
216.5
77.84
169.9
89.5
141.3
98.86
132.9
143.6
215.9
139.6
217.8
89.25
121.3
279.5
273.0
58.15
98.59
81.9
98.26
63.51
178.7
155.9
89.35
119.9
141.6
65.59
93.25
168.4
141.5
136.1
197.6
192.9
180.4
98.13
189.8
116.2
225.4
210.1
150.2
251.7
183.1
279.1
212.3
196.2
104.2
142.2
317.9
159.0
185.9
250.3
67.94
167.0
190.9
210.4
322.1
112.5
231.4
290.6
278.8
209.4
137.8
186.1
210.8
129.1
232.6
255.6
171.9
125.5
174.5
201.6
165.5
121.6
229.0
250.4
149.8
322.9
291.8
173.1
156.4
52.01
393.6
54.35
248.5
223.9
171.1
98.19
223.3
253.0
108.6
294.2
246.1
204.4
298.2
310.6
185.9
343.1
272.8
333.0
218.9
164.7
266.6
127.5
175.1
212.8
108.9
290.4
200.4
214.1
182.6
171.8
105.7
216.0
248.8
108.5
113.9
162.2
241.8
286.6
234.6
152.4
339.5
85.7
159.5
200.3
198.9
159.5
97.77
106.0
240.2
229.8
188.5
194.3
88.95
120.5
292.0
252.4
194.7
157.5
204.2
197.5
110.2
48.07
107.8
291.8
169.6
109.0
214.5
276.7
123.0
204.6
0.0
295.8
106.1
169.3
275.7
125.8
132.2
96.47
120.3
230.0
166.6
176.7
106.3
86.76
206.2
199.5
184.3
206.6
166.8
125.1
278.0
249.5
279.6
138.4
299.1
240.8
83.98
195.8
175.1
320.6
261.3
89.35
266.6
231.4
362.7
215.0
265.3
208.3
240.1
253.1
387.3
282.3
201.2
190.1
115.5
247.9
255.4
310.6
131.4
289.5
129.8
154.6
153.0
128.1
114.4
155.6
258.2
196.0
176.9
230.0
144.4
193.9
95.94
50.81
232.5
249.0
120.5
129.2
151.2
154.3
196.9
87.47
152.9
216.1
307.3
153.9
241.0
151.3
0.0
345.4
104.1
129.3
373.2
149.3
135.4
333.7
190.1
219.9
270.4
186.0
73.32
184.1
300.5
173.4
114.6
111.1
133.5
261.9
205.2
159.2
308.2
201.1
35.66
222.0
249.6
92.5
203.6
136.9
275.2
104.1
256.6
239.9
234.3
278.4
150.7
154.4
70.9
409.3
144.2
197.9
243.9
247.0
223.8
180.1
224.3
0.0
161.4
135.5
119.1
146.1
197.3
300.5
204.6
242.9
173.1
222.6
230.2
120.5
145.7
146.7
228.2
189.9
145.7
166.5
174.8
85.59
313.8
180.1
268.8
189.6
123.7
270.9
213.1
164.7
142.8
177.3
181.2
128.7
302.0
213.4
321.6
158.7
164.3
246.1
231.3
133.3
144.6
172.0
177.8
191.3
424.0
245.0
179.5
117.8
101.3
207.6
145.1
147.8
142.1
115.5
171.3
451.8
119.8
423.9
172.0
156.7
160.3
236.1
261.9
158.0
259.8
80.25
293.9
183.2
109.8
194.3
259.7
219.7
154.8
200.2
144.9
174.3
131.8
214.2
138.6
148.9
147.4
194.9
137.3
159.2
130.5
220.9
160.4
141.0
337.8
171.6
227.6
340.8
413.2
224.5
284.6
190.7
285.4
328.1
97.58
149.5
185.4
216.6
171.3
221.1
242.3
155.6
123.4
202.4
97.75
251.2
157.0
90.22
167.6
196.3
199.2
112.4
77.89
170.2
278.4
198.3
174.0
253.5
244.7
83.1
145.1
243.2
119.9
214.2
230.9
162.1
231.3
306.4
167.4
153.8
313.7
156.2
135.7
132.1
79.17
117.3
298.4
221.7
151.1
222.5
133.7
212.8
146.7
157.8
194.9
223.5
227.5
89.35
140.4
140.2
0.0
238.6
91.61
151.5
144.1
209.2
148.2
143.1
181.7
157.8
253.4
194.2
181.9
224.0
71.6
228.0
94.62
216.2
235.4
96.59
105.4
166.7
165.3
168.9
201.1
302.0
198.3
148.9
150.5
71.49
189.7
81.06
212.0
153.1
277.8
180.5
243.9
337.7
130.8
96.99
208.0
167.4
252.4
194.7
239.1
156.5
227.8
244.9
241.0
145.2
176.1
217.3
342.5
182.6
300.3
167.3
83.21
206.1
348.8
89.62
167.6
192.7
385.3
193.1
359.5
147.1
175.9
141.1
184.4
347.7
179.2
218.8
117.5
177.8
189.8
149.6
347.9
246.9
172.6
198.7
143.3
137.6
126.6
93.87
184.6
101.1
154.3
170.0
117.2
228.8
154.4
257.9
157.3
194.5
112.1
194.9
89.79
192.5
91.78
186.4
179.2
232.8
221.3
303.8
99.46
145.2
147.6
213.9
129.5
151.8
116.1
227.6
103.8
131.7
322.3
59.24
185.6
270.7
184.8
219.8
195.4
166.6
165.7
171.6
242.1
254.9
107.3
223.3
279.5
164.6
140.5
196.5
203.3
173.5
313.3
92.45
134.8
226.0
157.8
234.0
211.7
200.4
222.2
192.4
396.8
90.84
179.8
33.46
197.4
179.6
237.9
169.6
169.2
151.2
125.5
121.5
325.5
187.7
249.7
255.8
133.3
223.2
217.7
156.1
187.0
425.9
251.6
156.3
144.4
185.6
200.0
166.9
228.7
206.1
118.8
261.2
145.9
200.9
241.5
118.2
207.0
80.58
148.8
229.3
226.2
350.3
194.2
100.1
168.6
203.2
263.1
281.5
157.5
317.9
196.0
235.1
229.7
253.5
227.3
121.5
154.8
148.9
99.2
134.2
230.3
146.0
234.2
79.01
152.7
240.4
184.1
132.7
87.41
149.0
236.8
272.0
99.04
202.5
146.9
144.0
165.7
102.8
294.4
155.0
322.8
154.8
171.3
199.1
347.9
153.8
106.0
210.6
124.4
109.6
175.4
108.9
124.3
143.8
199.6
156.4
128.4
206.4
221.7
79.16
167.2
194.5
226.6
192.3
142.1
273.1
137.0
142.0
177.7
124.9
156.5
225.6
59.08
216.2
268.6
144.0
164.1
271.7
216.2
208.7
175.8
253.3
290.2
177.5
187.4
91.09
159.1
270.3
124.0
97.19
164.9
168.8
133.1
223.5
196.8
304.7
224.1
100.5
150.7
125.6
263.6
113.1
115.0
142.8
198.1
247.2
167.2
222.1
104.8
100.8
256.6
213.3
249.4
101.5
192.0
72.35
113.2
234.5
251.9
132.1
358.6
92.06
129.0
122.1
248.7
145.6
246.4
176.9
106.4
201.0
131.1
145.7
171.6
335.6
94.89
231.3
83.34
264.6
157.0
157.2
173.4
111.5
166.2
0.0
75.53
55.23
117.6
38.65
331.2
187.5
127.1
111.7
29.1
171.8
177.3
237.5
199.3
279.0
292.0
104.1
178.7
141.6
235.3
166.7
250.7
99.74
142.7
213.0
270.5
0.0
240.8
151.1
278.4
220.9
306.2
216.2
216.8
145.1
168.0
129.8
234.4
185.5
106.8
143.7
254.5
235.2
153.6
126.9
149.5
131.7
168.5
273.0
184.6
89.25
207.0
97.96
212.0
291.6
160.7
145.7
108.5
242.1
150.5
138.7
197.2
138.1
349.2
126.9
265.0
145.4
152.3
278.1
197.2
161.3
182.3
251.2
286.0
148.5
222.2
173.4
143.7
89.44
180.0
146.2
307.3
73.62
212.4
158.5
188.7
153.0
395.9
261.2
84.67
196.1
141.3
125.3
99.84
232.4
120.8
215.0
149.0
249.0
198.9
215.4
139.0
309.9
204.4
145.5
215.4
232.5
0.0
221.2
189.8
288.6
361.6
301.1
131.1
212.6
119.2
165.7
221.7
71.89
24.6
182.6
119.8
370.9
67.08
104.9
129.3
146.7
160.7
318.8
228.1
103.9
102.7
242.2
184.9
176.3
134.6
187.5
178.3
320.6
197.0
203.7
136.5
75.05
155.3
215.2
218.3
244.8
190.7
370.5
174.6
0.0
159.7
185.1
147.2
361.6
193.0
163.0
250.6
69.44
219.3
251.4
156.7
205.0
89.91
182.7
217.4
107.4
108.3
188.9
317.7
113.8
290.8
135.3
239.9
237.9
312.6
165.5
116.2
231.5
118.9
186.0
201.7
131.0
205.9
173.0
122.7
174.6
135.1
140.7
173.9
211.0
138.6
169.7
242.6
89.34
175.7
200.9
139.9
222.4
130.4
179.6
145.0
90.86
208.1
204.6
152.3
169.0
174.5
285.5
173.9
91.54
221.9
170.1
227.8
376.5
137.1
195.6
170.9
248.2
173.1
192.7
169.5
186.1
287.8
209.2
278.8
202.3
183.6
134.7
242.0
149.7
228.4
161.4
124.5
130.0
80.75
242.0
188.0
161.8
334.8
273.1
184.4
120.0
202.0
94.6
150.1
222.9
165.5
186.7
293.1
325.6
257.4
333.3
172.7
261.9
250.5
157.8
313.9
128.7
207.6
314.0
161.5
111.2
195.5
105.0
84.8
148.6
145.9
66.41
200.5
110.0
126.5
256.2
166.0
206.8
202.4
122.9
61.59
277.7
98.8
84.07
124.6
94.56
172.9
220.0
183.4
129.3
186.1
123.1
203.1
188.3
322.1
251.3
107.4
161.7
197.5
137.4
196.0
171.9
211.9
71.02
94.38
140.0
77.07
124.5
176.8
104.2
205.3
131.2
365.5
82.42
237.9
117.3
176.7
139.1
83.04
286.3
135.1
174.2
163.3
200.4
184.1
174.7
186.0
126.5
109.6
283.2
133.3
244.0
265.9
246.2
162.7
149.8
276.1
138.7
144.2
285.8
122.5
111.8
129.8
178.1
334.0
139.4
135.6
130.4
171.0
113.0
162.5
97.18
155.3
322.1
136.8
148.1
170.2
91.18
118.4
158.4
223.7
269.9
130.2
180.3
203.8
218.7
139.4
116.8
207.9
268.0
244.9
100.3
228.0
107.2
237.2
232.1
251.5
230.8
238.4
0.0
191.9
78.86
88.48
111.1
129.9
310.5
171.8
190.6
213.4
126.6
131.9
266.5
230.2
157.8
261.8
238.4
70.47
110.6
116.6
162.5
114.8
181.9
186.7
250.5
209.6
62.17
69.09
293.6
158.8
93.32
366.8
61.5
286.8
229.9
211.5
177.5
207.9
173.8
75.69
238.7
314.7
136.8
235.0
150.8
159.5
98.6
165.5
213.0
299.1
251.0
258.2
193.4
105.1
160.7
259.2
121.7
275.9
186.1
98.67
142.3
111.1
201.3
210.5
325.0
266.5
115.2
165.3
247.5
132.9
103.5
129.6
207.2
187.2
131.1
123.8
142.2
110.0
151.3
154.7
145.6
178.8
229.2
0.0
245.9
181.1
213.1
148.7
109.8
266.4
157.3
220.7
231.0
69.31
266.3
191.5
238.9
118.7
262.9
151.1
168.7
150.0
93.77
88.39
173.5
154.7
0.0
477.2
331.2
126.6
304.8
175.5
141.7
217.6
272.8
185.3
140.5
73.93
76.03
207.4
66.26
320.1
204.5
92.04
232.4
0.0
140.6
337.2
316.5
183.1
182.3
224.8
216.7
389.7
72.1
163.6
169.0
139.8
165.0
292.8
116.7
331.4
330.8
215.6
195.8
85.47
108.8
188.2
196.3
0.0
206.1
207.8
192.3
189.7
255.4
166.3
207.6
283.4
266.7
157.4
80.12
231.0
281.5
135.5
397.4
202.3
0.0
191.0
135.7
146.6
251.9
243.7
152.3
247.1
110.1
154.9
94.25
303.7
149.6
297.4
73.76
98.34
271.2
204.8
221.2
185.4
163.7
271.0
219.2
189.6
161.2
134.1
217.8
108.8
266.3
86.78
253.9
313.2
71.73
269.2
30.59
154.3
175.6
115.3
216.1
140.1
128.8
191.2
233.4
226.6
223.3
147.0
264.3
153.0
108.0
233.3
184.0
149.7
430.6
97.78
212.1
70.47
92.89
107.3
252.6
177.5
129.9
141.4
241.8
349.4
365.7
189.4
84.81
114.7
76.58
41.03
233.8
137.7
136.5
120.0
177.6
105.6
51.25
92.75
113.5
124.2
320.1
213.5
219.1
308.9
298.9
250.8
364.9
299.3
155.0
206.0
316.5
270.4
103.2
285.9
238.9
219.7
316.4
98.19
245.7
227.4
188.8
121.1
156.8
134.6
340.4
172.1
290.7
281.6
251.4
221.7
325.9
163.2
237.4
396.3
140.0
293.4
149.8
253.2
252.9
134.0
218.6
229.0
123.5
148.2
102.3
317.9
178.6
144.6
179.3
164.4
328.0
200.4
266.7
233.2
173.3
103.3
89.31
172.0
305.1
116.2
135.9
272.8
233.3
167.5
224.9
78.78
320.9
346.1
153.8
431.5
388.2
158.3
207.4
251.7
201.7
100.8
220.0
162.9
149.4
49.2
204.9
224.0
179.6
63.69
183.9
147.4
194.8
99.15
327.1
0.0
236.8
203.7
217.5
124.3
199.3
198.9
184.4
150.4
130.1
154.3
147.2
260.0
138.3
122.5
200.2
276.6
168.0
159.2
200.4
321.7
187.7
359.0
220.3
228.8
190.7
210.7
157.7
166.8
260.1
184.5
307.8
194.1
97.76
200.5
206.0
381.2
176.1
162.9
323.4
153.9
174.6
196.8
290.5
134.4
197.4
165.0
164.2
123.7
184.7
151.9
134.3
343.2
194.7
104.8
482.6
144.6
92.71
207.4
250.4
333.8
314.7
35.24
134.4
139.7
120.2
99.07
88.12
165.2
128.1
160.5
99.83
101.0
162.9
193.5
113.1
248.1
282.6
189.9
109.6
77.48
246.4
174.1
163.6
149.3
92.97
173.1
236.3
158.6
91.51
178.4
217.7
250.6
272.0
187.8
334.0
132.0
120.8
124.9
140.5
199.9
171.8
290.5
220.3
193.7
251.4
93.67
192.3
334.7
175.4
155.6
162.5
234.8
213.2
112.9
105.8
124.4
136.4
313.8
289.5
248.1
407.2
272.7
0.0
133.1
256.5
163.2
132.8
220.0
276.4
187.9
100.1
165.8
365.1
255.4
110.4
353.6
173.2
242.2
290.0
39.45
345.7
234.6
194.3
183.6
182.9
134.6
277.8
249.3
224.5
252.1
98.19
188.1
191.3
367.6
51.96
85.15
233.7
152.1
176.3
102.0
129.9
353.7
150.6
161.9
122.7
108.7
160.7
317.1
236.4
186.5
255.8
68.74
87.24
104.9
244.0
216.8
208.9
190.4
123.1
74.27
155.9
95.11
181.8
279.7
78.52
127.4
292.3
226.0
175.7
309.2
106.7
142.7
255.8
238.4
241.7
273.0
190.2
234.0
121.3
126.5
66.99
78.72
267.8
298.5
226.8
301.7
155.4
150.5
74.47
327.7
45.59
127.3
393.4
176.0
176.2
222.0
45.59
237.7
206.8
240.1
271.8
232.7
82.98
193.9
333.7
225.8
234.0
169.2
123.8
146.2
131.1
92.83
191.3
188.2
224.7
160.2
137.5
264.2
240.0
193.9
282.2
201.2
225.4
77.0
180.1
133.0
167.6
295.3
288.7
255.7
279.8
203.2
186.9
121.0
128.9
81.09
165.9
248.9
67.47
221.0
72.91
284.1
99.98
193.2
167.0
0.0
187.5
140.2
150.1
237.0
208.2
95.09
137.9
193.8
210.9
140.7
144.8
120.8
233.5
289.5
105.8
77.63
309.6
325.5
172.2
163.1
279.6
333.8
90.75
91.08
226.8
181.1
286.4
199.3
227.3
188.6
280.1
208.2
233.6
288.4
202.4
195.1
313.9
185.9
296.6
110.0
68.0
247.8
161.1
429.7
115.2
181.0
189.2
0.0
128.4
200.2
136.3
103.4
181.9
99.61
224.4
178.3
347.7
140.3
119.7
143.7
148.3
305.8
278.1
72.62
250.8
102.2
197.4
146.3
35.04
266.6
247.4
326.3
193.8
137.3
74.35
184.4
97.81
112.3
157.8
175.6
244.8
106.1
234.5
226.3
222.4
151.1
293.3
115.9
332.0
158.7
241.4
255.4
211.8
122.9
326.8
134.1
121.7
367.0
219.7
73.46
0.0
73.33
135.9
98.67
0.0
123.5
147.4
0.0
114.8
115.4
118.0
98.19
78.6
4.936e-06
159.4
174.1
95.41
197.5
151.8
106.3
73.76
143.8
213.5
166.8
110.0
169.7
137.8
118.4
135.3
107.7
77.0
182.1
120.5
153.5
177.2
98.11
124.3
179.6
269.0
133.7
176.6
172.4
118.7
92.25
229.6
118.0
194.7
108.1
160.1
220.3
228.6
122.3
187.6
212.7
99.29
245.7
208.1
77.03
162.6
134.9
138.1
299.9
170.6
165.6
176.1
226.4
171.6
266.1
254.9
228.4
202.8
177.1
155.6
239.4
86.3
196.3
213.3
278.8
244.0
131.2
219.3
163.4
171.4
226.1
177.4
185.7
162.0
200.7
212.3
263.3
254.8
145.8
325.1
188.1
199.4
206.2
68.75
51.25
54.02
63.01
129.9
156.4
81.11
80.51
97.15
147.5
81.11
58.37
106.4
131.4
83.65
127.0
166.6
169.2
203.3
186.0
210.6
160.5
144.2
189.6
169.6
150.7
144.9
171.1
153.6
162.8
135.0
207.1
217.3
120.1
138.5
336.1
201.8
155.9
188.4
218.1
153.0
167.5
190.6
207.0
302.4
155.7
157.6
211.9
246.1
229.4
215.3
201.2
203.0
185.3
231.1
142.0
233.4
160.5
282.8
202.5
368.6
194.7
230.8
240.5
285.3
202.8
233.2
317.0
221.0
277.8
434.5
219.8
251.7
348.0
210.7
249.6
205.2
254.2
165.9
293.7
176.9
239.0
249.8
175.3
383.9
263.0
292.6
236.1
278.1
292.0
253.0
310.4
199.4
237.3
185.6
447.0
252.2
270.8
344.3
383.1
