0.7452
0.731
0.7973
0.4625
0.9554
0.6625
0.7994
0.9338
0.8409
0.8065
0.7562
0.7562
0.597
0.9236
0.7243
0.8615
0.8683
0.493
0.9192
0.8902
0.843
0.9
0.7412
0.6418
0.8071
0.7753
0.8707
0.9422
0.586
0.9941
0.7491
0.8486
0.5246
0.731
0.9524
0.943
0.6743
0.6541
0.8858
0.8902
0.7365
0.9696
0.8758
0.7598
0.89
0.6029
0.8004
0.8433
0.5508
0.4397
0.8061
0.7471
0.9564
0.8752
0.8089
0.8736
0.926
0.8623
0.6775
0.8017
0.9034
0.7449
0.7285
0.6188
0.9077
0.8755
0.6318
0.8876
0.6267
0.7182
0.8167
0.9316
0.8764
0.9029
0.8692
0.8078
0.7164
0.7164
0.9487
0.9522
0.2439
0.8112
0.9694
0.6425
0.9171
0.6457
0.6721
0.988
0.4596
0.8155
0.8754
0.579
0.9437
0.853
0.6702
0.7573
0.9484
0.4492
0.8524
0.6074
0.8021
0.8268
0.964
0.8714
0.9662
0.9418
0.7375
0.6672
0.7199
0.8871
0.8947
0.7187
0.579
0.7421
0.5482
0.7364
0.7071
0.921
0.7569
0.7553
0.7784
0.7996
0.9134
0.907
0.8879
1.0
0.5627
0.7839
0.9281
0.7338
0.9553
0.8178
0.9468
0.6995
0.7513
0.9668
0.8928
0.845
0.9199
0.9738
0.9803
0.7122
0.6224
0.5786
0.9094
0.7336
0.8587
0.9342
0.8166
0.7321
0.9082
0.9116
0.9726
0.9153
0.8523
0.745
0.642
0.9316
0.9276
0.749
0.8404
0.8083
0.4976
0.6257
0.8464
0.8344
0.9815
0.9069
1.0
0.6756
0.6022
0.8444
0.9053
0.9683
0.9515
0.8826
0.4171
0.7792
0.8497
0.9201
0.9558
0.9735
0.8186
0.7626
0.8135
0.8824
0.8533
0.8197
0.8798
0.8894
0.634
0.821
0.8825
0.9199
0.7858
0.8836
0.8814
0.9653
0.9155
0.7366
0.7641
0.7787
0.8757
0.7278
0.7966
0.7607
0.9468
0.651
0.9511
0.7611
0.974
0.9021
0.9262
0.9365
0.8033
0.9964
0.9288
0.9137
0.8197
0.9511
0.7938
0.7351
0.9532
0.529
0.8244
0.8123
0.9489
0.6616
0.7634
0.7472
0.7383
0.712
0.7142
0.9407
0.8527
0.6076
0.9105
0.8026
0.5617
0.6293
0.8018
0.8231
0.7878
0.8705
0.947
0.9554
0.9177
0.6709
0.7991
0.8064
0.8646
0.7408
0.8613
0.7505
0.6821
0.8607
0.8393
0.9258
0.7833
0.6081
0.9315
0.893
0.8006
0.806
0.8333
0.8884
0.9466
0.7779
0.7984
0.5156
0.7435
0.8089
0.9335
0.3246
0.9501
0.9121
0.7142
0.8071
0.8212
0.76
0.8529
0.8868
0.9161
0.9208
0.7871
0.8211
0.7183
0.9283
0.921
0.7816
0.8699
0.8365
0.9488
0.8549
0.5724
0.8431
0.557
0.9028
0.3243
0.7176
0.8543
0.6937
0.9815
0.7549
0.9852
0.9071
0.9037
0.9339
0.8173
0.8635
0.5093
0.8016
0.9486
0.9298
0.7827
0.9022
0.9461
0.8773
0.973
0.7181
0.8306
0.9697
0.6073
0.9581
0.9575
0.6905
0.7867
0.9468
0.6086
0.6969
0.6614
0.7229
0.7078
0.9504
0.6564
0.8479
0.7192
0.4841
0.7494
0.9727
0.9684
0.9242
0.3722
0.8105
0.8115
0.5676
0.7408
0.9004
0.9253
0.4803
0.9683
0.9725
0.8749
0.6402
0.8345
0.8617
0.6743
1.0
0.9303
0.6296
0.8252
0.9042
0.6957
0.605
0.7373
0.7837
0.7204
0.9434
0.5076
0.6346
0.9572
0.7296
0.7278
0.9945
0.8611
0.6936
0.6924
0.6799
0.9777
1.0
0.7656
0.7676
0.9352
0.9675
0.9689
0.9071
0.8466
1.0
0.1763
0.7092
0.8193
0.9672
0.7433
0.833
0.9798
0.4778
0.9785
0.6186
0.7178
0.7154
0.7332
0.7434
0.9641
0.3563
0.9794
0.8003
0.982
0.9515
0.6646
0.9159
0.9431
0.575
0.8782
0.9488
0.9769
0.9562
0.8321
0.7774
0.9931
0.9319
0.9779
0.8831
0.9767
0.7931
0.8747
0.7543
0.956
0.9781
0.7314
0.9511
0.9345
0.9291
0.9578
0.6969
0.8734
0.8578
0.9075
0.9675
0.9497
0.9367
0.843
0.6804
0.929
0.9613
0.3958
0.6678
0.8537
0.9677
0.3447
0.7776
0.6555
0.9439
0.9304
0.9495
0.7666
0.6489
0.6775
0.8809
0.6695
0.6737
0.8238
1.0
0.4505
0.8132
0.9549
0.7209
0.6612
0.8834
0.7668
0.7085
0.8737
0.6954
0.6878
0.8084
0.5347
0.7027
0.7635
0.9628
0.9844
1.0
0.6502
0.9719
0.7793
0.648
0.8146
0.8212
0.6193
0.4867
0.5884
0.3423
0.5097
0.4756
0.2093
0.5176
0.7009
0.5819
0.7923
0.4914
0.3099
0.5372
