2.868
6.801
4.543
11.91
0.0
6.044
5.366
5.217
3.902
0.0
5.25
5.25
7.133
5.795
6.909
6.105
2.292
6.803
3.495
3.275
2.94
6.525
5.65
7.167
3.0
7.105
3.414
1.774
6.406
2.464
5.967
4.659
7.785
6.724
4.249
2.932
6.162
5.612
2.84
2.891
5.057
1.365
0.0
4.349
1.862
7.568
0.0
3.571
6.594
10.72
6.321
5.948
6.719
0.0
6.025
4.192
6.454
3.096
5.396
4.857
5.095
6.732
5.304
9.407
5.724
6.621
7.936
8.302
10.31
1.787
5.647
0.0
3.457
6.463
4.983
6.913
9.722
9.365
0.0
4.417
11.84
3.64
2.261
8.637
4.415
6.281
6.674
1.91
11.19
4.117
3.747
8.111
0.0
4.53
3.588
5.02
4.804
8.932
4.944
5.233
2.996
5.995
4.246
6.391
4.115
4.115
6.974
7.527
7.205
4.147
0.0
6.791
5.38
5.38
8.234
3.539
3.193
4.865
6.883
6.883
4.291
6.773
9.695
0.0
3.528
8.956e-07
8.926
7.5
4.098
6.86
0.0
2.969
0.0
7.064
7.064
0.0
2.61
4.055
4.171
5.11e-07
2.511e-07
6.073
11.72
8.154
2.916
6.211
0.0
7.901
0.0
7.001
3.289
3.662
2.126
3.273
3.615
5.531
5.623
0.0
0.0
5.13
6.051
5.971
9.848
5.571
5.123
0.0
2.543
2.922
3.599e-07
8.473
9.409
5.17
0.0
0.0
4.906e-07
2.793
9.927
7.883
7.956
5.802
3.664
0.0
5.747
2.152
4.469
4.2
3.818
0.0
3.001
2.198
7.446
4.617
0.0
4.122
4.082
5.421
4.234
0.0
3.983e-07
4.77
5.848
6.745
5.214
0.0
3.508
6.319
0.0
4.426
8.908
4.129
4.387
0.0
0.0
2.916
5.138
4.78
5.35
6.208
4.189
0.0
0.0
5.511
4.134
6.627
0.0
0.0
1.076
6.088
6.088
9.746
4.865
0.0
0.0
4.862
5.327
6.652
5.476
4.699
10.02
8.072
0.0
0.0
6.786
0.0
3.15
2.328
5.118
9.084
0.0
0.0
0.0
8.15
0.0
6.016
4.262
0.0
2.547
0.0
7.782
8.421
3.766
5.83e-07
5.014
0.0
4.53
3.026
4.062
4.178
0.0
9.991
3.218
4.828
8.613
11.6
1.076
3.657
10.12
0.0
2.963
2.681
4.082
0.0
1.434
5.096
5.896
3.724
7.719
3.477
5.723
9.189
5.919
5.061
4.86
4.073
10.15
4.53
11.77
0.0
9.578
7.87
3.368
5.824
6.731e-07
4.787
1.279
2.6
2.398
3.918
1.954
4.869
8.318
4.343
3.136
4.133
4.9
4.852
0.0
3.678
0.0
5.618
3.663
0.0
9.164
3.977
1.384
5.655
3.71
2.083
6.796
5.47
6.351
6.397
5.977
1.772
7.156
1.792
6.087
6.938
6.725
1.27
3.074
0.0
7.171
2.811
3.989
8.21
3.374
2.457
0.0
8.575
2.447
4.873e-07
4.293
8.125
4.913
2.115
7.024
0.0
0.0
5.524
3.809
2.733
5.039
7.886
7.183
6.087
6.623
0.0
5.118
7.848
3.641e-07
4.801
5.16
5.526e-07
3.118
5.186
6.357
6.201
1.781
0.0
5.571
5.808
0.0
6.107e-07
3.749e-07
0.0
5.482
5.556e-07
8.398
7.675
4.205
4.433
6.63
4.641
2.569
9.72
0.0
8.254
4.803
4.793
4.661
5.11
0.6281
11.91
2.428
5.042
1.775
0.0
7.764
4.388
3.394
6.819
1.842
1.609
0.8047
0.0
5.85
4.969
0.5094
2.967
0.8847
4.495
2.754
4.369
4.159
5.16
0.0
2.711
6.255
2.273
3.852
3.046
2.871
4.723
4.121
4.947
2.914
1.076
1.909
2.343
6.27
7.316
5.143
2.225
7.402
5.928
4.421
2.32
7.47
4.812
5.742
1.284e-07
1.868
2.536
6.112
4.592
4.671
5.237
4.83
6.722
6.644
0.0
10.63
3.517
2.299
5.635
8.576
3.745
4.995
6.502
3.746
7.789
7.684
5.535
6.868
5.995
6.641
1.749
0.5379
0.0
4.635
1.164
4.341
5.746
2.088
2.776
6.642
11.87
4.836
7.598
9.388
8.682
11.89
10.25
7.165
7.19
5.147
15.4
11.62
8.495
