0.9316
0.966
0.9595
1.0
0.9329
1.0
0.5554
0.9346
0.9627
0.9751
0.8318
0.9828
0.8978
0.9785
0.8001
0.9664
1.0
0.4496
0.9858
1.0
0.9501
0.9693
0.9668
0.9538
0.9673
0.9157
1.0
0.9733
0.9939
0.9856
0.9626
1.0
0.9019
0.9233
0.9572
0.9622
0.9537
0.993
0.9615
0.9753
0.9617
0.9109
0.8226
0.945
0.9659
0.9695
0.9025
0.9471
0.9606
0.9854
0.9854
0.7871
0.915
0.9363
0.9615
0.961
0.9541
0.9206
0.9112
0.9769
0.6689
0.9492
0.9788
0.9157
0.9157
0.9214
0.9769
0.9337
0.7396
0.9731
0.9637
0.8772
0.9465
0.9262
0.966
0.9231
0.9599
0.9014
0.9536
0.9126
0.9847
0.9438
0.9734
0.9379
0.9517
0.9503
0.9473
0.8618
0.8915
0.8133
0.9272
0.9731
0.9227
0.528
0.6506
0.4813
0.969
0.919
0.9483
0.9546
0.8305
0.9288
0.9879
0.9307
0.9803
0.9318
0.9725
0.9473
0.9659
0.9329
0.9755
0.9736
0.8361
0.9288
0.9636
0.9847
0.9273
0.9002
0.4852
0.9113
0.6931
0.9468
0.9468
0.6397
0.8957
0.9394
0.9351
0.8921
0.9594
0.756
0.9584
0.7293
0.8864
0.9849
0.9239
0.9815
0.8747
0.8991
0.9902
0.9443
0.9406
0.6985
0.9654
0.3587
0.8861
0.9501
0.8724
0.9176
0.8358
0.972
0.9342
0.9048
0.9743
0.8858
0.8752
0.5581
0.91
0.9106
1.0
0.8037
0.8914
0.545
0.9419
0.9711
0.9844
0.9179
0.7017
0.7096
0.8405
0.6461
0.8874
0.9679
0.889
0.9716
0.9308
0.6299
0.9207
0.8806
0.8789
0.8885
0.9709
0.9439
0.8658
0.9261
0.9619
0.963
0.9211
0.6947
0.5289
0.9842
0.9516
0.7263
0.9019
0.9216
0.8938
0.9601
0.9359
0.9626
0.9596
0.9763
0.251
0.3996
0.5663
0.919
0.9205
0.7615
0.7053
0.9515
0.8503
0.645
0.5849
0.9299
0.9421
0.6756
0.6366
0.9015
0.8731
0.7544
0.9303
0.6551
0.8381
0.5529
0.9246
0.6807
0.5608
0.7573
0.9334
0.5239
0.5214
0.4726
0.9449
0.4842
0.6935
0.9205
0.926
0.7179
0.5711
0.8045
0.7473
0.8692
0.9954
0.9184
0.7628
0.6005
0.9307
0.7365
0.945
0.9764
0.9743
0.4411
0.7673
0.7849
0.8804
0.6522
0.9594
0.9398
0.9108
0.9433
0.8008
0.5557
0.9265
0.612
0.5013
0.856
0.7581
0.8243
0.9649
0.8526
0.8924
0.8389
0.917
0.8966
0.9256
0.7486
0.5663
0.6343
0.6616
0.5835
0.9132
0.6432
0.837
0.859
0.7099
0.5863
0.706
0.9184
0.928
0.9797
0.9791
0.8636
0.9571
0.9045
0.9161
0.4773
0.6351
0.7774
0.9541
0.4677
0.9101
0.9033
0.9466
0.8902
0.834
0.9062
0.8259
0.8466
0.895
0.9068
0.6638
0.5888
0.9206
0.8881
0.6807
0.8214
0.8869
0.5614
0.96
0.7914
0.9042
0.9284
0.7485
0.8444
0.7116
0.5868
0.901
0.8215
0.8352
0.6879
0.8042
0.8757
0.7531
0.6797
0.3938
0.5473
0.4798
0.7751
0.4433
0.7822
0.9406
0.887
0.9202
0.9655
0.8495
0.5953
0.6057
0.6745
0.5321
0.6482
0.8965
0.942
0.84
0.7839
0.5832
0.4432
0.646
0.6795
0.7656
0.8923
0.8895
0.5569
0.7031
0.5573
0.458
0.9376
0.7599
0.5765
0.5703
0.7538
0.948
0.793
0.911
0.527
0.5326
0.9479
0.8424
0.5641
0.9471
0.9204
0.882
0.7899
0.7677
0.9284
0.9175
0.8413
0.8666
0.6919
0.6789
0.7119
0.6991
0.9014
0.6271
0.9452
0.8823
0.8866
0.5361
0.5892
0.9001
0.8714
0.9111
0.9362
0.5562
0.7007
0.9598
0.8264
0.6236
0.6388
0.5737
0.9405
0.8714
0.7004
0.6814
0.831
0.8684
0.9501
0.9282
0.889
0.8729
0.7238
0.8966
0.8526
0.8468
0.6809
0.8116
0.5314
0.7568
0.9261
0.5295
0.4821
0.9263
0.8645
0.639
0.8218
0.6766
0.7361
0.9437
0.4941
0.9355
0.7813
0.6773
0.5642
0.6359
0.9247
0.8308
0.8963
0.9383
0.7788
0.6071
0.8325
0.828
0.8158
0.8022
0.5581
0.5875
0.5957
0.8533
0.435
0.8582
0.8186
0.897
0.8499
0.5137
0.6205
0.7788
0.637
0.916
0.6005
0.892
0.6328
0.4925
0.6187
0.8102
0.895
0.8603
0.5134
0.8507
0.7626
0.8647
0.7403
0.555
0.9397
0.7467
0.9294
0.8817
0.709
0.9446
0.8922
0.7793
0.7016
0.5927
0.5464
0.6045
0.7321
0.7234
0.7082
0.9771
0.9177
0.971
0.9119
1.0
0.9509
0.9606
1.0
0.9615
0.9307
0.9614
0.9518
0.9065
0.9693
0.9787
0.9403
0.9693
0.9514
0.983
0.9531
0.9725
0.9636
0.9673
0.9145
0.9307
0.9307
0.9346
0.9346
0.9307
0.9307
0.9402
0.989
0.9502
1.0
0.9913
0.9882
0.9756
0.9449
0.9395
0.95
0.9254
1.0
0.8844
0.9546
0.9739
0.9442
0.5999
1.0
0.9316
0.5452
0.9786
0.9761
0.9217
0.9947
0.9447
0.8271
0.9622
0.9665
0.9731
0.9625
0.9928
0.9517
0.9298
0.961
0.9664
0.8798
0.9358
0.8458
0.805
0.924
0.9821
0.9025
0.9709
0.8655
0.9288
0.8909
0.9362
0.9054
0.9163
0.9788
0.9839
0.9666
0.5828
0.4274
0.5927
0.9018
1.0
0.959
0.9609
0.9482
0.959
0.9817
0.9633
0.9767
0.9585
0.949
0.6912
0.9434
0.9614
0.9143
0.9731
0.7179
1.0
0.528
0.6022
0.8962
0.9762
0.9281
0.853
0.7806
0.7596
0.7596
0.5652
0.9203
0.8679
0.987
0.9509
0.9595
0.7589
0.9302
0.9511
0.9458
0.9118
0.9279
0.7948
0.9271
0.9161
0.6394
0.9656
0.9291
0.8825
0.9492
0.9771
0.4896
0.9226
0.8645
0.5653
0.6086
0.9743
0.8396
0.9693
0.8882
0.6111
0.6293
0.8905
0.9446
0.9501
0.9693
0.6722
0.8527
0.9319
0.9506
0.9517
0.8834
0.9862
0.9002
0.9036
0.9229
0.9408
0.7579
0.9059
0.9622
0.9358
0.9612
0.8884
0.8922
0.9851
0.9339
0.521
0.9255
0.8718
0.9278
0.9058
0.3152
0.9797
0.8524
0.9374
0.819
0.8583
0.9271
0.8686
0.9437
0.6332
0.9595
0.6802
0.9204
0.6595
0.9295
0.8664
0.8745
0.966
0.6673
0.9637
0.5626
0.9603
0.6846
0.8344
0.8247
0.9378
0.7428
0.8166
0.8945
0.8837
0.749
0.6766
0.6316
0.7788
0.925
0.6341
0.9269
0.919
0.9246
0.9528
0.8483
0.4397
0.8797
0.8823
0.8896
0.756
0.9512
0.563
0.5199
0.8686
0.9307
0.5018
0.8726
0.9572
0.8279
0.477
0.6046
0.4716
0.5763
0.4466
0.9345
0.9308
0.9849
0.9013
0.9452
0.943
0.7542
0.8809
0.9645
0.5979
0.5069
0.6278
0.636
0.9536
0.9312
0.7021
0.4752
0.6824
0.5596
0.8132
0.9433
0.987
0.9731
0.8834
0.4528
0.893
0.411
0.8754
0.7621
0.5336
0.5045
0.9068
0.8968
0.7766
0.7669
0.8614
0.4584
0.8291
0.8848
0.8552
0.5294
0.9541
0.8842
0.9233
0.9288
0.7467
0.8958
0.9311
0.6372
0.9479
0.8596
0.9563
0.9487
0.8859
0.9175
0.5182
0.886
0.5305
0.6915
0.7425
0.7451
0.9743
0.9186
0.6776
0.7691
0.917
0.9169
0.7894
0.6469
0.9392
0.6412
0.877
0.968
0.448
0.5871
0.922
0.925
0.8603
0.8898
0.8547
0.9528
0.8324
0.6195
0.9099
0.9362
0.4475
0.6857
0.7695
0.9333
0.6369
0.6677
0.5742
0.898
0.9279
0.5624
0.5852
0.8331
0.9148
0.8867
0.6118
0.6103
0.6408
0.4919
0.9341
0.6101
0.7996
0.8831
0.9525
0.956
0.825
0.8311
0.9728
0.6583
0.9762
0.8516
0.7284
0.8176
0.85
0.4209
0.9522
0.5431
0.6624
0.6453
0.6674
0.7368
0.5911
0.9285
0.5962
0.8164
0.9623
0.8102
0.5422
0.4382
0.6516
0.8299
0.4187
0.6621
0.3503
0.7908
0.5028
0.8444
0.4918
0.6876
0.8799
0.5459
0.9336
0.8515
0.8432
0.499
0.9501
0.8403
0.667
0.8988
0.8315
0.8034
0.8314
0.7827
0.8828
0.517
0.6201
0.8153
0.8771
0.8866
0.476
0.8586
0.9535
0.8622
0.6283
0.9242
0.7597
0.6687
0.9253
0.8336
0.8785
0.9038
0.5746
0.561
0.8353
0.6483
0.6621
0.9399
0.5905
0.63
0.5242
0.7332
0.5938
0.7924
0.646
0.9376
0.5752
0.8557
0.5171
0.6874
0.5515
0.8485
0.4364
0.9212
0.8548
0.889
0.4871
0.9723
0.5968
0.3941
0.6091
0.8777
0.77
0.6624
0.5743
0.9214
0.5356
0.4474
0.7133
0.8797
0.684
0.496
0.7134
0.5483
0.6149
0.9173
0.606
0.8219
0.6062
0.8156
0.5988
0.7565
0.6698
0.7949
0.7335
0.6449
0.8867
0.6801
0.5343
0.6941
0.857
0.8883
0.4462
0.704
0.9432
0.6059
0.9389
0.8432
0.9132
0.8834
0.7968
0.8166
0.5218
0.8258
0.9306
0.5753
0.8514
0.9418
0.8403
0.9127
0.8194
0.8483
0.8314
0.8929
0.7676
0.8543
0.8866
0.5521
0.3948
0.7436
0.7262
0.7323
0.6437
0.8765
0.7087
0.5897
0.5774
0.7885
0.6144
0.7362
0.9827
0.8921
0.9174
0.9038
0.9661
0.7905
0.901
0.8764
0.8685
0.9589
0.9712
0.9705
0.727
0.8106
0.9404
0.8663
0.7306
0.909
0.9141
0.8849
0.7832
0.8711
0.9113
0.7133
0.9491
0.9203
0.9736
0.9791
0.862
0.9479
0.8111
0.9236
0.8355
0.9255
0.6824
0.9196
0.9047
0.9411
0.9826
0.9033
0.9099
0.8734
0.8712
0.8821
0.9487
0.871
0.9452
0.9002
0.9578
0.8703
0.8043
0.8922
0.9355
0.9628
0.9618
0.864
0.9272
0.9665
0.971
0.9517
0.5699
0.7538
0.9716
0.924
0.9051
0.9438
0.7704
0.8582
0.9193
0.9351
0.9338
0.9682
0.8218
0.733
0.8669
0.9078
0.9372
0.7487
0.8742
0.9237
0.9351
0.8427
0.9824
0.971
0.6546
0.9457
0.8323
0.9433
0.9433
0.869
0.9558
0.9123
0.7352
0.9455
0.9687
0.728
0.9222
0.9355
0.8633
0.8186
0.5844
0.9045
0.9202
0.9879
0.956
0.8888
0.9068
0.9816
0.6036
0.8683
0.9805
0.9574
0.975
0.8958
0.8563
0.8821
0.787
0.9706
0.8993
0.9269
0.815
0.775
0.7579
0.852
0.8604
0.863
0.822
0.9402
0.9207
0.9886
0.9652
0.9384
0.8206
0.9634
0.923
0.8404
0.9182
0.9944
0.596
0.8417
0.8175
0.8752
0.8859
0.5422
0.7058
0.9758
0.9315
0.5912
0.9486
0.9068
0.9695
0.7022
0.758
0.8566
0.9462
0.9515
0.9461
0.9728
0.8026
1.0
0.6808
0.9129
0.9213
0.9511
0.9642
0.916
0.8831
0.7708
0.7722
0.7716
1.0
0.9734
0.9276
0.866
0.9278
0.8742
0.9486
0.97
0.7576
0.9335
0.7042
0.801
0.8572
0.7249
0.9802
0.6384
0.81
0.9522
0.6969
0.9041
0.8332
0.8641
0.6866
0.9454
0.9071
0.9217
0.8744
0.9105
0.8065
0.8071
0.9873
0.7043
0.9211
0.9883
0.9631
0.661
0.9055
0.9589
0.826
0.8346
0.9581
0.8499
0.9542
0.8927
0.9055
0.8575
0.917
0.8975
0.8681
0.4447
0.7415
0.8451
0.8877
0.9061
0.6112
0.9852
0.8231
0.9183
0.8661
0.5932
0.9662
0.9474
0.8928
0.9263
0.92
0.9354
0.6422
0.951
0.7421
0.8421
0.7475
0.9486
0.6446
0.9558
0.8941
0.9654
0.7544
0.9627
0.9706
0.9175
0.7331
0.9822
0.7197
0.974
0.9645
0.8183
0.9719
0.7952
0.9503
0.8417
0.8855
0.9122
0.9341
0.4216
0.9559
0.9078
0.9808
0.9898
0.8674
0.8076
0.7302
0.7333
0.7588
0.8621
0.829
0.9594
0.9454
0.8521
0.8839
0.911
0.8654
0.9408
0.9012
0.9805
0.9692
0.9258
0.9514
0.974
0.922
0.5622
0.8949
0.8757
0.9476
0.8925
0.9226
0.8873
0.7211
0.8837
0.9768
0.8822
0.9056
0.8208
0.9152
0.8673
0.7733
0.8763
0.6579
0.9563
0.7848
0.9454
0.9402
0.8827
0.8092
0.8102
0.895
0.628
0.9705
0.8285
0.932
0.8272
0.9741
0.9682
0.9223
0.9544
0.9744
0.9145
0.8641
0.7825
0.9407
0.9521
0.8602
0.7989
0.9578
1.0
0.7523
0.7114
0.8492
0.9062
0.5796
0.9151
0.9818
0.9348
0.9344
0.9013
0.9473
0.7393
0.9179
0.8776
0.7649
0.9558
0.8934
0.8646
0.9654
0.5872
0.9521
0.9692
0.9333
0.7828
0.928
0.8592
0.7787
0.9809
0.9851
0.9558
0.8845
0.973
0.9738
0.9834
0.8874
0.8496
0.9919
0.9888
0.7694
0.8857
0.8252
0.9613
0.922
0.9532
0.688
0.7587
0.9145
0.6281
0.6339
0.9651
0.9269
0.7714
0.9661
0.8384
0.8332
0.9278
0.9408
0.9667
0.7888
0.7862
0.9658
0.9678
0.9466
0.8866
0.9782
0.9474
0.7215
0.8298
0.979
0.9505
0.8419
0.9597
0.9565
0.9643
0.9098
0.937
0.8744
0.8843
0.9307
0.9049
0.7487
0.9083
0.7918
0.9927
0.973
0.9504
0.9886
0.9111
0.5377
0.9731
0.8994
0.9477
0.8917
0.9316
0.9598
0.9936
0.8842
0.8967
0.7177
0.9588
0.841
0.9149
0.9052
0.9597
0.9893
0.8704
0.9759
0.9281
0.9189
0.8223
0.3217
0.9672
0.8015
0.8926
0.9907
0.9888
0.9794
0.9809
0.8363
0.9717
0.9251
0.8482
0.817
0.9659
0.9651
0.7538
0.804
0.9264
0.8367
0.9112
0.9626
0.8912
0.9558
0.7128
0.8564
0.9656
0.8458
0.8636
0.9532
0.9406
0.6999
0.9282
0.9419
0.7757
0.9329
0.8844
0.7865
0.7259
0.9094
0.8768
0.816
0.8545
0.9478
0.8825
0.9757
0.9827
0.9792
0.881
1.0
0.7971
0.8163
0.8439
0.9406
0.869
0.6762
0.9605
0.9783
0.9103
0.6146
0.9873
0.773
0.9271
0.9395
0.779
0.868
0.9871
0.9159
0.8368
0.982
0.7907
0.493
0.9025
0.9562
0.9588
0.9365
0.888
0.8545
0.9226
0.6742
0.9331
1.0
0.9232
0.8929
0.9569
0.9463
0.8297
0.9709
0.9603
0.7692
0.856
0.9741
0.8555
0.8475
0.9578
1.0
0.7437
0.9575
0.7508
0.8826
0.9404
0.8726
0.9578
0.7983
0.9673
0.7332
0.7477
0.9733
0.959
0.747
0.8648
0.8139
0.9385
0.6522
0.9873
0.9383
0.6395
0.8899
0.9071
0.952
0.9819
0.8416
0.8071
0.9245
0.9834
0.8093
0.891
0.9848
0.8962
0.8256
0.9301
0.9126
0.7618
0.8304
1.0
0.7971
0.9138
0.9092
0.7456
1.0
0.7533
0.77
0.9787
0.9871
0.9247
0.9046
0.9574
0.9309
0.9555
0.6334
0.8473
0.8626
0.8948
0.5952
0.9429
0.9396
0.8383
0.9725
0.7483
0.7404
0.8344
0.9407
0.9788
0.8944
0.9161
1.0
0.729
0.9321
0.8743
0.9569
0.9815
0.9931
0.7307
0.9485
0.8849
0.649
0.9376
0.8485
0.8846
0.8034
0.89
0.7999
0.7919
0.9085
0.9432
0.8243
0.865
0.8386
0.9323
0.4904
0.9747
0.6074
0.9743
0.742
0.8292
0.9382
0.8715
0.8261
0.9302
0.9131
0.9859
0.939
0.9771
0.862
0.8926
0.6259
0.9248
0.9578
0.5802
0.8526
0.8297
0.9348
0.9841
0.9048
0.7355
0.9516
0.7426
0.8889
0.8314
0.8165
0.7779
0.6047
0.9891
0.9684
0.9203
0.8788
0.9577
0.8976
0.9581
0.9516
0.8908
0.8084
0.9731
0.7897
0.8604
0.9691
0.8446
0.9913
0.8903
0.9843
0.9812
0.8625
0.8622
0.9587
0.6967
0.9286
0.7789
0.9144
0.9368
0.623
0.6353
0.8315
0.7826
0.9629
0.7663
0.804
0.9087
0.7993
0.8343
0.912
0.9788
0.866
0.9313
0.792
0.9328
0.6269
0.8872
1.0
0.8619
0.6596
0.8744
0.7767
0.9566
0.7716
0.7821
0.7594
0.8766
0.9093
0.975
0.8439
0.9306
0.7601
0.9261
0.9532
0.9475
0.9862
0.8873
0.6064
0.8773
1.0
0.8142
0.8353
0.97
0.79
0.9032
0.9209
0.8492
0.9623
0.8264
0.8383
0.9642
0.849
0.6848
0.8915
0.9477
0.9296
0.9646
0.9064
0.8459
0.7988
0.8301
0.8707
0.8873
0.8949
0.77
0.9245
0.8013
0.8084
0.8403
0.8351
0.9895
0.8996
0.7631
0.8655
0.9403
0.9431
0.9019
0.7027
0.957
0.9505
0.8229
0.9505
0.8783
0.8777
0.8589
0.8989
0.7544
0.9064
0.972
0.6897
0.9311
0.8616
0.8406
0.83
0.9517
0.9794
0.9622
0.6373
0.8629
0.9036
0.8851
0.8967
0.9074
0.9498
0.7349
0.9924
0.6589
0.9297
0.8764
0.9116
0.916
0.8563
0.731
0.7623
0.9118
0.8167
0.9208
0.9625
0.8207
0.8664
0.9059
0.7168
0.9769
0.9455
0.9474
0.9635
0.947
0.9733
0.9295
0.9552
0.8531
0.9381
0.855
0.9721
0.8336
0.8788
0.9773
0.8028
0.959
0.9741
0.9862
0.9266
0.8795
0.7883
0.8955
0.9623
0.9136
0.7962
0.9067
0.831
0.786
0.8728
0.9016
0.9928
0.8097
0.869
0.545
0.7815
0.748
0.9253
0.9329
0.8786
0.7419
0.7576
0.7716
0.9265
0.604
0.9335
0.903
0.9337
0.9871
0.9238
0.9836
0.8596
0.8875
0.5527
0.8803
0.9473
0.8136
0.9503
0.8772
0.8958
0.9775
0.9018
0.8925
0.8276
0.9328
0.6683
0.7146
1.0
0.8902
0.9519
0.9392
0.7628
0.9786
0.6995
0.8625
0.9433
0.865
0.7727
0.9507
0.9284
0.9328
0.8654
0.9634
0.9065
0.9758
0.8515
0.9729
0.5813
0.8416
0.6299
0.928
0.9456
0.8624
0.9597
0.9222
0.8746
0.9025
0.7415
0.9608
0.8227
0.9085
0.9405
0.9734
0.75
0.8007
0.9373
0.8288
0.7501
0.9265
0.9394
0.8772
0.9682
0.9085
0.7057
0.597
0.8697
0.9565
0.8169
0.8625
0.9919
0.7447
0.9866
0.9099
0.9351
0.7543
0.9169
0.7825
0.9932
0.8898
0.9666
0.7963
0.8626
0.7803
0.6312
0.7705
0.9363
0.931
0.8044
0.9746
0.99
0.7795
0.7773
0.9171
0.886
0.8631
0.6873
0.7344
0.9535
0.9699
0.8988
0.851
0.9584
0.8098
0.8941
0.9829
0.9561
0.9758
0.623
0.8258
0.9229
0.9704
0.8922
0.6781
0.9629
0.9693
0.9846
0.9775
0.8713
0.7466
0.9233
0.8007
0.7563
0.6824
0.8011
0.8016
0.9509
0.467
0.8137
0.773
0.6839
0.8409
0.9174
0.9359
0.8813
0.8587
0.9242
0.9249
0.941
0.7869
0.8678
0.9623
1.0
0.8981
1.0
0.6976
0.8604
1.0
0.9686
0.9156
1.0
0.8521
0.8991
0.9633
0.6607
0.8708
0.8673
0.9353
0.9486
0.9193
1.0
0.8652
0.9126
0.7261
0.9507
0.8554
1.0
0.8519
0.651
0.906
0.9515
0.8154
0.9663
0.9687
0.7498
0.8029
0.81
0.571
0.8932
0.794
0.8046
0.935
0.781
0.7887
0.9733
0.8673
0.9539
0.8932
1.0
0.8954
0.9719
0.8283
0.9446
0.7615
0.9369
0.878
0.8619
0.7396
0.9112
0.8567
1.0
0.8869
0.9497
0.9292
0.932
0.8856
0.9256
0.7143
0.92
0.8415
0.8362
0.9075
0.9388
0.9519
0.8388
0.9055
0.863
0.7078
0.9214
0.8638
0.9023
1.0
0.9296
0.9287
0.6444
0.7827
0.9527
0.8643
0.8461
0.9513
0.8998
0.7862
1.0
0.9277
1.0
0.9471
0.909
0.8485
0.948
0.9358
0.8824
0.8494
0.5768
0.8904
0.9271
0.9446
0.9296
0.9089
0.8357
0.802
0.8893
0.8492
0.8
0.8098
0.8684
0.9733
0.9666
0.8778
0.9276
0.9577
0.8789
0.9042
0.8664
0.7607
1.0
0.835
0.6656
0.9383
0.8254
0.9281
1.0
0.9567
0.9611
0.9267
0.9142
0.8454
0.8801
0.8347
0.7529
0.9075
0.9512
0.779
0.7615
0.9463
0.3898
0.8939
0.8512
0.8826
0.7839
0.9914
0.8976
0.9167
0.9442
0.7752
0.8604
0.961
0.9724
0.8624
0.8747
0.9584
0.9508
0.915
0.6158
0.8126
1.0
0.9053
0.6769
1.0
0.9057
0.7942
0.886
0.8702
0.9525
0.8671
0.8362
0.8226
0.8925
0.887
0.8792
1.0
0.9335
1.0
0.8849
0.8225
0.893
0.9572
0.8144
0.8537
0.7343
0.9635
1.0
0.7589
0.6806
0.8206
0.6964
0.6878
1.0
0.8981
0.7073
1.0
0.8938
0.8806
0.9793
0.8702
0.9139
1.0
0.9003
0.9542
0.8115
0.8574
0.9335
0.8533
0.7938
0.8932
0.9486
0.8382
0.9029
0.965
0.7125
0.5982
0.8747
0.7913
0.8653
0.9877
0.651
0.8689
0.7889
0.8136
0.9022
1.0
0.8505
0.8044
0.956
0.8386
0.7614
1.0
0.7749
0.9395
0.9784
0.7823
0.9611
0.9647
0.8968
0.8388
0.9637
0.9711
0.7932
0.9864
0.8684
0.9075
0.9463
0.9196
0.9072
0.7246
0.651
0.8886
1.0
0.8214
0.3893
0.8559
0.9024
1.0
0.814
0.8932
0.8987
0.9836
0.9026
0.9758
0.8212
0.8572
0.9426
1.0
0.6793
0.9172
0.9733
0.8084
0.7695
0.8747
0.909
0.9186
1.0
0.8074
0.8858
1.0
1.0
0.9395
0.8411
0.9067
0.7824
0.9161
0.8804
0.8971
0.9524
0.8421
0.8904
0.8581
0.529
0.9072
0.9252
1.0
0.9574
0.9567
0.9168
0.653
0.8631
0.9804
0.9382
0.973
0.9173
0.6781
0.8902
0.8903
1.0
0.9733
0.9106
0.8987
0.9664
0.8323
0.8
0.6714
0.7806
0.9099
0.9521
0.858
0.6781
0.887
0.8264
0.9086
0.7266
0.8673
0.9503
0.6656
0.95
0.8559
0.7289
0.8797
0.8283
0.9324
0.9476
0.9527
0.9113
0.9494
1.0
0.8323
0.8127
0.9264
0.9304
0.7402
1.0
0.8559
0.9496
0.9425
0.3119
0.9414
1.0
0.7178
0.8716
0.7994
0.9107
0.8948
0.8283
0.8454
0.9198
0.9507
0.8944
0.8743
0.9599
0.8672
0.9022
0.9661
0.9357
0.6465
0.9822
0.7474
0.8097
0.9737
0.9161
0.9559
0.8463
0.8543
0.8902
0.954
0.915
0.7205
1.0
0.9156
0.8352
0.838
0.6921
0.8188
0.886
0.9576
0.8444
1.0
0.8324
0.7505
0.9104
0.924
0.4166
0.9054
0.8323
0.9022
0.9566
0.7589
0.9224
1.0
0.2777
0.8858
0.886
0.8596
0.8879
1.0
0.9295
0.6366
0.9465
0.8093
0.9021
0.9524
0.6761
0.9545
0.9836
0.9232
0.8469
1.0
0.9203
0.9256
0.9639
0.8948
0.8713
1.0
0.9253
0.8674
0.9567
0.559
0.7543
0.9699
0.722
0.8341
0.8188
0.7996
0.9232
0.8778
0.8024
0.9473
0.9274
0.988
0.9046
0.978
0.9402
0.9551
0.9487
0.9156
0.9151
0.9482
0.9756
0.9839
0.9765
0.9538
0.9637
0.9618
0.7938
0.9875
0.8936
0.9144
0.9365
0.9116
1.0
0.9731
0.9782
0.818
0.926
0.9093
0.9676
0.9817
0.8712
0.9329
0.97
0.9533
0.7641
0.9163
0.8496
0.9701
0.9215
0.8925
0.9874
0.9535
0.9155
0.9531
0.8931
0.9228
0.9601
0.9478
0.9022
0.9866
0.9811
0.9974
0.8898
0.9015
0.9117
0.9408
0.9638
0.8976
0.9553
0.9274
0.9882
0.9008
0.9275
0.9626
0.9763
0.898
0.8751
0.8393
0.9314
0.9482
0.9852
0.9419
0.9142
0.9797
0.9713
0.9887
0.8998
0.9029
0.927
0.9195
0.9951
0.9514
0.9616
0.9569
0.8453
0.9709
0.9631
0.971
0.9259
0.9698
0.8964
0.9829
0.9626
0.9651
0.9739
0.9582
0.947
0.9588
0.9505
0.8856
0.9556
0.8414
0.9825
0.694
0.9087
0.7041
0.945
0.9429
0.9211
0.9356
0.9621
0.9789
0.9037
0.9266
0.949
0.9596
0.9413
0.9429
0.9423
0.9787
0.9318
0.9374
0.9217
0.9272
0.9644
0.9217
0.9167
0.9532
0.9573
0.8771
0.9254
0.9054
0.8525
0.9503
0.9521
0.8666
0.9814
0.8928
0.9864
0.9279
0.9358
0.9523
0.9366
0.9729
0.9429
0.9669
0.8721
0.8991
0.9835
0.8983
0.9312
0.9713
0.8844
0.9339
0.8796
0.9649
0.9106
0.917
0.8922
0.8446
0.9852
0.8165
0.9382
0.9764
0.9517
0.9755
0.8942
0.8781
0.9945
0.9624
0.9814
0.954
0.9478
0.9301
0.9576
0.9605
0.952
0.9079
0.907
0.9819
0.9713
0.8302
0.9243
0.8797
0.9929
0.9772
0.9658
0.9738
0.9598
0.9745
0.9679
0.9454
0.9284
0.9226
0.9135
0.99
0.8955
0.9363
0.929
0.9669
0.872
0.8742
0.9855
0.9375
0.921
0.8945
0.981
0.9503
0.9539
0.8902
0.9523
0.9248
0.8108
1.0
0.972
0.9348
0.8879
0.9123
0.9193
0.9566
0.9718
0.939
0.9484
0.882
0.952
0.984
0.913
0.9534
0.8923
0.8978
0.8823
0.973
0.9544
0.9486
0.8754
0.9229
0.883
0.989
0.96
0.9074
0.9024
0.9463
0.8584
0.917
0.8624
0.9589
0.9596
0.8872
0.9606
0.9703
0.9687
0.9491
0.9788
0.9064
0.8853
0.9864
0.9149
0.892
0.7479
0.7278
0.8841
0.8698
0.9399
0.9465
0.9677
0.8738
0.8764
0.9778
0.9694
0.9279
0.8542
0.908
0.9067
0.8594
0.9068
0.9201
0.9196
0.9717
0.9502
0.9526
0.9191
0.9323
0.9358
0.9377
0.9416
0.9597
0.9672
0.6947
0.9504
0.8949
0.8133
0.966
0.8804
0.9552
0.906
0.9755
0.9425
0.9559
0.8985
0.8771
0.9414
0.9434
0.862
0.9836
0.9673
0.9498
0.939
0.9362
0.9656
0.7718
0.9472
0.976
0.9344
0.9611
1.0
0.8864
0.9466
0.7983
0.9778
0.9492
0.9547
0.9154
0.965
0.8658
0.9023
0.8517
0.9779
0.8384
0.8997
0.9128
0.8045
0.8971
0.9779
0.9092
0.9492
0.8607
0.9469
0.9666
0.9116
0.9418
0.9435
0.8575
0.9679
0.9673
0.9627
0.9379
0.8143
0.9667
0.8682
0.9249
0.912
0.9756
0.8739
0.9687
0.9811
0.8826
0.9522
0.9685
0.9763
0.8553
0.9154
0.8971
0.912
0.9733
0.9756
0.8923
0.9876
0.9294
0.8145
0.941
0.9778
0.9567
0.9538
0.9556
0.9742
0.904
0.9338
0.9714
0.9488
0.9443
0.9296
0.9272
0.9066
0.942
0.9591
0.9084
0.9423
0.8937
0.8163
0.8909
0.8924
0.6031
0.9921
0.9749
0.9818
0.9413
0.9673
0.8959
0.8855
0.9062
0.9267
0.9487
0.9346
0.9207
0.9632
0.8792
0.95
0.934
0.8745
0.9267
0.9531
0.934
0.9325
0.952
0.9237
0.9638
0.94
0.92
0.8864
0.9244
0.8727
0.9669
0.8946
0.9035
0.9726
0.8948
0.9624
0.9416
0.8903
0.9381
0.7238
0.8505
0.9128
0.8879
0.9632
0.8775
0.9652
0.9332
0.7943
0.9886
0.9317
0.8025
0.9886
0.9077
0.8869
0.9357
0.9468
0.9362
0.8554
0.8603
0.973
0.9854
0.9426
0.8898
0.8323
0.9616
0.9026
0.9483
0.9647
0.9267
0.8853
0.9724
0.943
0.9568
0.9386
0.9214
0.9586
0.9786
0.8877
0.8828
0.8871
0.969
0.9633
0.8627
0.8915
0.9348
0.8784
0.9548
0.8861
0.9588
0.909
0.9762
0.8961
0.9906
0.9258
0.9708
0.9078
0.6605
0.966
0.8993
0.9311
0.8326
0.8727
0.9286
0.8743
0.856
0.9054
0.9221
0.9893
0.879
0.8688
0.9495
0.9239
0.9294
0.9116
0.9261
0.864
0.9591
0.9812
0.9743
0.99
0.9617
0.943
0.9265
0.9865
0.9464
0.9106
0.9612
0.9446
0.8856
0.988
0.9431
0.9429
0.9831
0.9416
0.8832
0.8577
0.9603
0.9436
0.9166
0.9218
0.9297
0.9785
0.9127
0.9789
0.9787
0.9834
0.9896
0.9631
0.8225
0.9341
0.9442
0.8677
0.932
0.9543
0.9671
0.8412
0.9102
0.9898
0.9523
0.9307
0.9951
0.8565
0.9236
0.9197
0.8717
0.9559
0.9666
0.9758
0.8752
0.9653
0.9352
0.8981
0.9667
0.9345
0.9598
0.9709
0.9733
0.9185
0.8656
0.9786
0.9661
0.8207
0.9604
0.9839
0.953
0.9628
0.9343
0.9629
0.9648
0.964
0.7634
0.9326
0.9703
0.9606
0.9639
0.9368
0.86
0.9447
0.9397
0.9268
0.9126
0.9601
0.9589
0.8293
0.9487
0.9536
0.927
0.8434
0.965
0.8424
0.9473
0.9785
0.9091
0.9641
0.944
0.9947
0.982
0.9941
0.8956
0.9127
0.7757
0.7161
0.9094
0.9159
0.9576
0.9681
0.9194
0.9783
0.9656
0.8402
0.9149
0.9755
0.9183
0.944
0.9286
0.9909
0.8936
0.9616
0.9643
0.9377
0.9196
0.9328
0.8306
0.9192
0.9701
0.637
0.8957
0.951
0.9465
0.7885
0.7736
0.9639
0.9441
0.9103
0.9616
0.9565
0.8483
0.9719
0.9766
0.9097
0.9322
0.9772
0.9627
0.8458
0.9419
0.9859
0.9381
0.9343
0.9742
0.9091
0.9642
0.9269
0.9213
0.9733
0.9706
0.9936
0.9741
0.9747
0.8884
0.9295
0.9442
0.9625
0.9222
0.9756
0.8957
0.988
0.8658
0.9131
0.9825
0.8902
0.99
0.8989
0.9764
0.9635
0.8908
0.8575
0.9509
0.9498
0.8937
0.885
0.9678
0.9692
0.8342
0.9556
0.8953
0.9265
0.9731
0.9738
0.9318
0.9612
0.9444
0.9246
0.91
0.9819
0.9833
0.9778
0.8675
0.9435
0.9487
0.9829
0.9021
0.8786
0.9519
1.0
0.8632
0.9453
0.9126
0.7555
0.8534
0.9203
0.938
0.8805
0.8615
0.9753
0.9231
0.9435
0.936
0.952
0.9744
0.9542
0.9292
0.7946
0.9488
0.952
0.9214
0.9287
0.9862
0.9395
0.9454
0.9336
0.9382
0.8832
0.9084
0.8511
0.8758
0.9532
0.9467
0.958
0.8208
0.9623
0.764
0.9732
0.9272
0.9347
0.9479
0.9061
0.9506
0.9206
0.9519
0.9737
0.8729
0.99
0.8716
0.9701
0.9802
0.9434
0.9121
0.8356
0.9243
0.9819
0.9924
0.8747
0.8319
0.9655
0.8898
0.9782
0.8173
0.9615
1.0
0.9348
0.9541
0.9926
0.9646
0.9615
0.9394
0.9178
0.8925
0.9901
0.8395
0.9747
0.9253
0.9627
0.9824
0.9763
0.8713
0.9683
0.9538
0.9421
0.9766
0.9858
0.7663
0.9353
0.9526
0.9464
0.8944
0.9208
0.8217
0.9819
0.8688
0.8907
0.9927
0.9224
0.8636
0.9595
0.9621
0.9857
0.968
0.896
0.9012
0.9329
0.9395
0.9238
0.9735
0.9673
0.969
0.9181
0.9646
0.9452
0.9361
0.961
0.9089
0.9097
0.9384
0.95
0.8913
0.9502
0.846
0.8249
0.9324
0.9462
0.8855
0.9037
0.8867
0.9478
0.9253
0.8971
0.882
0.9587
0.9606
0.9241
0.9178
0.927
0.9392
0.9422
0.9941
0.9899
0.9535
0.9354
0.9554
0.924
0.953
0.9688
0.9859
0.9098
0.9676
0.9698
0.9262
0.9303
0.9523
0.9529
0.7833
0.9503
0.9521
0.9585
0.948
0.9559
0.9846
0.8517
0.9517
0.9449
0.9409
0.9564
0.9268
0.8651
0.9502
0.952
0.6968
0.8829
0.9245
0.8416
0.9858
0.8913
0.9262
0.9693
0.9126
0.952
0.8998
0.9498
0.916
0.9429
0.957
0.9727
0.947
0.953
0.9226
0.9681
0.9804
0.9352
0.8272
0.9097
0.8137
0.9198
0.9484
0.8682
0.9454
0.8415
0.9275
0.9562
0.9902
0.8535
0.9213
0.9447
0.9877
0.9795
0.8159
0.9601
0.8577
0.9408
0.931
0.9723
0.8638
0.7804
0.9412
0.9609
0.9358
0.8994
0.979
0.8673
0.934
0.9458
0.9836
0.7549
0.9959
0.8584
0.8983
0.8911
0.8881
0.9011
0.9449
0.9704
0.9716
0.957
0.9775
0.9542
0.9403
0.9635
0.9933
0.8428
0.9487
0.9203
0.9364
0.9247
0.9065
0.9656
0.9825
0.9542
0.9172
0.927
0.8696
0.88
0.9785
0.8825
0.988
1.0
0.9921
0.9678
0.9628
0.9055
0.9709
0.9515
0.9714
0.9703
0.8142
0.9168
0.9025
0.9731
0.9445
0.9836
0.9502
0.9734
0.8294
0.8724
0.9747
0.9863
0.9407
0.9034
0.9396
0.916
0.8766
0.9679
0.8974
0.9402
0.9281
0.9704
0.9419
0.9486
0.9743
0.948
0.9695
0.9423
0.8128
0.9622
0.9873
0.9236
0.9559
0.9934
0.8054
0.9738
0.9708
0.8643
0.9568
0.9907
0.9336
0.962
0.9906
0.8168
0.9454
0.9882
0.9195
0.9436
0.9616
0.9066
0.7675
0.9888
0.6916
0.9185
0.9815
0.853
0.9626
0.9585
0.9645
0.9646
0.9713
0.7863
0.7266
0.9806
0.9484
0.8879
0.9525
0.9028
0.9079
0.9764
0.7964
0.9602
0.9621
0.8648
0.9066
0.9346
0.8908
0.965
0.9649
0.96
0.9717
0.9621
0.9198
0.8682
0.9519
0.6065
0.9584
0.8027
0.9616
0.9388
0.9592
0.8928
0.9656
0.9878
0.8668
0.9588
0.9783
0.9558
0.978
0.9645
0.9213
0.9058
0.977
0.9186
0.9748
0.9801
0.9014
0.9476
0.9828
0.8747
0.9643
0.9781
0.9533
0.9879
0.9774
0.7148
0.9702
0.9797
0.8758
0.7267
0.948
0.9733
0.8647
0.964
0.8814
0.8696
0.9901
0.9593
0.9042
0.9933
0.9695
0.9734
0.958
0.87
0.9821
0.9589
0.9104
0.9357
0.9919
0.5543
0.9289
0.8958
0.9541
0.9362
0.9586
0.9552
0.9494
0.9783
0.7973
0.9622
0.9793
0.9252
0.9885
0.9428
0.9217
0.8071
0.9748
0.9572
0.6114
0.9524
0.9103
0.9487
0.8178
0.8527
0.9858
0.9848
0.9152
0.9778
0.9723
0.8957
0.9329
0.9931
0.9117
0.9219
0.9905
0.819
0.9053
0.997
0.8821
0.8938
0.8705
0.8787
0.9446
0.9664
0.9376
0.9681
0.9745
0.9558
0.9364
0.9787
0.6425
0.9088
0.9834
0.9311
0.9738
0.9595
0.8696
0.924
0.9922
0.9095
0.9553
0.9619
0.9346
0.9724
0.7916
0.8619
0.9562
0.9759
0.8781
0.9882
0.9917
0.3822
0.9047
0.9884
0.8658
0.9608
0.9717
0.7306
0.962
0.9973
0.9375
0.9295
0.9444
0.6646
0.9544
1.0
0.8111
0.9698
0.9797
0.7687
0.966
0.9366
0.8895
0.9343
0.9836
0.8664
0.9842
0.988
0.8672
0.9765
0.9953
0.8611
0.7
0.991
0.6194
0.92
0.9969
0.943
0.9589
0.9729
0.8487
0.9358
0.932
0.9641
0.9084
0.9041
0.8204
0.8459
0.9531
0.9682
0.9739
0.9971
0.846
0.6291
0.7845
0.9512
0.8692
0.9439
0.9498
0.9771
0.9333
0.8509
0.9517
0.8988
0.9185
0.8554
0.8944
0.9588
0.9681
0.9837
0.9153
0.8578
0.693
0.9674
0.6901
0.9668
0.8414
0.9608
0.8106
0.9766
0.9243
0.8956
0.7231
0.944
0.8355
0.9479
0.9356
0.859
0.8343
0.9833
0.9507
0.9607
0.9519
0.978
0.9017
0.4805
0.9707
0.9754
0.9177
0.9796
0.932
0.8463
0.9441
0.9675
0.8317
0.8047
0.8802
0.9832
0.8826
0.9725
0.8739
0.8906
0.914
0.8109
0.9536
0.3374
0.8415
0.8691
0.9714
0.926
0.7293
0.9191
0.9095
0.7786
0.9665
0.9234
0.9135
0.89
0.6882
0.9539
0.8462
0.811
0.8306
0.8596
0.8956
0.9086
0.9213
0.9619
0.9033
0.8236
0.9561
0.9559
0.8159
0.8962
0.9108
0.9396
0.9355
0.8292
0.9316
0.771
0.8869
0.9079
0.8659
1.0
0.6267
0.9893
0.6855
0.8913
0.8541
0.974
0.7616
0.8491
0.9736
0.5858
0.7766
0.7338
0.7368
0.7009
0.8157
0.8224
0.6966
0.5925
0.8661
0.9174
0.9547
0.9313
0.9197
0.8448
0.9564
0.8908
0.9116
0.9386
0.7827
0.9052
0.9476
0.8979
0.6821
0.9799
0.9214
0.8961
0.8014
0.6943
0.6906
0.9344
0.6875
0.9632
0.9279
0.9419
0.9172
0.9115
0.9783
0.9449
0.9172
0.898
0.9019
0.7739
0.9558
0.9474
0.7484
0.7917
0.8385
0.9145
0.9602
0.8186
0.949
0.9853
0.9574
0.6077
0.9399
0.9707
0.8444
0.6573
0.9401
0.8647
1.0
0.8155
0.9459
0.879
0.7527
0.9486
0.9656
0.9331
0.9374
0.9091
0.9452
0.8779
0.9268
0.9814
0.8754
0.5446
0.9689
0.6878
0.9343
0.909
0.6496
0.8451
0.8517
0.957
0.8229
0.945
0.9868
0.8297
0.9179
0.5775
0.928
0.9879
0.9684
0.7673
0.6935
0.8498
0.8859
0.9241
0.9138
0.6541
0.6245
0.8324
0.8761
0.8182
0.9515
0.7875
0.8125
0.7303
0.9552
0.7636
0.9322
0.9212
0.923
0.9729
0.9261
0.9245
0.82
0.8761
0.8685
0.8553
0.9558
0.9391
0.9919
0.9905
0.8901
0.7542
0.9437
0.9572
0.9315
0.9413
0.7834
0.9606
0.9528
0.9439
0.7903
0.9177
0.8
0.9126
1.0
0.5401
0.9689
0.9565
0.5654
0.8882
0.8935
0.3922
0.8881
0.8287
0.8533
0.8707
0.9935
0.9373
0.6744
0.9321
0.9869
0.9769
0.8528
0.8883
0.8876
0.8414
0.8186
0.9532
1.0
0.8559
0.7886
0.9823
0.9188
0.9541
0.7218
0.9508
0.6671
0.8064
0.8549
0.6483
0.9453
0.8844
0.7264
0.494
0.8553
0.855
0.8418
0.8193
0.9118
0.9709
0.8767
1.0
0.9305
0.8974
0.9704
0.9217
0.8156
0.8196
0.8553
0.8772
0.8895
0.9361
0.751
0.8711
1.0
0.9285
0.7806
0.9057
0.9544
0.8818
0.8335
0.9686
0.6675
0.8908
0.7785
0.8963
0.9458
0.4973
0.8421
0.9413
0.9485
0.9385
0.9014
0.9493
0.6768
0.9232
0.8299
0.932
0.956
0.8449
0.8411
0.9674
0.8825
0.9859
0.9566
0.8505
0.5594
0.748
0.9054
0.9574
0.9824
0.8251
0.8772
0.9385
0.8769
0.9491
0.8003
0.6111
0.9497
0.7579
0.7862
0.9637
0.9784
0.8494
0.9138
0.9205
0.8785
1.0
0.7066
0.857
0.946
0.8233
0.8908
0.7585
0.9578
0.9566
0.9663
0.9327
0.89
0.8506
0.9704
0.8442
0.8834
0.7627
0.9357
0.8697
0.9267
0.8535
0.9469
0.9402
0.8099
0.904
0.8158
0.6301
0.292
0.6885
0.6933
0.59
0.6246
0.6811
0.9857
0.9251
0.8893
0.899
0.9422
0.8822
0.9098
0.9076
0.9528
0.7832
0.9377
0.764
0.7174
0.9297
0.9089
0.9012
0.8803
0.9638
0.9265
0.8566
0.8648
0.9275
0.9491
0.7705
0.8039
0.9844
0.9368
0.7376
0.9617
0.8789
0.7736
0.8063
0.8636
0.9152
0.904
0.9393
0.7939
0.8948
0.883
0.9488
0.9738
0.975
0.6873
0.6868
0.9536
0.8821
0.9682
0.8308
0.8603
0.8963
0.9482
0.852
0.936
0.9879
0.9521
0.9649
1.0
0.7926
0.9807
0.9254
0.8964
0.8294
0.9921
0.9494
0.8833
0.9239
0.9215
0.8904
0.8853
0.924
0.9917
0.8738
0.9784
0.8188
0.8351
0.9638
0.9445
0.9472
0.8655
0.8584
0.9334
0.7728
0.7929
0.9477
0.9309
1.0
0.8262
0.9413
0.8974
0.8414
0.7733
0.9828
0.8751
0.3168
0.9492
0.9557
0.8099
0.8598
0.9144
0.8549
0.9039
0.9024
0.8353
0.8166
0.7941
0.9174
0.8919
0.8912
0.5253
0.876
0.646
0.9115
0.9696
0.8559
0.7419
0.9822
0.9255
0.8814
0.8035
0.8724
0.6535
0.9072
0.8946
0.9276
0.9638
0.5861
0.9616
0.9333
0.9804
0.8957
0.9632
1.0
0.561
0.8638
0.8687
0.8256
0.9263
0.8423
0.9726
0.978
0.7832
0.9605
0.9526
0.8562
0.9283
0.8623
0.9036
0.8012
0.9156
0.8151
0.904
0.826
0.9425
0.8078
0.9788
0.8765
0.8552
0.839
0.8188
0.7241
1.0
0.9455
0.9294
0.8784
0.9373
0.8562
0.9285
0.8704
0.9363
0.9527
0.7217
0.9927
0.9381
0.8082
0.9044
0.8265
0.9044
0.9055
0.9005
0.8356
0.7826
0.8638
0.8941
0.8186
0.8364
0.8684
0.9589
0.9229
0.8815
0.7649
0.6764
0.9827
0.9313
0.8091
0.8661
0.8068
0.9363
0.8364
0.9107
0.762
0.6661
0.9855
0.9433
1.0
0.9579
0.8952
0.6321
0.914
0.9588
0.8911
0.9483
0.9653
0.5166
0.9447
0.8093
0.7247
0.9625
0.8835
0.8698
0.9182
0.9284
0.7097
0.8072
0.9274
0.9343
0.8255
0.8836
0.8531
0.8594
0.5316
0.9571
0.6437
0.9582
0.9061
0.9086
0.9077
0.8442
1.0
0.8987
0.8534
0.8268
0.849
0.8754
0.9673
0.8518
0.7704
0.7474
0.7155
0.9444
0.5694
0.8212
0.751
0.9633
0.9116
0.6989
0.8747
0.9525
0.9606
1.0
0.9491
0.8534
0.9016
0.8803
0.9762
0.876
0.9409
0.8251
0.9536
0.9873
0.8967
0.8813
0.8625
0.9638
0.7032
0.8832
0.8231
0.8898
0.9693
0.7783
0.9375
0.759
0.9308
0.9461
0.9114
0.6388
0.9052
0.8999
0.9061
0.9582
0.9575
0.9277
0.9589
0.9367
0.9197
0.9501
0.96
0.9387
0.8233
0.8692
0.9481
0.8797
0.8762
0.8282
0.8788
0.9622
0.8351
0.9702
0.9561
0.9388
0.9077
0.9287
0.9047
1.0
0.8164
0.8556
0.891
0.9407
0.8505
0.8988
0.883
0.9262
0.7588
0.7875
0.8439
0.8538
0.9621
0.8539
0.7441
0.888
0.9709
0.8897
0.936
0.9126
0.9139
0.902
0.756
0.9087
0.968
0.8658
0.9338
0.7578
0.9544
0.9722
0.9739
0.8136
0.8658
0.8743
0.8669
0.9934
0.9341
0.805
0.8217
0.7835
0.9409
0.918
0.9733
0.9608
0.8081
0.9069
0.8526
0.6954
1.0
0.8626
0.977
0.8956
0.9273
0.8258
0.8614
0.9574
0.8705
0.9702
0.9312
0.8999
0.7056
0.9362
0.5025
0.9677
0.8585
0.9646
0.9372
0.9111
0.9644
0.9145
1.0
0.937
0.9523
0.9492
1.0
0.8809
0.8701
0.8943
0.9513
0.9743
0.8718
0.8602
0.7587
0.8147
0.764
0.7904
0.9798
0.8584
0.9333
0.8415
0.8777
0.8535
0.9625
0.9339
0.8868
0.7254
1.0
0.8823
0.9582
0.6917
0.7166
0.766
0.9094
0.9301
0.9608
0.9779
0.9049
0.7892
0.8268
0.9719
0.9583
0.8172
0.8053
0.894
0.932
0.9555
0.9404
0.9838
0.8218
0.8228
0.9804
0.9183
0.9768
0.9061
0.7807
0.9031
0.8877
0.9596
0.838
0.9574
0.9451
0.6648
0.9662
0.6068
0.9121
0.8384
0.9447
0.913
0.8726
0.8969
0.9602
0.8375
0.9015
0.7651
0.8895
0.8746
0.8831
0.9596
0.9599
0.9199
0.8868
0.7715
0.9573
0.8189
0.8858
0.7742
0.9135
0.6788
0.8215
0.9848
0.8653
0.9398
0.9699
0.9564
0.8678
0.961
0.9407
0.9513
0.7778
0.8163
0.856
0.942
0.7444
0.8198
0.9018
0.8213
0.7929
1.0
0.8588
0.8679
0.8956
0.5171
0.876
0.9891
0.942
0.977
0.8026
0.6708
0.9871
0.9891
0.8536
0.9677
0.6282
0.9888
0.9407
0.9093
0.9416
0.9398
0.8145
0.7726
0.953
0.9547
0.8713
0.8434
0.9718
0.9477
0.834
0.8641
0.7433
0.9196
0.6727
0.8971
0.9965
0.818
0.7545
0.5747
0.7614
0.9491
0.4952
0.8313
1.0
0.8968
0.874
0.9055
0.5046
0.8073
0.8927
0.7703
0.9779
0.8752
0.8004
0.9144
0.8843
0.9702
0.9178
0.8655
0.9621
0.9367
0.8361
0.5955
0.8839
0.7287
0.9542
0.8548
0.5851
0.8417
0.9314
0.9033
0.8613
0.9487
0.8631
0.8306
0.947
0.931
0.9301
0.9446
0.9758
0.9322
0.9158
0.8978
0.8769
0.9045
0.8758
0.8765
0.9686
0.7991
0.8371
0.9539
0.8814
0.9611
0.8711
0.9317
1.0
0.9098
0.8193
0.9486
0.9439
0.8401
0.8209
0.9202
0.9813
0.9147
0.8597
0.8621
0.6071
0.9535
0.7895
0.8125
0.7498
0.8959
0.9129
0.9341
0.9378
0.6989
0.9011
0.7551
0.8741
0.7779
0.9427
0.8118
0.9036
0.9179
0.9278
0.9425
0.9452
0.9816
0.7862
0.9412
0.7942
0.7913
0.525
0.9169
0.956
0.9037
0.9782
0.8495
0.9138
0.9286
0.941
0.8264
0.7528
0.9042
0.425
0.8713
0.8998
0.7738
0.9435
0.7543
0.9439
0.8283
0.4637
0.8346
0.9816
0.8234
0.9641
0.9814
0.8937
0.8742
0.987
0.8403
0.9159
0.943
0.8213
0.8725
0.9263
0.897
0.934
0.9918
0.8045
0.9787
0.9815
0.8233
0.9742
0.7745
0.7737
0.9161
0.9428
0.8438
0.9477
0.9183
0.9585
0.6407
0.8208
0.9865
0.8572
0.9338
0.962
0.9181
0.8481
0.8773
0.9622
1.0
0.9702
0.9409
0.9463
0.8925
0.9599
0.8149
0.943
0.4901
0.9811
0.9257
0.9857
0.94
0.9321
0.9868
0.6423
0.9303
0.8438
0.8754
0.9357
0.8541
0.9038
0.8537
0.9272
0.9679
0.8394
0.9239
0.851
0.7646
0.8087
0.8781
0.9424
0.7668
0.9778
0.9266
0.871
0.9138
0.9361
0.9365
0.8942
0.6797
0.9663
0.9516
0.9638
0.9396
0.95
0.9017
0.9352
0.9842
0.8426
0.9182
0.9564
0.9085
0.9172
0.9941
0.9528
0.9535
0.6479
0.903
0.8148
0.8813
0.817
0.8822
0.9523
0.8159
0.7368
0.7093
0.9814
0.9367
0.8979
0.8029
0.8798
0.814
0.9148
0.8774
1.0
0.9167
0.9862
0.8956
0.9642
0.9764
0.7072
0.8522
0.898
0.8218
0.9473
0.9407
0.8508
0.9012
0.9221
0.6901
0.8764
0.9856
0.9416
0.9669
0.881
0.9755
0.8906
0.8576
0.7396
0.9295
0.988
0.9749
0.7765
0.9439
0.9245
0.5788
0.9931
0.4879
0.83
0.906
0.8982
0.8204
0.9217
0.9659
0.8363
0.7819
0.904
0.5838
0.9734
0.951
0.9824
0.9246
0.8076
0.6969
0.8203
0.6744
0.8879
0.9801
0.9211
0.8703
0.9588
0.7325
0.7801
0.9698
0.9489
0.8983
0.8258
0.87
0.5548
0.661
0.9749
0.9465
0.7343
0.9655
1.0
0.9514
0.8092
0.885
0.9443
0.895
0.9715
0.9383
0.8547
0.9682
0.9678
0.9614
0.8311
1.0
0.8871
0.8068
0.6588
0.9121
0.9069
0.7895
0.9361
0.9495
0.6786
0.9732
0.8313
0.8788
0.7321
0.9709
0.6914
0.9472
0.9461
0.8704
0.9819
0.983
0.874
0.968
1.0
0.607
0.7525
0.9765
0.6549
0.9368
0.8971
0.8262
0.5239
0.869
0.9571
0.9827
0.9799
0.8952
0.974
0.6863
0.8675
0.9886
0.8639
1.0
0.9187
0.6823
0.8043
0.842
0.9132
0.8546
0.8613
0.7635
1.0
0.9277
0.8603
0.8979
0.9519
0.8038
0.9448
0.8233
0.6897
0.7687
0.8769
0.9734
0.9405
0.8608
0.9215
1.0
0.8678
0.9199
0.9189
0.8786
0.7722
0.9299
0.8825
0.7137
0.5975
0.8538
0.985
0.7277
0.5614
0.9206
0.6139
0.8482
1.0
0.9142
0.9002
0.9243
0.822
0.719
0.9678
0.9268
0.9575
0.9378
0.9574
0.7434
0.9447
0.7412
0.9891
0.9616
0.5141
0.8439
0.8588
0.8916
0.9292
0.7215
0.8677
0.9081
0.8355
0.9676
0.8343
0.9601
0.8654
0.971
0.7887
0.7311
0.9845
0.891
0.9914
0.8946
0.9105
0.9304
0.8142
0.9721
0.9641
0.8356
0.7728
0.8887
0.9511
0.9559
0.8115
0.8999
0.9722
0.8297
0.8772
0.9684
0.4903
0.9872
0.8494
0.989
0.9858
0.9735
0.8773
0.9358
0.9174
0.9166
0.7574
0.5827
0.867
0.7949
0.973
0.912
1.0
0.9947
0.7617
0.8456
0.9168
0.9463
0.8733
0.954
0.9882
1.0
0.9385
0.9741
0.6767
0.8238
0.6859
0.769
0.6529
0.8192
0.5098
0.7529
0.9543
0.8339
0.7688
0.6266
0.9547
0.772
0.7828
0.8997
0.9209
0.9778
0.9007
0.8509
0.8774
0.9564
0.8653
0.9441
0.6563
0.865
0.7542
0.8449
0.912
0.9076
0.7097
0.9429
0.8623
0.568
0.8819
0.7075
0.8899
0.8283
0.859
0.9344
0.9287
0.722
0.9688
0.9613
0.9881
0.6829
0.866
0.9745
0.8911
0.9212
0.7051
0.8895
0.7364
0.8583
0.9223
0.9681
0.9865
0.9396
0.7659
0.953
0.9398
0.7035
0.8772
0.7313
0.9277
0.9723
0.64
0.6304
0.9272
0.6255
0.6201
0.9252
0.8933
0.8178
0.8233
0.9554
0.8059
0.9366
0.9229
0.9821
0.7583
0.8284
0.8568
0.9918
0.8054
0.9551
0.7893
0.9667
0.7534
1.0
0.747
0.8945
0.8292
1.0
0.8303
0.9389
0.7929
0.9779
0.9602
0.8958
0.8894
0.8124
0.9513
0.9521
0.8967
0.7269
0.9372
0.8999
0.8383
0.7124
0.815
0.6858
0.9476
0.7533
0.8728
0.9254
0.9445
0.9484
0.7833
0.9244
0.7144
0.8861
0.9595
0.932
0.8715
0.6038
0.8538
0.8298
0.7632
0.9075
0.845
0.731
0.704
0.9226
0.8321
0.9583
0.9292
0.9175
0.8249
0.9254
0.9108
0.6667
0.7882
0.9633
0.4975
0.9127
0.932
0.8415
0.862
0.6099
0.7637
0.9873
0.9247
0.9637
0.9394
0.9835
0.9767
0.952
0.8956
0.813
0.9807
0.9688
0.9312
0.8404
0.9737
0.7469
0.7614
0.9029
0.9748
0.8871
0.8517
0.8997
0.8739
0.8437
0.9768
0.7809
0.8632
0.7278
0.9554
0.9233
0.865
0.8091
0.6337
0.817
0.6202
0.9081
0.9626
0.9517
0.9152
0.8917
0.7061
0.8137
0.8124
0.8058
0.9513
0.6431
0.6505
0.8949
0.9096
0.9394
0.7625
0.8695
0.9672
0.967
0.9777
0.9684
0.4885
0.8158
0.8187
0.5611
0.7192
1.0
0.9679
0.91
0.8528
0.9298
0.8439
0.4982
0.9504
0.8277
0.9351
0.6131
0.8519
0.9422
0.6998
0.8968
0.7547
0.6744
0.9857
0.7445
0.9201
0.7443
0.8552
0.7984
0.9477
0.7328
0.872
0.7985
0.7514
0.9778
0.9654
0.8826
0.7087
1.0
0.9589
0.7571
0.959
0.857
0.9826
0.9682
0.5762
0.9091
0.8301
0.9596
0.9675
0.8981
0.7735
0.8158
0.9384
0.9045
0.9954
0.9669
0.9503
0.8398
0.8412
0.8225
0.8775
0.9477
0.9714
0.7286
0.9395
0.9153
0.8929
0.9762
0.9554
0.8285
0.8084
0.9066
0.5794
0.9406
0.9381
0.7266
0.6759
0.7706
0.6454
0.9332
0.89
0.9214
0.9282
0.9434
0.9843
0.6791
0.8381
0.894
0.6764
0.9168
0.9187
0.9803
0.8319
1.0
0.9618
0.7315
0.8158
0.9466
0.8398
1.0
0.8549
0.8322
0.8662
0.6558
0.8733
0.9823
0.8575
0.7066
0.7875
0.7868
0.8774
0.971
0.9247
0.8134
0.9557
0.8339
0.9583
0.8283
0.8631
0.8431
0.6604
0.8198
0.8824
0.5237
0.9388
0.944
0.9753
0.9253
0.9096
0.8526
0.8363
0.5315
0.8586
0.7514
0.8124
0.9548
0.8894
0.9194
0.9755
0.8619
0.832
0.9842
0.9089
0.984
0.7385
0.9581
0.8731
0.9074
1.0
0.9271
0.9195
0.8951
0.7078
0.904
0.9566
0.9598
0.9146
0.7757
0.9472
0.9075
0.9626
0.7761
0.832
0.9733
0.9571
0.7296
0.7753
0.9169
0.8725
0.8527
0.6674
0.9664
0.9678
0.9048
0.8364
0.5449
0.8087
0.8563
0.9451
0.6618
0.8291
0.8152
0.5961
0.6454
0.8664
0.7745
0.9419
0.7816
0.8979
0.9943
0.7729
0.9706
0.6165
0.8979
0.9264
0.8969
1.0
0.9422
0.7897
0.945
0.9536
0.8658
0.8804
0.8563
0.8917
0.5179
0.8221
0.979
0.898
0.9316
0.8148
0.7152
0.9569
0.7983
1.0
0.9152
1.0
0.9971
0.7275
0.7753
0.5893
0.9167
0.9403
0.9812
0.9203
0.9766
0.9669
0.9232
0.8686
0.9282
0.982
0.8609
0.9337
0.7412
0.9272
0.8267
0.9385
0.654
0.9064
0.6951
0.7552
0.8699
0.9463
0.7652
0.9447
0.9606
0.4843
0.8278
0.978
1.0
0.9877
1.0
0.9698
1.0
0.9606
0.9551
1.0
0.9755
0.9738
0.9378
0.8997
0.9863
1.0
1.0
0.933
0.95
1.0
0.9461
0.9647
0.9891
0.9471
0.8858
0.9644
0.9658
0.9411
0.9627
0.915
0.9801
0.9511
0.9753
0.9233
0.9758
0.9339
0.9014
0.9685
0.9321
0.9466
0.8972
0.9422
0.8176
0.8968
0.9192
0.9467
0.7618
0.9732
0.8974
0.8592
0.9069
0.8023
0.745
0.9716
0.9361
0.9327
0.9622
0.8874
0.8184
0.9734
0.9385
0.9533
0.9347
0.8651
0.8509
0.9109
0.9111
0.8574
0.8932
0.7932
0.8929
0.8634
0.7604
0.8825
0.8921
0.893
0.9682
0.8686
0.8355
0.6853
0.8428
0.9287
0.8857
0.9213
0.7993
0.8008
0.8982
0.7419
0.9351
0.8091
0.8932
0.8786
0.7546
0.8642
0.5845
0.8671
0.8884
0.8322
0.9943
0.989
1.0
0.986
0.9164
0.9377
1.0
0.9572
0.9647
0.9073
1.0
0.9602
0.9737
0.9164
0.8871
0.9454
0.951
0.9867
0.9235
0.8882
0.8931
0.8965
0.8856
0.9589
0.882
0.8267
0.9356
0.961
0.933
0.9184
0.9196
0.8588
0.8926
0.962
0.9547
0.7833
0.8458
0.9352
0.8971
0.8512
1.0
0.9166
0.9097
0.9069
0.8027
0.9531
0.9065
0.7652
0.8551
0.8282
0.8345
0.7948
0.9097
0.89
0.8367
0.935
0.8234
0.9482
0.8387
0.7812
0.7102
0.8426
0.8285
0.8445
0.8525
0.8367
0.6274
0.6569
0.8593
0.7521
0.7899
0.7783
0.6588
0.5654
0.802
0.771
0.8579
0.7158
0.8383
0.6323
0.7618
0.9358
0.8723
0.808
0.576
0.7874
0.6424
0.8006
0.7366
0.6443
0.7552
0.8384
0.7916
0.8242
0.8424
0.4513
0.7328
0.6831
0.6655
0.558
