414.9
230.0
890.0
85.79
454.9
172.2
728.7
321.2
613.1
363.4
509.8
499.9
528.1
231.4
579.8
533.7
259.2
514.3
277.0
88.57
582.6
213.8
411.5
406.7
305.3
418.4
55.66
580.4
399.1
236.0
396.8
55.66
527.5
562.1
582.0
371.3
355.8
288.0
263.0
305.3
393.5
545.8
625.5
451.4
280.7
310.6
415.4
386.9
306.0
222.9
222.9
597.2
545.8
464.1
315.8
384.7
372.2
524.8
355.8
440.4
802.2
524.1
364.7
414.8
414.8
539.3
415.9
465.3
332.1
360.7
460.0
888.3
475.1
414.0
486.4
814.3
452.6
413.0
466.0
432.1
360.7
644.0
460.0
495.7
301.5
393.8
406.7
364.7
686.3
648.2
434.0
360.7
423.3
524.6
495.6
766.4
233.6
450.2
448.3
354.8
467.8
586.0
219.7
368.4
265.2
384.7
421.4
620.1
540.8
696.1
203.3
301.6
657.6
493.5
275.6
261.3
802.2
545.1
663.8
398.8
405.8
312.5
312.5
450.6
561.6
444.0
498.6
597.4
490.0
597.0
408.7
639.9
817.8
477.4
416.4
417.6
502.6
461.2
286.7
737.7
407.4
374.8
620.7
919.7
619.8
445.2
677.9
648.3
650.4
275.9
716.4
451.6
521.4
699.1
564.2
1.003e+03
793.2
542.4
124.1
813.6
515.7
767.5
541.8
699.0
341.4
507.4
555.4
646.7
921.5
759.7
899.3
357.5
537.3
478.5
395.6
766.8
421.3
368.4
504.8
441.9
453.9
555.0
691.2
413.5
453.8
446.4
578.6
803.5
915.1
344.3
441.5
811.8
604.7
665.8
512.0
369.2
718.5
410.5
587.0
203.3
766.4
796.3
789.9
715.4
487.2
670.3
469.7
886.4
624.1
854.2
682.3
522.9
577.3
750.6
655.4
426.0
939.0
559.2
360.9
672.9
646.1
637.4
653.8
735.6
978.2
1.115e+03
419.1
769.5
808.8
915.9
425.6
902.4
720.5
624.5
574.3
953.3
677.5
834.7
706.7
555.6
149.2
414.0
562.0
748.7
418.0
971.6
553.8
285.7
331.7
717.2
853.2
668.3
455.2
895.4
509.9
511.2
707.5
588.5
743.9
635.7
338.4
840.0
908.8
711.3
532.5
887.7
900.1
825.7
596.3
728.9
636.2
810.2
733.0
1.124e+03
723.0
749.6
510.1
851.6
809.9
760.7
704.2
723.6
992.9
884.8
887.9
418.2
639.4
586.1
360.7
677.9
940.4
514.0
744.8
1.055e+03
910.3
956.2
443.9
692.6
979.7
764.4
671.4
681.2
1.041e+03
367.6
1.089e+03
667.8
643.0
1.001e+03
860.5
956.2
633.7
384.5
833.6
883.6
738.0
933.8
485.6
1.216e+03
738.0
468.2
616.2
582.6
767.0
672.2
743.0
659.3
674.5
494.8
1.203e+03
639.5
1.07e+03
850.8
809.3
757.0
744.8
897.7
727.9
732.8
657.2
764.0
638.9
411.0
1.071e+03
801.6
834.6
977.8
1.05e+03
841.6
567.2
628.8
660.3
656.4
1.134e+03
1.181e+03
1.209e+03
1.104e+03
996.2
722.4
617.4
971.4
657.8
763.3
834.0
561.4
869.5
777.9
1.02e+03
951.5
613.4
855.0
829.9
884.0
931.5
426.7
839.2
573.9
527.4
448.7
812.8
699.7
1.159e+03
624.7
749.4
692.0
796.7
1.153e+03
826.6
804.3
556.3
684.4
660.0
386.4
659.3
967.5
830.2
857.9
888.2
752.1
500.5
579.3
848.2
711.1
762.1
835.7
799.1
872.4
1.045e+03
980.5
1.064e+03
941.6
1.111e+03
1.326e+03
1.151e+03
1.064e+03
622.2
1.32e+03
816.3
859.3
707.6
905.0
815.4
1.17e+03
862.2
819.6
831.7
777.6
1.239e+03
1.225e+03
769.4
991.4
1.073e+03
842.2
1.206e+03
727.5
1.381e+03
998.5
766.1
1.091e+03
1.22e+03
1.188e+03
813.5
801.0
1.226e+03
824.5
586.6
1.041e+03
1.016e+03
907.8
733.0
635.8
1.545e+03
1.101e+03
1.212e+03
1.075e+03
732.8
1.299e+03
667.9
1.111e+03
1.027e+03
826.0
945.6
894.5
744.1
790.7
783.6
954.6
649.8
873.3
1.463e+03
1.508e+03
960.6
741.8
819.5
791.2
1.131e+03
763.8
808.8
1.2e+03
595.7
1.567e+03
934.4
672.1
787.7
1.298e+03
1.187e+03
860.5
976.0
983.0
1.046e+03
1.075e+03
661.0
957.7
866.8
725.2
220.8
368.1
230.6
373.6
55.66
356.7
306.0
210.6
341.4
368.4
509.2
464.1
414.5
213.8
213.8
466.7
213.8
384.3
326.3
714.0
275.6
275.6
305.3
423.8
368.4
368.4
321.2
321.2
368.4
368.4
436.8
288.0
530.5
55.66
186.5
337.6
186.5
427.5
493.2
487.0
362.9
55.66
606.0
354.8
345.5
699.5
587.2
55.66
488.2
799.0
253.5
150.6
241.8
196.1
338.7
679.3
446.4
320.8
309.0
347.5
180.9
329.7
300.9
384.7
394.8
932.9
550.3
361.5
290.7
752.3
241.7
415.4
310.6
472.7
213.8
586.3
524.7
664.1
522.4
272.8
260.4
446.1
599.5
664.0
341.4
270.5
308.0
448.7
364.4
448.7
448.7
415.9
530.8
661.2
425.2
392.7
871.7
442.3
294.7
578.1
360.7
629.3
84.15
524.6
461.3
366.9
372.0
366.2
580.7
634.4
610.6
610.6
804.6
440.5
585.1
231.1
700.1
538.9
563.1
593.2
470.4
678.3
406.1
515.4
528.4
365.7
386.5
464.1
394.1
471.6
637.8
425.8
339.6
731.5
475.0
529.3
549.8
491.3
315.6
627.6
391.7
612.7
953.5
430.9
654.7
559.8
486.4
315.1
635.0
780.6
666.5
358.6
301.5
704.5
190.8
559.9
631.4
427.2
339.6
663.6
542.5
465.1
921.3
614.8
809.6
574.2
552.4
440.9
884.1
468.6
960.6
746.4
879.6
890.0
432.4
793.5
579.5
536.0
683.0
432.0
564.2
573.5
592.3
838.1
752.7
623.7
980.4
343.9
412.0
801.7
369.4
727.3
488.8
877.0
650.0
691.7
553.7
618.6
428.5
448.7
516.6
589.2
482.5
694.0
975.5
898.3
734.4
727.7
874.3
429.0
715.4
620.8
417.0
720.6
988.9
829.6
572.2
428.5
567.3
606.2
1.089e+03
1.102e+03
787.7
374.3
696.3
618.5
595.4
764.6
910.5
641.2
726.5
766.3
881.2
732.1
868.1
315.6
460.9
461.6
400.5
497.4
809.0
395.1
931.7
790.5
761.7
583.4
850.5
507.7
765.8
688.3
749.8
927.1
889.1
521.2
522.2
381.9
426.7
639.9
523.8
901.0
558.1
600.7
797.2
773.8
614.7
678.5
961.3
698.0
668.9
1.043e+03
767.4
706.2
644.6
854.7
776.8
737.3
629.4
917.9
653.2
601.3
509.0
844.4
917.8
775.3
616.9
723.1
643.6
492.0
1.052e+03
494.9
943.0
734.7
394.3
887.9
845.3
767.5
1.186e+03
763.2
508.3
567.9
774.1
919.7
507.4
874.7
598.9
559.8
858.0
926.5
570.4
629.0
693.0
800.5
503.8
671.7
667.6
841.8
435.9
573.7
1.041e+03
1.204e+03
779.7
1.267e+03
864.0
870.8
713.2
864.6
635.6
818.9
827.2
640.1
783.9
855.2
1.64e+03
818.6
776.3
930.3
914.6
682.9
1.076e+03
962.8
1.239e+03
1.014e+03
699.7
844.0
559.0
930.0
448.0
964.3
957.4
894.5
725.8
775.5
1.118e+03
815.7
896.9
724.3
959.5
867.0
1.123e+03
646.4
1.05e+03
960.9
722.1
1.154e+03
1.312e+03
1.199e+03
1.001e+03
1.007e+03
878.6
958.2
721.1
775.7
1.223e+03
812.1
805.3
680.6
690.0
1.088e+03
902.1
896.6
725.9
905.9
1.243e+03
736.5
712.4
603.1
904.3
981.3
588.4
894.6
558.5
1.13e+03
926.3
667.5
629.1
810.7
1.095e+03
667.6
809.4
700.9
1.01e+03
653.8
723.8
1.042e+03
1.372e+03
1.301e+03
868.3
604.9
809.2
750.1
1.088e+03
1.362e+03
780.3
424.1
1.013e+03
1.076e+03
1.122e+03
975.5
810.1
773.7
721.9
529.7
1.161e+03
1.1e+03
826.6
768.6
990.4
1.076e+03
1.065e+03
605.1
974.5
856.2
1.066e+03
507.7
857.8
963.1
859.6
705.6
698.4
1.039e+03
921.1
709.2
709.8
864.6
852.4
1.245e+03
818.3
662.8
885.0
791.3
1.091e+03
921.3
1.034e+03
1.036e+03
1.174e+03
746.7
951.1
708.8
622.8
1.063e+03
877.2
1.23e+03
1.085e+03
1.588e+03
1.102e+03
818.0
677.7
797.4
988.1
1.059e+03
876.0
944.5
611.6
883.1
708.8
1.113e+03
1.411e+03
746.9
1.101e+03
1.61e+03
1.153e+03
951.8
1.084e+03
1.017e+03
932.3
688.2
735.2
801.5
722.7
971.1
1.092e+03
929.8
743.3
873.8
1.164e+03
758.1
1.077e+03
1.26e+03
1.269e+03
1.384e+03
900.3
766.9
813.9
654.6
921.8
743.8
274.5
1.161e+03
685.3
787.4
415.2
905.1
463.3
613.9
639.1
482.0
337.4
334.9
1.055e+03
789.0
358.9
724.2
659.9
783.0
976.3
1.246e+03
1.35e+03
759.0
682.5
1.207e+03
604.8
609.5
494.4
525.4
1.06e+03
631.6
746.7
830.1
880.1
574.4
1.475e+03
731.6
609.0
649.0
317.2
422.0
675.8
1.155e+03
827.8
819.9
530.0
814.0
632.4
1.12e+03
770.9
710.9
1.669e+03
893.9
485.3
607.6
687.9
819.1
1.077e+03
349.3
382.0
644.1
1.413e+03
1.209e+03
527.0
826.3
736.2
1.025e+03
786.5
1.124e+03
586.7
531.9
472.5
1.086e+03
1.104e+03
1.242e+03
975.7
944.2
548.3
1.487e+03
673.6
669.4
1.079e+03
1.532e+03
362.1
504.4
956.1
596.0
754.0
231.1
231.1
1.224e+03
815.6
529.5
1.277e+03
796.2
595.9
1.191e+03
1.525e+03
554.8
931.8
783.2
1.262e+03
1.269e+03
470.9
484.1
530.2
837.7
997.5
392.1
1.406e+03
876.1
878.3
423.1
453.3
877.7
815.3
1.055e+03
1.186e+03
785.8
838.8
825.4
574.0
757.5
773.0
747.7
799.8
819.1
1.139e+03
606.3
715.4
339.2
329.8
646.3
905.5
788.6
707.1
1.171e+03
678.9
311.4
1.171e+03
1.177e+03
667.9
981.6
617.6
908.1
1.233e+03
664.2
948.1
1.056e+03
1.042e+03
579.2
541.4
743.4
1.013e+03
646.9
534.8
837.7
739.7
370.5
733.4
0.0
1.136e+03
1.116e+03
558.5
480.4
579.0
627.1
571.9
1.181e+03
1.211e+03
1.024e+03
242.9
273.6
1.826e+03
892.4
610.9
681.7
494.1
371.4
1.006e+03
897.0
754.7
766.9
802.9
789.6
331.8
1.128e+03
959.4
557.8
857.3
849.5
837.6
802.5
1.147e+03
573.7
786.3
494.1
903.3
1.221e+03
1.19e+03
901.5
425.0
1.696e+03
947.1
399.6
435.9
1.166e+03
556.2
482.0
956.2
863.9
632.5
885.2
713.4
860.4
845.1
1.143e+03
862.4
617.7
758.1
1.341e+03
1.26e+03
1.019e+03
1.163e+03
390.5
761.9
626.7
1.538e+03
581.8
840.2
1.306e+03
840.5
630.9
666.4
1.106e+03
1.21e+03
527.4
1.25e+03
694.5
968.0
597.1
1.332e+03
349.9
1.052e+03
696.2
497.3
452.4
690.5
599.4
485.7
841.3
729.9
606.1
716.9
279.2
863.0
777.5
555.4
881.2
338.3
1.223e+03
1.173e+03
584.7
863.0
1.026e+03
632.7
779.8
548.8
313.0
794.4
1.436e+03
1.074e+03
1.411e+03
914.8
835.0
733.9
297.0
608.3
1.079e+03
888.3
1.134e+03
825.7
686.0
721.0
334.8
506.4
1.073e+03
797.3
497.9
685.5
1.556e+03
697.3
662.3
503.3
1.012e+03
656.6
830.3
913.3
1.127e+03
370.2
672.6
924.1
915.5
754.7
1.258e+03
791.5
809.6
812.7
685.5
1.139e+03
573.7
599.1
1.065e+03
704.7
1.25e+03
485.8
1.028e+03
330.7
797.3
412.6
901.2
401.4
452.2
653.0
333.4
609.7
919.0
819.8
1.12e+03
1.019e+03
538.1
1.006e+03
1.032e+03
525.6
2.269e-05
726.1
1.307e+03
1.186e+03
623.6
817.5
753.8
434.9
1.254e+03
795.0
663.1
385.9
1.173e+03
504.1
999.5
840.7
344.0
923.1
930.4
708.8
913.5
538.1
438.3
590.9
1.026e+03
1.119e+03
680.2
985.9
744.8
385.8
919.6
634.2
307.8
372.6
586.5
746.7
819.5
325.5
445.1
964.3
1.139e+03
915.1
529.1
775.0
491.0
2.082e+03
883.7
690.0
1.284e+03
1.14e+03
773.8
779.2
988.5
375.9
619.0
1.211e+03
504.6
586.7
791.8
1.881e+03
745.7
713.7
691.0
754.0
949.2
628.2
705.7
1.401e+03
735.3
429.3
810.6
704.5
441.9
792.2
806.7
429.2
828.0
872.1
933.4
599.1
681.2
786.8
880.2
1.193e+03
358.5
669.1
562.8
359.9
635.1
1.022e+03
560.2
525.5
584.8
973.8
1.003e+03
667.5
365.6
651.2
749.1
901.5
747.9
729.4
677.5
848.8
693.5
325.1
834.3
575.7
579.7
678.2
1.183e+03
1.551e+03
504.0
1.34e+03
585.9
260.6
243.1
283.6
561.9
950.1
523.6
562.2
1.063e+03
1.161e+03
600.5
567.1
899.4
1.193e+03
1.01e+03
863.2
957.0
565.7
518.2
924.1
766.3
804.7
857.0
1.048e+03
771.7
956.7
656.0
1.061e+03
623.1
834.4
690.3
554.4
873.9
840.5
1.331e+03
844.8
989.2
1.028e+03
935.0
898.5
1.101e+03
371.5
358.5
493.3
433.3
147.3
600.3
1.045e+03
570.1
1.042e+03
686.2
856.1
439.5
519.4
1.097e+03
1.148e+03
415.8
1.134e+03
569.4
288.3
1.043e+03
997.2
270.2
839.7
1.259e+03
407.0
962.3
1.145e+03
525.7
528.0
397.6
370.2
1.192e+03
956.4
1.196e+03
1.016e+03
662.5
3.476e-05
667.1
935.5
707.4
394.7
1.191e+03
597.5
697.0
1.411e+03
946.6
222.8
1.322e+03
817.2
343.7
253.8
1.11e+03
962.6
1.366e+03
569.1
396.1
632.7
671.9
939.7
754.4
570.9
1.184e+03
321.0
537.9
1.282e+03
452.1
1.169e+03
1.601e+03
1.159e+03
340.6
585.9
1.148e+03
822.9
1.382e+03
1.004e+03
476.1
699.9
1.044e+03
614.2
331.4
872.9
552.0
390.7
724.4
1.012e+03
425.9
1.211e+03
813.3
1.142e+03
210.3
946.3
779.0
378.3
1.093e+03
3.649e-05
716.4
1.225e+03
248.2
579.8
774.6
800.0
474.2
658.3
442.3
707.4
1.273e+03
1.012e+03
709.2
1.157e+03
736.6
565.1
915.4
494.1
1.03e+03
1.346e+03
735.0
562.3
525.6
992.4
1.237e+03
2.197e-05
838.7
1.108e+03
1.303e+03
530.2
512.6
368.8
718.9
436.3
770.1
1.521e+03
939.9
1.057e+03
744.7
829.5
1.22e+03
1.35e+03
939.7
624.5
507.9
724.5
899.1
1.014e+03
698.0
1.162e+03
396.4
1.405e+03
853.1
1.117e+03
626.2
502.1
786.8
555.4
618.6
1.203e+03
372.5
592.0
401.5
1.158e+03
402.7
1.043e+03
970.6
380.5
1.033e+03
995.0
910.1
291.1
242.0
546.8
1.029e+03
422.2
1.377e+03
864.1
917.8
1.105e+03
1.392e+03
1.038e+03
589.8
356.2
561.2
621.3
544.0
663.2
643.4
845.4
517.7
474.1
344.9
676.8
779.6
421.2
704.1
299.7
826.4
278.5
430.9
1.19e+03
819.2
408.3
1.371e+03
737.3
1.155e+03
348.2
1.15e+03
1.369e+03
1.473e+03
956.7
1.289e+03
573.9
975.8
744.3
727.6
960.1
528.0
816.7
554.8
1.121e+03
847.0
1.403e+03
1.096e+03
1.258e+03
721.4
236.6
1.024e+03
988.3
738.6
1.127e+03
595.1
893.2
1.086e+03
738.0
1.039e+03
930.4
919.3
646.1
442.3
894.7
659.2
605.1
909.4
326.0
431.0
1.421e+03
606.3
196.7
808.1
1.085e+03
969.0
1.221e+03
658.9
1.18e+03
1.236e+03
563.5
1.536e+03
785.3
335.7
1.211e+03
995.9
905.0
524.8
1.063e+03
423.3
874.0
750.8
1.613e+03
1.383e+03
841.5
990.2
1.165e+03
964.7
450.6
860.8
1.026e+03
1.26e+03
1.184e+03
261.4
566.6
1.182e+03
705.7
353.4
1.016e+03
596.3
1.135e+03
568.2
307.8
869.0
271.7
1.12e+03
917.9
1.45e+03
758.0
669.5
501.4
310.1
1.453e+03
1.019e+03
770.0
1.352e+03
1.206e+03
480.6
781.2
1.026e+03
1.186e+03
1.041e+03
754.7
467.1
547.5
1.1e+03
317.6
1.225e+03
465.1
778.6
377.9
1.331e+03
677.6
534.9
1.171e+03
949.7
1.035e+03
393.6
1.275e+03
1.014e+03
684.4
831.9
1.454e+03
962.0
1.036e+03
472.5
647.8
650.8
428.9
786.9
229.1
309.9
327.4
596.1
878.0
692.6
503.9
1.312e+03
768.1
301.7
1.118e+03
499.6
844.7
375.3
685.8
694.5
1.12e+03
476.9
416.7
927.2
772.7
729.6
856.3
1.183e+03
1.071e+03
981.4
420.5
934.1
850.6
994.3
795.4
1.221e+03
677.6
1.302e+03
1.083e+03
1.031e+03
1.23e+03
1.267e+03
794.4
1.655e+03
626.8
559.6
393.9
358.4
643.8
275.0
1.14e+03
1.289e+03
1.863e+03
612.6
881.5
826.3
425.2
773.7
900.5
480.8
642.5
956.2
1.025e+03
581.8
1.418e+03
1.326e+03
294.8
818.2
677.2
493.8
1.207e+03
586.5
830.8
633.7
1.028e+03
662.9
1.072e+03
558.6
750.4
611.7
1.088e+03
618.0
986.8
223.0
891.9
452.8
1.012e+03
744.8
1.43e+03
544.9
855.7
1.35e+03
471.7
692.7
1.258e+03
958.2
1.126e+03
672.3
1.158e+03
806.6
881.6
701.7
1.114e+03
1.559e+03
563.5
776.5
868.0
719.5
426.0
1.093e+03
300.7
1.143e+03
1.267e+03
1.183e+03
762.4
477.9
781.9
754.8
228.5
846.7
309.7
550.4
329.8
957.6
517.4
1.189e+03
343.9
447.1
627.8
1.076e+03
816.4
898.7
848.8
1.227e+03
898.4
528.0
860.0
1.01e+03
242.4
956.1
924.4
535.4
1.09e+03
840.7
1.112e+03
853.2
569.5
796.5
1.301e+03
1.04e+03
885.5
1.079e+03
456.6
359.1
1.054e+03
297.1
1.31e+03
576.1
891.0
335.6
1.221e+03
710.4
376.8
526.5
481.7
413.8
1.627e+03
1.068e+03
511.5
760.4
922.6
1.07e+03
978.5
755.7
805.5
1.481e+03
1.323e+03
1.276e+03
1.553e+03
956.6
577.2
682.7
1.211e+03
1.565e+03
673.2
407.9
463.8
851.0
903.6
556.1
0.0
949.5
0.0
1.07e+03
642.3
149.2
553.5
907.9
274.8
975.2
592.3
698.5
1.214e+03
495.5
424.0
1.025e+03
436.7
617.7
765.2
496.7
612.7
603.9
939.5
828.5
774.4
311.0
485.0
720.9
1.162e+03
560.5
845.5
731.3
534.4
1.041e+03
1.575e+03
491.8
827.7
757.3
857.5
1.003e+03
654.4
842.1
611.7
843.8
424.0
585.4
471.4
137.1
647.0
719.5
528.6
1.246e+03
774.3
642.5
1.034e+03
820.2
513.0
1.255e+03
1.332e+03
0.0
887.9
795.5
884.9
590.5
779.6
418.3
556.4
986.3
405.4
719.6
482.5
460.1
736.0
649.2
388.2
799.2
752.4
630.4
395.2
486.8
260.6
1.004e+03
340.1
524.0
745.2
851.5
542.0
1.28e+03
1.403e+03
497.9
781.0
1e+03
3.83e-05
743.1
430.7
386.5
512.5
578.1
693.8
806.9
633.9
517.2
1.164e+03
834.8
474.7
936.6
679.3
734.3
769.7
1.263e+03
742.0
802.9
861.1
950.2
629.6
843.8
421.0
812.4
721.5
508.2
650.6
598.1
745.2
526.8
799.6
1.09e+03
671.4
300.9
345.7
569.9
306.6
598.6
670.6
591.9
801.7
741.1
1.036e+03
640.0
819.7
482.5
442.0
776.2
1.244e+03
533.3
909.2
414.3
674.0
726.8
525.2
677.1
1.116e+03
896.2
687.5
1.051e+03
642.3
774.0
711.6
971.2
418.8
701.9
350.7
874.3
1.002e+03
987.9
346.5
813.5
571.2
600.5
1.052e+03
939.8
219.7
857.3
989.3
1.068e+03
537.3
1.026e+03
864.7
521.9
1.086e+03
329.8
755.7
372.3
874.3
977.5
803.1
696.9
863.3
879.0
814.8
1.456e+03
502.0
0.0
774.5
464.1
491.3
783.1
580.8
340.6
764.8
861.4
520.3
838.2
592.9
504.4
913.8
626.7
157.1
823.4
346.5
1.272e+03
788.9
505.4
529.9
625.2
471.4
689.5
1.201e+03
725.7
429.6
916.9
1.065e+03
418.8
788.4
1.077e+03
336.0
720.9
687.7
691.5
1.263e+03
713.1
274.8
1.176e+03
626.6
933.8
1.162e+03
449.7
340.6
1.274e+03
650.5
324.4
1.071e+03
522.7
531.5
665.9
649.2
484.9
307.6
754.6
276.6
629.6
864.2
813.9
918.4
694.1
851.8
720.9
840.8
2.056e-05
893.6
619.8
0.0
762.1
307.3
865.3
752.3
660.8
397.6
695.9
606.1
966.6
951.2
698.6
353.0
814.0
536.1
383.4
896.7
1.124e+03
418.8
512.5
856.0
0.0
698.0
1.138e+03
473.4
240.4
700.0
465.5
1.073e+03
922.1
613.3
752.9
841.4
312.1
1.018e+03
834.8
878.5
638.9
590.4
1.017e+03
450.4
790.0
598.6
504.0
776.6
919.4
428.1
816.4
394.0
546.9
804.1
757.0
863.4
387.3
849.9
536.5
660.8
569.6
865.5
1.091e+03
540.1
855.9
937.3
491.7
1.65e+03
804.1
733.6
621.6
893.6
1.299e+03
924.1
472.6
671.4
338.8
0.0
1.101e+03
778.6
528.6
791.5
479.0
579.8
522.8
461.7
389.2
865.5
966.9
603.9
1.005e+03
615.0
325.2
878.4
636.8
546.9
877.6
458.3
238.3
1.562e+03
997.6
430.2
799.8
554.7
528.6
1.075e+03
392.2
828.5
874.5
593.1
605.5
798.4
713.1
556.0
1.02e+03
926.7
397.2
1.042e+03
1.097e+03
495.7
587.6
558.3
302.9
1.065e+03
945.8
849.3
749.8
949.9
0.0
701.4
660.3
1.004e+03
647.7
1.569e+03
219.7
568.8
997.5
393.7
782.3
885.7
710.3
817.8
859.0
475.2
865.5
713.1
595.3
774.5
1.166e+03
346.5
835.6
1.138e+03
219.7
759.0
753.9
642.3
626.6
359.6
614.2
860.5
771.0
312.1
1.183e+03
974.1
526.6
1.042e+03
973.9
373.6
924.8
971.7
618.6
995.2
642.0
313.8
342.6
784.2
598.6
816.7
697.8
385.5
1.102e+03
951.0
605.7
908.4
805.7
639.3
1.035e+03
1.096e+03
1.309e+03
1.242e+03
1.329e+03
946.1
1.239e+03
1.262e+03
773.6
1.114e+03
1.043e+03
894.7
899.5
724.9
1.32e+03
1.248e+03
792.9
1.286e+03
1.249e+03
822.6
1.36e+03
1.375e+03
1.454e+03
1.601e+03
600.9
993.8
1.175e+03
1.477e+03
988.7
1.102e+03
1.173e+03
1.031e+03
1.613e+03
800.4
697.2
934.6
1.332e+03
1.581e+03
1.007e+03
1.874e+03
2.052e+03
1.097e+03
467.3
1.746e+03
1.294e+03
1.094e+03
1.332e+03
1.303e+03
1.453e+03
1.137e+03
2.105e+03
672.6
640.9
214.3
1.277e+03
1.371e+03
1.665e+03
905.8
1.134e+03
1.962e+03
619.8
656.8
560.7
1.336e+03
1.92e+03
627.6
1.245e+03
1.187e+03
1.115e+03
1.519e+03
1.661e+03
1.389e+03
796.2
1.426e+03
1.695e+03
1.456e+03
725.8
596.9
1.067e+03
859.0
1.434e+03
1.219e+03
332.9
1.435e+03
1.475e+03
897.3
976.8
1.398e+03
965.4
828.5
988.4
827.4
1.191e+03
825.9
1.2e+03
792.1
569.4
1.621e+03
860.0
1.19e+03
1.02e+03
1.697e+03
1.017e+03
1.172e+03
820.6
1.051e+03
1.31e+03
1.332e+03
1.303e+03
1.123e+03
1.317e+03
1.223e+03
1.019e+03
838.0
969.3
1.171e+03
677.6
920.7
953.9
817.2
1.278e+03
576.0
1.157e+03
1.254e+03
870.1
1.514e+03
843.0
1.286e+03
1.314e+03
1.625e+03
792.4
1.061e+03
892.4
1.147e+03
1.146e+03
1.376e+03
801.0
1.583e+03
608.1
1.073e+03
1.052e+03
1.512e+03
996.3
1.01e+03
1.415e+03
936.7
865.7
1.379e+03
1.323e+03
1.174e+03
1.268e+03
878.8
989.3
1.317e+03
1.285e+03
1.161e+03
484.5
1.383e+03
1.469e+03
1.33e+03
1.626e+03
1.47e+03
824.3
1.39e+03
799.7
716.2
918.9
966.6
1.851e+03
1.203e+03
1.205e+03
990.7
436.9
1.673e+03
1.31e+03
657.4
1.288e+03
1.138e+03
880.3
970.3
1.336e+03
724.0
1.151e+03
1.261e+03
860.1
1.014e+03
957.7
1.725e+03
1.53e+03
481.9
691.5
761.2
750.3
2.107e+03
1.091e+03
1.348e+03
1.276e+03
745.6
1.644e+03
1.787e+03
1.384e+03
926.9
1.832e+03
1.328e+03
592.4
562.6
1.619e+03
1.926e+03
796.1
1.594e+03
923.4
1.561e+03
1.185e+03
1.771e+03
1.194e+03
9.075e-05
1.119e+03
1.652e+03
1.658e+03
1.264e+03
1.576e+03
796.2
675.8
585.5
863.1
1.444e+03
937.2
1.032e+03
1.276e+03
1.098e+03
1.272e+03
1.198e+03
1.454e+03
1.213e+03
1.401e+03
1.147e+03
1.03e+03
808.9
934.2
613.8
1.185e+03
1.217e+03
1.298e+03
1.097e+03
1.423e+03
1.217e+03
875.3
693.2
1.16e+03
1.283e+03
1.161e+03
872.2
714.8
1.091e+03
1.011e+03
959.8
989.4
944.2
1.119e+03
1.456e+03
840.9
1.346e+03
1.158e+03
1.358e+03
865.8
1.012e+03
1.298e+03
922.5
1.204e+03
457.7
1.835e+03
1.075e+03
1.49e+03
1.115e+03
1.018e+03
1.44e+03
1.442e+03
1.006e+03
1.53e+03
1.097e+03
691.8
806.1
1.352e+03
1.185e+03
882.0
816.6
873.9
1.213e+03
894.7
1.184e+03
1.195e+03
1.132e+03
1.515e+03
744.9
1.175e+03
1.417e+03
1.222e+03
1.278e+03
1.171e+03
1.127e+03
1.118e+03
1.888e+03
1.158e+03
1.416e+03
858.5
679.7
1.354e+03
1.665e+03
906.6
1.054e+03
802.8
1.334e+03
1.274e+03
985.0
1.097e+03
1.236e+03
0.0001792
942.6
1.852e+03
1.187e+03
1.121e+03
940.5
1.121e+03
1.183e+03
1.454e+03
1.123e+03
1.298e+03
1.304e+03
1.656e+03
1.409e+03
754.4
1.074e+03
1.058e+03
705.8
1.551e+03
1.457e+03
1.072e+03
1.41e+03
1.665e+03
1.345e+03
1.104e+03
1.203e+03
1.13e+03
1.239e+03
1.114e+03
860.4
789.8
1.109e+03
1.355e+03
1.302e+03
1.059e+03
1.429e+03
1.395e+03
583.6
1.139e+03
1.263e+03
397.9
1.337e+03
1.143e+03
1.034e+03
1.129e+03
968.0
856.7
847.2
1.833e+03
1.205e+03
935.4
1.25e+03
741.1
1.199e+03
1.533e+03
1.269e+03
1.111e+03
1.052e+03
1.222e+03
948.6
686.0
1.593e+03
1.274e+03
881.4
1.025e+03
815.3
1.208e+03
1.383e+03
1.348e+03
811.6
736.7
776.3
1.447e+03
1.012e+03
876.0
1.634e+03
1.637e+03
1.384e+03
489.4
935.9
949.2
1.296e+03
1.11e+03
1.069e+03
979.8
1.655e+03
1.042e+03
1.831e+03
631.3
751.9
907.0
1.579e+03
964.1
908.1
1.182e+03
1.417e+03
1.017e+03
1.592e+03
870.7
1.327e+03
1.039e+03
1.008e+03
844.1
1.121e+03
1.54e+03
1.136e+03
1.654e+03
546.3
872.8
1.108e+03
1.292e+03
1.045e+03
1.547e+03
1.465e+03
1.906e+03
1.037e+03
1.306e+03
1.074e+03
1.041e+03
1.393e+03
994.3
893.0
1.267e+03
780.8
1.098e+03
1.077e+03
743.2
1.747e+03
1.141e+03
1.714e+03
1.637e+03
753.8
923.7
885.0
1.063e+03
1.038e+03
1.16e+03
459.8
1.327e+03
1.125e+03
1.281e+03
1.226e+03
988.4
1.873e+03
1.409e+03
1.008e+03
997.7
804.4
1.012e+03
932.1
1.296e+03
896.4
1.458e+03
889.3
1.29e+03
968.3
1.116e+03
1.317e+03
1.597e+03
1.411e+03
969.5
1.152e+03
815.1
1.108e+03
1.143e+03
1.15e+03
1.39e+03
922.3
1.24e+03
464.0
817.1
950.1
1.214e+03
1.849e+03
855.9
1.531e+03
723.2
1.317e+03
1.556e+03
1.403e+03
701.4
1.012e+03
1.352e+03
1.357e+03
1.013e+03
1.224e+03
1.212e+03
1.543e+03
1.244e+03
975.6
1.282e+03
1.446e+03
1.413e+03
1.285e+03
823.1
623.2
707.6
597.9
701.3
918.3
795.4
924.7
953.1
1.283e+03
2.013e+03
1.75e+03
538.5
756.1
1.209e+03
633.7
1.222e+03
1.522e+03
1.196e+03
931.4
1.829e+03
1.221e+03
798.6
1.188e+03
1.178e+03
1.309e+03
1.167e+03
1.193e+03
839.5
463.7
1.064e+03
1.345e+03
1.689e+03
1.564e+03
1.481e+03
2.271e+03
1.307e+03
1.262e+03
1.231e+03
1.351e+03
559.7
1.422e+03
1.192e+03
402.8
1.583e+03
2.082e+03
1.346e+03
694.0
816.5
1.2e+03
1.141e+03
1.207e+03
1.592e+03
703.1
1.322e+03
1.107e+03
1.249e+03
1.039e+03
1.052e+03
1.419e+03
805.4
1.556e+03
727.9
976.4
1.122e+03
676.7
764.4
1.237e+03
1.547e+03
1.191e+03
1.325e+03
1.222e+03
902.5
1.114e+03
1.86e+03
416.6
1.09e+03
949.4
844.4
1.052e+03
1.048e+03
596.9
953.3
716.4
748.1
1.146e+03
1.2e+03
1.496e+03
1.266e+03
1.11e+03
1.738e+03
695.4
1.103e+03
1.313e+03
1.349e+03
1.439e+03
1.618e+03
1.555e+03
570.8
699.3
523.2
1.068e+03
1.295e+03
1.254e+03
1.672e+03
1.573e+03
1.467e+03
1.335e+03
1.427e+03
1.324e+03
751.0
1.052e+03
994.1
848.0
1.026e+03
1.849e+03
631.5
618.0
947.0
1.249e+03
954.2
1.117e+03
1.369e+03
1.03e+03
876.7
1.001e+03
2.051e+03
1.061e+03
1.44e+03
1.265e+03
1.017e+03
1.007e+03
1.332e+03
1.091e+03
1.333e+03
904.7
1.013e+03
848.8
805.3
1.001e+03
1.772e+03
1.227e+03
1.259e+03
1.147e+03
1.301e+03
578.3
1.561e+03
1.235e+03
684.0
1.07e+03
1.477e+03
1.124e+03
932.3
1.589e+03
914.1
1.839e+03
995.8
1.36e+03
603.7
903.1
1.108e+03
923.2
1.787e+03
980.6
722.3
1.481e+03
935.4
780.1
802.8
1.377e+03
1.527e+03
881.5
933.8
833.2
1.43e+03
1.22e+03
760.9
1.546e+03
1.145e+03
884.9
1.542e+03
796.2
1.333e+03
1.166e+03
1.076e+03
965.2
1.275e+03
1.393e+03
1.603e+03
688.8
460.6
805.9
676.8
1.652e+03
1.155e+03
1.683e+03
996.3
978.7
1.326e+03
1.165e+03
777.8
1.177e+03
1.01e+03
962.5
1.331e+03
1.172e+03
833.8
1.327e+03
1.328e+03
1.616e+03
1.196e+03
1.22e+03
1.35e+03
984.7
1.138e+03
1.258e+03
698.0
993.7
937.3
920.5
1.606e+03
1.076e+03
1.225e+03
1.159e+03
1.221e+03
957.4
941.6
1.12e+03
1.013e+03
894.8
870.7
888.3
1.512e+03
953.7
815.1
1.312e+03
1.34e+03
1.9e+03
1.239e+03
930.3
929.7
1.571e+03
1.249e+03
1.304e+03
829.6
1.187e+03
1.203e+03
1.261e+03
1.384e+03
1.241e+03
910.8
785.1
1.324e+03
1.121e+03
610.4
1.023e+03
1.178e+03
637.6
1.062e+03
1.145e+03
745.0
1.093e+03
467.6
635.6
1.228e+03
1.446e+03
1.009e+03
1.69e+03
1.433e+03
1.159e+03
1.496e+03
0.0
1.037e+03
1.312e+03
767.1
1.451e+03
914.4
843.1
834.1
1.153e+03
953.4
1.463e+03
952.4
1.127e+03
781.8
697.3
726.5
1.32e+03
790.4
1.264e+03
877.1
988.4
1.151e+03
1.54e+03
1.009e+03
1.038e+03
1.077e+03
1.329e+03
1.172e+03
1.099e+03
892.1
733.9
1.138e+03
778.8
1.683e+03
1.439e+03
1.184e+03
1.285e+03
915.0
1.359e+03
1.047e+03
2.009e+03
1.013e+03
1.005e+03
1.116e+03
1.164e+03
1.404e+03
959.4
1.211e+03
1.163e+03
1.14e+03
1.008e+03
866.9
1.005e+03
1.127e+03
1.141e+03
1.049e+03
1.113e+03
2.257e+03
1.502e+03
1.173e+03
989.6
1.244e+03
1.105e+03
2.089e+03
1.16e+03
745.8
1.393e+03
1.808e+03
1.179e+03
1.016e+03
1.25e+03
1.124e+03
1.227e+03
1.276e+03
927.0
1.01e+03
376.8
397.6
910.8
1.295e+03
880.7
1.316e+03
1.19e+03
1.34e+03
1.469e+03
1.485e+03
1.068e+03
545.8
1.207e+03
2.02e+03
871.4
1.785e+03
1.257e+03
1.039e+03
1.058e+03
1.312e+03
1.295e+03
1.374e+03
461.0
1.101e+03
1.627e+03
1.654e+03
1.121e+03
838.4
1.201e+03
1.243e+03
1.249e+03
1.252e+03
1.22e+03
1.303e+03
937.9
953.2
732.1
1.284e+03
1.09e+03
1.47e+03
1.187e+03
1.48e+03
981.2
1.315e+03
689.4
1.458e+03
883.3
791.8
1.018e+03
1.093e+03
1.6e+03
1.026e+03
1.198e+03
1.097e+03
1.215e+03
1.263e+03
1.259e+03
1.185e+03
1.234e+03
1.694e+03
690.0
1.02e+03
867.6
859.8
749.0
1.408e+03
1.263e+03
1.218e+03
696.4
558.4
794.4
1.018e+03
1.776e+03
1.45e+03
1.108e+03
668.9
1.047e+03
1.096e+03
1.262e+03
942.8
962.6
1.046e+03
981.4
1.266e+03
1.179e+03
964.8
745.8
1.46e+03
653.0
1.153e+03
969.8
1.054e+03
1.225e+03
916.3
1.454e+03
820.7
1.148e+03
1.341e+03
814.5
1.082e+03
1.029e+03
1.224e+03
578.8
1.473e+03
1.769e+03
1.043e+03
1.671e+03
1.304e+03
1.442e+03
596.2
721.7
732.8
955.4
1.356e+03
1.63e+03
964.5
1.106e+03
1.063e+03
1.054e+03
279.9
1.165e+03
715.9
1.016e+03
797.8
1.431e+03
1.73e+03
1.644e+03
770.1
1.714e+03
1.334e+03
959.0
1.047e+03
739.8
797.3
1.643e+03
682.2
1.731e+03
1.525e+03
1.254e+03
1.576e+03
1.495e+03
1.081e+03
1.436e+03
1.134e+03
875.4
556.3
542.5
2.251e+03
1.135e+03
909.1
2.257e+03
992.8
457.7
1.347e+03
1.644e+03
1.065e+03
645.4
1.259e+03
628.5
1.213e+03
1.256e+03
723.4
1.789e+03
1.392e+03
951.3
655.2
967.6
631.1
1.293e+03
1.037e+03
305.3
1.797e+03
869.9
633.6
1.863e+03
1.152e+03
1.196e+03
1.063e+03
1.025e+03
1.265e+03
1.276e+03
2.105e+03
959.8
755.6
1.749e+03
1.094e+03
2.049e+03
863.1
597.0
1.705e+03
916.3
1.173e+03
1.541e+03
852.0
472.3
1.113e+03
650.8
466.8
860.3
1.474e+03
652.1
1.508e+03
965.6
617.3
1.035e+03
1.463e+03
424.1
1.819e+03
870.5
652.1
933.4
1.161e+03
831.6
974.0
979.5
725.1
1.55e+03
659.8
588.9
803.7
1.399e+03
661.6
1.426e+03
808.6
1.072e+03
753.1
855.0
555.1
1.017e+03
737.1
1.314e+03
1.095e+03
1.011e+03
491.2
1.246e+03
1.06e+03
543.1
1.278e+03
1.689e+03
1.474e+03
1.596e+03
740.5
418.9
1.296e+03
1.077e+03
327.4
1.569e+03
754.3
548.6
1.26e+03
1.335e+03
1.002e+03
968.7
1.247e+03
659.8
1.26e+03
1.536e+03
722.9
1.758e+03
1.32e+03
706.1
1.575e+03
1.173e+03
430.5
1.277e+03
563.7
590.8
938.2
867.4
750.2
1.061e+03
1.083e+03
1.545e+03
1.25e+03
809.9
560.9
2.348e+03
542.6
1.356e+03
2.397e+03
1.344e+03
903.4
2.081e+03
1.29e+03
890.7
1.5e+03
957.4
819.3
3.158e+03
1.089e+03
671.3
1.181e+03
1.592e+03
1.066e+03
1.55e+03
879.1
813.8
702.9
1.008e+03
1.023e+03
1.4e+03
2.124e+03
566.7
947.9
941.0
877.2
1.512e+03
659.9
639.5
927.5
1.472e+03
1.225e+03
964.9
1.067e+03
1.237e+03
1.404e+03
850.3
1.288e+03
1.815e+03
890.7
1.201e+03
1.145e+03
1.866e+03
1.281e+03
1.12e+03
793.7
494.8
1.433e+03
863.3
1.258e+03
1.441e+03
677.9
790.5
937.2
886.1
1.681e+03
1.542e+03
2.905e+03
453.5
1.165e+03
956.7
868.9
1.369e+03
1.227e+03
1.141e+03
1.662e+03
1.06e+03
735.7
1.616e+03
947.1
979.0
1.948e+03
1.285e+03
192.0
1.066e+03
853.8
394.7
1.117e+03
713.1
704.5
1.508e+03
737.4
524.1
1.527e+03
1.004e+03
452.0
930.2
1.3e+03
416.4
2.354e+03
1.083e+03
614.3
920.2
1.089e+03
818.3
1.716e+03
1.29e+03
954.6
1.429e+03
1.318e+03
2.383e+03
1.39e+03
2.215e+03
561.6
1.401e+03
1.66e+03
1.3e+03
763.7
2.085e+03
961.8
1.213e+03
1.057e+03
1.767e+03
1.301e+03
2.44e+03
1.03e+03
942.2
2.45e+03
710.4
1.267e+03
1.15e+03
511.0
2.358e+03
889.4
1.071e+03
1.018e+03
2.273e+03
2.156e+03
1.557e+03
644.2
1.226e+03
929.2
1.088e+03
1.001e+03
1.702e+03
1.312e+03
804.1
1.794e+03
2.059e+03
1.07e+03
1.281e+03
691.7
1.218e+03
1.27e+03
1.249e+03
1.178e+03
1.477e+03
1.157e+03
982.9
1.467e+03
2.79e+03
1.325e+03
1.164e+03
681.8
1.549e+03
2.754e+03
1.286e+03
1.597e+03
816.2
1.079e+03
1.276e+03
585.5
1.208e+03
1.007e+03
1.115e+03
597.2
809.7
383.0
611.6
1.16e+03
950.4
925.0
552.8
1.221e+03
1.08e+03
1.09e+03
573.4
735.8
1.685e+03
900.3
620.6
1.349e+03
538.0
621.2
908.5
803.4
2.07e+03
463.5
834.6
1.044e+03
1.285e+03
889.9
675.0
772.9
898.7
507.8
916.6
1.135e+03
637.0
524.3
605.5
882.4
772.2
682.2
760.5
1.201e+03
764.3
995.2
1.074e+03
1.024e+03
791.2
252.1
1.446e+03
409.9
1.344e+03
1.068e+03
848.0
543.3
937.9
1.093e+03
523.3
1.138e+03
1.054e+03
1.141e+03
936.6
1.002e+03
727.6
1.21e+03
964.3
1.378e+03
895.6
721.7
1.141e+03
701.1
879.5
953.8
618.9
974.8
1.078e+03
773.8
2.294e+03
635.6
798.8
830.6
922.4
679.6
753.6
777.4
1.086e+03
1.26e+03
960.3
567.9
1.158e+03
585.4
853.3
868.1
879.4
628.0
382.0
416.9
759.1
1.004e+03
1.081e+03
1.252e+03
219.6
807.7
1.552e+03
1.447e+03
1.004e+03
600.1
785.6
696.6
515.9
244.9
819.1
1.323e+03
1.139e+03
540.9
1.108e+03
1.131e+03
653.5
1.105e+03
0.0
919.1
806.2
801.5
1.58e+03
686.9
958.2
831.0
920.3
814.1
709.0
692.4
681.1
468.9
1.169e+03
737.9
611.0
1.078e+03
887.1
598.0
1.036e+03
1.884e+03
1.127e+03
679.6
1.271e+03
701.2
360.0
852.3
678.2
1.281e+03
912.1
332.8
765.8
945.3
1.648e+03
969.4
1.046e+03
847.5
947.3
1.207e+03
1.789e+03
1.388e+03
810.6
1.298e+03
759.8
1.256e+03
1.09e+03
804.9
518.5
1.235e+03
509.4
643.1
889.9
536.6
593.3
886.2
1.123e+03
1.068e+03
801.0
1.044e+03
833.7
686.2
435.1
327.5
870.9
946.9
525.0
715.8
718.8
771.5
1.065e+03
567.0
553.1
877.0
1.41e+03
921.2
885.9
821.9
0.0
1.529e+03
601.1
502.0
1.678e+03
718.1
491.3
1.142e+03
858.8
1.009e+03
1.215e+03
645.3
197.0
637.1
1.891e+03
548.3
327.0
627.2
782.2
1.031e+03
945.6
870.6
946.4
730.1
200.6
1.005e+03
1.026e+03
349.3
1.042e+03
665.5
1.323e+03
578.3
1.013e+03
1.325e+03
1.079e+03
1.382e+03
559.3
766.2
636.7
1.877e+03
891.0
758.5
1.159e+03
986.3
957.2
650.6
1.111e+03
0.0
656.2
593.8
613.3
756.6
1.048e+03
1.033e+03
706.3
1.011e+03
1.214e+03
482.7
1.001e+03
352.0
743.5
681.4
1.009e+03
482.6
594.0
670.5
465.1
406.2
1.505e+03
690.0
1.568e+03
724.5
601.0
1.366e+03
1.105e+03
642.1
822.6
886.8
740.3
528.2
1.042e+03
1.191e+03
1.295e+03
637.1
625.4
939.3
1.175e+03
629.5
600.7
995.3
746.7
830.5
1.876e+03
881.1
847.9
572.4
686.2
1.026e+03
866.1
697.6
854.8
969.7
816.3
1.717e+03
498.3
986.8
528.5
1.367e+03
769.8
1.384e+03
590.7
865.6
1.04e+03
226.0
1.235e+03
828.0
674.9
706.7
892.9
1.135e+03
599.1
434.7
828.4
412.3
752.9
814.2
567.7
803.8
535.7
864.9
1.02e+03
717.0
809.3
984.2
682.6
783.7
1.154e+03
689.2
1.465e+03
1.276e+03
852.1
1.481e+03
1.406e+03
896.5
1.368e+03
1.653e+03
1.001e+03
760.1
1.001e+03
1.458e+03
503.1
1.029e+03
948.0
574.9
535.2
872.4
318.9
1.449e+03
752.4
659.5
920.9
896.1
1.193e+03
594.4
319.9
1.069e+03
1.028e+03
794.0
751.3
1.019e+03
1.001e+03
367.7
950.5
1.126e+03
482.7
848.1
966.8
908.3
1.016e+03
1.054e+03
858.4
896.3
1.341e+03
961.3
737.4
848.2
566.8
464.6
1.338e+03
820.7
717.7
1.11e+03
637.2
680.7
689.3
744.5
524.9
1.174e+03
994.4
332.8
500.8
560.9
0.0
1.495e+03
429.9
722.4
742.4
1.006e+03
507.1
817.4
698.6
779.2
982.7
868.1
1.084e+03
928.5
234.3
960.2
628.2
628.4
1.205e+03
773.2
601.5
880.7
815.1
712.1
1.069e+03
1.356e+03
1.248e+03
652.0
622.5
115.4
1.189e+03
411.7
764.9
996.0
1.541e+03
657.2
1.079e+03
1.461e+03
461.7
357.9
1.088e+03
714.2
1.151e+03
821.1
1.075e+03
784.5
785.9
1.262e+03
898.4
1.104e+03
666.8
987.5
1.267e+03
805.6
1.569e+03
823.8
448.1
922.5
1.235e+03
483.9
480.8
881.2
1.287e+03
562.6
1.211e+03
685.4
1.14e+03
775.8
531.5
1.429e+03
659.3
879.6
531.5
1.123e+03
853.9
594.5
987.2
1.062e+03
938.5
907.1
1.033e+03
745.0
724.3
469.5
914.9
501.7
733.1
909.0
374.3
1.065e+03
595.0
1.412e+03
914.1
843.0
818.9
1.45e+03
551.0
982.5
373.4
1.262e+03
656.3
866.4
592.2
1.379e+03
279.6
673.0
728.0
591.9
526.9
864.4
884.4
858.1
377.4
705.2
1.015e+03
248.6
855.9
1.372e+03
816.7
1.11e+03
742.5
896.2
647.1
860.7
1.273e+03
991.0
492.3
974.5
1.376e+03
797.1
492.4
1.061e+03
1.047e+03
1.068e+03
1.589e+03
284.8
749.6
1.533e+03
752.5
1.118e+03
605.6
1.064e+03
860.4
888.0
1.503e+03
473.6
823.8
208.4
344.2
887.5
1.2e+03
906.2
852.1
586.6
564.3
438.9
1.57e+03
862.3
822.2
1.447e+03
733.1
824.2
887.7
692.0
813.2
1.819e+03
1.107e+03
702.4
653.5
714.9
1.019e+03
1.633e+03
805.7
1.171e+03
635.3
1.201e+03
747.0
1.205e+03
1.357e+03
823.5
1.183e+03
262.5
654.6
560.4
916.6
853.9
847.1
384.4
963.8
1.507e+03
949.4
1.346e+03
570.6
1.463e+03
990.0
1.144e+03
1.667e+03
1.128e+03
1.384e+03
630.2
585.5
955.4
301.0
973.5
1.342e+03
702.1
761.8
367.8
726.7
914.3
783.3
592.4
377.9
883.9
761.1
1.122e+03
425.1
1.044e+03
671.7
797.6
686.5
491.6
1.257e+03
635.7
1.525e+03
684.6
609.9
705.9
1.004e+03
485.2
592.5
757.1
565.2
564.7
1.124e+03
461.4
1.125e+03
802.6
853.6
619.0
602.2
1.116e+03
946.7
427.4
1.245e+03
838.0
872.9
982.8
709.0
986.5
531.2
529.8
617.6
668.0
840.4
844.7
63.42
793.6
849.3
832.8
558.0
1.169e+03
1.122e+03
1.063e+03
1.066e+03
1.249e+03
1.164e+03
797.5
836.8
560.8
1.025e+03
1.514e+03
589.4
421.7
1.037e+03
753.6
808.0
1.008e+03
1.094e+03
1.171e+03
1.174e+03
363.6
1.124e+03
784.3
1.461e+03
637.1
618.0
459.8
1.042e+03
972.8
864.2
1.012e+03
296.7
935.4
1.153e+03
881.7
1.221e+03
563.1
720.6
356.4
574.1
1.283e+03
1.045e+03
977.6
1.276e+03
636.9
642.5
578.1
592.0
671.4
1.361e+03
689.3
696.2
1.237e+03
522.6
700.1
633.1
1.407e+03
1.722e+03
829.0
363.8
1.234e+03
668.9
548.0
911.7
447.0
949.8
0.0
466.3
91.43
666.1
70.17
881.1
906.7
570.7
1.022e+03
146.2
980.1
723.9
1.305e+03
1.453e+03
1.048e+03
1.179e+03
401.2
1.112e+03
806.3
876.0
915.4
849.6
537.5
1.117e+03
1.007e+03
1.301e+03
0.0
1.733e+03
688.5
1.606e+03
812.8
1.366e+03
1.77e+03
561.6
848.2
513.3
940.0
1.127e+03
1.004e+03
434.5
708.5
1.276e+03
863.2
1.18e+03
504.7
463.9
549.5
368.2
891.1
1.072e+03
542.6
760.2
438.3
802.2
1.41e+03
674.9
467.5
414.9
651.1
424.7
776.8
1.127e+03
558.2
1.831e+03
619.8
830.3
552.6
796.4
977.3
753.1
499.1
974.9
877.4
960.5
1.13e+03
1.52e+03
790.1
1.341e+03
392.6
1.045e+03
759.3
1.118e+03
435.5
883.0
1.048e+03
1.39e+03
680.0
1.307e+03
911.0
406.2
710.9
706.2
600.1
727.9
926.4
630.4
928.4
445.1
1.376e+03
966.3
885.4
514.1
1.489e+03
1.253e+03
810.5
1.231e+03
1.155e+03
0.0
745.7
1.05e+03
972.1
1.224e+03
1.449e+03
509.0
985.6
493.7
722.4
1.087e+03
285.7
144.6
1.02e+03
401.7
1.563e+03
329.3
520.2
651.9
545.3
623.5
1.1e+03
1.12e+03
610.1
794.5
1.262e+03
1.124e+03
769.2
488.0
1.077e+03
608.8
1.592e+03
1.292e+03
942.4
883.5
197.0
548.1
978.7
1.413e+03
1.13e+03
545.5
1.417e+03
1.086e+03
0.0
821.8
909.9
760.4
1.274e+03
802.6
680.0
1.679e+03
450.1
979.7
1.21e+03
738.2
956.6
448.2
602.8
1.046e+03
629.5
591.4
971.8
1.46e+03
990.4
1.366e+03
873.3
1.06e+03
1.014e+03
908.4
1.059e+03
598.3
897.5
481.0
830.7
1.011e+03
773.5
1.613e+03
961.8
650.5
926.9
759.2
854.1
741.0
735.1
949.6
785.9
793.9
361.4
922.3
1.024e+03
710.2
800.9
466.1
910.4
663.1
314.1
913.1
1.037e+03
1.189e+03
1.048e+03
1.466e+03
1.552e+03
1.026e+03
442.2
930.3
1.139e+03
864.5
1.655e+03
278.6
792.3
867.8
1.14e+03
896.0
951.7
779.6
742.1
924.7
584.6
1.319e+03
858.1
569.6
754.8
916.5
627.1
1.059e+03
864.3
687.5
605.7
299.8
1.224e+03
823.2
872.7
1.068e+03
1.686e+03
547.1
334.1
870.3
524.5
577.3
656.8
707.3
852.4
1.196e+03
1.19e+03
829.6
2.17e+03
755.5
892.8
956.0
499.7
1.459e+03
699.8
801.6
1.631e+03
1.249e+03
408.9
1.079e+03
794.2
516.5
1.158e+03
993.5
370.6
1.261e+03
654.3
867.6
1.031e+03
763.5
678.2
944.2
657.1
362.8
999.7
544.8
329.1
832.6
341.7
763.0
855.0
696.9
637.9
1.054e+03
692.2
1.092e+03
910.6
1.578e+03
1.063e+03
478.9
1.029e+03
890.9
659.3
1.017e+03
906.6
944.1
409.5
277.1
357.1
93.96
790.6
700.4
495.9
734.8
755.1
1.128e+03
474.8
1.043e+03
487.8
617.1
833.0
412.5
1.359e+03
947.1
1.529e+03
877.2
702.0
1.405e+03
1.021e+03
915.8
675.0
455.8
1.157e+03
706.4
798.3
1.555e+03
1.292e+03
758.2
580.7
1.348e+03
781.3
627.6
1.58e+03
584.3
721.2
852.8
1.054e+03
1.42e+03
638.7
600.3
621.8
1.065e+03
417.9
905.7
677.4
1.046e+03
1.388e+03
786.4
422.8
1.021e+03
630.1
515.1
705.0
965.2
1.326e+03
620.4
998.7
1.19e+03
1.027e+03
410.3
936.8
1.317e+03
1.336e+03
1.361e+03
671.9
778.8
704.0
1.099e+03
855.2
1.195e+03
654.2
1.06e+03
0.0
877.3
514.2
374.3
673.0
496.5
1.302e+03
907.3
1.004e+03
1.066e+03
612.9
794.0
1.38e+03
750.0
855.3
979.5
902.5
321.9
488.3
501.1
622.6
629.4
1.273e+03
1.207e+03
1.401e+03
857.7
332.5
610.4
795.7
849.3
676.6
1.503e+03
278.4
1.241e+03
978.6
768.9
1.041e+03
808.3
645.9
330.0
1.295e+03
1.641e+03
596.5
1.226e+03
629.6
706.9
407.8
861.7
1.057e+03
1.539e+03
1.17e+03
1.593e+03
920.6
513.9
875.6
1.086e+03
555.9
1.976e+03
923.5
484.6
1.033e+03
534.8
1.02e+03
812.6
1.199e+03
1.639e+03
976.1
671.2
1.012e+03
668.0
368.6
480.2
1.285e+03
926.1
474.3
880.1
525.6
896.2
838.2
879.7
653.5
638.5
1.042e+03
0.0
1.125e+03
1.114e+03
1.068e+03
882.0
634.7
1.428e+03
735.0
952.6
1.194e+03
307.8
980.8
773.8
1.108e+03
432.0
1.359e+03
662.0
768.0
867.5
373.1
396.9
971.7
869.5
0.0
1.791e+03
879.8
957.4
1.16e+03
793.7
851.4
1.003e+03
1.178e+03
942.3
744.5
453.5
322.9
1.304e+03
417.9
1.097e+03
847.0
419.2
1.068e+03
0.0
861.4
1.489e+03
1.498e+03
1.042e+03
1.066e+03
1.29e+03
1.1e+03
1.505e+03
314.1
933.7
729.0
890.9
609.7
1.832e+03
641.3
1.053e+03
1.42e+03
1.139e+03
1.217e+03
363.8
316.5
980.1
660.9
0.0
1.096e+03
814.3
656.4
753.4
1.172e+03
801.3
805.3
1.407e+03
1.32e+03
737.0
1.14e+03
1.398e+03
1.441e+03
538.2
1.285e+03
881.7
0.0
792.6
598.6
829.1
1.159e+03
1.638e+03
386.8
971.3
805.6
871.0
607.8
2.004e+03
784.1
1.228e+03
413.4
376.2
817.7
850.8
745.7
875.1
874.3
1.27e+03
1.077e+03
846.0
672.6
651.6
988.9
555.1
1.022e+03
567.7
910.7
1.187e+03
406.6
902.4
171.3
615.1
1.324e+03
825.2
866.7
618.2
676.0
735.9
1.15e+03
816.7
1.164e+03
999.9
1.157e+03
672.6
475.4
1.023e+03
646.9
494.9
1.2e+03
435.2
1.031e+03
62.18
401.4
437.1
863.3
606.5
1.029e+03
654.9
1.022e+03
1.045e+03
803.2
826.9
501.5
629.7
55.66
240.9
953.5
747.0
566.6
722.5
592.3
591.9
278.4
515.6
696.3
565.7
1.429e+03
1.546e+03
1.101e+03
1.083e+03
1.178e+03
989.8
1.33e+03
1.558e+03
405.8
889.4
1.28e+03
1.196e+03
479.3
1.185e+03
964.2
1.113e+03
1.042e+03
383.3
839.9
926.6
955.5
833.1
865.8
873.1
1.102e+03
893.8
1.523e+03
1.185e+03
831.5
968.5
1.215e+03
772.8
1.071e+03
1.577e+03
479.0
1.217e+03
901.9
1.194e+03
1.115e+03
1.234e+03
633.7
824.5
813.6
902.7
477.9
1.589e+03
1.156e+03
606.2
1.135e+03
806.3
1.472e+03
839.7
928.5
1.121e+03
751.1
561.2
442.2
692.4
1.519e+03
745.7
749.8
1.211e+03
1.458e+03
788.4
883.8
673.6
1.122e+03
1.539e+03
903.4
1.183e+03
1.28e+03
942.5
891.6
1.159e+03
1.119e+03
355.6
1.427e+03
740.4
953.2
276.2
1.199e+03
1.201e+03
838.6
298.9
716.5
632.9
1.236e+03
721.3
879.1
0.0
1.285e+03
1.073e+03
854.0
274.1
1.088e+03
1.042e+03
1.101e+03
787.1
734.7
791.3
1.056e+03
1.344e+03
949.0
765.4
1.001e+03
1.243e+03
547.2
935.6
1.268e+03
1.372e+03
1.368e+03
1.004e+03
978.9
1.005e+03
613.3
846.8
519.5
605.4
973.7
780.2
1.476e+03
767.9
266.1
799.3
959.4
1.439e+03
1.801e+03
493.7
1.46e+03
705.6
873.7
1.093e+03
1.315e+03
872.3
1.27e+03
648.7
719.5
472.9
1.016e+03
639.0
801.3
1.027e+03
1.412e+03
481.2
2.126e+03
751.7
536.0
937.9
1.031e+03
1.502e+03
653.4
62.18
698.7
841.4
485.2
384.9
315.2
776.8
567.0
1.118e+03
455.5
622.0
924.1
993.7
531.4
969.7
1.595e+03
1.082e+03
585.3
481.0
1.145e+03
746.8
736.8
574.9
465.8
1.008e+03
748.3
776.5
443.5
606.9
929.4
1.16e+03
1.153e+03
1.072e+03
1.183e+03
695.7
510.4
615.4
471.8
933.7
960.4
1.276e+03
1.481e+03
1.2e+03
1.113e+03
642.2
876.1
1.256e+03
698.1
1.107e+03
760.4
1.065e+03
1.114e+03
646.9
457.0
392.0
748.9
1.163e+03
1.162e+03
996.1
1.338e+03
1.528e+03
0.0
1.005e+03
895.5
943.8
634.7
839.6
1.167e+03
660.2
170.8
863.4
1.591e+03
992.7
455.0
1.541e+03
853.1
1.177e+03
1.635e+03
91.43
1.407e+03
948.3
942.1
881.6
738.0
488.0
1.58e+03
1.472e+03
1.261e+03
908.5
383.3
580.9
918.3
1.457e+03
321.9
476.1
944.9
519.2
701.4
466.9
624.1
1.114e+03
671.0
585.3
687.4
431.3
695.1
1.109e+03
1.205e+03
1.253e+03
793.0
303.4
239.1
958.9
903.4
1.405e+03
1.029e+03
731.9
692.2
523.9
749.5
591.4
871.8
945.9
359.6
619.5
1.272e+03
1.26e+03
1.262e+03
1.457e+03
446.7
679.7
685.1
1.294e+03
1.091e+03
1.586e+03
665.4
1.405e+03
687.1
450.2
85.28
511.5
1.466e+03
1.256e+03
705.3
1.378e+03
759.2
698.5
517.6
1.293e+03
190.0
770.4
1.13e+03
835.7
819.6
988.6
190.0
1.111e+03
826.2
1.038e+03
1.33e+03
1.006e+03
332.0
813.7
1.518e+03
1.26e+03
1.376e+03
1.071e+03
594.8
500.5
527.8
408.4
882.2
1.113e+03
1.039e+03
483.4
807.2
1.242e+03
843.6
1.004e+03
1.451e+03
684.1
742.1
347.1
626.7
833.9
763.1
1.177e+03
1.127e+03
796.4
1.236e+03
977.2
557.9
821.6
961.1
374.8
668.9
1.13e+03
370.6
651.4
291.8
1.218e+03
433.8
1.585e+03
1.077e+03
0.0
726.6
361.8
601.4
1.019e+03
671.4
549.1
591.4
495.1
1.031e+03
775.5
909.8
510.4
944.9
1.097e+03
557.5
329.4
1.297e+03
1.145e+03
837.9
511.4
1.162e+03
1.738e+03
209.8
467.4
963.8
809.5
1.256e+03
1.126e+03
1.125e+03
1.187e+03
1.439e+03
1.163e+03
763.4
1.214e+03
1.156e+03
1.148e+03
1.259e+03
965.8
1.044e+03
722.9
382.2
1.227e+03
646.2
1.625e+03
672.1
774.3
772.6
0.0
368.4
1.044e+03
512.8
750.2
1.259e+03
614.3
1.071e+03
1.272e+03
2.013e+03
1.127e+03
492.3
1.43e+03
939.0
1.31e+03
1.29e+03
403.6
1.239e+03
323.1
1.034e+03
187.5
183.7
1.313e+03
908.9
1.69e+03
764.5
769.2
315.5
836.2
399.0
575.9
796.9
972.6
692.5
602.5
1.439e+03
1.271e+03
1.416e+03
796.1
974.2
612.9
1.429e+03
1.217e+03
1.421e+03
1.121e+03
1.213e+03
1.142e+03
1.183e+03
717.4
510.3
1.642e+03
1.08e+03
530.8
0.0
362.3
641.9
484.6
0.0
850.2
632.9
0.0
629.4
508.4
640.6
389.9
312.5
4.669e-05
754.4
953.7
518.6
818.6
733.9
680.8
413.4
806.4
768.5
646.4
513.7
687.7
800.4
519.7
532.2
894.4
347.1
874.2
810.1
805.0
735.1
649.8
505.6
994.6
1.126e+03
914.9
956.7
920.6
738.5
600.3
790.2
432.1
856.3
810.5
854.9
846.0
997.2
600.8
767.0
813.4
552.5
1.161e+03
1.148e+03
351.9
685.4
810.7
884.2
883.8
825.3
616.4
1.078e+03
956.9
927.7
1.007e+03
935.5
1.217e+03
1.406e+03
1.015e+03
1.103e+03
1.025e+03
684.0
837.6
887.2
1.662e+03
1.121e+03
570.6
878.0
740.4
1.059e+03
922.9
866.2
871.3
599.0
1.425e+03
1.368e+03
1.179e+03
1.396e+03
1.18e+03
1.13e+03
1.042e+03
1.202e+03
1.53e+03
329.1
278.4
131.4
317.9
558.4
545.2
135.1
535.0
614.8
806.2
135.1
349.1
569.7
564.5
558.2
549.9
640.5
818.8
582.5
857.0
662.7
827.5
592.2
680.7
800.3
974.3
758.1
814.7
980.4
937.2
676.0
711.2
1.125e+03
714.4
642.8
964.9
842.8
566.5
908.2
1.363e+03
719.5
904.7
685.9
799.4
920.2
733.3
744.1
1.295e+03
1.08e+03
1.138e+03
951.6
1.197e+03
1.249e+03
1.248e+03
1.26e+03
1.281e+03
1.069e+03
548.8
1.009e+03
1.002e+03
1.345e+03
1.28e+03
1.087e+03
1.466e+03
1.109e+03
1.122e+03
1.505e+03
1.616e+03
1.436e+03
1.117e+03
1.478e+03
1.106e+03
1.356e+03
1.297e+03
1.347e+03
1.595e+03
963.9
1.22e+03
1.145e+03
1.614e+03
817.2
1.048e+03
1.277e+03
1.073e+03
1.473e+03
1.096e+03
1.38e+03
1.308e+03
1.57e+03
1.873e+03
1.214e+03
1.265e+03
1.308e+03
1.254e+03
931.7
1.911e+03
1.883e+03
1.245e+03
1.453e+03
1.791e+03
