4.799
6.878
4.345
8.879
2.102
6.826
4.966
4.297
4.902
3.001
5.998
5.998
6.547
3.823
6.303
6.897
2.732
8.273
4.563
4.814
4.324
4.905
5.384
6.704
5.118
8.908
4.127
2.966
6.58
1.763
6.093
5.207
8.144
6.418
2.926
2.566
8.252
7.287
3.442
5.387
4.551
1.136
2.584
4.764
3.308
9.203
2.125
2.911
6.942
10.39
5.217
5.354
4.684
2.533
6.134
5.181
5.892
4.618
5.315
5.653
4.291
8.221
4.556
9.079
5.225
5.517
7.782
6.104
8.567
3.754
6.524
1.253
4.853
5.324
2.257
5.786
7.909
5.842
1.203
3.298
10.2
3.931
2.351
8.423
4.112
6.942
6.07
2.124
8.353
3.977
3.753
5.808
2.223
4.727
5.872
4.789
3.159
9.133
5.76
7.254
3.678
3.754
3.652
5.277
3.565
3.643
5.574
5.612
5.627
3.763
2.475
4.687
5.1
4.113
8.391
5.145
3.627
5.904
5.979
6.14
3.548
5.097
4.593
2.512
4.358
6.144e-07
6.458
4.631
4.151
7.069
1.288
4.233
1.518
7.546
7.124
1.841
2.942
5.851
5.026
1.373
1.386
6.781
6.939
6.769
1.657
6.278
3.347
5.017
2.482
6.269
2.92
3.511
2.637
3.515
3.872
5.566
6.611
1.406
1.731
6.952
6.213
5.791
8.423
5.818
4.2
2.27
1.992
3.84
1.046
7.459
8.288
5.19
1.977
0.7404
1.929
2.802
6.371
7.295
4.84
4.882
2.838
1.445
4.42
3.892
3.673
3.719
4.14
2.264
2.755
3.648
7.031
4.295
2.225
2.944
4.211
3.506
5.017
0.7358
2.387
4.988
5.799
7.058
4.488
3.257
5.07
7.413
1.363
4.14
6.406
6.096
4.787
2.416
1.919
1.513
5.122
4.432
4.887
3.572
4.557
2.109
2.696
5.583
3.194
5.496
2.78
3.113
1.013
6.466
5.748
8.186
4.847
3.443
3.144
4.448
5.224
5.437
4.745
4.087
9.75
6.215
3.638
2.92
6.881
3.863
3.178
2.519
4.492
7.901
2.684
3.353
2.151
6.52
2.493
5.377
4.859
2.115
3.283
1.659
6.65
6.734
4.957
1.054
5.007
2.91
4.77
4.461
2.569
3.932
2.62
8.802
5.11
3.318
4.955
9.321
1.116
2.435
7.352
3.3
4.817
3.955
4.154
2.439
2.284
5.242
5.622
3.829
7.444
2.777
4.845
8.041
5.044
5.319
3.413
5.554
7.652
4.527
10.34
1.81
7.44
5.345
3.924
5.586
1.314
8.009
1.888
3.151
3.384
4.969
3.206
5.38
9.919
3.909
3.752
3.617
5.399
3.184
2.39
5.165
1.847
7.189
5.567
1.769
7.478
3.7
1.506
6.423
4.873
2.465
6.943
6.335
6.091
6.282
5.005
2.653
6.144
4.153
7.469
6.09
6.254
1.467
2.286
1.725
8.218
4.415
7.501
7.293
5.442
3.9
1.61
6.675
2.206
1.282
4.686
10.38
5.518
3.045
6.252
0.4537
1.675
8.239
4.318
5.928
4.931
7.57
6.376
5.645
7.812
2.273
6.854
6.905
1.798
6.312
5.861
0.5416
6.173
6.908
6.775
6.866
2.333
0.58
5.608
7.074
1.647
0.8882
1.795
1.83
7.04
1.283e-06
10.18
7.542
5.245
3.044
5.898
6.879
2.971
8.609
0.7334
9.088
6.854
7.13
6.915
4.656
1.441
8.492
2.301
6.747
1.277
0.7407
8.103
3.711
3.754
7.804
2.472
1.595
1.192
2.035
6.887
5.503
0.9655
3.105
1.9
3.867
3.162
4.732
4.655
5.864
1.12
2.785
5.575
2.152
2.65
3.597
2.783
5.676
3.646
6.089
2.931
1.012
1.975
3.179
6.435
7.059
5.984
3.003
7.289
6.103
5.056
2.15
8.067
6.571
7.803
2.055
2.657
3.14
6.584
6.33
6.417
4.737
7.546
7.585
5.852
0.7144
8.591
4.611
1.476
6.473
8.594
4.879
6.798
7.155
5.157
7.147
7.277
5.888
8.381
6.248
7.993
1.149
0.8742
0.3823
7.523
1.768
6.191
7.405
3.462
3.615
8.411
9.214
7.087
10.03
9.053
8.145
10.03
8.52
6.284
6.25
6.249
10.89
9.804
9.641
