0.9277
0.9987
1.0
0.9129
0.8134
0.9899
1.0
0.9986
0.771
0.8879
0.9524
0.9256
0.9439
0.504
0.9997
0.9763
0.8057
0.9808
0.9602
0.8761
0.9856
0.9735
0.6045
0.8255
0.6676
0.9718
0.9955
0.9141
0.9504
0.8146
0.9563
1.0
0.9569
0.8969
0.7181
0.967
0.9784
0.9969
0.9414
0.6102
0.9862
0.9521
0.5931
0.9193
0.9818
0.9728
0.922
1.0
0.8317
0.6295
0.9556
1.0
0.9672
0.9458
0.9153
0.6355
0.8916
0.8924
0.9707
0.9923
0.9397
0.9637
0.9517
0.8142
0.982
0.897
1.0
0.8702
0.9638
1.0
0.6818
0.9451
0.5626
0.925
0.906
1.0
0.9751
0.9529
0.905
0.947
0.9573
1.0
0.9818
0.9327
0.9355
0.9996
0.8167
0.9659
0.9621
0.8844
0.9815
0.9915
1.0
0.9838
0.7509
0.9418
0.689
0.8921
0.7269
0.9328
0.9759
0.961
0.9165
0.9209
0.9005
1.0
0.7962
0.8662
0.9882
0.8186
0.9885
0.8895
0.9607
1.0
0.8142
0.9566
0.9998
0.9588
0.9811
0.9915
1.0
0.9607
0.9409
0.829
0.9199
0.9185
0.9648
0.9407
0.9479
0.9099
0.9913
0.9865
0.9959
0.8293
0.4806
0.7832
0.8821
0.9561
0.9904
0.975
0.9977
0.8602
0.9213
0.9526
0.7004
0.9407
1.0
0.9563
0.9007
0.9791
0.9856
0.992
0.8037
0.9546
0.9624
0.696
0.8457
0.9688
0.9895
0.9222
0.9748
1.0
0.9478
0.9841
0.9892
0.99
1.0
0.9431
0.986
0.4304
0.5274
0.9244
0.892
0.9394
0.9648
0.9964
0.9267
0.8293
0.9897
1.0
0.9858
0.9765
0.987
0.9291
0.7557
0.9639
0.9315
0.9908
0.4967
0.897
0.4221
0.6734
0.3394
0.6863
0.9216
0.9898
0.9611
0.9909
0.8168
1.0
0.8824
0.9478
0.8445
0.9213
0.6082
0.6897
0.9988
0.6829
0.8644
0.8607
0.9601
1.0
0.9413
0.848
0.9637
0.9889
0.9103
0.8175
0.5247
0.9744
0.9486
0.6572
0.9453
0.9753
0.5368
0.9126
0.8879
0.5559
0.8177
0.6408
0.9954
0.9789
0.7065
0.2087
0.9081
0.6669
0.8901
1.0
0.9532
1.0
0.9874
1.0
0.8795
0.8561
1.0
0.9838
0.9416
0.9421
0.9766
0.9485
0.958
0.9597
0.9234
0.9594
0.9861
0.5229
0.875
0.9204
0.982
0.7566
0.9697
0.9962
0.7286
1.0
0.9987
0.3529
0.9991
0.9445
0.9099
0.8679
1.0
0.9733
0.9505
0.9467
0.7848
0.787
1.0
0.9819
0.7846
0.9743
0.9652
0.9037
0.9422
0.8154
0.9298
0.9879
0.8189
1.0
0.9453
0.7327
0.6372
0.9402
0.4698
0.9705
0.9335
0.7244
1.0
0.9302
0.4969
0.8423
0.8255
0.8065
0.9589
0.9947
0.9608
0.9972
0.9138
0.9309
0.8372
0.8085
0.9355
0.752
0.9505
0.9449
0.9567
0.9105
0.9196
0.8104
0.8798
0.8784
0.926
0.9432
0.6552
0.9354
0.9263
0.9446
0.8202
0.8901
0.9674
0.7947
0.9586
0.6857
0.7773
0.4847
0.9037
0.9758
0.9966
0.9547
0.9254
0.5933
0.8752
0.8765
0.8657
0.9508
1.0
0.4841
1.0
0.941
0.9815
0.9899
0.9022
1.0
0.9526
0.9692
0.9671
0.9113
0.9746
1.0
0.9329
0.5441
0.8776
0.9624
0.6458
0.7313
0.9823
0.99
0.9567
1.0
0.9425
0.9734
0.9953
0.7027
0.7629
0.9608
0.9428
0.962
0.9612
1.0
0.9713
0.9886
0.9901
1.0
0.9296
0.956
0.9693
0.6652
0.921
0.9101
0.8208
0.9442
1.0
0.9714
0.8588
0.9137
0.833
0.9116
0.9257
0.892
0.9135
0.9423
0.5668
0.9909
0.9997
0.9713
0.9055
0.9328
0.9827
0.9326
0.8326
0.9854
0.9591
0.7223
0.9995
0.9489
0.9714
0.919
0.978
0.9992
0.9426
0.9541
0.9613
0.9572
1.0
1.0
0.9767
0.7991
0.9325
0.7665
1.0
0.9628
0.9742
0.941
0.9965
0.9866
0.5968
0.9092
0.8982
0.9311
0.9712
0.994
0.4237
1.0
1.0
0.8053
0.9351
0.9802
0.9748
0.7869
0.9946
0.1882
0.9249
0.9173
0.7639
0.8736
0.8104
0.7727
0.9831
0.8515
1.0
0.5843
0.9622
1.0
0.9081
0.8811
0.9366
0.9402
0.9775
0.9173
0.964
0.994
0.9248
0.3025
0.9045
0.9801
0.5571
0.836
0.988
0.8164
0.9579
1.0
1.0
0.8136
0.8964
0.9372
0.884
0.8265
0.9532
1.0
0.9898
0.9415
0.7113
0.8792
0.5752
0.9575
0.988
0.9189
0.6835
1.0
0.9148
0.9924
1.0
0.9638
1.0
0.8793
0.9999
0.998
0.946
0.9624
0.98
0.955
0.9457
0.9979
0.885
0.9318
0.9181
0.9959
0.9438
0.9545
0.8601
0.9579
0.9695
0.7971
0.9779
0.9858
0.98
0.9299
0.8661
0.9846
0.7034
0.9449
0.9512
0.9702
0.8603
0.5504
0.9157
1.0
0.9827
0.9232
0.8987
0.9007
0.973
0.9768
0.946
0.9542
0.9576
0.9406
0.6907
0.9562
0.9534
0.945
0.9708
0.8672
0.9122
0.9804
0.9609
0.9973
0.9543
0.9356
0.9744
0.9545
0.8906
0.9565
0.9711
0.7048
1.0
0.9005
0.797
0.979
0.9418
0.977
0.951
0.9931
0.9173
1.0
0.9912
0.9719
0.8104
0.7202
0.6531
1.0
0.9329
1.0
0.9706
0.93
0.9685
0.7866
0.8587
0.9318
1.0
0.9768
0.9688
0.8116
0.9982
0.9722
0.8781
0.9206
0.5915
0.9851
0.9666
0.9417
0.9301
0.9004
1.0
0.8268
1.0
0.9459
0.8747
0.947
0.9515
0.8855
0.9814
0.9421
0.8488
1.0
0.8837
0.6136
0.9965
0.7015
0.9758
0.9505
0.9992
0.8355
0.8786
0.9905
0.8722
0.9773
0.9998
0.8991
0.969
0.8785
0.9717
1.0
1.0
0.8896
0.6572
1.0
0.9485
0.8452
0.8629
0.8146
0.9662
0.5302
0.9691
0.606
0.8371
0.9658
0.8681
0.878
0.9396
0.8703
1.0
0.8798
0.5153
0.9902
0.9875
0.9099
0.9891
1.0
0.9456
0.9964
0.9165
0.959
0.9831
0.8844
0.8841
0.9421
0.1597
0.991
0.9581
0.9714
0.9185
1.0
0.918
1.0
0.833
1.0
0.9014
0.7553
0.9798
0.3977
1.0
0.9406
0.9862
0.6896
0.9193
0.8113
0.3203
0.9161
0.9992
0.994
0.8183
0.7409
0.9047
0.9688
0.8101
0.9513
0.9448
1.0
0.8843
0.9799
0.9629
1.0
0.9727
0.8107
0.8599
0.9893
0.9819
0.8931
0.9423
0.9783
0.6524
0.9297
0.9977
0.8202
0.8487
0.9997
1.0
0.9465
0.9294
0.9399
0.8437
0.9727
0.7285
0.8848
0.7988
0.9848
0.9992
0.7557
0.9174
0.977
0.982
0.5752
0.7917
0.966
0.9788
0.5481
0.9609
0.994
0.6027
0.9673
0.6981
0.9448
0.9989
0.8865
0.9876
0.9308
1.0
0.9125
0.9441
1.0
0.9228
0.8754
0.9541
0.8908
0.8747
0.8053
0.9856
0.9447
0.9474
1.0
0.9022
0.9861
0.9178
0.9293
0.691
0.9306
0.9496
0.9942
0.9261
0.9904
0.9704
0.6669
0.9838
0.9178
0.9617
0.9263
0.7539
0.901
0.9762
0.9807
0.9497
0.9395
0.9715
1.0
1.0
0.9652
0.6545
0.9312
0.8019
0.8913
1.0
0.9101
0.7878
0.9283
0.9638
0.8899
0.9087
0.9801
0.9894
0.9739
0.9422
0.9538
1.0
0.7048
0.9763
0.8581
0.4934
0.9228
0.9494
0.5243
0.9991
1.0
0.9906
0.5054
0.9546
0.8837
1.0
0.8186
0.9977
0.762
0.5835
0.5896
1.0
0.9856
0.9097
0.9256
0.8307
0.9641
1.0
0.8808
0.9662
0.9231
0.9664
0.8846
0.9686
0.9643
0.9126
1.0
0.9848
0.9007
0.8981
0.9754
0.944
0.9593
0.9897
0.5319
0.92
0.9634
0.9151
0.9162
0.8447
0.9217
1.0
0.9531
0.9556
0.99
0.9895
0.9963
0.9416
0.8628
1.0
0.7925
0.8614
0.949
0.9422
1.0
0.984
0.7707
0.9187
0.9445
0.7186
0.9913
0.9491
0.9912
0.9577
0.9707
0.8026
0.8896
0.9679
0.8659
0.8216
0.9672
0.9234
0.2566
0.9036
0.9405
0.9155
0.9691
1.0
1.0
0.8722
0.9329
0.9038
0.9541
0.9686
0.9781
1.0
0.9688
0.9777
0.9763
0.9122
0.9838
1.0
0.946
0.9396
0.7988
0.964
0.9483
1.0
0.8981
0.8822
1.0
0.6
0.9969
0.8048
0.8429
0.9174
0.9096
0.9335
0.8956
0.9021
0.967
0.9908
0.9748
0.8528
0.4583
0.9746
0.725
0.815
0.9475
0.8217
0.9213
0.9246
0.8609
0.4148
0.9152
0.9324
1.0
0.9354
0.9729
0.5242
0.9173
0.9225
0.9082
0.9418
0.9246
0.9309
0.9954
0.9346
0.7833
0.9968
0.5148
0.9602
1.0
1.0
1.0
0.8371
0.9082
0.8599
0.9831
0.9178
0.93
0.9407
0.8758
0.3965
0.9622
0.9626
0.9437
0.9013
0.9438
0.9338
1.0
0.783
0.9351
0.8848
0.8427
0.9831
1.0
0.8916
0.9753
1.0
0.9764
0.9116
0.9028
0.971
0.9659
0.9661
0.9316
0.7528
0.996
0.4449
0.8286
0.8853
0.9512
0.6409
0.9864
0.9533
0.8033
0.8183
0.9148
0.8998
0.9948
1.0
0.9347
0.909
0.9866
0.9326
0.9497
0.9369
0.9868
0.8628
1.0
0.9919
0.5215
0.9597
0.5885
0.9499
0.8978
0.9124
0.9896
0.4359
0.9437
0.9636
0.8278
0.885
0.9487
0.9055
0.5429
0.9035
0.9521
0.8263
0.7045
0.9234
0.9745
0.962
0.8516
0.995
0.9992
0.9673
0.5566
0.8419
0.9498
0.909
0.9963
0.9959
0.9097
0.9791
0.9739
0.8255
0.9014
0.9858
0.8207
0.923
0.9333
0.9384
1.0
0.8714
0.5969
0.8866
0.9656
0.8991
0.8921
0.9212
0.9459
0.9165
0.7898
0.9975
0.9917
1.0
0.7422
1.0
0.9715
0.947
0.8965
0.8967
0.9838
0.9282
0.6836
0.9576
0.9427
0.2547
0.9581
0.9696
0.9311
1.0
0.9282
0.9145
1.0
0.9119
1.0
0.9759
0.9157
0.9692
0.8467
0.9571
1.0
0.9665
0.9532
0.9919
0.9791
1.0
0.9639
0.9098
0.8844
0.8857
0.9208
0.8911
0.9502
0.6357
0.9296
0.9286
0.911
1.0
0.6856
0.9446
0.9265
0.8933
0.9909
1.0
0.6343
0.9301
0.9837
0.977
0.4416
0.9473
0.9327
0.9759
0.9997
0.8925
0.9856
0.8933
0.8553
1.0
0.9453
0.9286
1.0
0.3217
0.9696
0.7611
0.8491
0.9609
0.944
0.8887
0.9655
0.9
0.9715
0.9614
1.0
0.9558
0.9692
0.8766
0.5814
0.5022
0.9697
0.8192
0.862
0.9736
0.9806
0.912
0.5364
0.9672
0.8451
1.0
0.9777
0.9422
0.7714
0.9239
0.9497
0.8109
0.9174
0.9921
0.7474
0.9861
0.9093
0.9994
0.4641
0.8515
0.9995
1.0
0.7998
0.9364
0.9886
1.0
0.9116
0.9157
0.9682
0.9505
0.9056
0.9828
0.9668
0.9096
0.9861
0.9248
1.0
1.0
0.9244
0.9541
0.9399
0.9694
0.9383
0.867
0.7191
0.8963
0.9912
0.9577
0.5985
0.9293
0.9763
0.9212
0.7741
0.8507
0.8298
0.7045
1.0
0.9385
0.9783
1.0
1.0
1.0
0.9372
0.9647
0.9753
0.8726
0.9672
0.7925
0.9768
0.962
0.999
0.8459
0.9724
1.0
0.9596
0.9667
0.9063
0.6874
0.9344
1.0
0.958
0.8345
0.9275
0.8013
0.8811
1.0
0.9121
0.5723
0.974
0.8136
0.9787
0.4324
1.0
0.9186
0.9996
0.9597
0.9322
0.9069
0.9993
0.9916
0.9375
0.9045
0.8959
0.7888
0.8893
0.752
0.9756
0.9478
0.9566
0.9905
0.8449
0.9687
0.8668
0.923
0.8703
0.901
0.9963
0.8185
0.5741
0.8978
0.9971
0.9148
0.9832
0.5271
0.9638
0.9054
0.9494
0.9928
1.0
0.6926
0.9812
0.9837
0.9123
0.8593
0.9883
0.8255
0.5701
1.0
0.7828
0.9577
0.6685
0.9325
0.8613
0.9981
0.9536
0.9475
0.9272
0.9467
0.9187
0.9082
0.9504
0.9397
0.9656
0.9124
0.618
0.9777
0.9698
1.0
0.941
0.9953
0.9516
0.7879
0.9601
0.9755
0.8973
0.7844
1.0
0.9308
0.4147
0.9686
0.8466
1.0
0.9928
0.9842
0.8948
0.9162
0.9973
0.8034
0.9642
0.9593
1.0
0.9067
0.9436
0.92
0.9104
0.707
0.9504
0.9816
0.6791
0.955
0.8307
0.4338
0.9336
0.9409
0.8146
0.9968
0.9627
0.9898
1.0
0.9852
0.9341
0.9296
1.0
0.8412
0.9805
0.9312
0.9904
0.9768
0.8921
0.9214
0.9502
0.6648
0.7741
1.0
0.9743
0.9866
0.9794
0.949
0.9218
0.9941
0.9602
0.9741
0.6142
0.9923
1.0
0.9362
0.9017
0.9867
0.4934
0.9558
1.0
0.9997
0.9699
0.9337
1.0
0.9493
1.0
0.8211
1.0
1.0
0.9555
0.9525
0.9992
0.9407
1.0
0.7696
0.9733
0.9403
0.9837
1.0
0.9545
0.982
0.8298
0.9307
0.875
0.3583
0.8912
0.9145
0.9283
0.9752
0.9643
0.9641
0.6042
0.9449
0.9181
0.946
0.8879
0.9472
1.0
0.9114
0.99
0.9204
0.7779
0.9639
1.0
0.9348
0.6183
0.7314
0.7652
1.0
0.9763
0.9325
0.9537
1.0
0.9314
0.9651
0.936
0.6543
0.8671
0.9101
0.3344
0.9942
0.9938
1.0
0.9964
0.9553
0.9591
0.9293
0.9729
0.9114
0.9591
0.6091
0.9869
0.7421
0.9992
0.7628
0.5315
1.0
0.6032
0.9343
0.8456
0.9239
0.9122
0.8786
0.9419
0.9255
1.0
1.0
0.9304
0.9792
0.9793
0.9787
0.8722
0.9822
0.8025
0.9062
0.9564
0.9724
0.9849
0.9461
0.9185
0.7991
1.0
0.9288
0.9435
0.978
1.0
1.0
0.6627
0.3878
0.8686
1.0
0.9373
0.9343
1.0
1.0
1.0
0.9296
1.0
0.9262
0.6123
0.9915
0.5972
0.9926
0.9004
0.9029
0.9923
0.9103
0.9375
0.9344
0.9401
0.9891
0.9437
0.9207
0.9731
1.0
1.0
0.9795
0.927
0.9668
0.9812
0.9997
1.0
0.8659
0.9725
0.9613
0.9582
0.5012
0.3674
0.9573
1.0
0.9601
0.9772
0.8747
0.9617
0.9877
0.7131
0.7461
0.883
0.9434
0.7918
0.6981
1.0
0.9771
1.0
0.9335
1.0
0.7515
0.9633
0.7055
1.0
0.9624
0.9852
0.8506
0.7665
0.9716
0.624
0.9102
0.9779
0.9717
0.5941
0.7846
0.9333
0.9686
0.4241
0.6308
0.9798
0.5817
0.9751
0.9796
0.8205
0.7744
0.955
1.0
0.8946
1.0
0.8814
1.0
0.958
1.0
0.9995
0.9458
0.937
0.9469
0.8466
0.8868
0.4826
0.9424
0.9383
0.8307
1.0
1.0
0.9189
0.9586
0.7293
0.9012
0.8211
0.5215
0.4137
0.9012
0.9993
0.5386
0.9754
0.9274
0.9683
0.4124
0.9316
1.0
0.865
0.4903
0.9599
1.0
0.9852
0.7975
0.9826
0.9378
0.9798
0.8933
0.9894
1.0
0.9512
0.9
0.9343
0.8594
0.9281
0.7591
0.9769
0.7591
0.8949
0.9665
0.5689
0.8887
0.9598
1.0
1.0
0.7309
0.9922
0.9463
1.0
0.9486
0.8519
0.9946
0.9559
1.0
0.9101
0.9958
0.9432
0.9083
0.9358
0.9415
0.8012
1.0
0.892
1.0
0.9977
0.7988
0.8105
0.8768
0.967
0.9661
0.9475
1.0
0.9996
0.937
0.9953
0.9218
0.8423
0.9317
0.3927
0.6472
0.8736
0.9832
0.9231
0.6295
0.9598
0.9209
0.9239
0.9101
0.9447
0.8106
0.9905
0.9308
0.972
0.9549
0.9851
0.9635
0.9138
0.9852
0.994
0.9825
0.923
0.705
1.0
0.9827
0.6946
0.622
0.9843
0.9486
0.9969
1.0
0.8876
0.9695
0.9645
0.8956
0.9469
0.6728
0.9694
0.9758
0.997
0.9092
0.9549
0.9994
0.9997
0.9521
0.9629
0.8841
1.0
0.8032
0.9453
0.7623
0.5869
0.9666
0.9298
0.9745
0.9758
0.9502
0.6675
0.9347
0.8355
0.9559
0.8763
0.2914
1.0
1.0
0.9968
0.8885
0.9075
0.983
0.9664
0.936
0.9495
0.8949
0.7122
0.8154
0.9213
0.9438
0.9533
0.9696
0.988
0.9921
0.5672
0.7773
0.9901
0.9565
0.8205
0.3878
0.4231
0.9742
1.0
0.9998
0.9552
0.9465
0.9767
0.9379
0.8553
0.6316
0.9923
0.8496
0.951
0.9652
0.8944
0.9885
1.0
0.9069
0.5231
0.9096
0.864
0.8185
0.971
0.8822
0.9436
0.9625
1.0
0.8785
0.8496
0.8956
0.6087
0.9898
0.4708
1.0
0.9116
0.9998
0.6032
0.9526
0.9254
0.8874
0.9486
0.9445
0.9572
0.8739
0.8339
0.9185
0.9597
0.9707
0.8293
0.8906
0.9579
0.9997
0.9784
0.7879
0.8905
0.9453
0.9595
0.9446
0.9685
0.9725
0.961
0.9026
1.0
0.9708
0.9658
1.0
0.9997
0.9395
0.9287
0.8986
1.0
0.9686
0.8867
1.0
0.9984
0.9921
0.9091
0.9302
0.9613
0.7917
0.6064
0.62
0.9754
0.9395
0.6193
0.9415
0.6534
0.9997
0.5373
0.8541
0.8591
0.9017
1.0
0.9402
0.9004
0.9839
0.8155
0.9059
0.9461
0.8842
0.5576
0.7177
0.9698
0.9748
0.9831
0.8216
0.6699
1.0
0.9612
0.8616
0.9763
0.6064
0.8616
0.4403
0.5385
0.995
0.8183
0.9349
0.9932
0.9487
0.9202
0.9658
0.9515
0.9129
0.9508
0.8293
0.9598
0.9484
0.8758
0.9971
1.0
0.5252
0.9932
1.0
0.9677
0.985
0.9809
0.8602
0.8766
0.961
1.0
0.8892
0.8914
0.7739
0.8449
0.9061
0.9875
0.9757
1.0
0.9832
0.9401
0.9293
0.9334
0.4756
0.9413
0.9096
0.9788
0.9876
1.0
0.9739
0.8944
0.6042
0.5541
0.9548
0.9574
0.9754
0.9278
0.8751
0.7998
0.9582
0.3742
0.8181
0.9034
1.0
0.9598
0.8578
0.7858
0.9507
0.9337
0.9709
0.6911
0.9074
0.9253
0.9316
0.8713
0.9588
0.8274
0.6649
0.9866
0.943
0.9177
0.6358
0.7652
1.0
0.9622
0.6468
0.4323
0.9573
0.6907
0.9952
0.9216
0.5571
0.98
0.9888
0.9302
0.9442
1.0
0.9576
0.9496
0.9902
0.9852
0.7947
0.6534
0.9523
0.9437
0.9621
0.5319
0.9843
0.5699
0.9739
1.0
0.8042
0.8172
0.9911
0.9478
0.9899
0.8984
0.9397
0.9827
0.9835
0.922
0.872
0.9149
0.482
0.7557
0.9905
0.5722
0.9861
0.9659
0.9369
0.4962
0.8793
0.9641
1.0
0.8652
0.7776
1.0
1.0
0.9728
0.978
1.0
0.818
0.6123
0.6373
0.9738
0.9073
0.9293
0.5916
0.9603
0.9562
0.9265
0.9789
0.671
0.9454
0.9266
0.8307
1.0
0.9392
0.9254
0.3611
0.9728
0.9034
0.9884
0.9411
0.9721
0.8682
0.9284
0.9996
0.9805
0.9753
1.0
0.9695
0.7125
1.0
0.8974
1.0
0.6791
1.0
0.9974
0.8601
0.9677
0.9489
0.9648
0.9834
1.0
0.9767
0.9563
0.962
1.0
0.9101
0.8901
0.9914
0.9034
0.8531
0.3798
1.0
0.9189
1.0
0.9313
0.9865
0.8076
0.9772
0.9634
0.9815
0.6914
0.9996
0.9697
0.9334
1.0
0.9557
0.9204
0.7254
0.9485
0.9832
0.5625
1.0
0.9569
0.9725
0.9981
0.9399
0.9864
0.9414
0.8085
0.9407
0.9593
0.9787
0.734
0.9827
0.9563
0.9847
0.922
0.9352
0.6091
0.9126
1.0
0.9992
0.7058
0.9711
1.0
0.9299
0.7171
1.0
0.7154
0.9954
1.0
0.8334
0.9814
0.963
0.8581
0.9916
0.6673
0.8173
1.0
0.601
0.9431
0.9994
0.869
0.9728
0.8519
0.9184
0.892
0.9642
0.9515
0.9014
0.9798
0.8914
0.6494
0.9791
0.7092
0.9669
0.563
0.9473
0.9351
0.9088
1.0
0.9542
0.9589
0.8554
0.8916
0.9874
0.8167
0.6349
1.0
0.939
0.9675
0.8921
0.8549
0.9701
0.8622
0.9734
0.8241
0.9061
0.9109
0.9759
0.9385
1.0
0.9833
0.5857
1.0
0.9246
0.937
0.9412
0.9984
0.9494
0.8598
0.9593
0.9407
0.8756
0.721
0.973
0.4309
0.9798
0.8173
0.8721
0.9566
0.9641
0.9748
0.9795
0.9685
0.9638
0.9819
0.9011
0.8884
0.6635
0.931
0.4018
1.0
0.936
0.8788
0.9204
0.9996
0.6908
0.961
0.8085
0.9535
0.6825
0.9942
0.718
0.9557
0.9521
1.0
0.95
0.928
0.9099
0.7171
0.926
0.9513
0.9181
0.5195
0.9609
0.6836
1.0
0.6004
0.4707
0.9343
0.9701
0.6512
0.9052
0.5737
0.963
0.9787
0.7694
0.7848
0.9842
1.0
0.9756
1.0
1.0
0.9572
0.5571
0.8883
0.8506
0.9712
0.8874
0.9937
0.9489
0.9406
0.9699
0.9536
0.9836
0.9271
0.7298
0.9189
1.0
1.0
0.5915
0.9992
0.9581
0.5681
0.8893
0.6981
0.3251
0.817
0.9301
0.9377
0.9677
0.9694
0.9959
0.8044
0.964
0.8208
0.9442
0.9046
0.8967
0.8066
0.9382
0.9998
0.3439
0.7637
0.9284
1.0
0.9499
0.9572
1.0
0.9979
0.9667
0.9312
0.9097
0.9453
0.9477
0.9079
1.0
0.8887
0.9383
1.0
0.96
0.7591
0.7461
0.9365
1.0
0.9806
0.8155
0.8921
0.9381
0.9035
0.982
0.9638
1.0
0.943
0.9256
0.9745
0.9662
0.7719
0.9642
0.9853
0.8549
1.0
0.9466
0.7803
0.3297
0.6591
0.9047
0.9473
0.7523
0.9516
0.7668
0.9354
0.9284
0.9561
0.865
0.9401
0.9709
0.9431
0.9074
0.9769
0.9332
0.4707
0.8076
0.8836
0.9563
0.8447
0.872
0.9661
0.9506
0.5626
1.0
0.9859
0.8634
1.0
0.7095
1.0
0.9894
0.9633
0.9403
0.9337
1.0
0.9868
0.4763
0.9278
0.9541
0.5571
0.6136
0.9718
0.9669
0.9967
0.9787
1.0
1.0
0.9387
1.0
0.625
0.9874
0.9972
1.0
0.7858
0.9837
0.8816
0.9828
0.983
1.0
0.6982
0.9886
1.0
0.4584
0.9258
0.9983
0.6595
1.0
0.4217
0.9204
0.5105
0.9097
0.9006
0.9646
0.9668
0.9701
0.9794
0.5823
0.9833
0.9601
1.0
0.9558
0.9103
1.0
0.9328
0.9757
0.8758
0.5053
0.9576
0.9313
1.0
1.0
0.9856
0.9557
0.9314
0.936
0.9812
1.0
0.5548
0.9396
1.0
0.949
0.932
0.9402
0.9185
0.9463
0.5019
0.9784
0.5585
0.9625
1.0
0.6884
0.987
0.9688
0.9873
1.0
0.9618
0.9244
0.958
0.9615
0.6655
0.8936
0.9768
0.9665
1.0
0.9454
0.9064
0.9728
0.9616
0.9658
1.0
0.6276
0.9493
0.8476
0.4868
0.9445
0.9505
0.9177
0.9305
0.9567
1.0
0.6886
0.9923
0.974
0.9482
0.6513
0.9072
0.982
1.0
0.986
0.9633
0.9776
0.9017
0.944
0.5682
0.9798
0.9086
1.0
0.9155
0.9429
0.9936
0.5537
0.9834
0.9126
0.9386
0.8714
0.8349
0.9652
0.9258
0.8896
0.9979
0.4367
0.9912
0.9947
0.9597
0.9841
0.8683
0.9591
0.7709
0.9299
0.921
0.9429
0.745
0.8998
0.9782
0.9982
0.9565
0.9992
0.9775
0.9912
0.977
0.9272
1.0
0.9803
0.5539
0.9819
0.9523
0.991
0.927
0.5941
0.9669
0.9918
0.9831
0.9505
0.9432
0.7696
0.878
0.9418
0.6347
0.6473
0.9896
1.0
0.9233
0.9632
0.8974
0.943
0.4733
1.0
0.9451
0.9714
0.8668
0.8289
0.9661
1.0
0.8991
0.98
0.887
0.74
0.9944
0.9907
0.9526
0.9838
0.8076
0.9518
0.9445
0.9885
0.6042
0.9231
0.8427
1.0
0.9657
1.0
0.8012
0.9771
0.9688
0.6838
0.9555
0.973
0.9785
0.9741
0.9725
0.9991
1.0
0.7874
0.9806
0.9821
0.6734
1.0
0.9326
0.931
0.9852
1.0
1.0
0.9499
0.9663
0.9781
0.8026
0.8405
0.9854
0.9102
0.9406
1.0
0.9543
0.9197
0.7359
0.9201
0.9996
0.9061
0.9723
0.9684
0.9482
0.6911
0.8743
0.9686
0.6491
0.9381
0.9831
0.4972
0.8386
1.0
0.9657
0.9293
0.9741
0.8388
0.2116
1.0
0.9752
0.9919
0.9614
0.9958
0.9513
0.829
0.9811
0.869
1.0
1.0
0.5432
0.6367
0.5395
0.8956
1.0
0.9069
0.9432
0.9131
0.9996
0.9055
0.8326
0.9841
1.0
0.7409
0.9614
0.5992
0.8318
0.9825
0.9772
0.8662
0.9677
0.9688
0.9833
0.8909
0.8456
0.7719
0.8105
0.9521
0.9612
0.9499
0.9517
1.0
1.0
0.892
0.9886
1.0
1.0
0.4683
0.6962
0.9741
1.0
0.7186
0.9983
0.9711
0.7088
1.0
0.9077
0.9975
0.9201
1.0
0.5448
0.937
1.0
0.9637
0.9856
0.8065
0.9523
0.9708
0.9553
0.9713
0.9425
0.9222
0.8957
0.961
0.9297
0.4903
0.9779
0.9144
0.9484
0.9532
0.9505
0.977
0.9431
0.9795
0.916
0.5679
0.606
0.965
0.9801
0.6982
0.9808
0.9758
0.9675
0.9452
0.9574
0.9217
0.9137
0.9978
0.6308
0.8288
0.9134
0.5765
0.9516
0.9613
1.0
0.9999
0.9697
0.9716
0.9658
0.9017
0.9328
0.9616
0.8279
0.7421
0.9576
0.9335
0.9736
0.7997
0.916
0.9395
0.9374
0.969
0.6244
0.9914
0.7004
0.9446
1.0
0.8821
0.9532
0.4913
1.0
1.0
0.6855
0.6523
1.0
0.9302
0.8518
0.995
0.7835
0.9903
0.9246
0.8043
0.9407
1.0
0.9315
0.915
1.0
0.4806
1.0
0.4584
1.0
1.0
0.9926
0.9586
0.9551
1.0
1.0
0.9537
0.9054
1.0
1.0
0.973
0.9696
0.6552
0.9206
0.5916
0.4528
0.9856
0.927
0.9862
1.0
0.8723
0.5349
0.4183
0.9671
0.8821
0.5717
0.5017
0.9297
0.9666
0.9606
0.9662
0.9707
0.9713
0.9161
0.9871
0.4468
0.6896
0.9663
0.926
0.9342
0.9981
0.9956
0.9581
0.9392
0.9486
0.7956
1.0
0.9505
0.921
0.9306
0.9949
0.9255
0.9088
0.9862
0.962
0.9724
0.9701
0.7982
0.9717
0.7704
0.9702
1.0
0.9611
0.7114
0.896
0.7591
0.913
0.8274
0.874
0.9792
0.7713
0.99
0.9211
0.5387
0.981
0.9742
0.9269
0.999
0.5307
0.9724
0.8278
0.9751
0.9266
0.9708
0.9183
0.9725
0.9874
0.9806
0.9506
0.9187
0.9673
0.8626
0.9313
0.6598
0.9392
0.991
0.9163
1.0
1.0
1.0
0.9964
0.3894
0.4441
1.0
0.9822
0.9877
0.9751
0.9909
0.792
1.0
0.9361
0.9377
0.9599
0.9313
0.4347
0.9265
0.6356
1.0
0.9499
0.8499
0.5864
0.8395
0.984
0.9654
1.0
0.9039
0.9795
0.9572
0.9968
0.6763
0.9395
0.9863
0.9375
0.9251
0.466
0.8911
0.7092
1.0
1.0
0.9124
1.0
0.977
0.785
0.9029
0.8113
0.9286
0.97
0.9668
0.9628
0.6412
1.0
0.9587
1.0
0.7728
0.915
0.9487
0.9143
1.0
0.8691
0.8513
0.9461
0.9956
0.8652
0.6725
0.7364
0.9369
0.9745
0.7684
0.9491
1.0
0.9743
0.9805
0.8205
0.9995
0.9615
0.9247
0.6719
0.945
0.9373
0.9736
0.7956
0.9893
0.9956
1.0
0.9896
1.0
1.0
0.961
1.0
0.6181
0.9373
0.928
0.8958
0.9719
0.8663
0.8763
0.875
0.9681
0.9802
0.9622
0.9915
0.7063
1.0
0.8174
0.9995
0.9997
0.728
0.9791
0.8873
0.989
0.7818
0.5957
0.9769
0.9311
0.9842
0.9031
0.9689
0.472
0.9993
0.8155
0.8955
0.9966
0.6948
0.4692
0.8345
0.9112
0.9531
0.9349
0.9805
0.9747
0.8173
0.9538
0.9883
0.9911
0.5853
0.8911
0.9281
0.9671
0.965
0.7181
0.9364
0.8211
1.0
0.991
1.0
0.9751
0.6377
0.8528
1.0
0.8976
0.9051
0.5845
0.9515
0.8317
0.901
0.8602
0.9484
0.8879
0.9783
0.909
1.0
0.971
0.9416
0.9903
0.996
0.9824
0.6452
0.8982
0.9806
1.0
0.9077
1.0
0.9354
1.0
0.9052
1.0
0.6158
0.6091
0.8837
0.9452
0.9557
0.93
0.8752
0.906
0.9149
0.9315
0.9641
0.8497
0.9925
0.931
0.8657
0.784
0.7828
0.899
0.9585
0.9339
0.9866
0.8085
0.9076
1.0
0.9837
1.0
0.9754
0.9425
0.9777
1.0
0.9639
0.9467
0.997
0.9324
0.9873
0.6368
0.4344
0.9998
0.5542
0.9898
1.0
0.9228
0.9784
0.9839
0.9478
0.5816
0.8605
0.9494
1.0
0.9358
0.8928
0.8801
0.9717
0.9593
1.0
0.9826
0.9624
0.9449
0.9173
1.0
0.7174
0.982
0.9903
0.9467
1.0
0.9495
0.7802
0.7962
0.9724
0.8998
0.7176
0.9185
0.9945
0.3573
0.7966
0.9867
0.9276
0.9356
1.0
0.6221
0.7663
0.8424
1.0
0.9865
1.0
0.9305
1.0
0.9287
0.7665
0.8846
0.7688
0.6224
0.9914
0.9899
0.9585
1.0
0.8984
0.9844
1.0
0.9595
0.5785
0.6884
0.9645
0.6842
0.9681
0.993
0.9284
0.7715
1.0
1.0
0.8924
0.9481
0.9652
1.0
0.687
0.9594
1.0
0.6946
0.4404
0.9863
0.8636
0.9311
0.9934
0.9798
0.5832
0.8723
1.0
0.276
0.625
0.9959
0.8352
0.3529
0.9896
0.9811
0.8601
0.9841
0.8811
0.7665
1.0
0.8543
0.9001
0.9316
0.6896
0.9642
0.8988
0.9559
0.9396
0.9496
0.618
0.9213
0.9732
1.0
0.6981
0.9953
0.9718
0.9462
0.9601
0.9229
1.0
0.9591
0.9842
0.9368
0.4654
1.0
0.9555
0.9428
0.9916
0.774
0.8917
0.9873
1.0
0.9873
0.655
0.2884
1.0
1.0
0.9997
0.9238
0.9745
0.819
1.0
0.9252
0.9661
0.8189
0.6091
0.9479
1.0
0.9918
0.6835
0.8164
0.973
0.9983
0.996
0.9428
0.9048
1.0
0.9178
0.5743
0.9876
0.9401
0.9019
1.0
0.9949
0.5885
0.978
0.9506
0.9919
0.9496
0.8457
0.9807
0.882
0.7353
0.9577
0.6011
1.0
0.983
0.9927
0.9881
0.9996
0.9607
0.9052
0.4266
0.752
1.0
1.0
0.7191
1.0
0.9837
0.9374
0.9748
0.9484
1.0
0.3077
0.9182
0.6295
0.7713
0.9744
0.8672
0.9646
0.9492
0.5477
