0.8665
0.0998
0.0
2.995
2.231
0.3594
0.0
0.1225
5.548
1.235
1.636
0.9674
0.3943
4.6
0.05287
0.8206
3.321
0.3556
0.6026
1.652
0.329
0.3523
2.824
2.628
2.758
0.4354
0.1671
1.408
3.463
1.187
0.5352
0.09692
1.144
1.175
3.783
0.2636
0.4248
0.2226
0.4297
3.908
0.8271
0.6405
3.535
0.7154
0.7519
0.7469
0.8913
7.497e-08
3.012
3.215
1.392
0.0
0.4881
0.7177
3.238
4.212
1.713
1.302
0.5445
0.2238
0.5536
0.8353
0.9443
2.015
0.9481
1.188
0.0
1.147
0.7161
1.577e-07
5.202
2.09
3.307
1.311
1.326
0.0
0.4697
1.075
1.339
1.001
0.4991
0.0
0.7519
0.9119
1.021
0.0884
2.153
0.5433
0.4909
1.176
0.2006
0.2016
0.0
0.3551
7.157
1.075
3.198
2.376
5.552
2.228
0.8567
0.6542
1.239
1.224
5.599
6.285e-08
4.885
3.895
0.2392
2.401
0.2069
1.973
0.6204
0.0
2.015
1.647
0.03661
1.129
0.3582
0.4563
1.965e-07
0.5529
0.8446
1.88
0.5769
1.012
0.7
0.9011
0.7486
2.053
0.1371
0.6051
0.1863
1.937
4.186
2.166
2.585
0.482
0.2572
0.4133
0.1662
2.469
0.9126
0.5732
4.994
0.6743
0.0
0.7672
2.91
0.2415
0.3044
0.5484
3.242
0.5097
0.5465
4.563
4.484
0.7076
0.5689
2.374
0.5444
0.0
0.6842
3.071
0.5213
0.8315
0.0
1.005
0.7113
3.521
3.475
1.232
2.752
0.5972
1.253
2.831
0.5776
1.726
0.4238
9.339e-08
0.6382
0.4672
0.2282
1.948
2.38
0.7936
2.268
0.234
4.694
1.001
3.61
4.829
4.328
5.043
1.008
0.2872
1.157
0.4883
1.185
0.0
1.186
0.7391
3.304
1.092
2.56
3.442
0.1044
3.163
3.256
2.429
1.143
0.0
0.6079
1.164
0.3241
0.2555
1.675
3.207
2.596
0.4527
0.5623
4.181
2.451
1.445
2.671
1.534
1.909
2.749
1.134
2.917
0.2058
0.4774
5.61
4.96
1.245
3.215
3.269
4.168e-08
0.8717
0.0
0.4097
0.0
1.755
3.082
0.0
0.1593
1.237
0.7436
0.4595
0.5218
0.5386
1.137
0.743
1.039
0.7519
5.922
2.361
0.9971
0.9481
2.071
0.3731
0.1253
2.913
0.0
0.2315
7.25
0.1162
0.4907
0.8008
1.616
0.0
0.4758
0.3022
0.7859
2.953
2.399
0.0
0.289
3.325
0.9439
0.5107
1.257
0.8525
2.55
1.179
0.349
2.205
0.0
1.135
5.497
3.351
1.306
3.485
0.4226
1.405
1.988
0.0
0.7594
3.336
2.487
1.529
2.765
0.3714
0.1006
0.8034
0.4484
2.391
0.6857
1.408
1.932
1.021
4.843
0.5608
0.8488
1.267
1.597
0.7323
1.757
1.783
1.002
2.837
1.034
2.402
1.169
1.031
0.5549
2.471
1.589
0.5555
0.9623
0.6504
2.956
2.858
2.947
1.681
0.6839
0.1523
0.6681
1.605
3.812
1.738
0.885
1.953
1.207
0.0
7.178
0.0
0.8715
0.2581
0.2176
1.536
0.0
1.365
0.9436
1.071
0.8362
0.3793
0.0
0.9593
3.037
1.573
0.9014
2.91
5.22
0.4538
0.221
1.922
0.0
0.8302
0.4711
0.4354
2.956
3.532
0.5176
0.7507
1.094
0.7924
0.0
0.6404
0.2969
0.1969
2.692e-07
1.341
0.7913
0.605
2.662
2.981
2.271
2.018
0.8729
1.392e-07
0.4526
1.604
1.79
1.721
1.477
1.436
0.9401
0.9195
1.396
3.424
0.4467
0.09747
0.5662
1.514
2.228
0.4404
1.056
3.987
0.5701
0.5155
2.622
1.617
0.5052
1.127
1.186
0.4892
1.067
0.8461
1.076
0.7522
0.8513
0.0
0.0
1.084
1.645
0.5499
2.966
0.0
1.012
0.4088
0.8715
0.1847
0.2681
4.551
1.477
2.764
1.13
0.7053
0.2519
11.02
0.0
0.0
1.608
0.9943
0.4781
0.3682
3.61
0.1714
18.82
2.095
2.775
2.198
1.888
1.757
4.737
0.362
4.159
0.0
3.972
0.7799
0.0
1.245
1.018
0.9216
1.306
0.7
0.9817
0.6499
0.226
0.8196
6.312
1.006
0.4265
5.632
1.831
0.3082
2.345
0.8308
0.0
2.254e-07
3.382
1.33
1.517
1.193
1.109
0.2845
0.0
0.1013
0.6954
2.786
0.9723
6.725
0.8178
0.2938
2.524
5.782
0.0
3.574
0.3275
0.0
0.5269
0.0
1.109
0.03707
1.601
0.5202
0.457
0.8925
1.602
0.8818
0.41
2.054
0.6954
1.959
0.1863
0.4009
0.6071
1.908
0.2659
0.6576
2.925
0.3816
0.5668
0.6833
1.892
1.993
0.2941
2.91
0.6556
0.8778
0.402
1.781
8.21
1.05
0.0
0.8436
1.864
0.7173
1.777
0.4727
0.2264
1.575
0.6856
0.6217
1.091
5.84
0.7305
0.6322
0.6804
1.141
2.773
1.512
0.3943
0.9804
0.3165
0.8004
1.232
0.6682
0.4024
1.968
0.6062
1.875
2.27
0.0
0.9162
3.77
0.8262
0.6785
0.7577
0.9567
0.2972
1.019
0.0
0.6742
0.482
2.512
3.75
5.457
0.0
0.9123
0.0
0.5029
1.027
1.188
5.472
2.893
2.13
0.0
0.6095
1.108
1.705
0.1526
0.5281
1.25
1.679
3.133
0.3912
0.2961
0.7141
0.9907
1.317
0.0
2.078
0.0
1.854
2.404
0.8859
0.7559
0.9465
0.9985
1.881
1.758
0.0
2.132
3.541
0.114
2.469
0.4349
0.7749
0.1687
3.081
1.893
0.8865
2.692
0.4278
0.07895
1.096
1.703
2.767
0.5936
0.0
0.0
1.778
4.181
0.0
1.681
1.106
4.383
1.95
0.4387
3.174
0.5483
4.602
2.025
0.36
1.656
1.902
1.986
2.967
0.0
1.783
2.937
0.2343
0.4606
1.259
0.2565
0.0
0.9055
0.1293
1.706
0.5186
0.3302
2.19
2.187
1.881
4.959
0.4785
0.5443
0.8526
1.137
0.0
3.443
1.721e-07
1.721
0.0
1.272
3.547
0.3914
3.677
0.0
0.8893
0.8271
5.031
1.415
2.189
3.655
1.271
0.5897
0.2454
1.858
3.304
2.001
0.7216
3.797
0.6377
0.5189
0.0
2.379
0.6918
0.6368
0.0
0.1993
1.296
2.274
0.25
0.4194
0.8034
1.39
0.8146
2.997
1.549
0.2747
1.184
0.9144
0.2926
0.0
0.5426
0.9449
1.325
1.945
0.4892
5.129
1.035
2.787
0.4454
0.2997
2.38
1.824
0.6491
0.4901
3.516
2.244
1.064
0.6249
5.159
1.175
0.1733
2.639
0.6697
3.921
0.5189
0.1173
2.488
0.2728
0.9373
0.0
1.754
1.34
0.0
1.188
2.15
1.024
1.562
1.347
1.608
0.4541
0.7392
0.9663
7.497e-08
1.177
0.3136
2.168
1.26
2.13
1.976
1.538
2.635
0.997
0.2734
0.4645
3.215
1.098
1.267
2.868
0.6617
2.611
0.6584
0.4067
0.2673
0.5012
1.221
0.485
0.0
0.0
0.6269
2.539
1.987
1.946
3.017
0.0
1.873
2.437
1.361
1.033
2.237
1.61
0.7282
0.4537
0.3104
0.8341
1.019
1.63e-07
2.27
0.2948
1.552
3.87
0.6182
0.9496
3.611
0.2015
0.0
0.4313
3.922
0.965
4.174
0.0
2.371
1.456
2.055
3.366
4.062
0.0
0.4671
1.74
1.487
3.317
3.619
0.0
0.8929
1.49
0.8845
0.439
3.67
0.6827
0.7064
1.534
0.0
0.4136
1.777
1.137
0.6523
0.8546
1.019
0.211
6.854
1.15
0.5497
0.5831
1.89
1.916
2.107
0.0
0.6506
0.6143
0.4723
0.4055
0.1211
1.237
2.08
0.0
2.686
1.61
2.749
0.7839
0.0
0.3634
1.39
1.542
1.245
2.331
0.2799
2.337
0.2641
0.7912
0.6558
2.799
2.176
0.6286
2.837
2.703
0.4651
0.743
4.842
3.517
0.5046
1.37
0.4412
0.0
0.0
2.692
0.9123
0.8612
1.076
1.187
0.6405
9.139e-08
3.696
0.4929
0.6574
2.388
0.1614
4.878e-08
1.321
0.5723
3.531
0.6772
1.046
0.0
1.21
1.697
0.0
4.514
3.652
2.598
4.172
0.7891
2.964
0.7013
2.095
1.278
0.6211
0.1599
1.138
2.381
5.018
0.2972
1.498
5.369
0.7375
3.552
0.8182
1.45
1.229
2.922
1.818
0.8066
0.0
1.377
0.4799
3.209
2.775
0.5071
1.072
0.8601
0.625
0.7639
0.189
1.193
2.547
0.4275
2.941
1.194
0.0
0.0
0.0
2.025
1.378
2.274
0.6291
0.9111
2.41
1.526
1.351
3.708
0.9508
0.6016
0.793
0.9686
1.176
0.6094
0.0
4.377
0.9319
1.654
2.213
0.3346
0.0
1.264
1.327
0.0
0.3418
2.583
1.108
0.6449
0.7806
1.013
2.064
2.387
0.1843
3.215
4.603
2.629
0.8778
6.685
0.2083
1.018
1.819
3.264
1.695
1.246
0.3503
0.0
1.898
0.9396
0.4907
1.788
1.146
1.173
0.2931
2.08
0.0
0.2693
5.012
0.708
9.439
1.616
1.315
0.9893
0.2782
3.059
0.53
0.3727
3.743
2.054
2.535
1.356
5.033
1.657
0.6372
2.105
1.965
0.8294
0.41
0.8965
6.935
0.1124
0.6305
0.6899
3.824
1.726
0.9494
1.553
0.1818
0.3201
3.043
0.7543
0.3198
2.628
1.159
0.2697
1.898
1.412
0.9975
0.5149
0.0
1.454
3.264
1.06
1.745
1.434
2.376
0.7528
1.854
1.239
2.863
0.09114
0.2746
0.0
8.298
0.0
0.7453
0.5249
1.269
2.247
1.098
0.9249
2.302
1.325
1.215
8.436
1.051
1.7
1.13
0.0
1.261
0.9786
0.0
1.776
0.0
0.5461
1.648
0.6205
1.015
0.6579
0.0
1.176
0.3687
0.2693
0.343
0.0
1.077
0.9353
2.19
1.112
0.6824
2.208
1.084
4.264
0.8582
1.998
0.6027
0.0
2.72
1.22
0.9719
2.085
0.4467
0.0
3.142
0.5659
1.428
0.4544
4.723
0.4901
0.9119
0.8567
0.3032
0.6347
0.7405
0.7017
2.715
0.0
2.451
1.998
0.0
4.918
1.7
3.291
1.192
0.9804
0.8654
2.137
0.4119
1.629
0.4184
0.7729
0.0
1.067
0.9436
4.07
3.148
4.219
0.6493
6.422
0.5988
0.3012
0.5698
1.505
3.927
0.4314
1.322
0.0
0.4929
0.6186
3.463
1.257
1.146
4.556
1.824
0.1983
2.35
0.7519
0.8466
0.1032
2.769
4.159
1.617
0.0
1.505
1.892
0.2928
0.0
2.583
1.648
0.5135
0.3628
1.529
0.3969
1.279
2.964
0.5107
1.151
0.0
0.0
0.8532
0.8568
1.325
1.601
0.8378
1.255
2.212
1.31
0.4127
1.095
5.479
1.791
0.5191
0.9137
2.006
2.737
1.454
1.965
0.0
1.364
0.8146
0.0
0.0
0.0
1.517
0.567
0.3333
1.042
0.5937
2.686
0.3423
0.3598
0.2684
1.649
0.6648
0.0
0.6805
0.9185
1.04
3.434
1.17
0.0
0.7414
2.74
0.5707
1.7
0.9626
1.588e-07
0.901
3.699
0.7783
3.382
0.6579
5.501
0.0
1.114
0.08784
2.085
0.6333
1.338
0.0585
0.4487
0.4822
1.703
1.017
1.602
3.081
4.843
0.4852
1.877
0.3285
0.6747
2.478
0.5636
1.328
1.155
2.967
2.978
0.09071
2.116
3.896
1.155
0.09402
1.695
0.301
4.133
0.9224
0.8178
0.6106
0.4366
2.018e-07
2.69
0.6065
4.275
1.643
1.497
0.3382
1.529
11.59
0.0
2.521
0.6482
2.337
1.567
1.608
2.647
0.7048
0.5411
0.928
0.6614
1.542
1.378
3.463
0.6721
1.745
0.7359
3.057
0.4629
0.5442
0.0
0.6988
0.4109
0.7495
3.192
0.8661
0.2151
1.076
3.371
0.0
0.9275
4.022
0.3804
1.272
5.49e-08
0.2375
0.4424
0.8386
1.89
0.3165
4.992
0.4817
1.142
0.0
0.838
1.123
0.8909
1.214
3.586
0.681
0.2282
3.583
1.602
2.754
3.27
0.8197
0.5093
1.95
0.1743
0.5823
0.3715
0.0
0.6728
1.003
1.341
0.0
2.605
0.3846
1.987
0.2392
0.3757
0.6108
0.9247
1.239
3.372
2.006
0.0
0.7859
0.2681
0.479
0.5022
2.001
0.5321
1.194
0.2642
3.454
0.1566
0.0
0.607
1.924
0.39
3.118
0.5153
0.0
0.09747
0.62
0.7368
0.0
0.4661
1.108e-07
3.753
0.0
0.0
0.4181
0.7828
0.08684
1.526
0.0
2.013
0.51
0.746
0.4341
0.0
0.9026
0.1989
1.454
0.5433
2.494
8.174
0.8239
0.58
1.218
0.3124
0.545
0.6248
3.356
0.2848
1.959
1.321
1.909
0.4747
0.0
1.238
0.4223
0.6435
3.467
1.077
7.066e-08
0.9983
3.857
5.16
8.206
0.0
0.8206
1.567
0.8309
0.0
0.984
0.5944
1.264
2.524
4.579
2.271
4.666
0.1529
0.2772
0.0
0.3376
1.026
0.4389
1.791
0.3999
1.238
0.5155
3.873
0.4529
2.802
0.6305
5.567
3.097
0.0
3.51
2.004
2.701
0.6461
2.388
1.893
0.7509
1.242
0.0
2.161e-07
0.705
0.6581
0.4402
0.8398
1.43
0.5606
0.8675
0.8516
0.7389
0.33
0.3564
0.9128
1.012
1.645
0.0
1.44
0.387
0.4621
0.0
0.0
3.761
5.081
1.039
0.0
1.362
1.064
0.0
0.0
0.0
1.878
0.0
1.511
4.221
0.246
3.703
0.2827
1.8
1.603
0.4694
1.675
1.048
1.244
0.7687
0.2424
0.5951
0.7459
0.3823
7.453e-08
0.0
0.385
0.7818
0.4029
0.5619
0.04718
0.0
2.837
0.4321
0.5504
0.6777
3.634
10.18
0.7879
0.0
0.4583
0.5188
2.404
0.6352
0.5053
1.664
2.599
1.029
0.5806
3.091
4.311
0.0
0.3013
0.0
1.405
0.0
2.821
0.3456
2.915
6.045e-08
1.106
0.4137
2.038
1.624
0.4077
4.635
0.9472
0.4507
0.5158
3.704
3.325
0.9975
1.187
5.063
4.206
0.542
3.212
0.9509
1.118
5.109
3.003
0.6628
0.0
0.7909
0.0
1.309
0.0
0.6003
0.0
0.0549
0.4404
0.4062
1.217
6.794
0.8573
4.349
0.5652
0.7497
2.53
0.0
0.0
1.236
0.6504
2.956
1.492
8.497
5.012
4.282
0.9347
0.1821
3.065
0.3625
0.9232
0.4967
4.153
0.6534
0.0
1.642
5.842
1.261
0.0
0.2993
3.014
0.2992
0.5541
0.8114
2.085
0.2722
7.797e-08
0.5451
1.629
0.8699
1.876
1.571
3.366
0.58
7.371
1.419
0.3743
8.433
1.763
1.186
0.0
0.0
5.79
0.5614
0.7706
0.0
0.6354
2.338
0.2772
0.5293
0.0
1.873
0.1612
1.034
1.905
0.8612
1.439
4.995
0.0
1.952
0.0
1.456
1.872
3.355
0.7423
0.699
0.9396
0.8278
0.0
0.08744
1.579
1.647
2.001
2.487
0.6471
2.911
3.347
1.765
0.953
0.8845
1.742
1.186
1.153
1.257
0.8472
0.3311
0.8831
0.8865
0.8226
0.3279
1.831
0.5153
0.5872
2.391
0.2762
0.2519
0.4308
1.412
1.524
2.433e-08
0.2583
2.739
2.648
0.3469
0.9516
0.09136
0.0
0.7977
0.8049
0.481
1.528
1.217
5.905
0.2756
0.5754
0.2698
1.477
1.831
0.3449
0.3789
1.343
0.3455
2.187
0.0
1.104
0.6734
2.971
2.745
0.8336
1.179
0.4838
0.5754
1.239
6.582
1.898
3.081
0.4092
2.599
4.551
0.0
0.0
0.2188
1.303
1.196
0.3613
0.6161
0.6357
1.052
1.419
2.741
1.053
0.8182
1.135
1.277
1.018
0.3293
0.2349
3.327
2.858
0.3329
0.7172
2.651
4.114
4.026
0.4236
1.63e-07
0.03959
0.9494
0.6704
1.084
0.6074
2.715
2.912
0.3009
2.059
0.9567
0.9054
1.909
0.4839
0.0
1.028
5.993
2.806
0.7353
2.116
0.5297
1.491
2.593
0.4048
0.0
2.767
2.059
2.095
2.962
0.3715
4.506
0.0
0.6834
0.03774
2.998
0.572
1.605
1.383
0.5176
0.5797
0.4802
1.082
3.135
0.7188
1.137
0.6207
4.331
1.968
0.8371
0.04667
1.214
3.192
0.7389
0.4467
0.6756
1.654
1.188
0.8736
0.7216
0.9027
1.032e-07
0.7307
0.5304
0.0
0.583
1.221
0.8697
0.9535
0.0
0.8766
1.391
0.0
1.15
0.283
1.637
0.5932
0.2954
2.244
4.453
4.358
0.6523
1.276
3.81
1.439
2.77
0.06368
2.522
1.419
1.167
1.924
0.0
0.5164
1.8
0.3606
4.315
0.8095
0.9128
0.9952
5.244
1.117
0.5138
1.411
0.2934
2.703
3.344
0.0
0.3626
1.984
0.528
4.453
1.984
13.47
3.364
0.229
3.264
1.051
0.1933
0.6361
1.136
0.4476
1.502
1.009
1.003
1.937
0.553
2.121
2.206
0.3141
0.0
3.488
0.838
0.0
0.4959
0.414
0.4201
2.469
0.921
1.073
0.0
1.857
2.023
1.581
2.835
0.7494
0.1965
0.4477
0.0
0.4024
0.5445
0.6138
4.613
5.983
1.055
2.806
0.4875
0.6225
0.0
0.513
1.909
4.414
3.139
0.8339
0.6234
0.4071
0.85
1.257
1.505
1.164
3.829
1.352
0.8069
0.0
0.885
4.25
2.822
0.6785
1.256
1.381
3.557
1.023
1.01
1.103
1.79
0.5336
1.153
2.324
0.4105
0.8939
1.317
4.046
8.206
0.0
0.7459
2.747
3.485
0.7879
5.84
0.1792
1.51
2.892
0.2889
0.3738
1.053
0.6721
0.0
1.325
0.7262
0.101
0.6728
4.646
2.77
0.8086
0.8406
0.6706
3.87
0.3661
5.286
0.282
0.0
2.461
1.589
0.1888
1.877
0.3594
2.501
0.7107
0.5644
0.3007
2.148
1.024
1.883
3.57
5.422
0.1816
4.632
0.3679
0.5116
0.9031
5.954
1.109
0.3277
0.0
0.8511
5.405
0.0
2.529e-07
0.5518
0.5506
0.0
1.125
2.743
5.799
0.5165
0.6603
1.26
3.702
0.5046
0.4943
0.9171
0.2214
3.261
0.5108
1.851
3.317
0.0
1.241
0.9807
4.291
0.6854
1.792
0.3256
0.965
0.4981
3.964
1.387
0.0884
0.6194
1.327
0.0
0.4702
3.079
0.0
1.242
0.0
3.583
0.0
0.1196
1.06
0.6906
0.6182
1.253
0.5518
0.0
0.2994
1.097
1.094
0.0
0.6863
3.269
0.29
0.8224
1.062
4.652
0.0
1.236
0.0
0.8318
0.6051
4.869
0.4278
0.3668
0.2782
3.161
0.08784
0.6963
4.613
0.0
0.8126
0.8731
2.852
1.681
0.301
3.311
0.0
0.5766
1.097
1.562
0.5464
0.3574
1.491
2.033
1.441
1.142
1.976
8.507
0.2004
0.5981
0.3367
1.096
1.075
2.481
2.13
0.0
1.067
5.031
1.875
0.0
1.821
3.896
0.0
6.655
0.1186
1.392e-07
2.528
0.9985
0.8346
1.552
0.3222
3.312
1.814
0.0
6.728
0.5547
0.1805
0.9098
0.5518
2.338
0.7188
1.466
0.2578
0.9425
1.159
0.8114
2.023
3.601
0.9308
3.073
0.9676
4.502
1.122
0.5763
1.621
0.0
0.3304
0.6441
1.65
1.713
0.5045
2.153
2.837
2.529e-07
1.405
0.6058
0.9212
1.386
1.135
1.69
0.3821
6.373
1.272
1.174
0.4929
0.5084
0.0
0.3347
1.994
0.0
0.9582
1.579
0.5481
1.15
0.9496
0.9818
0.7606
4.936
1.248
5.846
0.4871
3.724
0.542
0.7047
0.9784
0.3902
0.9883
1.138
0.3863
0.4415
0.4797
0.23
0.9709
0.7278
1.645
0.6667
17.12
0.0
0.5971
0.8594
0.4616
0.02214
2.469
0.8997
1.932
0.6496
4.422
2.635
3.841
0.4913
1.343
0.0
0.42
1.27
0.8008
3.896
1.929
1.936
1.314
4.145
0.4378
2.302
0.0
6.811
3.34
0.538
0.9039
3.094
0.8038
2.821
0.8346
1.976
1.219
2.953
0.4266
7.509e-08
0.4506
0.0
0.0
0.8513
3.968
1.097
2.038
0.3593
0.7596
0.1183
0.716
0.7608
0.5506
1.029
0.4188
0.7355
3.072
2.524
0.0
0.0
3.133
0.1687
0.5241
3.517
3.081
3.921
4.455
2.407
0.7127
0.4795
0.9874
1.601
0.1457
2.535
1.024
2.018
0.8729
1.53
2.247
3.54
0.7034
0.07895
4.476
4.023
0.9663
0.0
1.072
0.8124
0.0
0.41
0.3371
1.38
1.74
0.9257
0.8032
1.01
0.0
2.137
0.5491
0.0
1.048
7.371
2.599
1.079
0.0
0.2027
2.983
1.103
2.171
1.657
0.4516
0.65
0.0
0.7091
0.9674
1.661
1.49
2.64
0.4831
0.3863
1.386
0.0
0.8729
3.431
5.035
5.111
0.7111
0.4618
2.456
0.4038
2.974
1.3
1.661
0.6835
1.642
0.8379
1.381
1.008
1.014
0.6437
0.6489
6.554
5.008
1.281
0.8024
1.916
0.9656
0.9396
0.3328
3.297
0.0
0.7818
0.9597
9.04e-08
2.819
0.0
0.4537
0.4207
0.746
0.8738
0.0
0.2108
5.901
0.8646
0.7131
3.968
3.541
0.811
0.5384
0.1351
0.467
0.0
0.0
1.156
0.0
2.564
0.366
0.4484
0.0
2.822
4.275
1.417
0.3388
0.2626
0.0
1.382
0.3152
0.0
4.084
0.641
0.09419
2.58
0.0
4.879
0.5937
6.918
3.043
1.506
0.4522
0.5252
0.6778
0.2945
4.337
0.8505
0.8661
0.0
0.6251
1.801
0.0
0.949
0.4698
2.206
4.069
0.4246
1.016
0.0
0.0
0.5042
0.5095
0.7895
1.264
0.5619
0.0
3.373
0.6399
0.0
0.8355
0.7977
0.5164
0.8978
0.6449
3.825
0.1905
5.978
1.187
0.0
3.073
0.2183
0.9008
0.2919
0.0
0.501
1.232
0.5386
0.4123
3.886
1.466
0.5121
1.176
0.0
0.6388
1.155
0.7469
0.7441
0.708
6.217e-08
3.254
0.6406
5.239
2.578
0.8911
0.3732
1.317
0.7982
1.267
0.0
2.309
0.2238
0.7783
1.118
4.435
0.8115
0.4901
0.0
0.1987
0.4207
0.5007
1.127
0.7909
4.425
0.3992
1.207
0.0
1.37
0.9433
0.1482
5.113
0.8375
2.13
0.5933
1.432
1.386
0.9054
0.57
1.778
0.07833
5.033
0.2288
0.1163
2.085
0.3506
4.941
0.8667
2.954
1.821
2.457
0.5254
4.951
1.246
0.6014
0.08023
0.9404
0.06295
0.3044
0.4127
0.4391
0.928
0.0
0.3266
4.055
0.3875
0.9514
0.3858
0.4875
3.704
0.5763
0.1897
0.227
0.8984
0.6213
2.013
1.902
0.8601
3.422
4.38
0.196
0.0
1.15
0.8788
1.323
0.7944
3.277
1.126e-07
2.511
1.127
0.8826
1.16
0.787
0.0
1.434
0.3153
1.361
2.508
0.1792
0.3536
1.365
0.3484
1.608
1.032
1.245
0.3963
4.414
1.234
2.213
0.0
0.8945
2.254e-07
1.937
0.9331
0.9234
3.758
0.7464
0.8011
0.215
0.4897
0.8736
0.1211
0.0
4.086
0.5071
0.3467
4.829
0.0
0.9611
1.057
0.5961
0.0
6.217e-08
0.5371
0.7831
0.6996
2.799
1.557
0.2562
0.6428
0.6884
0.0
0.6843
1.322
2.385
1.2
0.07255
1.332
0.6094
0.671
1.105
3.557
1.675
0.556
2.623
2.171
0.1951
4.484
0.947
0.0
0.4027
0.9574
0.624
4.503
4.781
0.0
0.7255
0.3253
0.3296
0.1912
1.936
1.88
0.4313
1.088
0.0
0.0
3.241
5.603
4.007
1.528
0.0
1.338
0.6531
0.9023
0.2544
1.514
3.987
0.3147
0.0
2.214
1.037
2.932
1.971
0.4651
0.5707
3.895
0.4897
3.696
0.8505
1.132
2.701
2.64
3.355
0.5151
0.6641
1.616
0.6975
0.0
0.0
1.952
0.2476
0.0
0.0
7.118
2.549
0.5333
0.0
2.331
0.1536
0.4262
5.493
0.0
0.6341
0.1735
0.686
0.0
3.128
1.125
0.0
0.4286
0.3152
2.765
0.6933
0.5903
0.8473
0.7192
0.5109
0.9191
1.656
1.073
1.076
5.842
0.3313
1.08
0.8279
0.6614
1.62
0.6579
1.26
0.3281
1.132
5.616
4.602
0.5265
0.357
1.382
0.3895
0.3838
1.07
0.8114
0.8516
2.107
1.79
0.292
4.206
1.329
0.8607
3.509
0.6493
0.7679
0.0
0.02028
0.3885
0.5919
0.6154
1.127
0.949
0.309
2.85
2.802
0.9449
0.4717
1.016
2.434
1.649
1.276
0.906
1.703
5.338
0.2767
4.994
1.654
0.0
1.247
0.7584
3.95
0.0
0.0
2.487
2.961
0.0
1.099
1.603
0.1098
5.48
0.3281
1.45
1.221
0.4864
0.0
0.6124
1.393
0.0
4.186
0.0
4.084
0.0
0.0
0.3078
0.6209
0.7955
0.0
0.0
1.05
0.9779
0.0
0.0
0.8011
0.7787
2.402
0.7586
3.702
3.379
0.7405
1.032
0.4207
0.0
1.745
4.614
3.856
1.071
1.347
5.229
3.442
1.114
0.8336
0.5376
0.2399
0.3037
0.4963
1.271
0.284
3.218
5.346
0.7831
1.929
1.408
1.562
0.1457
0.5407
1.241
6.232
2.309
0.0
1.62
2.457
1.976
0.19
0.6444
1.621
0.2088
0.8965
0.3844
1.135
2.697
0.5555
3.56
0.4414
0.0
0.7469
1.813
0.9541
3.366
1.264
1.794
2.45
0.6581
3.936
0.1872
0.717
3.882
0.5068
1.115
0.7985
0.1232
4.362
0.6648
3.743
0.9509
1.851
1.141
0.9723
0.5164
0.3815
0.666
0.7413
1.017
0.6722
1.334
0.951
2.669
1.019
0.4785
0.8077
0.0
0.0
0.0
0.2446
4.196
5.037
0.0
0.303
0.4772
0.6917
0.2227
4.294
0.0
1.407
0.8159
0.5311
1.734
3.497
0.9719
5.114
0.0
1.072
1.809
4.216
1.735
0.3344
0.4156
0.0
0.7739
0.3124
0.5301
0.1266
4.681
0.8748
0.2296
0.7916
0.8386
3.997
1.284
3.073
0.0
0.0
0.7359
0.0
0.4962
1.52
1.603
2.189
0.6384
0.9431
0.5664
0.3494
4.134
0.0
0.6403
0.0
2.22
1.701
2.535
1.198
0.0
0.8509
0.8435
0.8783
0.0881
0.8313
4.551
1.605
0.4994
1.661
2.593
0.6355
0.0
0.7859
0.5695
5.109
0.07036
0.4558
0.5156
4.515
1.719
0.8022
0.4808
1.086
0.2751
0.2152
0.0
0.2536
0.0
0.0
0.5195
0.0
4.441
1.362
0.6148
2.125
0.8351
0.6455
2.599
2.361
0.2759
0.4781
0.4902
0.3061
4.317
0.0
4.529
0.09375
0.03907
4.688
0.2654
1.023
0.2031
1.935
2.102
0.3878
0.8194
0.2636
1.315
0.5227
4.481
0.1821
2.983
0.5298
0.1179
3.171
3.915
2.74
1.158
0.6726
0.6637
0.5481
0.7085
1.814
0.5115
0.2368
0.1547
2.984
2.208
1.571
0.5399
0.54
3.783
1.892
8.497
0.0
0.2114
0.0
0.3404
7.129
2.381
0.0
1.266
0.8278
5.768
1.502
3.012
2.978
0.8457
0.6308
1.235
0.3306
1.553
0.0
0.5331
0.5828
0.2023
0.2275
0.4423
2.847
2.764
0.3286
0.0
1.295
0.0
1.169
0.0
0.8038
0.0
2.911
2.481
0.7917
0.6652
0.866
2.41
1.738
1.326
1.692
0.8456
0.7295
1.503
0.65
1.199
1.953
3.483
2.521
0.9698
0.656
0.5297
0.6239
2.033
0.9574
0.0
0.3788
0.0
0.3761
0.8302
0.4205
0.0
0.5227
0.6614
0.1248
1.04
0.3148
2.874
4.64
0.04964
3.892
0.2872
0.0
1.188
1.214
0.2738
0.6842
5.91
0.9366
0.8046
0.0
0.6955
1.517
0.5485
0.3777
0.4748
0.0
0.4919
0.6104
0.7505
0.838
0.0
5.37
0.4501
0.1355
0.8636
0.0
1.052
2.956
4.885
0.8294
1.13
3.135
0.8978
0.2183
4.123
1.095
0.5523
0.6166
0.4958
0.0
3.365
2.426
1.976
0.0
0.3551
0.0
0.5995
0.0
0.8661
2.966
3.67
2.681
2.382
0.29
0.3789
0.7077
0.0
2.501
0.5585
0.0
0.5359
6.047
3.073
0.6098
3.709
0.4389
0.1395
0.698
1.681
0.0
0.0
0.5392
0.6605
0.3785
1.108e-07
4.146
0.5311
0.0
2.739
5.54
0.5119
1.257
0.3829
0.2726
0.6438
3.774
1.745
0.0
4.709
5.247
0.5917
1.997
7.25
0.1728
0.3128
1.908
3.071
1.012
1.624
0.0
5.256
1.168
0.6684
5.346
0.4153
1.105
0.4378
0.6399
1.538
3.057
0.7183
0.3825
0.0
4.311
0.2517
0.4354
0.8689
0.6357
0.9194
0.0
1.278
0.2521
0.6071
4.526
0.0
0.5891
1.057
0.6529
6.031
1.41
0.3621
0.0
0.4344
2.352
17.68
0.0
0.0
0.05803
0.9881
0.476
3.141
0.0
1.033
0.4621
2.205
3.873
0.5039
0.0
0.273
5.782
2.345
0.4907
0.1715
0.1152
0.9859
1.041
0.0
0.5584
2.93
0.6225
1.003
1.665
0.0
0.3314
9.439
0.7682
0.5243
0.2598
1.089
4.484
0.3384
1.12
2.292
0.7947
3.226
0.0
0.4608
0.434
0.1854
0.07255
0.5529
1.087
3.852
3.391
0.0
0.0
2.212
0.0
1.428
0.7564
1.411
2.121
0.0
4.625
0.7713
1.742
3.936
0.3057
2.402
0.8862
1.063
2.707
