6.637
7.539
4.624
5.081
0.6913
5.117
2.42
3.242
2.495
3.572
13.36
4.548
3.008
8.111
4.306
12.39
7.059
12.11
3.343
5.194
0.0
2.589
9.591
0.0
6.292
4.417
1.542
0.8401
5.073
3.259
7.687
2.556
1.479
6.744
7.271
6.886
1.327
4.948
5.295
3.969
2.345
3.006
7.003
2.607
4.633
11.03
4.476
0.4364
4.431
3.971
5.712
7.798
4.451
3.941
2.107
2.294
3.484
5.204
4.362
6.538
10.91
8.639
4.189
2.21
8.111
6.278
1.423
10.07
7.168
11.2
9.591
4.243
6.277
5.73
7.36
4.403
8.639
4.915
10.49
9.557
3.043
2.624
1.221
2.64
2.884
5.052
1.327
4.455
4.983
3.144
5.954
2.334
4.253
4.938
3.153
5.468
3.745
3.006
12.43
2.284
1.105
4.402
7.246
6.835
1.759
1.143
6.471
2.766
5.288
5.428
6.139
8.567
3.014
4.695
4.526
8.111
5.587
4.07
2.88
3.287
4.2
4.375
10.73
5.407
4.709
5.137
4.51
1.228
0.6029
4.338
3.785
4.735
3.236
1.36
2.94
4.706
6.569
2.541
11.38
4.17
6.658
0.0
9.863
3.414
4.5
4.569
0.0
5.007
1.391
12.11
4.253
4.454
3.458
5.452
2.521
11.1
5.367
4.555
2.528
2.669
5.095
11.61
4.484
3.01
4.431
1.683
3.343
2.28
4.757
4.127
10.04
4.48
8.111
6.787
0.0
8.223
4.881
5.519
2.584
8.639
5.54
2.89
4.782
8.639
1.221
1.156
7.219
5.756
5.925
8.961
8.164
4.134
4.851
4.272
1.515
8.579
3.923
10.3
7.244
4.173
3.128
2.77
4.282
2.884
5.125
5.191
5.203
2.051
7.541
6.951
4.627
6.514
7.108
5.493
1.782
3.559
1.379
6.797
4.076
2.294
3.242
6.144
3.354
4.842
3.169
5.148
2.812
12.57
5.045
3.563
3.545
6.33
4.704
2.112
3.343
3.302
8.43
4.444
4.565
3.035
4.369
1.672
7.679
7.108
2.654
2.749
3.653
4.502
5.2
2.453
2.441
4.709
4.658
2.034
4.628
2.334
8.297
5.62
5.001
3.55
2.863
2.909
4.723
4.226
6.941
5.139
6.72
4.736
3.007
5.39
2.593
6.091e-07
2.88
4.579
7.117
11.09
6.374e-07
8.364
9.591
7.149
5.611
3.564
4.377
7.066
2.177
4.79
2.715
4.677
6.108
3.63
4.831
3.551
2.607
3.169
4.455
3.147
4.527
9.591
7.315
4.255
3.625
6.799
1.855
7.219
0.5574
2.654
5.403
4.875
5.134
7.175
3.844
6.993
5.828
5.981
0.9535
2.982
3.944
3.079
2.294
4.451
4.456
7.293
4.001
2.901
2.39
5.057
4.899
3.204
11.81
5.878
11.22
4.6
6.561
6.829
4.317
4.402
4.039
6.407
3.291
6.436
7.271
4.455
4.704
2.007
1.391
2.701
7.951
3.991
4.576
4.142
4.086
4.719
0.0
4.742
6.416
7.939
5.288
4.708
2.016
6.556
0.0
3.736
6.241
4.431
4.907
3.531
0.0
5.014
1.359
3.475
10.11
4.727
4.443
5.007
3.61
4.74
2.981
2.921
7.789
1.36
1.608
4.678
0.0
6.217
11.0
5.606
6.005
3.584
4.803
4.763
10.3
4.716
3.924
4.238
3.279
5.38
3.672
7.228
6.684
4.225
5.071
7.099
3.51
2.343
4.239
4.389
1.479
6.787
3.844
1.987
12.31
12.87
2.222
6.58
4.567
10.04
4.058
12.43
7.08
7.036
2.921
2.105
5.723
2.741
2.49
1.739
4.405
4.398
1.407
3.27
3.628
5.015
3.878
3.655
6.232
4.168
4.944
9.439
5.771
6.611
9.557
5.9
4.523
10.71
2.449
5.843
10.81
4.168
4.282
1.608
3.573
1.939
2.018
4.271
3.587
3.561
3.681
4.675
4.619
1.569
10.48
4.727
2.646
6.868
1.195
3.147
5.851
2.693
5.459
6.533
2.905
12.54
7.205
4.206
2.422
8.252
4.487
5.116
2.173
5.584
4.986
3.451
3.787
3.876
4.7
4.301
5.794
8.668
10.04
4.987
4.456
6.083
3.812
8.252
1.987
3.793
5.226
6.311
4.243
6.406
8.252
8.428
4.263
2.776
4.349
7.901
6.137
4.401
5.42
2.706
3.625
4.691
2.694
5.691
4.728
3.894
0.5317
4.876
1.645
1.855
4.641
5.405
3.279
4.327
4.139
5.748
2.643
2.303
2.07
6.226
7.248
4.243
1.56
2.404
3.62
2.98
4.07
0.5574
5.231
2.996
7.596
13.41
6.493
1.441
2.682
4.207
5.218
7.992
5.057
15.78
4.403
7.059
3.958
7.059
1.171
6.632
3.541
3.9
6.08
0.0
4.757
4.764
4.923
4.375
4.18
4.479
4.159
4.134
3.326
6.731
4.139
4.337
5.525
6.048
3.885
3.134
5.524
4.5
12.04
3.187
1.11
4.617
2.495
4.249
2.176
4.552
6.494
3.564
4.417
1.101
3.01
4.899
5.595
2.95
5.095
1.741
5.2
13.64
3.149
3.924
4.372
4.727
4.55
5.728
2.59
3.56
1.53
2.89
3.805
4.656
3.912
6.309
2.694
4.271
6.155
8.252
4.775
7.883
0.6906
4.929
4.797
4.292
3.361
6.799
4.351
4.634
4.134
4.994
10.71
4.584
12.43
5.215
3.83
3.775
4.24
3.179
4.448
5.032
6.191
4.504
4.445
4.181
4.402
5.648
6.26
7.059
8.111
3.915
4.884
2.554
4.005
2.444
6.63
4.851
4.735
1.849
4.902
12.59
5.328
6.075
6.69
4.297
5.139
2.68
6.479
8.252
4.87
4.376
3.672
1.824
4.805
6.108
5.403
1.582
3.55
6.232
4.504
2.393
3.44
3.478
8.111
3.51
3.561
16.39
4.187
2.494
2.876
2.94
6.941
4.919
6.091e-07
4.254
5.381
2.173
4.269
8.252
5.618
3.047
2.49
6.305
2.051
7.55
4.891
2.934
5.662
4.609
1.556
4.224
4.801
6.305
5.443
4.494
2.567
5.626
1.882
4.514
4.793
1.939
3.982
7.112
11.54
4.771
2.624
5.2
2.444
3.144
2.949
4.314
4.348
1.677
3.519
11.12
3.604
4.301
4.872
5.922
3.417
3.353
4.527
5.314
2.951
11.93
3.842
7.625
5.137
4.484
3.934
5.239
4.505
4.815
4.476
2.696
6.142
3.51
8.111
6.048
4.912
6.495
1.209
4.021
6.295
4.517
6.479
10.13
3.287
3.862
2.991
8.639
2.444
1.556
5.925
4.11
4.013
3.62
5.082
2.671e-07
0.0
4.478
6.225
4.564
5.125
1.815
5.723
2.49
5.327
2.451
3.287
1.582
3.531
4.926
3.728
8.002
0.0
7.371
4.652
5.144
5.682
4.674
2.962
3.45
5.667
8.534
5.033
0.0
11.09
12.05
4.563
8.187
3.287
6.58
4.007
3.947
4.026
1.456
3.918
5.599
2.449
5.518
4.775
3.313
2.741
3.412
4.265
3.848
3.036
3.343
2.404
5.085
5.175
5.991
3.627
4.741
5.428
5.454
7.214
7.72
6.461
4.807
3.663
1.844
6.03
5.745
7.248
10.73
4.321
0.9535
3.883
3.649
4.813
5.199
4.96
7.528
6.388
4.805
3.505
3.147
3.986
5.675
5.019
3.458
8.111
5.893
2.756
4.504
3.244
4.134
6.404
7.719
4.748
5.854
4.384
4.935
7.05
6.192
8.252
5.297
4.125
5.566
7.405
0.0
6.892
5.662
3.065
5.887
10.68
1.925
8.962
8.256
12.54
2.922
5.615
3.882
2.78
9.794
4.421
6.307
5.586
4.876
4.515
5.386
2.67
4.716
2.453
3.51
3.564
8.486
4.177
5.934
5.301
4.364
6.655
6.073
4.695
4.121
4.431
5.652
5.093
5.722
3.279
2.723
5.763
5.512
6.552
2.863
6.461
7.059
4.417
6.261
6.191
3.985
4.302
2.922
3.861
3.954
6.951
11.38
6.025
3.333
6.616
2.971
5.919
7.703
4.351
5.291
7.089
2.847
10.11
5.013
4.907
5.885
5.199
1.6
4.656
4.837
5.04
0.9535
1.379
7.235
5.236
4.325
4.504
2.018
7.177
4.653
2.449
7.271
4.263
6.968
5.117
5.811
2.949
10.86
1.89
4.704
3.776
2.909
5.355
2.666
3.858
4.699
4.972
4.518
3.854
6.323
5.405
4.065
5.846
7.115
4.835
4.555
5.438
11.65
1.209
4.589
7.059
10.18
1.435
5.194
7.059
4.029
5.788
10.81
5.702
7.679
4.564
4.746
6.18
7.094
6.949
10.04
4.121
4.142
8.816
6.238
9.591
9.591
2.222
1.925
6.999
6.441
3.812
1.608
4.652
3.582
5.403
2.563
3.571
3.812
4.775
3.649
3.975
0.9936
4.561
5.379
4.955
8.164
4.799
4.801
4.728
4.479
17.01
4.674
4.793
0.7236
12.41
6.512
6.538
4.096
4.306
3.479
5.071
4.11
11.63
4.01
8.639
3.994
4.937
7.435
4.092
6.944
1.018
5.971
4.723
6.799
3.812
5.037
3.118
10.04
4.358
3.035
11.23
3.371
7.023
3.722
3.853
3.994
5.054
4.925
2.723
4.243
4.341
11.66
4.282
4.987
11.18
5.272
4.51
6.424
2.567
4.269
11.83
6.214
4.134
4.997
5.5
2.694
3.597
6.112
3.279
6.543
4.108
4.116
5.196
5.942
8.437
8.223
5.093
4.965
2.763
0.0
4.813
1.6
3.672
4.725
2.022
4.401
3.204
4.77
9.553
6.167
4.505
4.617
4.219
5.942
5.211
4.741
4.158
1.645
4.549
5.148
10.02
4.38
3.87
6.736
5.275
3.147
5.424
4.09
5.324
10.04
5.197
3.818
3.577
2.996
7.217
5.436
4.243
5.264
3.947
0.5317
4.939
2.107
5.149
3.627
10.52
3.564
3.361
3.9
7.228
4.496
4.765
4.243
4.619
5.2
2.454
3.919
6.142
4.348
4.5
5.38
3.459
4.386
8.639
5.174
6.47
2.89
6.561
2.671e-07
5.236
1.882
3.886
6.137
8.051
10.04
3.902
5.382
1.171
3.275
4.525
7.059
3.605
9.683
2.022
7.883
5.149
5.386
5.016
8.111
4.5
6.682
4.42
4.46
5.979
7.393
4.564
8.639
3.62
10.04
0.0
11.41
3.764
4.153
5.884
5.312
1.53
7.697
7.29
3.534
4.351
4.338
4.016
3.398
4.691
5.175
4.578
4.674
5.085
5.199
6.404
4.502
2.67
6.009
4.836
4.886
2.682
6.089
5.606
3.862
4.609
9.19
3.578
6.95
4.985
5.828
3.981
4.401
8.252
4.133
6.821
4.55
7.808
4.503
5.191
5.648
3.675
8.714
6.512
4.909
5.431
8.639
3.244
4.711
5.139
3.068
4.458
7.617
6.47
5.382
3.657
6.406
6.446
