2.64
0.0
0.0
4.359
8.739
0.0
0.0
8.835e-07
9.84
3.896
0.0
2.685
1.662
8.559
0.0
8.88e-07
6.607
1.133
1.599
5.403
0.0
2.0
7.244
5.823
8.981
0.0
0.0
4.747
nan
3.279
2.426
0.0
2.314
2.733
8.911
1.515
0.9866
6.006e-07
1.59
8.81
2.357
2.175
9.183
1.297
2.434
1.763
2.86
6.685e-07
5.178
10.49
3.453
0.0
2.35
2.076
4.792
9.166
5.19
3.734
1.965
0.0
1.38
3.8
2.449
4.873
5.646e-07
3.795
0.0
5.6
3.843
7.471e-07
7.65
4.39
7.168
3.127
4.898
0.0
2.46
4.312
5.754
4.398
2.605
0.0
2.434
1.974
3.672
7.328e-07
7.199
1.891
1.86
4.084
1.138
0.0
0.0
1.602
15.87
3.149
6.353
5.817
9.935
4.08
2.675
1.623
3.75
3.345
0.0
4.628e-07
7.158
6.752
1.356
4.249
5.745e-07
4.563
1.987
0.0
4.873
5.153
5.845e-07
6.835
0.0
0.0
9.398e-07
1.414
0.0
4.611
2.26
3.116
1.659
3.021
3.454
10.12
0.0
0.0
7.82e-07
5.398
10.11
4.857
5.336
1.926
0.0
1.727
0.0
6.36
3.133
1.73
13.14
2.399
0.0
3.059
3.707
0.0
1.876
1.831
5.251
1.453
2.181
8.907
5.683
2.158
0.0
9.892
2.714
0.0
1.704
12.86
0.0
0.0
0.0
0.0
1.36
8.557
7.526
3.049
6.687
2.436
3.026
0.0
2.023
5.515
1.23
9.181e-07
1.958
0.0
0.0
5.95
5.432
1.921
0.0
0.0
10.87
3.322
nan
21.04
10.35
9.325
3.877
0.0
3.564
1.909
3.407
0.0
3.999
1.353
6.742
4.961
8.453
9.334
0.0
13.67
8.468
3.77
4.028
0.0
2.136
4.155
0.9896
7.368e-07
6.823
12.49
7.974
0.0
1.607
10.8
2.854
3.728
7.505
4.025
4.696
7.653
7.049
5.424
0.0
2.015
13.8
11.27
2.221
7.575
13.3
3.429e-07
9.601e-07
0.0
1.505
0.0
4.797
6.982
0.0
0.0
3.583
3.553
1.522
2.008
5.375e-07
1.683
0.0
1.891
0.0
20.59
8.11
3.841
5.646e-07
5.51
1.283
0.0
5.975
0.0
0.0
16.11
0.0
2.145
1.677
3.523
0.0
1.37
1.469
2.305
7.368
5.189
0.0
0.0
6.781
0.0
8.819e-07
4.051
2.944
7.169
2.691
0.0
5.145
0.0
0.0
9.356
8.269
2.585
9.315
1.446
3.948
5.699
0.0
2.491
9.153
8.103
3.503
4.59
0.0
0.0
3.109
0.0
6.93
2.181
4.918
4.756
3.672
11.57
2.535
3.258
2.884
5.451
2.34
1.766
3.757
2.61
4.834
2.687
6.32
2.498
4.251
2.74
6.191
5.421
1.932
3.703
2.014
8.874
4.11
8.002
5.692
2.96
0.0
2.984
5.186
8.568
3.525
6.183
8.525
4.373
0.0
13.17
0.0
1.941
8.458e-07
1.443
4.961
2.991
0.0
5.466
2.964
0.0
0.0
3.063
7.08
3.728
3.045
9.71
9.609
6.967e-07
0.0
6.101
0.0
2.397
0.0
0.0
8.902
6.803
1.991
3.349
0.0
3.224
0.0
0.0
0.0
5.569e-07
1.057e-06
3.335
3.113
2.099
7.926
5.125
3.273
7.423
2.372
8.672e-07
1.208
6.158
0.0
5.181
5.8
3.887
3.78
1.883
3.267
9.792
0.0
0.0
1.626
0.0
4.08
1.425
1.864
8.066
1.909
0.0
6.597
0.0
2.197
3.197
4.824
1.858
0.0
2.341
0.0
2.519
0.0
0.0
0.0
3.422
3.468
1.987
7.219
0.0
3.461
2.145
1.941
0.0
9.913e-07
8.377
2.986
3.387
2.561
1.97
0.0
0.0
0.0
4.445
5.012
0.0
0.0
9.907
0.0
21.8
5.776
5.673
5.951
2.96
1.766
13.27
1.439
14.36
0.0
7.767
2.488
0.0
2.221
3.686
3.673
2.585
1.934
2.95
2.731
0.756
2.019
nan
3.478
1.249
10.04
6.337
1.668
3.284
5.229
0.0
8.884e-07
9.627
5.291
3.735
6.434
3.712
1.573
0.0
9.491e-07
2.259
5.432
4.676
7.647
2.016
1.079
0.0
9.145
0.0
8.947
0.0
0.0
1.962
0.0
2.624
0.0
3.587
2.57
1.898
1.26
6.195
2.086
0.0
0.0
2.702
4.281
7.82e-07
1.951
2.256
5.59
1.556
3.397
4.961
1.449
1.268
2.398
3.508
5.48
1.562
8.487
3.639
3.526
1.196
5.87
14.58
4.089
0.0
1.964
4.494
3.772
4.738
2.015
0.9951
0.0
2.574
1.755
3.404
6.739
2.43
2.821
2.767
0.0
7.048
3.57
1.49
3.297
0.0
1.565
3.965
0.0
0.0
6.05
2.104
6.881e-07
5.186
0.0
2.772
9.141
1.737
2.293
0.0
3.362
0.0
2.694
0.0
8.642e-07
2.196
5.807
6.087
11.24
0.0
2.045
0.0
1.622
0.0
2.026
10.2
6.64
0.0
0.0
0.0
2.361
5.615
0.0
1.927
5.848
3.459
7.652
1.157
1.413
2.581
0.0
3.411
0.0
5.323
0.0
2.269
12.51
3.148
1.962
2.896
0.0
3.992
7.14
0.0
8.172
12.4
0.0
7.981
4.931e-07
2.274
0.0
5.398
4.998
0.0
3.74
1.734
0.0
3.354
3.037
6.329
6.783e-07
0.0
0.0
4.415
10.8
0.0
1.967
3.65
8.246
3.809
2.052
9.938
1.889
11.52
4.643
0.0
3.026
4.134
9.213
6.954
0.0
3.757
9.276
0.0
1.589
4.278
1.363
0.0
3.44
0.0
4.114
1.128
1.356
6.333
4.348
3.992
7.327
0.0
2.361
2.295
2.149
0.0
7.643
8.649e-07
5.181
0.0
5.641
9.026
1.312
7.63
0.0
2.935
2.357
14.09
2.906
7.39
8.246
1.556
0.0
0.7612
7.766
8.099
3.726
2.816
13.36
2.061
0.0
0.0
0.0
1.386
3.572
0.0
0.6029
4.484
5.825
0.8026
0.0
5.055
3.254
2.464
0.0
4.739
0.0
5.325
3.734
7.663e-07
0.0
2.105
4.88
3.044
6.281
2.745
10.01
3.444
3.781
0.0
0.0
5.432
4.618
1.706
0.0
8.469
5.133
0.0
1.582
14.62
3.889
9.546e-07
7.256
3.829
10.32
0.0
0.0
6.566
0.0
4.207
0.0
4.738
3.898
0.0
2.727
5.803
0.0
6.431
2.786
4.445
1.915
3.102
3.978
6.685e-07
2.0
0.0
6.841
3.076
8.577
3.505
3.484
0.0
2.637
0.8067
1.891
7.575
2.109
3.768
5.903
3.301
6.597
2.632
1.362
0.7828
0.0
3.406
1.393
0.0
0.0
3.116
5.334
4.344
7.043
0.0
0.0
10.3
8.296
3.585
2.867
5.221
5.905
2.041
0.0
1.673
4.41
1.466
1.109e-06
5.186
0.0
4.68
11.33
2.09
2.736
11.01
0.0
0.0
1.263
9.655
2.881
6.083
0.0
4.544
0.0
6.699
6.807
9.608
0.0
0.0
0.0
5.092
8.517
0.0
0.0
3.847
4.1
0.0
1.256
5.932
2.756
0.0
4.025
0.0
0.0
4.738
4.345
2.135
2.737
2.611
0.937
10.7
4.426
2.045
2.38
4.376
4.02
6.551
0.0
2.23
2.121
2.407
1.212
0.0
3.583
4.978
0.0
8.666
5.065
0.0
3.145
0.0
1.02e-06
5.063
3.342
3.225
8.539
0.0
3.841
0.0
2.729
0.0
4.919
6.112
2.41
6.535
7.15
1.537
0.0
11.9
5.353
1.386
3.049
0.866
0.0
0.0
3.74
2.045
3.806
0.0
2.187
2.086
5.491e-07
6.694
8.794e-07
0.0
11.87
0.942
0.0
2.865
2.395
10.78
2.785
7.498e-07
0.0
3.889
2.914
0.0
15.16
0.0
7.243
7.236
3.393
8.794
2.284
3.449
2.79
1.996
0.0
0.0
4.268
16.05
1.595
6.189
6.535
3.573
6.781
1.419
2.993
3.608
10.54
4.008
3.339
0.0
2.86
0.0
9.83
5.673
2.279
4.951
1.751
1.886
2.691
0.7611
4.475
8.296
0.0
8.818
3.036
0.0
0.0
0.0
4.643
0.0
5.825
0.0
4.22
7.128
6.083
3.148
9.739
3.34
2.519
2.694
3.359
0.0
2.517
0.0
8.883
3.58
5.233
8.846
1.76
0.0
5.098
0.0
0.0
1.561
7.084
3.832
2.802
1.992
6.344
5.408
8.13
0.0
10.04
nan
5.651
3.526
12.85
1.135
4.556
5.143
9.437
5.495
3.261
0.0
0.0
4.694
2.783
0.0
5.393
2.901
3.757
1.631
4.978
0.0
0.0
9.302
8.515e-07
10.15
6.247
5.587
3.473
1.441
12.05
3.134
1.883
12.81
0.0
4.079
4.16
10.49
5.123
1.862
8.716
8.035
2.529
1.711
2.733
15.59
0.0
0.0
2.666
7.261
6.369
2.282
4.579
0.0
1.339e-06
4.873
0.0
0.8979
5.823
4.141
0.0
6.66
5.605
2.923
2.205
0.0
6.29
12.84
0.0
4.206
5.643
5.817
1.986
2.269
3.75
6.884
0.0
0.0
0.0
17.0
0.0
3.018
1.951
4.124
3.216
2.109
2.614
6.773
4.642
3.264
7.456
0.0
0.0
2.561
0.0
4.13
2.766
0.0
4.129
0.0
1.82
3.919
1.541
3.027
2.704
0.0
0.0
0.0
0.0
0.0
0.0
0.0
4.415
6.333
3.201
2.924
3.381
3.978
6.943
2.465
2.796
2.56
0.0
10.76
0.0
2.506
3.576
0.0
0.0
9.338
1.691
0.0
2.018
8.544
1.569
1.974
2.675
0.0
2.582
0.0
3.123
4.84
0.0
2.854
2.796
0.0
12.97
0.0
7.807
5.007
3.297
3.492
5.791
1.449
4.314
2.352
2.358
0.0
2.054
0.0
9.13
8.927
10.12
1.663
30.39
3.296
1.154
1.673
3.588
6.38
1.486
4.521
0.0
8.794e-07
1.881
6.173
1.867
2.901
6.444
4.618
0.0
7.292
0.0
2.209
0.0
11.65
14.36
0.0
0.0
4.089
0.0
1.706
0.0
7.084
3.919
1.022
7.665e-07
4.388
1.813
0.0
8.794
2.744
2.963
0.0
0.0
2.045
1.745
3.044
2.96
2.728
3.619
4.422
4.307
0.0
4.256
12.67
0.0
1.549
2.474
4.565
10.98
4.229
8.035
0.0
3.278
2.464
0.0
0.0
0.0
3.735
2.885
1.442
4.187
1.956
8.666
1.566
1.744
0.0
4.058
2.111
0.0
2.218
0.0
2.943
10.31
3.018
0.0
2.187
8.3
2.15
7.636
4.118
7.237e-07
4.047
9.022
0.0
9.627
2.263
9.616
0.0
2.468
0.0
6.585
2.87
2.993
0.0
1.555
1.511
0.0
3.17
4.412
8.236
11.57
1.656
4.194
1.232
0.0
6.938
2.002
4.867
5.931
6.954
6.218
0.0
4.43
7.9
2.884
0.0
5.495
0.0
10.82
4.167
2.969
0.0
2.066
0.0
9.083
1.634
9.869
6.574
5.257
1.317
3.503
10.92
0.0
7.273
1.566
4.692
4.608
4.773
0.0
2.135
3.289
3.367
1.335
3.342
0.0
nan
1.317
4.206
2.664
9.25
0.0
2.083
0.0
2.862
1.33
2.2
5.23
0.0
0.9132
2.794
9.6
0.0
4.257
10.58
0.0
3.925
8.077e-07
0.8685
2.188
2.225
4.376
0.0
7.042
1.984
4.468
0.0
2.24
2.826
3.037
3.214
9.356
3.152
1.213
6.956
6.195
6.251
11.44
3.474
2.25
3.809
0.0
2.756
0.0
0.0
0.0
3.1
3.335
0.0
8.557
1.54
4.344
0.9378
2.001
2.208
2.799
3.133
7.889
4.565
0.0
2.298
9.913e-07
1.271
1.843
0.0
0.0
3.036
1.242
7.728
0.0
0.0
2.45
4.393
1.081
8.646
0.0
0.0
0.0
2.757
2.567
0.0
1.819
7.597e-07
7.668
0.0
0.0
2.07
1.686
0.0
6.083
0.0
4.794
2.007
0.0
8.971e-07
0.0
1.592
1.032
4.229
1.619
5.801
8.582
3.233
1.902
2.224
1.283
1.625
2.799
8.269
1.384
4.281
2.865
4.696
1.417
0.0
3.054
1.796
2.0
7.28
0.0
0.0
3.622
7.944
10.38
12.4
0.0
8.88e-07
4.608
3.776
0.0
3.421
2.437
2.704
5.332
11.34
3.273
12.97
0.0
0.0
0.0
3.399e-07
2.633
1.705
0.0
1.813
3.054
0.0
8.481
1.95
5.302
0.0
7.244
8.659
0.0
8.082
8.261
7.766
2.31
11.87
4.998
4.488
2.367
0.0
1.137e-06
3.662
0.0
1.828
4.875
4.186
2.023
4.64
3.442
2.224
1.42
0.0
2.975
3.116
3.468
0.0
4.022
2.355
2.443
0.0
0.0
9.579
13.22
3.295
0.0
2.806
4.481
0.0
0.0
0.0
3.977
0.0
5.712
8.019
0.0
7.624
0.0
3.863
5.862
0.0
6.823
3.74
0.0
3.621
0.6488
2.036
2.307
1.019
6.773e-07
0.0
1.686
2.903
1.649
0.0
0.0
0.0
6.535
1.695
2.378
1.984
10.96
25.54
0.0
0.0
1.87
1.863
12.51
2.522
0.0
4.104
5.311
2.864
1.917
8.116
14.27
0.0
1.94
0.0
3.948
0.0
9.364
1.661
5.699
7.331e-07
3.754
0.0
6.121e-07
4.435
1.326
17.53
2.354
1.514
2.412
12.4
6.781
2.923
2.187
10.53
6.94
1.077e-06
10.76
3.507
4.474
8.989
8.557
1.625
0.0
3.734
0.0
4.418
0.0
1.975
0.0
0.0
1.717
2.234
3.136
7.919
3.348
12.36
2.251
2.249
5.587
0.0
0.0
3.127
2.014
5.944
4.347
14.17
9.302
10.39
4.243
0.0
6.495
2.062
3.032
1.015
9.83
2.212
0.0
4.287
11.26
3.173
0.0
1.041
5.696
0.0
1.861
2.249
3.576
2.008
0.0
2.558
4.314
2.477
6.145
2.833
6.761
1.901
11.51
4.02
1.895
8.643
5.041
0.0
0.0
0.0
7.244
0.0
3.013
0.0
3.716
7.307
1.528
1.828
0.0
10.3
0.5807
2.687
4.216
2.608
2.896
7.042
0.0
5.103
0.0
0.0
7.236
5.224
3.521
2.128
1.962
2.662
0.0
0.0
4.528
1.235e-06
0.0
8.103
2.16
9.312
13.71
5.19
3.281
0.0
3.013
0.0
3.346
1.867
3.651
1.098
2.687
0.0
3.113
1.442
0.0
1.424
2.251
6.93
0.8539
0.0
2.121
5.605
4.577
4.639e-07
0.0
7.412
8.89
0.0
2.319
0.0
0.0
3.497
6.363e-07
2.142
3.526
3.136
19.5
1.008
0.0
0.0
2.986
0.0
0.0
1.228
4.064
1.149
4.348
4.398
2.152
8.442
7.821
2.765
2.691
1.164
0.0
3.133
10.02
4.694
5.398
2.044
7.386
11.56
0.0
0.0
0.0
5.234
5.074
1.13
2.095
1.504
3.217
4.02
9.656
4.475
1.419
4.759
2.563
3.404
0.0
1.113
10.45
4.11
1.31
3.371
5.538
7.327
9.524
1.207
1.109e-06
0.0
2.459
2.406
3.422
2.065
4.84
8.184
0.707
5.741
3.362
0.0
3.925
0.0
0.0
4.115
11.72
0.0
3.103
4.43
2.068
3.165
6.486
1.471
0.0
6.329
5.741
3.449
9.25
0.0
11.99
0.0
2.747
0.0
10.18
1.696
5.186
4.969
2.681
2.258
1.319
4.091
7.274
2.802
1.683
2.588
6.205
6.05
3.282
0.0
3.521
5.23
2.483
1.441
2.829
5.042
2.026
9.663e-07
2.629
2.43
6.665e-07
2.697
2.643
0.0
0.0
3.406
4.035
3.739
0.0
2.51
4.574
0.0
0.0
0.7786
3.82
2.032
1.523
5.133
11.37
10.56
2.135
3.448
12.4
2.896
6.891
0.0
8.326
5.174
3.774
4.393
8.013e-07
3.863
1.121
7.182
3.342
2.975
3.097
9.613
3.217
2.039
3.82
1.455
7.15
9.13
0.0
1.638
6.56
1.915
11.37
6.56
nan
6.144
0.0
9.437
4.465
0.0
1.441
3.637
1.702
4.435
2.429
4.103
5.398
2.045
0.0
4.438
7.497e-07
0.0
10.06
5.135e-07
0.0
1.17
1.287
1.596
6.36
3.191
3.565
0.0
5.312
3.359
5.892
7.208
3.309
1.116
0.0
0.0
2.125
1.322
2.864
7.439
13.61
2.214
0.0
1.656
0.0
0.0
1.427
3.925
12.07
10.99
2.46
2.647
1.399
2.216
2.891
4.089
4.151
9.36
5.415
2.02
0.0
2.5
8.86
8.369
3.504
4.583
2.288
8.46
3.146
3.897
3.656
5.677
1.903
3.21
7.202
1.152
3.159
3.357
8.553
12.4
0.0
1.69
9.283
9.246
0.0
6.739
0.0
4.555
8.232
0.9079
1.918
3.381
2.102
0.0
4.642
2.324
0.0
0.0
7.202
6.891
2.032
2.798
2.463
8.901
0.9164
9.908
2.148
0.0
5.657
7.135
0.8835
4.194
0.0
4.061
2.083
2.795
1.223
5.65
4.043
6.714
8.356
7.244
1.354
11.56
4.62e-07
2.257
3.56
11.79
2.624
1.025
0.0
3.842
7.244
0.0
8.619e-07
1.209
1.26
0.0
4.409
7.926
19.12
2.066
2.028
3.076
7.84
2.439
2.178
4.27
1.509
8.346
1.576
2.857
8.517
0.0
0.0
2.453
8.488
2.204
4.892
1.193
3.331
1.695
11.07
4.738
7.328e-07
0.0
0.0
0.0
2.723
8.094
0.0
3.858
0.0
6.956
0.0
0.0
3.893
3.154
2.516
3.026
1.412
0.0
0.6485
3.37
0.0
0.0
2.708
13.3
0.0
2.781
5.136
12.71
0.0
3.127
0.0
2.464
0.0
5.031
1.622
1.588
1.204
8.315
0.0
1.23
7.439
0.0
4.171
2.985
9.365
1.967
0.0
7.168
0.0
1.384
7.933e-07
0.0
1.796
1.386
5.233
3.52
6.755
4.468
0.0
0.9702
1.154
0.0
3.389
2.94
5.864
0.0
0.0
0.0
6.985
6.881e-07
0.0
5.133
5.535
0.0
10.89
0.6232
8.672e-07
6.452
0.0
0.0
4.68
9.65e-07
9.131
5.958
8.465
2.297
1.129e-06
3.433
1.209
7.307
3.134
5.287
0.7889
3.322
4.141
2.249
3.359
7.35
2.593
12.78
2.134
8.83
3.314
2.077
4.092
0.0
1.23
1.864
6.102
5.19
0.0
7.199
8.602
8.619e-07
4.736
2.198
3.697
4.248
2.772
4.661
1.153
10.55
3.778
3.716
1.837
2.001
0.0
1.131
6.384
0.0
3.104
4.528
1.797
0.0
2.736
3.106
3.034
0.0
5.216
12.38
1.987
9.348
1.077e-06
2.516
4.316
1.388
2.797
0.0
1.471
2.301
1.136
0.6873
5.678
2.947
4.446
3.35
26.37
0.0
2.188
3.599
2.05
5.686e-07
9.078
3.06
4.756
2.51
8.388
0.0
7.326
0.7033
4.064
0.0
1.589
2.644
1.677
5.535
4.134
4.447
4.41
10.34
1.985
6.773
0.0
7.647
7.854
2.401
4.278
12.69
1.988
9.364
0.0
0.0
5.744
7.368
2.297
5.434e-07
1.74
0.0
0.0
0.0
8.281
3.872
6.121e-07
1.446
3.501
0.0
2.382
0.0
2.205
2.828
1.344
2.8
10.45
0.0
0.0
0.0
7.652
0.0
2.637
8.469
8.236
10.32
10.35
4.249
3.137
1.844
3.933
2.96
4.872e-07
7.168
2.737
7.423
2.372
3.463
3.216
7.945
2.003
0.0
12.97
10.08
3.248
0.0
4.138
2.755
0.0
0.0
1.751
3.502
0.0
2.494
1.993
1.616
0.0
5.791
1.795
0.0
3.889
11.51
5.311
3.657
0.0
1.08
6.848
6.004
4.249
5.123
2.149
2.6
0.0
1.873
2.685
4.019
4.1
7.189
2.178
1.666
4.248
0.0
3.216
9.416
10.51
14.14
3.125
1.258
5.217
0.0
7.972
4.981
0.0
1.272
4.287
2.833
2.288
3.187
4.026
1.674
2.09
16.61
8.705
4.189
2.995
4.02
2.816
1.962
1.623
8.59
0.0
2.786
4.069
5.936e-07
5.217
0.0
0.0
1.017e-06
0.0
4.005
0.0
1.078
11.79
2.623
2.146
8.281
12.4
2.585
1.884
0.0
2.7
0.0
0.0
4.472
0.0
8.232
0.0
0.0
0.0
8.369
9.869
4.238
0.0
0.0
0.0
3.655
0.861
0.0
10.14
2.359
0.0
5.816
0.0
9.318
2.066
10.7
4.873
4.022
1.761
6.244e-07
2.315
1.1
11.31
2.366
0.0
0.0
2.319
4.845
0.0
2.156
2.565
4.438
10.78
1.61
4.242
0.0
0.0
0.8568
1.654
3.821
2.704
0.0
0.0
10.3
2.176
0.0
2.815
2.86
8.013e-07
2.982
1.756
10.64
1.047
20.62
2.691
0.0
7.072
1.22
1.886
0.8539
0.0
5.544e-07
3.049
5.375e-07
1.248
10.89
4.476
1.605
0.0
0.0
2.363
4.501
1.763
3.461
2.341
0.0
9.464
1.967
6.535
7.771
4.04
1.707
3.357
2.953
2.884
0.0
8.649
0.0
0.0
2.559
9.121
1.965
0.0
0.0
0.0
1.017e-06
1.951
3.169
2.401
8.521
2.395
2.56
0.0
3.049
3.234
0.0
9.522
2.619
0.0
2.322
4.982
4.617
0.0
3.174
4.415
0.0
16.66
0.0
0.8486
6.585
0.0
9.272
2.97
7.972
5.133
3.976
2.062
8.798
3.261
3.12
0.0
2.596
0.0
1.26
0.0
1.835
3.367
0.0
1.494
9.763
1.333
4.584
0.0
2.303
12.4
2.175
0.715
0.0
2.375
1.808
4.794
4.134
1.751
8.647
8.367
0.8937
0.0
3.432
2.312
3.522
2.662
9.252
8.558e-07
8.672
3.197
3.338
3.379
2.605
0.0
5.643
0.0
5.738
8.515
0.4559
1.511
2.991
1.125
4.802
4.238
3.225
1.776
12.07
6.154
8.846
0.0
3.698
8.884e-07
5.385
2.206
3.544
9.38
2.942
2.535
5.527e-07
1.649
9.663e-07
0.0
0.0
9.927
1.641
0.0
21.04
0.0
3.69
2.12
2.597
0.0
0.0
0.7875
0.0
1.801
4.919
3.631
1.161
2.384
2.766
0.0
2.592
4.277
5.51
2.484
0.0
4.841
1.988
3.008
3.53
8.46
4.49
2.103
5.83
4.249
0.7764
9.512
4.075
0.0
1.551
3.778
2.476
0.0
11.27
0.0
3.707
1.388
1.412
0.7795
4.447
4.611
2.095
3.774
0.0
0.0
8.401
11.64
7.84
3.526
0.0
2.993
2.98
3.112
0.0
0.0
8.066
0.0
0.0
5.272
2.641
7.31
5.81
4.68e-07
2.107
6.752
1.19
6.694
2.366
2.277
7.766
7.189
5.224
2.051
2.921
6.247
2.4
0.0
0.0
5.103
7.771e-07
0.0
0.0
15.59
6.987
2.743
0.0
8.539
0.0
1.678
11.12
0.0
2.093
6.519e-07
3.429
0.0
11.49
3.575
0.0
5.647e-07
6.12e-07
4.59
2.415
2.035
5.026
2.304
2.32
1.825
4.377
3.565
3.841
11.26
1.122
4.523
2.228
1.538
5.844
1.617
5.612
1.637
3.921
10.46
11.52
1.82
1.656
3.655
1.371
5.556e-07
3.659
2.991
3.663
6.551
0.0
6.273e-07
6.94
4.983
2.703
10.39
1.81
2.992
0.0
0.0
2.252
0.0
2.502
3.169
2.156
1.896
6.789
5.302
3.136
8.132e-07
4.268
6.622
4.897
3.448
3.142
3.037
8.355
1.056
13.14
5.042
0.0
5.44
2.262
10.04
0.0
0.0
8.338
9.71
0.0
2.859
3.48
0.0
15.82
1.016
2.993
3.721
2.396
0.0
2.981
5.392
0.0
10.11
0.0
10.14
0.0
0.8678
1.464
1.738
0.0
0.0
3.268
3.446
0.0
0.0
2.535
3.598
6.32
3.752
7.84
11.8
0.0
3.204
1.308
0.0
4.164
11.36
10.19
5.466
4.408
11.77
11.44
3.125
2.765
2.261
4.837e-07
1.473
2.473
1.556
1.189
8.3
7.168
0.0
4.134
5.017
0.0
6.161e-07
2.227
0.0
0.0
6.381
0.0
5.844
3.976
3.505
0.0
2.714
4.092
0.7866
2.733
1.543
2.772
5.256
2.37
8.923
1.581
0.0
2.429
8.009
3.908
6.761
4.199
4.756
3.813
0.0
6.315
1.06
3.676
11.41
0.69
5.299
2.36
5.881e-07
11.36
2.111
12.81
3.507
2.857
0.0
4.266
2.084
1.993
2.595
3.248
4.341
2.838
4.132
2.539
8.272
3.536
0.0
2.622
0.0
0.0
0.0
0.0
8.743
10.17
0.0
1.287
0.0
2.201
0.896
6.803
0.0
10.71
3.821
1.362
5.713
8.557
2.506
14.34
0.0
4.138
3.174
10.51
6.861
0.0
1.244
0.0
3.155
1.212
2.933
0.0
7.078
3.512
1.055
1.836
3.352
9.628
4.208
12.78
0.0
0.0
2.664
0.0
1.603
4.775
5.862
7.39
3.246
3.28
0.0
1.548
6.834
0.0
1.64
0.0
5.253
7.058
4.079
3.736
0.0
2.579
3.823
2.935
0.6967
4.628
6.969
6.622
2.14
4.019
6.885
1.985
0.0
2.298
1.997
8.989
6.528e-07
0.8064
2.803
9.522
3.439
2.991
0.0
4.102
1.186
1.354
1.064
0.0
0.0
1.525
0.0
9.94
2.806
3.011
5.159
2.15
1.109
7.386
8.11
0.9311
0.0
1.324
6.357e-07
6.78
0.0
8.859
0.0
5.888e-07
7.326
1.255
3.403
1.159
5.143
6.384
1.483
3.267
0.6581
4.763
2.478
11.99
0.0
6.848
1.184
4.584e-07
8.315
8.74
8.3
4.077
1.932
2.25
1.768
2.128
5.958
1.889
1.143
0.0
8.65
3.381
2.833
2.378
1.797
8.911
0.0
14.17
0.0
0.7053
0.0
8.353e-07
11.53
4.268
0.0
5.113
2.787
12.04
4.435
5.178
6.218
2.535
3.006
3.896
1.535
4.579
0.0
2.892
2.091
1.079
1.217
1.871
8.618
3.387
0.0
0.0
4.092
0.0
2.498
0.0
1.988
0.0
6.537
5.864
3.664
2.344
3.655
7.128
3.525
4.898
6.869
2.339
2.032
6.166
0.0
1.739
8.525
6.592
7.273
3.373
1.686
0.0
1.02e-06
3.52
3.408
0.0
1.647
0.0
1.373
2.397
0.6853
0.0
1.79
1.335
0.0
3.462
1.11
5.446
9.158
0.0
9.148
0.0
0.0
2.727
3.521
0.9996
1.704
11.14
4.54
2.576
0.0
2.812
5.206
2.42
2.229
2.63
0.0
1.978
1.848
2.945
2.431
0.0
10.77
1.961
0.8996
3.859
0.0
3.217
9.375
7.158
3.71
3.116
7.482
2.982
0.0
10.07
4.64
1.748
3.601
1.897
0.0
9.864
7.47
6.615
0.0
1.337
0.0
2.48
0.0
2.767
7.219
5.932
5.256
7.625
0.0
1.177
2.032
0.0
4.061
0.8929
0.0
0.0
11.77
7.072
2.472
9.38
2.074
0.0
2.278
6.032
0.0
0.0
1.895
2.489
1.789
7.597e-07
6.535
3.133
0.0
7.412
7.821
2.229
3.429
1.715
1.132
2.177
8.217
4.164
0.0
11.96
8.734
2.23
5.112
16.11
0.0
1.706
5.59
12.86
3.051
4.435
0.0
7.985
2.874
2.509
7.168
2.243
4.81
2.183
2.176
3.484
9.25
2.976
1.771
0.0
14.27
0.696
0.0
2.607
2.09
3.501
0.0
1.06
0.9411
1.341
7.356
0.0
2.479
2.435
2.277
5.866
5.174
1.975
0.0
0.0
9.364
18.24
0.0
0.0
0.0
3.701
2.479
5.027
0.0
3.564
2.335
5.145
8.481
1.826
0.0
0.0
9.145
3.284
1.941
4.192e-07
0.0
4.187
3.512
0.0
3.646
9.272
0.0
5.03
4.881
0.0
1.524
10.15
2.655
1.365
1.012
3.075
5.683
0.8974
3.546
6.065
2.414
10.4
0.0
1.37
0.0
0.8867
0.0
1.414
3.146
9.697
7.382
0.0
0.0
4.422
0.0
0.0
2.806
3.82
0.0
0.0
11.05
2.727
3.013
6.315
1.006
8.328
3.163
3.475
8.085
