0.6832
0.6878
0.5978
0.6577
0.823
0.6749
0.7648
0.69
0.9166
0.5235
0.5972
0.6817
0.7087
0.6182
0.6953
0.3631
0.5816
0.5922
0.6379
0.5321
0.7068
0.6714
0.5931
0.8306
0.8699
0.6266
0.8836
0.7044
0.5554
0.7444
0.5339
0.7646
0.7849
0.6714
0.7518
0.5501
0.827
0.6879
0.7041
0.58
0.6683
0.6353
0.5504
0.5957
0.4164
0.4502
0.7016
0.7871
0.7273
0.692
0.6545
0.5431
0.5617
0.6537
0.7414
0.7629
0.6862
0.834
0.7926
0.6371
0.5898
0.7563
0.7042
0.6426
0.7297
0.7293
0.8527
0.7151
0.5814
0.4236
0.4478
0.5784
0.3207
0.5683
0.5351
0.6463
0.7032
0.8156
0.5405
0.7148
0.6653
0.6587
0.3601
0.838
0.7056
0.7119
0.7568
0.846
0.7245
0.5242
0.4611
0.6769
0.6992
0.6336
0.4321
0.8299
0.7169
0.7575
0.3913
0.6004
0.6409
0.9324
0.8165
0.6566
0.7497
0.6268
0.7925
0.88
0.7345
0.6696
0.6913
0.6482
0.6522
0.5031
0.5665
0.5121
0.6165
0.5574
0.6448
0.8317
0.7295
0.5216
0.5467
0.7247
0.4797
0.7279
0.5128
0.7883
0.7255
0.5881
0.6175
0.6457
0.832
0.5149
0.6878
0.664
0.8021
0.7112
0.498
0.5524
0.7225
0.6796
0.565
0.9969
0.6335
0.6088
0.4311
0.4771
0.7905
0.7172
0.8962
0.7777
0.8533
0.7826
0.7342
0.6849
0.6754
0.45
0.7491
0.6142
0.521
0.729
0.8072
0.7996
0.7951
0.4922
0.8122
0.6515
0.4599
0.713
0.7146
0.7846
0.8061
0.5648
0.693
0.8413
0.598
0.5402
0.7854
0.8847
0.6512
0.7442
0.5769
0.6516
0.8365
0.7322
0.7523
0.5797
0.6859
0.6667
0.8667
0.7202
0.7583
0.2822
0.4949
0.7447
0.7699
0.3927
0.5697
0.6526
0.9391
0.5652
0.6724
0.7274
0.717
0.7981
0.9023
0.4569
0.7088
0.7191
0.6967
0.7026
0.5508
0.3806
0.5934
0.7219
0.6242
0.8219
0.5437
0.7161
0.6868
0.8961
0.6619
0.7015
0.7039
0.727
0.6367
0.5922
0.7048
0.6958
0.8115
0.5578
0.643
0.6636
0.6186
0.6939
0.7916
0.6511
0.5931
0.6219
0.5872
0.7653
0.67
0.4946
0.5686
0.6338
0.6981
0.8822
0.6275
0.8066
0.7045
0.7512
0.8454
0.7988
0.4965
0.7424
0.9435
0.8218
0.7653
0.7289
0.6265
0.9823
0.4733
0.5404
0.7641
0.6713
0.6275
0.6271
0.6399
0.7834
0.3798
0.5631
0.7693
0.655
0.5453
0.6089
0.6901
0.7866
0.7268
0.7956
0.6094
0.4454
0.3703
0.6026
0.3952
0.6296
0.52
0.6401
0.6049
0.7075
0.6021
0.6199
0.8602
0.7343
0.6637
0.7141
0.6636
0.7041
0.6506
0.6827
0.732
0.6297
0.6756
0.4771
0.8731
0.3946
0.711
0.614
0.6906
0.7348
0.6897
0.8376
0.9918
0.6232
0.4471
0.3759
0.8506
0.6794
0.6042
0.739
0.674
0.5319
0.5449
0.7919
0.486
0.8708
0.8277
0.6699
0.4324
0.7238
0.7075
0.6979
0.5069
0.9138
0.8348
0.6522
0.6263
0.6074
0.6192
0.6121
0.8536
0.519
0.6177
0.4497
0.5361
0.6489
0.6197
0.77
0.7194
0.8625
0.5264
0.6583
0.7667
0.7783
0.561
0.7135
0.4235
0.6879
0.4395
0.8731
0.7629
0.7172
0.3929
0.6988
0.6855
0.6015
0.5778
0.7733
0.756
0.8624
0.7371
0.7555
0.5999
0.5722
0.7097
0.7385
0.7368
0.8071
0.6416
0.6938
0.8303
0.6749
0.5396
0.7109
0.5733
0.8305
0.8866
0.6235
0.4834
0.7706
0.6617
0.7115
0.7072
0.646
0.578
0.6763
0.9505
0.6273
0.4796
0.6928
0.4885
0.5396
0.678
0.8497
0.7129
0.7463
0.4532
0.7387
0.6474
0.7162
0.6501
0.6596
0.7649
0.7682
0.8845
0.6353
0.5847
0.6245
0.7794
0.671
0.8004
0.7044
0.6344
0.6865
0.7278
0.6541
0.4943
0.7591
0.8924
0.4674
0.5779
0.8718
0.6649
0.6324
0.7555
0.6291
0.7966
0.5288
0.6831
0.654
0.375
0.898
0.8053
0.7784
0.7527
0.6394
0.5421
0.651
0.7994
0.7439
0.6904
0.592
0.7261
0.5225
0.6526
0.595
0.5814
0.6433
0.5999
0.7794
0.41
0.5313
0.3523
0.4764
0.7297
0.7336
0.8017
0.6797
0.79
0.711
0.4985
0.8116
0.8353
0.6354
0.4928
0.6345
0.6751
0.692
0.5846
0.7966
0.4156
0.6055
0.8761
0.6669
0.5762
0.8115
0.7087
0.8279
0.8117
0.6551
0.7003
0.6182
0.8186
0.8777
0.6084
0.5689
0.5531
0.8048
0.4885
0.7423
0.935
0.7217
0.8833
0.6124
0.2423
0.4512
0.6383
0.7174
0.5629
0.8431
0.5725
0.482
0.3686
0.4382
0.5995
0.5861
0.75
0.7087
0.6018
0.8714
0.5384
0.6702
0.5835
0.6472
0.547
0.5619
0.5998
0.5539
0.7693
0.5148
0.9409
0.5675
0.6459
0.6893
0.695
0.4912
0.9218
0.6012
0.5692
0.6884
0.7788
0.617
0.7264
0.5791
0.6127
0.7265
0.5261
0.6187
0.6539
0.696
0.5758
0.7095
0.6407
0.6295
0.7085
0.5762
0.6552
0.7215
0.6599
0.6602
0.5372
0.6975
0.5478
0.603
0.5526
0.3642
0.6855
0.5638
0.8166
0.7182
0.666
0.6211
0.7685
0.6719
0.5217
0.9453
0.7999
0.6613
0.7803
0.375
0.7839
0.6076
0.6774
0.5606
0.5667
0.5958
0.6518
0.6385
0.6891
0.6281
0.7059
0.7084
0.7647
0.648
0.8173
0.527
0.7853
0.5022
0.4754
0.6485
0.7745
0.7164
0.6103
0.6656
0.6623
0.5437
0.847
0.6629
0.7174
0.6611
0.5843
0.5384
0.7775
0.7064
0.9757
0.5344
0.7111
0.6559
0.5559
0.4612
0.7674
0.9203
0.7673
0.7565
0.4706
0.6678
0.7075
0.5125
0.7156
0.7571
0.6876
0.5533
0.8919
0.873
0.5633
0.4638
0.5245
0.7943
0.6575
0.651
0.6537
0.5712
0.6072
0.464
0.9207
0.7817
0.6447
0.5477
0.6878
0.5387
0.7225
0.8808
0.8251
0.5217
0.7808
0.6231
0.6835
0.7805
0.676
0.6838
0.6281
0.7774
0.425
0.6547
0.749
0.2886
0.4575
0.4142
0.7089
0.4897
0.7977
0.5202
0.7646
0.606
0.579
0.693
0.5763
0.7236
0.6879
0.7843
0.5126
0.7672
0.5123
0.7161
0.7578
0.6795
0.6234
0.809
0.6141
0.6816
0.7535
0.717
0.6294
0.6118
0.5914
0.6813
0.7956
0.6434
0.6464
0.6028
0.694
0.5299
0.3533
0.6718
0.7324
0.7285
0.6835
0.7011
0.7686
0.2877
0.6559
0.5574
0.4473
0.5566
0.7824
0.7156
0.8201
0.5755
0.7075
0.8116
0.6986
0.7668
0.5758
0.6752
0.8343
0.7735
0.6206
0.6392
0.5485
0.9008
0.6128
0.5888
0.6731
0.7921
0.545
0.6497
0.7743
0.4894
0.758
0.769
0.4329
0.505
0.6715
0.937
0.7482
0.7102
0.56
0.614
0.4848
0.8564
0.5554
0.4987
0.586
0.6798
0.8833
0.651
0.8266
0.8061
0.8415
0.7438
0.5299
0.4723
0.7393
0.7505
0.8813
0.5379
0.7076
0.5085
0.6345
0.6847
0.4094
0.6203
0.8606
0.703
0.4531
0.7499
0.6507
0.7759
0.8056
0.7686
0.7474
0.4947
0.552
0.7201
0.7528
0.5036
0.6832
0.8733
0.8266
0.5759
0.7602
0.751
0.7503
0.6401
0.5512
0.6871
0.5538
0.7241
0.6247
0.3748
0.7756
0.6678
0.6835
0.563
0.7195
0.7481
0.6785
0.5839
0.7283
0.5045
0.8057
0.878
0.58
0.7935
0.5996
0.8062
0.5924
0.8705
0.6006
0.5908
0.6329
0.5541
0.7201
0.5486
0.6329
0.7295
0.7339
0.6952
0.805
0.6815
0.567
0.3262
0.8463
0.6442
0.6987
0.6451
0.5651
0.5881
0.7873
0.6268
0.7128
0.8191
0.4034
0.7862
0.5553
0.6389
0.6508
0.05262
0.5251
0.9299
0.549
0.5456
0.8264
0.8667
0.7375
0.8359
0.5804
0.6526
0.45
0.7138
0.6767
0.7268
0.911
0.6912
0.6618
0.696
0.9381
0.8028
0.8187
0.5449
0.6835
0.4231
0.8328
0.6366
0.5151
0.7368
0.6441
0.8241
0.9105
0.7864
0.7326
0.8741
0.7249
0.8206
0.7146
0.6763
0.7351
0.8415
0.6394
0.4665
0.5948
0.4886
0.3205
0.6315
0.7823
0.628
0.5966
0.6888
0.6855
0.6292
0.603
0.4737
0.5473
0.8459
0.5074
0.554
0.8129
0.6137
0.8351
0.9625
0.5885
0.7452
0.7214
0.8879
0.6548
0.4452
0.5247
0.8037
0.553
0.4981
0.4771
0.7738
0.7423
0.6336
0.672
0.8357
0.8487
0.7004
0.5538
0.7166
0.7077
0.8166
0.7379
0.6866
0.5889
0.6173
0.5864
0.714
0.7209
0.714
0.6084
0.5528
0.4856
0.4556
0.5324
0.4752
0.6312
0.6206
0.5218
0.6212
0.695
0.7805
0.627
0.6083
0.6972
0.7302
0.8616
0.6543
0.7926
0.6408
0.63
0.6356
0.4755
0.8174
0.7649
0.8312
0.686
0.7576
0.4763
0.6939
0.7498
0.8177
0.7952
0.7437
0.7137
0.4503
0.7352
0.5408
0.628
0.6593
0.4558
0.6561
0.7257
0.3373
0.8346
0.7211
0.6921
0.6525
0.5803
0.8133
0.4633
0.6242
0.7001
0.5526
0.6234
0.7215
0.8317
0.6733
0.5891
0.657
0.7257
0.6948
0.6988
0.6917
0.8508
0.4856
0.7325
0.7337
0.655
0.652
0.5371
0.5739
0.7138
0.4549
0.4612
0.6522
0.6531
0.7052
0.6279
0.4606
0.7508
0.7444
0.7279
0.7233
0.5802
0.7139
0.5369
0.43
0.772
0.6508
0.4835
0.7641
0.5527
0.6952
0.4625
0.6156
0.3415
0.7343
0.6047
0.3934
0.6704
0.6257
0.4862
0.5536
0.5159
0.7242
0.7944
0.76
0.6983
0.2134
0.5886
0.8079
0.6847
0.8338
0.678
0.7471
0.4985
0.5738
0.7018
0.6854
0.7575
0.9094
0.6982
0.4993
0.7277
0.604
0.6685
0.6628
0.7947
0.7845
0.6931
0.5701
0.6971
0.6656
0.8641
0.4965
0.6851
0.795
0.6156
0.8296
0.4923
0.8087
0.7645
0.5056
0.4788
0.5648
0.5333
0.552
0.4941
0.5932
0.5999
0.8738
0.8566
0.4234
0.5568
0.5004
0.6418
0.8929
0.668
0.6101
0.5535
0.6855
0.603
0.657
0.8863
0.6503
0.6401
0.6717
0.6935
0.495
0.4775
0.6567
0.7109
0.8368
0.6499
0.8238
0.6588
0.5286
0.7324
0.5481
0.5079
0.7226
0.491
0.5822
0.7623
0.4078
0.5213
0.704
0.6368
0.5711
0.6085
0.3176
0.6098
0.621
0.7241
0.5989
0.7345
0.6368
0.7544
0.689
0.5232
0.6825
0.4347
0.8968
0.4993
0.6925
0.7132
0.7171
0.7641
0.7305
0.694
0.8091
0.6544
0.7107
0.6486
0.6971
0.854
0.6883
0.4758
0.7251
0.5977
0.8371
0.8084
0.7413
0.6706
0.5999
0.7126
0.6373
0.6378
0.7578
0.5379
0.6357
0.6355
0.666
0.6904
0.6941
0.7017
0.822
0.7771
0.7189
0.7512
0.9142
0.4349
0.4328
0.5083
0.7201
0.6741
0.8378
0.7359
0.4846
0.4617
0.4724
0.7184
0.7061
0.5532
0.6469
0.8194
0.8527
0.878
0.8075
0.6712
0.8492
0.8275
0.5823
0.5829
0.5754
0.7245
0.6893
0.691
0.7679
0.6249
0.7842
0.5738
0.7145
0.6775
0.6238
0.6763
0.5787
0.791
0.5304
0.4916
0.7511
0.5981
0.6593
0.6535
0.4526
0.6322
0.7852
0.6751
0.6086
0.6026
0.5897
0.678
0.8961
0.7698
0.7415
0.7365
0.6536
0.7795
0.6013
0.41
0.3984
0.4586
0.689
0.324
0.6621
0.6407
0.6597
0.9013
0.6662
0.7919
0.759
0.6189
0.6059
0.6821
0.6052
0.6066
0.8447
0.7506
0.6193
0.7134
0.4454
0.6356
0.7905
0.8198
0.7855
0.7503
0.8397
0.5441
0.8187
0.755
0.6218
0.5715
0.6586
0.684
0.707
0.7054
0.6953
0.6752
0.7527
0.4167
0.6139
0.574
0.7935
0.7245
0.7001
0.6656
0.5512
0.7458
0.6593
0.3567
0.4937
0.7495
0.77
0.9234
0.752
0.5839
0.7461
0.6119
0.6265
0.9075
0.6676
0.713
0.5945
0.5611
0.5143
0.5038
0.7016
0.8142
0.6247
0.7741
0.6194
0.6844
0.7427
0.5869
0.5677
0.4787
0.3595
0.8308
0.4766
0.6681
0.7319
0.7621
0.6377
0.7352
0.561
0.6173
0.6903
0.8179
0.8214
0.6584
0.4542
0.6657
0.8582
0.5656
0.5745
0.5149
0.5293
0.636
0.4684
0.7315
0.7876
0.485
0.8213
0.7123
0.8253
0.5836
0.8157
0.7556
0.6212
0.6402
0.7418
0.4039
0.6962
0.6876
0.77
0.6725
0.7258
0.7533
0.8637
0.6831
0.5411
0.737
0.5131
0.5955
0.6841
0.7298
0.7312
0.5396
0.5277
0.9206
0.8051
0.7746
0.9307
0.5053
0.6801
0.6898
0.4616
0.6288
0.5237
0.7722
0.5551
0.737
0.8446
0.6848
0.736
0.4174
0.7839
0.4713
0.7618
0.9444
0.6621
0.9485
0.746
0.8362
0.5294
0.4399
0.8069
0.9238
0.7412
0.5367
0.5073
0.6552
0.5462
0.5998
0.616
0.5505
0.6296
0.6995
0.5304
0.6146
0.7298
0.6827
0.5067
0.666
0.8677
0.5603
0.5042
0.5836
0.6876
0.6993
0.8269
0.7201
0.5894
0.4332
0.7337
0.8791
0.7721
0.6618
0.4193
0.5998
0.6878
0.5957
0.374
0.4296
0.4903
0.5316
0.813
0.4386
0.8493
0.6506
0.844
0.5153
0.7469
0.4744
0.6459
0.7395
0.5971
0.6968
0.7306
0.8841
0.4291
0.469
0.7307
0.6475
0.5632
0.79
0.7664
0.7146
0.4888
0.5918
0.7796
0.7189
0.6116
0.7286
0.3978
0.7021
0.6013
0.557
0.6425
0.7555
0.501
0.7904
0.6579
0.4149
0.5248
0.6151
0.5811
0.6759
0.7029
0.7586
0.7432
0.708
0.861
0.4581
0.4157
0.5686
0.6188
0.6488
0.7246
0.4909
0.3426
0.7216
0.7106
0.3592
0.7604
0.6993
0.7798
0.6049
0.7391
0.7361
0.6478
0.716
0.7463
0.742
0.6629
0.8972
0.6983
0.6477
0.8481
0.5716
0.4593
0.7637
0.714
0.6885
0.6255
0.6146
0.7568
0.7115
0.6665
0.5277
0.5373
0.5801
0.8149
0.6432
0.3556
0.6191
0.9315
0.7248
0.7586
0.7091
0.6507
0.7099
0.5647
0.6559
0.6
0.5251
0.8825
0.7347
0.7158
0.4661
0.6993
0.6488
0.3004
0.6958
0.661
0.5768
0.8639
0.5118
0.7922
0.6544
0.715
0.7546
0.71
0.6643
