0.9163
0.971
0.9381
0.9037
0.9979
0.952
0.9821
0.9202
0.9816
0.9275
0.8565
0.9172
0.9636
0.9237
0.9433
0.9002
0.9128
0.9082
0.9583
0.9573
1.0
0.9808
0.8535
1.0
0.9264
0.9643
0.9966
0.998
0.9058
0.9586
0.9444
0.9717
0.9914
0.9262
0.9488
0.9189
0.9904
0.9091
0.9539
0.9287
0.9811
0.95
0.9134
0.958
0.951
0.9128
0.9092
0.999
0.9317
0.9246
0.9329
0.882
0.9459
0.9478
0.9915
0.9881
0.9439
0.9469
0.9691
0.9587
0.8572
0.911
0.9482
0.9851
0.9237
0.8663
0.9923
0.9354
0.9002
0.9274
0.8535
0.9389
0.9437
0.9238
0.9099
0.9381
0.911
0.9001
0.8721
0.9417
0.9721
0.9711
0.9924
0.971
0.9665
0.9058
0.9904
0.9348
0.9495
0.953
0.8834
0.9783
0.9409
0.912
0.9777
0.9094
0.9517
0.9737
0.9094
0.9899
0.9852
0.9201
0.8421
0.9026
0.9842
0.9967
0.8568
0.9884
0.9022
0.9134
0.9362
0.8353
0.9731
0.9219
0.9055
0.9237
0.9576
0.9239
0.9838
0.9825
0.9485
0.9567
0.9393
0.9001
0.9267
0.896
0.9451
0.9942
0.9991
0.9072
0.9314
0.9216
0.9762
0.9953
0.9654
0.9282
0.907
0.9834
0.9273
0.9053
0.8827
1.0
0.9391
0.9189
0.9308
0.918
0.9993
0.9267
0.9893
0.8303
0.9409
0.938
0.9709
0.9047
0.983
0.934
0.9109
0.9469
0.9823
0.9836
0.9145
0.8923
0.8908
0.9796
0.9317
0.9904
0.9843
0.979
0.9195
0.9284
0.8105
0.9199
0.9237
0.9663
1.0
0.955
0.9181
0.8804
0.9843
0.911
0.8968
0.9837
0.9195
0.911
0.9924
0.9954
0.8828
0.8847
0.9255
0.9076
0.9507
0.9161
0.9481
0.9191
0.9914
0.9641
0.9467
0.9036
0.9625
0.9448
0.9697
0.9762
0.9166
0.9665
0.9616
0.9475
0.9025
0.9853
0.9467
0.9196
0.9083
0.8627
0.9235
0.9387
0.9922
0.9377
0.9961
0.8882
0.9702
0.9859
0.9656
0.8419
0.9569
0.921
0.9687
0.9651
0.9897
0.9445
0.9059
0.9357
0.9428
0.9106
0.9368
0.9904
0.9843
0.9476
0.927
0.8984
0.9259
0.982
0.9106
0.9913
0.8408
0.8701
0.9755
0.9882
0.9487
0.951
0.8995
0.9834
0.9805
0.9602
0.894
0.9958
0.896
0.9861
0.9193
0.973
0.9083
0.9439
0.9744
0.9806
0.9239
0.944
0.9681
0.8827
0.913
0.892
0.9707
0.8609
0.9849
1.0
0.9838
0.9112
0.9122
0.8884
1.0
0.8701
0.8535
0.8897
0.8923
0.9569
0.9417
0.8939
0.9947
0.9118
0.9825
0.9245
0.94
0.9482
0.8815
0.9414
0.958
0.9687
0.9403
0.9653
0.9438
0.8535
0.8632
0.9407
0.9434
0.9019
0.9842
0.8875
0.9983
0.9701
0.9323
0.9466
0.8806
0.8756
0.9636
0.9047
0.9112
0.9047
0.9973
0.9724
0.9423
0.9471
0.9881
0.9459
0.9137
0.8794
0.9758
0.9619
0.9772
0.8854
0.8837
0.9463
0.89
0.9339
0.9046
0.9538
0.9146
0.8499
0.9093
0.9665
0.941
0.9148
0.9418
0.9157
0.9488
0.9348
0.9255
0.9844
0.9893
0.9633
0.8807
0.9606
0.9693
0.9678
0.9124
0.9185
1.0
0.9234
0.8953
0.8963
0.9022
0.9042
0.9791
0.887
1.0
0.9825
0.9386
0.9341
0.8713
0.9563
1.0
0.8932
0.9967
0.9555
0.94
0.9413
0.9664
0.9278
0.9397
0.9206
0.9765
0.9723
0.8788
0.9962
0.9957
0.9321
1.0
0.9341
0.8714
0.9526
0.9409
0.9493
0.9502
0.9018
0.9036
0.9082
0.9475
0.9215
0.9853
0.8774
0.9383
0.9005
0.9032
0.9124
0.9349
0.9014
0.9844
0.9849
0.9202
0.9493
0.9914
0.9663
0.9636
0.9877
0.9073
0.8952
0.9843
0.9506
0.9034
0.8105
0.9402
0.8651
0.9374
0.9249
0.9723
0.9934
0.9301
0.9701
0.9935
0.9945
0.9235
0.9369
0.9935
0.9781
0.9703
0.9021
0.9292
0.9538
0.8873
0.9004
0.893
0.8714
0.8699
0.866
0.9417
0.8791
0.9323
0.9308
0.9808
0.8744
0.9346
0.9187
0.9432
0.9957
0.9136
0.9894
0.9879
0.9448
0.9793
0.9741
0.9276
0.9486
0.9245
0.995
0.9051
0.9413
0.9792
0.8849
0.9932
0.9729
0.9367
0.978
0.9488
0.7895
0.9908
0.9081
0.9271
0.9178
0.9823
0.892
0.9289
0.9372
0.988
0.9293
0.9127
0.9331
0.933
0.9353
0.9282
0.9245
0.889
0.9103
0.8105
0.9488
0.9139
0.8837
0.9747
0.892
0.9877
0.9249
0.9469
0.9045
0.9674
0.9161
0.892
0.8959
0.9125
0.9725
0.9203
0.9513
0.8713
0.9215
0.9454
0.9823
0.9582
0.8915
0.9803
0.9464
0.9311
0.9414
0.9988
0.9089
0.987
0.9842
0.9306
0.962
0.9518
0.9493
0.9418
0.9628
0.9789
0.979
0.9894
0.9234
0.9395
0.9674
0.9923
0.9852
0.9536
0.9685
0.9239
0.9983
0.9058
0.9774
0.9086
0.8857
0.8726
0.9943
0.9925
0.9695
0.8706
0.9159
0.9061
0.7771
0.9212
0.9128
0.9628
0.9128
0.9954
0.8862
0.9549
0.9684
0.9206
1.0
0.9087
0.8941
0.8563
0.9567
0.9229
0.9258
0.9365
0.9485
0.9347
0.8605
0.9418
0.9243
0.9472
0.9682
0.9759
0.9461
0.9624
0.9308
0.8473
0.9635
0.9941
0.9165
0.9816
0.9296
0.9778
0.9398
0.8318
0.9569
0.9643
0.9939
0.9796
0.9482
0.9375
0.9553
0.9145
0.9928
0.8995
0.8789
0.9855
0.9603
0.9109
0.9413
0.8927
0.8986
0.9799
0.9436
0.9874
0.9837
0.9343
0.9134
0.9593
0.9428
0.9761
0.9448
0.9218
0.892
0.9264
0.9501
0.9984
0.9334
0.8986
0.9306
0.9574
0.8558
0.9548
0.9126
0.9485
0.9068
0.9377
0.9647
0.8651
0.9051
0.9277
0.9427
0.9619
0.9492
0.9516
0.8883
0.9155
0.9416
0.9394
0.9398
0.9226
0.9318
0.8617
0.9128
0.9237
0.9602
0.9052
0.9825
0.9331
0.9786
0.8705
0.9481
0.9248
0.9885
0.8806
0.8869
0.9652
0.848
0.9124
0.928
0.9479
0.9803
0.8479
0.892
0.9282
0.9362
0.9175
0.9851
0.9321
0.94
0.9034
0.9885
0.9231
0.8873
0.9416
0.981
0.9421
0.9196
0.9237
0.9844
0.9741
0.7781
0.95
0.9821
0.9763
0.9737
0.9681
0.9724
1.0
0.9208
0.865
0.9866
0.9214
0.892
0.9145
0.9707
0.9935
0.9205
0.9853
0.8511
0.9482
0.9606
0.9348
0.9505
0.9923
0.9139
0.927
0.9205
0.9662
0.9441
0.9854
0.9277
0.9911
0.9244
0.9303
0.9894
0.95
0.8533
0.9202
0.9332
0.9711
0.9608
0.9786
0.953
0.9656
0.913
0.9749
0.9881
0.9395
0.9331
0.9379
0.9295
0.9331
0.9262
0.9718
0.9387
0.9438
0.8716
0.9706
0.8955
0.9648
0.9349
0.8775
0.9095
0.9311
0.8893
0.9306
0.8785
0.9114
0.9809
0.9219
0.9844
0.9237
0.9682
0.8971
0.95
0.9936
0.9604
0.8818
0.9273
0.939
0.8924
0.9707
0.9422
0.9796
0.911
0.9786
0.9923
0.9044
0.9398
0.9328
0.9515
0.9108
1.0
1.0
0.9109
0.9243
0.9298
0.9616
0.9884
0.917
0.9935
0.8987
0.984
0.9825
0.9885
0.9563
0.9
0.9387
0.9431
1.0
0.9422
0.8892
0.9272
0.889
0.9102
0.9563
0.9816
0.8764
0.812
0.9012
1.0
0.864
0.9121
0.9515
0.8901
0.9707
0.9506
0.9468
0.9434
0.9205
0.9961
0.964
0.939
0.9808
0.9153
0.9264
0.9659
0.9701
0.9506
0.925
0.9295
0.9544
0.9583
0.9852
0.9083
0.9275
0.9108
0.9293
0.9442
0.9398
0.9228
0.9246
0.8935
0.9209
0.9184
0.937
0.9869
0.9621
0.9414
0.9395
0.9393
0.9119
0.9973
0.9513
0.9736
0.919
0.8978
0.8976
0.912
0.8709
0.9095
0.9429
0.9729
0.9244
0.882
0.9049
0.9709
0.9237
0.8693
0.9808
0.9416
0.9839
0.9422
0.8923
0.8446
0.852
0.9684
0.9401
0.8976
0.918
0.9128
0.892
0.8664
0.9586
0.9062
0.8543
1.0
0.8687
0.9348
0.9528
0.8725
0.8804
0.9807
0.8646
0.9027
0.9044
0.9752
0.9412
0.9366
0.9809
0.9209
0.9193
0.9232
0.9486
0.9062
0.9257
0.9066
0.9785
0.9032
0.9834
0.9718
0.9578
0.8419
0.9403
0.8867
0.9236
0.9315
0.8985
0.8818
0.9219
0.925
0.9341
0.884
0.9403
0.8969
0.9853
0.9838
0.9294
0.9405
0.9156
0.9744
0.8818
0.9128
0.97
0.8739
0.9155
0.9574
0.9287
0.9752
0.9296
0.9731
0.9196
0.9273
0.9211
0.9415
0.9406
0.9512
0.9331
0.9135
0.9548
0.8894
0.9071
0.9798
0.94
0.937
0.8823
0.8598
0.9018
0.9945
0.916
0.903
0.9691
0.9973
0.9961
0.9026
0.9326
0.9382
0.9416
0.9879
0.8584
0.9056
0.9808
0.9488
0.9086
0.9241
0.952
0.8312
0.9656
0.929
0.9847
0.9368
0.9305
0.9806
0.9312
0.9899
0.9419
0.9144
0.9583
0.9115
0.9503
0.8995
0.962
0.9658
0.89
0.9169
0.9122
0.9173
0.8775
0.9157
0.9936
0.913
0.9128
0.8651
0.9889
0.8918
0.9128
0.9339
0.8883
0.9301
0.8769
0.8408
0.9326
0.913
0.8932
0.8722
0.9136
0.8105
0.893
0.9123
0.9116
0.9332
0.8535
0.8535
0.9941
0.9807
0.876
0.902
0.9747
0.9957
0.9337
0.9522
0.9323
0.9814
0.9148
0.9675
0.9353
0.9745
0.9299
0.9933
0.9114
0.9348
0.8789
0.9507
0.9253
0.927
0.9311
0.9258
0.7341
0.9279
0.9029
0.9986
0.8828
0.8723
0.9587
0.946
0.9433
0.9313
0.9311
0.9398
0.9283
0.9273
0.911
0.9255
0.9302
0.843
0.9306
0.8997
0.9974
0.9262
0.9239
0.8558
0.9436
0.882
0.9781
0.8105
0.9118
0.982
0.961
0.9498
0.9403
0.9345
0.9015
0.9255
0.9102
0.9224
0.9838
0.941
0.9181
0.8353
0.9831
0.8867
0.8952
0.9318
0.9451
0.8722
0.9854
0.9559
0.9165
0.9208
0.951
0.8893
0.9436
0.9803
0.9535
0.9312
0.9853
0.9089
0.9207
0.9174
0.8859
0.9222
0.8657
0.955
0.9403
0.9445
0.9641
1.0
0.919
0.9945
0.9383
0.9004
0.9856
0.9172
0.953
0.9287
0.792
0.9147
0.9306
0.9168
0.9071
0.9156
0.9067
0.9094
0.9241
0.987
0.9298
0.9651
0.8829
0.9316
0.928
0.8795
0.9121
0.9653
0.9265
0.9279
0.8984
0.8105
0.9225
0.9338
0.9366
0.9774
0.8509
0.9128
0.941
0.896
0.9434
0.9988
0.9318
0.9915
0.8933
0.9293
0.9338
0.9578
0.9574
0.9684
0.9005
0.9015
0.9192
0.9389
0.9587
0.9873
0.963
0.9262
0.9219
0.9749
0.9384
0.8826
0.9416
0.9203
0.911
0.9104
0.9448
0.9837
0.8515
1.0
0.9326
0.9911
0.9238
0.8713
0.8987
0.8105
0.9278
0.9241
0.9954
0.9211
0.9437
0.9128
0.9451
0.8913
0.9856
0.8494
0.8978
0.9332
0.9127
0.9237
0.9384
0.9142
0.9441
0.9239
0.9036
0.9142
0.9298
0.911
0.9398
0.8105
1.0
0.9225
0.9321
0.9222
0.8794
0.9098
0.9874
0.9011
0.8783
0.9346
0.9204
0.9363
0.9083
0.9497
0.9424
0.9275
0.8972
0.9279
0.9083
0.8978
0.9455
0.951
0.9785
0.9111
0.898
0.8902
0.9925
0.9682
0.9526
0.9422
0.9142
0.9094
0.9345
0.8939
0.8831
0.9112
0.9585
0.9215
0.892
0.9149
0.8685
0.9118
0.8764
0.916
0.9475
0.9318
0.9402
0.9192
0.8723
0.8908
0.8653
0.911
0.9839
0.9376
0.9479
0.9492
0.9077
0.9082
0.9448
0.9241
0.9395
0.9161
0.8683
