3.232
6.793
4.108
10.92
2.217
6.076
4.3
4.814
4.651
2.61
5.149
5.149
5.945
3.32
6.933
7.172
2.844
5.454
3.574
3.91
4.098
5.575
4.736
7.951
3.912
7.769
4.396
2.182
5.838
1.393
6.419
4.834
6.341
6.946
4.053
3.466
5.762
6.056
3.32
3.098
5.418
0.8209
2.349
4.316
2.432
7.369
1.717
3.016
6.7
11.17
5.872
5.971
4.98
3.135
6.035
4.474
8.647
4.437
4.875
4.311
6.232
7.46
4.481
8.844
7.344
9.032
8.915
12.87
8.985
2.862
6.122
1.583
4.234
5.887
2.679
6.545
9.727
7.1
1.669
3.61
9.357
4.382
2.389
10.1
3.394
6.961
6.068
1.774
7.549
4.176
3.293
6.934
1.883
4.28
4.631
4.802
3.784
8.551
5.361
6.041
4.621
5.455
4.03
6.333
2.888
3.264
6.092
5.628
5.432
4.367
1.815
6.153
5.667
6.351
6.715
4.023
3.845
6.863
6.858
6.77
4.553
7.108
4.71
3.512
3.919
5.506e-07
7.549
6.6
3.706
7.195
1.154
4.516
1.552
6.703
6.907
1.143
3.48
5.142
4.497
1.676
0.6841
8.504
12.43
7.368
3.063
6.65
3.036
5.924
3.31
5.451
3.859
5.086
2.734
4.92
5.585
6.171
6.844
1.444
1.412
5.999
5.634
5.615
10.75
7.364
4.103
3.359
1.904
3.517
3.571e-07
9.328
10.54
6.864
1.675
2.498
2.104
3.85
7.17
7.433
4.33
6.116
3.323
2.474
5.062
4.076
4.394
3.937
4.442
2.524
3.116
3.3
8.261
4.499
3.553
6.379
3.297
7.407
4.207
2.353
1.855
5.233
5.755
6.953
4.468
4.09
3.447
5.883
1.119
5.061
7.565
6.245
4.861
3.366
2.659
3.063
5.196
2.842
3.509
5.471
4.151
2.216
3.46
6.723
4.889
6.652
3.123
2.708
1.083
7.581
7.065
10.25
5.744
3.762
3.081
6.188
7.326
5.589
5.178
5.214
10.37
8.378
3.356
3.742
7.425
4.5
3.424
2.156
5.8
6.496
4.067
3.596
2.319
8.06
2.735
6.391
5.059
2.622
3.116
1.986
8.029
8.648
5.267
1.719
4.479
3.731
5.374
3.857
3.455
5.917
3.494
8.218
4.489
6.378
8.084
10.57
1.263
2.195
8.248
3.641
4.043
3.52
3.599
2.374
2.098
7.003
6.069
5.371
8.474
3.223
7.175
9.466
5.965
5.471
7.267
3.889
10.38
5.307
11.02
1.7
8.804
6.38
4.344
5.447
0.5497
4.59
1.368
2.667
2.999
4.821
2.484
5.278
7.531
3.439
3.244
2.648
4.684
2.723
1.056
3.669
1.635
6.265
3.993
0.6989
9.384
3.92
1.536
5.932
5.062
2.232
9.017
6.275
6.987
6.274
5.086
2.518
5.966
3.769
7.226
6.723
5.734
1.569
2.597
1.882
6.23
4.29
5.273
7.394
3.833
3.298
1.692
8.242
2.764
0.69
3.868
8.117
4.137
3.773
7.017
3.45e-07
1.313
5.364
4.533
3.652
5.204
6.969
5.993
5.866
8.25
1.484
5.339
7.742
0.8448
4.618
4.641
0.5315
3.954
4.881
5.959
6.828
1.863
3.348e-07
5.921
4.501
1.234
0.7925
0.9867
1.664
4.825
6.907e-07
9.691
7.243
4.836
3.335
4.557
5.338
2.443
8.915
0.9934
8.851
6.177
5.783
5.661
4.385
1.23
10.44
1.803
4.076
1.362
0.8205
7.375
4.214
3.841
5.903
2.407
1.626
0.8869
2.053
5.762
5.112
1.008
2.756
1.11
4.484
3.696
6.31
4.423
4.554
0.8988
2.464
5.825
2.135
4.264
3.804
2.607
5.532
4.249
5.756
2.794
0.9474
2.476
2.115
4.17
7.251
4.707
2.24
7.243
6.5
4.419
2.285
8.242
5.762
6.026
1.227
2.176
2.492
6.805
5.006
5.066
4.295
5.081
5.588
6.098
5.115e-07
10.49
3.176
3.398
5.853
7.909
3.308
4.269
5.148
4.39
6.048
6.275
4.739
6.957
5.8
5.92
2.042
0.689
1.888e-07
5.444
1.151
4.406
6.485
2.376
2.314
7.378
9.39
5.302
8.025
9.035
8.529
9.401
8.317
6.669
8.275
6.441
11.31
8.032
9.584
