30.82
23.22
41.36
6.68
32.27
16.95
82.98
36.31
36.52
26.77
35.68
25.71
42.15
16.22
46.8
31.89
15.87
65.68
17.45
10.55
45.3
25.8
29.04
42.68
30.63
33.05
11.41
41.21
23.83
18.25
29.16
12.99
42.3
56.63
44.22
32.31
33.24
22.66
27.16
28.15
37.29
40.44
51.21
43.38
26.48
32.84
49.79
34.81
32.47
26.3
26.3
53.43
41.23
43.21
32.6
40.37
33.92
50.41
40.3
28.58
73.85
32.43
26.54
48.48
48.48
34.71
42.47
29.71
48.15
28.82
30.46
55.43
45.3
44.51
46.48
50.2
36.52
25.47
32.7
33.38
25.14
50.7
30.02
42.55
36.62
42.86
35.33
42.72
44.45
58.61
39.63
29.56
35.37
62.84
51.3
67.07
26.87
45.28
45.55
38.26
48.99
55.15
17.63
43.45
28.0
32.04
38.73
39.37
43.61
40.26
23.27
31.2
49.88
46.29
33.39
18.71
42.49
48.66
73.97
46.85
57.65
37.99
37.99
55.39
57.85
27.61
42.57
58.28
33.91
62.48
38.02
62.95
49.1
35.82
30.79
25.47
50.94
53.9
20.46
47.11
37.53
53.08
34.62
91.41
54.26
39.22
51.31
37.31
49.17
29.37
44.79
42.91
26.43
46.28
56.28
88.8
54.9
40.33
13.01
50.68
35.73
76.91
47.97
41.32
24.94
38.24
64.96
65.32
63.27
72.83
53.27
32.0
41.05
28.48
45.46
73.79
43.57
26.54
35.87
41.48
26.93
41.85
54.2
39.86
34.69
29.14
47.04
69.03
79.75
27.82
29.48
63.97
39.09
44.08
48.24
32.71
44.54
34.3
35.46
24.7
72.22
73.06
62.36
45.64
40.62
64.71
47.48
48.09
50.22
73.86
74.09
40.21
39.41
59.81
68.17
48.93
45.17
56.83
35.31
70.47
56.34
77.46
43.0
67.84
79.42
71.62
36.75
62.01
77.28
77.15
34.33
85.74
63.75
45.63
41.48
83.21
73.57
70.92
65.73
52.85
10.3
39.96
61.14
69.69
36.17
60.64
36.61
31.05
30.86
85.19
67.51
65.3
37.63
73.57
41.16
37.05
54.1
39.69
53.41
73.91
30.68
74.85
84.72
51.82
54.55
68.15
40.12
54.74
41.29
53.08
40.5
57.29
47.94
67.33
77.23
75.38
65.55
78.77
43.22
68.16
52.2
43.65
79.21
78.15
81.39
35.04
54.83
32.48
22.84
46.53
39.38
45.79
50.05
89.27
77.12
64.67
43.48
77.15
45.71
46.1
41.55
52.52
60.88
32.09
81.78
53.47
55.88
56.87
70.37
82.77
43.89
43.19
65.59
59.21
47.68
80.36
36.06
72.05
46.11
38.99
52.88
51.99
69.26
61.92
43.87
49.03
57.57
67.09
68.32
49.71
71.62
66.49
74.94
78.93
79.26
75.9
79.5
67.12
44.94
52.02
50.01
39.37
64.98
68.17
74.93
67.15
76.23
72.38
35.69
44.01
55.58
48.18
84.13
86.95
82.8
83.01
64.48
48.36
46.05
77.87
73.82
62.85
79.17
42.73
57.78
76.07
85.39
64.13
45.02
63.39
50.6
85.42
78.46
45.89
66.09
66.6
39.0
40.21
50.07
57.07
56.0
38.43
52.91
48.94
54.07
68.75
66.77
77.48
52.33
46.82
57.76
37.64
50.73
53.91
78.26
82.99
56.99
48.45
34.37
45.67
71.92
62.57
41.55
61.36
74.76
77.16
81.74
56.85
65.9
72.17
65.34
70.15
59.52
50.74
39.01
69.61
66.01
72.01
56.05
54.75
57.87
72.6
58.32
73.2
58.86
51.65
91.04
84.67
45.86
56.18
76.76
69.87
77.35
56.66
51.96
76.61
40.47
67.42
79.66
79.15
58.34
48.66
75.35
51.03
41.14
61.66
78.34
59.58
60.01
49.17
80.91
75.95
82.59
81.07
45.14
94.69
55.03
56.14
66.5
56.08
86.72
75.74
57.39
69.9
57.74
80.09
54.28
72.28
86.77
86.76
62.31
47.01
64.11
77.46
65.21
61.77
61.26
69.83
62.71
58.65
75.3
44.03
51.01
81.06
48.75
47.51
63.12
73.78
76.97
82.62
75.99
70.93
64.72
63.18
25.28
28.66
23.76
38.09
5.763
38.06
32.47
18.16
19.81
44.82
31.68
31.78
38.48
25.8
19.79
45.7
25.8
30.04
21.68
40.69
29.04
32.53
30.63
36.19
46.21
46.21
40.71
40.71
46.21
46.21
29.2
27.04
32.96
8.256
14.8
25.04
20.11
41.92
43.2
45.15
38.34
12.99
56.19
38.26
22.21
47.55
71.37
10.92
41.67
74.26
24.13
21.36
26.74
13.03
34.12
49.5
32.24
33.91
31.7
33.59
15.53
31.64
34.32
40.37
26.14
57.01
39.51
42.34
42.25
49.77
20.54
51.3
32.14
44.74
24.14
52.19
41.58
45.44
41.5
21.55
20.95
36.59
66.8
76.42
51.74
38.65
22.17
47.55
39.64
42.86
47.55
33.57
32.29
32.7
44.66
40.89
63.72
36.24
28.13
44.28
29.56
57.2
8.272
62.84
63.21
40.29
29.9
38.76
50.75
53.51
73.3
73.3
81.08
45.82
52.91
24.78
41.74
36.28
54.65
38.67
35.42
37.85
35.57
49.38
50.66
43.47
41.92
58.19
25.39
38.22
48.36
38.54
29.81
82.51
42.8
47.35
67.59
55.6
28.78
50.99
24.69
53.47
77.11
56.36
46.29
38.76
48.7
27.97
62.48
58.94
41.25
35.17
36.62
44.24
21.12
49.22
45.31
47.87
41.73
51.68
50.68
33.37
50.17
36.71
51.81
42.71
31.54
34.73
78.58
40.06
54.55
51.29
52.24
78.65
24.03
56.07
34.56
44.76
58.91
43.68
49.95
42.28
58.04
43.05
59.69
61.48
79.65
38.32
41.27
52.06
31.04
67.74
39.36
85.68
37.46
60.99
52.64
47.8
31.36
60.32
48.65
48.81
50.86
67.97
77.11
76.27
56.07
57.21
75.53
41.45
45.64
45.53
31.86
63.34
86.14
56.59
49.24
37.03
55.51
44.37
71.0
86.78
63.0
47.35
80.46
51.5
45.5
56.54
83.44
68.42
79.7
76.53
84.23
53.49
53.99
25.02
52.5
46.88
41.63
60.25
46.31
30.24
83.79
84.85
71.82
59.84
42.04
44.86
71.6
64.76
69.46
71.93
54.08
37.05
33.71
30.35
36.57
71.87
42.73
87.88
53.83
69.76
77.72
81.91
43.9
56.41
66.35
58.13
53.11
80.27
50.75
44.31
61.48
79.52
41.19
53.89
38.67
47.5
55.36
56.56
42.12
68.72
53.57
63.88
42.48
44.93
50.0
43.86
80.1
50.53
84.98
69.66
49.62
70.12
34.73
47.24
66.02
61.16
38.6
46.88
57.48
78.3
44.73
73.92
53.61
32.72
72.46
77.38
39.63
45.25
47.25
55.42
44.08
44.37
57.48
69.84
50.36
42.38
79.52
77.38
58.2
51.33
72.54
72.44
70.7
33.49
43.83
68.78
76.0
45.91
53.39
51.46
91.34
73.35
59.3
87.12
45.64
57.65
69.19
56.12
36.27
57.2
53.0
63.38
33.69
75.98
28.96
54.63
68.3
57.0
55.95
80.98
55.42
74.53
72.35
66.22
75.68
64.01
85.0
43.46
76.91
60.59
39.1
63.07
92.64
90.99
77.03
65.58
84.94
79.12
77.57
71.1
89.79
48.82
85.14
69.57
62.69
87.48
52.13
66.57
59.16
81.78
46.52
45.57
61.37
50.97
59.44
67.7
45.46
64.54
37.7
77.99
67.27
54.95
45.44
46.54
81.38
59.58
45.71
52.95
81.52
45.1
59.74
72.03
62.94
60.4
53.14
57.25
75.04
78.01
61.73
90.75
57.41
34.53
78.32
79.45
90.54
70.84
75.79
63.88
64.62
40.64
83.88
72.26
64.88
63.79
82.55
61.03
79.35
43.81
68.25
59.2
83.87
35.01
75.37
88.45
75.77
48.08
56.82
80.14
74.13
46.83
70.95
75.36
53.32
56.53
74.96
73.0
76.75
66.49
82.42
47.9
77.2
68.28
84.88
57.0
85.81
59.92
65.22
60.79
67.51
83.24
55.53
83.42
73.23
63.41
55.96
52.01
85.66
68.11
44.57
74.49
39.69
67.36
49.61
52.7
60.22
50.74
85.75
66.08
57.89
78.75
69.04
48.71
54.84
59.31
50.65
58.92
50.74
63.05
73.81
71.13
59.48
79.04
88.15
62.48
74.12
72.15
76.49
65.62
71.91
74.35
84.88
66.78
78.08
69.96
17.54
56.11
50.49
46.73
31.83
52.86
34.27
50.21
45.77
36.61
27.41
28.55
78.27
54.16
24.69
54.68
60.22
45.84
46.9
66.7
72.97
50.65
46.87
76.64
34.83
38.85
31.93
28.23
63.12
42.83
58.08
51.2
61.08
40.75
75.14
40.7
40.61
49.46
20.53
31.05
45.69
63.72
58.74
47.8
37.3
57.66
39.52
64.62
47.03
46.43
84.69
55.4
36.22
34.34
40.4
55.98
56.14
24.55
23.96
39.57
85.95
74.93
28.91
43.18
42.82
45.31
58.71
60.92
43.55
44.31
33.51
48.25
63.99
74.64
54.9
55.06
42.75
69.73
40.11
46.19
55.14
59.34
21.64
33.09
68.56
32.14
53.79
16.91
16.91
78.42
50.91
38.42
75.08
40.37
35.29
68.23
63.16
38.54
47.21
52.82
84.53
58.03
36.36
30.59
35.54
58.99
56.57
26.21
87.02
58.8
46.49
29.26
24.59
50.7
51.25
66.42
65.59
39.5
57.63
54.24
53.65
59.33
47.68
51.88
52.14
59.89
68.76
43.54
42.86
20.79
26.3
39.9
66.67
40.05
50.87
60.87
50.61
19.65
81.41
61.59
53.67
58.79
42.23
77.55
72.86
30.07
58.69
77.11
50.57
43.82
35.85
55.36
71.37
47.46
37.82
40.89
41.6
26.9
51.11
0.0
66.34
54.66
36.35
25.99
37.02
49.28
45.44
66.77
67.61
68.29
15.35
30.31
57.73
58.8
35.58
53.77
41.53
25.91
70.79
49.37
55.09
54.45
46.02
68.82
19.22
82.11
64.75
35.28
63.95
56.62
61.06
54.25
73.63
40.86
51.67
40.24
56.82
58.33
71.51
59.94
23.11
88.75
48.1
27.4
33.66
74.34
46.87
36.61
53.92
54.3
36.78
57.89
44.8
55.98
55.43
65.78
50.72
41.94
54.1
87.76
79.4
57.0
59.8
32.17
64.11
30.89
70.23
39.65
52.78
76.86
40.7
41.0
45.78
52.55
57.6
42.48
74.09
35.35
64.99
44.83
69.99
22.54
79.33
43.02
42.7
33.35
50.9
31.99
31.9
52.67
60.8
38.19
58.54
23.25
39.09
61.31
30.29
57.97
30.22
49.27
56.83
45.08
43.36
79.2
41.66
55.81
30.23
22.5
59.17
77.4
65.4
79.69
56.09
64.34
57.29
20.17
43.05
55.92
54.81
67.93
52.74
43.88
53.58
27.26
28.6
53.86
42.27
25.41
44.95
93.77
42.98
46.55
33.57
55.57
47.23
49.53
71.04
55.64
25.43
54.89
61.54
64.41
44.62
62.42
61.43
53.98
62.85
38.44
65.9
40.86
38.13
58.34
57.25
71.08
37.8
64.09
28.73
56.15
36.57
54.22
29.51
30.32
36.59
37.81
35.02
56.2
53.74
61.05
46.18
35.62
60.67
58.34
30.55
5.436
58.93
79.75
60.91
40.52
54.47
48.95
30.95
53.22
46.29
41.35
30.98
63.61
41.28
56.18
65.02
30.62
50.32
54.71
39.26
72.87
35.62
26.63
37.29
72.39
56.46
48.05
70.41
41.92
30.25
49.54
49.11
25.7
22.22
30.94
51.75
50.49
23.2
27.48
66.44
59.85
58.48
33.76
49.65
35.12
95.07
63.35
53.51
80.05
76.92
40.06
53.59
64.3
25.56
42.58
72.51
28.59
38.97
38.77
87.62
61.74
37.78
38.66
36.49
54.54
34.7
43.06
72.86
49.38
26.95
41.87
52.11
27.74
36.91
38.55
47.19
41.61
52.14
55.77
39.05
44.76
60.8
59.23
66.71
21.92
38.49
39.55
23.01
42.03
71.25
26.97
45.49
38.42
49.76
46.68
38.9
26.19
49.7
46.63
65.6
33.08
53.96
43.41
43.52
41.12
24.31
48.98
35.32
43.02
47.76
64.19
88.17
31.04
78.29
43.39
24.63
16.74
22.06
31.31
63.87
33.59
40.23
61.71
65.96
33.92
32.45
58.85
64.74
53.28
52.39
56.82
32.2
45.75
44.28
55.34
50.82
42.15
61.6
44.15
45.93
40.99
80.55
40.35
52.84
51.29
32.7
49.78
57.39
78.82
58.23
59.34
51.93
58.26
48.3
49.28
29.47
23.16
25.74
35.17
17.28
45.04
61.29
47.05
54.42
48.4
71.64
31.36
32.34
64.42
71.62
23.45
70.08
38.73
27.47
65.49
59.73
18.81
54.73
62.37
27.32
69.43
71.2
45.05
31.71
30.01
35.81
66.74
59.91
60.43
71.37
39.62
3.652
38.48
47.45
42.53
29.69
63.63
36.49
39.92
75.57
49.5
17.77
52.95
61.0
26.85
19.47
78.32
43.96
83.75
42.91
30.9
49.91
42.41
60.26
42.97
55.87
66.75
25.93
31.16
76.21
43.2
64.4
53.74
70.74
22.39
41.46
70.22
47.09
69.4
47.7
30.37
53.7
68.04
41.96
25.58
70.27
49.38
25.4
45.8
63.8
27.04
59.98
61.53
75.8
15.99
70.82
49.38
36.64
74.24
2.024e-06
63.54
63.98
23.83
30.71
49.18
50.5
43.08
48.76
28.46
68.47
63.91
65.93
43.44
80.27
36.84
42.2
56.21
31.72
69.49
82.42
52.51
36.72
31.11
58.25
54.85
1.721e-06
58.29
50.12
72.33
27.24
30.65
21.41
64.52
33.68
50.99
85.13
45.19
69.55
54.44
55.12
53.78
68.8
59.91
42.28
43.32
44.85
53.12
62.16
40.73
74.27
35.86
79.34
47.5
69.72
45.98
37.16
48.09
53.71
31.82
64.78
20.43
44.69
25.28
65.79
38.06
73.83
52.4
28.52
67.91
63.27
61.94
29.96
16.04
40.26
59.43
36.5
71.52
52.87
65.18
67.87
80.61
77.03
32.12
32.42
41.4
42.78
39.63
49.93
38.1
40.17
46.66
47.85
23.48
50.72
48.73
29.51
56.18
19.79
61.38
19.7
22.84
69.36
61.56
33.06
85.19
43.42
71.61
32.43
49.67
85.8
88.93
51.93
76.32
42.91
74.28
52.29
47.98
65.38
52.62
50.2
33.41
64.98
40.69
76.91
57.47
78.8
51.94
22.06
55.02
87.13
44.5
67.52
34.36
59.57
63.42
56.86
65.64
58.36
38.08
49.62
40.91
60.0
52.53
36.16
47.1
18.12
42.77
83.89
44.0
18.23
61.07
55.98
47.01
68.48
34.61
65.5
72.84
37.15
81.25
59.31
31.17
68.36
83.25
58.41
36.88
47.42
26.27
50.01
52.49
78.49
67.0
53.06
56.16
51.68
68.16
45.94
66.55
64.98
60.45
72.11
17.83
32.81
72.9
58.13
38.72
53.89
43.64
71.92
35.32
30.34
60.36
27.0
67.17
56.1
72.74
49.04
62.04
43.23
27.64
72.8
58.69
55.28
58.8
68.27
42.52
30.65
50.36
75.93
60.69
45.09
45.71
48.27
58.14
32.17
76.51
23.93
65.88
29.85
67.94
44.52
42.24
62.09
67.23
72.03
36.61
72.16
53.15
36.15
51.6
62.85
51.05
60.18
33.99
41.48
45.01
27.73
40.67
26.54
23.09
35.09
46.04
53.87
58.6
33.64
60.57
47.02
24.46
67.42
33.97
38.17
24.2
49.71
42.29
64.54
51.56
32.17
44.7
60.18
47.51
50.6
64.07
63.19
50.14
22.71
58.33
54.64
66.51
51.49
65.38
45.65
60.08
57.99
67.11
74.37
74.65
42.42
87.31
42.51
48.92
30.86
21.56
47.23
19.13
58.47
74.08
96.19
49.55
43.33
46.49
34.38
58.29
55.96
27.02
49.29
54.02
62.01
38.96
73.77
71.94
22.71
59.87
36.35
37.99
77.06
29.57
70.85
47.31
62.72
40.89
62.78
34.46
43.65
36.95
59.12
32.95
48.07
20.27
44.07
27.13
76.74
49.41
79.18
40.67
56.9
69.04
37.53
42.06
57.56
52.28
68.78
39.83
62.78
45.23
50.66
32.86
66.25
78.55
42.84
58.84
61.0
38.04
29.13
54.65
29.85
54.61
75.93
82.24
56.04
33.84
53.83
58.73
16.44
57.95
24.5
40.0
30.72
67.23
38.71
66.04
19.31
40.39
38.7
66.63
52.89
61.73
71.18
61.77
47.62
43.55
47.56
42.13
18.4
59.15
60.35
36.18
56.53
58.35
69.45
70.1
31.84
40.59
64.62
55.59
53.99
72.28
36.78
19.78
59.43
23.96
77.96
46.37
51.82
26.05
61.5
68.58
25.4
40.28
39.92
24.62
71.29
63.95
38.3
48.24
64.35
74.9
63.64
56.1
44.71
89.19
67.82
75.78
75.91
56.8
37.83
47.18
58.7
68.27
30.89
30.28
33.39
63.34
41.83
24.03
0.0
45.71
0.0
63.03
48.35
9.356
31.91
40.01
9.649
45.42
32.49
28.21
55.91
28.21
24.23
42.33
31.93
27.51
36.7
28.65
47.72
33.01
39.93
38.24
38.84
22.17
39.51
44.14
45.78
37.77
41.97
37.73
26.01
56.0
63.15
34.28
65.88
40.63
59.73
44.34
26.11
47.35
37.21
38.73
24.23
35.46
37.67
7.633
42.84
32.93
12.0
42.96
40.43
25.96
44.83
38.75
36.81
57.55
51.27
8.097
36.37
37.37
38.92
38.06
39.78
28.74
41.62
40.64
24.58
39.68
42.78
28.43
31.49
38.05
28.63
49.73
44.95
31.59
31.01
31.26
22.41
47.45
23.05
33.9
46.47
44.21
36.14
48.14
57.75
33.33
36.79
37.24
18.14
42.39
28.72
23.49
31.22
35.52
36.67
49.05
32.93
37.94
55.91
38.5
34.67
49.1
40.11
36.51
45.59
53.06
32.46
43.44
39.93
55.42
42.39
38.73
28.37
47.37
28.6
22.37
43.48
42.96
37.6
39.99
33.17
38.16
46.05
22.75
24.38
29.52
23.4
24.35
30.62
41.51
29.19
40.62
52.49
35.68
45.92
42.78
17.86
39.92
65.37
36.81
66.56
37.09
36.98
41.18
41.4
31.09
53.29
40.95
33.95
53.25
48.35
35.79
26.35
39.39
19.1
30.57
25.63
34.58
56.94
50.17
20.21
43.89
42.88
22.36
42.62
41.5
15.92
41.28
40.29
47.07
41.76
57.67
35.55
41.27
40.64
18.35
36.57
23.96
36.36
50.4
43.4
27.63
43.77
61.2
59.71
58.29
22.77
0.0
51.1
42.27
38.46
46.81
30.07
16.41
40.89
41.58
27.18
35.58
30.13
22.1
35.99
34.05
12.62
35.57
21.33
57.92
49.31
36.4
38.85
47.89
37.67
26.2
64.23
34.78
21.53
51.76
62.05
19.1
46.14
42.4
17.47
44.14
37.59
33.91
56.39
37.38
9.649
48.46
35.91
35.5
43.54
29.95
16.41
48.98
37.71
20.18
55.35
27.74
33.87
41.87
38.05
24.55
19.08
47.02
12.34
42.39
45.33
33.49
49.87
33.07
56.08
44.14
39.75
20.35
55.47
38.45
5.918
39.33
18.5
41.62
37.18
39.65
16.82
38.87
38.37
40.13
39.47
33.86
27.01
50.54
30.96
22.48
54.5
54.36
19.1
31.22
40.29
0.0
40.92
42.5
29.65
20.1
39.06
40.94
43.13
47.63
40.68
37.93
37.22
16.78
55.7
38.5
46.2
49.09
33.81
40.63
21.09
38.22
24.35
39.07
52.96
43.47
26.71
52.2
18.26
31.18
49.42
38.46
43.0
23.87
36.54
34.64
39.65
25.32
39.43
44.51
47.8
47.91
43.57
29.48
69.17
49.42
48.65
39.61
43.72
62.88
42.06
27.8
46.05
21.65
5.918
61.8
41.59
12.0
39.09
26.76
30.57
43.25
32.19
16.3
39.43
47.66
28.08
43.18
49.15
22.75
42.67
24.57
24.24
69.1
21.69
16.43
67.78
46.0
29.07
40.35
34.02
12.0
50.28
32.11
38.24
45.28
31.18
29.74
41.63
37.38
24.52
45.51
45.13
17.99
57.56
53.04
23.69
36.45
23.1
22.86
48.07
37.5
34.83
38.97
52.68
0.0
39.87
50.4
47.6
40.6
59.14
15.92
27.51
47.2
16.96
41.04
45.39
37.49
41.68
62.58
29.92
39.43
37.38
29.24
51.1
47.21
20.21
62.57
42.5
15.92
40.24
35.62
46.56
35.49
26.69
26.5
39.86
40.21
16.78
60.35
31.63
18.16
55.02
53.13
30.92
44.92
47.91
20.69
54.43
39.1
16.37
23.44
38.04
24.35
52.31
55.8
29.8
54.64
53.04
39.01
51.89
39.51
36.79
54.83
42.2
45.42
35.65
57.54
30.85
54.03
43.3
30.53
42.65
43.75
34.67
34.43
24.53
40.41
60.45
31.78
42.19
52.41
26.96
39.77
60.01
47.16
40.7
15.84
33.92
28.97
60.01
32.02
38.86
34.14
28.98
50.21
42.97
26.92
36.68
57.81
53.07
43.61
43.01
60.09
47.41
23.63
49.32
51.92
43.21
53.51
41.26
45.51
34.55
51.05
27.05
20.09
9.503
46.23
47.66
57.62
27.69
36.41
61.36
21.85
29.92
20.58
48.98
57.65
32.32
36.94
50.14
44.42
49.42
48.99
37.8
31.4
40.47
48.78
45.0
29.21
18.45
42.23
38.25
52.17
44.53
13.61
47.16
40.96
40.15
43.68
38.11
32.75
32.52
42.07
30.63
46.56
28.79
37.51
28.05
21.9
38.98
42.57
39.77
39.09
50.68
31.26
39.12
24.37
49.81
47.62
54.06
48.33
51.52
54.51
47.3
33.45
27.64
37.65
44.63
27.93
33.88
43.45
33.4
43.12
20.54
42.77
32.83
44.69
51.1
36.38
41.92
42.14
53.26
31.9
47.83
31.71
47.58
45.17
44.92
31.16
59.86
23.8
44.75
24.95
48.55
36.62
36.82
43.9
30.11
29.69
39.12
46.71
44.7
36.98
41.49
48.57
37.25
44.04
45.71
31.79
35.07
49.49
36.92
50.26
59.66
23.38
47.91
30.76
20.42
31.74
27.24
58.81
49.05
33.69
27.29
19.9
43.05
45.95
29.49
41.75
35.25
33.17
38.96
44.52
23.79
37.05
49.49
38.47
47.26
27.44
39.14
37.37
19.94
30.03
26.76
32.32
51.7
39.47
51.2
44.32
19.63
54.25
54.71
44.48
31.95
60.83
55.83
20.96
31.78
50.1
56.01
24.51
54.74
35.75
47.37
33.84
53.51
47.56
4.653e-06
29.23
48.76
59.11
47.12
48.95
36.94
30.72
21.82
35.4
51.97
34.58
31.83
47.65
34.03
43.34
61.59
52.67
33.25
42.89
45.63
45.73
34.62
40.36
28.94
45.53
39.86
50.37
40.15
51.73
48.36
35.76
29.16
33.43
60.4
41.53
31.03
25.18
36.41
39.63
37.08
49.77
26.2
44.0
49.54
39.88
48.98
51.79
52.67
33.19
37.29
35.66
42.83
44.49
17.22
51.02
40.19
54.68
45.87
42.11
57.17
41.18
38.58
50.33
32.92
28.26
31.11
48.23
42.51
38.37
40.64
27.7
33.73
35.12
59.36
42.94
35.14
59.8
26.24
52.39
42.1
48.38
33.7
46.08
36.54
53.18
56.22
42.41
45.91
38.11
18.55
44.75
49.17
35.66
35.31
34.24
60.64
48.96
33.21
40.75
33.26
14.26
40.87
59.19
48.64
29.62
52.73
35.56
42.42
38.6
39.92
51.22
46.66
34.79
53.34
35.08
47.77
44.02
30.77
38.78
54.8
34.84
57.58
45.37
38.96
41.41
46.73
43.38
44.11
30.32
26.45
36.39
40.66
51.33
41.52
48.22
51.54
41.13
20.41
35.28
41.06
22.75
55.84
38.22
38.1
33.79
48.99
32.62
29.56
55.73
39.48
34.31
51.05
28.63
49.33
60.39
45.94
34.43
38.79
36.07
34.72
25.92
51.66
39.39
31.05
42.06
40.31
46.72
36.75
48.06
32.14
27.5
31.01
46.38
52.59
47.44
51.02
48.3
56.69
16.32
32.45
37.03
42.36
29.6
43.79
42.01
46.18
36.76
52.46
27.33
33.21
37.76
48.92
37.63
37.01
44.0
54.21
30.93
46.42
27.18
37.27
43.53
38.41
37.71
36.75
56.36
47.36
42.56
25.15
41.92
50.92
39.08
41.98
46.8
44.09
55.87
39.47
63.53
46.82
51.19
51.61
33.95
38.56
40.61
32.17
47.96
27.21
26.26
62.95
27.42
55.21
58.85
23.01
27.84
39.82
53.93
42.67
34.52
22.48
46.09
52.63
52.7
36.93
35.77
49.25
43.17
36.88
41.0
30.26
37.62
35.44
40.36
34.81
45.14
25.63
52.51
33.47
48.31
41.95
45.51
44.47
46.07
49.12
40.1
34.85
42.28
34.26
38.8
28.74
57.79
18.04
29.76
32.46
47.42
59.34
27.92
50.76
34.09
49.52
59.36
39.77
35.28
45.7
47.14
48.62
29.09
51.78
53.31
40.02
46.12
39.98
48.29
46.39
50.9
41.68
24.65
21.28
21.02
26.76
27.99
39.35
30.41
35.42
44.9
35.06
48.24
63.07
21.43
27.29
40.77
21.85
35.22
63.17
47.07
39.95
49.09
37.48
27.4
45.3
31.07
48.55
33.39
33.17
29.3
14.49
36.3
54.25
54.59
48.95
48.74
63.14
43.39
39.79
51.23
49.55
19.74
41.48
36.02
14.28
54.75
50.22
44.38
32.02
42.13
32.19
34.22
48.67
56.99
30.77
51.22
34.37
44.12
32.27
34.28
38.42
37.59
64.88
29.63
29.35
50.31
33.63
26.39
40.61
50.3
44.46
40.26
32.91
37.99
46.34
53.7
19.15
33.24
36.79
45.44
50.94
39.09
32.65
41.89
33.51
32.0
38.81
56.14
41.12
43.25
39.53
43.61
28.15
43.08
36.94
37.25
51.81
53.31
43.71
19.69
23.8
14.49
49.06
46.84
55.17
61.67
50.04
46.28
39.69
42.82
47.97
23.92
40.51
41.65
30.13
31.28
56.02
30.1
30.22
29.01
54.25
31.06
37.79
44.02
34.0
36.77
47.9
68.57
32.21
57.13
50.59
41.67
34.36
61.54
43.87
37.43
31.88
33.52
23.38
33.38
36.47
41.43
34.4
32.82
42.05
34.66
22.39
62.47
46.94
21.87
40.52
46.78
37.55
36.49
42.39
32.47
54.45
34.94
39.92
15.23
29.46
38.11
37.68
51.65
32.67
29.73
47.77
34.31
36.67
24.82
44.65
48.86
35.5
43.15
23.97
45.68
38.29
26.35
49.13
43.5
30.56
46.8
40.92
52.98
31.17
36.31
45.57
54.23
43.21
58.71
26.17
17.35
34.21
20.88
49.41
47.61
57.17
30.86
35.94
39.91
43.59
27.2
40.8
26.67
43.15
43.95
45.19
35.82
56.7
37.91
53.24
49.86
53.03
48.72
29.67
42.8
52.97
22.63
38.66
37.64
41.27
42.04
28.14
36.52
38.99
49.8
42.28
38.16
43.02
34.27
25.36
32.57
40.52
49.57
38.47
37.7
64.27
49.85
53.12
39.16
35.16
29.54
53.85
37.39
49.73
25.98
40.36
44.95
46.76
54.83
45.91
42.58
32.74
35.68
39.78
16.09
48.31
43.55
20.04
42.92
44.2
34.48
40.18
13.38
20.54
55.17
66.1
40.38
61.02
41.11
42.34
42.96
0.0
40.57
39.54
24.67
42.69
28.13
35.79
36.97
46.87
26.04
55.33
33.27
45.55
29.24
27.08
29.05
52.34
22.47
45.97
36.33
27.42
32.85
60.07
34.2
33.12
37.44
56.96
38.73
41.71
29.95
33.73
48.11
28.43
54.8
52.08
35.99
35.24
28.34
34.15
45.05
56.16
31.17
40.66
59.04
33.24
41.47
27.52
49.88
29.89
44.59
43.4
32.28
41.76
46.59
44.13
39.21
49.22
62.47
55.95
53.93
40.17
52.94
45.15
63.93
45.37
33.28
42.57
54.25
48.04
26.57
35.64
46.64
48.79
47.84
38.43
38.69
11.16
19.14
30.42
43.4
30.35
45.08
39.96
35.37
34.21
48.75
29.67
25.55
43.5
48.73
34.61
47.25
50.4
35.34
41.05
46.91
39.71
40.38
17.94
43.09
46.55
43.51
36.24
28.59
43.44
36.5
42.57
39.32
50.09
49.89
38.33
41.97
20.73
53.02
36.63
36.37
43.16
41.66
42.83
39.2
36.46
45.74
39.07
31.85
40.01
30.51
51.31
36.94
36.79
37.73
42.0
44.5
56.97
48.64
38.94
57.49
32.12
43.35
27.9
35.93
23.28
48.09
48.41
30.26
32.24
20.2
40.88
36.19
60.57
48.42
34.88
24.92
31.47
43.05
50.64
35.39
42.29
44.86
35.67
45.96
39.52
34.18
26.57
63.48
24.0
47.25
45.79
48.54
48.34
43.02
43.35
44.35
40.33
43.06
28.42
35.83
33.26
38.92
18.02
62.09
43.63
40.4
51.3
51.37
57.51
24.42
22.53
32.17
36.75
37.83
49.28
47.72
34.96
54.95
27.6
14.13
32.13
29.39
36.67
38.35
38.8
49.86
47.87
26.25
58.68
50.66
40.5
26.49
27.2
32.11
45.58
22.29
64.41
56.52
35.7
37.98
60.31
43.9
52.38
46.57
49.86
28.02
37.67
83.1
65.7
33.76
47.61
36.8
24.42
54.96
44.08
38.59
39.32
39.63
20.02
54.72
42.08
22.31
63.87
37.47
29.76
37.2
42.41
23.06
55.21
44.39
17.85
77.06
44.3
24.64
53.98
47.95
37.72
51.23
71.2
40.54
72.35
50.77
28.2
43.64
46.31
33.12
48.82
32.74
30.81
75.99
63.5
33.67
54.91
54.06
32.43
44.83
37.63
25.55
49.6
39.21
27.23
63.97
44.64
40.5
49.07
48.03
33.79
44.08
38.09
27.23
42.77
55.53
30.9
73.67
37.6
62.5
56.32
37.27
28.61
54.92
40.89
29.69
66.2
32.8
28.26
52.75
31.48
26.67
44.91
32.69
35.73
60.68
40.33
28.7
51.36
38.89
20.91
51.52
50.55
50.62
93.88
23.76
23.07
72.0
42.37
22.57
66.24
63.84
27.8
39.79
55.88
35.0
52.55
59.77
20.75
36.84
51.01
24.47
47.43
38.87
39.68
61.31
32.35
25.16
52.49
37.02
21.17
72.82
45.81
42.49
45.52
53.23
43.95
43.72
39.79
28.55
77.49
36.22
36.74
68.29
36.12
43.34
58.72
59.51
31.29
46.02
63.02
33.68
74.51
36.86
42.83
62.82
38.86
28.05
54.54
28.42
36.03
45.11
44.46
21.69
54.06
60.15
20.7
54.33
56.91
26.74
56.22
40.16
48.89
51.13
40.8
32.82
38.0
35.82
37.01
43.27
38.36
28.16
79.81
40.82
40.73
48.62
50.23
33.03
60.41
43.47
19.57
64.08
40.35
40.44
40.75
29.21
60.39
51.84
33.51
39.18
63.9
41.1
16.24
90.77
42.71
24.06
61.28
41.11
36.05
89.75
40.47
27.69
60.34
41.68
36.66
86.94
46.02
19.59
52.92
35.77
25.55
44.84
40.9
38.77
60.63
26.91
22.69
66.78
32.85
20.88
73.6
34.03
17.15
68.22
53.44
22.2
61.32
48.43
19.58
54.19
40.56
33.06
56.0
38.79
63.07
41.57
69.71
37.07
67.81
65.82
37.6
34.16
39.08
22.45
56.16
80.63
70.06
40.81
82.15
41.03
36.97
39.67
44.35
65.46
48.97
38.06
64.08
58.3
54.71
33.36
50.84
45.33
57.18
45.99
75.81
37.01
61.99
34.17
68.71
41.75
50.38
41.79
64.98
50.41
66.9
37.01
64.97
44.84
53.87
52.43
76.04
34.92
37.62
42.53
44.32
31.91
56.95
46.53
47.83
58.05
55.45
32.97
39.84
52.21
47.68
31.02
64.89
47.42
54.09
25.03
48.1
28.7
32.18
56.38
45.5
57.38
33.95
51.65
57.14
59.48
29.8
42.58
91.62
45.87
47.28
77.41
25.36
31.65
48.34
53.41
90.33
26.8
53.96
64.16
64.12
47.77
38.2
44.0
51.88
37.38
51.35
67.7
35.05
36.31
49.02
51.0
43.2
43.43
44.49
59.17
52.39
60.42
54.49
56.02
50.19
12.73
81.68
19.75
76.38
56.93
50.49
26.82
56.81
63.78
30.41
72.88
61.96
57.29
58.74
65.3
48.1
76.62
67.72
77.57
51.84
42.74
58.72
38.16
50.72
59.36
32.44
59.77
52.35
41.05
83.28
40.33
38.35
50.57
68.51
34.74
39.95
49.23
58.19
62.23
63.54
45.0
66.58
31.46
48.35
46.01
47.89
44.65
23.69
28.38
59.0
58.65
55.6
58.16
13.1
37.94
86.18
73.93
55.41
40.2
46.38
45.19
30.94
14.64
32.69
81.93
55.5
31.1
53.53
59.59
34.45
66.01
5.072
63.49
38.29
44.35
79.2
41.38
38.73
36.94
42.81
45.78
38.55
37.13
36.24
26.69
62.74
58.78
42.76
57.44
36.79
29.79
57.79
76.76
61.41
32.99
71.44
39.69
20.13
48.11
36.44
88.3
59.98
16.74
38.13
62.2
86.51
58.12
60.47
42.75
51.25
64.92
98.27
64.72
58.68
67.27
37.89
68.54
64.76
61.85
36.9
77.64
40.21
38.46
48.88
35.62
31.59
48.39
68.75
63.21
47.64
49.76
44.74
41.81
21.93
19.26
54.63
60.99
30.44
45.36
31.71
45.5
51.42
33.18
33.39
49.75
75.85
38.62
55.23
50.27
1.655
89.98
24.61
28.53
104.0
45.65
31.3
80.04
54.35
55.19
64.78
48.37
8.829
41.95
92.04
36.55
21.04
32.32
40.91
55.1
53.65
55.11
61.22
41.2
10.92
70.1
54.57
17.81
49.1
39.01
75.43
33.45
76.26
73.17
60.73
82.99
36.64
43.63
31.94
97.22
48.03
53.69
68.78
59.1
49.73
32.89
52.51
0.0
49.29
32.96
30.52
42.21
53.58
55.57
55.61
55.87
57.79
35.55
67.93
21.21
39.3
39.18
63.65
27.65
33.01
45.62
39.62
27.65
84.02
45.57
64.65
39.81
28.98
78.93
56.98
27.98
35.26
43.11
51.19
30.91
63.88
52.24
71.26
41.43
42.81
57.41
61.67
34.73
32.69
43.17
39.18
50.51
94.96
56.9
44.4
30.79
32.09
53.7
37.25
36.26
45.27
43.8
53.6
99.86
25.25
64.22
44.56
46.24
38.82
59.86
38.03
47.43
49.52
15.33
67.94
53.74
34.32
53.74
62.26
64.52
37.84
23.23
36.15
31.18
49.79
48.48
28.16
40.28
33.82
54.24
44.96
42.87
44.17
49.82
45.38
36.42
67.01
41.16
62.89
73.75
55.05
81.31
83.16
66.22
83.46
73.62
30.16
51.11
52.0
64.75
33.15
53.03
54.88
45.63
27.54
64.38
24.99
73.5
39.52
34.37
43.84
50.31
60.64
28.01
17.93
57.97
70.55
48.28
37.82
61.23
59.26
19.4
45.34
64.13
31.93
49.65
65.81
53.25
49.04
52.99
49.31
45.21
65.9
50.89
42.78
33.44
28.36
28.48
68.14
61.73
39.33
56.78
27.04
39.51
37.75
50.37
29.24
53.87
54.5
16.74
35.1
32.14
0.0
74.95
27.83
43.72
40.5
56.11
24.42
44.07
41.84
44.56
61.35
52.73
57.81
54.15
18.15
62.27
30.43
42.15
61.63
29.26
31.04
43.96
45.68
49.29
55.85
73.04
71.39
35.24
41.68
6.107
60.72
30.83
39.46
62.02
62.0
36.11
55.89
81.86
25.1
32.11
53.24
47.38
53.48
57.46
57.42
43.24
48.5
64.08
54.06
47.85
44.7
47.56
75.45
52.93
85.25
39.54
21.88
56.4
68.8
23.12
30.61
54.58
71.21
47.46
75.63
47.85
57.48
41.25
40.1
81.9
37.13
46.17
28.59
50.89
44.66
31.26
73.54
63.22
48.96
58.59
44.12
51.6
33.52
23.72
45.96
24.38
33.93
59.98
24.78
57.91
46.18
74.09
46.47
45.04
39.58
65.51
34.72
59.87
21.64
56.36
49.13
56.84
30.38
77.87
15.44
32.23
32.2
30.75
35.21
43.36
38.88
45.05
25.4
43.65
71.46
17.04
39.35
70.81
60.68
61.4
46.35
47.6
44.43
54.9
69.25
54.29
28.92
58.83
72.73
45.05
35.58
48.08
52.35
61.31
83.68
24.8
41.12
69.38
42.46
63.21
47.44
62.27
50.26
63.67
88.08
30.27
41.57
9.994
23.34
50.78
76.12
54.97
41.67
45.68
35.59
27.69
97.49
51.88
53.29
67.76
38.51
56.35
50.33
41.25
43.38
86.07
71.05
40.73
35.83
53.87
57.04
59.92
53.71
59.2
32.33
67.35
37.14
55.87
67.68
37.31
54.59
16.02
32.74
42.08
57.28
55.78
49.17
23.49
59.7
79.53
52.31
68.51
31.67
87.54
50.78
65.97
68.94
64.59
79.93
35.77
30.8
46.65
14.29
44.69
60.55
45.95
47.05
24.71
33.9
48.33
50.34
31.68
18.04
46.37
56.76
79.12
26.4
63.58
45.57
40.58
42.37
32.99
66.57
37.88
74.73
42.51
34.59
38.92
60.5
38.13
31.79
49.5
30.85
28.79
43.45
30.99
38.76
38.89
45.89
36.58
33.91
48.5
54.33
22.67
54.11
44.84
54.21
46.39
38.65
65.88
32.16
34.14
44.05
34.41
45.93
47.26
4.435
40.25
60.51
40.77
32.96
68.93
44.27
62.26
53.13
74.84
72.11
46.53
52.73
29.18
65.19
78.88
39.0
23.75
56.31
40.48
55.46
54.62
58.71
66.65
60.62
24.87
59.79
37.07
76.02
33.86
38.93
28.67
53.32
64.27
53.74
55.77
21.37
36.2
69.08
48.12
65.02
32.25
41.46
22.52
28.92
68.52
58.66
53.54
76.06
30.61
34.09
31.91
30.86
36.75
71.93
46.96
33.85
73.69
36.74
40.84
43.49
78.49
47.11
57.44
28.46
59.89
35.24
37.09
43.97
31.96
47.57
3.944
28.06
7.663
43.29
2.975
49.59
46.31
40.82
37.27
11.2
42.34
51.4
68.15
66.12
65.63
71.18
23.35
55.53
50.69
49.13
53.81
62.79
31.61
48.7
58.29
77.64
7.83
54.54
39.55
75.68
51.94
72.05
54.19
41.63
40.92
28.28
44.83
61.32
58.14
29.06
36.52
70.98
51.35
59.41
32.95
37.94
25.86
25.56
61.63
53.81
29.16
42.19
26.0
51.28
71.46
46.89
34.89
23.65
47.18
33.77
36.08
65.78
33.85
95.95
35.49
57.24
36.21
43.57
52.17
49.59
33.99
51.22
57.95
58.75
45.95
61.93
45.02
46.49
26.97
55.62
44.68
67.63
23.64
59.13
46.89
52.7
42.8
74.83
50.88
21.4
39.32
32.88
30.48
27.61
52.32
34.6
47.0
27.39
71.65
56.97
52.07
25.55
79.58
68.12
48.67
61.15
66.62
0.0
44.14
56.58
64.59
83.36
65.13
26.24
50.54
31.52
49.41
72.3
16.7
8.006
58.49
25.18
83.78
18.15
32.51
30.86
36.13
44.92
68.1
67.75
36.91
33.94
59.75
63.08
47.07
28.38
60.07
35.64
72.73
55.86
51.91
39.71
8.79
29.66
55.4
72.18
55.29
38.27
88.76
59.72
0.0
44.23
54.28
43.02
88.19
47.44
36.7
84.49
27.46
57.09
65.22
43.68
55.87
25.7
37.84
60.43
31.24
36.97
59.36
80.85
49.37
80.92
36.81
63.4
59.85
56.3
49.48
36.7
51.92
34.1
53.97
60.9
42.01
59.58
54.98
36.52
40.84
32.5
43.07
41.23
49.59
44.44
48.39
46.48
23.07
52.41
54.14
35.59
52.05
34.64
51.04
33.51
23.96
52.16
65.21
41.81
46.89
73.82
76.57
45.66
27.41
47.04
51.97
53.68
98.16
23.04
53.42
45.98
65.69
44.98
47.72
39.59
35.92
61.77
33.11
73.28
55.58
37.12
45.72
62.39
37.3
51.8
49.77
35.38
29.16
23.63
65.92
40.66
59.38
64.58
86.0
46.69
22.54
51.37
29.8
35.02
36.9
35.09
42.39
72.25
71.08
53.0
111.1
48.34
52.32
67.2
38.86
81.7
38.84
49.43
90.71
62.29
22.34
55.13
32.02
23.59
43.17
52.31
26.91
68.38
35.54
48.53
62.89
43.25
47.35
50.62
35.42
19.67
55.11
27.5
20.85
43.67
29.53
46.01
58.35
46.92
33.95
63.4
40.09
58.65
45.31
86.28
63.54
25.58
51.0
49.6
29.98
46.94
51.65
58.25
22.56
23.29
22.73
5.493
35.92
39.24
28.66
45.2
37.91
80.57
25.45
51.84
29.84
36.74
42.79
21.48
75.47
49.69
69.98
49.55
40.66
60.73
57.33
57.58
40.36
28.38
69.33
37.26
40.06
86.67
67.11
52.17
33.89
68.29
38.07
41.51
73.91
36.79
39.28
43.17
52.69
78.68
34.37
35.36
30.1
50.24
27.36
50.0
31.75
39.68
73.56
45.71
29.3
56.94
35.24
25.04
41.35
47.16
75.32
42.39
52.32
54.06
48.53
32.95
38.91
66.86
79.48
73.2
32.05
48.49
40.92
60.92
52.58
62.97
36.76
52.68
0.0
42.79
22.82
28.26
29.35
24.62
68.26
45.94
53.81
59.4
32.98
45.67
62.87
35.12
44.55
62.39
56.44
19.28
26.14
27.24
40.36
34.57
57.17
59.29
75.71
43.71
19.23
37.49
53.02
45.33
28.95
81.61
20.95
71.58
53.44
45.32
49.55
48.51
40.15
22.77
64.34
83.17
37.93
66.79
42.64
41.27
23.36
44.61
55.33
90.49
63.81
79.19
50.97
23.8
44.1
68.18
31.8
83.46
56.69
28.45
36.39
35.06
55.62
57.73
76.78
92.41
48.45
42.05
56.91
32.48
25.41
29.11
67.96
50.26
33.31
44.42
31.42
46.23
50.35
54.7
30.85
40.84
59.09
0.0
63.54
52.08
75.97
40.32
33.33
74.95
45.02
37.77
68.36
22.45
62.34
49.96
57.01
23.85
78.21
38.11
41.21
48.23
26.89
25.0
55.61
39.32
0.0
89.56
63.71
37.25
78.77
48.27
46.43
58.9
68.0
50.2
41.94
26.53
22.58
64.23
22.13
70.43
48.54
17.69
57.0
0.0
46.36
85.67
84.16
64.73
50.17
67.45
57.8
84.76
19.34
45.34
43.12
45.79
30.84
75.09
35.96
67.21
81.59
63.15
55.58
25.48
16.87
61.59
33.26
0.0
61.15
39.87
41.25
36.85
57.54
39.82
53.72
78.61
77.06
33.31
31.32
77.67
75.91
26.16
74.73
53.01
0.0
37.13
39.95
38.11
62.43
74.13
25.7
47.78
39.19
38.98
33.06
89.18
40.66
68.17
21.66
26.11
66.9
53.0
44.14
51.08
43.45
70.19
50.11
44.16
45.4
35.86
52.25
32.32
63.17
34.7
63.38
72.43
20.26
52.74
9.594
39.1
52.04
38.65
54.38
32.93
34.21
52.59
66.28
48.46
52.16
46.44
65.76
48.09
25.64
57.42
48.16
30.15
74.44
24.96
56.98
3.848
21.55
27.83
55.74
42.87
43.27
40.1
61.83
79.53
51.14
45.42
26.92
40.94
4.684
12.36
63.13
47.31
36.78
36.0
45.66
35.15
21.1
22.76
29.94
27.55
87.13
74.31
76.52
68.19
66.97
60.51
88.0
76.95
22.27
53.38
71.4
75.94
28.71
73.28
62.18
60.8
51.19
21.47
46.46
54.83
46.16
34.23
45.03
48.38
77.14
53.38
73.1
65.54
52.77
46.84
76.95
41.08
59.62
94.67
37.86
75.51
51.28
59.06
54.16
53.13
42.92
51.76
38.27
42.69
26.58
86.78
50.15
31.47
55.31
46.32
79.39
48.03
68.22
63.26
37.84
30.57
23.98
43.39
85.8
29.71
39.08
68.83
70.53
50.68
51.38
20.25
80.51
86.99
41.79
87.66
81.38
45.19
51.56
62.62
49.23
25.77
64.47
44.81
54.62
13.69
61.9
64.63
52.74
15.67
46.82
34.17
68.73
29.53
61.65
0.0
76.64
50.81
53.61
23.27
62.68
55.46
46.59
33.25
43.82
49.42
52.18
73.06
42.46
38.75
51.18
75.03
36.72
49.97
58.0
79.15
66.38
68.61
48.59
62.38
43.67
49.05
38.71
43.14
59.07
41.97
83.39
48.85
15.45
44.92
55.82
75.67
64.73
29.88
76.53
41.0
52.95
59.6
81.54
40.67
59.24
32.01
38.2
34.49
55.29
36.94
41.59
77.03
64.93
38.39
104.9
35.69
23.52
57.6
63.49
92.48
38.17
3.235
41.44
39.0
37.79
20.47
23.34
42.49
32.49
55.83
24.07
28.02
51.9
62.13
32.23
59.11
83.06
49.44
29.83
27.1
59.0
53.69
43.04
41.76
22.27
58.44
41.32
45.34
24.38
34.58
58.17
67.66
65.4
60.47
80.59
36.5
31.5
30.56
34.34
49.75
47.39
75.82
69.24
63.19
63.14
31.84
58.35
81.59
47.21
55.02
43.46
64.08
55.06
29.47
26.24
25.86
35.68
60.9
62.65
59.39
71.52
74.64
0.0
46.21
53.89
51.87
36.26
50.27
73.02
36.29
10.29
44.07
95.69
61.65
25.69
82.14
52.26
65.53
82.46
7.934
72.03
47.84
46.39
54.89
54.34
27.64
84.82
68.09
64.54
61.55
21.29
38.45
51.01
81.91
17.18
28.16
62.1
32.89
51.85
26.15
29.22
73.48
41.37
42.28
36.46
27.37
54.28
66.16
68.69
53.49
44.75
14.94
12.76
29.32
48.8
59.39
63.47
45.88
40.09
23.56
50.69
27.33
49.47
54.32
27.64
34.92
71.42
67.42
62.99
83.92
25.31
39.7
50.42
71.1
66.02
82.45
32.94
65.01
40.38
35.1
5.711
23.29
84.77
68.97
40.94
87.98
40.6
45.92
24.78
75.98
14.12
36.92
71.55
53.18
34.29
56.47
12.95
66.91
52.1
51.64
74.4
61.31
21.19
53.58
77.12
81.1
68.91
43.8
32.47
37.5
32.05
28.59
48.56
41.75
61.8
34.88
46.28
76.82
51.59
56.58
74.91
46.21
39.82
19.68
38.6
44.84
49.59
72.18
60.17
54.55
73.14
52.91
34.11
42.94
50.16
22.49
46.76
62.17
24.14
44.38
17.77
68.47
30.47
64.67
55.63
3.736
44.28
32.7
39.84
53.51
42.49
27.97
30.41
37.72
65.01
39.82
39.62
31.5
59.75
75.0
24.83
23.32
74.6
70.81
47.57
32.63
65.09
90.67
14.27
24.78
56.87
43.94
70.94
54.21
67.24
45.88
80.3
59.36
60.05
82.54
62.71
60.19
72.82
45.95
62.55
38.29
19.39
70.45
38.51
92.5
42.87
42.39
48.11
0.0
28.83
62.38
33.15
38.38
67.59
42.15
60.65
48.81
104.3
59.83
31.66
48.99
47.61
76.33
80.84
31.98
63.39
23.22
56.03
12.6
9.498
75.23
65.77
87.34
48.61
33.19
19.06
41.83
20.35
27.35
45.15
63.13
41.93
29.97
63.3
50.85
69.41
51.94
55.61
34.07
83.86
60.59
75.44
63.13
66.4
54.93
75.18
38.26
30.67
91.0
62.87
20.78
0.0
19.66
35.16
28.45
0.0
33.0
34.17
0.0
34.57
36.17
34.4
19.34
23.94
2.308e-06
31.66
43.07
27.18
40.12
43.35
35.35
21.66
35.81
50.01
31.96
28.64
40.38
36.0
31.79
31.85
35.63
19.68
41.64
36.02
36.41
42.6
27.95
28.88
52.33
55.58
44.06
49.69
51.0
38.99
37.3
41.26
25.72
50.15
38.05
44.82
41.86
51.44
31.38
44.06
53.45
27.16
58.5
54.78
19.84
31.86
42.49
49.47
57.56
47.21
39.19
53.85
51.02
46.43
63.02
47.91
53.38
72.45
59.25
53.97
57.94
29.6
54.02
49.34
79.84
57.31
37.66
51.49
48.28
63.89
54.9
45.5
64.68
38.2
67.78
56.53
50.52
77.6
59.64
77.44
55.13
54.12
63.47
15.95
18.19
9.917
20.29
31.6
39.62
8.742
28.66
25.74
42.63
8.028
22.14
32.97
33.86
31.86
30.59
37.35
32.55
41.57
50.51
49.0
43.02
40.27
31.65
46.8
56.96
38.8
42.15
55.31
47.09
45.01
47.66
61.36
36.7
40.03
69.5
50.44
37.75
57.19
68.36
48.06
46.9
45.05
43.28
61.87
36.42
48.1
71.74
57.24
55.09
57.48
60.07
58.21
52.79
70.88
55.36
61.47
32.81
53.84
58.53
80.2
54.56
61.12
67.23
59.89
57.6
86.79
84.05
68.16
67.14
83.8
62.86
74.83
74.34
62.82
87.81
54.5
68.66
67.76
89.38
56.23
54.1
67.56
54.96
90.19
70.58
75.14
71.95
74.36
80.06
69.63
80.02
70.69
69.31
58.28
104.8
86.47
70.73
80.43
99.03
