0.868
1.941
1.655
1.55
2.333
0.6101
1.086
1.463
0.8718
0.8758
0.333
1.252
0.9305
1.458
1.408
0.0
1.638
0.8701
1.259
0.4337
3.457
0.07158
1.045
1.159
1.076
0.7641
0.926
1.181
1.162
1.26
0.9868
0.0
1.805
1.92
1.9
0.5732
0.7588
1.775
0.1844
0.8185
0.8311
1.681
1.662
1.892
1.009
1.224
0.0
1.027
1.986
1.504
1.589
1.807
1.175
0.346
0.9365
0.7495
1.484
0.0
0.7683
1.31
1.465
0.3681
1.445
1.366
3.327
2.023
1.884
1.864
1.558
0.3001
0.0
1.308
1.499
0.9881
1.552
2.372
1.626
1.661
0.7522
0.6714
1.206
1.752
2.706
1.614
0.0
1.862
1.202
1.733
1.276
1.129
0.7519
1.661
0.5676
1.807
1.462
1.209
1.085
0.9481
1.746
1.069
0.3369
2.081
1.297
0.7427
1.206
1.822
0.8375
2.612
2.094
1.309
1.333
0.8773
0.559
1.003
1.245
0.0
0.9543
1.252
2.431
2.573
1.504
6.537e-08
0.7191
1.02
1.239
1.758
1.741
0.7161
1.856
1.511
1.023
2.156
1.953
1.401
1.296
1.536
1.778
1.412
1.465
1.607
1.021
2.105
2.846
1.501
0.7467
1.757
1.382
2.211
1.696
1.119
1.585
1.319
1.019
2.181
0.7178
2.284
1.371
0.857
1.156
1.194
0.5973
2.904
1.347
2.444
0.9721
1.752
1.431
0.6231
1.252
1.336
0.6113
0.8625
1.929
1.669
0.9816
1.889
1.716
4.652
1.234
1.079
2.201
0.9589
0.9759
0.7243
1.704
1.25
1.251
1.059
1.716
3.138
1.547
2.347
3.31
1.591
1.401
0.823
1.797
2.681
1.123
0.4512
1.215
2.155
1.122
2.131
0.8751
0.6162
3.433
2.209
1.236
1.968
1.569
1.211
1.762
1.897
2.043
1.955
2.709
1.141
0.4907
1.929
2.354
1.144
2.62
2.431
0.8389
1.673
1.793
1.377
2.195
0.6712
2.101
1.978
2.303
1.178
0.7487
1.524
1.485
2.588
1.4
1.836
1.621
1.348
0.9427
1.125
0.8659
2.712
2.288
1.641
1.669
2.217
1.231
1.868
2.634
1.192
1.463
2.538
1.996
1.98
1.38
2.041
2.12
1.219
1.787
3.146
1.855
1.81
1.498
1.599
1.991
1.43
1.16
1.021
1.84
2.05
1.727
1.24
1.571
1.432
1.049
1.151
1.858
1.672
2.195
2.187
2.725
1.962
0.8926
2.833
2.153
0.9931
2.384
1.967
1.625
2.047
1.623
1.565
1.964
1.561
1.689
2.248
2.862
1.726
3.346
1.991
1.742
1.535
1.725
2.398
1.9
2.508
1.815
0.5624
2.384
1.737
2.042
1.119
2.644
2.765
2.428
1.586
1.627
2.944
1.548
2.618
1.257
3.826
1.536
1.672
1.462
1.063
1.147
1.58
1.729
2.654
1.734
2.764
1.383
2.156
1.625
0.7487
1.343
2.22
1.505
1.68
2.439
2.832
2.33
2.392
3.724
2.257
1.79
2.448
1.742
1.913
1.225
2.2
1.665
1.255
1.76
1.784
3.76
2.651
3.108
2.567
2.844
1.976
1.248
3.153
1.027
2.708
3.002
3.838
2.02
1.188
2.632
1.564
0.5879
2.812
2.133
2.996
1.425
1.232
3.247
1.607
1.531
1.183
2.704
1.512
2.299
1.913
2.801
3.166
0.5877
1.453e-07
1.57
2.009
1.594
3.506
3.293
1.822
2.052
1.337
1.48
1.27
1.482
1.614
1.794
3.121
1.603
2.128
2.374
1.967
2.99
1.518
2.125
1.087
2.576
1.977
1.796
1.441
2.977
3.332
3.088
1.766
1.745
2.806
2.387
1.19
2.123
2.973
1.633
1.246
2.214
3.135
2.568
1.572
3.004
2.221
2.798
2.231
2.182
1.162
2.597
1.933
1.857
2.166
1.71
1.655
1.311
2.308
1.692
1.458
3.897
1.982
1.385
1.567
3.08
1.93
2.784
3.219
1.89
2.153
3.111
2.316
1.858
3.432
2.384
1.368
0.9549
0.8898
1.823
1.45
1.583
2.0
2.865
3.221
1.805
1.58
1.814
3.496
3.323
1.386
1.227
1.407
3.203
2.466
1.639
2.559
3.038
2.161
2.188
1.657
2.586
1.841
1.978
1.556
1.715
2.812
2.803
1.509
2.539
2.077
3.482
1.321
2.569
1.349
1.695
3.122
3.73
2.149
1.972
2.267
1.792
3.035
2.177
1.319
3.219
1.507
1.279
1.822
2.536
3.396
1.509
1.449
1.342
1.682
3.106
1.676
2.204
2.125
2.55
2.805
4.222
2.177
2.207
2.783
1.582
1.27
1.785
3.607
2.165
2.064
1.943
2.66
2.805
3.931
2.817
1.766
3.444
2.318
1.793
2.423
1.067
2.934
2.795
2.195
3.029
1.956
0.6722
2.317
2.553
2.629
1.726
1.729
2.777
1.139
1.909
2.249
2.532
1.769
3.492
4.31
2.397
2.044
1.924
2.272
2.473
2.468
1.619
3.966
2.737
1.611
1.686
4.364
3.802
2.374
2.129
2.71
1.4
2.339
2.406
2.671
2.175
2.191
2.071
2.88
2.821
2.122
4.246
2.659
2.005
2.303
2.466
5.039
3.424
2.429
1.712
3.409
1.547
1.836
2.996
3.294
2.547
3.546
1.439
2.468
2.548
1.453
1.621
2.674
2.772
4.015
2.092
1.657
2.649
1.599
3.322
1.837
2.559
2.388
1.123
3.567
3.206
2.048
3.068
1.031
5.801
2.447
2.224
1.893
2.121
1.867
1.894
2.117
1.905
2.19
2.344
1.188
2.771
2.672
1.635
1.287
2.014
0.9
2.043
2.819
3.191
3.126
2.163
1.901
2.409
0.9158
2.916
1.987
4.755
2.821
1.636
2.141
2.34
3.007
2.202
3.454
2.538
3.25
3.341
4.875
2.987
2.003
2.285
3.399
2.469
2.889
2.847
3.186
2.424
1.696
2.156
1.255
2.834
1.878
7.534
3.181
2.486
0.5098
0.6974
2.504
2.683
2.701
2.555
2.481
3.16
3.603
2.224
3.194
1.629
3.484
3.192
4.018
3.305
2.405
1.702
2.419
2.013
3.438
2.036
2.797
2.329
2.424
1.451
2.594
2.37
3.216
2.501
2.707
2.671
2.036
2.915
2.62
3.317
2.19
2.362
2.654
2.502
2.765
2.798
2.145
3.385
2.086
2.493
2.522
2.091
2.17
2.555
1.688
1.978
2.391
2.336
2.586
3.08
2.369
3.411
1.905
3.688
4.888
2.309
4.318
2.067
1.995
1.831
2.233
1.595
2.215
2.588
2.029
2.157
2.879
2.498
2.101
2.086
3.463
2.589
2.727
2.135
2.587
2.201
4.364
1.718
3.268
1.737
1.891
2.09
4.757
2.918
4.192
2.96
2.849
2.72
3.718
3.734
2.537
1.879
1.824
2.304
1.983
2.111
1.54
1.944
1.715
1.791
1.141
1.401
1.087
0.6503
1.977
1.974
1.06
1.228
0.0
0.5326
1.72
1.38
0.0
0.9864
0.5236
0.5488
1.327
1.037
0.9003
1.406e-07
1.068
0.9763
0.7421
0.4486
0.6749
0.3914
0.9808
0.6515
1.022
2.061
1.695
0.8519
0.9374
1.581
0.6224
0.1114
0.4507
0.6028
0.5147
0.9427
2.461
2.493
1.107
1.871
0.8832
1.696
0.9144
1.361
1.23
1.333
1.333
1.361
2.473
0.5643
1.252
0.9232
0.6732
0.9491
0.7172
1.035
1.366
0.2041
3.05
1.594
1.879
1.687
0.6773
0.6773
1.613
1.896
1.968
3.176
0.9629
2.413
0.6341
1.014
2.597
1.561
4.615
1.091
1.361
1.333
1.257
1.361
1.528
1.361
1.051
1.023
1.109
1.082
1.431
1.553
2.028
1.945
0.8832
0.9138
2.768
0.7331
2.275
1.401
0.9002
2.164
1.461
0.8738
1.841
1.296
0.6912
0.9481
0.9794
1.34
0.954
1.221
1.611
4.721
0.9847
1.846
1.8
1.301
0.7464
2.636
1.674
1.009
4.073
1.84
2.845
2.029
1.327
2.939
1.266
3.119
1.687
1.119
1.11
2.154
1.081
1.431
2.401
0.5292
2.347
1.139
1.094
3.463
2.358
2.768
3.188
2.909
1.535
2.027
2.678
2.056
1.181
1.922
1.928
2.683
1.53
1.938
2.144
3.065
3.17
1.843
1.521
2.097
0.9227
2.591
1.442
1.712
2.869
2.902
2.164
3.753
1.935
2.513
2.613
2.891
3.165
2.085
1.607
2.204
1.929
1.939
2.654
2.587
1.764
3.272
1.299
1.378
2.715
1.966
1.042
1.901
2.468
2.449
2.766
3.643
1.441
3.256
1.791
2.661
1.667
1.897
1.331
1.96
2.429
0.9449
1.579
1.427
2.321
1.625
0.5568
1.096
2.132
2.131
2.735
1.875
1.349
1.773
2.646
2.781
3.901
2.11
4.602
1.413
2.042
1.865
2.015
1.716
4.289
1.851
2.259
1.518
3.483
2.042
1.542
2.765
3.747
2.072
0.7136
2.44
2.314
2.829
2.072
2.154
1.976
1.568
3.276
1.8
2.047
1.329
2.106
3.522
2.634
3.117
2.139
1.95
3.712
1.562
1.505
2.466
2.547
1.381
2.69
1.046
1.996
4.191
1.505
1.379
2.63
2.505
1.443
1.599
1.596
1.968
2.301
1.982
1.043
2.629
3.14
2.595
1.598
1.744
1.517
3.167
2.529
2.349
3.745
1.143
2.468
2.698
3.691
1.604
4.219
4.815
2.059
4.902
2.285
2.383
1.82
2.093
2.825
2.549
1.526
2.7
2.944
3.071
1.509
2.164
2.115
1.438
4.498
9.253
2.566
2.359
1.047
4.506
4.255
1.272
0.6549
1.707
2.716
1.728
2.845
1.495
2.87
3.447
2.4
1.112
3.048
1.455
1.823
4.542
2.771
1.459
2.266
2.312
2.542
2.673
2.468
3.79
1.545
1.17
2.32
3.318
1.828
1.663
1.969
3.108
2.439
3.039
1.404
2.542
4.92
2.839
2.959
2.553
2.51
1.599
1.827
1.614
2.279
3.277
1.583
2.289
2.619
4.422
2.837
2.001
2.404
2.621
1.642
2.385
2.914
2.85
2.383
2.625
2.599
2.569
1.744
2.52
3.549
1.63
1.594
2.184
3.526
2.756
2.045
1.455
1.89
1.413
2.458
3.116
3.087
1.708
2.382
1.16
2.131
1.463
2.543
2.164
1.101
2.0
2.686
1.486
1.743
2.765
1.286
2.567
2.35
1.516
2.439
3.068
1.682
3.226
3.416
2.609
3.733
4.02
1.288
1.976
2.585
1.639
1.71
4.096
2.619
4.402
2.075
2.267
1.62
2.862
1.954
1.457
1.679
2.578
2.708
3.029
2.149
2.5
2.499
3.681
3.418
3.317
4.444
2.486
2.281
2.432
4.926
6.423
2.09
1.46
2.83
3.417
1.527
4.372
1.865
2.274
3.78
3.651
2.488
2.268
5.601
2.142
2.442
3.26
2.645
1.843
3.049
3.606
2.693
5.685
2.268
2.772
2.728
3.826
2.569
2.032
2.742
2.488
2.781
2.09
4.095
2.502
2.25
2.518
1.945
2.363
2.656
2.912
3.791
4.914
3.337
4.77
3.372
2.841
1.774
2.778
1.907
2.732
1.933
1.679
1.204
2.115
3.592
3.107
2.64
2.482
4.124
1.786
5.569
2.281
2.505
2.901
3.293
2.59
2.958
2.575
2.25
6.683
2.823
2.919
2.324
4.563
1.459
3.217
1.925
1.44
2.769
3.19
3.415
2.269
1.846
2.993
2.773
2.762
2.687
3.443
2.699
1.764
3.68
2.806
2.892
3.055
4.96
2.252
4.688
3.744
2.215
2.367
2.252
2.408
2.58
1.792
3.17
3.725
4.642
1.91
2.457
4.348
4.277
3.729
2.369
5.237
3.225
2.545
5.334
4.307
2.043
4.526
4.467
1.648
4.311
2.963
3.455
4.208
4.199
3.351
2.339
3.086
2.904
2.388
2.314
3.14
3.286
4.158
3.196
2.607
5.458
2.815
5.121
4.526
1.354
4.053
2.022
4.552
5.595
5.049
2.735
2.659
2.277
3.308
2.486
2.245
1.765
3.38
2.281
3.358
4.221
2.736
2.384
3.831
3.179
2.511
2.611
3.336
2.341
3.236
5.291
3.346
3.647
2.802
2.855
2.112
4.443
2.98
2.957
3.305
3.821
3.495
3.639
3.431
2.291
2.644
2.595
2.886
3.213
2.677
3.438
2.564
5.215
2.157
5.515
4.576
1.964
3.163
2.153
3.459
2.415
3.153
3.733
2.681
2.524
2.914
2.5
2.43
3.178
4.706
1.854
3.438
4.018
5.435
2.016
3.76
2.744
2.542
5.321
1.461
3.914
1.709
2.278
4.371
4.891
2.697
4.626
3.692
4.434
3.206
3.865
4.452
3.533
2.095
3.053
2.602
2.303
3.463
3.052
4.722
2.55
3.962
2.749
1.501
2.073
3.945
3.945
3.878
1.675
5.073
3.106
2.9
1.764
2.77
2.874
