0.9247
0.9273
0.9251
0.938
0.8791
0.9418
0.9322
0.7579
0.9634
0.8972
0.9629
0.8649
0.9446
0.8939
0.9441
1.0
0.8755
0.8953
0.9189
0.9219
0.8825
0.9871
0.9605
0.959
0.8424
0.9462
0.9467
0.9033
0.8796
0.967
0.8761
1.0
0.9302
0.9573
0.6905
0.9785
0.9709
0.8258
0.9358
0.8945
1.0
0.9057
0.925
0.7687
0.9843
0.9285
1.0
0.924
0.9151
0.8907
0.8983
0.7793
0.9024
0.9818
0.8677
1.0
0.9189
1.0
0.8444
0.8457
0.9249
0.9205
0.8096
0.9042
0.7106
0.9041
0.8999
0.8492
0.9582
1.0
1.0
0.8877
0.8794
0.8753
0.8372
0.792
0.8214
0.8369
0.9378
0.9254
0.883
0.8304
0.9619
0.9175
1.0
0.8519
0.9028
0.8696
0.8356
0.7938
0.9088
0.878
0.8946
0.8255
0.7385
0.8889
0.9013
0.9021
0.9342
0.9538
0.9519
0.8965
0.8773
0.9235
0.874
0.8057
0.9136
0.7867
0.8494
0.9297
0.9214
0.9328
0.9678
0.9204
0.9326
1.0
0.9307
0.8147
0.2347
0.8127
0.9426
1.0
0.9488
0.9029
0.913
0.8799
0.9505
0.9018
0.8434
0.9276
0.9168
0.8844
0.7514
0.9261
0.9907
0.9023
0.8035
0.9079
0.7657
0.8762
0.9167
0.6816
0.8303
0.9285
0.9736
0.8726
0.8361
0.8029
0.8403
0.8566
0.8227
0.8235
0.871
0.7927
1.0
0.8338
0.6768
0.9486
0.8675
0.8242
0.9352
0.7261
0.785
0.7838
0.8031
0.7523
0.9442
0.9654
0.8113
0.8579
0.9455
0.9703
0.7151
0.9413
0.7454
0.9028
0.8088
0.5382
0.7768
0.9383
0.885
0.9045
0.911
0.8873
0.8481
0.8413
0.7773
0.934
0.7939
0.7608
0.8458
0.786
0.6692
0.8897
0.9564
0.9328
0.8489
0.7896
0.8402
0.858
0.8107
0.8368
1.0
0.8629
0.9436
0.9673
0.8321
0.8176
0.8699
0.7341
0.8344
0.8284
0.8796
0.862
0.7932
0.859
0.7315
0.8688
1.0
0.9033
0.6794
0.8772
0.6208
0.2347
0.8152
0.9121
0.8739
0.6628
0.7758
0.8537
0.8918
0.9445
0.8092
0.8394
1.0
0.8369
0.8043
0.7917
0.8304
0.8002
0.9192
0.8745
0.9151
0.8151
0.9331
0.5277
0.7982
0.7921
0.7826
0.8817
0.9319
0.8623
0.6368
0.865
0.8435
0.8254
0.7595
0.9142
0.7708
0.9092
0.691
0.9167
0.7668
0.8598
0.8226
0.841
0.9049
0.8134
0.6465
0.7403
0.8843
0.9018
0.9006
0.713
0.8163
0.9172
0.7715
0.7106
0.8244
0.8059
0.6789
0.783
0.6808
0.6655
0.7306
0.8165
0.7332
0.6778
1.0
0.8246
0.9171
0.6972
0.9454
0.9173
0.6181
0.7634
0.8326
0.8453
0.841
0.7722
0.6794
0.7211
0.7768
0.7519
0.7639
0.7691
0.6837
0.7617
0.8295
0.799
0.8297
0.9602
0.6682
0.7285
0.7097
0.8644
0.8978
0.881
0.5952
0.6335
0.7855
0.617
0.8925
0.8453
0.8134
0.7337
0.6817
0.8734
0.7628
0.9065
0.8468
0.9461
0.8637
0.7761
0.9452
0.7442
0.9113
0.6618
0.6841
0.928
0.8844
0.6597
0.9583
0.9977
0.8669
0.7048
0.7605
0.8723
0.5812
0.5709
0.8726
0.6427
0.9275
0.731
0.8498
0.7988
0.9038
0.8214
0.6392
0.7651
0.6528
0.6911
0.8057
0.8591
0.5231
0.7851
0.8123
0.422
0.8617
0.7856
0.8394
0.7797
0.7524
0.8498
0.883
0.7281
0.9462
0.8147
0.8088
0.7497
0.7418
0.934
0.8714
0.7204
0.7731
0.816
0.6997
0.7862
0.802
0.644
0.8577
0.941
0.8567
1.0
0.779
0.7659
0.8518
0.612
0.7981
0.7028
0.6527
0.6511
0.6852
0.8653
0.8492
0.7563
0.7822
0.5789
0.7229
0.8323
0.8696
0.7637
0.8499
0.6863
0.7382
0.9578
0.7556
0.6728
0.8718
0.8177
0.6558
0.7082
0.7645
0.6736
0.7067
0.6908
0.6458
0.8064
0.7621
0.401
0.8182
0.6453
0.7724
0.7259
0.8362
0.8059
0.7261
0.6976
0.8646
0.4377
0.7571
0.8173
0.7271
0.7975
0.8232
0.6221
0.6979
0.651
0.9387
0.5804
0.8358
0.8164
0.4169
0.7583
0.8853
0.8905
0.7793
0.5859
0.5534
0.5403
0.7383
0.7279
0.4976
0.5265
0.7737
0.7668
0.5477
0.7389
0.9695
1.0
0.6636
0.7713
0.8593
0.8561
0.7892
0.7081
0.7345
0.5999
0.5291
0.5949
0.7465
0.7571
0.8863
0.7242
0.6494
0.6914
0.8426
0.6548
0.755
0.7179
0.7461
0.719
0.7717
0.7565
0.7489
0.7847
0.6758
0.8262
0.8666
0.6127
0.4524
0.5463
0.4958
0.7672
0.6325
0.7949
0.8309
0.4961
0.5285
0.8968
0.7543
0.779
0.8009
0.7116
0.7319
0.7867
0.7444
0.6196
0.6505
0.8566
0.9058
0.6271
0.7726
0.8981
0.7835
0.71
0.588
0.5782
0.8437
0.7461
0.5181
0.7051
0.5776
0.7737
0.5431
0.7864
0.8533
0.8077
0.5133
0.7817
0.7117
0.7172
0.7391
0.3092
0.5386
0.7812
0.4086
0.803
0.7836
0.5328
0.7184
0.6607
0.8717
0.2655
0.6814
0.7216
0.6459
0.6774
0.8586
0.6183
0.5377
0.6938
0.6618
0.7341
0.7218
0.9482
0.7135
0.5308
0.6132
0.663
0.3566
0.4869
0.562
0.5821
0.6712
0.5672
0.5302
0.7662
0.8358
0.5675
0.637
0.7436
0.6985
0.4225
0.4053
0.6936
0.7103
0.7949
0.6693
0.6277
0.9166
0.6779
0.6864
0.8251
0.3444
0.5697
0.5446
0.3619
0.5364
0.3554
0.5553
0.3002
0.3381
0.6655
0.6784
0.6402
0.6471
0.402
0.5907
0.6423
0.4604
0.566
0.5999
0.7653
0.7734
0.5467
0.5876
0.5708
0.671
0.5674
0.4586
0.2738
0.5341
0.767
0.3702
0.6907
0.4332
0.6371
0.7019
0.3424
0.603
0.4255
0.8645
0.5883
0.4421
0.9137
0.3558
0.4127
0.7226
0.5973
0.8225
0.5879
0.642
0.5487
0.592
0.4869
0.5897
0.8204
0.7766
0.558
0.7416
0.7784
0.5614
0.7957
0.3996
0.7727
0.2663
0.5067
0.8107
0.6667
0.8256
0.9035
0.6288
0.6397
0.5503
0.4037
0.6134
0.6331
0.4747
0.4192
0.648
0.6864
0.4684
0.4195
0.6925
0.5428
0.6785
0.67
0.7034
0.5554
0.4314
0.6588
0.6129
0.4579
0.5685
0.7875
0.6082
0.735
0.609
0.4747
0.4018
0.3281
0.4027
0.9546
0.7856
0.6915
0.4729
0.5812
0.5776
0.508
0.3776
0.6774
0.6088
0.4085
0.7181
0.588
0.614
0.4226
0.6905
0.3408
0.7768
0.487
0.7028
0.3755
0.6346
0.1978
0.4645
0.3834
0.8366
0.5787
0.4076
0.3988
0.8039
0.5113
0.5845
0.6709
0.4468
0.6115
0.4291
0.5279
0.6472
0.7043
0.5588
0.4297
0.3901
0.87
0.2362
0.8113
0.4493
0.6212
0.554
0.5405
0.6098
0.7366
0.6766
0.6653
0.5439
0.5597
0.4675
0.579
0.4564
0.7742
0.7114
0.2608
0.5312
0.3784
0.4921
0.5135
0.6173
0.5882
0.7268
0.5287
0.4228
0.5443
0.5413
0.5958
0.3189
0.7276
0.6192
0.5325
0.7065
0.1481
0.4473
0.6253
0.7078
0.1692
0.5251
0.2793
0.6362
0.492
0.5853
0.2377
0.2995
0.4388
0.4436
0.4221
0.8182
0.1958
0.4016
0.6332
0.6229
0.6023
0.4324
0.4983
0.5462
0.8881
0.9108
1.0
1.0
0.8235
0.8535
0.9246
0.9689
0.9567
0.9567
0.8351
0.9548
1.0
1.0
0.7958
0.9421
1.0
0.9708
0.9525
0.9691
1.0
0.9357
0.8392
1.0
1.0
0.8882
0.8656
0.97
1.0
0.985
0.8208
0.9452
0.9247
0.7949
0.9113
0.9694
0.9553
0.8902
0.9947
1.0
0.9951
0.9731
0.9677
0.8878
0.8255
0.7037
0.9635
0.7915
0.8325
0.9095
0.8392
1.0
1.0
1.0
1.0
1.0
0.9293
0.9686
0.9551
0.8325
0.9611
0.8291
0.9532
0.8604
0.9247
0.9389
0.7342
0.8735
0.9006
0.7784
1.0
1.0
0.8508
0.7662
0.784
0.8261
0.9458
0.8371
0.9622
0.7508
0.8851
0.7736
0.4044
0.8747
1.0
1.0
1.0
1.0
1.0
1.0
0.9169
0.9169
0.8117
0.7947
0.8388
0.9114
0.5032
0.7276
0.8366
0.8366
0.8053
0.9742
0.5814
0.913
0.8611
0.8255
0.8151
0.9178
0.8963
0.8996
0.9238
0.8223
0.8993
0.96
0.8641
0.8104
0.9124
0.67
0.7957
0.76
0.6541
0.8349
0.8132
0.8339
0.7417
0.8667
0.599
0.712
0.8359
0.6929
0.9048
0.5339
0.736
0.7895
0.7776
0.8703
0.8703
0.8285
0.7996
0.8506
0.6409
0.9093
0.8461
0.8401
0.9439
0.8086
0.6107
0.921
0.8945
0.8901
0.8289
0.6622
0.7182
0.8543
0.8754
0.8162
0.7423
0.7262
0.8082
0.5011
0.7472
0.8414
0.8134
0.7318
0.9021
0.8067
0.8592
0.6483
0.8733
0.8066
0.8281
0.5676
0.6658
0.6971
0.6963
0.684
0.7876
0.784
0.665
0.6864
0.7883
0.8879
0.6031
0.725
0.7075
0.6366
0.7765
0.614
0.7705
0.7785
0.693
0.7899
0.8888
0.5488
0.852
0.6459
0.7556
0.7464
0.8926
0.6422
0.7017
0.645
0.6512
0.5747
0.6867
0.8284
0.7662
0.8544
0.8132
0.8136
0.804
0.7121
0.8818
1.0
0.8503
0.6266
0.6876
0.8002
0.7112
0.8468
0.742
0.7477
0.8806
0.6024
0.6493
0.7712
0.6574
0.6282
0.6711
0.6276
0.6102
0.7072
0.7217
0.7689
0.5548
0.7496
0.7995
0.9113
0.6213
0.6933
0.9518
0.7565
0.7033
0.3112
0.5654
0.5638
0.7476
0.7928
0.7146
0.8235
0.842
0.6114
0.6452
0.5196
0.6783
0.6521
0.6926
0.5598
0.6514
0.7368
0.7557
0.6221
0.779
0.7518
0.7558
0.8636
0.5683
0.4631
0.774
0.7782
0.6544
0.9053
0.8766
0.7098
0.8461
0.638
0.4101
0.5097
0.8261
0.6996
0.6808
0.6371
0.9925
0.7436
0.7968
0.3605
0.6523
0.7236
0.8033
0.6903
0.7555
0.6402
0.7752
0.6984
0.8541
0.5463
0.7684
0.77
0.3382
0.624
0.8097
0.6411
0.7364
0.7069
0.7228
0.4617
0.7134
0.516
0.8604
0.8459
0.843
0.5748
0.3117
0.3566
0.3522
0.6462
0.8976
0.3738
0.594
0.594
0.788
0.8569
0.7014
0.6979
0.5962
0.6658
0.648
0.5854
0.6726
0.6903
0.6746
0.6667
0.7495
0.667
0.7326
0.727
0.7055
0.4541
0.8146
0.5853
0.852
0.6058
0.7554
0.6798
0.4823
0.67
0.7132
0.6103
0.4296
0.5856
0.7015
0.8983
0.6431
0.7844
0.6259
0.7348
0.295
0.6161
0.6488
0.4428
0.7171
0.6376
0.5373
0.658
0.6832
0.7131
0.6136
0.4968
0.6713
0.6118
0.4463
0.4542
0.5607
0.5972
0.5259
0.3047
0.4402
0.6395
0.5532
0.509
0.6292
0.6507
0.6335
0.7094
0.6008
0.7542
0.5304
0.641
0.637
0.6694
0.692
0.7694
0.5385
0.5997
0.583
0.6439
0.3997
0.7096
0.4514
0.6342
0.8551
0.5562
0.8328
0.4274
0.6275
0.7062
0.7585
0.4969
0.5963
0.5717
0.4995
0.7859
0.5271
0.4425
0.4715
0.7
0.3815
0.6477
0.6959
0.4809
0.6683
0.8332
0.3566
0.8812
0.5498
0.4317
0.617
0.3657
0.7099
0.6831
0.6366
0.5431
0.7126
0.5749
0.4946
0.6834
0.2748
0.5155
0.6086
0.4686
0.5831
0.5896
0.5058
0.5144
0.4441
0.571
0.6341
0.5406
0.6232
0.5347
0.6499
0.6007
0.3236
0.7463
0.5797
0.2851
0.5608
0.81
0.5885
0.579
0.4522
0.5675
0.5719
0.6454
0.724
0.4593
0.6119
0.8443
0.6485
0.4672
0.4816
0.3048
0.5901
0.2474
0.4172
0.4576
0.7887
0.7392
0.4494
0.4388
0.3698
0.5643
0.3563
0.6681
0.6085
0.5721
0.5139
0.6821
0.6949
0.3342
0.2801
0.5282
0.6331
0.388
0.7355
0.2841
0.7465
0.377
0.5793
0.2535
0.5588
0.5669
0.7931
0.3046
0.08506
0.3002
0.3022
0.365
0.1508
0.278
0.1558
0.5196
0.3778
0.2138
0.217
0.2685
0.1808
0.4553
0.3053
0.06905
0.375
0.3664
0.4326
0.3476
0.7214
0.3645
0.4499
0.6444
0.1586
0.1093
0.54
0.4557
0.4067
0.1152
0.6203
0.2851
0.3459
0.4868
0.3541
0.4849
0.5522
0.5097
0.5253
0.2441
0.2444
0.5484
0.00559
0.4381
0.4786
0.1874
0.3642
0.6047
0.3724
0.7621
0.57
0.5322
0.3117
0.5423
0.6145
0.1017
0.7258
0.3623
0.3947
0.09026
0.2519
0.5111
0.3364
0.2494
0.4689
0.1423
0.1427
0.4525
0.3533
0.4734
0.3404
0.5777
0.3142
0.4508
0.1947
0.582
0.2357
0.3815
0.3361
0.3489
0.3799
0.6902
0.3054
0.2628
0.07313
0.2496
0.1658
0.2865
0.4443
0.2697
0.1886
0.2572
-0.0386
0.08762
0.4395
0.3776
0.626
0.3417
0.6301
0.6264
0.6349
0.367
0.6539
0.1695
0.2564
0.3447
0.438
0.1583
0.4001
0.2517
0.2525
0.134
0.4763
0.2705
0.2326
0.3724
0.6165
0.4663
0.4055
0.2919
0.1459
0.3392
0.2933
0.4696
0.1059
0.258
0.2442
0.2731
0.3023
0.3335
0.5649
0.4548
0.2697
0.379
0.4633
0.4158
0.2271
0.3913
0.1356
0.3208
0.4477
0.3019
0.504
0.3376
0.4288
0.3766
0.4332
0.4781
0.5468
0.6363
0.5144
0.5683
0.3991
0.2208
0.5662
0.1199
0.0009246
0.1077
0.377
-0.04108
0.2397
0.3273
0.2376
0.4112
0.2801
0.3131
0.3811
0.278
0.2811
0.3584
0.125
0.2202
0.2658
0.4832
0.1125
0.05182
0.22
0.1058
0.2759
0.4893
0.3595
0.4411
0.5278
0.4176
0.4945
0.0457
-0.01711
0.5417
0.2489
-0.08658
0.159
0.3473
0.4047
0.03298
0.5177
0.3364
0.4646
0.529
0.1025
