4.193e+03
6.584e+03
5.595e+03
5.697e+03
7.836e+03
7.954e+03
7.544e+03
8.524e+03
8.294e+03
3.226e+03
5.36e+03
5.636e+03
4.048e+03
8.103e+03
8.3e+03
9.675e+03
8.582e+03
8.567e+03
1.714e+03
3e+03
1.463e+03
4.366e+03
2.91e+03
7.919e+03
7.648e+03
7.542e+03
7.937e+03
7.529e+03
7.321e+03
3.409e+03
4.826e+03
7.048e+03
4.985e+03
7.022e+03
8.73e+03
9.425e+03
8.261e+03
6.96e+03
9.606e+03
7.463e+03
4.236e+03
2.32e+03
1.907e+03
6.027e+03
6.414e+03
9.449e+03
9.73e+03
1.007e+04
8.571e+03
8.781e+03
8.351e+03
2.57e+03
3.479e+03
3.343e+03
2.525e+03
2.353e+03
5.973e+03
5.564e+03
5.517e+03
6.473e+03
6.626e+03
5.807e+03
3.719e+03
4.414e+03
1.398e+03
4.004e+03
4.22e+03
5.104e+03
4.919e+03
4.945e+03
4.598e+03
3.257e+03
3.007e+03
2.688e+03
1.233e+03
5.634e+03
6.286e+03
7.603e+03
8.245e+03
9.6e+03
1.248e+04
1.065e+04
1.058e+04
1.014e+04
1.133e+04
1.033e+04
3.585e+03
3.867e+03
2.732e+03
4.373e+03
4.512e+03
7.622e+03
6.165e+03
6.723e+03
6.36e+03
6.549e+03
6.823e+03
2.57e+03
4.352e+03
4.157e+03
2.281e+03
5.22e+03
5.558e+03
4.668e+03
5.009e+03
5.236e+03
6.836e+03
3.448e+03
9.758e+03
5.514e+03
5.697e+03
9.044e+03
9.853e+03
9.429e+03
1.275e+04
1.108e+04
1.054e+04
4.153e+03
2.311e+03
5.534e+03
3.368e+03
5.481e+03
1.04e+04
1.065e+04
1.105e+04
1.02e+04
1.132e+04
1.036e+04
3.448e+03
2.166e+03
2.964e+03
2.925e+03
1.43e+03
4.246e+03
6.624e+03
5.182e+03
6.035e+03
6.279e+03
5.392e+03
3.875e+03
5.077e+03
6.08e+03
5.745e+03
1.015e+04
9.511e+03
9.951e+03
8.515e+03
9.624e+03
4.483e+03
1.689e+03
3.382e+03
4.43e+03
4.174e+03
4.945e+03
5.23e+03
3.277e+03
2.655e+03
2.514e+03
2.295e+03
6.635e+03
4.859e+03
9.864e+03
1.049e+04
8.633e+03
9.492e+03
9.407e+03
2.195e+03
4.387e+03
2.121e+03
4.387e+03
3.252e+03
6.073e+03
8.192e+03
6.334e+03
6.411e+03
7.6e+03
6.545e+03
4.292e+03
7.37e+03
1.762e+03
6.61e+03
7.51e+03
6.105e+03
1.078e+04
1.084e+04
1.006e+04
1.205e+04
1.206e+04
1.172e+04
1.143e+04
4.456e+03
2.322e+03
4.298e+03
3.86e+03
3.49e+03
5.229e+03
6.213e+03
5.415e+03
4.817e+03
2.567e+03
2.925e+03
4.965e+03
6.651e+03
9.724e+03
8.575e+03
7.987e+03
8.038e+03
7.619e+03
5.461e+03
5.09e+03
4.178e+03
3.479e+03
8.618e+03
7.854e+03
7.949e+03
6.44e+03
7.734e+03
5.081e+03
2.925e+03
4.469e+03
3.045e+03
0.0004963
7.956e+03
7.159e+03
7.103e+03
7.252e+03
7.611e+03
7.103e+03
2.994e+03
4.779e+03
3.665e+03
2.925e+03
2.28e+03
8.823e+03
8.353e+03
8.192e+03
8.498e+03
7.364e+03
7.805e+03
5.361e+03
4.874e+03
0.0002325
4.309e+03
5.413e+03
2.606e+03
7.122e+03
7.749e+03
6.473e+03
7.275e+03
5.881e+03
5.882e+03
5.882e+03
6.155e+03
2.982e+03
5.137e+03
2.982e+03
1.134e+04
1.128e+04
1.21e+04
1.039e+04
1.046e+04
4.858e+03
5.43e+03
4.538e+03
3.302e+03
5.033e+03
7.032e+03
7.845e+03
6.716e+03
7.001e+03
6.131e+03
6.677e+03
3.464e+03
2.2e+03
3.297e+03
4.043e+03
5.774e+03
4.426e+03
5.576e+03
5.408e+03
5.071e+03
4.291e+03
2.925e+03
4.968e+03
6.404e+03
8.043e+03
5.015e+03
8.16e+03
7.502e+03
7.189e+03
5.546e+03
9.089e+03
1.852e+03
2.219e+03
9.47e+03
9.682e+03
8.326e+03
6.194e+03
9.431e+03
5.701e+03
4.747e+03
0.0007326
2.157e+03
3.634e+03
8.784e+03
8.865e+03
8.733e+03
8.412e+03
8.579e+03
8.579e+03
4.705e+03
5.033e+03
7.236e+03
2.925e+03
4.712e+03
1.37e+04
1.137e+04
1.094e+04
1.078e+04
1.178e+04
1.089e+04
2.715e+03
5.933e+03
5.42e+03
6.137e+03
9.014e+03
9.159e+03
1.087e+04
1.091e+04
1.05e+04
4.109e+03
3.286e+03
4.774e+03
2.035e+03
4.528e+03
6.493e+03
7.915e+03
7.524e+03
6.617e+03
3.022e+03
2.925e+03
3.812e+03
6.831e+03
2.32e+03
8.877e+03
7.532e+03
7.644e+03
7.931e+03
8.034e+03
7.248e+03
4.621e+03
5.749e+03
0.0002625
5.038e+03
7.907e+03
9.018e+03
6.721e+03
9.623e+03
9.366e+03
9.13e+03
9.13e+03
2.933e+03
2.32e+03
5.846e+03
3.095e+03
7.772e+03
6.847e+03
6.351e+03
6.132e+03
5.869e+03
2.406e+03
2.925e+03
4.923e+03
3.229e+03
2.829e+03
8.451e+03
8.882e+03
8.428e+03
8.684e+03
8.81e+03
8.498e+03
5.304e+03
4.413e+03
5.171e+03
4.624e+03
4.829e+03
5.521e+03
6.456e+03
5.817e+03
3.055e+03
4.434e+03
5.749e+03
7.913e+03
5.739e+03
3.352e+03
1.227e+04
1.273e+04
1.017e+04
1.449e+04
8.419e+03
1.2e+04
6.196e+03
4.277e+03
1.907e+03
2.116e+03
7.751e+03
8.149e+03
6.925e+03
8.463e+03
7.833e+03
3.981e+03
7.689e+03
7.519e+03
5.378e+03
3.447e+03
1.073e+04
9.69e+03
9.859e+03
5.634e+03
9.554e+03
9.439e+03
4.433e+03
2.32e+03
8.239e+03
4.314e+03
1.841e+03
8.77e+03
5.704e+03
4.225e+03
5.903e+03
4.613e+03
3.957e+03
3.36e+03
3.628e+03
5.283e+03
2.949e+03
4.768e+03
6.694e+03
6.523e+03
6.398e+03
6.389e+03
5.332e+03
3.121e+03
7.408e+03
4.796e+03
2.635e+03
5.637e+03
5.159e+03
5.015e+03
6.243e+03
9.154e+03
5.166e+03
5.47e+03
2.32e+03
5.685e+03
4.414e+03
7.857e+03
9.972e+03
8.338e+03
1.017e+04
9.512e+03
5.569e+03
3.606e+03
3.678e+03
4.667e+03
2.925e+03
6.922e+03
6.385e+03
2.58e+03
6.569e+03
4.832e+03
5.677e+03
2.195e+03
2.925e+03
8.322e+03
6.142e+03
1.183e+04
9.122e+03
7.394e+03
7.063e+03
7.094e+03
3.32e+03
7.166e+03
3.343e+03
3.256e+03
5.674e+03
6.007e+03
6.933e+03
3.971e+03
6.491e+03
2.458e+03
5.264e+03
8.487e+03
6.572e+03
8.761e+03
1.041e+04
1.049e+04
1.011e+04
1.105e+04
1.194e+04
1.011e+04
1.793e+03
1.689e+03
7.577e+03
5.848e+03
2.925e+03
1.152e+04
9.136e+03
9.047e+03
1.379e+04
8.408e+03
8.267e+03
1.038e+04
8.184e+03
4.212e+03
6.759e+03
9.167e+03
2.531e+03
1.595e+03
1.142e+04
1.142e+04
1.12e+04
1.527e+04
1.007e+04
1.273e+04
1.175e+04
1.105e+04
4.935e+03
5.575e+03
5.619e+03
5.234e+03
3.167e+03
5.124e+03
7.489e+03
6.416e+03
7.619e+03
6.608e+03
7.215e+03
6.856e+03
5.902e+03
3.158e+03
2.925e+03
6.82e+03
3.561e+03
2.168e+03
2.974e+03
6.869e+03
6.554e+03
7.052e+03
7.501e+03
6.819e+03
9.312e+03
6.21e+03
3.313e+03
5.609e+03
5.058e+03
5.356e+03
2.95e+03
4.147e+03
7.692e+03
6.987e+03
7.854e+03
7.225e+03
8.326e+03
7.382e+03
6.599e+03
2.469e+03
3.842e+03
7.372e+03
3.424e+03
4.546e+03
1.406e+03
8.401e+03
8.808e+03
8.396e+03
8.877e+03
8.46e+03
9.319e+03
8.338e+03
3.612e+03
5.42e+03
3.624e+03
4.464e+03
2.349e+03
7.696e+03
7.119e+03
7.677e+03
6.754e+03
7.699e+03
6.649e+03
4.728e+03
5.307e+03
2.458e+03
2.925e+03
1.175e+04
1.231e+04
1.219e+04
1.158e+04
1.22e+04
488.8
5.42e+03
6.936e+03
5.635e+03
2.925e+03
1.148e+04
1.35e+04
1.195e+04
1.674e+04
1.179e+04
1.374e+04
1.235e+04
1.183e+04
3.597e+03
5.017e+03
5.745e+03
4.276e+03
4.403e+03
6.82e+03
1.205e+04
1.181e+04
1.133e+04
1.13e+04
1.1e+04
1.149e+04
1.067e+04
5.936e+03
7.01e+03
8.197e+03
2.022e+03
1.441e+03
5.435e+03
1.123e+04
1.069e+04
1.135e+04
9.617e+03
1.089e+04
1.295e+04
1.07e+04
488.8
3.775e+03
7.044e+03
3.847e+03
3.881e+03
4.954e+03
6.199e+03
7.082e+03
6.748e+03
5.258e+03
6.555e+03
8.264e+03
5.34e+03
1.978e+03
1.644e+03
4.968e+03
2.858e+03
3.719e+03
8.092e+03
5.864e+03
7.087e+03
1.031e+04
6.255e+03
6.199e+03
6.319e+03
6.047e+03
1.367e+03
7.613e+03
2.578e+03
1.595e+03
3.803e+03
6.29e+03
6.228e+03
6.781e+03
6.117e+03
8.338e+03
5.892e+03
2.06e+03
4.763e+03
7.596e+03
3.587e+03
3.153e+03
8.098e+03
9.393e+03
1.031e+04
1.1e+04
9.944e+03
9.622e+03
1.337e+04
9.606e+03
3.515e+03
3.694e+03
5.356e+03
2.925e+03
6.935e+03
9.967e+03
1.067e+04
1.031e+04
1.049e+04
1.062e+04
1.053e+04
4.499e+03
7.996e+03
7.435e+03
3.046e+03
3.634e+03
1.298e+04
1.462e+04
1.52e+04
1.422e+04
1.194e+04
1.392e+04
2.022e+03
7.837e+03
5.616e+03
2.845e+03
3.143e+03
4.13e+03
8.161e+03
8.416e+03
9.172e+03
7.802e+03
9.921e+03
9.334e+03
7.848e+03
4.42e+03
2.925e+03
4.619e+03
3.529e+03
1.595e+03
1.171e+04
1.055e+04
1.185e+04
1.063e+04
1.147e+04
1.061e+04
5.433e+03
4.767e+03
1.854e+03
1.14e+04
2.739e+03
1.007e+04
1.587e+04
1.238e+04
1.154e+04
1.234e+04
1.265e+04
1.214e+04
1.23e+04
4.613e+03
6.901e+03
6.413e+03
1.595e+03
7.851e+03
6.39e+03
6.562e+03
8.306e+03
6.192e+03
8.125e+03
6.956e+03
2.531e+03
3.913e+03
4.671e+03
1.14e+04
1.29e+04
1.251e+04
1.154e+04
1.179e+04
1.171e+04
3.255e+03
2.732e+03
5.766e+03
5.033e+03
8.86e+03
8.426e+03
7.627e+03
6.591e+03
7.227e+03
2.615e+03
2.925e+03
3.429e+03
3.681e+03
1.595e+03
6.795e+03
7.014e+03
6.928e+03
9.254e+03
7.143e+03
7.145e+03
8.114e+03
6.803e+03
2.43e+03
2.553e+03
2.194e+03
4.22e+03
5.413e+03
1.084e+04
1.125e+04
9.892e+03
1.056e+04
1.024e+04
1.01e+04
4.369e+03
3.929e+03
5.298e+03
4.047e+03
5.838e+03
1.159e+04
1.162e+04
1.188e+04
1.156e+04
1.083e+04
1.093e+04
6.274e+03
3.246e+03
4.921e+03
4.208e+03
7.376e+03
9.913e+03
9.719e+03
9.359e+03
1.192e+04
9.311e+03
9.675e+03
1.808e+03
5.905e+03
2.707e+03
2.925e+03
6.315e+03
8.754e+03
8.559e+03
1.003e+04
7.94e+03
7.918e+03
8.745e+03
5.675e+03
5.321e+03
7.256e+03
2.748e+03
2.528e+03
5.915e+03
9.399e+03
9.672e+03
1.037e+04
8.264e+03
1.005e+04
9.914e+03
9.56e+03
6.11e+03
4.318e+03
2.819e+03
2.265e+03
2.166e+03
5.347e+03
5.673e+03
6.187e+03
7.2e+03
5.883e+03
5.377e+03
2.32e+03
5.594e+03
4.256e+03
2.166e+03
4.674e+03
6.111e+03
8.451e+03
9.216e+03
8.321e+03
8.531e+03
8.811e+03
8.804e+03
8.226e+03
3.107e+03
3.3e+03
2.726e+03
6.788e+03
1.595e+03
1.088e+03
9.321e+03
7e+03
6.884e+03
7.879e+03
7.446e+03
6.729e+03
6.95e+03
4.167e+03
4.881e+03
3.425e+03
7.669e+03
1.052e+04
1.166e+04
1.094e+04
1.062e+04
1.043e+04
7.025e+03
6.611e+03
3.637e+03
6.091e+03
7.081e+03
8.572e+03
1.114e+04
1.11e+04
8.625e+03
1.076e+04
1.043e+04
8.625e+03
2.099e+03
2.925e+03
2.681e+03
5.637e+03
4.91e+03
7.271e+03
7.922e+03
8.045e+03
7.203e+03
7.098e+03
6.959e+03
5.989e+03
3.43e+03
5.244e+03
2.845e+03
4.236e+03
6.975e+03
6.561e+03
5.594e+03
6.937e+03
8.124e+03
5.539e+03
5.497e+03
7.006e+03
7.773e+03
1.229e+03
4.739e+03
4.22e+03
8.766e+03
8.986e+03
8.451e+03
1.129e+04
8.793e+03
1.255e+04
8.813e+03
5.932e+03
3.125e+03
3.689e+03
2.57e+03
4.187e+03
2.588e+03
7.775e+03
8.403e+03
7.363e+03
1.049e+04
8.105e+03
7.48e+03
7.287e+03
3.871e+03
7.873e+03
9.159e+03
2.778e+03
3.691e+03
6.625e+03
1.131e+04
1.151e+04
1.263e+04
1.218e+04
1.068e+04
1.421e+04
1.072e+04
6.3e+03
5.493e+03
6.507e+03
3.339e+03
4.611e+03
7.16e+03
1.301e+04
1.182e+04
1.294e+04
9.848e+03
9.993e+03
1.003e+04
1.21e+04
4.008e+03
3.694e+03
7.264e+03
1.907e+03
3.56e+03
5.371e+03
1.022e+04
8.865e+03
1.05e+04
1.07e+04
1.002e+04
1.216e+04
9.808e+03
2.394e+03
6.164e+03
4.261e+03
2.925e+03
1.371e+04
1.427e+04
1.409e+04
1.385e+04
1.354e+04
3.266e+03
7.029e+03
6.095e+03
4.087e+03
7.954e+03
7.691e+03
8.847e+03
8.532e+03
1.125e+04
8.453e+03
9.11e+03
9.807e+03
8.346e+03
488.8
2.925e+03
9.339e+03
8.116e+03
6.699e+03
1.212e+04
1.005e+04
1.035e+04
1.084e+04
1.092e+04
1.024e+04
2.022e+03
5.964e+03
5.657e+03
2.578e+03
1.595e+03
8.422e+03
8.022e+03
8.111e+03
1.06e+04
8.456e+03
8.271e+03
8.033e+03
7.986e+03
3.724e+03
5.033e+03
6.106e+03
2.943e+03
3.82e+03
4.94e+03
6.369e+03
6.394e+03
7.101e+03
5.788e+03
7.429e+03
8.212e+03
5.66e+03
2.774e+03
1.595e+03
4.613e+03
1.714e+03
2.925e+03
7.075e+03
7.378e+03
8.661e+03
9.271e+03
7.653e+03
7.712e+03
8.563e+03
7.662e+03
5.272e+03
8.09e+03
3.158e+03
1.595e+03
8.436e+03
6.899e+03
7.233e+03
1.024e+04
9.151e+03
5.612e+03
6.966e+03
4.653e+03
2.925e+03
1.145e+04
1.181e+03
5.309e+03
4.789e+03
6.242e+03
7.029e+03
6.793e+03
7.093e+03
6.765e+03
1.235e+04
6.28e+03
6.36e+03
1.615e+03
2.925e+03
9.765e+03
9.538e+03
9.921e+03
1.055e+04
8.483e+03
9.653e+03
2.031e+03
4.447e+03
4.828e+03
2.925e+03
1.061e+04
9.28e+03
9.84e+03
1.037e+04
8.144e+03
9.525e+03
3.138e+03
2.925e+03
3.41e+03
2.32e+03
999.0
1.866e+03
1.595e+03
0.0002189
7.428e+03
7.846e+03
7.426e+03
8.287e+03
8.062e+03
7.425e+03
7.426e+03
4.288e+03
3.021e+03
3.039e+03
2.925e+03
8.446e+03
9.572e+03
8.961e+03
8.698e+03
8.676e+03
5.791e+03
2.925e+03
5.245e+03
2.925e+03
6.038e+03
3.669e+03
6.102e+03
3.483e+03
2.146e+03
2.523e+03
3.912e+03
3.609e+03
3.171e+03
7.739e+03
6.967e+03
7.093e+03
6.477e+03
6.753e+03
3.427e+03
2.925e+03
3.427e+03
2.925e+03
4.507e+03
3.595e+03
3.952e+03
3.964e+03
2.464e+03
4.426e+03
2.32e+03
4.15e+03
2.925e+03
7.039e+03
7.349e+03
7.215e+03
6.862e+03
6.633e+03
3.134e+03
4.38e+03
6.48e+03
3.943e+03
5.026e+03
5.908e+03
7.101e+03
6.034e+03
5.897e+03
5.262e+03
2.925e+03
5.328e+03
5.583e+03
2.925e+03
3.713e+03
7.005e+03
4.934e+03
5.631e+03
6.913e+03
5.237e+03
6.642e+03
4.169e+03
4.693e+03
2.32e+03
4.274e+03
2.32e+03
6.409e+03
5.669e+03
6.246e+03
5.211e+03
4.974e+03
3.872e+03
2.925e+03
4.148e+03
2.706e+03
5.44e+03
4.535e+03
4.703e+03
5.308e+03
4.91e+03
1.802e+03
2.925e+03
1.866e+03
2.925e+03
4.139e+03
4.622e+03
3.983e+03
4.531e+03
3.581e+03
4.082e+03
2.925e+03
3.57e+03
5.168e+03
5.717e+03
4.422e+03
7.258e+03
6.521e+03
6.086e+03
4.644e+03
2.925e+03
2.148e+03
2.925e+03
3.696e+03
4.193e+03
5.387e+03
4.065e+03
2.895e+03
4.07e+03
2.925e+03
3.918e+03
2.833e+03
6.368e+03
5.225e+03
5.004e+03
5.619e+03
4.552e+03
2.327e+03
2.32e+03
2.327e+03
4.946e+03
3.553e+03
5.259e+03
3.553e+03
4.475e+03
3.981e+03
6.26e+03
2.925e+03
5.972e+03
2.32e+03
5.761e+03
6.143e+03
7.513e+03
6.341e+03
5.594e+03
4.612e+03
2.7e+03
3.779e+03
2.925e+03
4.359e+03
4.794e+03
4.976e+03
3.112e+03
3.375e+03
1.593e+03
2.925e+03
3.091e+03
3.559e+03
6.867e+03
4.726e+03
5.928e+03
6.148e+03
5.84e+03
5.587e+03
2.925e+03
3.818e+03
5.74e+03
2.925e+03
2.786e+03
6.041e+03
4.568e+03
3.502e+03
6.854e+03
4.608e+03
4.278e+03
3.521e+03
3.821e+03
2.925e+03
5.435e+03
2.91e+03
9.492e+03
7.944e+03
8.238e+03
8.471e+03
8.011e+03
4.612e+03
1.136e+03
0.0001504
7.419e+03
7.422e+03
0.0001008
7.988e+03
8.503e+03
4.311e+03
6.078e+03
4.561e+03
4.311e+03
4.311e+03
1.852e+03
1.595e+03
5.3e+03
3.238e+03
6.358e+03
5.65e+03
6.858e+03
6.501e+03
6.573e+03
5.245e+03
2.925e+03
5.081e+03
7.191e+03
6.37e+03
6.352e+03
6.374e+03
4.781e+03
4.161e+03
5.062e+03
2.925e+03
3.849e+03
9.334e+03
8.725e+03
5.824e+03
8.368e+03
7.412e+03
7.007e+03
4.728e+03
3.581e+03
6.087e+03
4.893e+03
5.573e+03
4.787e+03
7.406e+03
6.835e+03
5.961e+03
3.097e+03
5.222e+03
2.32e+03
4.91e+03
3.509e+03
3.709e+03
2.967e+03
1.793e+03
4.369e+03
2.32e+03
3.776e+03
2.91e+03
5.445e+03
4.159e+03
5.198e+03
3.727e+03
3.425e+03
2.842e+03
2.32e+03
3.448e+03
2.977e+03
5.668e+03
5.345e+03
5.208e+03
6.123e+03
5.458e+03
3.823e+03
3.116e+03
4.278e+03
2.925e+03
4.212e+03
4.291e+03
5.572e+03
3.21e+03
3.359e+03
4.129e+03
2.031e+03
4.383e+03
2.32e+03
6.641e+03
6.501e+03
7.674e+03
6.843e+03
6.119e+03
4.675e+03
2.674e+03
1.907e+03
2.899e+03
3.875e+03
4.48e+03
4.011e+03
4.422e+03
4.052e+03
3.914e+03
4.202e+03
2.842e+03
2.32e+03
6.892e+03
7.321e+03
7.82e+03
6.351e+03
7.02e+03
2.32e+03
4.244e+03
2.925e+03
4.98e+03
4.261e+03
4.629e+03
3.325e+03
2.787e+03
3.363e+03
2.925e+03
5.148e+03
2.457e+03
6.486e+03
3.25e+03
5.383e+03
4.512e+03
3.508e+03
3.395e+03
4.335e+03
3.164e+03
2.925e+03
8.184e+03
7.667e+03
7.398e+03
6.166e+03
7.01e+03
4.162e+03
3.116e+03
6.952e+03
3.752e+03
8.254e+03
4.639e+03
7.773e+03
6.574e+03
5.452e+03
3.226e+03
2.715e+03
2.91e+03
5.358e+03
7.183e+03
8.145e+03
7.375e+03
6.479e+03
6.668e+03
5.561e+03
6.394e+03
3.807e+03
2.32e+03
5.654e+03
5.283e+03
2.941e+03
4.161e+03
4.676e+03
3.719e+03
2.32e+03
4.578e+03
2.32e+03
8.01e+03
7.433e+03
7.655e+03
7.032e+03
6.88e+03
4.033e+03
2.925e+03
2.738e+03
2.925e+03
2.738e+03
2.925e+03
4.033e+03
2.925e+03
0.0
5.402e+03
2.349e+03
3.015e+03
3.864e+03
6.256e+03
6.629e+03
5.588e+03
6.863e+03
6.36e+03
5.608e+03
1.041e+04
6.04e+03
3.215e+03
1.009e+04
9.689e+03
9.504e+03
6.994e+03
9.299e+03
3.967e+03
2.925e+03
4.032e+03
3.942e+03
4.986e+03
6.041e+03
4.576e+03
5.001e+03
4.451e+03
1.525e+03
1.919e+03
2.663e+03
4.403e+03
5.413e+03
4.954e+03
4.69e+03
4.657e+03
2.882e+03
2.925e+03
4.244e+03
2.925e+03
5.769e+03
4.869e+03
4.544e+03
5.083e+03
4.009e+03
2.031e+03
4.425e+03
4.213e+03
4.59e+03
5.569e+03
6.25e+03
3.794e+03
5.317e+03
3.228e+03
4.178e+03
3.026e+03
4.135e+03
5.001e+03
5.553e+03
4.54e+03
6.232e+03
4.092e+03
4.351e+03
2.681e+03
2.925e+03
4.273e+03
2.986e+03
2.902e+03
4.434e+03
4.379e+03
4.388e+03
5.796e+03
4.252e+03
4.018e+03
5.211e+03
3.188e+03
3.968e+03
1.595e+03
4.812e+03
2.925e+03
7.758e+03
7.093e+03
6.692e+03
6.428e+03
6.514e+03
4.71e+03
2.925e+03
3.308e+03
5.384e+03
7.411e+03
8.985e+03
6.719e+03
7.894e+03
7.114e+03
488.8
8.371e+03
2.967e+03
1.595e+03
7.504e+03
9.558e+03
9.274e+03
1.078e+04
8.985e+03
6.52e+03
8.978e+03
5.29e+03
1.877e+03
7.733e+03
3.149e+03
1.595e+03
5.684e+03
6.181e+03
3.619e+03
6.055e+03
9.138e+03
5.936e+03
488.8
1.896e+03
1.042e+03
1.595e+03
5.155e+03
5.211e+03
4.864e+03
5.431e+03
4.937e+03
5.459e+03
5.892e+03
8.119e+03
3.562e+03
3.153e+03
8.027e+03
9.254e+03
8.607e+03
1.153e+04
7.368e+03
8.549e+03
9.24e+03
8.494e+03
2.739e+03
1.595e+03
4.914e+03
2.975e+03
4.003e+03
2.182e+03
5.733e+03
4.811e+03
4.392e+03
5.574e+03
5.069e+03
3.371e+03
4.823e+03
3.39e+03
3.167e+03
4.865e+03
3.672e+03
1.595e+03
1.978e+03
4.37e+03
5.025e+03
4.752e+03
5.43e+03
3.968e+03
3.343e+03
7.376e+03
7.665e+03
0.0
2.736e+03
4.486e+03
1.025e+04
1.034e+04
9.606e+03
1.003e+04
7.793e+03
1.149e+04
1.025e+04
4.821e+03
3.714e+03
4.874e+03
3.613e+03
2.925e+03
4.172e+03
4.654e+03
3.814e+03
5.249e+03
5.645e+03
2.476e+03
5.876e+03
2.87e+03
4.268e+03
2.894e+03
4.658e+03
2.97e+03
4.225e+03
4.043e+03
5.601e+03
5.201e+03
5.401e+03
4.469e+03
6.144e+03
6.55e+03
5.554e+03
3.233e+03
3.449e+03
3.63e+03
2.985e+03
8.406e+03
7.713e+03
8.721e+03
8.196e+03
7.584e+03
3.427e+03
2.925e+03
4.518e+03
2.166e+03
2.646e+03
4.33e+03
4.628e+03
3.105e+03
4.766e+03
5.776e+03
3.811e+03
1.714e+03
2.925e+03
3.674e+03
1.595e+03
2.933e+03
4.673e+03
5.749e+03
5.983e+03
5.718e+03
6.208e+03
5.532e+03
5.518e+03
6.271e+03
3.386e+03
3.9e+03
8.836e+03
9.501e+03
7.629e+03
7.721e+03
9.338e+03
3.627e+03
2.925e+03
4.521e+03
4.315e+03
2.715e+03
6.266e+03
6.222e+03
6.865e+03
6.78e+03
7.689e+03
5.917e+03
6.667e+03
5.957e+03
9.286e+03
2.98e+03
3.167e+03
5.408e+03
4.644e+03
7.303e+03
6.079e+03
9.066e+03
3.851e+03
1.978e+03
1.595e+03
7.047e+03
1.714e+03
1.595e+03
6.327e+03
4.834e+03
4.707e+03
6.455e+03
4.885e+03
4.913e+03
8.66e+03
4.517e+03
1.052e+03
5.665e+03
488.8
2.925e+03
2.684e+03
5.213e+03
5.835e+03
5.788e+03
5.183e+03
6.489e+03
5.161e+03
488.8
2.925e+03
5.603e+03
3.943e+03
4.372e+03
1.143e+04
6.967e+03
5.637e+03
1.256e+04
5.717e+03
6.312e+03
7.565e+03
5.709e+03
2.182e+03
1.595e+03
3.374e+03
2.925e+03
8.976e+03
6.021e+03
6.126e+03
1.043e+04
5.53e+03
5.287e+03
5.06e+03
4.35e+03
3.145e+03
1.042e+04
3.638e+03
2.925e+03
7.641e+03
8.678e+03
8.517e+03
1.112e+04
8.712e+03
8.381e+03
1.147e+04
8.305e+03
488.8
5.384e+03
6.119e+03
3.164e+03
1.595e+03
4.963e+03
7.12e+03
6.96e+03
8.498e+03
6.798e+03
8.219e+03
9.571e+03
6.773e+03
3.017e+03
6.923e+03
5.521e+03
3.301e+03
3.167e+03
1.303e+04
1.297e+04
1.376e+04
8.999e+03
1.067e+04
1.285e+04
4.121e+03
6.128e+03
1.008e+04
4.899e+03
1.177e+04
7.409e+03
9.085e+03
6.681e+03
7.391e+03
3.134e+03
4.566e+03
5.436e+03
488.8
2.925e+03
6.644e+03
5.735e+03
6.203e+03
8.003e+03
6.864e+03
6.477e+03
7.83e+03
5.851e+03
2.87e+03
3.5e+03
4.097e+03
4.28e+03
1.595e+03
7.827e+03
5.518e+03
7.21e+03
1.082e+04
7.826e+03
7.578e+03
7.357e+03
7.13e+03
488.8
2.925e+03
3.622e+03
2.182e+03
4.661e+03
5.73e+03
4.121e+03
5.201e+03
6.98e+03
3.905e+03
5.178e+03
5.048e+03
3.99e+03
4.438e+03
3.569e+03
4.22e+03
6.447e+03
7.93e+03
9.063e+03
1.094e+04
8.125e+03
8.763e+03
4.699e+03
4.701e+03
1.074e+04
3.017e+03
1.595e+03
6.334e+03
8.25e+03
8.658e+03
1.056e+04
8.445e+03
7.935e+03
1.092e+04
8.48e+03
2.182e+03
5.625e+03
5.917e+03
3.613e+03
1.595e+03
7.033e+03
9.665e+03
8.94e+03
1.036e+04
9.23e+03
8.501e+03
9.946e+03
8.886e+03
3.221e+03
2.894e+03
2.423e+03
4.406e+03
8.349e+03
9.562e+03
8.241e+03
9.423e+03
8.572e+03
1.595e+03
1.728e+03
5.113e+03
7.911e+03
9.697e+03
7.989e+03
8.215e+03
3.592e+03
1.595e+03
4.666e+03
1.907e+03
4.363e+03
7.78e+03
8.641e+03
8.197e+03
7.376e+03
8.634e+03
7.401e+03
2.182e+03
2.956e+03
8.403e+03
2.531e+03
4.317e+03
7.303e+03
5.551e+03
6.345e+03
8.815e+03
4.875e+03
4.976e+03
9.453e+03
4.743e+03
3.088e+03
2.899e+03
4.889e+03
2.182e+03
2.739e+03
8.764e+03
8.833e+03
9.524e+03
8.945e+03
8.686e+03
8.768e+03
2.157e+03
2.32e+03
5.702e+03
1.978e+03
1.595e+03
5.08e+03
4.101e+03
3.886e+03
5.723e+03
3.566e+03
4.101e+03
6.493e+03
3.524e+03
3.674e+03
5.01e+03
5.772e+03
2.666e+03
3.951e+03
4.431e+03
6.248e+03
6.594e+03
5.879e+03
3.262e+03
3.628e+03
5.721e+03
5.338e+03
6.489e+03
1.595e+03
6.51e+03
488.8
5.511e+03
7.886e+03
8.423e+03
8.755e+03
1.142e+04
1.161e+04
8.625e+03
1.081e+04
8.412e+03
2.38e+03
6.123e+03
8.402e+03
1.714e+03
1.595e+03
4.076e+03
5.432e+03
6.227e+03
7.369e+03
5.411e+03
8.088e+03
8.538e+03
5.887e+03
3.281e+03
1.595e+03
6.023e+03
488.8
2.925e+03
4.377e+03
5.349e+03
6.321e+03
6.806e+03
6.446e+03
5.52e+03
7.868e+03
5.337e+03
3.334e+03
6.207e+03
5.884e+03
3.575e+03
2.925e+03
6.624e+03
6.709e+03
4.771e+03
6.007e+03
7.359e+03
6.171e+03
5.357e+03
1.595e+03
3.768e+03
3.941e+03
6.258e+03
8.725e+03
1.004e+04
5.948e+03
8.273e+03
7.188e+03
8.115e+03
3.884e+03
4.829e+03
6.302e+03
2.182e+03
2.925e+03
6.193e+03
9.856e+03
9.915e+03
1.032e+04
9.749e+03
8.664e+03
9.56e+03
9.257e+03
4.131e+03
3.966e+03
6.458e+03
4.393e+03
2.925e+03
3.62e+03
8.285e+03
9.936e+03
9.96e+03
9.463e+03
9.306e+03
9.338e+03
9.209e+03
2.746e+03
2.925e+03
5.747e+03
2.049e+03
3.981e+03
3.727e+03
7.965e+03
7.679e+03
7.963e+03
7.335e+03
7.862e+03
7.935e+03
7.486e+03
6.623e+03
1.595e+03
7.614e+03
4.198e+03
2.894e+03
7.689e+03
5.965e+03
6.069e+03
9.399e+03
7.366e+03
5.607e+03
7.685e+03
5.3e+03
2.265e+03
2.925e+03
488.8
3.43e+03
3.23e+03
4.519e+03
3.979e+03
4.259e+03
3.198e+03
2.925e+03
5.269e+03
1.907e+03
2.32e+03
3.939e+03
4.057e+03
4.223e+03
4.453e+03
4.308e+03
4.244e+03
5.567e+03
3.429e+03
1.669e+03
5.16e+03
5.561e+03
4.829e+03
8.346e+03
6.263e+03
1.048e+04
8.997e+03
1.058e+04
9.043e+03
8.762e+03
1.03e+04
8.976e+03
4.022e+03
3.795e+03
2.925e+03
4.978e+03
4.326e+03
3.036e+03
5.26e+03
3.036e+03
3.67e+03
2.925e+03
5.529e+03
3.394e+03
2.32e+03
6.086e+03
5.406e+03
5.876e+03
5.411e+03
7.09e+03
4.91e+03
2.265e+03
2.807e+03
1.907e+03
2.32e+03
3.843e+03
4.406e+03
4.656e+03
4.882e+03
4.023e+03
895.5
4.24e+03
4.364e+03
1.714e+03
2.925e+03
8.266e+03
8.616e+03
8.202e+03
8.698e+03
9.309e+03
8.283e+03
3.772e+03
5.04e+03
5.451e+03
3.632e+03
4.187e+03
3.5e+03
8.772e+03
7.759e+03
8.171e+03
7.472e+03
8.592e+03
8.544e+03
7.499e+03
488.8
4.512e+03
2.715e+03
3.657e+03
2.561e+03
5.635e+03
4.723e+03
4.656e+03
5.883e+03
5.318e+03
4.677e+03
3.307e+03
2.925e+03
4.281e+03
3.751e+03
4.85e+03
5.088e+03
4.337e+03
4.05e+03
3.343e+03
895.5
4.145e+03
3.706e+03
2.32e+03
4.176e+03
6.984e+03
6.444e+03
7.397e+03
6.219e+03
7.335e+03
6.243e+03
904.4
2.925e+03
4.099e+03
2.894e+03
4.943e+03
4.063e+03
3.124e+03
4.166e+03
2.915e+03
2.738e+03
4.924e+03
1.714e+03
2.368e+03
2.931e+03
3.344e+03
3.599e+03
5.487e+03
2.316e+03
2.925e+03
3.39e+03
2.32e+03
5.946e+03
5.106e+03
4.954e+03
6.174e+03
4.954e+03
4.962e+03
3.515e+03
7.111e+03
3.05e+03
9.128e+03
5.294e+03
6.733e+03
4.854e+03
4.948e+03
2.022e+03
2.925e+03
2.681e+03
1.595e+03
2.706e+03
1.689e+03
1.978e+03
2.894e+03
488.8
488.8
2.925e+03
3.526e+03
4.165e+03
3.464e+03
4.684e+03
1.999e+03
3.397e+03
1.872e+03
2.182e+03
3.546e+03
2.578e+03
2.32e+03
5.157e+03
4.889e+03
4.679e+03
4.11e+03
4.121e+03
1.19e+03
4.02e+03
7.723e+03
5.324e+03
2.32e+03
6.097e+03
7.865e+03
6.676e+03
8.296e+03
6.846e+03
7.046e+03
8.573e+03
6.749e+03
1.802e+03
4.147e+03
2.022e+03
2.925e+03
4.125e+03
2.022e+03
2.925e+03
4.125e+03
4.991e+03
3.427e+03
2.925e+03
3.64e+03
2.32e+03
5.551e+03
9.267e+03
8.517e+03
8.095e+03
8.178e+03
8.369e+03
8.095e+03
2.458e+03
4.438e+03
0.000597
2.099e+03
4.522e+03
8.376e+03
8.473e+03
9.363e+03
8.689e+03
8.685e+03
8.685e+03
4.751e+03
5.023e+03
4.49e+03
3.226e+03
2.925e+03
8.42e+03
8.527e+03
9.049e+03
8.041e+03
8.004e+03
8.066e+03
2.022e+03
3.018e+03
1.595e+03
4.26e+03
4.069e+03
4.284e+03
4.806e+03
3.939e+03
4.854e+03
5.318e+03
3.427e+03
2.925e+03
4.73e+03
4.809e+03
5.779e+03
6.201e+03
3.746e+03
3.631e+03
3.639e+03
4.727e+03
1.714e+03
2.32e+03
1.714e+03
2.32e+03
3.631e+03
3.639e+03
4.727e+03
0.0
1.646e+03
4.02e+03
2.099e+03
4.959e+03
3.076e+03
4.775e+03
3.947e+03
4.818e+03
3.885e+03
1.907e+03
4.556e+03
3.427e+03
2.32e+03
8.309e+03
7.625e+03
7.364e+03
6.763e+03
7.377e+03
1.907e+03
6.254e+03
4.269e+03
1.103e+03
2.32e+03
5.676e+03
6.017e+03
5.807e+03
7.435e+03
5.337e+03
5.622e+03
3.313e+03
3.517e+03
2.022e+03
2.925e+03
4.836e+03
5.26e+03
5.186e+03
5.345e+03
4.214e+03
2.986e+03
7.366e+03
1.895e+03
544.6
2.925e+03
2.925e+03
3.964e+03
4.256e+03
7.229e+03
3.299e+03
2.882e+03
3.957e+03
4.865e+03
5.371e+03
3.552e+03
3.957e+03
5.568e+03
8.089e+03
7.138e+03
9.279e+03
9.077e+03
7.516e+03
8.639e+03
7.773e+03
2.196e+03
4.886e+03
2.605e+03
2.925e+03
5.423e+03
5.589e+03
5.264e+03
6.902e+03
4.798e+03
4.545e+03
3.814e+03
3.053e+03
3.814e+03
4.831e+03
5.472e+03
2.87e+03
5.024e+03
3.647e+03
3.537e+03
4.068e+03
2.986e+03
2.32e+03
4.068e+03
3.697e+03
4.623e+03
4.668e+03
2.783e+03
2.022e+03
4.083e+03
3.767e+03
2.837e+03
3.669e+03
4.173e+03
4.419e+03
3.017e+03
2.847e+03
7.613e+03
2.022e+03
2.925e+03
4.495e+03
5.098e+03
5.531e+03
4.883e+03
8.738e+03
4.207e+03
3.764e+03
2.925e+03
5.055e+03
2.099e+03
2.32e+03
3.786e+03
4.014e+03
5.181e+03
4.351e+03
5.38e+03
3.125e+03
3.764e+03
4.715e+03
3.676e+03
2.32e+03
4.921e+03
6.479e+03
6.201e+03
7.064e+03
6.07e+03
6.38e+03
5.684e+03
3.063e+03
2.925e+03
488.8
4.819e+03
3.523e+03
6.055e+03
4.619e+03
4.322e+03
3.57e+03
1.802e+03
2.638e+03
3.107e+03
1.595e+03
4.7e+03
4.017e+03
3.935e+03
4.22e+03
3.675e+03
6.072e+03
2.925e+03
2.845e+03
2.925e+03
5.478e+03
5.89e+03
6.434e+03
5.503e+03
4.865e+03
488.8
3.331e+03
2.738e+03
4.068e+03
4.184e+03
5.334e+03
2.629e+03
4.116e+03
2.688e+03
3.539e+03
2.32e+03
3.515e+03
3.954e+03
5.521e+03
6.137e+03
6.119e+03
5.083e+03
4.702e+03
3.394e+03
2.925e+03
2.986e+03
2.32e+03
4.704e+03
4.273e+03
4.983e+03
4.59e+03
3.531e+03
419.6
5.218e+03
1.802e+03
2.925e+03
4.317e+03
5.24e+03
3.944e+03
4.273e+03
3.924e+03
3.424e+03
2.606e+03
5.826e+03
4.812e+03
0.0002058
6.049e+03
4.716e+03
3.661e+03
5.081e+03
4.854e+03
3.661e+03
0.0001282
2.925e+03
3.936e+03
2.32e+03
0.0003113
5.152e+03
3.852e+03
3.005e+03
3.005e+03
4.27e+03
3.005e+03
2.608e+03
2.925e+03
2.099e+03
4.994e+03
4.668e+03
5.928e+03
4.835e+03
4.68e+03
3.988e+03
2.458e+03
7.036e+03
3.935e+03
488.8
2.925e+03
2.356e+03
3.743e+03
3.52e+03
6.851e+03
4.543e+03
2.318e+03
2.748e+03
8.84e+03
4.753e+03
9.205e+03
895.5
6.845e+03
8.604e+03
4.473e+03
5.058e+03
1.042e+04
4.38e+03
1.802e+03
2.925e+03
3.83e+03
2.32e+03
5.131e+03
4.021e+03
3.576e+03
3.862e+03
3.039e+03
3.34e+03
1.595e+03
3.017e+03
1.595e+03
4.73e+03
7.448e+03
7.034e+03
7.796e+03
6.899e+03
6.95e+03
6.794e+03
1.907e+03
3.4e+03
3.154e+03
3.095e+03
6.753e+03
6.359e+03
6.409e+03
6.594e+03
6.625e+03
4.065e+03
3.148e+03
3.434e+03
5.158e+03
3.205e+03
5.362e+03
6.598e+03
4.53e+03
5.498e+03
4.7e+03
3.672e+03
3.334e+03
2.91e+03
1.978e+03
2.32e+03
5.203e+03
5.106e+03
5.316e+03
5.507e+03
4.579e+03
2.818e+03
4.165e+03
2.961e+03
2.925e+03
4.678e+03
4.139e+03
3.151e+03
5.118e+03
2.92e+03
488.8
2.925e+03
4.519e+03
4.1e+03
5.406e+03
4.215e+03
2.829e+03
4.231e+03
2.885e+03
1.996e+03
2.925e+03
2.07e+03
2.32e+03
3.39e+03
1.069e+04
1.054e+04
1.04e+04
1.097e+04
1.128e+04
1.055e+04
2.845e+03
2.925e+03
3.413e+03
8.037e+03
5.378e+03
1.074e+04
9.228e+03
1.086e+04
1.059e+04
1.022e+04
1.001e+04
3.454e+03
4.924e+03
3.018e+03
2.32e+03
4.891e+03
4.427e+03
5.283e+03
5.863e+03
3.801e+03
3.64e+03
1.595e+03
4.017e+03
6.071e+03
6.111e+03
7.533e+03
6.235e+03
5.415e+03
5.119e+03
895.5
5.877e+03
6.099e+03
2.925e+03
9.686e+03
8.152e+03
7.136e+03
7.627e+03
7.175e+03
2.531e+03
2.32e+03
5.932e+03
3.347e+03
6.456e+03
3.838e+03
3.822e+03
3.669e+03
2.835e+03
5.315e+03
2.925e+03
2.279e+03
1.996e+03
4.447e+03
5.309e+03
7.045e+03
7.093e+03
5.861e+03
5.351e+03
4.992e+03
8.678e-05
5.822e+03
4.558e+03
2.32e+03
5.422e+03
4.832e+03
4.039e+03
3.706e+03
4.039e+03
3.3e+03
2.925e+03
2.458e+03
2.925e+03
8.578e+03
8.161e+03
7.952e+03
7.498e+03
7.317e+03
3.223e+03
5.158e+03
3.427e+03
2.32e+03
6.174e+03
5.713e+03
6.252e+03
5.549e+03
5.161e+03
488.8
4.583e+03
3.991e+03
4.583e+03
5.684e+03
7.233e+03
5.406e+03
6.899e+03
5.453e+03
4.195e+03
2.925e+03
3.806e+03
3.017e+03
6.559e+03
1.097e+04
7.716e+03
9.02e+03
1.014e+04
1.027e+04
1.003e+04
4.535e+03
2.32e+03
2.099e+03
2.32e+03
1.011e+04
9.772e+03
9.622e+03
1.056e+04
9.904e+03
2.733e+03
2.925e+03
2.845e+03
5.878e+03
6.232e+03
5.798e+03
6.576e+03
5.89e+03
5.411e+03
488.8
2.925e+03
3.466e+03
2.32e+03
5.82e+03
5.342e+03
4.396e+03
5.004e+03
4.388e+03
1.856e+03
2.32e+03
2.724e+03
6.384e+03
4.232e+03
5.974e+03
3.747e+03
4.207e+03
3.563e+03
4.737e+03
4.22e+03
2.666e+03
3.69e+03
3.321e+03
3.915e+03
4.931e+03
4.668e+03
1.835e+03
1.714e+03
2.925e+03
2.458e+03
2.32e+03
2.734e+03
2.473e+03
1.762e+03
2.894e+03
488.8
3.076e+03
3.71e+03
2.986e+03
2.32e+03
3.074e+03
2.473e+03
3.099e+03
3.68e+03
488.8
488.8
3.589e+03
4.219e+03
1.595e+03
5.596e+03
4.163e+03
3.978e+03
5.425e+03
3.835e+03
1.714e+03
7.612e+03
3.334e+03
6.014e+03
4.351e+03
7.11e+03
3.705e+03
6.513e+03
3.288e+03
488.8
2.925e+03
2.099e+03
2.925e+03
6.713e+03
6.936e+03
6.609e+03
7.286e+03
6.481e+03
2.022e+03
4.083e+03
3.107e+03
2.32e+03
5.311e+03
4.81e+03
4.737e+03
6.009e+03
4.299e+03
3.427e+03
2.117e+03
2.32e+03
3.939e+03
4.52e+03
5.131e+03
4.647e+03
3.77e+03
1.996e+03
3.604e+03
3.524e+03
4.629e+03
3.406e+03
6.169e+03
7.386e+03
6.162e+03
5.578e+03
6.415e+03
5.286e+03
4.112e+03
3.933e+03
488.8
2.894e+03
7.326e+03
7.507e+03
8.202e+03
7.705e+03
7.275e+03
4.099e+03
419.6
2.32e+03
3.381e+03
4.348e+03
4.209e+03
4.416e+03
3.363e+03
2.91e+03
4.707e+03
0.0003505
2.469e+03
4.387e+03
5.468e+03
5.433e+03
5.173e+03
5.195e+03
4.64e+03
4.64e+03
488.8
5.018e+03
4.515e+03
3.281e+03
5.399e+03
6.174e+03
8.007e+03
5.402e+03
6.209e+03
6.766e+03
5.286e+03
2.724e+03
2.925e+03
4.052e+03
4.361e+03
8.557e+03
8.104e+03
9.076e+03
9.24e+03
8.917e+03
4.98e+03
3.018e+03
2.925e+03
4.523e+03
5.19e+03
5.084e+03
6.369e+03
4.128e+03
488.8
2.925e+03
2.681e+03
1.595e+03
4.977e+03
5.981e+03
5.461e+03
5.664e+03
5.316e+03
6.17e+03
5.331e+03
4.869e+03
4.957e+03
2.477e+03
3.837e+03
6.049e+03
6.396e+03
7.438e+03
7.078e+03
5.479e+03
2.87e+03
2.715e+03
2.777e+03
4.021e+03
3.745e+03
5.424e+03
4.702e+03
5.14e+03
4.471e+03
2.32e+03
3.394e+03
2.32e+03
3.92e+03
3.465e+03
2.414e+03
3.218e+03
2.715e+03
3.413e+03
2.458e+03
3.177e+03
6.135e+03
5.062e+03
5.98e+03
5.892e+03
5.239e+03
488.8
2.925e+03
3.613e+03
5.651e+03
4.781e+03
6.742e+03
3.2e+03
4.296e+03
3.124e+03
709.8
4.048e+03
3.545e+03
3.553e+03
2.32e+03
1.048e+04
9.27e+03
9.343e+03
9.083e+03
1.024e+04
9.096e+03
488.8
2.91e+03
3.795e+03
2.304e+03
6.221e+03
4.631e+03
4.691e+03
5.464e+03
4.774e+03
4.129e+03
3.991e+03
1.945e+03
2.32e+03
3.838e+03
3.955e+03
5.098e+03
5.003e+03
3.149e+03
2.265e+03
4.633e+03
3.515e+03
3.444e+03
3.908e+03
3.733e+03
4.744e+03
4.907e+03
4.066e+03
2.925e+03
5.553e+03
0.0001202
7.54e+03
4.553e+03
6.373e+03
5.092e+03
7.711e+03
4.553e+03
2.022e+03
2.925e+03
1.714e+03
4.166e+03
3.983e+03
5.659e+03
4.605e+03
5.23e+03
3.864e+03
3.017e+03
4.364e+03
4.743e+03
2.925e+03
1.06e+04
9.693e+03
8.648e+03
1.012e+04
8.961e+03
488.8
4.093e+03
3.716e+03
5.274e+03
5.867e+03
4.923e+03
5.618e+03
5.633e+03
5.651e+03
4.311e+03
2.925e+03
0.0004026
5.059e+03
1.595e+03
9.701e+03
8.48e+03
8.761e+03
9.324e+03
8.271e+03
8.271e+03
3.488e+03
4.222e+03
3.565e+03
6.334e+03
5.622e+03
4.822e+03
5.991e+03
6.122e+03
4.903e+03
3.334e+03
2.925e+03
6.115e-05
2.32e+03
5.027e+03
4.583e+03
5.407e+03
4.866e+03
4.722e+03
5.161e+03
4.583e+03
2.98e+03
5e+03
2.845e+03
2.925e+03
6.035e+03
5.663e+03
5.697e+03
6.434e+03
4.933e+03
3.39e+03
4.501e+03
2.265e+03
2.32e+03
4.024e+03
4.008e+03
4.949e+03
3.841e+03
3.216e+03
488.8
1.802e+03
3.972e+03
3.514e+03
5.07e+03
2.764e+03
3.948e+03
2.738e+03
895.5
2.925e+03
2.099e+03
2.32e+03
5.213e+03
5.862e+03
5.436e+03
6.07e+03
5.423e+03
4.059e+03
3.729e+03
488.8
2.925e+03
5.143e+03
6.053e+03
5.753e+03
5.656e+03
5.019e+03
3.394e+03
7.174e+03
2.97e+03
2.32e+03
4.503e+03
4.125e+03
4.755e+03
6.076e+03
3.536e+03
1.904e+03
2.925e+03
3.394e+03
6.467e+03
5.934e+03
6.482e+03
5.362e+03
5.754e+03
5.183e+03
1.996e+03
2.925e+03
1.949e+03
4.291e+03
7.843e+03
7.897e+03
7.821e+03
8.089e+03
7.597e+03
488.8
2.473e+03
419.5
4.534e+03
3.683e+03
6.061e+03
3.598e+03
4.09e+03
3.675e+03
4.519e+03
3.858e+03
2.689e+03
4.856e+03
5.841e+03
6.319e+03
7.243e+03
7.156e+03
6.484e+03
7.465e-05
3.028e+03
2.981e+03
7.465e-05
2.736e+03
6.153e+03
5.589e+03
4.422e+03
2.32e+03
6.695e+03
6.763e+03
5.266e+03
6.195e+03
6.408e+03
0.0001728
4.965e+03
2.845e+03
2.32e+03
6.962e+03
5.076e+03
4.519e+03
7.641e+03
4.34e+03
4.881e+03
4.34e+03
3.11e+03
2.925e+03
4.914e+03
4.829e+03
6.575e+03
7.493e+03
7.675e+03
7.15e+03
6.655e+03
0.000206
4.239e+03
1.854e+03
2.639e+03
2.32e+03
4.605e+03
4.691e+03
3.771e+03
4.581e+03
4.026e+03
3.771e+03
2.608e+03
6.913e+03
2.458e+03
2.32e+03
9.031e+03
8.657e+03
9.053e+03
9.964e+03
8.525e+03
2.458e+03
2.925e+03
895.5
2.32e+03
5.347e+03
3.155e+03
3.877e+03
5.798e+03
3.509e+03
3.887e+03
2.926e+03
3.427e+03
3.972e+03
488.8
2.32e+03
4.681e+03
5.059e+03
6.098e+03
6.359e+03
4.61e+03
1.714e+03
2.572e+03
1.19e+03
2.925e+03
4.593e+03
5.589e+03
6.18e+03
7.417e+03
5.651e+03
5.295e+03
5.35e+03
4.249e+03
4.02e+03
1.671e+03
5.056e+03
4.001e+03
5.128e+03
5.9e+03
5.272e+03
3.456e+03
419.6
3.672e+03
4.106e+03
488.8
2.925e+03
4.101e+03
3.311e+03
7.034e+03
6.261e+03
5.28e+03
5.563e+03
5.342e+03
1.996e+03
2.925e+03
3.742e+03
3.196e+03
2.32e+03
5.176e+03
4.463e+03
4.253e+03
4.964e+03
5.503e+03
3.844e+03
4.099e+03
2.925e+03
4.427e+03
2.32e+03
5.474e+03
4.302e+03
5.941e+03
5.44e+03
4.069e+03
1.646e+03
2.638e+03
2.099e+03
1.595e+03
6.73e+03
6.417e+03
6.329e+03
6.217e+03
6.238e+03
3.39e+03
4.276e+03
4.285e+03
4.276e+03
4.491e+03
4.64e+03
3.814e+03
4.568e+03
1.714e+03
488.8
3.941e+03
2.523e+03
3.017e+03
3.958e+03
4.087e+03
4.082e+03
3.051e+03
4.134e+03
4.286e+03
3.033e+03
488.8
6.317e+03
3.331e+03
3.864e+03
4.345e+03
2.771e+03
3.989e+03
6.473e+03
2.704e+03
3.317e+03
2.925e+03
4.483e+03
4.373e+03
5.234e+03
4.864e+03
4.813e+03
5.215e+03
4.687e+03
6.053e+03
7.047e+03
5.381e+03
4.882e+03
8.28e+03
8.436e+03
6.646e+03
6.917e+03
8.014e+03
2.022e+03
2.925e+03
895.5
2.32e+03
5.11e+03
5.507e+03
5.245e+03
5.822e+03
4.964e+03
2.738e+03
4.068e+03
3.944e+03
3.331e+03
488.8
2.925e+03
1.751e+03
4.105e+03
5.222e+03
4.4e+03
4.151e+03
3.986e+03
4.099e+03
3.54e+03
2.925e+03
6.7e+03
2.131e+03
1.595e+03
4.341e+03
7.718e+03
7.606e+03
8.762e+03
8.506e+03
7.959e+03
9.406e+03
7.368e+03
488.8
0.0001624
2.763e+03
5.002e+03
0.0001624
488.8
2.925e+03
3.545e+03
4.334e+03
3.843e+03
2.32e+03
4.8e+03
4.134e+03
1.978e+03
4.027e+03
3.544e+03
488.8
2.925e+03
3.119e+03
2.32e+03
3.395e+03
2.653e+03
1.136e+03
3.102e+03
1.233e+03
488.8
2.925e+03
4.089e+03
2.32e+03
4.908e+03
5.208e+03
4.427e+03
4.591e+03
3.524e+03
4.429e+03
3.624e+03
1.646e+03
4.801e+03
3.919e+03
4.653e+03
2.638e+03
5.326e+03
5.227e+03
4.875e+03
6.225e+03
5.902e+03
4.487e+03
488.8
3.954e+03
2.837e+03
4.513e+03
3.527e+03
4.312e+03
3.474e+03
1.437e+03
2.925e+03
3.675e+03
5.677e+03
6.045e+03
5.09e+03
7.008e+03
7.015e+03
4.203e+03
4.704e+03
3.674e+03
4.162e+03
2.925e+03
3.729e+03
3.616e+03
2.32e+03
4.12e+03
4.912e+03
5.99e+03
5.053e+03
5.882e+03
4.262e+03
488.8
3.798e+03
3.076e+03
2.32e+03
3.792e+03
3.423e+03
2.316e+03
4.367e+03
2.366e+03
3.532e+03
2.925e+03
2.733e+03
2.848e+03
4.595e+03
4.587e+03
5.246e+03
4.617e+03
3.722e+03
1.714e+03
5.097e+03
1.978e+03
2.32e+03
4.28e+03
4.548e+03
4.628e+03
3.922e+03
3.99e+03
6.361e+03
3.889e+03
3.458e+03
1.724e+03
2.925e+03
4.457e+03
2.482e+03
4.28e+03
5.518e+03
4.77e+03
4.69e+03
3.079e+03
2.022e+03
2.32e+03
3.107e+03
4.728e+03
4.288e+03
4.812e+03
2.998e+03
3.194e+03
2.896e+03
2.07e+03
2.925e+03
4.388e+03
2.32e+03
3.159e+03
4.843e+03
6.245e+03
5.843e+03
5.742e+03
6.104e+03
5.619e+03
1.714e+03
2.925e+03
4.807e+03
2.32e+03
5.255e+03
4.76e+03
4.152e+03
4.848e+03
3.999e+03
3.115e+03
8.356e+03
0.000448
2.411e+03
2.32e+03
2.386e+03
8.346e+03
7.875e+03
8.444e+03
8.499e+03
1.109e+04
8.214e+03
8.214e+03
3.839e+03
2.925e+03
2.263e+03
5.889e+03
8.417e+03
7.264e+03
8.974e+03
8.778e+03
8.173e+03
3.651e+03
2.035e+03
2.639e+03
2.925e+03
5.16e+03
4.962e+03
5.311e+03
5.786e+03
5.545e+03
4.793e+03
4.227e+03
1.907e+03
5.136e+03
1.907e+03
2.925e+03
4.096e+03
6.276e+03
6.513e+03
6.804e+03
5.762e+03
7.55e+03
5.657e+03
5.149e+03
2.32e+03
5.979e+03
3.017e+03
2.32e+03
4.385e+03
4.279e+03
3.568e+03
4.073e+03
6.029e+03
3.49e+03
3.221e+03
3.825e+03
488.8
3.516e+03
6.035e+03
6.7e+03
6.15e+03
6.805e+03
5.992e+03
3.723e+03
4.495e+03
4.495e+03
1.854e+03
4.127e+03
2.925e+03
488.8
2.925e+03
3.956e+03
2.32e+03
5.741e+03
4.524e+03
3.955e+03
4.687e+03
3.902e+03
3.653e+03
3.095e+03
4.912e+03
3.388e+03
6.368e+03
4.259e+03
6.535e+03
6.479e+03
6.419e+03
7.281e+03
6.926e+03
7.176e+03
6.709e+03
4.555e+03
3.798e+03
2.986e+03
2.925e+03
3.226e+03
3.141e+03
4.69e+03
4.126e+03
1.136e+03
3.012e+03
2.925e+03
488.8
5.218e+03
4.396e+03
4.005e+03
5.378e+03
5.725e+03
4.493e+03
3.819e+03
4.962e+03
3.819e+03
2.094e+03
2.925e+03
2.458e+03
4.902e+03
3.357e+03
2.32e+03
5.716e+03
5.293e+03
5.773e+03
6.391e+03
4.846e+03
0.0001771
6.742e+03
0.0002899
2.961e+03
3.68e+03
4.957e+03
5.214e+03
5.745e+03
6.45e+03
4.612e+03
6.688e+03
4.612e+03
4.612e+03
488.8
3.415e+03
3.076e+03
2.925e+03
3.759e+03
5.594e+03
5.934e+03
6.534e+03
5.123e+03
6.278e+03
5.128e+03
3.401e+03
2.925e+03
3.206e+03
3.812e+03
5e+03
4.729e+03
5.919e+03
4.888e+03
4.981e+03
4.999e+03
3.892e+03
2.458e+03
2.925e+03
3.602e+03
3.427e+03
2.32e+03
5.738e+03
4.926e+03
4.242e+03
4.782e+03
5.137e+03
4.035e+03
4.77e+03
5.887e+03
488.8
4.165e+03
488.8
4.165e+03
4.77e+03
5.887e+03
0.0
3.674e+03
2.925e+03
4.548e+03
2.32e+03
3.321e+03
3.912e+03
5.446e+03
6.128e+03
5.775e+03
5.931e+03
5.116e+03
544.6
2.556e+03
5.866e+03
488.8
2.925e+03
3.682e+03
4.723e+03
3.655e+03
4.593e+03
7.105e+03
3.615e+03
1.938e+03
4.744e+03
3.744e+03
2.32e+03
3.897e+03
6.113e+03
7.15e+03
5.99e+03
7.103e+03
7.817e+03
6.827e+03
1.714e+03
4.406e+03
488.8
5.18e+03
5.105e+03
6.225e+03
6.349e+03
7.67e+03
6.804e+03
6.09e+03
6.284e+03
2.567e+03
5.979e+03
0.0002143
2.925e+03
4.86e+03
5.654e+03
5.067e+03
5.905e+03
4.86e+03
3.446e+03
2.925e+03
2.681e+03
3.814e+03
3.572e+03
4.076e+03
3.771e+03
2.199e+03
488.8
3.738e+03
4.258e+03
2.925e+03
4.615e+03
3.384e+03
1.757e+03
4.297e+03
1.736e+03
3.331e+03
2.713e+03
6.547e+03
4.181e+03
5.435e+03
4.098e+03
4.67e+03
2.868e+03
3.934e+03
3.256e+03
2.98e+03
2.32e+03
5.143e+03
4.959e+03
4.836e+03
5.107e+03
4.234e+03
2.777e+03
2.32e+03
0.0003055
4.464e+03
8.036e+03
4.49e+03
1.132e+04
6.808e+03
9.711e+03
9.365e+03
9.737e+03
9.652e+03
9.652e+03
488.8
2.925e+03
1.669e+03
5.102e+03
4.079e+03
5.593e+03
3.947e+03
5.212e+03
3.927e+03
5.938e+03
2.32e+03
2.43e+03
4.629e+03
2.755e+03
4.05e+03
5.917e+03
2.878e+03
1.755e+03
0.0001757
5.324e+03
3.274e+03
2.32e+03
6.632e+03
6.432e+03
6.145e+03
8.384e+03
5.317e+03
6.807e+03
5.317e+03
2.458e+03
4.311e+03
488.8
2.925e+03
5.006e+03
5.901e+03
5.107e+03
6.355e+03
4.885e+03
3.39e+03
2.925e+03
5.058e+03
6.012e+03
5.423e+03
6.54e+03
4.239e+03
3.766e+03
2.387e+03
488.8
2.507e+03
3.427e+03
4.218e+03
4.193e+03
2.918e+03
3.384e+03
3.076e+03
2.925e+03
1.714e+03
7.255e+03
3.586e+03
4.257e+03
7.929e+03
4.289e+03
4.485e+03
3.31e+03
2.551e+03
4.645e+03
6.057e+03
488.8
2.473e+03
2.893e+03
3.83e+03
3.631e+03
5.113e+03
6.388e+03
2.765e+03
4.236e+03
2.32e+03
0.0003392
2.099e+03
3.901e+03
0.0002427
3.401e+03
4.929e+03
2.903e+03
3.988e+03
3.872e+03
2.903e+03
2.903e+03
4.108e+03
4.963e+03
4.168e+03
2.925e+03
5.641e+03
7.007e+03
6.931e+03
7.716e+03
7.156e+03
7.773e+03
6.214e+03
0.0001634
2.925e+03
3.674e+03
3.951e+03
5.459e+03
5.838e+03
4.334e+03
5.675e+03
4.334e+03
1.714e+03
3.954e+03
3.39e+03
2.925e+03
5.009e+03
4.562e+03
3.871e+03
4.805e+03
3.265e+03
1.052e+03
2.925e+03
9.388e-05
2.925e+03
1.477e+03
3.261e+03
1.829e+03
3.35e+03
1.477e+03
2.458e+03
4.433e+03
4.709e+03
5.36e+03
4.826e+03
8.64e+03
8.223e+03
7.685e+03
7.979e+03
8.293e+03
7.03e+03
3.674e+03
3.397e+03
1.978e+03
2.32e+03
2.59e+03
2.022e+03
2.473e+03
2.655e+03
3.615e+03
3.393e+03
488.8
4.349e+03
2.925e+03
3.088e+03
3.518e+03
2.32e+03
2.868e+03
4.215e+03
4.357e+03
4.556e+03
4.918e+03
4.202e+03
4.112e+03
3.421e+03
3.811e+03
4.142e+03
1.646e+03
4.02e+03
2.802e+03
4.661e+03
4.522e+03
4.592e+03
2.221e+03
4.099e+03
2.899e+03
4.099e+03
2.925e+03
5.879e+03
4.993e+03
6.319e+03
5.121e+03
4.624e+03
3.091e+03
2.32e+03
2.8e+03
2.32e+03
2.857e+03
7.194e+03
6.816e+03
6.223e+03
7.196e+03
6.837e+03
6.41e+03
2.7e+03
2.925e+03
5.334e+03
2.958e+03
6.161e+03
3.536e+03
4.004e+03
2.7e+03
6.101e+03
2.925e+03
2.525e+03
4.288e+03
7.491e+03
6.774e+03
4.868e+03
8.009e+03
7.313e+03
1.802e+03
2.684e+03
2.32e+03
4.551e+03
4.41e+03
4.144e+03
4.579e+03
3.672e+03
2.986e+03
2.925e+03
2.925e+03
4.83e+03
4.699e+03
4.865e+03
4.81e+03
3.777e+03
4.43e+03
1.136e+03
4.386e+03
2.05e+03
7.291e+03
5.891e+03
6.55e+03
5.852e+03
5.703e+03
1.802e+03
2.925e+03
3.427e+03
2.925e+03
5.438e+03
5.221e+03
3.629e+03
5.22e+03
4.275e+03
2.898e+03
2.925e+03
5.684e+03
2.925e+03
2.577e+03
6.661e+03
4.906e+03
4.83e+03
4.571e+03
5.297e+03
4.191e+03
4.438e+03
2.925e+03
2.85e+03
2.925e+03
5.631e+03
5.248e+03
6.771e+03
4.917e+03
4.146e+03
1.907e+03
2.925e+03
4.169e+03
2.91e+03
4.049e+03
4.116e+03
3.65e+03
4.933e+03
3.902e+03
4.231e+03
2.925e+03
3.445e+03
4.415e+03
6.601e+03
7.476e+03
8.497e+03
7.397e+03
7.702e+03
3.107e+03
2.925e+03
1.637e+03
3.107e+03
6.673e+03
7.166e+03
6.587e+03
6.522e+03
6.344e+03
3.282e+03
3.161e+03
2.43e+03
2.674e+03
4.429e+03
4.513e+03
5.304e+03
4.91e+03
3.526e+03
2.986e+03
2.925e+03
2.925e+03
6.522e+03
6.704e+03
6.484e+03
6.182e+03
5.771e+03
7.962e+03
2.925e+03
5.184e+03
4.527e+03
0.0003125
7.398e+03
6.737e+03
4.21e+03
8.336e+03
4.788e+03
4.21e+03
3.674e+03
1.736e+03
4.524e+03
1.305e+03
7.121e+03
8.006e+03
8.655e+03
8.022e+03
7.978e+03
2.392e+03
2.925e+03
1.986e+03
2.32e+03
3.886e+03
4.23e+03
2.333e+03
4.764e+03
3.462e+03
4.491e+03
2.32e+03
3.091e+03
3.634e+03
5.382e+03
2.8e+03
6.633e+03
4.772e+03
4.098e+03
3.474e+03
2.925e+03
1.802e+03
1.136e+03
5.86e+03
5.511e+03
4.932e+03
6.372e+03
5.531e+03
3.305e+03
4.583e+03
4.669e+03
3.603e+03
5.495e+03
3.906e+03
5.656e+03
3.305e+03
4.528e+03
2.925e+03
3.616e+03
2.32e+03
7.589e+03
7.55e+03
6.61e+03
7.649e+03
7.113e+03
1.802e+03
2.925e+03
1.802e+03
1.136e+03
3.217e+03
2.11e+03
2.76e+03
3.714e+03
2.396e+03
4.984e+03
2.925e+03
2.05e+03
3.518e+03
2.32e+03
1.531e+03
3.547e+03
2.473e+03
1.584e+03
5.033e+03
2.894e+03
2.136e+03
488.8
3.357e+03
1.136e+03
7.129e+03
7.145e+03
7.321e+03
7.144e+03
7.081e+03
3.831e+03
2.925e+03
4.644e+03
4.02e+03
5.809e+03
4.643e+03
5.243e+03
4.219e+03
3.467e+03
2.209e+03
2.925e+03
3.829e+03
2.32e+03
6.704e+03
6.827e+03
7.296e+03
7.57e+03
6.682e+03
4.583e+03
2.925e+03
5.869e+03
4.253e+03
2.32e+03
5.654e+03
4.754e+03
5.663e+03
4.586e+03
6.492e+03
3.66e+03
2.32e+03
2.986e+03
4.02e+03
4.185e+03
4.618e+03
4.818e+03
3.537e+03
3.416e+03
4.404e+03
488.8
2.925e+03
3.233e+03
3.674e+03
2.32e+03
5.838e+03
4.033e+03
6.622e+03
4.077e+03
5.962e+03
5.613e+03
4.969e+03
3.334e+03
2.925e+03
3.334e+03
2.32e+03
3.515e+03
2.473e+03
3.223e+03
2.894e+03
488.8
4.269e+03
2.674e+03
2.43e+03
4.763e+03
6.499e+03
8.778e+03
7.656e+03
7.496e+03
6.866e+03
3.151e+03
2.925e+03
3.923e+03
4.156e+03
1.175e+04
1.083e+04
1.096e+04
1.068e+04
1.073e+04
5.932e+03
2.32e+03
2.827e+03
2.32e+03
4.4e+03
4.506e+03
6.896e+03
3.733e+03
3.452e+03
3.687e+03
3.84e+03
2.925e+03
5.046e+03
6.519e+03
6.509e+03
5.991e+03
5.588e+03
1.472e+03
2.925e+03
4.681e+03
2.32e+03
4.435e+03
6.179e+03
5.765e+03
6.152e+03
5.597e+03
3.293e+03
2.925e+03
5.288e+03
2.32e+03
5.843e+03
3.866e+03
4.425e+03
3.889e+03
2.964e+03
2.689e+03
2.925e+03
4.478e+03
1.919e+03
6.255e+03
8.305e+03
7.66e+03
8.353e+03
7.823e+03
2.755e+03
3.475e+03
4.019e+03
1.136e+03
8.793e+03
8.045e+03
7.306e+03
8.732e+03
7.991e+03
4.98e+03
2.32e+03
3.613e+03
2.32e+03
9.097e+03
8.403e+03
9.644e+03
8.156e+03
7.883e+03
2.939e+03
2.925e+03
4.889e+03
3.352e+03
5.987e+03
4.664e+03
5.832e+03
4.889e+03
5.102e+03
2.32e+03
4.217e+03
2.32e+03
0.0002919
8.305e+03
8.187e+03
7.626e+03
7.78e+03
7.964e+03
7.626e+03
3.333e+03
2.925e+03
4.274e+03
2.925e+03
8.781e+03
7.913e+03
7.239e+03
7.467e+03
7.082e+03
2.925e+03
3.825e+03
3.602e+03
3.731e+03
3.843e+03
2.316e+03
2.925e+03
3.616e+03
2.925e+03
5.554e+03
5.801e+03
5.575e+03
5.885e+03
5.078e+03
3.343e+03
2.32e+03
2.716e+03
2.925e+03
7.225e+03
8.101e+03
8.454e+03
7.631e+03
7.407e+03
2.925e+03
3.747e+03
3.141e+03
3.925e+03
3.122e+03
1.136e+03
3.394e+03
3.449e+03
4.265e+03
2.925e+03
8.162e+03
7.902e+03
8.241e+03
7.987e+03
7.331e+03
3.647e+03
2.899e+03
3.151e+03
2.32e+03
4.062e+03
2.728e+03
3.277e+03
3.153e+03
2.194e+03
3.546e+03
5.347e+03
2.531e+03
2.32e+03
5.91e+03
6.576e+03
4.555e+03
7.688e+03
6.033e+03
3.674e+03
4.955e+03
4.955e+03
3.674e+03
2.32e+03
3.839e+03
2.925e+03
4.189e+03
2.32e+03
7.692e+03
6.763e+03
5.606e+03
6.057e+03
5.932e+03
2.986e+03
3.151e+03
2.925e+03
2.726e+03
4.053e+03
4.098e+03
2.868e+03
4.133e+03
2.925e+03
2.739e+03
4.133e+03
1.872e+03
2.925e+03
3.743e+03
2.32e+03
5.546e+03
4.9e+03
4.458e+03
4.893e+03
4.006e+03
2.986e+03
2.925e+03
3.104e+03
2.32e+03
5.477e+03
7.556e+03
7.876e+03
7.057e+03
6.851e+03
2.986e+03
2.925e+03
2.986e+03
4.757e+03
4.707e+03
4.504e+03
4.429e+03
3.549e+03
2.746e+03
2.925e+03
4.105e+03
5.676e+03
2.523e+03
6.121e+03
4.438e+03
4.372e+03
3.678e+03
4.644e+03
2.925e+03
3.744e+03
2.925e+03
8.09e+03
9.349e+03
9.737e+03
9.303e+03
8.855e+03
1.802e+03
2.925e+03
3.427e+03
2.925e+03
4.956e+03
4.762e+03
3.112e+03
4.689e+03
3.714e+03
5.692e+03
5.237e+03
1.463e+03
6.897e+03
2.638e+03
6.551e+03
8.129e+03
1.073e+04
1.053e+04
7.735e+03
8.01e+03
2.32e+03
1.802e+03
2.32e+03
3.741e+03
4.093e+03
3.908e+03
4.037e+03
3.336e+03
3.541e+03
2.764e+03
5.018e+03
5.726e+03
6.132e+03
7.041e+03
7.399e+03
6.369e+03
6.113e+03
2.77e+03
2.32e+03
3.643e+03
4.246e+03
4.646e+03
4.834e+03
3.552e+03
3.275e+03
2.535e+03
4.308e+03
2.925e+03
1.907e+03
4.528e+03
8.459e+03
9.373e+03
6.844e+03
8.185e+03
7.996e+03
4.28e+03
2.925e+03
0.0001533
2.826e+03
2.925e+03
7.328e+03
6.939e+03
8.864e+03
7.588e+03
6.692e+03
6.692e+03
4.007e+03
2.925e+03
3.953e+03
2.925e+03
5.365e+03
5.784e+03
5.062e+03
6.042e+03
5.172e+03
5.861e+03
2.32e+03
3.967e+03
2.32e+03
4.573e+03
6.584e+03
6.697e+03
7.337e+03
3.846e+03
6.451e+03
6.181e+03
2.986e+03
2.815e+03
2.716e+03
1.621e+03
6.243e+03
5.777e+03
6.89e+03
6.188e+03
6.047e+03
1.714e+03
2.7e+03
3.448e+03
1.136e+03
7.198e+03
6.318e+03
6.289e+03
6.309e+03
6.222e+03
3.398e+03
2.925e+03
3.464e+03
4.156e+03
8.543e+03
7.222e+03
7.026e+03
7.502e+03
7.305e+03
2.986e+03
2.925e+03
2.688e+03
1.305e+03
1.852e+03
2.504e+03
3.794e+03
2.815e+03
2.121e+03
6.433e+03
1.136e+03
3.818e+03
2.925e+03
8.474e+03
8.225e+03
8.596e+03
8.121e+03
8.057e+03
3.812e+03
2.32e+03
2.986e+03
2.925e+03
3.563e+03
3.617e+03
4.58e+03
2.91e+03
1.872e+03
4.191e+03
2.925e+03
0.000193
3.732e+03
2.925e+03
0.0001829
8.105e+03
7.756e+03
7.137e+03
7.931e+03
7.725e+03
7.137e+03
7.137e+03
1.802e+03
2.925e+03
3.427e+03
2.925e+03
5.623e+03
5.2e+03
4.163e+03
5.627e+03
4.558e+03
2.32e+03
1.802e+03
2.925e+03
4.313e+03
5.782e+03
4.313e+03
5.346e+03
4.855e+03
6.82e+03
2.925e+03
4.664e+03
6.177e+03
6.082e+03
7.004e+03
6.772e+03
8.269e+03
7.42e+03
5.511e+03
2.925e+03
7.193e+03
6.879e+03
8.468e+03
7.295e+03
6.448e+03
3.532e+03
2.32e+03
2.986e+03
2.925e+03
7.457e+03
7.185e+03
7.748e+03
7.218e+03
6.728e+03
2.32e+03
1.714e+03
2.925e+03
4.528e+03
5.021e+03
3.834e+03
4.162e+03
3.934e+03
1.802e+03
2.925e+03
3.956e+03
2.32e+03
5.046e+03
4.194e+03
2.758e+03
4.407e+03
3.417e+03
4.44e+03
2.925e+03
3.212e+03
2.32e+03
4.504e+03
4.355e+03
5.412e+03
4.234e+03
3.394e+03
7.281e+03
2.925e+03
6.39e+03
2.32e+03
8.424e+03
7.745e+03
4.52e+03
8.317e+03
7.55e+03
3.837e+03
2.925e+03
3.859e+03
2.925e+03
6.003e+03
6.208e+03
6.784e+03
6.178e+03
5.414e+03
3.104e+03
2.32e+03
5.186e+03
2.925e+03
5.47e+03
8.309e+03
7.741e+03
8.038e+03
7.591e+03
2.986e+03
5.25e+03
2.925e+03
6.848e+03
4.053e+03
4.141e+03
1.802e+03
2.32e+03
3.004e+03
2.32e+03
7.123e+03
8.125e+03
7.325e+03
7.546e+03
7.455e+03
4.838e+03
3.421e+03
1.662e+03
4.522e+03
2.32e+03
1.629e+03
6.561e+03
6.416e+03
6.538e+03
7.239e+03
7.094e+03
6.447e+03
6.298e+03
4.099e+03
2.32e+03
4.721e+03
2.925e+03
8.891e+03
8.248e+03
9.184e+03
8.133e+03
7.789e+03
4.287e+03
2.32e+03
4.569e+03
3.481e+03
5.998e+03
6.606e+03
8.54e+03
7.441e+03
7.278e+03
4.129e+03
2.32e+03
1.802e+03
2.925e+03
3.979e+03
4.904e+03
5.731e+03
4.605e+03
3.898e+03
2.811e+03
2.32e+03
4.445e+03
2.638e+03
6.128e+03
6.276e+03
6.449e+03
6.21e+03
5.988e+03
4.105e+03
2.925e+03
4.698e+03
6.785e+03
6.444e+03
7.001e+03
6.791e+03
5.802e+03
4.177e+03
2.925e+03
3.672e+03
2.32e+03
7.772e+03
7.233e+03
8.659e+03
7.623e+03
7.108e+03
3.394e+03
2.764e+03
2.452e+03
1.594e+03
6.936e+03
7.755e+03
8.209e+03
7.025e+03
7.275e+03
1.986e+03
2.925e+03
2.925e+03
3.952e+03
3.633e+03
2.228e+03
3.531e+03
2.096e+03
4.052e+03
4.988e+03
0.0001516
3.221e+03
2.32e+03
6.886e+03
6.426e+03
6.28e+03
5.012e+03
5.857e+03
5.857e+03
2.74e+03
2.32e+03
2.74e+03
1.595e+03
3.712e+03
4.089e+03
3.32e+03
4.612e+03
3.577e+03
3.721e+03
2.748e+03
1.802e+03
2.925e+03
3.334e+03
2.925e+03
4.831e+03
4.43e+03
3.979e+03
4.653e+03
3.504e+03
3.334e+03
2.32e+03
4.57e+03
2.925e+03
7.907e+03
6.961e+03
7.01e+03
6.854e+03
6.26e+03
3.334e+03
2.925e+03
1.945e+03
2.925e+03
1.986e+03
3.485e+03
3.811e+03
3.395e+03
1.802e+03
2.986e+03
2.32e+03
2.799e+03
2.925e+03
6.262e+03
7.063e+03
7.05e+03
5.987e+03
5.978e+03
2.986e+03
2.925e+03
2.986e+03
2.925e+03
3.766e+03
3.69e+03
3.799e+03
3.83e+03
2.355e+03
3.452e+03
2.925e+03
3.334e+03
3.344e+03
7.361e+03
7.654e+03
7.883e+03
8.542e+03
8.2e+03
4.006e+03
2.925e+03
4.897e+03
3.132e+03
1.079e+04
1.026e+04
9.916e+03
1.074e+04
1.025e+04
3.92e+03
4.69e+03
4.195e+03
2.925e+03
6.355e+03
5.198e+03
5.932e+03
6.623e+03
4.651e+03
2.79e+03
2.925e+03
5.819e+03
2.32e+03
1.061e+04
8.039e+03
7.256e+03
7.815e+03
7.545e+03
2.986e+03
2.925e+03
3.427e+03
2.925e+03
6.04e+03
5.576e+03
5.792e+03
5.385e+03
4.616e+03
2.827e+03
2.925e+03
3.874e+03
5.604e+03
5.813e+03
3.622e+03
5.27e+03
4.713e+03
5.146e+03
2.925e+03
5.684e+03
2.32e+03
7.991e+03
7.123e+03
6.72e+03
8.07e+03
7.192e+03
3.622e+03
1.136e+03
2.746e+03
2.925e+03
7.262e+03
7.816e+03
7.99e+03
7.199e+03
7.203e+03
2.328e+03
3.548e+03
4.861e+03
5.573e+03
9.029e+03
9.337e+03
7.516e+03
8.189e+03
7.729e+03
4.851e+03
2.925e+03
3.532e+03
2.32e+03
9.788e+03
8.549e+03
6.78e+03
9.334e+03
8.497e+03
4.105e+03
2.925e+03
4.105e+03
2.32e+03
5.555e+03
4.599e+03
5.432e+03
4.466e+03
3.613e+03
3.902e+03
2.377e+03
2.599e+03
4.433e+03
6.646e+03
7.801e+03
8.683e+03
8.124e+03
8.001e+03
2.328e+03
2.925e+03
4.738e+03
7.734e+03
6.192e+03
4.337e+03
7.104e+03
7.341e+03
6.96e+03
3.732e+03
4.222e+03
3.144e+03
2.32e+03
9.588e+03
9.341e+03
1.006e+04
8.154e+03
9.288e+03
2.196e+03
2.925e+03
3.643e+03
2.32e+03
6.039e+03
6.278e+03
5.967e+03
6.464e+03
5.87e+03
3.138e+03
2.925e+03
7.477e+03
1.594e+03
8.691e+03
6.159e+03
6.699e+03
6.515e+03
5.955e+03
5.415e+03
2.925e+03
2.639e+03
2.32e+03
7.299e+03
6.925e+03
5.716e+03
7.341e+03
6.731e+03
2.848e+03
2.32e+03
4.388e+03
3.31e+03
7.953e+03
7.237e+03
6.924e+03
7.943e+03
7.567e+03
2.986e+03
1.136e+03
2.907e+03
2.638e+03
5.144e+03
5.592e+03
6.446e+03
5.499e+03
5.488e+03
3.033e+03
2.32e+03
3.726e+03
3.509e+03
3.915e+03
2.967e+03
1.793e+03
4.426e+03
2.32e+03
1.646e+03
2.638e+03
2.638e+03
2.91e+03
4.885e+03
2.862e+03
2.149e+03
4.372e+03
2.925e+03
3.675e+03
1.305e+03
5.847e+03
4.738e+03
1.852e+03
5.758e+03
4.481e+03
3.55e+03
2.925e+03
0.0
2.925e+03
5.248e+03
5.916e+03
5.2e+03
5.99e+03
5.248e+03
2.968e+03
1.136e+03
1.714e+03
2.32e+03
5.716e+03
6.128e+03
5.704e+03
5.534e+03
5.671e+03
3.956e+03
2.925e+03
3.427e+03
2.32e+03
4.099e+03
3.181e+03
4.696e+03
3.753e+03
2.278e+03
2.986e+03
2.925e+03
2.986e+03
1.305e+03
5.641e+03
4.867e+03
5.432e+03
5.277e+03
4.653e+03
2.986e+03
2.32e+03
3.074e+03
2.32e+03
4.339e+03
4.184e+03
5.007e+03
4.305e+03
3.622e+03
3.235e+03
1.136e+03
4.494e+03
2.743e+03
4.494e+03
1.136e+03
4.661e+03
3.425e+03
3.429e+03
2.32e+03
5.649e+03
6.598e+03
6.627e+03
7.627e+03
6.312e+03
2.986e+03
1.543e+03
3.622e+03
2.031e+03
3.813e+03
3.555e+03
2.256e+03
3.672e+03
2.32e+03
3.672e+03
2.925e+03
4.338e+03
3.531e+03
4.107e+03
3.307e+03
2.153e+03
2.809e+03
2.32e+03
4.927e+03
5.496e+03
5.901e+03
5.578e+03
4.861e+03
3.123e+03
3.427e+03
2.32e+03
6.457e+03
6.093e+03
5.775e+03
5.965e+03
5.36e+03
3.532e+03
2.32e+03
2.986e+03
3.917e+03
4.085e+03
4.822e+03
3.628e+03
2.912e+03
3.069e+03
3.944e+03
3.069e+03
2.32e+03
4.861e+03
5.913e+03
4.861e+03
6.688e+03
5.593e+03
4.017e+03
4.728e+03
4.003e+03
2.925e+03
8.47e+03
7.873e+03
8.024e+03
7.852e+03
7.539e+03
2.986e+03
2.32e+03
1.872e+03
2.32e+03
4.577e+03
4.98e+03
5.265e+03
4.71e+03
4.222e+03
1.714e+03
1.136e+03
3.221e+03
9.255e+03
9.568e+03
9.165e+03
8.979e+03
8.992e+03
1.714e+03
2.925e+03
4.093e+03
2.32e+03
5.194e+03
4.099e+03
2.149e+03
3.381e+03
2.629e+03
5.394e+03
3.479e+03
5.488e+03
2.32e+03
6.618e+03
5.152e+03
6.685e+03
5.027e+03
4.615e+03
4.363e+03
2.925e+03
4.105e+03
2.32e+03
4.752e+03
3.75e+03
4.109e+03
3.882e+03
2.799e+03
3.695e+03
2.32e+03
2.986e+03
1.136e+03
3.322e+03
488.8
3.76e+03
2.471e+03
1.225e+03
2.701e+03
2.925e+03
3.514e+03
2.925e+03
5.384e+03
4.813e+03
3.152e+03
4.953e+03
3.914e+03
2.848e+03
2.32e+03
3.63e+03
2.32e+03
7.234e+03
6.744e+03
6.268e+03
6.88e+03
6.381e+03
4.276e+03
4.728e+03
1.714e+03
1.136e+03
4.427e+03
3.946e+03
5.863e+03
6.12e+03
4.121e+03
1.802e+03
2.925e+03
3.802e+03
2.32e+03
5.17e+03
4.068e+03
4.015e+03
4.613e+03
3.414e+03
4.091e+03
1.136e+03
4.006e+03
2.925e+03
7.119e+03
8.002e+03
8.046e+03
7.473e+03
7.458e+03
2.986e+03
4.418e+03
1.136e+03
3.257e+03
3.037e+03
3.918e+03
4.062e+03
2.974e+03
7.106e+03
2.32e+03
1.714e+03
3.894e+03
1.001e+04
9.475e+03
6.824e+03
1.031e+04
9.927e+03
1.986e+03
2.925e+03
1.802e+03
2.32e+03
3.542e+03
3.784e+03
3.518e+03
4.195e+03
2.979e+03
5.251e+03
2.32e+03
3.666e+03
3.709e+03
6.088e+03
6.349e+03
6.455e+03
6.596e+03
6.406e+03
4.094e+03
2.925e+03
4.222e+03
2.32e+03
9.567e+03
9.467e+03
9.235e+03
9.369e+03
9.046e+03
3.628e+03
1.305e+03
5.115e+03
4.424e+03
7.15e+03
6.232e+03
6.551e+03
7.648e+03
7.506e+03
3.674e+03
2.925e+03
2.333e+03
1.305e+03
3.956e+03
3.467e+03
3.988e+03
4.132e+03
3.147e+03
4.509e+03
2.925e+03
1.975e+03
1.531e+03
1.09e+04
1.046e+04
8.525e+03
1.009e+04
1.038e+04
3.138e+03
2.925e+03
2.999e+03
1.594e+03
5.632e+03
7.015e+03
7.811e+03
7.608e+03
6.856e+03
4.099e+03
1.305e+03
3.736e+03
2.32e+03
3.9e+03
2.898e+03
4.312e+03
1.771e+03
1.472e+03
2.74e+03
2.925e+03
1.714e+03
2.925e+03
4.133e+03
5.005e+03
4.987e+03
4.06e+03
4.625e+03
2.32e+03
5.027e+03
4.698e+03
7.756e+03
7.889e+03
6.273e+03
6.83e+03
6.61e+03
3.659e+03
2.925e+03
1.714e+03
1.136e+03
8.913e+03
8.782e+03
9.257e+03
8.656e+03
8.656e+03
4.259e+03
4.805e+03
3.706e+03
2.925e+03
6.91e+03
8.771e+03
8.516e+03
8.577e+03
8.114e+03
2.986e+03
2.146e+03
2.635e+03
2.925e+03
2.907e+03
4.815e+03
5.193e+03
4.198e+03
4.303e+03
3.719e+03
2.638e+03
3.195e+03
2.32e+03
4.086e+03
5.658e+03
6.776e+03
5.784e+03
5.419e+03
4.844e+03
2.32e+03
1.714e+03
2.32e+03
5.499e+03
5.534e+03
5.925e+03
5.749e+03
5.154e+03
3.343e+03
2.764e+03
3.561e+03
1.594e+03
4.517e+03
4.17e+03
4.885e+03
4.3e+03
3.887e+03
488.8
1.594e+03
2.341e+03
3.782e+03
2.444e+03
3.819e+03
1.639e+03
488.8
1.802e+03
1.136e+03
3.427e+03
2.925e+03
4.85e+03
4.249e+03
3.744e+03
3.361e+03
3.202e+03
2.32e+03
1.714e+03
2.894e+03
5.157e+03
5.834e+03
5.478e+03
5.222e+03
4.907e+03
3.221e+03
2.925e+03
3.038e+03
2.925e+03
4.721e+03
4.291e+03
5.221e+03
5.099e+03
3.634e+03
2.975e+03
4.059e+03
3.955e+03
2.925e+03
4.806e+03
4.415e+03
4.848e+03
4.503e+03
3.564e+03
4.841e+03
2.925e+03
1.714e+03
3.24e+03
6.669e+03
7.199e+03
5.021e+03
6.433e+03
6.214e+03
4.248e+03
2.32e+03
4.099e+03
2.32e+03
5.127e+03
3.623e+03
4.567e+03
4.031e+03
3.041e+03
5.802e+03
2.409e+03
2.961e+03
3.573e+03
4.58e+03
3.425e+03
6.397e+03
2.92e+03
3.21e+03
2.806e+03
2.32e+03
3.512e+03
2.925e+03
6.56e+03
5.422e+03
4.368e+03
5.13e+03
4.673e+03
2.735e+03
2.925e+03
3.293e+03
2.925e+03
7.031e+03
7.226e+03
7.298e+03
7.078e+03
6.492e+03
3.922e+03
1.771e+03
0.0001601
3.34e+03
1.136e+03
5.502e+03
5.455e+03
5.641e+03
5.516e+03
5.28e+03
5.28e+03
3.674e+03
2.32e+03
1.714e+03
2.925e+03
4.248e+03
5.058e+03
5.426e+03
4.63e+03
4.033e+03
3.069e+03
1.594e+03
1.949e+03
3.634e+03
6.229e+03
6.948e+03
6.737e+03
6.352e+03
6.633e+03
3.334e+03
2.925e+03
3.427e+03
1.136e+03
3.787e+03
2.096e+03
3.811e+03
3.395e+03
1.802e+03
2.799e+03
4.273e+03
3.672e+03
2.925e+03
5.509e+03
5.077e+03
5.796e+03
4.136e+03
4.888e+03
3.238e+03
1.136e+03
3.368e+03
4.541e+03
8.278e+03
7.584e+03
8.555e+03
8.023e+03
7.913e+03
1.802e+03
1.136e+03
4.712e+03
2.925e+03
6.28e+03
6.535e+03
6.135e+03
6.043e+03
5.931e+03
2.986e+03
1.305e+03
3.428e+03
3.005e+03
3.51e+03
1.519e+03
1.736e+03
3.565e+03
2.925e+03
3.674e+03
7.463e+03
7.412e+03
6.364e+03
7.506e+03
6.855e+03
3.123e+03
1.136e+03
1.714e+03
2.925e+03
2.925e+03
1.136e+03
4.519e+03
1.136e+03
3.9e+03
2.638e+03
5.329e+03
4.101e+03
5.782e+03
3.792e+03
3.824e+03
4.033e+03
2.32e+03
5.701e+03
2.674e+03
6.46e+03
6.078e+03
6.91e+03
5.831e+03
5.276e+03
4.06e+03
2.907e+03
3.562e+03
5.455e+03
2.149e+03
5.548e+03
4.605e+03
1.519e+03
1.736e+03
3.967e+03
5.732e+03
5.447e+03
5.305e+03
5.553e+03
5.479e+03
5.442e+03
2.523e+03
2.166e+03
488.8
3.352e+03
7.541e+03
7.256e+03
7.921e+03
7.368e+03
7.539e+03
6.14e+03
3.171e+03
4.491e+03
2.32e+03
7.975e+03
7.432e+03
3.784e+03
8.326e+03
7.549e+03
4.107e+03
2.925e+03
3.729e+03
2.32e+03
7.161e+03
6.474e+03
7.838e+03
7.133e+03
6.361e+03
3.674e+03
3.147e+03
3.956e+03
2.925e+03
6.979e+03
6.073e+03
6.622e+03
5.725e+03
5.418e+03
5.594e+03
2.32e+03
4.221e+03
3.856e+03
7.11e+03
6.277e+03
6.719e+03
6.788e+03
6.334e+03
3.569e+03
4.179e+03
4.454e+03
2.638e+03
6.471e+03
5.465e+03
6.594e+03
6.538e+03
5.502e+03
2.458e+03
2.32e+03
2.845e+03
8.986e+03
5.707e+03
1.094e+04
1.042e+04
8.682e+03
1.019e+04
1.031e+04
1.039e+04
488.8
2.925e+03
2.91e+03
4.456e+03
5.695e+03
4.884e+03
4.262e+03
5.084e+03
4.306e+03
3.158e+03
6.576e+03
2.954e+03
5.454e+03
2.925e+03
8.195e+03
8.366e+03
8.389e+03
7.736e+03
7.07e+03
7.768e+03
3.424e+03
3.677e+03
4.939e+03
5.871e+03
2.32e+03
1.186e+04
1.05e+04
1.018e+04
1.071e+04
1.111e+04
9.984e+03
2.91e+03
6.568e+03
0.0002794
5.119e+03
7.565e+03
6.215e+03
7.595e+03
9.104e+03
6.799e+03
8.602e+03
6.215e+03
3.529e+03
2.925e+03
3.787e+03
3.186e+03
4.976e+03
6.151e+03
6.204e+03
5.875e+03
5.036e+03
4.276e+03
2.925e+03
1.62e+03
5.786e+03
3.655e+03
9.972e+03
9.998e+03
1.083e+04
9.757e+03
9.434e+03
9.386e+03
3.67e+03
1.005e+04
5.933e+03
1.539e+03
8.356e+03
6.185e+03
9.832e+03
5.75e+03
1.126e+04
8.412e+03
5.834e+03
2.458e+03
2.925e+03
2.666e+03
4.663e+03
7.693e+03
8.337e+03
6.776e+03
7.096e+03
6.765e+03
2.471e+03
2.32e+03
0.0001836
2.925e+03
6.117e+03
7.104e+03
7.22e+03
9.186e+03
7.08e+03
8.01e+03
7.104e+03
4.044e+03
4.637e+03
4.261e+03
8.576e+03
1.496e+04
8.357e+03
1.363e+04
1.356e+04
1.306e+04
544.6
4.254e+03
5.524e+03
2.925e+03
1.022e+04
9.289e+03
9.356e+03
9.357e+03
9.331e+03
3.694e+03
2.32e+03
2.469e+03
3.291e+03
5.202e+03
9.978e+03
9.414e+03
7.834e+03
9.8e+03
9.069e+03
8.994e+03
0.0001791
3.192e+03
2.603e+03
2.925e+03
4.791e+03
5.315e+03
4.016e+03
5.354e+03
4.016e+03
0.000226
3.817e+03
2.628e+03
2.32e+03
5.676e+03
5.42e+03
4.861e+03
5.703e+03
4.861e+03
5.789e+03
4.907e+03
2.458e+03
2.925e+03
8.086e+03
8.279e+03
7.412e+03
6.304e+03
7.899e+03
2.022e+03
3.652e+03
1.864e+03
2.608e+03
2.925e+03
2.812e+03
7e+03
7.409e+03
7.291e+03
6.936e+03
7.34e+03
7.144e+03
6.83e+03
5.416e+03
3.614e+03
3.63e+03
3.702e+03
4e+03
4.099e+03
5.66e+03
4.034e+03
1.747e+03
1.872e+03
2.925e+03
4.453e+03
3.095e+03
7.251e+03
6.096e+03
5.378e+03
6.102e+03
5.112e+03
4.378e+03
9.428e+03
9.277e+03
5.554e+03
2.925e+03
1.273e+04
1.154e+04
1.073e+04
1.055e+04
8.618e+03
1.13e+04
4.866e+03
3.667e+03
3.034e+03
4.22e+03
6.757e+03
7.87e+03
8.103e+03
6.009e+03
6.605e+03
3.255e+03
7.696e+03
488.8
3.743e+03
1.364e+04
1.236e+04
1.406e+04
1.141e+04
1.353e+04
5.9e+03
6.908e+03
2.265e+03
2.32e+03
3.982e+03
3.89e+03
6.832e+03
6.28e+03
3.261e+03
3.158e+03
2.925e+03
3.438e+03
3.674e+03
4.698e+03
5.776e+03
8.045e+03
8.013e+03
7.773e+03
8.778e+03
8.016e+03
7.853e+03
7.215e+03
3.115e+03
1.621e+03
2.458e+03
2.741e+03
1.116e+04
1.071e+04
1.031e+04
1.056e+04
1.035e+04
1.052e+03
6.246e+03
488.8
5.47e+03
8.664e+03
8.512e+03
8.972e+03
8.702e+03
8.709e+03
3.63e+03
7.095e+03
6.799e+03
4.868e+03
2.925e+03
1.003e+04
9.025e+03
9.181e+03
7.595e+03
9.16e+03
8.623e+03
6.375e+03
4.981e+03
4.336e+03
2.925e+03
8.569e+03
7.913e+03
7.239e+03
5.835e+03
7.576e+03
1.907e+03
5.014e+03
5.564e+03
2.32e+03
1.23e+04
1.04e+04
1.094e+04
1.16e+04
1.044e+04
2.265e+03
3.092e+03
3.54e+03
7.335e+03
6.285e+03
8.373e+03
5.397e+03
5.93e+03
4.921e+03
2.458e+03
4.468e+03
488.8
9.111e+03
1.061e+04
7.298e+03
1.048e+04
1.053e+04
1.048e+04
1.724e+03
2.32e+03
419.5
4.556e+03
4.581e+03
5.61e+03
6.397e+03
4.672e+03
5.619e+03
6.237e+03
5.605e+03
2.411e+03
3.153e+03
0.0
4.234e+03
3.767e+03
5.493e+03
4.054e+03
4.842e+03
3.767e+03
0.0002
5.353e+03
2.07e+03
4.117e+03
8.726e+03
8.621e+03
8.56e+03
9.213e+03
8.56e+03
5.416e+03
7.854e+03
1.367e+03
2.458e+03
2.666e+03
6.635e+03
7.207e+03
9.717e+03
8.573e+03
7.344e+03
7.049e+03
2.458e+03
2.32e+03
5.349e+03
2.925e+03
8.828e+03
9.233e+03
9.14e+03
9.589e+03
8.958e+03
2.845e+03
6.762e+03
2.845e+03
5.085e+03
6.002e+03
6.75e+03
4.889e+03
7.959e+03
4.909e+03
488.8
2.925e+03
2.099e+03
2.925e+03
6.002e+03
6.965e+03
6.074e+03
6.455e+03
6.029e+03
3.302e+03
2.84e+03
2.458e+03
3.652e+03
6.669e+03
6.627e+03
7.465e+03
6.72e+03
6.411e+03
2.265e+03
2.925e+03
2.728e+03
0.0003844
1.305e+03
7.698e+03
7.888e+03
8.086e+03
7.879e+03
8.131e+03
7.698e+03
4.136e+03
3.008e+03
0.0002108
3.288e+03
2.925e+03
8.366e+03
8.16e+03
8.068e+03
8.07e+03
7.527e+03
7.527e+03
2.845e+03
2.76e+03
0.0003171
2.925e+03
5.576e+03
6.204e+03
6.311e+03
6.316e+03
5.576e+03
2.986e+03
4.068e+03
4.414e+03
2.32e+03
9.406e+03
8.629e+03
8.578e+03
8.484e+03
8.389e+03
1.066e+03
2.281e+03
2.845e+03
2.925e+03
4.473e+03
8.754e+03
8.138e+03
7.55e+03
7.751e+03
7.925e+03
7.744e+03
1.714e+03
6.398e+03
488.8
2.925e+03
4.6e+03
5.47e+03
5.985e+03
6.9e+03
5.823e+03
6.411e+03
5.503e+03
3.529e+03
3.095e+03
2.411e+03
2.32e+03
9.184e+03
9.139e+03
9.535e+03
8.968e+03
8.928e+03
3.711e+03
5.085e+03
488.8
4.572e+03
9.164e+03
8.894e+03
8.178e+03
9.36e+03
9.154e+03
2.845e+03
2.32e+03
5.942e+03
3.076e+03
4.418e+03
1.024e+04
9.564e+03
1.075e+04
1.035e+04
1.195e+04
9.912e+03
3.674e+03
2.925e+03
6.407e+03
5.311e+03
1.409e+03
1.021e+04
9.748e+03
7.15e+03
7.661e+03
7.692e+03
7.349e+03
2.469e+03
2.925e+03
4.127e+03
8.304e+03
6.192e+03
9.092e+03
6.452e+03
8.358e+03
9.967e+03
9.147e+03
8.997e+03
2.194e+03
5.715e+03
3.012e+03
3.679e+03
7.863e+03
8.261e+03
7.817e+03
6.836e+03
7.479e+03
2.458e+03
2.925e+03
488.8
8.292e+03
2.313e+03
5.955e+03
7.568e+03
5.722e+03
6.41e+03
6.336e+03
5.927e+03
2.458e+03
2.32e+03
2.628e+03
4.833e+03
6.004e+03
8.632e+03
9.03e+03
9.455e+03
8.601e+03
8.52e+03
8.375e+03
3.552e+03
2.166e+03
3.158e+03
2.32e+03
6.088e+03
6.517e+03
7.993e+03
6.85e+03
6.361e+03
2.022e+03
2.925e+03
2.567e+03
2.32e+03
7.382e+03
7.445e+03
7.401e+03
7.766e+03
7.107e+03
895.5
4.152e+03
2.608e+03
4.576e+03
1.053e+04
1.073e+04
9.964e+03
1.059e+04
1.001e+04
4.345e+03
2.32e+03
1.714e+03
3.767e+03
6.062e+03
9.82e+03
9.301e+03
1.14e+04
1.058e+04
1.009e+04
9.617e+03
2.91e+03
2.925e+03
0.0002277
4.857e+03
4.462e+03
6.557e+03
4.587e+03
5.734e+03
4.462e+03
4.949e+03
2.925e+03
6.515e+03
3.158e+03
2.32e+03
9.773e+03
9.345e+03
9.125e+03
9.748e+03
9.07e+03
9.201e+03
2.131e+03
2.32e+03
3.694e+03
6.7e+03
4.015e+03
9.122e+03
1.076e+04
8.607e+03
9.758e+03
9.877e+03
9.301e+03
4.307e+03
2.925e+03
2.32e+03
7.392e+03
7.822e+03
8.137e+03
7.852e+03
4.276e+03
2.925e+03
0.000137
1.621e+03
5.786e+03
5.972e+03
7.836e+03
6.629e+03
5.786e+03
3.394e+03
4.795e+03
2.265e+03
2.248e+03
6.378e+03
6.039e+03
7.261e+03
6.724e+03
5.951e+03
3.761e+03
2.32e+03
488.8
2.925e+03
4.841e+03
9.562e+03
1.044e+04
9.928e+03
9.802e+03
9.259e+03
9.532e+03
2.458e+03
2.925e+03
2.32e+03
8.111e+03
8.805e+03
8.507e+03
8.406e+03
8.111e+03
3.358e+03
3.954e+03
501.8
5.117e+03
5.841e+03
6.074e+03
6.609e+03
5.773e+03
5.844e+03
4.198e+03
5.415e+03
488.8
2.925e+03
7.254e+03
7.817e+03
7.792e+03
6.919e+03
7.228e+03
2.838e+03
4.372e+03
5.284e+03
5.925e+03
1.064e+04
1.035e+04
9.512e+03
1.014e+04
9.394e+03
2.525e+03
2.32e+03
3.115e+03
3.973e+03
1.156e+04
1.197e+04
1.2e+04
1.14e+04
1.17e+04
2.458e+03
4.501e+03
3.564e+03
2.925e+03
7.62e+03
7.685e+03
7.032e+03
8.096e+03
6.66e+03
3.107e+03
2.32e+03
4.096e+03
5.169e+03
7.155e+03
8.819e+03
6.837e+03
7.56e+03
7.583e+03
7.284e+03
7.156e+03
4.662e+03
2.925e+03
4.407e+03
5.224e+03
8.256e+03
9.923e+03
8.684e+03
1.044e+04
9.556e+03
4.869e+03
1.061e+04
3.445e+03
2.403e+03
3.588e+03
9.107e+03
9.685e+03
9.825e+03
1.047e+04
1.115e+04
9.316e+03
3.301e+03
4.65e+03
2.845e+03
4.321e+03
9.801e+03
1.003e+04
1.013e+04
1.068e+04
9.534e+03
3.622e+03
5.686e+03
1.669e+03
2.925e+03
1.273e+04
1.37e+04
1.227e+04
1.273e+04
1.285e+04
5.783e+03
3.882e+03
2.862e+03
5.027e+03
5.76e+03
7.965e+03
8.352e+03
5.095e+03
5.539e+03
2.458e+03
3.761e+03
4.408e+03
1.105e+04
1.463e+04
8.963e+03
1.373e+04
1.392e+04
1.415e+04
6.393e+03
1.621e+03
3.647e+03
2.32e+03
9.304e+03
8.938e+03
8.3e+03
9.127e+03
8.972e+03
5.521e+03
5.538e+03
2.524e+03
2.925e+03
9.053e+03
9.07e+03
9.3e+03
9.123e+03
8.462e+03
2.869e+03
2.32e+03
2.458e+03
6.35e+03
2.365e+03
4.961e+03
7.452e+03
5.444e+03
5.305e+03
4.975e+03
4.418e+03
4.033e+03
2.925e+03
2.938e+03
4.746e+03
7.508e+03
7.423e+03
6.311e+03
7.77e+03
7.075e+03
3.515e+03
2.516e+03
2.322e+03
2.32e+03
4.324e+03
8.702e+03
8.375e+03
9.345e+03
9.173e+03
8.964e+03
8.36e+03
2.194e+03
4.167e+03
2.819e+03
3.427e+03
6.694e+03
7.679e+03
6.712e+03
7.605e+03
6.381e+03
3.333e+03
2.32e+03
2.765e+03
3.256e+03
7.671e+03
8.628e+03
8.534e+03
8.48e+03
8.287e+03
3.017e+03
2.817e+03
5.399e+03
3.672e+03
2.32e+03
6.587e+03
6.286e+03
6.12e+03
6.19e+03
7.586e+03
5.429e+03
0.0002145
2.925e+03
2.005e+03
5.214e+03
8.724e+03
8.252e+03
7.882e+03
8.217e+03
7.882e+03
3.255e+03
2.925e+03
3.63e+03
2.925e+03
1.021e+04
9.806e+03
1.061e+04
9.6e+03
9.295e+03
2.411e+03
4.754e+03
3.394e+03
6.273e+03
9.482e+03
8.959e+03
8.707e+03
8.475e+03
8.668e+03
0.0002888
2.32e+03
4.884e+03
5.272e+03
7.644e+03
1.045e+04
9.224e+03
9.179e+03
9.433e+03
1.092e+04
9.179e+03
3.102e+03
2.925e+03
2.022e+03
3.397e+03
5.253e+03
5.666e+03
4.989e+03
5.119e+03
4.574e+03
2.458e+03
3.696e+03
7.1e+03
3.39e+03
2.925e+03
7.3e+03
7.568e+03
7.25e+03
7.471e+03
8.359e+03
6.827e+03
2.57e+03
2.32e+03
0.0001729
2.925e+03
8.105e+03
8.25e+03
8.626e+03
8.617e+03
8.105e+03
2.845e+03
5.39e+03
4.157e+03
4.69e+03
3.405e+03
1.404e+04
1.406e+04
1.378e+04
1.325e+04
1.377e+04
1.357e+04
3.107e+03
3.497e+03
3.743e+03
2.925e+03
5.737e+03
5.672e+03
5.802e+03
5.911e+03
4.956e+03
488.8
3.15e+03
3.191e+03
2.925e+03
4.828e+03
4.884e+03
4.115e+03
5.042e+03
4.01e+03
2.265e+03
2.952e+03
2.748e+03
3.153e+03
5.097e+03
5.458e+03
5.163e+03
4.836e+03
4.539e+03
2.845e+03
2.32e+03
3.103e+03
4.369e+03
7.348e+03
6.354e+03
6.927e+03
7.48e+03
6.92e+03
3.795e+03
2.925e+03
2.022e+03
3.227e+03
1.022e+04
1.064e+04
1.04e+04
9.682e+03
9.785e+03
732.1
2.32e+03
3.951e+03
2.925e+03
8.648e+03
7.121e+03
7.235e+03
7.813e+03
7.168e+03
3.042e+03
1.009e+04
2.458e+03
2.925e+03
1.286e+04
1.292e+04
1.416e+04
1.452e+04
1.318e+04
259.4
2.925e+03
1.907e+03
2.022e+03
3.446e+03
1.012e+04
1.05e+04
9.663e+03
1.031e+04
9.887e+03
9.689e+03
488.8
2.925e+03
2.005e+03
3.223e+03
9.078e+03
9.2e+03
9.14e+03
9.712e+03
9.128e+03
2.458e+03
5.535e+03
5.036e+03
2.322e+03
1.621e+03
1.129e+04
1.092e+04
1.118e+04
1.17e+04
1.158e+04
1.096e+04
2.845e+03
2.925e+03
2.938e+03
1.621e+03
3.184e+03
6.169e+03
6.635e+03
6.721e+03
7.502e+03
7.573e+03
6.358e+03
3.949e+03
7.323e+03
488.8
5.161e+03
4.03e+03
8.519e+03
9.744e+03
8.224e+03
8.711e+03
8.656e+03
8.461e+03
3.664e+03
2.32e+03
2.608e+03
2.925e+03
4.284e+03
9.338e+03
9.458e+03
9.629e+03
8.97e+03
8.714e+03
8.691e+03
3.871e+03
3.895e+03
0.0001426
2.925e+03
6.56e+03
6.779e+03
7.853e+03
6.565e+03
6.56e+03
2.525e+03
6.516e+03
3.281e+03
2.052e+03
1.074e+04
1.053e+04
1.088e+04
1.122e+04
1.032e+04
5.181e+03
5.511e+03
4.423e+03
2.32e+03
1.149e+04
1.113e+04
9.352e+03
1.068e+04
1.08e+04
2.458e+03
2.364e+03
2.022e+03
2.925e+03
5.19e+03
5.616e+03
4.866e+03
5.414e+03
4.795e+03
2.531e+03
2.473e+03
3.174e+03
2.458e+03
7.192e+03
1.208e+04
1.098e+04
1.18e+04
1.138e+04
1.15e+04
1.151e+04
0.0001785
5.785e+03
2.57e+03
2.32e+03
6.528e+03
7.637e+03
6.866e+03
4.702e+03
6.866e+03
4.806e+03
5.597e+03
3.72e+03
4.845e+03
4.765e+03
1.079e+04
1.015e+04
9.7e+03
1.216e+04
9.027e+03
9.252e+03
4.252e+03
2.925e+03
0.0004772
2.32e+03
7.012e+03
7.525e+03
6.996e+03
7.376e+03
7.012e+03
1.714e+03
5.498e+03
5.124e+03
2.925e+03
8.028e+03
6.212e+03
5.601e+03
7.927e+03
5.399e+03
3.696e+03
2.473e+03
6.341e+03
4.41e+03
1.013e+04
9.307e+03
1.164e+04
1.112e+04
1.089e+04
3.54e+03
2.859e+03
592.5
2.925e+03
7.551e+03
8.277e+03
6.939e+03
7.339e+03
7.526e+03
3.477e+03
2.32e+03
1.895e+03
4.013e+03
3.517e+03
6.804e+03
7.912e+03
8.173e+03
7.616e+03
7.553e+03
7.336e+03
0.0002956
2.925e+03
3.573e+03
8.368e+03
7.231e+03
1.035e+04
7.342e+03
7.705e+03
7.342e+03
2.469e+03
2.925e+03
488.8
5.115e+03
0.0002608
4.965e+03
6.644e+03
5.035e+03
6.279e+03
5.943e+03
5.035e+03
2.567e+03
2.925e+03
3.158e+03
4.379e+03
7.64e+03
7.183e+03
7.011e+03
6.823e+03
6.768e+03
0.0002133
3.971e+03
2.233e+03
3.256e+03
3.272e+03
3.374e+03
2.382e+03
4.388e+03
2.382e+03
677.7
4.819e+03
1.854e+03
4.396e+03
5.351e+03
5.488e+03
6.203e+03
2.706e+03
5.314e+03
3.378e+03
2.596e+03
4.168e+03
2.925e+03
4.541e+03
2.265e+03
4.297e+03
8.319e+03
8.424e+03
8.327e+03
8.051e+03
8.443e+03
7.65e+03
1.856e+03
2.32e+03
2.932e+03
2.32e+03
4.366e+03
4.613e+03
4.536e+03
4.679e+03
4.093e+03
3.996e+03
2.32e+03
4.512e+03
488.8
3.021e+03
7.174e+03
8.136e+03
8.293e+03
7.173e+03
8.484e+03
6.975e+03
4.3e+03
5.315e+03
4.56e+03
2.925e+03
7.93e+03
7.597e+03
8.926e+03
8.523e+03
6.94e+03
2.525e+03
2.32e+03
6.022e+03
1.621e+03
6.23e+03
1.082e+04
8.505e+03
7.477e+03
9.104e+03
9.251e+03
8.883e+03
419.5
2.925e+03
488.8
1.621e+03
6.026e+03
6.208e+03
6.127e+03
6.993e+03
6.094e+03
3.235e+03
2.925e+03
4.982e+03
3.751e+03
690.6
7.253e+03
6.91e+03
6.895e+03
7.545e+03
7.365e+03
6.983e+03
1.052e+03
2.925e+03
3.837e+03
5.822e+03
8.266e+03
6.407e+03
7.647e+03
8.117e+03
7.544e+03
0.0002854
5.252e+03
4.26e+03
2.845e+03
2.925e+03
1.187e+04
1.125e+04
1.115e+04
1.076e+04
1.204e+04
1.115e+04
4.043e+03
4.259e+03
3.979e+03
2.005e+03
4.854e+03
7.973e+03
9.159e+03
8.654e+03
7.89e+03
8.765e+03
7.518e+03
3.158e+03
1.621e+03
3.592e+03
8.999e+03
5.094e+03
1.268e+04
9.108e+03
1.34e+04
1.242e+04
1.182e+04
1.153e+04
2.022e+03
2.32e+03
2.422e+03
2.925e+03
1.367e+03
7.469e+03
8.395e+03
7.524e+03
6.696e+03
7.266e+03
7.291e+03
5.036e+03
2.925e+03
3.255e+03
4.264e+03
6.772e+03
7.297e+03
8.378e+03
6.352e+03
5.848e+03
3.54e+03
2.32e+03
0.0002631
2.32e+03
6.507e+03
6.958e+03
7.084e+03
6.972e+03
6.507e+03
2.099e+03
1.621e+03
2.402e+03
2.32e+03
1.975e+03
1.07e+04
1.006e+04
1.003e+04
9.67e+03
9.594e+03
9.839e+03
3.394e+03
2.905e+03
3.067e+03
2.925e+03
9.598e+03
9.221e+03
9.808e+03
1.052e+04
9.426e+03
4.677e+03
2.32e+03
0.0002313
1.714e+03
3.964e+03
2.848e+03
4.817e+03
5.432e+03
3.194e+03
2.309e+03
2.309e+03
2.265e+03
7.364e+03
5.943e+03
2.925e+03
9.333e+03
7.193e+03
6.388e+03
1.034e+04
6.355e+03
2.862e+03
2.32e+03
2.715e+03
4.469e+03
5.873e+03
8.819e+03
8.628e+03
7.303e+03
7.425e+03
6.805e+03
7.425e+03
4.467e+03
2.32e+03
3.394e+03
5.268e+03
4.535e+03
8.657e+03
1.022e+04
8.223e+03
8.365e+03
8.027e+03
7.943e+03
2.194e+03
3.153e+03
2.57e+03
4.885e+03
5.78e+03
5.908e+03
5.786e+03
6.984e+03
5.385e+03
5.893e+03
5.314e+03
4.044e+03
2.925e+03
0.000136
6.829e+03
7.366e+03
9.529e+03
8.367e+03
7.816e+03
7.366e+03
2.638e+03
1.621e+03
2.022e+03
2.95e+03
0.0004992
9.028e+03
8.952e+03
8.476e+03
8.513e+03
8.59e+03
8.476e+03
0.0006457
8.126e+03
2.845e+03
2.925e+03
1.104e+04
1.154e+04
1.099e+04
9.302e+03
1.099e+04
2.858e+03
9.105e+03
2.724e+03
5.665e+03
5.315e+03
7.812e+03
6.388e+03
1.013e+04
5.454e+03
488.8
3.256e+03
3.869e+03
3.97e+03
8.873e+03
8.345e+03
8.251e+03
8.819e+03
8.226e+03
2.28e+03
2.32e+03
3.244e+03
4.125e+03
7.441e+03
8.675e+03
7.746e+03
7.68e+03
7.394e+03
5.157e+03
2.925e+03
3.809e+03
4.092e+03
5.095e+03
4.255e+03
5.143e+03
5.345e+03
3.131e+03
4.012e+03
1.229e+03
4.027e+03
4.536e+03
3.54e+03
2.925e+03
6.188e+03
6.196e+03
5.827e+03
7.213e+03
5.626e+03
488.8
7.656e+03
4.004e+03
2.32e+03
8.839e+03
8.459e+03
8.455e+03
9.854e+03
8.349e+03
3.564e+03
4.592e+03
6.731e+03
3.647e+03
2.32e+03
3.606e+03
1e+04
1.018e+04
9.924e+03
1.032e+04
9.537e+03
1.146e+04
9.745e+03
1.714e+03
5.232e+03
3.674e+03
2.925e+03
3.605e+03
7.218e+03
6.845e+03
6.894e+03
6.957e+03
6.77e+03
6.574e+03
2.458e+03
2.32e+03
0.0002756
3.094e+03
4.853e+03
9.232e+03
9.057e+03
8.994e+03
9.531e+03
9.168e+03
9.168e+03
895.5
7.053e+03
3.935e+03
6.801e+03
9.923e+03
1.094e+04
1.032e+04
8.652e+03
1.029e+04
488.8
2.925e+03
4.043e+03
2.32e+03
5.135e+03
4.114e+03
3.119e+03
4.198e+03
3.233e+03
3.017e+03
5.465e+03
2.458e+03
2.32e+03
0.0005674
7.841e+03
7.266e+03
7.071e+03
7.495e+03
9.981e+03
7.071e+03
0.0001515
3.868e+03
3.151e+03
3.153e+03
5.232e+03
5.845e+03
4.75e+03
5.4e+03
4.75e+03
3.607e+03
2.925e+03
2.948e+03
2.32e+03
1.026e+04
9.469e+03
9.397e+03
9.457e+03
9.147e+03
0.0002975
2.982e+03
4.929e+03
3.63e+03
7.144e+03
1.029e+04
1.129e+04
9.397e+03
9.522e+03
1.001e+04
9.397e+03
3.244e+03
4.129e+03
2.52e+03
1.052e+03
2.925e+03
1.091e+04
1.099e+04
1.182e+04
1.041e+04
1.092e+04
1.087e+04
2.469e+03
3.419e+03
0.0002105
3.71e+03
2.658e+03
4.518e+03
4.186e+03
4.336e+03
2.658e+03
2.845e+03
3.045e+03
2.524e+03
5.266e+03
4.437e+03
9.269e+03
9.455e+03
1.01e+04
1.084e+04
1.027e+04
1.003e+04
0.0
2.32e+03
3.764e+03
3.288e+03
9.439e+03
8.791e+03
7.668e+03
7.651e+03
7.668e+03
4.155e+03
2.32e+03
3.183e+03
3.282e+03
5.374e+03
6.651e+03
8.193e+03
6.505e+03
6.293e+03
6.055e+03
5.861e+03
7.416e+03
3.113e+03
5.564e+03
5.902e+03
1.056e+04
1.17e+04
1.036e+04
9.139e+03
9.297e+03
2.233e+03
3.153e+03
4.688e+03
0.0002534
3.856e+03
4.511e+03
5.009e+03
5.006e+03
5.365e+03
6.33e+03
4.511e+03
2.157e+03
5.572e+03
4.349e+03
2.32e+03
8.163e+03
7.234e+03
7.099e+03
9.291e+03
7.066e+03
2.458e+03
2.925e+03
4.712e+03
3.39e+03
5.583e+03
1.268e+04
1.231e+04
1.247e+04
1.274e+04
1.345e+04
1.201e+04
0.0004761
2.925e+03
3.29e+03
5.156e+03
8.309e+03
8.292e+03
7.768e+03
8.246e+03
7.768e+03
3.54e+03
2.32e+03
3.504e+03
2.925e+03
5.341e+03
9.336e+03
9.562e+03
8.38e+03
9.879e+03
9.402e+03
9.069e+03
1.996e+03
3.932e+03
3.694e+03
2.925e+03
8.199e+03
7.883e+03
7.636e+03
7.213e+03
7.187e+03
0.0003616
4.037e+03
2.462e+03
5.205e+03
2.364e+03
8.343e+03
5.32e+03
5.596e+03
5.295e+03
6.143e+03
5.596e+03
3.205e+03
2.32e+03
3.696e+03
3.823e+03
9.21e+03
8.746e+03
8.497e+03
8.888e+03
8.379e+03
5.635e+03
2.925e+03
2.425e+03
488.8
4.291e+03
7.61e+03
7.658e+03
1.069e+04
7.531e+03
7.526e+03
7.551e+03
2.022e+03
2.925e+03
3.107e+03
3.177e+03
8.305e+03
8.27e+03
9.123e+03
9.39e+03
8.492e+03
2.57e+03
3.212e+03
4.093e+03
1.856e+03
2.32e+03
8.146e+03
8.439e+03
7.621e+03
7.28e+03
9.16e+03
8.111e+03
488.8
4.859e+03
2.531e+03
2.32e+03
9.213e+03
8.945e+03
8.65e+03
1.049e+04
8.71e+03
3.296e+03
2.925e+03
0.0002604
2.925e+03
6.811e+03
7.172e+03
7.457e+03
7.801e+03
6.811e+03
3.235e+03
9.135e+03
0.0009226
0.0
9.285e+03
1.425e+04
1.204e+04
1.53e+04
1.631e+04
1.425e+04
1.425e+04
488.8
2.925e+03
2.732e+03
3.67e+03
6.776e+03
6.4e+03
6.375e+03
6.498e+03
6.404e+03
488.8
2.925e+03
4.447e+03
3.119e+03
4.345e+03
9.268e+03
8.536e+03
8.865e+03
9.341e+03
8.446e+03
8.846e+03
1.19e+03
4.044e+03
2.411e+03
2.32e+03
4.2e+03
5.631e+03
6.189e+03
5.479e+03
5.646e+03
6.106e+03
5.53e+03
3.674e+03
1.877e+03
488.8
2.764e+03
4.665e+03
6.213e+03
6.562e+03
7.509e+03
7.393e+03
6.384e+03
6.103e+03
1.975e+03
2.32e+03
1.593e+03
1.035e+03
1.019e+04
1.004e+04
9.947e+03
1.017e+04
1.011e+04
3.39e+03
4.134e+03
2.68e+03
1.136e+03
7.583e+03
7.365e+03
7.34e+03
8.91e+03
7.384e+03
2.221e+03
2.925e+03
0.0003623
4.387e+03
7.231e+03
7.063e+03
7.16e+03
7.877e+03
7.231e+03
1.714e+03
1.136e+03
2.064e+03
2.925e+03
6.143e+03
6.831e+03
6.659e+03
6.281e+03
6.302e+03
3.452e+03
2.32e+03
3.51e+03
2.377e+03
8.099e+03
8.179e+03
8.001e+03
7.438e+03
7.662e+03
2.005e+03
1.035e+03
2.005e+03
1.594e+03
6.289e+03
6.632e+03
6.289e+03
6.505e+03
6.433e+03
2.341e+03
2.704e+03
1.615e+03
2.925e+03
1.615e+03
2.925e+03
2.341e+03
2.704e+03
0.0001341
2.531e+03
3.078e+03
3.504e+03
2.32e+03
7.198e+03
8.172e+03
8.101e+03
7.927e+03
7.422e+03
1.998e+03
2.32e+03
2.666e+03
2.32e+03
7.903e+03
8.2e+03
8.421e+03
7.906e+03
7.697e+03
1.714e+03
2.739e+03
3.152e+03
2.925e+03
5.685e+03
6.878e+03
6.373e+03
6.371e+03
6.156e+03
3.033e+03
1.136e+03
3.233e+03
3.674e+03
1.035e+03
7.029e+03
6.387e+03
7.152e+03
6.324e+03
5.884e+03
6.3e+03
4.133e+03
3.739e+03
4.056e+03
3.626e+03
7.604e+03
5.988e+03
6.875e+03
7.608e+03
5.512e+03
3.32e+03
2.32e+03
2.999e+03
2.377e+03
4.77e+03
4.339e+03
4.998e+03
4.462e+03
3.525e+03
4.004e+03
2.925e+03
0.0004106
1.035e+03
1.024e+04
1.027e+04
1.115e+04
1.036e+04
1.024e+04
3.138e+03
2.925e+03
2.933e+03
2.524e+03
2.71e+03
8.125e+03
8.236e+03
8.972e+03
8.746e+03
8.843e+03
8.354e+03
3.32e+03
2.32e+03
3.32e+03
2.925e+03
5.613e+03
5.583e+03
5.822e+03
5.209e+03
4.657e+03
1.714e+03
1.136e+03
2.496e+03
2.32e+03
9.591e+03
1.054e+04
1.029e+04
1.023e+04
1.015e+04
3.63e+03
3.603e+03
5.971e+03
2.739e+03
9.728e+03
1.121e+04
1.251e+04
1.117e+04
1.134e+04
3.591e+03
1.305e+03
1.872e+03
2.925e+03
6.167e+03
6.666e+03
6.815e+03
5.813e+03
5.759e+03
3.226e+03
3.348e+03
4.219e+03
3.133e+03
9.315e+03
7.994e+03
8.223e+03
8.948e+03
7.919e+03
2.131e+03
2.349e+03
1.629e+03
4.136e+03
5.033e+03
7.144e+03
7.478e+03
5.79e+03
6.31e+03
6.193e+03
6.359e+03
3.375e+03
5.011e+03
3.968e+03
2.729e+03
9.169e+03
8.392e+03
7.543e+03
7.87e+03
8.126e+03
4.917e+03
1.136e+03
5.859e+03
2.32e+03
5.32e+03
7.225e+03
6.238e+03
8.491e+03
8.204e+03
6.017e+03
5.918e+03
2.682e+03
2.32e+03
2.525e+03
4.374e+03
6.95e+03
6.317e+03
7.691e+03
7.051e+03
6.922e+03
2.932e+03
3.638e+03
2.868e+03
1.736e+03
1.03e+04
1.069e+04
1.061e+04
1.043e+04
1.098e+04
3.58e+03
3.787e+03
3.63e+03
2.32e+03
1.236e+04
1.13e+04
1.02e+04
1.065e+04
1.123e+04
2.906e+03
3.479e+03
2.735e+03
1.594e+03
3.659e+03
3.079e+03
3.747e+03
4.249e+03
2.53e+03
2.858e+03
2.925e+03
2.688e+03
2.32e+03
5.852e+03
6.696e+03
5.939e+03
6.271e+03
6.062e+03
9.251e-05
2.32e+03
3.235e+03
1.305e+03
6.29e+03
5.636e+03
5.444e+03
5.678e+03
5.444e+03
2.43e+03
3.263e+03
2.702e+03
2.035e+03
5.446e+03
6.173e+03
6.113e+03
5.963e+03
5.633e+03
4.56e+03
1.736e+03
4.083e+03
3.061e+03
1.467e+04
1.437e+04
1.563e+04
1.546e+04
1.504e+04
3.504e+03
3.197e+03
3.539e+03
1.619e+03
2.61e+03
4.552e+03
4.631e+03
5.282e+03
4.561e+03
2.905e+03
3.726e+03
2.525e+03
1.592e+03
1.001e+04
1.021e+04
9.811e+03
9.695e+03
9.991e+03
4.347e+03
4.727e+03
4.123e+03
5.86e+03
7.116e+03
5.596e+03
5.371e+03
6.208e+03
5.468e+03
3.192e+03
3.662e+03
3.674e+03
1.305e+03
6.864e+03
5.823e+03
6.255e+03
5.99e+03
5.548e+03
3.247e+03
3.456e+03
3.061e+03
5.097e+03
9.873e+03
8.777e+03
1.057e+04
1.036e+04
9.803e+03
2.525e+03
1.136e+03
2.589e+03
2.261e+03
1.174e+04
1.167e+04
1.145e+04
1.133e+04
1.134e+04
3.446e+03
2.353e+03
5.537e+03
5.403e+03
1.072e+04
1.02e+04
9.546e+03
1.083e+04
1.106e+04
4.618e+03
3.866e+03
3.967e+03
3.097e+03
7.58e+03
8.744e+03
8.925e+03
8.63e+03
8.44e+03
2.727e+03
4.454e+03
1.877e+03
9.335e+03
1.1e+04
1.056e+04
1.064e+04
3.5e+03
1.136e+03
5.578e+03
1.736e+03
8.986e+03
9.606e+03
9.649e+03
9.707e+03
9.682e+03
1.852e+03
2.32e+03
3.637e+03
1.595e+03
9.665e+03
9.014e+03
8.867e+03
9.046e+03
8.943e+03
2.38e+03
3.808e+03
3.548e+03
2.295e+03
9.415e+03
7.511e+03
7.84e+03
8.008e+03
7.847e+03
5.054e+03
1.594e+03
4.31e+03
5.821e+03
5.678e+03
7.068e+03
5.835e+03
3.709e+03
3.535e+03
3.228e+03
3.122e+03
3.826e+03
2.32e+03
5.005e+03
4.125e+03
3.304e+03
3.075e+03
3.473e+03
4.771e+03
4.792e+03
5.466e+03
2.561e+03
1.107e+04
1.043e+04
1.012e+04
9.91e+03
1.017e+04
4.071e+03
1.035e+03
4.071e+03
1.771e+03
6.734e+03
5.045e+03
6.004e+03
4.912e+03
4.969e+03
1.852e+03
5.962e+03
3.089e+03
4.514e+03
8.168e+03
8.329e+03
8.769e+03
1.003e+04
8.333e+03
2.5e+03
5.63e+03
3.02e+03
4.052e+03
5.882e+03
5.423e+03
5.125e+03
6.661e+03
5.329e+03
1.593e+03
1.035e+03
3.162e+03
1.594e+03
5.751e+03
5.629e+03
5.714e+03
5.48e+03
5.444e+03
2.031e+03
2.935e+03
3.186e+03
3.253e+03
6.357e+03
6.008e+03
5.683e+03
6.643e+03
5.754e+03
3.323e+03
2.739e+03
0.0002999
3.097e+03
6.422e+03
7.35e+03
5.427e+03
7.18e+03
6.422e+03
2.323e+03
4.701e+03
2.689e+03
4.251e+03
7.861e+03
8.033e+03
8.223e+03
1.008e+04
8.455e+03
3.177e+03
5.359e+03
488.8
2.764e+03
1.079e+04
1.04e+04
1.065e+04
1.12e+04
1.066e+04
4.178e+03
3.045e+03
3.02e+03
2.295e+03
8.483e+03
8.136e+03
9.032e+03
7.932e+03
8.303e+03
3.759e+03
3.859e+03
2.735e+03
1.136e+03
7.458e+03
7.239e+03
7.659e+03
7.943e+03
7.101e+03
5.133e+03
2.925e+03
3.021e+03
2.398e+03
6.041e+03
5.677e+03
6.581e+03
5.613e+03
5.143e+03
4.806e+03
1.305e+03
4.156e+03
2.32e+03
7.196e+03
6.001e+03
7.456e+03
5.823e+03
5.636e+03
2.57e+03
2.561e+03
1.852e+03
1.305e+03
1.08e+04
1.092e+04
1.021e+04
1.058e+04
1.085e+04
3.313e+03
3.627e+03
3.313e+03
2.32e+03
5.727e+03
5.127e+03
5.742e+03
4.902e+03
4.702e+03
3.274e+03
4.609e+03
5.663e+03
2.32e+03
9.456e+03
9.89e+03
8.819e+03
1.028e+04
9.666e+03
1.714e+03
2.879e+03
3.88e+03
1.136e+03
5.73e+03
7.861e+03
8.024e+03
8.43e+03
7.728e+03
1.714e+03
4.269e+03
3.568e+03
4.472e+03
9.217e+03
1.083e+04
1.012e+04
1.023e+04
1.009e+04
4.52e+03
6.03e+03
2.524e+03
3.454e+03
6.859e+03
6.303e+03
5.185e+03
7.301e+03
6.641e+03
2.355e+03
3.013e+03
3.274e+03
2.715e+03
8.251e+03
7.265e+03
8.535e+03
8.498e+03
7.954e+03
2.005e+03
4.048e+03
4.472e+03
4.184e+03
1.038e+04
9.514e+03
8.811e+03
1.012e+04
8.884e+03
1.871e+03
2.061e+03
6.075e+03
3.427e+03
6.662e+03
8.469e+03
7.056e+03
7.719e+03
7.262e+03
4.889e+03
1.035e+03
1.714e+03
2.273e+03
1.026e+04
1.054e+04
1.13e+04
9.766e+03
9.865e+03
3.812e+03
2.986e+03
2.925e+03
7.581e+03
7.8e+03
8.211e+03
7.115e+03
3.102e+03
2.715e+03
2.341e+03
1.035e+03
5.648e+03
4.854e+03
3.307e+03
3.926e+03
4.739e+03
3.442e+03
1.919e+03
5.227e+03
2.295e+03
6.723e+03
5.565e+03
6.67e+03
5.453e+03
5.266e+03
3.424e+03
1.035e+03
2.76e+03
2.925e+03
9.041e+03
8.884e+03
9.637e+03
8.926e+03
8.953e+03
2.195e+03
2.32e+03
2.858e+03
1.877e+03
9.96e+03
9.019e+03
9.461e+03
9.129e+03
8.827e+03
4.896e+03
2.674e+03
4.784e+03
3.51e+03
6.44e+03
5.668e+03
6.163e+03
5.2e+03
4.209e+03
2.925e+03
4.205e+03
1.136e+03
6.548e+03
6.907e+03
6.8e+03
7.148e+03
6.8e+03
1.714e+03
4.31e+03
1.714e+03
3.634e+03
9.6e+03
1.007e+04
1.011e+04
9.828e+03
9.699e+03
3.715e+03
3.338e+03
3.448e+03
1.136e+03
1.287e+04
1.215e+04
1.233e+04
1.231e+04
1.209e+04
3.763e+03
2.889e+03
2.477e+03
2.925e+03
7.556e+03
8.603e+03
7.878e+03
7.724e+03
8.107e+03
3.24e+03
4.441e+03
3.63e+03
1.877e+03
6.579e+03
4.789e+03
4.789e+03
6.147e+03
5.281e+03
3.066e+03
2.32e+03
3.591e+03
2.32e+03
3.773e+03
3.403e+03
3.73e+03
2.295e+03
1.714e+03
3.758e+03
3.708e+03
3.546e+03
2.674e+03
8.74e+03
7.93e+03
8.586e+03
9.086e+03
8.38e+03
2.862e+03
2.96e+03
3.422e+03
1.919e+03
5.709e+03
5.351e+03
6.038e+03
6.174e+03
5.018e+03
2.157e+03
3.634e+03
3.63e+03
1.736e+03
1.08e+04
9.528e+03
9.243e+03
9.961e+03
9.506e+03
2.932e+03
2.471e+03
2.728e+03
3.747e+03
6.653e+03
7.69e+03
7.862e+03
7.873e+03
7.175e+03
2.935e+03
2.877e+03
4.751e+03
2.295e+03
5.12e+03
6.73e+03
7.346e+03
6.665e+03
6.794e+03
2.909e+03
3.652e+03
2.558e+03
2.891e+03
6.676e+03
6.487e+03
6.65e+03
6.946e+03
5.991e+03
2.944e+03
3.764e+03
3.216e+03
2.462e+03
7.233e+03
6.52e+03
6.825e+03
5.01e+03
6.18e+03
4.271e+03
1.594e+03
4.526e+03
5.235e+03
7.705e+03
9.141e+03
8.49e+03
8.519e+03
8.161e+03
2.85e+03
3.96e+03
2.458e+03
2.781e+03
9.666e+03
8.223e+03
9.979e+03
9.655e+03
9.013e+03
4.268e+03
1.595e+03
4.675e+03
4.943e+03
9.611e+03
9.923e+03
1.095e+04
1.014e+04
9.985e+03
2.525e+03
4.38e+03
6.843e+03
6.815e+03
7.823e+03
1.038e+04
8.064e+03
7.91e+03
8.325e+03
1.714e+03
3.639e+03
3.528e+03
2.925e+03
5.96e+03
7.148e+03
6.701e+03
7.606e+03
6.836e+03
3.636e+03
1.136e+03
3.091e+03
2.32e+03
9.997e+03
9.675e+03
9.88e+03
9.603e+03
9.472e+03
3.394e+03
6.571e+03
4.2e+03
2.193e+03
7.791e+03
8.982e+03
9.048e+03
7.782e+03
8.341e+03
1.714e+03
2.32e+03
3.272e+03
1.136e+03
9.037e+03
8.766e+03
8.702e+03
8.729e+03
8.655e+03
2.225e+03
1.305e+03
3.623e+03
5.461e+03
3.053e+03
7.231e+03
8.1e+03
7.483e+03
8.541e+03
7.916e+03
7.829e+03
5.002e+03
1.877e+03
3.961e+03
1.919e+03
6.974e+03
7.633e+03
6.815e+03
7.627e+03
7.299e+03
2.787e+03
5.737e+03
2.52e+03
2.32e+03
7.168e+03
7.973e+03
7.191e+03
7.324e+03
7.553e+03
3.666e+03
3.709e+03
4.333e+03
3.757e+03
1.127e+04
1.068e+04
9.708e+03
9.547e+03
1.016e+04
3.756e+03
1.877e+03
3.965e+03
1.136e+03
1.067e+04
1.049e+04
9.795e+03
1.048e+04
1.03e+04
2.57e+03
2.739e+03
3.846e+03
2.739e+03
5.11e+03
4.798e+03
4.677e+03
5.055e+03
4.111e+03
2.967e+03
2.32e+03
0.0003301
1.035e+03
5.454e+03
5.618e+03
6.405e+03
5.745e+03
5.454e+03
1.714e+03
1.136e+03
4.141e+03
4.315e+03
9.847e+03
9.271e+03
1.064e+04
1.091e+04
1.079e+04
3.107e+03
2.32e+03
2.682e+03
1.035e+03
5.303e+03
5.687e+03
6.244e+03
6.075e+03
5.572e+03
4.678e+03
2.32e+03
3.211e+03
2.32e+03
6.892e+03
6.283e+03
6.745e+03
6.636e+03
6.014e+03
2.909e+03
2.32e+03
1.852e+03
2.998e+03
3.588e+03
4.217e+03
4.042e+03
4.155e+03
3.326e+03
2.43e+03
3.955e+03
4.139e+03
2.32e+03
6.888e+03
6.349e+03
6.775e+03
6.884e+03
5.706e+03
5.004e+03
2.035e+03
4.139e+03
2.32e+03
8.031e+03
7.177e+03
6.112e+03
7.35e+03
6.839e+03
1.872e+03
3.205e+03
2.195e+03
3.437e+03
7.613e+03
6.947e+03
7.589e+03
7.394e+03
7.65e+03
0.0003564
1.877e+03
2.79e+03
2.32e+03
8.369e+03
7.991e+03
7.673e+03
7.994e+03
7.673e+03
5.018e+03
1.621e+03
2.219e+03
5.746e+03
1.042e+04
1.072e+04
8.774e+03
1.002e+04
9.941e+03
4.033e+03
3.623e+03
1.852e+03
1.305e+03
7.241e+03
7.273e+03
7.164e+03
7.683e+03
7.137e+03
3.981e+03
3.936e+03
4.251e+03
4.031e+03
6.858e+03
6.734e+03
5.659e+03
7.349e+03
6.334e+03
3.152e+03
1.619e+03
3.138e+03
2.32e+03
7.499e+03
6.67e+03
4.832e+03
5.878e+03
5.934e+03
3.02e+03
3.02e+03
488.8
3.499e+03
3.107e+03
3.995e+03
4.314e+03
3.986e+03
3.044e+03
1.872e+03
1.305e+03
1.998e+03
1.305e+03
9.282e+03
9.959e+03
9.958e+03
9.85e+03
9.813e+03
3.549e+03
1.136e+03
3.65e+03
1.621e+03
7.385e+03
8.318e+03
8.06e+03
8.251e+03
8.152e+03
2.949e+03
2.764e+03
5.807e+03
1.594e+03
6.529e+03
8.326e+03
7.728e+03
7.922e+03
8.048e+03
3.831e+03
3.186e+03
1.593e+03
1.035e+03
3.373e+03
3.564e+03
2.662e+03
1.673e+03
3.557e+03
4.038e+03
2.611e+03
3.344e+03
2.32e+03
6.646e+03
7.237e+03
7.7e+03
6.991e+03
6.868e+03
4.288e+03
3.166e+03
2.578e+03
1.305e+03
5.133e+03
5.767e+03
5.457e+03
6.101e+03
5.694e+03
3.139e+03
1.035e+03
3.834e+03
1.594e+03
6.371e+03
7.251e+03
7.271e+03
6.959e+03
6.938e+03
3.384e+03
1.136e+03
4.165e+03
1.136e+03
1.305e+04
1.326e+04
1.335e+04
1.323e+04
1.321e+04
3.674e+03
2.32e+03
2.571e+03
2.32e+03
6.033e+03
7.17e+03
7.534e+03
7.391e+03
6.88e+03
2.509e+03
1.136e+03
3.881e+03
3.575e+03
9.402e+03
1.145e+04
1.096e+04
1.071e+04
1.069e+04
6.263e+03
2.32e+03
4.666e+03
1.621e+03
1.091e+04
1.002e+04
1.114e+04
1.028e+04
9.888e+03
5.083e+03
1.594e+03
2.571e+03
1.877e+03
5.28e+03
5.441e+03
5.43e+03
4.702e+03
4.642e+03
4.41e+03
4.179e+03
3.591e+03
1.877e+03
1.009e+04
9.437e+03
9.508e+03
9.931e+03
9.407e+03
4.168e+03
4.123e+03
488.8
3.412e+03
9.876e+03
1.055e+04
1.05e+04
1.056e+04
9.732e+03
2.77e+03
1.594e+03
3.138e+03
2.629e+03
5.413e+03
4.963e+03
4.992e+03
4.912e+03
4.549e+03
2.716e+03
2.764e+03
4.081e+03
3.097e+03
6.768e+03
7.098e+03
7.792e+03
7.772e+03
7.344e+03
488.8
2.295e+03
0.000392
2.32e+03
7.859e+03
8.525e+03
7.811e+03
8.513e+03
7.859e+03
3.071e+03
2.811e+03
4.828e+03
3.333e+03
7.492e+03
8.267e+03
8.007e+03
8.631e+03
8.226e+03
3.312e+03
1.877e+03
5.749e+03
2.353e+03
7.454e+03
4.729e+03
4.048e+03
4.913e+03
4.555e+03
3.087e+03
2.398e+03
1.31e+03
5.05e+03
2.002e+03
7.693e+03
5.662e+03
5.002e+03
6.202e+03
6.043e+03
5.971e+03
3.796e+03
1.035e+03
1.714e+03
2.32e+03
6.678e+03
6.755e+03
7.236e+03
6.568e+03
6.578e+03
2.858e+03
4.597e+03
3.292e+03
7.191e+03
1.363e+04
1.254e+04
1.356e+04
1.346e+04
1.34e+04
488.8
4.256e+03
2.9e+03
1.035e+03
8.298e+03
7.804e+03
7.746e+03
8.748e+03
7.797e+03
4.607e+03
2.315e+03
2.672e+03
1.035e+03
6.505e+03
6.14e+03
7.279e+03
6.184e+03
6.182e+03
4.558e+03
1.035e+03
2.341e+03
1.543e+03
5.96e+03
6.205e+03
6.879e+03
5.868e+03
5.781e+03
2.525e+03
2.052e+03
3.092e+03
2.32e+03
7.334e+03
7.71e+03
7.067e+03
7.972e+03
7.495e+03
3.583e+03
2.925e+03
4.936e+03
1.035e+03
5.872e+03
5.146e+03
4.645e+03
5.97e+03
5.077e+03
3.401e+03
4.147e+03
2.689e+03
5.329e+03
6.962e+03
8.743e+03
7.937e+03
8.37e+03
7.759e+03
5.867e+03
1.594e+03
4.767e+03
3.318e+03
5.774e+03
8.175e+03
8.144e+03
7.52e+03
7.428e+03
3.135e+03
1.543e+03
5.031e+03
4.317e+03
1.368e+04
1.226e+04
1.275e+04
1.241e+04
1.253e+04
3.519e+03
2.776e+03
4.305e+03
2.32e+03
8.513e+03
8.601e+03
7.757e+03
8.27e+03
8.217e+03
3.432e+03
2.556e+03
4.651e+03
2.32e+03
9.396e+03
9.571e+03
8.966e+03
9.091e+03
8.924e+03
3.643e+03
2.32e+03
4.3e+03
3.153e+03
6.002e+03
8.637e+03
6.985e+03
7.455e+03
7.638e+03
488.8
1.136e+03
2.157e+03
3.542e+03
1.048e+04
1.046e+04
1.043e+04
1.074e+04
1.053e+04
3.259e+03
2.925e+03
2.458e+03
1.136e+03
4.127e+03
4.087e+03
2.296e+03
5.155e+03
3.972e+03
0.00016
2.925e+03
3.833e+03
2.32e+03
3.666e+03
4.642e+03
4.384e+03
5.066e+03
4.384e+03
3.4e+03
2.635e+03
2.919e+03
1.136e+03
1.178e+04
1.25e+04
1.248e+04
1.254e+04
1.247e+04
3.086e+03
2.925e+03
0.0001839
1.305e+03
7.511e+03
7.552e+03
6.874e+03
8.223e+03
7.511e+03
2.341e+03
1.594e+03
2.524e+03
3.334e+03
2.927e+03
4.546e+03
3.785e+03
3.178e+03
2.841e+03
3.134e+03
1.823e+03
4.152e+03
4.407e+03
8.812e+03
7.267e+03
8.864e+03
8.023e+03
7.806e+03
4.092e+03
1.594e+03
2.999e+03
2.925e+03
7.769e+03
7.52e+03
7.814e+03
7.116e+03
6.83e+03
4.86e+03
1.136e+03
5.49e+03
1.877e+03
9.673e+03
1.033e+04
9.54e+03
1.003e+04
1.009e+04
3.674e+03
1.305e+03
3.674e+03
4.437e+03
9.843e+03
9.759e+03
1.029e+04
9.499e+03
9.453e+03
5.255e+03
2.925e+03
3.59e+03
1.136e+03
8.556e+03
8.179e+03
6.616e+03
8.55e+03
8.036e+03
3.32e+03
1.593e+03
4.123e+03
2.925e+03
7.288e+03
9.026e+03
8.606e+03
7.942e+03
8.716e+03
3.603e+03
1.305e+03
3.71e+03
2.32e+03
3.325e+03
6.089e+03
6.72e+03
5.691e+03
5.551e+03
1.714e+03
1.136e+03
2.739e+03
1.136e+03
1.35e+04
1.342e+04
1.36e+04
1.349e+04
1.34e+04
1.525e+03
1.621e+03
488.8
1.136e+03
1.058e+04
1.04e+04
1.052e+04
1.08e+04
1.057e+04
2.833e+03
2.32e+03
4.414e+03
3.233e+03
1.059e+04
1.057e+04
1.003e+04
1.037e+04
9.906e+03
3.02e+03
2.377e+03
3.83e+03
2.32e+03
9.904e+03
1.051e+04
1.072e+04
1.045e+04
1.04e+04
3.005e+03
2.035e+03
3.202e+03
2.674e+03
5.125e+03
5.277e+03
6.106e+03
6.087e+03
5.493e+03
1.714e+03
1.136e+03
3.282e+03
1.136e+03
6.721e+03
6.971e+03
7.243e+03
6.982e+03
6.883e+03
5.604e+03
2.32e+03
5.001e+03
3.781e+03
1.007e+04
9.367e+03
1.216e+04
9.978e+03
9.647e+03
488.8
3.164e+03
0.0001422
1.877e+03
7.163e+03
7.23e+03
7.146e+03
6.661e+03
7.163e+03
3.292e+03
2.925e+03
3.965e+03
4.494e+03
1.1e+04
1.097e+04
9.698e+03
1.16e+04
1.099e+04
4.032e+03
5.745e+03
2.574e+03
4.161e+03
2.882e+03
9.336e+03
1.06e+04
1.102e+04
1.124e+04
1.132e+04
1.07e+04
6.481e+03
2.32e+03
1.871e+03
2.32e+03
8.98e+03
8.732e+03
7.36e+03
8.949e+03
8.462e+03
1.714e+03
2.116e+03
3.833e+03
1.136e+03
1.4e+04
1.366e+04
1.365e+04
1.363e+04
1.363e+04
2.862e+03
2.674e+03
2.406e+03
2.166e+03
8.275e+03
8.877e+03
8.833e+03
8.795e+03
8.374e+03
2.742e+03
1.035e+03
2.919e+03
2.768e+03
5.673e+03
5.402e+03
6.88e+03
5.975e+03
5.892e+03
3.162e+03
2.32e+03
1.714e+03
4.727e+03
1.123e+04
1.181e+04
1.163e+04
1.132e+04
1.123e+04
2.755e+03
4.168e+03
3.252e+03
4.689e+03
9.674e+03
9.07e+03
9.614e+03
9.588e+03
9.237e+03
2.689e+03
3.187e+03
4.107e+03
2.32e+03
6.132e+03
6.611e+03
6.36e+03
6.394e+03
6.23e+03
4.73e+03
2.32e+03
5.72e+03
4.269e+03
8.223e+03
7.119e+03
8.477e+03
6.327e+03
6.163e+03
2.755e+03
7.036e+03
2.762e+03
2.377e+03
9.366e+03
1.016e+04
9.501e+03
7.215e+03
9.712e+03
4.215e+03
3.849e+03
2.43e+03
3.467e+03
6.845e+03
7.233e+03
6.35e+03
7.105e+03
6.869e+03
4.784e+03
1.594e+03
3.736e+03
1.877e+03
1.11e+04
1.17e+04
1.239e+04
1.185e+04
1.169e+04
3.873e+03
2.498e+03
488.8
2.281e+03
4.562e+03
4.605e+03
3.015e+03
5.065e+03
4.439e+03
3.93e+03
2.106e+03
0.0
1.477e+03
1.036e+04
1.061e+04
1.084e+04
1.048e+04
1.036e+04
0.0001149
1.877e+03
4.391e+03
3.375e+03
1.594e+03
7.954e+03
8.339e+03
8.19e+03
8.537e+03
8.052e+03
8.19e+03
488.8
2.451e+03
4.596e+03
2.32e+03
8.767e+03
9.212e+03
8.749e+03
8.803e+03
8.79e+03
4.27e+03
1.621e+03
3.18e+03
2.616e+03
9.335e+03
9.379e+03
9.295e+03
9.939e+03
9.871e+03
3.798e+03
3.921e+03
4.21e+03
3.988e+03
6.802e+03
6.846e+03
6.779e+03
6.744e+03
6.228e+03
3.658e+03
6.552e+03
3.846e+03
2.32e+03
6.216e+03
6.055e+03
5.098e+03
6.546e+03
5.618e+03
4.899e+03
6.276e+03
4.451e+03
2.764e+03
1.166e+04
1.062e+04
1.091e+04
1.173e+04
1.081e+04
2.414e+03
4.466e+03
4.169e+03
1.619e+03
7.977e+03
8.437e+03
8.447e+03
8.689e+03
8.302e+03
3.539e+03
1.136e+03
3.549e+03
1.594e+03
6.517e+03
5.926e+03
6.607e+03
5.722e+03
5.624e+03
3.508e+03
2.471e+03
4.121e+03
2.965e+03
4.129e+03
4.683e+03
5.356e+03
4.918e+03
4.161e+03
4.187e+03
2.451e+03
3.681e+03
4.277e+03
1.008e+04
9.196e+03
9.19e+03
1.023e+04
9.803e+03
3.448e+03
2.32e+03
2.479e+03
1.035e+03
1.004e+04
9.44e+03
9.504e+03
9.8e+03
9.438e+03
3.532e+03
2.32e+03
4.683e+03
4.797e+03
7.122e+03
9.285e+03
8.532e+03
8.357e+03
7.949e+03
1.525e+03
1.877e+03
0.0001507
1.747e+03
2.722e+03
2.57e+03
2.746e+03
3.327e+03
2.722e+03
3.82e+03
3.541e+03
3.814e+03
4.442e+03
9.006e+03
9.554e+03
8.801e+03
9.157e+03
8.435e+03
4.517e+03
4.534e+03
3.558e+03
2.764e+03
8.848e+03
8.895e+03
9.817e+03
8.326e+03
8.877e+03
2.099e+03
2.925e+03
0.0
1.305e+03
725.6
7.402e+03
7.57e+03
7.392e+03
7.238e+03
7.884e+03
7.402e+03
3.798e+03
2.32e+03
4.461e+03
2.739e+03
8.069e+03
6.765e+03
6.226e+03
6.861e+03
6.721e+03
488.8
2.925e+03
2.755e+03
2.925e+03
7.037e+03
8.624e+03
7.669e+03
7.908e+03
7.724e+03
2.43e+03
2.303e+03
3.337e+03
2.388e+03
7.721e+03
8.262e+03
8.326e+03
8.125e+03
8.06e+03
1.714e+03
1.136e+03
5.07e+03
2.116e+03
7.784e+03
6.992e+03
7.167e+03
7.068e+03
7.01e+03
4.814e+03
2.965e+03
1.514e+03
8.845e-05
1.136e+03
4.622e+03
4.699e+03
5.154e+03
5.717e+03
4.851e+03
4.622e+03
3.474e+03
2.32e+03
3.138e+03
1.877e+03
7.018e+03
6.178e+03
5.965e+03
6.582e+03
6.053e+03
3.139e+03
3.903e+03
2.571e+03
2.388e+03
7.467e+03
7.02e+03
7.444e+03
8.239e+03
7.111e+03
3.732e+03
1.136e+03
5.008e+03
5.947e+03
6.641e+03
7.398e+03
9.125e+03
8.794e+03
8.692e+03
0.0001736
2.32e+03
3.768e+03
1.305e+03
1.03e+04
1.076e+04
1.063e+04
1.077e+04
1.063e+04
1.472e+03
2.116e+03
488.8
1.305e+03
9.115e+03
9.334e+03
9.099e+03
9.668e+03
9.131e+03
3.392e+03
2.925e+03
6.211e+03
4.894e+03
9.142e+03
7.583e+03
6.695e+03
8.254e+03
7.813e+03
3.124e+03
1.594e+03
2.688e+03
1.136e+03
1.092e+04
1.101e+04
1.096e+04
1.104e+04
1.099e+04
2.558e+03
1.919e+03
2.919e+03
2.768e+03
8.02e+03
7.505e+03
7.002e+03
7.895e+03
8.018e+03
1.872e+03
1.305e+03
3.522e+03
2.388e+03
8.072e+03
8.329e+03
8.747e+03
8.665e+03
8.493e+03
3.568e+03
1.136e+03
488.8
1.823e+03
6.158e+03
6.261e+03
5.227e+03
6.229e+03
6.198e+03
3.564e+03
1.136e+03
488.8
2.676e+03
1.241e+04
1.213e+04
1.217e+04
1.233e+04
1.225e+04
3.211e+03
2.336e+03
0.0003269
2.667e+03
6.861e+03
7.434e+03
6.739e+03
6.438e+03
6.861e+03
2.394e+03
1.543e+03
1.887e+03
1.919e+03
8.288e+03
8.299e+03
7.974e+03
8.137e+03
8.21e+03
1.039e+04
1.113e+04
6.318e+03
6.763e+03
7.247e+03
7.859e+03
7.155e+03
8.472e+03
9.495e+03
8.871e+03
7.845e+03
9.267e+03
7.643e+03
6.767e+03
8.959e+03
9.797e+03
1.066e+04
9.43e+03
4.132e+03
9.908e+03
6.123e+03
8.26e+03
8.555e+03
8.822e+03
1.161e+04
6.06e+03
9.78e+03
5.055e+03
9.511e+03
9.355e+03
9.975e+03
7.689e+03
8.456e+03
1.022e+04
9.454e+03
1.002e+04
5.266e+03
9.779e+03
1.012e+04
8.184e+03
1.562e+04
9.832e+03
4.304e+03
1.147e+04
6.672e+03
9.426e+03
9.633e+03
1.142e+04
1.001e+04
7.935e+03
8.214e+03
7.816e+03
8.697e+03
8.966e+03
1.297e+04
9.026e+03
9.453e+03
8.412e+03
8.762e+03
6.863e+03
8.266e+03
1.19e+04
8.549e+03
7.654e+03
1.048e+04
8.329e+03
9.561e+03
9.75e+03
8.706e+03
1.003e+04
6.199e+03
8.697e+03
8.517e+03
6.133e+03
6.643e+03
8.84e+03
1.125e+04
6.34e+03
1.091e+04
9.104e+03
7.924e+03
1.017e+04
1.027e+04
9.989e+03
1.015e+04
8.797e+03
8.152e+03
6.877e+03
7.411e+03
8.717e+03
9.325e+03
1.051e+04
7.109e+03
1.213e+04
5.752e+03
1.06e+04
7.571e+03
8.317e+03
9.577e+03
1.043e+04
9.435e+03
1.189e+04
1.369e+04
1.221e+04
1.391e+04
1.197e+04
1.097e+04
1.39e+04
6.864e+03
6.374e+03
9.435e+03
7.715e+03
1.003e+04
5.893e+03
5.247e+03
6.668e+03
6.366e+03
9.449e+03
9.159e+03
1.121e+04
6.824e+03
7.383e+03
1.139e+04
1.122e+04
8.76e+03
1.041e+04
1.123e+04
9.097e+03
1.031e+04
1.193e+04
1.089e+04
1.059e+04
7.305e+03
1.063e+04
1.172e+04
1.359e+04
5.744e+03
1.455e+04
6.364e+03
9.727e+03
1.212e+04
1.114e+04
6.647e+03
8.663e+03
5.374e+03
8.874e+03
7.958e+03
7.533e+03
6.202e+03
1.099e+04
9.746e+03
8.632e+03
1.15e+04
1.193e+04
1.215e+04
1.123e+04
1.201e+04
1.103e+04
9.444e+03
1.037e+04
7.786e+03
6.934e+03
8.652e+03
9.001e+03
1.147e+04
9.166e+03
8.586e+03
1.148e+04
5.756e+03
1.014e+04
1.002e+04
4.671e+03
1.419e+04
6.38e+03
8.272e+03
1.638e+04
8.254e+03
1.054e+04
1.288e+04
1.037e+04
8.505e+03
1.123e+04
7.461e+03
8.368e+03
8.913e+03
9.256e+03
1.05e+04
8.955e+03
8.505e+03
7.115e+03
5.201e+03
6.984e+03
1.6e+04
1.017e+04
5.709e+03
1.3e+04
1.346e+04
6.946e+03
8.898e+03
8.202e+03
7.297e+03
7.959e+03
7.574e+03
1.016e+04
8.566e+03
1.088e+04
1.035e+04
9.959e+03
9.552e+03
9.446e+03
9.034e+03
9.498e+03
8.564e+03
1.102e+04
1.193e+04
9.607e+03
1.035e+04
1.079e+04
9.702e+03
1.124e+04
8.254e+03
8.038e+03
1.158e+04
1.137e+04
8.426e+03
1.294e+04
8.603e+03
7.799e+03
9.632e+03
9.967e+03
9.356e+03
9.055e+03
9.164e+03
1.086e+04
8.43e+03
1.324e+04
9.675e+03
7.835e+03
8.93e+03
6.992e+03
7.927e+03
