166.0
353.2
132.3
224.1
331.3
114.6
166.6
174.0
131.3
230.1
225.0
171.7
180.1
168.2
267.7
0.0
142.6
207.5
137.4
97.68
156.8
250.2
98.24
192.9
164.7
130.8
153.3
146.7
130.4
116.1
204.5
0.0
122.3
127.8
143.8
75.02
134.6
264.4
176.9
117.0
0.0
148.5
114.8
219.2
250.2
258.8
0.0
196.2
171.9
141.5
173.2
170.7
160.5
62.65
258.0
0.0
199.6
0.0
140.5
384.0
188.7
211.9
126.1
298.8
211.0
157.2
266.0
249.7
170.4
0.0
0.0
191.7
177.0
141.1
219.9
246.4
112.9
149.0
141.5
183.8
194.3
210.3
154.0
174.7
0.0
108.0
83.81
288.9
230.6
259.1
132.4
134.9
190.2
142.5
245.4
170.5
360.2
156.4
139.0
168.2
260.9
233.1
167.8
75.7
173.1
224.0
152.7
287.2
351.0
116.6
256.2
227.1
292.8
290.5
110.0
0.0
127.0
268.4
119.8
352.0
95.88
1.163e-05
158.6
232.3
184.7
167.3
166.5
96.88
147.8
121.6
159.6
278.8
234.2
80.55
237.8
172.0
302.9
171.3
222.6
211.7
166.2
235.1
321.3
258.8
99.37
264.1
182.0
222.7
243.1
154.6
483.1
270.1
150.8
234.2
1.925e-05
249.2
235.1
423.6
333.2
145.5
310.7
293.1
207.7
211.8
220.0
363.6
139.0
104.7
192.5
229.3
119.9
118.7
231.9
141.5
238.9
308.9
213.5
265.3
204.7
88.93
184.9
103.7
144.0
175.2
278.1
181.8
247.5
209.5
360.5
306.6
136.9
205.2
277.0
218.2
174.1
113.0
202.2
316.7
171.6
489.4
236.0
230.8
0.0
219.5
116.4
92.84
194.1
282.3
139.0
237.8
185.0
416.5
205.0
278.1
202.8
222.0
253.2
312.1
0.0
100.5
307.2
148.0
316.3
119.8
238.0
199.3
178.0
141.4
196.6
177.4
287.5
135.8
306.2
172.4
0.0
187.7
303.7
306.9
266.7
200.6
198.7
377.7
128.9
129.3
114.2
375.4
235.9
463.5
381.3
257.7
129.0
292.8
196.9
128.3
177.9
317.5
300.9
167.1
194.4
113.2
229.8
257.4
197.9
163.9
606.2
287.1
207.1
122.2
292.1
301.1
292.1
264.0
156.3
210.0
258.4
241.8
319.0
263.9
227.6
203.5
297.2
252.0
485.6
214.0
205.5
455.1
296.4
412.4
0.0
179.1
162.8
225.9
176.9
168.7
390.9
244.6
267.0
291.8
250.7
269.0
409.3
264.0
246.5
205.9
216.3
217.2
185.6
242.7
221.9
305.3
295.1
79.92
304.7
300.9
340.5
275.2
235.1
344.4
400.9
204.1
237.1
309.6
184.8
361.2
227.0
326.5
261.7
213.1
311.4
170.9
200.2
171.3
220.6
177.8
110.1
262.3
172.7
338.7
266.0
296.2
198.5
249.2
151.4
219.0
160.1
263.8
313.8
270.6
263.9
404.4
186.9
279.9
152.1
289.3
220.7
242.8
148.9
486.0
312.1
303.9
236.5
287.6
305.9
404.2
276.9
235.2
178.5
372.8
309.7
320.5
296.4
304.7
319.5
155.3
260.1
258.5
97.85
208.6
207.1
247.1
304.2
137.4
228.5
223.1
188.6
367.0
497.1
340.4
236.3
369.3
245.8
176.4
619.0
1.019e-05
287.4
255.8
345.4
304.9
218.0
276.5
240.8
275.6
290.1
369.6
221.6
218.7
225.2
286.6
370.7
231.8
138.6
170.5
539.0
426.8
368.8
119.5
192.3
282.6
239.6
314.4
384.5
262.8
194.5
288.5
242.9
272.5
409.9
209.0
211.6
403.7
266.4
339.7
280.4
280.0
316.5
203.4
294.9
216.1
287.7
214.9
416.6
169.5
353.3
200.4
220.1
323.0
215.7
311.4
192.5
327.8
163.3
153.7
392.0
229.9
175.1
203.3
341.3
376.2
346.1
279.3
236.0
309.3
217.4
463.0
256.3
336.5
407.5
356.4
102.2
6.229e-06
462.6
338.7
217.6
219.1
254.4
422.0
625.5
325.9
333.1
383.9
448.7
325.4
143.0
195.7
523.5
357.6
255.8
248.4
250.1
221.9
449.6
251.7
283.0
289.5
308.6
240.4
412.8
340.4
393.8
323.6
304.4
267.9
446.9
385.7
326.4
276.4
216.6
234.0
297.4
138.1
277.9
270.1
228.0
273.5
233.2
283.9
280.5
333.4
371.5
154.2
142.3
285.1
206.8
239.3
387.2
352.3
342.6
220.0
296.2
377.8
433.7
383.6
291.1
299.5
358.3
222.5
164.9
231.0
278.7
425.0
259.3
240.7
392.4
444.4
278.9
394.7
398.9
350.8
306.2
512.5
353.0
266.6
132.9
308.3
229.8
262.8
251.7
357.5
266.8
310.7
381.7
153.1
219.6
284.9
314.4
117.3
274.1
308.6
300.2
383.9
419.4
476.2
400.0
335.8
301.8
292.7
330.7
460.7
227.3
330.4
422.6
283.4
372.9
546.6
328.5
366.7
607.9
242.5
327.5
402.6
262.9
339.1
207.1
459.2
459.0
360.4
452.8
408.2
370.6
426.7
394.1
409.2
452.5
397.9
260.9
431.3
278.2
256.1
507.9
304.8
298.9
388.0
334.3
229.1
226.1
373.0
210.7
280.8
148.7
440.8
359.2
485.0
298.1
301.0
351.1
373.8
492.8
341.6
294.5
440.2
214.5
391.1
293.0
340.1
518.8
463.4
411.8
269.7
409.7
197.3
274.8
285.5
254.2
359.6
201.6
474.0
313.7
186.7
159.5
367.8
273.1
202.6
407.3
312.1
324.9
310.8
302.8
340.0
261.6
222.4
197.5
285.3
315.3
332.6
234.9
346.4
219.0
247.9
282.9
377.4
203.9
347.5
316.6
365.4
441.5
235.2
343.7
459.7
405.2
433.5
370.6
316.2
383.7
457.5
389.4
295.6
280.8
239.5
365.2
347.7
826.0
620.7
379.5
78.18
493.8
402.0
354.8
378.9
413.1
422.2
330.0
272.5
462.1
308.6
184.5
356.2
304.1
306.8
234.9
344.9
301.4
304.5
187.8
321.0
240.8
337.0
369.5
381.7
226.6
276.9
484.1
334.6
372.2
420.2
427.1
261.8
301.3
346.4
310.9
338.7
253.8
250.8
240.9
255.8
350.4
376.6
483.1
363.0
622.4
324.0
272.5
503.9
308.9
405.5
494.0
428.9
458.5
327.3
346.6
231.5
287.2
203.8
323.3
539.4
402.4
460.9
449.3
477.2
513.6
489.0
361.0
539.8
394.5
242.4
276.4
309.5
346.7
336.2
410.7
481.4
346.7
497.6
365.9
303.3
486.0
506.2
315.8
359.1
466.2
521.3
628.2
421.6
288.9
297.7
404.9
364.3
256.4
446.3
407.4
356.1
462.8
461.4
538.0
551.5
424.4
158.5
115.5
0.0
0.0
178.4
77.61
163.5
90.94
86.02
86.02
90.07
230.9
0.0
0.0
174.3
127.5
0.0
158.8
64.74
48.66
0.0
165.6
112.7
2.921e-05
0.0
125.7
108.3
40.42
0.0
253.3
134.1
102.9
64.74
137.2
137.4
44.17
134.7
145.6
27.18
0.0
25.37
35.7
40.42
162.2
198.4
188.5
44.17
160.8
118.3
128.9
112.7
0.0
0.0
0.0
0.0
0.0
145.0
50.82
82.6
116.2
57.28
123.5
289.5
239.8
137.5
302.1
173.7
378.2
257.9
331.2
0.0
0.0
118.0
225.1
296.4
190.7
188.6
176.0
140.3
798.8
173.8
235.2
248.0
170.5
0.0
0.0
0.0
0.0
0.0
0.0
89.71
89.71
128.9
227.8
128.6
126.2
206.3
171.2
119.1
125.5
120.0
51.57
185.1
70.73
82.83
198.4
140.1
149.4
132.0
232.6
109.7
159.2
372.2
74.89
139.3
142.4
106.5
258.2
173.1
217.4
178.0
182.6
206.5
144.6
242.0
139.5
293.8
232.8
458.1
269.5
278.2
286.8
221.0
152.2
248.5
169.6
169.6
239.1
238.1
207.4
406.2
282.0
170.6
290.8
167.9
584.6
204.4
233.5
151.4
220.7
120.3
288.9
226.2
157.6
281.2
301.7
380.7
349.7
199.4
301.7
348.3
226.6
249.6
228.9
89.24
199.4
216.9
243.3
156.5
305.1
396.2
328.9
206.6
292.1
273.7
226.8
268.2
269.0
239.3
264.6
196.8
222.3
335.3
175.1
348.8
309.1
215.7
226.1
231.2
241.7
248.0
258.7
146.5
390.7
175.9
257.3
189.1
251.5
77.84
210.4
302.3
345.8
353.3
368.9
223.2
225.2
208.3
329.4
210.8
297.4
339.6
269.5
435.4
0.0
262.1
410.9
387.5
253.9
415.5
224.6
414.6
280.2
234.6
277.1
245.8
220.9
280.3
268.0
367.7
202.1
282.9
279.0
393.2
326.3
305.0
194.2
340.4
115.4
224.9
319.5
79.83
379.9
371.4
250.1
317.3
195.4
267.4
217.4
225.2
258.5
234.1
368.0
170.9
303.9
322.3
233.4
421.5
242.9
399.4
382.9
316.9
169.2
297.8
221.2
327.5
146.5
364.3
383.7
204.6
273.0
340.4
175.1
171.7
355.8
274.9
258.1
275.6
305.7
180.9
410.2
301.0
387.8
39.38
196.2
111.7
375.1
234.3
289.4
211.5
281.0
197.5
297.7
217.0
229.9
171.6
248.8
180.8
313.4
389.0
174.8
396.5
240.7
283.2
351.9
318.4
489.7
271.5
277.7
214.2
215.9
381.7
257.8
375.0
330.8
503.6
396.8
162.0
447.9
342.1
374.1
249.7
247.6
444.1
332.0
514.1
265.1
225.7
306.7
376.0
281.0
223.5
349.0
312.7
304.6
205.9
267.6
353.0
434.9
209.7
274.9
175.9
284.8
255.8
507.1
388.0
268.1
290.6
308.7
366.0
321.8
284.7
226.1
237.4
264.7
217.2
190.3
382.9
347.2
369.0
367.0
221.9
382.5
262.5
325.0
354.6
372.9
339.0
395.0
199.3
355.4
376.9
349.2
369.5
471.1
314.8
413.6
461.6
186.7
351.2
410.7
393.9
460.0
446.7
423.3
427.8
297.0
417.1
268.5
272.3
394.2
268.2
257.6
337.1
411.3
248.7
246.9
428.4
372.4
471.5
220.5
319.1
323.4
409.0
283.9
389.7
423.2
246.2
392.9
350.5
271.5
281.0
286.9
721.9
487.9
404.3
225.3
267.5
264.1
307.4
327.6
298.3
182.7
395.8
165.5
239.9
250.9
385.8
452.6
246.1
301.2
332.5
379.0
583.8
249.2
305.2
233.0
451.8
311.4
344.5
334.4
455.6
347.0
374.1
310.6
383.0
358.8
264.7
333.6
287.6
381.2
304.2
416.5
323.1
270.7
364.9
475.1
320.0
342.2
431.5
262.3
332.9
583.4
437.8
339.0
278.0
516.5
393.3
245.4
415.5
359.3
694.1
338.4
399.7
294.4
446.3
370.1
443.8
464.0
427.2
351.2
560.8
308.1
472.4
429.0
467.7
436.9
386.4
360.8
222.2
316.4
369.8
389.6
315.8
424.8
345.3
385.1
288.3
416.2
400.0
411.2
295.0
415.8
278.3
384.3
884.5
522.7
448.2
422.1
448.6
461.3
684.0
333.3
264.2
470.4
531.2
441.2
406.9
584.1
347.3
573.2
495.1
416.2
384.6
442.0
240.7
416.6
328.7
454.3
492.6
393.3
373.5
419.8
356.9
565.8
360.7
229.6
420.4
679.4
446.9
633.9
352.2
282.1
277.7
482.3
512.0
339.8
530.0
380.3
409.4
691.5
426.6
435.1
505.4
158.6
374.4
375.3
716.0
392.2
421.8
445.5
475.8
507.7
418.8
604.8
600.9
339.0
271.7
335.3
501.7
479.5
755.6
446.0
363.9
426.9
381.9
426.0
364.4
411.1
475.7
476.5
569.7
601.9
697.1
550.4
325.3
389.5
422.7
478.2
524.2
391.4
422.7
494.9
311.7
469.6
337.6
526.9
507.0
494.1
397.0
529.6
335.0
506.9
415.3
378.9
320.8
422.1
361.9
593.7
518.6
430.5
372.0
452.9
479.5
593.0
658.4
685.4
514.3
730.4
391.9
535.8
336.4
443.5
397.8
467.1
580.2
566.4
443.4
355.1
474.3
418.4
451.6
548.3
573.0
646.0
294.0
427.5
393.5
404.7
435.0
385.8
373.9
480.6
365.1
374.4
410.2
481.5
429.0
349.7
431.9
271.1
398.7
368.2
272.5
431.2
397.7
397.6
581.0
698.2
317.5
580.5
584.5
726.5
329.5
529.5
563.2
574.3
485.6
400.6
353.0
588.1
670.2
424.2
413.5
475.4
579.5
546.5
584.8
386.6
500.4
596.7
430.1
440.0
437.8
453.7
458.8
562.4
386.0
515.0
414.9
503.8
471.7
269.5
369.4
736.5
610.2
426.8
366.6
699.0
596.9
499.6
462.8
398.1
589.0
