0.8657
0.9512
0.8901
0.7952
0.9967
0.8697
0.978
0.8855
0.9737
0.8376
0.7713
0.8132
0.9436
0.8641
0.8954
0.8273
0.7581
0.8645
0.9253
0.9449
1.0
0.9799
0.7282
1.0
0.8968
0.9374
0.9889
0.9966
0.7787
0.9207
0.9035
0.9423
0.9833
0.8437
0.9083
0.7631
0.9889
0.8102
0.8682
0.8562
0.977
0.9043
0.8042
0.9421
0.9192
0.8747
0.876
0.9978
0.9005
0.8745
0.8444
0.7944
0.8983
0.941
0.9887
0.9723
0.9074
0.8995
0.9528
0.9447
0.7798
0.7112
0.906
0.9782
0.8641
0.7733
0.9977
0.8939
0.8178
0.7828
0.7282
0.9025
0.9171
0.8679
0.8574
0.8501
0.7112
0.8584
0.7908
0.9032
0.9518
0.9543
0.9872
0.9457
0.9618
0.847
0.9889
0.8972
0.8766
0.8916
0.7668
0.9809
0.8898
0.882
0.9672
0.8531
0.9045
0.9543
0.8199
0.9886
0.9942
0.8691
0.8287
0.8532
0.9849
0.9937
0.8448
0.9807
0.8477
0.842
0.8642
0.78
0.941
0.8827
0.8389
0.8641
0.9014
0.928
0.9611
0.957
0.9268
0.9148
0.9028
0.7228
0.8454
0.833
0.88
0.9851
0.9974
0.8756
0.8834
0.8619
0.9652
0.9887
0.9196
0.7553
0.8206
0.9529
0.8827
0.7894
0.7717
1.0
0.9067
0.9034
0.888
0.8739
1.0
0.8288
0.9866
0.6864
0.8898
0.845
0.9221
0.8897
0.981
0.8751
0.8675
0.8836
0.9822
0.9771
0.8109
0.8394
0.875
0.9306
0.9005
0.9871
0.9681
0.972
0.8845
0.8602
0.6959
0.8456
0.8641
0.9553
1.0
0.8821
0.8756
0.8569
0.9759
0.7112
0.8415
0.9438
0.8414
0.7112
0.9872
0.9913
0.7389
0.8869
0.8713
0.8179
0.9025
0.8831
0.8858
0.833
0.9804
0.9177
0.9095
0.7643
0.9434
0.898
0.9128
0.963
0.8315
0.9618
0.9315
0.8797
0.7929
0.9722
0.8988
0.821
0.8065
0.7989
0.8646
0.8726
0.9846
0.9079
0.99
0.7602
0.9365
0.9855
0.918
0.8138
0.9244
0.8581
0.9591
0.9358
0.9655
0.8665
0.8745
0.9166
0.8633
0.8497
0.9073
0.9782
0.9681
0.9015
0.8274
0.8296
0.8522
0.9394
0.8942
0.9836
0.6407
0.7658
0.9668
0.9799
0.8783
0.9098
0.8475
0.9805
0.9711
0.923
0.8578
0.9919
0.8275
0.9515
0.8246
0.9469
0.892
0.8693
0.9636
0.9329
0.8757
0.896
0.9514
0.8495
0.8315
0.8213
0.9173
0.784
0.9581
1.0
0.9611
0.8651
0.8427
0.809
1.0
0.7473
0.7282
0.7596
0.7755
0.9246
0.9147
0.8323
0.9847
0.8822
0.9802
0.905
0.8435
0.8815
0.8469
0.8614
0.9421
0.9591
0.8915
0.9226
0.8945
0.7282
0.7744
0.8988
0.9018
0.8265
0.9734
0.8144
0.9966
0.9639
0.831
0.8296
0.8289
0.8
0.9635
0.8398
0.8917
0.794
0.9928
0.9285
0.9174
0.9061
0.9723
0.8983
0.866
0.8209
0.9433
0.8993
0.9777
0.8129
0.875
0.9043
0.7788
0.8508
0.8069
0.954
0.8626
0.6212
0.8992
0.9332
0.8559
0.8651
0.8901
0.8763
0.9083
0.8972
0.863
0.9775
0.9866
0.925
0.7614
0.917
0.9431
0.9273
0.8634
0.8823
1.0
0.8862
0.8626
0.7801
0.8477
0.8591
0.9724
0.7152
1.0
0.9498
0.9067
0.9005
0.8323
0.9025
1.0
0.8748
0.996
0.9164
0.8777
0.9038
0.8506
0.8381
0.8905
0.8692
0.9676
0.9566
0.7503
0.9887
0.9837
0.7571
1.0
0.9024
0.7496
0.8396
0.8554
0.9215
0.9149
0.8082
0.7643
0.8902
0.9082
0.8857
0.9778
0.8458
0.8445
0.8701
0.7674
0.8567
0.9113
0.8666
0.949
0.9834
0.8491
0.8717
0.9833
0.9553
0.9635
0.9726
0.8438
0.814
0.9752
0.9138
0.8754
0.6959
0.8961
0.7581
0.8635
0.8439
0.9566
0.9837
0.8379
0.9697
0.9858
0.9861
0.8687
0.8237
0.9911
0.967
0.936
0.8616
0.906
0.8864
0.7414
0.8628
0.8559
0.7358
0.8022
0.7036
0.9032
0.801
0.8826
0.868
0.953
0.8666
0.8976
0.8875
0.8723
0.9837
0.8833
0.98
0.9726
0.9017
0.9369
0.9513
0.8726
0.9181
0.8793
0.9915
0.7774
0.9038
0.9699
0.8057
0.9844
0.9583
0.8791
0.9598
0.8986
0.7214
0.9772
0.8331
0.8392
0.8924
0.9551
0.7492
0.8681
0.8595
0.983
0.8483
0.8272
0.8698
0.926
0.8477
0.874
0.8932
0.8461
0.8158
0.6959
0.8996
0.8437
0.7127
0.9162
0.7492
0.9726
0.8946
0.8866
0.7744
0.9508
0.7398
0.7492
0.7864
0.8406
0.9063
0.8639
0.9023
0.762
0.9229
0.9199
0.9431
0.9146
0.8507
0.9692
0.8963
0.8513
0.9026
0.999
0.7917
0.9768
0.9734
0.8696
0.9123
0.9052
0.9136
0.8933
0.932
0.9656
0.9261
0.9815
0.8221
0.8962
0.9508
0.9864
0.9754
0.9133
0.9456
0.928
0.9966
0.864
0.9486
0.8285
0.8323
0.7791
0.9813
0.9783
0.9443
0.8363
0.8229
0.8516
0.7337
0.9045
0.7581
0.9205
0.7581
0.987
0.8146
0.928
0.8631
0.859
1.0
0.8093
0.8432
0.8257
0.9148
0.8727
0.8701
0.8575
0.918
0.9146
0.7218
0.8933
0.8681
0.8552
0.9547
0.9379
0.9179
0.9138
0.888
0.7237
0.9502
0.9948
0.8653
0.9737
0.8977
0.9758
0.9057
0.8117
0.9246
0.9374
0.9902
0.9306
0.8983
0.8493
0.922
0.8109
0.9861
0.8475
0.8225
0.964
0.9594
0.8284
0.9038
0.8371
0.7422
0.9564
0.917
0.9814
0.9438
0.8831
0.8587
0.9017
0.8637
0.9374
0.9017
0.8218
0.7492
0.895
0.8928
0.9944
0.8234
0.8423
0.9076
0.9287
0.7231
0.9086
0.8039
0.918
0.8382
0.907
0.9403
0.7581
0.8346
0.8783
0.907
0.9034
0.9005
0.8915
0.8018
0.8175
0.8975
0.8829
0.8924
0.9027
0.8081
0.7575
0.7581
0.8641
0.9058
0.831
0.9394
0.9223
0.9662
0.8363
0.8858
0.882
0.9796
0.8274
0.8364
0.9185
0.793
0.8179
0.839
0.9202
0.964
0.8131
0.7492
0.8636
0.8228
0.9012
0.9739
0.8962
0.8435
0.7976
0.9821
0.9049
0.7414
0.8975
0.9756
0.8986
0.9037
0.8641
0.949
0.9513
0.7305
0.918
0.9665
0.931
0.9668
0.9514
0.9284
1.0
0.8218
0.8215
0.9869
0.8543
0.7492
0.7735
0.9541
0.9858
0.8697
0.9722
0.7939
0.8994
0.9378
0.8958
0.8756
0.9861
0.8554
0.8189
0.8697
0.9298
0.9188
0.9798
0.8911
0.9777
0.8134
0.8758
0.98
0.8908
0.7031
0.8529
0.8896
0.9543
0.9387
0.9662
0.8916
0.92
0.8592
0.941
0.9861
0.883
0.8954
0.887
0.8086
0.894
0.8001
0.9202
0.7962
0.8945
0.8196
0.9566
0.8265
0.9359
0.8782
0.7785
0.8607
0.8988
0.8191
0.9016
0.8215
0.8207
0.9796
0.8518
0.949
0.8641
0.9547
0.8577
0.8761
0.9872
0.9198
0.8028
0.8816
0.8549
0.8582
0.9542
0.9077
0.956
0.7112
0.9662
0.9861
0.8302
0.9074
0.9093
0.9133
0.8319
1.0
1.0
0.8559
0.8726
0.8903
0.9315
0.989
0.8925
0.9858
0.8669
0.9739
0.957
0.9821
0.9025
0.8955
0.8942
0.8651
1.0
0.9037
0.8302
0.8571
0.8169
0.7849
0.9158
0.967
0.7854
0.8323
0.8252
1.0
0.7765
0.8428
0.895
0.7777
0.9542
0.9138
0.8965
0.8992
0.8516
0.9927
0.9081
0.8948
0.953
0.8285
0.895
0.9666
0.9697
0.9057
0.8805
0.8754
0.8901
0.9253
0.9754
0.8404
0.8156
0.844
0.8744
0.9137
0.8631
0.8
0.8727
0.7792
0.7964
0.8397
0.8509
0.9672
0.9018
0.8437
0.8962
0.9028
0.8392
0.9928
0.8978
0.9413
0.9047
0.8462
0.8314
0.8161
0.8329
0.8604
0.8806
0.9583
0.8353
0.84
0.8618
0.9221
0.8641
0.8004
0.9484
0.8975
0.9677
0.9202
0.8358
0.8144
0.7751
0.9136
0.899
0.8248
0.8425
0.8672
0.7492
0.8254
0.9554
0.8486
0.7974
1.0
0.812
0.8958
0.9298
0.7498
0.7794
0.9745
0.7745
0.7662
0.8508
0.9598
0.8475
0.8842
0.9698
0.8038
0.8591
0.8621
0.881
0.7985
0.901
0.9215
0.9395
0.8902
0.9805
0.9302
0.9246
0.7238
0.8973
0.7644
0.8527
0.8278
0.8602
0.7981
0.8827
0.8621
0.9005
0.7559
0.8897
0.8033
0.9778
0.964
0.8593
0.8798
0.856
0.9636
0.7764
0.7581
0.9288
0.7892
0.8175
0.8845
0.8987
0.9598
0.8891
0.9437
0.821
0.8827
0.9104
0.9104
0.8289
0.9267
0.8564
0.8369
0.9086
0.8401
0.8395
0.969
0.8777
0.9057
0.8508
0.7923
0.8462
0.9901
0.8882
0.8576
0.915
0.9928
0.99
0.7925
0.8923
0.8543
0.8975
0.9726
0.7708
0.8623
0.953
0.9083
0.8668
0.8142
0.8697
0.767
0.92
0.8648
0.9741
0.9073
0.8774
0.9329
0.8798
0.9763
0.8559
0.8394
0.8954
0.8667
0.8576
0.8117
0.9123
0.8867
0.8217
0.8455
0.7681
0.8847
0.8668
0.8719
0.9872
0.8476
0.7581
0.782
0.984
0.7826
0.7581
0.8619
0.7798
0.8976
0.845
0.6407
0.8903
0.8725
0.7403
0.8033
0.8506
0.6959
0.8976
0.8656
0.8678
0.888
0.7282
0.7282
0.9936
0.9745
0.733
0.8251
0.9162
0.9837
0.8532
0.9158
0.831
0.9781
0.9023
0.9159
0.9062
0.9637
0.897
0.9924
0.8648
0.8839
0.855
0.9025
0.821
0.8189
0.8513
0.8701
0.6797
0.8803
0.896
0.9988
0.8085
0.7391
0.9447
0.8846
0.8954
0.9071
0.9113
0.9074
0.8603
0.8841
0.7112
0.9114
0.8851
0.747
0.8715
0.8295
0.9938
0.8385
0.8757
0.7231
0.9287
0.8202
0.9409
0.6959
0.9155
0.9394
0.9202
0.8876
0.8829
0.8754
0.8809
0.9114
0.8573
0.8688
0.964
0.9025
0.8901
0.7273
0.9621
0.8996
0.7628
0.8799
0.88
0.7812
0.9798
0.9096
0.8833
0.8837
0.918
0.8226
0.8435
0.9692
0.8855
0.8367
0.9778
0.8292
0.8638
0.852
0.819
0.8601
0.7253
0.8821
0.8897
0.8931
0.9468
1.0
0.9047
0.9901
0.8445
0.8711
0.9574
0.9229
0.8823
0.8677
0.678
0.8576
0.9016
0.8463
0.8467
0.8158
0.7823
0.8782
0.8663
0.9768
0.822
0.9358
0.7837
0.8834
0.8545
0.7713
0.8678
0.9226
0.8541
0.8929
0.8572
0.6959
0.881
0.8786
0.8682
0.9486
0.7441
0.8228
0.9025
0.7735
0.8992
0.999
0.8513
0.9887
0.826
0.8744
0.8738
0.9246
0.9287
0.8631
0.8701
0.834
0.875
0.9025
0.8795
0.9732
0.9455
0.8642
0.7962
0.941
0.8918
0.8458
0.9177
0.9005
0.7112
0.7403
0.9032
0.9438
0.7514
1.0
0.8923
0.9777
0.8963
0.762
0.718
0.6959
0.8119
0.7365
0.987
0.9092
0.88
0.7581
0.8696
0.7419
0.9574
0.7575
0.8416
0.8956
0.8643
0.8641
0.8918
0.8419
0.855
0.8812
0.7477
0.8601
0.8903
0.7112
0.9284
0.6959
1.0
0.8589
0.8763
0.8619
0.8279
0.85
0.9814
0.8377
0.7809
0.924
0.8714
0.8433
0.8709
0.9188
0.823
0.8156
0.8405
0.8803
0.8404
0.8462
0.8695
0.9098
0.9395
0.8477
0.8481
0.8423
0.9783
0.9191
0.8396
0.9077
0.8863
0.8462
0.9222
0.821
0.8156
0.8917
0.9102
0.9229
0.7492
0.8711
0.7977
0.9044
0.7488
0.8732
0.8797
0.8081
0.9026
0.8218
0.7391
0.8825
0.8048
0.7112
0.9677
0.8744
0.9202
0.886
0.8768
0.7759
0.9032
0.7365
0.9338
0.7398
0.7737
