11.12
5.727
3.041
5.942
6.687
8.241
22.69
5.538
4.833
12.79
0.5
7.968
4.341
6.076
0.5
6.97
5.311
14.23
3.848
8.26
5.387
5.192
5.107
3.329
5.104
9.831
5.085
0.5
21.51
0.5
6.553
5.121
18.89
4.976
18.64
3.819
6.748
4.465
8.35
14.52
15.04
5.46
12.73
8.162
5.04
6.798
3.206
3.798
0.5
8.33
8.944
5.945
16.03
5.932
4.333
7.592
6.079
6.368
5.299
6.263
0.5
5.863
5.05
9.542
0.5
8.742
0.0
3.329
10.64
11.02
4.149
9.732
8.404
0.5
0.5
13.93
7.997
5.087
7.357
8.753
5.622
6.919
10.68
4.875
6.722
5.911
8.501
0.5
6.687
0.5
13.53
5.452
0.5
8.412
8.238
0.0
6.872
17.58
0.5
18.31
9.445
6.574
5.551
6.506
7.172
17.72
3.943
0.0
5.431
6.709
8.96
0.5
13.5
16.33
8.405
8.795
4.848
8.232
11.26
6.99
3.24
5.496
11.02
8.146
10.14
4.997
4.297
6.784
3.769
6.247
4.586
14.22
4.411
6.303
6.55
12.47
0.0
6.855
12.7
4.276
6.969
3.368
0.0
2.908
3.209
4.875
7.515
7.01
6.004
4.662
3.632
10.05
4.208
11.21
5.115
5.104
16.01
11.95
5.57
6.425
17.9
4.945
5.284
10.24
4.598
9.995
10.89
7.721
8.228
12.21
7.648
6.656
4.759
13.54
8.409
2.722
4.383
6.68
3.626
4.154
7.368
9.022
6.657
5.646
4.29
4.516
18.3
9.275
15.4
10.4
6.933
14.29
3.632
5.244
7.503
6.65
7.007
6.735
4.885
3.385
5.248
15.97
6.738
10.15
12.08
1.288
5.3
17.88
7.545
9.148
5.697
15.71
5.304
6.945
24.07
9.849
4.216
4.897
8.626
6.897
7.186
0.5
4.148
8.102
8.936
9.57
19.37
8.032
3.734
16.91
4.349
7.057
12.12
4.802
7.633
7.929
6.84
5.607
4.29
10.03
7.373
4.406
10.29
11.52
7.909
0.5
7.428
0.0
6.881
0.0
12.99
15.56
6.459
18.2
6.429
10.19
5.412
6.297
4.606
4.75
5.531
6.976
6.503
7.224
10.68
9.42
5.002
4.745
9.146
1.729
12.97
0.5
0.0
5.018
6.77
7.841
12.06
7.964
11.47
7.923
11.16
6.419
13.06
5.757
7.512
12.07
5.896
6.32
7.978
13.53
8.334
0.5
0.0
7.869
5.094
6.903
5.421
3.58
7.855
3.827
6.746
0.0
10.32
3.606
7.808
0.0
9.361
10.21
13.27
0.5
7.266
6.851
8.753
6.687
19.96
7.853
10.64
5.886
8.277
6.053
0.5
12.26
8.777
6.188
5.758
0.5
7.861
9.773
2.959
4.815
7.234
10.82
6.439
13.26
5.289
4.846
9.527
5.511
0.5
9.966
11.14
10.74
6.802
10.56
7.463
4.392
5.348
7.064
13.54
5.551
5.465
0.0
5.219
4.712
7.069
0.5
8.525
10.09
5.052
9.954
8.204
10.3
6.552
9.936
5.06
8.81
6.821
6.164
4.679
8.327
9.251
11.06
0.5
3.245
4.77
4.215
3.209
3.897
9.916
7.045
8.891
5.527
4.896
0.5
9.518
2.765
20.21
7.412
4.753
8.595
9.941
21.06
6.659
9.018
0.5
7.374
0.0
0.5
10.5
4.022
5.665
7.61
3.86
5.283
5.04
8.414
1.992
6.923
4.497
3.794
4.149
7.555
17.49
8.187
4.634
5.822
3.535
6.149
9.999
10.52
6.628
3.752
16.23
6.596
0.5
15.91
7.853
4.726
11.05
12.91
9.084
6.831
1.501
8.76
24.57
7.342
6.059
4.778
17.77
5.831
6.796
5.637
6.95
5.408
14.37
0.5
14.87
4.05
7.645
6.556
7.614
14.54
5.713
13.98
11.15
12.42
7.074
2.96
14.04
6.818
8.684
4.885
8.779
8.93
7.637
5.354
7.261
4.379
3.769
6.56
7.537
8.331
6.492
8.371
11.79
6.687
6.539
9.316
7.754
0.5
16.25
8.575
5.483
5.571
5.926
14.45
6.615
8.292
3.798
7.685
3.248
7.946
9.025
7.407
6.658
4.865
4.321
7.094
7.465
5.423
6.338
4.804
8.675
12.39
5.322
0.0
10.7
11.89
5.377
6.924
6.123
17.52
8.512
7.23
0.0
9.601
8.915
30.29
4.107
5.728
7.302
6.791
9.512
9.785
5.385
12.55
15.04
8.118
6.829
7.471
0.5
7.304
4.624
5.861
8.236
9.952
2.552
4.245
3.255
6.753
8.471
9.233
5.735
5.635
15.24
5.874
7.558
11.26
3.667
1.768
9.957
7.832
6.823
11.57
9.671
7.232
5.479
6.931
11.36
10.25
9.627
9.72
5.159
8.885
5.239
0.5
3.826
6.225
4.469
5.627
0.0
4.206
7.329
9.563
7.596
0.5
2.302
0.5
5.091
9.984
5.766
4.874
8.446
4.621
9.944
8.095
5.426
11.69
3.679
8.843
5.831
6.029
6.053
11.55
7.131
5.017
8.618
8.709
8.426
0.5
7.285
12.76
7.231
5.538
4.788
11.6
7.42
11.68
5.273
6.468
5.127
6.819
6.345
6.18
8.464
5.875
4.447
0.0
7.732
8.08
8.132
5.96
6.687
0.0
0.5
4.42
7.338
0.5
6.706
9.097
6.247
9.508
6.807
8.196
9.603
7.539
5.547
1.932
3.543
9.437
18.69
7.414
11.57
4.971
18.18
12.63
2.489
0.0
27.94
6.975
7.442
9.88
5.962
5.677
9.203
4.081
9.0
8.88
3.809
3.059
7.877
4.956
0.5
7.69
8.799
0.5
0.5
21.2
8.966
6.787
4.803
6.091
0.5
15.03
8.194
0.5
6.179
13.47
12.43
8.857
8.536
27.04
6.722
2.938
4.542
6.433
7.333
5.112
6.37
7.154
8.073
6.232
5.659
9.337
8.377
0.0
13.54
0.5
10.89
10.49
5.845
11.17
13.62
3.83
8.8
3.615
5.421
5.053
9.469
5.318
7.385
5.822
4.367
10.63
7.873
8.055
10.58
12.82
6.774
17.26
7.319
8.109
9.741
6.794
4.658
7.631
7.244
4.094
0.5
9.641
7.047
6.323
10.79
1.652
5.511
11.19
5.871
6.082
11.32
10.21
3.959
11.21
4.321
5.766
0.5
6.017
0.0
11.52
7.412
7.421
0.5
7.881
7.791
7.327
6.342
5.892
11.13
6.572
6.848
10.87
8.704
0.0
8.74
8.544
5.268
0.0
11.04
12.21
22.2
4.439
9.872
4.875
7.946
0.0
11.17
6.137
5.788
10.34
5.538
4.234
5.472
6.205
7.841
4.237
3.626
5.299
10.24
4.832
15.74
4.759
7.372
8.249
21.95
11.66
0.0
0.5
7.613
6.165
7.81
15.01
6.642
4.436
4.379
9.604
7.487
8.966
7.071
6.959
11.55
6.932
11.52
2.692
10.35
3.245
7.49
8.576
4.727
16.13
5.673
4.641
4.941
4.866
4.005
10.95
0.5
9.106
4.919
8.986
4.151
11.78
6.342
14.02
3.774
0.5
5.462
15.57
3.936
4.547
11.78
4.333
11.73
4.423
4.753
4.763
2.56
8.629
7.008
5.836
6.08
7.082
7.675
9.478
11.85
0.0
6.149
6.578
8.03
7.208
8.075
3.981
5.651
6.34
0.5
0.0
6.865
5.125
4.325
4.833
5.898
5.2
7.693
9.249
2.595
0.0
17.39
12.82
6.701
5.825
12.03
3.235
6.983
8.29
10.32
9.419
2.413
9.995
3.977
4.522
5.051
4.337
4.667
4.447
4.545
5.224
0.5
4.651
0.5
5.088
5.782
0.5
5.027
9.251
4.373
5.696
0.5
2.364
0.5
12.2
7.565
10.84
0.5
4.455
10.93
6.537
9.552
6.551
4.437
2.795
4.523
5.618
8.994
0.0
9.332
10.53
4.371
13.7
15.42
5.305
8.195
10.14
19.24
5.05
4.824
0.0
5.762
7.702
5.66
5.99
8.593
6.615
3.986
11.93
4.107
7.553
0.5
6.265
2.552
7.291
5.129
9.102
6.995
11.31
9.369
5.845
11.27
3.678
6.234
10.78
6.406
5.891
4.508
3.92
8.87
6.966
3.543
6.365
0.0
6.714
13.69
9.939
0.5
8.251
11.68
8.581
7.616
10.2
7.024
6.933
8.145
10.64
7.361
4.521
9.401
5.011
5.373
8.694
7.915
5.921
7.589
6.114
6.043
6.939
10.33
12.97
11.43
4.644
7.873
7.108
8.35
5.42
19.75
6.974
5.337
5.517
8.22
7.942
10.97
8.596
2.829
7.534
7.508
12.53
8.5
8.313
0.0
9.562
7.807
0.5
9.616
0.5
8.762
13.64
6.935
10.94
0.0
25.09
5.008
7.379
5.889
4.997
19.23
8.88
3.819
6.149
3.339
6.25
11.38
6.046
13.73
7.958
4.379
7.217
5.146
9.158
6.973
6.342
10.81
6.675
7.297
7.774
5.699
12.02
5.463
10.23
2.595
0.5
8.296
11.06
8.183
7.385
4.634
14.21
6.363
5.097
14.03
7.676
11.0
8.618
6.342
6.468
4.802
3.304
8.698
6.57
4.934
6.033
8.43
9.251
0.5
6.661
9.687
4.358
17.29
5.262
9.54
4.971
3.632
5.218
11.62
12.51
21.32
12.31
5.592
4.053
4.199
11.2
9.046
8.587
7.457
14.63
6.304
6.574
10.23
9.217
5.508
8.208
4.872
0.0
11.38
10.36
7.705
7.722
7.301
11.64
7.004
11.52
0.5
6.534
7.77
3.678
1.501
5.65
6.843
8.151
18.96
0.5
15.29
12.16
11.58
3.886
4.768
9.137
17.99
8.877
7.923
14.84
8.648
23.29
0.0
8.611
0.0
10.1
6.835
6.361
6.082
4.98
0.0
4.165
7.362
6.181
5.041
8.072
9.257
4.373
6.288
10.25
7.547
10.71
13.18
4.498
4.452
3.346
1.967
4.784
8.705
5.394
6.036
7.946
0.0
9.331
8.019
6.743
6.675
8.406
4.114
11.23
8.807
7.514
5.218
4.005
15.12
5.404
5.333
4.528
7.989
8.546
7.773
8.404
9.871
0.5
4.446
11.05
12.59
4.289
7.55
6.401
4.01
7.084
4.951
6.623
10.82
7.018
2.023
5.924
0.5
4.202
7.241
4.266
5.543
7.171
5.208
21.37
6.269
5.84
5.839
0.5
5.309
7.65
7.753
6.386
4.875
13.08
5.467
0.0
0.5
7.239
6.017
5.735
8.624
6.13
3.355
10.08
10.31
2.903
26.41
6.165
5.113
9.131
16.45
8.521
14.34
24.59
2.417
8.64
5.096
12.93
6.346
0.0
14.64
3.632
2.598
0.0
4.652
8.226
6.923
0.0
9.256
22.56
0.5
6.835
5.379
3.861
3.493
12.63
4.404
0.5
0.0
11.14
6.135
5.879
8.037
7.631
5.881
6.181
3.397
4.035
4.168
6.664
2.521
9.799
6.016
4.074
4.29
2.917
7.231
8.035
1.382
9.088
8.305
9.795
5.697
8.526
7.728
7.835
0.5
22.65
5.938
9.744
6.382
5.236
9.897
6.532
9.044
4.663
10.87
6.346
2.904
3.339
6.155
9.018
5.338
6.178
4.286
6.368
7.027
5.254
5.714
10.11
7.226
12.15
6.393
15.68
5.188
8.249
19.53
0.5
0.5
4.69
6.085
6.073
0.5
6.14
8.255
8.466
5.03
7.055
4.493
15.96
7.457
0.5
8.859
5.153
9.677
0.5
13.7
10.03
3.412
7.79
5.327
7.736
7.946
8.023
4.234
10.0
0.5
10.86
5.472
5.205
6.974
4.079
2.489
8.094
4.209
5.647
3.549
3.227
8.672
8.732
6.239
7.152
8.887
10.78
6.568
0.0
6.165
7.504
6.59
3.881
9.57
0.5
8.237
8.631
8.28
12.41
0.0
9.307
11.49
5.161
0.5
0.0
0.0
0.0
0.0
6.316
12.14
19.03
4.576
5.662
3.397
5.292
7.959
2.744
5.239
9.166
7.57
14.26
0.5
7.233
0.0
5.87
14.23
10.02
8.809
5.498
7.243
2.148
4.211
0.5
8.19
9.617
3.468
4.373
9.639
10.08
6.802
2.237
8.916
9.029
11.49
6.518
5.683
4.97
5.378
14.53
12.59
5.675
0.5
8.63
5.354
9.126
8.917
6.137
0.5
8.821
9.784
0.0
5.654
7.086
10.63
5.136
3.791
8.557
8.285
7.058
6.271
6.157
5.3
8.279
7.936
4.288
6.568
6.804
7.662
17.89
7.832
10.99
7.435
11.7
6.638
8.934
5.218
9.694
9.416
7.788
0.0
7.514
10.1
8.244
8.254
6.399
7.779
12.5
6.687
0.0
7.291
5.497
12.97
2.571
13.51
6.735
13.77
4.87
0.5
9.437
8.566
0.5
4.707
10.17
6.046
9.029
9.657
5.466
12.06
12.67
3.91
0.5
0.5
8.84
10.18
6.318
8.505
3.067
4.876
6.035
18.62
3.826
3.098
5.641
8.135
4.8
0.5
0.5
12.58
8.19
4.773
8.214
6.259
9.454
3.197
8.645
6.283
8.914
3.635
21.77
5.416
4.173
6.196
5.891
7.379
7.786
0.5
5.522
14.82
8.484
5.519
3.817
6.02
8.714
6.701
6.542
5.327
5.909
5.558
9.591
12.32
4.382
7.938
6.519
0.0
10.82
14.73
4.842
7.426
10.89
6.917
7.315
15.94
10.76
6.052
10.06
5.193
13.79
