15.79
2.466
0.0
14.33
21.48
7.89
0.0
2.773
22.39
16.36
11.91
16.11
12.87
36.79
0.4592
6.616
26.15
11.58
10.53
24.16
8.562
12.32
32.28
19.85
36.12
8.319
5.277
17.95
12.31
19.01
15.28
0.7748
15.2
18.76
25.77
11.48
10.08
2.994
8.675
27.99
8.099
14.71
40.83
15.1
8.382
9.644
18.13
1.334e-06
23.0
37.4
10.16
0.0
11.36
16.82
15.49
33.21
21.81
18.67
11.89
3.846
13.32
15.94
14.99
23.28
7.432
19.38
0.0
22.96
14.73
1.512e-06
25.49
13.37
30.62
15.85
22.61
0.0
12.88
11.6
17.47
14.2
15.54
0.0
8.382
14.17
13.22
0.4157
25.52
11.09
15.64
21.74
5.447
4.011
0.0
9.237
23.6
12.94
24.51
14.13
24.89
12.7
11.93
11.99
13.99
15.68
14.44
2.163e-06
24.32
21.4
6.692
21.17
4.191
18.6
12.53
0.0
23.28
14.27
0.2134
20.68
6.91
3.299
1.676e-06
11.08
15.39
21.47
18.47
16.52
12.16
14.5
14.25
18.32
6.385
7.631
2.647
26.03
36.52
17.4
16.76
12.63
3.38
13.15
1.547
14.64
18.19
12.77
26.36
16.27
0.0
13.42
22.85
8.312
13.5
7.263
24.33
12.85
15.6
27.33
18.0
10.44
5.29
15.9
12.23
0.0
10.69
8.652
5.635
5.864
0.0
14.02
7.555
39.84
39.11
14.98
16.91
13.34
13.44
2.389
15.22
25.2
7.181
1.515e-06
9.208
7.259
7.598
15.69
27.21
11.94
14.31
6.049
27.57
17.45
16.4
24.15
37.57
26.36
18.02
4.072
11.83
6.068
21.21
0.0
15.6
11.36
32.98
20.32
35.59
36.53
2.185
34.4
20.29
21.03
13.81
0.0
12.35
16.48
12.26
6.434
20.2
24.7
41.83
11.07
11.74
31.34
12.03
11.14
33.77
15.28
14.15
43.01
24.25
33.13
5.413
12.72
26.39
46.74
17.42
37.0
18.55
1.447e-06
7.211
0.0
7.7
0.0
18.63
24.22
0.0
5.512
16.57
16.99
8.685
14.53
9.133
10.63
11.68
10.52
8.566
35.12
18.01
19.55
7.432
28.38
12.45
3.237
23.05
0.0
1.773
39.41
0.9057
13.73
16.03
20.64
0.0
10.96
13.43
14.48
32.3
19.85
0.0
7.883
25.27
7.701
9.283
16.34
16.2
19.68
12.37
6.152
15.43
0.0
8.685
24.89
46.6
14.75
35.16
10.73
14.41
23.98
0.0
13.19
38.89
23.92
19.47
19.81
10.37
4.873
13.77
1.749
16.43
17.52
24.64
21.29
13.22
25.7
14.47
17.03
17.71
19.71
17.67
19.16
22.29
15.39
18.64
15.9
27.02
14.65
17.96
18.34
24.76
17.86
16.25
23.37
12.0
36.19
23.82
39.64
18.72
12.67
4.442
14.18
15.57
35.22
17.32
14.61
19.59
11.86
0.0
35.64
0.0
11.49
8.675
7.884
19.25
0.0
12.31
8.359
14.35
19.95
8.987
0.0
13.34
32.94
21.75
13.69
38.74
25.44
7.52
6.013
10.89
0.0
16.1
8.33
3.023
27.51
23.44
17.0
16.01
10.73
13.15
0.0
10.92
6.808
5.815
2.217e-06
13.64
14.46
9.815
35.0
11.2
13.89
19.07
12.95
2.074e-06
10.58
21.28
15.53
25.4
20.23
15.43
17.24
15.34
10.74
41.28
3.766
0.8123
10.53
15.61
12.7
10.08
12.54
18.97
9.703
8.43
31.24
1.249
15.61
11.2
16.57
8.346
1.165
10.06
10.83
15.37
11.59
0.0
0.0
11.4
22.57
16.25
22.95
0.0
16.03
9.501
11.49
3.205
5.305
29.09
18.09
17.37
15.31
9.31
3.967
42.05
0.0
0.0
17.92
18.39
6.643
8.732
29.64
6.128
38.55
18.54
17.41
25.06
15.57
19.16
21.15
9.856
16.33
0.0
33.04
10.68
0.0
17.42
18.1
14.17
14.75
7.982
17.36
11.46
5.69
18.42
29.39
15.1
9.696
31.72
23.97
9.436
14.7
16.86
0.0
1.834e-06
21.59
20.99
14.84
27.18
19.07
15.64
0.0
4.026
12.81
27.36
22.4
23.94
13.28
6.371
12.87
24.03
0.0
23.73
6.28
0.0
12.75
0.0
15.52
0.3034
2.356
15.43
10.89
10.5
11.94
11.75
2.625
17.49
13.9
15.37
2.647
14.87
13.76
20.63
12.67
9.45
22.43
8.333
7.727
9.8
17.39
21.38
11.83
32.7
15.61
14.12
10.29
19.57
35.71
18.22
0.0
8.137
18.82
24.34
17.26
10.13
11.92
10.15
11.87
12.58
14.75
28.26
12.65
15.32
15.24
9.704
24.4
18.23
7.568
13.19
2.802
11.65
13.09
10.05
10.19
15.6
13.1
9.645
25.87
0.0
19.5
19.89
10.97
12.55
5.798
11.39
4.466
16.48
0.0
3.198
12.5
20.19
25.43
29.21
0.0
13.74
0.0
12.25
12.03
8.454
19.73
12.7
10.49
0.0
7.322
11.62
26.28
2.338
8.697
18.87
19.22
23.27
8.179
12.26
16.21
12.26
13.62
0.0
24.87
0.0
13.11
17.2
17.54
11.35
13.85
10.2
13.26
23.55
0.0
20.88
40.64
3.343
26.13
9.9
13.02
0.8512
18.0
16.59
4.998
19.59
10.06
0.405
19.08
11.53
16.62
8.276
0.0
0.0
21.27
31.34
0.0
10.12
18.72
28.36
20.88
11.07
37.09
12.84
31.9
20.83
10.8
18.2
17.25
18.63
17.91
0.0
22.29
36.79
6.644
6.652
22.3
6.473
0.0
10.14
4.679
19.27
11.38
11.02
17.47
15.76
13.26
37.86
4.645
14.86
10.12
15.32
0.0
18.18
1.664e-06
25.4
0.0
18.52
34.86
8.339
39.65
0.0
18.09
8.099
30.73
15.38
20.92
29.3
14.34
1.038
5.538
28.68
26.3
10.6
10.59
16.57
13.44
10.38
0.0
13.97
13.94
13.33
0.0
10.54
25.49
23.04
8.4
7.685
20.15
13.58
10.12
21.34
14.94
3.056
24.99
22.18
0.7859
0.0
12.87
20.24
13.11
21.07
12.39
27.09
22.13
21.96
6.713
1.457
27.21
19.34
9.504
7.837
36.86
29.33
10.25
11.18
41.69
12.19
4.921
40.87
12.88
25.87
10.38
2.047
16.76
8.786
16.58
0.0
16.33
10.92
0.0
14.42
19.03
11.62
23.32
19.59
17.92
10.75
17.4
17.34
1.334e-06
17.63
9.262
16.24
14.64
22.58
12.14
12.56
2.755
14.53
7.74
10.85
37.0
7.143
19.8
11.0
21.15
29.71
21.03
11.2
8.588
11.58
16.1
10.9
0.0
0.0
17.09
29.35
12.28
18.02
18.4
0.0
17.69
34.02
13.82
13.02
18.21
17.74
8.699
4.229
10.86
20.33
15.24
1.448e-06
25.87
8.288
15.16
39.62
13.82
13.44
39.27
1.209
0.0
6.721
41.5
13.24
15.88
0.0
16.83
1.901
27.73
27.27
40.23
0.0
8.376
17.93
19.17
25.41
6.137
0.0
20.93
8.492
13.98
9.958
16.16
17.85
9.054
15.28
0.0
9.118
17.26
17.92
10.08
14.47
14.31
6.439
34.02
17.63
10.26
19.2
16.02
19.95
16.37
0.0
14.49
7.759
7.128
6.804
4.417
16.57
19.97
0.0
22.37
18.08
10.37
14.37
0.0
6.029
27.87
15.02
15.02
26.93
6.214
10.98
4.949
13.66
9.015
24.0
20.83
13.08
19.94
24.94
12.64
11.68
48.15
16.13
14.43
14.94
9.734
0.0
0.0
19.59
13.74
16.14
10.83
9.48
9.249
1.091e-06
6.859
7.799
7.531
19.87
10.43
1.929e-06
12.41
15.67
22.13
14.43
13.44
0.0
15.9
17.79
0.0
33.29
2.2
25.5
19.62
23.06
22.79
11.89
20.53
16.32
11.52
4.755
6.519
19.44
40.57
8.917
26.5
32.67
18.63
23.25
14.27
12.56
21.65
37.81
17.65
17.91
0.0
11.78
10.41
42.25
17.41
17.02
22.75
13.05
14.72
15.94
6.146
16.54
34.25
3.77
39.58
12.07
0.0
0.0
0.0
20.83
15.88
23.04
8.35
18.41
16.82
14.93
16.62
38.68
9.898
13.86
14.85
15.32
9.58
15.66
0.0
20.36
16.35
23.05
21.45
13.95
0.0
22.32
7.508
0.0
11.49
12.86
20.94
13.34
11.36
16.81
17.66
33.98
4.4
43.25
26.1
23.33
14.12
26.46
7.945
15.69
24.24
23.86
15.36
15.91
4.283
0.0
17.95
17.03
7.789
13.25
13.36
12.44
11.22
19.97
0.0
5.683
32.39
9.951
32.8
16.18
18.67
17.86
10.32
38.95
16.43
16.36
19.43
17.49
10.44
26.02
30.85
16.68
12.23
23.98
28.77
21.75
11.8
11.7
26.03
5.829
1.32
10.27
38.14
26.08
10.69
17.08
2.756
3.567
18.01
12.37
15.42
19.85
17.03
6.582
21.74
19.48
13.83
18.93
0.0
23.3
33.0
19.51
11.53
17.98
14.13
13.45
13.11
13.99
23.67
3.553
4.277
0.0
32.97
0.0
11.05
12.29
18.21
16.86
7.143
13.03
17.99
12.66
16.37
35.88
11.81
9.784
15.31
0.0
19.87
20.12
0.0
17.78
0.0
11.42
18.74
10.33
21.74
15.69
0.0
12.24
9.443
5.683
7.557
0.0
10.72
20.02
17.47
18.92
16.84
17.35
14.21
32.37
17.96
16.49
15.97
0.0
23.34
12.79
11.61
19.76
3.766
0.0
39.21
16.53
5.968
10.41
46.59
11.18
14.17
11.93
1.204
16.66
9.93
15.71
20.43
0.0
12.03
16.49
0.0
40.7
9.784
25.02
24.69
13.19
13.09
24.83
12.12
14.96
9.081
11.65
0.0
13.06
8.359
22.32
33.41
34.55
10.27
27.41
25.12
10.78
8.616
17.01
34.31
12.67
20.7
0.0
7.799
11.71
21.27
13.54
13.36
18.92
19.34
5.343
26.93
8.566
17.3
0.8029
43.36
16.33
1.249
0.0
24.86
11.54
9.918
0.0
12.86
18.74
11.64
11.39
14.72
9.037
11.53
22.79
6.72
13.51
0.0
0.0
16.19
13.79
13.11
9.889
13.78
19.52
19.04
17.99
5.74
15.85
32.28
12.15
11.86
15.65
24.14
21.1
19.99
28.77
1.18e-06
18.71
10.12
0.0
0.0
0.0
14.84
12.46
9.684
18.84
9.518
22.37
10.48
11.89
1.497
21.3
9.605
0.0
13.52
10.47
12.74
42.8
16.46
0.0
11.24
29.19
12.75
31.09
16.0
1.87e-06
18.61
35.38
8.865
21.59
9.464
30.46
0.0
14.87
0.4412
15.91
17.41
14.33
0.8499
6.043
14.57
20.18
22.06
22.57
18.48
25.7
11.41
11.55
12.44
3.858
21.44
12.05
23.37
20.03
17.91
13.63
3.2
17.19
33.02
16.22
2.235
15.36
6.483
32.88
11.35
21.47
13.07
6.857
5.752e-07
39.07
8.796
4.852
25.22
24.22
7.521
19.47
29.52
0.0
23.79
12.13
28.58
12.54
19.53
1.876
16.31
13.65
15.25
12.98
15.02
15.88
12.31
9.595
11.53
14.89
37.02
8.635
13.08
0.0
17.32
6.533
13.34
17.82
12.09
8.977
14.89
32.48
0.0
12.89
42.67
10.83
22.21
2.161e-06
7.187
10.46
18.64
16.02
2.802
20.91
12.49
14.26
0.0
18.74
13.65
14.21
16.44
39.92
17.31
9.337
30.27
11.94
18.78
40.13
12.59
12.44
20.88
3.303
15.65
4.715
0.0
11.43
14.64
13.64
0.0
20.78
9.106
12.28
8.418
11.74
18.93
15.61
12.35
32.48
24.14
0.0
8.137
5.305
11.28
12.48
13.96
3.703
12.07
9.678
33.77
6.019
0.0
16.72
16.67
8.704
35.13
10.99
0.0
0.8123
13.14
17.55
0.0
13.3
1.965e-06
35.35
0.0
0.0
13.81
14.88
1.116
14.93
0.0
24.06
9.581
11.15
3.757
0.0
12.28
8.013
19.99
13.58
17.62
31.42
21.73
13.97
15.38
11.81
11.51
13.65
43.64
12.62
15.37
12.41
14.15
10.48
0.0
16.75
7.695
14.06
21.04
10.72
8.345e-07
16.2
36.13
26.91
19.63
0.0
6.616
12.54
13.22
0.0
15.82
14.09
14.2
29.27
16.8
13.89
40.63
5.606
5.157
0.0
2.422
11.94
13.58
12.15
11.91
16.75
8.43
35.31
9.502
24.31
1.32
25.1
36.0
0.0
34.58
17.36
22.62
11.76
19.87
16.59
18.6
17.87
0.0
2.387e-06
16.59
7.303
10.7
10.68
20.61
9.799
22.43
24.01
15.85
11.7
7.116
14.69
16.52
22.57
0.0
14.68
18.16
11.28
0.0
0.0
32.12
40.2
17.99
0.0
13.35
23.14
0.0
0.0
0.0
12.71
0.0
19.39
30.11
5.965
36.6
5.336
14.98
20.68
3.512
20.2
16.2
11.42
18.53
7.749
11.93
17.34
9.42
1.288e-06
0.0
10.59
17.68
12.74
7.555
0.2138
0.0
19.94
10.79
11.69
11.82
40.4
36.3
10.03
0.0
13.73
7.079
17.2
10.88
6.252
23.44
25.02
18.86
13.79
28.46
29.48
0.0
9.616
0.0
14.41
0.0
36.34
11.55
25.24
1.264e-06
16.77
8.201
18.3
26.15
8.089
35.74
12.56
10.71
11.16
41.61
25.27
13.83
9.48
43.18
29.49
7.067
39.73
9.924
9.785
23.12
33.4
9.26
0.0
19.43
0.0
21.16
0.0
12.31
0.0
0.872
13.2
14.0
13.89
24.82
15.36
22.22
12.9
13.55
23.98
0.0
0.0
16.3
12.0
27.68
18.17
19.78
32.39
44.7
19.26
0.5316
37.41
10.78
16.34
12.05
42.95
15.49
0.0
15.67
36.3
10.19
0.0
7.346
19.88
6.245
14.14
8.655
19.76
8.171
1.801e-06
15.25
14.96
14.23
24.38
15.14
26.87
11.29
24.72
14.52
11.4
21.83
18.96
8.486
0.0
0.0
26.89
5.377
9.555
0.0
14.18
20.86
8.398
13.83
0.0
17.69
4.758
15.9
18.43
14.32
15.31
20.98
0.0
16.27
0.0
1.901
26.4
23.2
16.72
11.33
9.148
14.64
0.0
0.8134
13.68
3.469
13.96
23.92
13.89
38.88
41.75
21.19
7.344
13.98
23.81
8.486
17.65
13.54
15.77
12.88
22.35
4.998
11.8
9.796
10.53
7.631
12.61
16.43
6.885
3.967
10.04
19.48
26.38
1.259e-06
6.22
31.19
43.69
8.542
11.81
4.257
0.0
22.34
9.958
12.1
15.96
13.89
30.46
8.597
7.571
2.939
18.09
10.53
1.496
1.824
11.54
11.56
15.76
0.0
26.54
13.3
34.18
36.1
10.63
12.37
10.62
7.571
12.35
19.05
17.95
18.0
15.47
19.6
47.68
0.0
0.0
3.331
20.71
16.37
10.05
10.23
18.03
13.84
14.52
39.73
18.72
14.27
18.95
14.76
13.24
6.015
7.811
34.38
23.82
5.909
13.35
21.92
33.38
37.56
10.02
1.448e-06
0.3262
12.81
11.33
11.4
14.56
20.43
35.17
7.391
20.04
11.39
9.52
16.06
7.589
0.0
19.9
33.74
13.35
24.0
17.19
9.555
16.11
13.04
10.86
0.0
16.62
20.04
20.53
35.57
4.715
30.98
0.0
18.56
0.208
37.76
11.66
15.57
24.17
16.37
18.87
12.52
22.62
25.25
15.11
10.63
10.49
19.36
15.6
12.89
0.5048
10.91
17.82
17.79
12.85
13.92
11.3
8.454
7.377
12.13
13.72
2.555e-06
10.88
14.48
0.0
1.158
16.1
17.68
21.21
0.0
12.13
22.36
0.0
1.688
5.165
16.43
18.73
14.45
29.33
36.38
34.78
10.08
15.58
39.49
15.31
28.93
0.6521
38.82
21.56
21.04
16.67
0.0
10.09
14.98
9.133
20.81
20.71
14.69
18.23
30.88
27.09
11.45
11.92
7.77
24.94
35.93
0.0
14.88
18.79
9.008
36.38
18.79
30.35
32.2
3.676
23.86
22.21
5.522
12.48
17.12
13.33
12.67
17.19
14.19
26.03
14.13
10.89
19.49
2.494
0.0
38.75
3.434
0.0
8.957
10.85
10.32
14.64
16.63
9.825
0.0
17.6
16.5
34.13
26.15
16.85
6.928
8.086
0.0
13.09
12.62
14.07
14.01
36.74
13.24
13.35
8.34
7.497
0.0
9.616
16.06
33.14
44.36
16.1
15.43
7.984
17.32
19.82
24.86
16.76
40.76
25.53
13.36
0.0
14.36
26.46
25.5
14.14
16.87
11.94
17.61
18.23
16.49
18.82
22.58
12.14
20.44
30.46
5.491
12.44
16.81
30.51
19.63
0.0
9.778
36.51
36.48
10.03
28.26
5.94
16.92
37.94
7.112
6.15
15.0
16.17
0.0
12.66
11.5
5.152
11.43
24.79
28.93
12.06
13.77
14.08
39.13
8.094
34.08
14.66
0.0
27.45
24.95
6.423
11.55
7.89
14.2
17.55
10.79
10.96
15.26
22.82
18.59
30.76
25.89
9.68
34.68
8.034
12.27
17.54
24.99
15.52
10.96
0.0
21.56
24.87
0.0
1.708e-06
9.488
8.754
0.0
28.09
37.4
31.2
11.26
15.41
14.64
36.78
13.38
12.12
10.69
13.32
45.01
12.96
15.65
25.41
0.0
12.92
15.77
43.07
11.43
16.18
6.807
11.9
11.31
15.34
16.93
0.4157
9.301
7.508
0.0
15.12
43.0
0.0
17.99
0.0
30.27
0.0
3.486
20.98
12.64
13.44
13.44
8.118
0.0
9.342
11.18
10.73
0.0
20.57
18.55
5.245
17.51
22.97
39.81
0.0
16.3
0.0
15.29
7.631
17.98
13.69
10.96
9.767
30.69
0.4412
11.54
14.01
0.0
16.62
20.52
40.0
10.12
6.483
30.62
0.0
14.97
8.426
1.973
13.18
9.315
13.12
22.14
19.46
14.26
5.936
24.49
11.8
12.0
7.823
16.9
13.7
20.83
11.69
0.0
1.165
21.73
9.645
0.0
12.17
25.88
0.0
35.6
4.766
2.074e-06
21.22
10.2
9.186
15.16
6.29
29.24
23.54
0.0
30.14
19.25
1.181
21.27
9.488
20.86
17.39
24.32
9.805
18.51
17.03
8.655
16.5
28.76
7.247
31.24
10.51
43.71
13.11
13.4
16.62
0.0
9.446
10.26
27.04
21.81
5.574
25.52
30.59
1.708e-06
18.28
13.19
21.95
18.53
11.07
20.92
10.74
26.16
17.9
21.3
9.631
17.49
0.0
7.442
34.49
0.0
15.82
13.68
14.48
1.688
13.44
18.29
13.71
12.71
21.48
30.97
10.96
38.93
7.067
20.46
20.8
11.77
12.96
6.519
11.08
15.25
11.51
7.312
21.18
17.16
27.81
20.35
36.16
0.0
16.97
17.97
16.51
0.4195
38.38
15.59
21.29
13.1
35.78
2.755
25.58
16.3
11.54
0.0
11.57
17.02
16.03
25.88
13.52
13.87
18.16
38.19
14.41
17.99
0.0
22.53
36.34
14.8
11.44
38.43
14.02
35.01
9.186
5.936
26.76
32.3
9.702
1.256e-06
11.2
0.0
0.0
11.59
36.98
22.78
18.3
11.77
24.75
5.104
12.66
14.7
10.27
14.4
10.9
18.0
35.61
12.87
0.0
0.0
23.27
0.8512
16.5
37.08
18.48
25.87
37.81
21.24
15.77
13.24
10.3
9.889
2.966
22.75
12.61
19.07
12.95
16.93
16.86
23.71
12.28
0.405
40.52
32.7
9.787
0.0
14.43
16.54
0.0
2.625
13.52
15.71
17.93
12.86
13.2
19.77
0.0
24.83
16.87
0.0
14.28
24.72
25.02
16.64
0.0
7.556
21.36
18.67
11.31
16.68
9.929
11.36
0.0
12.87
16.11
8.898
8.492
25.33
9.488
10.02
18.53
0.0
14.59
24.77
43.72
32.24
11.09
16.65
26.99
10.84
37.23
17.72
12.83
13.65
15.67
16.95
11.94
14.71
21.07
8.406
16.16
34.91
20.05
21.68
18.03
19.95
18.16
9.148
16.39
31.26
0.0
9.248
23.96
1.88e-06
27.1
0.0
4.229
9.14
11.15
20.5
0.0
9.587
26.08
12.47
11.99
36.98
40.64
10.61
12.41
2.918
9.181
0.0
0.0
15.76
0.0
36.52
5.903
1.749
0.0
25.5
4.852
19.3
6.59
7.621
0.0
19.73
7.83
0.0
35.93
16.17
1.618
30.24
0.0
46.16
13.61
34.37
18.01
16.98
14.0
10.66
10.7
11.03
34.08
7.637
12.09
0.0
15.52
18.98
0.0
12.92
15.82
19.49
38.79
11.59
18.41
0.0
0.0
8.095
12.11
14.5
14.2
7.555
0.0
34.78
13.9
0.0
11.28
17.14
10.09
13.4
12.47
38.87
9.092
33.72
12.0
0.0
35.61
9.142
9.404
9.745
0.0
12.3
14.98
9.133
9.448
36.67
19.35
10.51
12.24
0.0
13.17
22.12
9.644
13.72
10.9
1.255e-06
35.75
15.31
32.92
40.94
15.79
15.42
16.81
15.56
17.71
0.0
27.35
3.846
8.865
12.63
47.19
17.39
7.837
0.0
6.459
9.14
11.68
16.65
14.95
44.7
12.13
18.59
0.0
14.94
15.89
5.336
30.59
7.416
11.69
13.46
23.97
23.82
9.52
17.27
21.27
3.346
42.9
4.359
4.19
15.91
9.296
19.31
9.894
39.56
12.17
14.29
16.63
25.49
15.91
11.15
1.862
15.46
1.009
11.79
5.74
10.07
15.25
0.0
6.737
38.74
8.718
16.32
6.37
13.15
41.61
12.88
4.919
5.705
13.65
14.42
24.06
17.25
13.05
36.8
37.37
6.934
0.0
16.27
12.74
18.14
13.33
45.9
2.215e-06
14.56
11.2
18.84
21.99
10.27
0.0
17.98
9.134
19.88
34.7
4.539
6.404
12.31
6.117
29.74
13.32
15.02
7.351
33.14
23.68
21.45
0.0
18.41
1.834e-06
27.65
9.486
8.828
31.03
13.71
11.31
8.189
9.279
7.377
0.9234
0.0
24.54
7.189
7.691
24.15
0.0
16.79
15.02
10.35
0.0
1.255e-06
18.88
11.03
9.989
24.0
23.36
7.547
15.6
18.27
0.0
15.22
16.65
31.13
13.99
0.2115
21.87
10.05
11.43
15.51
17.61
24.48
10.6
30.66
11.31
8.886
32.9
19.45
0.0
11.65
13.94
10.96
17.3
46.8
0.0
12.34
7.12
11.35
4.925
13.87
21.47
9.303
19.54
0.0
0.0
37.23
34.75
37.59
15.96
0.0
14.33
16.77
15.47
1.198
15.61
18.97
7.539
0.0
31.58
15.23
32.04
24.22
11.77
9.959
21.4
11.81
6.859
7.637
13.69
22.62
25.33
23.2
14.62
13.02
16.18
11.85
0.0
0.0
16.27
6.26
0.0
0.0
35.63
26.7
14.91
0.0
26.93
2.835
12.11
35.97
0.0
15.54
2.356
18.62
0.0
36.6
15.45
0.0
12.42
6.341
19.81
17.72
9.901
14.48
9.659
18.28
16.99
16.6
9.825
21.82
36.3
8.899
18.72
11.6
12.34
14.21
8.103
18.83
9.198
18.79
32.95
31.9
13.47
10.46
19.73
9.112
7.657
11.97
13.5
12.34
16.37
15.53
2.815
29.49
28.27
14.2
33.53
15.29
10.38
0.0
0.1583
12.75
11.01
10.42
16.65
12.92
16.04
28.07
24.31
13.99
12.07
10.94
23.72
15.88
15.58
14.93
11.53
28.8
7.778
26.36
11.3
0.0
21.84
14.63
37.39
0.0
0.0
30.3
36.89
0.0
16.12
19.35
3.493
27.53
7.585
12.56
20.77
22.66
0.0
17.31
18.58
0.0
36.52
0.0
35.93
0.0
0.0
5.705
10.26
16.02
0.0
0.0
12.49
21.22
0.0
0.0
11.31
13.49
27.02
19.01
36.78
41.44
9.93
21.47
8.278
0.0
21.48
37.13
39.93
14.35
20.47
34.1
38.63
15.4
10.63
13.99
8.196
12.22
10.7
14.34
7.929
40.07
23.52
11.03
13.52
14.28
1.973
3.396
12.86
12.92
7.794
27.47
0.0
14.21
14.29
12.14
5.428
15.7
16.62
8.475
11.7
10.36
11.07
25.56
11.91
33.79
9.951
0.0
16.67
21.52
16.56
26.87
16.1
17.34
20.96
7.303
22.87
9.008
16.23
37.43
9.687
10.67
14.22
2.145
39.31
9.605
19.43
9.924
15.65
9.704
17.03
9.93
9.302
9.212
13.5
12.88
13.4
26.35
17.69
32.9
14.57
4.645
15.73
0.0
0.0
0.0
2.784
42.91
35.31
0.0
11.27
5.176
11.97
7.374
22.02
0.0
18.48
16.6
12.45
17.27
39.87
11.61
35.73
0.0
14.43
20.28
30.47
26.71
6.744
12.61
0.0
20.83
10.46
15.6
3.919
29.5
12.22
8.751
13.19
21.54
35.74
14.97
31.24
0.0
0.0
14.89
0.0
9.631
23.25
20.68
20.92
14.08
11.39
11.65
13.3
30.56
0.0
10.15
0.0
29.29
12.85
10.44
19.34
0.0
20.65
21.8
15.93
5.909
23.88
30.16
30.82
16.67
8.898
36.49
15.09
0.0
8.137
13.68
23.12
0.7619
11.35
15.92
27.35
16.97
17.51
12.32
24.39
5.948
6.056
0.0
5.585
0.0
0.0
12.57
0.0
32.7
13.35
13.98
22.86
12.81
16.79
19.6
18.01
8.768
6.643
11.85
6.246
27.73
0.0
29.73
0.7857
0.2407
25.06
9.905
24.86
9.113
24.69
34.62
11.12
15.93
9.207
17.48
9.694
30.94
0.5316
21.36
12.51
2.842
31.79
36.35
29.19
15.9
14.95
12.83
8.195
15.3
23.54
13.7
7.96
5.258
34.15
17.35
15.14
14.39
10.48
25.77
11.54
19.78
0.0
5.783
0.0
8.455
37.63
19.44
0.0
23.81
18.11
33.4
12.67
23.0
13.63
22.36
11.92
16.36
10.79
17.08
0.0
13.59
17.5
5.947
5.265
8.439
36.24
17.37
8.575
0.0
19.48
0.0
14.65
0.0
14.02
0.0
34.55
20.83
20.07
17.69
13.03
16.82
17.32
22.61
15.46
14.33
9.991
20.94
5.143
15.89
19.59
26.02
23.79
17.4
12.95
12.92
5.621
22.14
16.4
0.0
6.152
0.0
8.53
16.1
8.86
0.0
14.33
12.98
4.559
17.49
6.656
33.27
48.14
0.7154
36.57
4.072
0.0
14.42
10.91
6.77
10.69
31.13
19.25
10.8
0.0
15.82
18.42
26.72
10.53
13.84
0.0
9.484
13.24
16.33
15.77
0.0
36.35
8.489
10.27
13.31
0.0
13.84
24.32
24.32
14.86
17.51
27.28
13.4
3.198
41.7
22.33
7.511
16.16
15.15
0.0
34.15
31.91
23.24
0.0
7.785
0.0
16.27
0.0
16.15
22.95
16.16
26.73
34.63
5.245
6.436
13.53
0.0
14.2
9.207
0.0
11.31
33.87
35.61
13.71
32.25
14.99
3.873
15.14
25.89
0.0
0.0
16.57
13.97
15.78
1.965e-06
22.75
15.84
0.0
31.19
36.37
8.198
21.47
15.83
7.457
10.9
35.12
21.48
0.0
48.27
27.34
6.456
17.51
39.41
6.763
13.81
20.63
8.652
17.26
26.15
0.0
18.92
18.12
19.37
23.52
13.82
18.49
14.34
13.9
12.56
37.02
19.88
14.77
0.0
29.48
4.642
8.319
13.13
11.69
15.31
0.0
13.83
8.352
12.92
43.97
0.0
16.43
14.33
8.165
18.55
21.12
10.52
0.0
6.643
35.09
29.59
0.0
0.0
0.4154
15.65
13.72
20.28
0.0
18.84
14.24
15.43
35.31
14.47
0.0
5.111
24.03
14.7
9.738
1.43
3.872
18.41
22.97
0.0
19.3
40.11
7.497
17.19
17.46
0.0
5.044
32.8
13.24
14.13
7.637
13.05
18.0
8.121
18.42
29.84
14.18
40.47
0.0
7.933
4.761
7.656
0.2115
11.08
16.28
42.07
26.89
0.0
0.0
19.04
0.0
5.968
14.88
11.92
10.89
0.0
45.24
13.7
23.81
22.87
9.046
19.22
11.28
14.45
35.15
