0.5491
0.607
0.4811
0.2629
0.4458
0.3528
0.2985
0.2116
0.1414
0.9361
0.5546
0.7856
0.1955
0.5259
0.3355
0.3158
0.3787
0.8304
0.4717
0.6935
0.3735
0.6067
0.3784
0.1702
0.3393
0.5423
0.3821
0.5302
0.6126
0.7662
0.2452
0.247
0.4036
0.4443
0.3995
0.4941
0.6388
0.3833
0.5689
0.3617
0.5805
0.2666
0.6793
0.6344
0.529
0.5953
0.2205
0.3858
0.7379
0.6822
0.4687
0.3511
1.059
0.3737
0.5569
0.3288
0.338
0.2697
0.1917
0.331
0.5651
0.2577
0.4765
0.2651
0.5455
0.3926
0.2375
0.346
0.7933
0.9611
0.6245
0.8664
0.6002
1.29
0.7608
0.8731
0.3219
0.3068
0.3051
0.6392
0.5755
0.2441
0.7265
0.2335
0.3099
0.7432
0.3515
0.5855
0.5394
0.9599
0.7846
0.2984
0.7611
0.4356
0.5156
0.3288
0.3013
0.7528
0.813
1.009
0.6336
0.6539
0.3983
0.3178
0.3175
1.107
0.3207
0.2792
0.2898
0.5025
0.2769
0.4424
1.2
0.6323
0.4457
0.4641
0.226
0.4956
0.5012
0.2567
0.3359
0.6369
1.355
0.4396
0.4569
0.4049
0.5083
0.3101
0.5421
0.4688
0.41
0.9663
0.2132
0.3256
0.2611
0.3181
0.1672
0.5751
0.8252
0.8896
0.3751
0.3801
0.1888
0.1033
0.347
0.5738
0.4097
0.2755
0.3246
0.2452
0.6438
0.4795
0.315
0.7367
0.5295
0.5555
1.031
0.8819
0.3774
0.9767
0.9417
0.4291
0.2457
0.7946
0.2658
0.5988
0.3439
0.4178
0.3832
0.8403
0.6794
0.5494
0.3962
0.3484
0.3028
0.1544
0.4677
0.6859
0.4852
0.3376
0.3986
0.4307
0.2008
0.2854
0.7091
0.3029
1.015
0.2888
0.6467
0.5771
0.2892
0.8443
0.7414
0.541
0.6512
0.2264
0.2776
0.4078
0.8033
0.3362
0.4954
0.6881
0.5305
0.4725
0.2623
0.3285
0.3019
1.033
0.3578
0.3444
0.2654
0.4998
0.5166
0.854
1.042
0.449
0.4374
0.2781
0.3876
0.2713
0.295
0.703
0.2371
0.4247
0.2866
0.4568
1.006
0.9466
0.291
0.3604
0.1736
0.4278
0.4316
0.5257
0.8239
0.3691
0.3134
0.2752
0.6372
0.4797
0.6139
0.2436
0.2365
0.4862
0.2652
1.171
0.5946
0.2183
0.3639
0.2367
0.2699
1.034
0.3141
0.976
0.2519
0.7093
0.3413
0.2514
0.3931
0.3594
0.2799
0.6275
0.3167
0.3338
0.4766
0.8627
0.2322
0.2322
0.4228
0.3906
0.9966
0.6573
0.342
0.2841
0.5409
0.3526
0.6415
0.223
0.9817
0.2586
0.5274
0.2437
0.6789
0.4647
0.5676
0.8117
0.4811
0.2474
0.3751
0.9778
0.4401
0.3679
0.2221
0.2351
0.2324
0.2798
0.2849
0.2419
0.2715
0.5287
0.2282
0.3683
0.3386
0.3249
0.4431
0.5286
0.6704
0.3622
1.048
0.2097
0.7706
0.4994
0.4241
0.3474
1.005
0.3403
0.569
0.3586
0.2442
0.5922
0.5218
0.5546
0.371
0.2615
0.5204
0.8989
0.3376
0.6568
0.481
0.4176
0.5239
0.79
0.2746
0.671
0.26
0.3569
0.5118
0.2554
0.7921
0.5565
0.501
0.3601
0.4293
0.4624
0.3766
0.2526
0.3915
0.4705
0.3195
0.2168
0.3583
0.4288
0.3481
0.2145
0.717
0.6184
0.808
0.2709
0.1798
0.8151
0.3792
0.4012
0.3859
0.3958
0.5524
0.4172
0.2252
0.3484
0.4365
0.2833
0.4951
0.3364
0.7958
0.752
0.2409
0.4384
0.3675
0.3514
0.6362
0.2104
0.3952
0.3377
0.4054
0.5791
0.3138
0.3261
0.8962
0.9104
0.3735
0.367
0.864
0.491
0.3236
0.5595
0.5629
0.757
0.1899
0.3057
0.564
0.3383
0.2414
0.3888
0.2207
0.3555
0.6836
0.3419
0.3744
0.5769
0.2624
0.4244
0.4586
0.2522
1.037
0.3473
0.3122
0.4786
0.1974
0.2702
0.2544
0.4228
0.4034
0.341
0.9591
0.2523
0.6461
0.6853
0.4188
0.2428
0.6364
0.7435
0.47
0.425
0.3039
0.5363
1.052
0.6572
0.4887
0.2244
0.6054
0.2232
0.4885
0.2304
0.4764
0.5795
0.8576
0.5617
0.5146
0.4643
0.515
0.3187
0.5457
0.7469
0.3271
0.8406
0.8144
0.4557
0.4868
0.2956
0.7844
0.2526
0.2349
0.5678
0.6236
0.5853
0.9781
0.01335
0.3353
0.3687
0.3912
0.2195
0.5081
0.5903
0.4042
0.6879
0.2886
0.4113
0.3438
0.6186
0.2486
0.5416
0.7505
0.6669
0.3225
0.2241
0.2748
0.6365
0.657
0.3034
0.2888
0.369
0.2044
0.3483
0.3019
0.5191
0.3157
0.3087
0.315
0.328
0.3493
0.6327
0.3499
0.254
0.3512
0.4627
0.4497
0.2013
0.8269
0.7368
0.4065
0.4387
0.2988
0.7963
0.4097
0.3175
0.3917
0.7413
0.3945
0.9507
0.3092
0.2836
0.261
0.3775
0.3194
0.5067
0.6821
0.3251
0.727
0.5044
0.4839
0.6395
0.5344
0.3706
0.2617
0.5575
0.2621
0.3172
0.303
0.2853
0.5382
0.276
0.3664
0.5197
0.4799
0.212
0.3418
0.3102
0.294
0.3275
0.6503
0.4113
0.5184
0.6486
0.3718
1.08
0.6038
0.2761
0.5303
0.3693
0.7644
0.3622
0.6188
0.4324
0.652
0.5997
0.6028
0.5166
0.2341
0.4609
0.2745
0.4368
0.4694
0.3975
0.257
0.5727
0.5825
0.6157
0.5828
0.5865
0.48
0.919
0.4105
0.3174
0.4947
0.416
0.397
0.2656
0.5714
0.5866
1.024
0.8915
0.5562
0.4323
0.6423
0.307
0.2776
0.3456
0.2751
0.36
0.4013
1.121
0.2012
0.5239
0.3293
0.274
0.2395
0.6636
0.3483
0.6352
0.3129
0.2188
0.203
0.3322
0.2849
0.2164
0.7049
0.3546
0.4002
0.4011
0.3473
0.343
0.3137
0.5117
0.6474
0.3067
0.4236
0.4181
0.3244
0.62
0.6178
0.4567
0.3256
0.6784
0.3238
0.3619
0.786
0.3609
0.6412
0.2692
0.3729
0.6056
0.8976
0.6929
0.3746
0.234
1.362
0.7536
0.4161
0.51
1.134
0.3203
0.3209
0.575
0.5679
0.2274
0.3952
0.1791
0.4509
0.6815
0.5994
0.3223
0.3545
0.2764
0.3074
0.3261
0.5675
0.7598
0.4107
1.088
0.5978
0.4734
0.1693
0.5918
0.4338
0.921
0.9741
0.349
0.698
0.3715
0.363
0.4022
0.5724
0.6752
0.2708
0.2854
0.3989
0.283
0.3115
0.4619
0.4703
0.5468
0.5134
0.4861
0.9152
0.5511
0.5461
0.4542
0.7687
0.8977
0.5176
0.5155
0.3317
0.4618
0.8972
0.2784
0.381
0.2522
0.2849
0.849
0.3101
0.2486
0.6582
0.5015
0.3291
0.5052
0.558
0.2713
0.2535
0.6854
0.398
0.9533
0.3194
0.3237
0.6856
0.6054
0.4483
0.6232
0.5232
0.2159
0.6782
0.4937
0.2915
0.2924
0.4177
0.1656
0.3417
0.7144
0.4007
0.5444
0.6575
0.302
0.2269
0.433
0.2977
0.1865
0.5917
0.6569
0.4591
0.3056
0.6246
0.2111
0.3909
0.6674
0.2656
0.5298
0.5838
0.6817
0.5771
0.6
0.4798
1.158
0.6442
0.6491
0.2215
0.2769
0.4059
0.1585
0.2498
0.8906
0.7579
0.3229
1.039
0.2837
0.494
0.2576
0.7481
0.2932
0.3234
0.3495
0.4565
0.244
0.4463
0.4261
0.4761
0.2456
0.4981
0.4204
0.4299
0.4486
0.9216
0.4114
0.8347
0.6116
1.066
1.204
0.7709
0.6074
0.3573
0.6603
0.8459
0.9655
0.393
0.5844
0.5389
0.5931
0.4652
0.5933
0.4705
0.309
0.5407
0.3454
0.6191
0.4895
0.2624
0.3966
0.214
0.5423
0.2424
1.149
0.259
0.4779
0.4951
0.2183
0.4393
0.3592
0.3025
0.4873
0.6216
0.3124
0.4879
0.449
0.2818
0.8033
0.3023
0.4444
0.4921
1.063
0.2249
0.5982
0.2804
0.4245
0.3543
0.6329
0.4911
0.2431
0.2548
0.4593
0.7254
0.5948
0.4848
0.5959
0.2193
0.6886
0.5874
0.2398
0.4637
0.3373
0.2058
0.4948
0.4187
0.2312
0.3271
0.4595
0.3328
0.324
0.5985
0.2594
0.439
0.2162
0.5691
0.3198
0.3545
0.2784
0.2387
0.3655
1.304
0.868
0.2803
0.4016
0.5494
0.3215
0.5721
0.436
0.4039
0.4165
0.183
0.2146
0.5316
0.4593
0.2819
0.3204
0.491
0.2222
0.4067
0.5449
0.5596
0.208
0.4
0.3273
0.6257
0.4779
0.3036
0.5
0.2575
0.3075
0.3052
0.3986
0.5916
0.7064
0.7359
0.5317
0.7417
0.4037
0.976
0.4899
0.3902
0.2547
0.285
0.2972
0.2829
0.4161
0.2183
0.2254
0.2998
0.9971
0.7192
0.7036
0.6909
0.4604
0.7298
0.6055
0.4176
0.5969
0.2083
0.356
0.462
0.363
0.275
0.7026
0.3619
0.2973
0.2726
1.138
0.4986
0.5969
1.026
0.5323
0.3879
0.2982
0.1838
0.7587
0.6016
0.5876
0.5243
0.3317
0.2972
0.3077
0.6436
0.5191
0.3883
0.4635
0.2083
0.2282
0.7587
0.6758
0.3729
0.2375
0.5201
0.3626
0.9858
0.4713
0.5992
0.576
0.2581
0.3095
0.3573
0.6971
0.4897
0.2065
0.9343
0.315
0.3289
0.2523
0.8911
0.2472
0.3664
0.2623
0.7082
0.2297
0.2593
0.3621
0.4923
0.6836
0.5525
0.8545
0.5349
0.4831
0.6917
0.612
0.8141
0.3594
1.171
0.6091
0.3239
0.974
0.473
0.5835
0.6841
0.7492
0.4476
0.2712
0.5465
0.7529
0.7094
0.3506
0.2344
1.134
0.5143
0.4079
0.2933
0.6753
0.2321
0.3159
0.9502
1.235
0.5998
1.102
0.3374
0.9043
0.6492
0.3119
0.932
0.282
0.8655
0.3022
0.2668
0.5854
0.8541
0.3218
0.5899
0.3003
0.3388
0.4876
0.3955
0.5476
0.386
0.4083
0.5608
0.3232
0.251
0.2814
0.3757
0.5395
0.2332
0.2473
0.454
0.4977
0.7482
0.6681
0.6215
0.361
0.7965
0.4799
0.4524
0.6795
0.3515
0.2218
0.2495
0.2305
0.3953
0.2313
0.4699
0.3654
0.6013
0.3386
0.2127
0.6592
0.4096
0.46
0.3525
0.4644
0.5358
0.5483
0.469
0.2719
0.649
0.234
0.4755
0.4137
0.5819
0.6154
0.9267
1.014
0.3693
0.4868
0.2281
0.5805
0.2616
0.3819
0.4328
0.8547
0.2668
0.6509
0.5633
0.4504
0.2752
0.4081
0.2562
0.3336
0.8164
0.8029
0.5057
0.6232
0.5258
0.602
0.5587
0.7746
1.178
0.1904
0.2924
0.3077
0.3265
0.3362
0.3334
0.3386
0.9375
0.8974
0.6344
0.7213
0.258
0.2626
0.2275
0.8327
0.5544
0.9179
0.4834
0.3296
0.2839
1.183
0.4849
0.4109
0.3917
0.4438
0.6568
0.2995
0.2507
0.2731
0.3507
0.3805
0.3122
0.417
0.5106
0.4609
0.3257
0.2268
0.4021
0.3078
0.2219
0.5893
0.7571
0.3455
0.3078
0.4322
0.3769
0.4309
0.3576
0.3179
0.2979
0.3483
0.3143
0.3058
0.4107
0.343
0.2583
0.4186
0.3285
0.938
0.3826
0.2676
0.8587
0.4914
0.4624
0.2173
0.5296
0.6154
0.3509
0.3488
0.4193
0.5794
0.276
0.3974
0.3153
0.8047
0.2252
0.5747
0.3615
0.2278
0.42
0.2755
0.3016
0.969
0.5648
0.4696
0.1711
0.621
0.5762
0.2193
0.8511
0.2474
0.2375
0.4346
0.3092
0.9839
0.2993
0.2353
0.2311
0.3524
0.3168
0.2066
0.7241
0.3199
0.3234
0.8708
0.3991
0.3168
0.7117
0.944
0.3595
0.659
0.3305
0.4065
0.3541
0.245
0.4727
0.2616
1.088
0.7312
0.5803
0.6118
0.8071
0.421
1.006
0.7154
0.4192
0.6019
0.4306
1.023
0.4958
0.6171
0.572
0.7907
0.2164
0.3448
0.3721
0.447
0.2238
0.4137
0.3127
1.276
0.7367
0.8765
0.4309
0.233
0.3435
0.6561
0.3092
0.6404
0.5329
0.5446
0.2049
0.403
0.3517
0.2548
0.8084
0.2953
0.5225
0.3189
0.6167
0.3342
0.3237
0.3517
0.4444
0.5183
0.4953
0.5504
0.5918
0.685
0.3301
0.2696
0.6091
0.3089
0.4566
0.7171
0.4816
0.4522
0.5441
0.4181
0.2049
0.868
0.4246
0.266
0.6098
0.2139
0.433
0.3574
0.5381
0.2963
0.2452
0.4495
0.4781
0.6985
0.1996
0.5835
0.2617
0.2605
0.2965
0.223
0.2501
0.869
0.7146
0.9735
0.4831
0.7147
0.4346
0.384
0.7708
0.6353
0.4369
0.2526
0.7997
0.3628
0.5786
0.2479
0.7051
0.5085
0.2709
0.4686
0.1843
0.3736
0.98
0.555
0.7606
0.5192
0.5784
0.5786
1.018
1.166
0.2551
0.3407
0.259
0.784
0.5913
0.4344
0.2428
0.5716
0.6334
0.5969
0.4058
0.3274
0.5823
0.3388
0.1982
0.8685
0.3618
0.5719
0.2882
0.1735
0.2314
0.3479
0.3092
0.4715
0.447
0.4514
0.318
0.5233
0.3589
0.3205
0.5474
0.4259
0.4016
0.9587
0.8344
0.7487
0.553
0.6117
0.3719
0.3436
0.3668
0.1945
0.5764
0.2488
0.2375
0.2612
0.1495
0.5112
0.7255
1.083
0.6064
0.2468
0.4212
0.3147
0.2113
0.4923
0.2767
0.6056
0.6146
0.88
0.5624
0.4794
0.3278
0.4435
0.3317
0.5489
0.5425
0.2945
0.4838
0.4069
0.4717
0.5638
0.6873
0.4234
0.2124
0.4632
0.2532
0.6717
0.6815
0.3919
0.2264
0.8143
0.8871
0.659
0.5415
0.2014
0.3206
0.8893
0.2545
0.454
0.8197
0.4641
0.02259
0.2853
0.5501
0.8805
0.7428
0.6139
0.594
0.5374
0.4387
0.5441
1.159
0.2712
0.3256
0.507
0.7483
0.3685
0.244
0.6065
0.3363
0.5081
0.4662
0.281
0.871
0.3734
0.2653
1.215
0.915
0.6552
0.5729
0.3295
0.6105
0.2596
0.2823
0.3306
0.2679
0.3569
0.3553
0.4681
0.4754
0.5644
0.5019
0.5755
0.4156
0.6929
0.5349
0.4262
0.3094
0.2619
0.7641
0.162
0.7051
0.3349
0.3682
0.6537
0.7067
0.2699
0.405
0.6645
0.3143
0.3457
0.5173
0.4044
0.72
0.361
0.8236
0.3756
0.3116
1.069
0.9604
0.6219
0.5376
0.5274
0.5961
0.362
0.203
0.3535
0.3787
0.2341
0.2069
0.5162
0.6312
0.5451
0.5074
0.934
0.6148
0.2908
0.6209
0.6522
0.4928
0.3696
0.4159
0.517
0.2403
0.4461
0.283
1.125
0.2853
0.2988
0.2638
0.3481
0.2988
0.5039
0.4959
0.2432
0.4832
0.6259
0.4196
0.3092
0.2223
0.2756
0.3538
0.2545
0.3786
0.6034
0.5585
0.4721
0.4644
0.3413
0.7396
0.4006
0.2141
0.6329
0.6293
0.1688
0.245
0.8514
0.3327
0.5562
0.3579
0.5907
0.6476
0.6616
0.5331
0.9963
