3.404
1.381
3.324
4.022
0.8125
2.923
1.871
2.885
1.625
3.625
3.867
3.651
2.134
2.431
2.935
3.77
2.96
4.065
2.686
1.943
0.0
1.403
3.623
0.0
4.141
2.289
0.0
0.0
3.417
1.347
2.629
2.646
1.43
2.908
2.574
3.369
1.41
4.249
2.868
3.666
1.269
3.173
3.092
2.88
2.295
3.77
3.841
3.85e-07
3.429
3.769
3.777
3.932
2.818
3.011
1.203
0.0
2.771
3.137
2.168
2.424
3.511
2.883
2.818
1.048
2.431
5.296
0.7834
3.052
4.192
2.965
3.623
3.429
2.622
3.392
3.642
2.678
2.883
3.425
3.259
3.153
1.445
2.214
0.9004
2.137
1.625
4.703
1.41
3.051
2.868
3.673
4.898
1.909
3.015
3.979
2.179
3.706
2.559
1.795
3.272
1.274
1.338
3.886
4.562
3.445
3.888e-07
0.7366
3.879
1.481
3.44
3.832
3.671
4.585
1.397
3.108
5.128
2.431
1.476
3.606
1.297
1.379
2.358
2.712
3.153
3.882
3.987
4.141
2.352
1.097
0.655
3.808
3.449
3.207
2.179
0.9488
2.166
3.263
3.619
1.37
3.052
4.055
3.457
0.0
3.153
3.689
3.776
3.381
0.0
3.763
1.41
4.443
3.015
3.908
2.056
3.933
1.679
3.272
3.625
2.888
1.701
2.196
3.493
3.867
4.395
1.586
3.429
1.374
1.311
1.701
4.014
3.381
4.078
3.764
2.431
2.168
0.0
2.363
3.607
4.181
1.591
2.883
3.889
1.668
4.174
2.883
0.9004
0.7653
3.968
5.26
4.163
2.933
3.404
4.543
2.605
3.479
0.9483
2.265
2.957
4.067
2.263
3.324
1.666
1.625
3.373
1.625
2.98
3.06
4.188
1.265
2.574
3.444
3.738
4.958
2.25
3.146
1.017
3.77
0.9764
3.73
1.94
1.403
2.021
4.068
1.617
4.071
2.39
2.98
1.228
3.328
3.518
3.427
3.496
2.943
3.03
0.8874
1.311
3.715
2.971
4.284
3.675
1.409
3.752
1.143
4.5
3.36
2.105
1.901
3.045
2.312
3.517
0.0
1.298
2.609
4.405
0.9533
3.884
1.192
2.45
1.539
4.654
3.326
2.186
1.825
3.162
3.026
2.168
4.693
3.368
4.409
2.174
4.313
0.9311
3.971e-07
1.297
3.866
3.414
4.42
4.303e-07
4.084
3.623
3.528
4.627
2.855
3.03
2.973
0.0
3.472
1.591
2.918
2.546
3.529
4.325
3.401
2.88
2.39
2.794
1.751
3.035
3.623
4.195
3.11
3.776
2.433
1.71
3.745
0.8022
2.133
3.217
3.291
4.607
3.352
2.074
3.445
2.728
3.892
0.0
2.021
3.457
3.79
0.0
2.818
3.758
3.849
1.476
2.493
1.988
4.109
4.716
3.406
3.947
2.458
3.618
2.284
3.26
4.545
4.379
2.31
2.956
2.847
3.391
2.718
2.574
3.051
3.162
1.236
1.41
2.558
3.923
2.495
3.823
2.094
3.678
4.15
0.0
3.776
3.995
2.535
3.44
4.167
1.895
3.911
0.0
1.381
2.09
3.429
4.532
3.333
0.0
3.776
2.494e-07
3.782
3.151
2.944
2.032
3.155
3.284
3.771
1.939
2.289
4.243
0.9488
1.371
3.412
0.0
2.896
3.225
1.957
3.49
2.85
2.335
4.16
4.067
3.429
2.685
3.908
1.048
4.444
3.215
3.659
2.657
5.057
3.118
3.436
1.238
1.591
3.6
3.411
1.43
2.168
2.074
1.069
3.77
3.842
1.791
2.494
3.831
4.078
3.647
3.422
3.475
2.716
2.289
1.222
3.054
1.93
0.0
0.0
3.444
3.845
1.236
1.877
1.767
3.59
2.941
3.368
3.779
3.687
4.346
2.728
4.347
4.255
3.153
3.449
3.108
3.081
1.959
4.5
3.161
3.48
3.439
1.371
3.48
1.236
3.703e-07
3.11
1.533
0.0
4.006
3.78
3.117
0.0
3.862
2.944
2.168
2.445
1.412
2.383
3.137
1.791
1.783
5.202
0.9764
3.535
3.373
3.921
1.297
3.368
3.896
2.796
1.525
3.426
3.891
3.729
3.01
3.334
3.162
3.148
3.8
3.445
4.078
1.858
3.303
4.395
1.787
3.368
1.069
3.567
2.433
3.563
2.168
3.471
3.368
3.344
3.583
1.996
2.952
1.176
4.329
3.554
1.907
1.533
2.86
3.809
2.168
3.137
3.3
3.876
0.4729
3.682
1.756
1.71
3.337
3.005
3.062
1.907
3.108
2.716
1.791
1.721
1.541
3.426
3.03
2.168
0.0
1.334
3.378
1.666
3.606
0.8022
3.922
2.527e-07
3.226
3.725
3.97
1.079
0.8149
1.429
4.906
3.109
3.44
3.85
3.473
2.96
1.767
2.96
0.8216
4.668
3.209
1.788
3.013
0.0
3.682
4.687
4.204
2.712
3.54
3.138
2.246
2.737
3.635
4.7
3.108
3.138
2.868
1.641
2.448
3.399
2.437
3.776
3.426
2.186
1.023
3.645
1.625
4.036
1.791
3.083
4.315
2.855
2.289
0.9004
1.586
2.675
3.24
3.315
3.493
1.124
3.517
4.065
1.124
2.284
3.368
2.944
4.531
3.923
3.703e-07
4.043
1.59
1.668
4.126
3.269
2.388
2.796
2.179
3.11
3.224
3.368
3.11
2.265
0.0
2.91
4.319
2.993
3.165
3.341
2.712
3.645
2.737
4.168
3.77
2.263
3.422
3.614
4.511
3.394
1.996
2.745
1.767
3.866
3.069
3.026
3.609
2.889
3.866
2.843
4.414
2.96
2.431
1.666
3.994
1.56
3.273
1.825
3.601
2.605
3.776
1.287
4.19
3.77
1.516
4.694
3.072
3.462
2.45
1.925
4.958
3.368
3.827
3.926
3.144
1.562
3.061
2.546
3.929
1.983
3.566
3.779
3.026
1.485
2.927
3.449
2.431
1.238
0.0
3.898
2.52
1.236
2.021
2.263
2.168
1.688
3.971e-07
3.463
4.547
1.454
3.349
3.368
2.879
2.186
0.0
3.445
1.265
4.431
2.424
2.487
2.514
1.958
0.9483
4.001
3.074
3.445
0.0
2.592
2.082
2.947
1.335
3.545
2.313
1.236
1.873
3.971
3.604
2.762
2.214
2.09
1.825
3.673
2.117
3.541
1.779
1.293
2.653
3.153
4.319
3.495
3.192
3.667
2.228
3.212
3.035
4.517
2.186
3.604
1.953
2.99
4.466
4.111
4.482
4.083
3.11
4.764
3.798
0.5052
3.404
1.238
2.431
1.641
4.473
1.635
1.174
1.828
3.53
4.135
3.516
2.924
2.431
3.219
1.334
2.883
1.825
0.9483
2.375
3.029
3.746
3.378
3.427
2.81e-07
0.0
3.913
3.151
3.429
2.98
1.095
3.583
2.81e-07
3.518
1.936
1.379
1.983
3.333
3.724
3.198
2.597
0.0
3.03
4.494
3.257
3.426
4.09
2.701
0.7936
4.169
3.728
4.198
0.0
3.69
3.801
2.601
3.58
2.431
2.494
3.222
2.614
4.122
0.0
1.853
3.264
1.959
3.56
3.11
1.701
1.93
3.019
3.407
3.814
2.969
2.686
1.334
3.896
3.211
3.064
3.248
2.848
2.909
2.969
3.113
3.764
3.266
3.561
3.084
1.171
1.958
2.674
3.03
3.153
4.073
0.0
3.956
2.011
3.64
3.959
4.116
3.06
3.667
3.625
3.278
2.383
3.922
4.299
4.26
2.056
2.431
4.82
1.521
3.026
1.541
3.923
4.114
4.527
4.383
1.779
3.324
4.488
3.671
2.855
3.368
4.722
2.258
3.706
4.56
0.0
4.195
2.514
3.68
4.06
3.39
1.694
4.324
3.4
3.451
1.625
2.689
3.24
1.298
3.169
3.425
3.42
2.45
4.13
2.993
3.008
2.021
3.429
0.0
1.334
2.855
3.346
3.653
4.095
3.536
2.962
3.821
3.711
3.108
3.95
3.429
3.639
2.576
3.202
1.048
1.206
3.618
3.472
3.445
2.186
4.813
2.96
1.674
4.254
3.069
2.334
3.431
1.625
3.287
2.137
3.444
3.052
1.452
3.865
2.723
3.331
3.209
2.021
2.712
4.291
3.803
1.298
3.151
2.944
6.071
3.354
3.959
0.6066
3.324
3.54
1.635
0.0
0.9764
3.395
2.896
3.683
3.026
3.703e-07
5.355
4.0
1.959
2.574
4.133
3.211
2.923
5.584
2.117
3.77
4.272e-07
3.03
3.876
1.825
2.415
0.0
3.767
3.908
2.295
4.382
2.787
4.185
3.005
2.061
4.645
3.428
3.998
3.46
4.411
3.662
1.174
3.87
2.96
3.372
1.59
4.138
2.96
3.296
4.446
3.161
3.977
4.5
3.429
3.874
3.165
3.201
3.259
4.078
3.785
4.253
2.924
3.298
3.623
3.623
0.0
1.694
3.406
4.606
1.787
1.371
3.676
1.634
3.217
1.591
3.242
2.737
3.657
1.298
3.098
3.888e-07
3.855
2.387
5.885
3.404
3.102
3.074
3.3
3.138
3.902
2.946
3.303
0.5052
3.636
3.806
2.424
3.484
2.935
3.244
3.118
3.029
3.313
4.173
2.883
3.165
3.375
4.675
3.582
3.611
0.957
3.152
3.162
3.341
3.48
4.856
2.527e-07
4.078
3.912
1.409
3.328
3.022
2.884
3.602
4.426
3.165
3.771
3.354
1.206
3.429
3.983
3.426
0.0
3.015
4.956
2.193
2.352
4.388
2.082
2.633
3.725
3.392
2.737
4.742
3.337
2.168
2.82
3.426
1.048
3.182
3.989
3.828
4.289
4.172
3.245
2.363
2.576
2.387
1.558
0.0
3.64
0.6066
3.215
4.229
1.335
3.554
2.977
3.481
5.587
3.505
3.11
4.062
3.432
4.02
3.608
3.396
4.195
1.756
4.12
2.98
3.952
3.162
3.693
3.399
3.625
1.751
3.337
3.494
3.242
4.078
3.918
2.958
4.084
2.527e-07
4.436
4.045
3.429
3.813
2.614
0.4729
3.099
1.203
3.958
3.248
3.151
2.855
3.165
1.788
3.659
5.328
3.757
3.429
2.517
3.681e-07
2.934
3.534
3.593
1.779
3.11
4.444
3.648
3.607
2.883
4.159
1.953
1.668
4.423
2.81e-07
2.896
1.335
3.507
4.329
3.473
4.078
3.372
3.504
0.8216
3.538
3.359
2.96
3.717
4.506
1.335
4.562
3.975
2.387
4.201
2.431
3.11
4.935
3.511
3.46
3.068
2.397
3.429
2.883
3.638
4.078
0.0
3.409
3.588
4.284
4.995
3.768
1.59
3.511
3.42
4.154
3.34
3.006
3.608
2.848
2.48
3.211
4.491
2.946
3.896
3.959
3.856
2.312
2.021
3.077
3.497
4.446
0.8149
2.302
1.957
3.219
3.449
2.534
4.119
3.404
4.771
2.728
2.497
3.554
3.368
4.798
3.846
4.403
4.469
4.319
3.06
2.843
3.228
2.674
3.806
3.632
4.626
2.883
1.541
2.635
2.45
3.18
3.898
2.995
1.953
3.504
4.194
3.471
5.419
