12.32
14.09
11.07
18.35
19.94
8.923
12.73
16.17
9.106
13.32
24.01
22.5
13.44
19.0
15.49
0.0
21.76
14.83
16.92
7.463
16.69
19.49
8.843
12.0
17.17
11.1
12.17
13.83
15.15
8.442
18.04
0.0
13.79
25.76
28.0
9.538
17.07
23.7
18.8
10.78
0.0
13.96
17.93
21.47
22.74
13.47
0.0
17.03
15.76
14.55
19.99
19.74
12.88
5.009
30.8
0.0
13.79
0.0
12.79
27.66
19.33
44.91
19.39
24.68
48.34
15.61
22.77
18.66
12.69
0.0
0.0
15.51
18.23
17.35
23.8
29.04
15.87
16.58
11.0
11.99
18.64
23.26
17.46
21.56
0.0
15.59
10.21
20.66
29.04
22.94
11.01
16.07
18.26
16.5
22.62
19.02
17.6
17.18
17.29
22.53
18.67
16.79
20.31
10.99
15.8
23.69
17.67
32.02
32.24
12.07
15.76
17.04
31.8
20.38
16.38
0.0
12.94
17.82
59.03
26.55
12.78
9.164e-07
13.85
24.53
16.58
17.82
20.14
9.549
15.96
13.42
14.75
26.64
21.06
11.39
27.14
23.99
28.6
14.58
21.58
22.38
12.75
26.49
20.6
13.47
6.812
17.56
22.26
20.39
20.03
19.97
27.25
22.7
12.36
25.44
1.813e-06
18.37
24.45
26.3
16.54
17.72
23.84
26.61
19.9
21.23
18.44
24.75
14.06
8.804
20.9
24.98
9.373
8.478
32.2
19.74
20.69
19.2
24.24
39.44
24.5
9.662
22.9
13.73
10.04
17.46
19.44
15.82
22.37
17.11
26.77
25.59
15.34
19.53
36.23
20.43
22.84
9.803
17.14
29.78
14.43
13.97
21.25
30.24
0.0
32.31
11.03
8.998
30.14
24.45
17.85
19.23
20.51
22.69
19.3
34.01
26.46
23.4
28.42
23.26
0.0
16.15
29.68
14.14
32.98
59.03
18.21
12.28
15.18
21.78
26.88
11.36
17.72
13.61
28.02
12.13
0.0
15.09
23.88
32.43
20.27
21.4
15.62
17.89
10.37
25.85
14.34
33.55
22.14
31.14
29.25
26.82
13.93
17.02
23.46
14.09
16.65
22.65
30.03
13.76
18.94
11.44
27.5
15.85
19.24
19.76
27.24
20.27
18.78
16.72
46.04
27.66
16.05
20.39
15.87
27.86
22.72
19.18
27.05
22.53
22.66
17.73
21.65
22.2
44.73
36.41
24.77
19.11
22.09
40.14
0.0
23.07
23.83
28.19
17.96
19.15
42.57
23.24
27.67
20.23
30.77
24.52
33.12
34.06
27.08
23.95
19.95
31.18
20.09
23.08
27.95
32.87
18.22
6.822
33.91
30.45
33.74
14.87
35.93
38.45
32.23
25.4
19.88
29.68
18.15
23.66
21.83
34.86
26.53
26.12
22.54
15.09
19.25
12.46
21.91
30.56
14.21
25.02
13.61
30.61
24.53
11.81
18.44
47.21
19.95
26.92
18.17
33.46
28.64
18.41
33.61
43.22
18.88
38.11
17.42
27.15
17.78
21.61
17.24
18.17
32.98
26.96
24.77
39.66
24.9
27.52
35.27
18.42
14.35
38.72
19.99
25.53
22.01
30.49
26.98
17.04
19.58
22.27
9.703
25.56
35.09
21.75
22.73
11.16
27.3
21.13
18.34
37.76
39.2
33.9
25.94
27.94
20.43
18.28
16.47
1.073e-06
21.3
26.5
16.37
34.1
22.89
27.31
33.57
24.58
22.88
27.91
20.15
20.6
19.12
32.74
21.27
28.98
18.24
25.11
47.55
38.45
30.59
7.937
22.76
34.29
20.03
21.79
45.56
42.49
31.14
29.85
24.61
33.18
33.33
17.93
21.27
47.6
20.24
29.52
27.68
42.53
38.29
16.02
27.69
20.23
21.69
44.59
26.88
13.04
30.23
21.89
24.8
32.93
25.47
25.91
13.51
39.2
18.87
18.95
51.98
23.19
15.85
17.79
32.6
33.56
35.64
31.65
30.32
30.93
27.57
36.45
21.68
27.11
40.66
21.26
9.27
1.416e-06
37.08
23.2
14.28
20.17
24.83
48.2
23.05
23.45
33.57
53.91
27.61
20.0
18.29
16.42
45.41
29.46
18.68
31.8
29.52
46.19
32.37
20.49
21.25
25.81
30.55
21.02
20.36
30.56
19.02
29.61
34.69
31.01
43.82
29.53
24.02
22.89
33.06
28.4
50.28
17.52
24.7
22.39
29.02
30.92
20.96
23.35
24.6
18.98
21.82
24.71
14.04
29.31
22.85
20.34
25.63
31.27
45.72
25.82
25.72
24.63
41.08
33.34
33.58
31.53
44.75
23.01
16.26
23.17
28.01
29.32
21.42
26.78
37.77
38.54
38.62
36.05
50.1
21.41
37.3
42.92
19.19
31.03
15.99
32.11
24.39
25.77
28.48
34.0
29.91
34.08
34.44
22.12
24.16
24.28
32.48
13.28
25.39
34.12
28.96
29.81
58.25
32.31
37.21
34.59
28.49
40.7
29.47
49.37
23.52
38.32
32.46
23.42
24.94
55.85
32.22
31.18
44.45
27.72
24.16
31.24
34.36
26.86
24.04
45.77
34.31
36.51
40.32
32.67
45.55
45.46
35.07
36.8
37.2
45.96
34.38
35.24
27.0
42.93
35.96
24.34
43.63
37.0
67.37
26.78
19.61
31.22
28.6
24.03
11.55
39.16
38.97
58.52
25.22
24.6
36.98
32.55
43.36
26.19
25.92
38.81
23.87
43.17
28.05
25.8
48.44
25.1
64.62
58.42
24.33
22.02
32.73
26.78
23.22
37.19
25.44
33.49
25.7
16.92
22.49
36.48
22.69
19.9
26.3
20.94
31.76
25.17
39.94
32.44
25.44
27.33
21.68
16.6
36.21
28.24
32.76
40.2
29.18
38.83
34.18
37.29
23.24
28.56
38.99
37.24
42.26
30.9
33.22
31.21
25.71
37.95
57.44
43.55
35.93
41.31
36.52
21.67
27.95
21.46
35.97
32.71
50.44
52.77
34.12
7.39
19.5
57.04
44.63
38.3
38.96
30.06
37.44
33.75
41.29
37.23
26.08
42.99
37.35
36.05
23.16
36.32
26.64
30.71
19.13
39.64
26.11
34.25
35.95
34.91
21.14
25.01
43.48
31.57
17.26
37.05
35.81
21.29
32.2
34.05
35.3
32.14
29.33
26.54
30.62
51.47
47.27
22.63
46.96
31.35
49.06
37.35
26.52
39.18
28.43
20.54
25.22
24.7
33.5
38.42
42.12
25.62
43.65
23.79
32.13
49.99
29.13
60.54
31.6
47.61
24.98
29.91
25.89
34.17
43.59
32.46
29.28
38.81
30.13
24.33
35.71
48.45
32.98
57.43
39.68
35.66
35.08
55.61
28.93
42.33
25.31
37.41
32.64
58.62
34.75
45.84
35.32
38.91
26.54
54.45
43.56
31.83
31.8
33.29
37.21
28.46
24.01
16.45
13.93
0.0
0.0
12.51
10.61
15.83
6.755
9.364
9.364
10.89
20.54
0.0
0.0
22.17
14.0
0.0
10.68
7.355
4.516
0.0
16.5
10.19
9.499e-07
0.0
10.43
9.501
3.35
0.0
13.7
11.91
12.35
9.193
29.21
20.36
4.506
9.485
16.82
2.708
0.0
1.816
3.239
3.35
20.65
22.59
25.46
7.511
24.73
10.62
19.79
10.19
0.0
0.0
0.0
0.0
0.0
15.05
4.252
9.541
10.24
5.269
10.82
22.55
16.38
15.68
10.21
33.91
35.84
18.15
24.24
0.0
0.0
13.73
20.64
24.74
24.47
17.31
18.61
8.697
44.96
18.52
25.67
50.3
15.34
0.0
0.0
0.0
0.0
0.0
0.0
10.17
10.17
11.82
25.58
13.75
19.05
48.48
20.28
10.98
10.88
24.73
4.655
38.09
8.051
10.34
22.59
18.09
11.5
17.09
29.06
10.81
14.44
17.04
6.966
16.18
12.16
14.85
34.24
18.43
19.57
19.76
12.39
13.46
21.39
19.62
14.54
85.78
22.66
38.24
27.8
19.71
34.74
19.76
28.89
22.39
11.56
11.56
27.97
21.46
16.81
37.41
29.47
26.4
18.9
16.0
40.1
31.91
18.66
20.08
30.62
19.35
25.81
29.33
26.46
21.88
24.31
30.72
37.32
18.53
30.31
28.87
31.5
25.47
27.86
8.94
15.5
13.58
30.8
18.12
37.08
32.73
38.0
33.84
31.44
24.5
29.04
26.55
24.91
30.78
24.41
20.18
21.83
30.36
28.37
33.08
32.84
21.92
34.39
20.75
20.56
41.15
30.58
16.14
33.62
19.42
25.93
26.81
27.24
8.02
32.14
24.32
37.33
26.36
35.4
23.03
17.71
20.03
15.75
33.19
30.21
33.56
24.95
14.1
0.0
19.15
31.01
41.69
32.65
25.08
22.97
33.52
33.83
19.63
35.0
36.48
19.84
26.38
22.27
35.3
19.23
59.38
25.01
36.85
24.35
38.61
18.58
37.97
16.15
28.13
27.18
7.079
32.02
35.86
53.25
37.43
32.75
26.76
17.0
27.32
21.9
20.54
30.69
21.51
39.13
39.03
28.35
25.24
26.2
46.21
24.88
19.89
28.36
22.29
22.57
41.44
18.07
31.93
51.19
20.89
25.44
42.63
25.99
13.98
25.71
20.51
25.21
30.35
27.46
14.0
34.59
39.22
48.04
4.542
21.37
11.11
46.88
28.64
36.3
23.07
24.23
30.65
34.54
27.4
26.04
34.45
32.78
26.8
32.74
42.07
23.86
25.11
23.02
40.94
33.55
25.41
45.19
41.77
44.84
18.16
20.6
24.93
18.09
93.66
64.45
45.17
38.28
14.88
63.5
45.09
29.47
27.4
17.81
34.51
23.18
60.14
22.9
33.08
25.15
42.27
24.23
35.62
31.48
25.24
44.02
26.34
28.22
33.69
58.27
26.54
32.69
19.42
45.65
19.63
29.2
35.82
32.07
23.07
27.52
34.63
32.45
34.41
24.2
25.44
27.16
33.79
29.78
34.67
29.79
37.19
24.04
20.02
24.82
25.18
33.43
35.63
32.01
33.88
47.26
26.09
37.75
30.1
39.48
36.9
34.43
32.97
55.81
43.01
23.12
28.76
31.91
29.22
44.4
43.62
27.01
27.08
28.21
44.28
31.15
33.1
31.1
25.55
23.09
46.01
40.52
37.89
24.98
37.44
22.38
29.5
18.54
37.92
29.64
24.49
31.54
35.34
19.57
24.45
46.32
22.27
41.3
30.32
19.48
43.8
41.86
29.56
34.69
42.29
28.21
28.53
39.03
17.58
19.86
38.72
16.3
22.19
41.12
37.24
62.21
28.31
34.34
33.11
38.74
42.24
27.92
34.2
34.64
41.5
37.67
31.27
37.24
33.72
42.31
44.98
42.4
53.42
36.18
24.57
36.93
33.35
58.92
36.29
32.47
37.69
30.82
19.73
73.07
23.41
46.43
37.99
34.22
31.39
42.08
37.94
23.55
29.95
42.84
30.37
23.22
40.56
37.61
38.82
57.45
32.34
39.62
39.66
37.76
33.19
24.16
40.07
38.27
68.63
34.04
60.13
41.74
38.26
31.27
38.57
38.75
34.55
48.6
38.54
46.27
29.24
43.99
38.24
33.97
25.02
40.45
21.76
52.14
32.56
42.93
19.49
41.24
65.6
44.48
35.06
44.5
53.62
34.51
82.61
31.68
39.79
43.34
59.51
38.97
57.65
59.2
30.84
76.25
45.49
37.78
37.37
69.55
30.61
38.49
31.26
27.31
45.72
38.19
39.23
35.9
37.38
77.62
35.01
38.99
35.99
66.39
41.44
40.86
40.37
38.6
31.32
52.45
60.31
28.4
75.28
55.76
40.82
59.12
47.36
39.14
46.83
22.49
34.31
45.19
57.47
31.65
31.95
64.77
32.39
49.2
43.67
56.66
46.58
36.03
55.16
52.97
39.73
70.6
86.91
35.75
68.09
40.7
44.18
40.69
48.09
44.15
52.45
37.23
43.17
45.56
78.82
48.36
36.43
36.54
46.37
44.19
85.04
46.53
66.11
47.4
24.23
64.81
41.95
66.27
75.82
58.48
39.42
44.05
27.28
49.95
27.95
29.45
40.68
44.56
40.34
48.29
51.13
40.21
38.56
52.48
42.52
50.45
51.72
58.12
35.37
51.55
58.88
51.12
37.95
45.28
43.15
46.48
70.76
47.84
46.32
41.09
67.03
38.08
75.65
58.3
37.81
44.68
35.81
43.33
38.65
33.36
59.46
38.18
62.81
37.0
48.19
59.2
42.09
50.43
44.49
44.08
38.78
42.1
46.48
37.38
35.79
37.94
44.53
29.8
48.7
58.68
38.33
56.15
64.64
84.75
28.43
55.36
53.14
59.57
81.83
29.5
55.1
31.34
53.9
50.16
53.33
35.61
62.94
60.69
71.61
37.99
67.89
60.35
45.15
57.36
48.64
34.89
49.38
47.12
38.3
50.5
40.74
56.91
54.25
24.93
42.61
70.12
51.24
48.01
25.98
73.44
51.57
53.63
30.4
29.03
59.21
