32.46
31.46
34.25
34.85
23.77
40.33
28.19
38.36
14.08
34.28
36.81
39.32
20.58
33.63
31.56
27.35
39.62
40.55
32.24
36.81
28.75
29.83
31.66
8.898
36.22
34.5
16.15
27.52
40.65
35.25
35.58
35.1
27.46
29.03
38.31
39.23
34.72
31.88
25.14
38.86
32.88
40.42
38.93
44.3
35.76
20.71
32.55
28.68
27.61
33.57
33.6
36.41
38.98
26.15
32.84
31.21
38.96
34.76
25.33
31.41
26.3
34.98
32.27
35.76
25.73
40.45
20.64
15.21
41.25
42.55
29.88
33.38
37.71
38.67
44.39
42.17
29.72
33.08
40.62
35.46
33.18
24.84
41.93
15.05
34.08
32.99
39.2
25.55
29.59
35.5
39.88
35.19
29.22
33.5
26.22
16.71
34.58
33.38
40.86
37.52
34.38
20.56
28.89
36.32
40.4
38.99
22.64
18.62
30.95
14.39
34.85
37.37
43.34
28.83
30.34
32.87
28.05
36.34
37.96
35.96
26.49
25.8
26.58
32.34
31.76
31.23
37.82
34.92
35.01
34.7
27.15
31.87
29.5
34.06
28.78
36.91
11.71
21.72
33.42
40.28
36.7
32.01
14.12
11.76
26.99
27.97
31.75
28.71
35.61
29.64
22.62
36.86
22.01
39.5
31.83
31.77
41.85
37.35
41.32
34.01
42.19
12.27
36.03
40.43
41.42
38.28
37.97
43.2
43.65
36.14
34.73
29.17
29.82
33.8
34.36
16.48
28.84
37.69
30.63
19.67
19.92
46.54
30.81
37.57
27.45
36.04
39.85
35.83
25.6
35.65
37.13
43.18
30.1
30.52
40.17
27.55
29.95
30.63
38.18
26.5
25.04
32.91
21.0
35.32
36.63
24.8
28.07
37.26
31.58
18.32
32.54
26.38
36.6
37.12
38.52
31.25
34.98
37.72
27.47
37.27
34.6
25.2
29.02
23.28
28.8
35.76
35.35
46.86
31.68
26.5
26.95
34.45
24.96
32.79
38.22
37.84
26.33
36.01
41.1
31.81
30.78
22.65
32.13
33.69
36.33
41.05
36.05
26.08
38.31
9.956
39.11
35.06
34.2
37.23
39.06
33.28
29.42
30.61
20.08
33.56
39.62
33.99
36.02
28.44
39.87
34.03
32.02
28.46
38.5
23.0
39.74
31.53
17.41
32.07
41.28
39.98
29.18
33.8
30.41
17.3
44.67
33.3
31.36
34.8
12.26
37.34
35.64
34.87
33.58
34.06
28.41
31.02
16.61
36.67
32.25
38.19
28.07
22.91
30.56
40.88
34.23
16.61
31.12
31.53
32.87
23.19
35.26
41.63
41.46
12.45
37.75
39.56
35.19
18.3
36.6
37.89
40.26
38.25
31.26
27.7
38.37
35.85
40.56
38.42
31.54
40.41
32.29
36.21
19.3
30.21
36.43
37.17
30.36
31.7
28.74
30.58
34.24
36.33
38.24
29.81
27.32
35.45
34.92
36.18
18.62
35.61
28.87
36.86
37.86
26.04
34.27
34.16
35.12
30.23
37.2
28.82
35.64
36.3
31.12
31.47
30.13
27.02
36.27
32.96
32.34
32.87
33.64
28.3
25.69
27.78
30.04
35.94
38.83
42.46
35.29
30.89
28.73
27.47
32.61
38.87
31.96
32.06
36.6
24.95
30.88
20.55
43.18
36.96
32.57
23.39
23.64
35.25
40.78
35.0
30.66
30.89
10.98
16.84
35.47
16.73
34.34
39.24
28.03
40.34
28.35
37.64
26.72
40.92
36.0
25.22
26.62
30.5
40.12
40.55
18.17
38.16
25.71
16.36
34.8
34.29
40.24
24.09
15.46
42.27
37.52
20.39
31.76
30.51
39.23
38.44
36.36
32.77
16.76
25.16
39.73
36.86
24.01
38.61
31.54
37.88
33.12
19.04
37.36
27.93
26.73
31.84
36.8
17.94
35.32
27.39
31.41
33.59
30.19
40.74
36.66
30.35
39.49
37.48
41.36
35.77
40.88
34.52
38.94
30.05
36.43
1.375
33.84
32.06
36.08
31.73
33.25
33.47
28.66
36.33
28.34
24.61
34.59
35.03
32.97
28.31
29.62
34.33
35.23
37.45
34.57
30.75
35.99
38.02
39.44
35.01
27.8
21.66
37.5
34.91
31.85
33.38
22.29
33.17
33.36
34.73
34.27
26.62
32.71
27.37
23.52
22.13
37.86
37.82
33.3
31.53
35.16
29.83
38.63
33.72
28.04
40.88
41.81
30.59
29.74
31.66
32.99
33.74
31.0
30.99
30.02
31.77
41.28
23.51
26.79
35.03
25.15
36.91
30.99
29.68
35.53
29.63
14.6
27.7
32.78
38.64
33.44
41.34
31.64
30.14
37.7
41.62
32.16
37.44
26.45
28.74
32.34
32.58
27.71
39.06
32.47
40.57
28.56
34.53
37.24
34.55
32.84
24.89
39.58
38.03
35.03
28.91
25.25
23.02
31.0
39.08
24.39
16.59
36.7
28.16
35.98
34.33
41.68
41.3
22.92
20.58
38.44
22.62
25.25
33.16
31.81
34.71
39.1
27.66
37.05
23.18
33.61
31.92
35.67
29.35
37.87
30.46
24.19
35.85
35.67
37.45
31.09
44.22
31.01
26.57
34.91
36.39
40.5
33.5
25.42
23.44
29.27
31.56
32.07
31.23
30.84
29.02
21.24
21.07
40.86
37.14
35.35
34.89
37.4
29.23
26.19
25.58
38.35
31.08
34.49
33.04
41.25
30.12
31.38
30.04
37.71
24.78
31.9
30.9
23.28
29.78
40.34
27.8
30.72
34.48
21.06
26.44
32.03
34.47
38.36
32.72
36.78
32.02
34.46
34.11
31.23
33.2
24.0
34.32
23.83
28.31
31.08
42.54
12.65
32.88
38.38
31.74
19.57
42.66
36.27
26.81
21.28
37.99
23.83
38.67
49.4
16.01
37.76
31.5
36.29
34.81
32.92
37.68
29.33
21.71
40.65
36.85
23.58
36.08
32.82
28.77
31.93
37.35
46.15
27.43
26.01
20.72
32.2
49.61
34.95
26.63
34.43
43.75
28.06
24.53
37.26
22.74
28.07
36.02
40.88
36.2
35.38
37.25
25.29
35.55
29.43
42.94
34.8
27.93
34.22
33.93
32.99
32.39
38.46
30.63
32.84
37.46
41.22
28.54
33.3
35.15
37.34
25.0
37.26
12.73
31.02
35.79
24.48
42.02
21.22
31.53
32.15
36.69
24.27
21.08
25.4
20.44
33.62
36.63
34.97
33.36
22.29
38.93
37.05
37.09
30.44
39.19
37.1
34.26
33.67
44.21
36.06
23.41
36.26
31.98
31.96
8.172
32.28
39.78
37.22
23.81
41.7
14.56
39.76
19.63
40.82
29.76
31.31
36.45
34.4
22.73
30.9
33.8
33.49
35.22
26.89
33.72
35.45
23.97
30.44
34.63
25.25
34.96
41.23
45.94
44.17
34.3
35.48
21.59
35.41
36.32
28.21
40.45
41.27
36.92
36.18
36.6
27.95
39.43
37.79
38.05
33.97
24.43
35.57
28.07
33.79
26.4
33.76
19.6
32.02
28.49
30.25
37.51
26.21
35.15
8.76
36.29
26.75
36.08
29.46
29.0
35.95
33.23
32.19
28.02
26.74
42.64
34.19
26.52
35.72
32.52
38.89
35.63
29.99
28.61
24.03
31.13
37.07
36.53
21.4
39.41
35.16
27.45
37.83
24.15
32.25
37.0
37.15
30.73
36.87
36.37
28.66
39.0
18.14
10.88
34.33
22.92
25.0
33.92
33.67
26.12
23.8
37.84
29.34
14.42
40.65
48.54
39.94
28.33
40.67
26.7
34.54
38.46
29.14
39.0
18.12
32.74
40.19
35.62
31.64
16.92
33.71
31.9
18.15
30.91
33.31
26.78
21.99
34.87
24.35
36.65
36.47
29.21
18.41
32.99
24.81
35.96
23.41
37.96
30.92
32.09
37.25
24.12
37.91
42.67
36.47
34.06
14.78
27.05
42.15
39.16
37.02
16.76
39.26
32.56
27.66
32.25
23.16
43.13
30.78
28.75
34.31
26.95
34.98
20.12
28.82
41.05
29.94
28.28
34.14
32.8
31.83
37.82
31.67
34.04
40.6
33.18
17.56
34.46
33.76
35.12
38.02
29.66
38.11
34.43
39.12
34.99
31.81
35.59
41.73
28.63
29.7
29.34
37.33
33.86
23.28
39.95
23.58
26.12
45.9
26.01
26.12
33.44
37.4
36.55
46.54
35.78
34.8
40.07
41.43
25.2
33.69
17.12
30.16
28.84
29.78
34.88
36.2
35.03
33.13
33.57
29.75
26.12
38.13
33.97
36.5
34.33
33.0
36.56
36.95
37.49
38.76
35.18
34.77
42.99
42.52
23.88
35.93
37.1
31.06
47.38
24.54
38.28
40.54
14.92
9.462
43.73
44.49
37.96
28.79
33.08
37.27
25.19
37.47
40.5
40.65
36.23
39.65
39.34
27.93
36.48
39.11
35.0
37.21
17.11
31.02
40.08
37.15
36.17
35.31
37.41
31.5
32.72
23.3
30.77
37.21
33.16
34.42
35.39
35.88
33.15
28.77
35.59
24.78
35.19
31.65
32.5
35.82
37.31
24.54
35.18
43.11
33.89
27.74
35.94
27.33
25.28
39.97
30.8
32.55
21.37
31.24
32.14
23.44
23.7
29.28
37.31
35.94
23.59
29.71
32.03
29.33
44.87
35.85
33.78
42.63
34.48
31.12
31.83
33.43
30.19
49.44
30.26
25.01
23.55
31.25
34.3
33.36
39.37
40.27
30.28
34.72
21.43
29.68
28.27
37.98
40.26
35.35
16.91
27.72
38.35
37.19
34.09
34.14
25.75
34.33
27.73
39.21
34.77
34.13
34.99
22.34
32.03
44.0
38.85
34.85
33.25
36.66
31.29
35.7
28.82
26.36
32.72
40.37
28.35
24.48
33.97
41.49
39.49
31.24
40.3
19.89
36.3
35.53
30.96
30.11
29.73
15.26
29.69
36.24
27.76
38.08
28.93
43.23
20.79
37.97
40.2
35.43
36.79
38.22
34.07
32.06
31.07
29.3
24.39
37.84
35.06
35.77
21.66
17.35
27.83
38.87
39.13
32.42
27.97
24.94
35.67
39.9
22.13
32.38
28.82
26.41
36.55
31.36
35.34
37.24
42.75
37.51
38.76
32.28
38.63
31.1
33.25
34.16
36.8
39.72
35.7
16.75
28.7
15.92
32.67
28.94
31.53
20.19
33.24
29.39
31.19
31.68
23.29
28.22
26.05
40.25
42.3
45.91
22.65
33.12
28.52
23.61
36.8
37.97
38.66
28.86
39.35
28.8
7.768
32.15
40.6
29.42
31.65
40.5
27.69
25.49
37.75
37.85
28.96
36.88
26.89
31.93
30.12
39.83
32.1
42.63
29.01
29.12
35.49
27.08
28.97
40.14
38.2
34.83
29.61
19.35
17.29
25.08
38.57
40.66
24.31
32.83
40.77
40.49
39.6
44.58
37.58
31.6
35.19
33.37
31.9
27.35
24.06
17.7
35.11
32.69
33.21
37.95
27.06
21.89
33.88
31.41
33.13
36.41
43.8
27.32
23.56
25.29
30.2
28.23
36.45
28.37
30.67
27.7
43.02
36.43
39.16
36.72
33.32
33.9
22.72
30.32
33.98
33.57
35.68
27.24
37.62
36.13
36.4
31.63
26.79
18.85
31.08
30.8
27.95
36.42
37.53
23.31
38.37
39.06
43.48
33.86
40.51
30.5
33.13
28.27
39.62
31.69
25.58
33.61
25.57
25.57
23.63
32.57
32.31
24.99
36.19
36.34
34.96
34.96
36.43
28.89
31.38
43.86
21.88
36.94
32.96
29.51
24.99
44.65
42.5
22.04
29.44
35.45
39.95
43.75
33.48
32.08
36.81
33.93
31.89
34.75
27.25
31.55
44.11
16.57
32.52
34.56
29.86
33.73
22.28
34.02
40.61
28.91
35.09
36.05
33.87
24.3
27.38
34.62
38.97
27.41
26.18
36.12
41.37
33.67
36.89
28.29
31.18
22.23
38.84
16.05
20.65
27.94
12.58
15.97
12.48
16.45
30.45
31.69
39.99
28.36
37.25
26.39
31.33
36.27
27.34
32.72
32.38
30.41
23.33
24.66
27.03
16.04
30.63
24.74
27.59
19.26
34.31
35.01
30.77
19.35
35.3
39.04
32.21
35.26
29.44
35.02
37.46
42.39
27.59
35.12
33.65
36.99
41.64
35.95
35.35
34.14
37.23
29.63
39.42
39.45
35.38
1.43
30.15
25.69
34.55
31.93
38.58
33.61
14.3
33.25
25.12
41.96
32.22
27.34
35.79
40.17
31.93
37.25
43.7
36.06
37.48
39.66
38.78
41.69
27.03
37.89
38.12
42.56
37.69
32.34
33.21
32.86
36.77
34.82
32.97
34.8
40.81
17.11
37.35
36.49
31.39
28.22
32.35
25.15
34.96
30.95
24.83
38.68
34.86
37.07
20.97
30.64
33.02
32.6
28.73
35.95
41.55
31.67
24.55
18.66
41.5
32.87
32.06
41.39
24.13
29.2
35.89
40.12
35.42
48.58
35.56
40.51
36.94
36.58
31.75
32.59
42.4
31.98
25.25
36.67
40.25
35.33
33.19
23.67
38.82
29.6
42.54
25.53
25.25
28.0
40.77
22.49
41.09
31.62
32.91
30.99
34.19
41.9
34.07
35.78
34.77
34.26
32.1
23.51
40.52
31.32
34.75
29.21
18.22
37.17
37.32
40.36
30.48
27.94
32.32
33.62
34.73
27.36
20.77
26.41
34.49
20.97
34.45
34.5
29.15
44.23
33.63
28.68
28.05
29.05
32.99
21.72
38.82
34.72
36.71
