133.0
172.6
112.7
187.4
0.0
176.1
121.4
83.84
116.7
0.0
149.2
149.2
151.1
151.8
136.9
120.8
68.75
249.0
117.2
135.8
134.6
106.4
179.1
140.7
122.7
214.5
112.9
94.24
215.5
76.46
176.2
108.9
162.7
198.8
97.4
59.09
309.5
163.7
128.6
81.18
162.9
29.27
0.0
113.4
63.64
257.4
0.0
119.6
165.9
241.1
139.1
82.51
76.43
0.0
138.3
112.6
71.25
69.97
93.51
92.67
97.11
116.1
78.65
131.4
90.54
106.8
148.2
119.7
122.3
80.05
276.3
0.0
75.19
60.51
0.0
132.8
119.3
141.7
0.0
100.8
198.3
88.19
92.07
171.5
144.2
132.2
110.4
91.72
140.7
89.94
89.55
152.6
0.0
70.63
129.1
145.5
74.16
179.8
75.79
205.3
80.94
95.69
78.06
106.6
84.56
84.56
167.3
178.1
165.2
69.15
0.0
74.75
76.45
76.45
159.2
62.75
55.5
61.76
101.8
101.8
90.69
88.04
60.51
0.0
77.46
7.509e-06
178.5
108.3
137.2
138.6
0.0
80.53
0.0
216.1
216.1
0.0
91.6
78.31
101.5
4.821e-06
4.679e-06
191.6
151.5
153.9
55.62
163.3
0.0
86.59
0.0
88.42
94.23
94.02
66.81
86.28
100.1
74.2
109.1
0.0
0.0
129.8
254.2
199.9
180.2
141.9
50.37
0.0
62.98
29.27
3.386e-06
151.7
160.1
102.8
0.0
0.0
4.683e-06
63.64
174.8
120.5
89.54
129.5
91.62
0.0
97.28
23.72
78.24
61.46
76.86
0.0
62.82
73.96
185.2
82.48
0.0
92.99
57.98
76.86
89.29
0.0
4.111e-06
118.8
123.5
138.0
98.16
0.0
81.19
99.67
0.0
77.69
81.5
73.49
91.63
0.0
0.0
55.62
135.4
0.0
37.3
80.85
81.25
0.0
0.0
73.49
64.41
114.4
0.0
0.0
23.72
88.58
88.58
127.6
87.89
0.0
0.0
76.19
101.3
52.57
166.2
92.02
162.7
145.6
0.0
0.0
92.56
0.0
42.77
58.59
107.0
126.8
0.0
0.0
0.0
135.3
0.0
77.56
88.37
0.0
48.37
0.0
78.21
146.8
112.4
2.867e-06
73.41
0.0
70.63
171.1
74.85
59.41
0.0
132.0
48.61
76.66
89.01
136.3
23.72
69.63
167.1
0.0
86.66
64.17
57.98
0.0
23.72
85.33
75.41
63.64
126.3
79.48
77.09
136.3
103.7
66.59
60.34
144.9
148.4
70.63
133.1
0.0
105.2
103.0
82.51
116.1
1.884e-05
134.0
84.21
108.9
96.2
156.2
50.84
153.2
257.7
118.4
98.98
134.9
240.5
71.87
0.0
133.6
0.0
158.0
165.2
0.0
164.6
93.17
59.66
168.9
140.8
99.3
124.2
99.37
155.8
149.0
128.4
93.78
230.4
68.1
192.8
159.2
136.8
55.13
72.06
0.0
214.2
115.4
242.9
187.9
149.7
94.07
0.0
145.8
62.27
8.3e-06
101.6
305.8
204.5
65.03
140.7
0.0
0.0
234.7
98.42
163.0
125.4
166.0
141.5
122.6
160.9
0.0
222.8
140.4
4.731e-06
161.5
167.8
8.36e-06
138.0
215.2
187.4
202.8
66.81
0.0
172.7
194.5
0.0
1.381e-05
6.957e-06
0.0
159.8
1.103e-05
226.3
149.5
146.0
64.99
122.5
135.6
75.03
170.7
0.0
193.4
162.8
149.6
146.7
105.7
64.94
226.4
93.47
191.7
56.78
0.0
186.0
99.44
82.94
172.9
69.09
36.63
36.63
0.0
245.0
120.0
32.01
88.25
77.95
82.52
90.38
180.4
135.6
169.8
0.0
64.63
170.5
51.4
95.55
142.3
91.98
145.3
82.3
169.8
70.0
23.72
57.19
71.8
203.5
160.7
119.9
88.11
190.6
186.2
139.5
70.54
242.0
203.7
232.7
2.287e-06
60.29
65.06
203.7
210.6
207.5
121.8
186.7
283.0
157.9
0.0
197.4
145.5
56.98
213.2
220.4
128.0
224.3
234.7
110.4
139.2
163.3
137.3
229.2
253.8
253.1
55.62
23.72
0.0
230.9
51.31
179.0
248.0
83.79
87.05
244.2
143.4
154.5
198.4
245.9
220.6
201.2
197.7
143.0
145.9
91.67
190.7
173.1
202.7
