1.014
2.124
1.328
1.677
1.935
1.02
1.193
1.965
1.267
1.828
0.4471
1.219
1.486
1.569
1.684
0.0
1.42
1.374
1.533
0.738
1.92
0.08408
0.8134
1.837
1.65
1.087
1.391
1.484
1.24
0.7871
1.846
0.0
1.16
1.204
1.534
0.6383
0.9526
2.048
0.1897
1.207
0.739
1.408
1.32
2.143
0.09081
1.797
0.0
1.441
1.655
1.954
1.463
1.94
1.216
0.5068
1.517
0.0
1.408
0.0
1.159
1.615
1.305
0.6792
1.293
1.801
2.535
1.311
2.077
1.904
1.592
0.0
0.0
1.53
1.568
1.543
1.988
2.353
1.217
1.488
1.043
1.186
1.459
1.918
1.813
1.556
0.0
1.242
0.8803
1.835
2.015
2.21
1.156
1.197
1.315
1.623
2.075
1.548
2.294
1.503
1.61
0.6807
0.9931
1.565
1.952
0.8349
1.604
2.271
1.351
3.235
2.954
1.32
1.838
1.484
1.122
1.246
1.11
0.0
1.133
1.741
2.475
2.667
1.314
1.982e-07
1.276
1.8
1.42
1.528
1.791
0.7816
1.523
1.033
1.472
1.924
2.01
0.8366
0.619
1.621
2.273
1.696
1.988
1.926
1.211
2.038
2.228
1.674
0.7253
2.377
1.681
1.841
2.057
1.904
1.655
2.469
1.134
2.08
2.406e-07
2.018
2.151
1.081
1.836
1.378
0.6384
2.237
2.007
2.004
1.713
2.589
1.514
0.8694
1.665
1.841
0.87
0.8517
2.004
1.352
1.644
2.466
2.334
2.578
2.149
0.771
1.535
1.18
1.118
1.654
1.92
1.565
1.391
1.54
2.599
2.446
1.291
1.679
3.068
1.707
1.485
0.9254
1.629
2.596
1.558
2.06
1.952
2.072
0.0
1.7
1.095
0.7749
2.304
2.692
1.286
2.523
1.767
1.158
2.245
2.06
2.049
2.06
2.776
1.777
0.0
1.071
2.576
1.389
2.345
2.475
1.418
1.812
1.424
1.492
2.014
1.111
1.939
1.187
2.394
1.426
0.0
1.885
2.279
2.575
2.021
1.846
1.537
2.485
1.132
1.127
0.9351
3.195
1.88
2.069
2.152
1.849
1.275
2.166
2.04
1.122
1.785
2.449
2.607
1.533
1.81
2.269
2.151
1.835
1.737
1.462
3.573
2.34
1.546
1.766
2.706
2.337
2.005
1.881
1.688
2.133
2.541
1.561
2.035
2.355
2.111
1.499
2.986
2.134
2.373
2.41
2.033
2.349
1.911
3.114
0.5415
1.596
1.788
1.819
1.422
2.145
3.394
2.342
2.584
1.961
2.828
2.464
3.399
1.822
2.131
1.929
2.11
1.747
1.706
2.409
2.344
3.325
1.998
0.8767
2.039
2.19
2.59
1.594
1.817
3.528
3.027
1.766
1.876
3.102
1.809
1.291
1.68
3.112
1.87
1.639
2.428
1.408
1.472
1.32
1.895
1.533
1.494
2.842
1.041
3.12
2.292
1.553
1.788
2.611
1.39
1.638
1.433
2.532
2.694
1.993
2.485
3.425
1.918
2.418
1.493
2.513
2.035
1.991
1.157
2.338
2.937
2.283
4.458
2.551
2.299
2.484
2.787
2.318
1.823
3.291
2.323
2.786
2.372
2.603
2.384
1.252
1.75
2.089
0.8195
2.484
2.033
2.153
2.245
1.386
2.204
2.095
1.904
1.945
3.627
2.803
2.138
3.282
1.767
1.369
2.32
2.07e-07
2.472
2.327
2.026
3.121
2.607
2.419
1.968
2.559
2.412
2.026
1.868
1.354
1.834
2.71
3.159
2.43
2.209
1.824
2.049
3.133
3.225
1.564
2.255
2.877
1.687
2.117
3.089
3.219
2.602
2.393
2.174
2.625
2.353
1.595
2.14
3.632
2.286
2.398
2.079
2.702
2.562
1.861
2.531
2.042
1.945
2.192
3.612
1.287
2.358
2.309
1.949
3.029
2.287
2.728
1.631
2.96
1.697
1.679
3.855
2.16
1.62
1.431
2.894
3.112
3.163
2.857
2.389
2.798
2.356
2.47
2.122
2.467
3.28
2.772
1.091
2.305e-07
3.328
2.377
1.363
2.226
2.189
3.232
3.126
2.564
2.674
4.211
1.805
2.932
1.45
1.82
3.435
3.715
2.372
2.623
2.772
2.256
3.496
2.33
1.832
2.415
2.429
1.801
2.759
2.675
2.188
2.524
3.967
2.984
3.322
2.414
2.524
2.076
1.855
2.427
2.723
1.368
2.959
1.787
2.706
3.31
2.397
1.982
2.482
2.309
3.118
2.174
1.132
3.258
1.841
1.221
2.605
2.484
3.51
2.557
2.203
2.547
3.861
3.777
3.111
2.998
3.221
2.011
1.538
1.909
2.87
2.515
2.411
2.309
2.254
3.706
3.155
3.181
3.313
2.089
2.55
3.698
2.357
2.813
1.388
2.517
2.504
2.706
2.903
2.931
0.9062
2.523
3.141
1.702
2.176
2.418
3.275
0.9164
2.426
2.799
3.196
2.348
3.099
3.51
3.245
2.275
2.703
3.152
2.785
3.05
2.265
3.963
3.979
2.343
2.769
3.723
3.08
2.491
3.173
2.727
2.742
2.662
1.86
3.385
2.531
2.703
3.313
3.044
3.515
3.231
2.98
2.847
3.365
3.897
3.246
3.362
3.258
3.035
2.637
3.162
3.303
3.085
3.33
4.377
3.446
2.012
2.048
3.923
2.764
2.933
1.458
4.193
3.408
4.789
2.671
2.226
3.824
2.237
4.168
3.275
2.457
3.562
2.005
2.807
1.891
2.777
3.833
2.267
3.979
3.322
3.058
1.929
2.534
2.837
2.735
3.461
2.569
3.084
2.928
1.773
1.567
3.419
2.147
1.948
2.577
1.304
2.937
2.726
3.499
3.3
2.07
2.153
2.249
1.756
2.981
2.569
2.818
2.983
2.313
2.746
2.636
3.015
2.655
2.988
2.906
3.218
4.018
2.954
4.283
3.17
1.899
4.542
3.929
2.911
3.488
4.149
3.106
2.48
3.181
2.221
2.996
2.564
4.301
4.864
3.335
0.7579
1.653
3.503
2.704
2.758
2.59
3.358
3.501
3.169
3.388
3.461
1.979
3.073
2.516
3.495
2.867
3.486
2.205
2.453
1.555
3.05
2.227
2.88
2.904
4.023
1.583
2.524
3.505
3.473
2.271
3.005
2.084
2.352
3.3
3.688
3.396
3.07
2.553
2.351
2.195
3.31
3.424
2.367
4.137
3.264
3.362
3.361
2.521
2.714
2.47
2.882
3.228
2.617
3.435
3.431
3.96
2.613
3.455
1.968
2.602
5.428
3.899
4.373
3.221
3.27
3.289
2.818
2.864
3.955
3.477
2.547
2.938
3.064
3.024
2.044
2.356
4.704
2.713
3.831
3.783
3.786
3.283
5.886
3.001
3.628
3.136
2.533
4.652
4.907
2.711
3.07
2.763
3.21
2.485
4.446
3.967
3.312
2.611
2.818
3.899
3.337
2.781
1.517
2.6
0.3365
0.4133
1.501
0.974
1.484
0.7221
2.496
2.5
1.202
1.813
0.0
0.5445
1.65
1.23
0.0
1.557
0.6115
0.9929
0.0
1.301
1.442
4.372e-07
0.0
1.086
1.163
0.8138
0.8283
0.6389
1.51
0.998
0.7896
1.973
1.462
0.8894
1.675
1.84
0.9154
0.08756
0.7753
0.7299
0.8147
1.519
2.187
2.298
0.9936
2.168
1.442
1.462
1.442
0.08232
0.2024
0.1148
0.1148
0.08232
1.366
0.8936
1.861
1.504
0.9404
1.426
1.357
1.712
1.22
0.617
2.173
1.261
1.804
2.348
0.7957
0.7957
1.337
2.336
2.39
2.523
1.384
1.344
0.7855
3.333
1.681
2.378
3.426
1.406
0.08232
0.1148
0.1699
0.08232
0.06108
0.08232
1.139
1.123
1.434
2.239
1.571
1.335
4.341
2.888
1.414
1.473
2.106
1.348
2.886
1.16
0.8056
2.187
1.406
0.9092
2.532
1.753
0.7687
1.692
1.886
0.5748
1.213
1.476
1.324
3.255
1.109
1.998
2.139
1.682
1.403
1.616
2.144
1.246
3.072
1.989
3.63
2.634
1.579
3.568
1.822
2.669
2.234
1.685
1.654
2.397
1.577
1.632
3.756
0.717
1.57
2.117
1.485
2.591
3.082
1.536
2.085
2.05
1.544
2.387
2.571
1.584
2.026
3.213
2.936
3.092
1.621
2.692
3.131
1.647
2.975
2.504
2.228
1.899
1.859
3.473
1.543
2.264
2.623
2.918
2.617
3.171
2.389
2.618
2.474
2.077
2.715
2.522
1.769
1.957
2.655
2.326
3.87
2.505
2.163
2.564
1.81
1.906
2.364
2.05
1.086
2.924
1.702
2.423
2.051
2.175
1.179
2.864
2.542
2.366
3.5
2.927
2.043
2.963
1.822
2.096
1.87
2.244
3.725
2.079
2.132
0.0
1.871
3.032
3.319
2.471
2.292
1.797
3.224
3.073
1.851
2.497
2.716
1.895
2.25
2.701
2.527
2.194
2.963
2.552
3.094
2.804
4.197
2.4
2.262
1.885
2.546
2.554
0.6287
3.368
2.94
2.965
3.287
2.766
2.852
2.153
2.776
2.235
2.052
2.812
2.164
3.167
1.867
2.668
2.599
3.198
3.507
3.1
2.596
2.219
2.859
1.686
2.63
1.67
2.993
3.455
1.864
1.805
3.716
1.96
1.583
2.457
1.766
2.587
2.977
2.43
1.718
3.32
2.776
3.321
1.127
2.081
1.268
2.901
2.576
1.905
1.542
2.347
2.619
3.294
2.807
2.177
1.521
4.277
1.743
3.353
2.908
2.575
2.335
2.353
2.793
3.267
2.707
3.592
3.256
2.75
1.494
1.822
1.499
2.017
3.606
5.052
4.508
3.064
1.394
4.795
2.156
3.33
0.07549
2.01
2.915
2.505
4.175
2.659
2.572
3.81
3.123
2.345
2.68
2.556
2.613
4.494
2.146
2.431
3.998
2.959
2.263
2.651
1.702
3.112
1.729
3.156
3.756
3.981
2.123
2.279
3.083
2.55
2.283
2.159
1.936
2.476
2.494
1.666
4.38
3.075
3.018
2.956
2.323
2.195
3.07
2.989
2.767
3.196
2.724
3.827
1.961
3.658
3.368
3.505
2.617
3.198
3.235
2.132
3.795
2.241
4.049
2.898
3.063
3.653
3.569
3.273
2.857
3.117
4.091
2.292
2.216
3.009
2.42
2.087
3.178
3.31
2.842
2.195
3.501
2.596
3.465
1.845
1.651
3.167
2.774
2.624
3.621
2.743
2.173
3.416
2.217
2.573
3.251
2.658
3.849
4.391
3.054
2.432
3.063
2.28
2.697
3.043
2.15
1.642
3.416
2.264
2.002
3.387
3.867
4.938
2.785
2.558
3.167
3.296
3.199
1.864
3.168
2.095
3.848
2.888
3.24
3.467
3.82
4.135
4.092
3.354
4.106
3.57
3.092
3.23
4.258
3.54
2.828
2.362
2.945
2.524
2.546
4.255
3.03
2.776
2.858
3.675
2.839
3.545
2.947
3.052
2.528
3.816
3.38
1.974
2.444
4.028
4.093
5.316
3.566
2.877
3.225
2.81
2.889
2.545
4.055
3.508
3.915
2.726
5.037
3.126
3.028
3.877
3.391
3.129
3.127
2.981
4.021
4.07
2.933
3.708
2.393
3.504
2.435
3.362
2.64
3.864
3.405
2.987
1.903
3.535
5.751
4.537
4.139
2.954
4.479
3.502
4.907
3.071
2.972
3.807
4.083
3.738
3.63
3.927
3.141
5.096
3.739
4.321
3.691
4.115
2.006
4.032
3.347
3.118
4.144
4.462
4.228
3.474
3.432
4.135
2.858
3.338
3.761
5.657
4.064
3.846
3.397
2.681
3.271
3.544
4.941
2.433
5.749
3.937
3.505
4.455
3.396
2.614
4.389
2.069
3.771
4.125
5.692
3.717
3.256
4.336
2.958
4.411
2.261
5.617
4.58
3.458
3.796
4.271
3.284
4.66
4.917
3.543
5.247
3.377
4.514
4.52
4.008
3.526
2.907
3.828
4.013
3.934
4.351
4.55
3.488
4.172
4.038
4.41
5.063
3.614
4.583
4.855
2.602
3.773
2.883
4.599
5.926
5.705
3.431
3.187
3.075
3.813
3.44
2.406
2.938
3.635
3.129
5.203
4.53
3.94
3.283
4.768
3.461
4.411
4.133
5.615
3.626
5.199
4.287
4.383
3.739
4.136
4.253
3.74
4.616
5.16
3.816
3.573
4.343
3.968
3.924
4.824
3.518
5.059
2.814
3.35
3.911
3.729
4.296
3.681
4.197
3.499
4.125
4.293
3.849
3.703
3.212
2.924
3.814
3.069
3.857
3.398
3.183
4.328
3.219
3.55
3.486
6.371
2.808
4.821
4.916
5.5
2.584
4.607
4.73
4.518
4.899
2.641
3.868
3.695
5.033
3.947
4.395
3.185
5.629
4.618
4.049
3.93
5.8
4.604
4.542
3.917
4.623
2.954
3.832
4.495
3.645
4.962
3.008
5.159
4.772
2.664
3.419
5.679
5.579
4.227
2.787
5.849
3.911
3.125
3.046
2.824
4.663
