1.237e+03
2.335e+03
1.836e+03
1.252e+03
1.102e+03
1.371e+03
1.578e+03
1.816e+03
823.6
1.221e+03
1.652e+03
1.022e+03
1.642e+03
1.872e+03
1.005e+03
2.058e+03
2.214e+03
1.323e+03
2.295e+03
2.185e+03
940.9
1.332e+03
1.544e+03
1.336e+03
1.043e+03
1.99e+03
1.197e+03
1.488e+03
1.467e+03
1.2e+03
2.515e+03
1.3e+03
942.5
1.703e+03
977.8
1.252e+03
665.8
2.117e+03
1.046e+03
1.188e+03
1.351e+03
1.371e+03
1.899e+03
2.048e+03
2.24e+03
3.773e+03
1.744e+03
1.185e+03
1.346e+03
1.35e+03
1.901e+03
1.846e+03
2.516e+03
974.4
1.503e+03
958.6
838.6
1.126e+03
1.705e+03
2.116e+03
1.824e+03
1.304e+03
2.047e+03
754.8
1.662e+03
1.54e+03
1.205e+03
2.184e+03
2.067e+03
1.351e+03
1.97e+03
1.976e+03
1.99e+03
1.972e+03
2.557e+03
1.928e+03
1.144e+03
954.8
2.202e+03
1.582e+03
1.921e+03
3.762e+03
2.345e+03
2.544e+03
1.002e+03
1.43e+03
1.742e+03
886.3
812.8
1.144e+03
1.917e+03
1.677e+03
1.554e+03
934.1
2.282e+03
1.527e+03
2.069e+03
1.121e+03
1.735e+03
1.976e+03
1.2e+03
1.085e+03
1.627e+03
1.009e+03
1.469e+03
1.478e+03
1.612e+03
883.0
1.613e+03
1.566e+03
1.902e+03
1.51e+03
1.67e+03
1.439e+03
2.157e+03
2.172e+03
2.23e+03
1.625e+03
986.8
845.3
1.364e+03
2.325e+03
2.064e+03
1.199e+03
2.703e+03
1.749e+03
1.217e+03
1.845e+03
1.269e+03
1.516e+03
1.648e+03
2.528e+03
1.24e+03
2.125e+03
1.385e+03
1.793e+03
1.021e+03
1.016e+03
2.179e+03
1.806e+03
1.529e+03
1.268e+03
2.137e+03
480.0
1.362e+03
996.1
2.206e+03
2.141e+03
1.381e+03
805.9
534.4
2.522e+03
1.284e+03
1.57e+03
842.6
1.266e+03
1.398e+03
1.771e+03
1.213e+03
2.055e+03
741.2
1.464e+03
1.103e+03
800.3
575.1
2.343e+03
1.269e+03
1.599e+03
2.389e+03
1.476e+03
1.481e+03
1.194e+03
1.151e+03
1.815e+03
1.468e+03
702.0
1.291e+03
2.074e+03
963.5
963.8
1.147e+03
1.095e+03
1.593e+03
1.411e+03
723.0
1.935e+03
1.372e+03
2.098e+03
1.623e+03
891.7
1.701e+03
2.018e+03
1.369e+03
2.645e+03
3.074e+03
1.479e+03
1.217e+03
1.85e+03
1.975e+03
1.418e+03
758.6
1.574e+03
1.368e+03
1.566e+03
1.63e+03
1.376e+03
892.8
4.384e+03
1.201e+03
1.52e+03
1.692e+03
1.677e+03
1.605e+03
2.3e+03
1.547e+03
1.28e+03
2.292e+03
879.2
1.539e+03
1.945e+03
1.47e+03
1.057e+03
2.163e+03
1.339e+03
1.3e+03
1.01e+03
1.427e+03
1.261e+03
1.26e+03
1.355e+03
1.402e+03
1.402e+03
1.897e+03
1.012e+03
1.949e+03
2.082e+03
1.85e+03
1.568e+03
3.23e+03
1.769e+03
1.744e+03
944.6
1.424e+03
1.765e+03
1.495e+03
1.626e+03
2.157e+03
473.5
2.035e+03
1.609e+03
2.134e+03
1.227e+03
1.697e+03
674.3
2.336e+03
1.458e+03
673.1
725.2
1.418e+03
1.035e+03
1.685e+03
409.0
2.228e+03
1.682e+03
1.927e+03
1.457e+03
2.044e+03
1.044e+03
1.816e+03
1.258e+03
1.66e+03
1.489e+03
891.9
1.704e+03
2.377e+03
1.992e+03
1.338e+03
1.983e+03
1.974e+03
1.216e+03
829.8
2.247e+03
2.673e+03
1.29e+03
2.588e+03
1.876e+03
1.42e+03
1.513e+03
1.719e+03
1.243e+03
1.426e+03
1.448e+03
1.803e+03
1.152e+03
1.775e+03
1.351e+03
1.997e+03
903.8
1.778e+03
1.1e+03
1.382e+03
1.288e+03
1.514e+03
1.796e+03
1.964e+03
4.535e+03
1.784e+03
1.688e+03
1.416e+03
1.598e+03
1.245e+03
1.511e+03
621.4
2.041e+03
1.613e+03
1.965e+03
1.169e+03
1.777e+03
3.829e+03
1.726e+03
2.033e+03
1.708e+03
2.038e+03
1.224e+03
2.018e+03
1.123e+03
1.239e+03
1.415e+03
2.435e+03
1.375e+03
1.713e+03
2.168e+03
3.881e+03
785.1
948.1
1.673e+03
1.483e+03
1.74e+03
1.811e+03
1.568e+03
879.4
1.77e+03
1.322e+03
2.539e+03
1.933e+03
902.8
3.324e+03
2.034e+03
1.093e+03
994.1
2.306e+03
1.192e+03
1.072e+03
1.597e+03
1.531e+03
853.2
1.911e+03
1.537e+03
2.277e+03
1.384e+03
1.249e+03
2.165e+03
2.625e+03
958.5
2.541e+03
1.766e+03
2.133e+03
1.582e+03
693.0
4.388e+03
1.209e+03
1.531e+03
761.1
2.058e+03
2.054e+03
993.8
1.365e+03
1.284e+03
1.75e+03
2.265e+03
1.122e+03
1.659e+03
2.583e+03
1.751e+03
1.506e+03
5.254e+03
1.088e+03
1.286e+03
2.335e+03
1.827e+03
1.561e+03
1.556e+03
1.218e+03
1.455e+03
1.13e+03
1.86e+03
632.1
1.292e+03
1.736e+03
1.29e+03
1.733e+03
nan
906.1
951.0
780.5
1.456e+03
2.853e+03
1.296e+03
1.373e+03
1.419e+03
1.01e+03
2.271e+03
1.384e+03
1.43e+03
772.6
2.035e+03
1.943e+03
1.747e+03
1.05e+03
1.1e+03
1.035e+03
1.463e+03
1.82e+03
1.46e+03
1.332e+03
1.562e+03
2.322e+03
1.113e+03
758.3
1.778e+03
1.913e+03
2.117e+03
638.4
2.294e+03
1.34e+03
1.401e+03
1.422e+03
1.853e+03
1.468e+03
1.638e+03
3.319e+03
865.9
738.2
2.789e+03
1.139e+03
1.148e+03
1.256e+03
1.407e+03
1.08e+03
1.709e+03
1.631e+03
1.132e+03
1.267e+03
1.644e+03
1.284e+03
1.271e+03
2.04e+03
1.399e+03
2.661e+03
1.822e+03
2.376e+03
2.491e+03
2.598e+03
2.251e+03
1.216e+03
2.291e+03
1.598e+03
1.534e+03
983.5
2e+03
1.858e+03
1.266e+03
1.196e+03
1.361e+03
2.012e+03
894.5
1.36e+03
2.438e+03
1.665e+03
1.611e+03
1.982e+03
997.6
1.704e+03
1.298e+03
1.718e+03
1.48e+03
1.647e+03
1.526e+03
1.648e+03
1.973e+03
1.29e+03
1.28e+03
1.468e+03
1.098e+03
2.259e+03
2.278e+03
1.337e+03
1.084e+03
1.968e+03
1.295e+03
1.373e+03
1.226e+03
800.6
1.968e+03
3.188e+03
2.011e+03
795.7
875.0
2.224e+03
1.15e+03
2.529e+03
2.657e+03
2.663e+03
1.57e+03
2.794e+03
1.921e+03
1.02e+03
1.556e+03
1.91e+03
1.074e+03
1.386e+03
953.5
2.07e+03
1.453e+03
1.523e+03
1.658e+03
1.687e+03
2.104e+03
1.4e+03
2.373e+03
910.9
1.837e+03
2.982e+03
1.469e+03
1.503e+03
4.196e+03
1.019e+03
1.849e+03
2.105e+03
1.122e+03
978.1
1.825e+03
1.965e+03
1.998e+03
1.604e+03
1.024e+03
2.457e+03
1.186e+03
2.08e+03
843.2
1.706e+03
2.146e+03
1.071e+03
2.382e+03
1.92e+03
1.593e+03
1.087e+03
1.52e+03
1.471e+03
1.313e+03
2.284e+03
1.433e+03
1.954e+03
2.045e+03
2.085e+03
2.142e+03
1.617e+03
1.425e+03
778.5
1.104e+03
1.562e+03
1.659e+03
980.7
1.609e+03
1.759e+03
2.152e+03
1.38e+03
1.759e+03
1.128e+03
2.566e+03
620.5
1.543e+03
1.202e+03
1.37e+03
1.64e+03
1.608e+03
1.712e+03
1.275e+03
1.476e+03
1.281e+03
2.164e+03
1.364e+03
1.336e+03
1.111e+03
898.5
1.913e+03
1.123e+03
2.16e+03
1.981e+03
1.251e+03
924.7
1.682e+03
1.211e+03
1.548e+03
1.489e+03
1.696e+03
1.223e+03
1.53e+03
989.2
1.541e+03
1.389e+03
2.123e+03
605.0
826.8
518.7
1.204e+03
1.461e+03
1.069e+03
1.526e+03
1.594e+03
1.198e+03
1.556e+03
1.511e+03
1.354e+03
1.851e+03
1.324e+03
1.216e+03
1.952e+03
780.5
1.848e+03
1.762e+03
1.917e+03
514.7
993.6
2.122e+03
2.024e+03
1.607e+03
1.337e+03
987.5
1.468e+03
1.866e+03
2.196e+03
2.509e+03
1.442e+03
2.236e+03
712.5
1.918e+03
1.207e+03
1.94e+03
1.413e+03
2e+03
835.4
1.083e+03
1.94e+03
674.3
1.139e+03
931.1
921.5
1.374e+03
1.395e+03
1.56e+03
2.142e+03
2.342e+03
2.034e+03
1.083e+03
3.34e+03
2.941e+03
1.916e+03
948.4
1.667e+03
1.903e+03
1.523e+03
918.5
799.0
1.852e+03
1.266e+03
1.742e+03
1.553e+03
1.102e+03
758.9
1.868e+03
1.397e+03
2.154e+03
1.1e+03
1.475e+03
983.1
2.036e+03
1.093e+03
2.4e+03
1.614e+03
1.121e+03
1.6e+03
893.7
1.088e+03
1.845e+03
1.839e+03
2.01e+03
1.49e+03
1.704e+03
1.719e+03
1.971e+03
1.782e+03
2.44e+03
1.122e+03
1.603e+03
1.706e+03
1.46e+03
1.087e+03
1.338e+03
2.234e+03
1.173e+03
2.28e+03
2.341e+03
2.27e+03
830.3
1.104e+03
1.17e+03
2.031e+03
2.194e+03
1.266e+03
1.497e+03
882.7
1.938e+03
1.078e+03
1.067e+03
1.087e+03
1.742e+03
934.6
1.83e+03
689.3
952.9
1.628e+03
2.3e+03
1.421e+03
2.101e+03
1.419e+03
1.626e+03
2.397e+03
1.36e+03
913.6
2.314e+03
1.8e+03
2.009e+03
2.152e+03
1.372e+03
2.123e+03
1.698e+03
1.456e+03
2.312e+03
1.26e+03
1.378e+03
4.548e+03
1.745e+03
1.533e+03
800.6
1.451e+03
1.508e+03
1.151e+03
1.328e+03
1.404e+03
2.122e+03
2.169e+03
1.637e+03
1.186e+03
1.211e+03
2.045e+03
1.82e+03
2.475e+03
1.901e+03
1.675e+03
4.205e+03
2.428e+03
1.173e+03
1.517e+03
1.737e+03
1.496e+03
1.841e+03
1.324e+03
1.525e+03
1.196e+03
2.043e+03
1.349e+03
2.502e+03
1.027e+03
1.613e+03
2.289e+03
2.043e+03
1.009e+03
920.8
2.301e+03
1.175e+03
1.268e+03
1.542e+03
1.827e+03
1.403e+03
1.354e+03
1.979e+03
989.8
1.418e+03
2.429e+03
1.399e+03
1.82e+03
1.082e+03
1.759e+03
3.55e+03
1.25e+03
1.499e+03
1.761e+03
1.256e+03
1.789e+03
1.023e+03
620.8
2.391e+03
935.1
1.065e+03
1.343e+03
1.999e+03
1.408e+03
1.363e+03
1.722e+03
1.515e+03
2.004e+03
1.364e+03
1.819e+03
1.763e+03
875.5
1.536e+03
904.0
2.428e+03
1.482e+03
3.591e+03
2.679e+03
951.0
1.138e+03
1.615e+03
2.159e+03
1.217e+03
1.874e+03
2.406e+03
2.015e+03
961.5
882.6
2.757e+03
755.2
1.665e+03
1.388e+03
1.934e+03
4.104e+03
1.784e+03
0.0
2.171e+03
2.73e+03
824.7
1.13e+03
1.509e+03
963.0
1.879e+03
1.545e+03
2.4e+03
1.751e+03
1.519e+03
1.013e+03
940.2
1.434e+03
1.652e+03
1.162e+03
929.1
1.949e+03
1.437e+03
1.762e+03
2.385e+03
1.638e+03
890.8
1.275e+03
2.074e+03
2.651e+03
2.067e+03
1.483e+03
511.8
1.072e+03
945.5
590.3
1.222e+03
528.7
881.3
1.541e+03
1.773e+03
1.232e+03
880.4
1.97e+03
1.213e+03
1.428e+03
2.629e+03
1.241e+03
657.8
2.13e+03
1.998e+03
1.725e+03
1.227e+03
2.266e+03
1.52e+03
1.956e+03
2.062e+03
1.001e+03
1.676e+03
1.605e+03
1.02e+03
2.137e+03
966.6
530.8
1.983e+03
1.758e+03
1.511e+03
1.265e+03
1.631e+03
2.259e+03
1.366e+03
1.202e+03
2.263e+03
1.595e+03
3.278e+03
1.586e+03
1.652e+03
1.387e+03
1.88e+03
1.127e+03
1.556e+03
1.574e+03
1.834e+03
1.055e+03
1.155e+03
778.5
1.98e+03
1.762e+03
1.718e+03
902.7
1.498e+03
1.237e+03
1.901e+03
932.3
1.462e+03
1.876e+03
2.682e+03
1.786e+03
1.811e+03
2.449e+03
1.463e+03
1.742e+03
2.143e+03
1.676e+03
1.955e+03
537.3
2.292e+03
1.546e+03
1.259e+03
1.315e+03
1.682e+03
1.219e+03
1.239e+03
2.584e+03
1.518e+03
1.737e+03
1.649e+03
1.912e+03
1.35e+03
1.001e+03
1.94e+03
1.63e+03
2.065e+03
1.306e+03
749.6
946.2
1.536e+03
1.252e+03
2.177e+03
2.944e+03
1.814e+03
1.798e+03
1.464e+03
1.491e+03
2.51e+03
1.825e+03
1.813e+03
2.275e+03
1.46e+03
1.387e+03
2.095e+03
1.871e+03
2.476e+03
1.115e+03
2.016e+03
1.661e+03
811.9
1.904e+03
1.533e+03
1.359e+03
996.4
1.555e+03
2.746e+03
1.325e+03
2.218e+03
1.906e+03
930.3
2.207e+03
1.338e+03
3.083e+03
1.103e+03
1.005e+03
2.1e+03
1.567e+03
1.39e+03
2.198e+03
1.181e+03
2.751e+03
1.949e+03
1.714e+03
1.834e+03
1.765e+03
1.777e+03
1.877e+03
2.205e+03
599.6
1.916e+03
1.287e+03
2.017e+03
1.717e+03
1.744e+03
1.868e+03
1.175e+03
955.9
1.93e+03
1.024e+03
2.066e+03
1.56e+03
1.898e+03
1.619e+03
2.276e+03
1.047e+03
805.4
2.562e+03
1.258e+03
1.519e+03
1.346e+03
2.023e+03
2.289e+03
1.234e+03
989.5
2.058e+03
1.417e+03
2.296e+03
1.889e+03
1.483e+03
1.98e+03
1.068e+03
1.662e+03
1.845e+03
2.242e+03
1.827e+03
1.28e+03
1.757e+03
1.121e+03
1.712e+03
1.33e+03
1.666e+03
1.198e+03
1.509e+03
1.725e+03
2.361e+03
1.402e+03
1.022e+03
837.8
1.309e+03
2.011e+03
1.236e+03
1.585e+03
2.31e+03
1.878e+03
1.802e+03
2.072e+03
1.25e+03
1.608e+03
1.028e+03
2.161e+03
1.816e+03
2.392e+03
2.068e+03
4.006e+03
3.032e+03
2.16e+03
1.825e+03
2.195e+03
735.9
860.3
2.481e+03
1.529e+03
1.532e+03
2.071e+03
831.0
2.125e+03
1.34e+03
1.703e+03
2.322e+03
977.2
1.876e+03
951.1
1.544e+03
1.212e+03
1.634e+03
1.177e+03
2.072e+03
2.424e+03
893.7
1.726e+03
613.0
1.67e+03
842.4
1.474e+03
2.339e+03
2.627e+03
2.164e+03
3.364e+03
1.18e+03
2.224e+03
1.374e+03
851.6
2.785e+03
1.877e+03
1.568e+03
1.824e+03
2.165e+03
1.322e+03
2.059e+03
1.525e+03
1.457e+03
1.505e+03
1.745e+03
1.509e+03
2.053e+03
1.136e+03
1.207e+03
2.366e+03
1.876e+03
2.558e+03
851.8
1.832e+03
1.835e+03
1.54e+03
1.445e+03
969.2
816.3
1.045e+03
953.3
928.2
1.715e+03
1.33e+03
1.258e+03
842.8
1.431e+03
2.244e+03
1.1e+03
1.673e+03
991.1
850.5
1.331e+03
1.77e+03
1.469e+03
1.201e+03
966.5
1.739e+03
907.3
2.477e+03
1.11e+03
1.523e+03
1.249e+03
1.268e+03
1.809e+03
1.359e+03
1.14e+03
1.88e+03
1.013e+03
853.6
791.0
1.5e+03
1.832e+03
1.498e+03
2.113e+03
1.458e+03
915.9
1.354e+03
1.572e+03
1.89e+03
2.266e+03
1.499e+03
1.4e+03
1.709e+03
1.709e+03
1.046e+03
1.051e+03
1.208e+03
1.188e+03
1.8e+03
1.622e+03
1.135e+03
1.48e+03
1.304e+03
734.7
1.016e+03
1.471e+03
1.489e+03
1.583e+03
2.156e+03
1.559e+03
1.751e+03
1.063e+03
1.571e+03
973.1
973.8
1.598e+03
1.238e+03
1.467e+03
1.885e+03
984.8
1.497e+03
1.358e+03
1.22e+03
1.806e+03
1.483e+03
896.9
1.196e+03
1.689e+03
2.47e+03
2.534e+03
1.497e+03
1.057e+03
498.3
1.258e+03
3.407e+03
848.2
893.8
1.454e+03
1.89e+03
1.476e+03
3.094e+03
878.2
2.941e+03
1.357e+03
1.641e+03
2.151e+03
4.672e-05
1.959e+03
726.5
1.562e+03
1.849e+03
2.91e+03
2.345e+03
1.914e+03
2.254e+03
1.344e+03
1.4e+03
1.994e+03
1.747e+03
2.213e+03
2.517e+03
1.452e+03
1.512e+03
1.248e+03
1.542e+03
891.2
3.642e+03
1.064e+03
1.142e+03
1.261e+03
1.993e+03
2.883e+03
2.403e+03
1.252e+03
1.236e+03
1.415e+03
931.2
1.5e+03
2.272e+03
2.557e+03
1.778e+03
1.199e+03
1.53e+03
1.712e+03
1.339e+03
3.932e+03
805.1
1.24e+03
2.433e+03
1.969e+03
1.22e+03
1.906e+03
736.8
1.64e+03
2.099e+03
2.224e+03
1.644e+03
1.848e+03
559.3
1.975e+03
981.3
1.354e+03
1.88e+03
2.418e+03
2.034e+03
793.7
1.23e+03
1.573e+03
750.8
1.311e+03
1.082e+03
1.287e+03
1.616e+03
1.8e+03
1.905e+03
3.13e+03
3.23e+03
2.176e+03
1.598e+03
1.438e+03
1.986e+03
1.875e+03
1.389e+03
2.101e+03
2.08e+03
867.3
906.3
1.269e+03
2.145e+03
2.231e+03
2.374e+03
3.883e+03
2.055e+03
2.109e+03
1.422e+03
2.937e+03
1.338e+03
2.221e+03
1.67e+03
1.899e+03
3.104e+03
2.658e+03
1.676e+03
1.027e+03
1.722e+03
853.6
1.388e+03
1.581e+03
1.555e+03
1.391e+03
2.364e+03
2.224e+03
1.055e+03
885.9
859.2
1.233e+03
824.4
4.001e+03
979.2
1.364e+03
1.346e+03
1.25e+03
1.73e+03
2.267e+03
1.219e+03
1.811e+03
nan
2.199e+03
1.103e+03
1.076e+03
842.3
995.5
1.779e+03
2.423e+03
1.922e+03
1.586e+03
2.024e+03
2.691e+03
1.549e+03
3.148e+03
1.623e+03
912.0
2.037e+03
1.235e+03
2.527e+03
1.045e+03
1.692e+03
991.5
709.4
1.284e+03
664.7
1.159e+03
1.023e+03
1.03e+03
2.452e+03
1.524e+03
701.6
2.062e+03
1.554e+03
1.412e+03
1.339e+03
2.394e+03
907.6
1.723e+03
2.01e+03
1.591e+03
1.412e+03
1.834e+03
1.362e+03
2.022e+03
1.912e+03
1.466e+03
1.437e+03
812.4
1.879e+03
2.017e+03
2.017e+03
1.744e+03
1.189e+03
930.3
1.93e+03
1.129e+03
2.422e+03
766.3
1.004e+03
1.313e+03
1.562e+03
1.992e+03
2.142e+03
1.476e+03
1.184e+03
2.287e+03
3.868e+03
1.998e+03
2.206e+03
653.6
2.38e+03
1.048e+03
1.051e+03
826.5
1.878e+03
876.6
1.612e+03
1.438e+03
1.098e+03
2.29e+03
1.785e+03
2.921e+03
1.542e+03
1.751e+03
2.097e+03
1.265e+03
1.7e+03
1.626e+03
909.6
1.097e+03
1.415e+03
1.67e+03
1.913e+03
1.836e+03
1.343e+03
1.727e+03
1.881e+03
2.559e+03
893.8
2.031e+03
1.883e+03
1.468e+03
1.186e+03
2.052e+03
1.119e+03
1.301e+03
1.762e+03
2.239e+03
782.9
1.533e+03
950.8
1.267e+03
1.321e+03
879.5
1.28e+03
810.2
3.83e+03
2.633e+03
1.559e+03
1.124e+03
759.6
1.212e+03
1.908e+03
2.747e+03
1.605e+03
1.447e+03
2.56e+03
1.341e+03
1.633e+03
943.7
2.92e+03
1.028e+03
1.017e+03
1.629e+03
1.371e+03
1.612e+03
1.724e+03
893.7
880.1
1.559e+03
1.78e+03
891.0
1.911e+03
1.756e+03
911.6
2.609e+03
3.564e+03
1.805e+03
1.206e+03
1.131e+03
1.001e+03
1.184e+03
1.846e+03
1.854e+03
2.165e+03
769.9
1.414e+03
2.869e+03
1.406e+03
865.5
1.662e+03
1.142e+03
1.729e+03
814.2
1.519e+03
1.274e+03
1.908e+03
2.178e+03
2.069e+03
774.4
1.178e+03
1.73e+03
2.472e+03
1.15e+03
1.762e+03
2.737e+03
2.046e+03
1.693e+03
1.66e+03
834.2
2.549e+03
1.066e+03
1.373e+03
1.437e+03
1.68e+03
1.621e+03
1.59e+03
