0.9776
0.968
0.935
0.9665
0.9593
0.9836
0.9745
0.9412
0.9713
0.9612
1.0
0.9539
0.9784
0.968
0.9635
1.0
0.9301
0.9687
0.9605
0.9917
0.8841
1.0
0.9704
0.9482
0.9542
0.9847
0.9816
0.9661
0.9753
0.9924
0.9593
1.0
0.9704
0.9624
0.9211
0.9925
0.9868
0.9036
1.0
0.983
1.0
0.9692
0.9487
0.9266
0.9678
0.9628
1.0
0.9827
0.9694
0.938
0.9404
0.9085
0.943
0.9965
0.9734
0.987
0.974
1.0
0.9776
0.961
0.9464
0.9979
0.948
0.9487
0.8752
0.9659
0.9396
0.9354
0.9591
0.998
1.0
0.9685
0.9603
0.9652
0.9175
0.9031
0.9512
0.9495
0.9784
0.9786
0.9588
0.9373
0.8922
0.9449
1.0
0.8905
0.9738
0.914
0.9127
0.9547
0.9771
0.9757
0.9824
0.9567
0.9124
0.9292
0.9505
0.9604
0.9238
0.9845
0.9945
0.9722
0.945
0.9842
0.9595
0.9311
0.9621
0.839
0.9227
0.9723
0.9515
0.9715
0.9936
0.9521
0.9578
1.0
0.9841
0.9399
0.8437
0.9296
0.9697
1.0
0.9902
0.9566
0.9692
0.9542
0.9572
0.985
0.9403
0.9621
0.9818
0.9523
0.8922
0.9597
0.9855
0.9411
0.909
0.9561
0.9313
0.9477
0.9707
0.8814
0.9014
0.9609
0.9836
0.9324
0.9462
0.9058
0.9386
0.9546
0.9115
0.9321
0.9727
0.9374
0.9831
0.9197
0.8435
0.9755
0.943
0.965
0.9917
0.8756
0.9311
0.8636
0.957
0.9298
0.9485
0.9909
0.9503
0.9512
0.9877
0.971
0.9011
0.9651
0.9548
0.9445
0.9316
0.7719
0.9376
0.9648
0.9566
0.9819
0.9806
0.969
0.9362
0.9624
0.9406
0.9594
0.9167
0.8579
0.9529
0.8696
0.8574
0.9645
0.9698
0.9847
0.9352
0.8393
0.9648
0.9764
0.9438
0.9383
0.978
0.9219
0.9814
0.9912
0.8175
0.8503
0.9611
0.8876
0.9393
0.9732
0.9243
0.9016
0.9088
0.9184
0.896
0.9586
0.992
0.9005
0.8829
0.964
0.8341
0.8437
0.9632
0.957
0.9565
0.8985
0.9213
0.9843
0.9486
0.9705
0.9237
0.9718
0.9969
0.923
0.9322
0.8729
0.9535
0.9489
0.9547
0.9491
0.9763
0.9545
0.9821
0.8079
0.9393
0.8915
0.9339
0.9224
0.9714
0.945
0.8638
0.9504
0.9513
0.9191
0.8791
0.9624
0.919
0.9228
0.8837
0.9659
0.935
0.9702
0.8601
0.9317
0.96
0.9392
0.8823
0.9083
0.9458
0.9676
0.9421
0.9121
0.9309
0.9571
0.9425
0.896
0.9391
0.941
0.8652
0.9191
0.8774
0.915
0.8967
0.9503
0.9429
0.8677
0.9948
0.9697
0.9503
0.943
0.9664
0.9433
0.9342
0.9428
0.9104
0.951
0.902
0.9055
0.8617
0.9329
0.9067
0.9124
0.9085
0.9162
0.9239
0.8207
0.9176
0.8434
0.9089
0.986
0.8456
0.9155
0.8813
0.9486
0.9091
0.8034
0.8447
0.9022
0.9478
0.7626
0.9183
0.9535
0.932
0.8311
0.9018
0.8982
0.9091
0.9606
0.9677
0.9519
0.9431
0.9447
0.9477
0.8734
0.9605
0.8819
0.9107
0.9716
0.938
0.8913
0.9603
0.9134
0.8853
0.8309
0.8726
0.9375
0.7672
0.8628
0.944
0.8884
0.9606
0.8901
0.9227
0.8856
0.9646
0.9482
0.8752
0.8933
0.6909
0.8731
0.8968
0.9362
0.814
0.9189
0.9368
0.7749
0.9486
0.8179
0.8274
0.7348
0.9152
0.9676
0.9447
0.9367
0.9869
0.883
0.9241
0.9141
0.9338
0.9725
0.9231
0.9055
0.9331
0.9437
0.7933
0.9329
0.8625
0.8683
0.9377
0.9608
0.9653
1.0
0.8996
0.9091
0.9594
0.8051
0.8934
0.9163
0.908
0.9062
0.9071
0.937
0.9525
0.9488
0.9362
0.8084
0.8642
0.922
0.8835
0.9334
0.9268
0.8895
0.8544
0.9859
0.924
0.9175
0.9524
0.9321
0.7958
0.7908
0.8597
0.8918
0.9091
0.8654
0.8757
0.9587
0.9119
0.8006
0.9244
0.8936
0.8943
0.8899
0.9063
0.9122
0.8689
0.887
0.9416
0.845
0.8578
0.9665
0.9221
0.8818
0.9409
0.872
0.8984
0.8641
0.9692
0.8175
0.9525
0.9408
0.768
0.9175
0.9462
0.9586
0.8856
0.877
0.8095
0.8389
0.8673
0.8946
0.8609
0.7748
0.9264
0.9135
0.7893
0.9177
0.9615
0.9835
0.8837
0.914
0.9611
0.9331
0.913
0.8564
0.9121
0.9038
0.8771
0.7589
0.9075
0.896
0.9642
0.9263
0.8162
0.8439
0.9262
0.8695
0.8158
0.9132
0.8725
0.899
0.9174
0.9168
0.9329
0.9417
0.9071
0.9164
0.9351
0.9161
0.7352
0.8453
0.7701
0.9021
0.89
0.9316
0.9288
0.6888
0.8676
0.9752
0.8676
0.9494
0.9091
0.8238
0.9106
0.9456
0.9106
0.9088
0.8927
0.9013
0.926
0.857
0.914
0.9517
0.9213
0.9175
0.8139
0.9034
0.9444
0.9158
0.7509
0.7788
0.816
0.8928
0.8433
0.9203
0.9246
0.9321
0.8437
0.8996
0.9007
0.8978
0.8687
0.7626
0.847
0.8317
0.7848
0.9289
0.8996
0.8231
0.9223
0.8598
0.9641
0.8323
0.8613
0.8696
0.7996
0.8091
0.9821
0.8835
0.836
0.8564
0.9127
0.8917
0.7298
0.9858
0.8943
0.8445
0.804
0.9005
0.7601
0.6842
0.753
0.8277
0.9015
0.8734
0.783
0.8963
0.9212
0.7779
0.8448
0.92
0.8724
0.5257
0.8626
0.8891
0.8429
0.9089
0.8935
0.891
0.9355
0.8606
0.8697
0.8734
0.8252
0.8088
0.7851
0.7809
0.7761
0.7695
0.816
0.7705
0.8509
0.8103
0.7813
0.8522
0.9056
0.6431
0.8569
0.8587
0.723
0.8306
0.8636
0.8345
0.9069
0.8033
0.8521
0.8709
0.9133
0.7641
0.7751
0.6467
0.8551
0.917
0.7797
0.8938
0.7555
0.8591
0.8717
0.7931
0.9152
0.7858
0.9193
0.8522
0.7545
0.9521
0.4677
0.7928
0.9038
0.8548
0.8871
0.856
0.866
0.8224
0.8793
0.8342
0.8322
0.9486
0.9111
0.8189
0.9329
0.9131
0.9226
0.9661
0.8017
0.8546
0.7539
0.7885
0.9241
0.9181
0.9033
0.9641
0.8595
0.8522
0.514
0.7494
0.8902
0.8348
0.7914
0.7904
0.8413
0.894
0.8716
0.7966
0.8253
0.8531
0.805
0.8396
0.9278
0.6873
0.7504
0.845
0.8081
0.7753
0.8417
0.9131
0.8345
0.9406
0.8764
0.8741
0.7638
0.682
0.7438
0.9895
0.9548
0.8598
0.8512
0.8811
0.8634
0.8088
0.7663
0.851
0.858
0.8004
0.9092
0.7864
0.8697
0.7603
0.8538
0.7503
0.9104
0.8014
0.9308
0.7683
0.876
0.6867
0.7809
0.7973
0.9709
0.8551
0.8276
0.6683
0.9188
0.8086
0.8835
0.902
0.8143
0.8112
0.7786
0.8407
0.8773
0.9088
0.8936
0.7611
0.6954
0.9494
0.6991
0.827
0.8127
0.8166
0.8715
0.8648
0.8771
0.8784
0.8944
0.8849
0.8343
0.807
0.7335
0.8066
0.7067
0.9055
0.8869
0.6307
0.7952
0.7316
0.8218
0.8014
0.8982
0.8524
0.8938
0.7997
0.782
0.8571
0.8483
0.8223
0.8065
0.9118
0.8235
0.7592
0.8854
0.7048
0.7624
0.8688
0.8656
0.5817
0.8335
0.715
0.8745
0.8017
0.8261
0.5999
0.7915
0.5663
0.8073
0.7955
0.9068
0.6414
0.7493
0.8549
0.8379
0.8475
0.8393
0.8241
0.9033
0.9415
0.8864
0.9936
0.9936
0.9576
0.9629
0.9681
0.9913
0.8861
0.8861
0.9796
0.9583
1.0
1.0
0.9244
0.9615
1.0
0.9608
0.9868
0.9843
0.9813
0.9745
0.9602
1.0
0.9912
0.9507
0.9776
0.987
0.9936
1.0
0.9622
0.9873
0.9728
0.8817
0.9465
0.9745
0.9606
0.947
0.9873
1.0
0.987
0.9847
0.9855
0.9696
0.9134
0.8735
0.9632
0.9307
0.9639
0.9428
0.9603
0.9936
0.9936
0.9936
0.9936
0.9936
0.9466
0.9846
0.9439
0.9633
0.9829
0.9673
0.974
0.9724
0.9717
0.9952
0.855
0.9559
0.9301
0.928
0.9936
0.9936
0.9524
0.9249
0.8811
0.8713
0.9721
0.9195
0.9918
0.9269
0.9617
0.92
0.7513
0.9699
0.9936
0.9936
0.9936
0.9936
0.9936
0.9936
0.9548
0.9548
0.9562
0.9438
0.9589
0.9459
0.9117
0.9201
0.9672
0.965
0.8423
0.9651
0.8556
0.9461
0.9773
0.9119
0.9626
0.9841
0.8847
0.9269
0.9675
0.9671
0.9544
0.9731
0.9742
0.9494
0.9683
0.8334
0.9574
0.8882
0.8946
0.95
0.9638
0.9454
0.9273
0.973
0.7714
0.9324
0.8295
0.885
0.9546
0.7998
0.9498
0.9033
0.9098
0.9573
0.9573
0.9128
0.9534
0.9417
0.815
0.9932
0.9454
0.9394
0.9571
0.852
0.8454
0.9767
0.9096
0.8761
0.9562
0.8735
0.8728
0.9367
0.9568
0.9103
0.9046
0.9002
0.9545
0.8882
0.879
0.8575
0.8769
0.8617
0.9409
0.9214
0.9735
0.8375
0.9421
0.9033
0.8893
0.8248
0.8892
0.7852
0.8729
0.8962
0.8952
0.9383
0.8846
0.8671
0.8989
0.9404
0.8425
0.916
0.8344
0.8997
0.9451
0.8443
0.9467
0.9313
0.8639
0.8998
0.9637
0.8554
0.959
0.888
0.9066
0.853
0.9519
0.7784
0.9339
0.8519
0.8909
0.8489
0.9482
0.8986
0.9166
0.9523
0.9226
0.931
0.8608
0.8943
0.9651
0.963
0.934
0.8852
0.8754
0.8964
0.9218
0.9146
0.6993
0.8835
0.9364
0.9246
0.8689
0.9239
0.9501
0.8718
0.9222
0.8766
0.7296
0.9193
0.8969
0.9027
0.7567
0.8979
0.9536
0.8863
0.8283
0.8696
0.9787
0.857
0.8309
0.7888
0.8674
0.8734
0.887
0.9477
0.8411
0.8884
0.9287
0.9265
0.9233
0.7088
0.88
0.8197
0.8928
0.8323
0.8657
0.9143
0.8965
0.8002
0.9133
0.9228
0.8824
0.9662
0.8447
0.7493
0.9133
0.947
0.8039
0.8964
0.9685
0.8948
0.9211
0.8726
0.8345
0.8552
0.9446
0.8478
0.8313
0.8364
0.9525
0.9294
0.9358
0.8012
0.8904
0.9292
0.9249
0.9251
0.8575
0.7938
0.8721
0.8824
0.8394
0.7144
0.8996
0.8522
0.7956
0.9069
0.9389
0.9065
0.8948
0.8766
0.9101
0.8085
0.8187
0.7926
0.9376
0.9104
0.8164
0.8848
0.7248
0.5565
0.7487
0.8588
0.9607
0.6508
0.7519
0.8685
0.9963
0.9241
0.8745
0.9021
0.7316
0.9027
0.8302
0.7395
0.8119
0.9251
0.841
0.9066
0.8968
0.7626
0.8908
0.8986
0.8794
0.7955
0.8954
0.87
0.959
0.7909
0.9541
0.8946
0.8188
0.8205
0.9154
0.897
0.8129
0.8565
0.8909
0.9242
0.9097
0.8913
0.6191
0.9036
0.7398
0.7828
0.8517
0.8488
0.9348
0.9011
0.7735
0.8199
0.8913
0.8588
0.8845
0.654
0.8876
0.792
0.7787
0.7839
0.8871
0.8072
0.7742
0.7531
0.7926
0.9157
0.7889
0.8992
0.8573
0.7841
0.7646
0.8676
0.8695
0.8234
0.7469
0.8178
0.9158
0.9061
0.8813
0.9209
0.8497
0.8038
0.8035
0.8808
0.7763
0.9228
0.7998
0.9095
0.9406
0.8959
0.9381
0.8671
0.7992
0.9002
0.9159
0.8424
0.8931
0.8528
0.8228
0.9231
0.8506
0.6845
0.8943
0.7958
0.773
0.8198
0.8562
0.7882
0.913
0.9289
0.842
0.9218
0.8508
0.7444
0.8375
0.6407
0.8972
0.8892
0.8738
0.8277
0.8082
0.9035
0.8359
0.8808
0.7347
0.7761
0.8747
0.7732
0.815
0.792
0.7339
0.8017
0.7042
0.7601
0.8654
0.8823
0.7802
0.6475
0.8419
0.8504
0.7269
0.8431
0.8815
0.6498
0.8452
0.8729
0.831
0.7651
0.862
0.8382
0.8586
0.8743
0.8868
0.7656
0.8079
0.9173
0.8298
0.755
0.8295
0.5481
0.8339
0.7402
0.7967
0.7773
0.9175
0.911
0.7853
0.8174
0.6569
0.8778
0.6592
0.8305
0.8137
0.8406
0.8196
0.8278
0.836
0.7429
0.7301
0.7515
0.7531
0.6458
0.7721
0.774
0.8549
0.7565
0.8732
0.7047
0.8113
0.8817
0.9231
0.7678
0.5469
0.6765
0.7454
0.7873
0.5405
0.7673
0.5148
0.7695
0.7764
0.7188
0.6891
0.7262
0.7017
0.7825
0.8109
0.5195
0.7832
0.7508
0.7657
0.6168
0.9158
0.7981
0.7857
0.888
0.724
0.6506
0.7001
0.7641
0.8319
0.6809
0.8728
0.8163
0.7387
0.7001
0.6917
0.7787
0.8237
0.8177
0.8299
0.7175
0.5906
0.8908
0.4975
0.6682
0.7363
0.7297
0.7641
0.859
0.6455
0.9042
0.7739
0.7886
0.6325
0.8347
0.8493
0.5709
0.7777
0.6799
0.8371
0.5709
0.5864
0.8279
0.7033
0.6381
0.8028
0.5669
0.5951
0.854
0.6213
0.696
0.6216
0.7163
0.7783
0.7582
0.8136
0.7826
0.7255
0.7713
0.7309
0.6824
0.672
0.7927
0.7778
0.7373
0.5394
0.7429
0.6224
0.7269
0.8781
0.6478
0.8522
0.5715
0.4415
0.5939
0.7711
0.8272
0.8266
0.7592
0.8828
0.8863
0.8461
0.739
0.858
0.7005
0.6223
0.785
0.7698
0.6112
0.7408
0.739
0.7301
0.6186
0.8161
0.6423
0.6714
0.7687
0.7706
0.8071
0.7766
0.7287
0.6117
0.6902
0.6877
0.8176
0.6545
0.6558
0.7117
0.6491
0.7716
0.7105
0.7942
0.724
0.7558
0.7921
0.736
0.7243
0.5676
0.7802
0.5772
0.609
0.852
0.6322
0.8084
0.7267
0.812
0.7009
0.7814
0.7837
0.8352
0.7853
0.8838
0.8571
0.7747
0.5355
0.8511
0.6556
0.5147
0.4221
0.7599
0.5733
0.6732
0.7267
0.4946
0.8804
0.6949
0.8222
0.7472
0.6608
0.6352
0.7773
0.5296
0.6455
0.5578
0.756
0.5549
0.7021
0.6651
0.7741
0.6895
0.7916
0.8077
0.6686
0.775
0.7007
0.8037
0.491
0.6224
0.8809
0.7641
0.5761
0.6123
0.7245
0.8834
0.5367
0.7401
0.6955
0.8338
0.8163
0.6473
