0.1321
0.2407
0.2458
0.3201
0.3522
0.4888
0.3043
0.329
0.2877
0.1535
0.2359
0.9484
0.1705
1.028
0.8246
0.8637
0.8389
0.8167
0.07344
0.07344
5.805e-08
0.3914
0.3758
0.5053
0.9822
0.6958
0.6958
0.6784
0.6784
0.1314
0.2341
0.2805
0.1982
0.355
0.3778
0.4897
0.3268
0.3704
0.3211
0.2925
0.4606
0.0
4.035e-08
0.4238
0.4238
0.5557
0.5557
0.9549
0.6441
0.6441
0.6441
0.1597
0.2166
0.2191
0.3709
0.3032
0.5967
0.6656
0.6038
0.5624
0.689
0.6482
0.175
0.08068
0.08255
0.197
0.1477
0.2914
0.1391
0.2507
0.1644
0.1858
0.1589
0.1246
0.06731
0.2107
0.2898
0.2213
0.2459
0.5312
0.5451
0.5864
0.4983
0.4425
0.4071
0.4706
0.3856
0.3856
0.2819
0.0
0.5201
0.7232
0.6556
0.7505
0.774
0.774
0.6556
0.2014
0.3658
0.2491
0.127
0.3053
0.3879
0.3332
0.3379
0.3357
0.6623
0.4367
0.7461
0.4219
0.2828
0.9906
0.7876
0.8839
0.8614
1.006
0.8663
0.2224
0.0
0.2242
0.1863
0.1367
0.7
0.6706
0.6634
0.6968
0.7058
0.6968
0.3628
0.4139
0.2296
0.0
3.165e-08
0.4278
0.5196
0.5196
0.4699
0.6976
0.5196
0.1581
0.2188
0.0972
0.2183
0.4494
0.5505
0.4417
0.5106
0.428
0.5409
0.4922
0.3495
0.3003
0.3495
0.3003
0.5409
0.4922
0.0
0.0
0.1086
0.52
0.5286
0.5199
0.8633
0.4409
0.4447
0.4409
0.2376
0.5269
0.1388
0.1985
2.002e-08
0.5461
0.7761
0.6543
0.7188
0.584
0.6543
0.2295
0.3198
5.342e-08
0.2044
0.2147
0.1049
0.3846
0.4075
0.38
0.4803
0.3801
0.3853
0.3853
0.2563
0.2356
0.2134
0.5461
0.2326
0.4798
0.3699
0.5001
0.3048
0.327
0.0
0.2514
0.1867
0.7948
0.6408
0.4345
0.6222
0.6222
0.2921
0.4608
0.5866
0.4826
0.7814
0.767
0.697
0.775
0.7162
0.4566
0.0
0.3877
0.0
4.525e-08
0.7591
0.6776
0.6776
0.5092
0.6776
0.6776
0.303
0.3264
0.0
0.0
4.781e-08
0.6479
0.6479
0.6479
0.6303
0.7083
0.6479
0.5029
0.4562
3.874e-08
0.3555
0.2176
3.542e-08
0.7942
0.5891
0.5753
0.524
0.5275
0.5753
0.5753
0.6759
7.445e-08
0.1456
0.0
1.035
1.021
0.5793
1.021
1.021
0.276
0.3738
0.216
0.0
0.1111
0.3589
0.3602
0.3765
0.4819
0.2685
0.3589
0.4147
0.2984
0.3756
0.4474
0.5865
0.4936
0.5576
0.5659
0.5635
0.3977
0.0
0.4226
0.538
0.6022
0.6222
0.5213
0.5379
0.5379
0.2616
0.6375
0.2576
0.332
0.5374
0.716
0.6913
0.8309
0.6678
0.1386
0.192
6.149e-08
0.2372
0.1637
0.473
0.338
0.2867
0.4324
0.3107
0.3107
0.5325
0.2465
0.1547
0.0
0.133
0.6155
0.6031
0.5898
0.6201
0.5834
0.6031
0.1347
0.2471
0.6029
0.6029
0.7284
0.7284
0.7406
0.811
0.7699
0.4771
0.5612
0.5535
0.1697
0.5116
0.6103
0.6642
0.772
0.5932
0.2064
0.0
0.226
0.2367
0.0
0.414
0.3802
0.4133
0.3802
0.4619
0.3802
0.2621
0.0
0.05814
0.2924
0.2275
0.3913
0.3975
0.4046
0.4178
0.4272
0.4178
0.1976
0.0
0.3287
0.0
0.3906
0.4273
0.5132
0.4273
0.4273
0.1534
0.0
0.2784
0.1012
0.195
0.4814
0.5084
0.4822
0.5072
0.4814
0.4814
0.2823
0.2836
0.2711
0.1832
0.3682
0.2948
0.3138
0.3402
0.1933
0.0489
0.0
0.1521
0.2125
0.1197
0.2838
0.375
0.3038
0.3095
0.2895
0.3095
0.5703
0.2182
0.0
0.671
0.9464
1.028
0.9378
0.9721
0.9464
0.1906
0.4284
0.1643
0.5077
0.2817
0.4067
0.5269
0.6372
0.4152
0.4924
0.5842
0.3304
0.0
0.2987
0.07998
2.155e-08
0.5508
0.3825
0.3393
0.3182
0.3393
0.3393
0.3286
0.5274
0.6014
0.178
0.8541
0.8715
0.7447
0.769
0.8714
0.8642
0.2614
2.594e-08
0.9373
0.1948
1.223
0.5438
0.8362
0.6127
0.5042
0.5042
0.3307
0.0
0.7511
0.1231
0.6534
0.5039
0.5746
0.5112
0.5112
0.5609
0.1731
0.2758
0.3074
0.0
0.4761
0.4545
0.2923
0.4068
0.4778
0.4545
0.1586
0.0
0.2008
0.1265
0.4763
0.4608
0.5092
0.4613
0.4613
0.1884
0.4207
0.3033
0.4153
0.2514
0.4264
0.4358
0.3188
0.3286
1.848e-08
0.2808
0.2636
0.1621
0.3071
0.3968
0.4958
0.4473
0.4663
0.4195
0.4473
0.1296
0.3555
0.5488
0.1463
2.025e-08
0.2116
0.5986
0.6351
0.6076
0.6548
0.5432
0.5828
0.6351
0.1475
0.127
0.1811
0.08981
0.1197
0.1896
0.3997
0.3874
0.3663
0.3934
0.4851
0.4278
0.4326
0.4172
0.9193
0.3262
0.1323
0.0
0.1105
0.4737
0.4428
0.4482
0.3196
1.201
0.3474
0.4428
0.1787
0.0
0.1849
0.1648
0.4154
0.2759
0.4582
0.462
0.4265
0.5428
0.4408
0.5143
0.4408
0.2951
0.519
0.3007
0.201
0.1146
0.1387
0.359
0.3703
0.4098
0.4459
0.7378
0.3442
0.3471
0.114
0.2327
0.1805
0.2174
0.2174
0.07871
0.4115
0.4115
0.3373
0.3138
0.318
0.298
0.338
0.1365
0.1979
0.06356
4.524e-08
0.373
0.3627
0.4381
0.3869
0.3398
0.373
0.3627
0.1657
0.1057
3.54e-08
0.0
0.4544
0.4544
0.4693
0.456
0.4544
0.0
0.3861
0.3696
0.1135
0.0
0.09121
0.4165
0.3889
0.411
0.3889
0.3883
0.3529
0.3889
0.1403
0.209
0.1066
0.1569
0.3028
0.28
0.4083
0.5849
0.4774
0.3926
0.4319
0.4303
0.4295
0.219
0.2337
0.1695
0.0
0.1554
0.212
0.4666
0.4481
0.4816
0.4291
0.4192
0.4969
0.4666
0.0
0.3509
0.4839
0.1958
0.1953
0.3063
0.4784
0.5522
0.5629
0.4375
0.4968
0.4274
0.4375
0.0
0.2768
0.2154
0.1316
0.07138
0.2277
0.2375
0.276
0.3768
0.2582
0.31
0.2397
0.2582
1.406e-08
0.2922
0.3417
0.3143
0.2888
0.4691
0.4996
0.4391
0.4866
0.4246
0.4866
0.0
0.3244
2.483e-08
0.2778
0.0
0.1948
0.4924
0.6316
0.586
0.6316
0.5431
0.6316
0.6316
0.1635
5.361e-08
0.1791
0.0
0.1939
0.3191
0.3643
0.3484
0.3805
0.3643
0.3643
0.13
0.3383
0.2036
0.221
0.4982
0.6304
0.9333
0.5497
0.5261
0.5796
0.5298
0.0
0.5329
0.4161
0.2748
0.3344
0.2629
0.6986
0.7495
0.7049
0.5942
0.598
0.6768
0.5942
0.1741
0.0
0.1965
0.1169
0.1146
0.591
0.5594
0.6336
0.5674
0.5634
0.5674
0.2739
0.2598
4.37e-08
0.5549
0.0
0.398
0.8351
0.6829
0.576
0.6604
0.7313
0.6829
0.6829
0.8798
1.247
0.3537
0.225
1.014
1.217
0.5145
2.116
1.088
0.2553
0.08546
0.3603
0.7109
0.3948
0.5361
1.145
0.7902
0.6721
0.6924
0.7184
0.2544
0.1954
0.2069
0.1903
0.5076
0.5095
0.4073
0.3636
0.4731
0.2027
0.0
0.2052
0.3121
0.3453
0.5183
0.7922
0.611
0.505
0.7577
0.7361
0.7691
0.7361
0.1133
0.1196
0.0
0.1441
0.108
0.381
0.4477
0.3808
0.3973
0.4011
0.381
0.09744
0.1889
0.1798
0.2002
0.1825
0.4097
0.3968
0.4784
0.516
0.5023
0.4818
0.209
0.2018
0.1524
0.1843
0.3251
0.4947
0.511
0.4515
0.5291
0.5462
0.5622
0.2523
0.2507
0.236
0.0
0.2583
0.4157
0.3828
0.4784
0.3828
0.3595
0.3729
0.1089
0.1043
0.1583
0.2438
0.0
0.4267
0.5523
0.5116
0.3027
0.4548
0.5384
0.5075
0.5116
0.3756
0.3248
0.1181
0.2617
0.1942
0.1814
0.3616
0.2467
0.5564
0.3778
0.341
0.0
0.3587
0.2703
0.0
0.1856
0.2046
0.3125
0.4275
0.3305
0.3125
0.4099
0.347
0.3125
0.1442
0.1981
2.988e-08
0.4082
0.2523
0.1299
0.4513
0.4178
0.4078
0.4844
0.5066
0.4676
0.4676
0.4231
1.779
0.1414
0.1946
0.5911
0.6252
0.8149
2.019
0.6098
0.1999
0.1903
0.1125
0.2662
0.2265
0.3561
0.4992
0.3879
0.3527
0.3743
0.3722
0.3527
0.2685
0.0
0.2225
0.457
0.3552
0.6657
0.9063
0.8422
0.7224
0.6803
0.6803
0.3076
0.2774
0.2979
0.0
0.1281
0.3147
0.2909
0.3171
0.375
0.392
0.3147
0.1385
0.2493
0.1947
0.0
0.1728
0.2389
0.373
0.3865
0.3301
0.4283
0.3271
0.4584
0.373
0.1084
0.2531
5.814e-08
0.2134
0.7744
0.3189
0.4523
0.8714
0.3122
0.4747
0.6291
0.4646
0.4646
0.06937
0.224
0.1892
0.3349
0.2542
0.4046
0.6267
0.6809
0.7403
0.5075
0.6188
0.5011
0.5173
0.2088
0.204
0.204
0.158
0.1154
0.1687
0.4939
0.4843
0.4712
0.5049
0.5426
0.5426
0.5017
0.2801
0.0
0.3525
0.0
0.0
0.1868
0.5479
0.5479
0.5484
0.4763
0.5479
0.5279
0.5479
1.697e-08
0.134
0.1018
0.0
0.3649
0.3982
0.3982
0.388
0.3982
0.1392
0.2355
0.1531
0.0
0.5217
0.1914
0.3192
0.5447
0.4101
0.3004
0.2944
0.3209
0.3192
0.0
0.0
0.1527
0.07524
0.287
0.2258
0.3468
0.213
0.213
0.1951
0.213
0.0
0.2632
0.3133
0.3626
0.3742
0.6244
0.5268
0.4594
0.4898
0.5723
0.6174
0.5596
0.5723
0.2052
0.1921
0.2755
0.3193
0.17
0.2949
0.4543
0.4101
0.4301
0.358
0.3944
0.4181
0.3924
0.1873
0.2611
0.2099
0.06059
0.0
0.2298
0.4413
0.4477
0.435
0.4226
0.4034
0.3956
0.4477
0.09027
0.4533
0.1366
0.1574
0.1184
0.1923
0.2777
0.2352
0.2646
0.4275
0.233
0.1579
0.0
0.2845
0.1439
0.1193
0.1142
0.2963
0.2824
0.2805
0.2455
0.2824
0.2874
0.2824
0.2869
0.4532
0.0
0.9062
1.199
1.169
1.192
1.114
1.199
0.1311
0.2865
0.3056
0.0
0.7578
0.8912
0.8904
0.8764
0.8153
0.8912
0.3223
0.0
0.1886
0.0
5.13e-08
0.2785
0.3903
4.644e-08
0.4891
0.5599
0.4332
0.4823
0.4332
0.4332
0.4332
0.3958
0.0
0.2157
0.0
1.294
1.326
1.228
1.326
1.326
0.8212
0.0
0.472
0.0
0.6547
0.4827
0.8778
0.4827
0.4827
0.2463
0.3687
0.4125
0.2445
0.7537
0.6526
0.6178
0.521
0.6944
0.3768
0.0
0.3908
0.0
0.5689
0.3523
0.443
0.3523
0.3523
0.6221
0.0
0.7341
0.0
1.339
1.288
1.317
1.288
1.288
0.2606
0.3698
0.5116
0.478
0.1906
0.4966
0.582
0.4343
0.4679
0.4228
0.0
7.465e-08
0.7748
0.0
0.0
0.906
0.6545
0.6545
0.529
0.6545
0.6545
0.6545
0.5387
0.0
0.4041
0.0
0.606
0.5727
0.8584
0.5727
0.5727
0.4787
0.0
0.2989
0.44
0.612
0.7719
0.6999
0.6256
0.6256
0.2838
0.0
0.3748
0.0
0.6644
0.6842
0.7769
0.6842
0.6842
0.3097
0.0
0.2704
0.4433
0.6095
0.5343
0.6883
0.5044
0.5044
0.7297
0.0
0.4001
0.0
0.5915
0.5249
0.8331
0.5249
0.5249
0.863
0.0
0.6163
0.8306
0.8781
1.156
1.371
1.04
1.04
0.2523
0.0
0.2133
0.5578
0.4357
0.6637
0.476
0.4739
0.4739
1.035
0.0
1.037
0.0
1.127
1.475
1.187
1.475
1.475
1.043
1.069
0.7033
0.0
1.254
1.004
0.654
0.8474
1.004
0.2514
0.0
3.211e-08
0.1401
0.514
0.535
0.3731
0.514
0.514
0.5532
0.0
0.631
0.7085
0.0
0.5242
0.9141
1.006
0.617
0.9874
1.006
0.5952
1.006
0.7402
0.0
0.3052
0.2816
1.454
1.521
1.217
1.465
1.465
0.2644
0.05502
3.122e-08
0.5915
1.123
5.215e-08
0.6176
1.205
0.4898
0.5379
0.5067
0.4898
0.4898
0.1866
0.3002
0.5585
0.4439
0.9154
0.549
0.8792
0.8822
0.8033
0.4338
0.0
0.245
0.6154
0.4806
0.4804
0.7054
0.4636
0.4636
0.7455
0.0
0.3214
0.6534
0.7794
0.6039
0.7492
0.6215
0.6215
0.6231
0.4526
0.4194
0.4173
0.6517
0.5303
0.9679
0.6716
0.6456
0.5457
0.6616
0.0
0.6009
0.2523
0.5793
0.2523
0.2523
0.3635
0.0
0.2747
0.4097
0.3492
0.5157
0.4443
0.2242
0.2242
0.3707
0.0
0.504
0.617
1.035
1.033
1.136
1.251
1.251
0.4348
0.5888
0.6913
0.0
0.6569
0.5935
0.733
0.5439
0.5935
0.2615
0.2364
0.5091
0.0
0.7575
0.8589
0.8821
0.8282
0.8589
0.6783
0.214
0.0
0.0
0.6223
0.6223
0.8723
0.6283
0.6223
0.5192
0.5149
0.3747
0.0
0.9108
1.022
0.9539
0.8478
1.022
0.0
0.4932
0.0
0.6342
0.6214
0.7041
0.6214
0.6214
0.5944
0.0
0.7912
0.5144
1.28
0.9212
1.035
1.092
1.092
0.2043
0.7227
0.3599
0.0
0.7391
0.7414
0.7246
0.9063
0.7414
0.5556
0.4581
0.9907
1.211
1.472
1.394
1.296
1.652
1.566
0.3621
0.0
0.1133
0.1295
0.6964
0.7374
0.6239
0.7049
0.7049
0.6126
0.5331
0.4554
0.0
0.4393
0.5868
0.3509
0.4196
0.5868
0.2986
0.0
0.3972
0.0
0.912
0.769
0.8026
0.769
0.769
0.6177
0.0
0.6619
0.0
0.6619
0.0
0.6177
0.0
0.0
0.4741
0.3846
0.2561
0.3516
0.5543
0.5182
0.4837
0.5746
0.5732
0.5098
0.8122
0.8224
0.3462
1.072
0.7855
0.6858
1.247
0.6912
0.7513
0.0
0.5837
0.5113
0.8259
0.9527
0.8527
0.8076
0.8076
0.5607
0.557
0.3079
1.143
1.189
0.8938
1.138
1.189
0.4864
0.0
0.4471
0.0
0.8258
0.7016
0.7786
0.7016
0.7016
0.357
0.5771
0.5276
0.4763
0.8241
0.9092
0.5018
1.115
0.6208
0.5662
0.4796
0.4592
0.6413
0.6431
0.7503
0.845
0.454
0.5685
0.6271
0.0
0.7143
0.2207
0.4747
0.4015
0.5269
0.6979
0.613
0.649
0.5127
0.7526
0.5127
0.3283
0.4416
0.2032
0.0
0.8445
0.8372
0.7711
0.5897
0.8372
0.2708
0.0
0.0
0.2141
0.5737
0.5728
0.4837
0.5737
0.5737
0.0
0.4439
0.4216
0.3793
0.4294
0.5433
0.5756
0.5453
0.6093
0.587
0.6093
0.2362
0.0
0.4481
0.1616
0.2019
0.2848
0.4175
0.3071
0.3172
0.3715
0.3172
0.0
0.0
0.6949
0.6551
0.9812
0.8175
0.9183
0.9183
0.9183
0.2632
0.3908
0.5115
0.3028
0.0
0.5228
0.6501
0.6703
0.8027
0.7037
0.5456
0.7232
0.6703
0.2372
0.3533
0.4286
0.4785
0.0
0.0
0.4284
0.4205
0.4205
0.5196
0.6092
0.427
0.4205
0.4379
0.0
0.6999
0.4372
0.6141
0.0
0.6013
0.6761
0.4372
0.8443
0.4372
0.272
1.086
0.4661
0.0
0.5712
0.5415
1.232
1.683
1.206
1.127
1.703
1.141
1.232
0.3198
0.3856
0.4723
0.1526
0.0
0.4348
0.1526
0.0
0.4348
0.3198
0.3856
0.4723
0.0
0.2705
0.0
0.4822
0.2668
0.3882
0.4438
0.5439
0.3205
0.3528
0.3585
0.3895
0.4683
0.3895
0.2658
0.3251
0.227
0.2076
0.743
0.7
0.5654
0.7237
0.703
0.391
0.0
0.3559
0.0
0.0
0.5088
0.5088
0.5829
0.5088
0.5843
0.5088
0.1353
0.0
0.4027
0.4983
0.0
0.6669
0.6794
0.7095
0.7394
0.7095
0.7095
0.992
0.992
0.9352
0.9226
1.157
1.127
2.069
2.069
1.672
0.1377
0.0
0.1377
0.5732
0.0
0.7723
0.4889
0.4526
0.4889
0.4526
0.4889
0.6875
0.4755
0.4111
0.5233
0.0
0.696
0.3172
0.7068
0.4483
0.4902
0.3172
0.0
0.3752
0.2961
0.2343
0.572
0.6296
0.5267
0.5763
0.5097
0.5296
0.6864
0.538
0.5296
0.3643
0.2894
3.92e-08
0.0
3.579e-08
0.2532
0.2532
0.2532
0.3645
0.2749
0.2532
0.0
0.0
0.3142
0.3017
0.6561
0.461
0.6677
0.8515
0.6207
0.5897
0.5897
0.5673
0.5897
0.0
0.58
0.3513
0.0
0.4197
0.7473
0.7053
0.7369
0.7053
0.6395
0.7053
0.4193
0.343
0.5217
0.2773
0.0
0.4493
0.4903
0.5482
0.573
0.6301
0.5795
0.5458
0.5482
0.0
0.4391
0.3985
0.0
0.6301
0.344
0.9083
0.6631
0.7922
0.9083
1.016
1.087
0.9083
0.1455
0.5504
1.49e-08
0.5285
0.0
0.733
1.011
0.9665
1.065
1.011
1.011
0.1294
0.3065
0.1459
0.1876
0.3538
0.301
0.2994
0.4013
0.3206
0.4501
0.3082
0.4168
0.0
0.0
0.7089
0.7641
0.7641
0.6455
0.9012
0.7859
0.8659
0.7641
0.0
0.5764
0.983
0.1889
0.3411
0.3876
1.006
1.157
1.187
1.024
1.061
0.6427
1.024
0.0
0.0
0.2788
0.0
0.4537
0.315
0.4538
0.5816
0.581
0.4538
0.4538
0.493
0.4538
0.4499
0.5806
0.3825
0.3743
1.137
1.41
1.021
0.969
1.559
0.619
0.3915
0.73
0.5
0.5629
0.3991
0.9374
1.134
1.117
1.235
1.116
0.872
1.223
0.0
0.5453
0.3325
0.1472
0.3925
0.3648
1.016
0.799
0.9244
1.002
1.151
0.966
1.002
0.2806
0.0
0.2879
0.3003
0.6743
0.729
0.6535
0.7555
0.7555
0.2367
0.2397
0.2474
0.3779
0.5469
0.4587
0.4178
0.754
0.8462
0.7596
0.0
0.2002
1.455
1.523
1.015
1.003
0.9734
1.455
0.0
0.4461
0.5134
0.2475
0.3065
0.2496
0.3782
0.4717
0.4317
0.3377
0.5603
0.5725
0.3377
0.3546
0.0
0.525
0.0
0.0
0.804
0.804
0.6581
0.804
0.6229
0.804
0.4616
0.0
0.6212
0.0
0.347
0.3577
0.72
0.8826
0.7973
0.4066
0.72
0.4925
0.72
0.4743
0.8114
0.6028
0.4192
0.7376
0.4426
0.9822
1.205
0.7581
0.7254
0.8403
0.7265
0.8858
0.3802
0.3095
0.3106
0.0
0.3038
0.236
0.6282
0.6777
0.61
0.802
0.6329
0.5232
0.6282
0.3527
0.7502
0.6764
0.2268
0.507
0.6618
0.8029
0.9199
0.8601
0.8028
1.01
0.7364
0.8557
0.4547
0.5441
0.3784
0.0
0.0
0.4816
0.9082
0.9082
0.8004
0.8741
0.7754
0.8413
0.9082
0.1476
0.6254
0.3343
0.5245
0.0
0.4228
0.4535
0.4239
0.6555
0.5517
0.4535
0.2404
0.2115
5.015e-08
0.217
0.2135
0.3342
0.4637
0.2154
0.293
0.3607
0.3607
0.2989
0.4156
0.3893
0.0
0.0
0.1535
0.4101
0.4101
0.4621
0.3398
0.4846
0.2581
0.4101
0.251
0.4395
0.3325
0.3125
0.0
0.1858
0.8757
0.8638
0.8148
0.8798
0.9196
0.7177
0.8638
0.4315
0.0
0.8558
0.3168
0.3304
0.3051
1.049
1.05
1.052
0.9662
1.047
1.174
1.047
0.3981
0.3248
0.4687
0.162
0.0
0.5404
0.5525
0.5294
0.63
0.617
0.5809
0.5971
0.5294
0.4274
0.0
0.0
0.5183
0.5616
0.6912
0.4774
0.5616
0.5616
0.0
0.7419
0.0
0.0
0.4175
0.5434
0.5434
0.5584
0.528
0.5434
0.7997
0.5434
0.2548
0.3337
0.262
0.1042
0.3355
0.1364
0.3083
0.4093
0.3139
0.3151
0.4318
0.3725
0.2998
0.7358
4.623e-08
0.0
0.3528
0.3528
0.3528
0.5005
0.3528
0.2111
0.0
0.4274
2.485e-08
0.0
0.2566
0.2566
0.3046
0.2566
0.3988
0.2566
0.4598
0.3215
0.0
0.0
0.324
0.324
0.4959
0.4181
0.324
6.794e-08
0.1451
0.3048
0.04576
0.0
0.3402
0.3453
0.3453
0.3727
0.4616
0.3453
0.1182
0.05619
0.1366
0.09461
0.1269
0.174
0.3356
0.3952
0.2611
0.2976
0.3619
0.414
0.3567
0.0
1.702
0.0
0.4776
0.0
0.6945
0.6252
0.6252
1.958
0.6252
0.6252
0.3951
0.0
0.333
0.3126
0.4409
0.5415
0.3819
0.3535
0.3535
4.792e-08
0.1363
0.2009
0.0
0.224
0.4955
0.4303
0.4551
0.4303
0.4222
0.4303
0.3256
0.0
0.3229
0.0
0.5233
0.3806
0.5253
0.3806
0.3806
0.6619
0.7928
0.2791
0.0
0.5813
0.5055
0.7822
0.844
0.5055
0.0
0.2526
0.0
0.5332
0.4126
0.4126
0.4126
0.4126
0.7855
1.117
0.3804
0.3236
1.288
1.248
1.263
0.7916
1.221
0.0
0.0
0.4824
0.5079
0.4824
0.5079
0.0
0.0
0.0
0.0
0.0
0.4716
0.5866
0.3732
0.6856
0.3086
0.3086
0.3086
0.0
0.8466
0.9703
0.0
0.8281
0.8087
0.8087
1.286
0.8087
4.081e-08
0.0
0.3813
0.1984
0.0
0.416
0.4749
0.4303
0.5001
0.4303
0.4303
0.5165
0.4303
0.353
0.3975
0.0
0.0
0.3446
0.0
0.0
0.3446
0.4793
0.3768
0.0
0.0
0.0
0.319
0.7705
0.7705
0.7771
0.8524
0.7705
0.7705
3.344e-08
0.1104
6.508e-08
0.1615
0.3697
0.5301
0.4317
0.5474
0.5474
0.5474
0.5474
0.1445
0.2356
0.1204
0.3567
0.0
0.5302
0.6513
0.6845
0.6396
0.6598
0.6513
0.0
5.589e-08
0.4127
0.4743
0.6972
0.4743
0.4743
0.4743
0.6247
0.7117
0.2314
0.0
0.3614
0.3379
0.6278
0.7556
0.3379
0.5112
0.4554
0.4379
0.2513
0.0
0.2513
0.0
0.5112
0.4554
0.4379
0.0
0.7866
0.0
0.3292
0.4083
0.6004
0.8116
0.5479
0.7028
0.7028
0.0
0.5239
0.2411
0.0
0.6963
0.745
0.745
0.7193
0.745
0.0
0.353
0.3763
0.6632
0.0
0.7227
0.5687
0.5687
0.5864
0.5078
0.5687
1.138
0.8076
0.0
0.0
0.5291
0.5291
1.211
0.964
0.5291
0.1612
1.334
4.132e-08
0.3956
0.0
0.4738
0.3105
0.3113
1.337
0.3105
0.3105
0.1704
0.3375
0.1997
0.2396
0.1061
0.1804
0.57
0.4656
0.4825
0.5215
0.4671
0.4206
0.4698
0.4062
0.6242
0.3067
0.0
0.734
0.6089
0.6722
0.6003
0.6089
0.6257
0.5058
0.7721
0.9085
0.815
0.7695
0.0
0.9634
0.6257
0.56
0.5681
0.3108
0.0
0.5045
0.4714
0.7025
0.6966
0.4714
0.0
1.29
0.8203
0.9801
1.117
1.106
1.385
0.4311
0.7895
0.7261
0.0
0.0
1.078
1.078
1.158
1.528
1.024
1.078
0.4928
0.0
0.3944
0.6077
0.0
0.8939
0.8082
0.9271
0.8082
0.8732
0.8082
0.0
0.5663
0.265
0.0
0.3208
0.6553
0.6113
0.6091
0.6113
0.969
0.6113
0.2991
0.0
0.0
0.5527
0.3424
0.4882
0.4885
0.3424
0.3424
0.5446
0.0
0.414
0.536
1.108
1.229
0.764
0.8966
0.8966
0.1913
0.0
0.0
0.0
0.4399
0.4399
0.362
0.4399
0.4399
0.0
0.756
1.008
1.184
1.291
0.6402
0.6454
1.249
0.6454
0.8122
0.0
0.0
0.7329
0.7769
1.208
1.171
0.7769
0.7769
4.444e-08
0.0
0.2648
0.0
0.689
0.6138
0.6138
0.6138
0.6138
0.3432
0.4433
0.2955
0.0
0.4448
0.3358
0.5224
0.4435
0.3358
0.4786
0.3081
0.7059
0.7855
6.665e-08
0.6325
0.5991
0.6111
0.7474
0.5917
0.6111
0.0
0.0
0.2866
0.0
5.627e-08
0.5484
0.4077
0.4077
0.4077
0.4077
0.4077
0.4592
0.0
0.2612
0.7389
0.6498
0.568
0.814
0.6389
0.6389
4.719e-08
0.5568
0.1684
0.0
0.0
0.1402
0.1402
0.1402
0.5815
0.2562
0.1402
0.2533
1.204
0.2449
0.5792
6.544e-08
0.4043
0.6987
0.2769
0.2153
1.181
0.2769
0.3699
0.0
0.3497
0.0
0.6387
0.4876
0.572
0.4876
0.4876
0.2152
0.3294
0.3867
0.5366
0.2887
0.5783
0.6913
0.702
0.6719
0.7396
0.6879
0.0
0.0
0.0
0.0
0.5777
0.5777
0.5777
0.5777
0.5777
0.4756
0.0
0.3023
0.4324
2.642e-08
0.4294
0.6523
0.347
0.538
0.347
0.347
0.1323
0.3638
0.0
0.0
0.3701
0.3701
0.3935
0.572
0.3701
0.4242
0.7057
0.416
0.0
0.6529
0.3516
0.3373
0.5949
0.3516
0.0
0.0
0.2349
0.4016
0.3699
0.4453
0.3521
0.3521
0.3521
2.753e-08
0.0
0.2984
0.0
0.1625
0.5012
0.6595
0.6439
0.6595
0.6595
0.6595
0.0
0.0
0.1599
0.4099
0.1553
0.6546
0.5417
0.5245
0.5749
0.5749
0.5749
5.589e-08
0.4879
3.786e-08
0.0
0.4458
0.4458
0.4458
0.4228
0.4458
5.013e-08
0.236
0.2239
0.5718
0.4263
0.5458
0.4157
0.5344
0.4157
0.0
0.4082
0.2564
0.0
0.5521
0.4112
0.4112
0.3713
0.4112
0.3632
0.0
0.5075
0.5326
0.7647
0.7487
0.4899
0.6169
0.6169
0.2342
0.0
3.841e-08
4.729e-08
0.223
0.2714
0.3418
0.2925
0.2714
0.2714
0.2714
0.0
0.7636
0.5673
0.0
0.549
0.4825
0.4825
0.7613
0.4825
0.2649
0.0
2.277e-08
0.0
0.5516
0.5516
0.5229
0.5516
0.5516
0.3966
0.578
0.383
0.0
0.7256
0.4913
0.6417
0.7177
0.4913
0.0
0.7041
0.3122
0.3642
1.095
1.22
0.98
0.9247
0.98
0.344
0.0
0.1809
0.1887
0.2969
0.6076
0.6247
0.673
0.6223
0.6634
0.6223
0.1179
0.0
0.2402
0.0
1.219
1.245
1.213
1.245
1.245
0.5117
0.0
0.0
0.368
0.7704
0.81
0.7641
0.7704
0.7704
0.0
0.0
0.7561
0.0
0.7972
0.706
0.706
0.706
0.706
0.0
0.0
0.6753
0.7938
0.8377
0.755
0.696
0.696
0.696
0.5372
0.7506
0.4325
0.586
0.5792
0.6407
0.5455
0.8497
0.3026
0.1222
0.0
3.67e-08
0.0
3.67e-08
0.0
0.1222
0.0
0.0
0.5854
0.4062
0.2618
0.0
0.2618
0.0
0.5854
0.4062
0.0
0.0
0.44
0.3148
0.4256
0.8205
0.8764
0.7453
0.7587
0.7453
0.1269
0.7987
0.1501
0.7551
0.2854
0.7842
0.24
0.7562
0.2064
0.0
0.0
0.2808
0.0
0.4744
0.3792
0.3792
0.3792
0.3792
0.0
0.2305
0.2659
0.0
0.5234
0.5835
0.5835
0.6074
0.5835
0.383
0.5141
0.0
0.5824
0.4785
0.6652
0.4785
0.4785
4.188e-08
0.225
0.1899
0.3304
0.221
0.4959
0.6631
0.5299
0.419
0.4673
0.419
0.2476
0.1787
0.0
0.0
1.241
1.241
1.297
1.259
1.241
0.34
0.358
0.0
0.522
0.3239
0.4891
0.3239
0.3239
1.725e-08
0.2741
6.752e-08
0.1763
0.2879
0.3178
0.3432
0.2638
0.3061
0.2638
0.2638
0.0
0.3655
0.3137
0.6067
0.3697
0.3587
0.6053
0.6688
0.8918
0.8198
0.6688
0.5124
0.0
0.1818
0.272
0.86
1.044
0.7743
0.8812
0.8812
0.8396
3.786e-08
0.0
0.6063
0.6063
0.6411
0.6502
0.6063
0.0
0.0
0.2994
0.3381
0.3176
0.3663
0.3763
0.494
0.4018
0.4018
0.4018
0.1941
0.211
0.1986
0.4716
0.4294
0.542
0.3722
0.3706
0.3249
0.0
0.0
0.3066
0.5793
0.5095
0.7188
0.4229
0.4229
0.4229
0.0
5.545e-08
0.0
0.2617
0.2617
0.2617
0.2617
0.7026
0.3405
3.517e-08
0.0
0.4774
0.4774
0.6054
0.5305
0.4774
0.0
0.0
0.1478
0.2985
0.4777
0.4912
0.4695
0.4695
0.4695
0.214
0.0
3.927e-08
0.2948
0.0
0.5032
0.3988
0.4926
0.3988
0.3988
0.3988
0.0
0.5981
0.2406
0.4322
0.6639
0.6472
0.5827
1.013
0.5827
0.396
0.5972
0.2833
0.0
0.6894
0.6324
0.6454
0.8495
0.6324
0.7067
0.6949
0.0
0.0
0.5377
0.5377
0.6881
0.6754
0.5377
0.0
0.3411
0.0
0.6853
0.2277
0.6807
0.2277
0.4008
0.2277
0.0
0.0
0.4611
1.369
0.6486
1.402
0.5057
0.5057
0.5057
0.2421
0.267
0.05568
0.0
0.5913
0.5807
0.4161
0.609
0.5807
0.0
0.6622
0.3221
0.8647
0.6705
0.8698
0.6636
0.8728
0.6636
0.2865
0.0
3.24e-08
0.2895
0.2657
0.8309
0.7808
0.8748
0.8048
0.8048
0.8048
0.441
0.458
0.1844
0.3915
0.5161
0.4664
0.4298
0.4676
0.5312
0.2138
0.0
0.0
0.0
0.4397
0.3503
0.3503
0.522
0.3878
0.3503
0.3503
0.4136
0.5017
0.0
0.0
0.5246
0.5246
0.5855
0.4494
0.5246
0.4202
0.8746
0.43
0.0
0.605
0.4948
0.576
0.7157
0.4948
0.0
0.3426
0.638
0.5751
0.754
0.4409
0.4409
0.4409
4.102e-08
0.0
0.189
0.0
0.4316
0.4382
0.4382
0.4382
0.4382
0.29
0.4028
0.0
0.0
0.241
0.241
0.3539
0.3982
0.241
5.147e-08
0.6631
0.4602
0.0
0.3217
0.5043
0.5043
0.6755
0.5043
0.4987
0.0
4.642e-08
0.2842
0.5248
0.5589
0.4844
0.5248
0.5248
2.771e-08
0.0
0.1405
0.1817
0.3622
0.4461
0.3846
0.3846
0.3846
0.0
0.0
0.3867
1.003
0.495
1.096
0.4488
0.4488
0.4488
0.369
0.4426
0.1975
0.1993
0.6699
0.6907
0.8742
0.7535
0.7541
0.0
0.6478
0.3108
0.0
0.6454
0.2759
0.2238
0.1655
0.0
0.3268
0.297
0.2461
0.2647
0.297
3.032e-08
0.3156
0.0
0.0
0.4639
0.2218
0.2218
0.5904
0.2218
0.3754
0.2218
0.2292
0.0
0.8249
0.7116
0.745
0.6611
0.7355
0.7435
0.7435
0.0
0.2095
3.903e-08
0.5257
0.0
0.5798
0.4607
0.4607
0.5434
0.4607
0.4607
0.4546
0.6185
1.925e-08
0.0
0.9333
0.9333
0.6082
0.8409
0.9333
7.675e-08
0.0
6.469e-08
0.0
0.3547
0.1587
0.1587
0.3033
0.1587
0.1587
0.1587
0.3545
0.6059
0.0
0.0
0.7231
0.7231
0.8649
0.8872
0.7231
0.2106
0.3945
0.0
0.0
0.174
0.5744
0.5744
0.6319
0.5464
0.6182
0.5744
2.456
0.0
0.7361
1.279
1.745
2.342
1.965
1.339
1.339
0.5543
0.4372
0.7496
0.0
0.0
1.004
0.7965
1.271
1.121
0.78
0.78
0.78
5.216e-08
0.0
5.216e-08
0.6179
0.0
0.5291
0.5012
0.5012
0.5012
0.5012
0.5012
0.1941
0.0
0.3892
0.0
0.3147
0.3984
0.4126
0.3984
0.3984
0.6786
0.0
0.1879
0.3892
0.9387
1.037
0.6832
0.9378
0.9378
0.4119
0.6693
0.3545
0.6491
0.3701
0.6808
0.4439
0.6771
0.1699
0.0
0.6346
0.3249
0.3861
0.845
0.6725
0.6432
0.7432
0.8587
0.8193
0.7432
0.0
0.9341
0.6076
0.5373
0.7196
0.5113
0.5113
1.043
0.5113
0.6527
0.0
0.3671
0.2686
0.704
0.6085
0.6703
0.5484
0.5484
0.4292
0.4343
0.2545
0.4393
0.5693
0.6222
0.4732
0.5179
0.5944
0.0
0.0
2.471e-08
0.0
0.4498
0.4498
0.4498
0.4498
0.4498
0.6619
0.7057
0.6091
1.239
0.0
0.0
0.3325
1.185
1.185
1.075
1.12
1.146
1.185
0.07663
0.0
0.1179
0.1732
0.2385
0.2701
0.2834
0.2999
0.4342
0.4134
0.3889
0.4209
0.3889
0.0
7.785e-08
0.377
0.6572
7.785e-08
0.0
0.0
0.2833
0.6667
0.6465
0.0
0.7433
0.5057
0.4938
0.7687
0.5057
0.0
0.0
0.7206
0.0
0.8675
0.3223
0.3223
0.3223
0.3223
0.0
0.0
0.571
0.0
0.7694
0.92
0.5784
0.8576
0.5784
0.5784
0.5784
0.5423
0.5175
0.2828
0.3457
0.0
0.4885
0.5613
0.6452
0.5259
0.5869
0.5613
0.0
1.038
0.9801
1.106
1.106
1.002
1.106
0.3218
0.0
0.4488
0.8771
0.6218
0.5131
1.047
0.6723
0.5166
0.4458
0.4458
0.1845
0.0
5.338e-08
0.4269
0.0
0.4837
0.4023
0.4797
0.4023
0.4023
0.4023
0.0
0.4237
0.6908
0.0
0.6884
0.5055
0.5055
0.6253
0.5055
0.2333
0.0
0.4101
0.6527
0.7329
0.8786
0.6175
0.5676
0.5676
0.196
1.355
0.0
0.0
0.3322
0.4402
0.4402
0.6111
0.4876
1.268
0.4402
0.6257
0.2398
0.0
0.3981
0.5086
0.6199
0.7662
0.6763
0.7991
0.6199
0.0
0.0
0.7878
1.187
0.7878
1.187
0.0
0.0
0.0
0.2967
0.0
0.2477
0.0
5.506e-08
0.3792
0.4224
0.4224
0.5587
0.4224
0.4224
0.203
0.0
0.3281
0.0
0.4365
0.4611
0.4714
0.4611
0.4611
0.0
0.3795
4.457e-08
3.15e-08
0.0
0.0
0.3557
0.3557
0.3557
0.3557
0.4783
0.3557
0.3557
0.1634
0.0
3.909e-08
0.418
0.6193
0.7008
0.5836
0.6193
0.6193
0.6023
0.5086
0.4197
0.0
0.4942
0.7118
0.6907
0.6673
0.7361
0.9326
0.6907
0.0
1.084
0.0
0.0
0.5466
0.7069
0.7069
0.7686
0.7069
1.369
0.7069
0.2349
0.0
0.1792
0.1896
0.0
0.2687
0.1788
0.1618
0.1788
0.1988
0.1788
0.7786
0.2009
0.0
0.2937
0.8727
0.8794
1.628
0.8129
0.8727
0.2694
0.2892
0.2892
0.113
0.2771
0.0
0.0
0.0
0.3278
0.0
0.6519
0.5439
0.5439
0.5439
0.5439
0.6281
0.0
0.5872
0.0
0.5007
0.3682
0.536
0.4597
0.693
0.7438
0.536
0.7017
0.536
0.6308
0.4915
0.3035
0.0
0.3408
0.2149
0.6313
0.4905
0.2149
0.3888
0.0
0.0
0.8377
0.4941
0.6931
0.6481
0.4941
0.4941
0.1281
0.2814
0.1281
0.3238
0.0
2.957e-08
0.1869
0.1876
0.0
0.2127
0.1918
0.1918
0.2645
0.1918
0.0
0.7013
5.41e-08
0.4306
0.3991
0.5202
0.5313
0.6295
0.8034
0.6545
0.9113
0.6545
0.6545
0.0
0.4748
0.08722
0.0
0.1499
0.4756
0.4941
0.557
0.4941
0.506
0.4941
0.3685
0.0
0.1539
0.674
0.7421
0.5968
0.6359
0.7913
0.7099
0.6891
0.7099
5.499e-08
0.0
0.4825
0.2243
0.0
0.422
0.3934
0.3934
0.3934
0.5519
0.3934
0.7162
0.8264
0.0
0.63
0.0
0.63
0.7162
0.8264
0.0
0.4743
0.0
0.3984
0.0
0.2552
0.6371
0.6133
0.6079
0.7791
0.6133
0.6133
0.5726
0.3816
0.4293
0.0
0.0
0.6139
0.6139
0.8575
0.749
0.6615
0.6139
0.5777
0.4961
0.3423
0.0
5.927e-08
0.642
0.6472
0.6472
0.6203
0.659
0.6472
0.2092
0.2869
0.0
0.5449
0.3498
0.6217
0.7065
0.5457
0.7095
0.6786
0.6217
0.3234
0.7588
0.0
0.0
0.458
0.458
0.3653
0.7709
0.458
0.8701
0.0
0.6467
1.017
0.8302
1.079
0.6606
0.6606
0.0
1.376
0.6687
0.0
0.6941
0.4196
0.4196
1.604
0.4196
0.756
0.5141
0.9574
0.7488
1.12
0.4251
0.7226
0.3516
0.6311
0.0
0.5914
0.0
0.6772
0.5273
0.6874
0.5273
0.5273
0.4505
0.0
0.0
3.539e-08
0.3114
0.1109
0.7476
0.7307
0.7257
0.5183
0.7476
0.7476
0.7476
0.0
0.0
0.3948
0.4629
0.4722
0.5348
0.3756
0.3756
0.3756
0.2228
0.0
0.1717
0.2839
0.1717
0.2839
0.2228
0.0
0.0
0.0
0.3461
4.871e-08
0.0
0.3676
0.6054
0.6054
0.7393
0.6054
0.4149
0.6054
4.865e-08
0.4031
0.0
0.0
0.6682
0.6682
0.6682
0.7219
0.6682
0.6345
0.0
0.9436
0.8353
0.9854
0.9116
0.7002
0.3974
0.3974
0.0
0.8478
0.3651
0.5754
0.5249
0.5249
0.9836
0.6184
0.0
0.1853
0.3475
0.5025
0.4824
0.5829
0.5275
0.4824
0.4824
0.4619
0.6301
0.7479
0.0
0.0
0.0
0.0
0.4619
0.6301
0.7479
0.0
0.2383
0.0
4.823e-08
0.2491
0.336
5.436e-08
0.3427
0.3365
0.2929
0.2658
0.2929
0.2929
0.2929
0.1203
0.3458
0.1549
0.0
0.1455
0.442
0.4128
0.4261
0.4306
0.4985
0.4128
0.0
0.0
0.5788
0.9364
0.9179
0.9245
0.7962
0.7962
0.7962
0.5102
1.038
0.422
0.0
0.9823
0.8235
0.8794
0.8456
0.8235
0.5805
0.0
0.0
0.0
0.2571
0.2571
0.5995
0.2571
0.2571
2.822e-08
0.1553
0.1419
0.6056
0.3286
0.7464
0.5732
0.6013
0.594
0.5713
0.6013
0.4743
0.6667
0.0
0.0
6.074e-08
0.0
0.0
6.074e-08
0.4743
0.6667
0.0
0.3647
0.0
0.2947
0.7307
0.0
0.0
0.8074
0.5363
0.5363
0.6582
0.5363
0.5929
0.5363
0.9582
1.349
0.9954
0.0
1.093
0.7702
1.152
1.469
0.7702
0.382
0.0
0.3545
0.0
0.671
0.619
0.7029
0.619
0.619
0.0
0.0
0.2182
0.0
0.2297
0.8064
0.7431
0.6992
0.7431
0.7431
0.7431
0.3903
0.0
0.7718
0.443
0.7761
0.5145
0.3903
0.3903
0.5393
0.0
0.3583
0.0
0.6872
0.5938
0.3735
0.5938
0.5938
0.3683
0.3548
0.0
0.6043
0.4869
0.6133
0.4869
0.4869
0.1587
0.0
0.0
0.6615
0.6695
0.6604
0.6695
0.6695
0.4238
0.07331
0.2852
0.159
0.3097
0.2556
0.4407
0.2025
0.1972
0.3086
0.0
0.3069
0.0
0.8031
0.7407
0.5808
0.7407
0.7407
0.4046
0.0
0.5637
0.0
0.2783
0.7266
0.634
0.639
0.6703
0.634
0.634
0.6579
0.0
0.5738
0.0
1.201
1.264
1.364
1.264
1.264
0.0
0.0
0.2936
0.3339
0.3857
0.3006
0.3928
0.3928
0.3928
0.6565
0.0
0.4098
0.613
0.6587
0.9935
1.039
0.7489
0.7489
0.902
0.0
0.3022
0.2432
1.461
1.482
0.665
1.407
1.407
0.2563
0.5064
0.6965
0.5157
1.132
1.024
0.9449
1.03
0.906
0.2648
0.0
0.0
0.779
0.8435
0.8879
0.8435
0.8435
0.8342
0.0
0.3116
0.0
3.62e-08
0.9011
0.7199
0.7199
0.7073
0.7199
0.7199
0.4441
0.2985
0.5438
0.07925
1.299
1.223
1.295
1.273
1.224
0.1429
0.0
0.1375
0.0
0.1865
0.1621
0.08546
0.1621
0.1621
0.4336
0.0
0.0
0.1831
0.229
0.1725
0.5162
0.229
0.229
0.3114
0.0
0.1724
0.0767
0.4613
0.4734
0.4791
0.4744
0.4744
0.6803
0.7041
0.7257
0.0
0.9431
0.6803
0.8798
0.6803
0.5606
0.0
0.5565
0.0
1.17
1.156
1.173
1.156
1.156
0.3802
0.0
0.3414
0.1526
0.5938
0.3679
0.4552
0.3904
0.3904
0.6929
0.0
0.4505
0.7772
0.0
0.3822
0.7772
0.0
0.3822
0.6929
0.0
0.4505
0.0
0.8338
0.2541
0.7963
0.8482
1.133
0.859
0.8482
0.5281
0.0
1.048
0.0
0.7436
0.9232
1.071
0.9232
0.9232
0.8022
0.0
0.7495
0.0
1.934
1.828
1.607
1.828
1.828
0.628
0.0
0.2745
0.387
0.0
0.6172
0.4985
0.6616
0.4985
0.4987
0.4985
0.0
0.4433
0.0
0.8245
0.8663
0.9583
0.8663
0.8663
0.2518
0.0
0.0
0.5588
0.3745
0.0
0.4625
0.4577
0.7467
0.5474
0.7538
0.6558
0.6558
0.1369
0.0
0.1369
0.0
0.1369
0.0
0.1369
0.0
0.0
0.1842
0.1026
0.1185
0.2278
0.3698
0.5855
0.4663
0.4386
0.4167
0.2594
0.0
0.09119
0.147
0.8295
0.8255
0.8199
0.8214
0.8214
0.6757
0.0
0.5843
0.0
0.6317
0.5157
0.7887
0.5157
0.5157
0.674
0.5772
0.0
1.092
1.164
1.182
1.164
1.164
0.2431
0.0
0.6727
0.0
1.261
0.9641
0.9675
0.9641
0.9641
0.4824
0.0
0.602
0.0
0.6149
0.3298
0.6003
0.3298
0.3298
0.353
0.0
0.2646
0.151
0.5931
0.7865
0.6487
0.7182
0.7182
0.4338
0.3714
0.2162
0.07783
0.9581
0.9572
1.109
0.877
0.9581
0.5846
0.0
0.1542
0.0
1.339
1.313
1.017
1.313
1.313
0.4758
0.0
0.9236
0.1217
0.934
0.892
0.9236
0.9236
0.5803
0.0
0.2207
0.0
7.73e-08
0.5536
0.6815
0.6815
0.6241
0.6815
0.6815
0.4524
0.0
0.1774
0.0
0.9015
0.8687
0.7819
0.8687
0.8687
0.0
0.5211
0.5055
0.5526
0.5055
0.5055
0.0
0.5731
0.0
0.9789
0.9548
0.9691
0.9548
0.9548
0.1802
0.0
0.2458
0.0
0.5513
0.6074
0.67
0.6074
0.6074
0.0
0.4606
0.1736
0.5337
0.1736
0.1736
4.633e-08
0.3251
0.1763
0.0
0.5099
0.4488
0.4488
0.4683
0.4488
0.6012
0.0
0.7619
0.0
0.7619
0.0
0.6012
0.0
0.0
0.4361
0.5122
0.6717
0.0
0.6098
0.9949
1.011
1.11
0.9949
0.4696
0.5838
0.5838
0.4696
0.0
0.9539
0.0
0.432
0.0
1.288
1.292
0.9562
1.292
1.292
0.3108
0.3373
0.0
0.4242
0.3516
0.4251
0.3516
0.3958
0.0
0.3903
0.3958
0.1593
0.0
0.2499
0.0
0.4282
0.3077
0.3396
0.3077
0.3077
0.2449
0.0
0.5414
0.0
1.175
1.235
1.252
1.235
1.235
0.2332
0.0
0.2745
0.6823
0.7188
0.7425
0.7188
0.7188
0.3
0.0
0.2823
0.6115
0.2823
0.6115
0.3
0.0
0.0
0.7338
0.0
0.3423
0.0
1.264
1.247
0.9746
1.247
1.247
0.3699
0.0
0.383
0.0
0.6533
0.5219
0.3629
0.5219
0.5219
0.3578
0.3349
0.0
0.2526
0.0
0.3061
0.2698
0.4631
0.3946
0.2698
0.2698
0.0
0.3425
0.0
0.5131
0.465
0.6503
0.465
0.465
4.291e-08
0.1771
0.3379
0.4016
0.4642
0.4961
0.3995
0.3979
0.3995
0.2345
0.0
0.2702
0.2545
0.3544
0.3254
0.259
0.185
0.185
0.2421
0.0
0.0
0.1979
0.3303
0.4637
0.3374
0.3303
0.3303
0.3995
0.0
5.253e-08
0.2368
0.0
0.8589
0.8894
1.06
0.8894
0.8894
0.8894
0.2707
0.0
0.2788
0.0
0.381
0.3715
0.3356
0.3715
0.3715
0.6247
0.0
0.4176
0.0
0.2941
0.8054
0.69
0.7611
0.311
0.69
0.69
0.1126
0.2189
0.2569
0.1083
0.8123
0.752
0.7956
0.8049
0.7715
0.2201
0.41
0.4494
0.1341
0.8
0.9521
0.9063
0.9969
0.9527
0.4534
0.0
0.1943
0.2151
0.6845
0.7464
0.6696
0.7199
0.7199
0.2873
0.0
0.2165
0.1206
0.3838
0.4528
0.4387
0.424
0.424
0.2827
0.07888
0.4027
0.0
1.07
0.9974
0.9949
1.012
0.9974
0.6206
0.0
0.2487
0.0
0.3728
0.3086
0.7391
0.3086
0.3086
0.1932
0.0
4.676e-08
0.1768
0.0
4.789e-08
0.6573
0.67
0.67
0.6899
0.67
0.67
0.67
0.2718
0.0
0.3744
0.0
0.7627
0.6677
0.5443
0.6677
0.6677
0.0
0.2188
0.0
0.3962
0.4467
0.4369
0.4467
0.4467
0.8578
0.0
0.892
0.8858
0.8583
0.8079
0.8901
1.004
1.004
0.2964
0.0
0.9245
0.9674
1.043
0.9674
0.9674
0.1883
0.0
0.1602
0.0
0.6496
0.6723
0.705
0.6723
0.6723
0.0
0.337
0.0
1.501
1.341
1.142
1.341
1.341
0.3179
0.0
0.3291
0.0
0.5621
0.5408
0.3532
0.5408
0.5408
0.2326
0.0
0.265
0.0
0.4492
0.3186
0.3564
0.3186
0.3186
0.802
0.0
0.9819
0.0
0.7352
1.099
0.9065
1.099
1.099
0.346
0.0
0.4691
0.0
1.02
1.022
1.058
1.022
1.022
0.5287
0.0
0.7462
0.0
1.115
0.8949
1.031
0.8949
0.8949
0.3108
0.4382
0.0
0.6887
0.3516
0.3516
0.1378
0.0
0.5492
0.0
0.621
0.8936
0.8702
0.8936
0.8936
0.4237
0.3219
4.704e-08
0.3908
0.0
4.18e-08
0.3889
0.4648
0.4648
0.5403
0.5133
0.4648
0.4648
0.1641
0.0
0.3525
0.0
0.7179
0.7232
0.7779
0.7232
0.7232
0.1809
0.0
0.1914
0.1251
0.2244
0.2274
0.2948
0.2481
0.2481
0.4111
0.0
0.342
0.0
0.8193
0.7165
0.8991
0.7165
0.7165
0.5752
0.0
1.109
0.0
1.646
1.876
1.787
1.876
1.876
0.7893
0.0
0.6528
1.792
1.55
1.603
1.664
1.664
0.2543
0.0
0.3889
0.0
1.361
1.257
1.278
1.257
1.257
3.335e-08
0.06785
0.1351
0.08822
0.2501
0.2942
0.2785
0.2739
0.2785
0.3645
0.0
0.0
0.5402
0.4051
0.3561
0.4051
0.4051
0.3279
0.5199
2.204e-08
0.3319
0.0
0.6614
0.516
0.5355
0.423
0.516
0.516
0.3904
0.0
0.3415
0.3815
0.0
0.6488
0.5773
0.4436
0.4478
0.4436
0.4436
0.3307
0.0
0.2512
0.0
0.5339
0.4493
0.5963
0.4493
0.4493
0.2614
0.0
0.3575
0.0
1.049
0.9904
0.8959
0.9904
0.9904
0.2788
0.0
0.2924
0.0
0.3635
0.3802
0.5196
0.3802
0.3802
0.3108
0.0
0.4236
0.0
1.246
1.335
1.324
1.335
1.335
0.2763
0.0
0.2432
0.0
0.3735
0.3328
0.4351
0.3328
0.3328
0.4615
0.0
0.4036
0.2005
1.017
1.156
1.109
1.157
1.157
0.2674
0.0
0.437
0.3857
1.233
0.9941
1.007
1.046
1.046
0.2689
0.5026
0.4269
0.0
0.6233
0.3667
0.4361
0.5976
0.3667
0.2965
0.0
0.7842
0.0
1.333
0.9506
0.8878
0.9506
0.9506
0.2617
0.0
0.3813
0.0
1.339
1.216
1.207
1.216
1.216
0.2501
0.0
0.3298
0.3506
0.3595
0.3214
0.3595
0.3595
0.452
0.0
0.556
0.0
0.6794
0.8454
0.7266
0.8454
0.8454
0.2775
0.07641
0.3578
0.0
1.098
1.113
1.146
1.105
1.113
0.1219
0.1219
0.4123
0.4123
0.6736
0.6736
0.8114
0.8114
0.7798
0.3929
0.0
0.2333
0.0
1.153
1.127
1.214
1.127
1.127
0.2427
0.0
0.4131
0.0
0.6051
0.5526
0.6184
0.5526
0.5526
0.7199
0.3235
0.2426
0.2424
1.17
1.164
1.309
1.157
1.209
0.5679
0.0
0.5862
0.896
0.907
0.9875
0.9289
1.045
1.045
0.1121
0.1407
0.4343
0.0
1.184
0.8142
0.8203
0.8099
0.8142
0.4062
0.0
0.6182
0.0
1.248
1.316
1.365
1.316
1.316
0.6384
0.0
0.4574
0.1245
0.9339
0.8483
0.9353
0.8738
0.8738
0.5744
0.0
0.6848
0.0
0.9297
0.759
0.5881
0.759
0.759
0.3557
0.0
0.2385
0.147
0.9055
1.041
0.8715
1.055
1.055
0.2292
0.154
0.5991
0.0
1.141
1.219
1.184
1.23
1.219
0.5283
0.0
0.625
0.2614
0.5498
0.2614
0.2614
0.438
0.0
0.3955
0.0
0.2305
0.2997
0.3931
0.2997
0.2997
0.2571
0.0
0.1127
0.05618
0.3378
0.3059
0.1667
0.2917
0.2917
0.2701
0.0
0.1566
0.0
0.59
0.5987
0.4076
0.5987
0.5987
0.2742
0.1015
0.182
0.0
1.053
1.067
1.125
1.059
1.067
0.3445
0.0
0.3994
0.0
0.4097
0.338
0.5521
0.338
0.338
0.25
0.0
0.1457
0.08718
0.6836
0.7371
0.7637
0.7259
0.7259
0.2615
0.0
0.4433
0.0
1.018
1.006
0.9946
1.006
1.006
0.5493
0.126
0.5493
0.3514
0.5493
0.126
0.2901
0.0
0.4262
0.0
0.8664
1.023
0.9417
1.023
1.023
0.1654
0.1099
0.4995
0.4467
0.4959
0.4796
0.4796
0.4372
0.0
0.4057
0.0
0.4558
0.3056
0.5635
0.3056
0.3056
0.4332
0.0
1.325
1.254
1.266
1.254
1.254
0.674
0.3544
0.0
1.295
1.234
1.11
1.234
1.234
0.2333
0.0
0.3108
0.4546
0.3741
0.418
0.3741
0.3741
0.3264
0.212
0.2942
0.0
0.2954
0.3602
0.3061
0.4093
0.3602
0.2239
0.3383
0.1543
0.0
0.6787
0.7036
0.6908
0.7236
0.7036
0.2566
0.0
0.135
0.0
0.5449
0.5311
0.5162
0.5311
0.5311
0.09056
0.05836
0.4545
1.023
1.141
1.136
1.136
1.141
0.1645
0.0
0.7172
0.0
0.8525
0.5465
0.5211
0.5465
0.5465
1.425
0.402
0.899
0.0
0.7546
0.7285
1.672
0.7138
0.7285
0.4467
0.0
0.4065
0.0
0.5076
0.4262
0.3157
0.4262
0.4262
0.5785
0.0
0.2618
0.1838
0.2895
0.0
0.6242
0.1838
0.1838
0.3485
0.0
0.5072
0.0
0.7246
0.5353
0.3826
0.5353
0.5353
0.2135
0.0
0.35
0.0
0.9424
0.9646
0.9039
0.9646
0.9646
0.3912
0.2972
0.1387
0.08962
0.3135
0.2783
0.5031
0.4585
0.2946
0.3123
0.0
0.2005
0.0
0.666
0.6181
0.7108
0.6181
0.6181
0.5575
0.1334
0.4628
0.0
1.209
1.287
1.375
1.296
1.287
0.3108
0.7832
0.1577
0.674
0.3525
0.4546
0.3741
0.3741
0.5762
0.0
0.1726
0.4869
0.7346
0.6552
0.6928
0.7422
0.7422
0.3209
0.0
0.3123
0.0
0.7036
0.5806
0.6201
0.5806
0.5806
0.4217
0.0
0.6854
0.6461
0.6083
0.6451
0.6487
0.6561
0.6561
0.4296
0.0
0.3277
0.0
1.14
1.052
1.009
1.052
1.052
0.481
0.09758
0.5594
0.4573
0.9017
0.8117
0.9783
0.8925
0.8846
0.4441
0.0
0.2797
0.1295
0.7016
0.658
0.4559
0.6232
0.6232
0.2126
0.0
0.1062
0.09688
0.4204
0.4101
0.2787
0.413
0.413
0.3005
0.0
0.3784
0.1566
0.8763
0.9181
0.9456
0.9555
0.9555
0.3301
0.1233
0.5356
0.0
0.5756
0.1658
0.3385
0.1803
0.1658
0.803
0.0
0.3408
0.0
1.193
1.26
1.26
1.26
0.8362
0.0
0.5955
0.2985
1.339
1.171
0.8856
1.219
1.219
0.3143
0.0
0.05324
0.03476
0.3327
0.339
0.3678
0.334
0.334
0.1896
0.3759
0.3286
0.0
0.6911
0.8079
0.7748
0.6341
0.8079
0.2487
0.3772
0.2917
0.0
0.3271
0.552
0.5483
0.5124
0.552
0.1514
0.0
0.3844
0.0
0.3054
0.4302
0.4604
0.4302
0.4302
0.6814
0.0
0.1971
0.0
0.7671
0.6815
0.7925
0.6815
0.6815
0.2431
0.2291
0.406
0.1895
0.6838
0.6735
0.6515
0.6546
0.629
0.0
0.1436
0.1924
0.0
0.1924
0.0
0.1436
0.0
0.3316
0.1484
0.3307
0.0
0.7026
0.6431
0.7898
0.6695
0.6431
0.0
0.1993
0.0
1.066
1.041
0.9369
1.041
1.041
0.4041
0.0
0.2106
0.0
0.3718
0.3214
0.468
0.3214
0.3214
0.3976
0.5069
0.4735
0.0
0.5399
0.4365
0.6981
0.6449
0.4365
0.2127
0.0
0.217
0.4614
0.5504
0.6351
0.5197
0.5565
0.5565
0.9897
0.0
0.2885
0.0
0.4703
0.4016
0.9865
0.4016
0.4016
1.039
1.047
0.7874
1.026
1.196
0.9366
1.218
1.266
1.346
0.3566
0.0
0.3556
0.0
0.9265
0.7062
0.6519
0.7062
0.7062
0.274
0.0
0.4936
0.0
1.147
1.077
1.12
1.077
1.077
0.4943
0.2682
4.216e-08
0.4139
0.1379
0.8555
1.083
1.119
1.058
1.046
1.046
0.4844
0.0
0.1395
0.0
0.5101
0.52
0.6881
0.52
0.52
0.4888
0.2156
0.2965
0.2284
0.7312
0.7004
0.7983
0.7161
0.7298
0.2444
0.0
0.3919
0.1533
0.5148
0.3777
0.4654
0.35
0.35
0.4189
0.6524
0.4265
0.0
0.7146
0.7466
0.8218
1.05
0.7466
0.3899
0.1094
0.396
0.5578
1.215
0.8865
1.285
1.153
1.143
0.3414
0.1526
0.5826
0.0
0.9406
0.9735
1.108
1.034
0.9735
0.2878
0.1973
0.4561
0.3079
0.3608
0.2429
0.3079
0.426
0.0
0.4756
1.196
1.205
1.22
1.205
1.205
0.674
0.2149
0.328
0.0
0.0
0.2149
0.2349
0.08243
0.6005
0.0
0.6094
0.3483
0.3575
0.345
0.3483
0.5705
0.0
0.3003
0.1852
0.3497
0.4994
0.5586
0.3913
0.3913
0.3746
0.2285
0.464
0.4619
0.3009
0.4929
0.4552
0.09115
0.1089
0.2409
0.3043
0.3066
0.2526
0.2969
0.2931
0.2853
0.2998
0.3607
0.0
0.1062
1.04
1.029
1.018
0.9836
1.04
0.3678
0.1338
0.3103
0.0
0.4755
0.3706
0.2341
0.3805
0.3706
0.1541
0.0
0.4633
0.0
0.7269
0.6044
0.6329
0.6044
0.6044
0.4507
0.6818
0.339
0.0
1.33
1.209
1.28
1.326
1.209
0.8197
0.0
1.154
1.124
1.503
1.235
1.241
1.212
1.212
0.3891
0.2191
0.6822
0.0
0.7955
0.7029
0.6307
0.7318
0.7029
2.725e-08
0.0
1.877e-08
0.235
0.1489
0.3346
0.3043
0.3332
0.3346
0.3346
0.3346
0.0
0.0
0.3038
0.3147
0.6133
0.6263
0.5031
0.5031
0.5031
0.2009
0.4666
3.665e-08
0.1209
0.0
0.3597
0.3847
0.3596
0.5349
0.3847
0.3847
0.3828
0.2691
0.3883
0.1654
0.0
0.5152
0.4199
0.4611
0.2823
0.4371
0.4199
1.782e-08
0.117
0.0
0.2241
0.3748
0.3037
0.3486
0.4394
0.3037
0.2923
0.3037
0.3795
0.0
0.3292
0.0
0.53
0.4888
0.6507
0.4888
0.4888
0.08759
0.0
3.333e-08
0.0978
0.0
0.3552
0.3587
0.3578
0.3587
0.3587
0.3587
0.0
0.3485
0.2199
0.1678
0.2075
0.2694
0.3206
0.2399
0.3898
0.3138
0.2399
0.0
0.0
6.049e-08
0.2093
0.3931
0.3084
0.3931
0.3931
0.3931
0.1935
0.0
0.0
0.0
0.4941
0.4997
0.4997
0.4862
0.5403
0.4997
0.4997
0.1771
0.4765
0.06769
0.2191
0.5048
0.5109
0.5229
0.6905
0.5093
0.1778
0.1539
0.3592
0.0
0.5343
0.4957
0.4741
0.5007
0.4957
0.1891
0.0
0.1021
0.0
0.1798
0.5222
0.5024
0.4516
0.5445
0.5024
0.5024
0.0
0.2003
0.1562
0.0
0.2508
0.1448
0.1448
0.181
0.1448
0.0
0.3988
0.1059
0.0
0.3801
0.321
0.321
0.2829
0.321
0.5951
0.6709
4.924e-08
0.0
0.5123
0.5123
0.3789
0.5252
0.5123
0.0
0.2283
0.1227
0.2178
0.0
0.1672
0.4623
0.503
0.5093
0.503
0.5022
0.4719
0.503
0.1701
0.09849
0.1515
0.1379
0.1735
0.1569
0.1599
0.1342
0.08903
0.06839
0.0
0.08578
0.0
0.288
0.2554
0.2484
0.2554
0.2554
0.2368
0.3521
0.4284
0.162
0.0
0.5003
0.5291
0.4487
0.7005
0.5036
0.5291
0.4661
0.6437
0.1293
0.1939
0.835
0.86
0.5456
0.4733
0.8391
0.1545
0.3765
0.0
0.1349
0.6273
0.5547
0.606
0.7893
0.6273
0.1503
0.7156
0.1542
0.0
0.3487
0.2907
0.3552
0.7328
0.2907
0.1754
0.0
0.149
0.379
0.44
0.7332
0.7973
0.7581
0.7639
0.8599
0.7845
0.805
0.7845
0.0
0.07691
1.591e-08
0.0
0.4191
0.4191
0.4191
0.4249
0.4191
0.3476
0.4495
0.0
0.0
0.8199
0.8199
0.7764
1.031
0.8199
0.1309
0.4122
0.2537
0.2423
0.0
0.776
0.7159
0.6788
0.7021
0.6915
0.7159
0.2758
0.2434
0.4609
0.0
0.6892
0.6845
0.6319
0.55
0.6845
0.0
0.08732
0.1385
0.0
0.3119
0.3014
0.3014
0.267
0.3014
0.501
0.5113
0.2204
0.2168
0.7391
0.7547
0.4609
0.7865
0.68
0.0
0.5852
0.0
0.35
0.5262
0.5212
0.5262
0.7652
0.5262
0.1193
0.0
0.3959
0.3207
0.426
0.4065
0.4655
0.3054
0.4877
0.4778
0.4778
2.485e-08
0.0
0.0
0.3986
0.2305
0.4641
0.2305
0.2305
0.2305
0.0
0.2527
0.263
0.2362
0.4609
0.4696
0.4423
0.4511
0.4423
0.1584
0.3186
5.348e-08
0.0
0.3361
0.3705
0.3643
0.4202
0.4834
0.3705
0.3705
4.184e-08
0.0
0.5922
0.0
0.7409
0.4032
0.4032
0.4032
0.4032
0.2128
0.838
0.0
0.1384
0.356
0.3337
0.3007
0.7835
0.356
0.0
0.0
0.2155
0.0
0.4848
0.4874
0.4874
0.4874
0.4874
0.0
0.09335
0.0
0.2957
0.3729
0.474
0.3729
0.4043
0.3729
0.1919
0.0
4.227e-08
0.0
0.03973
0.4876
0.4982
0.3901
0.4876
0.4876
0.4876
0.07628
0.1609
0.1064
0.08028
0.0
0.2526
0.2555
0.2356
0.2596
0.2489
0.2555
0.0
0.1046
0.0
0.0
0.2717
0.2717
0.2717
0.316
0.2717
0.1157
0.2465
0.07925
0.0
0.3798
0.3793
0.3934
0.2775
0.3793
0.3391
0.1801
0.0
0.0
0.2175
0.6074
0.6074
0.5753
0.5079
0.6155
0.6074
0.09327
0.5899
0.0
0.0
0.4334
0.7626
0.7626
0.5815
0.7736
0.9429
0.7626
0.3655
0.0
3.232e-08
0.0
0.6394
0.6394
0.4843
0.6394
0.6394
0.1187
0.2439
0.0
0.4198
0.6343
0.6023
0.6409
0.7764
0.6343
1.909e-08
0.0
0.1376
0.2209
0.3409
0.4119
0.5825
0.4563
0.4563
0.5
0.4563
0.4765
0.0
0.1877
0.06668
2.714e-08
0.8316
0.7793
0.791
0.8175
0.791
0.791
0.08097
0.0
0.06847
0.3325
0.206
0.3806
0.3503
0.3978
0.4129
0.3826
0.3826
0.0
0.3041
0.1648
0.2216
0.4518
0.4716
0.4405
0.4454
0.4405
4.812e-08
0.0
0.0
0.7463
0.1431
0.2751
0.666
0.3302
0.2751
0.2751
0.2751
4.556e-08
0.0
0.1436
0.2007
0.3734
0.4659
0.3574
0.4828
0.4141
0.4141
0.4141
0.1526
0.08451
0.2107
0.0
0.2328
0.2622
0.3312
0.2796
0.2622
0.0
0.0
0.2763
0.0
0.4455
0.4665
0.4665
0.4665
0.4665
3.81e-08
0.1404
0.2963
0.0
0.4982
0.6318
0.6318
0.6627
0.6318
0.1742
0.0
0.1179
0.1536
0.2321
0.8326
0.7841
0.8106
0.8051
0.8374
0.8374
3.892e-08
0.0
0.0
0.3492
0.4003
0.2588
0.4003
0.4003
0.4003
0.114
0.0
0.1286
0.1386
0.0
0.3864
0.3979
0.4064
0.3979
0.415
0.3979
0.07502
0.0
0.1001
0.1427
0.1047
0.2462
0.2525
0.2973
0.2907
0.2815
0.2815
0.07559
0.0
0.0
0.217
0.217
0.2198
0.217
0.2606
0.0
0.0
0.1339
0.4465
0.4592
0.433
0.4465
0.4465
2.227e-08
0.3313
0.1337
0.0945
0.496
0.435
0.4514
0.2989
0.4514
0.3325
0.0
0.0
0.0
0.132
0.6143
0.6143
0.6305
0.6712
0.6143
0.6143
0.0
0.0
0.0
0.3411
0.3411
0.3411
0.3411
0.3411
0.4675
0.4625
0.3596
0.3176
0.7509
0.7304
0.7421
0.509
0.7409
0.2509
0.3222
0.0
0.0
0.4729
0.4729
0.4413
0.3918
0.4729
4.393e-08
0.15
0.3014
0.2784
0.4372
0.4423
0.3528
0.4341
0.3528
0.1104
0.0
0.0
0.0
0.8807
0.8807
0.9159
0.8807
0.8807
0.0
0.3022
0.1921
0.0
0.4839
0.4835
0.4835
0.4629
0.4835
0.2361
0.0
4.203e-08
0.2821
0.2546
0.4489
0.4289
0.4503
0.3591
0.3591
0.3591
0.0
0.0
0.09373
0.1216
0.2637
0.2371
0.2562
0.2562
0.2562
0.09036
0.3524
0.1089
0.0
0.1771
0.361
0.3795
0.4359
0.3971
0.3314
0.3795
0.1894
0.1204
5.819e-08
0.09552
0.4242
0.4382
0.3594
0.4446
0.4242
0.1537
0.301
0.1193
0.0
0.393
0.446
0.5335
0.5052
0.446
0.1216
0.2852
0.0
0.6628
0.4704
0.9992
0.4927
0.5977
0.4704
2.307e-08
0.2284
0.06855
0.5998
0.4747
0.7974
0.4566
0.4523
0.4566
0.183
0.04932
0.1614
0.0
0.429
0.3305
0.2461
0.3363
0.3305
0.1278
0.2182
0.05549
0.0
0.3878
0.3767
0.3856
0.4599
0.3767
0.2666
0.0
0.0
0.3104
0.2056
0.4724
0.6079
0.5678
0.3855
0.4724
0.4724
0.2604
0.0
0.3365
0.3606
0.7039
0.5541
0.4153
0.5086
0.5086
0.0
0.07818
0.3268
0.0
0.443
0.552
0.6052
0.7277
0.6052
0.6452
0.6052
0.0
0.1391
0.4701
0.4188
0.3857
0.5548
0.4084
0.3681
0.4084
0.2217
0.0
0.07985
0.0
0.4506
0.4576
0.5044
0.4576
0.4576
0.2707
0.2275
0.4348
0.1666
0.0
0.5259
0.4312
0.3112
0.445
0.506
0.4312
0.0
0.0
0.08183
0.1623
0.6053
0.6424
0.5905
0.5905
0.5905
0.1654
0.0
0.1602
0.0
0.4349
0.4031
0.4123
0.4031
0.4031
2.583e-08
0.4292
3.608e-08
0.4104
0.7354
0.7517
0.7354
0.6527
0.7354
0.0
0.0
0.1161
0.1258
0.592
0.4275
0.5706
0.4039
0.4039
0.4198
0.4039
0.2711
0.0
0.0
0.2454
0.4001
0.5252
0.3188
0.4001
0.4001
0.0
0.291
0.2966
0.4559
0.0
0.606
0.9544
0.9544
0.9337
0.9004
0.9544
0.3406
0.0
0.0
0.0
0.686
0.686
0.6469
0.686
0.686
0.0
0.4644
0.07236
0.1448
6.181e-08
0.4616
0.4164
0.4751
0.4751
0.6456
0.4751
0.3629
0.4897
0.2484
0.0
0.613
0.5996
0.52
0.7941
0.5996
0.0
0.1111
4.66e-08
0.0
0.2213
0.2213
0.2213
0.2314
0.2213
0.4568
0.5025
0.2226
0.0
0.5874
0.4926
0.4172
0.5278
0.4926
0.1811
0.0
2.843e-08
0.31
0.3075
0.4425
0.3529
0.3075
0.3075
9.498e-09
0.0
0.0
0.1491
0.4812
0.5227
0.4812
0.4812
0.4812
0.09835
0.0
0.147
0.0
0.1949
0.1315
0.1748
0.1315
0.1315
0.0
0.1793
1.757e-08
0.0
0.2481
0.2481
0.2481
0.3624
0.2481
0.127
0.0
2.724e-08
0.0
0.07822
0.438
0.4487
0.3855
0.438
0.438
0.438
0.0
0.0
0.1863
0.4132
0.5841
0.7648
0.6008
0.6008
0.6008
0.0
0.1593
0.2294
0.09634
0.03429
0.4334
0.447
0.4567
0.4005
0.3635
0.4567
0.0
0.0
0.1697
0.08603
0.194
0.2664
0.2629
0.2624
0.2684
0.2684
0.2684
0.1682
0.6501
0.0
0.2804
0.2248
0.6077
0.7142
0.6027
0.5973
0.6064
0.6077
0.4318
0.0
0.1112
0.0
0.09027
0.6557
0.6132
0.6084
0.476
0.6132
0.6132
0.1758
0.182
0.0
0.0
0.3766
0.3766
0.3638
0.4038
0.3766
0.1165
0.3417
0.1159
0.04102
0.5045
0.4974
0.524
0.5727
0.5064
0.2065
0.0
0.4818
0.0
0.6672
0.7364
0.6255
0.7364
0.7364
0.0
0.1486
0.0
0.0
0.2548
0.2548
0.2548
0.2971
0.2548
0.1517
0.0
0.2158
3.269e-08
0.2135
0.4998
0.4875
0.4554
0.4998
0.5093
0.4998
0.0
0.3946
0.319
0.0
0.6023
0.5934
0.5934
0.4049
0.5934
0.1234
0.4725
0.1134
0.09631
0.09105
0.4676
0.4314
0.4301
0.7214
0.3895
0.4126
0.1006
0.0
0.0
0.0
0.2261
0.2261
0.23
0.2261
0.2261
0.09069
0.2791
0.07597
0.0
0.275
0.2569
0.2735
0.3541
0.2569
0.1515
0.0
0.223
0.2346
0.646
0.6221
0.7139
0.6728
0.6728
0.2297
0.1995
0.2064
0.0
0.4838
0.4286
0.3203
0.3359
0.4286
0.1716
0.0
0.0
0.2577
0.1168
0.641
0.5947
0.6283
0.5899
0.5899
0.5899
0.0
0.0
0.264
0.2398
0.5224
0.3828
0.4217
0.4217
0.4217
0.1326
0.0
0.0
0.2487
4.514e-08
0.324
0.3323
0.324
0.4117
0.324
0.324
0.2174
0.0
0.1599
0.1385
0.4402
0.3915
0.2957
0.3987
0.3987
0.0
0.295
0.3109
0.0
0.3109
4.215e-08
4.215e-08
0.295
4.215e-08
0.3936
0.3799
2.006e-08
0.2849
0.3753
0.4032
0.4594
0.4022
0.3964
0.2326
0.2326
0.09293
0.0
0.13
0.1708
0.09288
0.4095
0.4235
0.4096
0.4478
0.4762
0.4478
0.0
0.0
0.4756
0.0
0.5009
0.335
0.335
0.335
0.335
0.2938
0.0
0.4315
0.0
0.0
0.4379
0.4379
0.5628
0.4379
0.5516
0.4379
0.1343
0.2306
0.2554
0.0
0.4031
0.3818
0.4532
0.4769
0.3818
0.2306
0.0
0.1191
0.03853
0.2636
0.6502
0.6108
0.4492
0.6107
0.611
0.611
0.4151
0.0
0.0
0.2324
0.8591
0.9028
0.7909
0.8591
0.8591
0.2181
0.0
0.2922
0.1433
5.227e-08
0.4431
0.4331
0.4304
0.4486
0.4304
0.4304
0.194
0.0
0.1162
0.2173
0.3494
0.3056
0.3902
0.3616
0.3616
0.0
0.2218
3.488e-08
0.0
0.0
0.3607
0.3607
0.3607
0.4681
0.3607
0.3607
0.1397
0.2478
0.1397
0.07476
0.1488
0.3273
0.3737
0.3269
0.3303
0.3269
0.334
0.1133
0.05364
0.07534
0.1775
0.05645
0.4138
0.4377
0.3899
0.4215
0.4029
0.403
0.0
0.0
0.2072
0.0
5.142e-08
0.5043
0.5327
0.5327
0.5327
0.5327
0.5327
0.1209
0.0
0.3642
0.43
0.3367
0.4312
0.5494
0.5352
0.5352
0.3382
0.0
0.0
0.0
0.5428
0.5428
0.4841
0.5428
0.5428
0.06767
0.04502
0.2531
0.0
0.1863
0.7008
0.7485
0.6327
0.7198
0.734
0.7485
3.202e-08
0.08025
0.0
0.0
0.2948
0.2948
0.2948
0.3099
0.2948
0.2235
0.0
5.904e-08
0.06172
0.0
0.1403
0.1259
0.2654
0.1259
0.1259
0.1259
0.1127
0.4796
0.07922
0.0
0.1717
0.1776
0.171
0.5354
0.1776
0.0
0.0
0.1379
0.6035
0.6091
0.4667
0.5337
0.5191
0.5191
0.4488
0.5191
0.3801
0.0
3.826e-08
0.1756
0.3012
0.7489
0.8149
0.7187
0.787
0.7489
0.7489
0.0
0.0
0.1574
0.233
0.2668
0.593
0.4939
0.6477
0.5442
0.5442
0.5442
0.1626
0.0
0.0
0.2197
0.6606
0.6637
0.6175
0.6606
0.6606
0.4324
0.2166
0.0
0.2275
0.0
0.6898
0.6708
0.6898
0.7005
0.7079
0.6898
0.0
0.182
0.0
0.0
0.2413
0.2413
0.2413
0.2779
0.2413
0.175
0.4886
0.3171
0.3916
0.3351
0.5033
0.5367
0.7336
0.4761
0.0
0.0
0.1584
0.1419
0.517
0.4926
0.4871
0.4871
0.4871
0.0
0.0
0.2141
0.1761
0.4241
0.4486
0.5216
0.5216
0.5216
0.2887
0.0
0.2848
0.2848
0.4565
0.2848
0.4565
0.2887
0.0
0.2848
0.0
0.166
0.1724
0.1867
0.0
0.2309
0.2143
0.268
0.2614
0.2143
0.0
0.3251
0.3922
0.0
0.4893
0.4014
0.4014
0.5338
0.4014
0.1139
0.124
0.1482
0.0
0.0
3.352e-08
0.3936
0.3936
0.3936
0.3812
0.3896
0.4241
0.3936
0.09545
0.3786
0.379
0.0
0.4835
0.7637
0.7912
0.7208
0.8081
0.7362
0.7912
2.986e-08
0.0
3.24e-08
0.09098
0.1533
0.3696
0.375
0.3851
0.3851
0.3851
0.3851
4.565e-08
0.4334
0.2206
0.1911
0.3892
0.4251
0.3499
0.3754
0.3499
0.0
0.0
0.2324
0.0
0.4598
0.4519
0.4519
0.4519
0.4519
0.1584
0.3706
2.249e-08
0.0
4.371e-08
0.2678
0.2678
0.2678
0.2237
0.5439
0.2678
0.0
0.1945
0.2588
0.0
0.404
0.4013
0.4013
0.4292
0.4013
0.2899
0.0
0.08896
0.0
0.634
0.6332
0.671
0.6332
0.6332
0.0
0.0
0.1479
0.168
0.2686
0.3556
0.3338
0.3898
0.3898
0.3969
0.3898
0.1357
0.1536
0.09349
0.1814
0.0
0.3823
0.4347
0.4934
0.4235
0.4144
0.4347
0.1496
0.1309
0.0
0.1958
0.295
0.3407
0.2901
0.3195
0.295
0.0
0.119
0.06043
0.2158
0.1728
0.3819
0.395
0.4507
0.4157
0.4163
0.4157
0.0
0.0
0.1439
0.0
0.6123
0.5572
0.5572
0.5572
0.5572
0.1176
0.0
0.1176
0.1962
1.478
0.7664
1.279
0.742
0.7281
0.742
0.7281
0.3772
0.0
0.2477
0.1639
0.532
0.4719
0.2538
0.4096
0.4096
0.6494
0.0
0.6141
0.0
0.2665
0.6166
0.6236
0.8463
0.6166
0.8281
0.6166
0.2017
0.317
0.09968
0.0
0.3788
0.355
0.2502
0.3657
0.355
0.0
0.0
0.1103
0.1313
0.3351
0.3852
0.5598
0.4055
0.4055
0.3862
0.4055
0.0
0.0
0.07531
0.2146
0.1872
0.2608
0.1832
0.1832
0.1832
0.1387
0.0
0.09422
0.0
0.1115
0.3539
0.3437
0.3503
0.374
0.3437
0.3437
2.802e-08
0.1262
0.1295
0.0
0.2373
0.2195
0.2195
0.2549
0.2195
0.0
0.2111
3.417e-08
0.3087
0.1522
0.5135
0.3247
0.3457
0.3231
0.3457
0.3457
0.08729
2.863e-08
0.1973
0.7287
0.5951
0.668
0.6199
0.6234
0.6234
0.2753
0.0
5.558e-08
0.0
0.1893
0.4582
0.5132
0.4872
0.4582
0.4582
0.4582
0.0
0.0
0.2281
0.0
0.3007
0.3921
0.3921
0.3921
0.3921
0.1797
0.2634
5.482e-08
0.0
0.0
0.6083
0.6083
0.5795
0.5737
0.6083
0.6083
0.0
0.1452
0.06362
0.0
0.2305
0.2154
0.2154
0.2099
0.2154
0.1324
0.0
0.0
0.0
0.3387
0.3387
0.3449
0.3387
0.3387
0.1251
0.2021
3.442e-08
0.1247
0.8636
0.5337
0.8439
0.6256
0.6174
0.5973
0.5973
0.0
0.0
0.1731
0.2402
0.7941
0.7265
0.7915
0.7915
0.7915
0.0
0.0
0.2504
0.2018
0.2137
0.4938
0.4851
0.59
0.59
0.6586
0.59
4.33e-08
0.3762
3.354e-08
0.0
0.3162
0.3948
0.3948
0.3897
0.3948
0.5085
0.3948
0.1172
0.0
0.0
0.2102
0.4
0.418
0.4245
0.5231
0.4282
0.418
0.418
0.07302
0.0
0.09836
0.02328
0.3882
0.3325
0.3301
0.3314
0.3314
0.2712
0.0
0.5026
0.09355
0.8188
0.5542
0.6308
0.5602
0.5602
0.3329
0.0
0.0
0.1966
0.4666
0.487
0.4061
0.4666
0.4666
0.1311
0.08765
0.09552
0.0
0.6412
0.6258
0.6241
0.6278
0.6258
0.524
0.0
0.4209
0.2265
0.5756
0.6814
0.7609
0.6964
0.6964
0.08859
0.02403
0.1041
0.0781
0.3143
0.3225
0.3276
0.3329
0.3294
0.2335
0.3509
0.3836
0.0
0.3836
0.0
0.2335
0.3509
0.0
0.216
0.2367
0.0
0.0
0.5348
0.5348
0.533
0.5935
0.5348
0.1347
0.0
0.1096
0.0
0.3565
0.364
0.4576
0.364
0.364
0.08875
0.0
0.3163
0.0
0.447
0.3413
0.3494
0.3413
0.3413
0.1762
0.05495
0.2038
0.1271
0.02681
0.3606
0.3649
0.3766
0.3581
0.29
0.3604
0.3047
0.0
0.2735
0.2019
0.7553
0.5785
0.4668
0.5679
0.5679
0.2382
0.0
0.2266
0.1478
0.3005
0.2223
0.3045
0.1684
0.1684
0.2312
0.0
0.0
0.01326
0.4976
0.4962
0.4844
0.4976
0.4976
0.05546
0.0
0.07525
0.04885
0.05507
0.2691
0.2511
0.2812
0.2642
0.2862
0.2642
0.7411
0.0
0.3081
0.0
0.5719
0.4103
0.7335
0.4103
0.4103
0.1009
0.06704
0.2436
0.0
0.7662
0.8273
0.8219
0.8204
0.8273
0.1654
0.0
0.1804
0.0
0.5845
0.5037
0.4757
0.5037
0.5037
0.3054
0.1136
0.09478
0.0
0.4426
0.4568
0.4964
0.4673
0.4568
0.1975
0.1619
0.1169
0.0
0.3768
0.3555
0.3091
0.3956
0.3555
0.215
0.2422
4.795e-08
0.1097
0.1336
0.3129
0.3025
0.4026
0.3578
0.3385
0.3385
0.4535
0.4718
0.1951
0.1387
0.5353
0.5602
0.8321
0.7437
0.5101
0.1597
0.03211
0.3802
0.0
0.4468
0.3913
0.3611
0.6484
0.4664
0.3623
0.3611
0.1529
0.0
0.1148
0.2146
0.3769
0.4099
0.4763
0.3939
0.3939
0.2105
0.401
0.2668
0.07947
0.5791
0.5241
0.4904
0.8182
0.539
0.08384
0.07063
0.1098
0.0
0.4814
0.4683
0.414
0.4598
0.4683
0.3486
0.3811
0.2167
0.1427
0.3078
0.2894
0.3589
0.4554
0.2555
0.1828
0.0
0.1031
0.0
0.4513
0.4415
0.4167
0.4415
0.4415
0.0
0.0
0.3819
0.1025
0.585
0.4688
0.4617
0.4617
0.4617
0.06867
0.1115
0.1634
0.1065
0.2677
0.3586
0.3591
0.4014
0.361
0.5902
0.1136
0.02029
0.02857
0.4789
0.4884
0.7427
0.4622
0.4769
0.2875
0.3514
0.2361
0.1105
0.2331
0.2871
0.315
0.403
0.3056
0.07223
0.1376
0.111
0.05154
0.3529
0.3661
0.3545
0.3823
0.3651
0.1893
0.2909
0.2992
0.1856
0.2737
0.2348
0.2155
0.3502
0.1883
0.1575
0.2138
0.1989
0.07101
0.432
0.3696
0.3456
0.4207
0.3547
0.2907
0.0
0.1285
0.1968
0.7008
0.5985
0.5613
0.6227
0.6227
0.1587
0.05743
0.1398
0.0
0.8159
0.8305
0.8757
0.8267
0.8305
0.1511
0.08429
0.8461
1.017
1.062
1.27
0.648
0.6457
0.6572
0.1871
0.1783
0.1904
0.1213
0.2606
0.3116
0.3326
0.3718
0.3019
0.1344
0.1346
0.0
0.3097
0.3244
0.3333
0.3244
0.3595
0.06322
0.2223
0.05229
0.5344
0.4964
0.4009
0.4823
0.4844
0.3228
0.0
0.09043
0.1316
0.4832
0.5275
0.7038
0.4907
0.4907
0.147
0.3213
0.0776
0.05469
0.4687
0.4296
0.4618
0.4518
0.4405
0.1662
0.08229
0.1887
0.1566
0.311
0.2405
0.2644
0.2123
0.2057
0.256
0.2181
0.1379
0.0
0.2868
0.295
0.283
0.3207
0.295
0.1681
0.158
0.1556
0.0
0.3487
0.3326
0.3554
0.3306
0.3326
0.3048
0.04681
0.24
0.08649
0.408
0.2933
0.3708
0.2671
0.2751
0.07903
0.1904
0.2374
0.0
0.6553
0.5478
0.562
0.5247
0.5478
0.2208
0.3525
0.2496
0.4732
0.4049
0.6103
0.4929
0.5382
0.4196
0.203
0.04034
0.1848
0.1091
0.2957
0.2811
0.3546
0.2982
0.2993
0.6304
0.301
0.4378
0.516
0.8771
0.7852
1.208
0.8235
0.8037
0.1009
0.0
0.05449
0.08722
0.2657
0.2735
0.2279
0.2559
0.2559
0.06639
0.1727
0.07419
0.09584
0.2339
0.29
0.2663
0.3426
0.2661
0.2485
0.3355
0.0
0.07269
0.4405
0.4177
0.4732
0.6122
0.4405
0.1571
0.0
0.4268
0.3027
0.5881
0.5818
0.6377
0.6139
0.6139
0.1186
0.214
0.1293
0.05142
0.4625
0.4757
0.4467
0.4602
0.4662
0.574
0.0
0.2121
0.1742
0.6459
0.6557
0.6235
0.6122
0.6122
0.355
0.1487
0.2214
0.0
0.8243
0.7022
0.7594
0.7388
0.7022
0.1569
0.0
0.1136
0.05006
0.5969
0.5808
0.5193
0.5841
0.5841
0.4736
0.2026
0.8702
0.0
0.9001
0.9086
1.262
0.9264
0.9086
0.1723
0.09786
0.2408
0.0
0.3452
0.3543
0.4477
0.3464
0.3543
0.1264
0.284
0.1477
0.03227
0.5252
0.5664
0.5951
0.5446
0.5692
0.04503
0.1297
0.08025
0.06825
0.258
0.2203
0.242
0.2357
0.2368
0.2087
0.2738
0.07408
0.1318
0.2606
0.2122
0.1936
0.2941
0.2441
0.1104
0.0
3.716e-08
0.0
0.4307
0.4307
0.4499
0.4307
0.4307
0.1364
0.09397
0.1102
0.1099
0.5367
0.452
0.4803
0.4907
0.491
0.198
0.06398
0.2291
0.1732
0.4282
0.534
0.5667
0.465
0.4522
0.2063
0.03311
0.06925
0.04661
0.3279
0.3004
0.3608
0.2936
0.2972
0.1436
0.1496
0.0
0.6516
0.666
0.7213
0.666
0.1999
0.0
0.1433
0.04218
0.2472
0.2001
0.0
0.1999
0.1999
0.3197
0.195
0.2088
0.1283
0.5071
0.5009
0.6092
0.576
0.4827
0.1161
0.023
0.1953
0.0
0.7748
0.7053
0.7107
0.7007
0.7053
0.1174
0.0
0.1018
0.0
0.444
0.4464
0.5064
0.4464
0.4464
0.5122
0.1847
0.2442
0.5155
0.263
0.5713
0.5204
0.214
0.1122
0.0
0.2164
0.07677
0.328
0.3904
0.3907
0.3907
0.3907
0.09107
0.3031
0.03484
0.06282
0.4425
0.4371
0.4535
0.5261
0.4445
0.1262
0.1755
0.06072
0.01722
0.3182
0.3374
0.3299
0.3766
0.3358
0.2354
0.0
0.219
0.0
0.306
0.4109
0.4633
0.4109
0.4109
0.2468
0.3016
0.2767
0.0
0.473
0.4653
0.4102
0.4825
0.4653
0.3656
0.0
0.411
0.0
0.4122
0.2213
0.4493
0.2213
0.2213
0.1918
0.1858
0.2176
0.1071
0.3997
0.4676
0.4777
0.5383
0.4712
0.0
0.0
0.2723
0.1025
0.4391
0.4725
0.4337
0.4337
0.4337
0.1201
0.09608
0.1116
0.06585
0.4429
0.4502
0.481
0.4553
0.4422
0.334
0.2077
0.1982
0.1596
0.4727
0.4652
0.5537
0.4974
0.4508
0.3461
0.1272
0.2184
0.0593
0.2348
0.2833
0.4847
0.2314
0.2602
0.1196
0.1128
0.103
0.1159
0.3114
0.2976
0.2798
0.297
0.2712
0.1622
5.748e-08
0.1693
0.0
0.3241
0.2687
0.3278
0.2687
0.2687
0.4883
0.08965
0.1971
0.06148
0.2998
0.363
0.7063
0.348
0.3551
0.4222
0.5784
1.572e-08
0.09215
0.627
0.6359
0.7155
0.7326
0.627
0.1687
0.233
0.1428
0.09227
0.4662
0.4817
0.5073
0.4642
0.4942
0.1038
0.15
0.4062
0.2581
0.4908
0.4756
0.4006
0.3475
0.4032
0.07501
0.1693
0.357
0.0
0.4615
0.5897
0.5891
0.6346
0.5897
0.105
0.03301
5.431e-08
0.0
0.4297
0.4297
0.4345
0.4274
0.4297
4.649e-08
0.695
0.3011
0.2297
0.485
0.545
0.546
0.8494
0.546
0.06589
0.0
0.1551
0.03755
0.4336
0.4238
0.4197
0.4287
0.4287
0.06481
0.03428
0.2477
0.2441
3.164e-08
0.4218
0.4492
0.4835
0.5049
0.4839
0.4835
0.3355
0.0
0.5002
0.2295
0.6297
0.639
0.7044
0.6179
0.6179
0.159
0.5043
0.159
0.0
0.5019
0.5059
0.4508
0.4347
0.5059
0.4178
0.392
0.1794
0.117
0.5116
0.5081
0.4022
0.3707
0.5105
0.4433
0.0
0.1287
0.0233
0.6414
0.6485
1.022
0.6495
0.6495
0.3846
0.0
0.354
0.0
0.5114
0.4724
0.5534
0.4724
0.4724
0.1648
0.0
0.0
0.02332
0.2359
0.2333
0.2988
0.2359
0.2359
0.07042
0.04532
0.1156
0.0
0.5107
0.5336
0.5303
0.5344
0.5336
0.3831
0.0
0.1726
0.03859
0.465
0.4938
0.3721
0.4963
0.4963
0.2818
0.0
0.1997
0.0
0.4278
0.3081
0.3125
0.3081
0.3081
0.2561
0.0
0.3002
0.2369
0.3002
0.2369
0.2561
0.0
0.0
0.1143
0.1796
0.1549
0.0
0.2427
0.2297
0.277
0.3305
0.2297
0.459
0.143
0.2558
0.0
0.5988
0.4395
0.3724
0.4962
0.4395
0.1982
0.0
0.1092
0.0
0.5133
0.4895
0.5096
0.4895
0.4895
0.0
0.0
0.1725
0.0
0.4922
0.4337
0.4337
0.4337
0.4337
0.2118
0.04078
0.107
0.2716
0.3602
0.4298
0.2938
0.3304
0.3311
0.3507
0.2964
0.1103
0.03662
0.4836
0.4742
0.3672
0.4256
0.4625
0.4595
0.1972
0.476
0.0
0.5033
0.5948
0.3673
0.6182
0.5948
0.2857
0.1776
0.1794
0.0
0.6077
0.5371
0.4714
0.5304
0.5371
0.3917
0.4497
0.0
0.2731
0.4097
0.4636
0.5406
0.4945
0.4097
0.1285
0.07091
0.1249
0.0374
0.5717
0.6033
0.6093
0.6187
0.6065
0.3122
0.07109
0.1647
0.05066
0.592
0.5937
0.602
0.6202
0.6033
0.0
0.1845
0.1308
0.05625
0.426
0.4145
0.4157
0.4058
0.4157
0.265
0.0
0.2403
0.04424
0.0
0.243
0.2035
0.2403
0.2403
0.06914
0.06272
0.07809
0.0
0.177
0.2128
0.2341
0.2173
0.2128
1.006
0.3249
0.3659
0.1354
0.7993
1.107
0.7296
1.116
1.107
0.2858
0.05523
0.2098
0.0671
0.6534
0.6614
0.6881
0.6571
0.6623
0.05528
0.0141
0.5085
0.09817
0.8465
0.6423
0.649
0.6529
0.6494
0.368
0.0
0.3605
0.0
0.9078
0.8403
0.8481
0.8403
0.8403
0.1919
0.05638
0.0
0.02776
0.4693
0.4678
0.6162
0.4738
0.4693
0.5365
0.0
0.2501
0.04727
0.7162
0.5983
0.4662
0.6036
0.6036
0.7131
0.2251
0.2892
0.0
0.6386
0.528
0.3863
0.4605
0.528
0.09206
0.03624
0.1405
0.0
0.4483
0.4772
0.4871
0.4812
0.4772
0.1655
0.2436
0.0
0.03543
0.4196
0.4347
0.3844
0.4312
0.4196
0.1552
0.07338
0.16
0.1312
0.2975
0.2863
0.2781
0.2829
0.2682
0.1835
0.135
0.247
0.1522
0.4507
0.4809
0.5204
0.5373
0.5188
0.0
0.06189
0.0
0.0
0.1958
0.1958
0.1958
0.1877
0.1958
0.1685
0.1293
0.1839
0.1184
0.3906
0.4337
0.4413
0.4128
0.42
0.3334
0.0
0.482
0.1533
0.6102
0.4046
0.3035
0.3615
0.3615
0.1482
0.07487
5.709e-08
0.1539
0.1207
0.319
0.2887
0.3072
0.2893
0.2734
0.2734
0.1032
0.02625
0.08988
0.0
0.3516
0.3559
0.3435
0.3571
0.3559
0.1281
0.1559
0.09866
0.03191
0.3409
0.3465
0.3977
0.2877
0.3443
0.0
0.6378
0.1113
0.03092
0.7023
0.6835
0.6815
0.7032
0.6815
0.314
0.2133
0.1238
0.0251
0.5178
0.4891
0.4595
0.5075
0.4854
0.1672
0.02603
0.1671
0.07481
0.2917
0.2793
0.3228
0.2675
0.2655
0.08721
0.04814
0.1449
0.0
0.2514
0.2521
0.2299
0.2622
0.2521
0.0
0.0
0.3464
0.03967
0.5823
0.5171
0.523
0.523
0.523
0.3307
0.3571
0.1399
0.11
0.4553
0.4793
0.5115
0.5206
0.4912
0.3398
0.08784
0.2258
0.1323
0.3869
0.5049
0.5149
0.4498
0.4489
0.114
0.03908
0.09065
0.1412
0.4972
0.542
0.4976
0.4857
0.4894
0.1229
0.09379
0.2122
0.0
0.3035
0.2861
0.2673
0.3138
0.2861
0.07312
0.01646
0.3073
0.0
0.6076
0.4405
0.4395
0.4412
0.4405
0.3633
0.0
0.1213
0.0
0.4996
0.5571
0.4295
0.5571
0.5571
0.0
0.04356
0.0849
0.04849
0.4037
0.3955
0.3819
0.3815
0.3819
0.1991
0.0
2.156e-08
0.06409
0.182
0.1868
0.1437
0.182
0.182
0.0
0.0
0.3661
0.0
0.5211
0.7105
0.7105
0.7105
0.7105
0.1305
0.08501
0.05795
0.02083
0.3675
0.3682
0.402
0.362
0.3629
0.0
0.0
0.0
0.0894
0.437
0.4115
0.437
0.437
0.437
0.1733
0.1253
0.1009
0.2325
0.2419
0.4098
0.2553
0.2296
0.2295
1.112
0.0
0.1033
0.1788
1.254
1.143
0.9719
1.249
1.249
0.2679
0.1513
0.1555
0.0
0.6082
0.562
0.5887
0.579
0.562
0.1114
0.02462
0.2678
0.0
0.4044
0.348
0.3571
0.3546
0.348
0.1731
0.05738
0.07759
0.118
0.4183
0.4157
0.4604
0.4193
0.4213
0.4245
0.0
0.3015
0.08252
0.6622
0.6879
0.5668
0.6594
0.6594
0.1891
0.06749
0.8764
0.0
0.6956
1.068
1.093
1.065
1.068
0.2998
0.0962
0.2292
0.0
0.3595
0.4686
0.4189
0.4662
0.4686
0.03371
0.02171
0.173
0.06339
0.4791
0.4766
0.462
0.4634
0.4666
0.3362
0.203
0.0
0.03166
0.9232
0.9279
0.7121
0.8402
0.9232
0.08657
0.0
0.07537
0.028
0.2576
0.2544
0.2885
0.2523
0.2523
0.1352
0.1177
0.953
0.0
0.9989
0.5885
0.6112
0.5519
0.5885
0.2963
0.2004
0.187
0.1257
0.3618
0.3448
0.4209
0.4198
0.3601
0.1162
0.07441
0.1008
0.05601
0.5518
0.5391
0.5428
0.569
0.5504
0.3305
0.0
0.3325
0.0
0.5308
0.5507
0.7326
0.5507
0.5507
0.0
0.1908
0.0
0.0
0.7719
0.7719
0.7719
0.8381
0.7719
0.2263
0.0
0.4246
0.4046
0.7914
0.6408
0.6964
0.7151
0.7151
0.2513
0.3554
0.0
0.08858
0.0
0.4201
0.3933
0.404
0.4874
0.3933
0.3933
0.2048
0.0
0.09304
0.0
0.1952
0.1586
0.2072
0.1586
0.1586
0.1018
0.1262
0.1154
0.02456
0.4091
0.4227
0.4195
0.4279
0.4248
0.0
0.1091
0.3279
0.2579
0.6064
0.7297
0.706
0.7315
0.706
0.1612
0.02496
0.1814
0.1771
0.5927
0.5627
0.6595
0.5607
0.5517
0.06519
0.0
0.04085
0.1162
0.3538
0.3472
0.3458
0.3534
0.3534
0.3551
0.3677
0.1198
0.09597
0.6912
0.7086
0.9217
0.6793
0.6936
0.3224
0.4235
0.9138
0.0
1.362
0.8085
0.9063
0.7708
0.8085
0.1176
0.0
0.1504
0.1578
0.1884
0.1918
0.2625
0.2154
0.2154
0.1829
0.3059
0.1676
0.1535
0.5785
0.5547
0.6245
0.6218
0.59
0.1738
0.209
0.2224
0.1965
0.4442
0.3824
0.4443
0.4405
0.3887
0.08843
0.04464
0.2623
0.0
0.5371
0.5896
0.5673
0.5838
0.5896
0.2807
0.1277
0.0
0.1711
0.3701
0.405
0.2717
0.3597
0.3701
0.3651
0.1886
0.0
0.04059
0.4282
0.4334
0.6114
0.4423
0.4282
0.0
0.0
0.2154
0.2062
0.09687
0.7263
0.6873
0.6987
0.6987
0.6725
0.6987
0.0
0.08638
0.2869
0.0
0.3844
0.4136
0.4136
0.4138
0.4136
0.1773
0.04458
0.1491
0.1619
0.3911
0.3383
0.4321
0.4188
0.4042
0.2356
0.2632
0.9347
0.3715
0.9941
0.5972
0.5008
0.4662
0.4835
0.2154
0.3073
0.379
0.0
0.458
0.5736
0.5915
0.5558
0.5736
0.3968
0.3273
0.1476
0.07985
0.4919
0.4877
0.4935
0.4898
0.4841
0.09377
0.1589
0.3743
0.1185
0.548
0.5562
0.5957
0.5438
0.5429
0.1626
0.04539
0.2233
0.08358
0.4222
0.3238
0.3768
0.3069
0.3122
0.4874
0.4645
0.4555
0.311
0.4928
0.4255
0.6138
0.6443
0.4655
0.6969
0.2194
0.1189
0.09622
0.514
0.5439
0.9041
0.5684
0.5249
0.199
0.0
0.07167
0.01399
0.5158
0.5326
0.4065
0.5335
0.5335
0.1354
0.0
0.1347
0.1866
0.4354
0.4532
0.4661
0.4256
0.4256
0.3277
0.0
0.0
0.1924
0.3618
0.3298
0.1896
0.3618
0.3618
0.3645
0.3498
0.158
0.1505
0.569
0.5502
0.5393
0.5355
0.5012
0.19
0.2044
0.1819
0.1039
0.4193
0.4109
0.4186
0.4435
0.4036
0.1048
0.0
0.0
0.07613
4.727e-08
0.6325
0.6252
0.6325
0.6412
0.6325
0.6325
0.7536
0.0
0.275
0.0
0.7634
0.7258
0.8183
0.7258
0.7258
0.0
0.0
0.1998
0.0
0.4734
0.4441
0.4441
0.4441
0.4441
0.1292
0.172
0.2157
0.0
0.5533
0.5605
0.5501
0.5513
0.5605
0.04719
0.03038
0.1165
0.05318
0.1876
0.1756
0.185
0.1812
0.1798
0.3293
0.1856
0.1265
0.0
0.063
0.2471
0.232
0.3428
0.3355
0.2807
0.2471
0.2648
0.0
0.2367
0.0
0.6068
0.5109
0.5725
0.5109
0.5109
0.08961
0.08716
0.1936
0.2017
0.4232
0.3897
0.3921
0.3957
0.3776
0.08497
0.03935
0.1558
0.15
0.2358
0.2302
0.2442
0.2742
0.26
0.0
0.0
0.0597
0.02236
0.2659
0.2583
0.2583
0.2583
0.2583
0.04123
0.0597
0.0
0.04476
0.427
0.4309
0.4309
0.4351
0.427
0.3498
0.0
0.4286
0.3194
0.6835
0.5845
0.5413
0.73
0.73
0.3229
0.09509
0.05904
0.03222
0.4296
0.4408
0.5776
0.4457
0.4342
0.1232
0.07798
0.08737
0.09023
0.3157
0.2974
0.276
0.2946
0.3075
0.05639
0.03099
0.442
0.4556
0.6603
0.6074
0.5476
0.554
0.5534
0.2822
0.08625
0.0
0.0
0.4313
0.4313
0.4609
0.4502
0.4313
0.2676
0.06991
0.0
0.05291
0.484
0.4757
0.4868
0.472
0.484
0.2102
0.1091
0.0
0.0
0.1268
0.1268
0.1869
0.08894
0.1268
0.08314
0.03076
0.1591
0.1007
0.4273
0.3608
0.3276
0.3449
0.3393
0.3994
0.9962
0.8002
1.019
1.252
1.152
1.627
0.8979
0.7895
0.9722
0.9644
1.064
0.4135
0.5847
1.218
0.7379
0.5056
0.3406
0.796
0.796
1.676
0.8192
0.6787
1.533
0.801
1.211
0.5759
0.9965
0.98
0.753
0.638
0.627
0.3916
0.4797
1.049
0.9008
1.204
1.234
0.9008
0.7281
0.5627
0.637
0.9422
0.8705
0.7433
0.4088
0.9875
0.8239
1.07
0.4997
1.078
1.248
1.036
0.4251
0.6401
1.091
0.6573
1.134
0.5513
0.8463
1.208
0.8737
0.9399
1.092
1.032
0.5929
0.8196
0.8311
0.5654
0.9986
0.7864
1.125
0.7166
0.9486
1.622
0.6061
0.9966
0.5311
1.091
1.262
1.046
0.8746
0.6231
0.8305
0.633
1.597
0.8697
1.441
1.184
0.5369
1.12
0.6057
0.7723
0.9413
0.9246
0.5359
1.087
1.148
0.4203
0.8016
1.183
0.7118
1.07
0.4374
0.3363
0.7831
0.7188
0.5868
0.9424
0.7721
0.8535
0.7768
0.8792
1.106
1.063
0.9761
0.6442
0.6519
1.106
0.8213
0.6181
0.7466
0.6504
0.8629
0.92
0.6846
0.6223
0.9262
0.8976
0.4238
0.6589
1.346
0.6851
0.4804
0.7963
0.6495
0.7044
0.5167
1.581
1.212
0.6794
0.7501
0.9722
0.5516
0.9926
1.047
0.8572
1.612
0.9053
0.615
0.9678
0.6838
1.445
1.003
1.106
0.342
1.334
0.53
1.074
0.6538
1.255
1.018
0.8063
0.5276
0.5642
0.9463
1.072
1.475
1.336
0.6034
0.6166
0.6854
0.9834
0.9988
1.13
0.6589
0.847
0.6682
0.5236
0.4089
0.6071
1.025
0.9729
0.8677
1.543
1.4
0.8645
1.236
0.6466
0.6784
1.586
1.024
1.004
0.7482
0.7671
0.8477
1.067
0.7169
0.9618
1.08
1.106
0.7629
0.9094
1.429
1.042
0.6496
1.306
0.3918
0.7282
1.075
1.001
0.7569
0.9964
0.9323
0.9597
1.027
0.5554
0.7283
1.226
0.6442
0.876
0.976
0.956
0.6362
0.8212
0.6756
1.025
1.009
0.8113
0.6892
0.8037
0.8
1.056
0.87
0.8588
0.4788
0.7059
1.563
0.7138
0.6079
0.9829
