229.7
148.6
346.2
71.31
245.2
155.9
338.1
157.3
287.8
242.1
241.3
284.7
247.5
151.4
257.4
404.8
189.9
292.6
169.1
77.24
349.6
140.4
250.1
265.1
176.5
241.6
35.91
289.7
223.3
127.1
258.4
35.91
358.0
269.4
229.0
226.3
213.9
181.4
176.4
176.5
217.6
261.2
351.7
269.0
181.6
181.4
210.6
216.7
172.4
126.6
126.6
388.5
261.2
255.4
231.6
205.2
194.5
314.8
213.9
235.1
406.1
304.5
221.9
214.0
214.0
286.9
287.1
243.2
208.0
205.8
242.3
477.4
291.9
204.9
273.4
363.3
211.9
322.7
282.7
299.7
205.8
350.4
242.3
249.5
192.8
214.3
237.9
237.3
314.6
312.0
294.5
205.8
316.2
314.4
212.8
393.4
159.4
241.0
274.0
199.6
96.7
277.3
178.9
179.0
154.5
211.1
232.9
333.0
280.6
401.7
148.3
182.0
381.0
296.5
166.2
184.2
379.9
323.9
396.0
222.2
246.9
172.6
172.6
264.4
280.0
249.6
258.6
310.6
278.9
402.8
259.1
362.4
469.8
216.6
252.8
266.4
293.4
218.9
231.7
390.9
223.6
234.0
210.9
448.4
380.3
247.8
327.9
380.8
351.9
165.2
454.2
283.7
326.8
413.2
290.2
472.1
447.0
327.1
132.9
481.1
280.6
416.0
286.0
378.4
213.8
338.4
307.2
314.9
466.1
417.7
514.5
201.9
352.5
181.7
205.0
404.2
306.6
246.5
259.2
264.2
66.53
309.3
392.5
268.9
248.1
225.6
305.7
481.2
516.6
222.1
291.4
484.7
322.7
400.3
263.5
275.0
356.4
233.5
332.7
148.3
415.4
289.6
393.0
313.6
331.4
319.6
262.3
484.8
356.7
424.5
392.5
337.1
332.7
415.1
351.6
240.7
434.0
327.1
230.9
374.1
364.4
311.6
308.6
387.9
391.9
567.4
267.7
349.2
409.3
460.0
315.6
389.2
443.4
373.4
388.8
489.4
389.6
408.6
412.3
301.6
92.47
263.0
331.3
494.4
309.7
521.5
365.3
174.8
266.0
370.9
415.0
391.5
304.9
419.3
311.4
360.2
397.2
450.8
351.4
347.4
194.2
384.1
475.8
405.2
240.5
429.7
485.7
454.8
368.4
373.6
211.1
368.0
399.3
624.4
375.0
423.3
293.3
496.5
406.7
455.6
467.3
385.5
450.5
450.0
396.3
285.8
321.8
375.8
297.0
324.5
488.9
318.2
427.5
503.8
434.8
474.0
300.8
347.5
444.0
464.3
411.3
391.0
559.1
230.4
557.5
370.5
331.7
568.1
407.3
503.4
440.2
240.5
399.9
539.9
404.7
473.1
311.8
598.0
431.2
318.1
374.0
286.8
388.3
460.2
397.7
410.2
336.5
279.3
556.2
362.0
565.1
453.3
452.0
387.6
360.6
450.4
375.5
354.7
358.9
428.0
347.2
224.0
480.8
459.3
435.5
568.6
549.2
453.4
320.5
377.1
295.0
397.6
476.0
592.8
510.0
611.2
628.9
428.6
357.4
594.6
371.6
461.0
451.9
322.1
490.7
407.4
556.6
553.4
409.5
416.6
505.0
423.8
481.7
252.1
443.7
337.1
322.0
366.4
378.4
368.6
460.9
353.3
409.5
419.3
455.4
703.6
499.7
431.3
343.1
387.4
383.4
325.8
419.0
552.8
425.2
423.5
461.8
396.6
317.7
302.5
539.6
457.1
475.3
491.6
423.2
448.2
581.8
513.8
524.4
475.1
524.7
664.5
584.1
528.1
405.4
617.3
448.5
459.7
440.5
523.5
440.7
598.9
513.9
482.5
465.0
447.4
569.7
713.8
513.6
542.6
570.6
488.5
633.3
447.1
744.4
475.1
458.2
597.6
709.2
651.5
515.4
516.6
575.2
508.4
347.0
573.6
562.2
437.9
385.3
412.9
779.7
518.2
637.4
549.2
443.0
662.9
426.7
636.1
515.3
411.0
450.6
551.9
454.0
459.0
405.5
465.5
319.5
531.2
705.6
862.0
509.1
407.2
418.3
458.6
581.0
505.2
440.5
648.0
394.5
662.2
394.1
395.6
411.9
514.0
537.6
583.8
470.8
512.5
687.3
565.7
355.0
466.7
474.2
443.5
142.5
239.3
151.0
221.8
35.91
198.7
172.4
144.3
228.5
179.0
341.6
235.4
200.1
140.4
140.4
225.5
140.4
299.1
197.3
354.9
166.2
166.2
176.5
269.6
179.0
179.0
157.3
157.3
179.0
179.0
220.3
181.4
264.9
35.91
140.9
184.9
140.9
252.4
223.4
242.8
248.0
35.91
275.6
199.6
199.8
350.1
289.6
35.91
246.5
390.5
158.8
99.93
185.4
138.2
195.7
475.0
233.0
218.6
210.8
262.0
121.7
200.8
185.4
205.2
237.8
384.4
257.0
228.2
193.0
399.0
163.4
210.6
170.7
327.5
140.4
258.4
332.5
349.5
302.2
201.5
218.0
272.8
290.0
397.1
206.0
173.1
259.2
249.4
224.6
249.4
249.4
287.1
291.2
331.0
254.1
244.8
510.8
303.9
149.3
276.0
205.8
324.6
77.78
314.4
252.8
207.2
220.1
207.6
325.1
294.5
320.1
320.1
406.4
252.5
339.9
127.9
299.4
284.5
370.8
224.8
297.8
404.6
270.3
293.7
328.2
205.7
214.5
270.8
353.6
255.8
308.4
248.7
248.4
351.4
255.8
242.1
308.6
143.3
267.5
394.5
239.8
337.9
501.8
270.8
348.1
338.2
273.4
180.8
328.6
303.2
304.5
227.0
192.8
370.3
129.3
301.1
363.7
239.9
177.8
415.7
332.6
214.2
488.5
286.4
476.1
315.4
378.2
257.6
458.5
265.1
480.3
416.6
542.4
344.6
316.3
493.1
444.5
305.8
305.9
267.0
231.8
304.4
343.0
379.7
375.4
260.0
512.8
213.1
217.7
357.3
238.9
457.2
240.9
417.1
348.0
419.9
312.6
374.5
257.7
215.9
266.8
271.8
263.2
401.4
447.1
491.7
406.7
374.8
471.0
285.5
313.6
267.1
264.5
340.9
476.1
488.2
321.0
242.0
370.2
352.2
545.2
538.9
425.8
198.0
328.1
295.5
396.4
451.6
421.9
338.4
404.3
442.8
446.5
403.8
512.5
267.5
257.0
292.1
239.6
231.2
424.9
239.5
446.1
389.5
366.2
293.4
573.9
311.5
450.9
389.8
412.2
487.1
479.1
371.8
322.2
211.0
272.3
305.8
355.0
398.6
348.4
330.8
476.8
376.4
380.8
348.9
508.4
378.1
376.9
584.1
463.0
368.3
358.8
420.9
340.6
362.8
373.5
482.5
412.0
275.1
269.6
412.8
447.5
393.1
287.6
398.4
405.3
297.3
546.0
252.9
486.9
420.0
255.1
463.5
471.4
347.6
608.5
453.5
350.2
353.0
445.4
480.7
354.6
454.2
282.6
429.6
452.4
518.2
359.1
393.0
418.1
474.7
332.3
428.1
347.0
518.0
240.5
296.3
536.7
690.8
455.6
577.8
476.6
388.9
360.2
474.0
353.7
441.8
382.0
403.6
492.9
518.0
763.2
411.2
380.1
402.0
465.9
284.4
595.3
542.7
686.1
503.1
458.9
439.8
322.6
447.6
322.9
530.6
527.6
482.8
419.5
365.9
640.7
486.1
362.3
429.6
499.7
303.4
478.6
398.9
641.9
629.0
391.0
650.6
654.9
459.2
582.2
501.6
476.9
505.7
356.3
391.4
527.8
516.8
414.5
389.4
365.2
569.6
601.5
464.0
436.8
463.8
581.2
400.0
473.8
382.1
541.3
544.9
379.0
501.5
299.0
570.5
480.3
386.0
454.5
476.9
593.2
373.0
365.3
442.6
460.3
445.1
459.3
558.5
627.2
692.8
427.5
350.7
442.8
410.7
567.9
562.0
500.0
353.7
501.6
531.8
530.6
581.6
434.4
450.0
389.2
291.8
546.2
454.0
650.5
468.9
528.2
576.9
603.9
395.2
471.4
479.0
585.9
360.4
502.2
453.8
478.3
465.7
447.1
498.9
523.2
448.3
328.7
509.9
530.6
541.6
472.1
351.1
462.8
519.0
573.4
599.0
480.2
538.2
568.7
395.2
475.5
452.9
330.1
620.2
443.7
618.4
632.4
721.4
564.4
382.6
436.4
447.0
462.4
491.6
474.8
534.0
401.9
455.3
450.2
715.7
737.4
366.8
415.9
739.7
630.0
470.7
485.0
580.9
415.4
413.4
512.1
441.5
361.0
501.0
521.9
463.9
453.8
482.7
570.3
438.4
526.2
673.8
758.0
655.4
426.0
480.1
437.1
329.3
467.6
392.3
160.0
591.4
340.0
366.4
298.0
579.2
269.0
390.2
396.1
206.1
191.3
199.3
533.3
383.7
221.3
404.0
297.2
424.2
583.8
633.8
674.2
476.1
374.0
624.0
328.3
302.6
222.4
345.2
589.1
407.7
471.1
468.8
507.3
328.3
724.6
441.3
326.8
353.8
192.4
252.6
404.7
536.3
430.1
536.3
280.8
416.0
349.3
599.5
445.6
471.6
800.8
542.6
300.4
360.7
437.4
463.3
475.8
184.6
166.1
488.5
727.2
578.6
229.1
420.4
411.3
532.2
398.2
564.8
348.0
277.1
216.0
481.9
561.1
605.8
520.1
563.6
308.8
833.2
409.1
444.3
581.0
648.9
204.9
305.2
562.1
330.5
390.0
114.7
114.7
531.2
418.2
320.7
684.6
473.6
303.8
649.2
777.6
386.9
531.5
462.6
662.3
558.4
231.6
323.8
338.4
466.3
509.8
250.3
779.1
436.1
472.0
163.7
230.4
570.4
408.7
514.7
627.6
370.1
459.5
411.4
265.2
396.7
455.5
398.1
474.3
453.2
565.8
322.1
408.9
160.9
156.8
380.9
465.3
366.7
383.9
542.2
336.1
145.9
626.0
562.7
379.3
565.8
333.1
535.5
657.7
284.9
462.4
576.5
430.4
361.9
289.5
445.1
538.9
374.9
328.7
588.3
418.6
251.0
355.2
0.0
699.9
592.3
305.1
259.1
230.5
288.9
344.8
717.3
596.4
574.1
156.3
150.6
761.9
433.7
349.0
370.8
297.3
165.2
518.2
413.2
399.8
491.2
460.8
412.9
206.2
559.2
476.7
323.7
471.8
490.9
496.2
436.8
612.0
264.9
401.0
357.6
533.8
608.1
563.9
515.7
261.1
910.8
556.0
236.4
323.2
593.0
336.3
206.1
558.0
411.3
322.1
466.6
366.4
490.3
363.8
560.1
526.1
264.2
366.3
743.3
665.1
555.6
623.5
229.4
438.6
393.7
933.7
375.8
513.3
685.4
472.0
320.2
392.3
697.2
643.7
314.1
730.9
381.3
546.7
430.8
684.5
222.8
524.3
414.1
298.9
271.6
393.3
397.1
297.2
486.8
395.5
367.3
434.3
172.9
476.4
388.7
316.6
511.6
212.6
703.0
545.6
382.3
411.2
547.8
404.2
467.8
302.2
150.9
467.6
676.5
533.7
717.5
590.3
478.1
407.8
195.8
328.3
635.1
479.4
505.0
566.1
427.2
411.4
256.0
324.2
553.5
510.4
273.5
419.9
852.3
458.6
356.1
272.4
524.5
400.5
523.5
540.2
677.9
227.0
388.2
477.1
511.3
362.7
666.3
431.4
352.4
435.1
365.0
664.9
264.9
314.4
594.2
388.9
683.2
304.3
552.8
204.8
513.9
301.9
501.6
222.9
294.3
442.3
197.9
356.0
524.9
527.8
530.1
487.3
331.5
526.8
514.1
264.1
1.978e-05
403.0
658.2
609.9
345.6
403.1
466.4
232.3
662.2
392.0
364.5
216.8
606.8
275.9
492.0
472.0
184.1
580.2
440.1
365.3
529.8
331.5
248.1
322.7
508.6
640.0
368.0
492.2
398.9
278.0
486.8
371.3
184.0
234.2
300.5
426.1
437.2
211.9
312.0
527.6
431.3
472.4
321.8
382.0
204.2
965.4
471.2
355.5
615.2
624.6
424.8
453.3
591.2
216.2
345.5
674.3
368.9
361.3
464.9
1.064e+03
312.0
409.3
444.2
400.3
494.5
349.4
341.6
832.5
377.0
231.7
380.9
411.8
269.0
455.9
422.8
256.0
404.5
523.6
525.5
262.1
396.4
446.2
392.4
662.2
265.9
366.9
304.2
175.0
424.5
571.7
315.8
330.1
324.7
535.3
446.3
330.8
212.2
437.3
373.6
474.3
397.3
302.9
407.8
483.4
384.9
224.4
571.2
290.9
313.4
337.8
578.4
776.1
293.7
670.2
335.8
148.5
106.1
192.1
255.7
558.1
216.1
307.9
585.9
578.0
319.2
288.1
491.5
627.2
550.9
446.5
480.5
288.8
340.0
542.1
379.3
463.3
524.6
609.4
349.4
492.9
316.3
536.3
288.7
454.4
365.2
322.8
534.9
479.1
693.7
482.5
606.8
491.4
504.9
490.6
571.8
273.2
242.9
57.04
258.8
116.0
269.9
558.4
303.7
521.7
388.4
463.8
306.9
401.7
545.2
686.8
233.0
530.0
250.4
180.4
603.6
588.3
184.0
479.2
767.4
243.0
567.2
645.0
347.5
284.6
294.8
267.5
686.8
540.0
673.2
567.9
353.4
2.839e-05
355.0
570.7
364.9
275.1
675.0
359.4
372.7
643.7
549.1
128.9
643.5
487.2
219.1
195.5
627.4
601.4
693.5
293.0
191.0
370.8
414.0
497.9
444.5
327.6
602.2
210.4
335.3
666.2
267.6
660.8
913.1
640.0
234.4
220.4
660.5
532.3
661.5
522.3
300.0
344.2
532.5
418.1
225.2
445.5
319.8
287.5
408.2
610.5
214.8
653.8
439.3
628.7
169.7
494.4
337.0
188.5
555.2
2.987e-05
427.1
736.3
225.9
334.1
439.7
449.4
271.3
467.2
291.1
324.0
832.1
501.8
408.8
573.3
352.3
311.9
446.0
310.4
544.6
653.6
436.2
325.5
314.8
536.4
779.8
1.766e-05
463.4
481.9
629.5
311.1
332.6
232.9
390.8
243.5
509.0
891.1
577.0
568.9
399.8
475.5
556.7
727.2
571.5
357.1
251.1
555.5
543.2
545.8
538.3
714.8
220.4
763.1
459.6
597.4
410.2
319.1
469.6
340.3
265.4
723.4
231.3
369.4
262.1
615.5
279.2
567.4
532.6
265.7
574.0
557.7
459.4
172.7
114.8
333.3
539.2
236.0
776.9
504.4
538.4
545.0
775.4
564.7
393.3
225.7
298.0
387.2
258.9
392.6
390.1
410.5
334.0
311.2
260.0
367.8
510.2
243.4
407.9
201.3
446.5
184.5
304.5
611.0
428.9
280.4
723.7
433.4
643.6
213.8
605.5
716.0
721.7
582.8
685.3
390.9
446.8
437.6
355.2
592.8
306.2
468.8
375.8
596.9
441.4
763.3
554.1
688.5
377.2
182.8
591.8
534.1
381.7
641.0
286.2
525.3
656.9
469.2
582.4
447.7
586.7
357.3
272.0
559.3
387.5
341.8
443.3
229.2
281.2
742.3
333.9
158.7
453.8
590.1
509.1
675.0
373.5
660.5
655.8
314.0
724.1
440.0
208.9
675.3
485.5
535.7
236.9
576.9
267.8
598.2
463.5
719.4
726.3
406.1
410.5
557.4
509.6
240.3
482.0
649.2
730.2
633.4
124.1
258.8
685.2
397.7
257.9
561.4
354.1
583.3
331.4
201.0
568.4
151.0
674.4
581.2
800.6
464.1
405.7
314.5
158.3
895.4
532.4
429.8
819.8
616.0
314.4
407.3
532.7
655.4
560.6
341.9
276.0
282.5
550.5
243.6
627.3
274.9
421.2
180.5
777.2
450.4
265.3
634.8
585.4
520.6
270.9
712.2
524.4
357.6
485.7
695.1
575.9
626.0
257.2
153.2
359.5
262.1
453.4
161.9
164.1
207.2
369.7
472.2
419.6
334.6
757.6
501.6
155.9
694.9
299.1
448.8
261.0
375.0
368.4
732.3
271.3
240.6
550.8
478.0
427.6
473.9
744.2
676.6
502.1
277.4
523.3
422.1
633.6
343.5
743.1
376.0
679.9
631.5
574.8
717.4
608.6
426.3
924.2
306.6
327.6
240.7
243.7
335.3
201.8
610.8
498.6
949.0
397.4
476.0
497.6
265.2
441.4
589.5
318.8
315.3
481.2
632.0
304.1
772.1
776.2
257.2
428.1
306.0
289.4
717.4
315.7
402.7
396.8
570.8
425.6
565.5
420.9
381.1
385.2
578.5
339.7
547.2
171.5
643.4
244.9
496.8
446.4
797.8
307.5
439.4
704.9
324.2
466.6
723.2
617.2
625.0
400.9
622.7
445.2
564.3
346.0
615.9
738.3
306.6
477.1
545.1
416.6
315.6
508.3
178.5
626.5
687.7
677.2
400.4
293.1
500.3
394.4
174.5
500.7
234.5
373.1
214.2
505.3
276.6
735.8
268.8
249.5
319.7
527.0
410.8
511.7
400.0
702.5
544.5
297.6
436.7
445.9
189.0
439.1
534.1
352.7
628.5
480.9
647.1
451.0
389.6
399.5
724.6
522.0
455.2
568.7
259.4
208.1
571.1
162.8
645.7
334.1
465.8
194.5
623.5
378.8
294.6
279.0
290.0
246.3
783.6
591.9
299.6
451.1
483.5
641.2
558.7
410.0
430.9
871.3
784.2
591.8
723.6
512.3
319.5
412.8
551.1
860.7
413.6
347.2
371.3
430.9
536.2
352.3
0.0
627.3
0.0
579.9
356.2
121.8
398.4
311.1
252.2
675.7
379.7
270.7
871.2
300.9
286.3
378.7
366.0
423.2
594.6
158.1
345.0
496.2
445.9
589.5
500.4
310.0
300.7
462.2
621.1
277.3
502.9
457.4
406.7
601.9
583.7
259.5
442.7
474.2
363.6
475.6
338.0
448.0
562.3
565.7
286.3
563.8
323.3
139.9
472.6
547.7
220.2
759.9
415.7
376.2
753.4
402.1
346.2
710.7
595.1
0.0
582.5
454.2
576.4
378.6
432.8
280.7
433.1
617.8
218.9
556.8
272.4
339.7
566.8
419.7
185.6
449.8
431.4
311.1
243.4
327.8
196.0
668.5
297.2
306.5
509.2
539.6
307.5
473.3
583.8
211.6
493.7
627.6
2.659e-05
395.5
310.2
222.9
363.4
290.6
323.6
474.5
555.8
307.5
570.7
549.5
276.5
717.2
440.8
366.2
416.4
607.6
413.7
482.6
642.4
399.8
487.7
565.7
254.7
613.2
480.9
355.3
455.4
356.0
386.1
322.7
509.6
410.3
381.3
292.6
206.9
523.5
260.4
350.4
503.4
399.0
455.2
399.7
568.9
477.8
630.5
272.4
309.1
530.1
674.1
241.5
515.0
296.1
439.0
385.9
343.5
246.3
634.9
564.9
372.7
791.7
356.2
407.9
507.2
428.3
239.0
337.9
282.3
309.2
493.1
604.7
282.7
404.3
299.7
168.4
747.2
561.3
214.7
679.4
478.9
573.1
375.2
588.7
300.2
347.4
484.0
310.5
589.8
339.9
307.3
595.1
541.4
361.4
427.9
470.4
428.1
599.9
420.5
0.0
499.2
277.4
292.2
610.4
378.8
239.7
448.3
563.5
207.6
381.0
498.4
222.8
525.5
435.5
204.3
583.6
272.2
537.7
524.1
259.7
268.2
393.9
323.3
407.9
494.4
543.0
306.1
608.8
655.3
239.0
524.9
439.2
225.9
462.2
345.0
382.8
660.8
358.9
252.2
716.4
458.8
292.4
647.5
238.4
239.7
650.4
522.0
241.0
484.9
333.5
346.7
365.2
419.7
313.6
214.8
448.2
219.8
487.7
578.7
301.8
532.1
434.7
442.1
462.2
509.6
2.467e-05
366.0
263.0
13.17
569.2
206.7
200.7
594.3
523.2
251.4
572.2
422.5
375.4
554.6
436.0
270.7
465.6
444.4
215.3
418.0
626.3
239.0
363.4
603.8
0.0
495.0
636.4
275.6
248.5
593.9
318.1
581.9
533.7
267.8
580.9
487.1
196.9
705.7
549.5
577.4
431.2
402.5
491.5
382.6
442.4
350.4
316.6
510.5
524.3
339.0
347.5
182.7
453.7
372.3
364.1
571.3
255.9
212.1
340.8
523.2
222.9
795.3
445.7
282.3
504.4
641.5
355.3
735.4
372.3
447.0
320.3
208.8
817.3
632.8
236.5
381.3
222.4
13.17
761.8
417.3
220.2
650.4
391.2
394.1
303.0
348.8
324.0
795.3
604.0
284.9
696.3
416.0
219.7
596.5
336.5
325.1
436.9
325.2
222.3
731.9
618.4
222.6
513.4
427.2
220.2
651.3
267.3
589.5
630.3
368.6
268.3
495.7
358.9
306.8
619.5
476.8
373.5
659.3
655.0
308.2
444.2
295.8
185.1
663.1
424.5
349.4
472.8
546.5
0.0
496.3
366.0
642.2
403.3
644.6
214.7
438.2
288.0
274.3
502.0
412.4
375.3
556.4
404.1
259.5
795.3
358.9
323.3
499.2
744.3
282.7
557.0
636.4
214.7
501.8
474.2
260.8
374.6
203.9
289.5
530.7
420.3
196.9
699.5
578.8
315.0
718.7
540.8
261.9
652.1
315.6
350.5
668.5
398.6
262.5
267.5
540.6
350.4
515.4
341.2
291.7
710.6
482.7
357.1
553.0
474.1
33.69
635.9
746.3
614.7
789.1
675.8
555.7
716.1
770.5
492.6
721.6
594.3
521.0
649.0
492.4
563.9
658.0
520.7
530.0
744.8
535.6
671.2
699.2
695.5
847.2
417.3
606.7
612.0
902.4
622.8
535.0
514.9
576.7
898.4
582.9
418.9
628.3
733.4
944.0
647.3
740.2
957.1
561.5
333.6
1.068e+03
619.8
666.4
901.8
676.0
808.3
607.5
954.6
418.4
345.4
185.7
725.9
756.4
876.8
525.6
697.6
1.234e+03
566.8
497.3
408.2
723.9
864.0
448.6
683.1
603.8
641.7
809.8
972.1
622.7
587.3
747.1
824.5
640.7
467.1
431.7
721.2
564.9
861.5
755.2
231.5
786.1
808.1
546.3
655.5
759.3
526.8
527.7
581.4
539.4
800.2
589.6
710.3
550.2
390.5
688.4
505.5
670.7
547.0
685.4
575.6
582.8
472.7
689.9
673.8
720.9
871.1
658.1
637.3
683.1
746.7
546.9
627.6
703.1
476.4
418.2
538.9
424.2
569.7
420.1
697.3
575.6
765.7
719.1
593.1
570.4
793.7
870.7
414.8
730.4
605.6
710.4
598.6
717.0
525.1
803.0
431.5
485.2
626.3
850.6
595.6
588.0
713.3
565.8
480.9
666.7
549.4
744.8
555.6
574.7
620.7
765.0
684.2
729.5
371.0
896.4
906.8
860.6
778.6
718.6
437.9
809.8
525.4
449.1
677.3
544.8
847.2
801.8
660.1
701.2
387.7
840.9
831.3
454.7
864.1
655.3
540.8
544.4
719.4
407.5
728.5
789.9
561.4
657.1
519.0
857.1
754.8
268.9
512.4
376.7
541.3
1.043e+03
668.2
832.8
701.0
573.1
1.017e+03
845.3
734.3
530.5
817.7
645.8
371.1
382.8
669.8
668.7
485.4
681.7
578.8
884.6
600.6
935.5
668.8
4.337e-05
599.7
564.2
902.2
652.7
723.1
557.9
530.3
472.5
500.5
674.0
675.1
738.0
844.1
606.0
759.6
581.0
877.6
674.7
638.3
682.8
582.8
568.2
608.6
439.1
596.6
819.2
753.0
769.2
823.3
692.5
534.3
522.5
677.6
719.2
703.3
522.1
483.1
726.2
688.6
637.2
596.1
557.7
635.0
848.2
582.1
758.9
574.4
718.3
550.0
513.7
636.8
574.2
614.5
274.9
920.2
556.9
897.5
735.0
681.3
769.5
717.7
658.0
671.6
580.3
512.0
474.0
798.8
688.2
543.2
467.9
561.5
689.8
642.5
631.4
709.7
625.5
776.6
519.5
774.5
842.9
520.8
630.5
625.5
686.1
588.2
1.106e+03
758.4
743.7
657.4
375.0
632.3
675.5
571.1
532.7
565.0
632.3
724.2
761.2
470.4
717.0
9.177e-05
546.1
816.3
749.8
719.2
495.6
511.9
686.2
761.5
646.0
824.7
748.0
804.3
705.5
559.0
711.3
617.3
403.2
874.2
806.9
656.4
665.7
887.0
656.7
662.8
701.8
615.0
770.8
574.8
409.4
522.2
721.1
893.5
570.4
714.4
824.6
814.8
382.3
641.9
616.7
311.2
759.2
678.6
628.0
648.8
516.7
514.4
624.2
937.7
764.3
679.4
598.4
436.0
516.6
787.0
779.9
818.7
550.6
842.4
538.8
421.2
971.2
819.7
633.4
640.6
556.5
732.4
705.8
950.5
508.0
534.7
484.5
840.8
689.7
488.0
776.6
703.9
794.8
357.3
592.4
677.0
698.1
662.6
702.3
505.4
874.8
620.1
1.005e+03
526.6
522.3
514.8
805.0
712.1
531.5
564.5
661.8
646.4
759.5
479.6
635.2
697.8
555.9
563.5
682.1
755.1
754.2
765.3
455.9
630.9
707.8
725.6
671.9
663.4
938.0
923.6
599.9
661.1
711.5
496.4
884.5
634.2
428.1
664.4
540.4
689.9
670.1
530.7
1.046e+03
609.4
719.9
827.6
384.2
594.8
468.2
680.0
785.7
545.5
318.8
688.8
610.6
658.1
517.5
642.5
865.5
551.0
467.5
501.4
519.8
634.5
461.3
741.1
483.0
904.2
697.6
710.7
578.8
496.3
729.6
902.6
665.0
624.1
618.5
520.4
653.2
657.0
610.6
697.9
466.8
732.3
343.3
527.8
479.5
647.2
785.3
482.5
748.4
513.1
641.6
706.1
923.0
493.1
602.1
661.2
759.7
428.7
722.4
675.2
801.9
653.5
696.8
689.5
840.9
784.5
772.3
505.1
503.5
258.9
429.2
552.9
502.7
370.8
740.5
676.7
760.6
928.8
918.4
343.3
409.4
720.2
381.5
649.6
1.027e+03
633.6
474.2
1.044e+03
713.1
542.8
734.8
589.5
808.6
649.1
665.4
538.4
291.2
724.6
776.6
776.1
969.8
821.0
1.16e+03
963.9
830.0
767.3
898.3
333.5
771.2
777.3
305.3
746.0
1.011e+03
575.2
495.6
539.9
561.9
745.4
706.0
703.6
383.6
713.7
697.7
620.3
530.0
771.0
864.8
545.3
595.3
573.3
651.7
659.7
516.2
606.8
616.3
782.4
667.4
762.7
605.2
639.1
696.6
1.024e+03
465.8
701.4
632.9
515.8
619.3
563.3
437.5
618.6
415.2
418.5
631.9
643.9
749.5
720.5
637.8
836.4
478.6
700.7
841.3
811.0
969.4
967.4
808.9
292.1
405.7
268.0
631.9
853.7
800.5
515.4
1.052e+03
792.2
909.9
907.3
694.3
683.4
623.7
514.2
581.7
627.8
854.9
389.4
438.1
649.2
576.8
691.9
627.7
790.3
603.6
499.0
460.2
940.7
713.5
853.3
694.5
617.6
553.9
795.4
672.0
563.2
540.0
550.3
475.3
495.3
548.5
649.5
757.1
638.1
834.0
830.2
340.5
676.4
724.7
396.6
635.0
871.9
686.1
537.2
931.3
560.5
1.006e+03
548.3
661.9
379.5
505.9
720.8
463.5
1.014e+03
758.4
458.4
828.3
679.4
568.5
515.1
621.2
828.9
555.7
671.9
412.0
726.8
571.3
460.6
814.3
604.0
459.2
790.2
572.8
767.7
550.8
630.9
620.4
675.5
706.3
949.8
386.7
324.5
487.1
404.6
962.8
669.7
987.3
555.8
597.1
792.0
599.6
478.5
510.5
599.9
579.9
885.2
636.1
439.5
745.9
724.7
805.3
682.7
599.5
758.1
481.6
607.6
652.6
482.3
607.0
495.3
599.8
607.9
552.5
638.8
668.3
665.0
600.2
552.1
638.7
557.2
527.2
451.2
575.6
893.5
502.2
590.9
508.5
531.5
911.9
714.6
579.1
618.0
816.5
632.5
694.6
431.7
647.6
647.5
720.2
798.0
753.4
609.8
357.0
676.2
704.8
389.8
626.7
766.3
388.0
615.0
580.4
456.9
762.8
234.8
383.2
696.3
808.1
640.9
755.3
736.3
487.3
954.5
0.0
714.8
763.7
629.7
836.5
479.9
509.8
569.1
568.5
527.9
774.5
625.7
681.6
561.5
501.3
510.5
642.5
401.2
674.0
506.7
527.2
617.3
814.0
561.6
597.6
596.3
613.1
563.7
591.8
668.2
551.6
614.1
545.5
945.4
779.6
746.3
718.9
443.8
650.1
637.0
885.9
534.5
616.3
561.5
595.5
788.0
538.2
778.6
669.1
719.0
572.2
581.2
509.3
663.0
723.1
728.1
643.6
962.9
873.2
678.6
763.5
706.8
697.3
1.108e+03
595.0
444.6
844.9
1.084e+03
668.8
680.8
738.9
732.3
796.3
730.9
451.6
713.3
262.3
283.0
477.5
764.6
546.1
728.1
768.3
818.1
812.3
969.1
632.3
393.8
698.4
841.1
606.0
796.2
715.4
581.3
636.9
789.9
774.8
764.4
389.6
593.8
1.016e+03
1.004e+03
560.7
566.5
591.2
603.6
794.2
452.3
828.4
618.0
563.6
506.0
497.9
628.6
608.5
645.4
661.9
815.0
644.1
645.3
458.8
785.7
647.1
559.2
620.0
769.2
934.1
405.1
705.4
706.8
742.9
753.4
780.0
690.2
631.6
753.5
451.1
508.6
407.5
473.2
557.5
833.2
684.7
450.3
449.7
339.9
494.9
600.4
964.2
860.9
695.4
441.5
582.7
589.5
727.4
546.7
656.3
563.5
546.2
762.2
820.2
680.4
411.8
691.9
509.3
527.5
469.6
698.8
736.9
621.4
810.2
616.7
495.1
754.1
499.4
552.4
682.2
559.2
319.3
761.6
709.9
650.8
725.8
771.0
821.4
480.9
549.6
496.9
543.9
772.1
810.5
720.0
508.1
515.1
546.0
320.5
702.6
518.6
491.8
540.8
853.9
997.1
716.5
386.7
633.5
614.3
613.3
601.0
441.5
451.2
844.2
446.9
874.5
845.1
698.0
717.6
609.3
696.5
727.2
656.3
581.5
274.6
227.0
601.0
381.7
537.0
1.089e+03
696.2
304.6
825.7
926.8
603.9
412.7
697.4
407.9
884.1
691.5
402.4
1.071e+03
709.2
489.8
274.6
632.2
331.7
753.7
636.4
259.1
676.7
543.1
360.4
1.038e+03
531.6
741.3
563.1
408.3
501.6
651.2
1.036e+03
488.7
546.0
752.6
600.4
1.032e+03
588.6
352.0
770.6
416.8
595.8
879.0
523.8
310.2
616.2
424.1
264.1
535.2
728.3
317.9
930.4
631.2
428.6
619.1
607.2
263.7
881.7
584.2
317.9
624.4
716.4
539.2
405.5
545.6
331.8
833.1
470.9
363.7
464.9
570.3
337.0
788.5
509.4
385.5
275.4
589.6
384.8
770.6
518.6
825.5
559.8
554.9
287.3
721.0
580.0
283.8
883.2
757.4
648.0
351.3
464.3
352.5
774.5
512.5
253.4
837.4
398.0
302.7
805.8
702.2
524.4
605.5
574.3
514.9
722.9
873.4
414.1
786.5
725.1
396.3
925.5
604.8
237.5
834.3
416.6
346.5
542.8
588.6
511.7
617.4
538.3
766.8
830.4
418.4
253.9
1.311e+03
326.3
675.0
1.253e+03
880.0
509.2
1.129e+03
679.3
467.0
1.028e+03
546.2
527.0
1.213e+03
736.2
341.4
705.1
840.1
676.5
936.6
483.1
572.8
379.0
725.1
529.9
810.0
931.9
364.2
533.9
511.5
368.5
933.5
364.8
356.5
771.2
668.6
668.2
559.9
758.8
850.6
760.4
461.2
522.7
982.4
482.2
543.2
754.1
1.062e+03
724.9
696.8
455.2
377.3
919.3
417.3
714.5
751.9
453.3
247.8
502.2
560.6
592.9
730.1
1.363e+03
269.0
658.0
480.0
499.6
740.4
860.4
534.6
763.5
493.9
367.7
952.0
591.4
511.0
742.4
787.3
209.4
602.1
610.0
238.2
673.9
362.8
418.8
886.0
500.4
334.7
904.6
653.2
259.2
454.3
590.3
228.3
1.145e+03
447.0
358.7
607.0
530.5
465.8
741.3
687.8
574.5
743.0
823.5
1.268e+03
727.9
795.1
346.3
647.7
876.0
565.1
476.4
953.8
560.3
809.1
473.3
1.077e+03
753.1
1.031e+03
657.8
667.2
1.134e+03
374.0
562.1
737.3
408.9
1.346e+03
437.0
698.1
527.4
1.088e+03
681.6
1.002e+03
384.1
585.6
646.4
667.2
635.6
876.4
646.8
471.3
833.5
1.133e+03
661.0
778.0
383.8
698.6
703.8
694.1
596.7
751.9
684.2
638.0
646.1
1.308e+03
723.5
681.5
508.6
794.1
1.036e+03
749.8
690.0
477.0
699.2
831.9
446.0
684.7
544.8
658.2
413.9
454.2
244.5
268.1
733.9
608.3
633.4
309.4
731.8
652.5
688.5
317.2
461.0
950.0
532.6
377.3
673.0
238.0
306.5
585.0
533.0
803.4
384.1
454.5
587.8
684.1
436.3
429.9
496.8
502.4
356.0
597.1
692.1
432.4
351.3
356.3
468.5
534.0
248.7
434.3
709.5
472.9
617.4
631.9
541.3
396.7
162.4
753.1
266.8
708.6
626.5
592.9
258.1
576.9
642.9
272.6
649.7
633.6
612.5
522.8
571.7
469.2
408.7
495.6
807.4
560.8
414.5
635.0
393.2
434.5
588.8
336.5
558.1
651.4
430.0
990.5
315.7
358.6
489.1
600.2
353.7
387.7
437.9
606.9
629.3
490.7
318.7
634.2
441.9
393.1
555.8
563.9
391.3
269.7
286.9
399.0
537.3
608.8
759.7
246.9
349.5
704.7
647.8
619.5
407.2
443.4
397.2
311.2
146.7
394.0
753.4
478.1
376.3
730.7
733.4
315.9
654.5
0.0
608.0
351.8
495.2
844.4
386.9
485.5
500.4
448.5
379.4
464.9
375.7
531.1
267.3
655.3
456.0
309.9
614.6
495.5
257.3
655.8
771.8
697.4
270.6
617.1
436.6
248.4
548.1
326.8
663.8
367.2
227.9
406.5
538.0
881.5
505.5
610.6
447.5
485.7
740.3
868.5
703.5
446.9
687.5
406.9
703.3
658.7
520.8
278.8
631.8
311.6
317.4
557.2
377.3
305.7
385.1
603.2
571.0
457.3
597.8
524.8
448.5
280.3
232.7
466.5
549.7
294.3
347.4
405.7
497.8
611.6
371.9
373.8
525.1
728.5
527.2
494.8
391.9
0.0
800.9
320.7
284.6
672.0
451.4
288.8
612.6
437.1
473.4
648.1
339.5
161.1
380.6
904.6
273.0
241.2
248.4
307.2
486.6
554.9
401.4
448.0
445.2
117.6
511.2
600.9
182.6
496.6
458.7
712.2
389.9
564.4
679.2
633.9
782.3
441.6
449.5
249.1
927.2
558.8
423.8
586.6
563.7
517.5
358.7
628.2
0.0
339.9
347.2
375.0
483.6
662.9
612.5
275.1
540.8
553.5
403.0
515.1
212.0
323.8
362.0
473.0
299.9
393.3
351.2
252.3
287.1
702.5
468.5
833.7
544.2
410.2
757.4
663.8
371.4
441.4
498.0
352.4
357.7
593.1
659.6
769.4
431.7
385.3
572.9
550.5
411.1
260.5
441.4
415.8
433.1
972.8
546.0
440.6
308.3
190.1
460.0
498.6
443.3
448.0
542.0
499.1
712.1
325.5
497.7
288.9
635.2
423.5
632.5
464.3
495.6
510.1
196.5
705.0
471.8
447.4
475.5
475.9
652.8
372.9
308.4
469.6
266.4
394.5
560.6
334.2
344.9
378.2
482.0
545.9
346.5
350.2
616.7
426.4
519.7
591.4
429.9
820.9
780.0
467.5
747.3
686.2
415.8
732.8
780.7
663.1
381.8
631.9
754.5
241.2
632.6
523.8
333.8
233.6
461.6
175.9
707.6
283.9
408.0
408.5
464.7
659.6
351.5
148.5
619.8
458.7
549.6
430.9
684.6
625.2
287.1
695.3
635.5
323.1
297.1
543.0
492.9
628.1
557.0
517.2
543.4
607.3
524.2
428.4
432.9
314.2
347.2
693.8
589.0
385.7
683.4
295.8
383.9
430.1
399.2
375.5
529.4
577.3
227.9
344.7
382.4
0.0
855.3
253.3
503.3
442.6
637.4
391.0
248.8
382.9
382.2
516.3
473.5
602.3
506.8
118.2
588.4
349.6
457.0
711.1
290.5
402.0
548.5
466.3
457.9
583.7
842.0
724.1
441.0
466.0
85.06
693.3
199.2
492.0
549.7
677.1
354.4
589.5
606.2
275.4
255.1
647.8
446.6
603.8
591.0
459.5
524.8
552.3
779.2
445.4
611.7
343.6
593.8
752.4
458.5
747.1
506.1
292.7
549.7
678.4
306.0
304.4
505.7
618.5
360.8
728.8
426.9
602.7
378.3
289.4
755.5
430.9
562.1
295.5
567.4
533.3
157.9
633.2
560.0
529.2
488.1
643.6
392.9
421.9
228.5
517.1
272.9
435.6
489.4
297.1
748.1
350.9
651.0
493.4
586.7
436.2
737.1
323.2
657.1
233.6
710.1
380.5
567.8
302.0
702.2
230.3
403.8
460.1
219.8
385.7
455.2
401.1
501.2
252.8
401.3
548.2
174.9
468.3
748.8
397.6
711.9
416.6
522.2
369.9
523.6
726.5
544.3
265.9
545.8
721.4
466.1
336.2
529.2
579.3
526.8
791.3
204.0
418.4
655.1
457.5
695.3
325.7
680.6
508.8
508.5
706.8
276.9
443.7
113.8
211.2
585.4
669.1
508.6
493.2
339.5
351.9
245.9
792.4
500.8
467.7
751.7
481.2
487.9
509.5
472.4
565.2
860.6
639.9
444.7
336.0
416.7
596.3
731.4
453.8
649.7
314.6
484.8
372.3
688.2
507.1
333.5
610.2
181.8
419.7
361.4
487.1
439.9
589.4
184.9
575.7
825.0
611.6
726.7
357.8
928.8
561.7
602.2
575.7
408.1
743.4
317.4
317.6
402.5
196.1
546.0
700.5
384.9
299.0
233.1
534.8
411.3
520.6
338.6
248.3
432.8
404.6
498.1
292.1
554.9
318.7
425.8
450.6
315.5
733.1
358.7
809.1
380.9
402.1
500.5
638.2
309.1
410.9
416.3
230.9
257.8
563.1
259.7
529.9
354.9
578.2
403.3
372.0
733.1
551.2
299.0
834.7
494.1
603.8
495.8
438.8
529.1
329.2
328.5
388.5
384.3
429.9
463.7
40.15
411.1
424.3
573.8
253.2
568.5
545.8
638.5
626.2
720.4
585.0
357.8
464.3
423.7
522.6
829.7
358.3
216.5
609.2
424.1
272.5
509.6
663.2
663.7
657.7
180.2
630.0
529.0
773.6
316.7
365.7
288.6
507.7
577.9
474.4
654.1
154.0
519.9
481.5
536.1
801.5
306.6
493.8
250.3
403.8
784.4
621.4
569.8
634.7
269.8
374.4
468.4
456.7
353.2
735.5
488.4
358.9
603.7
313.5
428.0
414.0
563.4
1.074e+03
598.9
186.6
626.1
425.6
395.9
544.5
313.0
473.5
0.0
260.4
75.46
413.7
48.89
397.9
546.3
309.3
555.0
110.7
532.4
291.3
856.3
725.0
593.2
556.7
308.3
493.8
427.8
496.7
520.8
489.2
377.7
524.8
529.0
661.5
0.0
750.3
464.1
823.7
398.0
768.6
735.6
285.8
470.2
316.4
556.7
442.4
567.9
268.5
383.9
675.1
503.4
736.4
305.3
245.5
232.8
251.7
553.4
621.8
357.9
412.6
256.1
490.8
834.4
467.5
293.4
260.6
417.5
271.1
396.7
623.3
326.1
844.1
424.4
444.5
325.0
514.7
656.9
465.7
311.5
671.4
327.3
445.8
448.1
779.4
384.1
631.7
205.9
629.3
446.1
579.5
317.5
476.7
628.7
560.4
403.7
684.2
538.6
338.8
410.5
445.7
360.2
326.7
595.0
508.2
548.2
235.8
728.7
559.9
431.4
370.0
842.6
766.3
410.9
666.2
704.7
0.0
582.0
583.0
430.6
690.4
886.8
352.2
468.7
307.3
410.1
643.3
189.6
115.7
563.5
285.6
797.8
210.3
289.8
308.6
361.7
397.3
594.6
644.9
260.1
468.8
743.3
656.2
226.4
269.9
562.1
298.0
817.7
705.2
527.9
475.7
161.1
247.2
544.9
865.4
698.9
411.8
739.8
567.8
0.0
532.9
518.2
485.7
725.0
501.2
445.9
805.5
217.2
550.1
701.0
537.1
574.9
321.2
368.5
640.9
334.8
360.5
594.5
820.7
518.7
524.5
480.9
676.1
617.7
564.0
645.6
365.2
478.9
260.7
504.0
592.2
424.7
736.0
519.6
453.9
386.3
366.1
575.1
457.1
396.8
376.3
565.4
510.8
255.4
501.9
641.4
318.6
410.7
332.8
571.0
404.9
185.5
490.6
654.4
558.8
689.5
535.3
669.6
513.1
227.3
547.0
763.7
494.7
791.9
167.5
364.2
543.8
589.3
586.7
631.3
489.4
464.2
556.6
214.8
696.9
616.5
357.3
483.5
537.2
469.1
603.7
572.1
401.3
384.5
224.0
765.7
497.3
511.8
654.4
811.8
302.1
196.5
476.9
379.4
267.1
377.5
405.3
506.8
670.3
788.9
502.0
977.5
474.8
484.3
558.4
295.5
789.0
434.3
328.9
913.4
793.4
248.7
482.5
382.0
322.1
648.7
455.1
186.9
729.7
369.7
509.6
638.5
340.4
379.8
584.1
442.0
250.6
585.5
283.5
231.5
467.8
198.7
450.6
500.4
368.8
410.8
584.1
356.5
600.8
512.7
862.4
623.5
237.9
451.6
544.7
373.9
676.9
505.2
544.0
226.0
190.4
187.3
81.77
425.4
417.6
265.6
487.4
375.7
666.5
290.2
628.4
343.7
421.2
486.9
318.5
767.0
499.2
701.7
598.0
443.8
732.6
516.3
629.1
368.4
312.5
676.1
435.8
369.9
828.3
730.8
410.1
300.3
725.4
319.2
382.0
650.0
368.4
488.0
585.5
675.8
631.1
365.5
360.8
326.5
542.1
198.1
542.1
326.8
367.1
536.8
470.4
297.3
635.8
251.9
315.2
413.2
605.1
751.6
237.1
471.2
520.9
608.0
275.3
482.2
719.0
733.2
786.2
284.7
487.0
339.6
721.1
569.0
704.6
352.4
698.3
0.0
549.1
203.1
236.4
419.2
268.8
460.9
510.4
559.2
659.9
320.9
482.7
821.0
490.0
638.9
532.6
523.8
233.7
269.8
278.9
345.4
340.5
775.6
653.5
774.0
458.4
243.5
201.4
415.4
492.1
307.5
775.1
147.8
721.7
578.4
375.3
609.0
499.8
413.8
185.5
646.0
838.6
359.9
514.4
389.6
427.4
325.9
452.9
657.1
850.3
628.9
799.0
454.1
277.2
528.8
502.9
333.8
933.8
476.1
315.8
497.5
270.0
684.7
448.6
668.9
832.6
436.6
412.9
512.4
441.7
255.1
372.4
608.8
605.4
371.9
569.9
341.3
341.6
455.3
390.8
362.1
415.6
616.6
0.0
477.8
644.3
544.6
482.8
455.8
738.8
462.7
504.2
529.5
183.9
507.9
463.6
616.0
237.8
739.6
372.4
467.2
582.7
326.9
224.3
573.2
435.0
0.0
992.5
497.6
381.6
686.7
398.9
460.0
582.9
690.8
504.0
470.9
248.2
189.4
608.8
198.4
623.6
468.3
284.2
651.9
0.0
427.5
849.2
673.0
525.2
595.7
615.2
575.3
776.7
185.5
517.7
428.1
528.4
319.3
972.4
401.7
648.6
724.1
642.5
634.9
204.6
286.2
519.1
398.7
0.0
639.2
544.3
367.0
497.9
659.6
491.9
525.0
720.6
854.7
435.4
733.6
877.9
786.0
323.6
719.6
603.9
0.0
375.7
352.2
460.6
693.3
790.7
227.4
551.6
412.0
436.3
311.1
1.138e+03
422.0
695.8
259.2
264.1
493.8
459.6
582.0
487.3
531.6
795.3
718.9
444.2
459.4
348.7
608.5
236.7
546.8
251.9
524.5
720.7
178.2
555.1
115.4
399.9
660.7
537.1
562.2
317.1
392.0
476.7
743.6
531.6
641.3
372.7
721.3
349.7
269.0
623.3
335.4
342.5
663.5
334.4
599.5
58.37
222.4
292.7
496.2
385.4
621.9
372.0
587.4
647.1
289.2
399.6
327.7
360.8
35.91
229.7
464.2
499.9
383.0
397.6
364.7
324.0
147.8
248.7
352.0
365.2
674.0
630.4
623.6
671.2
706.5
524.8
708.7
881.5
222.9
506.5
577.3
650.6
346.0
692.8
655.2
589.4
592.3
208.0
573.0
487.3
422.0
456.6
574.3
480.0
608.9
529.3
778.6
652.6
538.9
495.4
655.8
447.4
548.9
778.6
198.5
680.8
473.7
643.6
596.7
410.8
395.1
500.6
548.9
430.5
280.6
797.7
692.1
343.5
558.4
469.7
815.0
471.7
441.1
507.3
586.9
363.8
242.4
354.3
770.3
393.0
351.3
652.9
637.8
476.4
526.4
316.8
596.3
847.7
501.3
627.5
752.1
541.6
619.0
634.3
350.0
211.3
864.0
396.4
504.2
204.0
766.3
716.5
379.0
177.4
330.6
349.8
764.9
370.6
529.6
0.0
707.6
406.9
498.6
149.1
678.6
618.4
559.9
411.3
414.6
455.7
495.9
730.0
623.9
462.6
642.4
730.6
393.8
539.3
723.6
770.8
729.5
571.2
529.2
529.4
381.2
404.1
310.5
345.3
560.3
414.9
729.5
362.0
270.4
428.5
438.8
872.7
884.4
271.2
686.8
443.5
507.7
682.3
699.3
408.7
733.3
451.3
448.1
296.5
543.7
429.0
517.4
492.7
960.3
280.1
956.2
366.0
289.5
579.6
594.3
809.8
393.4
58.37
432.9
437.3
277.9
222.3
213.3
484.7
390.4
721.3
255.1
363.8
547.7
482.4
293.2
477.9
842.0
402.2
399.9
169.1
638.0
454.1
396.3
299.5
277.6
548.5
333.7
432.5
308.8
388.8
527.9
580.8
617.0
567.6
627.8
317.3
306.4
435.6
268.6
640.8
641.4
679.8
821.5
675.1
716.1
279.1
386.5
744.7
399.9
648.2
450.3
541.1
637.7
412.7
324.8
249.7
381.5
684.2
725.6
592.6
778.2
993.9
0.0
437.0
453.9
501.7
320.1
513.1
682.4
295.6
136.5
468.9
836.1
525.4
265.1
853.3
512.1
584.0
963.2
75.46
775.4
532.5
497.5
502.3
332.4
269.9
679.0
798.9
665.4
392.1
208.0
387.9
657.6
874.0
251.8
204.0
556.2
344.0
472.5
312.4
246.8
749.1
402.5
330.4
465.2
316.1
298.5
676.7
636.3
709.0
358.5
251.8
253.6
364.2
482.9
722.8
586.2
422.6
356.5
273.2
433.6
354.4
523.6
406.7
207.5
343.2
695.3
739.9
619.8
803.9
263.6
419.5
431.5
810.4
620.6
866.3
326.9
733.9
398.8
282.2
84.01
302.6
807.4
650.8
461.4
782.3
523.8
356.3
281.0
680.3
161.1
449.4
625.5
425.9
412.0
472.0
161.1
568.6
529.1
752.2
791.5
636.5
239.4
521.6
828.6
708.7
654.9
568.5
384.7
323.9
201.5
263.6
532.0
543.7
719.6
326.8
499.9
703.5
520.9
657.4
802.4
371.9
431.7
206.8
435.2
420.8
503.6
618.0
743.5
398.6
770.0
543.7
308.4
396.7
603.0
190.9
360.6
648.7
267.5
454.5
218.3
656.8
263.1
1.013e+03
675.1
0.0
434.3
242.1
285.9
530.3
370.9
256.5
275.9
317.3
643.8
576.9
421.4
306.4
482.0
524.7
364.0
172.8
701.4
681.3
421.2
317.6
553.8
901.7
248.0
242.0
511.7
459.0
738.0
654.4
439.5
680.0
703.5
802.2
410.1
671.2
622.3
638.2
736.7
467.2
606.1
499.1
244.9
707.4
364.0
813.4
344.6
372.6
483.6
0.0
219.6
553.6
350.5
407.1
758.2
349.5
552.8
543.4
987.2
591.2
292.7
563.1
459.5
668.8
494.2
221.2
736.0
178.0
544.1
142.3
140.7
739.5
535.3
911.0
388.7
346.4
206.5
569.7
210.6
337.9
475.5
581.8
417.6
380.3
819.9
673.7
911.8
416.8
543.4
427.4
787.3
533.7
754.4
678.9
506.8
349.6
745.2
406.4
317.6
880.5
662.4
299.5
0.0
252.9
188.4
315.8
0.0
356.7
349.8
0.0
340.5
299.7
431.2
185.8
193.3
4.055e-05
281.4
419.6
381.5
304.8
466.0
375.1
259.2
348.0
478.1
374.6
369.0
376.8
484.6
390.2
325.1
462.6
206.8
456.1
398.2
411.7
476.0
422.0
295.9
470.8
555.8
495.0
474.8
491.3
402.9
375.5
462.2
338.2
456.6
504.8
499.7
494.1
558.5
429.9
471.1
456.4
325.0
606.9
735.6
209.0
458.7
417.6
490.8
553.6
531.4
395.0
681.7
622.3
618.8
708.4
515.6
802.9
801.8
625.1
694.3
610.2
433.0
527.4
570.8
779.3
519.7
395.1
525.1
484.8
746.4
663.4
546.6
501.5
427.1
778.9
691.0
630.8
651.0
790.1
589.5
626.4
633.2
777.9
231.5
147.8
122.8
227.5
354.3
331.3
100.2
316.9
351.0
494.2
100.2
184.0
337.8
372.7
277.4
333.2
468.7
411.4
323.4
504.2
391.6
415.5
337.1
380.1
463.8
404.5
496.0
458.9
485.7
540.5
405.9
456.7
464.0
353.8
403.3
432.8
427.8
334.0
484.2
694.3
340.0
511.8
387.9
474.9
466.7
443.1
391.5
720.7
565.8
677.5
534.4
655.5
655.1
752.2
697.3
734.6
589.9
314.8
638.4
569.8
654.3
679.8
520.9
776.3
526.8
632.8
610.6
722.6
751.2
673.7
483.5
629.3
755.3
702.2
848.8
626.7
646.5
707.6
624.4
866.6
516.8
658.7
636.2
637.7
751.0
599.6
724.9
799.3
866.9
949.6
665.0
678.5
657.2
696.8
493.2
843.3
1.006e+03
635.5
742.4
988.4
