1.985
2.299
2.382
1.088
1.784
1.374
1.11
0.8903
0.3649
2.746
2.725
3.357
0.7928
1.975
2.161
1.44
2.104
2.867
2.362
2.224
1.271
1.91
1.789
0.7206
1.293
1.518
1.541
2.2
1.988
2.974
0.9645
1.185
1.168
1.278
1.408
2.061
2.812
1.709
2.133
1.258
2.197
0.9596
2.56
2.786
2.751
2.593
1.043
1.717
2.949
1.943
1.729
1.322
3.064
1.453
2.338
1.342
1.373
1.238
0.6915
1.371
2.681
1.056
2.246
0.9286
2.724
1.386
1.379
1.46
2.794
3.229
2.862
2.806
2.07
4.304
2.993
2.889
1.528
1.426
1.323
2.321
2.183
1.169
2.397
1.01
1.31
2.704
1.391
2.297
2.533
4.296
2.744
1.251
2.7
1.663
1.931
1.341
1.366
2.276
3.082
3.072
2.296
1.396
1.582
1.468
1.166
4.35
1.607
1.48
1.103
2.535
1.01
2.031
3.105
2.007
1.723
2.051
0.8686
1.712
1.473
1.037
1.341
3.329
7.802
1.733
1.627
1.582
2.609
1.294
2.515
2.16
1.537
3.081
0.9678
1.361
0.877
1.199
0.8259
2.992
2.7
3.367
1.476
1.467
0.7366
0.5483
1.684
2.631
1.598
1.114
1.486
1.035
2.523
1.421
1.159
3.272
2.013
2.369
2.992
2.757
1.751
4.245
2.705
1.847
0.9318
2.535
1.007
2.162
1.431
1.725
1.423
2.25
2.059
1.985
1.657
1.303
1.177
0.8096
2.405
2.375
2.356
1.042
0.9386
1.383
1.074
0.9887
3.446
1.244
3.454
1.11
1.447
2.567
1.156
2.56
2.926
2.07
2.73
0.8799
1.043
1.344
3.752
1.222
2.532
2.26
2.246
1.561
1.023
1.974
1.457
3.155
1.545
1.33
1.186
2.265
2.683
2.651
3.224
2.061
1.632
1.183
1.834
1.024
1.528
2.664
1.131
1.471
0.9595
1.64
2.965
3.715
1.335
1.292
0.806
1.946
1.233
2.652
2.801
1.17
1.134
1.059
2.173
1.57
2.289
1.299
0.8497
1.99
1.162
4.809
2.09
1.24
1.387
1.065
1.028
3.149
1.198
3.201
0.9325
3.022
1.162
1.349
1.442
1.489
1.01
2.392
1.158
1.172
1.586
2.842
0.862
0.9943
1.623
1.865
2.952
3.056
1.658
1.082
2.38
1.07
1.79
0.9649
2.802
1.063
1.972
1.053
2.2
1.879
2.168
2.57
1.93
0.9171
1.22
2.581
1.511
2.239
1.271
0.9357
1.034
1.001
1.121
1.086
0.9639
2.215
0.814
1.898
1.283
1.559
1.694
2.441
2.04
1.339
3.443
1.173
2.831
1.775
1.532
1.549
3.179
1.261
2.202
1.217
1.007
2.823
2.381
1.934
1.373
0.8213
1.955
3.396
1.281
2.278
2.63
1.71
1.897
2.685
1.219
2.548
1.273
1.474
2.002
1.028
3.489
2.759
1.138
1.422
1.824
1.765
1.445
1.106
1.427
1.892
1.257
1.064
1.262
2.268
1.291
1.032
2.637
3.07
3.017
1.178
0.7351
2.858
1.216
1.503
1.74
1.178
2.564
1.68
0.8769
1.306
2.482
1.126
2.434
1.298
3.122
4.198
0.9728
2.076
1.599
1.685
2.03
0.9614
1.034
1.235
2.034
2.467
1.18
1.302
3.045
3.573
1.739
1.563
2.272
1.561
1.297
2.45
2.595
2.731
0.6789
1.652
2.241
1.457
0.9954
1.332
1.062
1.352
3.421
1.068
1.384
2.692
1.013
2.06
2.18
1.1
3.159
1.39
1.409
2.115
0.9819
1.25
1.072
1.323
1.548
1.522
1.708
0.9785
2.69
1.573
1.896
0.9106
2.732
3.198
1.804
1.513
1.61
1.844
3.578
2.807
1.794
0.8765
1.748
0.9538
1.768
1.139
1.979
2.327
2.049
2.544
1.683
1.534
2.172
1.265
2.053
2.305
1.149
2.975
2.64
1.708
1.692
1.583
2.957
0.945
1.19
2.399
2.332
1.788
3.478
0.05751
1.278
1.728
1.992
0.7797
2.144
2.357
1.362
2.425
1.193
2.427
1.404
2.503
1.06
2.631
3.257
2.5
1.201
0.9305
1.139
1.861
2.602
1.051
1.374
1.263
0.9741
1.965
1.522
2.755
1.023
1.146
1.262
1.347
1.417
2.496
1.119
1.227
1.538
1.792
1.61
0.9161
3.212
2.301
1.731
1.579
1.253
3.236
1.403
0.8774
2.283
3.05
1.216
3.011
1.351
1.452
1.099
1.274
0.9889
1.704
2.467
1.334
2.396
1.539
1.989
2.626
2.854
1.366
0.9657
2.18
0.91
1.365
1.847
1.285
2.034
0.983
1.498
1.655
1.553
1.039
1.258
1.333
1.296
1.212
2.758
2.309
1.87
1.831
1.512
3.127
1.728
1.123
2.254
1.467
2.422
1.439
2.073
1.411
3.047
2.501
2.874
2.25
1.03
1.357
0.9839
1.576
2.072
1.906
0.9374
1.745
2.249
2.607
2.518
2.619
2.058
3.47
1.79
1.333
1.991
1.493
1.425
0.9725
2.181
1.832
3.166
3.308
2.819
1.727
2.536
1.177
1.01
1.338
1.448
1.333
1.83
3.599
0.839
1.755
1.71
1.321
1.152
2.086
1.414
1.915
1.236
0.7766
0.8297
1.192
0.9948
0.8623
2.385
1.445
1.598
1.637
1.261
1.292
1.244
1.779
2.73
1.454
2.387
2.333
1.067
3.468
2.501
1.75
1.435
2.68
1.718
1.187
2.579
1.541
2.753
1.082
1.731
2.332
2.707
3.48
1.879
1.098
3.464
3.045
2.271
2.514
3.348
1.24
1.139
2.024
2.185
0.9537
1.459
0.9192
1.483
2.623
2.517
1.574
1.603
1.152
1.405
1.267
2.308
3.167
1.538
3.805
2.055
1.598
0.7334
2.717
1.903
3.759
4.333
1.346
2.672
1.352
1.283
1.615
2.461
2.115
1.286
1.223
2.205
1.233
1.128
1.768
1.83
2.237
2.261
1.846
4.175
1.903
2.008
2.29
2.431
4.152
1.779
1.579
1.36
1.553
2.445
1.076
1.272
1.009
1.121
3.272
1.162
0.9645
2.345
2.099
1.37
1.733
2.27
1.021
0.8656
1.726
1.406
3.151
1.324
1.254
2.3
2.264
2.651
2.158
1.899
1.251
2.789
1.665
1.134
1.159
1.301
0.6107
1.308
2.396
1.001
2.155
2.648
1.155
1.026
1.356
1.275
1.074
2.711
2.259
2.309
1.406
2.578
0.8734
1.421
2.735
1.287
1.701
2.493
2.499
1.876
3.107
1.572
2.953
2.44
2.037
0.9154
0.8674
1.339
0.7243
1.351
2.793
2.762
1.408
2.732
1.342
1.771
1.495
2.81
1.108
1.135
1.368
1.655
1.002
1.91
1.164
1.995
1.009
2.242
1.698
1.981
1.842
3.749
2.108
3.547
2.618
3.261
3.095
4.075
2.828
1.251
2.303
3.222
2.788
1.484
2.711
2.607
1.921
1.686
2.034
1.627
1.421
1.815
1.555
2.113
2.052
0.8494
1.88
0.9599
1.768
1.19
3.061
1.065
2.057
1.831
0.9043
2.34
1.602
1.332
1.929
2.96
1.213
2.084
1.779
1.091
2.997
1.22
2.443
1.761
3.143
0.914
2.752
1.06
1.839
1.282
2.659
1.933
1.007
1.425
1.436
2.852
2.7
1.927
2.611
0.9418
2.38
2.592
1.359
2.038
1.156
0.9047
1.521
1.492
1.07
1.09
1.615
2.198
1.283
2.164
1.019
2.062
0.8828
2.468
1.339
1.415
0.9933
1.059
1.971
4.247
3.145
1.089
1.45
1.661
1.288
2.911
1.329
1.039
1.646
0.9958
1.114
2.123
1.359
1.213
1.303
2.147
1.154
1.601
2.437
2.377
1.254
1.774
1.349
2.512
2.405
1.281
2.715
1.395
1.318
1.668
2.402
2.4
2.426
2.285
1.747
2.826
1.748
2.632
1.692
1.389
1.061
1.537
1.26
1.215
1.706
0.8419
0.9845
1.174
3.264
2.882
2.987
1.891
1.973
3.137
2.31
1.828
2.642
1.068
1.411
1.585
1.214
1.082
2.636
1.357
1.274
0.9969
3.458
2.451
2.441
3.593
2.224
1.944
1.485
0.8531
3.051
2.034
2.324
1.585
1.36
1.015
1.412
2.773
1.926
1.403
2.232
0.8027
1.12
2.5
2.877
1.731
0.9315
1.843
1.798
3.233
1.852
1.717
2.501
0.9376
1.218
1.198
2.458
1.476
0.7999
2.529
1.034
1.086
1.006
2.763
0.8678
1.145
0.8755
2.628
0.9756
0.9662
1.748
2.175
3.33
2.113
2.825
1.828
1.761
2.854
2.689
2.935
1.462
3.942
2.45
1.287
4.466
1.621
1.676
2.294
2.506
2.164
1.059
1.71
2.636
2.96
1.14
1.138
3.136
2.011
1.699
1.19
3.344
0.8668
1.129
2.566
3.42
2.96
3.333
1.453
2.886
2.772
1.361
2.356
1.016
3.032
1.331
1.094
2.173
2.61
1.239
2.776
0.9477
1.693
1.785
1.343
2.629
1.372
1.625
2.176
1.213
0.8651
1.419
1.446
2.052
0.9676
0.9877
2.234
2.303
2.102
1.87
2.254
1.394
4.215
1.549
2.178
2.715
0.9006
1.191
1.196
1.092
1.282
0.8116
1.771
1.988
2.1
1.352
0.8518
2.831
1.52
2.128
1.874
1.99
2.636
2.315
1.525
0.9649
2.32
1.098
2.512
1.627
2.04
2.473
2.793
3.33
1.23
2.153
1.048
2.299
1.1
1.351
1.372
2.921
0.8879
1.618
1.735
1.489
1.056
1.608
1.141
1.36
1.884
2.642
1.701
3.024
1.867
2.454
2.14
2.441
3.458
0.8471
1.085
1.412
1.446
1.224
1.241
1.307
2.846
2.988
2.876
2.588
0.9654
1.093
0.8592
2.639
2.183
2.749
2.225
1.247
1.024
3.825
2.015
1.539
2.591
1.42
2.857
1.321
1.055
1.09
1.804
1.519
1.242
1.689
2.231
1.979
1.032
1.288
1.626
1.021
0.8267
1.994
2.852
1.442
1.242
1.777
1.881
1.677
1.383
1.469
1.132
1.965
1.653
1.019
1.526
1.273
1.117
1.614
1.312
3.049
1.344
1.309
3.543
2.373
1.483
0.8383
2.169
2.257
1.24
1.287
1.556
2.012
1.26
1.777
1.387
2.173
1.058
3.753
1.189
0.9779
2.075
1.148
1.168
3.63
1.647
1.523
0.9402
2.656
2.096
1.154
3.775
1.08
1.14
1.658
1.197
3.029
1.24
1.036
0.9469
1.693
1.39
0.7863
2.608
1.368
1.841
3.598
1.463
1.445
3.066
3.148
1.57
2.457
1.359
1.419
1.394
1.073
1.463
1.156
2.974
2.488
2.148
1.945
2.983
1.337
3.176
2.653
2.079
2.144
1.801
3.454
2.107
2.824
1.827
2.83
0.919
1.72
1.414
1.581
0.9791
2.062
0.9898
3.623
3.265
3.286
1.82
0.9975
1.391
3.18
1.255
2.799
2.549
2.226
0.8349
1.77
1.336
0.7827
3.185
0.8306
1.992
1.53
3.108
1.365
1.527
1.134
1.799
2.1
2.388
2.569
2.476
2.606
2.24
0.995
2.46
1.133
2.016
2.75
1.899
1.612
2.465
1.699
1.058
2.748
1.368
1.076
2.146
0.9823
1.448
1.281
1.957
1.448
1.102
1.504
1.985
2.367
0.9286
2.172
1.012
0.9685
1.196
1.124
1.054
2.67
2.184
4.21
1.798
2.79
1.874
1.603
2.681
2.157
2.139
1.148
2.825
1.323
2.76
1.046
3.245
1.892
1.169
1.895
0.7453
1.26
4.391
2.161
2.547
2.397
2.284
2.76
4.205
3.043
0.9533
1.396
1.056
2.504
2.01
1.53
1.268
2.001
2.817
1.937
1.87
1.169
3.147
1.277
0.6877
3.042
1.611
2.572
1.488
0.8501
0.8934
1.205
0.866
1.845
1.746
2.058
1.073
1.997
1.505
1.302
2.435
1.797
1.538
3.823
2.889
2.551
2.806
2.146
1.83
1.08
1.534
1.091
2.502
1.44
1.643
1.111
0.5831
1.881
2.857
3.265
2.119
1.102
1.944
1.482
0.8588
2.282
1.17
1.915
2.058
2.098
2.647
1.551
1.776
1.878
1.186
2.639
1.648
1.168
1.847
2.198
1.93
2.741
2.651
1.821
0.869
1.676
1.019
2.027
2.431
1.752
0.9518
2.218
2.354
2.686
2.209
0.833
1.335
3.003
1.436
1.508
3.091
1.561
0.09733
0.9514
2.119
2.995
3.137
2.264
1.893
2.243
1.693
1.804
2.776
0.9565
1.365
2.034
2.478
1.638
0.9895
2.802
1.495
1.707
1.788
1.081
2.853
1.86
1.03
4.265
3.854
2.654
1.628
1.266
2.648
1.133
1.415
1.021
1.182
1.267
2.616
1.736
1.376
2.091
2.406
2.414
2.527
2.135
2.84
1.706
1.269
1.004
3.312
0.9166
2.64
1.392
1.516
3.405
2.973
1.055
1.338
2.773
1.442
1.193
2.324
1.437
2.242
1.324
2.637
1.664
1.096
3.537
3.953
2.151
2.128
2.255
2.278
1.698
0.7223
1.216
1.246
1.03
0.8522
1.963
2.106
2.02
2.485
3.703
1.803
1.073
1.913
1.562
2.366
1.485
1.77
1.854
1.143
1.35
1.195
4.076
1.198
1.195
1.027
1.424
1.203
1.654
2.453
0.999
1.913
2.152
1.293
1.762
0.7945
1.011
1.432
0.8972
1.309
2.234
2.23
1.783
1.268
1.365
2.363
1.795
1.063
2.181
2.339
0.6974
1.004
2.693
1.085
1.573
1.128
1.941
2.24
3.279
2.456
3.154
