203.3
433.7
377.6
282.1
355.7
563.5
424.5
298.5
211.0
424.1
364.7
454.3
323.9
421.6
285.8
466.4
429.7
364.2
342.7
364.5
310.2
341.5
400.0
229.1
343.5
256.1
438.4
270.0
329.4
330.2
513.5
416.0
296.1
452.0
276.6
443.0
186.4
410.5
284.8
344.2
349.0
307.0
315.9
350.3
439.2
424.1
542.7
443.2
369.6
415.8
458.1
485.1
282.6
301.9
339.2
305.2
262.9
253.8
190.3
354.1
353.6
381.6
351.4
221.3
467.4
481.1
134.7
365.6
352.5
440.9
321.6
359.8
516.5
404.7
426.1
464.0
196.3
324.8
372.7
388.1
432.6
330.7
323.2
334.1
272.5
286.7
343.0
298.4
345.9
368.2
492.2
447.0
446.9
289.5
427.4
372.9
329.8
305.7
444.1
558.7
356.4
175.1
182.7
383.7
378.1
416.1
272.3
149.0
498.1
266.2
473.0
420.2
283.2
394.0
672.9
394.6
455.8
321.6
386.1
319.2
418.8
508.4
341.4
324.1
461.8
347.9
363.9
211.2
353.0
483.8
308.9
283.5
278.8
420.5
425.9
404.3
174.9
261.2
369.3
442.0
329.3
515.8
447.2
100.1
307.0
307.0
429.7
599.0
285.4
348.2
185.8
142.4
218.4
233.2
209.9
246.5
374.6
362.2
368.6
343.2
190.8
494.0
284.0
268.3
167.2
523.4
361.7
426.3
405.3
377.8
329.6
298.6
286.5
649.2
370.1
163.7
319.8
401.7
213.7
245.0
498.7
415.7
694.6
465.2
201.7
537.6
658.4
575.0
335.7
328.2
476.5
336.2
356.3
630.2
435.0
403.7
338.5
464.0
334.3
282.0
172.1
316.7
506.7
350.0
526.0
232.2
203.2
321.0
258.0
411.1
518.3
274.3
551.0
431.6
328.2
357.0
673.7
363.6
560.2
438.1
584.7
273.6
603.1
338.2
412.8
427.5
391.3
348.2
292.8
538.5
464.0
368.4
330.2
270.6
405.1
411.9
419.0
541.1
366.2
372.4
447.8
272.1
482.2
395.6
388.9
440.1
287.4
209.4
425.5
177.8
451.6
303.0
253.8
207.1
591.3
416.5
74.67
186.9
620.5
234.3
485.9
68.86
696.3
275.9
439.0
411.2
465.4
369.7
367.9
159.4
459.3
404.3
289.7
524.9
619.3
444.2
525.4
240.3
469.4
206.6
277.9
387.0
499.1
391.3
189.8
370.3
453.2
537.1
463.9
369.0
395.2
662.6
241.0
439.7
363.2
387.2
323.6
453.4
707.7
301.9
450.5
324.0
369.2
405.5
220.6
420.3
434.5
344.3
430.3
539.7
377.9
256.3
162.5
448.3
406.0
407.2
307.6
524.5
441.4
389.0
338.6
377.6
461.5
504.9
417.0
312.0
245.1
365.8
619.1
532.1
472.4
435.9
242.5
222.5
245.0
375.2
254.4
288.8
358.5
433.1
308.8
494.7
329.1
413.6
480.4
274.6
370.7
464.0
350.1
232.9
383.6
456.0
265.3
487.9
324.6
338.6
388.2
519.4
461.3
250.4
276.6
410.6
540.4
213.2
423.3
295.8
646.5
432.3
204.6
244.2
498.4
400.6
289.5
535.5
400.3
283.0
440.0
215.6
299.1
431.0
302.0
276.3
391.7
200.8
430.8
281.5
243.8
355.4
260.8
204.4
440.4
410.5
594.8
283.1
419.9
224.7
180.4
458.3
536.9
333.8
571.5
154.7
301.1
305.5
241.9
424.6
569.3
489.3
487.7
344.8
328.1
381.5
346.4
430.8
217.4
460.7
309.3
388.1
314.0
368.9
371.4
444.4
388.6
325.9
338.6
347.4
319.9
211.0
201.9
458.5
358.1
205.2
188.4
497.9
247.7
241.6
563.5
472.2
253.1
389.8
365.4
245.1
294.4
327.4
276.4
338.3
354.2
317.5
303.1
345.5
399.8
446.9
277.8
500.1
281.9
428.1
577.1
362.6
357.4
542.8
438.2
510.0
784.5
560.3
447.5
257.2
269.6
527.7
353.2
502.7
485.5
240.9
345.6
411.4
515.6
307.3
343.4
343.5
451.2
488.7
669.5
366.0
299.9
340.3
482.9
328.1
393.8
346.8
292.8
478.1
453.9
311.8
364.1
187.6
583.3
426.4
424.3
262.7
557.7
288.6
55.2
397.9
226.9
320.4
730.0
425.6
260.1
290.7
386.8
407.3
286.2
541.6
357.2
542.8
468.7
319.1
237.1
324.3
510.6
294.5
494.9
375.8
636.5
243.9
492.4
312.9
281.9
343.4
315.5
532.8
201.5
578.9
338.4
411.8
295.3
316.6
207.3
363.9
591.0
350.7
251.5
206.4
471.2
390.3
446.9
386.5
277.0
311.9
417.5
284.0
376.9
311.1
268.8
394.0
423.8
353.9
242.8
432.5
354.4
496.5
392.5
417.8
331.8
346.5
415.1
387.7
438.0
454.7
260.7
275.1
310.9
280.4
256.0
272.2
333.4
198.1
356.5
454.9
311.3
440.8
208.4
378.1
338.7
389.1
570.3
265.7
472.7
543.3
277.8
398.9
246.6
356.1
318.8
288.5
402.5
567.2
299.1
503.4
550.4
424.7
264.2
530.8
271.3
544.4
473.9
625.6
533.1
375.0
333.6
355.9
442.2
422.7
207.4
256.9
101.3
407.2
392.7
593.0
344.7
358.0
250.6
243.2
300.9
406.8
559.1
317.8
471.2
427.6
241.9
206.7
237.2
405.3
100.1
323.6
354.7
388.6
416.3
223.6
301.9
337.7
464.5
379.0
417.5
459.1
226.2
189.7
410.7
367.1
436.5
521.5
617.4
322.6
437.0
541.1
207.1
394.5
321.3
202.2
487.1
395.3
410.8
478.7
539.9
337.3
264.8
471.2
374.9
433.4
290.5
368.5
424.4
545.0
312.8
271.2
580.7
338.5
300.1
262.9
369.2
294.6
539.8
379.5
368.5
395.5
308.3
477.9
393.7
333.3
338.0
548.2
420.9
581.8
306.3
241.5
557.8
432.2
225.4
350.6
391.3
421.6
514.9
370.3
538.2
486.9
361.3
337.7
377.0
417.1
297.5
504.4
395.0
383.5
400.6
346.7
200.7
492.8
352.4
345.5
278.4
240.9
403.1
345.2
381.2
468.6
317.6
247.1
373.1
316.1
336.4
284.5
497.1
426.4
582.2
469.8
452.5
268.7
427.9
541.0
383.3
371.0
605.9
444.5
300.1
198.1
535.5
354.9
377.1
617.7
446.3
382.6
454.1
314.5
366.2
343.1
226.9
554.9
386.0
286.5
149.5
344.3
406.5
482.6
272.1
303.0
339.3
339.1
290.8
616.0
315.5
391.0
262.6
411.3
334.7
338.6
354.6
524.1
419.7
481.0
172.9
271.2
226.8
397.3
426.7
231.5
359.0
440.2
342.0
297.8
298.0
260.9
506.0
397.5
541.4
360.6
419.7
289.7
338.3
259.9
409.5
458.0
342.6
409.3
520.7
291.7
199.0
330.5
499.1
295.2
339.3
472.6
486.4
138.1
588.3
407.9
288.9
277.7
553.1
441.5
384.8
289.1
456.8
493.6
449.9
571.4
293.0
244.8
340.3
248.4
549.6
354.5
470.0
487.4
425.2
376.6
338.6
487.6
384.8
422.8
294.5
379.8
480.2
197.5
310.2
286.6
426.6
399.8
590.2
544.1
696.5
0.0
364.9
368.0
373.4
310.2
395.6
391.6
418.8
490.5
420.2
446.6
602.4
279.7
196.6
390.7
517.2
328.9
367.1
284.2
315.3
325.7
372.5
518.6
347.2
356.4
419.0
220.3
291.1
163.5
147.8
383.6
420.3
66.11
466.7
175.2
372.0
373.5
306.3
274.6
371.6
333.8
337.0
477.3
521.9
342.0
197.0
559.9
390.9
392.7
271.8
379.3
418.1
364.9
582.0
305.4
343.0
328.6
172.4
696.2
216.7
237.3
644.8
391.3
472.3
190.2
482.2
386.2
385.8
406.4
394.1
423.0
366.0
383.7
516.5
321.9
314.7
245.9
260.6
352.9
459.1
205.8
448.1
260.7
225.8
291.1
420.6
333.7
386.8
443.0
384.3
212.1
454.4
532.9
449.1
621.6
390.6
494.1
325.1
373.1
425.7
373.7
526.0
203.5
474.1
302.2
287.9
238.2
231.0
378.0
283.7
288.3
303.6
451.3
436.2
327.1
303.7
223.6
265.1
384.6
520.4
295.7
268.2
264.5
518.6
429.4
239.2
331.2
265.9
441.4
369.2
455.9
428.9
403.5
523.7
447.8
381.0
348.2
349.2
318.1
672.7
342.2
451.2
439.5
249.2
385.2
345.1
392.3
385.5
360.1
360.7
482.7
451.9
473.6
199.1
455.1
222.3
348.3
502.9
313.7
432.7
347.5
431.0
364.6
325.1
309.0
328.9
433.9
445.6
551.6
297.3
465.7
460.9
202.4
320.0
218.4
419.5
256.2
346.3
469.1
440.2
347.8
382.4
376.8
417.0
483.8
420.1
318.8
454.4
298.1
233.5
543.9
298.9
376.0
413.3
343.4
496.7
479.5
368.7
431.2
405.0
671.4
251.3
380.1
370.1
178.8
575.1
367.1
435.1
371.1
291.4
349.3
305.7
244.0
284.6
467.3
404.7
593.7
270.6
478.5
369.6
336.6
322.6
418.6
387.9
323.2
248.7
512.0
365.0
200.4
454.3
223.3
354.9
401.3
323.8
566.4
395.9
347.8
274.5
517.1
443.6
725.3
491.3
199.1
229.2
472.6
335.4
285.7
386.3
159.8
353.1
376.8
346.7
286.7
430.3
418.4
259.2
498.9
377.8
271.3
323.3
464.1
370.1
277.4
351.3
137.6
415.7
267.9
386.3
392.3
443.0
366.4
504.7
247.9
454.8
559.3
384.0
392.4
314.1
560.3
440.3
365.2
342.5
571.0
438.8
420.6
305.9
352.8
287.7
354.5
190.2
413.2
481.8
422.2
488.6
199.7
312.4
369.8
424.6
409.4
163.8
308.5
409.4
194.9
366.7
347.1
328.8
415.0
181.1
377.6
507.3
369.5
316.5
250.5
191.7
152.0
314.8
435.4
258.0
296.0
485.0
279.8
427.2
498.3
442.7
349.7
349.7
320.0
332.0
257.2
311.7
306.2
383.3
282.7
475.0
409.0
415.2
237.6
354.0
317.5
326.0
430.3
421.3
313.8
376.4
247.3
448.2
421.8
231.7
279.2
135.2
338.6
532.2
145.9
449.4
392.7
336.1
216.0
231.8
291.8
473.4
355.2
356.6
256.8
347.8
481.2
417.3
378.9
105.3
448.5
390.4
548.9
571.5
334.9
287.1
337.6
323.4
437.6
469.7
351.9
337.3
473.8
410.7
558.4
299.7
273.6
175.7
432.4
424.9
283.2
335.7
583.7
322.5
550.1
467.0
278.7
487.7
268.2
270.8
384.7
1.372e-05
499.4
192.3
365.0
492.8
409.0
339.1
462.6
377.2
225.1
315.5
436.0
370.6
811.8
426.4
305.8
168.0
397.2
541.4
342.7
296.4
117.2
413.9
406.2
445.2
509.9
377.4
313.0
553.1
432.9
291.3
169.2
378.4
283.6
403.4
245.4
404.4
499.7
431.8
343.7
381.5
279.6
624.6
401.6
370.6
433.6
166.1
366.1
359.1
301.5
567.7
431.7
202.9
505.7
345.3
358.7
391.4
408.0
335.3
312.1
233.1
458.2
381.8
285.4
554.0
273.0
322.9
447.6
322.8
496.5
360.8
411.3
438.4
357.9
217.9
314.0
357.9
359.8
459.0
436.4
289.1
381.6
488.6
316.4
318.8
220.7
341.3
356.9
433.1
467.5
279.2
545.0
535.8
453.0
408.9
237.7
627.6
414.2
525.0
277.2
321.4
517.4
327.0
533.6
396.9
320.8
474.0
276.6
244.1
428.3
327.3
224.0
365.8
374.3
303.0
331.2
541.1
255.0
272.9
429.7
154.7
518.3
305.9
407.6
243.8
219.5
492.3
438.3
279.3
514.3
232.3
445.1
406.7
433.4
291.5
281.5
289.9
407.1
424.3
174.4
405.6
404.4
384.1
276.8
144.4
195.7
162.8
401.3
459.7
302.4
237.6
413.7
322.2
432.9
373.1
379.5
275.4
633.6
383.2
264.9
314.5
418.5
299.2
335.7
432.3
505.5
479.5
234.3
370.3
387.2
396.0
361.2
444.2
313.1
426.8
342.8
349.7
260.4
231.5
363.9
237.6
741.3
386.5
404.0
394.5
256.0
430.9
558.2
302.3
319.1
400.9
297.8
353.0
186.8
386.1
367.8
612.0
352.7
270.9
381.5
297.7
268.3
176.3
601.7
607.0
353.0
600.7
279.8
255.9
479.5
443.6
406.4
546.7
206.9
364.8
295.1
363.2
370.5
251.7
431.7
432.8
352.0
325.3
409.9
438.0
294.1
394.8
376.5
261.8
488.6
252.1
382.7
221.4
236.1
344.0
299.0
324.3
639.7
509.3
492.1
252.7
352.9
437.3
458.4
346.6
356.4
506.2
568.1
457.7
154.4
484.2
299.0
254.9
182.1
384.3
477.7
524.4
350.1
193.3
510.1
429.1
352.7
430.5
368.7
206.0
446.3
318.8
411.0
491.0
259.1
475.1
340.1
307.5
418.9
469.3
265.5
391.3
457.3
313.4
178.8
301.9
441.7
292.3
269.9
473.0
322.7
389.4
429.2
436.1
200.7
298.0
588.4
469.1
319.7
295.1
534.1
301.3
378.5
348.1
224.1
511.5
171.7
232.7
314.0
361.0
378.0
582.5
