5.818
4.023
4.411
7.772
2.125
4.874
2.938
3.471
1.811
5.334
5.956
6.254
5.267
5.344
3.888
4.557
6.212
5.591
4.045
4.653
0.0
3.394
7.806
0.0
9.681
4.564
0.0
0.0
7.183
2.551
5.054
5.639
3.869
6.042
4.849
6.883
2.23
5.846
5.044
6.589
2.065
6.216
5.92
6.802
6.622
4.557
6.893
4.797e-07
4.356
7.82
5.376
7.362
3.618
8.86
2.63
0.0
7.456
5.784
2.412
3.745
7.125
6.502
3.618
2.131
5.344
9.702
6.294e-07
3.323
6.314
5.851
7.806
4.356
4.855
4.082
6.523
4.77
6.502
7.825
5.459
3.216
3.889
4.259
1.427
4.859
1.811
9.656
2.23
3.736
5.044
7.247
9.243
4.174
4.75
6.106
4.804
9.267
3.866
4.502
4.77
2.885
2.391
6.72
11.22
4.631
4.902e-07
0.0
9.234
3.661
5.362
5.454
5.416
14.16
2.655
4.148
9.144
5.344
4.098
4.155
2.535
2.489
6.495
3.708
3.216
13.25
7.48
10.56
4.382
2.245
1.878
8.372
4.759
5.129
4.804
1.349
5.717
6.477
5.54
2.619
3.323
7.137
8.451
0.0
3.216
6.257
4.775
5.926
0.0
6.488
2.23
10.13
4.75
5.711
3.823
5.851
4.244
4.77
7.1
4.752
4.209
4.979
5.676
5.956
6.638
3.98
4.356
3.187
2.812
4.479
10.83
8.003
9.868
6.339
5.344
2.412
0.0
3.666
8.383
9.178
3.056
6.502
7.404
2.344
7.613
6.502
1.427
1.846
6.252
14.29
6.335
5.501
8.924
10.56
5.413
6.179
1.272
2.769
4.787
7.587
2.851
4.411
1.986
1.811
6.775
1.811
3.477
4.587
6.144
2.893
4.849
5.009
11.27
13.95
4.846
5.103
1.4
7.493
1.81
7.225
4.777
3.394
3.185
10.94
4.36
6.443
6.287
3.477
1.954
4.243
10.11
7.576
5.138
5.43
3.629
0.9079
2.812
8.971
6.006
7.819
5.149
3.27
8.936
3.328
9.971
9.619
2.399
4.246
5.085
4.287
5.505
0.0
2.916
4.536
9.995
1.728
9.996
2.316
4.723
3.44
12.6
8.735
3.131
3.118
5.387
4.828
2.412
9.722
7.301
7.758
4.375
7.284
2.919
6.729e-07
2.535
7.346
5.049
8.322
7.349e-07
8.921
7.806
6.806
7.479
3.902
3.629
10.23
0.0
8.37
3.056
6.961
7.602
4.954
9.454
5.175
6.802
6.287
3.715
6.094
4.225
7.806
8.314
3.982
5.222
7.683
3.742
6.524
1.297
3.11
4.897
6.847
9.27
11.55
4.406
4.631
7.171
14.33
0.0
3.185
7.079
7.77
0.0
3.618
8.227
11.09
4.098
5.584
4.35
7.668
10.58
7.706
7.998
6.148
5.845
6.087
4.5
9.181
7.895
3.831
6.989
4.831
4.952
10.63
4.849
3.736
5.387
1.341
2.23
4.095
8.263
7.091
6.257
4.862
7.12
8.536
0.0
4.775
8.21
8.05
5.362
7.388
2.985
8.103
0.0
4.023
3.739
4.356
9.817
6.218
0.0
4.775
0.0
7.647
4.043
3.275
4.533
6.473
7.008
6.326
4.0
3.863
6.171
1.349
1.319
6.696
0.0
4.362
10.2
4.16
6.305
5.705
8.239
6.427
7.587
4.356
6.806
5.843
2.131
6.645
6.046
14.18
5.65
8.169
3.335
4.544
3.34
3.056
9.022
6.391
3.869
2.412
4.406
2.85
4.557
5.482
1.948
5.031
7.156
9.868
9.771
7.36
4.882
3.715
3.863
1.663
4.849
2.364
0.0
0.0
7.951
5.803
1.341
3.468
3.362
5.99
6.017
4.926
7.572
6.296
6.313
10.99
8.684
9.648
3.216
7.859
4.148
4.009
2.757
15.24
4.189
8.596
4.956
1.319
5.51
1.341
2.864e-07
3.982
2.494
0.0
8.223
7.914
5.215
0.0
8.051
3.275
5.745
7.539
5.163
4.865
5.784
1.948
5.403
12.81
1.81
4.322
4.759
7.814
2.535
6.43
9.381
4.252
2.375
5.044
5.535
5.648
6.846
6.445
5.387
8.478
6.492
7.904
9.868
5.213
8.462
8.901
5.769
6.43
2.85
6.019
7.699
8.656
2.412
7.572
6.43
7.228
6.843
5.038
5.426
2.289
7.793
4.216
4.497
2.494
3.904
9.03
5.745
5.784
5.851
6.946
1.056
7.546
2.688
3.742
4.832
3.689
6.588
4.497
4.148
4.603
1.948
3.323
2.485
5.044
3.901
2.412
0.0
2.78
4.712
1.986
4.155
1.297
6.416
4.321e-07
6.997
4.647
8.155
3.207
1.718
4.052
9.162
6.252
5.362
9.801
6.554
6.212
3.362
6.212
2.925
8.619
4.319
6.568
11.99
0.0
7.625
8.364
9.645
3.708
5.462
5.239
5.921
3.63
7.83
9.662
4.148
5.239
5.044
3.223
4.234
7.373
4.075
4.775
9.298
3.131
2.391
5.982
1.811
7.063
1.948
4.08
11.49
3.902
4.564
1.427
3.98
4.207
4.697
6.346
5.676
1.633
5.505
5.591
1.633
6.087
9.53
3.275
8.686
7.112
2.864e-07
8.073
2.501
2.344
7.763
7.004
6.944
6.298
3.201
3.982
6.276
6.43
3.982
2.769
0.0
5.304
6.562
9.166
4.371
9.46
3.708
8.871
3.63
8.762
4.557
2.851
7.36
5.766
8.632
7.856
5.807
4.773
3.362
9.65
6.578
4.828
4.627
3.979
7.633
8.128
8.501
6.212
5.344
1.986
7.793
2.643
5.511
4.087
9.094
5.413
4.775
3.292
9.451
4.557
5.15
11.93
7.766
8.891
8.666
6.26
18.98
6.43
5.629
5.816
3.941
3.46
6.048
7.602
7.412
3.76
6.748
7.572
4.828
3.292
6.857
6.062
5.344
3.34
0.0
9.834
5.884
1.341
3.185
2.901
2.412
3.559
6.729e-07
5.406
9.191
3.33
7.744
6.43
8.311
3.131
0.0
4.631
2.893
6.668
3.806
5.79
6.422
5.157
1.272
7.488
6.214
4.631
0.0
7.555
4.542
4.179
2.202
6.755
3.69
1.341
3.493
9.513
5.144
6.509
4.259
3.739
4.087
7.247
5.413
6.925
3.106
3.365
6.728
3.216
10.09
5.994
9.298
7.015
3.594
6.587
4.225
7.99
3.131
5.144
3.715
4.069
12.85
11.08
10.3
10.16
3.982
9.06
7.877
1.479
5.818
3.34
5.344
3.223
7.972
3.004
3.103
7.312
9.996
6.861
5.154
4.455
3.7
6.001
2.78
6.502
4.087
1.272
7.528
6.866
8.604
4.712
6.492
6.426e-07
0.0
10.26
4.262
4.356
3.477
1.846
3.915
6.426e-07
10.11
4.59
2.489
3.76
6.218
11.01
7.664
5.941
0.0
3.901
7.151
6.496
7.789
5.855
6.94
2.345
10.41
14.74
6.288
0.0
6.733
4.278
3.684
8.261
3.7
5.031
4.508
5.755
8.862
0.0
3.989
6.769
2.757
7.111
3.982
4.209
2.364
6.903
8.769
8.347
7.446
4.045
2.78
5.449
6.67
6.208
6.887
6.223
5.644
5.71
4.222
8.131
5.08
7.107
7.468
2.826
5.157
6.01
3.901
3.216
6.41
0.0
5.467
3.845
4.872
5.243
6.448
6.542
9.14
7.1
5.964
4.865
5.823
9.685
7.133
3.823
5.344
13.54
3.114
4.828
2.485
7.555
12.2
11.69
7.437
3.106
4.411
9.337
5.416
4.409
6.43
7.116
6.134
9.267
7.27
0.0
8.979
6.422
6.998
7.458
8.746
2.701
10.81
5.093
4.862
1.811
4.692
5.865
2.916
5.643
6.611
4.199
4.723
6.123
9.166
7.792
3.185
4.356
0.0
2.78
3.902
10.75
8.549
7.617
5.515
6.053
7.355
8.183
4.148
10.13
4.356
6.878
9.14
7.859
2.131
2.479
7.137
6.161
4.631
3.131
9.965
6.212
3.842
8.532
6.578
6.376
6.236
1.811
4.692
3.956
5.009
3.323
4.303
7.164
5.901
7.405
5.77
4.664
3.708
5.599
5.423
2.916
4.043
3.275
9.707
7.489
5.243
0.9442
4.411
8.392
3.004
0.0
1.81
7.546
3.418
5.141
4.828
2.864e-07
10.55
9.056
2.757
4.849
7.606
4.742
4.874
11.13
5.413
4.557
4.653e-07
3.629
9.198
3.118
4.627
0.0
5.728
6.899
4.703
9.241
5.142
6.292
3.689
6.488
9.147
6.241
6.84
7.104
12.87
4.829
3.103
7.366
6.212
12.28
2.501
7.359
6.212
8.193
11.39
4.189
11.02
9.971
4.356
9.941
9.271
9.329
5.459
9.868
7.293
7.709
4.455
7.347
7.806
7.806
0.0
2.701
8.505
6.727
5.769
1.319
5.454
4.884
4.897
3.056
5.548
5.006
9.685
2.916
5.64
4.902e-07
7.204
4.067
10.57
8.924
6.467
6.214
5.851
5.239
10.49
5.434
7.593
1.479
6.156
7.562
3.745
5.409
3.888
7.928
3.335
6.866
3.612
8.797
6.502
12.08
8.672
9.173
5.231
5.553
1.781
6.297
5.387
9.46
6.361
7.718
4.321e-07
9.868
4.725
3.27
4.243
7.701
4.456
8.98
7.832
12.08
6.326
5.787
2.479
4.356
8.359
9.298
0.0
7.279
7.783
7.221
4.382
7.848
4.542
4.976
4.647
6.697
3.63
9.537
5.432
5.745
4.542
5.044
2.131
5.497
7.661
7.827
7.223
7.95
10.48
3.666
9.14
4.067
4.064
0.0
4.872
0.9442
6.046
8.36
1.98
4.216
5.273
9.018
9.455
6.471
3.982
6.306
6.499
12.49
8.819
8.348
8.982
2.688
5.785
3.477
9.142
5.387
5.801
8.4
7.1
6.094
5.526
7.199
4.913
9.868
10.16
6.064
7.384
4.321e-07
9.194
5.341
4.356
6.225
5.755
1.056
11.95
2.63
9.317
6.887
4.043
3.902
4.371
6.568
14.18
8.59
8.46
4.356
4.3
9.764e-07
5.819
9.09
5.364
3.106
3.982
6.645
8.212
4.508
6.502
6.893
3.715
2.344
8.815
6.426e-07
3.418
2.202
7.917
7.793
5.221
9.868
8.943
6.655
2.925
6.171
7.916
6.212
5.646
7.251
1.98
9.626
9.045
4.067
7.62
5.344
3.982
6.426
5.216
6.637
9.111
5.074
4.356
6.502
9.602
9.868
0.0
4.293
6.587
5.591
9.132
8.571
2.501
7.125
8.555
8.564
8.083
5.093
6.408
4.94
4.639
6.67
8.99
5.434
5.449
5.243
5.879
4.287
3.185
7.729
8.87
10.58
1.718
4.32
4.16
6.001
4.789
4.179
8.318
5.818
9.535
7.171
5.364
4.216
6.43
8.975
10.81
8.037
6.596
7.659
4.587
8.128
8.846
6.01
7.562
7.735
10.28
6.502
2.485
5.182
8.666
5.191
7.456
6.315
3.715
6.655
8.379
7.572
6.877
