0.2125
0.3451
0.3759
0.426
0.4945
0.6645
0.4614
0.5005
0.4348
0.2199
0.3529
1.486
0.268
1.454
1.174
1.197
1.207
1.159
0.1066
0.1066
5.604e-08
0.5662
0.484
0.7023
1.291
0.9449
0.9449
0.9186
0.9186
0.2754
0.3281
0.422
0.3395
0.5452
0.552
0.7374
0.5025
0.5092
0.5033
0.4403
0.6524
0.0
5.535e-08
0.5832
0.5832
0.8516
0.8516
1.254
0.9157
0.9157
0.9157
0.2248
0.314
0.3206
0.5444
0.4953
0.894
0.9064
0.8717
0.9013
0.9842
0.9427
0.2753
0.1593
6.08e-08
0.2566
0.206
0.3858
0.2221
0.3718
0.2603
0.2432
0.2432
0.2298
0.1101
0.3493
0.4426
0.337
0.3571
0.7562
0.7034
0.7463
0.6464
0.5928
0.5686
0.6198
0.6073
0.6073
0.4966
0.0
0.8822
1.084
1.055
1.111
1.168
1.168
1.055
0.2818
0.541
0.355
0.21
0.4542
0.5596
0.4755
0.547
0.4935
0.9526
0.6473
0.9987
0.6013
0.454
1.324
1.165
1.271
1.129
1.415
1.252
0.3684
0.0
0.3841
0.2897
0.2493
0.971
0.9879
0.9173
0.9752
0.9572
0.9752
0.5735
0.656
0.3337
0.0
6.634e-08
0.6846
0.8347
0.8347
0.7509
1.022
0.8347
0.2555
0.3337
0.1652
0.2817
0.6523
0.789
0.6509
0.7457
0.6247
0.8239
0.6626
0.5236
0.5038
0.5236
0.5038
0.8239
0.6626
0.0
0.0
0.1678
0.8141
0.6574
0.7913
1.174
0.7098
0.7055
0.7098
0.3761
0.7909
0.1924
0.2982
4.693e-08
0.7356
1.023
0.8375
0.8912
0.7972
0.8375
0.3661
0.4766
5.626e-08
0.2777
0.32
0.1818
0.5755
0.6241
0.5592
0.6629
0.5459
0.5783
0.5783
0.4386
0.3201
0.3402
0.7378
0.2613
0.6724
0.5367
0.6271
0.3684
0.437
0.0
0.3318
0.2711
0.9995
0.8303
0.5901
0.7818
0.7818
0.5033
0.6687
0.9259
0.7032
1.14
1.062
1.026
1.217
1.026
0.6949
0.0
0.5256
0.0
4.726e-08
1.012
0.9513
0.9513
0.6889
0.9513
0.9513
0.4702
0.5706
0.0
0.0
5.62e-08
0.9481
0.9481
0.9481
0.8657
1.054
0.9481
0.6895
0.68
4.905e-08
0.5387
0.2998
6.224e-08
1.049
0.7655
0.7381
0.7006
0.7046
0.7381
0.7381
0.8728
8.197e-08
0.2325
0.0
1.348
1.333
0.7881
1.333
1.333
0.4047
0.5455
0.3204
0.0
0.2099
0.5448
0.5595
0.5175
0.6267
0.43
0.5448
0.6485
0.5022
0.588
0.6041
0.9113
0.7782
0.8178
0.8256
0.8284
0.5929
0.0
0.541
0.7617
0.9314
0.8993
0.7088
0.763
0.763
0.4642
1.034
0.3685
0.5007
0.8798
1.104
1.014
1.257
1.025
0.1993
0.2741
7.346e-08
0.3181
0.25
0.7032
0.5595
0.5056
0.6474
0.5319
0.5319
0.7123
0.4612
0.2256
0.0
0.1871
0.8351
0.8234
0.8154
0.8046
0.8364
0.8234
0.2102
0.3395
0.9466
0.9466
1.025
1.025
0.9382
1.034
0.9749
0.7206
0.8399
0.7285
0.2561
0.7566
0.8843
0.9343
1.131
0.8805
0.3311
0.0
0.3784
0.3332
0.0
0.5663
0.5662
0.6235
0.5662
0.6556
0.5662
0.4038
0.0
3.38e-08
0.4149
0.3431
0.6549
0.6005
0.6239
0.6548
0.6548
0.6548
0.2899
0.0
0.4553
0.0
0.5305
0.5607
0.6403
0.5607
0.5607
0.2322
0.0
0.4519
0.1589
0.2827
0.7566
0.7482
0.7679
0.7347
0.7306
0.7306
0.4515
0.44
0.433
0.2917
0.5936
0.4308
0.4826
0.512
0.2758
0.06629
0.0
0.222
0.3292
0.1659
0.4271
0.521
0.435
0.4348
0.4644
0.4348
0.8612
0.4051
0.0
1.065
1.42
1.516
1.382
1.477
1.42
0.2813
0.6204
0.2504
0.6621
0.4415
0.5615
0.7071
0.8381
0.5716
0.6635
0.7631
0.4868
0.0
0.4307
0.1171
3.884e-08
0.8081
0.5377
0.4868
0.4511
0.4868
0.4868
0.5634
0.6926
0.8589
0.2982
1.183
1.153
1.007
1.012
1.135
1.103
0.3758
4.972e-08
1.233
0.3158
1.672
0.7935
1.026
0.8941
0.7686
0.7686
0.5088
0.0
1.091
0.2156
0.9185
0.8307
0.9489
0.8348
0.8348
0.7636
0.2376
0.4179
0.4456
0.0
0.6912
0.6492
0.4123
0.5676
0.6332
0.6492
0.2513
0.0
0.3003
0.1751
0.7012
0.6733
0.7278
0.6792
0.6792
0.2436
0.5485
0.4426
0.5989
0.3808
0.6188
0.594
0.381
0.4642
3.332e-08
0.3779
0.4006
0.2672
0.5064
0.5735
0.6909
0.6289
0.6492
0.6041
0.6289
0.1891
0.4589
0.7213
0.2469
4.206e-08
0.3136
0.8168
0.8463
0.845
0.872
0.7325
0.7536
0.8463
0.2287
0.1884
0.2926
0.1285
0.1535
0.2369
0.5137
0.4969
0.4849
0.4656
0.6131
0.5777
0.5462
0.5699
1.283
0.523
0.2311
0.0
0.1554
0.7047
0.6681
0.7064
0.4566
1.593
0.583
0.6681
0.2424
0.0
0.3136
0.3303
0.5591
0.3808
0.666
0.6485
0.6113
0.7603
0.6624
0.7455
0.6624
0.4259
0.698
0.3844
0.2974
0.1739
0.205
0.5386
0.5732
0.6033
0.6358
1.047
0.504
0.5582
0.1639
0.3291
0.253
0.3377
0.3377
0.1078
0.5654
0.5654
0.5096
0.4858
0.4545
0.4864
0.5273
0.2112
0.307
0.1093
5.11e-08
0.4979
0.517
0.5485
0.5587
0.553
0.5292
0.517
0.2331
0.1954
3.859e-08
0.0
0.6305
0.6305
0.6638
0.6537
0.6305
0.0
0.4961
0.4934
0.1557
0.0
0.1408
0.543
0.5212
0.5547
0.5212
0.5531
0.4954
0.5212
0.2184
0.2539
0.2074
0.2426
0.4856
0.4145
0.5692
0.8072
0.645
0.5682
0.5668
0.5802
0.5926
0.3075
0.3675
0.3255
0.0
0.2065
0.2819
0.6599
0.6476
0.7021
0.6033
0.573
0.6931
0.6599
0.0
0.5834
0.6487
0.3153
0.2967
0.4573
0.6659
0.7703
0.8085
0.6187
0.7166
0.5661
0.6187
0.0
0.3552
0.3412
0.2083
4.386e-08
0.3325
0.3748
0.394
0.5093
0.394
0.447
0.4123
0.394
4.149e-08
0.4544
0.497
0.4265
0.469
0.7397
0.7907
0.7679
0.7954
0.7506
0.7954
0.0
0.4884
5.342e-08
0.3735
0.0
0.3136
0.7196
0.8836
0.8311
0.8836
0.816
0.8836
0.8836
0.2371
4.955e-08
0.25
0.0
0.2966
0.5443
0.5765
0.5525
0.5705
0.5765
0.5765
0.1862
0.4357
0.2906
0.3145
0.6255
0.8319
1.201
0.7227
0.6906
0.7752
0.6958
0.0
0.8379
0.7959
0.4202
0.4917
0.4723
1.092
1.115
1.101
0.9725
0.9024
1.104
0.9725
0.3442
0.0
0.3749
0.1607
0.162
0.8273
0.8052
0.8694
0.8123
0.8016
0.8123
0.3946
0.3965
4.632e-08
0.8255
0.0
0.5981
1.113
1.09
0.8968
1.029
1.131
1.09
1.09
1.164
1.757
0.5181
0.3102
1.405
1.6
0.8177
2.77
1.435
0.3821
0.1241
0.5559
0.9298
0.6909
0.7386
1.507
1.089
0.9929
1.006
1.007
0.3491
0.268
0.3324
0.3601
0.7677
0.7668
0.6452
0.5883
0.7378
0.2929
0.0
0.3385
0.4825
0.4479
0.6692
1.0
0.8121
0.7398
0.9867
0.9519
1.011
0.9519
0.1601
0.185
0.0
0.1952
0.2148
0.6295
0.7213
0.6236
0.6423
0.6251
0.6295
0.1576
0.2434
0.2782
0.333
0.2889
0.7445
0.7023
0.7852
0.7728
0.7899
0.7927
0.3352
0.3158
0.2158
0.2553
0.463
0.7191
0.7295
0.7065
0.7663
0.7945
0.8027
0.3383
0.3695
0.341
0.0
0.3665
0.6339
0.5684
0.6735
0.5684
0.5194
0.5221
0.1673
0.1589
0.2359
0.4579
0.0
0.6044
0.6967
0.6753
0.4784
0.6207
0.7153
0.6651
0.6753
0.5211
0.4324
0.1554
0.4008
0.3089
0.2877
0.51
0.3861
0.7892
0.5349
0.4883
0.0
0.443
0.3708
0.0
0.2376
0.3349
0.4753
0.6071
0.5294
0.4753
0.5385
0.5116
0.4753
0.22
0.3065
4.395e-08
0.5527
0.3365
0.1648
0.6028
0.5759
0.5721
0.6446
0.7051
0.645
0.645
0.6021
2.415
0.2314
0.303
0.8824
0.8953
1.09
2.734
0.8919
0.3112
0.2874
0.2275
0.3795
0.3229
0.5202
0.7016
0.5599
0.5034
0.5205
0.5023
0.5034
0.4124
0.0
0.34
0.6771
0.5589
1.0
1.299
1.161
1.053
1.035
1.035
0.3907
0.3648
0.4379
0.0
0.223
0.4432
0.4191
0.4376
0.5415
0.5948
0.4432
0.2099
0.357
0.2873
0.0
0.281
0.3852
0.5475
0.545
0.5196
0.6185
0.5135
0.6491
0.5475
0.1768
0.2942
5.329e-08
0.3013
0.9595
0.3111
0.5375
1.138
0.436
0.5612
0.6844
0.5363
0.5363
0.1116
0.3649
0.2534
0.3378
0.3711
0.6623
0.7569
1.016
1.089
0.7539
0.9241
0.7462
0.7702
0.3098
0.2681
0.2681
0.2308
0.1965
0.3094
0.6464
0.6466
0.6401
0.6861
0.7238
0.7238
0.668
0.4114
0.0
0.5161
0.0
0.0
0.2991
0.863
0.863
0.8319
0.7564
0.863
0.81
0.863
3.127e-08
0.204
0.15
0.0
0.4926
0.546
0.546
0.5318
0.546
0.2082
0.3424
0.2762
0.0
0.6934
0.295
0.4899
0.7448
0.6023
0.4797
0.4448
0.5298
0.4899
0.0
0.0
0.2421
0.1394
0.3972
0.3719
0.5188
0.3699
0.3699
0.3275
0.3699
0.0
0.4376
0.47
0.5269
0.4864
0.882
0.7682
0.7104
0.6919
0.842
0.9281
0.7869
0.842
0.2954
0.3569
0.4278
0.4735
0.2607
0.4093
0.6874
0.6441
0.6068
0.5977
0.67
0.6838
0.6307
0.2827
0.3366
0.3107
0.0883
0.0
0.3571
0.6155
0.621
0.639
0.6178
0.5645
0.5908
0.621
0.1573
0.6821
0.1861
0.2086
0.2055
0.2963
0.3633
0.35
0.3683
0.6644
0.3199
0.2261
0.0
0.4066
0.1817
0.2293
0.1677
0.3976
0.4022
0.3913
0.345
0.3695
0.3981
0.3695
0.4096
0.6084
0.0
1.215
1.601
1.55
1.545
1.537
1.601
0.185
0.3603
0.4393
0.0
1.043
1.182
1.141
1.144
1.117
1.182
0.4581
0.0
0.309
0.0
6.72e-08
0.3736
0.5439
5.198e-08
0.669
0.7605
0.6582
0.7413
0.6582
0.6582
0.6582
0.6734
0.0
0.3982
0.0
1.7
1.724
1.624
1.724
1.724
1.081
0.0
0.6755
0.0
0.9052
0.7204
1.129
0.7204
0.7204
0.348
0.5858
0.5723
0.3387
1.124
0.9411
0.8626
0.8289
0.9881
0.6748
0.0
0.7048
0.0
1.014
0.6278
0.798
0.6278
0.6278
1.114
0.0
1.08
0.0
1.766
1.762
1.795
1.762
1.762
0.3678
0.5645
0.704
0.7096
0.3117
0.7563
0.7709
0.6588
0.6354
0.6808
0.0
7.263e-08
1.023
0.0
0.0
1.358
0.954
0.954
0.8614
0.954
0.954
0.954
0.8244
0.0
0.5902
0.0
0.8782
0.7833
1.055
0.7833
0.7833
0.7153
0.0
0.4587
0.5991
0.8785
1.066
0.9737
0.8994
0.8994
0.4697
0.0
0.5292
0.0
1.023
1.084
1.229
1.084
1.084
0.6083
0.0
0.358
0.6412
0.8809
0.7823
1.089
0.7423
0.7423
0.9768
0.0
0.58
0.0
0.9146
0.8809
1.148
0.8809
0.8809
1.297
0.0
0.9456
1.209
1.316
1.664
1.853
1.522
1.522
0.4282
0.0
0.366
0.8593
0.6233
1.04
0.6807
0.7423
0.7423
1.582
0.0
1.368
0.0
1.68
2.029
1.624
2.029
2.029
1.562
1.572
0.9959
0.0
1.677
1.459
1.114
1.27
1.459
0.3871
0.0
3.865e-08
0.2372
0.7704
0.772
0.5661
0.7704
0.7704
0.8222
0.0
0.8515
1.054
0.0
0.7243
1.306
1.404
0.9092
1.373
1.404
0.9228
1.404
1.046
0.0
0.4665
0.3876
1.887
2.007
1.623
1.885
1.885
0.4419
0.09026
3.574e-08
0.8447
1.587
3.762e-08
0.9266
1.684
0.6825
0.7753
0.7034
0.6825
0.6825
0.2493
0.3898
1.104
0.6177
1.425
0.8784
1.4
1.41
1.334
0.6758
0.0
0.3861
0.8798
0.7866
0.8152
0.9198
0.6542
0.6542
1.082
0.0
0.4489
0.8817
1.125
0.8708
1.087
0.9906
0.9906
1.127
0.6299
0.7172
0.5756
1.0
0.8532
1.473
1.049
0.9187
0.7233
0.9525
0.0
0.9207
0.3714
0.7736
0.3714
0.3714
0.5398
0.0
0.4938
0.5004
0.6219
0.6431
0.6393
0.3412
0.3412
0.4931
0.0
0.6969
0.865
1.378
1.341
1.492
1.637
1.637
0.7531
1.094
1.16
0.0
1.13
1.042
1.167
1.07
1.042
0.4733
0.309
0.9156
0.0
1.132
1.246
1.281
1.198
1.246
1.028
0.3193
0.0
0.0
0.9798
0.9798
1.385
0.9819
0.9798
0.8021
0.7926
0.5103
0.0
1.364
1.52
1.507
1.331
1.52
0.0
0.7206
0.0
0.8896
0.8625
1.016
0.8625
0.8625
0.863
0.0
1.137
0.9804
1.829
1.454
1.462
1.626
1.626
0.3927
1.044
0.492
0.0
1.167
1.215
1.182
1.253
1.215
0.7402
0.8814
1.474
1.762
1.775
1.905
1.834
2.256
2.082
0.5668
0.0
0.168
0.1787
0.9734
1.02
0.8433
0.9696
0.9696
0.8661
0.7716
0.6699
0.0
0.7343
0.8785
0.561
0.662
0.8785
0.562
0.0
0.6485
0.0
1.367
1.089
1.134
1.089
1.089
0.8154
0.0
0.8565
0.0
0.8565
0.0
0.8154
0.0
0.0
0.6976
0.4799
0.4157
0.5115
0.7937
0.788
0.7844
0.8027
0.8186
0.7656
1.139
1.209
0.4934
1.456
1.139
0.9892
1.654
1.033
1.127
0.0
0.8261
0.774
1.147
1.315
1.194
1.13
1.13
0.7897
0.8949
0.4537
1.64
1.755
1.368
1.705
1.755
0.7426
0.0
0.6464
0.0
1.121
0.9958
1.195
0.9958
0.9958
0.4756
0.7875
0.82
0.7338
1.236
1.25
0.7305
1.536
0.8905
0.8902
0.7767
0.7505
0.9188
0.976
1.035
1.222
0.7879
0.8545
0.8286
0.0
0.9526
0.3881
0.6591
0.6074
0.8268
0.9277
0.852
0.9693
0.8075
1.081
0.8075
0.606
0.5768
0.3806
0.0
1.1
1.09
1.011
0.8024
1.09
0.4856
0.0
0.0
0.3449
0.8313
0.8857
0.7233
0.8313
0.8313
0.0
0.7127
0.5355
0.4584
0.5593
0.9065
0.8793
0.9005
0.8854
0.7397
0.8854
0.3782
0.0
0.5891
0.3016
0.2794
0.4452
0.6005
0.4388
0.5076
0.5566
0.5076
0.0
0.0
0.8405
0.8424
1.078
1.074
1.256
1.256
1.256
0.4735
0.6662
0.7262
0.4832
0.0
0.7672
0.9119
0.9287
1.034
0.9182
0.8797
0.9794
0.9287
0.3643
0.4655
0.5461
0.6537
0.0
0.0
0.6471
0.6154
0.6154
0.7737
0.8109
0.5899
0.6154
0.6455
0.0
0.9396
0.8539
0.7609
0.0
0.9298
1.013
0.8539
1.116
0.8539
0.4135
1.578
0.6362
0.0
0.7557
0.9074
1.592
2.168
1.62
1.48
2.232
1.474
1.592
0.53
0.4839
0.6164
0.3072
0.0
0.5879
0.3072
0.0
0.5879
0.53
0.4839
0.6164
0.0
0.4779
0.0
0.7361
0.3738
0.5748
0.6485
0.7446
0.5715
0.5912
0.5889
0.6188
0.7777
0.6188
0.3795
0.5396
0.3378
0.3591
1.071
1.03
0.856
1.048
1.018
0.7085
0.0
0.6552
0.0
0.0
0.8089
0.8089
0.8517
0.8089
0.8769
0.8089
0.1975
0.0
0.6869
0.6276
0.0
1.005
0.9728
1.021
1.055
1.021
1.021
1.398
1.398
1.308
1.199
1.536
1.614
2.73
2.73
2.259
0.2465
0.0
0.2465
0.7948
0.0
1.009
0.7736
0.7797
0.7736
0.7797
0.7736
0.9466
0.7851
0.6139
0.8006
0.0
1.044
0.5446
0.9968
0.7488
0.7208
0.5446
0.0
0.4818
0.4996
0.3405
0.751
0.9978
0.8467
0.8345
0.841
0.8522
0.994
0.8101
0.8522
0.4316
0.4898
3.693e-08
0.0
4.698e-08
0.4202
0.4202
0.4202
0.5077
0.5026
0.4202
0.0
0.0
0.4176
0.4981
0.941
0.8203
0.8898
1.283
0.9259
0.8384
0.8384
0.8888
0.8384
0.0
0.7547
0.517
0.0
0.667
1.17
1.063
1.117
1.063
0.9576
1.063
0.6733
0.4211
0.7724
0.398
0.0
0.6378
0.8346
0.9202
0.9143
1.034
0.9381
0.8345
0.9202
0.0
0.5994
0.5552
0.0
0.8165
0.5123
1.303
0.9522
1.122
1.303
1.416
1.47
1.303
0.2056
0.6382
5.059e-08
0.7451
0.0
1.041
1.38
1.344
1.433
1.38
1.38
0.1923
0.4387
0.241
0.3005
0.4992
0.4533
0.4727
0.5734
0.4822
0.6588
0.5229
0.6698
0.0
0.0
1.271
1.033
1.033
1.1
1.219
1.121
1.223
1.033
0.0
0.987
1.22
0.323
0.4357
0.5038
1.301
1.51
1.529
1.381
1.377
0.8307
1.381
0.0
0.0
0.454
0.0
0.7438
0.4871
0.674
0.8603
0.843
0.674
0.674
0.7189
0.674
0.6643
0.7314
0.5056
0.5678
1.505
1.867
1.346
1.311
2.027
0.887
0.5996
1.042
0.7167
0.743
0.7006
1.324
1.552
1.509
1.67
1.582
1.271
1.694
0.0
0.7883
0.5311
0.3034
0.4879
0.5677
1.346
1.13
1.215
1.326
1.536
1.251
1.326
0.4192
0.0
0.4196
0.4405
1.043
1.095
0.9588
1.173
1.173
0.3021
0.3263
0.414
0.5987
0.8132
0.6919
0.6441
1.029
1.095
1.073
0.0
0.3584
1.967
2.017
1.406
1.405
1.365
1.967
0.0
0.5824
0.7818
0.3384
0.3858
0.3695
0.5612
0.6403
0.6431
0.4995
0.7744
0.8124
0.4995
0.5344
0.0
0.707
0.0
0.0
1.145
1.145
0.9417
1.145
0.8942
1.145
0.6302
0.0
0.8695
0.0
0.4425
0.6225
0.9879
1.125
1.107
0.6768
0.9879
0.7577
0.9879
0.8213
1.223
0.9773
0.6689
0.9769
0.7003
1.41
1.559
1.099
1.01
1.073
1.128
1.334
0.5457
0.421
0.5294
0.0
0.4486
0.3489
0.9119
0.9584
0.8752
1.106
0.8609
0.7433
0.9119
0.5213
1.034
1.003
0.3278
0.6567
0.8351
1.192
1.257
1.187
1.204
1.389
1.086
1.249
0.6796
0.73
0.6149
0.0
0.0
0.6506
1.227
1.227
1.136
1.156
1.032
1.147
1.227
0.2608
0.9849
0.4796
0.7203
0.0
0.657
0.7177
0.6483
1.092
0.8009
0.7177
0.389
0.2915
3.107e-08
0.3348
0.3295
0.6002
0.6856
0.323
0.5063
0.5645
0.5645
0.4413
0.5929
0.5427
0.0
0.0
0.1966
0.5857
0.5857
0.609
0.578
0.6904
0.4151
0.5857
0.5076
0.7282
0.5657
0.5104
0.0
0.2956
1.358
1.368
1.291
1.338
1.322
1.127
1.368
0.7428
0.0
1.256
0.4969
0.5155
0.4523
1.483
1.479
1.473
1.367
1.513
1.702
1.513
0.6012
0.4184
0.7576
0.287
0.0
0.639
0.7508
0.7191
0.8983
0.7295
0.7241
0.7297
0.7191
0.6321
0.0
0.0
0.7487
0.7788
1.009
0.7173
0.7788
0.7788
0.0
0.9591
0.0
0.0
0.6997
0.8637
0.8637
0.8761
0.9191
0.8637
1.092
0.8637
0.3797
0.5268
0.5013
0.1835
0.5248
0.2657
0.551
0.7114
0.5814
0.4939
0.612
0.5945
0.5165
0.91
4.341e-08
0.0
0.5002
0.5002
0.5002
0.6745
0.5002
0.3711
0.0
0.6003
6.091e-08
0.0
0.4086
0.4086
0.5303
0.4086
0.5482
0.4086
0.6332
0.4694
0.0
0.0
0.4571
0.4571
0.7154
0.6147
0.4571
5.305e-08
0.261
0.4304
0.06645
0.0
0.5144
0.5119
0.5119
0.5368
0.616
0.5119
0.1658
0.1046
0.2161
0.1715
0.2067
0.2644
0.5285
0.5674
0.4366
0.4903
0.5423
0.5922
0.5392
0.0
2.393
0.0
0.6807
0.0
1.17
1.094
1.094
2.74
1.094
1.094
0.6117
0.0
0.4747
0.5156
0.616
0.8412
0.5584
0.4894
0.4894
6.203e-08
0.2221
0.3862
0.0
0.3518
0.7298
0.6845
0.6649
0.6845
0.6822
0.6845
0.382
0.0
0.5646
0.0
0.7837
0.5398
0.7178
0.5398
0.5398
0.8565
1.105
0.4052
0.0
0.8638
0.8166
1.121
1.239
0.8166
0.0
0.3724
0.0
0.7244
0.5926
0.5926
0.5926
0.5926
1.394
1.627
0.6598
0.558
1.629
1.668
1.84
1.424
1.656
0.0
0.0
0.6226
0.6386
0.6226
0.6386
0.0
0.0
0.0
0.0
0.0
0.7523
0.8043
0.6989
0.9576
0.4988
0.4988
0.4988
0.0
1.109
1.364
0.0
1.152
1.304
1.304
1.724
1.304
5.967e-08
0.0
0.6574
0.4238
0.0
0.6872
0.7382
0.6807
0.8196
0.6807
0.6807
0.7706
0.6807
0.5838
0.5729
0.0
0.0
0.4804
0.0
0.0
0.4804
0.8491
0.6748
0.0
0.0
0.0
0.4089
1.098
1.098
1.071
1.163
1.098
1.098
2.984e-08
0.1608
5.68e-08
0.2354
0.5573
0.8056
0.6464
0.8003
0.7895
0.8003
0.8003
0.2389
0.3953
0.2392
0.5365
0.0
0.7493
0.9047
0.947
0.8904
0.898
0.9047
0.0
5.02e-08
0.5193
0.6919
0.9044
0.6919
0.6919
0.6919
0.8941
0.8106
0.4036
0.0
0.5802
0.5792
0.9882
0.9544
0.5792
0.8063
0.9088
0.7446
0.373
0.0
0.373
0.0
0.8063
0.9088
0.7446
0.0
1.023
0.0
0.4729
0.7577
0.8464
1.111
0.8329
0.9706
0.9706
0.0
0.8018
0.4251
0.0
1.161
1.212
1.212
1.202
1.212
0.0
0.5985
0.6712
0.7996
0.0
0.9376
0.8598
0.8598
0.8941
0.7776
0.8598
1.725
1.294
0.0
0.0
0.9664
0.9664
1.7
1.396
0.9664
0.2642
1.821
4.257e-08
0.4047
0.0
0.5606
0.4713
0.5084
1.814
0.4713
0.4713
0.3084
0.5822
0.3322
0.2508
0.1684
0.2881
0.7068
0.6539
0.6608
0.7602
0.7458
0.6486
0.6578
0.6162
0.8999
0.4519
0.0
0.99
0.8416
0.9445
0.8987
0.8416
0.8243
0.8804
1.081
1.564
1.184
1.328
0.0
1.445
0.8243
0.842
0.8106
0.5265
0.0
0.8911
0.7807
1.065
0.9845
0.7807
0.0
2.029
1.505
1.46
1.827
1.675
2.088
0.708
1.092
1.082
0.0
0.0
1.52
1.52
1.593
1.934
1.582
1.52
0.7196
0.0
0.7551
0.9104
0.0
1.387
1.264
1.435
1.264
1.363
1.264
0.0
0.7509
0.3664
0.0
0.4898
0.9347
0.8765
0.8741
0.8765
1.355
0.8765
0.4266
0.0
0.0
0.716
0.5846
0.7174
0.7008
0.5846
0.5846
0.9
0.0
0.5762
0.7104
1.611
1.687
1.253
1.372
1.372
0.3169
0.0
0.0
0.0
0.6023
0.6023
0.5062
0.6023
0.6023
0.0
1.091
1.315
1.583
1.588
0.9907
0.852
1.677
0.852
1.27
0.0
0.0
1.088
1.217
1.842
1.667
1.217
1.217
4.36e-08
0.0
0.4653
0.0
0.9153
0.7869
0.7869
0.7869
0.7869
0.3612
0.6611
0.4885
0.0
0.6824
0.5099
0.6814
0.6558
0.5099
0.7346
0.4592
1.05
1.177
7.491e-08
1.021
0.9363
1.024
1.202
0.9316
1.024
0.0
0.0
0.4716
0.0
7.189e-08
0.8274
0.5926
0.5926
0.5926
0.5926
0.5926
0.6706
0.0
0.3767
0.9863
1.025
0.9099
1.137
1.008
1.008
4.17e-08
0.9282
0.2895
0.0
0.0
0.2039
0.2039
0.2039
0.9849
0.3893
0.2039
0.3485
1.644
0.3638
0.7958
7.317e-08
0.6321
0.9745
0.45
0.4379
1.65
0.45
0.6117
0.0
0.6326
0.0
1.023
0.7516
0.9467
0.7516
0.7516
0.3775
0.4236
0.6025
0.7358
0.567
0.9405
1.001
1.049
1.069
1.16
1.119
0.0
0.0
0.0
0.0
0.8725
0.8725
0.8725
0.8725
0.8725
0.756
0.0
0.4613
0.5645
5.238e-08
0.6937
0.9289
0.5473
0.8409
0.5473
0.5473
0.2261
0.4341
0.0
0.0
0.687
0.687
0.6921
0.8812
0.687
0.7025
0.9673
0.5993
0.0
0.9016
0.5479
0.6048
0.8686
0.5479
0.0
0.0
0.4446
0.6579
0.6236
0.7188
0.4806
0.4806
0.4806
3.964e-08
0.0
0.4351
0.0
0.2928
0.6476
0.8201
0.8209
0.8201
0.8201
0.8201
0.0
0.0
0.2442
0.6943
0.2579
0.8457
0.8112
0.7221
0.7796
0.7796
0.7796
5.02e-08
0.6659
4.283e-08
0.0
0.6638
0.6638
0.6638
0.7524
0.6638
7.585e-08
0.3065
0.3934
0.8748
0.6359
0.7787
0.5842
0.6942
0.5842
0.0
0.6055
0.3801
0.0
0.7683
0.6043
0.6043
0.5692
0.6043
0.6317
0.0
0.77
0.8663
1.037
1.129
0.7828
0.8467
0.8467
0.3419
0.0
5.058e-08
6.098e-08
0.3596
0.4324
0.5306
0.4724
0.4324
0.4324
0.4324
0.0
1.132
0.8997
0.0
0.9275
0.6589
0.6589
1.149
0.6589
0.4182
0.0
1.443e-08
0.0
0.687
0.687
0.6903
0.687
0.687
0.587
0.8584
0.6942
0.0
1.167
0.8474
1.011
1.132
0.8474
0.0
1.133
0.4974
0.5739
1.396
1.653
1.313
1.415
1.313
0.5163
0.0
0.2831
0.2804
0.4509
0.9271
0.9745
1.003
0.9658
1.015
0.9658
0.2211
0.0
0.3471
0.0
1.457
1.451
1.426
1.451
1.451
0.7722
0.0
0.0
0.5995
1.012
1.21
0.9944
1.012
1.012
0.0
0.0
1.205
0.0
1.144
1.039
1.039
1.039
1.039
0.0
0.0
0.9644
1.177
1.204
1.005
1.013
1.013
1.013
0.8741
1.033
0.6737
0.8971
0.873
0.976
0.9484
1.208
0.4971
0.1791
0.0
4.088e-08
0.0
4.088e-08
0.0
0.1791
0.0
0.0
0.8514
0.6607
0.4601
0.0
0.4601
0.0
0.8514
0.6607
0.0
0.0
0.7773
0.5393
0.576
1.024
0.9796
0.8528
1.072
0.8528
0.183
1.15
0.253
1.098
0.4462
1.116
0.3793
1.112
0.336
0.0
0.0
0.4279
0.0
0.7515
0.6535
0.6535
0.6535
0.6535
0.0
0.4112
0.3178
0.0
0.7153
0.7148
0.7148
0.8363
0.7148
0.6942
0.7798
0.0
1.029
0.8649
1.117
0.8649
0.8649
5.661e-08
0.3666
0.3105
0.4302
0.3644
0.6807
0.8916
0.7268
0.6099
0.7184
0.6099
0.382
0.3343
0.0
0.0
1.453
1.453
1.481
1.468
1.453
0.5985
0.3812
0.0
0.6737
0.4696
0.7272
0.4696
0.4696
2.694e-08
0.4378
6.602e-08
0.2644
0.4308
0.4742
0.513
0.4117
0.4696
0.4117
0.4117
0.0
0.5228
0.5035
0.8015
0.6405
0.6213
0.9145
0.9054
1.202
1.158
0.9054
0.7514
0.0
0.2734
0.3696
1.135
1.365
1.025
1.155
1.155
1.178
4.283e-08
0.0
0.8216
0.8216
0.9144
1.02
0.8216
0.0
0.0
0.4085
0.4677
0.5581
0.529
0.5564
0.7567
0.5875
0.5875
0.5875
0.3497
0.3153
0.3336
0.6059
0.6064
0.7425
0.5429
0.5227
0.4407
0.0
0.0
0.4618
0.7883
0.7608
0.9543
0.6647
0.6647
0.6647
0.0
5.606e-08
0.0
0.3579
0.3579
0.3579
0.3579
0.9155
0.5692
4.533e-08
0.0
0.7128
0.7128
0.8533
0.77
0.7128
0.0
0.0
0.3055
0.4347
0.7125
0.7688
0.6694
0.6694
0.6694
0.2256
0.0
5.424e-08
0.4675
0.0
0.749
0.6021
0.6426
0.6021
0.6021
0.6021
0.0
0.806
0.4846
0.5934
1.112
1.069
0.997
1.549
0.997
0.7145
0.9207
0.5695
0.0
1.122
0.9506
1.069
1.313
0.9506
1.03
1.032
0.0
0.0
0.8219
0.8219
0.997
1.005
0.8219
0.0
0.6077
0.0
1.041
0.3147
1.101
0.3147
0.6562
0.3147
0.0
0.0
0.6744
1.83
0.9317
1.82
0.8009
0.8009
0.8009
0.3419
0.4067
0.1236
0.0
0.749
0.7342
0.558
0.8023
0.7342
0.0
1.081
0.6375
1.547
1.166
1.388
1.162
1.4
1.162
0.4898
0.0
5.522e-08
0.4876
0.3704
1.019
0.9298
1.067
0.9721
0.9721
0.9721
0.6104
0.6708
0.2617
0.5919
0.6925
0.6359
0.617
0.6958
0.7037
0.3922
0.0
0.0
0.0
0.6241
0.5672
0.5672
0.7007
0.6685
0.5672
0.5672
0.6257
0.733
0.0
0.0
0.7525
0.7525
0.84
0.6741
0.7525
0.5763
1.095
0.6258
0.0
0.863
0.7241
0.7989
0.9336
0.7241
0.0
0.5668
0.9527
0.9341
1.129
0.7513
0.7513
0.7513
5.296e-08
0.0
0.2699
0.0
0.6209
0.6368
0.6368
0.6368
0.6368
0.5924
0.6363
0.0
0.0
0.3882
0.3882
0.6445
0.6299
0.3882
5.804e-08
0.9673
0.6543
0.0
0.5025
0.6899
0.6899
1.037
0.6899
0.7328
0.0
6.286e-08
0.4796
0.7586
0.8705
0.6496
0.7586
0.7586
3.477e-08
0.0
0.2024
0.3036
0.5458
0.6473
0.5696
0.5696
0.5696
0.0
0.0
0.447
1.451
0.6812
1.611
0.6717
0.6717
0.6717
0.7073
0.733
0.3066
0.3511
0.8951
0.9147
1.2
1.037
1.009
0.0
0.9882
0.5265
0.0
0.852
0.3594
0.2929
0.2314
0.0
0.4564
0.4722
0.3566
0.3925
0.4722
5.131e-08
0.4603
0.0
0.0
0.6481
0.3395
0.3395
0.8178
0.3395
0.5388
0.3395
0.3161
0.0
1.097
1.002
1.117
0.9769
1.139
1.114
1.114
0.0
0.3335
2.798e-08
0.9254
0.0
0.9085
0.7058
0.7058
0.8568
0.7058
0.7058
0.6206
1.008
2.213e-08
0.0
1.229
1.229
0.8428
1.108
1.229
6.66e-08
0.0
7.291e-08
0.0
0.5252
0.268
0.268
0.5226
0.268
0.268
0.268
0.6494
0.9211
0.0
0.0
1.1
1.1
1.27
1.257
1.1
0.2984
0.5782
0.0
0.0
0.2813
0.7893
0.7893
0.8584
0.7909
0.8237
0.7893
3.551
0.0
0.9872
1.683
2.418
3.172
2.784
1.883
1.883
0.6445
0.8539
1.033
0.0
0.0
1.425
1.079
1.678
1.315
1.171
1.171
1.171
4.644e-08
0.0
4.644e-08
0.8394
0.0
0.8598
0.944
0.944
0.944
0.944
0.944
0.3292
0.0
0.6014
0.0
0.5481
0.5273
0.6061
0.5273
0.5273
0.8683
0.0
0.2666
0.4873
1.363
1.453
1.002
1.351
1.351
0.6086
0.9347
0.6079
0.904
0.6467
0.9799
0.6212
0.9177
0.2489
0.0
0.941
0.453
0.46
0.8494
0.9114
0.968
0.7665
0.8743
0.7367
0.7665
0.0
1.205
0.8974
0.8787
1.102
0.8032
0.8032
1.29
0.8032
0.7632
0.0
0.5723
0.4328
0.7903
0.655
0.8832
0.6493
0.6493
0.6069
0.7715
0.5659
0.7449
0.8484
0.858
0.7389
0.8167
0.8694
0.0
0.0
5.099e-08
0.0
0.6428
0.6428
0.6428
0.6428
0.6428
0.8565
0.9673
0.8338
1.739
0.0
0.0
0.5036
1.711
1.711
1.508
1.664
1.616
1.711
0.1205
0.0
0.193
0.2486
0.3099
0.4426
0.4214
0.4431
0.6527
0.5766
0.5479
0.5996
0.5479
0.0
6.282e-08
0.6211
0.9732
6.282e-08
0.0
0.0
0.5695
0.9173
1.061
0.0
1.184
0.8375
0.8348
1.016
0.8375
0.0
0.0
1.172
0.0
1.351
0.5363
0.5363
0.5363
0.5363
0.0
0.0
0.5978
0.0
1.021
1.206
0.8426
1.177
0.8426
0.8426
0.8426
0.6638
0.7213
0.55
0.5373
0.0
0.816
0.8371
0.9127
0.8395
0.8814
0.8371
0.0
1.559
1.46
1.675
1.675
1.556
1.675
0.4621
0.0
0.6717
1.18
0.9327
0.8417
1.372
0.9648
0.7239
0.6487
0.6487
0.3288
0.0
6.858e-08
0.6461
0.0
0.7697
0.6875
0.8316
0.6875
0.6875
0.6875
0.0
0.6813
0.9368
0.0
1.06
0.8166
0.8166
0.9685
0.8166
0.404
0.0
0.6196
0.9073
1.087
1.26
0.9614
0.8888
0.8888
0.2819
1.48
0.0
0.0
0.6159
0.6151
0.6151
0.8969
0.657
1.274
0.6151
0.9801
0.3981
0.0
0.685
0.6852
0.8765
1.12
1.098
1.147
0.8765
0.0
0.0
1.075
1.772
1.075
1.772
0.0
0.0
0.0
0.4501
0.0
0.447
0.0
6.312e-08
0.5773
0.6676
0.6676
0.8165
0.6676
0.6676
0.2945
0.0
0.6073
0.0
0.8101
0.7623
0.7653
0.7623
0.7623
0.0
0.5519
4.838e-08
4.769e-08
0.0
0.0
0.5659
0.5659
0.5659
0.5659
0.679
0.5659
0.5659
0.3197
0.0
5.06e-08
0.655
0.9152
0.9633
0.9011
0.9152
0.9152
0.9297
0.7654
0.7262
0.0
0.8627
1.132
1.02
1.076
1.142
1.312
1.02
0.0
1.643
0.0
0.0
0.8213
1.095
1.095
1.179
1.095
1.958
1.095
0.3865
0.0
0.3066
0.2789
0.0
0.403
0.3052
0.2537
0.3052
0.3356
0.3052
0.9094
0.4284
0.0
0.5306
1.091
1.155
1.874
1.114
1.091
0.4818
0.4986
0.4986
5.813e-08
0.4106
0.0
0.0
0.0
0.5974
0.0
1.062
0.8802
0.8802
0.8802
0.8802
0.8576
0.0
0.9701
0.0
0.7255
0.7233
0.8743
0.7893
1.176
1.049
0.8743
1.171
0.8743
0.9248
0.767
0.5162
0.0
0.5714
0.3456
0.9502
0.8113
0.3456
0.5958
0.0
0.0
1.125
0.7384
0.9499
0.923
0.7384
0.7384
0.3342
0.435
0.3342
0.4631
0.0
3.099e-08
0.3215
0.314
0.0
0.3721
0.291
0.291
0.4436
0.291
0.0
0.9123
6.653e-08
0.6583
0.6059
0.9233
0.7942
1.005
1.126
0.9284
1.195
0.9284
0.9284
0.0
0.8178
0.1668
0.0
0.2473
0.6568
0.6721
0.7452
0.6721
0.8
0.6721
0.581
0.0
0.268
0.9963
1.028
0.9774
0.9881
1.134
1.036
1.005
1.036
6.152e-08
0.0
0.7651
0.3914
0.0
0.6354
0.5565
0.5565
0.5565
0.8593
0.5565
0.9832
1.12
0.0
0.9055
0.0
0.9055
0.9832
1.12
0.0
0.8213
0.0
0.6341
0.0
0.4229
0.8761
0.9291
1.016
1.124
0.9291
0.9291
0.6395
0.5259
0.6799
0.0
0.0
0.9695
0.9695
1.05
1.09
1.033
0.9695
0.8755
0.8374
0.5351
0.0
5.422e-08
0.9355
0.9826
0.9826
0.8917
0.9621
0.9826
0.3013
0.5844
0.0
0.8793
0.5686
1.014
1.153
0.884
1.094
1.049
1.014
0.461
1.08
0.0
0.0
0.6873
0.6873
0.6138
1.122
0.6873
1.375
0.0
0.9653
1.729
1.318
1.611
1.11
1.11
0.0
1.883
0.994
0.0
1.065
0.5873
0.5873
2.131
0.5873
1.091
0.6912
1.507
0.9905
1.648
0.7688
1.038
0.5479
0.8856
0.0
0.8274
0.0
1.071
0.9352
1.13
0.9352
0.9352
0.6395
0.0
0.0
3.841e-08
0.4787
0.1968
1.012
1.015
0.961
0.7576
1.012
1.012
1.012
0.0
0.0
0.5998
0.7104
0.7432
0.8058
0.6418
0.6418
0.6418
0.3987
0.0
0.2438
0.4185
0.2438
0.4185
0.3987
0.0
0.0
0.0
0.5232
5.439e-08
0.0
0.5359
0.8565
0.8565
1.054
0.8565
0.6022
0.8565
5.552e-08
0.6259
0.0
0.0
0.9638
0.9638
0.9638
1.101
0.9638
0.9018
0.0
1.485
1.311
1.594
1.392
1.008
0.6437
0.6437
0.0
1.104
0.6566
1.029
0.8809
0.8809
1.285
0.8353
0.0
0.2638
0.5548
0.7591
0.7082
0.8661
0.7901
0.7082
0.7082
0.7471
1.007
1.075
0.0
0.0
0.0
0.0
0.7471
1.007
1.075
0.0
0.3502
0.0
5.901e-08
0.3717
0.5764
5.341e-08
0.467
0.5676
0.3973
0.404
0.3973
0.3973
0.3973
0.2876
0.5593
0.2565
0.0
0.2476
0.6535
0.6323
0.644
0.6745
0.8123
0.6323
0.0
0.0
0.939
1.216
1.167
1.233
0.942
0.942
0.942
0.7262
1.559
0.6272
0.0
1.336
1.143
1.265
1.34
1.143
0.7312
0.0
0.0
0.0
0.3923
0.3923
0.7753
0.3923
0.3923
3.584e-08
0.2387
0.2112
0.8072
0.5051
0.9745
0.7769
0.7731
0.7833
0.7631
0.7731
0.8213
1.023
0.0
0.0
7.742e-08
0.0
0.0
7.742e-08
0.8213
1.023
0.0
0.5962
0.0
0.4387
1.187
0.0
0.0
1.291
0.8904
0.8904
1.047
0.8904
0.9103
0.8904
1.331
1.774
1.325
0.0
1.526
1.154
1.561
1.978
1.154
0.6602
0.0
0.602
0.0
1.07
0.9229
1.068
0.9229
0.9229
0.0
0.0
0.3465
0.0
0.3377
1.066
0.9589
0.9522
0.9589
0.9589
0.9589
0.6606
0.0
1.14
0.6888
1.21
0.8064
0.6606
0.6606
0.8615
0.0
0.5256
0.0
1.001
0.9081
0.5298
0.9081
0.9081
0.6094
0.5873
0.0
1.031
0.8305
1.024
0.8305
0.8305
0.276
0.0
0.0
0.959
0.9066
0.8999
0.9066
0.9066
0.625
0.1181
0.502
0.2227
0.6351
0.4491
0.6496
0.4165
0.4054
0.5108
0.0
0.5571
0.0
1.159
1.132
0.9034
1.132
1.132
0.6354
0.0
0.8021
0.0
0.4661
1.041
0.9537
0.9236
1.013
0.9537
0.9537
0.9955
0.0
0.902
0.0
1.706
1.798
1.827
1.798
1.798
0.0
0.0
0.5718
0.4351
0.6724
0.5292
0.6428
0.6428
0.6428
0.9506
0.0
0.7294
0.9718
1.084
1.603
1.585
1.343
1.343
1.196
0.0
0.4353
0.3778
2.009
2.078
1.071
1.974
1.974
0.4498
0.7869
0.9782
0.7842
1.585
1.428
1.397
1.523
1.282
0.4653
0.0
0.0
1.127
1.167
1.193
1.167
1.167
1.197
0.0
0.547
0.0
5.531e-08
1.264
0.9274
0.9274
1.016
0.9274
0.9274
0.7684
0.4156
0.7977
0.1393
1.686
1.584
1.629
1.631
1.577
0.2168
0.0
0.2219
0.0
0.3025
0.2354
0.1234
0.2354
0.2354
0.6078
0.0
0.0
0.2767
0.3471
0.2613
0.7405
0.3471
0.3471
0.5072
0.0
0.2849
0.1243
0.6859
0.6911
0.6566
0.6852
0.6852
1.056
1.133
1.046
0.0
1.374
1.056
1.407
1.056
0.7921
0.0
0.7966
0.0
1.65
1.673
1.64
1.673
1.673
0.6287
0.0
0.564
0.2451
0.9471
0.6247
0.8243
0.6593
0.6593
1.097
0.0
0.6302
1.272
0.0
0.5634
1.272
0.0
0.5634
1.097
0.0
0.6302
0.0
1.402
0.409
1.307
1.409
1.7
1.435
1.409
0.8037
0.0
1.358
0.0
1.015
1.17
1.468
1.17
1.17
1.247
0.0
1.16
0.0
2.762
2.656
2.189
2.656
2.656
0.8985
0.0
0.4224
0.6749
0.0
1.032
0.7345
1.025
0.7345
0.7444
0.7345
0.0
0.7512
0.0
1.252
1.232
1.363
1.232
1.232
0.493
0.0
0.0
0.7867
0.6333
0.0
0.7475
0.671
1.007
0.7535
1.035
0.8994
0.8994
0.244
0.0
0.244
0.0
0.244
0.0
0.244
0.0
0.0
0.3276
0.156
0.1667
0.3429
0.5381
0.8334
0.6216
0.6125
0.5877
0.4452
0.0
0.1583
0.2173
1.052
1.049
1.062
1.043
1.043
1.039
0.0
0.8645
0.0
0.9332
0.7842
1.253
0.7842
0.7842
0.9963
0.9771
0.0
1.512
1.535
1.522
1.535
1.535
0.361
0.0
1.185
0.0
1.746
1.277
1.309
1.277
1.277
0.7115
0.0
1.007
0.0
1.035
0.4765
0.8584
0.4765
0.4765
0.5897
0.0
0.4006
0.2419
0.828
1.08
0.9322
0.9822
0.9822
0.6283
0.5639
0.4091
0.1245
1.289
1.279
1.468
1.212
1.28
0.8667
0.0
0.3145
0.0
1.652
1.612
1.316
1.612
1.612
0.8249
0.0
1.225
0.2138
1.235
1.154
1.225
1.225
0.9127
0.0
0.4282
0.0
7.765e-08
1.024
1.085
1.085
1.064
1.085
1.085
0.9659
0.0
0.3722
0.0
1.346
1.277
1.208
1.277
1.277
0.0
0.8907
0.8166
0.8847
0.8166
0.8166
0.0
0.8209
0.0
1.392
1.392
1.365
1.392
1.392
0.2734
0.0
0.3537
0.0
0.8682
0.9231
0.9907
0.9231
0.9231
0.0
0.8037
0.2848
0.9068
0.2848
0.2848
4.946e-08
0.5396
0.314
0.0
0.7826
0.7277
0.7277
0.7824
0.7277
0.8487
0.0
1.186
0.0
1.186
0.0
0.8487
0.0
0.0
0.5861
0.7707
1.022
0.0
0.9248
1.505
1.532
1.648
1.505
0.8098
0.9666
0.9666
0.8098
0.0
1.47
0.0
0.6843
0.0
2.034
1.984
1.433
1.984
1.984
0.5265
0.6048
0.0
0.7025
0.5479
0.7688
0.5479
0.6734
0.0
0.6083
0.6734
0.2535
0.0
0.3897
0.0
0.6532
0.4745
0.4875
0.4745
0.4745
0.4198
0.0
0.675
0.0
1.422
1.642
1.705
1.642
1.642
0.4044
0.0
0.4521
1.127
1.121
1.127
1.121
1.121
0.4969
0.0
0.3772
0.9505
0.3772
0.9505
0.4969
0.0
0.0
0.9918
0.0
0.5351
0.0
1.582
1.592
1.301
1.592
1.592
0.6117
0.0
0.6942
0.0
1.086
0.9321
0.6737
0.9321
0.9321
0.5109
0.4745
0.0
0.3659
0.0
0.4426
0.4287
0.701
0.6408
0.4287
0.4287
0.0
0.5659
0.0
0.8625
0.7116
0.9775
0.7116
0.7116
3.116e-08
0.255
0.5619
0.6387
0.7307
0.77
0.6003
0.6126
0.6003
0.3478
0.0
0.4039
0.4349
0.517
0.5272
0.4152
0.2791
0.2791
0.3422
0.0
0.0
0.2893
0.5168
0.706
0.4918
0.5168
0.5168
0.6526
0.0
7.431e-08
0.392
0.0
1.127
1.121
1.353
1.121
1.121
1.121
0.4581
0.0
0.4363
0.0
0.5971
0.6136
0.5837
0.6136
0.6136
0.8397
0.0
0.6196
0.0
0.5587
1.045
0.8985
1.024
0.4894
0.8985
0.8985
0.1936
0.315
0.3736
0.183
0.9941
0.9213
1.009
1.034
0.9601
0.3139
0.6041
0.6009
0.2174
1.204
1.425
1.373
1.455
1.413
0.7919
0.0
0.2886
0.3179
1.009
1.089
1.075
1.064
1.064
0.489
0.0
0.3965
0.212
0.5193
0.6227
0.6805
0.5667
0.5667
0.5007
0.128
0.6869
0.0
1.41
1.365
1.357
1.385
1.365
0.9145
0.0
0.4277
0.0
0.6244
0.4988
1.047
0.4988
0.4988
0.3787
0.0
4.256e-08
0.3117
0.0
4.216e-08
0.9392
0.9266
0.9266
0.9396
0.9266
0.9266
0.9266
0.45
0.0
0.6701
0.0
1.164
1.059
0.8565
1.059
1.059
0.0
0.362
0.0
0.5845
0.6894
0.6477
0.6894
0.6894
1.184
0.0
1.154
1.245
1.266
1.236
1.19
1.42
1.42
0.4727
0.0
1.324
1.316
1.343
1.316
1.316
0.3146
0.0
0.2553
0.0
1.023
1.028
1.045
1.028
1.028
0.0
0.5274
0.0
2.047
1.864
1.646
1.864
1.864
0.526
0.0
0.5897
0.0
0.9495
0.9565
0.6899
0.9565
0.9565
0.4349
0.0
0.4442
0.0
0.6917
0.508
0.5903
0.508
0.508
1.212
0.0
1.339
0.0
1.117
1.631
1.235
1.631
1.631
0.6229
0.0
0.7124
0.0
1.455
1.556
1.61
1.556
1.556
0.6581
0.0
0.9486
0.0
1.513
1.307
1.26
1.307
1.307
0.5265
0.6193
0.0
0.9353
0.5479
0.5479
0.2278
0.0
0.8161
0.0
0.9946
1.25
1.215
1.25
1.25
0.7229
0.4692
6.925e-08
0.5535
0.0
5.493e-08
0.5949
0.6754
0.6754
0.8055
0.7614
0.6754
0.6754
0.2788
0.0
0.5852
0.0
0.9465
0.9695
1.033
0.9695
0.9695
0.3146
0.0
0.2971
0.1828
0.3571
0.3901
0.5422
0.4499
0.4499
0.7561
0.0
0.5667
0.0
1.19
1.128
1.358
1.128
1.128
1.101
0.0
1.712
0.0
2.364
2.659
2.586
2.659
2.659
1.526
0.0
0.92
2.334
2.038
2.261
2.207
2.207
0.5146
0.0
0.7426
0.0
1.729
1.63
1.633
1.63
1.63
2.98e-08
0.0977
0.2159
0.1347
0.3589
0.4135
0.3856
0.3861
0.3856
0.6029
0.0
0.0
0.8242
0.6547
0.6684
0.6547
0.6547
0.4703
0.7349
3.852e-08
0.5523
0.0
1.109
0.8744
0.9185
0.7471
0.8744
0.8744
0.5926
0.0
0.5338
0.5768
0.0
0.8362
0.7692
0.6144
0.7945
0.6144
0.6144
0.5467
0.0
0.4371
0.0
0.8392
0.7212
0.9358
0.7212
0.7212
0.4448
0.0
0.5956
0.0
1.565
1.493
1.434
1.493
1.493
0.4596
0.0
0.6196
0.0
0.6061
0.6287
0.8156
0.6287
0.6287
0.5265
0.0
0.7173
0.0
1.659
1.729
1.751
1.729
1.729
0.4721
0.0
0.4161
0.0
0.6596
0.5793
0.7353
0.5793
0.5793
0.7373
0.0
0.5964
0.3214
1.353
1.501
1.434
1.514
1.514
0.4376
0.0
0.8703
0.5907
1.773
1.366
1.355
1.418
1.418
0.4672
0.8709
0.645
0.0
0.9085
0.5734
0.7091
1.02
0.5734
0.4929
0.0
1.034
0.0
1.716
1.349
1.318
1.349
1.349
0.4467
0.0
0.6794
0.0
1.744
1.578
1.626
1.578
1.578
0.3923
0.0
0.5437
0.6369
0.5747
0.5122
0.5747
0.5747
0.6894
0.0
0.9041
0.0
1.017
1.269
1.206
1.269
1.269
0.4745
0.1245
0.6122
0.0
1.437
1.412
1.509
1.414
1.412
0.1822
0.1822
0.6157
0.6157
1.042
1.042
1.188
1.188
1.154
0.6287
0.0
0.404
0.0
1.595
1.553
1.673
1.553
1.553
0.4782
0.0
0.812
0.0
0.9563
0.7571
0.9497
0.7571
0.7571
0.8869
0.5138
0.3607
0.356
1.508
1.463
1.335
1.483
1.502
0.8595
0.0
0.829
1.397
1.429
1.468
1.341
1.427
1.427
0.1984
0.2078
0.5742
0.0
1.562
1.115
1.137
1.102
1.115
0.6162
0.0
0.9183
0.0
1.675
1.74
1.76
1.74
1.74
0.9497
0.0
0.7467
0.1911
1.339
1.248
1.324
1.26
1.26
0.8332
0.0
1.113
0.0
1.409
1.155
1.013
1.155
1.155
0.6183
0.0
0.3536
0.239
1.236
1.371
1.165
1.393
1.393
0.4048
0.2465
1.179
0.0
1.634
1.841
1.832
1.862
1.841
0.7564
0.0
0.9121
0.3862
0.894
0.3862
0.3862
0.6814
0.0
0.5352
0.0
0.3144
0.407
0.6883
0.407
0.407
0.4506
0.0
0.2114
0.09872
0.5348
0.5089
0.2367
0.4899
0.4899
0.4702
0.0
0.0
0.0
1.086
1.086
0.7398
1.086
1.086
0.4342
0.1669
0.2846
0.0
1.392
1.438
1.468
1.415
1.438
0.6231
0.0
0.7198
0.0
0.7791
0.5382
0.8933
0.5382
0.5382
0.4358
0.0
0.2388
0.1532
1.019
1.054
1.07
1.04
1.04
0.4303
0.0
0.7512
0.0
1.485
1.456
1.467
1.456
1.456
0.8397
0.2052
0.8397
0.594
0.8397
0.2052
0.5592
0.0
0.6716
0.0
1.177
1.292
1.256
1.292
1.292
0.2974
0.2158
0.6884
0.6068
0.7528
0.649
0.649
0.8539
0.0
0.7756
0.0
0.9017
0.4523
0.9367
0.4523
0.4523
0.8107
0.0
1.717
1.706
1.749
1.706
1.706
0.9963
0.61
0.0
1.696
1.616
1.543
1.616
1.616
0.404
0.0
0.5265
0.8093
0.6921
0.7626
0.6921
0.6921
0.5071
0.385
0.4573
0.0
0.4995
0.6558
0.507
0.7643
0.6558
0.3934
0.5738
0.3062
0.0
1.062
1.048
1.029
1.032
1.048
0.4349
0.0
0.2176
0.0
0.7587
0.7547
0.8162
0.7547
0.7547
0.13
0.09562
0.7416
1.366
1.492
1.498
1.481
1.492
0.2469
0.0
1.157
0.0
1.225
0.6874
0.6939
0.6874
0.6874
2.033
0.5893
1.494
0.0
1.226
1.022
2.441
1.108
1.022
0.6844
0.0
0.7919
0.0
0.9507
0.7221
0.6603
0.7221
0.7221
0.9648
0.0
0.4601
0.294
0.4966
0.0
1.014
0.294
0.294
0.5132
0.0
0.9396
0.0
1.21
0.7986
0.6302
0.7986
0.7986
0.372
0.0
0.5216
0.0
1.344
1.364
1.298
1.364
1.364
0.5637
0.5024
0.1994
0.1451
0.4665
0.4071
0.7024
0.7343
0.4406
0.516
0.0
0.3744
0.0
1.031
0.9874
1.083
0.9874
0.9874
0.8988
0.2145
0.7598
0.0
1.602
1.677
1.695
1.686
1.677
0.5265
1.164
0.2518
0.9963
0.6897
0.8093
0.6921
0.6921
0.7987
0.0
0.2507
0.8032
1.097
0.9698
1.07
1.107
1.107
0.5308
0.0
0.5168
0.0
1.193
0.9737
1.02
0.9737
0.9737
0.6168
0.0
0.9231
0.917
0.8484
0.8784
0.9541
0.952
0.952
0.6892
0.0
0.488
0.0
1.491
1.413
1.324
1.413
1.413
0.6653
0.1715
0.957
0.827
1.254
1.126
1.454
1.315
1.312
0.7684
0.0
0.3993
0.2275
1.055
0.995
0.9451
0.9695
0.9695
0.3179
0.0
0.1325
0.1274
0.565
0.5563
0.4334
0.5849
0.5849
0.4344
0.0
0.5387
0.244
1.316
1.403
1.446
1.458
1.458
0.5532
0.2167
0.8021
0.0
0.8387
0.2402
0.5831
0.3004
0.2402
1.241
0.0
0.4912
0.0
1.811
1.889
1.889
1.889
1.241
0.0
0.7768
0.4253
1.722
1.569
1.274
1.582
1.582
0.4732
0.0
0.07772
0.05615
0.508
0.5028
0.61
0.4991
0.4991
0.3391
0.5189
0.5481
0.0
0.8825
1.059
1.043
0.8702
1.059
0.4277
0.5614
0.4123
0.0
0.4784
0.7607
0.8381
0.7498
0.7607
0.2793
0.0
0.6136
0.0
0.5095
0.6789
0.7334
0.6789
0.6789
0.9532
0.0
0.2852
0.0
1.14
1.049
1.232
1.049
1.049
0.3655
0.3332
0.7772
0.2906
0.9451
0.9853
0.9654
0.9365
0.9117
0.0
0.2187
0.2884
0.0
0.2884
0.0
0.2187
0.0
0.549
0.2408
0.6047
0.0
1.074
0.9525
1.196
0.97
0.9525
0.0
0.2962
0.0
1.355
1.358
1.36
1.358
1.358
0.5517
0.0
0.3104
0.0
0.5436
0.5122
0.6882
0.5122
0.5122
0.6356
0.8162
0.7311
0.0
0.8757
0.6947
1.07
0.9721
0.6947
0.3896
0.0
0.3077
0.7447
0.8086
0.9528
0.7332
0.7932
0.7932
1.318
0.0
0.4929
0.0
0.8061
0.6505
1.311
0.6505
0.6505
1.417
1.457
1.194
1.588
1.686
1.459
1.805
1.672
1.812
0.656
0.0
0.5351
0.0
1.218
0.9125
0.9018
0.9125
0.9125
0.4926
0.0
0.7303
0.0
1.467
1.408
1.471
1.408
1.408
0.7635
0.4549
5.744e-08
0.7272
0.2253
1.233
1.505
1.576
1.446
1.444
1.444
0.8245
0.0
0.201
0.0
0.7943
0.7807
1.001
0.7807
0.7807
0.7605
0.3355
0.395
0.353
1.096
1.053
1.218
1.044
1.074
0.4263
0.0
0.6868
0.2508
0.7894
0.6103
0.7529
0.5801
0.5801
0.7098
0.9157
0.8276
0.0
1.161
1.173
1.257
1.523
1.173
0.6109
0.1795
0.6272
0.8881
1.738
1.46
1.852
1.699
1.694
0.564
0.2451
0.78
0.0
1.318
1.366
1.559
1.443
1.366
0.4854
0.3468
0.7042
0.4617
0.6067
0.4125
0.4617
0.6573
0.0
0.8161
1.693
1.638
1.643
1.638
1.638
0.9963
0.3456
0.4641
0.0
0.0
0.3456
0.4446
0.1344
0.9141
0.0
0.8874
0.5832
0.64
0.582
0.5832
0.8287
0.0
0.4401
0.2813
0.4623
0.7045
0.8109
0.5541
0.5541
0.5499
0.4152
0.7004
0.7249
0.393
0.8077
0.6696
0.1408
0.1581
0.3524
0.4466
0.5741
0.4946
0.5294
0.5155
0.5156
0.4996
0.5719
0.0
0.1866
1.486
1.47
1.429
1.466
1.486
0.51
0.1747
0.4357
0.0
0.6847
0.5415
0.3947
0.5799
0.5415
0.3123
0.0
0.6745
0.0
1.156
1.066
1.108
1.066
1.066
0.7724
0.9443
0.6133
0.0
1.802
1.663
1.789
1.743
1.663
1.328
0.0
1.628
1.676
2.061
1.811
1.791
1.774
1.774
0.5251
0.39
0.916
0.0
1.056
0.9619
0.9703
1.001
0.9619
2.91e-08
0.0
1.468e-08
0.3499
0.2127
0.4723
0.4458
0.4459
0.4723
0.4723
0.4723
0.0
0.0
0.4393
0.4978
0.8862
0.9336
0.7816
0.7816
0.7816
0.2871
0.7178
5.265e-08
0.2034
0.0
0.5852
0.6464
0.5984
0.7897
0.6464
0.6464
0.5919
0.4262
0.559
0.2223
0.0
0.7614
0.6736
0.7219
0.4942
0.6506
0.6736
3.449e-08
0.2243
0.0
0.3493
0.5409
0.4952
0.5214
0.6171
0.4952
0.4817
0.4952
0.5727
0.0
0.6144
0.0
0.8187
0.7706
0.9354
0.7706
0.7706
0.1281
0.0
4.694e-08
0.2225
0.0
0.4996
0.5024
0.4985
0.5024
0.5024
0.5024
0.0
0.5014
0.3719
0.2281
0.3965
0.3671
0.5029
0.3491
0.5961
0.5042
0.3491
0.0
0.0
5.879e-08
0.3135
0.5853
0.5217
0.5853
0.5853
0.5853
0.2723
0.0
0.0
0.0
0.7643
0.7646
0.7646
0.7213
0.8055
0.7646
0.7646
0.3473
0.7788
0.1024
0.3268
0.7187
0.7324
0.7368
0.9597
0.7203
0.1838
0.2311
0.5656
0.0
0.784
0.7184
0.6642
0.7365
0.7184
0.3404
0.0
0.1552
0.0
0.2808
0.7461
0.7326
0.71
0.7751
0.7326
0.7326
0.0
0.269
0.2346
0.0
0.3738
0.2174
0.2174
0.2579
0.2174
0.0
0.5563
0.1661
0.0
0.588
0.5348
0.5348
0.4527
0.5348
0.9189
1.017
4.892e-08
0.0
0.848
0.848
0.5922
0.737
0.848
0.0
0.373
0.1585
0.3231
0.0
0.2713
0.6775
0.7375
0.7577
0.7375
0.7803
0.7015
0.7375
0.2542
0.1799
0.2266
0.2466
0.2537
0.2608
0.2644
0.2335
0.1296
0.1089
0.0
0.1229
0.0
0.4429
0.4159
0.406
0.4159
0.4159
0.3113
0.5848
0.5996
0.2353
0.0
0.7431
0.7716
0.6645
0.9734
0.6887
0.7716
0.6221
0.891
0.2392
0.2856
1.206
1.309
0.8684
0.7758
1.208
0.2123
0.5343
0.0
0.2098
0.8758
0.7706
0.8387
1.032
0.8758
0.2436
0.9986
0.2102
0.0
0.4404
0.3878
0.4738
0.9895
0.3878
0.2337
0.0
0.2708
0.6113
0.6351
1.017
1.099
1.05
1.043
1.141
1.047
1.097
1.047
0.0
0.129
2.468e-08
0.0
0.5889
0.5889
0.5889
0.6048
0.5889
0.52
0.475
0.0
0.0
1.124
1.124
1.034
1.255
1.124
0.1987
0.6669
0.4218
0.4182
0.0
1.059
0.977
0.9632
1.036
0.9278
0.977
0.3718
0.3207
0.7191
0.0
0.8869
0.8849
0.8355
0.7467
0.8849
0.0
0.1408
0.2004
0.0
0.4217
0.4239
0.4239
0.3957
0.4239
0.7016
0.7595
0.3771
0.3975
1.071
1.11
0.8228
1.158
1.047
0.0
0.8564
0.0
0.542
0.7474
0.8083
0.7474
0.9711
0.7474
0.2028
0.0
0.4573
0.4925
0.6206
0.6153
0.7627
0.5509
0.7303
0.7494
0.7494
5.088e-08
0.0
0.0
0.5663
0.361
0.6697
0.361
0.361
0.361
0.0
0.3883
0.3925
0.3449
0.7086
0.7566
0.6969
0.7002
0.6969
0.24
0.4901
4.752e-08
0.0
0.4973
0.5837
0.563
0.6361
0.7261
0.5837
0.5837
5.005e-08
0.0
0.7504
0.0
1.041
0.6159
0.6159
0.6159
0.6159
0.3213
1.111
0.0
0.1803
0.4802
0.4767
0.4871
1.099
0.4802
0.0
0.0
0.3316
0.0
0.7007
0.7141
0.7141
0.7141
0.7141
0.0
0.1783
0.0
0.4897
0.6536
0.7028
0.6536
0.7084
0.6536
0.275
0.0
6.817e-08
0.0
0.06982
0.6301
0.642
0.5297
0.6301
0.6301
0.6301
0.1494
0.2161
3.377e-08
0.1293
0.0
0.3638
0.3624
0.3609
0.3796
0.3624
0.3624
0.0
0.1418
0.0
0.0
0.4046
0.4046
0.4046
0.441
0.4046
0.1937
0.3512
0.1268
0.0
0.5288
0.5145
0.5421
0.4314
0.5145
0.4275
0.2965
0.0
0.0
0.306
0.9011
0.9011
0.8795
0.7307
0.9301
0.9011
0.1365
0.8363
0.0
0.0
0.5425
1.055
1.055
0.8512
1.063
1.227
1.055
0.4951
0.0
5.195e-08
0.0
0.944
0.944
0.7627
0.944
0.944
0.1704
0.3285
0.0
0.5723
0.8664
0.8049
0.8681
1.021
0.8664
3.216e-08
0.0
0.2158
0.3136
0.5108
0.5799
0.8385
0.6403
0.6403
0.6724
0.6403
0.8047
0.0
0.2968
0.1267
2.546e-08
1.081
1.093
1.112
1.086
1.112
1.112
0.1559
0.0
0.1242
0.5122
0.3265
0.5325
0.458
0.5335
0.5527
0.5232
0.5232
0.0
0.4287
0.2597
0.3439
0.6812
0.7429
0.6687
0.7119
0.6687
2.646e-08
0.0
0.0
0.9907
0.195
0.3952
0.9628
0.4704
0.3952
0.3952
0.3952
4.174e-08
0.0
0.2281
0.2967
0.5013
0.6927
0.6235
0.7286
0.6468
0.6468
0.6468
0.1956
0.1342
0.2956
0.0
0.3502
0.3892
0.4611
0.4146
0.3892
0.0
0.0
0.4352
0.0
0.6348
0.657
0.657
0.657
0.657
4.935e-08
0.2086
0.4314
0.0
0.7915
0.973
0.973
1.005
0.973
0.3363
0.0
0.1711
0.2784
0.3413
1.083
1.047
1.081
1.105
1.082
1.082
2.961e-08
0.0
0.0
0.561
0.6177
0.5191
0.6177
0.6177
0.6177
0.1685
0.0
0.1994
0.2034
0.0
0.5087
0.5414
0.566
0.5414
0.572
0.5414
0.1106
0.0
0.134
0.2101
0.1546
0.3336
0.3539
0.4065
0.3722
0.3714
0.3714
0.1791
0.0
0.0
0.3452
0.3452
0.3519
0.3452
0.3856
0.0
0.0
0.225
0.6914
0.7033
0.6477
0.6914
0.6914
3.444e-08
0.4766
0.1919
0.1311
0.6809
0.6176
0.6248
0.4604
0.6248
0.49
0.0
0.0
0.0
0.2069
0.8328
0.8328
0.8517
0.9064
0.8328
0.8328
0.0
0.0
0.0
0.537
0.537
0.537
0.537
0.537
0.7752
0.6977
0.4024
0.518
1.046
1.035
1.161
0.786
1.067
0.4307
0.517
0.0
0.0
0.6498
0.6498
0.6664
0.5687
0.6498
4.854e-08
0.1966
0.4261
0.4831
0.6306
0.677
0.6293
0.7327
0.6293
0.1618
0.0
0.0
0.0
1.126
1.126
1.162
1.126
1.126
0.0
0.4921
0.2729
0.0
0.7986
0.7763
0.7763
0.7121
0.7763
0.3342
0.0
4.574e-08
0.4851
0.4325
0.6945
0.7277
0.6397
0.5806
0.5806
0.5806
0.0
0.0
0.1635
0.2018
0.4566
0.4421
0.4624
0.4624
0.4624
0.1623
0.5424
0.2246
0.0
0.2257
0.546
0.6202
0.6663
0.6346
0.6037
0.6202
0.2699
0.1764
4.759e-08
0.1583
0.6589
0.634
0.5714
0.6986
0.6589
0.1958
0.404
0.1655
0.0
0.5671
0.6478
0.7496
0.7236
0.6478
0.2262
0.3207
0.0
0.9249
0.652
1.383
0.7018
0.7945
0.652
5.253e-08
0.3224
0.1086
0.7278
0.626
0.9891
0.6012
0.6128
0.6012
0.2935
0.08259
0.2194
0.0
0.6135
0.4909
0.4004
0.5002
0.4909
0.1605
0.3416
0.0974
0.0
0.551
0.5232
0.5065
0.6502
0.5232
0.3495
0.0
0.0
0.4292
0.2707
0.5424
0.6945
0.6329
0.499
0.5424
0.5424
0.3705
0.0
0.5555
0.5945
1.073
0.8123
0.7119
0.8062
0.8062
0.0
0.132
0.4736
0.0
0.6126
0.7998
0.8209
0.9808
0.8209
0.8658
0.8209
0.0
0.1825
0.6589
0.6132
0.5819
0.8009
0.6373
0.6211
0.6373
0.4307
0.0
0.117
0.0
0.659
0.6674
0.6177
0.6674
0.6674
0.4191
0.3731
0.6554
0.2524
0.0
0.7045
0.6008
0.4942
0.6476
0.7104
0.6008
0.0
0.0
0.1359
0.2438
0.8309
0.861
0.8032
0.8032
0.8032
0.273
0.0
0.2391
0.0
0.6829
0.6338
0.6473
0.6338
0.6338
5.406e-08
0.6529
4.999e-08
0.617
1.028
1.102
1.028
0.9589
1.028
0.0
0.0
0.1575
0.2239
0.8031
0.6503
0.8418
0.6069
0.6069
0.6099
0.6069
0.4935
0.0
0.0
0.393
0.5898
0.7643
0.537
0.5898
0.5898
0.0
0.4361
0.509
0.5755
0.0
0.8359
1.183
1.183
1.181
1.108
1.183
0.4768
0.0
0.0
0.0
0.8841
0.8841
0.8449
0.8841
0.8841
0.0
0.6617
0.1346
0.2443
4.911e-08
0.6719
0.5993
0.6813
0.6813
0.9066
0.6813
0.5055
0.862
0.439
0.0
0.866
0.8858
0.7857
1.108
0.8858
0.0
0.1761
5.309e-08
0.0
0.324
0.324
0.324
0.369
0.324
0.6472
0.7322
0.3164
0.0
0.8143
0.7211
0.6432
0.8021
0.7211
0.2798
0.0
5.001e-08
0.4115
0.4839
0.6271
0.5235
0.4839
0.4839
2.276e-08
0.0
0.0
0.2537
0.7062
0.7348
0.7062
0.7062
0.7062
0.1138
0.0
0.2267
0.0
0.2876
0.1911
0.2333
0.1911
0.1911
0.0
0.2375
1.936e-08
0.0
0.3911
0.3911
0.3911
0.4983
0.3911
0.146
0.0
4.062e-08
0.0
0.1374
0.5967
0.6203
0.5263
0.5967
0.5967
0.5967
0.0
0.0
0.2857
0.5805
0.8847
1.137
0.8832
0.8832
0.8832
0.0
0.2499
0.3428
0.1453
0.05744
0.5841
0.5951
0.6027
0.5373
0.5091
0.6027
0.0
0.0
0.31
0.1463
0.293
0.3783
0.3855
0.4087
0.3939
0.3939
0.3939
0.2924
0.885
0.0
0.4121
0.3822
0.8651
0.9712
0.8613
0.8773
0.8958
0.8651
0.5944
0.0
0.1558
0.0
0.1494
0.852
0.8135
0.815
0.691
0.8135
0.8135
0.2889
0.3366
0.0
0.0
0.6519
0.6519
0.5952
0.6865
0.6519
0.1709
0.514
0.1622
0.0707
0.6934
0.6922
0.7373
0.8149
0.6983
0.3705
0.0
0.6443
0.0
0.9217
1.042
0.9128
1.042
1.042
0.0
0.2474
0.0
0.0
0.3972
0.3972
0.3972
0.458
0.3972
0.2457
0.0
0.3555
2.072e-08
0.3183
0.7101
0.7118
0.6166
0.7101
0.7013
0.7101
0.0
0.6563
0.4499
0.0
0.9505
0.9925
0.9925
0.6054
0.9925
0.2187
0.6553
0.1562
0.1394
0.1257
0.5758
0.5389
0.5436
0.9226
0.4916
0.5214
0.1529
0.0
0.0
0.0
0.3493
0.3493
0.347
0.3493
0.3493
0.1309
0.4966
0.1343
0.0
0.4397
0.395
0.4031
0.5482
0.395
0.2689
0.0
0.3773
0.3254
0.8228
0.8283
0.9805
0.9352
0.9352
0.3534
0.3465
0.2149
0.0
0.6206
0.6205
0.4997
0.5373
0.6205
0.295
0.0
0.0
0.3559
0.1878
0.8407
0.8088
0.884
0.8073
0.8073
0.8073
0.0
0.0
0.42
0.4094
0.7783
0.6106
0.6439
0.6439
0.6439
0.1971
0.0
0.0
0.3684
5.154e-08
0.5085
0.5208
0.5085
0.6006
0.5085
0.5085
0.3085
0.0
0.2357
0.2419
0.6395
0.5944
0.5208
0.6055
0.6055
0.0
0.4665
0.4648
0.0
0.4648
4.382e-08
4.382e-08
0.4665
4.382e-08
0.4261
0.6225
3.066e-08
0.4486
0.5768
0.6648
0.7373
0.4648
0.6833
0.4096
0.4096
0.154
0.0
0.2098
0.2826
0.1988
0.6058
0.6406
0.6222
0.6545
0.6966
0.6545
0.0
0.0
0.6583
0.0
0.7145
0.5539
0.5539
0.5539
0.5539
0.4789
0.0
0.6746
0.0
0.0
0.6758
0.6758
0.8189
0.6758
0.8423
0.6758
0.1868
0.3162
0.3827
0.0
0.6094
0.5737
0.6451
0.6704
0.5737
0.3391
0.0
0.162
0.06515
0.3827
0.7915
0.7498
0.5958
0.7388
0.753
0.753
0.5088
0.0
0.0
0.4001
1.273
1.29
1.085
1.273
1.273
0.3072
0.0
0.3836
0.2387
5.361e-08
0.6252
0.6379
0.6386
0.6343
0.6386
0.6386
0.2653
0.0
0.2102
0.379
0.575
0.4852
0.5526
0.5683
0.5683
0.0
0.3328
5.329e-08
0.0
0.0
0.5607
0.5607
0.5607
0.7005
0.5607
0.5607
0.2572
0.3715
0.2572
0.1258
0.2601
0.4875
0.5632
0.5213
0.5216
0.5213
0.497
0.1612
0.09036
0.1079
0.2715
0.0703
0.5569
0.5553
0.5375
0.5618
0.5405
0.5458
0.0
0.0
0.3381
0.0
4.925e-08
0.8053
0.8632
0.8632
0.8632
0.8632
0.8632
0.1681
0.0
0.4982
0.6454
0.5053
0.6325
0.7487
0.7299
0.7299
0.5098
0.0
0.0
0.0
0.7446
0.7446
0.6811
0.7446
0.7446
0.1228
0.09175
0.3918
0.0
0.2438
0.9499
0.997
0.8542
0.9493
0.9744
0.997
2.361e-08
0.1176
0.0
0.0
0.444
0.444
0.444
0.4556
0.444
0.387
0.0
5.422e-08
0.08973
0.0
0.1939
0.1681
0.423
0.1681
0.1681
0.1681
0.159
0.7815
0.126
0.0
0.2926
0.2857
0.2667
0.8064
0.2857
0.0
0.0
0.1865
0.8124
0.8722
0.6191
0.7726
0.7754
0.7754
0.7162
0.7754
0.6063
0.0
3.653e-08
0.3068
0.4163
1.025
1.132
1.033
1.147
1.025
1.025
0.0
0.0
0.2188
0.3344
0.4524
0.7836
0.6889
0.8836
0.7195
0.7195
0.7195
0.3078
0.0
0.0
0.3611
0.8985
0.9544
0.8484
0.8985
0.8985
0.5827
0.3627
0.0
0.3668
0.0
0.9642
1.005
0.9642
0.9725
1.004
0.9642
0.0
0.2503
0.0
0.0
0.3867
0.3867
0.3867
0.4085
0.3867
0.2447
0.703
0.4308
0.5854
0.464
0.7184
0.6692
0.967
0.5968
0.0
0.0
0.2674
0.2183
0.7238
0.7056
0.7083
0.7083
0.7083
0.0
0.0
0.2976
0.2598
0.6471
0.7103
0.755
0.755
0.755
0.4589
0.0
0.4416
0.4416
0.6804
0.4416
0.6804
0.4589
0.0
0.4416
0.0
0.2343
0.2786
0.2685
0.0
0.3726
0.3524
0.4355
0.475
0.3524
0.0
0.4754
0.6094
0.0
0.7332
0.6285
0.6285
0.7599
0.6285
0.1816
0.2233
0.2893
0.0
0.0
5.8e-08
0.5882
0.5882
0.5882
0.5812
0.5899
0.6378
0.5882
0.1378
0.5908
0.6113
0.0
0.6967
1.14
1.1
1.113
1.119
1.054
1.1
4.07e-08
0.0
4.385e-08
0.1756
0.2424
0.5398
0.5516
0.5408
0.5408
0.5408
0.5408
3.714e-08
0.5032
0.2923
0.2928
0.5287
0.626
0.5184
0.555
0.5184
0.0
0.0
0.4173
0.0
0.731
0.6483
0.6483
0.6483
0.6483
0.2451
0.5826
3.403e-08
0.0
4.169e-08
0.3752
0.3752
0.3752
0.3427
0.8085
0.3752
0.0
0.3035
0.4079
0.0
0.6118
0.5352
0.5352
0.5876
0.5352
0.4178
0.0
0.1334
0.0
0.8609
0.8713
0.8194
0.8713
0.8713
0.0
0.0
0.2177
0.2718
0.4446
0.6055
0.5768
0.6155
0.6155
0.6317
0.6155
0.2038
0.2595
0.1846
0.2279
0.0
0.5582
0.6367
0.6757
0.6392
0.6368
0.6367
0.2081
0.2284
0.0
0.2852
0.402
0.4868
0.4142
0.4647
0.402
0.0
0.1809
0.1062
0.3333
0.2598
0.5247
0.5369
0.5969
0.5547
0.5571
0.5547
0.0
0.0
0.2018
0.0
0.8781
0.8249
0.8249
0.8249
0.8249
0.2151
0.0
0.2151
0.358
1.916
1.027
1.706
0.9654
0.9688
0.9654
0.9688
0.4741
0.0
0.3359
0.2556
0.7771
0.765
0.5303
0.7241
0.7241
0.8626
0.0
0.913
0.0
0.443
0.8884
0.9286
1.153
0.8884
1.137
0.8884
0.2776
0.4801
0.1608
0.0
0.5323
0.5124
0.406
0.5371
0.5124
0.0
0.0
0.1508
0.1908
0.4733
0.5365
0.7452
0.5695
0.5695
0.5358
0.5695
0.0
0.0
0.1166
0.27
0.2818
0.3673
0.2534
0.2534
0.2534
0.2089
0.0
0.1827
0.0
0.2152
0.5152
0.4961
0.4951
0.5312
0.4961
0.4961
2.973e-08
0.2031
0.2074
0.0
0.3826
0.3554
0.3554
0.3946
0.3554
0.0
0.3392
5.284e-08
0.488
0.2486
0.7241
0.4624
0.4897
0.5035
0.4897
0.4897
0.142
3.495e-08
0.3255
1.029
0.768
0.9255
0.7788
0.7866
0.7866
0.4106
0.0
5.536e-08
0.0
0.3845
0.6604
0.7602
0.7127
0.6604
0.6604
0.6604
0.0
0.0
0.3497
0.0
0.4499
0.5554
0.5554
0.5554
0.5554
0.2523
0.412
6.251e-08
0.0
0.0
0.9621
0.9621
0.9155
0.8748
0.9621
0.9621
0.0
0.2257
0.09133
0.0
0.3291
0.313
0.313
0.3372
0.313
0.2058
0.0
0.0
0.0
0.4238
0.4238
0.4398
0.4238
0.4238
0.1757
0.3074
4.706e-08
0.1484
1.21
0.7898
1.182
0.9013
0.8938
0.8822
0.8822
0.0
0.0
0.2772
0.3425
1.008
0.9379
1.028
1.028
1.028
0.0
0.0
0.3715
0.3205
0.305
0.7513
0.7603
0.8514
0.8514
0.9786
0.8514
3.848e-08
0.5127
5.358e-08
0.0
0.5672
0.6306
0.6306
0.62
0.6306
0.7802
0.6306
0.1864
0.0
0.0
0.3053
0.6074
0.5637
0.5903
0.6843
0.614
0.5637
0.5637
0.09974
0.0
0.1416
0.04935
0.5743
0.5009
0.4745
0.4981
0.4981
0.3674
0.0
0.8047
0.1516
1.26
0.8168
0.9118
0.8201
0.8201
0.4814
0.0
0.0
0.2939
0.6645
0.6869
0.629
0.6645
0.6645
0.1923
0.1413
0.1656
0.0
0.9379
0.9136
0.8999
0.9213
0.9136
0.8358
0.0
0.6493
0.3692
0.868
0.9869
1.025
0.9473
0.9473
0.1462
0.04992
0.2362
0.1717
0.4991
0.5218
0.5223
0.522
0.5203
0.3454
0.4998
0.5243
0.0
0.5243
0.0
0.3454
0.4998
0.0
0.2937
0.3415
0.0
0.0
0.7758
0.7758
0.7596
0.8685
0.7758
0.1935
0.0
0.1719
0.0
0.4967
0.5234
0.6409
0.5234
0.5234
0.1592
0.0
0.4792
0.0
0.6035
0.4867
0.5136
0.4867
0.4867
0.253
0.08921
0.3083
0.2146
0.05564
0.5259
0.5573
0.5773
0.5457
0.4552
0.5499
0.5212
0.0
0.4079
0.306
0.9668
0.7368
0.6971
0.715
0.715
0.3072
0.0
0.313
0.2472
0.4231
0.3478
0.4166
0.2568
0.2568
0.3779
0.0
0.0
0.02752
0.6876
0.6872
0.6752
0.6876
0.6876
0.08355
0.0
0.1137
0.08583
0.09357
0.4077
0.3997
0.4165
0.4065
0.4176
0.4065
0.9573
0.0
0.3967
0.0
0.8294
0.6373
0.9756
0.6373
0.6373
0.1456
0.1077
0.3685
0.0
1.02
1.072
1.073
1.07
1.072
0.2455
0.0
0.2752
0.0
0.8792
0.7557
0.7415
0.7557
0.7557
0.4561
0.1996
0.1482
0.0
0.6794
0.6724
0.7647
0.6993
0.6724
0.2761
0.246
0.2202
0.0
0.5573
0.5249
0.4773
0.5964
0.5249
0.3027
0.2823
6.265e-08
0.1999
0.2484
0.4794
0.4772
0.5642
0.4964
0.4982
0.4982
0.6
0.6717
0.3007
0.2708
0.7587
0.8469
1.096
1.014
0.7569
0.24
0.05211
0.5414
0.0
0.7387
0.5389
0.4845
0.9314
0.6293
0.4834
0.4845
0.2663
0.0
0.1687
0.3069
0.5357
0.5612
0.6105
0.5336
0.5336
0.3032
0.4987
0.383
0.114
0.9181
0.8395
0.8169
1.191
0.8637
0.1263
0.124
0.1681
0.0
0.661
0.6471
0.5702
0.6481
0.6471
0.507
0.5551
0.3974
0.2193
0.5363
0.4722
0.5653
0.6379
0.4013
0.2551
0.0
0.191
0.0
0.6943
0.6934
0.67
0.6934
0.6934
0.0
0.0
0.5551
0.1801
0.8002
0.6407
0.6164
0.6164
0.6164
0.097
0.1665
0.2306
0.1608
0.3663
0.4986
0.4881
0.5314
0.4877
0.7744
0.1623
0.04313
0.08026
0.6517
0.6847
0.9275
0.6179
0.6432
0.5114
0.5625
0.3683
0.1577
0.3041
0.4858
0.4941
0.6775
0.4903
0.1073
0.1971
0.1624
0.09016
0.5145
0.5212
0.5044
0.5435
0.5137
0.276
0.4207
0.4223
0.3234
0.4694
0.3637
0.3315
0.5118
0.3341
0.2643
0.3091
0.335
0.1248
0.6867
0.598
0.5635
0.6184
0.5641
0.4368
0.0
0.1766
0.2648
0.9697
0.8555
0.7964
0.8626
0.8626
0.2323
0.09175
0.2156
0.0
1.054
1.078
1.098
1.077
1.078
0.2613
0.168
1.31
1.414
1.686
1.788
1.01
1.056
1.08
0.2833
0.2761
0.3122
0.1836
0.4608
0.5683
0.6213
0.6125
0.559
0.2181
0.2029
0.0
0.4368
0.4683
0.5028
0.4683
0.5609
0.1021
0.3691
0.07402
0.7759
0.7206
0.6187
0.71
0.7105
0.449
0.0
0.1451
0.1662
0.7699
0.7831
1.029
0.76
0.76
0.2197
0.4427
0.1155
0.0871
0.6484
0.6015
0.6332
0.6327
0.6129
0.2889
0.1268
0.3327
0.2725
0.4672
0.3679
0.3787
0.2843
0.2635
0.3648
0.3521
0.2422
0.0
0.4956
0.4667
0.4698
0.4761
0.4667
0.2523
0.2414
0.2495
0.0
0.5136
0.4779
0.4973
0.4737
0.4779
0.5114
0.09722
0.4042
0.1436
0.6919
0.45
0.5579
0.4312
0.4301
0.1075
0.2801
0.3703
0.0
0.8968
0.7506
0.7605
0.7336
0.7506
0.3517
0.5121
0.3895
0.7635
0.68
0.9762
0.8098
0.7926
0.7089
0.2655
0.08381
0.2965
0.1609
0.4593
0.4504
0.5152
0.4492
0.4455
0.8908
0.4773
0.6726
0.7563
1.317
1.251
1.785
1.301
1.262
0.183
0.0
3.192e-08
0.1473
0.3815
0.4048
0.3296
0.3815
0.3815
0.09243
0.2503
0.1211
0.1628
0.3416
0.3961
0.3678
0.4797
0.3767
0.3808
0.5108
0.0
0.1045
0.6759
0.648
0.6801
0.8974
0.6759
0.2444
0.0
0.6417
0.4664
0.8821
0.8661
0.9423
0.8952
0.8952
0.2053
0.3087
0.2332
0.08366
0.6309
0.6141
0.6164
0.6123
0.6095
0.793
0.0
0.3898
0.3383
0.9733
0.9308
0.9087
0.8886
0.8886
0.6164
0.2614
0.3262
0.0
1.103
0.9436
1.1
0.9832
0.9436
0.2209
0.0
0.1691
0.08797
0.8555
0.8287
0.7754
0.826
0.826
0.7054
0.3287
1.304
0.0
1.361
1.275
1.784
1.276
1.275
0.237
0.157
0.3591
0.0
0.5436
0.5535
0.6544
0.5598
0.5535
0.1843
0.464
0.2106
0.05235
0.6525
0.7071
0.7385
0.6967
0.7053
0.06558
0.1891
0.1204
0.1073
0.4007
0.3636
0.3915
0.3819
0.3825
0.3394
0.402
0.13
0.2604
0.4033
0.36
0.3302
0.4416
0.4024
0.1824
0.0
4.449e-08
0.0
0.5943
0.5943
0.6321
0.5943
0.5943
0.2204
0.1482
0.1764
0.1562
0.7495
0.6987
0.6958
0.7231
0.7212
0.296
0.1124
0.3793
0.2686
0.5767
0.697
0.7478
0.6043
0.5868
0.3303
0.06874
0.1003
0.07495
0.5308
0.5084
0.5985
0.4928
0.4997
0.2172
0.2557
0.0
0.903
0.9091
0.989
0.9091
0.3363
0.0
0.2175
0.08757
0.3979
0.3511
0.0
0.3363
0.3363
0.4922
0.3103
0.3716
0.2009
0.7474
0.7432
0.8605
0.8009
0.7417
0.1726
0.04774
0.3148
0.0
1.06
0.9458
0.9418
0.9425
0.9458
0.1867
0.0
0.1612
0.0
0.6534
0.6701
0.7356
0.6701
0.6701
0.762
0.2739
0.3628
0.7718
0.4384
0.8318
0.7927
0.3414
0.2312
0.0
0.3678
0.1239
0.531
0.5777
0.5785
0.5785
0.5785
0.1314
0.4724
0.05021
0.09552
0.6089
0.6084
0.6251
0.6984
0.6121
0.1844
0.2879
0.08545
0.02807
0.4837
0.5087
0.5193
0.5651
0.5093
0.3109
0.0
0.2993
0.0
0.4575
0.5824
0.606
0.5824
0.5824
0.3669
0.474
0.4169
0.0
0.7361
0.6465
0.5965
0.6751
0.6465
0.6341
0.0
0.6232
0.0
0.6235
0.322
0.7141
0.322
0.322
0.3016
0.3043
0.3432
0.1625
0.6318
0.6608
0.658
0.7128
0.6692
0.0
0.0
0.4168
0.1651
0.6303
0.6529
0.5949
0.5949
0.5949
0.1632
0.1484
0.1684
0.0938
0.6573
0.6582
0.703
0.6492
0.6504
0.4536
0.3183
0.2691
0.2603
0.6577
0.6735
0.7434
0.7363
0.6526
0.4678
0.1999
0.3284
0.09178
0.3717
0.4774
0.7553
0.4505
0.4582
0.2002
0.1883
0.156
0.165
0.4878
0.4729
0.4591
0.4802
0.4454
0.2618
5.505e-08
0.2757
0.0
0.5256
0.433
0.5231
0.433
0.433
0.6029
0.09149
0.3064
0.1491
0.4584
0.5253
0.9149
0.5044
0.4991
0.6669
0.8968
2.396e-08
0.1466
0.8988
0.9124
0.9564
1.037
0.8988
0.2932
0.3224
0.2002
0.1457
0.6157
0.6388
0.6806
0.6114
0.65
0.1524
0.2525
0.6093
0.3929
0.7376
0.6118
0.544
0.4865
0.5446
0.1084
0.2904
0.5297
0.0
0.6685
0.8861
0.8882
0.944
0.8861
0.1727
0.05344
4.184e-08
0.0
0.6275
0.6275
0.6274
0.6305
0.6275
4.967e-08
0.971
0.4435
0.3898
0.8009
0.8997
0.8887
1.156
0.8887
0.09545
0.0
0.2804
0.0599
0.6401
0.6442
0.6281
0.6417
0.6417
0.08841
0.06024
0.3461
0.3656
5.353e-08
0.5895
0.6089
0.643
0.6667
0.6491
0.643
0.4768
0.0
0.8218
0.3682
0.9021
0.9944
0.9862
0.9161
0.9161
0.2642
0.7049
0.2977
0.0
0.7642
0.7981
0.7534
0.7574
0.7981
0.5617
0.5528
0.2739
0.2568
0.8161
0.7652
0.7144
0.6695
0.7781
0.6324
0.0
0.185
0.03772
0.9196
0.9333
1.382
0.9323
0.9323
0.5363
0.0
0.5489
0.0
0.7577
0.7382
0.8235
0.7382
0.7382
0.3037
0.0
0.0
0.04844
0.3702
0.3719
0.4612
0.3702
0.3702
0.1033
0.07411
0.161
0.0
0.6778
0.7057
0.6943
0.7041
0.7057
0.5867
0.0
0.2885
0.08013
0.7939
0.8467
0.6287
0.8333
0.8333
0.3918
0.0
0.2748
0.0
0.6345
0.4826
0.4966
0.4826
0.4826
0.4168
0.0
0.4133
0.4369
0.4133
0.4369
0.4168
0.0
0.0
0.1607
0.2693
0.2327
0.0
0.4138
0.3845
0.4221
0.455
0.3845
0.6265
0.2156
0.3933
0.0
0.8116
0.6337
0.6318
0.6979
0.6337
0.3219
0.0
0.1734
0.0
0.7342
0.7231
0.7161
0.7231
0.7231
0.0
0.0
0.2367
0.0
0.7065
0.6399
0.6399
0.6399
0.6399
0.2795
0.06812
0.1692
0.4379
0.5785
0.659
0.5058
0.5581
0.557
0.4777
0.4443
0.1366
0.06435
0.6531
0.6404
0.5248
0.6411
0.633
0.6086
0.3462
0.7264
0.0
0.8654
0.9251
0.6358
0.9751
0.9251
0.5082
0.2549
0.2806
0.0
0.9265
0.8683
0.7611
0.8933
0.8683
0.6001
0.6969
0.0
0.4512
0.5568
0.6603
0.7452
0.7837
0.5568
0.1988
0.1246
0.1784
0.06572
0.7665
0.7811
0.7988
0.8019
0.7831
0.4586
0.1164
0.3078
0.08595
0.8817
0.8364
0.83
0.862
0.8476
0.0
0.267
0.2386
0.09151
0.581
0.5971
0.5875
0.5781
0.5875
0.3641
0.0
0.3354
0.09178
0.0
0.3355
0.2848
0.3354
0.3354
0.1038
0.09977
0.1145
0.0
0.2455
0.2801
0.3127
0.2947
0.2801
1.488
0.5516
0.6033
0.238
1.109
1.598
1.124
1.656
1.595
0.4891
0.1145
0.3315
0.105
0.8482
0.8486
0.8598
0.8408
0.8401
0.08681
0.02283
0.8045
0.1589
1.116
0.8551
0.8589
0.868
0.8626
0.6028
0.0
0.5083
0.0
1.313
1.201
1.208
1.201
1.201
0.261
0.09089
0.0
0.04479
0.6688
0.6674
0.8591
0.6752
0.6688
0.8557
0.0
0.3637
0.07945
1.028
0.8582
0.7567
0.8585
0.8585
1.073
0.3412
0.4568
0.0
1.006
0.7977
0.6577
0.7229
0.7977
0.1641
0.0477
0.2035
0.0
0.6159
0.6427
0.6517
0.639
0.6427
0.2742
0.3922
0.0
0.05915
0.6228
0.6404
0.5895
0.617
0.6228
0.2287
0.1106
0.2291
0.2107
0.4508
0.4056
0.4154
0.432
0.4035
0.2637
0.1963
0.3845
0.2309
0.6409
0.693
0.7393
0.7471
0.7217
0.0
0.09835
0.0
0.0
0.2778
0.2778
0.2778
0.285
0.2778
0.2429
0.2148
0.2673
0.1899
0.5961
0.6339
0.6456
0.6235
0.6184
0.5329
0.0
0.6787
0.2511
0.9177
0.6134
0.4697
0.5879
0.5879
0.2251
0.1448
6.544e-08
0.2604
0.1939
0.5082
0.451
0.4542
0.4567
0.4434
0.4434
0.2198
0.0545
0.13
0.0
0.5281
0.53
0.5239
0.5329
0.53
0.1794
0.2399
0.1507
0.05607
0.5
0.5294
0.5682
0.4656
0.5262
0.0
0.9694
0.1954
0.06852
0.9721
0.9526
0.951
1.058
0.951
0.4583
0.3738
0.1687
0.05439
0.7627
0.7698
0.7177
0.7195
0.7653
0.2695
0.05407
0.2514
0.1463
0.4524
0.4445
0.4659
0.4409
0.4301
0.128
0.08298
0.2078
0.0
0.3628
0.378
0.339
0.3908
0.378
0.0
0.0
0.5682
0.08251
0.8966
0.8228
0.8281
0.8281
0.8281
0.5004
0.5633
0.2282
0.2904
0.7802
0.8578
0.8076
0.8138
0.8372
0.4828
0.1339
0.3674
0.2334
0.6099
0.7247
0.7767
0.6784
0.6662
0.2065
0.07787
0.171
0.2007
0.6962
0.7476
0.6839
0.68
0.6812
0.2008
0.1346
0.3112
0.0
0.511
0.5028
0.5025
0.5124
0.5028
0.1211
0.0342
0.42
0.0
0.8154
0.6257
0.6306
0.6274
0.6257
0.5475
0.0
0.1985
0.0
0.6469
0.719
0.684
0.719
0.719
0.0
0.07133
0.1149
0.06933
0.5829
0.5937
0.5849
0.5905
0.5849
0.3077
0.0
2.883e-08
0.1052
0.3122
0.3155
0.2274
0.3122
0.3122
0.0
0.0
0.5558
0.0
0.7405
0.9417
0.9417
0.9417
0.9417
0.2152
0.1419
0.07685
0.03373
0.5089
0.5168
0.5618
0.5132
0.5097
0.0
0.0
0.0
0.1571
0.6748
0.6512
0.6748
0.6748
0.6748
0.2535
0.1926
0.1771
0.3423
0.3639
0.5782
0.3974
0.3592
0.3422
1.585
0.0
0.1507
0.2639
1.591
1.481
1.4
1.594
1.594
0.4195
0.2375
0.2131
0.0
0.767
0.7231
0.8073
0.726
0.7231
0.1552
0.04
0.3886
0.0
0.5806
0.5186
0.5263
0.5234
0.5186
0.2845
0.1008
0.1266
0.1713
0.6094
0.603
0.6449
0.5909
0.5998
0.594
0.0
0.5057
0.1351
0.979
0.9868
0.9528
0.9765
0.9765
0.2443
0.1317
1.244
0.0
0.9462
1.401
1.42
1.387
1.401
0.5
0.169
0.3115
0.0
0.4767
0.605
0.6314
0.6031
0.605
0.04868
0.03522
0.2707
0.1033
0.6483
0.6669
0.6511
0.6541
0.6565
0.4656
0.3485
0.0
0.05126
1.226
1.231
0.9454
1.167
1.226
0.1451
0.0
0.1225
0.04563
0.4383
0.43
0.4798
0.4248
0.4248
0.2086
0.1914
1.47
0.0
1.347
0.9734
0.9724
0.957
0.9734
0.4341
0.3025
0.2705
0.1894
0.513
0.4988
0.6356
0.6001
0.5295
0.1674
0.1219
0.1631
0.0904
0.8017
0.8229
0.8219
0.8231
0.8196
0.5012
0.0
0.4787
0.0
0.8093
0.7867
1.002
0.7867
0.7867
0.0
0.2839
0.0
0.0
1.181
1.181
1.181
1.272
1.181
0.333
0.0
0.6129
0.678
1.083
0.972
1.04
1.01
1.01
0.415
0.5276
0.0
0.1563
0.0
0.6215
0.6358
0.6715
0.7417
0.6358
0.6358
0.3191
0.0
0.134
0.0
0.3125
0.2618
0.3381
0.2618
0.2618
0.1469
0.2004
0.1766
0.03948
0.6321
0.661
0.6659
0.6687
0.6635
0.0
0.1639
0.4904
0.4086
0.9474
1.07
1.023
1.07
1.023
0.2232
0.05177
0.2957
0.2993
0.8142
0.7723
0.9034
0.7776
0.7675
0.1046
0.0
0.05907
0.1725
0.4604
0.4579
0.4691
0.4609
0.4609
0.4762
0.5628
0.198
0.1721
0.9389
0.9706
1.206
0.8978
0.9345
0.5377
0.6698
1.294
0.0
1.834
1.22
1.373
1.33
1.22
0.1734
0.0
0.1805
0.1855
0.2693
0.2709
0.3327
0.2676
0.2676
0.2679
0.4687
0.3008
0.2481
0.7647
0.7969
0.8472
0.8482
0.7841
0.2351
0.2826
0.3144
0.296
0.6394
0.5677
0.6245
0.6528
0.5946
0.1383
0.06752
0.4793
0.0
0.7414
0.8536
0.8631
0.8493
0.8536
0.4355
0.2027
0.0
0.2876
0.5118
0.5583
0.4443
0.5189
0.5118
0.5407
0.3162
0.0
0.06233
0.6924
0.6932
0.9196
0.7434
0.6924
0.0
0.0
0.413
0.3408
0.1453
1.022
0.9722
0.9812
0.9812
0.9237
0.9812
0.0
0.1411
0.4102
0.0
0.587
0.6305
0.6305
0.6156
0.6305
0.266
0.07513
0.2566
0.246
0.5833
0.5557
0.641
0.6155
0.5985
0.3651
0.4036
1.356
0.5853
1.538
0.8797
0.834
0.8433
0.8041
0.3911
0.479
0.58
0.0
0.6282
0.7495
0.7305
0.7657
0.7495
0.6395
0.5373
0.2114
0.1148
0.7585
0.7451
0.7781
0.7048
0.7413
0.1318
0.2257
0.5855
0.1693
0.7134
0.7447
0.7938
0.7392
0.7295
0.2527
0.07355
0.3054
0.128
0.6179
0.4875
0.5536
0.4793
0.4772
0.7508
0.7143
0.7457
0.4721
0.8516
0.7375
0.9599
0.9937
0.7676
0.8913
0.2451
0.1968
0.1379
0.7145
0.7545
1.181
0.7511
0.7312
0.2833
0.0
0.115
0.03105
0.7128
0.728
0.5698
0.7288
0.7288
0.2356
0.0
0.2125
0.2734
0.5514
0.6077
0.5979
0.5603
0.5603
0.4592
0.0
0.0
0.2793
0.4778
0.4665
0.2723
0.4778
0.4778
0.5403
0.4977
0.2008
0.2025
0.8247
0.8
0.7482
0.7708
0.7182
0.3229
0.3477
0.2638
0.1503
0.5965
0.5854
0.5814
0.6482
0.587
0.1549
0.0
0.0
0.1338
7.088e-08
0.8382
0.8346
0.8382
0.8584
0.8382
0.8382
1.306
0.0
0.4062
0.0
1.172
1.155
1.199
1.155
1.155
0.0
0.0
0.2858
0.0
0.6969
0.6817
0.6817
0.6817
0.6817
0.2309
0.2649
0.3443
0.0
0.9338
0.9552
0.9562
0.885
0.9552
0.06919
0.04974
0.2064
0.08403
0.2907
0.2847
0.2809
0.2816
0.2779
0.4656
0.2789
0.1759
0.0
0.101
0.429
0.4252
0.522
0.5264
0.485
0.429
0.4099
0.0
0.3537
0.0
0.9342
0.8264
0.9165
0.8264
0.8264
0.1532
0.152
0.3058
0.2994
0.5721
0.5344
0.5325
0.5564
0.5168
0.1548
0.06404
0.235
0.2336
0.3363
0.3506
0.3988
0.4063
0.3983
0.0
0.0
0.106
0.0393
0.4162
0.4259
0.4256
0.4256
0.4256
0.05975
0.09467
0.0
0.07866
0.6177
0.6276
0.6227
0.6215
0.6177
0.5296
0.0
0.5297
0.4064
0.9262
0.8716
0.7055
0.9408
0.9408
0.4246
0.145
0.1098
0.05294
0.6315
0.6337
0.8059
0.6309
0.6247
0.1793
0.1251
0.1402
0.1452
0.4805
0.46
0.4216
0.4492
0.4718
0.08898
0.05446
0.6952
0.6821
0.9024
0.9108
0.8552
0.8551
0.8483
0.4297
0.1395
0.0
0.0
0.6337
0.6337
0.6298
0.6576
0.6337
0.4261
0.113
0.0
0.0915
0.6828
0.6785
0.6734
0.6806
0.6828
0.2879
0.1594
0.0
0.0
0.2154
0.2154
0.2564
0.1644
0.2154
0.137
0.06069
0.2168
0.1614
0.6243
0.5428
0.5157
0.5376
0.5301
0.5997
1.295
1.181
1.332
1.695
1.523
2.062
1.353
1.133
1.504
1.424
1.434
0.6033
0.8784
1.503
1.051
0.6777
0.5125
1.135
1.067
2.18
1.202
0.9282
2.02
1.056
1.657
0.8409
1.289
1.367
1.05
0.8888
0.9528
0.6746
0.6855
1.296
1.299
1.562
1.685
1.174
0.9588
0.8355
0.8451
1.328
1.169
1.104
0.6469
1.183
1.051
1.417
0.7967
1.438
1.581
1.395
0.6721
0.9223
1.444
0.882
1.484
0.7681
1.186
1.622
1.146
1.203
1.53
1.323
0.8442
1.138
1.238
0.8299
1.314
1.073
1.492
1.009
1.294
2.247
0.9373
1.325
0.789
1.503
1.674
1.469
1.25
0.9125
1.109
0.9524
2.107
1.255
1.797
1.509
0.8246
1.403
0.8866
1.099
1.274
1.441
0.8065
1.392
1.61
0.7158
1.035
1.489
0.9962
1.403
0.6293
0.5282
1.041
1.004
0.7702
1.457
0.993
1.165
1.095
1.251
1.489
1.57
1.421
0.8971
0.883
1.428
0.9797
0.9912
1.126
0.9413
1.166
1.324
0.9218
0.9264
1.192
1.23
0.6602
0.946
1.857
0.9702
0.6639
1.089
0.9147
1.103
0.7239
2.097
1.681
0.9874
1.04
1.209
0.7899
1.319
1.443
0.9984
2.18
1.224
0.8871
1.298
1.001
1.884
1.404
1.444
0.5034
1.682
0.6877
1.433
0.9373
1.838
1.412
1.172
0.7239
0.8263
1.219
1.412
1.857
1.694
0.9354
1.03
0.9432
1.319
1.359
1.663
0.8993
1.172
0.9545
0.7808
0.618
0.8809
1.303
1.348
1.171
2.105
1.888
1.266
1.667
1.018
0.9165
2.203
1.417
1.345
1.012
1.252
1.193
1.424
1.227
1.245
1.368
1.343
1.114
1.31
1.75
1.373
0.8939
1.833
0.6009
1.063
1.44
1.247
1.002
1.335
1.123
1.219
1.341
0.7823
1.021
1.643
0.9056
1.246
1.301
1.231
0.8872
1.145
0.9369
1.414
1.522
1.105
0.9537
1.073
1.079
1.526
1.238
1.106
0.6993
0.9071
2.008
0.9342
1.018
1.465
