0.8023
1.097
1.254
0.9455
0.4963
0.6577
0.7486
1.164
0.3785
0.691
1.202
0.4878
0.9448
1.174
0.6171
1.173
1.222
0.8315
1.385
1.306
0.6577
0.7312
0.8006
0.6316
0.4521
1.53
0.5152
1.03
1.214
0.8054
1.038
0.6656
0.6162
0.7456
0.6659
0.6905
0.5039
1.111
0.6938
0.7717
1.059
0.7001
1.273
1.084
1.461
2.125
0.6242
0.7206
0.7452
0.641
0.9761
0.9488
3.079
0.8478
0.7804
0.5403
0.7171
0.8857
1.713
1.431
1.25
0.5039
1.514
0.489
1.029
0.69
1.852
1.515
1.709
0.8135
1.374
1.239
1.33
1.299
1.651
1.328
2.179
0.6231
2.266
1.032
1.09
3.125
1.823
2.542
0.5962
0.8072
1.125
0.7066
0.5484
0.7996
1.825
0.8244
0.8174
0.5855
2.321
0.8977
1.565
0.6218
0.9694
1.67
0.8947
0.8301
1.565
0.5813
0.7507
0.8788
0.8335
1.029
0.8145
2.147
0.8542
0.5663
1.325
0.9956
1.069
2.023
1.283
0.8904
0.5987
0.3552
0.9822
2.179
2.359
0.8772
1.462
1.197
0.9061
1.578
0.5287
0.8189
1.29
2.199
0.7124
1.366
0.821
0.8248
0.9882
0.8191
1.517
0.6664
0.9149
0.4776
1.249
0.2579
0.9499
1.295
1.455
1.026
1.075
0.7059
0.4514
3.945
0.7569
1.669
0.6437
0.7339
0.8272
1.166
0.7669
1.135
1.063
0.8012
0.7197
0.564
0.3359
1.469
0.6176
0.7348
1.897
0.9335
0.893
0.6537
0.563
0.7595
0.6763
0.5349
0.845
1.626
0.5288
0.4443
0.5464
0.639
0.5847
0.4525
0.4078
0.9022
0.4847
0.7074
1.491
0.5508
0.8435
1.139
0.6245
1.696
1.743
0.7298
0.6878
1.248
1.421
1.009
0.6989
0.8987
0.5422
0.6652
0.6809
1.001
0.6158
3.48
1.041
0.6822
0.7329
1.085
0.4737
1.33
1.015
0.6301
1.038
0.3111
0.5807
0.8634
0.6406
0.6086
0.7646
0.7479
0.5728
0.7448
0.771
1.095
0.7612
0.6341
0.6064
1.136
1.46
0.7869
1.074
1.469
1.024
0.679
2.742
0.9848
1.017
0.5605
0.6581
1.085
0.8419
1.096
3.09
0.2563
1.37
1.913
0.9016
0.762
1.501
0.8984
1.399
0.7265
1.988
0.533
0.3702
0.8695
0.8548
0.1885
0.7545
2.124
0.831
0.5699
0.9924
0.6789
1.298
0.9911
1.115
0.968
0.606
0.6041
1.117
0.8654
0.4824
3.03
1.086
0.6894
0.5594
1.534
1.766
0.8634
4.808
1.371
0.9492
0.5572
0.9738
0.8452
0.9933
0.6491
1.365
0.6855
0.8457
0.7278
1.61
0.6736
0.6728
0.7004
0.5045
0.7905
0.9719
0.9118
1.768
3.348
1.497
1.809
0.6872
0.8669
0.8305
0.9128
0.3086
1.107
1.333
1.8
0.5424
0.5666
3.238
0.9719
1.33
0.943
1.731
0.5011
1.307
0.6563
1.331
0.8873
0.9973
0.4071
0.7984
1.001
nan
0.3336
0.4761
1.002
1.802
2.052
1.019
0.7805
0.5607
0.7316
0.742
1.8
1.244
0.5614
2.18
0.9939
0.7518
1.03
1.196
0.6383
0.6989
0.8796
1.898
0.8291
1.707
0.6318
1.718
0.7293
0.9566
1.473
2.373
0.9168
1.672
1.281
0.7558
0.8395
0.6743
5.424
0.4696
0.7457
0.6449
0.8955
1.015
0.7602
0.658
0.9429
1.448
1.469
0.5746
1.24
1.7
1.668
0.9288
4.347
0.5029
0.8237
2.704
2.108
0.5504
0.6707
0.446
0.918
0.5917
1.543
0.5522
0.7444
0.9366
0.655
0.6404
nan
0.5184
0.456
0.7073
0.6688
1.588
0.6438
0.5784
1.014
1.246
1.461
1.071
0.5748
0.4692
1.206
1.661
1.175
0.6507
0.5692
0.4104
0.7211
1.497
0.8003
1.038
1.049
1.788
0.8288
0.6528
0.8652
0.9654
1.254
0.5602
1.321
0.8481
2.038
0.72
1.399
1.984
0.9509
2.213
0.3235
0.5473
3.106
0.4738
0.7804
0.9486
1.027
0.4848
0.9455
0.7446
0.5792
0.9295
1.099
1.208
0.6018
0.8507
0.908
2.076
0.629
1.925
2.196
1.118
1.26
0.4305
1.434
1.043
1.002
0.6778
1.302
0.9089
0.7006
0.5273
0.9024
0.8629
0.5662
0.7466
2.093
0.9067
0.6505
0.8359
0.6682
1.304
0.8662
0.6146
0.8312
0.8436
0.5905
1.191
1.168
1.131
0.7017
0.9909
1.01
1.006
1.001
0.9415
0.6802
0.8048
0.9086
1.93
0.4765
0.2734
1.51
1.713
1.27
0.4732
0.5356
1.668
0.4832
1.919
1.497
1.902
0.912
1.261
1.507
0.7374
1.045
0.9164
0.4556
0.7938
0.6731
0.8403
1.332
0.9064
1.139
2.315
1.249
0.824
1.281
0.5514
0.7888
2.217
0.7207
0.9599
3.252
0.5778
0.9093
0.8141
0.7767
0.8576
1.566
0.8815
1.341
0.7759
0.6029
2.469
1.093
1.665
0.5491
0.9753
1.557
0.9392
2.394
1.13
0.9989
1.037
0.7178
0.813
0.5735
1.849
1.02
1.861
1.9
1.479
1.749
0.9729
0.941
0.3711
0.985
0.9503
1.195
0.7949
1.141
1.382
2.307
0.6104
0.7861
0.6122
1.967
0.4361
1.009
0.561
0.8808
0.5815
2.329
0.7658
0.4893
0.8571
0.7492
1.974
0.7634
0.7329
0.5332
0.3424
1.294
0.6008
1.16
0.9454
0.7876
0.498
0.6163
1.017
0.676
0.8039
0.5939
0.7132
0.74
0.5229
0.9005
0.7103
1.684
0.3628
0.5569
0.2234
0.7847
1.043
0.4778
1.023
0.9352
0.77
1.261
0.9246
0.8117
0.832
0.8351
0.7466
1.207
0.7073
1.903
2.768
2.035
0.8075
0.4701
1.646
1.961
1.009
0.7261
0.6721
0.9805
1.209
1.558
1.758
0.8344
2.782
0.5073
1.086
0.7813
1.162
0.5428
0.7321
0.3921
0.7186
0.9152
0.8984
0.624
0.6419
0.6489
0.6666
0.8283
0.7809
1.342
1.483
1.006
1.129
2.399
2.107
1.053
0.7017
1.009
0.75
0.6326
0.4928
0.7365
0.9818
0.6939
1.392
1.209
0.5298
0.3891
0.7335
0.8057
1.281
0.6383
0.9025
0.6656
1.092
0.5762
1.406
0.7774
0.4843
0.6079
0.7365
0.9052
0.6412
1.58
1.144
1.063
0.8874
0.9251
1.438
1.449
1.956
0.6487
0.7988
1.163
0.7959
0.4662
0.8088
1.264
0.5425
1.664
1.622
1.721
0.7167
0.6682
0.3982
1.499
1.541
0.7006
0.9514
0.3488
1.225
0.4134
1.133
0.5002
1.258
0.7321
1.648
0.4215
1.087
0.7603
1.076
0.6277
0.9412
1.015
0.9107
2.108
0.588
0.5641
1.329
1.07
1.611
2.307
0.4789
1.223
1.055
0.7509
1.262
0.3579
0.6669
3.209
1.512
1.075
0.2734
0.6002
0.7578
0.563
1.083
0.892
1.237
1.128
0.9876
0.8133
0.586
1.439
1.015
1.322
1.024
0.9766
3.6
1.333
0.5329
1.116
1.91
0.5104
1.131
0.4011
1.292
0.4602
1.779
1.132
1.586
1.0
0.8661
1.496
1.386
0.3756
0.7228
1.17
0.4586
0.4839
0.5696
1.225
1.221
0.9684
1.175
0.8101
0.868
1.42
1.047
0.5649
0.6475
1.351
3.472
1.174
0.6383
1.715
0.7101
2.05
0.386
0.2578
0.8363
0.2862
0.8633
0.8836
1.12
0.5652
0.7946
2.091
0.6939
1.124
0.6137
0.8368
1.054
0.5371
0.9062
0.7173
1.049
1.046
2.009
1.957
0.5242
0.6572
0.9959
1.233
0.6869
0.9451
1.966
1.365
0.6554
0.2845
2.683
0.449
1.007
0.8461
0.7767
2.054
0.5353
0.0
1.827
2.183
0.4123
0.6923
0.7479
0.3315
0.9951
0.8099
2.064
1.119
0.6241
0.8142
0.5461
1.059
0.7677
0.7811
0.447
1.715
0.8263
1.109
1.487
1.028
0.4657
0.9352
1.358
1.796
1.637
0.9939
0.2438
0.467
0.3087
1.673
0.6208
0.5308
0.4613
1.06
1.196
0.5052
0.5326
1.607
0.6674
0.7895
1.364
0.9209
0.5661
0.9056
1.315
0.8096
0.7775
1.424
1.008
1.274
0.967
0.4764
1.495
1.491
0.5323
0.8674
0.3906
0.228
0.664
1.022
0.5905
0.8746
0.7732
1.261
0.9264
0.5165
1.751
1.028
2.553
1.023
0.7181
1.09
1.291
0.5449
0.878
1.144
1.516
1.13
0.5828
0.3711
2.156
1.19
0.9611
0.6512
0.8194
0.6151
0.8774
0.8006
0.8629
0.8721
1.74
0.7749
1.308
1.269
0.9505
1.258
1.867
0.9643
0.7945
0.4281
1.174
0.9804
0.9316
0.7158
1.544
0.7152
0.7856
2.145
0.9155
0.9974
1.264
1.354
0.7133
0.9349
1.708
0.8474
1.016
0.6654
0.3717
0.4501
0.751
0.6835
2.218
2.217
1.251
0.6657
0.8574
0.657
1.611
0.9615
1.304
1.634
0.626
0.7378
0.9877
1.218
0.9253
0.5281
0.8677
1.81
0.5422
1.572
0.9026
0.8403
0.3753
0.995
1.327
0.5373
1.306
0.9016
0.9478
1.227
0.7691
2.487
0.5366
0.6003
1.066
0.7806
0.8438
1.255
0.6684
1.915
1.683
0.9649
0.7363
0.8042
1.046
1.165
1.215
0.4257
1.167
2.304
1.221
1.391
1.229
1.257
0.4538
0.5454
1.047
0.3489
1.474
0.6091
0.9208
0.9442
1.565
0.5465
0.3454
2.002
0.7586
1.098
0.883
1.213
2.099
0.5008
0.4074
1.673
0.7811
1.363
1.345
0.5935
1.609
0.6604
0.5996
1.143
1.689
1.378
0.7836
0.9265
0.6218
1.255
1.221
1.087
0.5808
0.9507
1.102
1.281
0.6845
0.5268
0.5934
0.859
1.138
1.012
1.13
0.7984
1.249
1.754
2.138
1.38
1.167
0.5773
1.936
0.7795
1.92
1.389
nan
1.387
1.297
0.6239
0.9009
0.5043
0.6913
2.272
1.223
1.58
1.42
0.4021
1.275
0.7182
1.055
1.689
0.4783
0.9352
0.7402
0.613
0.504
1.253
0.8564
1.136
1.498
1.004
1.109
0.4673
1.018
0.7674
1.042
1.607
1.27
1.821
1.68
1.032
1.383
0.644
0.4068
2.056
1.492
0.8215
0.9599
1.101
1.241
1.015
0.793
1.166
0.9434
1.454
0.9485
1.419
1.024
0.6459
2.285
0.9529
2.041
0.8701
1.882
0.9892
0.7608
0.5486
0.6279
0.6093
0.5209
0.6197
0.5906
1.226
1.506
0.5174
0.5824
0.7254
1.252
0.4737
0.9911
0.5697
0.5946
1.841
1.033
0.7525
1.041
1.379
0.7526
0.8325
1.713
0.4513
0.6857
0.8248
1.055
1.502
0.8375
0.592
1.084
0.6377
0.2635
0.3541
0.869
1.061
1.15
1.844
1.031
0.5523
0.8783
1.029
0.8737
2.036
0.7694
0.8615
1.231
0.827
0.8887
0.5393
1.46
0.7931
0.7919
1.65
0.5846
0.5562
1.204
0.5556
1.025
0.7573
0.8901
0.8971
1.414
0.8277
1.078
0.4037
0.6713
0.6126
0.9409
0.6353
0.4386
0.6667
0.7802
0.7178
1.104
1.388
1.054
1.049
0.6717
0.5582
0.7799
0.6423
1.538
1.261
1.0
0.6086
0.3938
0.5318
3.612
0.493
0.3762
0.761
1.981
0.8905
2.208
0.5683
1.75
1.818
1.995
1.209
5.891e-08
0.7497
0.6747
1.085
0.7541
2.102
1.506
1.118
1.532
0.9533
1.053
0.7704
1.115
0.8628
1.25
1.1
1.357
0.6765
0.5696
0.478
3.406
1.386
0.3956
0.71
1.085
1.6
1.45
0.8038
0.5989
0.4907
0.6785
1.724
1.454
2.101
1.031
0.8043
0.7102
0.5577
0.8012
3.062
0.4479
0.8272
1.126
1.648
0.5911
0.7442
0.3007
0.787
1.477
1.534
0.6849
0.8019
0.2209
1.159
0.7626
0.9064
1.521
1.698
2.026
0.5035
1.117
1.017
0.4094
0.9782
0.4621
0.8754
1.103
1.402
1.701
1.75
1.929
1.15
0.8557
0.6157
1.574
1.159
0.8724
1.055
2.469
0.5171
0.4051
0.5528
1.041
2.004
3.14
4.978
1.201
2.21
0.8464
1.544
1.296
1.21
0.6047
0.7362
1.954
2.172
0.713
0.4213
0.6465
0.4728
0.823
0.5908
0.9534
0.5896
1.405
1.931
0.4828
0.5753
0.6194
0.6393
0.4747
4.982
0.577
1.056
0.7175
1.108
0.6728
1.61
0.7699
1.478
nan
1.184
0.6328
0.574
0.595
0.7035
0.7048
1.224
1.199
0.9968
1.225
1.472
0.9218
2.163
1.243
0.4824
1.546
0.546
1.684
1.137
1.138
0.4111
0.2524
1.558
0.678
0.7113
0.8961
0.7889
1.57
0.9374
0.2812
1.158
2.069
0.8609
0.7001
1.535
0.915
0.6784
1.137
2.065
0.9016
1.071
1.091
0.9979
1.022
0.9039
0.8035
0.4169
1.396
1.402
1.479
0.96
0.6544
0.5628
1.012
0.7518
1.758
0.4379
0.5382
0.5197
1.474
0.7743
1.834
1.29
0.9403
3.074
2.561
0.9793
1.827
0.3628
1.541
0.4465
0.677
0.3004
2.043
0.49
1.016
1.055
0.8158
1.446
1.044
2.192
1.713
0.9673
1.101
0.629
0.5319
1.375
0.4872
0.4384
0.7558
0.7739
0.8094
1.789
0.7392
1.384
1.403
1.596
0.7697
1.354
1.022
1.098
0.6066
1.315
0.409
0.8365
1.443
2.005
0.4392
0.9282
0.8488
0.7192
0.9271
0.6724
0.815
0.2922
3.598
2.068
0.8619
0.8828
0.501
1.109
1.446
1.77
0.9486
0.7724
1.811
0.601
0.7282
1.598
2.268
0.5509
0.7657
1.476
0.592
0.5639
0.8242
0.632
0.3762
0.7713
0.7384
0.3879
0.9389
1.273
0.8191
1.238
3.244
0.9123
0.7534
0.5365
0.3036
0.6505
1.878
1.183
1.975
0.3061
0.8198
1.701
1.065
0.7614
1.201
0.5881
1.341
0.6326
0.5558
1.174
1.246
1.51
1.224
0.5146
0.8283
1.695
1.536
0.6485
1.851
1.704
1.797
0.8707
0.9616
0.4373
2.323
0.8047
1.853
1.155
1.157
0.7778
0.4831
