30.17
0.0
0.0
52.41
101.8
0.0
0.0
3.512e-06
112.9
48.18
0.0
32.94
19.96
105.9
0.0
4.817e-06
81.38
15.0
19.46
64.84
0.0
23.11
89.41
76.97
108.1
0.0
0.0
60.14
nan
39.65
27.74
0.0
30.55
34.11
104.6
19.83
12.27
3.347e-06
20.08
113.8
39.91
27.49
119.1
17.47
33.76
21.85
42.58
2.882e-06
63.74
125.4
40.32
0.0
29.17
26.43
56.69
105.5
72.21
49.37
18.79
0.0
17.86
41.15
29.96
56.28
2.088e-06
44.96
0.0
66.86
46.0
3.698e-06
83.65
53.44
86.3
38.51
48.11
0.0
24.62
49.18
73.9
47.76
31.91
0.0
33.76
25.63
46.47
3.349e-06
98.91
27.15
22.63
48.66
13.7
0.0
0.0
20.32
182.0
36.66
82.8
67.33
107.5
47.55
34.0
21.14
46.85
43.87
0.0
1.863e-06
90.37
75.6
17.11
48.89
1.412e-06
50.83
29.04
0.0
56.28
56.32
1.955e-06
77.97
0.0
0.0
4.608e-06
18.47
0.0
54.21
29.48
49.1
21.37
34.08
41.01
123.7
0.0
0.0
3.481e-06
64.75
115.0
60.8
58.04
23.02
0.0
21.02
0.0
71.72
34.94
22.83
154.7
30.29
0.0
34.7
42.93
0.0
21.91
20.12
61.52
18.13
26.21
101.0
62.57
26.97
0.0
121.6
30.19
0.0
21.54
90.19
0.0
0.0
0.0
0.0
17.16
96.88
89.79
35.23
76.67
29.54
43.69
0.0
24.82
60.38
14.5
3.795e-06
24.0
0.0
0.0
72.28
72.17
26.08
0.0
0.0
119.3
38.27
nan
274.6
138.9
108.1
48.39
0.0
39.57
20.1
41.09
0.0
40.85
16.99
87.35
57.58
103.2
109.4
0.0
168.4
93.17
57.57
44.0
0.0
26.98
45.78
12.34
3.196e-06
78.98
151.0
103.2
0.0
19.38
135.3
35.35
49.32
94.95
45.29
55.91
93.56
79.25
70.61
0.0
24.38
168.2
128.6
28.39
90.5
156.3
9.474e-07
4.479e-06
0.0
17.59
0.0
57.69
89.2
0.0
0.0
46.89
39.47
17.97
23.45
1.999e-06
22.37
0.0
22.14
0.0
232.7
90.0
45.43
2.088e-06
62.45
14.59
0.0
78.24
0.0
0.0
183.3
0.0
20.7
23.42
38.54
0.0
18.31
18.68
27.43
87.18
61.32
0.0
0.0
77.62
0.0
6.129e-06
42.73
34.74
85.05
34.31
0.0
59.47
0.0
0.0
110.2
96.9
37.43
110.7
17.6
49.12
64.88
0.0
31.16
104.7
85.58
41.51
54.67
0.0
0.0
36.15
0.0
75.17
26.95
63.77
58.82
46.47
136.7
29.47
50.26
31.18
60.45
30.25
24.9
43.95
32.93
57.07
37.73
70.05
33.8
54.83
33.42
77.24
62.85
23.77
46.1
24.23
108.4
58.02
102.0
61.25
36.3
0.0
35.76
63.26
102.9
42.39
78.2
107.1
51.31
0.0
165.0
0.0
30.9
5.274e-06
15.74
56.91
0.5
38.26
0.0
60.22
35.29
0.0
0.0
33.43
79.63
43.99
39.36
117.2
114.7
1.893e-06
0.0
69.67
0.0
30.12
0.0
0.0
101.2
75.04
25.72
42.72
0.0
38.27
0.0
0.0
0.0
1.565e-06
6.486e-06
42.06
39.98
23.61
83.43
67.94
40.28
84.96
27.84
4.27e-06
15.9
71.85
0.0
68.17
58.15
46.54
43.84
24.5
42.02
126.7
0.0
0.0
24.13
0.0
47.55
18.01
21.59
91.17
21.1
0.0
76.47
0.0
26.84
38.07
51.86
19.55
0.0
29.73
0.0
31.09
0.0
0.0
0.0
34.78
39.45
24.24
89.42
0.0
39.52
22.67
30.9
0.0
6.541e-06
72.87
35.33
42.95
34.48
23.51
0.0
0.5
0.0
0.0
59.73
63.0
0.0
0.0
115.6
0.0
277.2
72.74
67.12
86.86
34.95
24.9
156.6
18.68
142.4
0.0
89.48
26.71
0.0
28.39
45.24
41.63
37.43
24.67
33.25
32.93
9.501
24.99
nan
42.28
15.66
123.1
75.84
21.06
38.28
61.83
0.0
2.876e-06
116.5
58.29
45.31
75.23
42.24
19.56
0.0
6.058e-06
26.39
72.17
54.93
85.58
25.76
14.4
0.0
116.0
0.0
116.7
0.0
0.0
29.58
0.0
31.36
0.0
24.33
25.03
21.96
17.84
72.37
25.13
0.0
0.0
30.49
49.31
3.481e-06
24.87
30.51
73.0
17.97
40.31
62.7
19.43
18.25
30.53
50.92
59.7
20.33
101.2
37.68
41.58
15.58
61.78
170.4
50.03
0.0
25.56
59.89
44.0
56.45
22.6
13.53
0.0
30.82
22.02
40.1
79.52
27.57
35.45
32.44
0.0
79.54
42.04
18.28
40.53
0.0
20.97
48.23
0.0
0.0
68.38
29.85
2.73e-06
62.64
0.0
34.52
102.1
20.55
28.75
0.0
39.58
0.0
32.58
0.0
4.466e-06
25.33
76.73
70.33
130.8
0.0
26.83
0.0
19.19
0.0
25.83
136.2
80.67
0.0
0.0
0.0
26.35
62.57
0.0
20.92
72.78
43.17
77.99
14.58
18.37
32.77
0.0
39.71
0.0
59.06
0.0
26.51
150.6
32.2
26.34
24.91
0.0
45.18
82.48
0.0
95.02
147.7
0.0
94.65
1.863e-06
30.06
0.0
61.63
57.61
0.0
46.45
21.38
0.0
38.28
40.18
66.69
2.985e-06
0.0
0.0
56.55
135.3
0.0
25.6
39.69
102.3
47.0
26.56
118.8
26.21
137.3
51.76
0.0
34.73
46.06
116.2
78.99
0.0
43.95
120.2
0.0
19.76
51.1
17.95
0.0
44.23
0.0
48.8
12.74
16.26
69.42
47.85
45.18
87.98
0.0
28.06
28.91
32.64
0.0
92.88
5.337e-06
68.17
0.0
55.9
105.1
15.33
96.99
0.0
35.62
39.91
176.6
38.1
66.43
94.8
17.95
0.0
9.157
99.81
90.71
46.03
34.46
155.5
26.33
0.0
0.0
0.0
19.95
42.75
0.0
7.638
56.74
71.27
10.48
0.0
61.02
45.39
30.9
0.0
89.5
0.0
65.77
45.58
3.493e-06
0.0
25.73
57.78
36.95
75.33
31.63
107.7
41.82
51.11
0.0
0.0
72.17
57.19
19.92
0.0
104.7
67.58
0.0
19.8
159.2
47.2
4.824e-06
88.64
38.82
108.9
0.0
0.0
74.68
0.0
47.3
0.0
56.45
48.64
0.0
32.74
76.7
0.0
72.15
37.23
59.73
23.78
33.88
49.45
2.882e-06
24.06
0.0
78.13
36.15
98.32
42.15
43.16
0.0
33.69
10.68
25.46
90.5
28.42
47.89
68.49
38.6
76.47
35.31
17.67
8.978
0.0
43.82
16.45
0.0
0.0
35.79
69.54
50.9
93.74
0.0
0.0
130.7
103.0
44.91
37.22
59.15
67.08
26.04
0.0
21.91
51.42
17.22
4.27e-06
62.64
0.0
53.57
132.8
24.48
37.02
126.0
0.0
0.0
15.25
112.9
36.04
52.04
0.0
54.96
0.0
83.81
83.94
129.1
0.0
0.0
0.0
66.74
90.12
0.0
0.0
45.69
51.67
0.0
15.28
77.07
29.13
0.0
45.29
0.0
0.0
56.45
51.1
26.8
34.73
34.92
10.87
125.0
48.87
22.15
28.11
52.63
50.58
53.52
0.0
29.92
24.14
25.05
16.08
0.0
46.89
60.98
0.0
98.34
59.65
0.0
38.61
0.0
4.108e-06
60.47
39.54
40.77
101.5
0.0
44.39
0.0
30.19
0.0
63.35
72.11
29.76
80.73
79.35
21.69
0.0
132.6
69.65
18.25
41.57
10.9
0.0
0.0
46.45
26.83
40.64
0.0
24.51
23.09
1.883e-06
50.98
6.113e-06
0.0
144.4
11.58
0.0
36.4
29.83
122.4
33.87
4.972e-06
0.0
44.87
33.53
0.0
176.8
0.0
92.35
83.89
42.56
91.66
28.27
43.75
32.23
24.1
0.0
0.0
49.79
194.2
18.15
77.65
85.85
44.55
79.91
17.3
37.9
45.18
128.8
47.66
40.29
0.0
34.88
0.0
113.2
67.12
26.67
67.37
21.88
24.06
32.55
8.848
58.77
103.0
0.0
109.8
38.46
0.0
0.0
0.0
51.76
0.0
71.27
0.0
47.96
79.51
71.37
39.38
107.2
33.51
29.03
31.92
34.45
0.0
31.57
0.0
96.46
41.79
63.32
93.27
21.1
0.0
60.1
0.0
0.0
19.94
83.21
50.21
32.98
24.76
79.51
68.91
101.0
0.0
113.6
nan
65.16
41.58
153.2
13.46
46.88
60.7
120.2
64.72
47.32
0.0
0.0
61.57
32.05
0.0
70.64
36.1
42.73
19.82
60.98
0.0
0.0
105.8
5.481e-06
125.1
73.69
54.3
44.33
17.08
145.7
33.5
24.16
145.8
0.0
52.29
52.9
97.31
61.7
24.17
95.81
91.76
31.62
19.0
35.47
192.7
0.0
0.0
28.73
88.89
76.56
24.52
49.64
0.0
8.802e-06
59.67
0.0
11.33
76.97
47.43
0.0
79.02
68.67
34.03
26.52
0.0
73.75
150.3
0.0
53.19
70.62
67.33
23.65
26.51
46.85
83.43
0.0
0.0
0.0
199.0
0.0
35.61
22.78
43.84
44.2
28.42
23.49
84.75
60.31
35.25
94.95
0.0
0.0
34.48
0.0
45.81
35.71
0.0
47.2
0.0
22.48
48.09
21.97
39.64
31.91
0.0
0.0
0.0
0.0
0.0
0.0
0.0
44.19
69.42
39.37
34.23
43.74
47.53
79.44
28.92
31.91
31.62
0.0
109.9
0.0
31.06
44.43
0.0
0.0
110.1
20.0
0.0
23.8
106.0
21.6
25.63
34.0
0.0
28.97
0.0
34.98
54.33
0.0
35.35
31.91
0.0
146.8
0.0
87.99
48.12
40.53
43.98
73.81
16.62
49.97
26.25
30.4
0.0
25.25
0.0
84.35
113.6
114.6
19.99
358.9
40.57
14.04
20.32
39.89
81.81
19.01
56.61
0.0
6.113e-06
24.57
69.04
25.57
36.1
83.13
57.19
0.0
85.63
0.0
27.55
0.0
144.1
142.4
0.0
0.0
45.15
0.0
19.31
0.0
83.21
48.09
12.36
4.659e-06
50.74
19.93
0.0
91.66
18.89
37.65
0.0
0.0
29.09
26.38
36.95
46.31
33.22
45.55
59.05
47.98
0.0
52.96
160.2
0.0
20.84
31.33
58.77
153.7
52.13
91.76
0.0
39.8
30.9
0.0
0.0
0.0
45.31
35.04
18.18
49.68
23.8
98.34
18.9
20.4
0.0
54.44
24.68
0.0
25.57
0.0
33.28
113.8
42.67
0.0
27.45
87.46
28.45
86.49
48.12
6.243e-06
45.31
105.4
0.0
116.5
30.58
123.4
0.0
28.66
0.0
77.27
50.55
37.9
0.0
18.15
21.18
0.0
41.72
53.9
106.8
136.7
20.14
43.92
14.97
0.0
82.34
23.69
58.7
75.87
78.99
91.72
0.0
53.08
92.25
33.19
0.0
64.72
0.0
128.3
49.94
36.36
0.0
25.76
0.0
113.7
23.31
103.9
83.85
62.32
15.36
41.51
129.3
0.0
84.04
17.92
61.93
53.88
60.92
0.0
26.6
34.69
43.01
20.12
39.54
0.0
nan
16.1
53.19
32.07
125.4
0.0
26.73
0.0
34.89
16.43
25.78
58.27
0.0
11.31
32.11
92.41
0.0
47.86
135.2
0.0
47.75
2.514e-06
12.16
20.12
29.78
52.63
0.0
64.3
22.27
53.9
0.0
27.99
34.51
41.79
38.54
117.7
40.57
15.15
85.52
72.37
74.81
136.8
40.24
27.99
47.0
0.0
33.43
0.0
0.0
0.0
38.39
42.06
0.0
85.31
17.41
50.9
12.79
22.6
29.14
36.12
37.22
86.74
58.77
0.0
27.53
6.541e-06
16.53
21.34
0.0
0.0
38.46
14.3
95.27
0.0
0.0
29.85
43.0
13.15
97.64
0.0
0.0
0.0
35.45
35.16
0.0
22.56
3.345e-06
68.3
0.0
0.0
25.31
24.24
0.0
71.37
0.0
61.12
23.53
0.0
5.183e-06
0.0
25.31
12.6
52.13
21.44
72.33
100.7
38.77
24.69
27.73
17.06
19.4
34.29
96.9
15.7
49.31
36.4
55.91
16.83
0.0
38.07
21.84
25.12
89.17
0.0
0.0
43.78
100.5
122.6
147.0
0.0
4.817e-06
53.88
52.45
0.0
40.93
27.66
34.75
66.73
143.3
40.28
146.8
0.0
0.0
0.0
8.438e-07
34.62
19.38
0.0
22.15
38.07
0.0
96.64
22.6
61.04
0.0
87.36
115.2
0.0
98.51
104.6
87.27
26.85
144.4
57.61
55.69
36.32
0.0
5.513e-06
50.21
0.0
21.43
56.15
53.84
26.45
51.61
43.28
29.75
23.1
0.0
37.25
49.1
39.45
0.0
44.47
30.99
31.07
0.0
0.0
106.3
136.5
37.6
0.0
34.84
51.12
0.0
0.0
0.0
83.7
0.0
66.63
89.75
0.0
86.41
0.0
47.65
70.08
0.0
78.98
44.67
0.0
43.12
7.961
23.76
25.94
12.27
2.53e-06
0.0
22.73
33.92
21.32
0.0
0.0
0.0
80.73
22.87
27.48
25.66
130.2
299.6
0.0
0.0
26.86
21.8
150.6
30.7
0.0
57.28
70.01
34.38
24.33
95.66
188.7
0.0
21.07
0.0
49.12
0.0
115.9
20.86
60.14
3.054e-06
43.86
0.0
3.189e-06
57.79
17.68
203.4
25.91
17.64
33.85
147.7
77.62
34.03
24.51
123.7
80.46
5e-06
122.1
35.08
56.48
112.1
100.3
19.4
0.0
45.05
0.0
52.25
0.0
24.5
0.0
0.0
23.41
24.31
37.42
95.48
41.19
150.7
25.1
27.81
65.92
0.0
0.0
38.46
24.23
75.07
47.79
175.4
105.8
114.2
48.89
0.0
79.19
22.63
37.86
14.08
109.2
32.29
0.0
51.49
151.1
38.93
0.0
17.61
71.94
0.0
25.13
23.54
44.43
24.12
0.0
32.34
49.97
32.49
76.09
35.55
73.09
23.02
130.2
45.81
28.7
104.1
55.76
0.0
0.0
0.0
87.36
0.0
29.71
0.0
43.68
85.36
16.41
24.37
0.0
130.7
7.151
37.73
51.62
30.35
43.94
64.3
0.0
74.44
0.0
0.0
79.27
63.91
43.66
17.91
22.35
32.56
0.0
0.0
35.95
6.145e-06
0.0
85.58
26.41
112.5
160.8
66.65
33.76
0.0
35.14
0.0
43.17
25.57
43.92
15.3
34.63
0.0
37.63
16.8
0.0
17.0
30.0
75.17
11.29
0.0
25.86
68.67
58.63
2.094e-06
0.0
89.49
100.1
0.0
26.15
0.0
0.0
37.36
2.656e-06
25.76
42.13
37.42
223.1
11.28
0.0
0.0
35.33
0.0
0.0
9.155
45.04
15.65
47.85
0.5
52.79
38.68
99.38
96.1
33.3
34.31
14.74
0.0
37.22
114.0
61.57
61.63
23.91
81.49
136.7
0.0
0.0
0.0
57.12
58.7
15.04
25.0
19.65
42.7
45.81
109.0
50.02
17.3
53.11
28.05
37.08
0.0
13.23
125.2
58.02
18.05
39.62
65.26
87.98
112.5
13.44
4.27e-06
0.0
33.74
28.33
34.78
29.57
54.33
98.64
8.705
66.44
39.58
0.0
46.81
0.0
0.0
49.61
129.8
0.0
32.93
53.08
24.29
39.54
74.99
19.48
0.0
66.69
66.44
43.75
125.4
0.0
137.1
0.0
34.2
0.0
130.6
20.39
63.26
59.52
31.96
31.52
18.28
45.43
87.87
32.1
22.37
32.48
75.03
68.38
35.18
0.0
45.35
58.27
29.98
18.81
35.39
58.93
25.83
5.948e-06
31.93
31.83
2.468e-06
24.76
33.54
0.0
0.0
43.82
46.37
48.17
0.0
30.77
57.48
0.0
0.0
7.111
46.9
24.72
16.98
67.58
134.4
121.3
26.8
38.95
147.7
43.94
81.21
0.0
105.8
66.28
50.18
43.0
0.5
5.73e-06
47.65
14.02
78.82
38.95
37.25
39.45
114.0
39.02
26.44
42.57
17.1
79.35
111.3
0.0
17.58
46.83
21.74
134.4
46.83
nan
74.45
0.0
120.2
53.86
0.0
19.87
47.15
21.0
58.13
32.27
46.68
64.75
25.47
0.0
53.98
4.735e-06
0.0
112.8
2.079e-06
0.0
15.21
16.88
18.67
71.72
36.9
42.42
0.0
63.28
37.42
74.2
95.16
32.86
14.55
0.0
0.0
25.58
15.64
33.55
81.71
160.5
25.73
0.0
22.71
0.0
0.0
15.64
46.81
133.4
129.8
32.97
30.26
19.96
28.45
40.58
45.15
48.76
115.7
69.0
18.17
0.0
30.3
92.06
104.3
37.66
56.6
27.59
92.16
38.09
44.8
41.62
70.06
24.72
41.23
87.02
13.86
39.08
38.39
105.6
147.0
0.0
19.98
120.4
107.5
0.0
79.52
0.0
56.61
96.25
12.34
23.08
46.56
24.79
0.0
60.31
28.0
0.0
0.0
90.8
81.21
27.7
37.28
37.05
112.4
11.85
111.6
26.47
0.0
69.0
81.87
11.33
43.92
0.0
44.06
26.58
33.25
16.06
64.79
47.22
78.54
96.39
87.36
16.28
123.3
8.363e-07
25.22
43.35
124.4
31.36
12.51
0.0
45.34
87.36
0.0
4.982e-06
15.64
17.31
0.0
55.8
83.43
239.2
23.94
29.0
36.15
98.89
31.04
23.18
46.06
17.43
95.17
19.4
39.68
90.12
0.0
0.0
30.26
104.0
26.75
55.95
15.2
38.78
19.07
134.5
54.62
3.349e-06
0.0
0.0
0.0
32.75
83.69
0.0
48.31
0.0
85.52
0.0
0.0
45.61
33.99
29.37
43.69
16.87
0.0
8.307
32.71
0.0
0.0
31.75
156.3
0.0
33.45
56.56
145.3
0.0
38.46
0.0
30.69
0.0
67.13
24.03
19.62
14.95
109.3
0.0
14.63
81.71
0.0
50.2
36.98
108.9
25.6
0.0
86.3
0.0
18.6
4.181e-06
0.0
22.63
16.01
55.68
42.53
80.35
53.9
0.0
0.5
11.83
14.19
0.0
36.75
31.28
74.78
0.0
0.0
0.0
88.43
2.73e-06
0.0
37.36
74.4
0.0
134.0
7.159
4.27e-06
75.4
0.0
0.0
53.57
1.956e-06
112.2
62.33
0.5
119.2
30.43
7.309e-06
39.74
15.64
85.36
36.78
61.06
9.572
37.17
47.43
23.54
37.42
86.36
35.56
147.0
29.42
115.0
38.66
24.51
69.04
0.0
15.46
23.1
71.78
72.21
0.0
98.91
99.59
4.982e-06
58.29
26.52
44.19
46.45
35.4
68.25
14.96
139.8
46.02
44.58
24.76
26.04
0.0
14.52
78.17
0.0
40.0
35.95
20.49
0.0
37.02
37.08
37.16
0.0
62.01
151.1
24.11
106.0
5e-06
28.25
51.95
16.29
37.57
0.0
19.72
30.59
17.34
8.477
70.82
33.56
52.92
46.32
312.3
0.0
26.97
46.93
23.24
1.568e-06
114.2
35.43
58.82
27.87
93.35
0.0
80.0
9.148
45.04
0.0
19.63
34.24
23.42
74.4
47.23
55.34
56.33
124.1
25.6
84.75
0.0
85.58
88.97
29.46
52.34
147.7
25.27
114.9
0.0
0.0
70.49
87.18
28.8
2.361e-06
19.93
0.0
0.0
0.0
93.9
44.68
3.189e-06
18.02
40.96
0.0
27.1
0.0
26.4
32.8
17.9
35.14
106.8
0.0
0.0
0.0
77.99
0.0
30.99
104.7
106.8
108.9
138.9
48.89
38.67
21.92
39.73
46.31
1.622e-06
83.11
34.78
84.96
27.84
45.7
44.2
81.74
25.24
0.0
146.8
106.2
39.16
0.0
51.76
33.39
0.0
0.0
21.08
41.53
0.0
30.57
27.17
18.54
0.0
73.81
21.27
0.0
52.57
130.2
70.01
44.56
0.0
12.4
70.62
70.71
39.19
61.7
26.31
32.42
0.0
23.28
32.94
39.42
51.67
82.91
24.39
20.13
46.45
0.0
45.11
131.6
118.3
166.6
34.73
17.34
66.9
0.0
95.14
57.92
0.0
16.5
51.49
36.63
27.59
40.51
48.53
20.49
28.7
186.9
106.3
53.1
36.24
50.58
33.52
22.35
22.18
108.0
0.0
32.09
51.01
2.298e-06
66.9
0.0
0.0
4.974e-06
0.0
56.51
0.0
12.8
124.4
30.61
24.28
93.9
147.7
31.29
24.08
0.0
30.39
0.0
0.0
53.01
0.0
93.96
0.0
0.0
0.0
104.3
103.9
54.82
0.0
0.0
0.0
51.85
11.17
0.0
114.1
30.32
0.0
74.72
0.0
110.9
25.17
125.0
59.67
44.47
23.31
3.361e-06
29.36
15.04
131.1
25.51
0.0
0.0
28.89
58.85
0.0
28.03
32.99
53.98
134.1
21.05
53.06
0.0
0.0
10.55
20.84
44.38
34.75
0.0
0.0
126.5
23.38
0.0
41.39
33.43
5.73e-06
34.67
22.93
128.4
13.37
243.6
34.61
0.0
84.84
14.95
24.48
11.11
0.0
1.67e-06
35.23
1.999e-06
13.12
128.8
56.99
18.76
0.0
0.0
30.9
55.3
21.85
25.0
27.51
0.0
110.3
28.01
85.85
99.83
45.71
20.95
38.39
36.67
31.18
0.0
96.56
0.0
0.0
31.17
115.6
35.07
0.0
0.0
0.0
4.974e-06
23.47
38.37
31.19
111.4
29.05
33.44
0.0
41.57
40.41
0.0
127.1
25.86
0.0
27.08
59.38
59.17
0.0
35.71
56.55
0.0
194.2
0.0
11.23
77.27
0.0
105.1
33.8
95.14
37.36
46.34
26.89
100.7
47.32
37.61
0.0
30.66
0.0
16.3
0.0
21.36
43.01
0.0
17.82
111.7
15.8
54.89
0.0
27.2
147.7
28.11
8.22
0.0
27.75
23.37
61.12
46.06
21.88
113.4
106.2
11.82
0.0
40.22
27.53
42.36
30.63
108.2
3.822e-06
103.3
38.07
36.85
39.84
31.09
0.0
70.62
0.0
64.25
103.3
14.22
17.56
38.26
14.2
58.37
47.77
40.77
18.86
133.4
70.43
93.27
0.0
46.62
2.876e-06
66.64
26.19
28.13
118.1
26.99
27.25
1.848e-06
19.9
5.948e-06
0.0
0.0
126.5
19.68
0.0
274.6
0.0
44.84
28.98
29.76
0.0
0.0
9.94
0.0
22.29
63.35
44.91
13.91
26.95
28.86
0.0
33.81
46.93
64.44
30.22
0.0
59.41
24.92
35.95
42.83
92.16
55.01
27.83
71.22
39.19
10.29
122.9
51.47
0.0
18.76
42.46
29.79
0.0
128.6
0.0
48.0
18.0
19.27
9.51
55.34
54.21
26.02
41.42
0.0
0.0
109.5
132.4
98.89
42.13
0.0
37.9
32.77
42.66
0.0
0.0
91.17
0.0
0.0
64.55
33.15
85.92
70.43
1.375e-06
24.53
75.6
16.96
50.98
25.51
28.8
87.27
82.91
63.91
26.55
35.96
73.69
27.5
0.0
0.0
74.44
3.358e-06
0.0
0.0
189.2
85.81
34.0
0.0
101.5
0.0
20.66
135.5
0.0
27.45
4.163e-06
44.78
0.0
132.7
43.93
0.0
2.429e-06
2.211e-06
54.67
29.27
24.94
60.06
27.49
29.17
22.75
55.68
42.42
45.9
151.1
13.8
53.25
27.32
18.0
75.16
17.48
60.22
18.46
46.8
119.4
137.3
21.38
20.52
51.85
17.89
1.898e-06
44.07
33.34
38.58
53.52
0.0
2.779e-06
80.46
64.46
39.97
132.3
22.08
35.07
0.0
0.0
24.98
0.0
30.38
38.37
28.03
23.56
81.09
61.04
33.52
2.956e-06
51.19
68.4
52.13
38.95
35.98
40.18
113.6
13.85
154.7
58.93
0.0
64.56
27.29
128.7
0.0
0.0
101.4
117.2
0.0
36.55
43.94
0.0
181.2
12.25
37.9
47.17
29.14
0.0
35.67
63.67
0.0
115.0
0.0
114.1
0.0
0.5
11.08
18.29
21.56
0.0
0.0
37.06
41.88
0.0
0.0
27.25
41.23
70.05
48.67
98.89
142.9
0.0
37.65
13.57
0.0
54.27
133.8
117.1
60.22
52.95
116.8
124.5
37.03
33.3
27.05
1.309e-06
18.15
27.77
17.95
14.35
100.8
94.12
0.0
47.23
55.52
0.0
1.536e-06
27.86
0.0
0.0
81.41
0.0
75.16
46.34
42.15
0.0
32.3
69.04
10.58
35.47
18.39
35.4
64.75
27.06
101.2
18.87
0.0
28.11
93.72
42.42
73.09
45.4
56.24
44.53
0.0
77.34
12.96
43.97
124.3
8.592
52.17
29.11
1.527e-06
133.8
24.68
145.8
35.08
39.68
0.0
50.66
24.16
25.43
36.13
37.69
50.51
35.95
54.79
28.45
97.45
46.38
0.0
32.85
0.0
0.0
0.0
0.0
106.9
128.6
0.0
15.06
0.0
26.64
11.01
75.04
0.0
120.5
47.99
18.7
65.2
96.88
31.06
168.6
0.0
51.76
40.9
117.1
80.56
0.0
15.43
0.0
40.18
15.77
35.38
0.0
83.95
35.49
12.99
21.47
42.1
111.5
52.42
147.0
0.0
0.0
32.07
0.0
19.39
53.17
70.08
66.43
43.98
39.0
0.0
20.82
81.29
0.0
20.76
0.0
66.51
84.34
52.29
42.92
0.0
29.54
51.02
33.68
8.298
51.24
83.63
78.64
28.17
39.42
79.2
26.44
0.0
27.53
24.52
112.1
2.854e-06
24.27
34.55
127.1
42.96
38.91
0.0
57.04
16.63
16.12
0.5
12.56
0.0
0.0
19.87
0.0
120.4
34.84
36.83
66.52
26.93
14.0
81.49
90.0
11.64
0.0
16.93
1.502e-06
82.49
0.0
105.8
0.0
1.71e-06
80.0
15.48
43.83
14.02
64.46
78.17
17.74
41.86
8.113
56.37
30.59
137.1
0.0
70.62
15.5
1.814e-06
109.3
114.0
87.46
40.5
23.96
27.07
20.11
29.08
62.33
22.77
16.11
0.0
112.4
43.74
35.55
27.59
20.33
104.6
0.0
175.4
0.0
7.903
0.0
4.537e-06
144.5
49.79
0.0
61.56
32.79
145.2
58.13
63.74
91.72
31.65
36.36
48.18
23.08
49.64
0.0
33.3
25.16
12.29
14.41
19.66
100.6
42.95
0.0
0.0
46.16
0.0
33.8
0.0
25.27
0.0
80.25
74.78
42.76
24.6
46.12
79.51
42.39
48.11
83.02
33.59
23.63
71.55
0.0
26.44
107.1
77.67
84.04
39.64
21.94
0.0
6.547e-06
42.53
41.69
0.0
19.49
0.0
18.44
30.12
7.709
0.0
21.49
20.12
0.0
40.8
14.16
69.43
112.5
0.0
109.3
0.0
0.0
32.74
45.35
12.21
21.54
152.6
52.19
31.16
0.0
38.55
74.6
30.48
24.6
31.13
0.0
12.73
21.98
38.69
29.97
0.0
129.5
20.87
11.6
44.89
0.0
42.7
97.41
90.37
42.42
36.64
83.35
34.67
0.0
119.0
54.5
17.7
44.41
22.33
0.0
120.4
96.81
75.34
0.0
16.03
0.0
28.94
0.0
33.99
89.42
77.07
64.75
100.6
0.0
14.44
23.64
0.0
44.06
14.28
0.0
0.0
116.8
84.84
29.72
118.1
26.19
0.0
28.68
77.78
0.0
0.0
30.59
28.96
21.37
3.345e-06
85.56
36.1
0.0
89.49
97.56
23.46
47.24
19.3
15.73
26.13
100.5
54.27
0.0
130.7
100.4
27.9
51.53
183.3
0.0
19.88
73.0
90.19
35.54
57.79
0.0
89.61
36.99
33.87
94.12
24.72
67.36
26.79
23.38
43.16
125.4
36.59
21.93
0.0
188.7
9.274
0.0
35.85
24.88
38.16
0.0
13.78
12.1
17.09
85.77
0.0
35.15
29.31
24.97
72.68
60.94
23.3
0.0
0.0
110.2
161.7
0.0
0.0
0.0
41.99
26.76
62.07
0.0
43.69
26.78
59.47
96.64
22.28
0.0
0.0
116.0
38.28
22.14
1.498e-06
0.0
49.08
45.27
0.0
41.5
109.9
0.0
58.27
65.42
0.0
14.67
125.1
34.97
18.07
13.51
36.09
62.57
12.03
44.74
69.53
28.53
125.7
0.0
16.1
0.0
12.31
0.0
18.47
47.72
107.2
86.23
0.0
0.0
59.05
0.0
0.0
33.52
42.57
0.0
0.0
124.2
35.59
35.14
77.34
12.54
87.96
37.08
43.53
100.6
