62.44
92.57
57.92
119.2
26.9
95.33
68.41
58.5
67.36
36.19
78.24
78.24
86.0
51.12
85.21
94.68
36.84
106.9
63.55
62.78
59.5
68.09
73.29
95.44
60.37
118.4
57.8
39.15
86.17
23.67
83.37
68.48
106.1
88.67
39.17
34.16
99.85
100.5
46.77
74.41
62.37
13.93
30.14
63.39
38.28
122.9
28.8
39.21
88.9
145.4
70.78
71.4
65.53
29.68
80.27
68.2
83.46
63.63
73.32
78.59
55.25
113.2
62.27
121.2
70.96
74.53
102.5
82.48
114.4
51.79
91.62
15.07
62.12
68.51
29.83
78.72
108.7
77.66
15.27
46.06
141.7
53.92
31.35
112.2
54.75
96.01
84.36
28.1
116.6
53.58
48.28
76.69
27.33
65.66
77.45
65.68
43.18
122.4
72.39
91.72
48.83
51.22
51.65
72.27
47.28
47.94
75.71
74.31
77.3
50.36
30.2
64.74
63.2
55.35
115.5
62.26
50.41
78.39
82.13
84.6
49.57
69.27
59.9
34.7
59.46
5.776e-06
87.73
62.98
56.01
95.35
15.41
58.11
17.07
97.31
95.02
21.63
40.81
77.46
66.87
18.18
16.24
80.29
97.47
95.36
21.54
85.23
39.55
69.49
28.49
89.25
38.92
49.73
36.11
49.17
54.18
74.86
88.3
16.92
23.22
91.57
80.2
72.8
114.3
82.67
53.97
26.15
27.34
53.16
14.23
100.4
111.4
64.69
22.84
8.5
25.91
37.86
89.61
92.19
63.65
65.71
39.33
17.21
55.94
49.32
49.43
49.82
54.84
25.58
38.7
48.41
94.11
60.62
25.3
40.58
55.51
47.89
69.38
8.347
28.27
69.58
79.34
92.76
61.26
37.42
67.51
94.32
16.87
56.17
88.91
77.53
63.97
28.45
24.36
20.13
70.47
59.81
65.66
48.17
61.49
27.16
31.36
72.59
43.9
74.87
32.45
38.13
13.78
85.76
79.02
109.1
65.95
41.19
40.96
62.19
72.19
72.81
65.66
55.92
132.2
84.69
45.95
34.33
93.93
49.77
42.63
34.98
60.35
107.6
30.23
41.03
24.37
86.82
28.33
73.98
68.93
23.61
40.72
20.66
89.47
93.21
66.42
14.45
69.51
33.54
66.31
54.54
35.31
52.98
29.86
117.8
66.57
44.25
67.56
123.4
15.23
32.31
105.2
39.4
61.5
52.35
56.22
30.63
30.72
72.06
76.25
51.66
101.9
39.11
67.09
109.7
69.65
71.02
45.06
71.87
104.6
62.99
136.7
22.68
104.6
73.42
53.56
74.66
17.62
102.2
25.88
41.76
46.04
69.67
43.52
67.03
124.6
54.03
51.56
49.27
73.52
44.52
30.05
67.37
24.19
101.0
66.7
21.93
99.37
51.22
19.77
84.96
66.26
33.94
93.43
83.72
78.9
84.09
65.22
34.34
83.07
54.03
99.8
86.0
86.51
18.35
31.9
19.64
107.6
59.49
83.84
100.6
69.63
53.44
18.29
91.14
29.75
15.29
63.53
135.3
74.08
39.13
78.61
5.96
19.38
109.9
59.57
77.84
66.59
97.12
85.23
74.63
103.8
31.25
94.7
94.4
22.5
82.03
80.3
6.673
75.69
89.96
88.53
94.19
32.34
7.364
72.89
90.28
20.06
10.4
25.07
20.37
96.33
8.835e-06
132.9
93.0
68.56
40.38
79.81
94.44
41.24
115.4
10.52
114.1
89.79
97.04
92.28
63.29
18.78
114.0
31.82
81.0
17.59
10.41
108.9
50.58
52.32
106.0
33.79
21.5
16.2
25.83
93.5
71.7
13.33
41.88
24.0
54.25
42.83
66.04
64.99
75.14
13.7
38.33
73.32
29.62
35.45
50.01
37.6
77.79
48.81
81.43
41.09
13.81
25.92
41.95
81.21
93.88
80.19
38.51
96.72
82.75
70.94
29.37
101.7
89.72
101.1
24.98
35.27
43.39
80.65
84.92
86.45
63.28
96.56
102.7
78.97
8.977
118.4
62.75
20.87
89.48
114.1
65.53
79.87
87.45
70.61
97.91
100.8
79.05
110.5
83.84
105.3
14.98
12.01
4.846
104.4
24.88
81.48
95.26
46.26
48.74
116.5
123.2
95.36
139.5
125.6
112.3
137.0
119.0
86.1
87.47
83.88
148.2
134.0
134.1
