0.8421
0.6074
0.7088
0.4715
1.0
0.6211
0.8468
0.6819
0.8346
1.0
0.6576
0.6576
0.449
0.8282
0.5642
0.8167
0.9148
0.3242
0.7813
0.819
0.7765
0.6832
0.5859
0.5916
0.9215
0.6321
0.8259
0.9322
0.5695
0.9872
0.6929
0.8292
0.4464
0.6181
0.871
0.8773
0.6488
0.5702
0.8543
0.8948
0.7528
0.9892
1.0
0.7962
0.9368
0.5086
1.0
0.8171
0.6306
0.07894
0.6785
0.7203
0.7843
1.0
0.6205
0.7537
0.7554
0.9052
0.7784
0.7831
0.8999
0.5499
0.8424
0.3415
0.692
0.7134
0.5711
0.7459
0.3281
0.9191
0.698
1.0
0.8618
0.855
0.988
0.6542
0.4851
0.6277
1.0
0.7883
-0.04249
0.9151
0.9312
0.4489
0.808
0.4754
0.5313
0.9579
0.1992
0.9332
0.9189
0.7614
1.0
0.8492
0.8654
0.7066
0.8459
-0.03184
0.843
0.6073
0.9085
0.7246
0.895
0.7771
0.8939
0.8939
0.5576
0.5089
0.6016
0.8752
1.0
0.6041
0.7039
0.7039
0.4667
0.6925
0.8935
0.8381
0.7575
0.7575
0.9484
0.7132
0.8268
1.0
0.9228
1.0
0.5304
0.6797
0.8821
0.6559
1.0
0.9186
1.0
0.7161
0.7161
1.0
0.9447
0.8407
0.7488
1.0
1.0
0.7772
0.4576
0.3523
0.8615
0.6541
1.0
0.8284
1.0
0.6238
0.8593
0.8225
0.9621
0.8379
0.766
0.6315
0.5753
1.0
1.0
0.7127
0.6701
0.6641
0.286
0.6395
0.8715
1.0
0.9535
0.9554
1.0
0.4213
0.4855
0.8764
1.0
1.0
1.0
0.9373
0.5535
0.7368
0.9537
0.8353
0.9419
1.0
0.7108
0.9334
0.8805
0.8545
0.7952
1.0
0.8705
0.9212
0.5288
0.8079
1.0
0.9204
0.9157
0.9015
0.7778
1.0
1.0
0.727
0.7028
0.7097
0.8588
1.0
0.7537
0.574
1.0
0.8265
0.8219
0.8473
0.9274
1.0
1.0
0.9246
0.7578
0.9825
0.9089
0.7917
0.8131
1.0
1.0
0.7484
0.9069
0.6836
1.0
1.0
0.9793
0.7429
0.7429
0.3646
0.8042
1.0
1.0
0.8213
0.5268
0.8072
0.8334
0.68
0.3077
0.6214
1.0
1.0
0.6371
1.0
0.8963
0.9264
0.81
0.5549
1.0
1.0
1.0
0.6208
1.0
0.6987
0.7267
1.0
0.9126
1.0
0.4743
0.4304
0.8568
1.0
0.8648
1.0
0.8569
0.9201
0.867
0.7902
1.0
0.1308
0.8788
0.8726
0.8595
0.1439
0.9789
0.9146
0.5297
1.0
0.7676
0.8432
0.8885
1.0
0.9537
0.7383
0.6818
0.87
0.482
0.9506
0.843
0.5644
0.7839
0.8931
0.9126
0.707
0.4998
0.8651
0.276
1.0
0.2696
0.7417
0.8489
0.663
1.0
0.6836
0.9726
0.9385
0.8973
0.8884
0.9481
0.8699
0.428
0.7614
0.9125
0.8096
0.7424
0.8231
1.0
0.8197
1.0
0.7035
0.8399
1.0
0.6428
0.9314
0.9694
0.7027
0.8852
0.9359
0.5088
0.6413
0.742
0.6289
0.8253
0.9662
0.568
0.9548
0.6356
0.4937
0.6744
0.9678
0.9421
1.0
0.4024
0.8672
0.8093
0.3639
0.8576
0.8892
1.0
0.6347
0.9645
1.0
0.8335
0.6151
0.822
0.8702
0.6791
1.0
1.0
0.4715
0.9224
0.9083
0.7804
0.4101
0.5656
0.8072
0.6861
1.0
0.5696
0.5466
1.0
0.7913
0.7948
1.0
0.8728
0.5952
0.7309
0.7233
0.9621
1.0
0.7511
0.7058
1.0
1.0
1.0
1.0
0.8514
1.0
0.05021
0.6076
0.8337
0.9626
0.6413
0.7806
0.9392
0.3758
1.0
0.4098
0.7223
0.7097
0.7376
0.7858
0.9912
0.4954
0.96
0.865
0.95
1.0
0.6677
0.7519
0.9193
0.5618
0.981
0.9732
0.9891
1.0
0.7315
0.6796
0.9929
0.911
0.9824
0.7987
0.9414
0.7807
0.8569
0.7348
1.0
0.9572
0.627
0.8748
0.8865
0.9198
0.7537
0.6857
0.8177
0.765
0.9415
0.9885
0.9186
0.9205
0.6861
0.5125
0.8177
0.9439
0.5034
0.7229
0.7906
0.9418
0.2303
0.7369
0.5927
1.0
0.9434
0.8743
0.7036
0.6432
0.6299
0.7475
0.6791
0.5186
0.6666
1.0
0.2541
0.8226
0.9523
0.6155
0.6125
0.8897
0.6983
0.6247
0.8033
0.4918
0.4878
0.6257
0.3021
0.7226
0.6344
0.9675
0.9937
1.0
0.6445
0.9638
0.6323
0.6442
0.9084
0.8979
0.5634
0.2066
0.5827
0.2161
0.2198
0.4907
0.1273
0.2663
0.6368
0.5079
0.7735
0.1182
0.1904
0.4305
