11.1
12.67
14.75
11.27
8.395
13.24
9.732
11.84
7.23
15.15
13.9
13.15
11.36
13.83
12.28
13.75
12.13
13.36
9.302
12.73
9.445
10.9
11.98
7.886
7.725
12.67
9.598
11.31
12.78
11.27
12.42
11.49
10.53
13.21
10.62
14.44
8.288
13.87
11.23
16.43
12.63
13.12
13.0
13.23
14.45
14.58
14.29
11.28
11.47
11.4
13.98
14.93
13.1
12.37
9.304
10.13
13.02
9.45
8.679
14.16
13.72
10.13
13.84
15.36
12.19
12.39
9.535
11.68
13.36
15.46
14.64
12.23
15.5
13.57
13.27
13.05
16.94
12.84
15.31
11.16
15.24
13.18
14.03
10.23
10.23
12.81
13.12
10.44
14.35
13.9
17.56
14.29
11.09
13.96
15.99
10.08
14.08
10.34
14.98
13.89
13.1
6.137
6.877
14.01
13.14
14.01
8.786
7.108
12.5
13.2
14.01
11.89
12.61
13.87
14.99
13.96
14.76
12.27
13.91
10.87
12.97
15.98
16.07
13.57
13.38
13.0
14.21
10.09
9.986
13.21
12.59
11.73
8.858
14.23
12.63
12.91
9.114
10.79
15.64
12.6
11.94
12.14
14.72
2.536
12.6
15.26
15.06
16.04
9.901
11.96
10.33
10.94
8.938
8.826
12.82
12.01
12.18
13.71
11.31
13.6
17.16
12.92
10.27
9.659
9.72
15.79
10.66
13.41
13.58
15.0
11.27
11.85
10.66
14.91
11.55
10.48
13.1
14.29
10.06
7.639
11.54
13.41
14.49
13.24
9.158
14.2
14.55
13.36
9.782
13.27
11.38
12.09
10.6
17.91
14.21
13.32
10.48
14.62
13.95
12.23
6.464
13.11
13.53
11.87
13.02
11.61
7.047
14.61
11.01
13.96
11.33
8.381
14.72
13.13
12.05
11.13
12.96
9.048
13.27
14.92
15.24
7.379
16.25
10.8
11.9
13.67
11.52
13.9
14.11
14.5
9.494
13.51
12.1
10.76
15.47
10.45
12.58
14.65
14.07
13.5
13.8
9.185
14.22
14.51
15.05
11.99
11.88
9.807
11.93
8.638
15.28
10.77
8.758
14.43
15.27
13.75
1.247
7.783
13.45
9.856
14.65
1.557
16.16
13.81
12.94
12.98
11.81
15.01
13.97
8.896
14.89
14.02
11.9
14.05
15.04
12.98
14.27
10.48
12.2
6.675
15.95
13.41
16.94
11.83
13.27
13.28
15.12
15.06
13.69
13.97
13.14
14.54
9.884
13.81
12.16
12.76
12.1
13.95
12.87
10.99
12.4
12.81
12.98
13.44
8.186
16.41
15.6
13.81
11.01
13.11
11.08
9.8
4.106
13.75
14.67
13.22
9.405
13.23
15.64
12.87
11.84
13.91
17.17
11.37
15.62
8.686
10.34
12.49
16.58
12.16
11.71
12.7
8.57
6.094
8.48
14.43
12.06
16.0
13.34
13.31
8.096
15.32
12.52
15.02
16.26
13.14
12.8
12.28
13.21
10.23
14.8
13.12
8.938
12.19
13.1
15.09
16.0
13.93
15.97
9.743
10.4
12.78
18.39
9.831
15.12
14.21
17.06
13.69
16.3
9.562
13.29
12.65
16.48
15.37
15.74
11.57
11.94
8.902
14.52
13.27
10.7
11.77
14.03
11.21
13.11
9.946
8.282
12.9
13.59
9.762
12.23
12.42
15.07
12.18
14.32
11.11
7.72
13.2
13.62
11.18
14.94
9.167
10.79
9.409
12.99
15.12
17.28
12.97
15.0
12.24
13.92
13.91
12.42
14.95
7.45
13.64
12.3
12.5
12.65
11.11
11.41
10.67
13.48
12.55
11.08
14.34
11.79
9.401
7.935
15.69
14.78
10.95
14.28
13.09
10.91
8.082
13.99
14.91
8.916
13.72
15.52
7.614
8.749
11.02
9.851
13.12
13.5
11.92
9.2
13.78
12.84
14.16
11.82
14.47
18.58
13.42
15.05
12.54
14.2
10.65
15.64
17.34
16.66
16.21
12.66
8.861
11.22
13.49
10.95
13.69
15.58
8.8
10.28
12.69
15.41
14.03
13.29
13.11
12.51
12.53
16.46
14.09
9.784
12.41
13.99
9.789
10.91
9.333
9.157
13.61
12.85
12.64
11.13
8.163
15.01
15.39
14.97
10.34
16.85
11.63
8.493
11.54
6.481
14.3
19.06
14.63
15.29
11.79
12.87
10.85
12.55
16.46
15.53
16.28
14.12
12.7
11.23
11.47
13.15
7.273
14.46
12.09
14.6
13.82
13.39
14.04
11.88
12.81
11.72
17.06
7.058
15.63
12.37
12.48
13.12
13.53
7.291
14.08
13.06
11.39
9.666
11.57
13.0
14.72
12.18
12.92
12.62
12.05
12.76
13.32
12.24
12.17
14.95
14.15
12.02
13.72
11.97
12.49
12.35
11.33
16.6
14.33
13.92
14.35
14.83
15.39
12.58
13.72
7.91
10.84
13.22
13.06
11.0
10.9
13.45
6.518
9.51
13.58
11.65
16.06
14.74
13.47
12.23
14.33
13.6
11.97
13.03
11.53
11.37
11.74
11.49
13.49
9.232
12.89
8.992
15.59
10.54
14.37
13.11
12.62
10.18
13.67
13.14
12.69
12.67
14.73
12.07
10.46
10.49
12.12
13.17
14.11
11.05
13.53
4.368
15.67
13.11
14.4
14.92
14.85
10.25
7.346
10.11
12.31
13.44
12.7
12.49
14.41
13.7
10.77
11.65
13.26
7.379
7.339
15.6
15.23
14.95
11.37
14.62
12.19
14.72
13.35
15.73
13.46
9.301
8.207
15.74
12.5
12.4
13.57
13.76
8.806
11.42
14.33
13.27
12.62
14.21
11.0
14.88
11.24
12.67
13.82
15.35
11.42
13.8
16.63
15.91
13.91
10.11
14.18
11.42
11.96
10.14
14.33
14.5
11.68
13.27
9.422
11.98
9.045
14.19
14.35
12.72
14.35
10.59
15.85
13.11
9.776
13.71
13.52
12.64
12.57
13.3
12.33
13.97
13.28
9.153
11.88
11.79
15.84
15.87
14.36
15.86
14.18
12.06
12.57
13.24
14.84
9.226
15.05
12.4
14.29
15.05
13.73
10.41
11.51
8.453
12.55
10.25
8.8
14.76
10.03
14.24
13.34
10.85
12.28
13.72
13.35
14.7
8.421
16.41
12.9
14.21
12.75
12.65
12.95
12.92
16.01
13.46
11.17
15.28
12.97
11.77
7.203
12.45
10.44
14.32
15.73
14.51
10.62
13.14
12.49
14.86
13.24
6.481
12.4
12.6
10.66
6.091
11.52
13.79
15.56
9.274
11.19
9.664
14.91
9.956
18.03
11.34
12.06
13.03
12.82
8.529
13.17
14.34
11.8
13.82
12.6
9.757
12.75
10.07
13.18
14.65
10.89
11.9
16.07
12.04
8.796
10.69
11.7
11.93
11.62
12.09
13.41
15.57
12.13
14.3
10.34
13.06
16.04
12.1
10.92
12.73
14.09
10.46
9.264
14.16
13.72
11.82
16.51
12.58
6.123
15.61
10.36
15.61
14.12
14.31
10.9
13.48
13.96
14.31
16.46
15.49
14.88
12.87
10.13
10.89
14.01
14.05
12.4
16.78
16.87
9.975
12.39
11.62
12.73
11.53
11.61
10.89
15.9
12.05
8.593
15.02
11.47
12.07
13.94
14.3
17.52
14.16
5.571
13.55
13.94
11.65
9.314
9.88
9.922
10.32
13.89
13.35
14.4
14.81
10.94
7.332
13.24
13.43
12.43
6.856
12.36
8.806
12.14
12.42
15.62
10.95
12.31
14.78
11.23
13.4
3.803
8.616
8.857
13.36
9.635
11.98
12.96
9.703
13.57
11.54
7.872
13.01
12.84
11.83
15.7
15.41
14.01
13.92
15.81
15.58
12.24
12.66
14.62
13.22
13.68
14.87
8.784
12.9
13.37
8.095
15.58
10.19
5.2
14.62
14.38
12.34
7.424
14.49
14.27
14.45
9.147
13.46
15.41
16.19
10.73
12.86
12.22
11.2
9.039
9.389
11.54
13.81
12.02
13.0
7.91
9.921
13.23
13.61
14.32
11.13
12.28
11.28
9.959
14.69
12.61
16.28
14.37
13.75
14.42
12.45
13.72
15.05
15.75
14.3
9.95
13.7
12.53
11.87
11.24
8.536
11.8
11.45
11.53
12.15
13.69
16.9
12.12
10.42
8.52
9.484
14.64
15.65
12.76
10.33
9.676
13.68
10.79
10.15
14.93
10.82
14.34
12.36
11.82
15.3
15.53
12.9
13.87
11.1
11.14
11.55
14.23
14.41
9.233
13.83
13.3
13.29
15.01
12.44
11.03
9.492
11.6
12.85
13.2
11.37
13.33
10.9
12.91
9.294
15.06
10.03
10.57
12.94
11.52
13.5
13.41
13.88
11.68
14.99
12.95
14.19
14.48
12.24
15.18
13.69
13.5
12.42
9.1
14.15
14.35
15.59
16.15
12.46
13.03
13.61
11.06
12.48
11.97
13.46
11.96
16.33
10.94
14.74
14.98
11.24
12.16
14.05
11.83
16.37
11.73
11.71
12.82
11.72
20.01
13.64
11.55
14.82
8.942
15.28
12.09
15.66
14.75
10.58
12.29
10.34
7.753
14.12
14.39
11.4
12.28
11.72
13.81
13.09
10.47
13.21
13.42
13.67
12.29
6.357
12.87
12.58
8.842
12.15
7.629
13.9
13.93
12.7
15.17
14.8
13.67
8.624
13.69
15.03
16.89
15.76
8.698
9.342
16.54
12.34
13.59
12.82
7.483
11.56
13.56
14.14
10.65
12.4
13.66
10.79
13.1
10.31
11.75
12.52
15.65
14.54
13.37
12.93
6.775
13.87
11.49
13.26
14.06
10.19
14.89
15.68
10.4
14.16
12.27
11.94
15.58
13.1
12.21
12.82
13.17
13.51
13.79
15.1
12.8
10.61
15.24
10.77
12.16
7.553
14.41
14.6
13.09
15.4
11.35
14.16
12.53
10.61
12.09
7.198
13.14
12.2
8.179
14.68
14.64
12.85
13.69
8.303
12.38
13.19
10.3
12.38
7.786
10.11
10.67
11.23
12.09
11.17
13.34
14.02
9.426
14.29
12.99
11.83
12.07
12.38
12.88
11.34
9.243
11.56
10.46
10.8
7.15
14.7
16.69
13.38
10.43
12.08
12.7
12.86
14.34
11.28
13.11
11.52
15.0
15.62
14.55
10.89
8.882
5.881
11.5
15.56
8.896
12.68
12.12
13.05
16.65
10.33
13.5
13.12
10.75
13.44
11.77
14.5
12.64
12.31
13.17
11.87
14.48
11.21
13.95
13.41
10.37
14.11
14.02
11.97
14.79
14.25
10.6
12.96
13.45
14.73
13.95
11.48
7.379
12.56
14.44
13.33
13.92
8.854
14.76
16.0
16.27
12.46
10.41
15.74
11.32
11.08
12.69
6.3
13.23
11.12
13.5
15.39
15.85
12.03
13.91
15.23
9.752
13.13
14.42
12.28
15.98
11.37
10.88
9.814
10.83
12.09
12.52
15.55
5.349
10.33
13.07
12.83
13.75
12.94
10.85
14.79
10.19
10.31
10.72
13.77
12.13
15.01
9.456
14.52
11.86
12.9
13.52
12.8
11.1
17.18
15.62
10.71
11.49
3.79
9.907
13.33
11.54
14.63
12.29
5.074
15.11
9.803
13.65
16.82
12.0
14.91
11.54
8.685
11.88
10.91
10.52
14.36
10.66
13.37
15.28
13.65
15.81
9.572
14.36
14.21
11.61
10.49
11.36
11.16
13.91
14.26
11.79
11.21
9.919
12.68
12.11
13.91
8.821
13.81
15.61
14.88
13.65
12.16
14.66
12.41
12.47
14.09
9.172
13.97
10.8
12.95
9.894
9.728
14.42
12.78
13.55
15.95
14.44
15.77
10.11
14.21
12.75
10.78
8.35
11.92
14.02
11.63
13.87
14.73
10.97
9.73
13.44
8.746
14.87
8.662
12.5
10.05
3.99
15.38
12.1
10.61
15.16
11.71
15.7
13.79
14.24
9.59
9.543
11.3
10.66
14.89
12.62
14.73
14.83
8.734
9.965
6.475
11.49
8.569
16.01
13.2
10.38
5.552
11.86
12.99
13.2
12.73
11.82
15.0
12.78
13.69
13.41
10.37
16.43
12.5
11.18
13.35
14.2
13.43
8.808
11.67
13.94
13.47
13.93
11.48
12.64
12.99
13.97
12.65
12.15
7.109
9.496
10.07
14.21
14.06
11.35
13.56
14.79
14.85
15.22
14.15
10.56
16.47
9.091
10.68
8.486
15.16
11.64
14.84
12.0
11.1
12.31
13.08
12.24
7.144
16.07
16.53
10.03
15.21
12.31
9.012
11.45
12.09
15.21
12.81
9.433
13.04
12.32
13.18
12.95
14.66
13.72
15.01
11.69
13.37
15.31
12.38
10.74
16.09
16.21
14.59
14.43
14.8
11.65
7.677
9.611
11.49
10.1
16.05
18.46
13.09
14.64
14.2
14.29
13.01
15.5
9.918
12.56
15.18
12.41
12.79
0.9072
15.01
11.25
10.81
8.696
12.14
13.59
12.85
12.06
8.558
13.48
13.02
8.993
14.67
15.39
9.572
14.25
12.48
13.12
14.41
10.33
13.04
13.03
16.01
15.92
15.74
10.37
13.47
16.1
14.28
6.053
13.71
11.42
12.34
14.6
13.08
13.61
14.79
14.14
15.24
6.451
10.74
12.84
15.25
10.79
14.14
17.23
11.36
12.97
14.21
9.258
17.06
9.749
16.14
12.04
10.97
11.25
12.32
