0.2565
0.4061
0.3288
0.424
0.4523
0.2426
0.3289
0.4923
0.2096
0.4225
0.3567
0.3694
0.3012
0.4602
0.2601
0.0
0.5639
0.1796
0.4849
0.1886
0.5163
0.312
0.2423
0.2296
0.3498
0.2066
0.3059
0.3511
0.4241
0.1636
0.3069
0.0
0.4101
0.3944
0.8422
0.1752
0.348
0.3749
0.3757
0.3045
0.1632
0.4795
0.5072
0.5114
0.3988
0.3181
0.0
0.3756
0.3939
0.3649
0.3815
0.7144
0.2568
0.08813
0.5416
0.0
0.3216
0.0
0.3157
0.466
0.3935
1.355
0.4669
0.3636
0.9858
0.5015
0.5611
0.4822
0.3006
0.0
0.0
0.4318
0.43
0.4526
0.5266
0.6311
0.5919
0.4059
0.2736
0.2154
0.4972
0.3927
0.4304
0.6006
0.0
0.2982
0.2961
0.4294
0.5319
0.4253
0.2913
0.2941
0.4097
0.4545
0.4072
0.4101
0.3923
0.4471
0.4893
0.268
0.3237
0.4579
0.4846
0.421
0.3428
0.4739
0.3179
0.8884
0.6929
0.2803
0.3484
0.337
0.395
0.3613
0.3541
0.0
0.2011
0.3951
3.032
0.5957
0.3521
4.604e-08
0.2079
0.3076
0.3575
0.3785
0.4549
0.1957
0.5028
0.3264
0.2793
0.4892
0.4976
0.3581
0.4107
0.6826
0.5472
0.3868
0.4628
0.4813
0.3512
0.5887
0.5719
0.332
0.2023
0.46
0.4702
0.4499
0.3888
0.4457
0.4602
0.4265
0.4217
0.9447
5.036e-08
0.6339
0.4354
0.3654
0.3116
0.4181
0.4752
0.5709
0.4799
0.5011
0.4832
0.4974
0.3585
0.1891
0.4137
0.3986
0.2203
0.1652
0.4919
0.5712
0.4237
0.531
0.7009
0.9143
0.5671
0.2372
0.5657
0.3039
0.2939
0.4418
0.4836
0.4645
0.6352
0.2431
0.459
0.5247
0.3559
0.4805
0.799
0.5487
0.405
0.329
0.499
0.6721
0.3453
0.1697
0.5674
0.5916
0.0
0.7968
0.2596
0.2491
0.7779
0.4776
0.489
0.5195
0.453
0.4905
0.3998
0.583
0.702
0.455
0.5738
0.5101
0.0
0.3974
0.7277
0.3233
0.8314
3.032
0.2484
0.3412
0.5254
0.5598
0.662
0.257
0.4568
0.3248
0.43
0.4494
0.0
0.396
0.4912
0.6579
0.4453
0.4696
0.3664
0.3843
0.3425
0.6716
0.2671
0.7842
0.4301
0.498
0.5308
0.5557
0.2654
0.3619
0.5582
0.4317
0.3656
0.5366
0.6982
0.3564
0.4681
0.3193
0.6694
0.3578
0.5203
0.4279
0.5146
0.3765
0.4408
0.4335
0.8483
0.5173
0.275
0.2846
0.4428
0.6621
0.3922
0.2842
0.7005
0.4045
0.432
0.4035
0.5103
0.4266
0.757
0.8443
0.7121
0.5733
0.6339
0.6863
0.1394
0.5868
0.786
0.6079
0.3805
0.3586
0.7626
0.4862
0.5
0.4892
0.5259
0.5611
0.6299
0.6484
0.5829
0.5901
0.6015
0.5977
0.5383
0.5218
0.6192
0.4678
0.4251
0.1903
0.7533
0.6287
0.7367
0.41
0.778
0.6408
0.5499
0.5567
0.4352
0.6759
0.381
0.4927
0.4253
0.8753
0.6547
0.5702
0.3515
0.2793
0.4104
0.2378
0.4722
0.915
0.3576
0.7413
0.2901
0.8679
0.5296
0.2305
0.456
1.161
0.4392
0.4951
0.4051
0.7182
0.6122
0.442
0.8986
0.8568
0.4806
0.6292
0.4381
0.5046
0.5005
0.8024
0.3673
0.2752
0.6172
0.4737
0.6113
0.9605
0.6937
0.7825
0.9001
0.5302
0.3845
0.782
0.408
0.5595
0.699
0.5228
0.6157
0.4158
0.5197
0.364
0.2256
0.6671
0.7384
0.711
0.3888
0.2729
0.8519
0.4861
0.5441
0.5886
0.6863
1.136
0.5585
0.6006
0.4963
0.5177
0.3254
6.637e-08
0.4378
0.5498
0.389
0.8155
0.5894
0.6312
0.7175
0.5878
0.4524
0.3942
0.3801
0.3896
0.4832
0.9729
0.405
0.668
0.5757
0.7397
0.8937
0.5681
0.5882
0.2124
0.6992
0.8869
0.3965
0.4091
1.202
0.8413
0.8284
0.6905
0.6446
0.7869
0.7536
0.3495
0.5418
0.901
0.4448
0.5375
0.4591
1.424
0.7497
0.4097
0.7026
0.6423
0.4266
1.219
0.4207
0.3639
0.5582
0.4473
0.5812
0.6277
0.6218
0.5774
0.3653
0.7037
0.4501
0.3915
0.9174
0.4888
0.354
0.3907
0.7431
0.5351
0.7641
0.9309
0.5701
0.6312
0.7793
0.7181
0.5132
0.7244
0.5781
0.4214
0.2351
6.359e-08
0.5147
0.6145
0.3386
0.4569
0.7406
1.018
0.6261
0.4468
0.8558
0.8923
0.6478
0.436
0.3116
0.4697
0.5933
0.5942
0.3406
0.6663
0.809
1.035
0.8036
0.502
0.6292
0.5516
0.6447
0.4561
0.487
0.7137
0.5007
0.505
0.853
0.7927
1.096
0.5844
0.4961
0.4547
0.6339
0.7336
1.278
0.3652
0.68
0.5466
0.6549
0.6057
0.4864
0.3557
0.5663
0.5964
0.3716
0.6462
0.4423
0.682
0.4758
0.3303
0.4102
0.4815
0.7675
0.6466
0.5587
0.4893
0.7129
0.6783
0.9546
0.8649
0.8979
0.5069
0.3272
0.4259
0.6285
0.7164
0.558
0.624
0.6216
0.7437
1.04
0.8127
1.184
0.5247
0.8104
0.7114
0.5875
0.6959
0.3862
0.7453
0.5012
0.7481
0.7484
0.7382
0.6393
0.7481
1.008
0.6975
0.6538
0.4976
0.8259
0.3446
0.5766
0.72
0.6872
0.6051
1.305
0.7155
0.6182
0.6341
0.5181
0.7
0.6273
1.01
0.6173
0.8637
0.6993
0.4899
0.4836
0.7909
0.7503
0.5976
0.6118
0.6149
0.4536
1.107
0.4411
0.5447
0.5452
0.6287
0.5196
0.707
0.7099
0.6868
0.9581
0.9375
0.6091
0.7951
0.5938
1.235
0.856
0.628
0.6081
1.027
0.6091
0.6206
0.9864
0.7061
1.623
0.5659
0.4461
0.5773
0.8441
0.5645
0.4133
1.041
0.8933
1.346
0.6768
0.56
0.8443
0.5276
0.8723
0.5154
0.5729
0.8077
0.5041
0.9242
0.6676
0.7307
0.819
0.4201
1.084
1.247
0.5736
0.6855
0.6481
0.7191
0.618
0.7968
0.8625
0.6467
0.7037
0.4567
0.8897
0.7748
0.4452
0.5095
0.4531
0.3426
0.6085
0.7768
1.119
0.7058
0.5283
0.6122
0.5284
0.3535
0.863
0.5163
0.6895
0.7613
0.6016
0.9781
0.7562
0.8418
0.5904
0.9116
0.8325
0.9529
1.088
1.192
0.6311
0.5054
0.6064
0.7232
0.9081
0.818
0.7003
0.8001
0.571
0.5131
0.6992
0.5536
0.7132
0.6116
1.164
0.9174
0.728
0.2057
0.2311
1.011
0.8921
0.7629
0.6056
0.649
0.8626
0.8229
0.6275
0.9296
0.6671
0.8592
0.9912
1.083
0.5998
0.9774
0.4731
0.6441
0.6107
0.9923
0.6969
0.9168
0.7253
0.7247
0.5208
0.7586
1.005
0.6432
0.6945
0.7743
0.6835
0.5034
0.6257
0.7343
0.8532
0.8228
0.7534
0.7332
0.7162
1.638
0.9854
0.4623
0.9609
0.7395
0.7471
0.7876
0.5736
0.7396
0.7178
0.5347
0.6558
0.4832
0.6779
0.7497
0.7805
0.7135
0.9127
0.5395
0.8605
1.085
0.6668
1.279
0.718
0.8319
0.5126
0.6813
0.4307
0.6278
0.8102
0.9079
0.7202
0.8424
0.7707
0.7182
0.5263
0.9683
0.6514
1.074
0.957
0.8786
0.6358
1.06
0.6508
1.132
0.5175
0.5384
0.5613
1.472
0.9713
1.015
1.047
0.7772
0.445
1.152
0.858
0.6396
0.5276
0.5887
0.7577
0.513
0.4297
0.56
0.4119
0.112
0.1376
0.3375
0.523
0.3515
0.1508
0.4384
0.4377
0.322
0.3598
0.0
0.1812
0.6598
0.5342
0.0
0.2588
0.2552
0.1806
0.0
0.2976
0.3188
5.951e-08
0.0
0.2587
0.2854
0.1203
0.2757
0.2261
0.3222
0.3611
0.4171
0.7583
0.5221
0.1838
0.203
0.488
0.08718
0.02914
0.07597
0.1203
0.1202
0.4379
0.5728
0.8038
0.3515
0.6579
0.3049
0.4821
0.3188
0.0274
0.06736
0.03822
0.03822
0.0274
0.3843
0.1751
0.1938
0.345
0.1594
0.3095
0.3219
0.4029
0.4493
0.146
1.021
0.6047
0.3651
0.466
0.2648
0.2648
0.6147
0.5059
0.5506
0.7238
0.3532
0.2701
0.1562
0.5688
0.5836
0.5174
1.383
0.4292
0.0274
0.03822
0.05654
0.0274
0.02033
0.0274
0.3166
0.3128
0.3534
0.5288
0.4588
0.4971
1.822
0.7415
0.3199
0.3263
0.7397
0.1614
1.204
0.3387
0.3797
0.5728
0.4804
0.3572
0.6209
0.3652
0.195
0.3073
0.2578
0.1554
0.3128
0.3593
0.4786
1.069
0.3795
0.5641
0.5448
0.3431
0.2704
0.6596
0.4533
0.3242
1.848
0.5141
0.6148
0.5657
0.4118
0.9614
0.5122
0.8926
0.4047
0.336
0.3422
0.6124
0.4296
0.3969
0.7462
0.5508
0.531
0.2896
0.3627
0.9337
1.379
0.3417
0.6843
0.6787
0.4971
0.6039
0.7204
0.7377
0.4031
0.4599
0.5169
0.6879
0.4131
0.6495
0.5044
0.5512
0.6213
0.6567
0.2748
0.4511
0.3618
0.823
0.3972
0.7535
0.5863
0.7895
0.9398
0.9181
0.5687
0.679
0.5687
0.9375
0.7867
0.5579
0.4141
0.6029
0.7228
0.8006
0.6933
0.7686
0.6329
0.7679
0.4211
0.3393
0.9577
0.6637
0.3179
0.5962
0.6798
0.759
0.7049
0.5064
0.354
1.224
0.4778
0.6551
0.4841
0.9564
0.3899
0.4612
0.5347
0.4895
0.6971
0.6216
0.7119
0.6313
0.1765
0.0
0.6304
0.5732
0.7806
0.7175
0.4925
0.3602
0.6365
0.7516
0.8002
0.6641
1.076
0.3891
0.5574
0.6754
0.6917
0.5235
1.205
0.4918
0.6642
0.4066
1.011
0.5718
0.8005
0.4391
0.7622
0.6783
0.1895
0.6491
0.7349
1.476
0.9261
1.068
0.6701
0.4136
0.7225
0.7471
0.4069
0.4866
0.715
0.9939
0.8006
0.5828
0.5018
0.6692
0.8061
0.5121
0.3841
1.163
0.7404
0.4622
0.7629
0.4063
0.679
1.441
0.5414
0.5266
0.8518
0.5318
0.2934
0.4798
0.6928
0.5727
0.7405
0.5804
0.3815
0.6033
0.6769
0.9398
0.1656
0.4556
0.5034
0.9208
0.7549
0.9377
0.5976
0.6995
0.7871
0.8215
0.782
0.5772
0.9101
1.056
0.7018
0.9758
0.8318
0.6475
0.7167
0.5165
0.9967
0.6635
0.44
0.8433
0.9222
1.099
0.4404
0.6251
0.9296
0.5569
2.183
1.846
0.7388
0.7857
0.2699
1.539
1.35
0.5698
0.6866
0.4247
0.6272
0.583
0.9187
0.463
0.8519
0.6777
0.8158
0.6871
0.8606
0.5592
0.496
1.008
0.9303
0.5886
0.7149
1.03
0.6329
0.7604
0.6798
1.074
0.4056
0.5147
0.6734
0.8175
0.6595
0.5429
0.6606
0.9002
0.8421
0.5648
0.7952
0.7198
1.006
0.7261
0.8207
0.765
0.8028
0.458
0.5086
0.6434
0.6697
0.752
0.7318
0.5748
0.7612
1.001
0.6843
0.7804
0.6354
0.7027
0.579
0.6501
0.8204
1.77
0.7275
0.6582
0.6826
0.6919
0.4879
1.085
1.0
0.4228
0.4383
0.6668
0.9041
0.6505
0.7865
0.6232
0.7659
0.4602
0.8754
0.9496
0.8491
0.6848
0.7667
0.3456
0.6161
0.4519
0.9006
0.5623
0.3758
0.723
0.8593
0.4332
0.4857
0.9399
0.4559
0.9214
0.8319
0.3942
0.7489
0.7887
0.5543
0.8781
1.023
0.7622
0.8415
0.9925
0.5902
0.4714
0.7891
0.3936
0.6378
1.178
0.7248
1.356
0.7219
0.5786
0.744
0.8429
0.9642
0.6448
1.029
0.8283
0.7078
0.7467
0.5928
0.9747
0.5484
0.9844
1.026
0.9439
1.261
0.8449
0.662
0.7524
0.9161
1.201
0.7956
0.4856
0.8731
0.7804
0.6142
1.396
0.4741
0.8304
0.8133
0.8032
0.7252
0.7527
1.028
0.5102
0.619
0.8539
0.7394
0.7922
0.7655
0.8806
0.6677
1.279
0.6869
1.026
0.7378
0.8086
0.4633
0.5101
0.7368
0.8118
1.207
0.7046
1.272
0.8515
0.9352
0.6758
0.7795
0.7242
0.7109
1.197
0.8941
1.174
0.7758
0.9583
0.6053
0.7174
0.6311
0.9695
0.6314
1.037
0.7639
0.8479
0.4401
0.8196
1.13
0.8787
0.6569
0.9321
1.002
0.5815
1.621
0.9601
1.033
0.782
0.9593
0.8403
1.384
1.226
0.5989
1.783
1.003
0.7172
0.8144
1.538
0.6684
0.7676
0.7872
0.5092
1.313
0.864
0.8521
0.6898
0.8382
1.505
0.7918
1.144
0.7513
1.138
1.007
0.7526
0.9825
0.9498
0.769
0.9299
1.116
0.6035
1.559
0.9942
0.8396
0.9859
0.9148
0.691
0.9417
0.7767
0.7325
1.027
1.081
0.6567
0.6883
1.261
0.7094
0.9468
0.9622
1.144
0.878
0.8129
1.602
1.051
0.86
1.289
1.226
0.7586
1.547
1.069
0.9468
1.119
1.289
0.8808
1.148
0.8224
0.8083
0.7287
1.38
0.8193
0.8957
0.8955
0.75
0.7207
1.632
0.8345
1.36
1.2
0.5999
1.429
0.8949
1.437
1.478
1.387
0.8598
0.9564
0.5954
0.8997
0.5654
0.5598
1.031
1.041
0.7669
1.224
1.171
0.7967
0.9671
0.9649
0.7959
0.8051
0.8388
0.8914
0.6474
0.755
1.159
0.831
0.8088
0.7216
0.9444
0.905
1.053
0.755
0.9226
1.142
1.367
0.8592
1.754
1.01
0.75
0.8786
0.8402
0.7001
0.7757
0.7822
1.248
0.803
1.593
0.6522
1.364
1.373
0.8864
0.9605
0.9402
1.141
0.7831
1.492
1.012
0.8051
0.8748
0.744
0.8968
0.6798
0.9142
1.05
0.9294
1.007
1.007
1.412
0.6288
1.041
0.8894
1.149
1.49
0.6124
1.272
0.5329
0.792
1.401
1.13
1.064
1.166
1.102
1.3
0.8817
1.185
1.3
0.9566
1.138
1.003
0.7453
1.008
0.8252
0.878
0.9782
0.8088
1.412
1.067
0.6247
0.9658
1.232
0.8571
1.051
0.6589
1.202
0.9867
0.9334
0.5524
0.649
1.019
