2.586
2.561
3.293
3.256
2.224
4.278
3.092
2.793
1.355
3.775
3.684
3.175
2.74
2.819
2.724
3.911
3.141
2.961
3.231
3.257
3.121
3.527
3.509
1.794
2.057
3.747
2.679
2.723
4.008
3.443
2.892
2.912
2.59
2.578
3.178
3.927
2.37
3.186
2.885
3.334
3.223
2.505
3.358
2.955
4.491
3.428
2.739
3.093
2.861
2.79
2.789
3.616
3.341
3.709
2.592
2.433
3.157
2.656
2.911
3.413
4.101
2.431
3.962
3.247
3.163
2.711
3.235
3.291
4.249
4.13
3.734
3.953
4.565
3.511
3.756
4.537
4.832
3.177
5.398
2.886
2.729
3.949
2.959
1.966
2.275
2.351
2.827
3.149
3.492
3.705
5.122
3.168
2.849
4.041
6.33
1.647
3.638
2.742
3.928
4.508
3.214
1.524
2.724
2.693
2.541
3.957
1.985
2.331
3.074
4.468
3.164
2.859
3.215
4.002
4.568
4.846
3.158
2.667
4.183
2.285
2.619
5.681
5.21
3.654
3.562
3.04
4.107
2.616
2.529
3.818
3.389
3.396
2.695
3.929
3.183
2.74
2.73
3.096
4.036
2.674
2.684
3.199
3.157
0.4598
3.606
4.149
4.239
4.229
2.543
3.518
2.341
2.36
2.003
3.152
2.814
2.471
3.085
3.826
3.579
3.193
4.581
3.212
2.411
2.375
1.983
4.318
2.736
3.254
4.042
3.89
2.99
2.664
2.32
3.021
2.703
2.286
3.143
3.67
2.172
1.801
3.424
3.26
3.536
2.608
3.127
3.335
3.29
2.898
3.723
3.264
3.144
3.005
2.911
4.525
3.958
2.923
2.565
4.083
3.408
3.12
2.539
2.76
2.711
2.483
3.224
2.386
1.29
3.512
2.814
2.37
3.026
3.057
2.708
3.924
3.053
3.552
3.975
1.682
3.573
2.785
3.358
1.969
3.077
2.834
2.491
3.388
2.697
3.923
3.661
3.052
2.361
4.205
3.553
3.434
3.218
2.992
3.069
3.002
3.886
3.528
3.591
2.758
2.974
3.64
2.922
3.505
2.86
2.712
3.077
2.969
4.247
2.969
2.69
2.762
4.212
3.606
3.244
2.187
2.58
3.108
3.147
1.888
3.821
4.122
2.83
2.131
3.293
3.691
3.723
2.24
4.535
3.314
2.646
2.814
3.613
2.867
2.597
2.491
2.859
2.186
3.783
3.129
5.091
3.746
4.465
3.586
3.554
3.398
3.742
3.527
3.502
3.503
2.284
3.434
2.394
2.76
3.203
3.106
3.968
2.786
2.597
3.75
3.154
3.11
2.364
3.894
4.596
4.347
2.903
2.994
2.919
2.584
0.8668
3.42
4.708
4.509
2.265
2.683
3.984
3.151
3.258
3.274
4.202
2.994
3.577
2.546
1.739
3.678
3.647
2.906
3.106
2.993
3.767
2.314
2.473
3.382
4.204
5.163
3.048
3.471
2.197
3.115
3.458
4.32
4.201
3.175
3.004
2.942
3.106
2.096
3.503
2.76
2.998
3.358
4.338
3.313
4.773
2.902
5.156
1.98
2.506
3.72
6.307
3.535
3.695
3.325
4.354
3.266
2.781
2.833
3.492
2.223
3.833
4.112
2.909
3.59
2.852
2.256
3.688
3.874
2.12
3.11
3.904
2.941
3.651
1.949
1.877
3.744
4.152
3.131
2.817
2.406
3.594
2.682
3.364
3.379
2.042
3.91
4.308
2.334
3.362
4.073
3.038
2.257
3.084
4.163
4.471
3.557
3.196
3.154
3.56
3.496
3.719
2.085
2.203
4.068
4.342
3.961
3.412
3.407
2.345
2.743
4.005
3.577
2.678
3.341
3.229
2.496
2.725
3.301
3.166
3.372
3.686
3.343
2.403
4.922
3.293
3.647
4.02
2.8
3.93
1.337
2.879
2.178
1.9
4.128
4.096
2.839
2.47
3.444
2.895
3.536
3.226
3.847
4.331
3.351
3.361
3.324
3.473
3.047
4.335
6.517
3.467
5.104
2.526
2.69
2.936
2.724
3.527
3.591
3.59
1.703
1.884
3.447
3.13
2.894
3.047
2.72
3.555
3.236
3.76
3.997
2.583
2.905
2.742
2.108
3.263
1.983
2.374
3.469
4.023
2.861
3.072
2.51
3.344
3.168
4.012
2.272
3.535
3.096
2.594
2.843
1.089
2.827
6.28
3.188
3.947
2.683
4.58
1.988
3.142
4.091
4.038
4.266
3.082
3.534
2.965
3.18
3.031
1.898
4.503
2.887
3.386
3.479
4.117
3.592
4.513
3.024
2.97
3.587
2.408
3.365
3.075
2.692
3.204
3.028
1.916
2.763
3.271
3.15
2.031
2.577
2.633
3.671
3.385
3.703
4.285
4.536
3.62
2.66
2.991
2.892
3.695
4.406
2.787
3.518
3.476
3.239
2.742
2.916
4.506
3.813
4.102
4.718
3.934
4.443
3.748
3.347
1.961
3.686
2.848
3.123
2.493
2.9
3.908
1.429
3.259
2.918
2.683
4.162
3.889
3.349
2.763
3.904
2.807
5.135
2.966
3.054
2.557
3.128
3.205
3.227
2.192
2.734
2.828
4.383
2.574
3.864
5.109
4.116
2.344
2.947
3.172
3.036
3.471
3.123
2.897
2.56
2.04
3.653
2.365
4.369
3.165
2.614
0.5165
3.566
3.222
3.458
3.311
3.164
2.456
2.233
2.89
2.72
3.458
2.758
3.36
4.138
3.189
3.158
3.109
5.202
1.545
2.439
3.995
4.83
3.558
2.404
3.304
3.488
3.772
3.216
3.675
4.5
2.527
1.561
3.6
3.661
3.496
3.813
2.706
2.132
2.554
3.174
2.475
3.567
3.1
3.16
3.427
4.076
3.145
3.618
4.468
2.934
3.213
4.812
3.868
3.771
2.919
3.309
2.35
3.173
2.582
3.79
3.916
2.746
3.569
3.095
2.764
2.679
3.384
3.306
3.275
2.792
2.471
3.508
3.494
2.533
3.042
2.744
2.713
2.945
3.541
3.433
3.009
4.263
1.653
3.615
2.868
3.749
4.795
2.681
6.257
3.156
2.928
3.174
3.12
2.707
2.818
4.139
3.299
3.521
3.047
3.742
2.258
2.64
2.302
3.382
2.714
1.703
3.511
2.426
3.601
2.407
2.204
3.566
3.974
3.65
3.456
2.251
4.443
2.437
3.981
2.851
3.708
2.971
2.634
6.105
2.562
3.074
4.766
3.556
3.112
1.509
2.734
2.979
3.398
3.502
3.519
1.889
3.544
3.131
4.055
3.174
1.089
3.227
2.385
2.32
2.244
2.634
3.511
3.868
2.532
3.006
2.092
3.527
2.299
5.465
2.925
2.419
3.94
3.28
2.261
3.812
4.889
2.826
3.152
2.45
2.439
2.717
3.015
4.085
3.812
3.685
2.663
4.242
3.502
1.74
2.448
2.009
2.732
2.48
2.929
3.475
4.387
3.223
3.076
3.569
3.291
3.864
3.031
2.248
3.407
3.302
2.765
3.539
2.965
3.965
3.177
4.92
2.671
1.447
3.376
1.871
3.867
2.325
4.392
1.963
3.737
4.349
2.953
3.821
2.872
3.487
3.204
2.899
2.974
2.89
2.644
3.252
3.596
4.348
2.54
3.569
3.581
3.331
3.122
2.92
2.968
3.741
2.898
1.835
3.964
2.324
3.658
3.502
3.199
4.351
3.161
0.9336
6.344
3.633
2.819
2.439
3.215
1.919
3.37
3.77
4.288
3.764
3.655
3.53
0.9858
3.661
3.274
3.217
2.125
3.17
2.52
3.282
2.776
4.32
2.875
3.534
3.949
2.798
3.459
2.007
2.139
2.753
2.415
2.907
3.036
2.545
3.002
3.362
2.722
1.763
3.536
3.621
2.96
3.729
3.596
3.834
3.432
3.443
4.21
3.056
2.951
3.462
3.763
3.827
3.971
2.061
3.965
4.013
2.041
4.242
1.856
1.444
3.3
4.136
2.76
1.738
2.883
3.684
3.905
2.459
3.808
5.015
4.084
2.657
3.493
3.275
3.063
2.322
1.982
3.66
3.41
2.341
4.242
1.961
3.463
3.061
4.021
3.412
2.961
2.561
2.407
2.998
3.681
3.144
3.891
3.613
3.471
3.321
3.129
3.974
4.751
3.524
3.194
1.979
3.226
3.135
3.408
2.234
2.364
3.461
2.399
3.68
2.933
3.651
5.098
3.331
2.405
2.447
3.356
4.117
3.639
2.593
2.473
1.95
3.747
2.586
3.383
3.785
2.647
3.366
3.791
2.763
3.784
3.726
2.676
3.893
2.506
2.639
2.767
2.944
3.203
2.226
3.25
4.458
2.756
3.722
3.057
2.751
2.477
2.45
2.623
3.171
3.776
3.061
3.18
3.294
1.959
4.01
2.763
3.084
3.105
2.842
3.608
3.402
2.759
2.847
3.888
3.918
3.233
2.887
2.89
4.036
3.427
3.248
3.203
4.896
3.588
2.682
3.888
4.703
2.912
3.666
3.614
2.457
3.224
2.73
2.908
2.651
4.757
2.335
4.612
5.472
2.682
3.859
3.957
3.225
6.231
2.75
2.436
3.799
3.309
5.568
2.964
2.225
4.111
1.657
3.014
3.271
4.285
3.213
3.037
2.674
2.742
2.095
2.988
3.777
2.647
5.806
2.474
2.601
1.963
2.615
3.6
4.66
2.648
3.173
1.613
3.67
3.533
2.735
5.437
2.585
3.958
3.006
3.367
2.569
4.022
3.421
4.434
3.605
3.865
3.16
2.865
2.058
2.744
6.211
3.681
3.543
4.027
1.315
2.831
3.995
3.393
3.475
3.266
2.751
2.161
2.778
3.059
3.297
3.827
3.73
3.181
3.84
2.906
2.036
3.423
3.073
3.665
3.737
2.572
4.733
3.926
3.844
4.008
3.327
3.088
4.232
3.972
2.905
3.049
3.162
4.211
4.113
3.192
3.65
2.736
4.002
2.454
3.302
2.736
2.801
5.192
3.109
5.35
2.652
4.615
3.059
3.632
2.314
2.079
3.086
3.509
1.875
3.458
3.515
3.627
2.478
1.259
2.482
3.914
3.722
2.846
2.21
2.342
3.225
3.025
3.22
2.607
3.733
3.234
2.712
4.575
3.253
2.636
3.733
2.643
2.876
3.156
2.342
2.368
3.102
3.45
1.749
3.971
3.983
4.889
3.026
3.363
3.128
2.934
3.802
2.894
4.185
2.86
3.548
4.594
2.974
2.945
2.037
2.583
2.551
3.337
2.668
2.394
2.962
4.65
4.295
3.524
2.35
3.635
3.003
3.611
2.017
3.606
3.073
2.052
4.157
2.997
2.934
2.415
3.656
3.575
2.792
3.555
3.299
3.814
3.93
3.071
2.488
3.065
3.226
3.865
3.904
3.015
1.969
2.76
2.74
3.121
2.762
2.577
3.393
4.296
4.327
3.549
3.249
4.249
4.424
3.764
2.881
1.303
2.382
2.688
3.562
2.746
4.025
2.929
3.646
3.703
2.802
2.547
2.439
3.021
4.639
2.845
2.352
2.423
3.088
2.929
2.148
3.391
2.739
2.431
3.296
3.54
3.802
3.218
2.978
3.661
1.887
3.195
2.93
3.39
3.502
3.498
2.388
3.724
2.076
3.799
2.305
3.279
3.037
4.336
4.01
2.636
2.482
0.9951
2.748
3.701
2.453
3.296
3.212
1.285
3.17
2.35
3.199
3.83
3.912
4.32
3.241
3.397
3.132
2.654
3.898
3.902
2.968
3.032
3.829
4.505
4.171
2.773
2.882
3.629
3.593
2.642
3.107
2.671
3.007
6.133
3.242
2.177
2.435
3.445
4.377
2.831
2.467
2.827
5.871
3.777
3.17
3.814
4.37
2.932
2.824
3.668
1.695
3.565
2.538
3.166
2.614
2.895
2.919
3.203
2.933
3.463
2.731
3.532
2.82
2.834
2.822
2.769
2.369
2.807
4.507
2.613
3.798
2.952
3.377
2.912
3.244
3.889
3.5
1.907
3.598
2.427
1.498
3.167
3.102
2.41
4.078
1.974
3.95
3.265
3.744
3.58
2.385
3.781
2.742
3.823
3.164
4.678
2.787
1.974
3.791
2.301
2.373
2.056
4.444
4.265
2.75
1.598
3.288
4.739
3.656
2.891
3.896
3.787
3.169
3.45
4.928
3.075
3.873
3.332
2.802
3.078
4.087
3.661
3.16
2.615
3.666
4.039
2.738
3.275
2.672
3.43
3.081
3.184
2.395
2.276
2.565
3.444
4.016
3.724
3.605
4.211
4.139
3.492
4.566
3.872
2.923
3.938
1.695
3.473
1.276
5.293
2.875
4.843
3.133
3.309
2.69
2.705
2.161
2.291
4.688
4.261
2.58
2.681
3.663
3.185
2.544
3.338
3.222
3.177
2.782
2.958
3.37
2.962
3.117
3.099
3.768
3.795
3.183
2.933
3.588
2.465
2.935
3.633
4.494
3.603
3.764
3.457
2.907
2.526
3.253
3.097
2.043
4.403
6.29
3.962
3.755
2.855
3.951
4.305
5.133
3.063
2.605
5.135
3.291
3.216
4.361
3.923
2.323
2.993
3.206
3.18
2.652
3.548
3.412
1.385
3.662
2.757
2.445
3.374
4.117
3.119
2.212
4.002
2.642
3.427
2.071
2.379
3.34
4.282
3.644
5.513
2.591
3.85
4.075
3.363
1.533
2.453
3.034
3.347
3.556
2.438
4.24
3.538
3.663
4.267
1.773
3.618
4.091
4.021
2.908
4.145
5.083
3.041
3.063
2.912
1.862
5.902
2.214
4.641
3.319
3.631
2.639
2.773
