4.196
4.571
5.277
5.61
3.562
6.879
4.792
5.113
2.527
5.763
5.879
5.183
4.55
4.657
4.746
5.77
5.367
5.051
5.391
5.087
5.42
5.794
5.694
3.266
2.998
5.358
4.077
4.541
5.737
5.177
4.614
4.617
4.546
4.123
5.18
5.859
4.324
5.077
4.954
5.151
5.136
4.221
6.058
4.808
6.493
5.631
5.114
4.985
5.185
4.871
4.785
5.98
5.424
5.223
4.738
4.125
4.844
4.173
5.088
5.952
5.821
3.838
5.49
4.74
4.965
4.518
4.912
4.819
6.551
6.119
6.212
6.0
7.352
5.435
5.958
6.735
6.698
4.892
8.217
4.43
4.677
6.12
4.788
3.336
4.514
3.953
4.757
4.167
4.875
5.61
7.206
5.441
4.577
6.127
8.531
3.146
5.613
4.509
5.881
6.95
4.814
2.586
4.615
4.23
4.344
5.962
3.054
3.964
5.34
6.562
5.419
5.032
5.527
6.217
6.655
7.353
5.726
4.979
6.158
3.317
4.255
8.299
7.738
5.525
5.331
5.102
6.081
4.685
3.521
5.948
6.12
5.177
4.557
6.444
4.555
4.59
4.695
5.702
6.327
4.674
4.539
4.966
5.712
0.6505
5.607
5.7
6.324
7.159
4.15
4.908
4.079
3.906
3.663
5.245
4.412
4.081
5.404
5.935
5.685
5.176
6.15
5.493
3.822
3.342
3.154
6.438
4.653
4.847
6.028
5.278
4.71
4.524
4.366
4.696
4.214
3.584
5.219
5.893
3.491
3.063
5.34
5.326
5.79
4.307
5.008
5.589
4.761
4.592
6.345
4.914
4.889
5.112
4.915
6.557
6.701
4.591
4.608
5.847
5.702
5.105
3.695
5.179
4.613
4.557
5.542
4.404
2.099
5.505
4.786
3.973
4.62
5.388
4.799
6.263
5.138
5.825
5.767
2.943
5.671
4.633
5.212
3.267
5.476
4.769
4.035
5.116
4.663
6.236
5.467
5.168
3.915
6.698
5.314
5.289
5.558
4.456
4.698
4.994
5.699
6.153
5.798
4.631
5.337
5.843
5.071
5.986
4.113
3.879
5.345
4.767
5.859
5.326
4.654
4.106
6.938
4.883
4.688
4.297
3.864
4.885
5.454
3.368
6.204
6.46
4.454
4.012
5.357
5.406
6.025
4.057
6.444
5.892
4.416
4.913
5.615
4.738
4.6
3.512
4.911
3.387
5.461
4.707
7.211
5.799
6.718
5.922
5.867
5.711
5.389
5.503
5.287
5.354
4.033
5.024
4.227
4.753
4.784
4.913
5.72
5.007
4.105
6.223
4.91
5.253
3.946
6.068
6.252
6.471
4.632
5.07
4.798
4.032
1.223
5.184
6.765
6.913
3.938
4.534
6.245
4.807
5.644
5.345
6.884
4.07
5.77
4.212
2.821
5.61
6.103
4.523
5.167
4.502
5.636
4.031
4.107
5.482
6.236
7.14
5.358
5.656
4.073
5.314
5.683
6.709
6.679
4.715
4.818
4.231
4.92
3.483
5.914
4.862
4.905
4.721
6.328
4.61
6.924
4.867
7.512
3.428
4.318
6.19
8.912
5.699
5.48
5.584
6.658
5.829
4.401
4.005
5.669
4.014
5.55
5.705
4.791
5.281
4.225
4.004
5.538
5.889
3.979
5.175
5.397
5.124
5.956
3.337
3.126
6.084
6.525
5.117
4.52
4.027
5.218
5.276
5.661
5.144
3.05
6.043
6.263
4.347
5.521
5.507
4.862
3.706
5.044
5.769
6.969
5.23
5.631
5.276
5.152
5.372
5.718
3.775
3.752
6.272
6.367
5.643
5.226
5.58
3.854
4.361
6.253
5.753
4.493
5.782
4.864
4.412
4.653
5.342
4.892
4.629
5.002
5.409
4.715
6.961
4.542
5.776
6.947
5.105
6.211
2.282
4.676
3.257
3.551
6.184
6.181
5.327
4.097
5.754
4.829
5.471
4.975
6.307
5.714
6.213
5.296
5.409
5.484
4.36
6.357
9.642
5.221
7.572
4.556
4.376
4.627
4.44
5.429
5.419
5.318
3.296
3.567
5.6
4.821
4.451
4.661
4.437
5.564
5.072
6.177
5.536
3.865
4.65
4.805
3.228
5.164
3.242
3.453
5.123
6.245
4.911
4.639
3.476
5.4
5.064
5.844
4.038
5.768
4.691
3.569
4.195
2.148
5.221
8.446
4.916
5.187
4.494
6.938
3.686
5.793
5.782
6.547
6.242
5.547
6.131
4.648
5.564
5.047
2.705
6.67
4.966
6.184
5.371
6.887
6.0
7.624
5.307
4.931
5.428
3.669
5.709
4.654
4.696
4.966
5.062
3.048
4.919
4.964
5.496
3.499
4.428
3.952
5.881
5.4
5.361
6.657
6.678
5.455
4.646
5.307
4.941
5.948
7.565
4.723
5.538
6.013
4.804
4.726
4.568
5.827
5.766
6.273
6.845
6.196
6.625
6.094
5.697
3.432
5.619
4.738
5.237
4.418
4.887
6.522
2.092
4.81
4.795
4.159
6.198
6.312
5.463
4.71
6.224
4.582
7.963
4.782
4.843
4.753
5.397
5.61
4.89
3.847
4.487
4.091
6.284
4.482
5.672
7.365
6.063
4.457
4.785
5.641
5.021
5.844
5.244
4.472
4.248
3.453
5.697
4.317
6.528
4.269
4.275
0.8583
5.564
5.103
5.608
5.864
5.366
4.081
3.463
4.639
4.536
5.395
4.768
5.208
6.171
5.146
5.457
4.798
7.708
2.406
3.545
6.135
7.496
6.299
3.704
5.134
5.587
5.889
5.547
5.734
6.59
3.831
3.105
5.468
5.774
5.734
6.191
4.676
3.687
4.417
5.202
3.96
5.512
4.652
4.61
5.712
6.34
5.443
5.031
6.324
5.024
5.01
6.848
6.048
5.55
4.994
5.337
3.995
4.809
4.483
5.412
5.882
4.919
6.156
5.058
4.663
4.271
5.494
4.536
5.271
4.713
4.521
5.032
5.478
3.831
5.234
4.334
4.762
4.811
5.53
5.6
4.924
7.11
2.822
5.851
4.702
6.209
6.546
4.817
9.118
5.059
4.377
5.393
5.178
5.201
4.405
6.517
5.88
5.811
5.546
5.739
3.951
5.139
4.329
5.658
4.261
3.296
5.28
3.783
5.947
4.775
3.492
5.14
5.988
5.267
6.384
3.743
5.494
4.297
5.577
5.092
5.417
4.793
4.338
8.754
4.275
5.159
6.687
5.816
5.686
2.164
4.451
5.209
5.685
5.688
6.35
3.404
5.691
4.808
6.228
5.361
2.148
5.565
4.189
4.366
4.29
4.338
5.45
6.324
4.731
5.14
3.408
5.99
3.961
7.752
4.32
4.285
5.812
5.076
3.875
5.48
7.442
4.515
5.442
4.005
4.075
3.868
5.096
6.639
5.599
5.929
4.414
6.072
5.26
2.832
4.43
3.4
4.078
4.366
4.277
5.55
6.366
5.219
5.506
5.493
5.408
5.682
4.828
3.734
5.179
5.663
4.563
5.627
5.223
6.051
4.861
6.955
4.355
2.76
5.699
3.755
5.819
4.161
6.691
3.581
5.998
6.629
5.292
5.973
4.724
5.667
4.773
4.436
4.975
4.369
4.339
5.072
5.611
6.803
3.902
6.19
6.102
5.496
5.589
4.553
4.955
6.427
4.656
2.81
6.415
3.876
5.731
6.007
5.349
6.686
5.401
1.711
8.647
6.182
4.318
3.276
5.538
3.603
6.169
5.63
6.315
6.388
5.811
5.449
2.169
5.812
5.24
5.554
3.397
5.113
4.371
5.227
4.378
6.557
4.508
5.546
6.483
4.093
5.569
3.726
2.554
4.57
4.353
4.281
5.245
3.803
4.866
5.365
5.252
3.043
4.935
5.835
5.295
5.928
5.756
5.824
5.279
5.338
6.231
4.918
5.201
5.333
5.8
6.351
5.785
3.321
5.996
6.2
3.669
6.13
2.869
2.194
5.379
4.983
4.555
2.85
4.526
5.5
6.08
4.094
5.949
6.591
6.442
4.174
5.17
5.37
5.854
3.657
3.542
5.648
5.025
4.0
6.247
3.432
5.562
5.325
6.117
5.224
5.096
4.644
3.851
5.557
5.869
5.018
6.053
5.539
5.911
5.504
4.935
5.988
6.817
5.664
4.867
3.101
5.159
5.483
5.498
3.535
4.001
5.816
4.328
6.151
4.993
5.34
7.202
5.087
3.962
4.016
5.746
5.603
6.118
4.538
3.72
3.349
5.39
3.858
5.455
6.624
4.643
4.717
5.74
4.363
5.748
5.637
4.272
5.689
4.104
4.243
3.951
4.965
5.743
3.201
4.582
6.384
4.184
5.913
4.707
4.277
4.102
4.006
4.39
5.154
5.59
4.812
5.274
5.336
3.323
6.223
4.84
5.531
4.925
4.472
5.785
5.296
4.593
4.446
5.985
5.718
4.994
4.732
5.101
6.026
5.079
4.659
4.982
7.479
5.913
4.902
6.222
7.038
4.61
5.047
5.045
3.982
4.921
4.067
4.566
4.69
6.869
4.106
6.184
7.484
4.754
5.547
6.454
5.302
8.935
4.45
4.345
5.521
5.438
7.717
4.765
4.012
6.636
2.9
4.776
5.443
6.692
5.609
5.119
4.519
4.509
3.605
5.247
6.009
4.328
8.238
3.704
4.629
3.42
5.138
5.76
7.091
4.595
5.601
2.947
6.155
5.651
4.345
8.164
3.899
5.925
5.044
5.397
4.846
5.753
5.401
6.291
6.166
6.2
5.107
5.067
3.592
3.763
8.795
5.72
5.509
6.564
1.927
4.872
5.803
5.895
6.061
5.355
4.752
3.522
4.644
4.394
5.322
6.014
6.258
5.282
5.556
5.092
4.151
5.367
5.021
5.738
6.285
3.789
6.948
6.027
5.816
6.198
4.83
4.218
6.589
6.366
4.7
4.975
5.251
6.465
5.702
5.505
5.894
4.432
6.39
4.478
5.383
4.741
4.347
7.986
5.47
7.265
4.311
6.946
4.636
6.256
3.908
3.541
4.872
5.418
2.995
4.488
5.825
5.617
4.32
2.51
4.202
6.17
5.653
4.899
3.681
3.852
5.352
4.846
5.179
4.598
5.524
5.172
4.237
6.719
5.297
4.698
6.351
4.876
4.866
5.373
3.858
4.282
4.865
5.224
3.102
5.928
6.489
7.182
4.41
5.314
4.595
4.939
6.266
4.533
6.13
4.247
5.16
6.583
5.085
4.476
3.391
4.147
4.523
5.473
4.013
4.055
5.093
7.036
5.624
5.465
3.886
5.542
4.815
6.07
4.077
5.997
4.787
3.767
6.18
3.952
5.201
4.143
5.402
5.737
5.024
5.949
4.786
6.243
5.991
5.209
4.255
5.062
5.327
6.193
6.016
5.179
3.267
4.33
4.117
4.563
4.663
4.439
5.403
5.888
6.569
5.233
5.117
6.153
6.939
5.985
4.924
2.056
4.076
4.229
5.151
4.858
6.341
4.682
5.946
5.971
4.273
4.672
4.574
4.782
7.134
4.926
3.795
4.215
4.989
4.277
3.845
5.186
4.443
3.945
5.242
5.776
5.332
5.248
4.872
5.713
3.243
4.893
4.791
5.258
5.337
5.519
4.538
6.353
3.757
5.747
4.602
4.587
5.053
6.188
6.637
4.561
3.924
2.104
4.299
5.81
4.527
5.298
4.841
2.157
5.262
4.196
5.445
6.089
5.704
7.034
4.937
5.399
5.199
4.114
6.191
5.969
4.912
4.81
6.169
6.429
6.189
4.525
5.059
5.727
5.753
4.733
5.681
4.511
5.204
9.167
5.24
3.571
4.08
5.529
6.26
4.678
4.213
5.143
8.233
5.977
4.893
5.754
6.52
4.836
4.908
5.65
3.205
5.318
4.201
4.929
4.645
5.153
4.969
5.737
4.541
5.258
5.077
5.212
4.484
4.383
4.795
4.341
3.625
5.066
6.883
4.447
5.841
5.13
4.902
4.786
5.161
5.374
5.812
3.121
5.125
4.482
2.685
5.245
5.164
4.521
6.411
3.638
5.821
5.425
5.791
5.693
3.957
5.755
4.614
5.668
4.836
6.368
4.179
3.155
6.422
3.262
3.981
3.429
5.988
6.072
4.995
2.865
5.357
6.952
6.468
5.093
5.92
5.107
4.946
5.773
7.04
5.244
5.897
5.233
4.396
5.123
6.049
5.478
5.148
4.621
5.915
6.358
5.029
5.715
4.783
5.82
4.994
5.221
4.027
3.412
4.302
5.756
6.058
5.556
5.722
6.39
6.766
5.362
7.823
5.935
3.748
5.853
2.703
5.223
2.695
7.42
4.419
6.883
5.834
5.069
4.806
4.513
3.742
3.921
6.8
6.328
4.33
4.577
5.841
5.429
4.282
5.443
5.487
4.637
4.595
5.177
5.589
4.639
5.093
4.552
5.798
5.994
6.005
3.781
5.721
4.573
4.972
5.736
7.214
5.499
5.879
5.244
5.227
4.685
5.238
5.205
3.147
6.534
8.878
6.29
5.678
4.648
5.916
6.967
7.236
5.139
4.748
7.149
4.93
4.966
6.489
6.071
4.042
5.073
4.9
4.448
4.809
5.208
5.342
2.559
6.072
5.158
3.611
5.418
6.38
5.024
3.943
5.305
4.508
5.515
3.492
4.671
5.055
6.183
6.052
8.322
3.936
5.581
5.932
5.595
2.54
4.146
5.138
5.256
4.904
4.249
6.299
5.458
5.751
6.056
3.239
5.893
6.266
5.982
4.848
6.747
7.127
5.001
5.158
4.468
3.39
8.836
3.645
6.641
5.035
5.743
4.096
4.75
