0.9833
0.9868
0.9839
0.9767
0.9686
0.9873
0.9886
0.9669
0.9941
0.9731
0.9574
0.9816
0.9861
0.9605
0.9834
1.0
0.9431
0.9836
0.962
0.9935
0.9688
0.9574
0.9916
0.9843
0.9551
0.9892
0.9838
0.9793
0.9799
0.994
0.9622
1.0
0.982
0.9743
0.944
0.9949
0.9922
0.9469
0.9699
0.9727
1.0
0.9794
0.9802
0.9445
0.9472
0.9781
1.0
0.9844
0.9759
0.9631
0.9782
0.9338
0.9861
0.9972
0.9436
1.0
0.9812
1.0
0.9823
0.9254
0.9712
0.8659
0.9563
0.9848
0.9094
0.9763
0.9584
0.9583
0.984
1.0
1.0
0.9786
0.9669
0.9652
0.9517
0.9221
0.9723
0.97
0.9817
0.9883
0.9732
0.946
0.9852
0.9663
1.0
0.983
0.9886
0.956
0.9506
0.9405
0.9799
0.9738
0.9663
0.9776
0.9543
0.9754
0.9735
0.9724
0.9698
0.9756
0.9553
0.9776
0.9685
0.9899
0.9687
0.948
0.974
0.906
0.938
0.986
0.9702
0.9779
0.9606
0.9721
0.9804
1.0
0.9892
0.9623
0.9209
0.9325
0.9782
1.0
0.9899
0.9648
0.969
0.9605
0.9795
0.9915
0.9796
0.9858
0.9857
0.9528
0.9253
0.984
0.9699
0.9617
0.9198
0.9796
0.9524
0.9605
0.9821
0.9278
0.9534
0.9781
0.9947
0.9687
0.9642
0.9674
0.9602
0.9735
0.9356
0.9388
0.9774
0.9387
1.0
0.9553
0.945
0.9523
0.9776
0.972
0.967
0.9542
0.9533
0.9365
0.9639
0.9507
0.9753
0.9906
0.9579
0.9417
0.9926
0.9933
0.9111
0.9818
0.9541
0.9642
0.9187
0.8346
0.9395
0.9935
0.9689
0.9786
0.9838
0.9606
0.9658
0.9713
0.9372
0.9822
0.9289
0.9496
0.9624
0.9846
0.8833
0.9741
0.9738
0.9917
0.9693
0.9378
0.9746
0.9785
0.9552
0.9471
1.0
0.9389
0.9882
0.9946
0.9551
0.9543
0.971
0.9485
0.9706
0.955
0.9658
0.9407
0.9404
0.9594
0.9125
0.9618
1.0
0.9847
0.9215
0.973
0.8951
0.9209
0.9669
0.9776
0.9809
0.9117
0.9537
0.9869
0.9766
0.9853
0.9404
0.9797
1.0
0.9622
0.9486
0.9423
0.966
0.9734
0.9808
0.9685
0.9793
0.9485
0.9904
0.8323
0.957
0.9335
0.9089
0.9602
0.9885
0.9669
0.9586
0.9814
0.9631
0.9504
0.917
0.9798
0.9532
0.9891
0.9505
0.9787
0.9455
0.9774
0.9318
0.9625
0.9669
0.9601
0.8425
0.9288
0.9813
0.9688
0.9756
0.9253
0.9533
0.9602
0.9442
0.9229
0.956
0.962
0.932
0.9532
0.861
0.9202
0.9446
0.9721
0.9392
0.8716
1.0
0.9473
0.9589
0.9506
0.9661
0.9785
0.8168
0.9513
0.9391
0.97
0.9111
0.9322
0.8979
0.9211
0.9508
0.9428
0.9417
0.9206
0.9514
0.9506
0.9328
0.9166
0.9621
0.9942
0.8524
0.9195
0.903
0.9691
0.905
0.8853
0.8975
0.9225
0.9618
0.8699
0.9722
0.9576
0.9311
0.9195
0.9442
0.9821
0.9419
0.9742
0.9773
0.988
0.9438
0.9578
0.9829
0.9263
0.9855
0.8722
0.9393
0.989
0.9677
0.7804
0.9747
0.9377
0.9769
0.938
0.913
0.9628
0.888
0.8354
0.9777
0.8545
0.9704
0.9281
0.9805
0.9598
0.9799
0.9605
0.8897
0.9134
0.9313
0.8896
0.9363
0.9542
0.8626
0.9531
0.965
0.8394
0.9729
0.9253
0.9587
0.9537
0.9157
0.9744
0.9762
0.9443
0.994
0.9432
0.9004
0.9521
0.9486
0.9864
0.945
0.9514
0.9552
0.9221
0.9081
0.8947
0.9379
0.8945
0.975
0.9786
0.977
1.0
0.9427
0.9215
0.9772
0.8793
0.9339
0.9361
0.916
0.9218
0.9346
0.9154
0.9651
0.9735
0.9625
0.8759
0.9465
0.9362
0.968
0.9642
0.8737
0.8798
0.9027
0.9895
0.9488
0.8964
0.9587
0.9504
0.8738
0.8376
0.9047
0.936
0.9348
0.9176
0.9063
0.9686
0.9571
0.8186
0.9623
0.9248
0.9584
0.901
0.9228
0.9755
0.9187
0.939
0.9696
0.8278
0.9232
0.9822
0.9445
0.9633
0.9713
0.9311
0.9159
0.9191
0.9856
0.9024
0.9627
0.9509
0.8479
0.9294
0.9643
0.973
0.925
0.9135
0.8615
0.905
0.9101
0.9047
0.929
0.9006
0.9503
0.9324
0.88
0.9561
0.9912
1.0
0.8874
0.9335
0.9861
0.9831
0.9266
0.9062
0.9241
0.9352
0.8765
0.7445
0.9248
0.9357
0.9697
0.9492
0.874
0.8791
0.9688
0.8984
0.9068
0.921
0.9263
0.9549
0.9519
0.9464
0.9486
0.9556
0.9578
0.9546
0.9725
0.9229
0.8465
0.8817
0.799
0.9486
0.9364
0.9454
0.9081
0.9311
0.8432
0.9793
0.9116
0.9653
0.9239
0.9329
0.9484
0.9522
0.9437
0.9484
0.9448
0.9298
0.9795
0.9342
0.938
0.9703
0.9563
0.9095
0.8305
0.8968
0.9388
0.9422
0.7928
0.8953
0.8909
0.9131
0.8554
0.9533
0.9764
0.9393
0.8764
0.9405
0.9371
0.9143
0.9013
0.8516
0.8596
0.9032
0.7848
0.9552
0.9129
0.8553
0.9559
0.9
0.975
0.8531
0.9348
0.9135
0.9074
0.8998
0.9192
0.909
0.8933
0.9627
0.9359
0.9544
0.9246
0.9916
0.9297
0.8889
0.9046
0.92
0.7891
0.9048
0.8869
0.9047
0.9253
0.8969
0.9096
0.9402
0.9444
0.8471
0.8481
0.9482
0.9354
0.8142
0.9079
0.9261
0.9009
0.9292
0.9339
0.9048
0.9308
0.8898
0.9325
0.8964
0.8838
0.848
0.8691
0.838
0.8347
0.8038
0.8729
0.8471
0.8855
0.8767
0.8866
0.8969
0.9242
0.8845
0.8644
0.8999
0.8147
0.8909
0.7078
0.9619
0.9442
0.8988
0.8942
0.8983
0.9742
0.8493
0.8246
0.7041
0.915
0.9541
0.8037
0.9321
0.8159
0.8977
0.9348
0.8095
0.9003
0.8468
0.9462
0.9289
0.7959
0.9752
0.8496
0.7248
0.9347
0.9253
0.9176
0.8914
0.931
0.8685
0.9026
0.8929
0.9205
0.9667
0.955
0.8859
0.9642
0.9499
0.94
0.9679
0.8757
0.9368
0.7968
0.8869
0.9574
0.937
0.9497
0.9752
0.8998
0.9098
0.9172
0.8796
0.9072
0.8687
0.8729
0.8724
0.9141
0.934
0.8534
0.8568
0.8575
0.8849
0.8747
0.9014
0.943
0.8739
0.8171
0.8848
0.8736
0.8106
0.8686
0.9451
0.9061
0.9406
0.9217
0.8744
0.8582
0.7274
0.861
0.9909
0.9657
0.8638
0.8742
0.8934
0.8783
0.8684
0.8085
0.884
0.8826
0.8574
0.9415
0.8687
0.908
0.8648
0.9481
0.8182
0.947
0.9247
0.9646
0.8341
0.9219
0.8743
0.8845
0.8408
0.9728
0.909
0.8117
0.8944
0.9634
0.8753
0.9105
0.9451
0.8651
0.8925
0.8907
0.8851
0.9227
0.9326
0.914
0.7456
0.7837
0.956
0.7811
0.9644
0.7924
0.9216
0.8902
0.9052
0.9356
0.9575
0.9379
0.9558
0.8642
0.844
0.8036
0.9127
0.8756
0.9378
0.9191
0.771
0.8969
0.7228
0.8691
0.8005
0.9339
0.9164
0.9291
0.8391
0.8614
0.8918
0.8632
0.9051
0.8763
0.939
0.8914
0.7579
0.9177
0.6574
0.8083
0.8928
0.8926
0.6883
0.8769
0.7849
0.9443
0.8723
0.9147
0.6679
0.8503
0.8377
0.8895
0.865
0.9511
0.7002
0.7831
0.9119
0.9153
0.8638
0.8494
0.8955
0.9237
0.9705
0.9861
1.0
1.0
0.9753
0.9799
0.9697
0.9953
0.9917
0.9917
0.9864
0.9686
1.0
1.0
0.9342
0.9821
1.0
0.9878
0.9919
0.997
1.0
0.9746
0.9843
1.0
1.0
0.9828
0.9862
0.998
1.0
0.9796
0.9814
0.9885
0.9845
0.9002
0.9584
0.997
0.9828
0.9717
0.9994
1.0
0.9997
0.9986
0.9978
0.9544
0.9574
0.8975
0.9939
0.9337
0.9842
0.9644
0.9843
1.0
1.0
1.0
1.0
1.0
0.9836
0.9969
0.9939
0.9845
0.9959
0.9849
0.9611
0.9676
0.9761
0.9817
0.8953
0.8946
0.9746
0.9457
1.0
1.0
0.9738
0.9547
0.9386
0.9261
0.9777
0.9704
0.9952
0.8429
0.9565
0.9526
0.8377
0.9706
1.0
1.0
1.0
1.0
1.0
1.0
0.9847
0.9847
0.9781
0.944
0.9798
0.9682
0.7525
0.8856
0.9838
0.9822
0.9627
0.9965
0.8579
0.9877
0.9834
0.9574
0.9579
0.9856
0.9769
0.9282
0.9889
0.9678
0.9787
0.9953
0.9779
0.9768
0.9754
0.8594
0.9646
0.9681
0.9452
0.9761
0.9759
0.9646
0.964
0.9788
0.7263
0.9607
0.8812
0.9166
0.9582
0.8297
0.9659
0.9291
0.9464
0.9789
0.9789
0.9304
0.9558
0.9563
0.8791
0.9324
0.9519
0.9702
0.9682
0.8668
0.8545
0.9834
0.9498
0.9468
0.9611
0.9031
0.8917
0.9519
0.949
0.9472
0.9342
0.8807
0.9673
0.9091
0.9206
0.9344
0.8999
0.905
0.9938
0.9711
0.9747
0.8981
0.975
0.8831
0.9181
0.8928
0.9005
0.8582
0.9219
0.914
0.9243
0.948
0.8887
0.9101
0.9549
0.9646
0.8757
0.9164
0.9048
0.9101
0.9429
0.8668
0.9581
0.9643
0.8652
0.9081
0.9793
0.8712
0.9573
0.9248
0.9413
0.9405
0.9858
0.8454
0.9337
0.8721
0.9124
0.8787
0.9308
0.9689
0.9482
0.981
0.9128
0.9217
0.8744
0.9272
0.9793
1.0
0.9597
0.9021
0.9141
0.9272
0.9465
0.9569
0.9481
0.9183
0.9536
0.9192
0.9167
0.9604
0.9274
0.9214
0.8749
0.9349
0.7122
0.9343
0.9245
0.9392
0.843
0.9511
0.8897
0.9807
0.889
0.914
0.9904
0.9169
0.9059
0.6476
0.8237
0.8793
0.9348
0.9687
0.8958
0.9441
0.9645
0.9135
0.9283
0.7974
0.907
0.936
0.9387
0.8876
0.8524
0.9257
0.9457
0.9269
0.9531
0.9449
0.8649
0.9766
0.889
0.753
0.9572
0.9352
0.8298
0.9657
0.9768
0.9443
0.9671
0.9118
0.8717
0.9306
0.9709
0.9099
0.8331
0.8391
0.9986
0.9421
0.9754
0.7797
0.9234
0.8773
0.9654
0.8372
0.938
0.8823
0.9211
0.9201
0.9489
0.8032
0.9381
0.892
0.876
0.9292
0.9398
0.936
0.9133
0.9035
0.9386
0.817
0.892
0.844
0.9727
0.9607
0.9747
0.9496
0.6126
0.6992
0.7916
0.8937
0.9793
0.6066
0.8652
0.9263
0.9105
0.9696
0.8905
0.9224
0.8148
0.9305
0.8652
0.8937
0.8267
0.8372
0.8252
0.9211
0.9371
0.8545
0.9172
0.9218
0.8596
0.7432
0.9555
0.9083
0.9573
0.8159
0.9525
0.8994
0.8255
0.8771
0.9172
0.8934
0.8614
0.925
0.9342
0.9348
0.9225
0.9121
0.921
0.9492
0.8302
0.9075
0.8372
0.9038
0.9493
0.9358
0.9282
0.8748
0.878
0.9218
0.9228
0.8346
0.9066
0.9044
0.891
0.8648
0.8966
0.8917
0.877
0.6629
0.8079
0.9297
0.9019
0.9038
0.8953
0.8624
0.8674
0.9268
0.9161
0.905
0.8188
0.9375
0.9234
0.8879
0.9127
0.9543
0.8166
0.8355
0.8577
0.9273
0.8317
0.9407
0.8729
0.956
0.8971
0.9175
0.9541
0.8981
0.8415
0.9503
0.9474
0.8575
0.9223
0.8645
0.8981
0.9584
0.8363
0.7749
0.9054
0.9257
0.8243
0.9173
0.8933
0.8399
0.9521
0.9376
0.825
0.9766
0.9198
0.8242
0.8605
0.6439
0.9055
0.9145
0.8929
0.871
0.8787
0.9292
0.8701
0.9199
0.8229
0.9168
0.8935
0.8132
0.897
0.8497
0.7839
0.8297
0.7669
0.8333
0.9269
0.8537
0.8715
0.847
0.8559
0.9114
0.8421
0.8866
0.9344
0.6198
0.9073
0.8841
0.8964
0.9158
0.8848
0.8626
0.8614
0.9311
0.9186
0.8223
0.8934
0.9472
0.8361
0.799
0.8305
0.669
0.8659
0.8385
0.8449
0.8807
0.9357
0.9493
0.8335
0.8398
0.618
0.8981
0.7409
0.8872
0.8284
0.8958
0.8872
0.8759
0.932
0.7543
0.7912
0.81
0.9029
0.8226
0.9109
0.8071
0.958
0.8163
0.9355
0.7091
0.8535
0.8544
0.9659
0.7886
0.5593
0.7798
0.8052
0.7968
0.6906
0.84
0.6324
0.8413
0.8537
0.7917
0.7501
0.8217
0.6666
0.7251
0.8415
0.5783
0.8321
0.8289
0.8512
0.6265
0.9468
0.8144
0.8498
0.9184
0.7187
0.7897
0.8155
0.8058
0.8117
0.5756
0.8879
0.7807
0.8258
0.7628
0.7312
0.8103
0.831
0.8881
0.8651
0.8419
0.7632
0.8975
0.5545
0.7092
0.7869
0.73
0.8086
0.8263
0.802
0.923
0.8351
0.8185
0.7146
0.8736
0.894
0.6303
0.8964
0.7882
0.8244
0.6946
0.7768
0.8683
0.7589
0.6856
0.8574
0.5839
0.5658
0.8564
0.618
0.8207
0.7931
0.8618
0.7511
0.8275
0.7349
0.879
0.7987
0.7872
0.6338
0.7867
0.869
0.8801
0.8167
0.8002
0.6341
0.79
0.6708
0.7808
0.9249
0.6584
0.8121
0.566
0.5406
0.6552
0.825
0.8257
0.9164
0.827
0.8978
0.9177
0.9015
0.7776
0.8725
0.6701
0.7128
0.8442
0.8136
0.6835
0.8035
0.7589
0.7711
0.6804
0.8478
0.783
0.7376
0.8223
0.8782
0.8237
0.8459
0.7524
0.6364
0.7407
0.7274
0.8473
0.6346
0.8178
0.5605
0.6615
0.8302
0.7958
0.8544
0.8674
0.8068
0.8487
0.7052
0.8703
0.6673
0.8521
0.6705
0.6928
0.8161
0.8184
0.8146
0.7609
0.8511
0.8325
0.8025
0.8412
0.8577
0.8814
0.8724
0.893
0.7705
0.6653
0.8697
0.689
0.625
0.521
0.8985
0.6512
0.7357
0.6947
0.5077
0.8913
0.7244
0.8641
0.7708
0.7478
0.7645
0.858
0.6275
0.6702
0.6651
0.8142
0.6221
0.6724
0.7378
0.762
0.7852
0.8776
0.7289
0.8537
0.8335
0.7577
0.8754
0.693
0.6254
0.9036
0.8243
0.5509
0.6852
0.791
0.9233
0.5871
0.7363
0.7297
0.8759
0.9249
0.6871
