5.583e+03
8.661e+03
8.819e+03
6.663e+03
1.063e+04
1.069e+04
1.078e+04
1.177e+04
1.165e+04
4.822e+03
7.983e+03
8.693e+03
2.602e+03
9.562e+03
1.094e+04
1.244e+04
1.141e+04
1.125e+04
2.545e+03
2.545e+03
0.0004765
6.73e+03
2.832e+03
1.248e+04
1.198e+04
1.157e+04
1.157e+04
1.136e+04
1.136e+04
4.589e+03
5.636e+03
9.784e+03
6.702e+03
1.046e+04
1.164e+04
1.46e+04
1.145e+04
8.657e+03
1.398e+04
1.038e+04
6.707e+03
0.0
0.0002834
8.918e+03
8.918e+03
1.398e+04
1.398e+04
1.466e+04
1.229e+04
1.229e+04
1.229e+04
3.906e+03
5.166e+03
4.61e+03
3.968e+03
3.734e+03
8.268e+03
8.074e+03
7.617e+03
9.276e+03
9.44e+03
8.244e+03
5.484e+03
3.687e+03
0.000453
5.805e+03
2.992e+03
7.415e+03
4.285e+03
7.327e+03
4.319e+03
4.349e+03
4.349e+03
3.957e+03
1.739e+03
7.641e+03
9.624e+03
1.221e+04
1.007e+04
1.206e+04
1.628e+04
1.438e+04
1.282e+04
1.228e+04
1.52e+04
1.25e+04
4.526e+03
4.526e+03
4.205e+03
0.0
5.327e+03
9.518e+03
8.261e+03
9.64e+03
6.705e+03
6.705e+03
8.261e+03
3.906e+03
6.607e+03
6.172e+03
4.239e+03
7.848e+03
8.517e+03
7.261e+03
7.706e+03
7.578e+03
6.705e+03
4.947e+03
1.395e+04
8.437e+03
8.252e+03
1.167e+04
1.265e+04
1.295e+04
1.546e+04
1.484e+04
1.387e+04
4.4e+03
0.0
6.307e+03
5.296e+03
3.993e+03
1.284e+04
1.134e+04
1.267e+04
1.256e+04
1.394e+04
1.256e+04
4.297e+03
3.352e+03
4.051e+03
0.0
0.0003215
6.196e+03
7.655e+03
7.655e+03
8.333e+03
8.999e+03
7.655e+03
4.865e+03
6.334e+03
5.694e+03
4.371e+03
1.383e+04
1.33e+04
1.37e+04
1.193e+04
1.283e+04
7.129e+03
2.561e+03
5.361e+03
5.857e+03
5.361e+03
5.857e+03
7.129e+03
2.561e+03
0.0
0.0
3.611e+03
8.814e+03
2.992e+03
1.101e+04
9.408e+03
8.463e+03
8.856e+03
8.463e+03
3.394e+03
6.688e+03
3.135e+03
6.688e+03
0.0003467
7.172e+03
1.056e+04
8.094e+03
7.738e+03
1.063e+04
8.094e+03
5.829e+03
1.024e+04
0.0004275
9.33e+03
9.175e+03
8.186e+03
1.516e+04
1.211e+04
1.474e+04
1.677e+04
1.719e+04
1.595e+04
1.595e+04
6.607e+03
2.339e+03
5.958e+03
4.208e+03
3.835e+03
5.586e+03
7.502e+03
6.159e+03
5.377e+03
4.399e+03
0.0
7.607e+03
7.087e+03
1.357e+04
1.089e+04
1.107e+04
1.009e+04
1.009e+04
8.636e+03
6.388e+03
6.529e+03
5.166e+03
1.161e+04
1.08e+04
1.025e+04
7.632e+03
1.038e+04
7.053e+03
0.0
7.4e+03
0.0
0.0004446
1.059e+04
9.559e+03
9.559e+03
1.046e+04
9.559e+03
9.559e+03
4.998e+03
5.144e+03
0.0
0.0
0.0003017
1.099e+04
1.099e+04
1.099e+04
1.22e+04
9.467e+03
1.099e+04
6.948e+03
7.275e+03
0.000162
7.345e+03
2.367e+03
0.0002411
1.068e+04
8.086e+03
8.498e+03
9.855e+03
8.495e+03
8.498e+03
8.498e+03
9.294e+03
0.0002478
7.283e+03
0.0
1.44e+04
1.382e+04
1.665e+04
1.382e+04
1.382e+04
8.051e+03
9.121e+03
6.854e+03
0.0
6.99e+03
9.511e+03
1.07e+04
9.91e+03
1.028e+04
9.372e+03
9.511e+03
5.222e+03
3.323e+03
5.644e+03
5.248e+03
8.195e+03
6.954e+03
7.955e+03
7.827e+03
7.019e+03
6.73e+03
0.0
7.128e+03
8.485e+03
1.096e+04
7.617e+03
1.111e+04
9.322e+03
9.322e+03
6.082e+03
8.769e+03
2.742e+03
3.48e+03
1.038e+04
1.075e+04
9.727e+03
7.274e+03
1.012e+04
5.489e+03
6.258e+03
0.0006951
3.28e+03
4.829e+03
1.214e+04
1.261e+04
1.051e+04
1.083e+04
1.208e+04
1.208e+04
7.031e+03
6.99e+03
9.104e+03
0.0
7.255e+03
1.733e+04
1.467e+04
1.543e+04
1.441e+04
1.606e+04
1.467e+04
4.526e+03
8.901e+03
8.18e+03
8.18e+03
1.244e+04
1.244e+04
1.525e+04
1.556e+04
1.472e+04
6.418e+03
5.132e+03
6.374e+03
3.218e+03
4.458e+03
7.966e+03
1.021e+04
9.698e+03
7.93e+03
5.307e+03
0.0
6.303e+03
8.273e+03
0.0
1.125e+04
9.99e+03
1.132e+04
9.99e+03
1.182e+04
9.99e+03
7.066e+03
0.0
0.0002314
6.828e+03
6.212e+03
1.033e+04
8.72e+03
1.131e+04
1.086e+04
1.086e+04
1.086e+04
4.664e+03
0.0
7.959e+03
0.0
1.067e+04
8.698e+03
9.609e+03
8.698e+03
8.698e+03
3.881e+03
0.0
8.843e+03
4.361e+03
3.863e+03
1.299e+04
1.309e+04
1.246e+04
1.332e+04
1.277e+04
1.277e+04
8.113e+03
6.24e+03
7.813e+03
7.081e+03
7.72e+03
8.493e+03
9.872e+03
8.315e+03
5.018e+03
3.075e+03
0.0
8.048e+03
8.481e+03
2.993e+03
1.575e+04
1.589e+04
1.417e+04
1.506e+04
1.208e+04
1.506e+04
1.007e+04
6.334e+03
0.0
3.253e+03
1.045e+04
1.086e+04
9.113e+03
1.224e+04
1.045e+04
6.144e+03
1.086e+04
6.838e+03
8.008e+03
5.745e+03
1.464e+04
1.246e+04
1.341e+04
6.193e+03
1.085e+04
1.245e+04
6.929e+03
0.0
1.184e+04
3.118e+03
0.0003153
1.274e+04
6.068e+03
5.536e+03
8.866e+03
5.536e+03
5.536e+03
5.259e+03
5.603e+03
7.815e+03
4.608e+03
7.664e+03
1.062e+04
1.014e+04
9.466e+03
9.997e+03
8.455e+03
4.386e+03
0.0002085
7.09e+03
4.112e+03
8.807e+03
8.488e+03
7.528e+03
1.007e+04
8.749e+03
8.749e+03
7.188e+03
0.0
8.618e+03
3.687e+03
8.745e+03
1.165e+04
1.084e+04
1.136e+04
1.136e+04
8.403e+03
2.824e+03
5.557e+03
7.454e+03
0.0
1.041e+04
8.635e+03
4.063e+03
8.652e+03
7.163e+03
8.635e+03
3.394e+03
0.0
1.09e+04
4.488e+03
1.428e+04
8.954e+03
1.111e+04
1.063e+04
1.063e+04
5.133e+03
6.706e+03
4.973e+03
4.954e+03
6.66e+03
7.412e+03
8.798e+03
2.395e+03
7.581e+03
0.0001171
6.068e+03
8.93e+03
8.463e+03
1.299e+04
1.441e+04
1.499e+04
1.428e+04
1.347e+04
1.485e+04
1.428e+04
2.545e+03
2.561e+03
1.068e+04
6.845e+03
0.0003403
9.436e+03
1.162e+04
1.207e+04
1.235e+04
1.255e+04
1.231e+04
1.531e+04
1.207e+04
7.495e+03
7.73e+03
1.347e+04
4.024e+03
2.561e+03
8.563e+03
1.751e+04
1.675e+04
1.856e+04
1.388e+04
1.939e+04
1.823e+04
1.655e+04
6.397e+03
7.595e+03
8.257e+03
5.694e+03
0.0
3.075e+03
1.058e+04
8.401e+03
8.402e+03
8.06e+03
1.058e+04
1.095e+04
8.401e+03
5.119e+03
0.0
6.066e+03
4.386e+03
3.686e+03
4.412e+03
8.767e+03
8.687e+03
9.03e+03
1.001e+04
7.841e+03
9.2e+03
7.841e+03
4.851e+03
3.866e+03
5.047e+03
6.266e+03
4.476e+03
5.64e+03
9.18e+03
1.039e+04
1.188e+04
1.066e+04
1.118e+04
1.085e+04
9.757e+03
3.877e+03
5.071e+03
6.54e+03
5.537e+03
5.537e+03
1.581e+03
1.105e+04
1.105e+04
1.044e+04
1.119e+04
9.76e+03
1.249e+04
1.038e+04
5.483e+03
7.868e+03
3.921e+03
0.0002174
2.522e+03
8.343e+03
8.615e+03
9.785e+03
9.408e+03
9.112e+03
8.343e+03
6.875e+03
7.796e+03
0.0003425
0.0
1.54e+04
1.54e+04
1.614e+04
1.556e+04
1.54e+04
0.0
8.182e+03
9.232e+03
8.037e+03
0.0
9.491e+03
1.908e+04
1.726e+04
2.013e+04
1.726e+04
1.954e+04
1.842e+04
1.726e+04
5.937e+03
5.757e+03
6.527e+03
5.519e+03
6.705e+03
9.018e+03
1.495e+04
1.597e+04
1.554e+04
1.488e+04
1.486e+04
1.593e+04
1.388e+04
6.539e+03
7.966e+03
8.497e+03
0.0
2.561e+03
7.689e+03
1.353e+04
1.371e+04
1.624e+04
1.25e+04
1.363e+04
1.522e+04
1.353e+04
0.0
6.28e+03
1.045e+04
5.042e+03
4.208e+03
7.225e+03
8.418e+03
8.522e+03
1.027e+04
7.146e+03
9.449e+03
1.221e+04
7.146e+03
0.0
2.561e+03
7.011e+03
4.551e+03
0.0001931
1.056e+04
6.094e+03
6.152e+03
1.289e+04
6.152e+03
6.604e+03
8.881e+03
6.152e+03
0.0001929
1.006e+04
4.224e+03
2.561e+03
6.171e+03
9.131e+03
8.826e+03
1.01e+04
8.461e+03
1.173e+04
8.461e+03
0.0
6.979e+03
0.0002425
5.553e+03
0.0
8.002e+03
1.287e+04
1.28e+04
1.526e+04
1.28e+04
1.257e+04
1.28e+04
1.28e+04
5.747e+03
0.0006764
6.266e+03
0.0
8.341e+03
1.472e+04
1.47e+04
1.476e+04
1.448e+04
1.47e+04
1.47e+04
6.456e+03
9.607e+03
8.169e+03
4.014e+03
3.436e+03
1.19e+04
1.229e+04
1.502e+04
1.094e+04
1.429e+04
1.249e+04
0.0
1.036e+04
7.935e+03
4.544e+03
5.241e+03
6.131e+03
9.958e+03
1.057e+04
1.121e+04
9.346e+03
1.241e+04
1.12e+04
9.346e+03
6.384e+03
0.0
6.706e+03
5.119e+03
2.561e+03
1.657e+04
1.522e+04
1.712e+04
1.51e+04
1.641e+04
1.51e+04
8.131e+03
7.238e+03
0.000257
1.399e+04
0.0
1.315e+04
2.045e+04
1.683e+04
1.594e+04
1.69e+04
1.773e+04
1.683e+04
1.683e+04
5.345e+03
6.917e+03
9.454e+03
2.561e+03
1.08e+04
8.627e+03
9.403e+03
1.077e+04
7.984e+03
1.191e+04
5.87e+03
4.024e+03
4.471e+03
5.96e+03
1.63e+04
1.765e+04
1.691e+04
1.338e+04
1.553e+04
1.606e+04
5.1e+03
3.959e+03
4.906e+03
6.99e+03
1.09e+04
1.122e+04
1.087e+04
8.918e+03
9.526e+03
4.051e+03
0.0
5.969e+03
5.654e+03
2.561e+03
1.021e+04
9.363e+03
1.012e+04
1.34e+04
9.819e+03
9.661e+03
1.193e+04
9.661e+03
3.481e+03
3.908e+03
0.0
2.992e+03
7.474e+03
1.419e+04
1.459e+04
1.433e+04
1.477e+04
1.439e+04
1.419e+04
5.184e+03
6.075e+03
7.768e+03
6.059e+03
5.366e+03
1.52e+04
1.542e+04
1.491e+04
1.53e+04
1.368e+04
1.461e+04
8.931e+03
4.96e+03
6.504e+03
5.126e+03
1.078e+04
1.454e+04
1.342e+04
1.37e+04
1.721e+04
1.334e+04
1.425e+04
2.561e+03
7.007e+03
4.503e+03
0.0
8.36e+03
1.06e+04
9.575e+03
1.259e+04
9.575e+03
9.909e+03
1.183e+04
6.504e+03
4.955e+03
9.79e+03
4.812e+03
0.0
9.004e+03
1.345e+04
1.339e+04
1.463e+04
1.048e+04
1.303e+04
1.322e+04
1.339e+04
6.554e+03
4.208e+03
2.832e+03
3.915e+03
3.352e+03
4.825e+03
5.085e+03
4.906e+03
5.971e+03
5.193e+03
4.314e+03
0.0
5.599e+03
5.056e+03
0.0
2.992e+03
9.319e+03
1.139e+04
1.209e+04
1.163e+04
1.139e+04
1.071e+04
1.037e+04
1.139e+04
4.523e+03
5.501e+03
0.0002804
9.224e+03
2.561e+03
1.581e+03
1.194e+04
9.364e+03
9.174e+03
1.031e+04
9.91e+03
8.95e+03
8.95e+03
6.377e+03
6.304e+03
5.705e+03
1.112e+04
1.426e+04
1.6e+04
1.529e+04
1.449e+04
1.426e+04
9.832e+03
9.374e+03
5.91e+03
5.946e+03
8.894e+03
1.086e+04
1.216e+04
1.318e+04
1.037e+04
1.338e+04
1.323e+04
1.037e+04
3.308e+03
0.0
4.362e+03
8.421e+03
7.588e+03
1.063e+04
1.116e+04
1.147e+04
1.032e+04
9.555e+03
9.555e+03
7.585e+03
5.646e+03
8.524e+03
0.0
4.354e+03
7.018e+03
6.228e+03
8.317e+03
9.906e+03
1.151e+04
7.018e+03
6.994e+03
1.067e+04
1.067e+04
0.0
4.786e+03
5.327e+03
1.161e+04
1.217e+04
1.182e+04
1.452e+04
1.18e+04
1.678e+04
1.161e+04
5.229e+03
4.885e+03
0.0004842
3.906e+03
6.988e+03
3.012e+03
1.07e+04
1.227e+04
1.033e+04
1.14e+04
1.141e+04
9.954e+03
9.954e+03
5.519e+03
1.085e+04
1.007e+04
3.886e+03
3.79e+03
6.998e+03
1.617e+04
1.614e+04
1.604e+04
1.731e+04
1.433e+04
1.797e+04
1.517e+04
9.633e+03
7.333e+03
7.333e+03
5.443e+03
5.372e+03
8.522e+03
1.892e+04
1.759e+04
1.816e+04
1.457e+04
1.446e+04
1.446e+04
1.792e+04
6.109e+03
0.0
8.475e+03
0.0
0.0
6.197e+03
1.121e+04
1.121e+04
1.218e+04
1.247e+04
1.121e+04
1.433e+04
1.121e+04
0.0003872
8.917e+03
6.255e+03
0.0
2.032e+04
1.969e+04
1.969e+04
2.001e+04
1.969e+04
4.943e+03
7.623e+03
7.062e+03
0.0
1.103e+04
1.16e+04
1.152e+04
1.162e+04
1.671e+04
1.162e+04
1.231e+04
1.339e+04
1.152e+04
0.0
0.0
1.265e+04
6.93e+03
1.074e+04
1.495e+04
1.416e+04
1.516e+04
1.516e+04
1.71e+04
1.516e+04
0.0
7.997e+03
9.305e+03
4.224e+03
2.561e+03
1.29e+04
1.159e+04
1.108e+04
1.547e+04
1.088e+04
1.158e+04
1.201e+04
1.088e+04
3.877e+03
6.99e+03
7.938e+03
5e+03
2.962e+03
6.482e+03
9.537e+03
7.999e+03
1.026e+04
8.796e+03
1.019e+04
1.143e+04
7.961e+03
4.565e+03
2.561e+03
5.722e+03
2.545e+03
0.0
9.399e+03
1.078e+04
1.094e+04
1.225e+04
1.089e+04
1.105e+04
1.198e+04
1.094e+04
5.694e+03
1.035e+04
5.119e+03
2.561e+03
6.093e+03
9.322e+03
9.186e+03
9.799e+03
1.065e+04
8.603e+03
8.692e+03
6.456e+03
0.0
1.465e+04
2.141e+03
7.071e+03
5.132e+03
7.254e+03
9.251e+03
9.087e+03
9.345e+03
7.12e+03
1.598e+04
7.12e+03
7.62e+03
2.366e+03
0.0
1.373e+04
1.345e+04
1.422e+04
1.42e+04
1.181e+04
1.345e+04
2.991e+03
6.551e+03
6.83e+03
0.0
1.543e+04
1.325e+04
1.387e+04
1.411e+04
1.171e+04
1.325e+04
3.696e+03
0.0
5.461e+03
0.0
0.0004523
2.803e+03
2.561e+03
0.000188
1.089e+04
1.137e+04
1.082e+04
1.166e+04
1.082e+04
1.082e+04
1.082e+04
5.3e+03
0.0
5.496e+03
0.0
1.265e+04
1.285e+04
1.332e+04
1.285e+04
1.285e+04
6.754e+03
0.0
6.692e+03
0.0
7.977e+03
3.445e+03
7.39e+03
3.445e+03
3.445e+03
3.776e+03
4.989e+03
5.696e+03
3.323e+03
1.082e+04
9.785e+03
9.677e+03
8.822e+03
9.021e+03
4.103e+03
0.0
4.103e+03
0.0
6.137e+03
4.453e+03
6.025e+03
4.453e+03
4.453e+03
7.54e+03
0.0
6.695e+03
0.0
9.776e+03
8.85e+03
1.014e+04
8.85e+03
8.85e+03
5.058e+03
6.999e+03
1.003e+04
5.855e+03
6.158e+03
7.736e+03
9.694e+03
7.684e+03
7.428e+03
7.964e+03
0.0
0.0001721
7.593e+03
0.0
0.0
1.006e+04
6.491e+03
6.491e+03
1.073e+04
6.491e+03
6.491e+03
6.491e+03
7.277e+03
0.0
6.773e+03
0.0
9.032e+03
5.811e+03
8.265e+03
5.811e+03
5.811e+03
6.307e+03
0.0
5.025e+03
4.027e+03
8.086e+03
7.568e+03
7.353e+03
7.785e+03
7.785e+03
3.195e+03
0.0
2.803e+03
0.0
6.903e+03
6.178e+03
7.028e+03
6.178e+03
6.178e+03
5.926e+03
0.0
2.201e+03
4.511e+03
6.691e+03
5.424e+03
8.929e+03
6.885e+03
6.885e+03
7.192e+03
0.0
3.329e+03
0.0
6.663e+03
5.55e+03
8.501e+03
5.55e+03
5.55e+03
6.558e+03
0.0
6.123e+03
4.566e+03
9.957e+03
7.888e+03
8.048e+03
7.169e+03
7.169e+03
3.457e+03
0.0
3.457e+03
5.978e+03
5.579e+03
6.102e+03
5.579e+03
6.191e+03
6.191e+03
9.543e+03
0.0
9.665e+03
0.0
8.889e+03
9.005e+03
1.148e+04
9.005e+03
9.005e+03
7.132e+03
4.081e+03
5.578e+03
0.0
6.301e+03
5.149e+03
7.605e+03
4.694e+03
5.149e+03
2.367e+03
0.0
0.000428
5.201e+03
9.219e+03
7.728e+03
9.41e+03
9.219e+03
9.219e+03
7.621e+03
0.0
5.197e+03
7.928e+03
0.0
4.1e+03
8.404e+03
5.485e+03
5.604e+03
9.976e+03
5.485e+03
6.323e+03
5.485e+03
5.888e+03
0.0
6.653e+03
2.832e+03
1.34e+04
1.149e+04
1.238e+04
1.208e+04
1.208e+04
7.584e+03
1.739e+03
0.0001303
1.081e+04
1.014e+04
0.0001096
1.227e+04
1.237e+04
6.867e+03
9.379e+03
7.262e+03
6.867e+03
6.867e+03
2.742e+03
2.561e+03
5.737e+03
1.581e+03
9.917e+03
8.003e+03
8.854e+03
8.462e+03
8.223e+03
5.124e+03
0.0
5.124e+03
8.121e+03
7.571e+03
6.151e+03
7.628e+03
5.751e+03
5.751e+03
6.951e+03
0.0
6.105e+03
5.097e+03
9.987e+03
4.322e+03
9.843e+03
6.856e+03
6.856e+03
8.045e+03
5.793e+03
9.043e+03
6.31e+03
8.129e+03
6.928e+03
1.156e+04
1.067e+04
9.233e+03
4.441e+03
7.872e+03
0.0
7.507e+03
2.545e+03
5.317e+03
2.545e+03
2.545e+03
7.098e+03
0.0
4.939e+03
2.832e+03
6.866e+03
4.002e+03
8.12e+03
4.608e+03
4.608e+03
2.803e+03
0.0
4.297e+03
4.516e+03
8.97e+03
8.074e+03
8.314e+03
7.844e+03
7.844e+03
5.948e+03
5.496e+03
7.064e+03
0.0
7.131e+03
5.905e+03
9.139e+03
5.84e+03
5.905e+03
5.352e+03
2.991e+03
6.319e+03
0.0
9.415e+03
8.443e+03
9.581e+03
9.287e+03
8.443e+03
7.734e+03
4.171e+03
0.0
0.0
5.837e+03
5.837e+03
5.836e+03
6.74e+03
5.837e+03
6.558e+03
6.365e+03
2.803e+03
0.0
9.14e+03
8.836e+03
1.016e+04
7.675e+03
8.836e+03
0.0
6.154e+03
0.0
7.417e+03
4.335e+03
6.607e+03
4.335e+03
4.335e+03
4.473e+03
0.0
7.128e+03
4.304e+03
9.702e+03
5.935e+03
7.833e+03
5.843e+03
5.843e+03
4.197e+03
6.859e+03
4.9e+03
0.0
1.297e+04
1.103e+04
1.151e+04
9.784e+03
1.103e+04
6.174e+03
5.496e+03
1.077e+04
6.028e+03
1.242e+04
7.416e+03
1.165e+04
9.688e+03
8.287e+03
4.822e+03
0.0
4.883e+03
4.288e+03
1.124e+04
1.031e+04
1.074e+04
1.006e+04
1.006e+04
8.503e+03
8.537e+03
5.559e+03
0.0
8.583e+03
7.105e+03
4.765e+03
5.104e+03
7.105e+03
5.572e+03
0.0
7.766e+03
0.0
1.177e+04
9.817e+03
1.146e+04
9.817e+03
9.817e+03
5.117e+03
0.0
4.576e+03
0.0
4.576e+03
0.0
5.117e+03
0.0
0.0
8.404e+03
2.522e+03
4.824e+03
6.097e+03
9.373e+03
9.911e+03
8.89e+03
9.81e+03
9.417e+03
6.833e+03
4.922e+03
9.759e+03
5.061e+03
1.058e+04
9.519e+03
1.072e+04
8.183e+03
8.566e+03
6.712e+03
0.0
6.403e+03
6.21e+03
7.08e+03
9.399e+03
6.928e+03
6.786e+03
6.786e+03
2.339e+03
2.994e+03
2.339e+03
6.961e+03
6.601e+03
7.044e+03
6.408e+03
6.601e+03
4.601e+03
0.0
6.154e+03
0.0
8.603e+03
5.919e+03
6.433e+03
5.919e+03
5.919e+03
2.991e+03
4.403e+03
6.411e+03
6.168e+03
8.381e+03
8.683e+03
5.842e+03
6.011e+03
5.106e+03
6.529e+03
4.696e+03
6.068e+03
6.791e+03
7.239e+03
6.873e+03
8.475e+03
5.568e+03
5.398e+03
4.362e+03
0.0
6.127e+03
3.921e+03
4.605e+03
6.134e+03
6.464e+03
6.891e+03
8.211e+03
6.526e+03
5.121e+03
7.971e+03
5.121e+03
5.781e+03
2.561e+03
6.741e+03
0.0
1.204e+04
1.078e+04
1.018e+04
1.088e+04
1.078e+04
6.83e+03
0.0
0.0
6.89e+03
1.074e+04
1.31e+04
1.11e+04
1.074e+04
1.074e+04
0.0
1.222e+04
4.954e+03
2.561e+03
1.021e+04
1.386e+04
1.311e+04
1.524e+04
1.277e+04
9.693e+03
1.277e+04
5.687e+03
0.0
1.201e+04
5.69e+03
2.561e+03
7.445e+03
8.187e+03
4.954e+03
7.778e+03
1.376e+04
7.778e+03
0.0
0.0
1.801e+03
2.561e+03
7.72e+03
7.85e+03
7.441e+03
7.441e+03
7.441e+03
5.703e+03
8.607e+03
9.928e+03
5.918e+03
0.0
1.111e+04
1.247e+04
1.063e+04
1.517e+04
9.614e+03
1.091e+04
1.285e+04
1.063e+04
4.148e+03
2.561e+03
4.379e+03
4.487e+03
0.0
0.0
6.224e+03
4.362e+03
4.362e+03
6.048e+03
4.933e+03
691.3
4.362e+03
5.032e+03
0.0
7.485e+03
4.34e+03
2.561e+03
0.0
4.941e+03
6.431e+03
4.34e+03
7.837e+03
4.34e+03
5.701e+03
1.03e+04
1.144e+04
0.0
1.581e+03
6.459e+03
1.437e+04
1.432e+04
1.394e+04
1.402e+04
1.084e+04
1.718e+04
1.437e+04
7.316e+03
2.561e+03
7.385e+03
4.954e+03
0.0
6.633e+03
4.954e+03
0.0
6.633e+03
7.316e+03
2.561e+03
7.385e+03
0.0
4.852e+03
0.0
6.352e+03
5.197e+03
5.056e+03
6.583e+03
7.714e+03
6.424e+03
7.806e+03
6.89e+03
8.309e+03
1.073e+04
8.309e+03
4.88e+03
5.984e+03
5.114e+03
4.619e+03
1.202e+04
1.103e+04
1.23e+04
1.115e+04
1.071e+04
4.103e+03
0.0
6.342e+03
0.0
0.0
4.672e+03
4.672e+03
5.052e+03
4.672e+03
7.495e+03
4.672e+03
2.545e+03
0.0
4.865e+03
2.561e+03
0.0
7.426e+03
8.867e+03
8.237e+03
8.647e+03
8.237e+03
8.237e+03
7.538e+03
7.538e+03
6.289e+03
2.561e+03
1.133e+04
1.201e+04
1.054e+04
1.054e+04
1.194e+04
4.204e+03
0.0
4.204e+03
7.007e+03
0.0
9.937e+03
8.636e+03
9.209e+03
8.636e+03
9.209e+03
8.636e+03
9.926e+03
7.116e+03
4.074e+03
4.136e+03
0.0
7.054e+03
4.724e+03
1.099e+04
5.713e+03
6.056e+03
4.724e+03
0.0
2.561e+03
8.795e+03
2.545e+03
2.561e+03
9.403e+03
6.873e+03
6.95e+03
9.457e+03
6.436e+03
6.981e+03
1.001e+04
6.436e+03
1.922e+03
7.041e+03
0.0002136
0.0
0.0003538
6.571e+03
6.571e+03
6.571e+03
6.775e+03
8.186e+03
6.571e+03
0.0
0.0
5.856e+03
4.64e+03
5.032e+03
1.165e+04
9.678e+03
7.512e+03
1.353e+04
8.834e+03
8.834e+03
1.029e+04
8.834e+03
0.0
2.561e+03
5.019e+03
0.0
1.133e+04
9.27e+03
7.925e+03
1.258e+04
7.925e+03
8.309e+03
7.925e+03
4.39e+03
2.561e+03
1.499e+04
5.551e+03
0.0
1.125e+04
1.253e+04
1.13e+04
1.599e+04
1.123e+04
1.169e+04
1.618e+04
1.13e+04
0.0
6.728e+03
9.16e+03
0.0
2.561e+03
6.208e+03
8.792e+03
9.214e+03
1.156e+04
8.792e+03
1.095e+04
1.288e+04
8.792e+03
4.619e+03
9.609e+03
0.0002981
5.07e+03
0.0
1.599e+04
1.543e+04
1.665e+04
9.867e+03
1.543e+04
1.543e+04
6.613e+03
9.601e+03
6.329e+03
6.89e+03
1.24e+04
1.118e+04
1.421e+04
9.146e+03
1.171e+04
5.252e+03
5.344e+03
6.18e+03
0.0
0.0
1.111e+04
7.388e+03
7.388e+03
1.208e+04
9.319e+03
8.181e+03
9.941e+03
7.388e+03
0.0
5.886e+03
3.436e+03
5.229e+03
2.561e+03
7.597e+03
8.293e+03
1.015e+04
1.248e+04
9.941e+03
1.102e+04
1.052e+04
9.941e+03
0.0
0.0
4.722e+03
0.0
7.258e+03
8.735e+03
6.025e+03
7.798e+03
1.048e+04
6.025e+03
6.025e+03
7.117e+03
6.025e+03
5.384e+03
2.424e+03
2.992e+03
8.866e+03
1.061e+04
1.075e+04
1.457e+04
1.163e+04
1.121e+04
7.668e+03
5.545e+03
1.096e+04
4.619e+03
2.561e+03
9.372e+03
1.139e+04
1.127e+04
1.495e+04
1.119e+04
1.037e+04
1.195e+04
1.123e+04
0.0
8.599e+03
8.985e+03
4.954e+03
2.561e+03
6.841e+03
1.396e+04
1.341e+04
1.446e+04
1.325e+04
1.23e+04
1.477e+04
1.325e+04
3.813e+03
0.0
4.212e+03
6.669e+03
1.058e+04
1.095e+04
9.476e+03
1.021e+04
1.021e+04
2.561e+03
3.117e+03
6.802e+03
1.142e+04
1.387e+04
1.148e+04
1.179e+04
5.868e+03
2.561e+03
6.955e+03
0.0
4.944e+03
1.086e+04
1.182e+04
1.253e+04
1.099e+04
1.293e+04
1.086e+04
0.0
2.832e+03
9.912e+03
4.024e+03
2.561e+03
8.505e+03
7.149e+03
6.093e+03
1.132e+04
5.782e+03
5.441e+03
1.18e+04
5.782e+03
5.442e+03
0.0
6.003e+03
0.0
0.0
1.148e+04
1.148e+04
1.285e+04
1.148e+04
1.288e+04
1.148e+04
3.28e+03
0.0
7.66e+03
0.0
2.561e+03
8.093e+03
5.62e+03
6.208e+03
8.452e+03
5.85e+03
5.62e+03
9.277e+03
5.62e+03
4.865e+03
7.192e+03
7.849e+03
4.193e+03
6.152e+03
5.186e+03
8.628e+03
9.53e+03
8.078e+03
5.194e+03
5.763e+03
8.111e+03
7.39e+03
9.889e+03
2.561e+03
8.45e+03
0.0
7.671e+03
8.18e+03
1.271e+04
1.323e+04
1.442e+04
1.701e+04
1.296e+04
1.466e+04
1.271e+04
3.765e+03
9.184e+03
1.149e+04
2.545e+03
2.561e+03
5.964e+03
7.703e+03
9.062e+03
1.073e+04
7.739e+03
1.15e+04
1.213e+04
8.512e+03
5.287e+03
2.561e+03
7.464e+03
0.0
0.0
6.671e+03
7.572e+03
7.572e+03
1.045e+04
9.627e+03
7.701e+03
1.117e+04
7.572e+03
3.518e+03
8.318e+03
7.361e+03
5.559e+03
0.0
8.28e+03
6.924e+03
5.74e+03
7.12e+03
1.082e+04
6.924e+03
7.458e+03
2.561e+03
0.0001815
6.062e+03
5.696e+03
1.111e+04
1.16e+04
6.566e+03
9.698e+03
9.789e+03
9.789e+03
4.183e+03
7.042e+03
9.431e+03
0.0
0.0
5.625e+03
1.218e+04
1.218e+04
1.375e+04
1.252e+04
1.164e+04
1.272e+04
1.218e+04
6.489e+03
6.435e+03
8.559e+03
5.985e+03
0.0
4.763e+03
1.198e+04
1.276e+04
1.406e+04
1.37e+04
1.271e+04
1.321e+04
1.276e+04
4.866e+03
0.0
8.733e+03
3.642e+03
5.128e+03
5.585e+03
1.195e+04
1.142e+04
1.224e+04
1.112e+04
1.104e+04
1.163e+04
1.104e+04
8.58e+03
2.561e+03
1.139e+04
4.852e+03
0.0
1.135e+04
8.226e+03
7.91e+03
1.378e+04
1.004e+04
8.499e+03
1.134e+04
7.91e+03
3.915e+03
0.0
0.0
5.45e+03
4.827e+03
6.94e+03
6.422e+03
4.827e+03
4.827e+03
0.0
7.395e+03
0.0
0.0
6.717e+03
5.951e+03
5.951e+03
7.188e+03
6.239e+03
5.951e+03
8.579e+03
5.951e+03
2.816e+03
6.449e+03
8.798e+03
7.1e+03
1.208e+04
9.553e+03
1.377e+04
1.303e+04
1.415e+04
1.119e+04
1.244e+04
1.399e+04
1.097e+04
6.282e+03
0.0002484
0.0
4.248e+03
4.248e+03
4.248e+03
8.123e+03
4.248e+03
5.192e+03
0.0
8.177e+03
0.0002654
0.0
6.397e+03
6.397e+03
8.091e+03
6.397e+03
9.804e+03
6.397e+03
3.915e+03
4.323e+03
0.0
0.0
3.481e+03
3.481e+03
5.171e+03
5.276e+03
3.481e+03
0.0002639
4.944e+03
6.719e+03
2.545e+03
0.0
1.258e+04
1.234e+04
1.234e+04
1.264e+04
1.363e+04
1.234e+04
3.877e+03
4.243e+03
8.648e+03
4.204e+03
4.458e+03
5.005e+03
1.181e+04
1.079e+04
1.198e+04
9.718e+03
1.121e+04
1.299e+04
1.1e+04
0.0
4.849e+03
0.0
5.443e+03
0.0
8.482e+03
6.761e+03
6.761e+03
7.173e+03
6.761e+03
6.761e+03
5.636e+03
0.0
7.02e+03
6.146e+03
7.268e+03
7.79e+03
6.741e+03
4.581e+03
4.581e+03
0.0002465
4.458e+03
5.3e+03
0.0
5.203e+03
1.068e+04
1.017e+04
1.093e+04
1.017e+04
9.95e+03
1.017e+04
1.558e+03
0.0
5.229e+03
0.0
6.732e+03
4.411e+03
4.722e+03
4.411e+03
4.411e+03
4.576e+03
7.315e+03
2.545e+03
0.0
4.641e+03
3.867e+03
6.163e+03
8.361e+03
3.867e+03
0.0
5.032e+03
0.0
8.72e+03
7.126e+03
7.126e+03
7.126e+03
7.126e+03
7.681e+03
5.747e+03
6.888e+03
4.832e+03
1.028e+04
8.003e+03
1.025e+04
7.355e+03
7.699e+03
0.0
0.0
4.362e+03
2.561e+03
4.362e+03
2.561e+03
0.0
0.0
0.0
0.0
0.0
5.895e+03
6.09e+03
5.402e+03
7.023e+03
3.365e+03
3.365e+03
3.365e+03
0.0
5.501e+03
4.224e+03
0.0
7.826e+03
6.202e+03
6.202e+03
6.378e+03
6.202e+03
0.0002453
0.0
1.102e+04
6.099e+03
0.0
9.154e+03
9.828e+03
8.846e+03
1.118e+04
8.846e+03
8.846e+03
1.318e+04
8.846e+03
3.195e+03
4.613e+03
0.0
0.0
5.105e+03
0.0
0.0
5.105e+03
6.323e+03
4.103e+03
0.0
0.0
0.0
7.026e+03
8.382e+03
8.382e+03
9.005e+03
8.614e+03
8.382e+03
8.382e+03
0.0002385
5.163e+03
0.0007524
3.308e+03
5.95e+03
1.213e+04
1.195e+04
1.233e+04
1.147e+04
1.233e+04
1.233e+04
6.22e+03
7.892e+03
6.055e+03
4.822e+03
0.0
1.277e+04
1.224e+04
1.339e+04
1.202e+04
1.21e+04
1.224e+04
0.0
0.0001804
2.561e+03
5.006e+03
5.543e+03
5.006e+03
5.006e+03
5.006e+03
6.213e+03
6.294e+03
4.103e+03
0.0
6.419e+03
5.804e+03
7.783e+03
7.927e+03
5.804e+03
5.564e+03
6.213e+03
7.13e+03
2.545e+03
0.0
2.545e+03
0.0
5.564e+03
6.213e+03
7.13e+03
0.0
4.412e+03
0.0
3.308e+03
4.943e+03
3.886e+03
4.651e+03
6.387e+03
5.043e+03
5.043e+03
0.0
6.703e+03
4.103e+03
0.0
1.029e+04
1.005e+04
1.005e+04
9.651e+03
1.005e+04
0.0
5.82e+03
6.642e+03
2.104e+03
0.0
7.696e+03
7.462e+03
7.462e+03
7.528e+03
6.956e+03
7.462e+03
4.851e+03
2.994e+03
0.0
0.0
4.087e+03
4.087e+03
6.214e+03
5.234e+03
4.087e+03
3.921e+03
9.296e+03
0.0001197
1e+03
0.0
4.685e+03
4.601e+03
5.839e+03
8.785e+03
4.601e+03
4.601e+03
4.696e+03
7.521e+03
7.407e+03
4.358e+03
3.253e+03
5.798e+03
1.071e+04
1.054e+04
1.223e+04
1.273e+04
1.072e+04
1.163e+04
1.093e+04
3.853e+03
5.133e+03
4.399e+03
0.0
7.523e+03
6.301e+03
7.336e+03
8.643e+03
6.301e+03
3.164e+03
5.889e+03
4.633e+03
5.889e+03
5.528e+03
7.083e+03
0.0
6.347e+03
3.164e+03
5.908e+03
6.09e+03
3.921e+03
0.0
5.768e+03
4.532e+03
7.695e+03
7.39e+03
4.532e+03
0.0
6.698e+03
5.993e+03
4.346e+03
5.778e+03
5.388e+03
7.256e+03
4.619e+03
4.732e+03
8.569e+03
0.0
0.0
6.609e+03
6.609e+03
8.467e+03
7.879e+03
9.688e+03
6.609e+03
6.135e+03
0.0
7.119e+03
3.308e+03
0.0
5.861e+03
4.976e+03
8.119e+03
4.976e+03
7.218e+03
4.976e+03
0.0
2.992e+03
4.633e+03
0.0
5.678e+03
8.825e+03
7.313e+03
8.599e+03
7.313e+03
8.001e+03
7.313e+03
4.904e+03
0.0
0.0
6.315e+03
5.153e+03
8.146e+03
7.062e+03
5.153e+03
5.153e+03
3.195e+03
0.0
4.523e+03
2.561e+03
7.209e+03
6.223e+03
6.497e+03
5.697e+03
5.697e+03
6.294e+03
0.0
0.0
0.0
7.167e+03
7.167e+03
6.142e+03
7.167e+03
7.167e+03
0.0
5.332e+03
4.576e+03
6.09e+03
4.723e+03
6.15e+03
1.581e+03
5.433e+03
1.581e+03
5.886e+03
0.0
0.0
3.97e+03
4.575e+03
5.791e+03
7.838e+03
4.575e+03
4.575e+03
0.0001748
0.0
3.921e+03
0.0
6.931e+03
5.394e+03
5.394e+03
5.394e+03
5.394e+03
762.1
7.868e+03
3.195e+03
0.0
6.005e+03
5.038e+03
5.074e+03
6.064e+03
5.038e+03
5.537e+03
3.323e+03
8.197e+03
5.371e+03
0.0001856
8.593e+03
5.869e+03
5.928e+03
8.291e+03
6.764e+03
5.928e+03
0.0
0.0
6.226e+03
0.0
0.0003292
7.855e+03
4.738e+03
4.738e+03
4.738e+03
4.738e+03
4.738e+03
4.239e+03
0.0
3.308e+03
7.414e+03
6.994e+03
8.535e+03
7.232e+03
5.902e+03
5.902e+03
0.0002075
9.959e+03
5.694e+03
0.0
0.0
3.075e+03
3.075e+03
3.075e+03
9.379e+03
6.624e+03
3.075e+03
4.704e+03
1.247e+04
7.337e+03
1.346e+04
0.0005901
1.017e+04
1.259e+04
6.756e+03
8.169e+03
1.475e+04
6.756e+03
3.195e+03
0.0
4.103e+03
0.0
6.855e+03
5.216e+03
6.027e+03
5.216e+03
5.216e+03
5.458e+03
2.561e+03
4.619e+03
2.561e+03
6.342e+03
1.039e+04
9.803e+03
1.121e+04
9.172e+03
9.759e+03
9.45e+03
0.0
0.0
0.0
0.0
7.585e+03
7.585e+03
7.585e+03
7.585e+03
7.585e+03
5.812e+03
0.0
5.425e+03
6.75e+03
0.0002052
8.056e+03
9.195e+03
5.504e+03
8.106e+03
5.504e+03
5.504e+03
3.518e+03
2.832e+03
0.0
0.0
7.038e+03
7.038e+03
7.707e+03
7.779e+03
7.038e+03
3.457e+03
6.09e+03
4.994e+03
0.0
7.022e+03
4.113e+03
4.514e+03
7.475e+03
4.113e+03
0.0
0.0
5.81e+03
6.686e+03
6.989e+03
6.987e+03
4.015e+03
4.015e+03
4.015e+03
0.0004715
0.0
3.633e+03
0.0
5.077e+03
1.543e+04
1.513e+04
1.445e+04
1.513e+04
1.513e+04
1.513e+04
0.0
0.0
5.645e+03
1.121e+04
5.869e+03
1.611e+04
1.28e+04
1.488e+04
1.474e+04
1.474e+04
1.474e+04
0.0001804
7.315e+03
0.0001633
0.0
5.906e+03
5.906e+03
5.906e+03
9.224e+03
5.906e+03
0.000245
2.561e+03
5.192e+03
9.359e+03
8.927e+03
1.173e+04
8.281e+03
8.575e+03
8.281e+03
0.0
8.72e+03
7.23e+03
0.0
1.137e+04
9.271e+03
9.271e+03
9.671e+03
9.271e+03
4.024e+03
0.0
8.757e+03
5.344e+03
9.338e+03
5.942e+03
5.913e+03
4.316e+03
4.316e+03
7.171e+03
0.0
0.0003002
0.0002249
6.152e+03
7.531e+03
1.023e+04
9.11e+03
7.531e+03
7.531e+03
7.531e+03
0.0
7.988e+03
6.679e+03
0.0
7.659e+03
4.373e+03
4.373e+03
6.277e+03
4.373e+03
5.668e+03
0.0
0.0002155
0.0
9.615e+03
9.615e+03
1.097e+04
9.615e+03
9.615e+03
5.459e+03
7.855e+03
4.103e+03
0.0
8.491e+03
7.229e+03
9.224e+03
8.197e+03
7.229e+03
0.0
6.525e+03
6.211e+03
6.525e+03
8.565e+03
1.072e+04
8.147e+03
1.005e+04
8.147e+03
6.399e+03
0.0
4.078e+03
4.619e+03
7.082e+03
1.401e+04
1.077e+04
1.196e+04
1.293e+04
1.315e+04
1.293e+04
5.81e+03
0.0
3.308e+03
0.0
1.347e+04
1.295e+04
1.241e+04
1.295e+04
1.295e+04
4.136e+03
0.0
0.0
7.8e+03
7.926e+03
6.987e+03
9.384e+03
7.926e+03
7.926e+03
0.0
0.0
5.586e+03
0.0
7.209e+03
5.024e+03
5.024e+03
5.024e+03
5.024e+03
0.0
0.0
4.541e+03
5.277e+03
6.366e+03
4.2e+03
4.476e+03
4.476e+03
4.476e+03
6.644e+03
2.992e+03
4.193e+03
5.253e+03
5.355e+03
5.883e+03
7.151e+03
4.224e+03
3.148e+03
2.545e+03
0.0
0.0001843
0.0
0.0001843
0.0
2.545e+03
0.0
0.0
5.227e+03
4.154e+03
3.921e+03
0.0
3.921e+03
0.0
5.227e+03
4.154e+03
0.0
0.0
6.219e+03
5.602e+03
2.561e+03
7.72e+03
6.759e+03
6.177e+03
9.236e+03
6.177e+03
2.545e+03
9.786e+03
3.518e+03
8.739e+03
5.184e+03
9.278e+03
4.491e+03
9.156e+03
3.719e+03
0.0
0.0
3.308e+03
0.0
7.703e+03
6.965e+03
6.965e+03
6.965e+03
6.965e+03
0.0
6.038e+03
4.523e+03
0.0
8.246e+03
6.827e+03
6.827e+03
9.074e+03
6.827e+03
4.103e+03
3.821e+03
0.0
5.74e+03
5.626e+03
6.716e+03
5.626e+03
5.626e+03
0.0002518
5.429e+03
5.544e+03
3.327e+03
5.673e+03
9.462e+03
9.645e+03
9.805e+03
8.824e+03
1.032e+04
8.824e+03
5.545e+03
4.944e+03
0.0
0.0
9.473e+03
9.473e+03
1.04e+04
1.017e+04
9.473e+03
5.229e+03
762.1
0.0
4.297e+03
4.166e+03
6.364e+03
4.166e+03
4.166e+03
0.0001667
7.408e+03
0.0004416
3.877e+03
6.688e+03
8.491e+03
8.797e+03
7.339e+03
7.963e+03
7.339e+03
7.339e+03
0.0
7.121e+03
7.186e+03
5.287e+03
6.307e+03
9.725e+03
1.107e+04
8.157e+03
9.451e+03
1.033e+04
8.157e+03
4.136e+03
0.0
6.226e+03
6.284e+03
1.182e+04
1.176e+04
1.308e+04
1.255e+04
1.255e+04
6.398e+03
0.0001633
0.0
5.308e+03
5.308e+03
6.711e+03
8.128e+03
5.308e+03
0.0
0.0
4.362e+03
2.561e+03
5.909e+03
8.147e+03
7.176e+03
8.017e+03
6.97e+03
6.97e+03
6.97e+03
5.319e+03
3.97e+03
4.204e+03
5.856e+03
7.184e+03
8.14e+03
7.663e+03
7.049e+03
5.858e+03
0.0
0.0
3.211e+03
2.746e+03
5.645e+03
5.446e+03
5.607e+03
5.607e+03
5.607e+03
0.0
0.0002246
0.0
4.322e+03
4.322e+03
4.322e+03
4.322e+03
4.629e+03
3.335e+03
0.000216
0.0
5.559e+03
5.559e+03
7.096e+03
6.667e+03
5.559e+03
0.0
0.0
4.954e+03
5.163e+03
7.073e+03
7.133e+03
4.979e+03
4.979e+03
4.979e+03
1.366e+03
0.0
0.0005146
5.812e+03
0.0
1.131e+04
8.966e+03
9.234e+03
8.966e+03
8.966e+03
8.966e+03
0.0
2.832e+03
5.458e+03
4.177e+03
8.496e+03
6.899e+03
7.335e+03
7.978e+03
7.335e+03
5.352e+03
6.633e+03
3.821e+03
0.0
6.935e+03
5.6e+03
7.431e+03
8.492e+03
5.6e+03
3.915e+03
3.902e+03
0.0
0.0
4.171e+03
4.171e+03
5.666e+03
3.494e+03
4.171e+03
0.0
8.548e+03
0.0
1.104e+04
7.092e+03
9.194e+03
7.092e+03
1.151e+04
7.092e+03
0.0
0.0
2.545e+03
6.988e+03
5.161e+03
8.288e+03
4.756e+03
4.756e+03
4.756e+03
4.619e+03
5.784e+03
5.871e+03
0.0
1.607e+04
1.333e+04
1.323e+04
1.438e+04
1.333e+04
0.0
6.482e+03
6.761e+03
8.697e+03
9.132e+03
7.781e+03
8.739e+03
8.064e+03
8.739e+03
6.806e+03
0.0
0.0003952
7.602e+03
2.561e+03
1.438e+04
1.246e+04
1.272e+04
1.211e+04
1.211e+04
1.211e+04
5.632e+03
6.33e+03
4.206e+03
8.397e+03
7.568e+03
6.325e+03
9.39e+03
8.707e+03
7.405e+03
3.518e+03
0.0
0.0
0.0
8.158e+03
6.441e+03
6.441e+03
7.901e+03
6.854e+03
6.441e+03
6.441e+03
4.136e+03
7.146e+03
0.0
0.0
6.829e+03
6.829e+03
8.001e+03
9.313e+03
6.829e+03
5.032e+03
7.193e+03
3.915e+03
0.0
7.186e+03
5.945e+03
8.157e+03
6.045e+03
5.945e+03
0.0
3.195e+03
6.135e+03
6.052e+03
8.476e+03
5.14e+03
5.14e+03
5.14e+03
0.0002684
0.0
3.308e+03
0.0
8.017e+03
8.579e+03
8.579e+03
8.579e+03
8.579e+03
6.186e+03
5.167e+03
0.0
0.0
5.291e+03
5.291e+03
8.104e+03
8.039e+03
5.291e+03
0.000335
1.071e+04
5.197e+03
0.0
7.357e+03
5.532e+03
5.532e+03
9.053e+03
5.532e+03
3.372e+03
0.0
0.0002366
8.477e+03
7.619e+03
8.828e+03
7.892e+03
7.619e+03
7.619e+03
0.0002766
0.0
3.002e+03
4.763e+03
1.139e+04
1.023e+04
1.098e+04
1.098e+04
1.098e+04
0.0
0.0
768.6
6.816e+03
5.315e+03
8.8e+03
5.287e+03
5.287e+03
5.287e+03
5.81e+03
6.397e+03
4.193e+03
5.6e+03
6.61e+03
6.682e+03
9.005e+03
8.873e+03
7.652e+03
0.0
4.664e+03
3.921e+03
0.0
1.581e+03
7.551e+03
4.412e+03
4.786e+03
0.0
8.031e+03
9.27e+03
7.82e+03
8.282e+03
9.27e+03
0.0001751
5.76e+03
0.0
0.0
9.232e+03
4.245e+03
4.245e+03
1.048e+04
4.245e+03
7.001e+03
4.245e+03
4.919e+03
0.0
6.404e+03
7.635e+03
1.038e+04
1.214e+04
1.286e+04
1.148e+04
1.148e+04
0.0
3.253e+03
0.0001286
4.747e+03
0.0
6.459e+03
4.465e+03
4.465e+03
4.96e+03
4.465e+03
4.465e+03
4.239e+03
9.535e+03
0.0002587
0.0
1.276e+04
1.276e+04
1.338e+04
1.506e+04
1.276e+04
0.0004392
0.0
0.0004143
0.0
8.542e+03
4.64e+03
4.64e+03
9.102e+03
4.64e+03
4.64e+03
4.64e+03
4.103e+03
6.135e+03
0.0
0.0
7.574e+03
7.574e+03
8.783e+03
1.027e+04
7.574e+03
2.545e+03
3.97e+03
0.0
0.0
4.917e+03
6.167e+03
6.167e+03
7.934e+03
6.457e+03
5.864e+03
6.167e+03
6.649e+03
0.0
4.412e+03
7.604e+03
6.895e+03
8.113e+03
8.892e+03
4.921e+03
4.921e+03
762.1
4.34e+03
6.536e+03
0.0
0.0
6.697e+03
5.33e+03
9.579e+03
8.487e+03
6.414e+03
6.414e+03
6.414e+03
0.0001634
0.0
0.0001634
5.572e+03
0.0
9.172e+03
6.97e+03
6.97e+03
6.97e+03
6.97e+03
6.97e+03
5.229e+03
0.0
6.494e+03
0.0
8.054e+03
5.437e+03
7.566e+03
5.437e+03
5.437e+03
4.412e+03
0.0
3.308e+03
2.561e+03
9.314e+03
9.021e+03
9.567e+03
8.68e+03
8.68e+03
5.032e+03
7.009e+03
5.907e+03
7.009e+03
6.252e+03
7.585e+03
5.77e+03
7.302e+03
2.545e+03
0.0
6.569e+03
3.776e+03
4.619e+03
6.266e+03
6.386e+03
6.804e+03
4.629e+03
6.48e+03
6.521e+03
4.629e+03
0.0
7.634e+03
5.332e+03
6.165e+03
7.26e+03
4.796e+03
4.796e+03
7.362e+03
4.796e+03
3.095e+03
0.0
7.438e+03
5.938e+03
7.497e+03
6.631e+03
6.827e+03
7.053e+03
7.053e+03
8.682e+03
9.616e+03
6.83e+03
7.719e+03
1.055e+04
9.725e+03
8.65e+03
8.424e+03
1e+04
0.0
0.0
0.0002369
0.0
7.89e+03
7.89e+03
7.89e+03
7.89e+03
7.89e+03
4.576e+03
6.09e+03
5.704e+03
5.086e+03
0.0
0.0
2.201e+03
6.29e+03
6.29e+03
6.664e+03
6.373e+03
6.231e+03
6.29e+03
4.906e+03
0.0
7.288e+03
3.704e+03
2.561e+03
7.288e+03
1.067e+04
1.064e+04
1.295e+04
1.187e+04
1.031e+04
1.212e+04
1.031e+04
0.0
0.0001844
4.763e+03
6.81e+03
0.0001844
0.0
0.0
3.821e+03
6.301e+03
4.39e+03
0.0
4.961e+03
4.304e+03
3.567e+03
6.292e+03
4.304e+03
0.0
0.0
5.384e+03
0.0
5.632e+03
1.739e+03
1.739e+03
1.739e+03
1.739e+03
0.0
0.0
5.095e+03
0.0
5.385e+03
6.21e+03
4.879e+03
4.096e+03
4.879e+03
4.879e+03
4.879e+03
4.412e+03
5.886e+03
5.81e+03
5.706e+03
0.0
7.712e+03
7.482e+03
9.024e+03
7.626e+03
8.691e+03
7.482e+03
0.0
3.97e+03
4.346e+03
5.388e+03
5.388e+03
4.773e+03
5.388e+03
2.677e+03
0.0
5.287e+03
6.406e+03
9.587e+03
7.838e+03
8.939e+03
1.069e+04
6.675e+03
5.894e+03
5.894e+03
3.518e+03
0.0
0.0002517
4.473e+03
0.0
5.77e+03
6.519e+03
7.239e+03
6.519e+03
6.519e+03
6.519e+03
0.0
4.154e+03
5.227e+03
0.0
6.542e+03
3.867e+03
3.867e+03
5.476e+03
3.867e+03
3.921e+03
0.0
4.136e+03
4.807e+03
7.299e+03
7.836e+03
7.631e+03
6.063e+03
6.063e+03
2.545e+03
7.338e+03
0.0
0.0
6.678e+03
5.429e+03
5.429e+03
5.864e+03
5.769e+03
9.193e+03
5.429e+03
5.253e+03
2.98e+03
0.0
4.865e+03
4.067e+03
5.088e+03
7.034e+03
7.091e+03
7.332e+03
5.088e+03
0.0
0.0
4.523e+03
7.178e+03
4.523e+03
7.178e+03
0.0
0.0
0.0
3.633e+03
0.0
4.793e+03
0.0
0.0001996
5.033e+03
7.234e+03
7.234e+03
8.293e+03
7.234e+03
7.234e+03
2.545e+03
0.0
7.115e+03
0.0
7.8e+03
6.14e+03
6.429e+03
6.14e+03
6.14e+03
0.0
1.035e+04
0.0003303
0.0002179
0.0
0.0
7.53e+03
7.53e+03
7.53e+03
7.53e+03
1.106e+04
7.53e+03
7.53e+03
5.396e+03
0.0
0.0001888
8.441e+03
1.246e+04
1.065e+04
1.344e+04
1.246e+04
1.246e+04
6.129e+03
3.218e+03
4.747e+03
0.0
6.672e+03
7.37e+03
5.612e+03
6.827e+03
8.097e+03
6.666e+03
5.612e+03
0.0
6.96e+03
0.0
0.0
6.817e+03
7.755e+03
7.755e+03
8.899e+03
7.755e+03
1.021e+04
7.755e+03
6.72e+03
0.0
6.68e+03
4.619e+03
0.0
6.941e+03
5.663e+03
4.193e+03
5.663e+03
7.089e+03
5.663e+03
3.813e+03
4.233e+03
0.0
4.944e+03
7.488e+03
8.812e+03
9.017e+03
8.896e+03
7.488e+03
5.816e+03
6.932e+03
6.932e+03
0.0004301
6.537e+03
0.0
0.0
0.0
4.103e+03
0.0
6.76e+03
5.755e+03
5.755e+03
5.755e+03
5.755e+03
6.095e+03
0.0
7.329e+03
0.0
6.404e+03
6.667e+03
7.442e+03
6.822e+03
9.037e+03
8.576e+03
7.442e+03
9.747e+03
7.442e+03
6.769e+03
4.154e+03
3.921e+03
0.0
4.305e+03
1.739e+03
6.964e+03
4.482e+03
1.739e+03
4.982e+03
0.0
0.0
8.16e+03
6.408e+03
5.848e+03
7.766e+03
6.408e+03
6.408e+03
5.575e+03
5.52e+03
5.575e+03
3.693e+03
0.0
0.0002566
6.152e+03
5.287e+03
0.0
7.538e+03
5.494e+03
5.494e+03
8.129e+03
5.494e+03
0.0
9.157e+03
0.0003208
4.994e+03
3.798e+03
7.536e+03
8.133e+03
7.513e+03
9.795e+03
6.552e+03
8.78e+03
6.552e+03
6.552e+03
0.0
6.041e+03
4.469e+03
0.0
6.036e+03
7.506e+03
7.599e+03
9.274e+03
7.599e+03
9.775e+03
7.599e+03
5.329e+03
0.0
3.921e+03
4.848e+03
7.146e+03
6.638e+03
9.111e+03
7.384e+03
6.212e+03
7.323e+03
6.212e+03
0.0001556
0.0
6.896e+03
4.103e+03
0.0
7.229e+03
5.796e+03
5.796e+03
5.796e+03
8.401e+03
5.796e+03
6.952e+03
8.931e+03
0.0
6.09e+03
0.0
6.09e+03
6.952e+03
8.931e+03
0.0
4.865e+03
0.0
7.027e+03
0.0
4.865e+03
4.944e+03
7.062e+03
8.346e+03
8.615e+03
7.062e+03
7.062e+03
1e+03
3.272e+03
8.089e+03
0.0
0.0
5.629e+03
5.629e+03
5.735e+03
6.629e+03
1.004e+04
5.629e+03
3.565e+03
6.564e+03
5.536e+03
0.0
0.0002832
7.216e+03
7.796e+03
7.796e+03
8.221e+03
1.033e+04
7.796e+03
2.545e+03
5.338e+03
0.0
7.183e+03
7.075e+03
8.371e+03
8.954e+03
1.106e+04
9.099e+03
8.678e+03
8.371e+03
4.399e+03
9.348e+03
0.0
0.0
6.667e+03
6.667e+03
7.829e+03
8.723e+03
6.667e+03
5.101e+03
0.0
4.362e+03
5.889e+03
5.826e+03
6.218e+03
3.555e+03
3.555e+03
0.0
6.053e+03
6.709e+03
0.0
7.157e+03
2.668e+03
2.668e+03
6.838e+03
2.668e+03
5.332e+03
4.603e+03
8.627e+03
6.472e+03
6.553e+03
5.494e+03
7.107e+03
4.113e+03
3.164e+03
0.0
4.98e+03
0.0
7.84e+03
6.043e+03
5.445e+03
6.043e+03
6.043e+03
4.222e+03
0.0
0.0
0.0001928
1.161e+04
5.199e+03
1.403e+04
9.8e+03
1.398e+04
1.36e+04
1.403e+04
1.403e+04
1.403e+04
0.0
0.0
2.816e+03
7.364e+03
6.155e+03
8.454e+03
5.572e+03
5.572e+03
5.572e+03
6.709e+03
0.0
3.481e+03
3.327e+03
3.481e+03
3.327e+03
6.709e+03
0.0
0.0
0.0
4.763e+03
0.0002866
0.0
9.426e+03
7.15e+03
7.15e+03
1.217e+04
7.15e+03
8.139e+03
7.15e+03
0.0001754
6.885e+03
0.0
0.0
7.806e+03
7.806e+03
7.806e+03
1.026e+04
7.806e+03
5.032e+03
0.0
7.049e+03
9.029e+03
7.786e+03
9.884e+03
6.302e+03
3.625e+03
3.625e+03
0.0
4.311e+03
4.103e+03
6.435e+03
5.55e+03
5.55e+03
6.027e+03
5.227e+03
0.0
2.545e+03
5.85e+03
5.378e+03
4.98e+03
7.915e+03
6.984e+03
4.98e+03
4.98e+03
4.362e+03
6.187e+03
6.302e+03
0.0
0.0
0.0
0.0
4.362e+03
6.187e+03
6.302e+03
0.0
4.696e+03
0.0
0.0003333
3.308e+03
4.883e+03
0.0002196
5.229e+03
6.628e+03
4.221e+03
3.135e+03
4.221e+03
4.221e+03
4.221e+03
5.289e+03
7.843e+03
4.4e+03
0.0
5.064e+03
9.427e+03
9.645e+03
9.677e+03
1.103e+04
1.231e+04
9.645e+03
0.0
0.0
4.865e+03
6.152e+03
8.15e+03
8.92e+03
6.427e+03
6.427e+03
6.427e+03
2.545e+03
3.97e+03
5.032e+03
0.0
6.799e+03
4.087e+03
5.108e+03
5.552e+03
4.087e+03
1.922e+03
0.0
0.0
0.0
2.37e+03
2.37e+03
3.094e+03
2.37e+03
2.37e+03
0.0002629
6.626e+03
5.107e+03
8.189e+03
6.196e+03
1.352e+04
1.243e+04
1.084e+04
1.197e+04
1.104e+04
1.084e+04
4.865e+03
5.253e+03
0.0
0.0
0.0001564
0.0
0.0
0.0001564
4.865e+03
5.253e+03
0.0
5.896e+03
0.0
4.112e+03
5.419e+03
0.0
0.0
6.512e+03
5.001e+03
5.001e+03
7.313e+03
5.001e+03
6.151e+03
5.001e+03
6.135e+03
6.799e+03
4.412e+03
0.0
5.665e+03
3.445e+03
7.304e+03
7.563e+03
3.445e+03
5.229e+03
0.0
5.229e+03
0.0
8.191e+03
6.432e+03
8.248e+03
6.432e+03
6.432e+03
0.0
0.0
4.47e+03
0.0
4.779e+03
1.089e+04
9.644e+03
9.365e+03
9.644e+03
9.644e+03
9.644e+03
4.845e+03
0.0
8.277e+03
4.44e+03
9.922e+03
5.709e+03
4.845e+03
4.845e+03
7.251e+03
0.0
3.968e+03
0.0
8.041e+03
7.883e+03
4.2e+03
7.883e+03
7.883e+03
3.195e+03
3.195e+03
0.0
5.851e+03
4.898e+03
5.865e+03
4.898e+03
4.898e+03
3.921e+03
0.0
0.0
7.274e+03
5.984e+03
7.09e+03
5.984e+03
5.984e+03
7.327e+03
1.739e+03
6.665e+03
2.963e+03
9.129e+03
6.842e+03
9.006e+03
6.501e+03
6.392e+03
3.195e+03
0.0
4.103e+03
0.0
7.355e+03
6.494e+03
5.548e+03
6.494e+03
6.494e+03
4.843e+03
0.0
8.083e+03
0.0
3.993e+03
9.802e+03
6.547e+03
7.386e+03
7.3e+03
6.547e+03
6.547e+03
6.709e+03
0.0
5.036e+03
0.0
8.79e+03
6.455e+03
1.017e+04
6.455e+03
6.455e+03
0.0
0.0
6.728e+03
2.832e+03
5.749e+03
4.343e+03
5.343e+03
5.343e+03
5.343e+03
5.785e+03
0.0
6.177e+03
5.87e+03
8.081e+03
8.656e+03
1.113e+04
9.986e+03
9.986e+03
4.523e+03
0.0
2.783e+03
4.867e+03
9.813e+03
1.035e+04
9.976e+03
9.263e+03
9.263e+03
3.921e+03
4.74e+03
3.481e+03
4.171e+03
6.701e+03
6.901e+03
7.073e+03
7.21e+03
5.208e+03
3.921e+03
0.0
0.0
8.673e+03
7.945e+03
9.078e+03
7.945e+03
7.945e+03
1.107e+04
0.0
8.769e+03
0.0
0.000215
1.089e+04
4.948e+03
4.948e+03
1.153e+04
4.948e+03
4.948e+03
4.865e+03
2.668e+03
7.277e+03
2.223e+03
1.081e+04
1.179e+04
1.255e+04
1.178e+04
1.171e+04
3.99e+03
0.0
3.719e+03
0.0
5.772e+03
4.688e+03
2.545e+03
4.688e+03
4.688e+03
6.187e+03
0.0
0.0
4.829e+03
4.297e+03
2.742e+03
8.005e+03
4.297e+03
4.297e+03
3.719e+03
0.0
3.195e+03
1.739e+03
7.411e+03
7.042e+03
6.51e+03
7.007e+03
7.007e+03
4.648e+03
6.525e+03
7.149e+03
0.0
7.386e+03
4.648e+03
8.199e+03
4.648e+03
7.145e+03
0.0
4.591e+03
0.0
1.066e+04
1.049e+04
9.76e+03
1.049e+04
1.049e+04
3.195e+03
0.0
3.195e+03
1.739e+03
5.517e+03
3.965e+03
5.255e+03
4.3e+03
4.3e+03
7.471e+03
0.0
2.963e+03
5.419e+03
0.0
2.201e+03
5.419e+03
0.0
2.201e+03
7.471e+03
0.0
2.963e+03
0.0
5.287e+03
1.739e+03
6.065e+03
6.218e+03
6.762e+03
6.362e+03
6.218e+03
6.276e+03
0.0
7.192e+03
0.0
7.818e+03
4.868e+03
8.048e+03
4.868e+03
4.868e+03
3.722e+03
0.0
6.411e+03
0.0
1.022e+04
1.042e+04
1.122e+04
1.042e+04
1.042e+04
6.915e+03
0.0
4.473e+03
6.618e+03
0.0
9.027e+03
5.885e+03
8.927e+03
5.885e+03
7.022e+03
5.885e+03
0.0
3.921e+03
0.0
5.408e+03
3.8e+03
5.389e+03
3.8e+03
3.8e+03
6.243e+03
0.0
0.0
5.482e+03
4.865e+03
0.0
9.143e+03
6.159e+03
9.767e+03
5.662e+03
8.879e+03
7.416e+03
7.416e+03
3.518e+03
0.0
3.518e+03
0.0
3.518e+03
0.0
3.518e+03
0.0
0.0
6.642e+03
4.171e+03
3.481e+03
4.747e+03
1.078e+04
1.271e+04
1.224e+04
1.214e+04
1.14e+04
3.657e+03
0.0
4.793e+03
5.175e+03
1.615e+04
1.606e+04
1.534e+04
1.546e+04
1.546e+04
8.757e+03
0.0
4.297e+03
0.0
5.668e+03
4.171e+03
9.794e+03
4.171e+03
4.171e+03
4.848e+03
6.585e+03
0.0
7.515e+03
8.744e+03
9.588e+03
8.744e+03
8.744e+03
2.28e+03
0.0
6.696e+03
0.0
6.097e+03
7.626e+03
7.858e+03
7.626e+03
7.626e+03
5.544e+03
0.0
7.89e+03
0.0
8.554e+03
4.051e+03
6.99e+03
4.051e+03
4.051e+03
4.12e+03
0.0
5.002e+03
2.994e+03
7.308e+03
1e+04
8.482e+03
8.93e+03
8.93e+03
4.151e+03
6.188e+03
5.122e+03
1.739e+03
1.256e+04
1.205e+04
1.087e+04
1.284e+04
1.188e+04
7.811e+03
0.0
4.954e+03
0.0
1.188e+04
1.067e+04
1.353e+04
1.067e+04
1.067e+04
5.059e+03
0.0
7.765e+03
2.223e+03
7.879e+03
7.397e+03
7.765e+03
7.765e+03
8.318e+03
0.0
6.248e+03
0.0
0.0002787
1.274e+04
1.142e+04
1.142e+04
1.151e+04
1.142e+04
1.142e+04
3.874e+03
0.0
6.266e+03
0.0
1.194e+04
1.035e+04
1.015e+04
1.035e+04
1.035e+04
0.0
5.459e+03
3.867e+03
5.44e+03
3.867e+03
3.867e+03
0.0
4.591e+03
0.0
7.712e+03
7.549e+03
8.245e+03
7.549e+03
7.549e+03
4.253e+03
0.0
5.201e+03
0.0
1.067e+04
1.101e+04
1.197e+04
1.101e+04
1.101e+04
0.0
5.067e+03
1.739e+03
5.267e+03
1.739e+03
1.739e+03
0.000226
5.984e+03
6.588e+03
0.0
1.149e+04
1.044e+04
1.044e+04
1.129e+04
1.044e+04
3.164e+03
0.0
5.265e+03
0.0
5.265e+03
0.0
3.164e+03
0.0
0.0
5.984e+03
6.547e+03
4.024e+03
0.0
9.61e+03
9.699e+03
7.313e+03
9.817e+03
9.699e+03
4.865e+03
6.249e+03
6.249e+03
4.865e+03
0.0
6.588e+03
0.0
4.672e+03
0.0
9.87e+03
9.094e+03
8.325e+03
9.094e+03
9.094e+03
3.921e+03
4.514e+03
0.0
3.457e+03
4.113e+03
5.494e+03
4.113e+03
5.3e+03
0.0
4.148e+03
5.3e+03
3.365e+03
0.0
6.301e+03
0.0
8.224e+03
5.677e+03
6.521e+03
5.677e+03
5.677e+03
3.921e+03
0.0
5.102e+03
0.0
7.999e+03
1.028e+04
1.144e+04
1.028e+04
1.028e+04
3.921e+03
0.0
3.921e+03
6.941e+03
5.86e+03
7.271e+03
5.86e+03
5.86e+03
4.866e+03
0.0
3.776e+03
8.341e+03
3.776e+03
8.341e+03
4.866e+03
0.0
0.0
7.192e+03
0.0
5.536e+03
0.0
9.616e+03
1.052e+04
1.23e+04
1.052e+04
1.052e+04
3.195e+03
0.0
4.103e+03
0.0
6.329e+03
5.179e+03
4.012e+03
5.179e+03
5.179e+03
8.787e+03
8.117e+03
0.0
1.039e+04
0.0
9.48e+03
1.133e+04
1.574e+04
1.516e+04
1.133e+04
1.133e+04
0.0
3.195e+03
0.0
5.414e+03
4.557e+03
5.688e+03
4.557e+03
4.557e+03
0.0001358
4.268e+03
6.002e+03
8.037e+03
8.824e+03
9.762e+03
8.108e+03
8.609e+03
8.108e+03
4.9e+03
0.0
5.013e+03
6.106e+03
6.732e+03
6.92e+03
6.157e+03
3.849e+03
3.849e+03
5.292e+03
0.0
0.0
4.83e+03
1.12e+04
1.241e+04
1.004e+04
1.12e+04
1.12e+04
6.016e+03
0.0
0.0001772
5.267e+03
0.0
1.122e+04
1.019e+04
1.265e+04
1.019e+04
1.019e+04
1.019e+04
6.523e+03
0.0
6.494e+03
0.0
8.66e+03
8.817e+03
8.408e+03
8.817e+03
8.817e+03
8.129e+03
0.0
6.425e+03
0.0
7.816e+03
9.193e+03
8.841e+03
1.098e+04
6.113e+03
8.841e+03
8.841e+03
3.921e+03
3.135e+03
5.201e+03
2.6e+03
9.959e+03
9.013e+03
1.022e+04
8.587e+03
9.282e+03
2.545e+03
4.081e+03
4.297e+03
1.739e+03
9.638e+03
8.931e+03
8.827e+03
9.122e+03
8.772e+03
6.075e+03
0.0
5.222e+03
5.175e+03
1.202e+04
1.049e+04
1.027e+04
1.025e+04
1.025e+04
3.921e+03
0.0
3.957e+03
2.223e+03
2.742e+03
3.829e+03
5.162e+03
3.135e+03
3.135e+03
8.57e+03
1.739e+03
4.865e+03
0.0
1.145e+04
1.078e+04
1.255e+04
1.098e+04
1.078e+04
4.848e+03
0.0
3.921e+03
0.0
5.417e+03
3.365e+03
6.182e+03
3.365e+03
3.365e+03
6.597e+03
0.0
0.0001965
5.091e+03
0.0
0.0001888
1.206e+04
1.086e+04
1.086e+04
1.145e+04
1.086e+04
1.086e+04
1.086e+04
3.195e+03
0.0
4.103e+03
0.0
7.469e+03
6.703e+03
5.749e+03
6.703e+03
6.703e+03
0.0
3.195e+03
0.0
4.83e+03
5.808e+03
4.83e+03
5.808e+03
5.808e+03
9.747e+03
0.0
7.397e+03
8.408e+03
1.007e+04
1.069e+04
9.229e+03
1.179e+04
1.179e+04
7.233e+03
0.0
1.073e+04
9.433e+03
1.146e+04
9.433e+03
9.433e+03
3.921e+03
0.0
3.921e+03
0.0
1.01e+04
9.307e+03
1.002e+04
9.307e+03
9.307e+03
0.0
2.587e+03
0.0
6.902e+03
6.201e+03
6.015e+03
6.201e+03
6.201e+03
3.195e+03
0.0
4.103e+03
0.0
6.932e+03
6.258e+03
5.165e+03
6.258e+03
6.258e+03
5.122e+03
0.0
5.181e+03
0.0
7.659e+03
5.693e+03
6.786e+03
5.693e+03
5.693e+03
1.076e+04
0.0
9.697e+03
0.0
1.237e+04
1.127e+04
7.037e+03
1.127e+04
1.127e+04
5.31e+03
0.0
6.073e+03
0.0
8.969e+03
8.348e+03
1.031e+04
8.348e+03
8.348e+03
5.102e+03
0.0
8.346e+03
0.0
8.453e+03
1.165e+04
1.153e+04
1.165e+04
1.165e+04
3.921e+03
8.001e+03
0.0
1.011e+04
4.113e+03
4.113e+03
3.195e+03
0.0
5.305e+03
0.0
1.146e+04
1.169e+04
1.175e+04
1.169e+04
1.169e+04
7.397e+03
5.511e+03
0.0002128
7.739e+03
0.0
0.0004481
8.975e+03
8.136e+03
8.136e+03
9.98e+03
9.468e+03
8.136e+03
8.136e+03
5.229e+03
0.0
7.168e+03
0.0
1.286e+04
1.158e+04
1.314e+04
1.158e+04
1.158e+04
5.34e+03
0.0
5.345e+03
3.183e+03
6.027e+03
7.229e+03
9.365e+03
7.839e+03
7.839e+03
5.352e+03
0.0
3.195e+03
0.0
6.915e+03
6.864e+03
8.106e+03
6.864e+03
6.864e+03
5.099e+03
0.0
6.967e+03
0.0
8.141e+03
8.621e+03
9.008e+03
8.621e+03
8.621e+03
5.628e+03
0.0
5.363e+03
8.273e+03
7.453e+03
8.43e+03
6.899e+03
6.899e+03
5.813e+03
0.0
4.34e+03
0.0
1.08e+04
1.04e+04
1.213e+04
1.04e+04
1.04e+04
0.000298
4.268e+03
4.024e+03
2.849e+03
8.818e+03
1.048e+04
9.654e+03
9.184e+03
9.654e+03
3.719e+03
0.0
0.0
5.013e+03
3.673e+03
4.228e+03
3.673e+03
3.673e+03
5.753e+03
7.504e+03
0.0001409
3.813e+03
0.0
8.033e+03
8.543e+03
8.869e+03
7.787e+03
8.543e+03
8.543e+03
4.331e+03
0.0
4.331e+03
2.561e+03
0.0
6.496e+03
5.305e+03
4.514e+03
6.026e+03
4.514e+03
4.514e+03
3.195e+03
0.0
3.518e+03
0.0
5.947e+03
4.812e+03
5.697e+03
4.812e+03
4.812e+03
3.518e+03
0.0
6.741e+03
0.0
1.086e+04
8.711e+03
9.132e+03
8.711e+03
8.711e+03
3.518e+03
0.0
3.821e+03
0.0
3.719e+03
3.195e+03
4.672e+03
3.195e+03
3.195e+03
3.921e+03
0.0
4.64e+03
0.0
7.957e+03
7.651e+03
9.066e+03
7.651e+03
7.651e+03
3.921e+03
0.0
3.921e+03
0.0
5.665e+03
3.975e+03
5.527e+03
3.975e+03
3.975e+03
5.545e+03
0.0
5.002e+03
3.253e+03
1.018e+04
1.091e+04
1.078e+04
1.139e+04
1.139e+04
6.223e+03
0.0
8.057e+03
5.012e+03
1.599e+04
1.536e+04
1.487e+04
1.562e+04
1.562e+04
5.118e+03
7.627e+03
6.399e+03
0.0
9.421e+03
6.561e+03
7.97e+03
9.726e+03
6.561e+03
3.612e+03
0.0
8.886e+03
0.0
1.502e+04
1.123e+04
1.065e+04
1.123e+04
1.123e+04
3.921e+03
0.0
4.103e+03
0.0
7.983e+03
6.909e+03
8.512e+03
6.909e+03
6.909e+03
4.722e+03
0.0
5.812e+03
9.395e+03
7.517e+03
5.393e+03
7.517e+03
7.517e+03
8.043e+03
0.0
8.083e+03
0.0
1.176e+04
1.07e+04
9.926e+03
1.07e+04
1.07e+04
5.755e+03
1.739e+03
4.866e+03
0.0
1.046e+04
1.097e+04
1.218e+04
1.105e+04
1.097e+04
3.707e+03
3.707e+03
7.097e+03
7.097e+03
1.381e+04
1.381e+04
1.172e+04
1.172e+04
1.217e+04
7.106e+03
0.0
3.921e+03
0.0
1.316e+04
1.164e+04
1.028e+04
1.164e+04
1.164e+04
5.628e+03
0.0
5.628e+03
0.0
7.518e+03
5.026e+03
7.53e+03
5.026e+03
5.026e+03
3.194e+03
4.148e+03
4.222e+03
5.737e+03
9.6e+03
1.131e+04
1.137e+04
1.175e+04
1.15e+04
3.707e+03
0.0
6.893e+03
1.149e+04
7.84e+03
6.696e+03
1.069e+04
1.079e+04
1.079e+04
5.091e+03
4.313e+03
3.813e+03
0.0
1.37e+04
1.341e+04
1.448e+04
1.243e+04
1.341e+04
3.853e+03
0.0
5.013e+03
0.0
7.949e+03
8.098e+03
8.375e+03
8.098e+03
8.098e+03
3.696e+03
0.0
1.131e+04
2.849e+03
1.207e+04
8.613e+03
8.873e+03
8.042e+03
8.042e+03
8.417e+03
0.0
4.747e+03
0.0
1.04e+04
9.487e+03
8.506e+03
9.487e+03
9.487e+03
4.58e+03
0.0
6.785e+03
5.747e+03
1.207e+04
1.119e+04
1.055e+04
1.172e+04
1.172e+04
3.921e+03
1.739e+03
5.727e+03
0.0
6.806e+03
7.402e+03
8.563e+03
7.463e+03
7.402e+03
4.591e+03
0.0
5.521e+03
2.545e+03
5.493e+03
2.545e+03
2.545e+03
6.84e+03
0.0
4.412e+03
0.0
4.166e+03
2.832e+03
7.305e+03
2.832e+03
2.832e+03
6.841e+03
0.0
5.822e+03
2.223e+03
8.662e+03
7.391e+03
2.742e+03
6.996e+03
6.996e+03
5.468e+03
0.0
0.0
0.0
8.722e+03
8.722e+03
8.645e+03
8.722e+03
8.722e+03
4.514e+03
1.739e+03
2.587e+03
0.0
9.11e+03
9.067e+03
9.253e+03
8.92e+03
9.067e+03
4.103e+03
0.0
4.103e+03
0.0
5.594e+03
4.245e+03
6.203e+03
4.245e+03
4.245e+03
3.921e+03
0.0
3.921e+03
2.223e+03
7.589e+03
7.484e+03
8.637e+03
7.108e+03
7.108e+03
3.921e+03
0.0
3.921e+03
0.0
7.164e+03
5.556e+03
6.468e+03
5.556e+03
5.556e+03
5.381e+03
1.739e+03
5.381e+03
4.254e+03
5.381e+03
1.739e+03
6.722e+03
0.0
5.718e+03
0.0
8.106e+03
9.07e+03
9.229e+03
9.07e+03
9.07e+03
3.921e+03
2.538e+03
4.857e+03
2.991e+03
5.311e+03
3.285e+03
3.285e+03
4.34e+03
0.0
4.34e+03
0.0
5.489e+03
3.308e+03
5.399e+03
3.308e+03
3.308e+03
5.09e+03
0.0
7.455e+03
7.428e+03
8.703e+03
7.428e+03
7.428e+03
4.848e+03
4.103e+03
0.0
8.262e+03
7.702e+03
8.175e+03
7.702e+03
7.702e+03
3.921e+03
0.0
3.921e+03
5.639e+03
4.669e+03
6.484e+03
4.669e+03
4.669e+03
4.953e+03
4.944e+03
4.953e+03
0.0
6.27e+03
7.371e+03
6.27e+03
8.905e+03
7.371e+03
5.192e+03
5.845e+03
4.815e+03
0.0
1.194e+04
1.138e+04
1.191e+04
1.079e+04
1.138e+04
3.921e+03
0.0
3.365e+03
0.0
7.053e+03
6.351e+03
7.295e+03
6.351e+03
6.351e+03
2.545e+03
1.739e+03
5.167e+03
1.263e+04
1.217e+04
1.236e+04
1.216e+04
1.217e+04
2.545e+03
0.0
6.351e+03
0.0
6.655e+03
1.581e+03
2.832e+03
1.581e+03
1.581e+03
8.763e+03
5.166e+03
8.831e+03
0.0
1.018e+04
5.796e+03
9.558e+03
7.043e+03
5.796e+03
5.706e+03
0.0
5.628e+03
0.0
6.393e+03
4.64e+03
5.609e+03
4.64e+03
4.64e+03
4.642e+03
0.0
3.921e+03
1.739e+03
4.305e+03
0.0
5.041e+03
1.739e+03
1.739e+03
4.353e+03
0.0
4.643e+03
0.0
8.152e+03
6.39e+03
5.086e+03
6.39e+03
6.39e+03
4.58e+03
0.0
5.114e+03
0.0
1.13e+04
9.99e+03
9.643e+03
9.99e+03
9.99e+03
6.702e+03
5.845e+03
2.545e+03
1.739e+03
6.282e+03
5.486e+03
8.823e+03
7.933e+03
5.704e+03
3.195e+03
0.0
3.518e+03
0.0
7.081e+03
6.11e+03
7.053e+03
6.11e+03
6.11e+03
6.763e+03
1.739e+03
6.223e+03
0.0
1.051e+04
1.105e+04
1.201e+04
1.109e+04
1.105e+04
3.921e+03
6.69e+03
1.739e+03
4.848e+03
4.804e+03
5.639e+03
4.669e+03
4.669e+03
1.081e+04
0.0
2.545e+03
6.374e+03
1.457e+04
1.469e+04
9.101e+03
1.456e+04
1.456e+04
3.719e+03
0.0
3.195e+03
0.0
6.511e+03
5.492e+03
6.383e+03
5.492e+03
5.492e+03
6.692e+03
0.0
5.722e+03
5.896e+03
8.166e+03
8.444e+03
6.101e+03
9.021e+03
9.021e+03
6.629e+03
0.0
5.817e+03
0.0
1.351e+04
1.388e+04
1.376e+04
1.388e+04
1.388e+04
5.296e+03
2.223e+03
7.899e+03
7.072e+03
1.047e+04
9.482e+03
9.748e+03
1.139e+04
1.128e+04
4.865e+03
0.0
3.429e+03
2.223e+03
5.805e+03
5.117e+03
5.461e+03
4.562e+03
4.562e+03
7.105e+03
0.0
2.832e+03
2.201e+03
1.334e+04
1.284e+04
9.899e+03
1.294e+04
1.294e+04
3.696e+03
0.0
4.514e+03
2.849e+03
6.17e+03
8.853e+03
9.179e+03
8.368e+03
8.368e+03
5.229e+03
2.223e+03
6.484e+03
0.0
6.752e+03
2.28e+03
5.666e+03
2.684e+03
2.28e+03
4.331e+03
0.0
2.545e+03
0.0
6.887e+03
6.581e+03
6.581e+03
6.581e+03
6.677e+03
0.0
7.816e+03
5.363e+03
1.159e+04
1.032e+04
9.344e+03
9.874e+03
9.874e+03
6.149e+03
0.0
2.545e+03
1.739e+03
1.134e+04
1.128e+04
1.218e+04
1.107e+04
1.107e+04
5.724e+03
7.706e+03
6.036e+03
0.0
1.033e+04
1.24e+04
1.267e+04
1.292e+04
1.24e+04
3.921e+03
3.445e+03
4.267e+03
0.0
4.113e+03
6.233e+03
7.365e+03
6.475e+03
6.233e+03
5.572e+03
0.0
5.92e+03
0.0
5.843e+03
8.538e+03
1.028e+04
8.538e+03
8.538e+03
6.887e+03
0.0
2.545e+03
0.0
7.963e+03
7.382e+03
9.013e+03
7.382e+03
7.382e+03
4.253e+03
4.268e+03
5.176e+03
2.849e+03
5.745e+03
6.356e+03
7.002e+03
6.31e+03
5.773e+03
0.0
2.849e+03
3.696e+03
0.0
3.696e+03
0.0
2.849e+03
0.0
3.195e+03
1.739e+03
4.103e+03
0.0
6.916e+03
5.448e+03
6.396e+03
5.642e+03
5.448e+03
0.0
2.545e+03
0.0
7.364e+03
6.895e+03
7.761e+03
6.895e+03
6.895e+03
3.813e+03
0.0
4.746e+03
0.0
7.186e+03
5.393e+03
4.669e+03
5.393e+03
5.393e+03
5.238e+03
7.025e+03
6.372e+03
0.0
7.587e+03
5.671e+03
8.196e+03
7.746e+03
5.671e+03
7.043e+03
0.0
2.545e+03
5.255e+03
9.501e+03
1.077e+04
7.487e+03
8.903e+03
8.903e+03
6.657e+03
0.0
5.229e+03
0.0
7.123e+03
5.052e+03
7.5e+03
5.052e+03
5.052e+03
8.639e+03
3.894e+03
4.994e+03
5.532e+03
7.391e+03
5.293e+03
9.571e+03
4.409e+03
4.986e+03
4.87e+03
0.0
5.75e+03
0.0
1.045e+04
7.566e+03
6.936e+03
7.566e+03
7.566e+03
4.443e+03
0.0
5.544e+03
0.0
1.028e+04
1.027e+04
1.151e+04
1.027e+04
1.027e+04
4.331e+03
2.684e+03
0.0001089
5.458e+03
1.739e+03
8.025e+03
7.995e+03
8.424e+03
8.391e+03
7.881e+03
7.881e+03
4.865e+03
0.0
2.545e+03
0.0
5.505e+03
5.117e+03
7.147e+03
5.117e+03
5.117e+03
4.953e+03
2.849e+03
3.002e+03
4.829e+03
8.807e+03
9.689e+03
9.417e+03
8.933e+03
9.361e+03
3.518e+03
0.0
4.103e+03
1.739e+03
4.611e+03
3.673e+03
4.672e+03
3.195e+03
3.195e+03
4.64e+03
4.756e+03
4.34e+03
0.0
7.272e+03
7.028e+03
8.172e+03
5.612e+03
7.028e+03
5.31e+03
1.739e+03
5.296e+03
7.029e+03
1.229e+04
1.146e+04
1.286e+04
1.2e+04
1.188e+04
3.195e+03
1.739e+03
6.455e+03
0.0
9.698e+03
6.921e+03
7.246e+03
7.329e+03
6.921e+03
3.921e+03
2.223e+03
4.476e+03
2.668e+03
4.89e+03
2.348e+03
2.668e+03
5.698e+03
0.0
4.865e+03
1.002e+04
8.866e+03
8.389e+03
8.866e+03
8.866e+03
4.848e+03
1.739e+03
2.545e+03
0.0
0.0
1.739e+03
5.81e+03
1.739e+03
6.284e+03
0.0
8.516e+03
5.773e+03
7.269e+03
5.589e+03
5.773e+03
6.082e+03
0.0
5.489e+03
4.171e+03
2.992e+03
6.975e+03
8.081e+03
5.16e+03
5.16e+03
5.719e+03
5.361e+03
7.015e+03
8.749e+03
2.832e+03
8.234e+03
6.159e+03
2.348e+03
2.668e+03
6.425e+03
8.156e+03
8.624e+03
7.358e+03
8.921e+03
8.877e+03
8.806e+03
3.776e+03
3.352e+03
0.0
2.223e+03
1.001e+04
9.732e+03
1.037e+04
9.849e+03
1.001e+04
8.424e+03
3.822e+03
6.187e+03
0.0
1.149e+04
1.046e+04
6.006e+03
1.122e+04
1.046e+04
4.954e+03
0.0
5.748e+03
0.0
1.083e+04
9.587e+03
1.08e+04
9.587e+03
9.587e+03
4.865e+03
5.194e+03
4.103e+03
0.0
9.12e+03
8.286e+03
9.481e+03
8.936e+03
8.286e+03
8.346e+03
0.0
6.588e+03
6.282e+03
9.848e+03
8.696e+03
8.784e+03
8.459e+03
8.459e+03
3.813e+03
4.944e+03
5.746e+03
0.0
8.029e+03
7.941e+03
7.803e+03
8.436e+03
7.941e+03
0.0001663
0.0
0.000192
1.218e+04
6.578e+03
1.265e+04
1.488e+04
1.257e+04
1.265e+04
1.265e+04
1.265e+04
0.0
0.0
4.883e+03
5.6e+03
8.311e+03
7.23e+03
5.863e+03
5.863e+03
5.863e+03
5.119e+03
8.579e+03
0.0003222
4.821e+03
0.0
1.073e+04
9.702e+03
1.081e+04
1.101e+04
9.702e+03
9.702e+03
5.537e+03
5.005e+03
6.678e+03
8.68e+03
0.0
1.537e+04
1.318e+04
1.434e+04
1.405e+04
1.499e+04
1.318e+04
0.0001587
6.99e+03
0.0
6.525e+03
1.142e+04
9.748e+03
1.063e+04
1.353e+04
9.748e+03
1.114e+04
9.748e+03
5.862e+03
0.0
5.787e+03
0.0
7.581e+03
7.329e+03
9.791e+03
7.329e+03
7.329e+03
5.519e+03
0.0
0.0007536
7.407e+03
0.0
1.325e+04
1.271e+04
1.542e+04
1.271e+04
1.271e+04
1.271e+04
0.0
1.429e+04
8.744e+03
2.619e+03
1.218e+04
8.564e+03
1.48e+04
7.973e+03
1.533e+04
1.201e+04
7.973e+03
0.0
0.0
0.0003527
5.934e+03
9.551e+03
1.131e+04
9.551e+03
9.551e+03
9.551e+03
4.25e+03
0.0
0.0
0.0
1.014e+04
8.681e+03
8.681e+03
1.286e+04
8.473e+03
8.681e+03
8.681e+03
5.235e+03
6.821e+03
6.255e+03
1.273e+04
2.104e+04
1.159e+04
1.919e+04
1.923e+04
1.812e+04
1e+03
5.722e+03
8.646e+03
0.0
1.477e+04
1.34e+04
1.347e+04
1.29e+04
1.34e+04
5.364e+03
0.0
3.877e+03
0.0
6.952e+03
1.362e+04
1.215e+04
1.181e+04
1.343e+04
1.215e+04
1.215e+04
0.0
3.959e+03
4.024e+03
0.0
5.568e+03
3.834e+03
3.834e+03
5.881e+03
3.834e+03
0.0
6.198e+03
4.262e+03
0.0
9.168e+03
7.969e+03
7.969e+03
9.24e+03
7.969e+03
9.25e+03
7.879e+03
0.0002589
0.0
9.309e+03
9.309e+03
7.577e+03
6.345e+03
9.309e+03
0.0
4.681e+03
1.581e+03
4.239e+03
0.0
4.7e+03
9.726e+03
9.186e+03
9.897e+03
9.186e+03
1.016e+04
9.376e+03
9.186e+03
4.906e+03
3.987e+03
5.114e+03
4.619e+03
5.609e+03
5.257e+03
5.42e+03
4.912e+03
2.763e+03
3.365e+03
0.0
5.519e+03
0.0
1.068e+04
8.702e+03
9.267e+03
8.702e+03
8.702e+03
4.883e+03
8.317e+03
8.442e+03
8.11e+03
0.0
1.463e+04
1.26e+04
1.387e+04
1.398e+04
1.251e+04
1.26e+04
4.704e+03
5.134e+03
4.33e+03
2.992e+03
9.098e+03
9.975e+03
1.014e+04
9.23e+03
9.567e+03
5.491e+03
1e+04
0.0
4.307e+03
1.718e+04
1.646e+04
1.804e+04
1.61e+04
1.718e+04
5.889e+03
1.055e+04
3.915e+03
0.0
6.4e+03
5.036e+03
7.853e+03
9.828e+03
5.036e+03
5.119e+03
0.0
5.296e+03
4.865e+03
5.363e+03
8.21e+03
1.187e+04
1.214e+04
1.14e+04
1.336e+04
1.107e+04
1.158e+04
1.107e+04
0.0
2.6e+03
0.0002375
0.0
1.274e+04
1.274e+04
1.274e+04
1.299e+04
1.274e+04
1.922e+03
3.897e+03
0.0
0.0
9.21e+03
9.21e+03
9.701e+03
1.013e+04
9.21e+03
5.114e+03
8.421e+03
8.78e+03
5.857e+03
0.0
1.284e+04
1.148e+04
1.225e+04
1.08e+04
1.304e+04
1.148e+04
9.519e+03
7.739e+03
6.497e+03
0.0
1.334e+04
1.222e+04
1.082e+04
8.703e+03
1.222e+04
0.0
6.169e+03
7.688e+03
0.0
1.7e+04
1.486e+04
1.486e+04
1.531e+04
1.486e+04
3.915e+03
4.548e+03
4.906e+03
6.242e+03
8.85e+03
9.121e+03
7.949e+03
8.633e+03
6.962e+03
0.0
5.724e+03
0.0
1.35e+04
1.425e+04
1.077e+04
1.425e+04
1.434e+04
1.425e+04
2.98e+03
0.0
768.6
4.911e+03
7.251e+03
8.885e+03
9.739e+03
7.017e+03
8.833e+03
8.901e+03
8.901e+03
0.0002379
0.0
0.0
7.056e+03
6.203e+03
9.129e+03
6.203e+03
6.203e+03
6.203e+03
0.0
6.715e+03
3.633e+03
4.227e+03
1.079e+04
1.065e+04
1.006e+04
1.075e+04
1.006e+04
4.906e+03
1.1e+04
0.000405
0.0
4.052e+03
7.811e+03
7.953e+03
9.861e+03
1.089e+04
7.811e+03
7.811e+03
0.0006229
0.0
4.581e+03
0.0
1.228e+04
1.289e+04
1.289e+04
1.289e+04
1.289e+04
4.544e+03
8.473e+03
0.0
3.959e+03
7.97e+03
8.652e+03
8.025e+03
1.089e+04
7.97e+03
0.0
0.0
3.308e+03
0.0
8.489e+03
8.157e+03
8.157e+03
8.157e+03
8.157e+03
0.0
4.634e+03
0.0
4.681e+03
8.964e+03
9.817e+03
8.964e+03
1.006e+04
8.964e+03
3.915e+03
0.0
0.0005487
0.0
2.223e+03
1.037e+04
1.064e+04
1.105e+04
1.037e+04
1.037e+04
1.037e+04
4.983e+03
2.561e+03
0.000317
4.906e+03
0.0
1.18e+04
1.065e+04
1.149e+04
1.123e+04
1.065e+04
1.065e+04
0.0
3.548e+03
0.0
0.0
8.513e+03
8.513e+03
8.513e+03
9.374e+03
8.513e+03
3.921e+03
6.09e+03
5.184e+03
0.0
1.19e+04
1.097e+04
1.201e+04
1.187e+04
1.097e+04
1.879e+03
4.239e+03
0.0
0.0
6.815e+03
1.194e+04
1.194e+04
1.207e+04
1.207e+04
1.208e+04
1.194e+04
2.545e+03
9.576e+03
0.0
0.0
4.14e+03
8.548e+03
8.548e+03
9.467e+03
8.802e+03
1.002e+04
8.548e+03
5.862e+03
0.0
0.0002896
0.0
1.198e+04
1.198e+04
1.311e+04
1.198e+04
1.198e+04
5.735e+03
8.201e+03
0.0
7.649e+03
1.429e+04
1.386e+04
1.317e+04
1.434e+04
1.429e+04
0.0002279
0.0
6.005e+03
5.227e+03
6.648e+03
1.45e+04
1.277e+04
1.368e+04
1.368e+04
1.46e+04
1.368e+04
4.865e+03
0.0
8.912e+03
3.335e+03
0.0001633
1.397e+04
1.046e+04
1.007e+04
1.083e+04
1.007e+04
1.007e+04
3.877e+03
0.0
3.921e+03
1.058e+04
8.389e+03
1.187e+04
8.901e+03
1.203e+04
1.305e+04
1.154e+04
1.154e+04
0.0
5.116e+03
4.982e+03
5.824e+03
1.152e+04
1.226e+04
1.075e+04
9.675e+03
1.075e+04
0.000151
0.0
0.0
9.849e+03
3.135e+03
8.077e+03
9.643e+03
7.803e+03
8.077e+03
8.077e+03
8.077e+03
0.0002561
0.0
4.262e+03
5.133e+03
9.088e+03
1.165e+04
1.178e+04
1.349e+04
1.138e+04
1.138e+04
1.138e+04
5.185e+03
3.352e+03
5.119e+03
0.0
8.695e+03
8.888e+03
1.125e+04
9.67e+03
8.888e+03
0.0
0.0
4.399e+03
0.0
1.083e+04
1.018e+04
1.018e+04
1.018e+04
1.018e+04
0.0003632
4.722e+03
4.239e+03
0.0
1.495e+04
1.441e+04
1.441e+04
1.407e+04
1.441e+04
6.327e+03
0.0
2.545e+03
3.987e+03
5.114e+03
1.207e+04
1.15e+04
1.274e+04
1.321e+04
1.153e+04
1.153e+04
0.000132
0.0
0.0
6.522e+03
5.825e+03
8.42e+03
5.825e+03
5.825e+03
5.825e+03
5.679e+03
0.0
6.933e+03
5.119e+03
0.0
1.409e+04
1.294e+04
1.293e+04
1.294e+04
1.366e+04
1.294e+04
3.704e+03
0.0
3.164e+03
9.079e+03
3.27e+03
1.257e+04
1.416e+04
1.184e+04
1.291e+04
1.226e+04
1.226e+04
6.021e+03
0.0
0.0
1.164e+04
1.164e+04
1.277e+04
1.164e+04
5.519e+03
0.0
0.0
2.6e+03
7.75e+03
8.115e+03
9.543e+03
7.75e+03
7.75e+03
0.0002285
7.176e+03
3.915e+03
3.272e+03
1.021e+04
9.707e+03
9.412e+03
1.028e+04
9.412e+03
5.938e+03
0.0
0.0
0.0
7.265e+03
1.365e+04
1.365e+04
1.449e+04
1.433e+04
1.365e+04
1.365e+04
0.0
0.0
0.0
1.111e+04
1.111e+04
1.111e+04
1.111e+04
1.111e+04
5.036e+03
3.97e+03
980.4
5.497e+03
7.522e+03
7.187e+03
9.124e+03
6.476e+03
7.565e+03
6.415e+03
7.052e+03
0.0
0.0
1.071e+04
1.071e+04
1.138e+04
1.029e+04
1.071e+04
0.0004385
2.992e+03
7.411e+03
7.722e+03
1.406e+04
1.328e+04
1.174e+04
1.19e+04
1.174e+04
3.968e+03
0.0
0.0
0.0
1.08e+04
1.08e+04
1.173e+04
1.08e+04
1.08e+04
0.0
5.998e+03
5.705e+03
0.0
1.219e+04
1.048e+04
1.048e+04
1.186e+04
1.048e+04
4.523e+03
0.0
0.0002496
6.176e+03
5.502e+03
9.438e+03
8.99e+03
8.37e+03
6.892e+03
6.892e+03
6.892e+03
0.0
0.0
5.602e+03
6.907e+03
1.067e+04
1.144e+04
1.144e+04
1.144e+04
1.144e+04
5.319e+03
1.495e+04
4.983e+03
0.0
4.648e+03
1.328e+04
1.34e+04
1.373e+04
1.418e+04
1.576e+04
1.34e+04
5.07e+03
3.902e+03
0.0003601
4.763e+03
1.384e+04
1.441e+04
1.466e+04
1.451e+04
1.384e+04
3.164e+03
8.119e+03
2.816e+03
0.0
1.642e+04
1.662e+04
1.633e+04
1.669e+04
1.662e+04
5.443e+03
4.679e+03
0.0
3.668e+03
6.472e+03
8.374e+03
7.581e+03
5.255e+03
6.472e+03
0.0002279
5.568e+03
5.042e+03
1.175e+04
1.709e+04
1.225e+04
1.61e+04
1.643e+04
1.61e+04
9.915e+03
2.6e+03
3.164e+03
0.0
1.286e+04
1.224e+04
1.125e+04
1.258e+04
1.224e+04
3.985e+03
8.374e+03
3.765e+03
0.0
1.388e+04
1.316e+04
1.289e+04
1.419e+04
1.316e+04
4.648e+03
0.0
0.0
8.95e+03
3.436e+03
6.182e+03
1.095e+04
7.526e+03
7.691e+03
6.182e+03
6.182e+03
6.554e+03
0.0
4.074e+03
7.601e+03
9.774e+03
1.146e+04
9.292e+03
1.042e+04
1.042e+04
0.0
2.6e+03
3.917e+03
0.0
6.199e+03
1.077e+04
1.005e+04
1.196e+04
1.005e+04
1.049e+04
1.005e+04
0.0
2.992e+03
4.619e+03
5.187e+03
9.983e+03
1.101e+04
9.45e+03
9.675e+03
9.45e+03
4.411e+03
0.0
4.349e+03
0.0
1.114e+04
1.14e+04
1.155e+04
1.14e+04
1.14e+04
4.619e+03
4.417e+03
8.571e+03
4.913e+03
0.0
7.831e+03
6.644e+03
7.967e+03
7.952e+03
1.057e+04
6.644e+03
0.0
0.0
3.711e+03
6.419e+03
1.07e+04
9.901e+03
9.52e+03
9.52e+03
9.52e+03
5.619e+03
0.0
5.114e+03
0.0
1.444e+04
1.278e+04
1.508e+04
1.278e+04
1.278e+04
0.0002628
6.419e+03
0.0002486
6.998e+03
1.173e+04
1.283e+04
1.173e+04
1.152e+04
1.173e+04
0.0
0.0
6.862e+03
5.694e+03
1.107e+04
1.478e+04
1.343e+04
1.343e+04
1.343e+04
1.598e+04
1.343e+04
5.071e+03
0.0
0.0
5.253e+03
6.453e+03
8.417e+03
7.364e+03
6.453e+03
6.453e+03
0.0
5.996e+03
1.072e+04
5.032e+03
0.0
1.106e+04
1.044e+04
1.044e+04
1.2e+04
1.223e+04
1.044e+04
3.906e+03
0.0
0.0
0.0
8.567e+03
8.567e+03
9.323e+03
8.567e+03
8.567e+03
0.0
7.877e+03
4.204e+03
7.262e+03
0.0006477
1.577e+04
1.551e+04
1.522e+04
1.522e+04
1.555e+04
1.522e+04
4.523e+03
6.617e+03
3.985e+03
0.0
6.607e+03
7.173e+03
8.634e+03
8.506e+03
7.173e+03
0.0
3.352e+03
0.0003254
0.0
5.995e+03
5.995e+03
5.995e+03
6.878e+03
5.995e+03
3.915e+03
4.548e+03
4.704e+03
0.0
7.067e+03
5.298e+03
6.412e+03
5.991e+03
5.298e+03
4.544e+03
0.0
0.0002492
6.196e+03
9.983e+03
8.94e+03
9.974e+03
9.983e+03
9.983e+03
0.0002167
0.0
0.0
2.6e+03
1.276e+04
1.277e+04
1.276e+04
1.276e+04
1.276e+04
1.34e+03
0.0
6.699e+03
0.0
1.22e+04
9.349e+03
9.616e+03
9.349e+03
9.349e+03
0.0
1.458e+04
0.0002098
0.0
1.556e+04
1.556e+04
1.556e+04
1.992e+04
1.556e+04
497.0
0.0
0.0002687
0.0
5.376e+03
1.495e+04
1.606e+04
1.495e+04
1.495e+04
1.495e+04
1.495e+04
0.0
0.0
3.711e+03
4.412e+03
1.373e+04
1.366e+04
1.364e+04
1.364e+04
1.364e+04
0.0
7.119e+03
7.901e+03
3.917e+03
2.6e+03
1.602e+04
1.545e+04
1.556e+04
1.623e+04
1.591e+04
1.556e+04
0.0
0.0
5.503e+03
2.6e+03
4.788e+03
9.221e+03
1.002e+04
1.038e+04
9.596e+03
9.596e+03
9.596e+03
5.364e+03
1.115e+04
0.0
6.019e+03
5.909e+03
1.143e+04
1.214e+04
1.128e+04
1.274e+04
1.184e+04
1.143e+04
5.277e+03
0.0
4.239e+03
0.0
4.555e+03
1.381e+04
1.287e+04
1.338e+04
1.316e+04
1.287e+04
1.287e+04
5.519e+03
6.269e+03
0.0
0.0
1.019e+04
1.019e+04
1.219e+04
1.052e+04
1.019e+04
3.968e+03
1.045e+04
5.287e+03
3.438e+03
1.643e+04
1.588e+04
1.603e+04
1.652e+04
1.552e+04
6.321e+03
0.0
5.923e+03
0.0
1.342e+04
1.243e+04
1.044e+04
1.243e+04
1.243e+04
0.0
3.618e+03
0.0
0.0
6.976e+03
6.976e+03
6.976e+03
7.899e+03
6.976e+03
4.024e+03
0.0
5.327e+03
0.0003204
1.072e+04
1.657e+04
1.599e+04
1.727e+04
1.657e+04
1.621e+04
1.657e+04
0.0
7.81e+03
3.906e+03
0.0
9.361e+03
1.002e+04
1.002e+04
5.702e+03
1.002e+04
5.694e+03
8.683e+03
3.637e+03
7.196e+03
6.26e+03
1.547e+04
1.36e+04
1.424e+04
1.751e+04
1.342e+04
1.312e+04
3.877e+03
0.0
0.0
0.0
1.051e+04
1.051e+04
1.038e+04
1.051e+04
1.051e+04
2.545e+03
7.792e+03
4.852e+03
0.0
9.109e+03
7.364e+03
7.761e+03
1.125e+04
7.364e+03
5.364e+03
0.0
9.348e+03
7.056e+03
1.466e+04
1.407e+04
1.766e+04
1.647e+04
1.647e+04
4.906e+03
4.865e+03
1.154e+03
0.0
9.921e+03
9.856e+03
9.757e+03
9.702e+03
9.856e+03
4.556e+03
0.0
0.0
5.923e+03
2.994e+03
1.004e+04
1.058e+04
1.176e+04
1.07e+04
1.07e+04
1.07e+04
0.0
0.0
5.268e+03
9.329e+03
8.451e+03
1.137e+04
9.107e+03
9.107e+03
9.107e+03
3.877e+03
0.0
0.0
5.133e+03
0.0002418
7.385e+03
8.321e+03
7.385e+03
9.315e+03
7.385e+03
7.385e+03
4.399e+03
0.0
5.119e+03
4.929e+03
1.093e+04
9.711e+03
9.967e+03
9.259e+03
9.259e+03
0.0
5.884e+03
3.687e+03
0.0
3.687e+03
0.0001892
0.0001892
5.884e+03
0.0001892
1.222e+03
7.152e+03
0.0001548
4.75e+03
7.026e+03
6.798e+03
8.763e+03
4.417e+03
8.111e+03
4.291e+03
4.291e+03
4.4e+03
0.0
5.883e+03
3.915e+03
3.335e+03
1.234e+04
1.19e+04
1.089e+04
1.141e+04
1.265e+04
1.141e+04
0.0
0.0
4.907e+03
0.0
7.116e+03
6.103e+03
6.103e+03
6.103e+03
6.103e+03
5.042e+03
0.0
7.769e+03
0.0
0.0
7.467e+03
7.467e+03
9.149e+03
7.467e+03
1.014e+04
7.467e+03
6.233e+03
7.444e+03
5.114e+03
0.0
1.101e+04
9.045e+03
1.216e+04
1.097e+04
9.045e+03
3.968e+03
0.0
7.475e+03
2.6e+03
8.937e+03
1.516e+04
1.194e+04
1.015e+04
1.304e+04
1.25e+04
1.25e+04
768.6
0.0
0.0
2.6e+03
7.203e+03
7.684e+03
7.252e+03
7.203e+03
7.203e+03
5.119e+03
0.0
7.37e+03
4.681e+03
0.0004391
1.054e+04
1.068e+04
1e+04
1.132e+04
1e+04
1e+04
1.922e+03
0.0
5.31e+03
6.839e+03
1.029e+04
7.918e+03
9.083e+03
8.835e+03
8.835e+03
0.0
4.828e+03
0.0003192
0.0
0.0
1.538e+04
1.538e+04
1.538e+04
1.489e+04
1.538e+04
1.538e+04
5.717e+03
6.419e+03
5.717e+03
3.711e+03
7.385e+03
1.061e+04
1.187e+04
1.132e+04
1.068e+04
1.132e+04
9.935e+03
5.119e+03
2.6e+03
5.868e+03
1.269e+04
4.543e+03
1.787e+04
1.367e+04
1.666e+04
1.698e+04
1.605e+04
1.589e+04
0.0
0.0
3.876e+03
0.0
9.438e-05
8.396e+03
8.695e+03
8.695e+03
8.695e+03
8.695e+03
8.695e+03
7.462e+03
0.0
5.491e+03
6.593e+03
9.946e+03
1.066e+04
1.192e+04
8.539e+03
8.539e+03
4.906e+03
0.0
0.0
0.0
9.136e+03
9.136e+03
9.864e+03
9.136e+03
9.136e+03
3.308e+03
2.6e+03
4.14e+03
0.0
2.832e+03
1.589e+04
1.469e+04
1.488e+04
1.434e+04
1.436e+04
1.469e+04
0.0002072
4.052e+03
0.0
0.0
1.178e+04
1.178e+04
1.178e+04
1.294e+04
1.178e+04
7.065e+03
0.0
0.0002867
2.545e+03
0.0
3.97e+03
3.075e+03
8.044e+03
3.075e+03
3.075e+03
3.075e+03
3.915e+03
1.093e+04
6.719e+03
0.0
1.09e+04
8.699e+03
9.188e+03
1.427e+04
8.699e+03
0.0
0.0
2.824e+03
6.722e+03
7.151e+03
1.235e+04
1.221e+04
1.003e+04
1.003e+04
8.973e+03
1.003e+04
5.042e+03
0.0
0.0002244
6.236e+03
7.518e+03
9.901e+03
1.16e+04
1.076e+04
1.126e+04
9.901e+03
9.901e+03
0.0
0.0
3.906e+03
5.427e+03
7.882e+03
8.499e+03
6.944e+03
9.663e+03
7.366e+03
7.366e+03
7.366e+03
5.235e+03
0.0
0.0
5.277e+03
1.107e+04
1.24e+04
1.223e+04
1.107e+04
1.107e+04
4.166e+03
2.6e+03
0.0
4.463e+03
0.0
8.268e+03
8.812e+03
8.268e+03
8.75e+03
8.573e+03
8.268e+03
0.0
1.074e+04
0.0
0.0
1.541e+04
1.541e+04
1.541e+04
1.312e+04
1.541e+04
4.551e+03
1.238e+04
4.541e+03
7.879e+03
7.806e+03
1.136e+04
8.871e+03
1.31e+04
7.481e+03
0.0
0.0
4.865e+03
3.746e+03
1.291e+04
1.245e+04
1.231e+04
1.231e+04
1.231e+04
0.0
0.0
4.786e+03
4.792e+03
1.142e+04
1.277e+04
1.16e+04
1.16e+04
1.16e+04
3.966e+03
0.0
5.631e+03
5.631e+03
7.7e+03
5.631e+03
7.7e+03
3.966e+03
0.0
5.631e+03
0.0
4.17e+03
6.29e+03
4.906e+03
0.0
7.771e+03
6.535e+03
8.144e+03
9.035e+03
6.535e+03
0.0
1.003e+04
6.909e+03
0.0
9.917e+03
9.036e+03
9.036e+03
1.341e+04
9.036e+03
6.203e+03
7.62e+03
7.903e+03
0.0
0.0
0.000346
1.214e+04
1.214e+04
1.214e+04
1.304e+04
1.27e+04
1.249e+04
1.214e+04
2.545e+03
7.067e+03
4.865e+03
0.0
6.286e+03
1.109e+04
1.033e+04
1.088e+04
1.074e+04
9.431e+03
1.033e+04
0.000255
0.0
0.0002817
5.252e+03
6.935e+03
1.194e+04
1.236e+04
1.205e+04
1.205e+04
1.205e+04
1.205e+04
0.0004248
9.586e+03
6.181e+03
6.806e+03
1.433e+04
1.516e+04
1.47e+04
1.167e+04
1.47e+04
0.0
0.0
5.717e+03
0.0
7.145e+03
4.966e+03
4.966e+03
4.966e+03
4.966e+03
4.619e+03
7.951e+03
0.0002801
0.0
0.0005957
9.095e+03
9.095e+03
9.095e+03
1.001e+04
1.367e+04
9.095e+03
0.0
5.364e+03
5.265e+03
0.0
7.695e+03
6.718e+03
6.718e+03
8.085e+03
6.718e+03
4.291e+03
0.0
3.877e+03
0.0
1.392e+04
1.292e+04
1.27e+04
1.292e+04
1.292e+04
0.0
0.0
5.948e+03
5.114e+03
8.932e+03
1.39e+04
1.46e+04
1.264e+04
1.264e+04
1.256e+04
1.264e+04
4.786e+03
5.005e+03
4.133e+03
1.922e+03
0.0
1.491e+04
1.475e+04
1.629e+04
1.413e+04
1.536e+04
1.475e+04
3.877e+03
4.929e+03
0.0
2.742e+03
4.261e+03
5.191e+03
6.486e+03
6.624e+03
4.261e+03
0.0
5.052e+03
3.765e+03
6.375e+03
5.855e+03
1.268e+04
1.26e+04
1.428e+04
1.372e+04
1.433e+04
1.372e+04
0.0
0.0
6.135e+03
0.0
1.423e+04
1.152e+04
1.152e+04
1.152e+04
1.152e+04
4.892e+03
0.0
4.892e+03
3.921e+03
8.156e+03
9.617e+03
1.206e+04
8.353e+03
8.503e+03
8.353e+03
8.503e+03
1.022e+04
0.0
7.688e+03
5.644e+03
1.332e+04
1.169e+04
1.353e+04
1.044e+04
1.044e+04
3.687e+03
0.0
4.905e+03
0.0
5.971e+03
6.101e+03
7.235e+03
7.208e+03
6.101e+03
7.988e+03
6.101e+03
3.28e+03
7.816e+03
5.896e+03
0.0
1.188e+04
1.055e+04
1.042e+04
1.362e+04
1.055e+04
0.0
0.0
2.992e+03
5.032e+03
8.369e+03
1.416e+04
1.289e+04
1.31e+04
1.31e+04
1.355e+04
1.31e+04
0.0
0.0
5.591e+03
8.08e+03
1.079e+04
1.1e+04
8.958e+03
8.958e+03
8.958e+03
4.906e+03
0.0
4.954e+03
0.0
5.523e+03
1.215e+04
1.104e+04
1.071e+04
1.213e+04
1.104e+04
1.104e+04
0.0002057
4.681e+03
6.05e+03
0.0
1.171e+04
9.988e+03
9.988e+03
1.106e+04
9.988e+03
0.0
6.599e+03
0.0003637
7.24e+03
3.618e+03
1.146e+04
7.655e+03
7.939e+03
8.438e+03
7.939e+03
7.939e+03
5.226e+03
0.0006111
5.364e+03
6.229e+03
1.308e+04
1.232e+04
1.188e+04
1.17e+04
1.17e+04
8.037e+03
0.0
0.0003744
0.0
4.763e+03
9.763e+03
8.779e+03
1.419e+04
9.763e+03
9.763e+03
9.763e+03
0.0
0.0
4.523e+03
0.0
1.016e+04
9.44e+03
9.44e+03
9.44e+03
9.44e+03
3.906e+03
5.385e+03
0.0003879
0.0
0.0
1.251e+04
1.251e+04
1.169e+04
1.112e+04
1.251e+04
1.251e+04
0.0
6.627e+03
4.024e+03
0.0
1.24e+04
1.155e+04
1.155e+04
1.441e+04
1.155e+04
3.846e+03
0.0
0.0
0.0
1.099e+04
1.099e+04
1.097e+04
1.099e+04
1.099e+04
5.119e+03
9.59e+03
0.0007567
0.0
1.355e+04
1.784e+04
1.451e+04
1.959e+04
1.883e+04
1.784e+04
1.784e+04
0.0
0.0
4.262e+03
5.166e+03
8.399e+03
9.41e+03
8.175e+03
8.175e+03
8.175e+03
0.0
0.0
4.373e+03
5.384e+03
5.427e+03
1.407e+04
1.198e+04
1.289e+04
1.289e+04
1.243e+04
1.289e+04
0.000181
5.385e+03
0.0002145
0.0
6.186e+03
7.184e+03
7.184e+03
7.226e+03
7.184e+03
9.106e+03
7.184e+03
4.865e+03
0.0
0.0
4.268e+03
7.347e+03
7.341e+03
8.313e+03
1.037e+04
8.907e+03
7.341e+03
7.341e+03
2.832e+03
0.0
2.367e+03
2.069e+03
1.341e+04
1.309e+04
1.339e+04
1.312e+04
1.312e+04
5.305e+03
0.0
4.88e+03
1.739e+03
1.149e+04
1.115e+04
1.074e+04
1.125e+04
1.125e+04
3.916e+03
0.0
0.0
6.688e+03
1.063e+04
1.028e+04
1.059e+04
1.063e+04
1.063e+04
2.545e+03
1.739e+03
3.608e+03
0.0
1.026e+04
1.052e+04
1.086e+04
1.055e+04
1.052e+04
5.545e+03
0.0
5.407e+03
4.148e+03
7.849e+03
8.54e+03
7.818e+03
7.54e+03
7.54e+03
3.711e+03
2.069e+03
3.711e+03
2.849e+03
8.568e+03
9.627e+03
8.568e+03
9.489e+03
9.331e+03
3.696e+03
4.16e+03
2.366e+03
0.0
2.366e+03
0.0
3.696e+03
4.16e+03
0.0
4.024e+03
4.738e+03
0.0
0.0
9.6e+03
9.6e+03
1.082e+04
1.063e+04
9.6e+03
3.023e+03
0.0
4.193e+03
0.0
1.11e+04
1.097e+04
1.188e+04
1.097e+04
1.097e+04
2.545e+03
0.0
5.095e+03
0.0
7.105e+03
8.356e+03
8.779e+03
8.356e+03
8.356e+03
4.591e+03
1.739e+03
5.191e+03
4.865e+03
2.069e+03
1.013e+04
9.297e+03
1.053e+04
9.373e+03
8.755e+03
9.193e+03
5.3e+03
0.0
6.222e+03
5.407e+03
9.466e+03
6.846e+03
8.422e+03
6.287e+03
6.287e+03
5.133e+03
0.0
4.514e+03
4.148e+03
6.43e+03
5.952e+03
6.564e+03
4.16e+03
4.16e+03
6.266e+03
0.0
0.0
2.069e+03
1.491e+04
1.495e+04
1.595e+04
1.491e+04
1.491e+04
3.696e+03
0.0
4.735e+03
3.765e+03
4.187e+03
1.226e+04
1.229e+04
1.325e+04
1.254e+04
1.354e+04
1.254e+04
5.133e+03
0.0
5.133e+03
0.0
6.807e+03
5.349e+03
7.985e+03
5.349e+03
5.349e+03
2.545e+03
1.739e+03
3.964e+03
0.0
1.287e+04
1.35e+04
1.354e+04
1.347e+04
1.35e+04
5.114e+03
0.0
8.172e+03
0.0
1.336e+04
1.517e+04
1.668e+04
1.517e+04
1.517e+04
5.542e+03
2.223e+03
3.365e+03
0.0
8.739e+03
8.207e+03
9.925e+03
8.559e+03
8.207e+03
4.822e+03
5.119e+03
6.107e+03
0.0
1.188e+04
1.068e+04
1.123e+04
1.246e+04
1.068e+04
3.704e+03
2.522e+03
0.0004804
4.983e+03
6.99e+03
9.708e+03
1.031e+04
8.406e+03
9.421e+03
9.17e+03
9.17e+03
4.828e+03
6.844e+03
6.12e+03
4.301e+03
1.066e+04
9.193e+03
7.487e+03
8.314e+03
8.707e+03
6.903e+03
1.739e+03
8.914e+03
0.0
8.344e+03
1.129e+04
8.463e+03
1.304e+04
1.175e+04
8.658e+03
8.463e+03
4.254e+03
0.0
3.968e+03
5.977e+03
9.567e+03
7.521e+03
1.046e+04
9.269e+03
9.269e+03
4.294e+03
2.992e+03
4.652e+03
2.668e+03
1.146e+04
1.179e+04
1.212e+04
1.227e+04
1.246e+04
5.189e+03
4.619e+03
5.114e+03
0.0
1.668e+04
1.549e+04
1.37e+04
1.571e+04
1.549e+04
4.051e+03
5.166e+03
4.443e+03
2.849e+03
5.724e+03
4.714e+03
5.53e+03
6.363e+03
3.776e+03
4.551e+03
0.0
3.957e+03
0.0
9.53e+03
9.702e+03
9.625e+03
9.702e+03
9.702e+03
0.0
0.0
5.381e+03
2.223e+03
8.812e+03
7.192e+03
6.869e+03
6.869e+03
6.869e+03
3.481e+03
5.199e+03
4.103e+03
3.218e+03
8.229e+03
9.631e+03
9.386e+03
9.016e+03
8.652e+03
7.25e+03
2.668e+03
3.957e+03
4.794e+03
2.08e+04
1.972e+04
2.145e+04
2.074e+04
2.036e+04
5.224e+03
5.423e+03
5.712e+03
2.554e+03
2.366e+03
6.277e+03
5.922e+03
8.18e+03
6.334e+03
4.292e+03
5.907e+03
3.968e+03
2.753e+03
1.538e+04
1.565e+04
1.517e+04
1.502e+04
1.544e+04
7.232e+03
7.767e+03
6.319e+03
8.594e+03
1.078e+04
8.387e+03
8.451e+03
9.649e+03
8.598e+03
4.865e+03
5.609e+03
4.865e+03
2.223e+03
1.02e+04
8.925e+03
9.33e+03
9.193e+03
8.462e+03
4.73e+03
0.0
4.999e+03
7.578e+03
1.511e+04
1.165e+04
1.555e+04
1.499e+04
1.499e+04
3.968e+03
1.739e+03
4.643e+03
0.0
1.589e+04
1.58e+04
1.579e+04
1.577e+04
1.58e+04
5.101e+03
3.734e+03
8.67e+03
7.911e+03
1.511e+04
1.421e+04
1.328e+04
1.516e+04
1.549e+04
6.071e+03
6.091e+03
6.755e+03
4.829e+03
9.558e+03
1.189e+04
1.207e+04
1.194e+04
1.145e+04
3.741e+03
7.191e+03
0.0
1.038e+04
1.296e+04
1.297e+04
1.296e+04
5.724e+03
1.739e+03
8.625e+03
2.668e+03
1.196e+04
1.313e+04
1.345e+04
1.329e+04
1.327e+04
2.742e+03
0.0
5.042e+03
2.561e+03
1.411e+04
1.344e+04
1.294e+04
1.311e+04
1.311e+04
3.765e+03
6.017e+03
4.821e+03
3.611e+03
1.478e+04
1.188e+04
1.229e+04
1.281e+04
1.259e+04
6.492e+03
2.849e+03
6.892e+03
5.886e+03
8.727e+03
7.832e+03
8.125e+03
5.839e+03
5.167e+03
5.108e+03
5.38e+03
4.852e+03
0.0
7.373e+03
5.633e+03
5.416e+03
5.474e+03
5.633e+03
7.71e+03
6.999e+03
8.579e+03
0.0
1.579e+04
1.457e+04
1.478e+04
1.476e+04
1.457e+04
6.759e+03
2.069e+03
6.759e+03
2.684e+03
1.086e+04
7.94e+03
9.341e+03
7.545e+03
7.625e+03
2.742e+03
7.64e+03
4.749e+03
0.0
1.235e+04
1.224e+04
1.286e+04
1.414e+04
1.224e+04
4.158e+03
8.63e+03
4.839e+03
5.987e+03
8.895e+03
7.989e+03
7.286e+03
9.993e+03
8.003e+03
2.367e+03
2.069e+03
4.64e+03
2.849e+03
7.668e+03
7.401e+03
7.346e+03
7.228e+03
6.94e+03
2.991e+03
4.148e+03
5.292e+03
5.544e+03
8.431e+03
8.002e+03
7.245e+03
8.623e+03
7.353e+03
5.13e+03
0.0
0.0002968
4.829e+03
9.196e+03
1.059e+04
7.226e+03
9.196e+03
9.196e+03
3.088e+03
7.527e+03
4.12e+03
5.823e+03
1.027e+04
1.102e+04
1.147e+04
1.404e+04
1.132e+04
4.819e+03
4.771e+03
0.0
4.268e+03
1.53e+04
1.478e+04
1.531e+04
1.587e+04
1.53e+04
6.529e+03
0.0
4.839e+03
3.611e+03
1.126e+04
1.048e+04
1.167e+04
1.062e+04
1.062e+04
4.852e+03
5.932e+03
4.443e+03
1.739e+03
1.084e+04
1.026e+04
1.096e+04
1.117e+04
1.007e+04
7.686e+03
0.0
4.446e+03
4.264e+03
8.346e+03
7.459e+03
9.375e+03
6.919e+03
6.919e+03
5.694e+03
2.223e+03
6.819e+03
0.0
1.106e+04
8.408e+03
9.958e+03
8.79e+03
8.408e+03
3.906e+03
0.0
2.742e+03
2.223e+03
1.354e+04
1.383e+04
1.26e+04
1.375e+04
1.375e+04
4.851e+03
2.602e+03
4.851e+03
0.0
7.531e+03
5.965e+03
7.771e+03
5.448e+03
5.965e+03
4.876e+03
5.106e+03
8.714e+03
0.0
1.446e+04
1.452e+04
1.35e+04
1.544e+04
1.452e+04
2.545e+03
5.275e+03
5.12e+03
1.739e+03
8.654e+03
1.148e+04
1.171e+04
1.269e+04
1.13e+04
2.545e+03
5.667e+03
5.586e+03
6.924e+03
1.326e+04
1.56e+04
1.473e+04
1.405e+04
1.457e+04
6.662e+03
9.242e+03
3.765e+03
5.69e+03
9.227e+03
8.279e+03
6.144e+03
9.582e+03
8.95e+03
3.566e+03
0.0
0.0003157
0.0
9.224e+03
9.224e+03
1.014e+04
9.224e+03
9.224e+03
3.711e+03
2.602e+03
6.471e+03
5.173e+03
1.497e+04
1.345e+04
1.258e+04
1.3e+04
1.272e+04
2.824e+03
2.223e+03
8.815e+03
5.641e+03
8.797e+03
1.258e+04
9.889e+03
1.066e+04
1.037e+04
7.182e+03
2.069e+03
2.545e+03
1.739e+03
1.22e+04
1.145e+04
1.355e+04
1.117e+04
1.128e+04
4.848e+03
3.921e+03
0.0
1.153e+04
1.06e+04
1.175e+04
1.06e+04
5.023e+03
0.0
3.696e+03
2.069e+03
6.457e+03
5.333e+03
0.0
5.023e+03
5.023e+03
5.511e+03
2.994e+03
6.071e+03
3.611e+03
8.357e+03
8.216e+03
1.01e+04
8.314e+03
7.852e+03
5.136e+03
2.069e+03
4.333e+03
0.0
1.434e+04
1.408e+04
1.511e+04
1.403e+04
1.408e+04
3.394e+03
0.0
4.188e+03
0.0
1.32e+04
1.173e+04
1.275e+04
1.173e+04
1.173e+04
7.188e+03
4.171e+03
5.114e+03
6.161e+03
6.163e+03
6.905e+03
7.827e+03
5.065e+03
3.028e+03
0.0
6.02e+03
1.739e+03
9.473e+03
9.626e+03
9.631e+03
9.631e+03
9.631e+03
2.545e+03
6.235e+03
2.545e+03
4.829e+03
1.463e+04
1.521e+04
1.536e+04
1.414e+04
1.48e+04
5.489e+03
5.989e+03
4.297e+03
1.739e+03
1.892e+04
1.82e+04
1.821e+04
1.898e+04
1.807e+04
5.952e+03
0.0
4.196e+03
0.0
1.126e+04
1.207e+04
1.144e+04
1.207e+04
1.207e+04
5.157e+03
6.618e+03
5.114e+03
0.0
9.026e+03
7.251e+03
6.297e+03
8.3e+03
7.251e+03
4.788e+03
0.0
5.542e+03
0.0
5.803e+03
2.545e+03
5.6e+03
2.545e+03
2.545e+03
6.071e+03
6.528e+03
5.765e+03
4.171e+03
1.288e+04
1.167e+04
1.219e+04
1.315e+04
1.202e+04
0.0
0.0
5.485e+03
2.994e+03
7.086e+03
7.225e+03
6.3e+03
6.3e+03
6.3e+03
3.28e+03
4.829e+03
5.114e+03
2.668e+03
1.565e+04
1.467e+04
1.421e+04
1.501e+04
1.463e+04
4.907e+03
3.932e+03
4.419e+03
5.895e+03
1.02e+04
1.118e+04
1.208e+04
1.206e+04
1.1e+04
4.402e+03
4.824e+03
8.028e+03
3.611e+03
8.03e+03
1.051e+04
1.125e+04
1.084e+04
1.059e+04
4.744e+03
5.85e+03
4.051e+03
4.2e+03
1.031e+04
1.005e+04
1.049e+04
1.123e+04
9.275e+03
4.728e+03
0.0004014
5.19e+03
0.0
9.56e+03
7.658e+03
8.766e+03
7.658e+03
7.658e+03
6.054e+03
2.849e+03
7.259e+03
6.174e+03
9.747e+03
1.271e+04
1.106e+04
1.159e+04
1.086e+04
4.504e+03
6.025e+03
0.0001917
4.378e+03
1.354e+04
1.253e+04
1.468e+04
1.428e+04
1.354e+04
5.694e+03
2.561e+03
5.49e+03
7.31e+03
9.064e+03
1.14e+04
1.243e+04
1.21e+04
1.152e+04
3.968e+03
5.764e+03
8.608e+03
1.08e+04
1.136e+04
1.456e+04
1.128e+04
9.285e+03
1.15e+04
2.545e+03
5.889e+03
5.529e+03
0.0
9.099e+03
1.048e+04
1.035e+04
1.142e+04
1.048e+04
4.865e+03
1.739e+03
0.0002195
0.0
1.39e+04
1.39e+04
1.435e+04
1.408e+04
1.39e+04
0.0002279
9.626e+03
3.088e+03
2.6e+03
9.619e+03
9.557e+03
9.058e+03
8.336e+03
9.058e+03
2.545e+03
0.0
5.465e+03
1.739e+03
1.386e+04
1.361e+04
1.35e+04
1.353e+04
1.353e+04
3.075e+03
2.223e+03
5.567e+03
6.688e+03
0.0003991
1.002e+04
1.234e+04
1.17e+04
1.285e+04
1.181e+04
1.17e+04
7.077e+03
0.0
6.431e+03
2.994e+03
1.06e+04
1.158e+04
1.082e+04
1.1e+04
1.1e+04
4.343e+03
7.751e+03
4.133e+03
0.0
9.502e+03
1.021e+04
9.828e+03
1e+04
1.021e+04
5.722e+03
5.896e+03
6.106e+03
6.119e+03
1.29e+04
1.163e+04
9.584e+03
9.423e+03
1.093e+04
5.604e+03
0.0
6.345e+03
1.739e+03
1.658e+04
1.595e+04
1.534e+04
1.578e+04
1.578e+04
3.906e+03
0.0
5.991e+03
0.0
7.957e+03
6.905e+03
7.7e+03
6.905e+03
6.905e+03
4.443e+03
0.0
0.0
2.069e+03
8.097e+03
8.429e+03
9.522e+03
8.097e+03
8.097e+03
2.545e+03
1.739e+03
3.088e+03
0.0
1.279e+04
1.285e+04
1.301e+04
1.295e+04
1.285e+04
4.523e+03
0.0
4.254e+03
2.069e+03
7.656e+03
8.158e+03
8.922e+03
7.998e+03
7.998e+03
7.211e+03
0.0
3.164e+03
0.0
9.192e+03
8.524e+03
9.282e+03
8.524e+03
8.524e+03
4.744e+03
0.0
2.742e+03
5.15e+03
2.742e+03
5.15e+03
4.744e+03
0.0
0.0
3.481e+03
6.312e+03
5.657e+03
0.0
9.284e+03
7.906e+03
8.901e+03
9.559e+03
7.906e+03
7.228e+03
3.218e+03
5.657e+03
0.0
9.984e+03
7.529e+03
6.703e+03
8.135e+03
7.529e+03
3.365e+03
0.0
3.394e+03
0.0
9.511e+03
9.613e+03
9.717e+03
9.613e+03
9.613e+03
0.0
0.0
3.612e+03
0.0
1.153e+04
1.058e+04
1.058e+04
1.058e+04
1.058e+04
7.706e+03
2.6e+03
3.48e+03
8.675e+03
1.574e+04
1.601e+04
1.292e+04
1.53e+04
1.512e+04
6.188e+03
5.454e+03
2.742e+03
2.223e+03
1.12e+04
1.121e+04
1.123e+04
1.185e+04
1.101e+04
6.376e+03
6.282e+03
6.468e+03
0.0
9.435e+03
8.831e+03
6.229e+03
1.066e+04
8.831e+03
4.788e+03
2.554e+03
3.696e+03
0.0
1.023e+04
8.717e+03
7.06e+03
8.627e+03
8.717e+03
4.839e+03
4.648e+03
0.0
5.406e+03
4.523e+03
6.072e+03
6.596e+03
6.248e+03
4.523e+03
3.365e+03
2.223e+03
3.023e+03
2.223e+03
1.139e+04
1.224e+04
1.223e+04
1.204e+04
1.194e+04
5.641e+03
1.739e+03
6.449e+03
2.6e+03
9.236e+03
1.089e+04
1.065e+04
1.106e+04
1.078e+04
0.0
4.268e+03
6.003e+03
2.849e+03
8.573e+03
1.007e+04
9.458e+03
9.404e+03
9.458e+03
3.088e+03
0.0
2.367e+03
2.069e+03
0.0
2.339e+03
4.003e+03
2.367e+03
2.367e+03
5.114e+03
3.97e+03
3.088e+03
0.0
9.476e+03
9.217e+03
1.04e+04
9.598e+03
9.217e+03
6.262e+03
2.6e+03
4.399e+03
2.223e+03
6.564e+03
7.816e+03
7.366e+03
8.347e+03
7.67e+03
5.536e+03
2.069e+03
6.229e+03
2.849e+03
1.011e+04
1.167e+04
1.164e+04
1.124e+04
1.127e+04
5.34e+03
1.739e+03
6.242e+03
1.739e+03
1.861e+04
1.895e+04
1.886e+04
1.885e+04
1.882e+04
4.865e+03
0.0
3.901e+03
0.0
8.913e+03
1.005e+04
1.1e+04
1.005e+04
1.005e+04
2.992e+03
1.739e+03
0.0
1.739e+03
1.291e+04
1.31e+04
1.322e+04
1.292e+04
1.291e+04
9.66e+03
0.0
7.342e+03
2.6e+03
1.449e+04
1.247e+04
1.492e+04
1.221e+04
1.221e+04
8.014e+03
2.849e+03
4.401e+03
0.0
6.904e+03
5.775e+03
7.36e+03
5.978e+03
5.775e+03
5.381e+03
2.223e+03
5.542e+03
0.0
1.299e+04
1.213e+04
1.338e+04
1.219e+04
1.213e+04
4.4e+03
6.524e+03
0.0
2.684e+03
1.335e+04
1.352e+04
1.33e+04
1.42e+04
1.335e+04
4.9e+03
2.849e+03
3.696e+03
2.994e+03
8.049e+03
7.245e+03
8.17e+03
7.75e+03
7.117e+03
5.201e+03
4.268e+03
6.432e+03
4.829e+03
9.845e+03
1.058e+04
1.101e+04
1.132e+04
1.075e+04
0.0
3.611e+03
0.0
0.0
1.112e+04
1.112e+04
1.112e+04
1.196e+04
1.112e+04
4.86e+03
4.612e+03
6.424e+03
5.141e+03
1.145e+04
1.196e+04
1.18e+04
1.261e+04
1.205e+04
5.733e+03
0.0
8.931e+03
3.734e+03
1.144e+04
7.277e+03
5.995e+03
7.086e+03
7.086e+03
4.756e+03
4.264e+03
0.0006881
5.694e+03
3.135e+03
1.075e+04
8.819e+03
7.821e+03
9.695e+03
9.472e+03
9.472e+03
5.973e+03
2.069e+03
2.545e+03
0.0
9.898e+03
9.762e+03
1.036e+04
9.919e+03
9.762e+03
4.551e+03
6.888e+03
4.976e+03
2.223e+03
1.425e+04
1.48e+04
1.508e+04
1.569e+04
1.485e+04
0.0
6.165e+03
4.426e+03
2.069e+03
9.406e+03
8.166e+03
8.126e+03
9.706e+03
8.126e+03
5.09e+03
3.997e+03
3.953e+03
2.069e+03
9.785e+03
9.066e+03
9.134e+03
9.09e+03
9.01e+03
6.144e+03
2.069e+03
3.696e+03
2.538e+03
7.462e+03
7.454e+03
8.224e+03
7.148e+03
6.867e+03
3.968e+03
3.438e+03
5.179e+03
0.0
1.06e+04
9.797e+03
9.005e+03
1.044e+04
9.797e+03
0.0
0.0
7.761e+03
2.069e+03
7.854e+03
7.704e+03
7.726e+03
7.726e+03
7.726e+03
5.833e+03
6.579e+03
4.12e+03
7.65e+03
1.036e+04
1.253e+04
1.16e+04
1.225e+04
1.156e+04
8.417e+03
2.849e+03
7.338e+03
5.787e+03
9.009e+03
1.268e+04
1.214e+04
1.187e+04
1.143e+04
5.06e+03
2.538e+03
6.98e+03
5.868e+03
1.835e+04
1.635e+04
1.744e+04
1.692e+04
1.7e+04
5.423e+03
4.53e+03
6.351e+03
0.0
1.245e+04
1.166e+04
1.119e+04
1.221e+04
1.166e+04
5.209e+03
2.069e+03
6.144e+03
0.0
1.228e+04
1.241e+04
1.304e+04
1.253e+04
1.241e+04
5.013e+03
0.0
5.464e+03
0.0
8.156e+03
1.024e+04
9.852e+03
1.024e+04
1.024e+04
0.0
1.739e+03
3.28e+03
2.668e+03
1.448e+04
1.449e+04
1.447e+04
1.461e+04
1.447e+04
4.442e+03
0.0
0.0001491
1.739e+03
5.565e+03
5.822e+03
3.397e+03
5.565e+03
5.565e+03
0.0
0.0
6.144e+03
0.0
5.852e+03
6.473e+03
6.473e+03
6.473e+03
6.473e+03
5.292e+03
4.112e+03
3.088e+03
1.739e+03
1.577e+04
1.538e+04
1.574e+04
1.526e+04
1.53e+04
0.0
0.0
0.0
2.223e+03
9.101e+03
9.105e+03
9.101e+03
9.101e+03
9.101e+03
3.696e+03
2.849e+03
3.765e+03
5.002e+03
4.427e+03
6.894e+03
5.821e+03
5.128e+03
4.403e+03
5.058e+03
0.0
5.09e+03
5.687e+03
1.212e+04
9.387e+03
1.307e+04
1.138e+04
1.138e+04
5.631e+03
2.849e+03
4.514e+03
0.0
1.138e+04
1.006e+04
1.095e+04
1.044e+04
1.006e+04
6.534e+03
1.739e+03
8.088e+03
0.0
1.347e+04
1.386e+04
1.304e+04
1.392e+04
1.386e+04
4.865e+03
2.223e+03
4.865e+03
5.157e+03
1.436e+04
1.279e+04
1.477e+04
1.371e+04
1.368e+04
8.103e+03
0.0
4.327e+03
1.739e+03
1.179e+04
1.185e+04
9.218e+03
1.161e+04
1.161e+04
5.133e+03
2.367e+03
6.319e+03
0.0
9.241e+03
1.155e+04
1.181e+04
1.045e+04
1.155e+04
4.642e+03
2.223e+03
5.817e+03
0.0
4.305e+03
7.909e+03
9.268e+03
8.123e+03
7.909e+03
2.545e+03
1.739e+03
4.148e+03
1.739e+03
1.634e+04
1.598e+04
1.609e+04
1.597e+04
1.587e+04
2.339e+03
2.6e+03
0.0
1.739e+03
1.536e+04
1.524e+04
1.513e+04
1.583e+04
1.536e+04
4.127e+03
0.0
5.184e+03
1.739e+03
1.41e+04
1.366e+04
1.368e+04
1.349e+04
1.349e+04
4.839e+03
4.148e+03
5.148e+03
0.0
1.186e+04
1.258e+04
1.361e+04
1.275e+04
1.258e+04
4.834e+03
3.218e+03
4.736e+03
4.171e+03
7.675e+03
7.639e+03
8.778e+03
9.045e+03
8.172e+03
2.545e+03
1.739e+03
3.158e+03
1.739e+03
1.08e+04
1.069e+04
1.099e+04
1.079e+04
1.061e+04
8.137e+03
0.0
7.441e+03
0.0
1.282e+04
1.156e+04
1.568e+04
1.156e+04
1.156e+04
0.0
5.135e+03
0.0
0.0
1.05e+04
1.05e+04
1.05e+04
9.912e+03
1.05e+04
4.889e+03
0.0
6.345e+03
6.337e+03
1.581e+04
1.49e+04
1.403e+04
1.561e+04
1.561e+04
5.832e+03
8.764e+03
0.0
5.895e+03
0.0
1.285e+04
1.404e+04
1.455e+04
1.536e+04
1.404e+04
1.404e+04
9.328e+03
0.0
2.824e+03
0.0
9.818e+03
9.334e+03
8.625e+03
9.334e+03
9.334e+03
2.545e+03
3.253e+03
6.144e+03
1.739e+03
1.658e+04
1.584e+04
1.554e+04
1.57e+04
1.587e+04
0.0
4.171e+03
3.881e+03
3.352e+03
1.143e+04
1.179e+04
1.132e+04
1.213e+04
1.132e+04
4.581e+03
2.069e+03
4.557e+03
4.354e+03
8.968e+03
8.49e+03
1.104e+04
9.246e+03
9.201e+03
4.64e+03
0.0
2.545e+03
7.264e+03
1.626e+04
1.662e+04
1.619e+04
1.616e+04
1.616e+04
4.151e+03
6.943e+03
5.352e+03
5.661e+03
1.301e+04
1.266e+04
1.312e+04
1.377e+04
1.264e+04
4.12e+03
5.029e+03
6.325e+03
0.0
8.481e+03
8.95e+03
9.338e+03
9.129e+03
8.95e+03
7.012e+03
0.0
5.985e+03
6.229e+03
9.466e+03
9.566e+03
1.128e+04
8.089e+03
8.089e+03
4.151e+03
9.392e+03
4.443e+03
4.148e+03
1.301e+04
1.415e+04
1.32e+04
1.114e+04
1.356e+04
6.188e+03
6.22e+03
3.481e+03
3.218e+03
9.77e+03
9.288e+03
9.075e+03
1.006e+04
9.249e+03
3.863e+03
2.849e+03
5.973e+03
0.0
1.222e+04
1.362e+04
1.324e+04
1.403e+04
1.362e+04
6.141e+03
3.352e+03
0.0
4.239e+03
6.636e+03
7.268e+03
4.824e+03
7.274e+03
6.636e+03
5.002e+03
3.335e+03
0.0
2.37e+03
1.343e+04
1.386e+04
1.464e+04
1.384e+04
1.343e+04
0.0
0.0
6.076e+03
4.828e+03
2.849e+03
1.084e+04
1.196e+04
1.166e+04
1.166e+04
1.142e+04
1.166e+04
0.0
3.935e+03
7.333e+03
0.0
1.295e+04
1.223e+04
1.223e+04
1.27e+04
1.223e+04
6.811e+03
2.6e+03
5.128e+03
4.124e+03
1.238e+04
1.221e+04
1.23e+04
1.318e+04
1.293e+04
5.67e+03
6.162e+03
5.845e+03
6.109e+03
9.699e+03
1.003e+04
1.004e+04
9.971e+03
9.322e+03
5.637e+03
6.34e+03
5.991e+03
0.0
9.073e+03
8.253e+03
7.742e+03
7.732e+03
8.253e+03
7.751e+03
9.388e+03
7.142e+03
4.268e+03
1.664e+04
1.534e+04
1.595e+04
1.69e+04
1.58e+04
4.322e+03
5.913e+03
6.533e+03
2.554e+03
1.134e+04
1.177e+04
1.218e+04
1.133e+04
1.145e+04
5.712e+03
1.739e+03
4.948e+03
2.849e+03
9.842e+03
8.589e+03
9.871e+03
8.35e+03
8.12e+03
5.025e+03
3.932e+03
6.305e+03
4.603e+03
5.146e+03
6.836e+03
7.806e+03
7.32e+03
5.839e+03
5.855e+03
3.935e+03
4.555e+03
4.166e+03
1.312e+04
1.251e+04
1.238e+04
1.384e+04
1.323e+04
5.136e+03
0.0
4.306e+03
2.069e+03
1.46e+04
1.395e+04
1.407e+04
1.413e+04
1.413e+04
3.921e+03
0.0
6.831e+03
7.745e+03
1.009e+04
1.351e+04
1.234e+04
1.148e+04
1.148e+04
2.339e+03
0.0
0.0
2.763e+03
2.366e+03
2.367e+03
2.554e+03
2.366e+03
2.366e+03
5.967e+03
4.845e+03
5.115e+03
7.068e+03
1.303e+04
1.376e+04
1.283e+04
1.258e+04
1.186e+04
7.066e+03
6.933e+03
5.684e+03
4.268e+03
1.098e+04
1.064e+04
1.243e+04
9.819e+03
1.023e+04
3.308e+03
0.0
0.0
2.223e+03
0.0002717
1.056e+04
1.076e+04
1.056e+04
1.02e+04
1.056e+04
1.056e+04
6.13e+03
0.0
6.744e+03
0.0
1.066e+04
9.046e+03
7.369e+03
9.046e+03
9.046e+03
0.0
0.0
4.151e+03
0.0
9.77e+03
1.04e+04
1.04e+04
1.04e+04
1.04e+04
3.481e+03
3.088e+03
4.401e+03
0.0
1.121e+04
1.119e+04
1.159e+04
1.164e+04
1.119e+04
2.545e+03
1.739e+03
7.91e+03
3.253e+03
9.991e+03
8.737e+03
8.835e+03
8.686e+03
8.506e+03
7.053e+03
4.603e+03
2.341e+03
0.0
1.739e+03
6.971e+03
7.065e+03
7.817e+03
8.598e+03
7.321e+03
6.971e+03
5.025e+03
0.0
3.696e+03
0.0
9.756e+03
8.646e+03
8.008e+03
8.646e+03
8.646e+03
5.536e+03
6.07e+03
4.401e+03
4.032e+03
1.134e+04
1.092e+04
1.175e+04
1.268e+04
1.113e+04
5.091e+03
1.739e+03
7.437e+03
8.893e+03
8.703e+03
1.001e+04
1.212e+04
1.15e+04
1.148e+04
0.0
0.0
4.856e+03
2.223e+03
1.391e+04
1.421e+04
1.414e+04
1.414e+04
1.414e+04
2.28e+03
3.253e+03
0.0
2.223e+03
1.248e+04
1.276e+04
1.256e+04
1.316e+04
1.248e+04
5.348e+03
0.0
8.967e+03
7.721e+03
1.279e+04
1.097e+04
9.767e+03
1.126e+04
1.126e+04
5.191e+03
2.849e+03
3.957e+03
1.739e+03
1.284e+04
1.3e+04
1.351e+04
1.326e+04
1.298e+04
4.051e+03
2.994e+03
4.557e+03
4.354e+03
1.183e+04
1.099e+04
1.022e+04
1.14e+04
1.163e+04
3.365e+03
2.223e+03
4.401e+03
4.032e+03
1.21e+04
1.221e+04
1.296e+04
1.271e+04
1.245e+04
5.586e+03
1.739e+03
0.0
0.0
9.747e+03
9.747e+03
8.209e+03
9.837e+03
9.747e+03
5.671e+03
1.739e+03
0.0
4.816e+03
1.767e+04
1.76e+04
1.761e+04
1.781e+04
1.767e+04
4.846e+03
3.573e+03
0.0
0.0
5.272e+03
5.272e+03
4.9e+03
4.46e+03
5.272e+03
3.746e+03
2.538e+03
2.901e+03
2.994e+03
1.238e+04
1.255e+04
1.154e+04
1.255e+04
1.242e+04
1.508e+04
1.57e+04
7.147e+03
9.39e+03
9.955e+03
1.095e+04
1.022e+04
1.094e+04
1.343e+04
1.156e+04
1.117e+04
1.132e+04
9.913e+03
8.907e+03
1.17e+04
1.353e+04
1.523e+04
1.432e+04
6.677e+03
1.307e+04
8.658e+03
1.135e+04
1.081e+04
1.226e+04
1.65e+04
8.762e+03
1.402e+04
6.453e+03
1.123e+04
1.282e+04
1.497e+04
1.163e+04
1.195e+04
1.358e+04
1.266e+04
1.214e+04
8.006e+03
1.189e+04
1.444e+04
1.257e+04
2.079e+04
1.326e+04
7.076e+03
1.68e+04
9.53e+03
1.217e+04
1.401e+04
1.579e+04
1.323e+04
1.009e+04
1.273e+04
1.124e+04
1.271e+04
9.944e+03
1.592e+04
1.3e+04
1.346e+04
1.119e+04
1.194e+04
9.114e+03
1.186e+04
1.578e+04
1.265e+04
1.038e+04
1.364e+04
1.111e+04
1.336e+04
1.29e+04
1.111e+04
1.455e+04
8.302e+03
1.193e+04
1.246e+04
6.422e+03
9.651e+03
1.272e+04
1.427e+04
1.009e+04
1.434e+04
1.342e+04
1.022e+04
1.09e+04
1.296e+04
1.456e+04
1.224e+04
1.312e+04
1.126e+04
1.074e+04
1.105e+04
1.315e+04
1.38e+04
1.396e+04
9.903e+03
1.406e+04
7.053e+03
1.546e+04
1.058e+04
1.147e+04
1.248e+04
1.466e+04
1.384e+04
1.613e+04
1.58e+04
1.571e+04
1.954e+04
1.602e+04
1.562e+04
1.944e+04
8.951e+03
8.556e+03
1.375e+04
1.085e+04
1.371e+04
7.622e+03
5.531e+03
8.937e+03
9.843e+03
1.362e+04
1.359e+04
1.516e+04
9.815e+03
1.116e+04
1.676e+04
1.655e+04
1.227e+04
1.473e+04
1.495e+04
1.346e+04
1.33e+04
1.678e+04
1.634e+04
1.423e+04
1.103e+04
1.412e+04
1.645e+04
1.623e+04
9.461e+03
1.915e+04
9.031e+03
1.354e+04
1.756e+04
1.487e+04
9.939e+03
1.202e+04
8.338e+03
1.094e+04
9.791e+03
9.784e+03
6.992e+03
1.416e+04
1.38e+04
1.152e+04
1.582e+04
1.609e+04
1.338e+04
1.639e+04
1.609e+04
1.391e+04
1.335e+04
1.309e+04
9.781e+03
9.623e+03
1.219e+04
1.253e+04
1.546e+04
1.298e+04
1.187e+04
1.407e+04
8.655e+03
1.401e+04
1.205e+04
6.281e+03
1.396e+04
8.242e+03
1.132e+04
2.22e+04
1.091e+04
1.584e+04
1.72e+04
1.403e+04
1.141e+04
1.563e+04
1.138e+04
1.236e+04
1.18e+04
1.16e+04
1.375e+04
1.277e+04
1.273e+04
1.034e+04
7.472e+03
1.024e+04
2.086e+04
1.49e+04
8.981e+03
1.582e+04
1.89e+04
1.029e+04
1.321e+04
1.036e+04
1.083e+04
1.087e+04
1.134e+04
1.512e+04
1.169e+04
1.535e+04
1.22e+04
9.005e+03
1.218e+04
1.21e+04
1.341e+04
1.277e+04
1.153e+04
1.632e+04
1.632e+04
1.33e+04
1.433e+04
1.485e+04
1.394e+04
1.636e+04
1.079e+04
1.165e+04
1.385e+04
1.487e+04
1.002e+04
1.801e+04
1.095e+04
1.097e+04
1.261e+04
1.264e+04
1.329e+04
1.277e+04
1.152e+04
1.57e+04
1.237e+04
1.575e+04
1.393e+04
1.09e+04
1.285e+04
9.665e+03
1.07e+04
