86.05
47.82
23.86
47.28
54.64
66.76
176.0
45.65
39.42
101.4
62.43
34.64
48.42
57.11
42.42
115.0
31.82
68.16
43.01
38.73
38.24
26.63
42.18
78.37
39.75
159.0
50.71
38.67
155.6
39.52
156.0
30.08
52.04
35.73
67.25
117.4
117.4
42.37
102.1
66.0
39.52
51.38
26.61
31.33
65.78
70.37
46.54
129.8
47.63
35.51
59.98
50.34
51.78
43.12
50.9
47.92
40.65
77.15
68.3
0.0
26.63
83.06
88.8
34.23
77.63
68.66
110.5
65.28
41.19
60.05
69.57
45.09
55.62
82.92
38.53
53.01
45.67
64.77
54.64
101.5
42.68
69.28
65.25
0.0
53.78
144.3
150.4
75.91
55.03
43.05
52.32
54.77
140.3
31.48
0.0
42.68
51.81
71.96
106.5
130.9
66.66
71.22
38.27
67.06
89.75
54.68
25.9
45.24
89.9
63.95
80.17
39.56
33.28
55.19
30.16
51.05
37.27
112.7
36.74
49.31
50.91
101.3
0.0
56.31
103.6
35.91
54.12
26.68
0.0
23.37
26.14
38.53
60.67
57.09
47.84
37.19
28.07
81.02
34.01
87.61
40.88
39.63
129.8
97.2
43.06
50.74
147.4
38.95
42.61
79.18
36.7
79.43
87.76
61.12
66.27
97.62
60.73
53.95
38.53
107.5
69.34
21.55
35.35
52.9
28.78
33.38
60.12
75.81
52.48
43.91
34.07
35.87
144.2
72.56
120.4
81.05
57.38
110.0
28.07
42.18
60.08
55.14
57.26
55.61
38.22
27.81
41.29
131.1
53.12
80.72
94.51
10.26
42.82
141.6
61.4
72.81
48.89
128.0
42.63
52.54
197.1
75.88
34.29
38.34
68.2
55.23
54.57
33.38
65.03
71.23
77.2
150.1
66.47
29.22
133.3
35.4
55.37
97.02
37.56
59.22
63.37
54.56
45.24
35.31
78.94
58.57
35.33
87.1
88.54
63.52
56.04
0.0
55.26
0.0
107.1
129.3
52.02
139.2
48.96
83.29
41.39
47.96
37.13
36.33
44.32
55.28
51.57
58.46
87.6
76.17
39.3
37.08
71.44
13.68
101.9
0.0
40.69
55.87
61.94
94.25
63.09
88.16
61.21
89.5
53.02
108.1
46.83
60.59
96.14
46.77
50.05
64.28
112.8
67.94
0.0
56.25
40.28
55.37
44.83
28.09
63.43
30.48
54.92
0.0
83.4
27.95
60.0
0.0
71.24
80.03
108.9
59.03
55.71
72.96
54.64
162.1
64.13
86.17
47.78
68.22
47.14
94.96
68.87
49.75
45.05
64.59
81.63
24.03
37.44
58.53
87.72
52.44
106.1
40.77
38.52
74.9
43.06
79.3
83.7
85.91
56.61
81.24
59.6
34.53
42.32
56.78
108.5
43.05
43.7
0.0
40.93
36.17
57.27
68.47
80.79
41.6
80.59
65.85
81.2
53.29
81.56
39.53
69.24
51.47
51.22
37.28
67.75
73.89
88.58
25.8
38.98
33.7
25.9
30.63
80.98
57.32
73.49
43.69
37.82
74.64
21.21
159.5
59.76
37.85
67.19
77.14
173.0
53.65
72.83
60.03
0.0
80.83
32.47
45.99
59.05
30.47
43.34
39.52
66.68
15.89
58.38
37.25
29.8
34.23
61.14
135.9
67.05
36.18
47.01
29.48
49.45
79.66
85.63
51.93
30.87
132.5
52.98
130.7
64.61
38.08
86.6
104.3
70.95
55.22
12.45
69.72
207.8
59.81
49.16
38.93
143.0
46.41
56.33
45.39
57.29
43.25
116.6
119.5
32.11
62.13
53.83
61.75
116.3
43.84
112.0
84.21
95.18
56.68
23.99
114.8
55.2
69.36
38.22
72.11
73.07
61.4
42.48
57.64
33.42
30.16
54.97
60.42
66.15
49.96
67.46
98.12
54.64
50.17
74.72
64.18
128.9
66.29
43.1
45.29
46.4
121.0
52.5
60.54
29.53
59.75
25.04
60.99
72.98
56.74
54.35
39.32
33.06
56.83
60.07
43.95
51.57
37.17
71.29
99.66
42.62
0.0
87.01
91.58
41.73
57.33
47.8
145.9
66.63
61.14
0.0
76.23
72.3
241.5
33.25
46.94
59.24
54.26
76.67
76.75
43.81
102.8
122.9
63.6
53.72
60.67
59.46
36.11
48.8
65.0
79.92
20.36
34.12
25.49
53.61
66.77
73.13
45.99
45.67
126.2
48.16
59.91
89.36
29.18
14.21
77.97
57.1
53.85
92.64
79.63
58.97
42.56
56.73
92.38
82.23
75.13
81.92
40.38
72.43
42.8
29.47
51.96
37.16
44.34
0.0
32.66
58.45
76.75
61.1
18.12
40.92
80.41
47.58
37.37
65.03
37.6
82.99
64.32
43.53
96.75
30.08
71.08
47.77
48.65
47.14
89.35
55.44
38.43
71.53
66.98
69.03
58.59
102.7
59.1
46.01
37.43
92.9
60.77
95.21
42.48
49.87
41.52
52.84
49.06
50.32
68.97
45.51
36.88
0.0
62.45
63.32
64.92
46.95
54.64
0.0
33.84
57.88
52.08
68.93
48.39
76.84
52.47
63.18
74.36
59.84
44.51
15.3
29.2
77.86
149.0
59.41
92.78
38.67
144.0
101.6
19.49
0.0
218.9
54.39
59.45
80.02
49.39
45.57
73.39
31.58
69.8
69.12
30.35
24.75
64.85
39.01
58.58
73.18
173.0
71.53
57.56
39.37
47.61
121.6
64.09
50.81
109.8
98.88
69.6
68.2
214.1
55.27
24.27
34.92
50.69
57.19
42.32
51.54
55.92
66.04
47.91
46.63
71.48
65.22
0.0
103.5
83.28
83.97
47.84
90.17
114.0
30.94
69.23
29.09
44.83
40.46
73.31
42.73
60.61
44.79
34.8
85.46
64.09
62.45
86.55
100.5
54.43
136.7
61.18
65.49
75.3
56.05
36.14
58.7
56.12
33.08
75.52
55.58
50.3
87.39
13.14
45.35
91.07
47.43
49.1
90.75
76.28
30.72
90.86
33.06
48.09
46.26
0.0
88.95
58.58
62.15
60.92
61.15
57.12
46.2
45.62
89.29
52.19
56.32
81.82
68.03
0.0
69.63
67.96
40.7
0.0
89.31
98.26
169.3
35.6
77.13
38.53
63.02
0.0
93.41
49.48
46.79
84.35
46.53
34.01
43.7
49.88
65.0
34.35
28.78
42.53
80.75
38.36
128.1
38.96
57.25
66.23
173.0
89.36
0.0
58.61
49.58
60.86
120.2
53.13
34.97
33.42
80.2
60.92
71.53
57.53
56.39
88.99
56.74
90.44
21.11
85.77
25.8
59.54
67.04
36.77
135.9
43.79
35.15
39.02
39.09
32.65
90.52
70.48
39.63
70.86
32.77
93.87
51.09
112.2
31.74
44.15
124.7
32.7
35.85
89.34
35.51
93.88
35.61
37.85
37.96
20.26
68.46
55.15
46.74
49.47
58.48
60.38
78.16
94.13
0.0
47.96
50.5
65.23
57.35
65.72
32.51
43.46
53.16
0.0
54.12
41.11
35.6
36.68
46.8
41.08
61.4
76.93
20.39
0.0
137.8
99.9
52.4
47.89
99.83
26.14
54.24
67.29
82.48
75.64
19.04
77.12
31.7
37.19
39.99
34.1
38.31
36.0
36.72
43.78
36.93
39.61
47.95
39.14
73.89
35.28
46.26
18.74
98.69
62.89
82.72
35.35
87.86
52.16
72.78
53.83
37.14
21.51
36.65
45.26
70.41
0.0
72.97
84.45
33.85
109.8
124.0
40.56
63.63
81.12
150.9
40.65
39.6
0.0
45.55
60.85
46.27
47.65
70.52
52.06
31.1
95.73
33.25
60.31
49.74
20.36
55.93
42.55
72.59
53.19
88.69
74.52
47.84
88.48
29.77
48.73
85.75
50.3
45.76
35.55
32.45
75.05
56.89
29.2
49.01
0.0
52.18
108.2
80.58
66.74
93.01
69.22
58.61
84.16
55.13
54.37
62.03
89.04
59.67
37.63
77.83
41.75
44.4
70.6
63.24
48.33
61.47
47.64
49.29
56.73
86.45
102.7
93.38
36.53
60.01
56.05
64.57
42.36
159.0
56.97
40.43
43.67
65.58
61.88
87.03
69.05
23.17
58.94
58.83
99.6
70.35
65.91
0.0
75.22
62.21
76.27
68.88
108.7
53.72
83.47
0.0
203.9
38.95
57.88
46.81
39.09
158.6
72.42
30.08
49.45
26.89
49.76
94.02
47.52
110.1
64.31
33.42
59.78
39.37
75.77
57.61
50.0
87.1
56.28
59.27
63.58
45.7
98.23
42.57
80.17
20.66
65.34
88.3
67.62
60.61
37.32
108.5
49.82
39.53
113.9
59.46
87.48
67.42
49.74
49.75
39.57
25.93
71.12
51.76
40.08
47.53
69.66
73.89
55.69
77.25
33.96
139.2
41.78
75.32
38.67
28.07
42.78
95.06
102.6
170.2
100.9
46.94
32.41
34.59
86.28
71.5
70.04
60.89
121.0
48.63
55.03
80.69
72.26
42.96
66.59
37.97
0.0
94.24
82.02
64.96
61.44
59.15
98.89
57.75
93.87
52.55
60.9
29.77
12.45
47.33
54.38
66.34
151.2
122.0
98.93
95.68
29.84
38.0
75.89
141.5
73.44
61.21
119.3
70.27
179.1
0.0
66.7
0.0
83.83
51.18
53.0
44.71
40.06
0.0
35.32
57.75
49.54
40.81
61.95
73.22
35.28
49.22
81.83
57.78
88.49
104.2
34.46
35.7
27.12
15.78
39.38
68.42
40.72
49.8
60.99
0.0
70.81
64.23
53.67
56.11
62.09
33.83
92.49
72.26
60.51
40.59
32.65
123.0
44.59
43.48
38.6
63.39
67.48
57.58
68.52
77.77
35.29
87.97
98.02
34.96
59.96
50.58
31.79
57.43
37.48
51.91
86.1
55.56
16.24
47.54
33.72
58.71
33.11
45.21
55.16
41.5
175.3
51.41
45.47
46.47
42.93
60.47
61.62
51.11
38.53
104.9
42.98
0.0
57.12
49.1
45.28
70.61
50.32
27.7
82.24
81.07
22.97
210.4
49.58
41.83
72.84
131.4
67.77
113.2
198.1
19.52
70.88
42.4
101.0
49.77
0.0
118.8
28.07
20.29
0.0
37.14
62.36
54.81
0.0
76.56
177.8
53.07
43.28
31.26
27.7
96.52
35.12
0.0
88.7
48.63
46.13
63.46
58.82
46.56
49.2
26.91
31.9
34.08
55.29
20.37
79.91
46.84
31.82
34.07
22.78
57.18
63.64
11.11
71.96
66.49
78.2
45.4
68.99
63.53
61.44
189.3
47.54
78.86
51.79
42.17
75.38
51.16
71.76
37.81
87.89
49.44
22.67
24.61
50.53
73.29
42.06
51.01
36.27
50.25
55.74
40.7
46.74
80.55
59.5
98.44
50.94
125.7
41.86
65.92
157.0
36.94
47.56
49.27
49.64
70.07
66.94
41.84
55.56
36.21
125.3
58.13
67.39
40.99
76.46
106.3
80.57
26.34
61.19
42.76
60.9
63.49
64.47
34.01
81.86
89.59
43.7
40.9
57.34
32.01
19.49
66.57
33.76
42.86
29.03
25.07
68.82
67.99
49.64
59.57
68.78
88.57
51.81
0.0
49.06
60.48
53.9
31.98
78.3
66.55
69.04
63.45
105.7
0.0
75.65
91.34
40.85
0.0
0.0
0.0
0.0
49.67
93.64
148.4
36.34
43.3
26.91
42.8
64.45
20.83
42.9
74.57
62.45
112.1
61.38
0.0
46.34
113.0
81.92
67.64
43.94
56.85
17.24
34.86
63.55
74.75
27.38
35.4
75.79
83.92
55.07
17.49
69.34
75.31
88.91
53.07
45.36
39.04
43.79
114.8
98.02
46.2
66.16
42.48
69.95
73.34
45.64
72.65
75.59
0.0
45.84
55.15
83.64
41.71
30.05
66.76
69.42
57.6
51.22
50.14
44.16
64.89
64.53
33.9
51.71
55.82
60.98
146.0
63.98
86.65
60.65
96.52
53.01
70.99
42.78
75.84
74.44
61.79
0.0
61.14
77.91
66.02
66.98
49.85
60.65
99.11
54.64
0.0
63.08
43.54
107.9
21.4
105.9
54.32
110.8
39.16
73.09
68.98
36.83
81.4
46.3
74.06
75.77
45.88
94.05
104.1
30.84
70.47
77.66
50.05
66.39
24.92
38.82
48.59
151.1
29.47
24.53
45.84
65.53
37.14
103.0
62.81
39.38
67.13
50.07
74.62
26.98
66.6
47.72
71.49
28.64
170.7
43.01
33.0
50.41
48.31
58.5
64.65
43.33
114.4
68.76
44.74
30.65
49.67
67.97
53.01
53.47
43.26
45.93
42.72
71.65
99.23
36.23
64.4
53.93
0.0
86.9
116.7
38.08
60.07
83.51
54.63
55.82
127.9
88.24
46.71
84.9
41.78
110.1
