0.5414
0.0
0.0
2.165
2.361
0.0
0.0
3.53e-08
2.59
1.227
0.0
1.247
0.204
3.516
0.0
1.01e-07
2.418
0.2419
0.3443
1.251
0.0
0.2474
2.641
1.928
3.344
0.0
0.0
1.769
nan
0.6294
0.3448
0.06685
0.521
0.7167
1.589
0.2315
0.2468
4.791e-08
0.421
4.186
0.6609
0.3459
3.312
0.384
0.6952
0.5507
0.676
5.066e-08
2.061
4.152
0.6157
0.0
0.3981
0.4624
1.957
2.833
3.004
0.9069
0.2158
0.0
0.3929
1.248
0.5573
1.574
5.007e-08
0.9118
0.0
0.6394
0.7158
7.756e-08
2.082
1.787
1.98
0.8047
1.516
0.0
0.3543
0.8637
1.551
0.9581
0.4032
0.0
0.6952
0.8654
1.102
5.84e-08
2.216
0.6417
0.3362
0.6018
0.2685
0.0
0.0
0.264
10.0
0.64
2.813
1.391
3.726
1.033
0.6896
0.5376
1.722
1.2
0.0
4.898e-08
2.23
2.347
0.251
1.666
0.1729
1.219
0.4342
0.0
1.574
1.126
4.764e-08
1.811
0.0
0.0
9.348e-08
0.5402
0.0
1.201
0.453
1.051
0.4502
0.3525
0.4118
3.571
0.0
0.0
1.026e-07
1.591
2.697
1.437
1.825
0.294
0.0
0.2504
0.0
2.506
0.4105
0.3855
5.68
0.4393
0.0
0.7008
1.107
0.0
0.3066
0.2152
2.286
0.2774
0.4119
2.847
2.203
0.5849
0.0
4.527
0.3465
0.0
0.5594
1.932
0.0
0.0
0.0
0.0
0.401
2.548
1.86
0.6836
2.258
0.3256
1.552
0.0
0.353
0.8021
0.2704
4.083e-08
0.2745
0.0
0.0
0.8321
1.786
0.4772
0.0
0.0
2.92
0.4445
nan
15.17
2.371
5.312
0.5247
0.0
1.113
0.2001
0.7375
0.0
0.7086
0.4455
5.949
1.134
2.118
4.231
0.0
4.623
1.948
2.25
0.5884
0.0
0.3718
0.5776
0.1344
5.371e-08
1.75
3.806
3.12
0.0
0.4036
5.63
0.9306
0.7182
3.626
0.813
1.367
4.24
0.7252
2.063
0.0
0.3553
6.332
2.623
1.098
2.528
9.982
2.095e-08
1.083e-07
0.0
0.2099
0.0
0.9938
4.4
0.0
0.0
1.281
0.6648
0.2343
0.265
5.963e-08
0.589
0.0
0.5787
0.0
13.24
3.175
1.255
5.007e-08
0.9653
0.1882
0.0
2.188
0.0
0.0
6.28
0.0
0.1995
0.4061
0.6533
0.0
0.4171
0.1867
0.4696
3.564
1.492
0.0
0.0
1.738
0.0
1.051e-07
0.8615
0.7759
2.838
0.9033
0.0
1.355
0.0
0.0
2.585
3.486
1.081
3.907
0.3052
2.002
1.423
0.0
0.4601
2.646
1.632
0.8565
2.264
0.0
0.0
0.746
0.0
1.359
0.4116
1.329
0.9085
1.102
2.794
0.3677
1.172
1.186
1.239
0.4014
0.6684
0.8374
0.4586
2.077
1.195
1.354
0.9115
0.7821
0.3644
1.854
0.8434
0.2452
1.033
0.6067
4.151
1.72
3.449
0.9083
0.728
0.0
0.8097
1.377
2.034
1.348
1.897
3.402
1.48
0.0
6.512
0.0
0.7537
7.968e-08
0.1225
1.016
1.151
0.0
1.546
0.4056
0.0
0.0
0.4264
1.181
0.8949
0.6129
4.845
5.418
3.516e-08
0.0
1.397
0.0
1.474
0.0
0.0
1.474
2.335
0.3791
0.4548
0.0
0.5186
0.0
0.0
0.0
2.387e-08
9.792e-08
2.131
0.691
0.5393
2.749
1.368
1.266
1.609
0.8976
9.071e-08
0.2921
1.205
0.0
2.629
0.7296
1.044
0.6977
0.403
1.112
3.989
0.0
0.0
0.329
0.0
1.033
0.297
0.9484
2.503
0.282
0.0
1.425
0.0
0.3417
1.433
0.6986
0.307
0.0
0.5174
0.0
0.5606
0.0
0.0
0.0
0.469
0.9254
0.2986
4.136
0.0
0.7471
0.219
0.7537
0.0
0.0
3.749
0.7614
1.486
0.7513
0.3465
0.0
0.0
0.0
1.092
0.9755
0.0
0.0
2.422
0.0
15.88
2.271
1.34
2.543
0.948
0.6684
3.241
0.2116
2.44
0.0
1.944
0.3406
0.0
1.098
0.7306
0.6424
1.081
0.27
0.5819
0.4963
0.1225
0.4617
nan
0.6797
0.2285
11.58
1.463
0.3933
1.717
1.044
0.0
1.436e-07
2.285
0.8166
0.7563
1.224
0.782
0.2055
0.0
6.431e-08
0.3346
1.786
0.6272
4.085
0.7314
0.3012
0.0
4.352
0.0
10.63
0.0
0.0
0.439
0.0
0.9121
0.0
0.0186
0.2303
0.2637
0.6793
3.681
0.4258
0.0
0.0
0.4519
1.026
1.026e-07
0.1707
0.4021
3.291
0.1697
0.9811
1.527
0.3055
0.4675
0.3916
1.535
1.154
0.2001
3.056
0.4469
0.9746
0.3226
0.7803
8.436
0.9282
0.0
0.6565
1.59
0.5389
1.158
0.252
0.1486
0.0
0.5768
0.3983
0.5532
2.179
0.4632
0.4126
0.2951
0.0
1.318
1.156
0.3787
1.029
0.0
0.432
0.6916
0.0
0.0
1.403
0.5578
7.695e-08
1.733
0.0
0.6325
0.9651
0.4157
0.4279
0.0
1.123
0.0
0.8862
0.0
6.549e-08
0.2524
1.712
2.075
2.428
0.0
0.5964
0.0
0.2405
0.0
0.7131
3.398
1.292
1.031
0.0
0.0
0.5082
0.9503
0.0
0.1775
2.041
0.8437
1.732
0.2877
0.2525
0.3036
0.0
1.357
0.0
1.44
0.0
0.4706
4.336
0.5176
0.6659
0.3746
0.0
0.821
1.423
0.0
2.01
6.324
0.0
1.806
2.102e-08
0.4986
0.0
1.768
1.216
0.0
1.845
0.5214
0.0
0.4745
0.7399
1.275
6.061e-08
0.0
0.0
1.192
5.63
0.0
0.4599
0.5067
10.18
0.945
0.3716
3.246
0.5013
3.724
1.16
0.0
0.8452
1.063
10.27
2.405
0.0
0.8374
3.216
0.0
0.1842
1.272
0.183
0.0
1.265
0.0
0.8675
0.2376
0.1827
2.337
1.411
0.821
5.216
0.0
0.4012
0.5493
1.106
0.0
2.236
7.579e-08
2.629
0.0
0.9969
3.436
0.1637
3.553
0.0
0.8418
0.6609
6.795
1.452
1.39
2.217
0.4305
0.0
0.1219
3.346
2.226
1.231
0.6462
3.593
0.3768
0.0
0.0
0.0
0.8649
0.9687
0.0
0.09772
0.7812
1.529
0.1573
0.0
1.213
1.992
0.9604
0.0
2.668
0.0
0.7648
0.7073
4.379e-08
0.0
0.339
0.9322
0.5784
1.645
0.3449
3.066
0.7039
2.601
0.0
0.0
1.786
2.198
0.3425
0.0
2.756
2.109
0.0
0.4244
4.852
0.441
8.002e-08
4.117
0.4656
1.789
0.0
0.0
1.223
0.0
0.5452
0.0
1.158
1.01
0.0
0.839
3.988
0.0
0.997
0.7515
1.092
0.1501
0.4588
0.5232
5.066e-08
0.8493
0.0
1.257
0.7571
2.332
1.395
1.96
0.0
0.8086
0.1206
0.3746
2.528
0.6126
0.6823
3.362
0.4474
1.425
0.3374
0.2814
0.1642
0.0
0.8228
0.2719
0.0
0.0
0.2911
2.434
0.901
2.462
0.0
0.0
7.41
3.557
0.7379
0.7121
2.145
1.238
0.5223
0.0
0.2411
0.5953
0.4178
9.517e-08
1.733
0.0
1.605
2.051
0.5576
0.9443
3.503
0.0
0.0
0.2294
2.697
0.8861
1.365
0.0
1.601
0.0
2.094
1.709
6.785
0.0
0.0
0.0
1.393
1.125
0.0
0.0
0.6336
0.476
0.0
0.2769
1.381
0.417
0.0
0.813
0.0
0.0
1.158
0.6888
0.8581
0.4658
0.7346
0.1254
3.654
1.301
0.2746
0.409
1.392
1.378
1.919
0.0
0.3612
0.5281
0.2625
0.3294
0.0
1.281
1.792
0.0
2.24
1.648
0.0
0.5306
0.0
6.334e-08
0.9549
0.5879
0.8269
2.131
0.0
1.338
0.0
0.5578
0.0
2.411
1.91
0.5526
2.06
1.298
0.2756
0.0
2.772
2.543
0.4
1.181
0.1972
0.0
0.0
1.845
0.5964
0.4579
0.0
0.52
0.2637
2.849e-08
0.04617
8.062e-08
0.0
10.28
0.09675
0.0
1.046
0.4424
3.664
0.7464
7.771e-08
0.0
0.5896
0.678
0.0
5.267
0.0
2.282
2.596
0.4817
8.472
0.4811
0.8556
0.5118
0.4936
0.0
0.0
1.552
4.3
0.2201
1.071
11.03
0.5766
2.836
0.47
0.7396
0.8185
3.684
1.333
0.4274
0.0
0.9569
0.0
4.375
1.34
0.3931
1.11
0.6197
0.3879
0.3758
0.09345
0.7845
3.557
0.0
4.204
1.476
0.0
0.0
0.0
1.16
0.0
1.529
0.0
0.5475
1.778
1.23
0.6246
2.658
0.6917
0.4098
0.6312
0.6218
0.0
0.4008
0.0
1.982
0.9043
1.111
2.752
0.1855
0.0
1.03
0.0
0.0
0.2361
1.743
0.8972
0.4639
0.5895
2.222
1.618
3.123
0.0
4.216
nan
1.345
0.9746
2.193
0.1659
0.5993
0.8942
3.065
1.171
1.005
0.0
0.0
1.671
0.6317
0.0
2.15
1.136
0.7357
0.149
1.792
0.0
0.0
2.877
1.14e-07
5.999
1.805
0.6124
0.8543
0.2219
3.752
0.2713
0.2669
3.392
0.0
1.424
0.8608
1.71
0.9568
0.3525
2.681
1.974
0.4245
0.206
0.645
7.08
0.0
0.0
0.347
1.911
1.721
0.398
1.179
0.0
1.541e-07
1.821
0.0
0.113
1.928
1.586
0.0
1.674
2.006
0.8194
0.4889
0.0
1.332
8.298
0.0
1.877
2.531
1.391
0.5142
0.4706
1.722
1.89
0.0
0.0
0.0
12.21
0.0
0.7308
0.2592
0.7335
1.503
0.6126
0.4505
1.971
2.198
0.454
3.935
0.0
0.0
0.7513
0.0
0.5918
0.584
0.0
1.519
0.0
0.3823
0.9327
0.3301
0.6258
0.5344
0.0
0.0
0.0
0.0
0.0
0.0
0.0
0.4831
2.337
0.6215
0.4143
1.096
1.176
1.948
0.417
0.7602
0.3639
0.0
2.873
0.0
1.122
1.381
0.0
0.0
3.57
0.2557
0.0
0.3132
5.025
0.3494
0.8654
0.6896
0.0
0.4179
0.0
0.3336
1.589
0.0
0.9306
0.7602
0.0
2.645
0.0
2.283
0.6288
1.029
0.6404
2.92
0.2751
1.205
0.2401
0.6918
0.0
0.6204
0.0
1.961
2.42
2.611
0.2807
12.86
0.429
0.1704
0.4823
0.7737
2.19
0.4193
1.082
0.0
8.062e-08
0.4453
1.995
0.7763
1.136
2.373
2.198
0.0
1.577
0.0
0.3987
0.0
4.695
2.44
0.0
0.0
1.043
0.0
0.1739
0.0
1.743
0.9327
0.2118
1.153e-07
0.9123
0.2273
0.0
8.472
0.1461
0.9782
0.0
0.0
0.4836
0.4061
0.5784
0.9541
0.7855
1.317
1.311
0.8138
0.0
1.17
7.47
0.0
0.3037
0.5644
2.069
4.324
1.298
1.974
0.0
0.8378
0.9604
0.0
0.0
0.0
0.7563
0.4911
0.2427
0.5783
0.3693
2.24
0.1638
0.2186
0.0
0.8866
0.7254
0.0
0.3312
0.0
0.5685
2.884
0.8433
0.0
0.3387
1.683
0.3817
1.278
1.725
8.97e-08
0.428
2.592
0.0
2.285
0.4798
3.197
0.0
0.4353
0.0
4.503
0.6189
1.234
0.0
0.1849
0.3202
0.0
1.014
1.135
4.166
2.794
0.3472
1.326
0.1889
0.0
1.119
0.2125
1.006
1.349
2.405
2.898
0.0
2.733
1.858
0.5361
0.0
1.171
0.0
2.836
0.8448
0.4096
0.0
0.5224
0.0
4.771
0.3168
0.0
1.275
1.029
0.201
0.8565
3.345
0.0
1.448
0.3345
1.22
0.6687
1.157
0.0
0.2918
0.6469
0.872
0.4699
0.5879
0.0
nan
0.3061
1.877
1.027
5.549
0.0
0.3531
0.0
0.6006
0.4436
0.4112
2.005
0.0
0.1449
0.4409
2.353
0.0
0.7496
3.503
0.0
0.6511
3.592e-08
0.1122
0.2435
0.8528
1.392
0.0
1.854
0.1822
1.124
0.0
0.6386
0.516
0.7806
0.8322
4.947
0.6329
0.1361
2.331
3.681
1.734
4.627
0.6215
0.3508
0.945
0.0
0.48
0.0
0.0
0.0
0.5718
2.131
0.0
1.336
0.1555
0.901
0.2784
0.1829
0.3499
0.4782
0.871
2.213
2.069
0.0
0.5115
0.0
0.3514
0.296
0.0
0.0
1.476
0.1591
2.015
0.0
0.0
0.339
1.388
0.1556
1.992
0.0
0.0
0.0
0.3467
0.7635
0.0
0.3482
8.388e-08
10.8
0.0
0.0
0.3541
0.7078
0.0
1.23
0.0
1.445
0.2715
0.0
1.068e-07
0.0
0.747
0.1477
1.298
0.3585
1.454
3.614
0.4936
0.4088
0.6111
0.2366
0.4444
1.231
3.486
0.1679
1.026
1.046
1.367
0.2701
0.0
0.9943
0.6716
0.3724
3.78
0.0
0.0
0.6475
2.138
5.877
4.185
0.0
1.01e-07
0.6687
0.8482
0.0
0.5391
0.506
0.8756
2.439
8.217
1.266
2.645
0.0
0.0
0.0
2.186e-08
0.5407
0.2309
0.0
0.3389
0.9943
0.0
2.645
0.2276
1.909
0.0
3.156
3.566
0.0
1.93
2.795
2.283
0.4633
10.28
1.216
0.8414
0.572
0.0
7.276e-08
0.4803
0.0
0.2275
1.39
0.7707
0.5343
0.7136
0.53
1.272
0.2543
0.0
0.6885
1.051
0.9254
0.0
0.8247
0.2982
0.2644
0.0
0.0
6.313
2.573
0.4944
0.0
0.7009
1.158
0.0
0.0
0.0
1.864
0.0
0.9966
3.325
0.0
2.091
0.0
0.962
2.253
0.0
1.75
0.6861
0.0
0.6028
0.1456
0.3611
0.3959
0.3098
2.932e-08
0.0
0.2486
0.5111
0.2199
0.0
0.0
0.0
2.06
0.4129
0.4848
0.3189
2.786
13.09
0.0
0.0
0.4101
0.5268
4.336
0.2809
0.0
1.166
1.725
0.8383
0.4
1.674
4.604
0.0
0.1736
0.0
2.002
0.0
3.29
0.2886
0.8424
4.476e-08
1.233
0.0
1.357e-07
1.174
0.2473
7.289
0.5059
0.2831
0.631
6.324
1.738
0.8194
0.52
2.687
2.102
5.621e-08
3.632
0.8208
1.553
3.381
3.532
0.3604
0.0
0.8808
0.0
1.225
0.0
0.2506
0.0
0.0
0.2962
0.3008
1.048
4.359
0.5057
4.163
0.2226
0.4114
1.897
0.0
0.0
1.027
0.6067
2.966
0.8395
5.789
2.877
2.29
0.7858
0.0
2.34
0.182
0.6461
0.262
2.306
0.3759
0.0
1.363
5.382
0.5959
0.0
0.2844
1.999
0.0
0.3156
0.742
1.381
0.3234
0.0
0.494
1.205
0.4937
1.286
0.9812
1.944
0.3427
4.939
0.6426
0.4003
3.04
0.7751
0.0
0.0
0.0
3.156
0.0
0.494
0.0
0.6511
1.869
0.121
0.2787
0.0
7.41
0.1054
1.195
1.184
0.558
0.8381
1.854
0.0
1.51
0.0
0.0
1.698
1.404
0.4048
0.2711
0.3958
0.5495
0.0
0.0
0.6364
1.182e-07
0.0
1.632
0.4729
2.282
4.324
0.9488
0.378
0.0
1.106
0.0
0.5282
0.7763
0.7623
0.2357
0.3828
0.0
0.6472
0.1625
0.0
0.2601
0.4045
1.359
0.1827
0.0
0.3085
2.006
1.166
4.416e-08
0.0
2.261
3.219
0.0
0.4643
0.0
0.0
0.5901
9.395e-08
0.3481
1.56
1.048
11.65
0.1424
0.0
0.0
0.7614
0.0
0.0
0.06282
0.7247
0.1928
1.411
1.015
0.623
3.564
3.641
0.8546
0.9033
0.1977
0.0
0.871
2.491
1.671
1.768
0.2607
2.321
3.802
0.0
0.0
0.0
0.6669
0.809
0.2433
0.4066
0.4089
1.276
0.6426
3.461
0.8284
0.47
0.6079
0.367
0.4546
0.0
0.1464
1.802
1.72
0.1767
0.6306
1.686
5.216
2.551
0.1333
9.517e-08
0.0
0.7829
0.3959
0.469
0.286
1.589
2.551
0.1892
1.445
1.123
0.0
0.8197
0.0
0.0
0.8203
5.972
0.0
0.4883
2.733
0.6955
0.9173
1.712
0.2048
0.0
1.275
1.445
0.8556
5.549
0.0
2.526
0.0
0.6142
0.0
5.595
0.2315
1.377
0.9304
0.4497
0.4727
0.2192
0.6985
2.057
0.5558
0.589
0.3796
1.579
1.403
0.4075
0.0
1.807
2.005
0.425
0.2466
0.7142
1.29
0.7131
8.387e-08
0.6197
0.5586
6.112e-08
0.3448
0.4524
0.0
0.0
0.8228
0.5686
0.6262
0.0
0.4067
0.9785
0.0
0.0
0.1734
0.9007
0.429
0.1383
2.109
3.376
3.874
0.8581
0.8081
6.324
0.8381
2.057
0.0
3.579
0.893
0.897
1.388
9.77e-08
0.962
0.2353
2.123
0.6182
0.6885
0.5553
6.239
0.7308
0.3925
1.218
0.2249
1.298
3.117
0.0
0.1677
0.9203
0.3077
3.376
0.9203
nan
2.207
0.0
3.065
0.6164
0.0
0.4932
0.5855
0.2971
1.998
0.6076
0.5497
1.591
0.3076
0.0
1.095
9.824e-08
0.0
2.068
3.661e-08
0.0
0.3243
0.274
0.2794
2.506
0.746
1.078
0.0
0.7397
0.8159
1.588
2.092
0.4689
0.09607
0.0
0.0
0.3667
0.2064
0.2828
1.887
7.302
0.2717
0.0
0.4383
0.0
0.0
0.1855
0.8197
6.33
3.896
0.6091
0.4252
0.3322
0.5429
0.9017
1.043
0.7556
2.895
1.249
0.2387
0.0
0.5572
11.27
3.508
0.5172
0.6897
0.771
1.599
1.027
0.6821
0.7114
1.22
0.3618
0.5466
2.568
0.2648
0.7056
0.7294
3.084
4.185
0.0
0.3169
4.018
2.452
0.0
2.179
0.0
1.2
2.473
0.2187
0.2358
0.6742
0.3574
0.0
2.198
0.4425
0.01421
0.0
8.452
2.057
0.8306
0.6387
0.7896
2.702
0.2497
4.323
0.2955
0.0
1.381
2.199
0.1378
1.326
0.0
1.027
0.4139
0.437
0.2098
1.363
0.6353
1.12
2.105
3.156
0.1118
2.443
2.517e-08
0.2289
0.8451
5.019
0.9121
0.2429
0.0
0.4278
3.156
0.0
9.078e-08
0.3611
0.3627
0.0
1.072
2.749
14.06
0.3004
0.5672
0.7571
1.937
0.2444
0.3119
0.3901
0.1375
3.441
0.3868
1.18
1.125
0.0
0.0
0.4744
2.807
0.6993
1.02
0.2821
0.7009
0.3317
2.181
1.029
5.84e-08
0.0
0.0
0.0
0.4872
3.307
0.0
0.8094
0.0
2.331
0.0
0.0
0.5869
0.4517
0.3634
1.552
0.2353
0.0
0.1684
0.4048
0.0
0.0
0.5058
9.982
0.0
0.5454
0.829
2.628
0.0
1.027
0.0
0.4527
0.0
1.437
0.2934
0.2183
0.1734
3.535
0.0
0.3346
1.887
0.0
0.4894
0.5036
2.762
0.4599
0.0
1.98
0.0
0.344
1.422e-07
0.0
0.3183
0.199
1.01
1.023
1.938
1.124
0.0
0.09292
0.2851
0.0
0.6265
0.3902
2.265
0.0
0.0
0.0
2.89
7.695e-08
0.0
0.4153
3.115
0.0
12.27
0.08464
9.071e-08
1.316
0.0
0.0
1.605
2.742e-08
2.804
1.109
4.908
0.4234
8.176e-08
0.6523
0.3611
1.869
0.3528
0.9196
0.1609
0.6133
1.586
0.742
0.8159
1.887
0.3728
4.418
0.7233
5.033
0.6667
0.3967
2.673
0.0
0.3116
0.3041
1.174
3.004
0.0
2.216
1.467
9.078e-08
1.172
0.3159
0.5795
1.221
0.7552
1.049
0.2452
11.52
0.4762
0.659
0.3019
0.3812
0.0
0.2033
3.188
0.0
0.5419
0.6364
0.525
0.0
0.9443
0.8223
0.5976
0.0
0.7963
10.03
0.2261
2.549
5.621e-08
0.3782
0.5768
0.2843
0.6775
0.0
0.2491
0.4594
0.3876
0.09612
0.9404
0.462
0.9143
0.5468
15.46
0.0
0.3672
0.4881
0.3161
1.506e-08
4.05
0.6275
0.9085
0.317
3.937
0.0
2.227
0.1395
0.7247
0.0
0.341
0.6345
0.4061
3.115
0.9064
1.004
0.8794
6.575
0.258
1.971
0.0
4.085
1.162
0.3697
1.04
5.168
0.724
3.116
0.0
0.0
0.9112
3.564
0.4095
5.358e-08
0.3471
0.0
0.0
0.0
2.363
0.6878
1.357e-07
0.3508
0.3647
0.0
0.3738
0.0
0.5081
0.4877
0.2762
0.9737
3.648
0.0
0.0
0.0
1.732
0.0
0.4258
2.756
4.166
1.789
2.371
1.666
0.6312
0.3015
0.4761
0.9541
1.593e-08
1.44
0.6662
1.609
0.8976
1.608
1.503
2.322
0.6209
0.0
2.645
4.368
0.7124
0.0
1.811
0.4596
0.0
0.0
0.2026
0.6637
0.0
0.7013
0.3331
0.5245
0.0
2.92
0.2561
0.0
0.6815
4.939
1.725
0.7015
0.0
0.1775
1.395
1.2
0.6752
0.9568
0.3702
0.4367
0.0
0.5085
1.247
0.872
0.476
1.584
0.7206
0.2182
1.221
0.0
0.9367
4.817
2.529
7.172
0.5241
0.2093
1.782
0.0
3.32
1.391
0.0
0.2421
1.363
0.5205
0.771
0.5665
0.7938
0.2481
0.6623
7.832
3.113
0.7763
0.4523
1.378
0.8235
0.3958
0.2361
2.886
0.0
0.5952
0.7628
1.49e-08
1.782
0.0
0.0
1.08e-07
0.0
0.8152
0.0
0.1163
5.019
0.532
0.3782
2.363
6.324
0.6093
0.3973
0.0
0.2955
0.0
0.0
0.7404
0.0
3.361
0.0
0.0
0.0
3.508
0.0
0.8708
0.0
0.0
0.0
1.114
0.2186
0.0
2.642
0.7032
0.0
2.518
0.0
5.15
0.5777
3.654
1.821
0.8247
0.5695
5.731e-08
0.6079
0.2469
3.041
0.8881
0.0
0.0
0.5753
0.9104
0.0
1.1
0.3945
1.095
4.771
0.2044
0.8048
0.0
0.0
0.325
0.3634
0.7002
0.8756
0.0
0.0
1.828
0.908
0.0
0.4222
0.5093
9.77e-08
0.6909
0.3681
4.1
0.2193
13.13
0.8075
0.0
2.574
0.181
0.717
0.192
0.0
2.161e-08
0.6836
5.963e-08
0.3212
3.673
0.9228
0.2596
0.0
0.0
0.414
0.9655
0.5507
0.3713
0.2723
0.0
3.286
0.4806
11.03
3.188
0.6754
0.3225
0.7294
0.5741
1.186
0.0
1.182
0.0
0.0
0.5606
4.648
0.5634
0.0
0.0
0.0
1.08e-07
0.33
0.969
0.7822
4.951
0.4355
0.5727
0.0
1.181
0.8735
0.0
6.768
0.3581
0.0
0.295
0.8863
1.039
0.0
0.373
1.192
0.0
4.672
0.0
0.1678
4.503
0.0
3.4
0.4493
3.32
0.4153
1.318
0.3738
2.693
1.005
0.7978
0.0
0.5532
0.0
0.2498
0.0
0.1899
0.872
0.0
0.1825
2.389
0.2302
0.7642
0.0
0.4607
6.324
0.65
0.1071
0.0
0.5955
0.4083
1.445
1.063
0.6197
3.667
4.125
0.1477
0.0
0.6885
0.5379
0.4313
0.622
3.502
5.439e-08
1.994
1.433
0.3697
0.6702
0.6262
0.0
2.531
0.0
0.7508
3.234
0.1793
0.272
1.151
0.2072
1.124
0.7316
0.8269
0.2043
6.33
1.3
2.752
0.0
0.9463
1.436e-07
1.078
0.6783
0.4726
4.446
0.5289
1.051
2.013e-08
0.6296
8.387e-08
0.0
0.0
9.419
0.3114
0.0
15.17
0.0
0.5121
0.6404
0.4866
0.0
0.0
0.1996
0.0
0.3217
2.411
0.8485
0.1742
0.3803
0.3643
0.0
0.353
0.6589
1.908
0.514
0.0
0.7198
0.5672
0.4475
0.9833
1.599
0.9123
0.3549
2.479
0.6752
0.1606
2.596
0.7343
0.0
0.2207
0.6022
0.4002
0.0
2.623
0.0
0.7775
0.1749
0.3388
0.144
1.004
1.201
0.311
0.4984
0.0
0.0
3.411
3.255
1.937
1.56
0.0
1.234
0.4933
0.7002
0.0
0.0
2.503
0.0
0.0
1.64
0.6585
2.122
1.243
2.346e-08
0.2365
2.347
0.2661
0.04617
0.8881
0.6748
2.283
1.584
1.404
0.4346
0.3504
1.805
0.3106
0.0
0.0
1.51
5.092e-08
0.0
0.0
4.68
2.087
0.4644
0.0
2.131
0.0
0.3973
11.71
0.0
0.2834
5.772e-08
0.436
0.0
4.277
0.4261
0.0
5.832e-08
3.931e-08
2.264
0.3993
0.4164
0.7375
0.4839
0.4516
0.4003
0.9824
1.078
0.958
5.382
0.1564
1.079
0.4164
0.4203
2.02
0.2215
0.7175
0.2757
0.8248
2.695
3.724
0.276
0.208
1.114
0.1983
2.002e-08
0.6041
0.4821
0.4184
1.919
0.0
4.657e-08
2.102
1.367
0.5449
2.708
0.2754
0.4489
0.0
0.0
0.2844
0.0
0.5177
0.969
1.1
0.3041
2.232
1.909
0.7851
6.204e-08
0.8181
1.369
0.8817
0.8081
0.5842
0.7399
2.467
0.1873
5.68
1.29
0.0
0.6919
0.3393
4.965
0.0
0.0
2.244
4.845
0.0
0.7907
0.8949
0.0
10.49
0.136
0.7396
0.6071
0.3828
0.0
0.3455
0.9024
0.0
2.697
0.0
2.642
0.0
0.2317
0.6178
0.3599
0.0
0.0
0.5443
0.5192
0.0
0.0
1.051
0.8121
1.354
0.5594
1.937
4.658
0.0
0.7425
0.2034
0.0
1.095
6.653
4.097
1.546
0.9058
2.94
3.316
0.5422
0.8546
0.2741
0.0
0.1933
0.3599
0.4305
0.1815
2.478
3.321
0.0
0.9064
1.111
0.0
2.166e-08
0.3243
0.0
0.0
0.8395
0.0
2.02
1.318
1.395
0.0
0.4769
2.673
0.14
0.645
0.3329
0.7552
2.456
0.4054
3.493
0.4464
0.0
0.3031
1.568
0.6043
1.944
0.5405
1.166
1.33
0.0
3.051
0.1331
0.5643
3.089
0.1169
0.7266
0.8594
1.339e-08
6.653
0.7254
3.392
0.8208
1.18
0.0
0.7655
0.4867
0.3932
0.5459
0.6279
0.6244
0.8661
1.431
0.8733
2.805
1.094
0.0
0.63
0.0
0.0
0.0
0.0
2.704
2.521
0.0
0.2312
0.349
0.5162
0.1612
2.335
0.0
1.922
0.4482
0.3364
0.7748
2.548
1.122
7.113
0.0
1.811
0.8433
5.781
0.9702
0.0
0.1668
0.0
0.4514
0.1716
0.48
0.0
2.733
0.4286
0.1504
0.4229
0.5968
4.234
0.7431
4.418
0.0
0.0
1.027
0.0
0.2629
1.359
2.253
1.39
0.6573
0.4597
0.0
0.3076
1.992
0.0
0.4758
0.0
1.341
1.304
1.424
0.5992
0.0
0.4085
0.5329
0.45
0.1042
0.557
2.721
1.105
0.3151
0.872
1.126
0.578
0.0
0.5115
0.2526
3.381
4.064e-08
0.2947
0.4129
6.768
1.133
0.7003
0.3819
0.9017
0.244
0.1328
0.2669
0.0
0.0
0.284
0.0
3.781
0.7009
0.462
0.6408
0.7395
0.1866
2.321
3.175
0.2216
0.0
0.4815
3.169e-08
2.718
0.0
8.876
0.0
1.701e-08
2.227
0.1912
0.9721
0.1176
1.821
3.188
0.193
1.029
0.3661
0.9742
0.9735
2.526
0.0
1.395
0.2869
2.673e-08
3.535
2.207
1.683
0.6215
0.4945
0.3251
0.4316
0.6933
1.109
0.2603
0.2326
0.0
3.54
1.096
0.9812
0.3331
0.2549
1.589
0.0
5.789
0.0
0.1163
0.0
5.466e-08
12.8
1.552
0.0
0.7271
0.6365
6.228
1.998
2.061
2.898
0.439
0.6242
1.227
0.3186
1.179
0.0
0.3658
0.2659
0.1319
0.1438
0.2164
4.485
1.486
0.0
0.0
0.6497
0.0
0.9115
0.0
0.724
0.0
2.538
2.265
0.7253
0.3551
0.8079
1.778
1.348
1.516
1.141
0.6367
0.3735
1.025
0.0
1.036
3.402
2.589
1.448
0.7819
0.3892
0.0
1.243e-07
1.023
0.7592
0.0
0.2587
0.0
0.3132
1.474
0.1609
0.0
0.4488
0.4699
0.0
0.6326
0.3367
2.066
4.41
0.0
2.705
0.0
0.0
0.839
1.807
0.3029
0.5594
5.101
1.089
0.5316
0.0
0.8799
1.16
0.2685
0.2104
0.2872
0.0
0.1446
0.2905
0.5037
0.6687
0.0
11.44
0.2489
0.1221
0.8601
0.0
1.276
1.689
2.23
0.6495
0.9461
1.769
0.6909
0.0
2.094
1.065
0.1877
0.527
0.3206
0.0
2.767
1.659
1.401
0.0
0.1847
0.0
0.333
0.0
0.5034
4.136
1.381
2.456
3.758
0.0
0.2559
0.3482
0.0
1.027
0.2655
0.0
0.0
2.94
2.574
0.3939
4.446
0.4384
0.0
0.4334
1.273
0.0
0.0
0.4148
0.3341
0.3236
8.388e-08
2.611
0.4873
0.0
2.261
3.421
0.4108
0.7533
0.2287
0.4311
0.4351
2.116
1.095
0.0
2.788
3.487
0.2481
0.6796
6.28
0.0
0.1791
3.291
1.932
0.556
1.174
0.0
2.355
0.8611
0.7177
3.321
0.3002
0.8652
0.3403
0.908
1.96
5.549
0.3781
0.2254
0.0
4.604
0.1322
0.0
0.643
0.389
0.4719
0.0
0.2802
0.1189
0.3982
2.802
0.0
0.4265
0.5602
0.2521
3.838
0.8119
0.4035
0.0
0.0
3.467
8.865
0.0
0.0
0.0
0.6028
0.4426
1.029
0.0
0.5443
0.2152
1.355
2.645
0.3895
0.0
0.0
4.352
1.717
0.2135
1.465e-08
0.0
0.5246
0.6977
0.0
0.5608
3.359
0.0
0.7165
0.8473
0.0
0.08964
5.999
0.9883
0.4776
0.1772
0.616
2.203
0.2401
0.6054
1.313
0.5515
2.695
0.0
0.2499
0.0
0.1438
0.0
0.5402
0.8499
2.664
1.592
0.0
0.0
1.311
0.0
0.0
0.5498
1.218
0.0
0.0
2.164
0.5954
1.106
3.051
0.1702
1.449
0.5043
0.5867
3.491
