8.651
15.97
15.4
12.67
20.9
22.53
21.01
20.58
20.85
8.342
13.16
23.91
4.71
22.92
25.1
27.19
24.52
24.95
4.13
4.13
9.276e-07
13.98
6.562
24.55
28.05
27.23
27.23
26.02
26.02
10.49
10.79
15.67
12.8
20.19
20.16
28.62
19.14
14.98
20.53
16.15
17.59
0.0
6.65e-07
14.27
14.27
24.08
24.08
32.86
22.36
22.36
22.36
7.307
9.82
10.16
10.49
8.575
19.26
21.96
20.42
20.24
23.55
21.92
8.389
4.252
1.673e-06
8.433
4.314
11.58
9.407
11.98
7.67
7.779
7.779
6.162
3.188
8.992
18.21
14.9
13.53
24.47
27.5
27.19
23.22
21.99
24.08
22.92
9.627
9.627
13.37
0.0
16.73
27.53
21.91
25.04
21.05
21.05
21.91
7.271
14.01
11.06
6.837
13.41
17.27
13.92
15.21
15.12
16.04
11.82
24.33
16.0
10.51
28.52
25.06
27.99
30.68
32.8
28.81
8.91
0.0
8.976
9.569
7.363
27.46
26.04
27.45
28.89
28.64
28.89
10.34
12.09
10.97
0.0
1.261e-06
18.13
23.69
23.69
22.65
28.52
23.69
7.856
8.859
6.763
7.315
27.0
26.82
26.34
27.86
26.5
15.79
13.34
9.087
9.324
9.087
9.324
15.79
13.34
0.0
0.0
5.201
17.07
6.786
22.3
19.81
16.82
17.51
16.82
6.317
14.39
3.944
10.85
6.892e-07
12.97
19.71
14.69
13.95
18.11
14.69
12.51
17.84
1.285e-06
12.89
12.34
9.531
23.21
22.75
23.95
27.59
23.56
24.87
24.87
13.92
6.143
12.84
13.23
8.153
13.42
17.69
16.4
12.45
8.79
0.0
14.79
11.85
27.48
19.5
21.18
20.44
20.44
14.54
10.86
17.3
13.03
26.41
22.85
22.77
22.07
23.07
17.06
0.0
14.39
0.0
1.36e-06
21.01
18.85
18.85
23.37
18.85
18.85
11.62
10.83
0.0
0.0
8.475e-07
25.17
25.17
25.17
27.11
24.25
25.17
16.7
18.48
3.576e-07
18.55
5.663
9.499e-07
33.26
20.51
21.65
23.25
20.07
21.65
21.65
16.91
8.82e-07
9.486
0.0
27.83
27.67
26.92
27.67
27.67
14.91
19.45
9.452
0.0
6.528
18.05
16.75
20.73
21.7
16.08
18.05
13.25
7.657
14.77
17.35
21.37
18.06
21.12
21.87
20.01
15.28
0.0
12.4
26.87
25.24
23.19
28.62
26.21
26.21
10.07
17.83
6.058
9.46
20.0
22.84
20.66
18.58
20.84
7.433
10.91
1.945e-06
5.643
7.875
19.75
18.45
15.91
20.94
17.53
17.53
17.9
9.667
11.81
0.0
8.646
29.99
26.95
26.51
27.65
28.06
26.95
7.922
14.92
21.53
21.53
28.63
28.63
33.1
33.37
33.17
13.51
15.35
17.04
7.842
13.76
22.07
27.68
28.9
22.31
9.533
0.0
11.81
11.82
0.0
19.29
18.84
20.53
18.84
21.93
18.84
12.39
0.0
5.197e-07
14.28
10.77
20.16
18.72
21.18
20.59
20.59
20.59
8.484
0.0
12.56
0.0
19.18
17.74
20.11
17.74
17.74
7.423
0.0
14.79
5.661
10.86
23.69
26.77
23.99
26.23
25.42
25.42
15.57
13.48
17.65
12.27
20.29
17.23
20.33
18.14
11.75
4.346
0.0
12.9
13.26
5.727
23.21
26.2
22.12
24.34
18.33
24.34
21.52
9.549
0.0
12.96
27.11
31.49
24.0
28.31
27.11
10.05
14.69
9.401
15.52
12.89
21.88
18.52
21.37
15.63
16.53
19.07
12.49
0.0
19.42
4.977
9.909e-07
22.79
11.63
10.73
15.8
10.73
10.73
14.28
20.68
18.04
9.683
27.08
31.61
27.43
29.29
31.1
25.44
9.72
6.724e-07
15.16
8.015
23.31
19.5
25.52
22.27
18.6
18.6
13.84
0.0
22.81
4.586
20.13
22.58
23.42
22.95
22.95
22.73
7.375
13.35
15.15
0.0
21.28
21.19
10.96
20.43
19.85
21.19
5.659
0.0
13.56
7.615
21.82
18.11
20.63
19.36
19.36
11.3
14.69
18.55
18.77
13.67
17.99
26.49
14.98
24.6
4.694e-07
16.61
16.45
8.603
16.67
24.05
26.12
24.65
26.88
23.49
24.65
4.829
12.82
19.88
11.85
1.386e-06
16.21
28.68
32.56
27.03
32.83
32.95
33.0
32.56
13.38
10.86
14.71
6.05
8.566
15.34
34.55
34.8
35.92
30.35
39.67
35.39
35.29
16.86
20.08
12.61
7.928
0.0
6.286
20.73
18.43
18.72
18.44
27.15
19.03
18.43
10.88
0.0
11.27
7.02
16.31
9.095
19.75
23.19
20.49
25.15
18.88
20.87
18.88
13.78
15.2
14.03
13.28
7.58
8.751
19.21
19.58
21.02
21.41
26.38
21.86
19.11
7.903
15.09
9.886
12.7
12.7
2.809
23.89
23.89
21.42
22.5
20.04
22.37
21.46
7.932
12.34
4.102
6.407e-07
20.49
16.02
25.46
17.64
14.77
16.96
16.02
10.67
7.193
8.717e-07
0.0
27.94
27.94
29.67
28.73
27.94
0.0
17.03
17.0
9.848
0.0
8.885
28.87
30.32
29.71
30.32
38.71
36.21
30.32
10.36
11.34
11.06
7.692
13.73
15.93
23.92
28.16
27.77
22.98
22.38
24.95
22.54
9.815
11.33
8.815
0.0
9.765
13.2
25.22
24.68
28.3
23.48
23.09
26.27
25.22
0.0
13.75
16.81
9.603
9.167
15.36
17.26
20.91
21.4
17.1
20.45
19.21
17.1
0.0
12.62
10.54
7.454
4.694e-07
12.59
12.79
13.85
18.06
13.85
17.59
15.45
13.85
5.476e-07
13.37
13.47
11.45
11.25
22.56
26.05
20.74
21.79
18.81
21.79
0.0
15.41
7.525e-07
12.68
0.0
9.465
23.71
28.48
26.34
28.48
25.16
28.48
28.48
8.742
1.201e-06
11.24
0.0
13.58
22.3
24.54
23.53
24.73
24.54
24.54
8.557
18.84
12.85
7.469
7.373
26.06
28.32
29.14
23.76
29.74
27.55
0.0
17.07
13.32
10.75
12.42
10.98
23.57
25.57
23.27
19.05
22.07
22.69
19.05
7.198
0.0
7.529
9.062
8.137
28.08
25.78
27.31
24.83
26.19
24.83
9.258
10.29
6.352e-07
21.64
0.0
16.5
29.62
23.79
21.43
23.35
25.78
23.79
23.79
12.72
11.72
13.64
8.556
16.26
18.41
16.01
17.48
15.47
21.49
7.613
9.677
13.2
11.95
33.34
37.91
36.21
23.27
33.32
33.4
11.14
7.763
12.01
9.274
27.27
25.12
21.45
21.16
23.44
9.621
0.0
11.89
12.08
11.32
16.59
29.78
28.87
27.49
28.63
28.32
31.88
28.32
6.175
6.48
0.0
4.238
6.815
22.84
23.98
22.61
22.45
23.69
22.84
5.603
12.17
9.887
9.954
7.435
22.83
23.61
26.18
28.52
26.39
25.83
9.882
12.63
6.754
10.67
18.07
25.35
25.83
24.37
29.8
26.45
28.25
11.28
11.72
14.74
0.0
14.17
20.87
17.46
24.11
17.46
19.19
20.59
6.525
7.376
10.31
12.21
0.0
22.14
23.88
23.86
22.06
21.67
24.99
24.63
23.86
20.74
11.68
5.251
11.86
9.488
11.78
16.93
13.32
23.26
17.44
16.23
0.0
19.29
6.821
0.0
4.014
11.39
17.88
19.03
18.61
17.88
23.6
16.38
17.88
5.709
9.45
7.86e-07
18.05
11.3
2.635
21.8
23.13
21.78
20.54
22.88
20.98
20.98
11.23
16.42
10.79
12.55
24.55
25.05
26.85
28.84
25.91
13.5
12.54
7.664
15.37
11.93
21.79
29.26
24.2
21.34
22.0
23.43
21.34
7.379
0.0
9.459
17.02
14.02
20.62
27.52
25.19
20.25
20.24
20.24
12.64
13.14
14.91
0.0
6.175
14.3
12.95
18.78
22.01
21.38
14.3
11.32
16.26
14.62
0.0
8.406
12.4
21.49
21.8
19.47
26.51
16.81
26.18
21.49
6.308
12.66
1.786e-06
7.723
22.63
6.331
18.11
28.12
16.6
18.49
23.73
17.06
17.06
5.821
14.96
14.52
13.55
6.312
11.75
34.4
35.62
34.26
34.16
36.31
30.94
33.84
14.26
10.76
10.76
9.216
7.114
10.9
32.84
32.72
30.87
25.53
27.06
27.06
32.81
9.15
0.0
11.55
0.0
0.0
8.888
24.19
24.19
24.95
23.62
24.19
25.54
24.19
5.476e-07
13.08
8.786
0.0
30.2
32.92
32.92
31.75
32.92
8.449
13.59
9.217
0.0
19.3
13.94
19.07
23.51
26.86
20.01
18.72
19.26
19.07
0.0
0.0
13.34
7.321
16.81
18.16
21.63
18.55
18.55
18.67
18.55
0.0
12.95
14.72
13.43
12.76
21.01
23.42
21.01
21.25
21.18
23.96
20.1
21.18
10.5
9.204
14.51
14.29
8.239
15.18
23.61
20.53
22.96
20.49
19.38
24.03
19.45
8.752
11.53
11.49
3.443
0.0
13.46
21.44
21.97
21.92
20.96
23.57
21.99
21.97
7.168
22.67
10.3
10.13
7.926
14.18
21.27
18.09
18.54
18.53
16.87
10.12
0.0
16.73
10.95
10.38
8.565
18.23
17.59
17.76
17.73
17.24
21.49
17.24
12.9
10.6
0.0
34.6
36.6
37.03
37.57
33.96
36.6
4.529
13.73
11.34
0.0
33.7
32.52
33.27
33.18
30.84
32.52
8.941
0.0
7.175
0.0
1.286e-06
6.192
11.39
5.122e-07
17.98
21.87
17.6
17.76
17.6
17.6
17.6
11.55
0.0
9.533
0.0
41.14
41.78
39.74
41.78
41.78
23.25
0.0
13.61
0.0
18.78
13.27
25.14
13.27
13.27
7.069
12.54
15.97
6.32
29.42
25.03
24.31
20.76
24.96
11.49
0.0
11.7
0.0
18.38
11.17
13.03
11.17
11.17
18.9
0.0
21.93
0.0
34.87
34.6
34.94
34.6
34.6
11.95
17.69
19.94
17.95
8.492
20.84
24.27
18.24
18.68
10.94
0.0
4.88e-07
26.24
0.0
0.0
32.45
19.41
19.41
18.22
19.41
19.41
19.41
17.82
0.0
11.9
0.0
20.14
15.58
25.84
15.58
15.58
12.6
0.0
11.24
16.58
19.07
24.16
19.65
19.38
19.38
8.71
0.0
8.441
0.0
22.84
21.98
23.83
21.98
21.98
14.0
0.0
5.17
11.42
18.13
15.39
25.29
19.05
19.05
17.92
0.0
9.706
0.0
17.74
15.83
22.67
15.83
15.83
25.07
0.0
12.35
17.09
26.94
26.26
28.05
23.47
23.47
7.326
0.0
6.098
13.34
12.38
14.5
13.69
13.25
13.25
25.6
0.0
28.64
0.0
22.89
34.31
33.29
34.31
34.31
21.14
18.66
18.92
0.0
26.13
19.55
19.53
16.29
19.55
5.777
0.0
9.518e-07
7.078
14.55
15.34
14.47
14.55
14.55
13.91
0.0
17.23
23.49
0.0
16.11
28.04
26.62
19.83
27.56
26.62
20.07
26.62
20.3
0.0
11.17
5.402
40.77
42.05
36.9
42.22
42.22
12.69
2.631
4.47e-07
22.72
28.05
4.759e-07
25.81
31.33
23.07
24.37
24.0
23.07
23.07
4.669
10.43
12.72
3.852
22.75
19.05
22.53
22.01
20.45
11.86
0.0
8.977
18.29
17.34
14.0
19.74
14.46
14.46
15.75
0.0
10.93
10.18
19.54
10.89
19.24
13.1
13.1
14.77
12.72
11.12
7.71
18.54
16.39
19.13
18.62
16.25
13.39
17.95
0.0
16.89
7.107
15.6
7.107
7.107
12.34
0.0
13.15
5.252
15.76
7.748
15.09
7.856
7.856
7.993
0.0
10.45
15.33
30.93
29.84
34.96
34.52
34.52
10.61
12.41
14.34
0.0
13.88
12.18
17.63
11.53
12.18
10.73
5.802
16.93
0.0
24.93
27.33
28.69
26.99
27.33
19.79
5.616
0.0
0.0
13.95
13.95
17.56
13.64
13.95
16.03
14.56
8.12
0.0
30.07
30.04
28.5
25.42
30.04
0.0
14.13
0.0
17.29
17.92
21.54
17.92
17.92
10.77
0.0
16.76
10.93
27.31
19.04
23.85
19.99
19.99
6.471
22.4
10.92
0.0
26.71
26.59
26.24
30.91
26.59
9.015
9.511
20.85
22.81
27.84
24.29
29.24
29.46
27.11
11.95
0.0
9.071
6.992
25.43
27.5
27.58
25.03
25.03
18.9
19.4
10.16
0.0
17.72
18.4
9.678
10.93
18.4
9.386
0.0
16.94
0.0
33.75
27.33
28.61
27.33
27.33
15.55
0.0
17.49
0.0
17.49
0.0
15.55
0.0
0.0
16.5
17.67
10.44
13.39
19.68
20.3
18.93
24.65
19.05
14.25
14.61
33.13
13.67
34.97
24.35
25.9
26.74
23.19
22.93
0.0
15.34
15.38
23.88
26.94
21.98
24.0
24.0
9.731
11.09
8.237
27.57
26.64
25.57
25.11
26.64
14.88
0.0
12.88
0.0
22.44
18.85
22.88
18.85
18.85
6.219
8.878
15.59
13.19
25.07
24.52
17.24
21.05
17.19
16.62
14.48
13.69
17.54
18.38
20.65
21.25
15.02
15.99
16.06
0.0
17.95
6.244
11.72
12.05
16.12
18.8
18.75
21.41
17.26
22.79
17.26
12.34
10.26
8.833
0.0
23.65
22.74
20.78
22.32
22.74
11.53
0.0
0.0
10.7
21.26
23.46
19.0
21.26
21.26
0.0
22.25
11.03
11.83
12.32
26.24
26.77
25.74
24.5
17.37
24.5
9.43
0.0
16.88
8.52
9.162
10.75
16.51
9.437
12.4
16.58
12.4
0.0
0.0
21.84
18.41
34.53
33.62
31.24
31.24
31.24
10.85
15.16
20.14
10.96
0.0
21.51
25.08
23.77
30.54
25.23
21.75
28.18
23.77
9.186
12.69
17.3
11.65
0.0
0.0
16.3
12.51
12.51
16.31
17.75
13.37
12.51
11.02
0.0
18.96
13.69
14.41
0.0
19.66
16.89
13.69
22.56
13.69
10.2
23.21
15.39
0.0
4.666
15.66
35.37
36.0
36.23
31.93
34.28
33.23
35.37
12.49
12.08
15.38
7.025
0.0
14.97
7.025
0.0
14.97
12.49
12.08
15.38
0.0
8.584
0.0
13.52
6.575
9.191
9.961
12.01
10.48
10.69
10.84
11.99
19.79
11.99
6.972
13.39
8.388
8.6
26.88
25.58
24.01
29.21
25.72
11.76
0.0
14.2
0.0
0.0
14.41
14.41
16.65
14.41
21.16
14.41
5.135
0.0
12.77
13.7
0.0
23.26
25.58
21.82
22.25
21.82
21.82
17.43
17.43
15.48
16.32
29.85
30.36
35.16
35.16
31.23
5.691
0.0
5.691
16.15
0.0
23.34
17.27
16.38
17.27
16.38
17.27
16.31
13.72
8.144
15.27
0.0
18.69
8.778
17.96
13.51
12.52
8.778
0.0
13.3
11.5
6.602
15.73
18.12
16.24
21.19
19.36
15.12
19.86
14.61
15.12
13.56
11.55
6.482e-07
0.0
9.001e-07
9.615
9.615
9.615
14.56
11.45
9.615
0.0
0.0
11.78
8.873
10.66
14.02
22.81
20.56
21.73
21.19
21.19
20.79
21.19
0.0
15.78
12.63
0.0
15.18
21.3
20.45
19.56
20.45
25.51
20.45
15.79
11.23
26.53
8.559
0.0
18.87
23.15
24.04
29.15
27.23
25.57
27.15
24.04
0.0
15.67
14.31
0.0
14.39
11.88
23.92
25.39
27.76
23.92
28.95
28.71
23.92
6.477
25.25
5.96e-07
13.24
0.0
34.43
36.29
36.32
34.63
36.29
36.29
11.0
20.36
8.402
11.13
23.5
20.12
24.91
20.51
21.57
10.13
9.674
11.52
0.0
0.0
17.15
17.43
17.43
19.88
18.79
17.24
20.47
17.43
0.0
11.93
9.533
7.583
9.845
11.46
18.42
22.7
22.48
20.86
24.69
21.26
20.86
0.0
0.0
11.99
0.0
19.01
13.44
17.9
21.34
24.42
17.9
17.9
19.25
17.9
12.5
6.819
5.465
13.1
38.74
39.76
36.7
35.87
41.49
17.84
11.2
18.66
11.91
15.14
16.39
28.2
34.41
36.16
33.52
30.3
24.49
33.16
0.0
18.4
11.34
6.842
12.67
15.11
36.16
33.75
38.49
36.25
34.94
37.25
36.25
5.875
0.0
10.59
8.706
25.02
24.98
26.33
26.55
26.55
9.243
13.08
12.84
19.06
26.01
20.97
22.1
13.49
15.19
12.65
0.0
8.127
30.66
32.24
29.31
30.53
30.39
30.66
0.0
8.424
20.95
9.416
12.8
11.53
13.74
17.29
19.79
14.06
13.85
28.62
14.06
9.335
0.0
11.83
0.0
0.0
23.56
23.56
24.06
23.56
23.03
23.56
9.656
0.0
15.55
0.0
12.96
13.65
16.9
23.07
19.33
15.69
16.9
17.73
16.9
15.08
22.27
17.87
13.9
20.08
13.39
26.85
32.39
23.16
20.0
21.38
21.15
25.95
13.42
11.89
13.9
0.0
14.45
11.81
26.46
27.61
27.58
32.41
29.47
26.65
26.46
9.684
19.41
18.69
6.328
14.63
20.71
22.66
27.09
26.68
22.03
27.1
22.57
23.68
12.21
16.24
12.72
0.0
0.0
13.68
24.05
24.05
24.24
24.98
22.18
25.34
24.05
5.923
18.73
15.81
12.37
0.0
16.62
14.7
12.86
20.08
20.9
14.7
10.64
9.773
4.917e-07
10.53
10.36
19.07
22.19
11.73
18.76
17.22
17.22
15.49
18.5
17.74
0.0
0.0
5.399
22.19
22.19
22.06
20.28
23.16
17.91
22.19
7.456
12.78
9.69
12.35
0.0
7.147
30.05
28.46
29.62
28.69
27.0
27.62
28.46
14.04
0.0
25.23
14.89
12.58
12.81
37.92
34.91
38.49
33.26
36.47
38.56
36.47
17.08
10.15
20.93
6.857
0.0
20.61
23.67
22.32
25.65
27.45
24.54
22.8
22.32
12.15
0.0
0.0
17.94
15.02
20.06
17.2
15.02
15.02
0.0
19.48
0.0
0.0
14.71
16.57
16.57
18.16
16.4
16.57
21.42
16.57
12.0
12.7
12.27
7.591
20.42
9.559
20.58
22.38
20.05
21.79
23.52
23.08
19.83
22.16
8.494e-07
0.0
7.324
7.324
7.324
22.78
7.324
8.472
0.0
12.74
7.646e-07
0.0
11.88
11.88
14.39
11.88
16.5
11.88
11.53
8.794
0.0
0.0
8.857
8.857
14.07
11.85
8.857
1.151e-06
7.328
11.81
2.931
0.0
26.55
27.05
27.05
28.45
31.64
27.05
7.228
4.388
10.9
5.029
6.287
6.137
20.39
19.15
19.2
16.03
18.89
21.19
19.4
0.0
14.52
0.0
12.63
0.0
16.84
15.29
15.29
20.5
15.29
15.29
13.42
0.0
11.51
13.1
12.92
17.45
13.85
8.953
8.953
9.127e-07
6.761
8.163
0.0
10.71
21.32
19.04
21.25
19.04
18.92
19.04
15.26
0.0
9.989
0.0
13.88
11.21
19.18
11.21
11.21
17.49
22.71
7.837
0.0
17.44
15.97
23.1
24.92
15.97
0.0
8.253
0.0
17.76
15.09
15.09
15.09
15.09
15.78
19.94
14.4
9.705
25.31
24.93
25.7
19.0
24.45
0.0
0.0
12.16
13.4
12.16
13.4
0.0
0.0
0.0
0.0
0.0
13.84
13.83
11.33
17.46
9.34
9.34
9.34
0.0
23.16
18.1
0.0
24.03
18.38
18.38
23.67
18.38
7.153e-07
0.0
16.46
9.211
0.0
18.36
18.48
16.07
20.12
16.07
16.07
22.72
16.07
10.83
9.729
0.0
0.0
11.44
0.0
0.0
11.44
14.83
11.49
0.0
0.0
0.0
14.49
21.87
21.87
21.91
23.11
21.87
21.87
6.482e-07
7.382
2.107e-06
5.781
12.55
24.46
21.65
25.57
22.97
25.57
25.57
7.213
12.32
6.228
10.33
0.0
21.15
21.55
23.63
21.1
21.9
21.55
0.0
5.29e-07
14.44
14.98
19.59
14.98
14.98
14.98
20.01
19.95
9.159
0.0
13.39
13.91
22.11
24.98
13.91
13.41
14.88
16.8
7.092
0.0
7.092
0.0
13.41
14.88
16.8
0.0
12.54
0.0
8.525
13.03
12.08
14.5
14.61
13.13
13.13
0.0
13.68
9.389
0.0
26.16
26.29
26.29
25.8
26.29
0.0
10.55
11.26
18.28
0.0
21.14
15.91
15.91
16.03
15.15
15.91
21.59
16.14
0.0
0.0
14.31
14.31
23.51
23.46
14.31
5.939
31.43
4.023e-07
15.61
0.0
19.92
12.64
12.55
30.54
12.64
12.64
7.406
14.12
6.414
11.37
5.092
7.044
22.48
17.72
19.15
22.12
20.25
18.31
18.93
12.21
17.14
11.02
0.0
17.81
15.68
18.89
19.44
15.68
9.41
14.86
13.74
17.71
15.64
19.37
0.0
18.11
9.41
16.73
13.77
8.841
0.0
16.71
15.81
23.74
18.67
15.81
0.0
25.47
18.31
18.18
21.81
22.38
27.93
11.65
24.01
19.64
0.0
0.0
24.49
24.49
24.58
33.86
24.85
24.49
14.26
0.0
11.93
10.91
0.0
18.65
16.42
18.2
16.42
17.67
16.42
0.0
5.949
9.693
0.0
11.87
21.95
21.51
22.0
21.51
23.49
21.51
8.579
0.0
0.0
12.25
12.74
18.4
14.06
12.74
12.74
11.13
0.0
8.108
14.18
16.7
20.55
17.06
15.64
15.64
11.38
0.0
0.0
0.0
15.76
15.76
12.18
15.76
15.76
0.0
21.66
18.23
18.75
18.3
18.29
5.93
22.36
5.93
18.28
0.0
0.0
12.9
13.91
21.84
23.95
13.91
13.91
1e-06
0.0
7.581
0.0
20.35
17.96
17.96
17.96
17.96
13.33
16.73
9.052
0.0
12.09
10.76
17.58
12.75
10.76
14.09
6.193
20.3
19.37
5.867e-07
18.48
14.84
20.34
24.88
19.61
20.34
0.0
0.0
11.97
0.0
1.46e-06
15.29
9.826
9.826
9.826
9.826
9.826
11.3
0.0
6.857
22.39
21.21
19.26
24.74
21.9
21.9
5.253e-07
21.09
8.383
0.0
0.0
6.695
6.695
6.695
20.15
12.45
6.695
7.669
26.85
11.29
24.28
1.55e-06
15.97
26.18
11.39
11.6
29.78
11.39
11.33
0.0
10.59
0.0
18.71
14.31
17.64
14.31
14.31
9.062
10.69
9.597
14.65
12.67
24.77
27.54
27.97
23.28
26.83
25.34
0.0
0.0
0.0
0.0
17.25
17.25
17.25
17.25
17.25
14.05
0.0
11.52
14.9
5.611e-07
15.57
22.4
12.54
20.23
12.54
12.54
5.432
5.733
0.0
0.0
21.58
21.58
21.74
22.72
21.58
11.95
17.59
14.89
0.0
18.54
11.77
13.31
22.35
11.77
0.0
0.0
9.423
13.32
12.31
13.97
8.44
8.44
8.44
1.049e-06
0.0
10.74
0.0
6.411
27.14
26.9
25.77
26.9
26.9
26.9
0.0
0.0
8.995
19.63
9.559
32.04
26.47
26.07
29.56
29.56
29.56
5.29e-07
17.55
5.891e-07
0.0
16.17
16.17
16.17
19.8
16.17
5.439e-07
9.837
8.902
22.57
17.63
21.43
15.31
19.63
15.31
0.0
14.91
9.682
0.0
16.89
13.95
13.95
17.65
13.95
10.78
0.0
14.31
16.39
20.65
21.69
16.8
15.75
15.75
13.54
0.0
1.034e-06
5.197e-07
11.18
14.2
17.5
18.22
14.2
14.2
14.2
0.0
24.05
15.45
0.0
18.95
13.13
13.13
21.43
13.13
10.33
0.0
5.066e-07
0.0
17.53
17.53
17.77
17.53
17.53
13.01
21.57
11.48
0.0
22.58
17.09
18.37
20.97
17.09
0.0
13.28
9.622
10.22
20.48
22.46
18.02
21.13
18.02
12.42
0.0
6.552
6.855
15.18
27.03
23.86
26.57
25.79
27.37
25.79
6.118
0.0
6.451
0.0
34.0
34.6
34.42
34.6
34.6
14.6
0.0
0.0
17.87
18.46
23.97
21.71
18.46
18.46
0.0
0.0
16.73
0.0
22.78
16.35
16.35
16.35
16.35
0.0
0.0
12.8
14.34
18.12
13.77
13.0
13.0
13.0
16.06
9.179
14.19
17.45
18.06
18.58
17.74
13.39
9.313
4.574
0.0
7.655e-07
0.0
7.655e-07
0.0
4.574
0.0
0.0
15.5
11.89
7.482
0.0
7.482
0.0
15.5
11.89
0.0
0.0
13.42
8.81
11.85
23.7
23.91
21.77
21.71
21.77
4.771
24.44
6.047
24.27
10.56
26.31
8.873
22.83
8.129
0.0
0.0
7.716
0.0
16.36
13.78
13.78
13.78
13.78
0.0
9.166
5.236
0.0
21.45
22.02
22.02
24.88
22.02
11.48
17.73
0.0
21.17
15.74
21.75
15.74
15.74
8.643e-07
8.498
7.309
6.6
8.461
17.53
17.59
18.98
15.62
17.35
15.62
9.446
7.46
0.0
0.0
34.28
34.28
35.78
35.56
34.28
10.37
13.68
0.0
16.83
10.0
13.92
10.0
10.0
7.637e-07
14.05
1.159e-06
8.991
13.08
16.54
16.65
13.06
14.07
13.06
13.06
0.0
16.5
15.29
13.06
10.78
16.64
17.63
13.35
21.51
20.47
13.35
14.32
0.0
11.75
13.87
24.82
32.58
28.47
28.59
28.59
23.86
5.891e-07
0.0
15.62
15.62
17.87
23.18
15.62
0.0
0.0
10.67
12.19
13.55
16.78
19.38
20.97
14.54
14.54
14.54
8.627
7.504
7.518
17.86
14.67
19.42
13.21
12.72
10.94
0.0
0.0
8.427
7.704
14.06
12.3
12.25
12.25
12.25
0.0
5.243e-07
0.0
9.408
9.408
9.408
9.408
20.73
10.14
7.46e-07
0.0
13.03
13.03
22.59
15.07
13.03
0.0
0.0
6.878
11.43
18.24
18.72
17.86
17.86
17.86
13.27
0.0
1.617e-06
11.39
0.0
22.54
18.3
25.06
18.3
18.3
18.3
0.0
7.01
10.84
18.95
26.15
28.51
22.7
24.31
22.7
12.28
18.71
9.602
0.0
21.3
18.18
19.04
26.37
18.18
12.54
12.34
0.0
0.0
9.374
9.374
12.87
12.17
9.374
0.0
18.68
0.0
31.01
13.38
25.78
13.38
23.77
13.38
0.0
0.0
8.65
24.53
14.81
27.68
11.6
11.6
11.6
6.983
9.985
6.346
0.0
22.49
20.82
19.13
22.3
20.82
0.0
15.22
10.8
25.78
22.33
20.6
21.97
24.83
21.97
13.38
0.0
1.492e-06
11.7
10.18
31.08
32.24
28.28
29.57
29.57
29.57
13.44
17.59
8.413
19.06
17.29
14.41
18.8
20.02
17.61
6.718
0.0
0.0
0.0
16.54
13.02
13.02
17.4
13.97
13.02
13.02
11.91
14.95
0.0
0.0
15.73
15.73
18.98
17.31
15.73
9.091
22.43
10.95
0.0
16.8
14.79
16.4
19.94
14.79
0.0
10.51
16.64
17.22
21.49
13.57
13.57
13.57
8.512e-07
0.0
6.63
0.0
16.25
16.51
16.51
16.51
16.51
9.249
11.86
0.0
0.0
10.95
10.95
14.08
16.51
10.95
1.278e-06
22.92
9.928
0.0
15.77
13.6
13.6
20.64
13.6
15.2
0.0
6.016e-07
14.04
15.96
17.05
18.54
15.96
15.96
7.227e-07
0.0
5.026
6.501
19.73
20.32
20.54
20.54
20.54
0.0
0.0
12.73
20.15
14.37
23.47
12.27
12.27
12.27
11.38
13.82
9.965
10.88
15.03
15.2
22.62
20.94
19.49
0.0
18.62
8.841
0.0
5.93
11.1
8.458
6.862
0.0
15.97
16.77
12.63
15.04
16.77
6.966e-07
12.38
0.0
0.0
21.09
7.554
7.554
23.94
7.554
12.63
7.554
8.275
0.0
23.14
20.7
22.22
25.42
25.12
25.27
25.27
0.0
8.072
2.459e-07
17.43
0.0
19.5
14.03
14.03
15.9
14.03
14.03
8.837
18.41
5.923e-07
0.0
27.48
27.48
25.12
27.08
27.48
1.822e-06
0.0
1.536e-06
0.0
18.46
7.92
7.92
17.11
7.92
7.92
7.92
10.73
16.61
0.0
0.0
21.73
21.73
24.62
25.04
21.73
5.718
10.41
0.0
0.0
8.25
16.93
16.93
18.9
17.61
20.45
16.93
21.57
0.0
10.28
20.83
17.09
21.8
27.32
15.64
15.64
16.04
13.69
20.88
0.0
0.0
18.61
15.66
24.92
24.21
18.66
18.66
18.66
6.054e-07
0.0
6.054e-07
16.31
0.0
21.71
17.41
17.41
17.41
17.41
17.41
7.78
0.0
10.55
0.0
12.77
8.26
11.55
8.26
8.26
10.15
0.0
6.587
12.81
21.74
23.08
21.97
21.84
21.84
9.784
17.58
10.08
16.92
10.54
19.14
10.7
16.84
4.818
0.0
18.66
7.218
8.234
20.67
22.46
19.13
20.65
20.96
23.89
20.65
0.0
24.02
17.85
15.26
20.49
14.92
14.92
27.99
14.92
19.91
0.0
14.44
11.43
20.22
18.01
17.61
17.98
17.98
15.75
16.05
8.45
13.28
16.88
19.18
15.97
15.02
17.9
0.0
0.0
3.204e-07
0.0
18.91
18.91
18.91
18.91
18.91
17.49
17.59
16.06
21.84
0.0
0.0
5.739
21.7
21.7
19.56
21.27
20.42
21.7
7.263
0.0
10.28
5.851
10.17
13.09
17.81
19.9
23.84
21.34
18.33
20.76
18.33
0.0
9.984e-07
11.69
18.97
9.984e-07
0.0
0.0
9.602
17.26
18.92
0.0
23.02
17.06
17.62
23.4
17.06
0.0
0.0
14.6
0.0
16.24
6.191
6.191
6.191
6.191
0.0
0.0
16.77
0.0
22.1
23.52
13.46
24.44
13.46
13.46
13.46
9.568
13.19
8.548
9.997
0.0
14.61
15.34
17.81
15.81
15.97
15.34
0.0
18.59
18.18
22.38
22.38
19.69
22.38
13.8
0.0
12.27
16.33
17.88
15.94
20.97
19.63
20.47
12.99
12.99
5.533
0.0
6.501e-07
8.201
0.0
12.42
12.19
14.83
12.19
12.19
12.19
0.0
12.28
18.01
0.0
19.71
15.97
15.97
18.47
15.97
6.483
0.0
11.96
17.83
19.32
24.29
17.44
16.02
16.02
5.452
29.64
0.0
0.0
15.0
12.79
12.79
18.98
13.44
29.34
12.79
18.47
7.673
0.0
12.57
13.46
17.49
21.66
20.56
22.56
17.49
0.0
0.0
9.007
24.31
9.007
24.31
0.0
0.0
0.0
12.82
0.0
7.925
0.0
5.718e-07
10.46
13.12
13.12
19.23
13.12
13.12
5.615
0.0
10.07
0.0
14.17
14.6
14.64
14.6
14.6
0.0
18.83
1.106e-06
6.203e-07
0.0
0.0
14.14
14.14
14.14
14.14
17.93
14.14
14.14
7.7
0.0
2.701e-07
17.12
25.16
25.03
24.43
25.16
25.16
16.97
14.1
14.13
0.0
15.32
21.13
19.48
19.43
22.98
25.89
19.48
0.0
25.34
0.0
0.0
16.4
19.21
19.21
21.33
19.21
32.02
19.21
12.03
0.0
9.307
7.315
0.0
10.82
9.295
8.336
9.295
10.56
9.295
7.995
5.93
0.0
9.032
24.75
25.0
29.7
23.99
24.75
12.36
13.37
13.37
1.384e-06
11.04
0.0
0.0
0.0
9.932
0.0
19.84
15.9
15.9
15.9
15.9
17.35
0.0
18.51
0.0
13.88
12.26
14.88
13.88
19.55
19.85
14.88
22.94
14.88
17.43
13.44
8.557
0.0
9.803
6.142
17.91
14.54
6.142
10.37
0.0
0.0
22.86
14.35
19.41
17.4
14.35
14.35
6.772
10.39
6.772
13.95
0.0
7.171e-07
9.777
9.823
0.0
12.25
9.615
9.615
13.44
9.615
0.0
30.12
1.302e-06
13.92
10.99
16.93
23.78
24.46
26.69
23.1
27.73
23.1
23.1
0.0
15.29
4.707
0.0
8.403
15.05
14.57
17.82
14.57
19.61
14.57
13.54
0.0
5.786
18.79
20.29
21.1
22.9
24.23
20.55
19.45
20.55
8.27e-07
0.0
21.0
8.694
0.0
15.97
14.73
14.73
14.73
22.89
14.73
18.22
22.83
0.0
15.82
0.0
15.82
18.22
22.83
0.0
15.08
0.0
16.35
0.0
10.58
17.25
18.16
19.57
23.01
18.16
18.16
17.1
9.82
13.65
0.0
0.0
18.59
18.59
26.14
21.63
20.46
18.59
20.27
15.49
13.69
0.0
1.108e-06
19.08
20.39
20.39
23.98
25.42
20.39
5.818
9.176
0.0
17.04
11.19
19.03
21.99
21.39
20.09
19.92
19.03
10.51
25.91
0.0
0.0
17.31
17.31
16.03
25.41
17.31
16.5
0.0
13.92
20.04
18.89
19.81
12.76
12.76
0.0
25.68
11.07
0.0
11.97
7.256
7.256
28.93
7.256
21.66
18.67
32.26
21.14
29.21
15.32
24.99
11.77
9.978
0.0
17.6
0.0
21.1
15.76
14.56
15.76
15.76
12.58
0.0
0.0
6.407e-07
20.58
8.225
26.15
21.7
27.2
25.11
26.15
26.15
26.15
0.0
0.0
13.78
14.58
15.97
18.01
10.68
10.68
10.68
9.082
0.0
6.34
6.391
6.34
6.391
9.082
0.0
0.0
0.0
7.602
7.581e-07
0.0
15.99
15.96
15.96
22.97
15.96
15.69
15.96
7.153e-07
15.51
0.0
0.0
24.3
24.3
24.3
26.41
24.3
10.22
0.0
18.38
16.72
18.83
19.03
11.69
7.394
7.394
0.0
26.66
10.88
17.8
15.83
15.83
27.98
15.32
0.0
6.98
12.72
15.23
15.67
16.23
19.86
15.67
15.67
14.56
18.3
20.87
0.0
0.0
0.0
0.0
14.56
18.3
20.87
0.0
8.381
0.0
7.311e-07
6.54
10.54
5.849e-07
9.961
13.2
8.76
5.229
8.76
8.76
8.76
5.519
13.75
7.756
0.0
6.77
17.52
16.76
17.5
17.37
19.79
16.76
0.0
0.0
11.57
16.63
31.93
33.26
31.2
31.2
31.2
9.438
18.59
11.2
0.0
18.85
15.84
18.9
20.43
15.84
19.07
0.0
0.0
0.0
7.505
7.505
20.48
7.505
7.505
5.914e-07
8.617
7.694
21.96
12.87
26.31
23.17
20.78
21.1
18.39
20.78
15.08
19.8
0.0
0.0
7.93e-07
0.0
0.0
7.93e-07
15.08
19.8
0.0
10.49
0.0
6.885
15.15
0.0
0.0
15.92
13.31
13.31
14.71
13.31
13.51
13.31
17.36
24.48
15.46
0.0
19.49
14.09
20.07
26.25
14.09
11.51
0.0
10.68
0.0
19.15
17.13
20.24
17.13
17.13
0.0
0.0
8.397
0.0
8.973
23.64
20.45
19.15
20.45
20.45
20.45
11.39
0.0
22.99
12.59
23.26
15.04
11.39
11.39
16.7
0.0
10.15
0.0
19.85
17.34
10.29
17.34
17.34
11.3
10.9
0.0
18.6
15.5
17.68
15.5
15.5
5.918
0.0
0.0
19.61
18.67
18.43
18.67
18.67
16.75
2.792
12.5
5.035
15.04
9.306
17.15
8.829
8.541
9.464
0.0
9.259
0.0
23.06
22.25
17.42
22.25
22.25
11.74
0.0
15.36
0.0
9.481
19.49
18.29
20.26
19.91
18.29
18.29
13.74
0.0
11.36
0.0
25.02
22.32
29.48
22.32
22.32
0.0
0.0
13.48
6.176
11.03
9.353
11.04
11.04
11.04
18.61
0.0
13.55
15.83
21.07
25.01
31.71
24.12
24.12
9.79
0.0
14.68
9.11
30.71
28.56
22.64
25.96
25.96
7.396
14.18
12.71
9.027
26.31
24.27
20.94
24.92
20.99
7.581
0.0
0.0
23.57
24.96
26.08
24.96
24.96
18.56
0.0
14.64
0.0
6.594e-07
19.49
11.13
11.13
20.07
11.13
11.13
13.98
7.947
16.04
3.192
35.89
37.08
38.35
38.73
37.25
6.875
0.0
6.82
0.0
9.622
7.565
3.898
7.565
7.565
12.53
0.0
0.0
8.86
7.886
5.713
14.64
7.886
7.886
9.277
0.0
7.056
2.942
16.81
14.29
16.62
14.41
14.41
13.51
13.28
13.66
0.0
18.51
13.51
16.79
13.51
14.98
0.0
15.57
0.0
29.7
32.2
31.44
32.2
32.2
11.65
0.0
10.46
4.357
16.98
10.66
13.31
11.82
11.82
16.39
0.0
8.844
16.16
0.0
7.013
16.16
0.0
7.013
16.39
0.0
8.844
0.0
17.44
4.836
21.48
23.87
29.35
24.42
23.87
15.58
0.0
16.7
0.0
18.86
14.98
22.0
14.98
14.98
19.55
0.0
15.21
0.0
36.42
35.56
36.77
35.56
35.56
17.52
0.0
8.597
12.01
0.0
17.59
13.74
19.14
13.74
15.52
13.74
0.0
8.249
0.0
16.03
15.75
16.55
15.75
15.75
8.033
0.0
0.0
17.76
11.42
0.0
18.78
17.17
21.85
16.64
21.29
19.28
19.28
5.453
0.0
5.453
0.0
5.453
0.0
5.453
0.0
0.0
9.108
4.452
5.405
8.215
17.19
22.33
21.16
20.62
19.37
12.24
0.0
5.662
8.081
36.02
36.16
36.88
36.62
36.62
13.62
0.0
9.663
0.0
11.96
9.027
15.65
9.027
9.027
18.79
17.49
0.0
31.77
29.78
29.51
29.78
29.78
6.455
0.0
17.55
0.0
26.92
24.95
25.74
24.95
24.95
14.49
0.0
19.06
0.0
18.37
9.447
16.83
9.447
9.447
10.4
0.0
10.89
7.537
18.15
27.08
22.44
23.68
23.68
13.32
15.16
9.184
2.967
33.35
33.97
32.01
30.95
34.11
15.28
0.0
7.115
0.0
36.72
35.96
33.85
35.96
35.96
16.26
0.0
24.92
3.676
25.33
22.82
24.92
24.92
17.22
0.0
6.383
0.0
4.196e-07
17.62
20.3
20.3
16.98
20.3
20.3
17.9
0.0
10.56
0.0
35.45
33.75
33.2
33.75
33.75
0.0
16.36
15.97
16.06
15.97
15.97
0.0
16.02
0.0
26.95
29.12
29.02
29.12
29.12
6.994
0.0
8.702
0.0
21.71
24.01
25.74
24.01
24.01
0.0
14.43
4.937
16.69
4.937
4.937
1.086e-06
13.39
9.254
0.0
19.04
18.87
18.87
21.37
18.87
8.9
0.0
13.98
0.0
13.98
0.0
8.9
0.0
0.0
13.77
15.11
11.53
0.0
22.04
24.37
23.11
25.86
24.37
14.91
17.41
17.41
14.91
0.0
19.14
0.0
12.19
0.0
28.6
31.27
27.53
31.27
31.27
8.841
13.31
0.0
11.95
11.77
15.32
11.77
11.55
0.0
11.3
11.55
5.903
0.0
11.96
0.0
17.05
12.03
12.52
12.03
12.03
7.08
0.0
15.12
0.0
32.33
31.83
31.54
31.83
31.83
6.732
0.0
7.566
20.65
21.45
21.64
21.45
21.45
12.44
0.0
7.97
20.68
7.97
20.68
12.44
0.0
0.0
18.18
0.0
13.69
0.0
37.38
35.85
33.64
35.85
35.85
11.33
0.0
11.48
0.0
19.76
15.22
11.01
15.22
15.22
16.15
15.13
0.0
12.67
0.0
13.81
14.83
24.42
22.85
14.83
14.83
0.0
10.5
0.0
15.35
13.78
18.4
13.78
13.78
4.042e-07
8.029
14.71
15.41
20.22
20.48
16.38
16.37
16.38
11.03
0.0
12.92
12.98
16.23
15.89
12.88
8.904
8.904
11.85
0.0
0.0
7.305
16.61
20.73
17.3
16.61
16.61
10.94
0.0
6.584e-07
9.381
0.0
24.1
24.88
29.31
24.88
24.88
24.88
10.68
0.0
10.93
0.0
14.73
15.27
14.18
15.27
15.27
21.38
0.0
15.79
0.0
12.57
26.87
22.97
25.57
12.09
22.97
22.97
5.2
5.435
9.056
4.374
29.17
27.88
29.97
28.62
28.32
6.042
10.68
9.026
3.884
25.65
27.76
26.8
28.77
28.02
15.71
0.0
8.626
9.852
28.76
28.31
27.12
27.86
27.86
7.961
0.0
8.468
4.86
7.756
8.85
9.727
7.685
7.685
12.53
3.028
12.77
0.0
30.01
29.24
29.76
29.52
29.24
17.32
0.0
6.865
0.0
10.72
9.34
20.64
9.34
9.34
8.116
0.0
3.688e-07
7.033
0.0
4.154e-07
24.44
24.6
24.6
24.17
24.6
24.6
24.6
8.348
0.0
11.25
0.0
22.44
19.36
16.45
19.36
19.36
0.0
8.953
0.0
12.12
15.68
11.83
15.68
15.68
23.61
0.0
22.82
23.68
25.17
22.5
26.98
26.62
26.62
11.8
0.0
26.41
27.43
29.2
27.43
27.43
5.031
0.0
5.812
0.0
21.73
22.63
23.0
22.63
22.63
0.0
6.719
0.0
26.42
23.3
20.6
23.3
23.3
9.747
0.0
9.91
0.0
16.95
16.84
12.37
16.84
16.84
9.836
0.0
11.19
0.0
16.03
12.51
13.86
12.51
12.51
24.34
0.0
25.38
0.0
28.73
27.46
18.63
27.46
27.46
9.968
0.0
12.98
0.0
29.09
29.41
29.46
29.41
29.41
14.84
0.0
22.57
0.0
34.4
30.67
33.76
30.67
30.67
8.841
14.44
0.0
19.74
11.77
11.77
7.054
0.0
16.15
0.0
24.61
26.81
27.33
26.81
26.81
13.15
8.675
3.269e-07
13.76
0.0
1.233e-06
11.58
15.09
15.09
17.78
15.91
15.09
15.09
8.195
0.0
15.06
0.0
29.18
29.74
33.07
29.74
29.74
9.529
0.0
9.725
6.822
11.29
12.66
15.41
13.45
13.45
12.79
0.0
10.51
0.0
19.97
20.42
26.05
20.42
20.42
11.27
0.0
23.09
0.0
32.37
37.45
37.23
37.45
37.45
16.39
0.0
18.47
37.01
29.0
34.74
32.74
32.74
8.941
0.0
12.06
0.0
35.26
35.06
35.32
35.06
35.06
6.258e-07
4.936
6.937
4.411
15.03
18.06
16.33
16.02
16.33
10.8
0.0
0.0
15.83
11.74
11.63
11.74
11.74
11.87
19.51
4.414e-07
7.999
0.0
23.55
22.54
22.2
18.77
22.54
22.54
11.24
0.0
9.932
12.88
0.0
17.2
17.69
12.1
13.77
12.1
12.1
10.14
0.0
7.559
0.0
15.2
13.45
17.35
13.45
13.45
7.817
0.0
10.73
0.0
28.71
27.61
25.58
27.61
27.61
8.182
0.0
10.26
0.0
10.67
11.65
14.56
11.65
11.65
8.841
0.0
12.74
0.0
34.91
37.39
35.27
37.39
37.39
7.791
0.0
6.978
0.0
11.76
10.39
12.75
10.39
10.39
13.95
0.0
15.45
7.78
28.61
33.92
34.25
34.78
34.78
10.92
0.0
16.71
15.45
39.32
34.99
36.7
36.35
36.35
7.703
16.03
11.63
0.0
16.55
10.55
12.01
18.99
10.55
13.17
0.0
20.33
0.0
37.04
31.75
29.87
31.75
31.75
7.273
0.0
11.46
0.0
37.51
33.6
33.65
33.6
33.6
11.45
0.0
13.71
17.54
16.85
12.24
16.85
16.85
17.43
0.0
18.03
0.0
26.47
27.85
25.29
27.85
27.85
11.91
2.939
11.5
0.0
34.8
34.37
36.03
33.85
34.37
5.621
5.621
13.88
13.88
29.96
29.96
28.27
28.27
28.14
12.42
0.0
6.483
0.0
32.34
31.39
31.32
31.39
31.39
10.25
0.0
12.95
0.0
16.61
12.05
16.14
12.05
12.05
23.94
9.472
12.4
11.24
35.3
39.21
43.38
41.32
41.92
10.57
0.0
12.35
20.4
17.16
19.57
18.5
21.16
21.16
5.545
6.501
6.169
0.0
36.68
33.19
32.96
32.92
33.19
12.21
0.0
17.76
0.0
32.18
34.93
35.7
34.93
34.93
12.37
0.0
20.97
4.925
24.75
19.35
21.12
19.26
19.26
14.02
0.0
14.08
0.0
22.44
17.16
17.83
17.16
17.16
10.92
0.0
13.27
8.351
25.63
27.51
23.43
29.65
29.65
6.457
4.415
13.88
0.0
24.77
28.96
28.96
28.98
28.96
14.77
0.0
17.66
7.412
15.82
7.412
7.412
12.64
0.0
9.603
0.0
7.712
5.598
12.3
5.598
5.598
9.549
0.0
5.888
2.828
12.46
10.49
4.884
10.12
10.12
9.975
0.0
0.0
0.0
18.86
18.86
15.48
18.86
18.86
10.51
3.887
5.316
0.0
32.45
32.25
34.27
32.31
32.25
10.44
0.0
11.95
0.0
13.52
9.447
14.53
9.447
9.447
7.094
0.0
5.158
3.511
19.54
20.01
20.16
19.58
19.58
7.166
0.0
8.249
0.0
20.69
19.86
18.61
19.86
19.86
16.59
3.56
16.59
10.03
16.59
3.56
16.77
0.0
11.96
0.0
23.71
27.15
25.26
27.15
27.15
6.422
4.571
11.58
9.829
12.13
10.65
10.65
13.69
0.0
12.45
0.0
14.86
8.221
16.34
8.221
8.221
13.8
0.0
34.11
33.63
34.66
33.63
33.63
18.79
10.27
0.0
35.62
31.95
31.25
31.95
31.95
6.483
0.0
8.841
13.21
11.96
13.25
11.96
11.96
12.69
8.649
11.44
0.0
11.85
15.14
12.07
17.61
15.14
8.902
14.01
6.219
0.0
27.09
28.18
28.13
28.48
28.18
7.175
0.0
6.678
0.0
15.96
15.51
16.11
15.51
15.51
4.286
2.811
14.06
34.29
37.6
37.76
37.55
37.6
4.769
0.0
14.38
0.0
14.48
3.481
5.909
3.481
3.481
27.54
10.88
20.72
0.0
22.36
14.95
31.05
16.14
14.95
12.86
0.0
12.75
0.0
17.36
12.81
11.29
12.81
12.81
17.51
0.0
7.482
5.194
8.2
0.0
19.11
5.194
5.194
10.02
0.0
16.22
0.0
20.4
14.96
11.87
14.96
14.96
8.736
0.0
9.847
0.0
33.89
34.23
32.35
34.23
34.23
14.75
12.28
5.054
3.393
11.05
9.459
18.29
17.6
9.993
9.578
0.0
6.331
0.0
20.98
19.51
22.22
19.51
19.51
15.7
3.806
14.21
0.0
31.81
33.49
34.23
33.86
33.49
8.841
21.17
4.496
18.79
12.13
13.21
11.96
11.96
21.62
0.0
4.836
15.68
28.15
23.81
19.92
28.8
28.8
9.496
0.0
9.587
0.0
22.27
18.45
19.23
18.45
18.45
14.08
0.0
19.3
18.47
19.39
20.47
18.17
19.61
19.61
12.65
0.0
13.08
0.0
35.45
33.77
31.33
33.77
33.77
14.46
3.931
16.98
15.19
28.54
27.41
29.13
30.8
30.56
13.98
0.0
8.064
3.912
20.79
19.69
16.53
18.46
18.46
12.23
0.0
3.898
3.103
23.67
23.09
18.12
23.57
23.57
8.664
0.0
14.2
6.545
27.02
33.61
35.86
36.01
36.01
9.687
3.725
15.69
0.0
16.71
4.335
10.07
5.568
4.335
15.4
0.0
6.29
0.0
22.34
22.91
22.91
22.91
23.39
0.0
20.8
11.04
39.97
34.6
27.47
35.88
35.88
12.33
0.0
2.978
1.969
16.71
16.9
18.79
16.86
16.86
8.063
11.73
13.1
0.0
23.77
27.72
27.11
26.31
27.72
6.865
10.28
10.17
0.0
10.52
16.8
17.36
17.04
16.8
6.544
0.0
11.71
0.0
10.54
14.79
15.16
14.79
14.79
18.78
0.0
5.51
0.0
20.39
17.74
22.74
17.74
17.74
9.419
8.291
13.5
5.757
18.0
17.88
17.33
16.71
15.8
0.0
5.637
7.277
0.0
7.277
0.0
5.637
0.0
10.16
4.279
9.973
0.0
20.36
19.04
23.29
19.38
19.04
0.0
5.583
0.0
28.71
28.78
25.97
28.78
28.78
6.44
0.0
7.917
0.0
14.16
12.24
12.31
12.24
12.24
11.93
14.83
14.01
0.0
15.97
12.59
19.53
17.86
12.59
8.337
0.0
5.868
12.84
16.75
19.52
13.84
15.72
15.72
17.17
0.0
8.78
0.0
14.08
11.61
18.46
11.61
11.61
20.83
22.29
16.62
19.81
26.09
17.56
26.92
25.44
23.31
12.27
0.0
14.54
0.0
28.01
19.55
19.95
19.55
19.55
12.57
0.0
14.82
0.0
30.85
30.12
32.27
30.12
30.12
14.19
8.417
4.573e-07
13.08
3.937
23.89
28.6
29.4
27.82
28.02
28.02
15.22
0.0
5.212
0.0
16.2
15.7
20.08
15.7
15.7
14.26
6.59
6.0
8.702
21.63
22.27
24.94
23.21
23.91
7.461
0.0
11.64
4.422
14.87
10.92
13.28
10.77
10.77
12.58
11.07
13.33
0.0
22.34
22.62
25.09
22.89
22.62
12.38
3.131
12.36
17.17
37.18
30.71
38.04
34.54
34.33
10.46
4.357
18.88
0.0
29.72
27.19
30.86
28.24
27.19
7.961
5.962
11.93
8.564
10.99
7.711
8.564
12.44
0.0
14.75
33.69
33.21
32.59
33.21
33.21
18.79
6.142
9.248
0.0
0.0
6.142
9.423
3.173
17.28
0.0
22.03
11.76
13.32
11.31
11.76
15.52
0.0
10.5
6.532
6.144
14.77
18.67
10.66
10.66
14.47
10.48
12.27
19.44
5.058
19.08
15.21
3.524
3.782
11.42
12.39
16.09
10.54
13.5
12.97
13.43
8.759
10.54
0.0
3.208
27.4
27.18
28.11
26.59
27.4
16.27
5.664
12.23
0.0
18.81
17.76
12.71
18.81
17.76
6.972
0.0
13.03
0.0
21.77
21.34
22.35
21.34
21.34
14.09
18.72
10.24
0.0
35.79
33.21
35.55
36.56
33.21
19.8
0.0
21.11
21.34
29.96
27.3
22.11
24.05
24.05
6.835
8.936
16.65
0.0
20.35
18.86
19.22
19.17
18.86
2.31e-07
0.0
3.502e-07
15.06
10.02
21.62
20.13
22.33
21.62
21.62
21.62
0.0
0.0
11.93
11.31
19.6
18.22
16.71
16.71
16.71
11.35
19.47
1.127e-06
7.89
0.0
19.8
19.46
22.56
21.64
19.46
19.46
15.27
8.229
14.24
12.49
0.0
24.08
19.75
21.86
18.9
21.06
19.75
3.949e-07
6.941
0.0
10.58
19.67
14.69
18.65
23.02
14.69
14.64
14.69
15.37
0.0
14.47
0.0
19.25
18.66
25.16
18.66
18.66
6.686
0.0
2.258e-06
6.544
0.0
28.75
28.73
30.14
28.73
28.73
28.73
0.0
21.17
14.15
12.29
13.36
18.21
18.84
12.89
20.86
17.89
12.89
0.0
0.0
8.196e-07
9.163
18.08
19.26
18.08
18.08
18.08
11.46
0.0
0.0
0.0
21.52
19.15
19.15
24.02
19.6
19.15
19.15
7.725
15.47
7.425
19.29
38.29
26.97
36.21
41.32
35.41
10.5
8.892
19.87
0.0
29.29
26.64
27.36
27.11
26.64
7.331
0.0
7.592
0.0
12.16
31.44
28.01
24.49
29.26
28.01
28.01
0.0
7.269
7.571
0.0
9.97
6.384
6.384
10.03
6.384
0.0
20.36
5.837
0.0
19.12
17.48
17.48
16.35
17.48
23.6
22.77
1.024e-06
0.0
21.68
21.68
17.3
15.51
21.68
0.0
11.28
3.243
8.289
0.0
7.786
22.34
22.8
23.52
22.8
23.25
22.92
22.8
10.65
5.72
8.367
8.664
9.363
9.441
11.07
7.695
5.055
4.689
0.0
6.333
0.0
21.56
19.51
19.31
19.51
19.51
9.759
16.27
21.98
13.15
0.0
28.52
30.39
30.37
33.08
31.12
30.39
9.99
18.38
6.742
5.287
26.59
28.04
24.36
21.14
27.79
8.723
16.11
0.0
7.484
35.82
31.25
35.18
38.45
35.82
8.756
26.15
8.218
0.0
17.68
16.55
20.09
22.74
16.55
9.815
0.0
10.34
11.23
12.38
19.78
30.8
31.37
27.1
34.24
29.19
30.7
29.19
0.0
3.906
3.949e-07
0.0
23.53
23.53
23.53
24.2
23.53
13.66
8.626
0.0
0.0
25.66
25.66
29.12
29.45
25.66
7.419
15.38
16.95
7.307
0.0
27.03
24.65
23.85
24.01
23.51
24.65
17.08
13.88
13.8
0.0
25.08
22.93
20.88
16.79
22.93
0.0
5.861
8.358
0.0
21.51
19.96
19.96
19.53
19.96
13.0
13.9
12.89
10.5
23.53
21.31
20.9
23.66
20.66
0.0
17.34
0.0
22.88
26.11
21.6
26.11
26.28
26.11
5.177
0.0
11.16
8.97
10.91
15.39
13.82
13.21
13.54
14.32
14.32
1.584e-06
0.0
0.0
20.7
11.06
22.55
11.06
11.06
11.06
0.0
11.91
12.21
10.86
24.4
24.33
21.8
22.22
21.8
10.11
17.56
1.116e-06
0.0
12.69
15.64
14.2
20.55
18.43
15.64
15.64
1.524e-06
0.0
9.376
0.0
26.36
25.1
25.1
25.1
25.1
10.3
24.63
0.0
5.756
19.54
19.71
17.69
27.54
19.54
0.0
0.0
7.636
0.0
19.92
20.77
20.77
20.77
20.77
0.0
7.629
0.0
11.6
18.22
20.59
18.22
18.4
18.22
9.078
0.0
1.802e-06
0.0
2.801
26.38
26.66
24.91
26.38
26.38
26.38
5.482
10.21
8.941e-07
7.771
0.0
19.02
18.33
18.71
22.0
18.33
18.33
0.0
6.808
0.0
0.0
15.26
15.26
15.26
16.42
15.26
5.271
11.04
5.947
0.0
21.55
21.22
21.63
19.91
21.22
14.68
7.8
0.0
0.0
13.68
27.3
27.3
26.18
27.65
28.09
27.3
4.483
28.15
0.0
0.0
7.532
26.27
26.27
26.77
26.21
23.37
26.27
11.49
0.0
8.969e-07
0.0
26.08
26.08
23.25
26.08
26.08
7.94
15.38
0.0
15.07
22.46
20.32
21.31
28.99
22.46
6.147e-07
0.0
9.502
10.72
12.49
25.7
27.08
25.35
25.35
28.84
25.35
14.62
0.0
14.74
5.196
7.078e-07
27.37
28.08
27.27
27.09
27.27
27.27
8.12
0.0
3.998
18.15
11.7
21.41
18.43
22.62
25.19
21.45
21.45
0.0
11.74
7.533
10.78
21.07
22.26
20.47
18.92
20.47
3.427e-07
0.0
0.0
23.37
4.275
14.87
23.0
16.38
14.87
14.87
14.87
8.233e-07
0.0
6.698
9.199
17.33
21.42
18.04
25.25
19.06
19.06
19.06
8.308
5.772
11.82
0.0
13.86
15.64
18.03
16.94
15.64
0.0
0.0
10.78
0.0
23.28
21.8
21.8
21.8
21.8
7.618e-07
8.102
8.83
0.0
29.32
30.56
30.56
32.79
30.56
6.551
0.0
4.35
5.935
8.309
30.14
28.19
29.22
28.32
29.63
29.63
6.557e-07
0.0
0.0
11.56
16.31
14.95
16.31
16.31
16.31
7.075
0.0
7.983
9.415
0.0
23.74
19.99
20.61
19.99
21.02
19.99
4.623
0.0
4.347
8.35
6.37
17.36
16.49
16.81
17.64
17.51
17.51
5.053
0.0
0.0
16.08
16.08
16.09
16.08
9.422
0.0
0.0
5.399
16.62
16.64
17.22
16.62
16.62
6.743e-07
11.29
8.225
5.728
18.63
15.28
16.2
15.79
16.2
12.92
0.0
0.0
0.0
9.937
24.02
24.02
26.18
27.35
24.02
24.02
0.0
0.0
0.0
22.84
22.84
22.84
22.84
22.84
13.7
12.34
14.02
12.75
21.13
22.07
22.53
16.47
21.69
10.91
12.42
0.0
0.0
16.67
16.67
17.72
14.62
16.67
1.047e-06
4.049
15.77
15.69
24.7
22.55
21.68
22.09
21.68
7.267
0.0
0.0
0.0
27.26
27.26
27.6
27.26
27.26
0.0
12.1
10.51
0.0
25.98
25.73
25.73
26.06
25.73
5.62
0.0
6.407e-07
10.77
10.83
17.61
18.33
14.96
14.16
14.16
14.16
0.0
0.0
6.141
8.772
17.73
16.08
16.75
16.75
16.75
6.035
19.54
9.435
0.0
7.458
20.85
23.1
25.01
24.06
21.79
23.1
9.071
6.377
7.376e-07
5.14
24.27
25.37
22.86
26.1
24.27
4.16
16.03
8.264
0.0
24.66
27.26
28.11
28.71
27.26
7.626
17.07
0.0
11.74
13.05
20.92
15.98
21.73
13.05
6.873e-07
9.931
6.14
19.36
30.12
28.29
28.5
26.99
28.5
12.65
3.506
5.808
0.0
22.29
19.79
16.47
20.08
19.79
6.385
12.96
3.548
0.0
23.68
23.04
23.13
26.82
23.04
10.06
0.0
0.0
14.27
6.388
20.91
26.24
22.23
21.1
20.91
20.91
12.08
0.0
7.699
13.52
23.01
22.63
18.94
21.49
21.49
0.0
3.966
13.9
0.0
16.57
23.95
22.96
27.91
22.96
24.53
22.96
0.0
4.114
14.94
11.49
17.86
18.28
14.67
15.21
14.67
13.25
0.0
6.071
0.0
25.0
25.48
28.32
25.48
25.48
8.644
9.031
16.41
9.77
0.0
21.31
16.83
17.89
19.59
21.52
16.83
0.0
0.0
5.789
10.21
22.47
22.33
19.95
19.95
19.95
10.56
0.0
7.319
0.0
23.82
22.25
26.49
22.25
22.25
5.253e-07
18.63
9.22e-07
16.16
26.89
28.74
26.89
24.54
26.89
0.0
0.0
7.526
7.771
26.37
25.83
28.99
24.34
24.34
26.01
24.34
11.63
0.0
0.0
12.32
14.54
20.34
13.51
14.54
14.54
0.0
14.15
14.71
8.814
0.0
23.68
24.58
24.58
26.65
23.1
24.58
9.219
0.0
0.0
0.0
19.26
19.26
18.32
19.26
19.26
0.0
20.59
4.797
8.294
1.807e-06
24.1
24.58
25.03
25.03
29.77
25.03
7.145
15.4
9.689
0.0
18.1
19.56
19.69
25.4
19.56
0.0
6.492
1.092e-06
0.0
11.63
11.63
11.63
13.31
11.63
11.87
12.91
9.277
0.0
15.94
14.26
16.96
15.87
14.26
10.68
0.0
6.277e-07
13.13
17.98
20.77
19.82
17.98
17.98
5.141e-07
0.0
0.0
6.044
24.08
24.77
24.08
24.08
24.08
10.46
0.0
11.17
0.0
18.4
12.05
16.25
12.05
12.05
0.0
17.84
4.992e-07
0.0
20.96
20.96
20.96
27.2
20.96
5.034
0.0
4.694e-07
0.0
6.401
26.36
27.2
27.15
26.36
26.36
26.36
0.0
0.0
7.138
10.78
25.53
28.97
25.9
25.9
25.9
0.0
9.562
12.84
10.45
3.478
25.0
24.44
25.09
26.21
24.69
25.09
0.0
0.0
9.481
4.381
9.277
14.19
15.81
15.31
15.21
15.21
15.21
6.432
21.48
0.0
14.51
13.84
26.0
26.84
24.1
26.22
26.86
26.0
19.68
0.0
6.701
0.0
7.352
27.36
26.61
27.67
29.62
26.61
26.61
6.755
7.239
0.0
0.0
17.15
17.15
18.19
18.09
17.15
5.491
17.25
7.285
3.37
31.55
31.2
33.38
36.38
31.88
8.674
0.0
9.279
0.0
23.54
21.64
18.09
21.64
21.64
0.0
7.441
0.0
0.0
11.36
11.36
11.36
13.88
11.36
7.406
0.0
11.5
8.68e-07
13.9
26.4
25.58
25.89
26.4
27.02
26.4
0.0
18.3
8.707
0.0
20.64
21.78
21.78
11.92
21.78
7.502
21.85
7.691
9.005
9.292
23.05
23.73
22.95
36.81
24.57
22.32
7.66
0.0
0.0
0.0
17.87
17.87
17.06
17.87
17.87
4.229
15.66
5.651
0.0
14.29
12.55
13.08
20.28
12.55
5.888
0.0
14.52
12.32
29.8
31.38
36.42
35.58
35.58
12.1
9.793
13.02
0.0
27.28
23.27
19.24
21.32
23.27
6.295
0.0
0.0
10.14
5.87
21.31
20.19
23.73
21.21
21.21
21.21
0.0
0.0
10.42
12.2
20.37
19.41
19.04
19.04
19.04
8.559
0.0
0.0
11.63
8.084e-07
17.05
17.46
17.05
22.3
17.05
17.05
8.844
0.0
11.2
8.392
20.97
18.16
15.73
17.87
17.87
0.0
15.13
17.97
0.0
17.97
8.717e-07
8.717e-07
15.13
8.717e-07
16.87
15.83
3.111e-07
11.04
14.86
15.78
17.85
18.82
16.94
10.17
10.17
7.45
0.0
9.454
8.996
5.835
23.83
21.24
19.63
21.7
24.05
21.7
0.0
0.0
17.41
0.0
21.0
15.71
15.71
15.71
15.71
11.65
0.0
16.41
0.0
0.0
18.3
18.3
21.65
18.3
21.19
18.3
9.549
13.42
9.515
0.0
18.77
16.73
21.51
20.8
16.73
8.712
0.0
6.458
3.13
17.13
25.15
24.08
16.93
24.64
24.74
24.74
12.27
0.0
0.0
7.141
24.11
24.01
25.21
24.11
24.11
11.93
0.0
14.78
8.58
1.239e-06
23.83
26.21
25.48
26.46
25.48
25.48
13.09
0.0
7.414
14.22
21.24
18.02
23.99
22.3
22.3
0.0
9.071
1.084e-06
0.0
0.0
23.19
23.19
23.19
24.82
23.19
23.19
7.344
11.13
7.344
6.228
11.31
21.55
23.69
24.44
24.11
24.44
22.22
9.222
3.788
7.374
14.67
4.433
29.34
28.97
26.91
31.07
27.12
27.23
0.0
0.0
8.86
0.0
2.962e-07
22.34
23.3
23.3
23.3
23.3
23.3
10.65
0.0
10.07
17.77
16.79
20.6
18.62
14.89
14.89
14.43
0.0
0.0
0.0
24.55
24.55
24.35
24.55
24.55
5.08
3.85
12.16
0.0
4.85
34.49
32.27
31.96
30.84
31.81
32.27
6.109e-07
6.041
0.0
0.0
18.42
18.42
18.42
20.04
18.42
11.76
0.0
1.132e-06
3.448
0.0
5.95
5.168
13.32
5.168
5.168
5.168
7.389
28.25
8.37
0.0
15.6
16.74
17.44
33.18
16.74
0.0
0.0
5.434
19.04
16.83
22.51
20.47
17.9
17.9
15.81
17.9
10.97
0.0
6.109e-07
10.81
17.69
21.41
24.58
25.01
23.61
21.41
21.41
0.0
0.0
7.112
11.15
14.07
18.29
12.71
21.57
16.5
16.5
16.5
6.965
0.0
0.0
8.435
22.79
24.0
21.83
22.79
22.79
10.67
6.549
0.0
9.675
0.0
22.37
22.35
22.37
21.72
22.64
22.37
0.0
11.47
0.0
0.0
18.34
18.34
18.34
17.35
18.34
7.31
21.68
10.81
14.27
15.06
23.41
20.86
26.2
18.68
0.0
0.0
9.89
7.99
24.45
23.3
23.87
23.87
23.87
0.0
0.0
7.783
7.388
24.67
23.33
25.32
25.32
25.32
11.57
0.0
10.45
10.45
16.86
10.45
16.86
11.57
0.0
10.45
0.0
11.4
11.3
10.75
0.0
15.06
13.4
18.35
17.31
13.4
0.0
18.83
15.45
0.0
21.18
18.08
18.08
25.47
18.08
7.92
9.19
9.71
0.0
0.0
1.144e-06
18.97
18.97
18.97
19.21
19.92
20.0
18.97
4.535
15.17
11.23
0.0
14.19
26.17
24.1
22.92
24.95
22.43
24.1
1.056e-06
0.0
1.125e-06
6.717
9.81
20.85
20.46
21.78
21.78
21.78
21.78
8.009e-07
20.22
13.02
8.679
25.63
27.46
24.59
17.65
24.59
0.0
0.0
9.524
0.0
12.12
13.39
13.39
13.39
13.39
7.765
16.89
7.544e-07
0.0
2.213e-06
18.94
18.94
18.94
19.86
31.91
18.94
0.0
9.043
9.377
0.0
16.76
14.91
14.91
14.71
14.91
11.93
0.0
7.144
0.0
26.73
26.18
28.24
26.18
26.18
0.0
0.0
11.08
8.507
14.72
22.38
23.94
21.91
21.91
23.16
21.91
6.541
6.231
6.319
11.33
0.0
31.98
30.77
33.43
29.81
29.38
30.77
8.48
7.93
0.0
6.269
17.11
18.69
19.44
18.86
17.11
0.0
8.071
3.87
14.35
11.79
23.88
22.33
27.28
25.48
25.89
25.48
0.0
0.0
9.514
0.0
28.23
26.13
26.13
26.13
26.13
7.451
0.0
7.451
5.554
32.87
20.33
33.31
18.49
19.04
18.49
19.04
16.47
0.0
12.06
9.361
22.0
21.46
20.12
21.89
21.89
19.68
0.0
18.55
0.0
12.96
20.09
20.3
27.85
20.09
26.75
20.09
5.565
11.65
6.869
0.0
17.56
18.15
17.27
22.01
18.15
0.0
0.0
4.365
7.259
17.49
25.8
26.07
25.32
25.32
25.36
25.32
0.0
0.0
7.096
19.54
14.14
20.92
13.39
13.39
13.39
9.723
0.0
5.633
0.0
6.709
22.0
21.24
20.22
24.2
21.24
21.24
7.488e-07
8.453
9.855
0.0
18.31
16.51
16.51
18.06
16.51
0.0
12.44
6.37e-07
15.63
7.705
28.06
18.19
18.84
17.24
18.84
18.84
6.651
1.707e-06
7.251
26.42
24.46
29.15
21.63
23.41
23.41
13.54
0.0
1e-06
0.0
8.371
20.25
21.34
24.74
20.25
20.25
20.25
0.0
0.0
6.998
0.0
17.52
17.21
17.21
17.21
17.21
6.5
9.696
1.147e-06
0.0
0.0
26.94
26.94
26.44
26.52
26.94
26.94
0.0
11.46
5.104
0.0
18.36
17.07
17.07
19.93
17.07
11.6
0.0
0.0
0.0
26.33
26.33
26.72
26.33
26.33
9.535
12.97
2.099e-06
4.194
23.64
29.47
29.63
33.65
29.34
29.27
29.27
0.0
0.0
7.916
10.83
23.74
22.83
24.7
24.7
24.7
0.0
0.0
10.26
9.479
10.15
25.71
22.22
26.2
26.2
27.96
26.2
8.661e-07
18.88
5.364e-07
0.0
13.16
14.84
14.84
14.63
14.84
22.43
14.84
8.112
0.0
0.0
7.687
15.44
15.1
15.66
19.51
16.99
15.1
15.1
4.107
0.0
4.84
1.766
28.19
26.13
26.04
26.32
26.32
11.71
0.0
13.84
3.565
26.83
24.09
25.47
24.41
24.41
13.37
0.0
0.0
10.73
21.44
20.89
19.75
21.44
21.44
4.837
3.342
4.695
0.0
26.32
25.7
25.03
25.16
25.7
15.81
0.0
16.77
9.048
18.02
23.58
23.89
23.68
23.68
5.43
1.53
7.356
5.672
17.97
18.9
18.91
19.03
18.94
8.889
12.59
10.0
0.0
10.0
0.0
8.889
12.59
0.0
8.503
11.01
0.0
0.0
23.74
23.74
24.47
27.11
23.74
7.036
0.0
8.362
0.0
21.91
23.66
27.41
23.66
23.66
5.17
0.0
13.07
0.0
16.66
15.54
15.54
15.54
15.54
9.817
3.102
10.17
9.455
1.99
21.16
22.07
23.11
21.72
19.35
21.84
9.045
0.0
14.54
9.719
20.71
13.38
14.52
12.94
12.94
12.26
0.0
13.88
8.845
18.74
12.98
16.62
9.375
9.375
11.81
0.0
0.0
1.265
22.54
22.5
22.07
22.54
22.54
4.731
0.0
6.459
4.019
5.038
23.2
22.32
23.48
22.69
23.63
22.69
19.09
0.0
13.21
0.0
16.7
11.68
23.64
11.68
11.68
3.806
2.536
12.16
0.0
27.12
30.8
30.84
30.1
30.8
7.482
0.0
13.84
0.0
29.91
28.05
28.02
28.05
28.05
11.08
4.576
5.356
0.0
20.21
21.03
25.6
21.54
21.03
8.045
8.21
7.252
0.0
19.45
18.65
18.86
22.12
18.65
7.244
16.83
1.326e-06
6.581
7.529
18.4
17.83
19.8
22.54
19.96
19.96
8.814
12.35
11.16
8.985
25.12
27.76
28.43
26.97
25.5
10.9
2.143
16.36
0.0
14.15
19.69
16.54
24.32
22.92
16.93
16.54
7.502
0.0
6.498
12.04
18.87
17.24
22.41
19.62
19.62
7.892
4.956
9.573
3.464
23.13
22.89
22.3
24.94
23.7
6.837
6.703
5.955
0.0
27.9
26.69
23.01
25.6
26.69
13.36
14.13
12.22
7.204
14.37
12.57
16.53
18.52
10.62
7.595
0.0
5.123
0.0
22.94
22.5
21.92
22.5
22.5
0.0
0.0
15.08
4.129
24.46
19.75
19.41
19.41
19.41
5.033
7.986
7.282
4.915
12.38
15.68
14.25
15.42
14.28
21.83
4.951
2.992
6.633
36.05
36.24
37.58
35.99
36.05
11.79
13.97
11.75
5.168
7.586
14.49
12.36
19.36
14.58
5.238
10.01
6.261
3.184
25.31
25.3
25.21
25.05
24.9
13.93
20.35
15.91
11.14
22.32
16.91
12.34
20.54
15.16
9.679
11.91
10.05
3.576
23.03
19.42
18.08
20.79
18.68
10.69
0.0
9.214
11.97
31.05
26.04
29.3
29.02
29.02
7.484
2.723
5.297
0.0
32.43
32.88
34.61
32.6
32.88
8.222
4.838
16.54
15.85
28.82
27.34
22.49
25.58
25.94
8.678
11.04
11.19
6.835
16.58
19.51
20.02
22.41
19.71
11.55
8.546
0.0
22.71
24.89
20.38
24.89
17.06
2.948
14.01
3.113
26.39
24.03
21.08
24.0
23.92
7.098
0.0
7.257
8.944
24.62
25.24
26.2
24.89
24.89
6.82
14.97
6.658
4.226
27.24
22.03
24.24
25.14
23.36
10.17
5.078
14.18
11.77
19.09
14.76
17.25
12.81
12.36
11.51
10.46
7.276
0.0
15.78
15.46
16.12
15.99
15.46
12.36
12.1
10.97
0.0
23.54
22.56
24.1
20.97
22.56
11.37
1.988
11.17
4.482
18.71
12.35
14.72
11.82
11.79
4.342
11.14
8.849
0.0
26.46
28.14
28.27
27.19
28.14
10.99
15.21
9.933
15.3
19.93
24.73
22.38
25.08
22.58
6.281
2.141
9.315
5.394
14.38
13.62
15.85
14.29
14.29
7.55
8.889
12.99
15.04
24.72
23.35
24.89
23.4
23.04
7.648
0.0
4.955e-07
6.347
17.38
18.37
15.82
17.38
17.38
4.255
13.23
5.705
7.362
17.69
20.84
19.46
25.14
19.34
9.489
9.537
0.0
4.65
19.05
17.79
19.02
21.17
19.05
10.58
0.0
12.23
8.478
26.6
26.16
27.23
26.63
26.63
7.372
12.08
8.589
2.937
23.8
22.8
22.91
23.61
22.43
15.47
0.0
9.296
8.044
20.79
20.36
22.79
19.97
19.97
10.78
4.494
10.09
0.0
21.28
17.81
20.82
18.62
17.81
7.132
0.0
4.674
3.025
27.31
26.95
25.65
27.17
27.17
13.75
5.864
16.47
0.0
20.76
15.56
23.3
15.41
15.56
7.082
6.77
15.85
0.0
24.78
23.24
23.71
23.13
23.24
4.863
12.8
8.274
2.15
20.36
24.86
25.62
25.55
24.43
3.412
9.888
7.85
6.583
21.04
19.96
20.53
20.49
20.7
10.99
15.01
4.062
8.514
15.03
12.6
10.29
15.9
14.46
6.767
0.0
1.045e-06
0.0
22.9
22.9
24.39
22.9
22.9
6.985
4.449
8.166
8.099
24.01
22.1
22.67
23.91
23.23
6.962
3.221
12.21
10.36
18.7
25.7
19.96
21.44
20.56
12.03
2.107
3.856
2.653
18.1
16.91
20.75
16.28
16.67
8.281
5.539
0.0
21.76
21.9
24.45
21.9
10.32
0.0
6.973
2.238
11.87
10.3
0.0
10.32
10.32
11.7
7.75
9.833
6.176
20.63
19.16
21.96
20.01
18.45
7.112
1.464
7.381
0.0
28.91
26.84
27.5
26.82
26.84
5.226
0.0
7.145
0.0
26.28
24.28
26.01
24.28
24.28
19.19
6.253
9.176
21.09
10.44
22.95
19.74
8.13
5.009
0.0
8.681
2.935
15.95
18.26
18.58
18.58
18.58
4.279
11.67
3.212
5.931
29.03
28.86
30.02
29.46
29.42
7.895
12.29
4.537
1.8
32.32
33.2
33.43
36.1
32.78
12.95
0.0
9.203
0.0
19.1
20.67
21.63
20.67
20.67
11.96
14.67
10.16
0.0
21.28
18.92
17.97
21.3
18.92
11.26
0.0
11.33
0.0
11.09
6.251
13.81
6.251
6.251
11.02
10.57
12.61
5.596
23.05
25.22
25.12
28.27
25.93
0.0
0.0
13.48
6.166
18.79
18.9
16.22
16.22
16.22
4.574
6.386
6.09
3.361
26.17
27.1
26.98
28.02
27.03
15.18
10.26
11.15
9.871
22.87
24.9
28.57
28.5
23.79
10.39
6.996
11.27
3.917
13.15
17.42
19.91
15.79
16.91
8.598
7.763
7.159
7.686
21.7
21.51
20.17
20.22
19.3
10.48
1.287e-06
11.14
0.0
20.11
16.77
20.76
16.77
16.77
13.1
4.159
13.88
4.669
22.36
24.28
26.51
23.72
23.49
12.34
17.76
3.465e-07
7.249
25.13
23.48
29.05
29.51
25.13
8.429
11.55
8.622
7.826
27.58
27.96
27.01
30.54
27.34
6.856
10.27
16.51
13.73
20.46
25.12
22.85
19.93
23.37
4.204
9.821
13.09
0.0
19.23
22.67
22.7
23.06
22.67
7.503
2.178
6.333e-07
0.0
28.92
28.92
28.85
28.77
28.92
6.631e-07
19.49
7.743
7.037
18.63
17.76
16.99
22.44
16.99
3.7
0.0
9.673
2.144
22.81
22.35
22.15
22.34
22.34
5.298
2.762
11.15
11.11
5.29e-07
22.18
25.3
25.05
28.56
24.93
25.05
13.27
0.0
15.42
6.894
19.13
22.35
22.27
20.77
20.77
5.929
18.64
6.619
0.0
19.18
19.47
18.15
18.82
19.47
15.57
14.43
8.817
6.749
19.91
18.32
17.01
15.89
19.74
8.989
0.0
10.88
1.987
29.8
28.27
31.19
27.95
27.95
10.47
0.0
13.32
0.0
19.98
18.03
18.72
18.03
18.03
9.544
0.0
0.0
1.733
16.77
16.94
20.85
16.77
16.77
4.017
2.589
5.304
0.0
28.81
29.1
28.39
29.25
29.1
8.974
0.0
8.333
2.046
16.73
16.28
16.62
16.41
16.41
16.02
0.0
5.884
0.0
17.63
15.68
17.67
15.68
15.68
10.04
0.0
5.68
9.477
5.68
9.477
10.04
0.0
0.0
6.192
10.11
8.617
0.0
15.41
14.37
15.7
17.35
14.37
15.58
6.603
9.686
0.0
21.61
16.97
14.22
18.75
16.97
7.725
0.0
5.768
0.0
24.16
23.18
23.68
23.18
23.18
0.0
0.0
7.9
0.0
25.45
22.46
22.46
22.46
22.46
12.21
2.876
6.269
15.68
23.18
26.81
18.7
21.76
22.03
11.28
11.32
4.348
2.582
22.32
22.97
22.31
23.91
22.49
16.92
8.071
12.67
0.0
19.36
21.52
14.66
21.11
21.52
11.69
6.623
7.042
0.0
23.8
21.99
19.04
22.16
21.99
11.27
13.16
0.0
10.41
8.634
12.99
14.12
13.88
8.634
4.811
2.856
7.33
2.636
21.41
21.74
22.04
22.49
22.03
12.1
2.729
10.73
3.612
23.15
22.52
21.5
22.37
22.22
0.0
8.418
9.695
4.211
24.29
24.34
24.07
23.93
24.07
6.98
0.0
6.718
2.343
0.0
6.696
9.074
6.718
6.718
6.314
5.989
4.604
0.0
14.59
15.1
16.3
15.35
15.1
19.44
6.603
11.14
4.091
16.11
24.57
20.0
26.53
24.3
12.91
2.341
11.99
4.079
23.29
25.26
24.95
25.1
25.02
6.948
1.739
14.72
3.748
35.9
36.75
35.71
36.05
36.15
11.03
0.0
10.01
0.0
25.83
26.76
26.95
26.76
26.76
4.949
2.691
0.0
2.113
22.75
23.0
24.34
22.75
22.75
17.94
0.0
16.72
3.35
31.25
24.94
25.49
24.81
24.81
20.58
6.853
11.67
0.0
19.14
13.56
15.33
12.13
13.56
10.02
2.46
7.418
0.0
27.33
28.14
29.43
28.12
28.14
8.292
11.72
0.0
3.305
22.56
23.27
22.81
24.62
22.56
8.565
4.389
7.537
6.532
15.37
14.98
13.67
15.19
13.87
9.68
7.342
11.67
7.273
20.56
23.01
23.8
25.21
24.55
0.0
4.152
0.0
0.0
13.39
13.39
13.39
14.1
13.39
9.964
7.857
8.695
5.676
20.96
21.68
21.92
20.57
21.66
12.84
0.0
22.67
7.251
25.75
17.69
12.51
16.1
16.1
7.438
6.034
1.663e-06
9.191
7.322
20.27
17.79
17.06
18.46
17.28
17.28
6.409
1.671
4.136
0.0
20.51
20.87
18.52
20.91
20.87
6.404
9.034
6.288
2.249
20.35
20.99
23.09
20.73
20.91
0.0
18.34
7.123
2.1
21.94
21.23
21.12
26.28
21.12
11.88
9.418
6.257
1.667
22.98
22.98
21.76
22.09
22.72
11.53
1.933
7.959
3.913
15.56
13.52
16.68
13.54
13.67
5.755
3.435
7.641
0.0
16.5
15.69
14.06
16.42
15.69
0.0
0.0
17.14
2.106
21.66
19.17
19.38
19.38
19.38
11.99
14.56
6.78
6.919
20.14
21.87
22.67
23.77
22.01
15.1
4.378
12.79
7.94
20.2
27.14
27.06
25.08
24.68
7.297
2.48
5.614
5.908
27.38
27.19
26.66
26.47
26.46
8.963
7.339
11.53
0.0
22.72
21.61
20.38
22.67
21.61
6.75
1.572
11.21
0.0
24.02
22.87
22.49
23.16
22.87
14.07
0.0
8.772
0.0
17.72
20.71
22.97
20.71
20.71
0.0
2.5
3.684
2.896
23.59
23.6
23.24
23.46
23.24
8.156
0.0
5.811e-07
3.05
8.169
8.235
6.632
8.169
8.169
0.0
0.0
12.81
0.0
13.15
15.51
15.51
15.51
15.51
8.515
6.011
3.948
1.977
27.83
27.52
27.23
27.24
27.47
0.0
0.0
0.0
3.601
19.59
19.05
19.59
19.59
19.59
8.351
6.348
5.533
13.38
10.84
19.69
12.79
11.14
10.18
20.6
0.0
6.821
8.604
24.04
21.83
29.57
24.13
24.13
10.08
6.272
9.877
0.0
22.94
18.69
21.51
19.33
18.69
7.968
2.119
12.0
0.0
21.62
21.51
21.91
21.55
21.51
8.681
2.889
7.053
7.11
24.2
24.66
26.76
24.39
24.3
17.32
0.0
13.4
3.147
26.51
27.02
23.79
26.61
26.61
11.31
5.407
23.36
0.0
24.95
36.08
36.31
33.91
36.08
12.14
3.874
11.49
0.0
11.83
16.9
20.09
16.92
16.9
2.789
1.862
8.439
3.035
27.34
25.98
25.74
26.14
25.99
8.087
6.282
0.0
2.118
33.88
33.68
31.61
33.55
33.88
5.148
0.0
5.705
2.126
21.01
20.19
20.05
20.11
20.11
6.604
5.82
24.82
0.0
24.63
27.08
26.91
26.2
27.08
11.79
7.397
8.27
5.432
14.11
14.33
18.92
17.53
15.49
4.333
2.837
5.728
2.664
21.07
21.42
22.34
21.73
21.49
11.72
0.0
12.94
0.0
19.87
20.02
25.83
20.02
20.02
0.0
13.61
0.0
0.0
23.49
23.49
23.49
30.05
23.49
8.938
0.0
15.99
17.38
30.92
28.54
25.05
27.14
27.14
9.865
13.56
0.0
7.233
0.0
20.37
20.69
23.05
23.58
20.69
20.69
14.61
0.0
5.911
0.0
14.25
12.26
14.5
12.26
12.26
4.751
6.043
8.173
1.858
25.91
26.58
25.95
25.48
26.32
0.0
4.732
9.541
7.533
21.22
25.03
23.37
23.91
23.37
9.183
1.588
7.084
6.783
24.17
23.72
25.43
23.59
23.39
6.376
0.0
3.058
8.623
28.05
28.12
27.12
28.29
28.29
10.43
15.05
9.679
8.279
28.98
29.38
31.73
29.47
29.7
9.547
12.29
21.36
0.0
28.52
22.59
25.49
23.53
22.59
9.407
0.0
11.52
12.25
15.36
15.13
20.91
18.55
18.55
9.794
14.31
9.252
7.56
28.62
27.73
29.25
28.95
28.49
9.884
12.94
8.125
7.255
19.35
18.29
18.01
18.69
18.19
7.184
3.527
11.48
0.0
19.16
23.02
22.7
22.48
23.02
15.87
7.474
0.0
9.248
18.69
20.94
13.84
18.51
18.69
11.11
7.464
0.0
3.562
26.82
27.45
30.26
27.68
26.82
0.0
0.0
9.536
7.802
4.846
27.96
27.48
27.86
27.86
26.18
27.86
0.0
7.014
16.37
0.0
22.87
25.31
25.31
25.31
25.31
12.06
3.164
7.5
7.815
20.95
18.18
21.2
21.68
21.24
11.53
12.64
21.89
15.62
25.42
26.29
25.23
24.49
23.14
13.49
15.62
14.97
0.0
20.68
20.24
21.17
21.63
20.24
15.51
13.5
10.86
5.753
28.71
29.23
30.1
28.81
28.35
6.082
10.03
13.87
4.421
20.56
22.09
24.19
21.56
21.68
9.599
2.59
9.642
5.009
23.26
19.99
22.96
19.55
19.7
13.73
13.81
14.02
12.2
14.86
15.5
17.48
18.98
14.19
15.37
8.701
7.262
5.108
24.62
24.62
26.95
24.13
24.36
9.031
0.0
6.655
1.429
26.03
24.94
22.79
25.17
25.17
5.117
0.0
8.484
13.88
21.38
21.33
22.46
21.9
21.9
8.67
0.0
0.0
7.291
9.529
8.596
7.078
9.529
9.529
12.78
13.03
10.07
12.54
34.08
30.86
29.79
29.29
30.09
10.39
10.56
12.01
6.562
22.49
22.11
24.66
22.99
21.87
4.605
0.0
0.0
3.067
8.196e-07
28.36
28.57
28.36
28.67
28.36
28.36
19.6
0.0
13.63
0.0
28.95
25.94
19.24
25.94
25.94
0.0
0.0
10.19
0.0
21.74
22.87
22.87
22.87
22.87
5.993
4.883
8.804
0.0
25.11
24.73
25.35
24.74
24.73
3.614
2.315
9.744
4.069
13.78
13.4
13.65
13.88
13.62
13.69
10.97
4.657
0.0
2.976
14.79
14.67
15.9
19.68
15.49
14.79
12.58
0.0
6.724
0.0
22.85
21.71
23.06
21.71
21.71
9.037
8.396
9.785
9.861
24.65
20.33
22.73
23.16
22.26
5.025
2.244
10.37
11.76
16.08
17.09
18.89
18.86
18.57
0.0
0.0
5.708
2.252
25.38
25.11
25.52
25.52
25.52
2.867
4.561
0.0
2.705
25.67
25.98
25.77
26.31
25.67
13.2
0.0
19.46
15.72
25.65
20.82
23.12
25.87
25.87
9.692
4.611
4.699
2.466
31.69
30.12
31.08
30.97
30.35
8.227
5.458
6.889
6.717
23.43
23.54
19.52
20.98
22.27
4.4
2.497
13.32
13.32
27.63
27.63
27.27
27.44
27.33
11.44
3.287
0.0
0.0
22.35
22.35
17.45
22.77
22.35
10.3
2.658
0.0
4.979
27.11
26.71
26.23
27.3
27.11
8.439
5.732
0.0
0.0
7.128
7.128
7.152
5.637
7.128
6.752
2.584
7.001
6.031
26.51
25.5
23.07
25.2
24.72
26.49
37.0
21.48
31.2
32.85
37.11
32.15
28.81
26.41
32.87
27.34
32.76
19.34
22.94
34.93
29.17
28.47
27.57
22.52
30.62
32.05
28.99
18.53
32.82
38.23
33.11
32.91
28.22
31.71
29.55
32.54
30.52
24.1
27.36
34.57
30.35
35.45
26.66
28.8
31.49
34.06
28.35
26.9
37.47
27.88
25.57
44.47
40.25
41.34
24.91
34.26
40.59
32.64
20.9
33.05
37.01
28.96
38.4
26.24
29.66
32.5
31.3
31.06
32.63
39.98
23.08
31.16
34.66
25.11
34.56
21.72
34.92
35.63
24.54
35.34
28.08
32.88
21.99
33.09
27.92
32.26
28.83
30.94
32.01
28.86
40.09
25.56
29.97
34.6
22.99
37.4
33.85
25.01
28.46
26.39
30.94
31.57
34.5
28.52
36.24
35.58
29.87
36.06
27.49
29.24
39.07
33.78
33.86
27.86
21.23
37.38
27.25
29.47
29.36
19.74
30.77
25.68
30.26
33.49
31.51
20.18
26.05
38.51
35.03
31.44
35.66
32.39
36.3
31.31
32.79
35.1
36.5
27.55
26.51
38.06
31.22
21.93
34.14
31.21
33.47
39.13
29.46
29.12
30.77
26.04
36.05
27.79
34.39
25.72
27.28
34.62
32.16
37.44
38.57
35.07
24.93
40.55
30.15
34.7
27.53
32.21
32.73
29.15
30.92
26.98
32.22
35.13
40.81
36.27
31.83
26.34
18.98
29.24
26.67
31.09
41.63
33.36
34.64
20.43
26.96
29.83
33.65
32.1
28.13
33.37
31.55
31.19
38.52
24.97
29.74
28.63
33.3
46.19
29.05
19.97
34.36
39.86
26.14
34.61
34.9
34.4
24.32
29.0
41.21
38.81
34.99
28.24
21.29
22.39
32.15
39.37
34.09
28.1
31.78
40.53
38.09
30.19
28.69
34.97
31.73
30.08
31.14
37.39
28.21
25.88
40.07
32.04
29.97
33.88
30.77
30.75
29.2
37.86
32.94
30.92
29.02
32.06
42.94
34.23
29.25
33.82
