7.123e+03
1.41e+03
0.0
3.65e+03
7.558e+03
2.691e+03
0.0
1.62e+03
6.636e+03
5.213e+03
2.949e+03
5.095e+03
9.278e+03
1.107e+04
0.0
1.976e+03
6.912e+03
6.894e+03
5.065e+03
9.735e+03
3.643e+03
8.743e+03
9.52e+03
6.103e+03
1.145e+04
3.036e+03
3.661e+03
6.041e+03
2.886e+03
7.964e+03
8.447e+03
0.0
6.448e+03
6.502e+03
8.643e+03
8.664e+03
5.071e+03
1.264e+03
4.771e+03
7.253e+03
3.028e+03
7.842e+03
1.099e+04
5.593e+03
3.042e+03
3.288e+03
9.242e+03
0.000252
5.273e+03
1.054e+04
4.083e+03
0.0
6.024e+03
8.067e+03
3.801e+03
8.56e+03
5.79e+03
7.947e+03
6.947e+03
1.376e+03
5.711e+03
5.841e+03
5.561e+03
6.532e+03
2.293e+03
7.816e+03
0.0
1.416e+04
7.018e+03
0.0001824
7.127e+03
3.76e+03
9.53e+03
6.176e+03
8.341e+03
0.0
7.839e+03
5.131e+03
6.46e+03
5.847e+03
8.435e+03
0.0
3.042e+03
4.628e+03
5.08e+03
0.0001979
8.029e+03
4.488e+03
8.407e+03
1.164e+04
2.803e+03
1.873e+03
0.0
4.655e+03
6.672e+03
5.981e+03
6.168e+03
4.248e+03
6.192e+03
3.685e+03
3.838e+03
4.63e+03
4.011e+03
5.159e+03
1.677e+03
0.0002856
6.854e+03
6.689e+03
3.431e+03
6.134e+03
0.0004777
6.989e+03
6.677e+03
0.0
6.532e+03
4.625e+03
0.0001981
8.638e+03
2.841e+03
469.7
0.0002102
4.105e+03
5.172e+03
7.614e+03
1.002e+04
6.34e+03
4.596e+03
8.161e+03
8.383e+03
5.206e+03
4.299e+03
1.471e+03
0.000563
9.469e+03
1.142e+04
5.367e+03
4.384e+03
8.314e+03
1.665e+03
8.062e+03
0.0
3.896e+03
9.363e+03
6.406e+03
5.12e+03
8.566e+03
0.0
5.829e+03
8.522e+03
4.39e+03
1.067e+04
3.817e+03
7.646e+03
7.77e+03
8.188e+03
7.709e+03
4.307e+03
3.803e+03
2.19e+03
3.926e+03
7.388e+03
0.0
3.657e+03
1.585e+03
1.99e+03
1.814e+03
0.0
5.713e+03
3.037e+03
1.137e+04
1.242e+04
6.146e+03
4.539e+03
8.456e+03
3.897e+03
613.5
6.756e+03
1.223e+04
3.203e+03
0.0002482
4.709e+03
2.765e+03
4.099e+03
7.288e+03
8.16e+03
5.421e+03
3.008e+03
2.701e+03
9.002e+03
9.508e+03
4.62e+03
5.238e+03
1.225e+04
5.582e+03
8.838e+03
1.665e+03
3.934e+03
3.343e+03
1.015e+04
0.0
6.474e+03
3.798e+03
9.745e+03
8.184e+03
1.326e+04
8.902e+03
1.171e+03
1.027e+04
6.981e+03
5.257e+03
6.158e+03
0.0
7.498e+03
8.358e+03
7.711e+03
2.803e+03
6.985e+03
7.068e+03
1.26e+04
5.666e+03
5.136e+03
6.581e+03
3.93e+03
3.95e+03
9.673e+03
5.659e+03
4.25e+03
1.146e+04
1.629e+04
8.947e+03
2.856e+03
8.474e+03
5.474e+03
1.454e+04
4.582e+03
1.027e+04
3.765e+03
0.0002728
1.873e+03
0.0
4.201e+03
0.0
7.273e+03
5.308e+03
0.0
2.804e+03
5.552e+03
8.549e+03
5.276e+03
8.451e+03
3.388e+03
3.239e+03
3.516e+03
3.56e+03
2.871e+03
7.757e+03
4.82e+03
6.746e+03
2.293e+03
1.199e+04
6.798e+03
1.376e+03
6.606e+03
0.0
613.5
8.254e+03
0.0004066
8.762e+03
5.729e+03
9.678e+03
0.0
5.523e+03
9.731e+03
7.327e+03
8.218e+03
5.597e+03
0.0
3.821e+03
7.732e+03
2.211e+03
3.725e+03
6.918e+03
6.258e+03
5.499e+03
4.179e+03
2.146e+03
4.783e+03
0.0
2.769e+03
7.597e+03
1.357e+04
4.83e+03
1.04e+04
5.116e+03
3.867e+03
8.167e+03
0.0
6.467e+03
1.123e+04
8.802e+03
7.302e+03
5.543e+03
3.835e+03
2.497e+03
6.794e+03
469.7
5.947e+03
9.812e+03
1.005e+04
9.104e+03
5.08e+03
8.465e+03
9.09e+03
7.448e+03
5.748e+03
7.033e+03
9.147e+03
4.979e+03
8.11e+03
8.546e+03
6.099e+03
5.441e+03
1.2e+04
4.802e+03
8.643e+03
1.197e+04
7.471e+03
8.909e+03
1.032e+04
1.011e+04
4.569e+03
9.136e+03
6.358e+03
1.196e+04
7.921e+03
5.69e+03
2.168e+03
7.926e+03
4.171e+03
1.099e+04
4.544e+03
5.15e+03
7.209e+03
4.049e+03
0.0
6.34e+03
0.0
3.806e+03
4.033e+03
5.561e+03
7.084e+03
0.0
3.585e+03
3.281e+03
4.612e+03
1.187e+04
3.001e+03
0.0
6.916e+03
1.293e+04
8.179e+03
6.459e+03
9.837e+03
6.202e+03
3.258e+03
2.701e+03
3.317e+03
0.0
4.485e+03
2.907e+03
1.021e+03
1.085e+04
5.679e+03
9.62e+03
9.546e+03
2.668e+03
6.709e+03
0.0
4.573e+03
3.291e+03
3.237e+03
0.0006496
3.336e+03
7.813e+03
4.311e+03
1.05e+04
3.594e+03
3.961e+03
6.229e+03
4.593e+03
0.0002915
4.611e+03
7.799e+03
4.022e+03
7.696e+03
1.048e+04
5.234e+03
8.378e+03
7.35e+03
3.249e+03
1.221e+04
1.62e+03
0.0
5.846e+03
4.406e+03
3.685e+03
5.369e+03
4.157e+03
4.399e+03
4.981e+03
2.538e+03
1.144e+04
356.4
9.354e+03
3.043e+03
7.774e+03
3.741e+03
356.4
4.455e+03
2.701e+03
6.666e+03
3.889e+03
0.0
0.0
5.073e+03
7.522e+03
1.057e+04
5.055e+03
0.0
6.353e+03
5.743e+03
3.806e+03
2.185e+03
1.873e+03
1.066e+04
7.133e+03
5.435e+03
5.058e+03
4.022e+03
1.34e+03
6.765e+03
0.0
0.0
6.251e+03
9.54e+03
1.376e+03
4.748e+03
9.917e+03
2.822e+03
5.717e+03
5.361e+03
5.706e+03
7.655e+03
4.794e+03
4.979e+03
5.99e+03
5.557e+03
4.948e+03
0.0
1.049e+04
5.389e+03
0.0
4.582e+03
8.718e+03
5.958e+03
4.83e+03
3.531e+03
7.149e+03
5.196e+03
3.715e+03
9.413e+03
5.628e+03
7.284e+03
5.471e+03
6.004e+03
9.553e+03
5.243e+03
3.38e+03
7.762e+03
0.0
0.0002607
7.086e+03
1.073e+04
5.38e+03
1.272e+04
8.383e+03
1.313e+04
0.0
2.818e+03
6.859e+03
8.166e+03
1.29e+04
4.438e+03
4.271e+03
3.13e+03
3.186e+03
4.479e+03
0.0
5.406e+03
2.124e+03
0.0
6.59e+03
0.0
5.517e+03
0.0002768
730.3
1.078e+04
6.476e+03
4.278e+03
3.515e+03
4.749e+03
1.021e+03
3.572e+03
7.262e+03
5.252e+03
0.000563
1.239e+04
7.497e+03
5.482e+03
9.001e+03
3.753e+03
6.625e+03
4.443e+03
3.137e+03
5.132e+03
6.553e+03
7.296e+03
9.068e+03
9.576e+03
8.501e+03
4.92e+03
5.126e+03
8.018e+03
7.079e+03
7.715e+03
0.0
3.496e+03
6.369e+03
1.617e+04
5.415e+03
5.965e+03
8.563e+03
2.335e+03
5.821e+03
5.781e+03
7.173e+03
6.956e+03
5.768e+03
7.92e+03
1.056e+04
2.289e+03
8.913e+03
5.664e+03
2.864e+03
3.926e+03
1.021e+03
4.813e+03
5.517e+03
3.074e+03
4.852e+03
4.721e+03
6.286e+03
2.94e+03
7.396e+03
0.0
8.542e+03
7.019e+03
4.809e+03
5.842e+03
630.4
3.857e+03
1.803e+03
6.304e+03
0.0
1.171e+03
7.708e+03
7.726e+03
6.984e+03
8.982e+03
0.0
5.156e+03
0.0
7.002e+03
3.658e+03
2.962e+03
4.603e+03
3.747e+03
1.262e+03
0.0
3.038e+03
5.339e+03
1.15e+04
1.41e+03
5.473e+03
5.751e+03
8.235e+03
8.565e+03
3.572e+03
7.868e+03
1.014e+04
3.035e+03
3.841e+03
0.0
8.589e+03
0.0
4.072e+03
4.874e+03
8.61e+03
3.626e+03
6.505e+03
3.711e+03
3.835e+03
9.062e+03
0.0
7.288e+03
1.19e+04
1.171e+03
1.018e+04
5.826e+03
5.423e+03
0.0002139
5.052e+03
5.6e+03
1.41e+03
4.916e+03
4.076e+03
0.0002055
1.023e+04
4.358e+03
5.29e+03
2.62e+03
0.0
0.0
7.289e+03
6.581e+03
0.0
3.689e+03
7.989e+03
7.409e+03
6.389e+03
6.242e+03
1.131e+04
5.595e+03
8.446e+03
7.565e+03
4.408e+03
5.175e+03
5.124e+03
4.813e+03
3.869e+03
0.0
8.11e+03
1.143e+04
3.237e+03
4.749e+03
9.523e+03
4.388e+03
0.0
3.429e+03
2.256e+03
7.482e+03
5.314e+03
6.739e+03
5.376e+03
4.975e+03
3.835e+03
8.625e+03
1.803e+03
7.835e+03
4.474e+03
5.077e+03
0.0
5.139e+03
0.0003756
7.696e+03
0.0
8.194e+03
9.783e+03
5.116e+03
1.049e+04
0.0
7.401e+03
3.028e+03
7.141e+03
4.445e+03
7.157e+03
1.008e+04
4.629e+03
356.4
3.179e+03
9.073e+03
8.526e+03
3.364e+03
5.418e+03
5.929e+03
7.757e+03
2.378e+03
0.0
2.587e+03
6.213e+03
5.486e+03
0.0
7.348e+03
1.372e+04
7.461e+03
4.677e+03
2.81e+03
1.093e+04
4.272e+03
3.185e+03
4.078e+03
3.645e+03
1.41e+03
1.472e+04
1.12e+04
356.4
0.0
7.562e+03
9.154e+03
4.683e+03
6.718e+03
6.809e+03
6.3e+03
1.004e+04
4.908e+03
2.884e+03
469.7
8.16e+03
5.398e+03
3.805e+03
2.021e+03
1.063e+04
8.536e+03
3.277e+03
5.534e+03
1.287e+04
6.214e+03
2.598e+03
1.139e+04
6.236e+03
9.151e+03
2.378e+03
1.262e+03
5.977e+03
2.786e+03
8.093e+03
0.0
5.121e+03
3.684e+03
0.0
4.265e+03
4.542e+03
3.466e+03
1.081e+04
8.196e+03
6.251e+03
7.338e+03
9.727e+03
9.105e+03
0.000252
6.052e+03
3.969e+03
6.724e+03
4.752e+03
7.357e+03
3.155e+03
3.211e+03
469.7
6.003e+03
5.474e+03
5.927e+03
1.027e+04
2.231e+03
9.56e+03
2.389e+03
1.208e+04
1.074e+04
1.341e+04
5.394e+03
4.387e+03
3.596e+03
5.59e+03
4.974e+03
0.0
0.0
1.204e+04
8.013e+03
3.88e+03
5.673e+03
3.649e+03
0.0
3.974e+03
1.025e+04
5.613e+03
5.511e+03
4.692e+03
7.274e+03
3.3e+03
1.741e+03
6.659e+03
1.15e+04
6.494e+03
0.0003158
7.396e+03
3.34e+03
4.596e+03
1.445e+04
6.663e+03
4.021e+03
1.171e+04
469.7
0.0
3.305e+03
1.239e+04
5.21e+03
4.069e+03
0.0
4.938e+03
613.5
9.427e+03
9.523e+03
1.09e+04
0.0
2.585e+03
5.176e+03
6.545e+03
9.624e+03
1.642e+03
0.0
1.202e+04
3.035e+03
3.669e+03
4.163e+03
5.023e+03
8.666e+03
2.748e+03
5.659e+03
0.0
3.118e+03
5.415e+03
1.058e+04
3.308e+03
6.487e+03
5.631e+03
4.251e+03
9.277e+03
7.225e+03
5.358e+03
1.103e+04
4.182e+03
6.331e+03
4.829e+03
0.0
8.743e+03
3.602e+03
3.838e+03
2.794e+03
2.29e+03
5.552e+03
6.2e+03
0.0
7.706e+03
5.25e+03
2.924e+03
6.621e+03
0.0
3.559e+03
1.358e+04
4.907e+03
5.766e+03
1.015e+04
3.1e+03
2.965e+03
2.419e+03
6.444e+03
3.212e+03
7.819e+03
7.211e+03
6.191e+03
6.028e+03
9.513e+03
7.898e+03
3.516e+03
1.468e+04
3.563e+03
6.098e+03
4.564e+03
5.63e+03
0.0
0.0
4.916e+03
5.156e+03
1.127e+04
2.701e+03
3.842e+03
4.878e+03
0.0003325
2.323e+03
2.841e+03
1.828e+03
4.893e+03
1.019e+04
0.000155
4.212e+03
7.335e+03
5.416e+03
6.494e+03
4.017e+03
0.0
6.875e+03
7.177e+03
0.0
9.134e+03
356.4
8.626e+03
5.76e+03
1.414e+04
4.718e+03
5.803e+03
6.882e+03
6.942e+03
5.034e+03
1.466e+03
1.814e+03
5.92e+03
1.087e+04
5.529e+03
1.181e+04
9.824e+03
1.097e+04
5.996e+03
5.553e+03
4.52e+03
8.715e+03
1.113e+04
5.021e+03
1.067e+04
0.0
4.209e+03
3.705e+03
1.165e+04
5.706e+03
1.028e+04
1.131e+04
4.413e+03
7.172e+03
9.518e+03
4.132e+03
7.601e+03
1.014e+04
1.66e+03
1.105e+04
3.409e+03
0.0
0.0
0.0
7.565e+03
4.332e+03
7.461e+03
3.358e+03
1.015e+04
4.924e+03
5.407e+03
6.677e+03
1.181e+04
3.447e+03
6.139e+03
6.805e+03
6.287e+03
2.435e+03
7.995e+03
0.0
5.726e+03
6.793e+03
7.861e+03
5.842e+03
1.107e+04
0.0
1.077e+04
1.803e+03
0.0
6.702e+03
3.795e+03
8.823e+03
7.97e+03
4.319e+03
6.406e+03
5.876e+03
9.605e+03
1.826e+03
1.271e+04
3.627e+03
8.395e+03
4.92e+03
8.33e+03
5.041e+03
6.977e+03
1.029e+04
6.819e+03
6.135e+03
5.43e+03
1.687e+03
0.0
5.799e+03
7.104e+03
4.466e+03
4.052e+03
4.439e+03
4.694e+03
8.084e+03
6.2e+03
0.0
1.828e+03
8.729e+03
2.85e+03
5.849e+03
5.823e+03
9.826e+03
6.874e+03
7.058e+03
1.253e+04
1.302e+04
1.124e+04
5.674e+03
3.572e+03
2.658e+03
1.218e+04
1.113e+04
5.427e+03
6.383e+03
7.355e+03
1.069e+04
1.109e+04
6.734e+03
4.355e+03
6.62e+03
3.69e+03
356.4
5.44e+03
1.294e+04
1.008e+04
4.576e+03
5.962e+03
1.021e+03
1.41e+03
5.11e+03
4.998e+03
1.311e+04
6.103e+03
5.379e+03
2.989e+03
7.832e+03
6.92e+03
4.981e+03
1.026e+04
0.0
1.144e+04
1.055e+04
4.633e+03
3.536e+03
4.993e+03
4.248e+03
5.884e+03
4.072e+03
4.011e+03
8.799e+03
2.095e+03
2.024e+03
0.0
4.951e+03
0.0
4.226e+03
8.602e+03
8.775e+03
4.428e+03
2.231e+03
6.086e+03
6.238e+03
3.496e+03
9.707e+03
8.198e+03
3.857e+03
2.504e+03
5.058e+03
0.0
1.023e+04
1.03e+04
0.0
5.625e+03
0.0
5.502e+03
7.116e+03
5.34e+03
1.008e+04
7.825e+03
0.0
3.98e+03
3.788e+03
1.828e+03
3.872e+03
0.0
2.939e+03
1.287e+04
5.376e+03
8.42e+03
9.354e+03
5.003e+03
5.235e+03
9.835e+03
9.687e+03
5.152e+03
9.555e+03
0.0
7.92e+03
2.955e+03
3.681e+03
6.089e+03
1.62e+03
0.0
1.267e+04
9.675e+03
1.401e+03
5.662e+03
1.117e+04
5.716e+03
4.628e+03
3.838e+03
469.7
9.259e+03
3.169e+03
1.079e+04
4.986e+03
0.0
3.93e+03
5.152e+03
0.0
1.368e+04
2.504e+03
8.066e+03
1.332e+04
3.926e+03
6.084e+03
6.654e+03
7.142e+03
4.408e+03
5.375e+03
4.205e+03
0.0
4.354e+03
3.281e+03
6.562e+03
1.094e+04
1.061e+04
4.695e+03
7.714e+03
1.764e+04
6.571e+03
3.896e+03
6.655e+03
9.398e+03
6.143e+03
1.007e+04
0.0
2.841e+03
5.825e+03
5.457e+03
4.472e+03
4.439e+03
4.592e+03
5.398e+03
2.07e+03
1.015e+04
2.871e+03
9.441e+03
0.0004371
1.243e+04
4.948e+03
356.4
0.0
9.491e+03
3.151e+03
6.642e+03
0.0
3.795e+03
7.116e+03
5.899e+03
3.245e+03
6.267e+03
5.35e+03
3.527e+03
4.718e+03
3.331e+03
4.496e+03
0.0
0.0
6.812e+03
5.958e+03
4.683e+03
2.907e+03
5.703e+03
7.578e+03
6.438e+03
8.404e+03
1.853e+03
5.78e+03
5.934e+03
2.994e+03
7.608e+03
6.72e+03
6.929e+03
5.729e+03
7.21e+03
1.069e+04
0.0001796
7.952e+03
3.185e+03
0.0
0.0
0.0
5.38e+03
6.707e+03
6.038e+03
1.024e+04
4.579e+03
7.706e+03
7.132e+03
7.958e+03
613.5
9.34e+03
3.365e+03
0.0
6.848e+03
3.365e+03
5.611e+03
1.444e+04
6.165e+03
0.0
5.127e+03
1.099e+04
6.92e+03
1.452e+04
5.481e+03
0.0003061
1.208e+04
1.056e+04
2.797e+03
7.086e+03
4.184e+03
9.043e+03
0.0
7.62e+03
0.0
3.438e+03
9.727e+03
4.52e+03
0.0
3.225e+03
7.577e+03
4.814e+03
8.355e+03
8.334e+03
4.558e+03
8.465e+03
5.201e+03
2.578e+03
7.565e+03
1.507e+03
8.461e+03
6.58e+03
1.008e+04
8.909e+03
3.869e+03
3.272e+03
2.095e+03
3.578e+03
1.016e+04
6.8e+03
0.001098
6.135e+03
2.305e+03
1.046e+04
4.572e+03
1.201e+04
4.572e+03
2.963e+03
8.041e-05
1.228e+04
4.143e+03
1.099e+03
1.263e+04
1.005e+04
4.234e+03
7.302e+03
6.36e+03
0.0
9.311e+03
5.229e+03
1.01e+04
4.667e+03
8.6e+03
356.4
8.407e+03
7.435e+03
5.461e+03
4.871e+03
4.907e+03
4.332e+03
2.886e+03
4.317e+03
3.536e+03
4.813e+03
8.999e+03
4.337e+03
6.565e+03
0.0
8.47e+03
3.037e+03
6.148e+03
4.585e+03
3.593e+03
5.456e+03
8.039e+03
1.134e+04
0.0
6.051e+03
1.37e+04
4.573e+03
1.061e+04
0.0004811
4.688e+03
7.096e+03
6.304e+03
4.182e+03
1.021e+03
6.273e+03
8.405e+03
5.324e+03
0.0
8.564e+03
5.652e+03
7.024e+03
7.907e+03
1.034e+04
8.75e+03
7.385e+03
8.528e+03
3.515e+03
6.417e+03
1.105e+04
5.234e+03
6.922e+03
6.389e+03
1.41e+03
8.775e+03
1.34e+03
0.0
3.268e+03
6.037e+03
3.336e+03
0.0
9.386e+03
5.628e+03
3.88e+03
3.993e+03
8.019e+03
1.114e+04
6.034e+03
3.759e+03
9.588e+03
6.929e+03
0.0
3.39e+03
1.873e+03
5.407e+03
7.007e+03
3.578e+03
1.171e+03
3.409e+03
6.731e+03
1.073e+04
4.591e+03
0.0
9.445e+03
6.586e+03
5.7e+03
1.246e+04
4.175e+03
0.0
0.0
7.619e+03
7.717e+03
0.0
6.752e+03
0.0003967
1.071e+04
0.0
0.0
8.034e+03
6.043e+03
0.0
5.407e+03
0.0
8.588e+03
5.195e+03
3.77e+03
613.5
0.0
3.719e+03
5.844e+03
7.21e+03
5.906e+03
7.102e+03
7.863e+03
1.246e+04
7.161e+03
5.554e+03
7.338e+03
4.847e+03
4.683e+03
1.263e+04
9.102e+03
5.252e+03
4.212e+03
4.25e+03
5.651e+03
0.0
5.17e+03
2.914e+03
6.438e+03
5.923e+03
2.939e+03
0.0001159
6.85e+03
1.068e+04
5.292e+03
4.389e+03
0.0
1.976e+03
4.667e+03
5.172e+03
0.0
7.142e+03
6.81e+03
4.232e+03
8.025e+03
3.491e+03
3.961e+03
1.391e+04
2.822e+03
2.958e+03
0.0
1.021e+03
5.086e+03
8.491e+03
2.994e+03
6.537e+03
5.17e+03
2.538e+03
9.745e+03
7.378e+03
6.312e+03
356.4
7.629e+03
1.094e+04
0.0
1.103e+04
5.651e+03
7.172e+03
5.845e+03
4.893e+03
5.6e+03
1.035e+04
7.59e+03
0.0
0.0007618
1.064e+04
2.298e+03
6.036e+03
3.668e+03
1.008e+04
4.521e+03
1.431e+04
1.443e+04
5.007e+03
7.349e+03
2.305e+03
5.965e+03
6.34e+03
7.522e+03
0.0
4.694e+03
1.339e+04
6.943e+03
0.0
0.0
7.911e+03
1.333e+04
9.951e+03
0.0
4.306e+03
8.422e+03
0.0
0.0
0.0
3.209e+03
0.0
9.281e+03
8.132e+03
2.256e+03
1.131e+04
2.413e+03
5.167e+03
6.713e+03
1.41e+03
6.985e+03
7.072e+03
2.999e+03
1.093e+04
3.843e+03
5.183e+03
6.416e+03
4.483e+03
0.0001674
0.0
5.495e+03
8.475e+03
9.022e+03
2.256e+03
0.0
0.0
6.028e+03
5.123e+03
5.063e+03
6.856e+03
1.383e+04
6.975e+03
3.665e+03
0.0
7.514e+03
2.615e+03
4.874e+03
5.295e+03
2.773e+03
8.62e+03
8.099e+03
6.696e+03
6.774e+03
1.021e+04
7.729e+03
0.0
7.998e+03
0.0
3.867e+03
0.0
1.097e+04
7.321e+03
1.015e+04
0.0002484
5.97e+03
2.945e+03
4.308e+03
9.168e+03
4.234e+03
9.761e+03
5.549e+03
5.527e+03
4.961e+03
1.166e+04
7.732e+03
4.981e+03
3.842e+03
1.262e+04
7.949e+03
2.841e+03
1.074e+04
3.74e+03
4.123e+03
5.593e+03
9.823e+03
3.861e+03
0.0
8.033e+03
0.0
9.1e+03
0.0
6.329e+03
0.0
0.0007712
8.037e+03
9.786e+03
5.146e+03
5.718e+03
7.996e+03
5.763e+03
8.01e+03
6.269e+03
7.202e+03
0.0
0.0
5.638e+03
4.569e+03
6.8e+03
7.455e+03
3.499e+03
8.729e+03
1.446e+04
1.029e+04
0.0
1.024e+04
7.495e+03
6.865e+03
6.735e+03
1.313e+04
8.187e+03
0.0
5.83e+03
7.348e+03
3.754e+03
0.0
3.387e+03
4.238e+03
2.095e+03
7.81e+03
2.393e+03
6.089e+03
4.834e+03
0.00018
8.784e+03
4.408e+03
6.404e+03
1.183e+04
4.414e+03
8.426e+03
5.769e+03
4.491e+03
6.085e+03
5.713e+03
5.293e+03
6.949e+03
1.803e+03
0.0
0.0
7.805e+03
2.295e+03
4.374e+03
0.0
7.289e+03
6.668e+03
5.63e+03
7.11e+03
0.0
3.974e+03
2.528e+03
5.441e+03
6.733e+03
6.748e+03
5.099e+03
6.273e+03
0.0
4.534e+03
0.0
613.5
1.07e+04
6.956e+03
1.168e+04
7.183e+03
3.388e+03
6.084e+03
0.0
0.0001469
4.845e+03
1.021e+03
3.578e+03
8.802e+03
6.577e+03
1.295e+04
1.269e+04
8.64e+03
3.332e+03
3.669e+03
9.172e+03
1.803e+03
9.047e+03
4.472e+03
6.363e+03
8.545e+03
1.365e+04
1.41e+03
5.793e+03
6.418e+03
2.938e+03
3.632e+03
6.754e+03
5.947e+03
3.626e+03
1.34e+03
5.497e+03
6.92e+03
1.132e+04
0.0001836
2.465e+03
1.017e+04
1.388e+04
3.716e+03
5.268e+03
2.256e+03
0.0
1.167e+04
2.353e+03
6.329e+03
5.526e+03
5.146e+03
9.079e+03
5.617e+03
2.448e+03
1.171e+03
7.133e+03
2.938e+03
469.7
611.2
4.251e+03
6.892e+03
4.975e+03
0.0
1.255e+04
5.573e+03
9.929e+03
1.039e+04
3.707e+03
4.179e+03
5.497e+03
2.448e+03
3.759e+03
5.868e+03
5.799e+03
5.052e+03
1.081e+04
6.342e+03
1.358e+04
0.0
0.0
1.171e+03
9.905e+03
8.422e+03
4.958e+03
4.402e+03
8.279e+03
4.528e+03
6.085e+03
1.276e+04
9.829e+03
5.553e+03
1.013e+04
7.636e+03
6.526e+03
3.143e+03
5.305e+03
1.264e+04
6.358e+03
3.515e+03
6.364e+03
7.502e+03
7.946e+03
1.187e+04
6.691e+03
0.0003158
0.0006664
4.565e+03
5.956e+03
5.073e+03
8.093e+03
4.986e+03
1.149e+04
4.042e+03
7.301e+03
3.857e+03
3.831e+03
5.535e+03
3.378e+03
0.0
9.091e+03
6.177e+03
2.797e+03
1.359e+04
3.578e+03
3.88e+03
6.07e+03
4.22e+03
6.419e+03
0.0
5.29e+03
7.301e+03
6.882e+03
8.946e+03
1.34e+03
1.065e+04
0.0
9.478e+03
0.0
9.339e+03
6.972e+03
4.171e+03
1.212e+04
9.226e+03
1.065e+04
7.315e+03
9.852e+03
7.399e+03
7.277e+03
3.239e+03
5.175e+03
5.643e+03
4.721e+03
6.536e+03
0.0
2.374e+03
4.585e+03
9.936e+03
8.11e+03
6.596e+03
3.271e+03
2.962e+03
2.785e+03
5.641e+03
5.844e+03
0.0007982
5.305e+03
7.844e+03
0.0
356.4
5.59e+03
9.34e+03
1.096e+04
0.0
5.263e+03
8.342e+03
0.0
356.4
2.516e+03
6.062e+03
1.028e+04
1.232e+04
8.536e+03
9.76e+03
9.281e+03
3.308e+03
4.993e+03
1.2e+04
5.099e+03
9.363e+03
0.0
1.146e+04
1.052e+04
9.168e+03
6.586e+03
0.0
3.327e+03
5.167e+03
4.239e+03
5.993e+03
9.3e+03
5.965e+03
8.021e+03
6.65e+03
1.335e+04
6.146e+03
3.135e+03
4.463e+03
9.513e+03
1.078e+04
0.0
1.078e+04
6.814e+03
4.554e+03
9.76e+03
6.814e+03
5.554e+03
9.191e+03
1.021e+03
6.819e+03
1.343e+04
3.105e+03
5.364e+03
8.615e+03
8.256e+03
3.621e+03
7.488e+03
7.188e+03
9.469e+03
7.886e+03
2.259e+03
6.125e+03
1.021e+03
0.0
1.391e+04
1.429e+03
0.0
4.347e+03
5.552e+03
6.121e+03
3.896e+03
6.553e+03
3.055e+03
0.0
8.416e+03
5.542e+03
1.349e+04
8.619e+03
9.085e+03
5.893e+03
3.705e+03
0.0
7.266e+03
7.262e+03
9.401e+03
3.594e+03
6.861e+03
7.728e+03
2.797e+03
3.683e+03
2.291e+03
0.0
5.567e+03
5.535e+03
5.58e+03
1.368e+04
6.605e+03
9.723e+03
3.562e+03
8.936e+03
7.44e+03
9.491e+03
7.763e+03
1.299e+04
1.094e+04
6.319e+03
0.0
6.873e+03
5.071e+03
8.241e+03
7.881e+03
7.569e+03
4.089e+03
6.167e+03
6.038e+03
8.167e+03
8.375e+03
1.124e+04
6.45e+03
1.006e+04
8.884e+03
2.546e+03
5.418e+03
6.389e+03
8.115e+03
4.389e+03
0.0
4.348e+03
1.085e+04
1.195e+04
3.665e+03
6.956e+03
2.701e+03
6.484e+03
1.164e+04
2.969e+03
3.411e+03
6.639e+03
7.871e+03
0.0
3.496e+03
5.963e+03
2.896e+03
3.268e+03
5.896e+03
9.363e+03
3.993e+03
6.036e+03
7.024e+03
1.115e+04
3.677e+03
8.342e+03
1.306e+04
0.0
9.285e+03
8.429e+03
4.429e+03
2.578e+03
2.691e+03
4.27e+03
9.848e+03
5.852e+03
6.9e+03
4.298e+03
1.307e+04
8.627e+03
9.991e+03
8.096e+03
8.655e+03
1.072e+04
3.606e+03
8.442e+03
7.806e+03
5.031e+03
5.517e+03
6.437e+03
0.0
1.362e+04
7.633e+03
0.0
0.0002955
3.198e+03
3.676e+03
0.0
1.359e+04
1.139e+04
6.515e+03
5.456e+03
7.118e+03
4.752e+03
1.131e+04
9.662e+03
7.263e+03
6.148e+03
1.154e+04
1.327e+04
6.599e+03
5.504e+03
9.624e+03
0.0
2.354e+03
7.261e+03
1.226e+04
4.019e+03
6.245e+03
3.064e+03
5.222e+03
6.646e+03
4.674e+03
6.885e+03
0.0001979
4.111e+03
1.803e+03
0.0
8.744e+03
1.214e+04
0.0
7.895e+03
0.0
8.528e+03
0.0
1.923e+03
1.055e+04
6.713e+03
7.403e+03
3.897e+03
3.988e+03
0.0
4.6e+03
4.716e+03
2.668e+03
0.0
1.126e+04
3.765e+03
1.817e+03
8.627e+03
1.181e+04
1.347e+04
0.0
5.638e+03
0.0
7.09e+03
1.471e+03
4.87e+03
7.615e+03
6.4e+03
6.599e+03
9.496e+03
0.0
5.433e+03
3.594e+03
0.0
9.707e+03
1.229e+04
1.26e+04
3.689e+03
2.305e+03
9.53e+03
0.0
7.39e+03
2.052e+03
469.7
6.521e+03
5.929e+03
5.392e+03
7.813e+03
6.862e+03
5.324e+03
1.687e+03
4.105e+03
1.063e+04
5.909e+03
3.955e+03
7.235e+03
6.627e+03
5.58e+03
2.733e+03
0.0
356.4
4.52e+03
2.94e+03
0.0
4.149e+03
5.932e+03
0.0
8.815e+03
3.577e+03
0.0002915
6.715e+03
3.711e+03
2.114e+03
4.596e+03
2.987e+03
8.354e+03
9.601e+03
0.0
7.243e+03
1.159e+04
630.4
1.076e+04
3.198e+03
6.668e+03
1.221e+04
1.188e+04
5.585e+03
9.102e+03
5.379e+03
2.393e+03
5.542e+03
9.096e+03
3.093e+03
8.793e+03
3.483e+03
1.113e+04
5.372e+03
6.32e+03
4.644e+03
0.0
4.928e+03
5.283e+03
1.216e+04
5.79e+03
1.799e+03
8.029e+03
1.154e+04
0.0002955
6.571e+03
7.168e+03
1.266e+04
5.671e+03
3.975e+03
9.049e+03
5.911e+03
4.041e+03
8.036e+03
1.031e+04
5.535e+03
1.068e+04
0.0
3.957e+03
1.007e+04
0.0
7.434e+03
4.845e+03
6.227e+03
356.4
4.021e+03
6.813e+03
5.816e+03
2.412e+03
1.175e+04
5.095e+03
6.201e+03
1.154e+04
2.841e+03
1.11e+04
1.201e+04
5.391e+03
4.842e+03
1.814e+03
6.775e+03
9.541e+03
5.22e+03
5.781e+03
1.042e+04
9.155e+03
1.169e+04
1.228e+04
5.701e+03
0.0
9.614e+03
9.635e+03
1.042e+04
0.0004025
1.213e+04
7.304e+03
9.104e+03
6.792e+03
1.035e+04
469.7
6.547e+03
9.522e+03
4.251e+03
0.0
6.103e+03
6.532e+03
5.729e+03
5.932e+03
4.409e+03
4.757e+03
7.909e+03
9.459e+03
9.358e+03
6.238e+03
0.0
4.136e+03
1.477e+04
8.314e+03
5.155e+03
9.956e+03
5.449e+03
1.147e+04
2.114e+03
1.687e+03
1.488e+04
8.218e+03
5.351e+03
0.0001397
5.19e+03
0.0
0.0
3.889e+03
1.062e+04
1.072e+04
4.308e+03
6.273e+03
1.824e+04
2.777e+03
6.036e+03
6.025e+03
4.605e+03
6.938e+03
6.034e+03
7.319e+03
1.044e+04
3.186e+03
0.0
0.0
8.565e+03
0.0002139
9.745e+03
1.063e+04
4.558e+03
9.151e+03
1.232e+04
6.134e+03
8.164e+03
8.015e+03
5.73e+03
2.907e+03
1.687e+03
8.306e+03
4.819e+03
6.229e+03
4.593e+03
4.309e+03
4.428e+03
7.176e+03
5.187e+03
0.0002055
1.385e+04
8.405e+03
5.271e+03
0.0
4.381e+03
1.083e+04
0.0
1.021e+03
9.745e+03
6.463e+03
5.176e+03
5.413e+03
6.398e+03
6.604e+03
0.0
6.654e+03
9.681e+03
0.0
6.983e+03
4.491e+03
8.099e+03
7.517e+03
0.0
4.619e+03
7.599e+03
8.711e+03
3.818e+03
5.427e+03
4.838e+03
5.446e+03
0.0
5.611e+03
5.095e+03
2.887e+03
3.035e+03
8.97e+03
3.429e+03
6.353e+03
5.671e+03
0.0
6.494e+03
5.477e+03
1.323e+04
7.312e+03
6.347e+03
1.059e+04
8.081e+03
4.363e+03
1.172e+04
6.304e+03
3.77e+03
8.03e+03
5.83e+03
9.275e+03
4.089e+03
5.91e+03
1.105e+04
3.768e+03
7.524e+03
6.531e+03
4.59e+03
1.042e+04
1.009e+04
6.331e+03
7.04e+03
3.388e+03
1.205e+04
9.276e+03
0.0
3.668e+03
1.123e+04
0.000422
8.079e+03
0.0
1.741e+03
3.358e+03
3.77e+03
1.051e+04
0.0
7.233e+03
5.344e+03
5.487e+03
6.015e+03
1.062e+04
1.19e+04
4.088e+03
5.889e+03
1.66e+03
6.152e+03
0.0
0.0
7.745e+03
0.0
1.062e+04
2.124e+03
469.7
0.0
8.241e+03
1.099e+03
7.84e+03
2.067e+03
3.641e+03
0.0
6.788e+03
4.215e+03
0.0
1.199e+04
6.701e+03
0.0
7.766e+03
0.0
1.138e+04
6.39e+03
9.282e+03
5.11e+03
5.371e+03
5.778e+03
4.219e+03
4.499e+03
5.921e+03
1.105e+04
2.883e+03
3.593e+03
0.0
6.776e+03
6.781e+03
0.0
3.535e+03
9.355e+03
6.125e+03
1.007e+04
7.415e+03
8.237e+03
0.0
0.0
3.461e+03
5.628e+03
7.815e+03
4.232e+03
2.256e+03
0.0
1.311e+04
4.46e+03
0.0
5.247e+03
7.943e+03
3.327e+03
5.5e+03
5.384e+03
1.05e+04
5.534e+03
7.688e+03
5.318e+03
0.0
9.899e+03
6.241e+03
2.89e+03
5.607e+03
0.0
6.862e+03
6.146e+03
3.388e+03
4.147e+03
1.037e+04
8.489e+03
5.63e+03
3.98e+03
0.0
6.974e+03
9.921e+03
3.288e+03
7.003e+03
6.221e+03
0.0001044
1.068e+04
6.784e+03
1.104e+04
1.346e+04
7.234e+03
9.127e+03
6.389e+03
7.263e+03
5.748e+03
0.0
1.349e+04
1.376e+03
2.797e+03
4.93e+03
1.291e+04
7.798e+03
2.021e+03
0.0
3.873e+03
3.358e+03
6.746e+03
5.564e+03
6.388e+03
1.108e+04
7.214e+03
9.27e+03
0.0
4.564e+03
6.006e+03
2.078e+03
5.291e+03
2.887e+03
2.733e+03
7.738e+03
1.113e+04
9.842e+03
3.831e+03
1.242e+04
7.289e+03
1.828e+03
1.148e+04
2.304e+03
2.889e+03
3.438e+03
3.701e+03
5.656e+03
4.441e+03
1.191e+04
4.149e+03
4.076e+03
1.023e+04
7.423e+03
5.43e+03
4.86e+03
0.0006828
7.347e+03
0.0003767
6.771e+03
1.853e+03
5.729e+03
5.461e+03
0.0
4.311e+03
1.261e+04
4.593e+03
7.594e+03
3.24e+03
8.293e+03
1.166e+04
4.986e+03
2.796e+03
0.0003548
5.749e+03
6.732e+03
8.588e+03
5.124e+03
4.413e+03
9.807e+03
9.528e+03
4.537e+03
0.0
6.995e+03
5.259e+03
8.035e+03
5.552e+03
1.307e+04
0.0007478
4.064e+03
3.043e+03
8.617e+03
1.018e+04
3.857e+03
0.0
4.993e+03
4.523e+03
9.807e+03
1.026e+04
2.648e+03
3.078e+03
3.585e+03
3.289e+03
1.334e+04
5.846e+03
5.766e+03
3.692e+03
5.58e+03
1.205e+04
5.842e+03
0.0
9.132e+03
0.0002607
1.144e+04
3.675e+03
3.855e+03
9.484e+03
6.025e+03
4.006e+03
4.043e+03
3.363e+03
2.785e+03
0.000505
0.0
5.246e+03
3.553e+03
3.339e+03
5.238e+03
0.0
8.313e+03
5.709e+03
5.096e+03
0.0
0.0001044
8.967e+03
3.495e+03
4.784e+03
7.819e+03
9.213e+03
4.36e+03
7.546e+03
1.015e+04
0.0
8.07e+03
9.057e+03
9.393e+03
5.534e+03
0.0
1.137e+04
4.224e+03
5.727e+03
5.519e+03
6.167e+03
9.994e+03
6.004e+03
8.145e+03
3.818e+03
5.083e+03
1.009e+04
1.049e+04
0.0
7.413e+03
7.092e+03
5.439e+03
3.628e+03
1.454e+04
0.0
5.484e+03
4.674e+03
6.672e+03
2.86e+03
4.757e+03
7.614e+03
5.609e+03
9.896e+03
0.0
0.0
1.186e+04
1.008e+04
1.158e+04
5.526e+03
0.0
4.52e+03
9.641e+03
6.712e+03
469.7
4.406e+03
4.399e+03
2.822e+03
0.0
9.551e+03
6.921e+03
1.019e+04
9.839e+03
5.807e+03
5.46e+03
6.689e+03
6.828e+03
2.323e+03
2.883e+03
5.293e+03
7.172e+03
8.97e+03
6.956e+03
7.163e+03
8.148e+03
5.823e+03
7.259e+03
0.0
0.0
4.534e+03
2.956e+03
0.0
0.0
9.701e+03
9.193e+03
8.667e+03
0.0
1.015e+04
1.66e+03
6.259e+03
7.539e+03
0.0
1.112e+04
630.4
1.248e+04
0.0
9.637e+03
9.412e+03
0.0
5.183e+03
2.577e+03
5.543e+03
9.943e+03
4.267e+03
7.994e+03
4.392e+03
1.002e+04
7.649e+03
7.235e+03
3.055e+03
9.232e+03
7.348e+03
5.306e+03
6.985e+03
5.594e+03
5.514e+03
4.723e+03
3.431e+03
1.065e+04
5.718e+03
8.609e+03
1.119e+04
8.446e+03
8.271e+03
6.976e+03
6.788e+03
5.174e+03
3.601e+03
4.543e+03
8.51e+03
5.986e+03
4.829e+03
4.022e+03
1.171e+03
7.949e+03
1.278e+04
6.244e+03
1.081e+04
9.282e+03
4.596e+03
0.0
0.0
8.722e+03
4.754e+03
4.759e+03
5.564e+03
3.535e+03
1.176e+04
8.011e+03
6.312e+03
6.417e+03
6.239e+03
4.491e+03
8.648e+03
6.527e+03
4.993e+03
7.01e+03
4.358e+03
7.691e+03
4.604e+03
5.12e+03
3.271e+03
0.0
1.164e+04
7.183e+03
9.715e+03
0.0
0.0
1.04e+04
9.787e+03
0.0
6.151e+03
7.844e+03
1.91e+03
5.982e+03
4.695e+03
4.52e+03
9.928e+03
1.585e+04
0.0
1.118e+04
7.93e+03
0.0
1.142e+04
0.0
1.199e+04
0.0
0.0
2.546e+03
3.345e+03
9.08e+03
0.0
0.0
4.964e+03
1.219e+04
0.0
0.0
4.006e+03
5.745e+03
1.2e+04
1.216e+04
1.131e+04
1.206e+04
3.169e+03
8.591e+03
4.437e+03
0.0
6.629e+03
8.704e+03
1.181e+04
4.612e+03
8.794e+03
1.03e+04
1.098e+04
6.897e+03
3.707e+03
9.416e+03
2.822e+03
7.072e+03
6.206e+03
4.629e+03
5.176e+03
1.338e+04
5.286e+03
3.495e+03
4.409e+03
5.221e+03
469.7
1.62e+03
7.625e+03
2.354e+03
1.526e+03
1.367e+04
0.0
4.723e+03
4.076e+03
3.155e+03
2.621e+03
8.075e+03
4.644e+03
5.361e+03
4.355e+03
5.289e+03
3.975e+03
6.715e+03
6.232e+03
9.755e+03
4.411e+03
0.0
9.94e+03
8.976e+03
7.961e+03
8.426e+03
9.214e+03
5.996e+03
6.62e+03
2.298e+03
6.198e+03
6.949e+03
9.651e+03
1.223e+04
6.774e+03
3.581e+03
4.25e+03
1.021e+03
8.907e+03
3.365e+03
5.674e+03
3.74e+03
5.504e+03
2.289e+03
8.655e+03
4.858e+03
5.361e+03
3.997e+03
6.213e+03
6.693e+03
5.764e+03
1.013e+04
5.591e+03
9.45e+03
5.251e+03
1.803e+03
7.881e+03
0.0
0.0
0.0
1.264e+03
1.212e+04
1.079e+04
0.0
7.265e+03
0.0
5.509e+03
4.521e+03
5.321e+03
0.0
8.023e+03
9.671e+03
5.93e+03
7.907e+03
1.137e+04
3.681e+03
7.076e+03
0.0
4.381e+03
7.404e+03
6.544e+03
1.324e+04
3.429e+03
8.377e+03
0.0
1.227e+04
6.432e+03
8.808e+03
2.095e+03
1.092e+04
5.664e+03
5.679e+03
5.884e+03
1.1e+04
1.067e+04
6.657e+03
8.793e+03
0.0
0.0
4.813e+03
0.0
5.063e+03
8.635e+03
6.713e+03
7.157e+03
6.603e+03
5.87e+03
4.808e+03
8.944e+03
9.056e+03
0.0
4.053e+03
0.0
9.525e+03
5.007e+03
2.658e+03
9.872e+03
0.0
1.052e+04
1.395e+04
7.794e+03
5.095e+03
1.58e+04
1.086e+04
1.514e+04
1.183e+04
2.887e+03
1.637e+04
7.052e+03
0.0
3.39e+03
9.143e+03
5.593e+03
0.0002265
4.945e+03
8.562e+03
5.221e+03
7.409e+03
7.653e+03
4.381e+03
1.183e+04
2.926e+03
5.067e+03
0.0
2.392e+03
0.0
0.0
5.974e+03
0.0
8.612e+03
4.306e+03
7.228e+03
1.186e+04
5.438e+03
7.916e+03
6.342e+03
4.82e+03
4.435e+03
1.376e+03
4.31e+03
2.514e+03
1.035e+04
0.0
5.23e+03
0.0002022
0.0003641
6.314e+03
5.708e+03
1.109e+04
7.404e+03
8.855e+03
1.032e+04
7.025e+03
6.007e+03
3.436e+03
7.284e+03
3.586e+03
1.065e+04
0.0
7.599e+03
6.121e+03
1.687e+03
9.44e+03
1.177e+04
1.099e+04
7.944e+03
6.913e+03
6.614e+03
3.253e+03
6.22e+03
9.601e+03
8.724e+03
4.454e+03
2.485e+03
1.119e+04
5.003e+03
4.414e+03
9.468e+03
5.904e+03
8.643e+03
3.151e+03
3.499e+03
0.0
3.292e+03
0.0
3.893e+03
8.442e+03
5.92e+03
0.0
1.232e+04
8.329e+03
6.7e+03
3.621e+03
5.273e+03
3.272e+03
1.166e+04
5.469e+03
5.213e+03
5.984e+03
5.962e+03
0.0
9.305e+03
1.125e+04
3.978e+03
4.346e+03
5.127e+03
1.003e+04
5.435e+03
3.734e+03
0.0
9.217e+03
0.0
4.802e+03
0.0
5.449e+03
0.0
9.157e+03
5.58e+03
9.609e+03
8.508e+03
5.251e+03
4.924e+03
4.544e+03
8.341e+03
6.011e+03
6.677e+03
4.414e+03
9.355e+03
2.075e+03
5.413e+03
7.209e+03
7.276e+03
9.311e+03
7.594e+03
5.707e+03
5.583e+03
2.26e+03
7.813e+03
7.14e+03
0.0
3.384e+03
0.0
3.761e+03
4.485e+03
4.893e+03
0.0
6.894e+03
4.871e+03
2.021e+03
7.031e+03
3.299e+03
8.986e+03
1.269e+04
0.0
1.088e+04
1.665e+03
0.0
4.265e+03
2.374e+03
2.803e+03
3.657e+03
7.257e+03
8.25e+03
4.388e+03
0.0
7.091e+03
7.252e+03
2.148e+04
7.887e+03
9.545e+03
0.0
5.427e+03
8.736e+03
8.591e+03
7.034e+03
0.0
7.429e+03
4.775e+03
9.09e+03
5.626e+03
0.0
4.528e+03
8.992e+03
6.854e+03
5.957e+03
6.961e+03
8.497e+03
5.5e+03
1.452e+03
1.462e+04
9.335e+03
4.01e+03
1.008e+04
9.038e+03
0.0
1.076e+04
1.277e+04
9.071e+03
0.0
4.009e+03
0.0
9.816e+03
0.0
7.692e+03
5.055e+03
5.023e+03
7.043e+03
1.024e+04
1.817e+03
3.194e+03
6.09e+03
0.0
4.27e+03
4.755e+03
0.0
5.207e+03
1.029e+04
9.899e+03
7.211e+03
9.561e+03
7.803e+03
2.095e+03
7.637e+03
1.143e+04
0.0
0.0
9.372e+03
8.15e+03
9.356e+03
0.0003967
6.182e+03
9.224e+03
0.0
1.017e+04
9.558e+03
3.537e+03
9.437e+03
1.005e+04
3.645e+03
5.191e+03
1.092e+04
6.629e+03
0.0
1.466e+04
6.565e+03
3.075e+03
7.507e+03
8.254e+03
3.696e+03
1.108e+04
5.482e+03
1.585e+03
8.524e+03
9.168e+03
0.0
5.282e+03
7.247e+03
9.147e+03
5.286e+03
8.898e+03
6.766e+03
8.447e+03
4.46e+03
3.211e+03
8.999e+03
1.263e+04
1.015e+04
0.0
7.729e+03
2.646e+03
3.036e+03
6.012e+03
6.157e+03
7.776e+03
0.0
7.323e+03
4.478e+03
5.588e+03
1.171e+04
0.0
9.001e+03
6.185e+03
4.196e+03
3.686e+03
1.141e+04
5.701e+03
0.0
2.42e+03
1.15e+04
5.002e+03
0.0
0.0
0.0
8.302e+03
6.571e+03
7.534e+03
0.0
9.458e+03
1.109e+04
4.783e+03
9.745e+03
7.89e+03
0.0
1.62e+03
4.479e+03
3.38e+03
4.566e+03
630.4
1.811e+03
1.041e+04
1.176e+04
0.0
1.065e+04
1.108e+04
2.291e+03
8.689e+03
7.531e+03
0.0
3.689e+03
5.849e+03
5.811e+03
5.745e+03
5.207e+03
5.832e+03
4.307e+03
3.369e+03
8.001e+03
1.151e+04
5.803e+03
1.329e+04
0.0
4.176e+03
1.262e+03
4.625e+03
0.0
4.105e+03
6.328e+03
1.253e+04
7.884e+03
0.0
0.0
6.438e+03
0.0
1.401e+03
7.644e+03
3.135e+03
2.259e+03
0.0
1.528e+04
5.608e+03
9.172e+03
6.198e+03
5.451e+03
7.469e+03
5.238e+03
6.07e+03
9.527e+03
