115.8
65.38
117.4
133.1
28.43
109.8
63.58
115.0
60.76
146.4
139.1
137.4
86.62
101.8
115.0
132.9
117.3
128.0
109.6
76.72
0.0
60.28
141.5
0.0
137.2
90.58
31.59
22.25
138.2
89.78
115.5
101.0
57.12
107.6
112.5
139.7
44.56
151.6
110.7
140.6
58.71
122.9
115.8
124.5
91.14
135.3
133.0
16.14
117.9
138.5
117.3
145.7
116.9
113.5
40.3
37.72
122.7
111.3
88.92
97.03
135.9
119.4
116.2
66.81
101.8
154.8
44.51
109.0
166.7
118.6
141.5
110.3
106.4
127.2
147.1
119.3
119.4
132.7
127.5
111.5
71.01
91.75
43.65
75.03
79.86
166.7
44.56
118.7
106.0
122.5
150.0
58.75
116.5
134.6
73.66
130.8
114.5
80.95
116.8
44.35
47.64
141.7
154.7
133.5
53.25
25.54
150.9
56.62
139.6
139.9
141.4
163.4
82.1
134.5
166.5
101.8
82.83
124.8
60.61
60.88
112.3
106.5
113.5
157.1
143.6
145.9
106.9
42.53
21.08
150.8
125.2
137.0
73.23
32.51
84.85
119.6
133.3
65.55
115.3
154.3
145.4
0.0
109.8
134.6
117.4
131.0
14.24
141.6
48.16
155.8
116.5
152.6
86.78
146.0
56.86
107.1
140.9
122.4
54.31
69.42
135.9
131.1
151.9
73.68
117.9
41.21
57.6
52.76
133.4
129.9
133.9
133.2
101.8
94.94
0.0
97.45
139.1
142.6
54.4
119.4
139.9
81.07
150.3
119.4
43.65
34.19
155.4
156.6
149.4
112.1
119.9
151.1
95.75
137.4
49.06
78.92
130.1
146.2
99.67
113.5
72.93
66.46
136.1
79.86
106.5
127.5
152.7
54.55
109.6
138.8
135.0
158.1
109.5
124.7
48.91
140.1
34.87
133.1
81.97
51.78
97.67
157.4
92.19
128.4
85.51
100.7
58.44
139.3
133.8
133.8
138.7
120.6
118.3
51.91
57.6
134.0
119.8
153.6
123.9
62.72
129.4
44.87
142.3
134.5
74.95
55.92
127.5
83.38
137.6
51.85
77.63
98.1
149.3
42.75
138.6
65.38
129.1
80.78
150.8
123.9
80.37
71.48
133.5
114.2
91.47
160.9
140.5
155.0
94.41
154.0
51.89
1.405e-05
60.61
128.6
154.5
167.8
1.016e-05
154.2
141.5
133.7
170.2
99.72
113.3
114.8
31.8
136.4
55.19
118.8
115.0
120.3
158.0
134.5
124.5
85.51
120.1
78.55
114.6
141.5
163.6
120.3
119.5
124.6
70.84
128.2
21.8
87.22
135.3
127.9
162.8
128.8
76.19
132.1
108.1
136.2
27.33
91.21
132.4
139.5
37.72
116.9
147.4
142.0
58.84
111.6
63.22
140.1
165.3
135.9
160.6
112.9
141.8
89.03
131.5
164.8
151.5
95.21
126.9
117.0
138.1
101.3
112.5
118.7
129.6
62.03
48.16
102.5
153.2
97.46
118.3
85.82
166.3
125.9
0.0
125.2
131.6
121.0
139.6
156.5
70.01
132.8
0.0
58.89
93.38
117.6
167.2
118.5
0.0
142.8
23.94
133.1
119.1
111.6
82.87
124.7
129.0
138.5
82.47
81.84
156.2
30.07
50.22
123.1
0.0
148.6
145.2
112.5
115.0
117.5
85.37
161.1
146.2
133.7
100.3
139.8
63.41
154.8
132.7
127.4
135.6
160.2
115.2
134.8
57.39
48.36
132.7
112.4
57.12
94.94
76.19
52.74
129.4
137.1
59.56
100.7
158.8
133.9
126.8
149.7
123.6
140.0
81.84
52.65
137.9
81.24
42.15
35.13
130.8
132.9
41.15
69.0
68.47
142.4
119.6
130.4
146.2
125.4
147.8
118.0
153.4
141.2
111.5
131.1
124.3
118.3
67.96
145.7
112.8
140.8
134.1
50.22
114.6
48.47
48.68
115.9
74.19
70.3
138.4
115.0
131.8
27.89
149.4
111.6
71.98
112.8
47.55
83.31
112.3
68.18
88.14
172.6
45.47
128.5
136.8
157.5
67.36
135.1
129.9
129.9
49.68
116.9
133.2
134.9
119.9
135.7
125.6
117.2
132.8
149.3
133.9
83.02
133.4
162.0
72.6
135.1
52.74
147.4
95.86
147.0
90.42
126.3
135.1
127.6
148.6
89.2
133.6
83.34
163.7
125.9
105.6
74.57
104.1
154.9
72.96
110.9
134.6
127.4
20.49
131.1
63.25
70.84
132.8
105.1
107.4
91.7
118.1
100.6
65.21
68.34
51.1
122.4
119.5
90.42
39.93
47.06
116.5
67.41
124.8
21.8
144.9
56.9
118.8
140.0
138.0
41.97
44.01
59.84
167.6
113.6
135.5
160.3
130.7
117.3
75.71
117.3
33.32
157.8
100.9
87.0
121.8
0.0
134.2
156.8
163.7
106.5
141.4
137.0
124.2
106.3
128.4
147.9
118.1
130.3
110.7
77.6
102.1
130.2
113.8
117.4
132.8
92.18
30.67
141.7
60.76
152.5
62.74
114.7
160.9
99.72
90.58
40.01
73.68
107.7
135.5
125.3
135.9
44.29
137.6
140.1
55.93
78.07
134.7
111.6
157.6
147.3
60.26
130.7
55.07
81.07
135.5
134.1
97.95
115.0
72.65
115.9
123.6
135.1
129.5
97.34
15.94
125.8
157.3
115.6
116.5
129.8
107.9
152.7
106.3
143.5
116.6
92.86
149.7
143.7
148.7
121.4
95.69
110.6
89.9
146.8
126.2
116.4
122.7
114.9
155.1
125.4
165.9
117.3
101.8
72.21
133.0
75.97
132.8
72.86
148.3
95.75
123.0
43.02
158.5
138.3
69.73
170.8
120.8
120.4
97.24
58.68
147.4
135.1
142.7
135.2
118.3
66.34
128.2
115.0
146.1
48.68
140.4
146.2
116.4
62.97
127.4
135.7
101.8
57.39
70.3
166.6
111.7
62.09
90.13
89.92
91.47
74.8
1.405e-05
142.1
166.2
46.28
130.0
135.1
113.9
87.9
42.15
123.2
54.55
143.5
101.6
113.3
104.9
94.36
43.85
122.4
119.1
123.2
70.28
94.77
66.62
107.4
57.17
144.3
102.3
48.47
79.52
140.3
121.8
110.5
91.75
79.45
72.86
122.5
87.48
148.8
82.81
47.01
123.2
113.4
134.6
145.3
111.9
128.0
89.82
131.6
114.6
160.9
89.52
139.9
78.09
119.6
148.6
149.5
140.3
143.6
128.2
177.1
148.4
58.72
108.6
57.39
101.8
77.6
146.8
87.24
46.96
70.97
126.7
143.4
147.8
113.8
89.4
119.7
56.58
119.4
72.86
43.85
115.3
113.0
148.4
117.8
134.8
3.77e-06
0.0
142.8
122.0
117.2
106.5
61.21
125.6
42.15
134.1
73.21
60.88
48.68
118.5
146.6
131.5
103.0
0.0
115.2
153.9
121.0
124.9
143.6
123.4
47.61
139.2
121.0
136.0
0.0
119.0
128.0
107.0
133.3
89.4
100.7
110.7
106.6
146.9
27.21
84.58
115.1
67.96
140.4
129.5
69.45
81.24
112.2
133.1
144.1
120.1
109.6
47.06
143.6
121.4
123.1
135.0
97.38
113.5
133.7
123.9
121.6
141.8
127.6
129.0
51.86
87.18
116.7
119.5
113.5
147.5
27.33
118.6
72.57
132.5
142.8
147.9
109.6
143.9
143.7
126.8
83.31
139.2
153.9
138.8
86.78
101.8
147.0
65.81
116.4
57.92
145.9
142.0
150.3
154.7
91.1
119.2
153.5
152.6
118.6
135.1
157.7
86.91
131.6
145.1
0.0
141.6
104.9
120.7
167.7
127.9
65.22
161.6
151.2
134.7
71.54
129.1
140.8
77.95
118.1
125.4
124.2
112.1
172.5
116.2
121.4
86.42
134.2
51.85
65.31
100.6
130.9
129.1
152.1
145.6
133.6
140.0
139.8
134.5
131.5
117.6
153.5
100.2
132.8
63.41
58.93
139.3
113.7
127.8
80.37
156.2
117.3
79.18
144.1
126.2
98.44
129.9
71.54
126.9
86.42
138.8
115.3
116.4
133.2
107.1
125.3
117.8
116.5
107.9
151.4
143.0
78.17
119.1
112.8
162.5
139.8
143.6
40.85
134.2
144.0
70.81
27.33
34.87
119.1
114.4
144.2
116.4
48.68
165.9
139.8
66.96
112.5
151.4
135.4
109.8
177.8
87.48
123.4
53.1
118.3
146.1
71.48
104.4
43.13
137.7
142.1
99.73
137.8
117.3
150.2
105.1
88.44
145.6
158.1
141.1
129.9
150.2
122.1
46.96
131.9
117.3
125.4
51.33
147.2
117.3
132.8
147.6
114.8
153.1
142.3
117.1
156.3
123.7
122.7
114.1
133.9
145.9
148.4
114.8
111.0
141.5
141.5
40.26
65.22
124.6
148.3
72.6
50.22
142.5
93.9
135.3
54.03
130.8
99.58
123.1
82.69
135.0
32.42
144.5
107.9
163.3
119.9
120.8
119.1
134.6
137.0
170.4
124.0
127.2
21.31
129.7
146.9
97.03
110.0
115.0
137.6
116.6
113.0
123.0
146.8
119.4
118.3
121.7
151.2
133.8
136.1
25.57
120.9
133.5
129.8
134.0
167.7
61.92
133.9
131.2
62.72
123.9
112.9
89.71
129.2
142.8
118.3
143.6
131.5
58.93
110.7
147.5
124.1
52.77
130.4
170.1
103.2
106.9
150.0
66.62
92.83
129.2
138.3
106.1
153.8
126.8
72.96
119.2
121.9
63.41
118.2
138.6
147.9
139.1
139.1
122.6
97.45
100.2
100.3
80.91
0.0
132.5
40.85
132.7
143.6
61.54
127.7
124.9
128.3
197.0
127.1
128.2
136.5
130.6
132.3
139.7
121.0
149.3
63.25
154.0
100.7
158.3
125.0
140.2
144.9
139.9
78.55
130.4
133.8
127.8
133.9
127.3
128.3
142.8
56.9
151.4
132.4
110.7
147.3
106.6
20.49
118.8
40.3
144.8
135.0
118.3
100.6
116.5
87.0
127.4
169.8
125.9
110.3
112.6
38.88
116.6
130.8
131.1
82.81
121.6
152.9
129.8
129.2
119.4
139.1
92.58
81.07
166.2
3.77e-06
114.4
57.17
133.5
163.7
151.9
133.9
137.5
126.7
33.32
131.8
113.3
117.3
135.4
170.5
61.54
156.5
144.8
103.7
125.6
101.8
121.6
148.9
128.8
133.2
121.3
110.1
117.2
119.4
124.4
133.9
0.0
123.6
144.3
131.3
163.1
126.3
55.07
125.2
143.9
131.9
134.0
128.0
121.8
124.0
117.5
121.4
155.2
124.0
143.6
142.8
121.5
83.38
86.42
143.7
128.1
146.9
44.01
93.4
112.5
119.7
133.2
104.6
130.1
119.8
169.7
108.1
93.9
125.9
135.1
153.4
134.4
140.5
159.9
147.3
127.5
125.4
124.5
126.7
146.9
139.6
155.7
119.4
57.92
104.5
97.24
124.9
152.0
130.4
92.58
126.7
127.1
126.3
172.8
