21.41
17.24
18.38
21.28
16.84
16.29
19.54
13.94
10.99
19.57
25.0
16.95
19.57
16.84
13.19
35.67
28.61
20.86
34.29
23.17
18.22
24.42
29.15
13.57
15.86
21.57
16.35
18.09
34.49
30.59
17.88
18.39
15.56
13.04
18.13
18.62
8.83
21.49
17.96
14.62
21.12
16.43
28.9
27.15
36.41
19.69
16.0
19.05
18.06
18.08
15.82
25.86
26.05
19.12
17.13
14.55
16.04
14.06
15.43
17.69
36.07
15.54
29.28
10.67
17.85
16.5
26.29
19.38
35.99
19.76
29.71
31.06
26.45
24.19
32.09
38.41
36.03
21.1
33.71
17.35
15.08
31.33
25.26
15.39
16.73
18.16
15.12
21.34
13.54
21.61
36.4
16.62
27.41
23.06
39.84
10.67
14.33
14.68
29.81
30.93
17.33
9.089
20.52
15.02
14.37
23.0
14.82
16.13
16.04
31.97
19.24
21.68
17.5
20.01
25.52
28.59
19.56
12.7
23.52
10.21
18.87
40.81
33.5
18.94
36.92
16.17
24.12
13.89
18.62
21.35
25.09
21.36
17.76
27.24
19.39
16.85
18.9
12.72
37.62
23.87
15.57
19.84
21.42
5.576
22.2
18.53
36.3
27.78
18.06
15.76
19.28
23.46
10.93
15.46
12.35
13.33
21.13
34.44
22.57
20.37
15.43
20.28
22.89
15.11
12.31
26.79
19.98
16.56
29.81
19.32
14.78
13.47
17.35
19.33
17.49
15.14
20.98
30.57
16.29
14.45
20.97
19.13
20.53
14.19
18.01
16.55
20.16
14.64
28.23
14.35
21.52
25.18
19.4
32.94
30.08
15.57
16.48
28.91
18.75
25.6
18.86
27.14
15.29
19.31
22.69
15.22
3.727
33.7
17.06
13.52
12.03
20.46
20.38
35.6
29.24
23.59
26.64
8.268
21.16
15.29
14.11
9.154
16.26
14.22
12.66
20.36
12.04
22.73
25.29
14.94
17.71
22.7
21.19
18.18
19.61
35.02
12.56
16.05
25.36
23.5
24.37
16.39
12.19
34.35
14.78
33.53
13.28
8.625
23.78
19.7
17.62
27.06
17.08
11.71
29.4
13.55
25.66
9.232
15.05
17.0
20.65
18.7
23.56
30.23
15.68
14.82
24.85
15.71
25.21
12.64
25.4
18.12
18.59
14.0
22.79
15.68
12.76
13.04
15.84
17.36
15.8
17.03
29.34
25.94
56.44
22.77
21.64
22.53
25.32
16.86
25.41
31.89
17.67
23.67
12.59
13.54
25.75
18.38
31.89
18.42
22.48
27.04
24.27
23.1
15.06
39.26
14.11
26.71
14.63
15.51
20.88
13.61
8.604
27.28
28.05
41.78
21.75
14.65
35.47
17.62
28.18
22.46
25.26
22.35
24.72
14.79
15.59
27.51
23.51
11.35
24.64
19.77
42.08
11.4
15.22
25.4
31.18
40.82
17.12
24.36
15.2
16.23
21.8
39.14
28.87
12.88
22.21
13.77
18.33
15.76
23.1
13.8
18.74
15.6
29.04
12.69
32.56
15.72
31.57
13.01
17.81
16.19
42.02
17.01
18.56
21.43
23.66
18.55
16.8
30.99
16.13
10.23
14.35
29.85
15.73
19.91
29.3
14.62
28.51
18.08
13.28
20.62
25.84
19.25
23.3
18.51
14.26
15.84
35.49
20.42
22.16
14.83
15.95
16.06
18.86
28.02
6.541
21.8
33.26
17.32
17.77
41.36
13.74
12.92
15.28
28.15
24.78
18.51
16.55
13.46
17.47
20.6
27.38
10.26
10.86
26.19
25.98
22.48
22.1
16.64
12.5
16.56
30.46
25.17
22.23
23.58
25.14
14.1
12.96
24.5
24.89
16.02
13.79
26.18
13.32
45.13
17.09
21.36
32.83
14.88
37.1
11.45
14.3
15.85
7.094
23.86
20.29
13.76
18.32
19.22
14.54
20.1
27.96
20.64
27.4
20.97
21.04
17.26
26.27
20.66
34.53
41.12
25.0
30.08
17.06
23.56
16.45
18.38
19.29
22.56
25.77
9.534
10.9
22.41
20.97
15.59
23.84
17.82
25.72
15.7
25.61
15.32
13.69
21.08
13.02
18.47
22.15
8.691
13.16
23.19
32.74
19.1
24.28
17.6
20.33
22.4
21.46
11.04
17.76
20.46
26.16
15.67
9.511
15.15
39.04
21.16
15.49
17.92
38.46
11.25
19.48
19.42
36.15
24.84
14.4
21.06
18.96
14.84
21.64
11.8
31.5
15.37
21.78
23.84
23.81
31.81
26.8
23.72
12.92
21.06
12.44
18.64
17.5
15.22
20.38
25.25
22.69
17.86
21.74
20.93
7.496
20.04
14.04
22.56
26.65
23.72
41.12
29.49
21.93
13.6
20.88
14.73
19.75
25.58
17.5
21.24
18.53
20.81
12.93
24.54
37.96
26.81
24.36
37.73
22.46
38.58
28.5
18.0
13.13
19.77
16.12
23.9
18.79
17.92
37.47
9.76
24.28
16.78
13.37
25.64
20.19
17.03
17.76
19.98
19.84
43.89
28.29
22.78
20.52
13.9
21.07
16.44
11.74
12.53
18.36
30.39
15.32
20.1
31.12
23.3
12.82
19.14
12.34
18.51
28.31
16.3
18.91
22.09
11.61
23.6
11.38
30.06
8.965
10.34
4.111
12.55
16.86
16.73
17.7
26.68
13.28
13.92
18.5
17.03
18.97
13.73
22.76
27.78
17.64
19.06
24.49
39.19
8.59
12.88
28.34
28.28
24.1
13.39
18.99
18.59
24.36
18.38
21.03
33.26
15.02
13.15
23.97
18.86
22.6
20.82
15.01
14.28
16.55
23.08
11.96
20.78
12.35
22.17
20.02
36.18
19.34
16.77
29.74
19.09
13.4
34.92
29.06
26.64
13.8
23.84
13.77
24.4
11.91
13.34
18.49
25.44
30.22
48.78
17.72
14.94
22.28
20.7
33.15
12.97
16.39
16.01
26.2
19.43
16.29
14.55
18.64
21.31
18.17
15.98
21.55
28.45
11.91
24.05
25.37
25.8
32.29
17.64
40.47
15.77
14.03
14.3
27.14
13.99
18.1
30.01
17.11
20.98
17.92
35.31
18.76
15.83
13.61
26.25
31.83
9.534
22.63
11.76
25.04
11.13
12.82
14.73
21.23
16.57
27.49
13.43
17.02
14.42
20.95
17.09
28.23
23.39
10.63
40.76
13.86
16.96
27.45
21.28
16.16
9.458
14.98
23.78
18.39
17.78
27.14
11.12
28.6
32.54
20.84
23.99
9.511
18.59
11.5
17.35
10.85
15.59
28.34
32.67
13.56
17.8
11.22
27.84
14.8
30.28
19.91
13.85
37.88
31.43
16.0
32.79
34.66
16.44
19.46
16.35
21.5
15.92
18.83
24.67
31.4
17.88
14.2
22.18
25.96
12.42
28.24
18.31
16.47
17.69
18.04
27.87
25.98
22.29
20.75
16.47
17.04
27.69
13.22
16.46
18.57
28.39
18.44
30.67
14.28
27.43
14.44
34.98
18.1
10.74
20.68
10.74
21.84
13.52
31.16
11.63
17.5
30.38
14.98
26.62
15.51
17.02
15.88
11.89
19.72
13.75
14.54
23.37
18.53
29.56
16.71
16.44
24.95
22.77
27.58
18.7
26.26
18.16
17.79
13.95
35.5
10.03
23.63
20.19
15.13
48.62
16.73
9.975
44.08
18.21
15.56
9.58
25.7
10.33
25.8
19.78
26.37
23.06
21.82
20.6
8.489
29.73
17.16
18.85
13.54
20.34
16.2
21.29
35.61
27.12
15.36
22.33
26.63
18.14
23.21
16.09
13.65
21.38
12.03
26.74
16.54
10.16
15.58
23.04
16.37
12.64
16.64
19.31
15.0
22.84
26.07
18.23
23.89
14.54
24.68
25.38
18.76
19.49
17.92
20.73
39.53
9.118
20.95
20.13
10.62
29.42
13.91
6.897
16.72
18.67
17.16
15.36
12.0
23.24
20.48
15.59
26.08
25.64
36.38
16.8
23.73
30.21
17.31
12.4
10.41
22.61
20.83
16.32
27.57
13.13
23.91
23.58
32.04
14.35
26.85
11.12
13.08
13.68
27.77
29.95
22.81
28.22
22.53
19.1
14.55
21.23
36.63
30.25
17.01
11.59
19.4
23.06
38.1
20.6
18.03
16.98
13.55
25.88
19.29
21.49
29.21
19.27
15.48
18.51
21.75
14.76
21.03
18.41
11.63
10.66
16.49
18.04
24.78
25.03
15.36
16.66
19.96
18.3
27.37
14.37
23.43
29.24
16.76
19.02
14.97
15.62
19.71
15.69
23.32
36.39
11.97
27.31
16.5
20.91
18.78
14.42
28.41
22.9
25.05
16.28
26.19
18.47
14.74
25.2
12.33
13.19
25.29
13.82
20.45
25.18
15.39
23.82
35.47
27.61
22.97
16.36
21.97
30.92
18.92
8.674
19.98
39.0
23.17
12.08
27.59
39.03
18.07
12.51
29.16
18.26
25.32
16.32
24.02
14.09
40.96
17.02
22.33
54.49
13.2
22.81
20.24
33.11
47.93
15.18
10.07
12.96
19.74
40.95
25.53
10.76
23.74
10.33
15.03
14.13
30.33
21.09
18.2
16.48
14.68
10.81
17.15
29.06
13.49
37.2
28.04
11.91
10.07
18.47
23.17
34.76
16.11
13.31
9.135
23.84
27.57
17.0
38.51
17.0
23.26
20.47
22.38
22.32
38.5
19.17
44.14
18.87
25.59
18.24
14.39
17.74
11.7
47.86
22.6
23.91
34.0
14.62
20.71
25.32
27.58
36.88
17.21
14.33
14.45
17.94
20.59
22.82
23.44
23.87
18.86
20.38
14.11
7.066
25.35
26.06
22.88
19.96
19.0
37.49
22.38
30.29
38.8
19.36
13.9
45.89
20.83
16.86
17.24
26.87
22.94
24.73
17.71
24.35
20.49
25.63
16.12
20.75
14.9
22.29
46.21
20.35
31.66
19.39
33.09
19.31
33.7
13.99
16.81
16.94
23.21
19.67
13.12
22.23
20.91
14.59
8.136
20.25
32.51
21.65
18.74
14.5
13.35
30.67
20.3
24.08
15.84
16.89
19.38
17.43
39.71
17.55
14.18
29.7
13.5
27.93
20.77
11.18
11.81
15.13
16.69
10.63
24.47
35.5
28.28
22.17
18.77
18.04
19.2
23.81
19.0
55.89
17.87
22.06
24.36
22.99
26.32
14.21
17.69
17.45
18.97
17.17
12.03
12.43
26.83
14.41
20.5
16.23
24.67
13.9
26.99
10.36
24.37
19.25
13.23
24.2
23.18
14.6
16.5
28.56
24.82
14.47
30.2
15.87
19.17
27.37
15.82
14.17
19.74
27.43
28.73
28.71
14.85
9.154
10.63
14.14
28.95
11.13
14.27
16.65
39.45
30.37
28.31
17.72
23.4
37.02
30.72
16.61
10.29
18.36
12.75
20.98
14.84
20.06
21.22
22.19
31.33
28.71
15.56
14.05
23.41
28.56
14.84
13.85
19.97
17.11
18.04
12.9
25.16
16.92
14.27
19.31
30.87
22.91
14.41
16.89
27.91
13.93
17.78
24.88
28.98
23.01
30.69
13.55
23.16
12.25
21.93
21.29
15.06
15.62
28.04
25.35
15.67
15.51
5.576
23.03
22.81
13.58
18.46
15.87
7.582
18.23
12.82
20.87
27.09
29.4
22.75
13.96
23.91
21.39
13.86
32.73
20.51
18.03
23.94
23.18
38.6
28.65
23.81
24.48
22.44
28.82
15.07
23.83
13.88
20.5
40.93
14.4
13.52
14.38
24.4
35.35
20.46
24.43
18.6
37.22
20.16
27.78
20.79
22.93
17.82
13.12
27.07
10.35
23.35
14.1
17.44
13.9
16.63
14.44
25.56
15.37
26.31
12.92
14.94
17.67
11.36
11.76
14.05
23.78
14.63
26.18
20.26
30.6
18.25
24.91
19.69
17.32
41.36
20.34
11.45
11.71
10.33
13.06
19.56
22.74
17.96
29.16
16.07
25.64
18.1
24.3
27.24
13.62
29.43
20.38
21.27
23.08
23.02
12.95
13.29
26.35
22.61
20.86
9.426
19.64
38.04
13.31
14.76
26.3
32.07
18.24
14.45
27.45
17.29
24.02
20.61
42.93
20.84
23.55
32.04
30.54
17.42
24.86
16.34
22.17
18.61
23.07
30.1
15.71
20.95
17.16
13.25
18.03
23.48
13.7
14.86
15.7
23.81
23.29
29.5
22.26
32.18
41.51
34.47
26.87
24.98
11.84
32.75
7.725
18.45
6.413
33.55
14.46
27.45
21.64
17.22
19.25
14.25
16.82
13.29
23.82
31.41
15.6
15.44
23.0
17.39
13.36
20.08
20.18
21.26
19.27
30.09
16.59
15.78
24.87
15.23
29.04
25.36
22.35
10.19
26.34
15.18
13.84
35.64
27.37
17.4
18.49
18.24
23.77
12.9
41.8
22.7
10.32
41.04
41.68
20.83
16.55
11.12
22.58
32.07
52.12
19.63
15.78
33.1
18.14
15.03
40.61
23.91
21.19
13.55
31.12
19.19
12.27
23.64
18.89
8.524
22.18
16.35
13.53
23.98
35.54
13.76
17.08
36.08
13.0
15.06
15.43
14.5
17.36
39.76
19.99
39.56
11.85
26.95
31.94
16.93
9.404
12.01
21.16
30.51
14.16
10.08
23.55
20.92
22.11
26.17
13.83
23.57
32.73
23.72
22.44
27.32
39.36
19.44
18.03
19.15
8.266
39.0
13.64
43.73
31.63
21.2
23.01
16.5
