0.7754
0.851
0.9372
0.8711
0.8313
0.8022
0.8699
0.9068
0.9641
0.7841
0.8444
0.6638
0.9654
0.8946
0.9436
0.8896
0.8186
0.6526
0.9267
0.7325
0.8181
0.8103
0.9013
0.9934
0.8554
0.7746
0.9506
0.8938
0.6995
0.7595
0.8784
0.9105
0.8367
0.856
0.8236
0.8571
0.7766
0.9063
0.8383
0.7974
0.7733
0.8462
0.7489
0.7754
0.8428
0.94
0.9394
0.9243
0.8971
0.735
0.8096
0.8497
0.5635
0.909
0.8133
0.7915
0.8752
0.8999
0.9301
0.9132
0.949
0.9405
0.8429
0.8812
0.9117
0.8156
0.9686
0.9705
0.6798
0.6422
0.9048
0.6911
0.7757
0.5371
0.7365
0.5683
0.9276
0.9309
0.8704
0.7839
0.8777
0.9223
0.6545
0.9549
0.9036
0.801
0.7836
0.8702
0.7583
0.6594
0.6453
0.9001
0.9211
0.8083
0.9006
0.9635
0.8703
0.7622
0.8111
0.5464
0.7799
0.9266
0.9102
0.9013
0.8443
0.6578
0.8949
0.9658
0.8845
0.8262
0.836
0.8656
0.5828
0.8293
0.8243
0.8421
0.9112
0.7807
0.768
0.8806
0.9339
0.8486
0.7662
0.8229
0.7743
0.9099
0.8588
0.9286
0.9051
0.8847
0.9316
0.638
0.9365
0.8764
0.8749
0.8856
0.9788
0.8006
0.5596
0.7745
0.8151
0.9081
0.9827
0.9874
0.9613
0.8948
0.8187
0.8997
0.843
0.9495
0.9158
0.72
0.9215
0.812
0.8909
0.8424
0.4541
0.6305
0.8829
0.7391
0.7144
0.9204
0.8946
0.7533
0.9034
0.7506
0.8679
0.8344
0.7769
0.7545
0.7369
0.8413
0.8847
0.851
0.8762
0.9749
0.8871
0.8342
0.9011
0.9419
0.8984
0.7853
0.9172
0.8906
0.8939
0.9034
0.6193
0.8495
0.8584
0.849
0.9046
0.5464
0.8917
0.88
0.826
0.9044
0.8944
0.8556
0.8836
0.9055
0.8849
0.8127
0.9104
0.8419
0.8652
0.9599
0.9365
0.6524
0.8797
0.8839
0.9444
0.8482
0.8643
0.7361
0.572
0.8569
0.8802
0.9052
0.8638
0.8775
0.903
0.9439
0.9138
0.9148
0.8642
0.7992
0.7048
0.6321
0.9306
0.8846
0.9497
0.9067
0.8999
0.8566
0.7254
0.8028
0.9275
0.9262
0.7674
0.8232
0.804
0.9697
0.887
0.8089
0.8973
0.6585
0.8022
0.9429
0.8488
0.9898
0.8552
0.7224
0.8829
0.6771
0.8941
0.8258
0.9296
0.88
0.9269
0.8898
0.8761
0.793
0.8644
0.879
0.8319
0.78
0.9255
0.9204
0.7463
0.9446
0.7001
0.9275
0.9577
0.8755
0.8499
0.8205
0.7975
0.9024
0.6301
0.9513
0.8239
0.8951
0.6984
0.8541
0.9306
0.7208
0.771
0.916
0.8226
0.8685
0.9101
0.9215
0.973
0.8884
0.9169
0.8728
0.9018
0.9385
0.8717
0.9208
0.8927
0.939
0.8757
0.9313
0.8435
0.9413
0.7142
0.875
0.5856
0.9827
0.7407
0.7755
0.784
0.8344
0.6126
0.8632
0.7842
0.8647
0.9331
0.877
0.9132
0.8074
0.777
0.8458
0.887
0.7397
0.9007
0.7634
0.912
0.8269
0.7764
0.6747
0.9312
0.7951
0.9142
0.8881
0.741
0.9186
0.8035
0.8058
0.8165
0.8577
0.8661
0.7971
0.9034
0.9337
0.8676
0.8355
0.8405
0.9563
0.8634
0.9223
0.8689
0.9035
0.7629
0.8476
0.7397
0.8736
0.9239
0.7664
0.8499
0.8955
0.8815
0.7926
0.9062
0.8342
0.9436
0.8706
0.9192
0.9077
0.8706
0.7967
0.7354
0.9069
0.9114
0.9132
0.9277
0.9317
0.7878
0.9288
0.8927
0.8666
0.8876
0.8612
0.8729
0.9411
0.737
0.6964
0.9257
0.9053
0.7511
0.7344
0.8474
0.8723
0.7992
0.7549
0.9948
0.9823
0.7444
0.956
0.9148
0.8692
0.9286
0.8423
0.862
0.8556
0.9158
0.8
0.8808
0.932
0.9114
0.923
0.6501
0.8603
0.944
0.8234
0.9352
0.9522
0.9031
0.7916
0.8221
0.9581
0.9717
0.8992
0.7968
0.7371
0.8957
0.9088
0.8074
0.6305
0.8266
0.8275
0.9701
0.8727
0.5149
0.8514
0.8793
0.8838
0.6607
0.9223
0.8544
0.9625
0.8211
0.8658
0.7012
0.8779
0.7512
0.9039
0.8257
0.9455
0.8475
0.8018
0.9035
0.796
0.6964
0.8455
0.8184
0.8757
0.679
0.9171
0.8969
0.8891
0.7042
0.7742
0.5989
1.0
0.8613
0.9332
0.932
0.915
0.7907
0.8167
0.8653
0.6914
0.9224
0.8076
0.9019
0.8047
0.8911
0.9042
0.7408
0.8118
0.8619
0.9042
0.9092
0.7355
0.8389
0.8686
0.8978
0.8316
0.9262
0.9402
0.9222
0.8309
0.8941
0.8771
0.947
0.854
0.8622
0.8262
0.8057
0.9393
0.9045
0.8604
0.9007
0.9757
0.6327
0.7766
0.8851
0.9204
0.8743
0.8195
0.7586
0.8318
0.9278
0.7658
0.8219
0.5918
0.9507
0.8707
0.89
0.8353
0.8544
0.8306
0.8363
0.8624
0.726
0.8392
0.8618
0.8403
0.9545
0.8218
0.9088
0.7655
0.8449
0.9239
0.9591
0.9208
0.865
0.8613
0.8551
0.7484
0.8323
0.9285
0.852
0.8647
0.9145
0.8937
0.9243
0.933
0.7922
0.732
0.8629
0.6193
0.7672
0.848
0.8619
0.8482
0.6638
0.8182
0.7884
0.88
0.8301
0.7638
0.8322
0.9295
0.9425
0.9162
0.933
0.8672
0.8953
0.9508
0.8729
0.698
0.8383
0.87
0.8146
0.8959
0.9225
0.675
0.8794
0.9165
0.8428
0.9073
0.8838
0.8811
0.765
0.7829
0.8404
0.7619
0.8549
0.8909
0.8092
0.9323
0.8567
0.8641
0.9407
0.868
0.8567
0.613
0.9581
0.7698
0.8175
0.9334
0.9335
0.6915
0.8742
0.7857
0.903
0.9171
0.9537
0.8745
0.9089
0.9278
0.8355
0.8739
0.9208
0.9423
0.8226
0.8751
0.9151
0.8537
0.7295
0.9434
0.9202
0.929
0.845
0.8624
0.81
0.8362
0.8821
0.7949
0.9401
0.8538
0.7711
0.8757
0.8513
0.9209
0.9521
0.8397
0.6895
0.8972
0.9233
0.923
0.6112
0.7852
0.9331
0.9173
0.5171
0.8606
0.8461
0.7855
0.7599
0.9089
0.8613
0.958
0.9172
0.7559
0.9086
0.9307
0.8886
0.874
0.9842
0.9139
0.7589
0.8839
0.9292
0.5534
0.7968
0.8545
0.961
0.8298
0.8368
0.6506
0.7765
0.9805
0.7666
0.8671
0.7783
0.8308
0.8141
0.6788
0.9163
0.9555
0.9188
0.8649
0.8828
0.8104
0.898
0.876
0.8997
0.8327
0.725
0.8286
0.8399
0.9539
0.6946
0.7176
0.7588
0.8428
0.8651
0.7397
0.7603
0.9254
0.7913
0.9727
0.9018
0.8192
0.8462
0.9223
0.8195
0.8153
0.9216
0.7866
0.8758
0.8726
0.8454
0.7632
0.8571
0.6716
0.8822
0.8992
0.7527
0.8005
0.9147
0.7071
0.8086
0.9383
0.7058
0.7779
0.8607
0.9418
0.8228
0.9861
0.9055
0.6908
0.9041
0.8503
0.9279
0.8789
0.9205
0.7706
0.9485
0.9761
0.9327
0.8752
0.9086
0.8392
0.7754
0.9324
0.9833
0.8167
0.9009
0.8006
0.9058
0.757
0.7401
0.7819
0.855
0.5986
0.8013
0.7932
0.8674
0.8536
0.8689
0.9922
0.9167
0.6422
0.7283
0.9234
0.5699
0.9462
0.736
0.9724
0.6607
0.8951
0.8844
0.8678
0.8734
0.9429
0.8846
0.8483
0.8056
0.8809
0.907
0.8354
0.8427
0.9019
0.7273
0.8844
0.8943
0.7791
0.614
0.5641
0.904
0.7191
0.8734
0.9189
0.7179
0.6711
0.9229
0.8278
0.8754
0.7837
0.8769
0.7896
0.8271
0.8353
0.7561
0.8655
0.7706
0.9379
0.8552
0.931
0.919
0.8142
0.9161
0.7604
0.8911
0.9454
0.8428
0.8926
0.9252
0.9122
0.9873
0.8151
0.884
0.8776
0.8858
0.7261
0.89
0.7924
0.9157
0.9113
0.868
0.5945
0.917
0.8976
0.8468
0.8223
0.823
0.8363
0.9016
0.929
0.9671
0.8037
0.7843
0.9084
0.895
0.7235
0.9162
0.7886
0.749
0.9652
0.792
0.8732
0.9265
0.83
0.7829
0.8959
0.9064
0.8089
0.9772
0.9832
0.8132
0.9402
0.8758
0.9189
0.8215
0.9365
0.9303
0.8423
0.9244
0.9835
0.5736
0.608
0.8909
0.9104
0.7585
0.9487
0.805
0.8475
0.9195
0.7867
0.9726
0.9419
0.8308
0.7571
0.9214
0.8994
0.8716
0.927
0.9376
0.8731
0.8962
0.9464
0.9391
0.8882
0.8472
0.8857
0.8917
0.8922
0.967
0.9057
0.95
0.9332
0.9342
0.5647
0.7935
0.7982
0.7233
0.9654
0.6936
0.8184
0.7965
0.8973
0.9828
0.9653
0.8814
0.8671
0.8689
0.9506
0.8576
0.6637
0.7561
0.7758
0.7589
0.8314
0.8851
0.7796
0.8111
0.8346
0.934
0.9486
0.86
0.817
0.9396
0.8497
0.8629
0.9135
0.8992
0.5954
0.9261
0.832
0.7363
0.8702
0.9547
0.8965
0.9489
0.7887
0.844
0.7748
0.7086
0.8651
0.8231
0.875
0.7973
0.8015
0.813
0.8976
0.9304
0.9463
0.7518
0.7735
0.9521
0.861
0.9318
0.931
0.7903
0.8979
0.9536
0.8132
0.9028
0.836
0.8175
0.7231
0.8006
0.9275
0.6707
0.8253
0.8458
0.9562
0.6829
0.9364
0.9207
0.8556
0.7697
0.895
0.9345
0.9322
0.8456
0.9194
0.6575
0.8099
0.8265
0.8092
0.8072
0.8174
0.7499
0.827
0.569
0.8997
0.8827
0.6965
0.7325
0.876
0.8017
0.6569
0.9059
0.8374
0.8666
0.7165
0.7146
0.9536
0.986
0.6566
0.6942
0.9428
0.9333
0.8907
0.8874
0.8822
0.7454
0.5776
0.8638
0.6055
0.855
0.7392
0.7306
0.9021
0.727
0.8595
0.8543
0.9522
0.8997
0.801
0.6907
0.849
0.8564
0.8499
0.9363
0.8651
0.8974
0.8226
0.8424
0.8379
0.7931
0.8453
0.8822
0.8932
0.8865
0.7959
0.9295
0.9024
0.8951
0.8354
0.7521
0.7364
0.8621
0.8415
0.7831
0.724
0.9055
0.8204
0.8548
0.9594
0.9235
0.8913
0.8596
0.9386
0.8398
0.9322
0.8779
0.8847
0.9279
0.7613
0.8215
0.8841
0.9469
0.8646
0.8427
0.7996
0.8219
0.8802
0.7034
0.923
0.912
0.887
0.7062
0.8154
0.5756
0.8202
0.9017
0.918
0.9587
0.7798
0.9102
0.8281
0.7964
0.5827
0.8893
0.9235
0.7913
0.9569
0.8428
0.7981
0.9321
0.9455
0.83
0.5823
0.7495
0.7878
0.8548
0.7839
0.8012
0.7027
0.6093
0.9061
0.8947
0.875
0.9545
0.9048
0.8269
0.8297
0.6905
0.6963
0.7297
0.8037
0.889
0.9346
0.9416
0.731
0.7831
0.6587
0.8999
0.8754
0.8636
0.5626
0.903
0.8273
0.9484
0.7706
0.7919
0.9074
0.9061
0.9373
0.9709
0.8989
0.8822
0.8956
0.872
0.8483
0.826
0.9696
0.8438
0.8144
0.9227
0.7006
0.7377
0.8828
0.9556
0.9238
0.9418
0.925
0.8253
0.9148
0.8852
0.9402
0.9645
0.8948
0.8221
0.8331
0.9255
0.8485
0.9043
0.5955
0.7401
0.9223
0.8015
0.9141
0.8053
0.9085
0.8259
0.8766
0.846
0.8263
0.811
0.6994
0.8673
0.898
0.8878
0.7966
0.9249
0.8497
0.8305
0.9053
0.9574
0.8945
0.9751
0.8455
0.7624
0.8745
0.9715
0.8225
0.8277
0.9171
0.8397
0.9455
0.9243
0.8989
0.8544
0.5772
0.8489
0.9353
0.9022
0.9383
0.932
0.8757
0.6835
0.8724
0.9042
0.7418
0.8336
0.9922
0.9116
0.7393
0.8932
0.8075
0.8166
0.8935
0.9246
0.8998
0.7635
0.9463
0.6196
0.8189
0.8704
0.8394
0.6758
0.8351
0.7324
0.6911
0.8839
0.7934
0.9069
0.7924
0.7388
0.8255
0.6525
0.8583
0.9662
0.9783
0.9447
0.8834
0.9322
0.9446
0.874
0.5249
0.6618
0.673
0.8288
0.93
0.8884
0.8088
0.9067
0.9292
0.8586
0.8423
0.9188
0.8511
0.8417
0.8987
0.7476
0.9158
0.9307
0.8948
0.8634
0.8921
0.9407
0.7978
0.8518
0.9001
0.9232
0.9219
0.8425
0.7973
0.9547
0.8528
0.8145
0.8404
0.8527
0.7343
0.802
0.8145
0.7732
0.8279
0.9387
0.7106
0.8803
0.9222
0.8122
0.9005
0.8414
0.8894
0.805
0.9125
0.9646
0.8641
0.8431
0.8872
0.9329
0.7999
0.9637
0.8917
0.8369
0.9062
0.9099
0.6779
0.8844
0.6236
0.8923
0.713
0.7995
0.8555
0.7815
0.9309
0.8773
0.9644
0.8497
0.8558
0.9281
0.897
0.7297
0.7793
0.9133
0.7685
0.945
0.8529
0.7009
0.8433
0.6869
0.9058
0.8468
0.9281
0.6611
0.6661
0.9696
0.8833
0.8992
0.6812
0.7204
0.9128
0.9157
0.7682
0.8795
0.8025
0.8703
0.8788
0.9026
0.8507
0.9794
0.7813
0.9238
0.9163
0.9062
0.9744
0.9226
0.783
0.9108
0.8931
0.7638
0.8137
0.9031
0.8851
0.8978
0.8693
0.8868
0.9059
0.8267
0.6012
0.7298
0.7591
0.8069
0.7565
0.9572
0.8181
0.9351
0.9699
0.8737
0.9869
0.9709
0.9783
0.9839
0.9029
0.7883
0.5812
0.9237
0.9256
0.9308
0.9168
0.9176
0.9419
0.8973
0.8117
0.8374
0.6958
0.9555
0.9146
0.9723
0.8855
0.8786
0.8609
0.8414
0.878
0.8242
0.9449
0.8966
0.874
0.765
0.8429
0.9274
0.8799
0.8774
0.7119
0.7563
0.9439
0.9037
0.5969
0.591
0.7627
0.7929
0.9289
0.8802
0.7445
0.9513
0.8585
0.7133
0.8154
1.0
0.8886
0.7789
0.6955
0.8069
0.7416
0.7886
0.9749
0.8477
0.8962
0.6005
0.9207
0.9334
0.8708
0.7459
0.8992
0.8774
0.8725
0.9178
0.7589
0.7724
0.8975
0.6793
0.9513
0.8504
0.6184
0.7729
0.8046
0.8252
0.8945
0.847
0.9023
0.8888
0.8563
0.8627
0.8247
0.9816
0.8425
0.7047
0.8071
0.8594
0.8783
0.9187
0.6344
0.7471
0.9226
0.8469
0.8893
0.6352
0.9585
0.7784
0.8735
0.8845
0.9103
0.7404
0.8317
0.7979
0.8581
0.9082
0.7769
0.8823
0.8548
0.6442
0.9215
0.722
0.8761
0.8768
0.6934
0.6724
0.8233
0.823
0.8781
0.7741
0.9114
0.9006
0.8141
0.8725
0.9425
0.9325
0.8488
0.758
0.8305
0.9365
0.7884
0.813
0.8362
0.9065
0.9265
0.8968
0.8514
0.9327
0.6898
0.8869
0.8573
0.9346
0.6087
0.8851
0.8697
0.8906
0.8989
0.8801
0.8331
0.9106
0.8907
0.8192
0.7269
0.8502
0.9464
0.876
0.8489
0.8408
0.8817
0.92
0.8336
0.8309
0.7876
0.7677
0.9459
0.7449
0.8664
0.9388
0.8071
0.6749
0.9305
0.848
0.7689
0.8758
0.8748
0.8849
0.8153
0.908
0.7697
0.8409
0.7121
