56.11
49.87
46.28
26.24
89.89
54.66
158.5
35.48
9.773
56.88
0.5
92.03
15.78
37.49
0.5
48.03
32.31
77.43
47.65
51.09
40.96
54.19
44.39
27.52
21.61
42.03
41.73
0.5
147.8
0.5
23.95
49.08
117.8
19.38
125.7
48.86
40.31
44.81
48.52
67.47
128.8
28.9
93.48
60.32
35.89
81.75
24.7
42.15
0.5
51.65
56.84
24.72
53.22
47.7
34.44
41.35
28.91
34.76
17.34
61.94
0.5
25.57
34.49
45.56
0.5
28.14
0.0
27.52
110.5
68.58
35.61
57.36
38.42
0.5
0.5
56.89
47.6
30.9
39.89
55.7
41.7
92.78
62.11
88.2
22.26
39.08
30.76
0.5
89.89
0.5
68.98
26.87
0.5
53.11
130.3
8.268
55.01
157.1
0.5
92.9
47.09
45.25
48.0
34.66
31.85
144.6
17.56
0.0
36.33
32.67
25.12
0.5
92.42
119.3
61.27
117.0
23.07
43.21
41.25
25.54
30.21
37.13
55.9
62.21
55.4
27.68
79.01
25.8
99.2
43.29
36.97
93.61
48.32
44.71
20.22
107.8
0.0
41.15
52.16
88.9
27.51
19.72
0.0
17.9
39.62
88.2
51.28
42.12
30.94
33.8
72.74
35.06
34.73
100.8
37.42
41.31
80.18
70.26
54.17
45.06
155.6
66.58
22.44
70.21
34.5
63.5
63.72
60.71
38.71
52.7
47.21
39.75
53.42
46.05
33.05
16.13
66.65
34.85
30.41
13.73
31.09
30.28
24.46
27.4
47.55
20.89
121.4
43.5
50.63
104.3
40.3
72.54
72.74
49.65
51.79
24.87
45.15
30.08
81.29
13.77
55.32
102.9
38.77
35.31
47.47
15.38
74.01
125.0
55.1
57.49
30.97
143.2
115.4
61.48
153.2
63.64
25.69
51.03
50.95
30.92
58.83
0.5
48.02
36.91
41.27
41.31
184.9
77.5
37.88
134.2
29.07
111.2
64.61
86.92
56.56
24.39
23.96
27.27
35.09
37.99
52.08
64.04
38.92
55.83
38.38
0.5
57.59
13.13
34.37
0.0
97.11
128.3
34.11
134.8
36.87
100.6
20.01
37.42
38.78
35.28
26.0
37.54
57.64
30.45
47.92
47.84
24.43
26.54
36.69
24.61
120.9
0.5
0.0
29.59
124.0
28.65
68.03
43.12
70.06
114.8
70.62
25.48
45.35
32.39
51.23
115.9
26.69
26.34
34.21
106.7
23.9
0.5
0.0
39.7
48.77
24.62
49.8
31.22
22.17
52.89
25.4
0.0
87.01
70.87
61.92
0.0
42.76
62.95
78.09
0.5
103.9
36.77
32.9
89.89
129.8
33.21
111.8
23.62
58.1
99.67
0.5
68.56
27.21
19.63
46.29
0.5
56.36
59.04
21.48
46.7
46.31
53.12
35.76
80.79
49.38
34.86
46.88
53.08
0.5
128.2
46.88
110.2
94.26
73.64
42.02
21.15
25.14
35.61
57.78
48.0
29.48
0.0
44.34
22.72
52.25
0.5
57.52
44.52
21.82
48.55
39.16
89.94
57.13
32.74
51.49
33.11
47.56
43.09
46.03
43.71
133.5
44.45
0.5
68.98
21.77
49.18
28.59
52.79
43.75
34.07
27.28
31.68
43.7
0.5
60.9
16.65
137.2
41.78
64.88
100.0
52.8
120.3
33.84
88.86
0.5
34.11
0.0
0.5
58.01
20.43
23.27
42.42
25.66
20.87
35.89
50.01
27.45
111.7
24.03
44.37
35.61
36.22
126.6
60.0
39.88
34.72
18.38
41.52
58.34
43.82
34.34
46.93
70.39
27.84
0.5
55.42
113.4
19.15
66.59
118.7
43.91
35.26
19.36
57.76
172.3
55.92
45.83
25.74
74.95
49.87
38.03
76.34
40.88
50.23
77.06
0.5
120.8
23.75
113.1
59.08
72.67
119.9
27.54
133.6
91.01
89.25
38.45
44.06
83.88
29.99
43.3
81.29
62.0
35.39
46.74
53.76
52.63
55.65
99.2
30.15
53.58
58.08
17.15
55.03
117.3
89.89
22.95
60.86
43.08
0.5
132.2
59.52
26.93
20.18
23.16
70.43
46.81
28.87
29.37
47.18
36.0
108.3
91.93
100.7
17.65
49.12
42.02
35.42
38.05
42.48
27.63
28.47
53.77
116.5
51.95
0.0
47.57
43.0
27.75
42.7
52.37
112.2
42.19
24.23
0.0
49.61
30.2
182.6
71.6
32.8
55.1
31.74
42.04
66.89
45.79
72.96
72.83
39.0
48.12
50.22
0.5
24.29
19.14
31.83
21.15
108.3
26.15
23.56
29.98
32.33
47.52
42.54
32.47
112.5
79.04
24.48
63.89
67.93
26.4
31.62
41.19
42.55
60.46
45.2
25.23
41.32
48.33
33.84
49.21
74.47
36.1
46.02
50.68
56.68
101.7
0.5
22.49
37.06
27.27
32.03
0.0
33.32
37.78
44.24
45.33
0.5
37.77
0.5
48.7
63.63
54.72
25.75
59.13
34.2
119.4
30.19
33.01
63.02
48.15
55.66
52.95
33.68
99.67
123.0
33.0
23.53
119.5
52.8
38.72
0.5
31.68
52.37
35.61
81.0
50.71
53.57
38.01
67.15
30.87
27.36
36.61
42.28
43.75
31.75
36.7
27.45
41.81
0.0
28.52
36.74
58.32
32.58
89.89
0.0
0.5
44.39
26.73
0.5
53.39
86.85
33.86
48.22
103.8
40.11
73.49
38.3
47.66
31.19
48.42
52.71
161.8
81.68
93.88
53.88
59.66
136.7
60.69
0.0
194.3
39.49
55.43
65.35
29.03
29.08
50.07
21.78
61.87
60.66
30.53
47.56
39.03
19.56
0.5
35.9
42.51
0.5
0.5
166.3
61.65
33.66
26.59
86.59
0.5
137.5
52.83
0.5
58.02
121.2
68.6
47.29
52.64
174.0
35.97
34.16
51.05
53.33
27.3
35.72
48.83
50.69
133.7
34.88
82.73
52.68
51.11
0.0
51.65
0.5
56.98
65.62
27.9
43.13
65.04
14.5
22.65
37.12
49.8
37.02
48.99
29.53
59.08
106.5
53.21
50.55
31.06
23.87
30.92
43.85
46.27
129.9
36.98
50.48
88.39
51.77
82.29
42.75
37.83
26.21
0.5
39.02
26.31
55.19
38.95
5.62
41.36
50.18
17.76
58.42
116.5
46.62
48.6
36.93
42.02
94.04
0.5
42.88
0.0
62.36
59.0
29.57
0.5
56.34
40.32
43.27
53.55
42.27
72.4
61.29
22.24
80.22
66.36
0.0
26.42
37.05
48.22
0.0
101.0
69.03
182.6
31.06
64.96
88.2
36.07
0.0
51.2
20.51
44.8
100.8
43.44
59.86
58.26
29.76
59.82
24.12
30.41
44.41
49.94
38.9
102.2
86.52
62.63
55.2
139.2
75.94
0.0
0.5
21.83
72.99
35.7
77.31
50.05
47.66
55.65
67.94
39.42
61.65
36.58
52.29
71.79
37.56
82.5
38.28
33.45
68.98
25.7
46.42
31.39
49.36
47.89
56.7
32.76
19.54
51.25
104.2
0.5
68.56
37.72
61.07
26.01
72.84
27.8
134.5
19.34
0.5
43.99
124.7
23.14
80.76
59.39
34.44
47.17
72.96
64.88
25.4
14.61
38.5
62.32
46.1
67.63
67.2
36.41
87.69
90.88
0.0
47.87
39.56
35.67
25.21
36.14
19.09
19.39
39.41
0.5
0.0
56.45
30.62
35.66
20.37
42.28
71.65
32.46
45.22
33.89
0.0
80.26
59.91
38.24
29.98
43.91
36.37
62.92
19.91
26.6
39.34
12.77
89.33
26.76
43.98
52.98
31.54
32.99
43.2
40.08
54.08
0.5
31.11
0.5
18.55
28.29
0.5
24.18
133.5
65.71
30.59
0.5
42.07
0.5
63.34
53.61
47.92
0.5
43.63
46.15
32.54
54.53
34.36
59.1
34.19
37.02
57.27
43.16
0.0
39.04
66.19
36.12
175.6
55.56
52.52
98.61
57.75
144.6
34.49
26.67
0.0
31.6
30.92
26.57
50.58
38.18
46.98
17.17
67.89
71.6
63.0
0.5
53.33
26.15
88.06
27.4
107.2
27.04
87.0
42.26
27.9
48.78
27.23
57.78
76.48
27.6
48.91
15.3
19.17
39.56
86.72
48.42
31.86
0.0
36.69
124.3
62.6
0.5
46.09
105.6
52.46
37.27
65.87
22.44
38.42
52.62
35.79
58.87
33.2
65.07
21.76
17.54
37.51
52.53
37.71
40.99
46.43
37.47
44.34
44.57
111.6
58.76
33.83
49.12
105.2
39.75
29.75
131.9
52.97
20.99
80.94
42.45
58.03
60.02
39.87
29.27
36.05
35.21
65.71
62.01
75.68
0.0
76.25
38.3
0.5
77.98
0.5
48.01
124.4
47.93
76.92
0.0
166.8
27.27
65.11
46.56
23.79
140.6
33.31
48.86
41.52
22.75
39.58
72.77
34.41
114.6
27.59
55.65
43.28
37.98
88.48
22.34
40.91
74.26
22.95
21.17
55.14
56.39
64.19
20.6
59.94
39.81
0.5
34.33
74.27
34.46
59.08
83.56
69.21
55.14
51.54
66.31
42.5
105.9
53.51
26.87
22.18
33.03
44.92
42.73
56.15
17.97
54.21
42.26
133.5
0.5
38.66
124.4
31.93
113.7
23.9
34.82
53.88
72.74
54.42
60.07
73.33
163.1
87.86
30.07
27.68
46.96
77.24
39.9
49.49
39.77
78.91
25.52
45.25
63.06
46.35
21.54
33.71
26.47
0.0
61.73
51.75
35.51
44.35
29.87
153.5
40.42
44.56
0.5
38.5
38.06
27.23
19.36
18.4
27.22
45.38
185.5
0.5
108.8
149.1
49.17
29.75
14.57
51.51
159.4
63.38
114.8
117.7
34.1
140.9
0.0
58.61
0.0
31.44
85.43
32.48
35.01
19.84
0.0
53.59
75.67
37.64
102.8
112.7
33.04
65.71
31.07
31.89
28.6
59.86
81.97
28.33
23.9
29.59
25.94
35.47
59.56
32.81
37.02
108.3
0.0
37.6
44.3
41.02
39.22
64.22
41.59
61.61
28.12
41.88
41.72
51.25
94.11
24.09
40.07
93.79
44.78
35.06
39.04
44.21
55.8
0.5
18.7
53.44
106.3
40.88
23.27
25.62
20.2
53.88
40.8
82.05
29.82
31.59
20.41
90.26
0.5
21.09
101.0
28.72
47.13
46.22
25.89
163.8
29.6
29.71
23.37
0.5
22.72
25.87
39.76
37.93
88.2
128.2
27.98
0.0
0.5
63.71
67.7
52.05
58.59
39.97
28.02
46.59
53.26
16.57
173.9
72.99
47.34
41.83
112.6
47.55
149.8
164.9
36.68
60.39
73.04
109.5
30.22
0.0
101.8
72.74
23.03
0.0
33.95
43.01
44.88
0.0
47.6
167.5
0.5
47.19
53.16
18.74
28.02
95.29
25.16
0.5
0.0
117.9
30.61
54.26
49.46
25.53
40.98
24.81
34.73
26.64
46.04
50.57
43.15
34.24
41.3
30.23
47.55
44.41
53.36
54.22
20.5
31.13
80.64
53.71
109.2
64.91
55.7
38.08
0.5
130.9
31.39
64.85
46.13
53.15
44.03
33.45
42.91
19.17
58.08
47.98
34.73
23.61
54.13
49.0
31.13
46.32
21.39
28.43
55.01
32.18
32.66
61.68
47.39
50.01
43.8
118.7
34.95
33.28
125.9
0.5
0.5
71.16
37.25
53.49
0.5
28.54
107.2
60.0
28.49
48.58
16.21
70.63
86.41
0.5
55.76
44.08
54.23
0.5
104.4
72.4
16.95
34.52
28.74
51.62
31.78
88.69
59.86
39.38
0.5
43.03
58.26
26.12
110.0
25.19
48.74
44.07
35.23
56.24
35.79
48.77
40.08
35.22
21.46
39.98
55.38
90.79
26.6
0.0
37.29
57.07
47.79
45.28
41.11
0.5
43.96
53.89
57.68
53.75
0.0
24.82
77.12
64.82
0.5
0.0
0.0
0.0
0.0
32.78
102.7
128.5
74.23
49.26
34.73
29.82
40.4
41.13
49.09
41.97
36.88
81.69
0.5
43.92
0.0
40.91
122.0
48.91
33.52
23.62
32.95
37.38
29.35
0.5
53.99
86.26
13.9
34.48
42.38
36.51
39.47
28.86
42.76
34.19
52.49
34.89
33.34
23.67
26.04
128.4
108.3
31.26
0.5
51.77
54.98
23.9
112.8
38.25
0.5
106.4
54.53
0.0
36.27
45.46
71.88
19.25
38.63
88.76
44.71
43.76
22.53
51.39
34.89
43.42
35.95
22.24
50.65
54.19
34.15
148.6
49.82
70.59
28.98
60.46
51.38
59.47
54.42
47.95
52.76
33.08
0.0
67.8
39.39
41.27
61.66
56.16
117.2
62.45
89.89
0.0
32.65
21.84
54.79
18.35
64.64
24.7
107.2
76.27
0.5
43.19
38.21
0.5
19.65
31.23
42.88
57.33
43.14
25.62
87.62
102.5
20.94
0.5
0.5
58.99
48.46
55.08
59.83
37.36
19.45
29.85
109.4
22.49
22.31
29.67
43.4
33.31
0.5
0.5
70.89
36.72
31.13
56.42
57.1
46.04
34.83
38.19
48.69
29.15
20.16
161.0
34.76
51.14
28.61
29.26
27.52
44.87
0.5
26.38
120.3
49.4
25.34
28.15
19.77
33.55
59.98
23.19
26.55
34.16
38.29
63.99
34.54
34.42
48.66
42.27
0.0
83.38
121.6
17.54
33.94
56.61
32.43
31.57
71.86
60.15
45.96
119.0
52.03
123.2
