95.48
30.45
94.27
115.1
25.33
75.83
43.76
65.19
35.79
93.92
84.57
92.61
65.23
67.79
81.48
94.66
90.15
92.23
66.38
51.99
0.0
36.54
98.25
0.0
100.0
66.18
0.0
0.0
95.38
42.13
67.55
76.33
44.34
86.66
63.82
96.89
40.61
110.6
73.6
90.87
26.87
99.07
79.5
78.77
65.29
94.66
98.33
4.225e-06
93.26
99.9
101.5
94.69
83.07
77.64
31.11
0.0
88.54
84.48
46.01
50.5
85.67
85.14
83.07
28.46
67.79
131.2
18.07
64.48
100.2
73.92
98.25
93.26
62.38
98.98
90.81
73.57
85.14
97.05
82.73
63.53
34.64
61.15
27.76
55.36
35.79
98.39
40.61
85.86
73.6
98.42
131.3
47.64
82.63
105.3
55.99
97.43
64.51
56.77
85.35
34.74
33.28
97.99
87.54
100.4
6.087e-06
19.75
102.1
35.73
87.44
88.87
93.35
147.8
46.34
90.41
120.3
67.79
43.47
73.66
41.66
35.7
61.73
77.4
63.53
125.6
101.0
107.2
69.38
29.63
18.59
103.0
74.12
68.64
55.99
29.07
62.85
84.42
100.1
45.43
64.48
100.6
82.24
0.0
63.53
89.51
97.93
96.6
0.0
91.33
40.61
103.1
82.63
94.99
54.26
90.9
47.42
85.35
98.2
87.14
46.12
52.69
90.48
84.57
108.7
53.75
93.26
39.78
39.26
48.2
115.7
82.81
106.9
95.0
67.79
46.01
0.0
71.53
100.3
98.56
31.92
85.14
108.5
55.69
115.6
85.14
27.76
20.27
100.8
134.0
91.85
80.19
77.22
111.2
71.24
91.77
26.29
57.24
78.62
99.02
54.79
94.27
52.28
35.79
99.32
35.79
65.31
77.73
110.4
34.95
63.82
89.18
96.18
121.7
61.61
82.25
24.25
104.9
28.37
96.81
62.26
36.54
56.61
109.8
41.92
103.6
63.75
65.31
37.08
72.56
83.54
90.02
99.1
78.36
80.47
22.24
39.26
119.0
79.61
108.0
103.2
46.44
94.0
29.77
124.9
102.4
49.7
46.05
89.08
60.61
91.43
0.0
29.53
58.98
103.8
25.68
106.8
36.49
70.65
41.36
109.1
113.1
60.22
55.54
87.63
83.61
46.01
126.5
92.77
112.2
68.1
107.1
28.98
4.622e-06
41.66
96.39
82.68
94.08
4.266e-06
98.19
98.25
90.77
116.2
80.96
80.47
84.03
0.0
88.21
31.92
77.41
74.97
106.0
101.8
93.87
78.77
63.75
86.72
45.61
85.01
98.25
103.4
88.47
93.93
56.42
47.86
95.23
29.26
58.78
91.29
79.15
111.1
84.56
66.87
100.4
57.22
94.69
0.0
56.61
100.3
116.0
0.0
83.07
101.0
107.8
43.47
77.79
50.73
107.3
116.0
100.3
89.02
77.63
83.18
81.18
90.84
115.5
120.4
51.0
92.73
69.24
108.7
76.03
63.82
85.86
87.63
29.33
40.61
69.77
96.42
69.15
86.28
66.0
90.19
109.1
0.0
97.93
92.73
70.14
87.44
108.6
56.18
115.2
0.0
30.45
61.27
93.26
109.1
73.78
0.0
97.93
2.228e-06
102.5
82.54
75.48
61.39
78.75
97.07
108.1
41.61
54.74
108.7
29.07
37.5
85.28
0.0
65.47
84.57
66.53
74.98
72.11
69.73
107.9
99.02
93.26
70.89
102.7
28.46
107.5
89.3
84.15
76.06
111.0
83.74
96.03
40.37
31.92
103.6
80.45
44.34
46.01
66.87
30.29
94.66
105.7
41.77
63.19
94.8
106.9
100.1
89.27
89.73
74.35
54.74
34.83
82.54
46.23
0.0
0.0
92.76
96.97
29.33
44.16
54.95
96.0
78.79
86.12
101.9
79.58
107.8
84.54
113.6
113.7
63.53
92.29
90.41
83.56
58.95
123.7
75.75
108.7
91.89
37.5
70.62
29.33
3.607e-06
88.47
40.52
0.0
107.9
107.6
85.34
0.0
93.68
75.48
55.72
73.84
46.18
64.74
84.48
41.77
51.59
122.0
28.37
83.53
85.59
106.4
41.66
94.67
81.68
77.18
32.38
93.83
93.15
89.41
74.13
93.25
87.63
86.75
100.8
84.0
106.9
49.96
83.22
129.5
54.22
94.67
30.29
92.19
60.84
110.0
46.01
94.86
94.67
80.72
102.5
65.39
98.85
29.44
109.4
88.78
45.18
40.52
68.24
131.8
55.72
84.48
84.17
92.73
16.8
107.5
46.01
47.86
92.46
69.77
86.91
45.18
90.41
64.39
41.77
52.38
41.32
93.83
79.14
46.01
0.0
39.64
87.28
52.28
73.66
29.26
101.8
3.485e-06
84.64
90.29
110.2
28.94
30.07
39.45
121.7
89.31
87.44
89.1
95.12
90.15
54.95
90.15
23.94
119.9
85.83
58.76
92.1
0.0
105.4
104.1
103.5
77.4
95.05
93.9
70.79
79.75
102.7
125.5
90.41
93.9
73.6
41.8
65.1
101.5
65.75
97.93
100.9
60.22
29.22
93.56
35.79
104.1
41.77
84.99
96.39
80.96
66.18
27.76
53.75
81.55
90.36
97.49
90.48
26.78
91.43
92.23
26.78
81.18
89.3
75.48
109.7
96.1
3.607e-06
110.2
47.52
55.69
102.0
92.01
77.38
78.02
66.79
88.47
104.2
94.67
88.47
57.24
0.0
86.18
116.3
76.42
87.15
89.54
77.4
112.6
79.75
109.4
94.66
54.79
89.27
93.43
93.68
101.1
40.45
62.55
54.95
108.6
89.19
83.61
76.63
85.52
97.65
81.51
112.7
90.15
67.79
52.28
85.93
46.71
90.05
49.93
105.8
71.24
97.93
39.05
109.4
94.66
42.96
118.7
87.91
109.4
79.64
57.42
129.2
94.67
113.1
98.22
75.0
46.23
84.63
74.97
94.93
43.24
96.51
101.9
83.61
43.98
86.49
92.54
67.79
40.37
0.0
94.92
70.03
29.33
56.61
59.14
46.01
52.11
4.622e-06
92.12
126.1
41.49
77.04
94.67
69.95
60.22
0.0
100.4
34.95
95.45
72.63
80.9
70.92
56.17
26.29
81.89
88.24
100.4
0.0
77.54
46.97
80.56
36.5
96.11
72.62
29.33
55.61
115.5
104.6
74.39
61.15
61.27
49.93
98.42
61.46
102.2
42.28
34.74
76.54
63.53
113.5
93.5
88.69
72.19
61.71
96.96
85.01
109.1
60.22
104.6
57.52
80.37
119.1
124.0
119.7
110.7
88.47
119.4
108.9
17.34
95.48
40.37
67.79
41.8
114.0
52.4
35.05
52.88
90.73
102.8
91.3
66.03
67.49
72.28
39.64
85.14
49.93
26.29
76.29
78.28
106.8
87.28
111.5
2.96e-06
0.0
105.2
90.04
93.26
65.31
28.84
89.31
2.96e-06
83.54
44.19
35.7
43.24
73.78
102.4
82.87
82.54
0.0
79.14
121.1
93.74
94.69
100.4
86.34
20.16
109.2
90.26
100.5
0.0
104.7
89.24
77.14
95.32
67.49
63.19
89.68
81.07
103.6
0.0
52.04
82.72
58.95
90.24
88.47
46.12
46.23
86.05
97.51
100.9
109.7
66.38
39.64
88.18
96.15
80.83
93.49
70.43
80.29
90.57
85.91
96.23
97.19
105.3
79.21
35.32
56.17
78.89
79.14
63.53
102.3
0.0
95.4
64.25
83.72
86.66
108.5
91.05
100.7
98.2
99.78
64.74
101.5
108.6
111.8
54.26
67.79
119.8
43.69
83.61
41.32
114.7
107.8
119.8
106.2
42.28
94.27
117.9
93.35
78.46
94.67
109.9
85.6
97.43
99.27
0.0
84.94
70.92
107.4
102.0
76.05
52.53
105.2
92.99
103.6
35.79
67.68
86.2
29.53
79.27
88.5
94.17
70.65
111.9
76.42
77.34
56.61
93.26
0.0
39.64
80.96
77.76
91.84
105.2
86.58
91.96
85.83
95.36
90.41
112.4
93.26
97.67
84.75
88.43
28.46
39.16
84.13
87.18
100.4
60.22
138.9
90.15
44.47
95.86
89.19
67.9
95.41
35.79
88.67
50.32
89.18
64.48
40.66
110.8
81.75
94.6
85.35
53.09
77.4
89.66
86.26
29.53
82.54
75.48
123.7
92.78
86.66
17.28
94.27
101.3
52.4
0.0
28.37
96.69
78.55
94.92
83.61
3.607e-06
141.1
94.73
58.95
63.82
102.5
90.6
75.83
121.9
61.46
94.66
5.747e-06
80.47
114.2
55.54
65.5
0.0
98.76
107.9
65.58
123.3
82.34
87.67
69.77
62.12
109.2
96.35
107.1
92.78
117.0
83.42
35.05
82.09
90.15
78.19
47.52
110.3
90.15
87.45
128.7
75.75
114.1
124.9
93.26
98.3
84.99
81.95
82.73
106.9
87.66
113.7
66.03
101.4
98.25
98.25
0.0
52.53
80.3
106.3
54.22
37.5
109.7
40.21
91.29
31.92
79.51
74.26
103.4
29.53
80.39
6.087e-06
92.79
66.84
112.0
77.22
89.55
88.24
84.17
93.9
80.66
85.83
84.94
17.34
95.55
105.8
50.5
86.66
81.48
89.02
83.74
78.28
79.13
110.0
85.14
101.2
94.89
121.6
93.47
97.69
27.93
83.89
87.63
89.54
93.87
125.0
3.485e-06
106.9
93.51
46.44
72.56
90.41
73.82
113.8
105.1
101.2
108.1
96.17
39.16
93.26
104.3
100.9
0.0
79.86
113.3
68.55
69.38
103.1
46.97
84.01
90.29
86.74
79.75
119.8
84.63
55.72
79.87
93.83
28.46
89.41
102.2
100.1
111.1
93.78
70.98
71.53
84.75
66.84
34.52
0.0
83.72
17.28
89.3
106.4
45.44
88.78
93.1
105.1
120.4
85.49
88.47
107.2
81.17
103.6
106.8
99.44
109.9
46.01
90.56
65.31
94.78
87.63
106.2
90.33
98.2
45.61
91.06
95.44
87.45
106.9
108.4
80.42
111.3
3.485e-06
105.5
100.3
93.26
96.44
81.07
16.8
90.1
31.11
93.79
93.49
82.54
80.96
87.15
58.76
84.15
124.8
90.35
93.26
62.57
4.502e-06
90.96
98.89
95.6
42.28
88.47
107.5
113.4
94.05
85.14
102.3
57.52
55.69
111.7
2.96e-06
78.55
36.5
93.42
109.4
99.73
106.9
113.2
89.57
23.94
91.41
87.56
90.15
99.29
108.9
45.44
88.25
112.7
66.84
107.0
67.79
88.47
112.3
91.22
96.33
83.95
69.01
93.26
85.14
112.0
106.9
0.0
93.69
88.12
98.89
108.2
101.5
47.52
85.67
95.71
111.9
87.87
86.52
76.7
82.79
73.27
96.15
119.5
85.83
88.18
86.66
82.0
60.61
56.61
83.97
95.35
107.7
30.07
64.59
66.53
72.28
98.33
76.57
113.1
95.48
123.3
57.22
68.03
88.78
94.67
136.8
86.98
107.1
114.8
121.5
77.73
81.51
98.74
78.89
105.8
102.3
115.6
85.14
41.32
73.35
79.64
96.7
102.8
85.18
57.52
89.57
110.3
94.86
116.8
