124.0
389.3
163.6
160.5
280.8
98.0
165.7
142.7
201.8
174.8
0.0
146.0
220.4
148.1
240.9
0.0
111.4
170.6
114.5
71.89
157.3
0.0
97.67
197.5
131.8
97.08
159.4
140.6
94.99
111.6
188.9
0.0
103.8
132.4
114.0
63.87
103.2
196.1
0.0
87.3
0.0
118.2
89.99
189.0
127.1
233.2
0.0
180.9
156.7
145.7
124.3
134.6
160.5
46.57
141.2
127.1
172.9
0.0
100.4
151.2
155.6
21.82
101.3
233.5
199.5
115.6
231.2
196.1
170.9
31.69
0.0
170.3
136.7
115.7
203.4
181.5
123.6
120.4
93.3
188.2
140.1
183.6
150.8
151.9
0.0
153.4
95.57
209.3
201.9
173.8
104.8
102.5
117.8
121.8
206.7
149.8
302.0
131.8
143.6
94.12
56.1
195.9
171.0
55.82
128.7
171.4
155.0
267.0
321.1
112.8
219.1
168.3
63.87
134.5
104.5
0.0
118.3
182.1
140.9
294.8
93.19
1.541e-05
111.8
225.7
157.7
162.1
169.7
103.6
166.9
91.05
141.3
253.6
191.9
145.3
93.0
163.9
213.6
193.7
193.9
179.8
148.1
161.5
267.0
255.3
112.2
250.8
154.2
188.8
229.0
158.5
208.1
274.9
96.79
187.5
78.09
189.5
246.4
146.5
253.2
112.9
81.8
232.9
176.8
227.9
161.3
371.5
143.6
88.36
155.8
157.2
86.79
133.7
200.7
163.1
178.1
284.1
161.8
244.9
173.3
104.1
176.0
84.75
113.7
159.5
229.9
144.5
95.92
200.2
294.8
250.4
110.5
153.0
225.2
178.4
122.2
69.31
202.8
258.2
141.6
296.0
164.8
173.6
75.85
152.6
94.14
64.43
177.4
277.4
151.9
209.6
164.7
136.4
206.6
169.4
133.5
191.3
276.1
227.9
63.97
80.7
242.3
112.8
274.1
140.9
168.7
200.7
148.1
133.5
171.2
106.1
314.6
155.6
252.7
130.1
40.46
164.6
204.6
356.8
238.5
168.7
154.0
328.9
103.0
90.04
121.1
281.8
234.4
219.3
174.3
209.4
114.2
284.8
171.8
107.7
165.8
258.6
257.8
173.5
177.0
183.0
176.2
259.5
144.5
122.1
543.2
223.1
181.3
102.9
205.1
243.8
242.0
218.4
143.0
182.9
242.9
179.1
165.1
230.3
155.1
220.5
268.3
240.0
198.8
189.8
152.6
410.6
183.0
322.6
42.48
116.6
244.3
180.9
146.3
203.4
227.4
233.7
241.9
238.7
233.8
231.4
345.2
121.3
230.7
170.1
181.3
142.9
152.9
224.3
199.1
341.2
259.0
70.28
153.7
186.6
224.7
259.5
153.5
283.2
344.8
149.6
225.4
278.7
173.2
247.9
148.2
325.6
197.7
152.7
273.9
240.6
131.5
135.8
188.3
193.3
143.7
247.7
192.3
253.3
196.7
337.6
205.9
132.6
191.9
201.3
135.3
229.5
248.1
298.8
202.6
311.3
143.4
218.7
121.0
238.8
171.5
195.8
115.4
477.9
293.4
245.7
350.6
276.2
191.3
332.9
247.2
216.4
149.3
277.9
313.2
259.9
428.3
278.9
246.6
104.7
276.7
242.6
78.42
216.0
158.6
245.5
249.9
141.8
218.7
163.2
177.9
190.0
391.4
230.8
182.9
326.2
271.5
207.1
502.8
1.264e-05
231.0
203.2
307.9
276.6
205.6
214.9
148.0
290.2
229.6
216.0
169.1
167.7
176.3
308.1
353.4
196.5
195.7
147.5
145.9
340.7
299.8
105.4
173.4
243.0
191.6
263.7
262.5
240.0
214.7
256.5
212.3
220.2
316.0
148.2
188.6
337.8
239.5
271.4
304.4
248.2
189.0
182.2
219.6
175.1
297.6
175.1
498.7
124.2
260.7
214.5
189.7
306.2
192.2
280.9
140.9
301.3
140.3
149.0
329.1
198.1
168.5
150.8
312.6
357.3
289.5
226.2
241.6
204.3
176.8
214.5
222.3
323.4
355.8
389.8
94.07
79.85
363.9
234.8
203.3
234.8
253.2
351.1
532.6
261.4
269.3
358.5
225.2
261.0
139.3
120.3
417.4
356.0
260.3
191.8
177.3
151.1
385.6
264.2
306.2
257.6
227.9
180.8
360.1
303.4
339.1
231.3
300.0
269.7
248.2
261.8
305.4
221.7
146.7
241.5
199.4
109.9
244.5
203.7
173.0
298.3
221.1
195.1
286.9
247.1
369.3
169.2
217.0
303.7
168.7
174.1
330.9
268.2
307.8
184.5
213.7
365.6
343.4
363.7
275.8
335.1
323.8
184.6
153.1
171.3
223.6
352.6
226.3
196.6
220.5
392.3
245.3
370.9
294.8
294.5
245.7
422.5
287.6
270.1
104.4
286.0
200.8
216.6
254.3
309.5
71.28
246.2
306.5
188.2
208.0
271.0
250.8
88.28
201.8
255.4
314.8
274.2
261.4
419.7
344.0
231.4
295.0
281.7
271.4
427.9
200.4
381.3
380.6
206.2
336.6
355.7
293.9
363.6
388.5
239.5
275.2
283.6
179.0
315.5
246.5
297.9
370.6
283.5
376.9
296.3
231.7
255.2
359.5
399.1
421.9
300.8
252.1
296.3
195.8
305.4
365.2
285.7
260.8
368.3
207.2
223.4
204.0
382.8
193.0
241.5
221.7
348.7
296.0
463.5
220.5
306.2
306.9
238.0
389.7
405.4
452.4
343.9
160.0
230.0
175.9
332.9
366.2
365.7
390.0
213.9
331.5
171.3
246.4
205.2
253.4
303.5
167.1
408.7
251.7
142.0
128.1
323.5
235.3
202.4
406.3
142.9
267.4
322.8
245.8
321.0
281.3
211.6
255.3
226.6
245.4
251.3
206.4
299.1
185.6
206.9
230.5
239.8
231.6
311.1
215.6
324.3
394.4
183.1
398.4
321.5
165.9
442.0
299.0
266.5
344.2
443.1
317.6
273.0
283.8
197.7
316.1
266.2
757.7
517.7
408.5
75.02
297.2
314.9
272.6
223.6
279.6
328.5
284.5
240.4
367.3
240.8
177.2
310.0
296.3
295.7
276.3
288.4
225.3
249.8
156.9
282.8
210.1
257.6
290.9
318.8
146.5
202.6
324.6
306.9
357.2
298.8
186.0
254.7
296.2
300.4
308.6
264.7
200.0
255.0
227.7
207.6
332.6
381.8
386.2
308.8
311.0
366.9
229.9
333.4
281.3
324.0
382.8
470.5
335.9
292.7
330.1
228.1
375.2
159.2
322.7
563.0
434.7
381.1
336.6
333.9
447.2
390.5
335.2
488.4
382.7
198.0
231.6
292.4
284.7
266.6
244.6
381.0
296.8
358.4
340.3
311.9
372.9
562.2
403.4
275.5
411.8
460.4
641.7
346.5
195.0
297.5
327.9
281.2
264.3
367.3
434.2
357.3
292.7
299.9
529.1
378.2
390.0
118.0
200.5
42.48
42.48
145.2
58.32
145.1
78.89
200.6
200.6
65.49
187.1
0.0
0.0
137.0
106.1
0.0
202.4
43.05
76.1
70.24
126.4
109.0
2.575e-05
60.32
97.41
95.41
62.68
42.48
0.0
119.7
60.47
43.05
129.2
108.4
69.41
184.7
134.4
90.22
0.0
69.91
72.7
62.68
125.4
176.5
133.0
69.41
136.7
123.2
103.9
113.8
42.48
42.48
42.48
42.48
42.48
162.4
68.06
192.3
124.8
77.7
112.7
153.3
201.2
131.8
83.86
129.2
118.1
194.0
284.2
42.48
42.48
89.65
221.7
254.1
167.7
120.6
246.8
102.2
520.2
129.1
223.6
208.1
122.1
42.48
42.48
42.48
42.48
42.48
42.48
90.1
90.1
115.3
180.4
125.6
100.2
231.8
163.6
117.8
110.6
121.5
112.5
184.4
81.79
58.02
163.3
125.1
130.6
203.7
192.3
163.1
134.5
236.9
94.93
111.0
123.8
114.8
244.2
117.4
180.8
162.2
163.3
154.1
99.62
190.6
118.9
197.6
169.6
362.3
225.5
151.7
255.2
167.0
153.5
224.5
123.4
123.4
204.4
151.2
161.6
359.8
43.29
144.7
224.2
144.3
320.7
164.8
259.1
155.9
151.7
96.19
189.6
154.3
126.7
222.7
286.1
271.8
248.1
187.0
253.5
301.3
144.6
260.7
184.1
217.6
161.9
140.7
226.4
189.9
222.6
309.2
258.7
177.1
288.6
199.0
185.2
188.4
226.2
205.6
216.4
153.7
189.7
292.3
154.0
324.0
208.3
165.8
180.3
199.5
195.9
174.3
177.4
133.9
293.2
131.0
219.9
181.6
346.5
72.0
175.5
275.8
232.4
362.6
276.5
202.1
238.9
156.1
255.6
149.6
184.1
270.4
217.9
379.3
91.11
274.3
332.1
284.1
261.9
301.1
228.3
399.6
247.0
172.7
231.7
212.2
200.1
201.4
236.8
221.8
223.7
215.6
237.5
315.6
261.1
256.9
193.2
231.0
174.0
193.2
224.7
104.9
287.3
253.1
192.8
264.3
232.7
226.9
206.6
207.0
220.6
208.1
293.1
176.8
221.5
162.2
279.8
326.2
220.1
341.8
359.4
278.9
159.5
237.4
175.7
253.8
113.5
275.0
263.7
167.2
197.0
263.2
183.6
142.8
261.9
180.4
199.9
237.0
264.6
187.3
470.0
244.2
314.7
114.1
171.2
90.4
240.9
193.6
129.8
243.5
199.3
162.4
279.2
181.2
223.9
108.3
273.8
133.2
211.5
305.1
186.6
364.2
249.7
186.4
286.3
265.6
364.1
257.0
192.5
224.3
202.7
127.1
216.5
263.5
325.5
452.9
317.4
184.9
364.3
162.2
275.4
29.21
177.6
279.0
238.4
381.2
248.0
170.3
320.8
287.5
199.3
175.2
237.2
217.0
372.7
123.8
208.8
261.6
260.4
180.6
217.9
131.0
213.5
177.8
368.7
297.0
279.0
213.6
217.1
321.0
211.3
199.2
173.9
158.0
215.4
185.7
141.2
396.2
291.9
285.1
302.2
186.8
252.2
261.3
297.3
238.0
359.8
280.0
293.0
145.9
328.3
344.3
381.0
319.0
272.8
270.2
160.3
378.6
152.9
350.4
270.4
320.1
372.9
399.8
351.7
318.8
279.9
339.4
207.1
196.4
274.5
230.5
202.4
261.1
269.2
218.1
187.7
300.4
228.6
336.3
202.1
168.9
286.0
378.6
227.2
343.6
359.2
220.7
298.3
231.2
227.7
238.3
350.2
427.2
452.4
287.6
181.6
221.2
204.8
263.2
266.6
223.9
124.3
354.2
244.5
202.7
226.1
354.6
372.3
183.0
255.5
301.9
327.8
398.1
218.9
301.3
194.8
396.1
279.6
244.8
258.0
376.6
361.2
320.0
268.8
315.2
311.9
291.8
290.5
324.3
266.2
216.6
279.0
258.0
201.5
300.7
341.4
280.1
251.4
300.1
281.8
274.5
387.7
387.7
281.8
251.7
348.5
341.7
186.6
237.8
403.9
523.0
374.7
380.0
314.3
284.6
283.2
314.6
380.0
342.7
279.6
321.2
259.9
501.7
357.1
244.2
421.9
321.6
289.4
262.3
272.7
378.8
329.9
226.1
340.7
248.6
282.0
271.9
319.1
315.3
396.3
302.8
263.8
212.7
292.7
634.5
470.2
383.0
295.3
369.4
383.0
459.1
354.0
236.9
397.0
381.7
397.9
291.6
352.1
271.8
442.4
412.9
426.1
318.7
270.9
258.4
339.0
330.5
318.1
357.1
390.9
354.0
311.2
269.9
332.3
284.3
226.2
341.8
547.0
323.3
453.4
281.9
292.4
229.2
337.8
451.5
255.8
419.8
326.5
376.7
535.8
278.2
252.6
475.2
127.7
405.3
303.3
621.5
361.2
327.3
372.4
300.9
441.9
227.6
491.1
451.3
323.7
236.9
312.4
352.6
392.2
487.5
354.7
367.4
459.7
404.5
343.0
296.7
328.5
252.8
412.0
465.8
432.1
386.0
436.4
361.8
375.0
393.1
435.1
424.6
360.2
358.3
376.2
255.9
259.0
244.1
347.9
515.5
458.2
331.6
289.1
298.5
411.1
422.2
319.6
251.7
288.9
306.0
490.8
439.2
362.0
279.1
387.8
333.5
458.5
492.6
630.6
385.7
581.9
324.9
491.7
353.5
378.5
353.1
324.7
431.7
514.2
319.7
265.1
354.0
336.5
254.2
452.5
391.7
511.1
290.8
326.9
390.0
320.8
393.2
319.2
319.0
366.3
325.2
306.1
354.7
377.0
300.9
210.8
359.3
256.3
320.9
312.6
251.6
484.6
279.2
368.3
283.0
613.6
212.6
481.8
460.7
491.1
231.8
438.9
484.3
436.5
386.9
318.3
308.1
421.3
548.5
338.8
366.6
398.0
509.6
421.9
359.5
339.5
532.0
447.7
369.0
319.1
378.7
308.6
324.9
469.3
303.3
449.4
268.4
507.9
445.6
206.8
294.8
514.1
525.5
391.5
328.0
570.4
365.6
343.6
299.8
307.0
518.6
