0.8298
0.06768
0.0
2.248
1.452
0.2465
0.0
0.08392
4.367
0.8935
1.044
0.6398
0.2974
2.887
0.03699
0.545
2.245
0.2028
0.4061
1.17
0.1903
0.2399
1.877
1.812
2.087
0.3195
0.1132
0.9474
2.555
0.8071
0.3569
0.06804
0.8595
0.6799
2.644
0.1812
0.3083
0.1627
0.3138
2.581
0.4938
0.4365
2.355
0.4398
0.5578
0.5048
0.7094
7.043e-08
2.153
2.306
0.939
0.0
0.2737
0.4922
2.013
2.92
1.076
1.13
0.3993
0.1548
0.3744
0.6427
0.7021
1.366
0.6365
0.7324
0.0
0.693
0.513
0.0
4.274
1.426
2.193
0.9425
0.8415
0.0
0.3093
0.7454
0.8772
0.6484
0.3455
0.0
0.5578
0.6569
0.7058
0.0568
1.745
0.3595
0.317
0.847
0.169
0.1424
0.0
0.2309
5.006
0.7166
2.226
1.84
4.363
1.532
0.613
0.439
0.8539
0.8308
3.959
3.719e-08
3.328
2.637
0.1818
2.073
0.1281
1.313
0.4685
0.0
1.366
1.13
0.02651
0.8177
0.2445
0.308
2.14e-07
0.3762
0.5276
1.361
0.4167
0.7492
0.4594
0.6879
0.5141
1.509
0.0979
0.4003
0.1408
1.322
2.997
1.686
1.679
0.3017
0.1836
0.2821
0.1196
2.5
0.6005
0.4028
3.47
0.4456
0.0
0.5221
2.105
0.191
0.2005
0.4232
2.104
0.338
0.3572
3.137
4.037
0.4774
0.41
1.712
0.3237
0.0
0.4707
2.282
0.3575
0.6064
0.0
0.7082
0.6421
2.474
2.272
1.203
2.078
0.3935
0.8114
2.401
0.3402
1.136
0.3057
7.101e-08
0.3711
0.3058
0.1394
1.374
1.598
0.5454
1.483
0.1508
2.697
0.6649
2.292
3.204
2.669
3.855
0.6652
0.2261
0.776
0.2939
0.7883
0.0
0.9161
0.5493
2.427
0.6638
1.647
2.183
0.07015
2.194
2.552
1.75
0.4818
0.0
0.4612
0.9987
0.2468
0.19
1.114
2.162
1.763
0.3083
0.3922
2.691
1.828
0.9771
1.799
1.122
1.392
1.809
0.9267
2.082
0.1427
0.3235
3.428
3.826
0.7941
2.369
2.336
3.134e-08
0.5775
0.0
0.2782
0.0
1.129
2.101
0.0
0.1221
0.8614
0.5025
0.3051
0.4137
0.3604
0.8164
0.4581
0.7401
0.5072
4.121
1.636
0.6837
0.6365
1.541
0.2443
0.07986
2.035
0.0
0.1711
4.992
0.0774
0.3753
0.5044
1.067
0.0
0.3233
0.2016
0.497
2.118
1.826
0.0
0.2066
2.582
0.6751
0.3789
0.8158
0.5568
2.135
0.7105
0.2187
1.693
0.0
0.9059
4.554
2.42
0.9375
2.316
0.3024
0.9182
1.441
0.0
0.6063
2.215
1.79
0.9659
2.48
0.2351
0.0579
0.6177
0.3709
1.352
0.4491
1.011
1.502
0.7058
3.196
0.4338
0.5607
0.9939
1.138
0.5194
1.104
1.151
0.719
1.882
0.8074
2.142
0.7961
0.4487
0.3898
1.739
1.145
0.3731
0.6566
0.4122
1.843
2.204
1.983
1.042
0.4728
0.1157
0.4277
1.102
2.753
1.145
0.6727
1.402
0.8139
0.0
4.741
0.0
0.6413
0.1593
0.2046
0.9884
0.0
0.9054
0.7405
0.7649
0.5532
0.2484
0.0
0.709
2.204
1.121
0.5805
1.884
4.183
0.3014
0.1335
1.346
0.0
0.5853
0.3038
0.3005
2.011
2.434
0.3398
0.5584
0.6845
0.559
0.0
0.3933
0.2425
0.1365
1.169e-07
1.004
0.5314
0.4152
2.029
2.172
1.47
1.364
0.6065
1.304e-07
0.29
1.048
1.147
1.185
0.8126
1.007
0.6642
0.6514
1.067
2.388
0.3425
0.06808
0.4109
0.9852
1.532
0.2863
0.6838
2.514
0.3852
0.3531
1.712
1.17
0.3427
0.758
0.756
0.3459
0.7138
0.5803
0.7038
0.5539
0.5695
0.0
0.0
0.6863
1.157
0.3419
1.949
0.0
0.7297
0.3196
0.6413
0.1344
0.1934
2.896
0.97
1.576
0.7533
0.4829
0.1742
7.575
0.0
0.0
1.149
0.6642
0.3247
0.229
2.527
0.1212
13.45
1.371
1.776
1.531
1.352
1.104
3.33
0.2288
3.276
0.0
3.272
0.5411
0.0
0.7941
0.6853
0.6385
0.9375
0.4033
0.7486
0.493
0.1638
0.5633
5.001
0.6475
0.2859
3.511
1.223
0.1958
1.492
0.5477
0.0
2.138e-07
2.41
0.801
1.011
0.8409
0.9643
0.2128
0.0
0.08013
0.5258
1.853
0.741
5.341
0.5289
0.2148
1.576
3.551
0.0
3.216
0.2169
0.0
0.3305
0.0
0.6961
0.02519
0.6515
0.3545
0.3351
0.6118
1.043
0.6186
0.3024
1.264
0.5019
1.329
0.1408
0.3224
0.3751
1.229
0.1813
0.4498
1.87
0.2646
0.3796
0.4898
1.249
1.343
0.188
1.801
0.4007
0.5652
0.2831
1.125
5.631
0.69
0.0
0.5415
1.266
0.4707
1.404
0.327
0.1774
1.055
0.5591
0.4653
0.8434
4.422
0.4559
0.4556
0.5555
0.6483
2.37
1.026
0.2916
0.7079
0.2461
0.5055
1.033
0.4833
0.2702
1.237
0.4325
1.239
1.551
0.0
0.6194
2.838
0.6301
0.5045
0.4939
0.6516
0.2016
0.6804
0.0
0.3737
0.3247
1.716
2.617
3.27
0.0
0.5975
0.0
0.3421
0.7331
0.8362
3.679
2.126
1.442
0.0
0.477
0.766
1.177
0.1089
0.3901
0.9803
1.165
2.546
0.2509
0.1999
0.4564
0.7585
0.8647
0.0
1.299
0.0
1.398
1.493
0.6178
0.4837
0.641
0.7051
1.257
1.171
0.0
1.31
2.419
0.07547
1.531
0.2946
0.5058
0.1143
2.021
1.225
0.6062
1.632
0.2434
0.05156
0.7552
1.211
2.363
0.3799
0.0
0.0
1.108
2.691
0.0
1.152
0.8441
3.335
1.364
0.2896
2.203
0.3239
2.926
1.49
0.2364
1.249
1.315
1.467
1.945
0.0
1.151
1.984
0.1576
0.3612
0.8841
0.1817
0.0
0.706
0.0776
1.172
0.3324
0.2178
1.63
1.465
1.257
3.29
0.4033
0.3881
0.5808
0.7566
0.0
2.537
1.714e-07
1.185
0.0
1.031
2.233
0.2549
2.495
0.0
0.6281
0.4938
3.879
0.8708
1.77
2.695
1.016
0.3396
0.1741
1.247
2.127
1.472
0.4867
2.9
0.4145
0.3305
0.0
1.604
0.734
0.4227
0.0
0.1412
0.8382
1.45
0.1687
0.2945
0.625
0.9657
0.5521
1.968
1.021
0.1711
0.9894
0.6304
0.2125
0.0
0.3935
0.6234
0.9175
1.392
0.2538
3.081
0.7021
1.877
0.2685
0.2184
1.598
1.184
0.3967
0.3044
2.332
1.544
0.7551
0.4292
3.451
0.7021
0.1176
1.67
0.5026
2.807
0.3305
0.07967
1.565
0.1784
0.5593
0.0
1.412
0.888
0.0
0.7616
1.355
0.6369
1.027
0.9521
1.149
0.3195
0.4367
0.6609
7.043e-08
0.7996
0.2037
1.55
0.7323
1.6
1.331
0.7859
1.84
0.6276
0.1935
0.3311
2.369
0.7081
0.8076
2.067
0.4871
1.68
0.4699
0.2788
0.1817
0.3052
0.8509
0.3195
0.0
0.0
0.4084
1.794
1.284
1.503
2.24
0.0
1.167
1.646
1.08
0.6905
1.49
1.084
0.4774
0.3208
0.2568
0.5429
0.7807
6.394e-08
1.551
0.2007
0.9604
2.572
0.524
0.6628
2.595
0.1651
0.0
0.3257
2.705
0.6266
3.455
0.0
1.225
1.205
1.36
2.766
2.72
0.0
0.3172
1.087
1.028
2.458
3.089
0.0
0.6305
1.102
0.5367
0.3055
2.379
0.4755
0.4207
1.122
0.0
0.2656
1.404
0.7945
0.495
0.5046
0.6805
0.1191
4.942
0.8624
0.4184
0.4223
1.16
1.295
1.49
0.0
0.4649
0.3647
0.299
0.3118
0.09024
0.8614
1.331
0.0
1.724
0.9945
1.933
0.5663
0.0
0.2452
1.063
0.8169
0.7271
1.551
0.2067
1.559
0.1853
0.4858
0.4584
1.833
1.536
0.3914
2.336
1.978
0.3291
0.4581
3.424
2.288
0.3612
0.9728
0.3146
0.0
0.0
1.632
0.5975
0.7018
0.7038
0.8776
0.4263
7.008e-08
1.184
0.3326
0.4647
1.597
0.1085
5.076e-08
0.8104
0.3864
2.526
0.4399
0.7394
0.0
0.7935
1.216
0.0
3.117
2.661
1.6
2.697
0.6038
1.919
0.4989
1.389
0.91
0.4079
0.1043
0.8667
1.547
3.569
0.212
1.06
4.211
0.4699
2.508
0.5517
0.9346
0.7436
1.818
1.333
0.5779
0.0
0.9527
0.3238
2.154
1.776
0.3223
0.6424
0.5672
0.452
0.5582
0.1265
0.8131
1.724
0.297
2.142
0.7825
0.0
0.0
0.0
1.49
0.7801
1.45
0.4072
0.566
1.533
1.036
0.9763
2.514
0.6594
0.4373
0.5397
0.6756
0.9528
0.4164
0.0
3.221
0.6571
1.106
1.666
0.2947
0.0
0.8067
0.9408
0.0
0.2274
1.864
0.7642
0.4254
0.5071
0.7634
1.336
1.621
0.1292
2.135
3.599
1.846
0.5652
4.548
0.1273
0.7409
1.16
2.026
1.321
0.8332
0.2298
0.0
1.258
0.6274
0.3582
1.149
0.7512
0.7911
0.1857
1.331
0.0
0.1991
4.06
0.5117
6.568
1.063
0.7592
0.5998
0.1931
1.935
0.363
0.2376
2.415
1.264
1.899
0.9596
3.751
1.203
0.451
1.521
1.325
0.5204
0.293
0.5996
5.12
0.07088
0.4622
0.4758
2.48
1.182
0.6749
1.068
0.1286
0.2365
2.014
0.5014
0.2175
1.812
0.8725
0.1939
1.269
0.9164
0.6936
0.3893
0.0
1.048
2.304
0.7349
1.067
1.043
1.84
0.4826
1.398
0.8539
2.033
0.06876
0.2037
0.0
5.555
0.0
0.473
0.4395
0.8831
1.431
0.7081
0.6314
1.697
0.853
0.8585
6.773
0.6901
1.261
0.7533
0.0
0.9672
0.6438
0.0
1.061
0.0
0.3634
1.196
0.4742
0.7272
0.4436
0.0
0.7379
0.2527
0.1991
0.2647
0.0
0.7689
0.6864
1.63
0.8103
0.4538
1.5
0.7381
2.92
0.6128
1.519
0.4051
0.0
1.748
0.8625
0.5919
1.191
0.3425
0.0
2.039
0.3968
1.036
0.295
3.367
0.3074
0.6569
0.613
0.2466
0.4953
0.507
0.4824
1.925
0.0
1.828
1.519
0.0
3.379
1.261
2.065
0.9631
0.7079
0.4787
1.414
0.2624
1.104
0.293
0.5595
0.0
0.7555
0.7405
2.444
2.179
3.031
0.4478
4.298
0.4306
0.2195
0.3882
1.123
2.737
0.2973
0.8781
0.0
0.3326
0.3933
2.492
0.8909
0.7512
3.288
1.184
0.1341
1.647
0.5072
0.6098
0.07222
2.134
3.276
1.17
0.0
1.294
1.275
0.2028
0.0
1.864
1.196
0.3455
0.2618
1.142
0.298
1.01
1.919
0.3827
0.9001
0.0
0.0
0.533
0.631
0.9175
1.097
0.6187
1.09
1.527
0.8491
0.2977
0.7508
3.572
1.116
0.3521
0.6048
1.207
1.866
1.327
1.325
0.0
0.9765
0.5521
0.0
0.0
0.0
1.011
0.3957
0.2338
0.7803
0.4147
1.724
0.2271
0.2321
0.1978
1.173
0.4756
0.0
0.505
0.675
0.7984
2.638
0.686
0.0
0.5017
1.701
0.3748
1.215
0.7065
1.279e-07
0.5384
2.016
0.5358
2.41
0.4655
4.956
0.0
0.7865
0.05842
1.501
0.4262
1.035
0.04231
0.3089
0.3248
1.019
0.6825
1.06
1.92
3.196
0.3437
1.273
0.3151
0.4712
1.599
0.3598
0.9293
0.843
1.945
1.821
0.07541
1.666
2.478
0.8196
0.07033
1.321
0.2153
3.186
0.6107
0.5464
0.3997
0.2724
1.239e-07
1.846
0.4213
3.899
1.119
1.076
0.219
0.9659
7.777
0.0
1.844
0.4357
1.439
1.169
1.133
2.036
0.448
0.3752
0.5792
0.5017
0.8169
0.7801
2.555
0.4993
1.067
0.4854
1.907
0.3293
0.3836
0.0
0.4904
0.2593
0.4896
2.649
0.5801
0.1516
0.7087
2.285
0.0
0.6196
2.846
0.2495
0.8558
4.4e-08
0.1444
0.2672
0.6616
1.16
0.2461
4.581
0.35
0.7347
0.0
0.5159
0.7557
0.6738
0.7793
2.364
0.4568
0.1902
2.494
1.043
2.061
2.088
0.5515
0.3574
1.364
0.1243
0.378
0.2336
0.0
0.4986
0.7377
1.004
0.0
2.068
0.3054
1.284
0.1568
0.2794
0.4188
0.6237
1.093
2.378
1.207
0.0
0.5012
0.1934
0.2896
0.3588
1.308
0.3877
0.7825
0.1766
2.474
0.1132
0.0
0.3798
1.276
0.2717
2.232
0.3573
0.0
0.06808
0.4206
0.4882
0.0
0.3124
8.103e-08
2.604
0.0
0.0
0.3435
0.5206
0.06564
1.036
0.0
1.475
0.3107
0.5607
0.3192
0.0
0.5568
0.1335
1.327
0.3738
1.683
5.877
0.5705
0.4023
1.003
0.2339
0.3842
0.4016
2.497
0.2123
1.329
0.8104
1.392
0.378
0.0
0.6728
0.2806
0.4173
2.276
0.7689
4.738e-08
0.6479
2.416
3.534
5.611
0.0
0.545
1.169
0.4463
0.0
0.6793
0.4011
0.7942
1.785
3.028
1.47
3.24
0.1081
0.1891
0.0
0.2353
0.7401
0.3242
1.116
0.2477
0.6728
0.3531
2.442
0.3187
2.071
0.4622
3.538
2.202
0.0
2.499
1.213
1.758
0.5231
1.597
1.225
0.5274
0.8126
0.0
9.894e-08
0.481
0.4843
0.3025
0.6479
0.9394
0.3677
0.6837
0.4983
0.4437
0.2222
0.2365
0.6234
0.7492
1.157
0.0
0.9931
0.2405
0.3071
0.0
0.0
2.567
3.34
0.8687
0.0
0.9076
0.678
0.0
0.0
0.0
1.181
0.0
0.9517
2.548
0.149
2.425
0.1763
1.118
1.098
0.2951
1.114
0.7636
0.8844
0.519
0.1559
0.4174
0.5362
0.276
8.591e-08
0.0
0.2791
0.5191
0.2923
0.3398
0.0335
0.0
2.336
0.2624
0.405
0.6082
2.476
8.145
0.6312
0.0
0.3181
0.3772
1.493
0.5207
0.3352
1.048
1.895
0.6365
0.3911
2.047
2.998
0.0
0.1745
0.0
0.9182
0.0
2.05
0.2141
2.517
7.334e-08
0.7174
0.243
1.477
1.172
0.3014
3.095
0.6764
0.3541
0.3459
2.574
2.582
0.6936
0.8776
3.761
3.406
0.3599
2.366
0.5978
0.6902
3.634
1.902
0.5046
0.0
0.5018
0.0
0.8279
0.0
0.418
0.0
0.04043
0.3062
0.3089
0.8849
4.775
0.5416
2.863
0.369
0.4363
1.735
0.0
0.0
0.7759
0.4122
1.999
0.9773
5.056
4.06
3.222
0.7045
0.1185
2.152
0.2419
0.6696
0.3245
3.011
0.3931
0.0
1.321
3.754
0.9649
0.0
0.2559
1.691
0.2187
0.3705
0.5679
1.191
0.1918
4.92e-08
0.3939
1.104
0.6286
1.188
0.9427
2.389
0.3954
4.25
1.199
0.2926
17.75
1.248
0.7047
0.0
0.0
3.849
0.3962
0.705
0.0
0.4284
1.744
0.1964
0.3571
0.0
1.167
0.09999
0.8074
1.21
0.6091
1.012
4.586
0.0
1.304
0.0
1.205
1.252
1.999
0.5168
0.4763
0.6515
0.5554
0.0
0.06113
1.175
1.23
1.308
1.79
0.4198
1.893
2.461
1.202
0.5959
0.5367
1.299
0.7047
0.7862
0.8909
0.5541
0.2485
0.7055
0.6062
0.5884
0.2142
1.414
0.3932
0.4031
1.352
0.1832
0.1742
0.2881
0.9164
1.089
2.282e-08
0.2006
1.929
1.788
0.2431
0.5581
0.05769
0.0
0.5362
0.563
0.2943
1.045
0.8849
3.716
0.2071
0.4248
0.2046
0.97
1.414
0.2727
0.2396
0.3313
0.2546
1.465
0.0
0.8219
0.4774
1.891
1.966
0.5869
0.7105
0.3349
0.4248
1.093
4.365
1.258
2.021
0.2837
1.857
3.317
0.0
0.0
0.1554
1.073
0.8028
0.2239
0.4165
0.4601
0.7371
1.199
2.0
0.8696
0.5517
0.7125
0.9278
0.6891
0.2303
0.1566
2.258
2.204
0.2494
0.511
1.73
2.686
2.701
0.2677
6.394e-08
0.02819
0.5739
0.4761
0.6863
0.4035
1.925
1.885
0.2361
1.487
0.6516
0.6805
1.6
0.366
0.0
0.7789
4.58
1.79
0.5363
1.666
0.3679
1.048
1.819
0.2927
0.0
2.363
1.487
1.389
1.959
0.2336
3.385
0.0
0.4838
0.0266
2.114
0.4854
1.102
0.9312
0.3377
0.4305
0.3498
0.6125
2.148
0.5722
0.8164
0.4507
2.71
1.237
0.5734
0.03116
0.7836
2.649
0.5218
0.3388
0.4582
1.252
0.8362
0.5903
0.4933
0.7158
8.079e-08
0.5051
0.3717
0.0
0.4346
0.8509
0.6261
0.6771
0.0
0.359
0.8929
0.0
0.8274
0.1944
1.122
0.4124
0.1806
1.544
3.061
2.889
0.495
0.8723
2.574
1.012
1.773
0.04376
1.661
0.9329
0.7424
1.276
0.0
0.3607
1.118
0.2169
3.298
0.5771
0.6234
0.6681
3.897
0.9364
0.3739
0.879
0.2043
1.978
2.022
0.0
0.2961
1.419
0.2325
3.061
1.419
8.447
2.315
0.1587
2.026
0.6374
0.1378
0.4663
0.6251
0.2904
1.059
0.765
0.6938
1.322
0.3686
1.27
1.454
0.2226
0.0
2.327
0.6124
0.0
0.3414
0.2613
0.3219
2.5
0.643
0.6593
0.0
1.082
1.481
1.031
1.783
0.5398
0.1439
0.3192
0.0
0.2422
0.3809
0.4678
3.015
3.825
0.8399
1.79
0.3722
0.4457
0.0
0.3463
1.6
2.752
2.182
0.5471
0.4087
0.4643
0.6073
0.8206
1.294
0.8175
2.797
0.9998
0.5917
0.0
0.5944
3.366
1.692
0.4423
0.8364
1.009
2.392
0.6634
0.9458
0.8095
1.198
0.356
0.8348
1.641
0.3003
0.6318
0.8714
2.829
5.611
0.0
0.5061
1.841
1.796
0.6312
4.422
0.1222
1.035
1.96
0.2045
0.2793
0.6649
0.4361
0.0
0.853
0.4642
0.06438
0.4986
2.4
1.773
0.5521
0.5554
0.5016
2.554
0.2734
4.089
0.206
0.0
1.633
1.171
0.1471
1.273
0.2465
2.118
0.5032
0.3514
0.2071
1.583
0.7754
1.242
2.309
3.449
0.1395
3.952
0.2377
0.2953
0.609
2.821
0.6961
0.2199
0.0
0.6272
3.547
0.0
1.611e-07
0.3937
0.4328
0.0
0.7645
2.105
3.937
0.3455
0.4611
0.7323
2.318
0.322
0.2796
0.7046
0.1507
2.289
0.3693
1.283
2.458
0.0
0.7964
0.5858
2.866
0.4742
0.9757
0.212
0.6521
0.3621
2.613
0.867
0.0568
0.4657
0.9408
0.0
0.3504
2.152
0.0
0.8264
0.0
2.494
0.0
0.08438
0.7343
0.459
0.4253
0.8114
0.3915
0.0
0.2045
0.8114
0.6845
0.0
0.5018
2.336
0.1854
0.5944
0.7574
2.984
0.0
0.7759
0.0
0.5347
0.4003
3.386
0.3072
0.2469
0.1994
2.185
0.05842
0.5087
3.015
0.0
0.5588
0.7247
2.261
1.152
0.2153
2.194
0.0
0.3607
0.7159
1.141
0.3798
0.2609
1.068
1.727
1.09
0.7347
1.698
5.345
0.1321
0.4205
0.244
0.7837
0.7846
1.608
1.413
0.0
0.7138
3.243
1.239
0.0
1.49
2.884
0.0
5.187
0.08111
1.304e-07
1.788
0.7051
0.5359
0.9604
0.1893
1.923
1.36
0.0
5.21
0.3606
0.1354
0.6342
0.3937
1.744
0.4584
0.8983
0.177
0.664
0.8725
0.5679
1.481
3.008
0.7974
2.13
0.6741
3.095
0.7182
0.3347
1.058
0.0
0.2326
0.458
1.108
1.076
0.3216
1.745
1.925
1.611e-07
0.9283
0.3187
0.7283
0.961
0.775
1.116
0.2715
4.459
0.8123
0.7049
0.3469
0.3251
0.0
0.2495
1.37
0.0
0.592
1.175
0.685
0.8274
0.6628
0.6877
0.5349
3.673
0.8
3.899
0.3283
2.606
0.3599
0.5017
0.6927
0.2696
0.7715
0.8667
0.2529
0.2837
0.2946
0.1498
0.654
0.4818
1.133
0.502
11.76
0.0
0.4275
0.6695
0.3928
0.01464
1.622
0.6243
1.502
0.4689
3.137
1.84
2.807
0.3372
0.3313
0.0
0.2717
0.854
0.5044
2.884
1.127
1.147
0.8541
2.958
0.338
1.697
0.0
5.472
2.379
0.3487
0.6194
2.152
0.6108
1.972
0.5359
1.698
0.8314
2.118
0.2631
0.0
0.2869
0.0
0.0
0.5695
2.517
0.7543
1.477
0.2476
0.5716
0.07357
0.5415
0.4639
0.3612
0.5248
0.2643
0.4918
2.319
1.576
0.0
0.0
2.546
0.1143
0.3426
2.328
1.92
2.807
2.82
2.088
0.4662
0.4226
0.3708
1.097
0.1266
1.687
0.6376
1.364
0.6065
1.023
1.431
2.574
0.488
0.05156
3.094
2.765
0.7656
0.0
0.659
0.5271
0.0
0.3024
0.2443
0.9917
1.087
0.6886
0.4717
0.8074
0.0
1.414
0.3697
0.0
0.6793
4.25
1.895
0.6698
0.0
0.1447
2.027
0.7455
1.953
1.203
0.3306
0.4313
0.0
0.4944
0.6398
1.065
1.102
1.992
0.3742
0.2569
0.961
0.0
0.5686
2.23
3.539
3.847
0.4982
0.3267
1.402
0.3013
2.049
0.8279
1.197
0.4649
1.321
0.5823
1.009
0.6969
0.7208
0.431
0.4478
4.867
2.998
0.8521
0.5923
1.295
0.8028
0.6515
0.2065
2.482
0.0
0.5912
0.6034
3.958e-08
1.682
0.0
0.3208
0.2512
0.5607
0.6161
0.0
0.1445
2.826
0.7135
0.5152
2.517
2.419
0.5553
0.3554
0.09437
0.2838
0.0
0.0
0.9748
0.0
2.196
0.2419
0.3709
0.0
1.692
3.899
1.027
0.2498
0.1905
0.0
0.9673
0.2128
0.0
3.066
0.4313
0.05911
1.819
0.0
3.393
0.4283
5.002
2.014
1.046
0.3005
0.3593
0.4491
0.1813
2.802
0.5415
0.5801
0.0
0.446
1.438
0.0
0.6247
0.3027
1.454
3.012
0.2974
0.7528
0.0
0.0
0.3569
0.3601
0.5504
0.7942
0.3398
0.0
2.28
0.4138
nan
0.7213
0.5548
0.3607
0.5701
0.4443
2.71
0.1471
3.98
0.7931
0.0
2.276
0.1541
0.6591
0.196
0.0
0.4141
1.203
0.3604
0.2796
2.402
1.006
0.3459
0.7379
0.0
0.4938
0.7511
0.5048
0.5524
0.5791
3.818e-08
2.339
0.4062
4.09
1.814
0.5648
0.2578
0.8714
0.5267
0.9939
0.0
1.601
0.1548
0.5358
0.7519
3.063
0.5741
0.3044
0.0
0.1461
0.2512
0.2893
0.7362
0.5091
3.139
0.2749
0.8457
0.0
0.9728
0.6228
0.1235
3.733
0.5679
1.413
0.3469
0.9464
0.9599
0.6805
0.4059
1.108
0.05723
3.592
0.1538
0.08269
1.501
0.2538
3.433
0.5135
2.163
1.49
1.618
0.3845
3.316
0.8332
0.4081
0.05629
0.6638
0.04633
0.2137
0.2977
0.2306
0.5792
0.0
0.2121
2.665
0.2513
0.6252
0.3427
0.3676
2.574
0.435
0.1718
0.1417
0.6012
0.397
1.475
1.315
0.5672
2.186
2.93
0.1311
0.0
0.7955
0.6218
0.8937
0.5874
2.007
6.521e-08
1.676
0.758
0.4486
0.7669
0.5033
0.0
1.043
0.2163
1.053
1.741
0.1285
0.2391
0.9054
0.2092
1.214
0.7302
0.7271
0.2329
2.752
0.8552
1.666
0.0
0.6777
2.138e-07
1.178
0.6367
0.408
2.631
0.4417
0.5508
0.1421
0.3415
0.5903
0.095
0.0
2.609
0.3156
0.2186
3.204
0.0
0.5826
0.776
0.3812
0.0
3.818e-08
0.3414
0.5063
0.4887
1.833
1.182
0.192
0.4369
0.3815
0.0
0.4684
1.097
1.669
0.9118
0.05187
0.8351
0.4072
0.4753
0.8183
2.392
1.086
0.3626
1.854
1.953
0.1259
3.419
0.6233
0.0
0.2854
0.7241
0.4156
3.256
3.668
0.0
0.4331
0.2175
0.3567
0.1249
1.147
1.361
0.2938
0.684
0.0
0.0
2.461
5.649
2.536
1.045
0.0
1.035
0.4662
0.5912
0.1988
0.9852
2.514
0.2226
0.0
1.594
0.768
1.788
1.338
0.3539
0.2859
2.637
0.3565
1.184
0.5415
0.653
1.758
1.992
1.999
0.3136
0.4244
1.063
0.5109
0.0
0.0
1.304
0.1614
0.0
0.0
4.788
1.752
0.3669
0.0
1.551
0.1067
0.3162
4.033
0.0
0.4816
0.1234
0.5423
0.0
2.405
0.7151
0.0
0.3099
0.2224
2.48
0.4851
0.3808
0.5475
0.5396
0.3348
0.6327
1.287
0.6593
0.6993
3.754
0.2149
0.7407
0.613
0.4081
1.123
0.4524
0.7672
0.1919
0.8501
4.469
2.926
0.3558
0.2285
0.9673
0.3
0.2561
0.808
0.6581
0.6273
1.49
1.147
0.1995
3.406
1.06
0.5561
2.38
0.4341
0.5167
0.0
0.01453
0.2965
0.361
0.3863
0.7362
0.6247
0.193
1.903
2.071
0.6332
0.355
0.7284
1.494
1.255
0.8723
0.6178
1.211
3.476
0.1842
3.47
1.252
0.0
0.8785
0.5414
2.916
0.0
0.0
1.565
1.819
0.0
0.7322
1.148
0.07845
3.801
0.2485
0.9346
0.7759
0.3087
0.0
0.4031
1.13
0.0
2.997
0.0
3.066
0.0
0.0
0.2236
0.4439
0.5871
0.0
0.0
0.72
0.739
0.0
0.0
0.5508
0.5037
2.142
0.6743
2.318
2.217
0.507
0.6698
0.347
0.0
1.125
3.094
2.513
0.7649
1.198
3.824
2.384
0.807
0.5869
0.3284
0.1881
0.1975
0.3216
1.016
0.1872
2.148
3.587
0.5063
1.127
1.018
1.141
0.1014
0.378
0.7964
4.939
1.539
0.0
1.123
1.618
1.331
0.1329
0.4217
1.058
0.1504
0.5996
0.2559
0.775
1.751
0.3531
2.239
0.29
0.0
0.5026
1.304
0.7081
2.389
0.9339
1.243
1.7
0.4843
2.637
0.1381
0.49
2.466
0.3857
0.7787
0.5024
0.09393
2.995
0.4756
2.415
0.5978
1.283
0.6483
0.7914
0.3204
0.2471
0.3033
0.4901
0.6475
0.3969
0.8291
0.622
1.859
0.6925
0.4033
0.5523
0.0
0.0
0.0
0.18
2.802
2.934
0.0
0.1849
0.3399
0.4732
0.1445
2.98
0.0
0.8955
0.5453
0.3663
1.015
2.474
0.5919
3.107
0.0
0.659
1.287
2.81
1.381
0.2214
0.3002
0.0
0.5259
0.2216
0.3349
0.09222
3.227
0.587
0.1698
0.543
0.5869
2.745
0.8332
2.13
0.0
0.0
0.4854
0.0
0.3233
1.141
1.098
1.77
0.4302
0.7248
0.3693
0.234
2.867
0.0
0.4759
0.0
1.605
1.223
1.899
0.6987
0.0
0.5309
0.6293
0.6246
0.05785
0.571
3.207
0.9901
0.3427
1.065
1.893
0.5043
0.0
0.5012
0.3459
3.634
0.05572
0.3154
0.347
3.215
1.181
0.569
0.6007
0.8051
0.1836
0.1327
0.0
0.165
0.0
0.0
0.333
0.0
2.779
0.9076
0.4253
1.518
0.6113
0.4743
1.857
1.636
0.2263
0.3247
0.3049
0.2032
2.832
0.0
3.289
0.06602
0.0289
3.384
0.1709
0.6777
0.1322
1.432
1.388
0.2485
0.5984
0.569
1.036
0.2787
3.367
0.1185
2.027
0.3868
0.08994
2.135
2.055
1.701
0.7773
0.449
0.441
0.3475
0.4549
1.36
0.3681
0.1644
0.08727
2.152
1.5
0.9427
0.3633
0.5114
2.644
1.275
5.056
0.0
0.1553
0.0
0.2287
5.619
1.547
0.0
0.8337
0.6199
3.595
1.059
2.153
1.821
0.5688
0.4093
0.8935
0.2247
1.068
0.0
0.3882
0.3924
0.1457
0.1492
0.3349
1.929
1.576
0.2103
0.0
0.8651
0.0
0.7961
0.0
0.6108
0.0
2.049
1.608
0.574
0.5331
0.4771
1.533
1.145
0.8415
1.9
0.6124
0.546
1.085
0.4384
0.8063
1.402
2.603
1.844
0.6464
0.448
0.3415
0.4484
1.727
0.6343
0.0
0.2532
0.0
0.2396
0.5853
0.28
0.0
0.3136
0.5017
0.07792
0.6982
0.2654
2.064
3.281
0.034
1.947
0.2261
0.0
0.7616
0.7836
0.1931
0.4707
3.769
0.6024
0.5303
0.0
0.4386
1.053
0.3758
0.2972
0.3327
0.0
0.1993
0.3608
0.4677
0.6294
0.0
3.982
0.3419
0.09377
0.6314
0.0
0.7371
1.932
3.328
0.5366
0.729
2.61
0.5701
0.157
3.178
0.7888
0.4854
0.4208
0.3212
0.0
2.287
1.667
1.332
0.0
0.2071
0.0
0.4348
0.0
0.6558
1.949
2.379
1.727
1.48
0.1854
0.2376
0.4915
0.0
2.118
0.4119
0.0
0.3465
4.351
2.276
0.441
2.587
0.2847
0.1018
0.6258
1.204
0.0
0.0
0.3894
0.4499
0.285
8.103e-08
2.456
0.4264
0.0
1.929
4.061
0.353
0.8738
0.2631
0.2212
0.3571
2.742
1.125
0.0
3.358
3.795
0.4504
1.562
4.992
0.1225
0.2156
1.229
2.282
0.7498
1.172
0.0
3.969
0.7696
0.385
3.587
0.2981
0.8034
0.3008
0.4138
0.7859
1.907
0.5162
0.2558
0.0
2.998
0.1739
0.3195
0.6772
0.4321
0.6357
0.0
0.9595
0.1786
0.4231
2.802
0.0
0.4101
0.7166
0.4795
3.297
0.9345
0.2324
0.0
0.331
1.543
8.399
0.0
0.0
0.03899
0.62
0.3459
2.068
0.0
0.651
0.3474
1.693
2.442
0.4007
0.0
0.1848
3.551
1.492
0.3212
0.112
0.0755
0.6871
0.7373
0.0
0.3972
2.003
0.4457
0.6742
1.047
0.0
0.2029
6.568
0.5113
0.3526
0.1732
0.6991
4.037
0.2171
0.8198
1.489
0.4814
2.099
0.0
0.3007
0.3045
0.1341
0.05187
0.3762
0.6378
3.045
2.245
0.0
0.0
1.527
0.0
1.036
0.5179
0.879
1.27
0.0
3.31
0.517
1.299
2.637
0.2049
1.855
0.6824
0.6814
2.026
