28.22
17.38
27.92
30.77
5.417
23.41
14.65
25.26
13.5
29.14
30.51
33.76
18.21
22.03
26.0
29.28
25.27
29.64
21.67
15.48
0.0
9.955
34.11
0.0
32.52
17.99
5.856
4.263
32.47
20.04
21.93
20.23
11.0
22.38
21.85
32.77
8.874
33.11
24.3
31.51
12.53
27.91
23.38
22.38
17.45
28.28
29.51
3.339
27.99
28.96
25.69
36.07
25.78
20.6
9.723
7.668
28.86
25.23
17.58
21.43
31.44
25.96
25.09
11.92
22.03
34.17
6.643
23.65
35.61
25.64
34.11
25.93
22.29
25.36
31.42
21.44
25.96
26.64
24.66
24.52
16.03
16.46
9.498
13.9
16.31
33.25
8.874
24.78
24.9
27.02
32.84
13.51
25.46
29.62
15.0
28.62
22.25
16.52
26.32
11.18
9.201
31.33
35.41
31.71
10.53
0.9781
30.34
13.05
29.91
30.26
32.12
39.12
14.83
29.54
32.25
22.03
18.19
25.1
11.61
11.03
23.12
20.89
25.08
36.03
27.36
40.37
24.48
8.747
3.706
32.25
28.0
28.83
15.23
8.016
17.2
27.64
29.83
13.51
24.91
36.63
30.26
0.0
23.84
30.3
28.59
28.6
0.846
28.44
9.806
41.24
25.46
30.94
18.31
25.52
11.33
23.95
28.77
25.77
11.65
13.85
31.34
27.14
34.67
12.88
27.99
7.959
9.636
11.34
30.29
31.98
34.35
28.1
22.03
16.71
0.0
20.0
30.43
29.39
10.03
25.96
31.36
14.47
32.51
25.96
9.498
6.109
36.29
35.18
32.03
23.85
24.8
34.4
22.06
31.82
10.15
18.06
22.55
34.33
17.85
25.66
15.54
14.31
28.87
16.31
20.12
24.86
31.55
10.26
22.37
31.25
30.17
37.17
20.58
26.89
7.633
33.19
5.82
29.7
15.86
9.518
19.68
32.38
17.85
27.99
16.05
19.62
12.6
30.99
31.4
20.88
28.35
25.93
24.93
10.51
9.636
29.67
25.65
31.66
27.98
13.77
27.3
10.19
36.51
33.8
15.62
13.14
26.72
15.32
29.23
10.56
15.81
21.44
33.88
7.311
33.23
13.11
22.87
13.77
32.72
23.9
18.55
13.49
28.05
26.09
16.55
42.02
29.0
34.45
18.73
37.54
10.82
2.472e-06
11.61
30.29
30.63
39.2
2.261e-06
34.96
34.11
29.75
36.36
22.94
24.51
23.39
7.496
22.98
11.24
26.19
27.87
27.78
38.91
30.67
22.38
16.05
25.84
19.43
27.38
34.11
37.16
26.53
29.31
24.64
14.12
28.52
4.529
17.62
28.45
29.89
37.61
24.99
13.82
31.91
22.04
33.81
5.457
16.62
28.79
30.75
7.668
25.78
28.64
33.22
14.11
24.17
13.63
33.78
35.49
26.34
33.12
25.72
28.78
18.48
28.74
37.93
32.78
20.22
24.84
24.94
25.67
22.33
21.85
24.78
28.52
10.79
9.806
22.2
35.34
22.47
27.38
16.31
24.21
29.65
0.0
30.53
33.23
23.62
29.91
35.23
13.39
31.85
0.0
17.42
18.56
27.98
36.71
26.59
0.0
33.24
5.523
29.11
25.89
22.98
17.78
28.77
28.08
32.02
19.23
17.76
36.86
7.727
11.22
28.7
0.0
30.64
29.86
23.26
27.29
24.37
17.67
33.62
34.33
30.88
22.62
30.0
10.51
36.11
27.49
26.25
26.76
30.7
22.58
29.77
11.85
9.961
32.77
23.33
11.0
16.71
13.82
10.6
28.09
32.24
13.09
20.05
34.03
34.35
23.27
33.14
26.63
25.05
17.76
9.404
28.61
15.63
8.946
7.047
29.1
34.61
8.706
14.09
12.83
32.87
23.74
30.81
34.04
27.45
33.22
27.34
33.37
32.33
24.52
27.99
27.56
24.79
14.42
31.47
23.19
28.77
28.32
11.22
25.33
11.25
10.82
26.49
13.56
13.46
30.76
23.58
29.55
6.458
32.89
22.98
13.89
26.36
14.44
18.71
26.14
15.35
18.04
38.6
9.542
27.3
28.81
31.19
13.13
28.41
31.66
23.41
11.12
26.95
30.08
34.11
22.45
29.44
26.96
29.07
31.34
30.13
34.35
17.03
26.71
34.63
18.95
28.41
10.6
23.78
17.85
27.98
18.86
30.7
28.41
29.49
32.3
21.38
26.94
16.44
34.58
26.79
23.62
13.04
21.26
31.34
14.8
25.51
29.67
26.25
3.879
27.48
12.5
14.12
27.82
19.39
18.2
23.07
25.76
20.93
13.8
15.08
7.663
29.61
24.12
18.86
8.179
12.8
26.74
12.17
25.1
4.529
33.19
11.03
26.32
30.9
30.96
7.317
8.903
12.34
40.04
24.62
29.15
34.09
27.46
25.27
15.56
25.27
7.494
29.27
24.57
21.88
24.85
0.0
32.5
37.8
35.96
20.89
27.56
30.14
28.99
25.82
27.38
36.14
25.76
28.95
25.24
17.7
23.79
27.33
25.29
28.59
28.06
22.7
6.278
31.12
13.5
31.87
13.06
28.18
37.9
22.94
17.99
8.545
12.88
22.55
27.16
26.05
31.34
6.37
29.23
33.5
10.88
16.59
29.89
22.98
35.03
32.77
15.55
29.0
10.31
14.47
33.36
31.37
22.28
24.45
17.46
26.49
25.47
28.41
29.14
20.9
2.876
26.31
33.5
26.0
24.37
28.4
21.1
31.13
25.82
30.14
24.36
20.06
33.14
30.05
32.3
26.22
13.44
26.67
17.46
32.9
29.9
25.8
30.8
25.62
30.79
28.78
35.89
25.27
22.03
14.51
28.81
15.08
26.94
15.92
31.42
22.06
30.22
9.207
34.94
30.86
14.75
36.52
23.69
28.73
21.25
12.43
34.93
28.41
31.43
32.73
25.27
13.85
30.86
27.87
37.23
12.05
28.78
34.04
25.8
10.94
30.35
29.83
22.03
11.85
13.46
34.49
21.54
13.29
17.26
17.0
16.55
12.94
2.472e-06
29.67
40.13
10.25
31.79
28.41
22.94
18.23
8.946
27.91
10.26
36.64
20.65
25.99
24.41
22.93
8.825
28.1
26.11
27.91
13.23
18.58
13.1
26.02
9.101
31.43
18.56
11.25
16.22
32.74
28.32
24.79
16.46
16.21
15.92
27.02
15.97
35.93
17.5
8.885
25.34
24.56
33.03
30.09
25.73
27.08
18.71
22.47
27.38
38.79
20.01
31.46
16.2
24.61
36.72
34.53
27.79
33.14
28.12
36.77
33.37
11.5
27.91
11.85
22.03
17.7
32.2
16.69
9.725
14.09
28.31
30.16
32.22
23.15
20.3
29.68
12.52
25.96
15.92
8.825
24.68
26.14
29.4
26.83
29.67
1.095e-06
0.0
29.66
27.03
28.74
20.12
8.039
26.42
8.946
32.69
14.31
11.03
12.05
26.59
30.79
24.27
22.48
0.0
23.77
34.89
29.04
26.55
35.91
28.12
8.466
29.82
22.33
33.9
0.0
26.36
28.43
21.19
30.83
20.3
20.05
27.17
23.28
31.57
6.41
17.19
23.34
14.42
31.48
29.14
14.45
15.63
21.99
25.93
30.75
28.35
21.67
12.8
29.62
29.37
29.14
28.45
21.45
23.95
28.14
26.64
27.32
30.95
29.66
30.63
9.617
19.01
23.1
24.12
25.08
31.64
5.457
27.25
16.93
24.95
29.48
32.21
22.89
29.59
29.38
27.73
18.71
33.68
34.93
32.56
18.31
22.03
32.91
12.56
25.8
10.92
30.67
33.32
39.59
37.11
18.8
26.57
31.63
34.66
24.41
28.41
39.41
17.04
29.61
36.14
0.0
30.52
24.41
27.75
35.11
28.83
13.04
43.62
33.35
30.23
15.4
26.94
28.31
15.0
24.51
27.47
27.33
20.48
32.49
27.2
24.29
17.05
31.05
10.56
16.05
23.01
19.13
24.84
33.27
30.47
27.4
28.1
30.8
29.54
30.5
27.98
30.48
22.15
25.6
10.51
10.97
28.4
26.17
29.54
18.55
31.79
25.27
15.72
33.6
29.9
25.15
31.45
15.4
26.83
18.07
31.25
24.91
27.29
29.77
22.56
25.8
26.89
25.33
21.1
31.75
30.26
15.93
25.89
22.99
33.88
28.22
29.42
7.939
29.14
31.79
12.45
5.457
5.82
28.31
23.15
29.63
25.8
10.82
33.43
32.12
14.52
21.85
31.0
27.95
23.41
42.58
15.97
27.32
10.52
24.93
28.55
13.49
21.92
10.41
31.43
32.61
18.88
32.79
26.17
34.98
19.39
21.32
30.08
28.28
35.97
29.88
32.67
26.19
9.725
28.02
25.27
25.64
9.411
29.57
25.27
29.33
31.4
23.31
39.86
36.51
28.59
33.54
26.47
22.06
22.32
34.35
32.08
32.46
20.61
24.68
34.11
34.11
7.901
13.04
27.99
37.36
18.95
11.22
29.71
19.92
28.45
11.55
29.36
22.49
28.41
17.39
25.92
5.671
33.29
23.48
37.84
24.8
28.25
26.11
29.67
30.14
35.44
25.97
27.29
4.017
28.15
35.39
21.43
25.32
26.0
26.37
22.76
26.14
23.62
30.79
25.96
32.18
25.19
36.79
31.28
31.91
4.718
25.62
28.05
28.4
26.62
35.96
12.12
34.35
29.05
13.77
28.13
24.59
17.23
29.66
33.81
32.18
33.35
28.04
10.97
25.99
30.21
28.82
12.99
29.32
41.85
26.69
24.48
33.22
13.1
19.0
27.49
30.21
25.7
35.14
24.46
14.8
21.43
28.98
10.51
28.15
30.09
32.76
32.11
35.35
21.24
20.0
22.15
22.2
18.06
0.0
24.95
7.939
27.49
34.73
13.63
26.92
23.48
29.21
49.29
30.22
28.12
33.64
30.17
30.41
27.49
24.46
29.8
12.5
32.57
19.62
27.68
25.35
31.37
30.19
28.82
19.43
25.77
30.53
27.38
34.35
31.85
24.5
30.74
11.03
35.28
31.43
25.99
30.8
23.28
3.879
25.2
9.723
34.72
28.45
25.54
23.01
24.37
21.88
26.25
33.3
27.32
25.93
25.52
6.017
26.42
28.4
29.57
17.5
27.51
35.97
26.47
28.26
25.96
36.87
17.7
14.47
36.91
1.095e-06
23.15
9.101
30.39
34.58
32.85
34.35
32.95
28.12
7.494
28.97
25.54
25.27
32.69
37.72
13.63
33.46
31.26
23.6
30.68
22.03
27.51
38.81
29.3
32.54
26.18
22.99
28.74
25.96
26.47
34.35
0.0
26.97
27.38
33.18
34.21
27.28
10.31
29.37
27.13
34.49
27.44
27.55
25.79
22.04
23.88
29.37
32.35
25.97
29.62
29.48
29.49
15.32
17.05
29.77
28.12
33.99
8.903
19.31
23.26
29.68
28.79
23.39
35.03
29.72
38.48
22.04
21.15
26.79
28.41
34.31
29.13
29.93
37.42
31.91
24.86
28.78
24.49
23.88
35.39
28.19
39.9
25.96
10.92
23.67
21.25
27.36
35.9
26.67
17.7
28.12
32.05
30.7
43.08
