9.903
6.432
4.498
6.188
6.996
7.871
5.849
5.367
6.663
16.0
4.876
12.85
4.502
7.912
4.314
6.541
7.28
14.16
4.739
9.18
6.366
8.046
5.377
2.261
7.317
10.5
5.859
7.815
12.47
9.881
6.606
6.055
7.054
12.77
9.597
6.254
8.955
5.38
8.812
8.865
8.933
5.947
11.92
8.497
8.754
9.384
4.334
3.401
7.017
9.036
9.98
7.939
24.08
7.051
8.149
6.137
8.57
5.676
6.141
4.884
4.029
5.177
6.712
5.562
4.447
8.651
3.41
4.376
11.3
12.97
5.218
12.92
10.12
16.24
13.2
17.64
6.116
4.512
7.225
9.337
5.087
5.836
11.44
2.407
7.371
9.671
9.678
3.859
7.481
13.02
13.1
5.967
4.131
8.533
6.007
5.576
7.224
10.35
7.594
17.83
11.56
7.138
4.284
6.509
5.881
12.2
6.727
3.757
5.88
6.729
9.296
6.01
13.82
10.46
7.733
7.093
5.048
9.455
11.64
7.463
4.521
10.75
21.06
6.671
10.07
6.457
6.303
6.142
5.501
7.267
4.683
17.67
3.608
6.5
7.772
4.797
2.19
6.594
17.91
9.649
9.411
5.989
3.892
2.688
3.946
4.376
7.563
5.08
9.754
4.826
5.192
11.21
4.654
8.244
5.695
9.818
17.73
11.15
6.697
10.6
14.87
3.67
5.794
8.203
4.861
11.93
7.809
7.618
7.777
16.7
8.191
7.712
6.125
7.714
7.864
2.924
4.457
9.964
6.105
6.208
5.004
10.97
5.453
5.764
5.808
5.528
18.94
6.859
9.451
6.998
6.556
15.43
5.829
5.708
13.46
5.947
5.394
9.076
6.381
8.079
5.179
9.164
8.357
14.4
6.884
4.235
4.07
16.2
5.677
7.383
6.762
8.057
5.433
10.14
18.49
7.589
6.262
6.323
7.49
6.812
5.692
4.658
5.355
7.009
6.926
10.1
12.23
15.32
5.371
7.973
4.737
5.061
5.874
6.697
11.19
8.447
10.29
4.539
6.292
12.92
9.204
3.262
6.528
9.869
5.789
12.63
8.997
3.502
8.694
2.144
6.183
10.82
5.57
11.03
3.699
8.16
5.417
5.966
6.34
4.668
6.444
8.667
5.188
6.635
10.59
13.22
5.091
4.989
10.79
4.083
9.441
4.468
6.442
6.568
6.832
7.1
10.47
5.605
14.77
3.681
6.758
6.85
14.59
7.759
7.879
10.61
9.76
5.547
9.402
8.306
10.31
5.991
2.399
5.606
6.289
8.09
4.325
4.402
8.049
4.683
6.112
5.523
7.723
3.872
6.672
6.846
11.26
7.401
15.53
1.836
12.29
9.37
10.56
5.901
15.17
8.469
7.704
6.881
5.122
5.786
4.687
10.08
8.857
8.518
4.898
12.19
6.971
9.347
6.832
6.394
7.558
15.64
5.603
9.343
4.386
6.031
11.23
4.374
7.71
7.614
9.45
4.748
8.767
6.607
8.283
5.166
9.74
13.03
7.094
4.153
6.999
4.107
5.558
6.466
9.34
6.586
9.502
7.015
4.743
14.8
8.295
6.685
7.081
10.35
8.163
10.6
4.69
6.416
6.908
5.172
5.446
9.102
11.74
5.775
4.958
4.279
4.358
3.069
13.16
5.512
11.06
5.303
6.526
7.834
6.074
5.273
11.94
14.88
4.808
5.263
17.93
9.072
8.479
7.426
6.909
13.16
2.232
2.103
11.71
6.75
7.025
6.841
4.933
7.73
7.962
5.83
3.434
9.023
6.075
3.981
5.349
4.637
15.29
5.988
4.488
8.429
4.511
6.055
5.967
9.916
7.938
3.823
19.24
6.773
7.699
17.03
6.249
5.281
7.424
11.48
8.942
7.598
2.668
7.459
17.15
8.453
6.374
5.641
18.3
4.629
9.54
3.391
7.598
7.194
9.962
8.251
14.07
6.493
6.594
5.192
7.127
11.52
5.517
8.248
14.09
11.47
7.01
6.315
9.749
5.454
7.334
5.539
9.979
9.594
16.54
0.0
6.369
4.618
2.976
5.885
7.753
10.03
12.32
9.588
5.576
6.128
7.702
9.074
5.099
5.584
9.435
11.55
6.665
6.492
6.475
10.96
9.683
8.298
5.865
5.427
3.36
4.284
4.686
9.274
6.759
5.168
4.363
6.56
7.867
8.554
8.388
6.005
5.811
7.877
4.745
2.835
14.01
18.05
7.471
7.663
5.527
12.6
10.03
8.695
4.848
15.5
9.461
16.84
4.683
8.283
5.443
7.018
7.297
8.045
7.66
6.124
12.27
10.33
9.473
9.149
4.739
6.732
9.13
8.337
9.893
3.312
4.018
5.886
5.25
5.612
8.263
10.06
10.72
3.619
7.93
6.868
4.942
6.225
6.507
4.483
10.21
9.825
6.425
19.19
16.73
6.205
7.924
8.642
15.64
5.401
13.98
10.9
7.866
8.674
7.739
4.531
4.953
8.71
4.275
7.863
5.391
6.146
5.251
9.876
9.126
5.511
7.064
4.72
5.11
12.65
5.866
4.635
9.425
4.662
7.133
8.074
7.639
9.608
5.768
14.3
10.04
7.793
6.871
5.686
6.769
7.682
3.985
6.408
8.589
10.67
6.932
12.43
6.797
4.698
5.087
10.58
6.799
11.11
6.575
5.705
6.423
6.616
4.62
5.144
11.62
7.161
6.02
5.12
10.53
6.105
5.58
8.384
8.256
3.351
4.667
4.712
7.774
7.224
8.254
7.9
5.802
11.13
3.794
9.108
8.252
8.303
6.969
3.135
3.351
8.164
10.73
6.791
4.882
4.282
26.47
9.464
4.751
8.912
18.69
7.77
6.844
8.202
10.43
5.39
7.623
4.396
7.317
9.058
11.56
3.789
7.807
6.312
2.242
7.852
12.17
5.963
4.124
13.35
7.179
11.54
4.495
6.869
7.424
12.04
15.53
1.655
7.925
6.334
9.255
8.502
10.16
10.83
5.861
4.232
4.188
7.192
7.843
6.884
6.047
6.197
7.292
7.927
8.388
9.89
8.637
4.024
17.02
8.936
8.781
9.44
6.296
10.17
21.44
7.613
10.41
2.743
4.325
8.578
7.646
5.18
6.764
6.186
4.487
11.25
11.8
8.472
8.728
17.81
6.014
11.61
7.935
6.24
9.853
8.183
6.076
10.45
10.93
4.903
10.87
10.55
8.167
4.913
10.21
4.757
4.353
14.7
9.208
6.984
7.989
6.73
3.864
10.11
4.887
2.473
5.072
6.341
4.654
7.986
8.57
5.902
2.238
7.215
6.347
9.064
5.825
10.07
8.673
7.55
10.61
11.89
7.6
9.49
6.525
7.04
5.09
1.793
4.619
11.14
11.27
5.477
13.36
2.567
9.791
3.209
16.2
8.888
4.681
6.917
7.542
3.175
6.835
6.774
7.526
5.112
6.166
5.95
7.93
5.882
12.44
4.452
9.624
9.033
15.29
12.55
5.333
12.18
7.961
7.436
13.28
14.92
5.365
7.036
5.274
7.778
8.495
7.424
9.81
7.485
10.41
6.742
7.866
4.49
7.801
4.362
6.064
11.42
5.516
18.05
6.689
4.484
6.393
6.91
3.644
6.72
2.134
7.254
9.976
4.937
7.02
7.536
6.587
8.613
5.108
4.528
6.29
13.38
4.233
4.218
7.26
7.009
7.017
9.173
7.641
4.892
3.479
8.674
7.821
7.133
3.859
11.3
6.151
12.81
7.525
3.175
7.104
7.219
5.867
16.49
11.28
6.206
8.387
6.319
2.938
3.596
9.413
5.035
5.424
4.966
7.878
3.963
9.191
6.112
3.556
2.722
19.29
12.56
6.088
7.543
15.4
4.535
7.875
14.61
12.79
9.492
4.392
4.085
8.452
5.246
5.635
5.841
5.908
4.419
5.74
7.711
4.901
4.516
4.539
6.758
8.97
8.193
5.098
4.749
3.889
5.592
4.132
3.63
4.538
13.94
10.77
11.45
10.89
3.314
16.35
8.799
9.354
6.455
2.9
3.321
5.29
5.524
5.847
3.811
6.613
12.57
9.596
7.9
16.07
7.837
7.687
11.19
8.938
6.456
4.6
5.623
7.935
7.217
6.653
8.171
6.639
4.796
6.292
16.64
6.914
6.984
5.451
7.732
5.279
5.192
4.664
8.155
11.69
12.49
9.157
6.296
7.667
4.936
7.273
7.906
6.835
6.805
6.511
5.429
12.06
10.4
3.351
6.449
10.0
6.748
9.773
6.256
2.678
11.82
4.568
8.233
6.704
10.64
11.24
6.405
11.66
8.259
6.123
5.116
13.0
6.188
11.18
7.201
15.79
4.603
4.925
5.317
7.756
8.261
11.25
7.999
10.51
5.916
10.15
7.857
12.3
6.988
14.16
7.422
6.666
9.748
9.057
6.89
13.94
12.19
4.192
6.314
7.767
10.81
10.12
4.341
2.856
11.96
9.394
3.324
5.389
5.03
5.532
5.193
11.07
12.01
5.616
18.99
6.877
9.896
10.55
6.398
10.76
6.829
5.995
6.055
4.764
6.907
12.63
7.086
6.743
8.322
4.55
8.925
5.771
8.004
9.344
6.335
10.24
7.858
6.915
5.976
5.325
9.837
6.079
4.611
4.864
8.374
12.02
9.951
12.24
6.699
7.112
10.09
5.788
7.674
7.847
4.081
4.317
7.942
7.997
6.422
7.195
4.011
11.06
5.142
5.568
6.459
8.758
4.848
5.047
10.05
7.083
7.598
9.094
5.875
14.06
4.282
4.514
5.344
10.68
9.126
13.28
15.51
6.503
6.741
5.105
7.975
5.447
7.465
8.85
16.66
6.29
7.118
8.216
8.486
7.135
9.36
6.06
6.81
10.09
12.8
10.82
11.34
9.022
6.559
9.879
15.58
11.78
4.856
4.423
4.936
3.429
10.11
8.117
7.573
10.59
13.05
10.03
6.042
6.236
5.118
7.598
12.85
8.593
13.11
6.008
5.186
6.304
13.64
6.654
8.525
5.676
12.75
9.196
5.652
6.075
7.901
6.097
6.009
6.386
8.716
5.782
5.77
8.27
3.511
8.324
9.983
5.173
11.13
9.341
6.392
5.868
4.061
3.672
6.254
7.982
5.799
7.682
4.284
4.199
7.265
7.044
6.227
5.807
5.075
3.184
14.44
11.84
6.519
9.596
4.183
8.449
5.14
8.142
4.714
7.241
9.803
8.887
9.836
6.258
4.489
7.1
12.95
4.688
8.154
10.67
6.565
7.001
5.418
3.85
8.879
18.38
9.013
2.949
7.954
7.681
4.927
7.786
4.082
5.424
7.643
7.301
15.82
6.632
5.903
5.392
4.328
8.17
6.467
10.8
4.741
3.857
8.571
6.38
2.692
6.44
10.21
6.213
7.148
7.06
7.719
4.122
6.934
9.049
3.599
19.19
8.518
9.59
10.71
11.72
7.442
9.712
10.86
5.833
7.35
5.108
12.23
9.455
8.487
11.21
5.904
3.257
2.409
5.456
7.823
4.36
3.843
8.635
13.61
11.09
11.39
6.137
4.782
4.88
10.38
5.694
5.459
8.909
6.38
7.621
6.191
7.118
7.613
10.55
7.675
4.738
6.514
6.612
4.769
3.834
8.305
5.18
7.352
4.493
4.002
8.154
10.37
3.879
7.342
11.0
8.144
4.662
10.02
8.216
7.977
7.258
7.465
5.0
12.0
8.401
5.97
11.79
5.879
9.32
5.725
8.482
4.726
3.118
5.873
5.456
9.458
4.505
6.905
5.511
5.902
7.262
4.496
4.979
13.1
9.403
17.24
7.23
9.908
8.241
10.66
12.36
3.387
6.343
3.022
9.591
5.709
4.464
5.89
9.683
8.305
5.801
6.56
6.808
7.476
10.38
6.992
9.757
6.114
10.91
4.464
10.29
11.71
5.294
6.907
5.364
10.3
12.33
7.042
4.232
11.56
5.852
11.79
7.292
6.423
8.6
7.243
1.98
14.57
4.761
6.078
4.551
2.205
5.801
8.829
6.821
9.039
10.49
9.803
7.063
5.396
5.27
6.447
6.253
4.147
12.09
14.19
12.27
10.43
7.726
11.56
3.179
9.019
8.863
2.317
4.07
3.365
3.653
5.029
2.788
9.867
10.79
16.19
3.97
3.888
5.505
7.435
5.49
3.637
5.691
11.49
11.45
10.16
4.382
7.316
3.737
7.609
6.035
10.83
12.37
7.132
8.35
3.591
6.493
6.428
7.89
8.208
5.18
5.862
6.051
14.86
8.018
4.242
5.151
15.16
14.31
8.136
7.304
4.74
6.741
10.04
4.097
6.927
10.75
8.226
0.0
8.299
7.679
11.97
13.1
7.612
10.13
4.473
6.917
7.624
11.76
6.948
4.314
7.807
11.28
8.066
6.297
5.878
5.158
8.645
11.91
6.249
12.0
5.118
6.427
11.46
14.69
7.581
14.64
6.889
7.735
6.914
5.72
5.741
6.012
7.848
3.1
7.647
10.12
9.468
7.06
8.185
5.036
12.89
9.083
5.608
7.724
6.081
13.68
2.957
9.013
8.891
5.97
7.601
10.79
7.913
8.158
7.116
7.774
10.45
8.115
6.697
13.4
6.68
15.7
7.884
6.495
15.65
11.8
7.387
10.19
5.52
8.453
4.826
5.021
5.417
9.415
4.953
4.573
10.26
10.26
7.099
3.895
10.69
11.37
7.093
7.592
8.468
6.386
7.493
4.708
10.62
6.845
11.52
4.795
15.58
5.014
4.835
5.655
6.782
7.83
8.625
4.269
5.698
8.263
10.43
6.638
5.832
6.276
7.828
6.617
7.259
7.07
11.08
7.223
7.48
11.53
6.148
11.1
5.927
3.572
7.796
10.43
4.326
6.647
14.99
7.343
7.268
7.851
10.49
6.952
7.736
7.505
9.426
