410.7
650.4
666.1
760.8
844.4
953.4
838.8
925.3
867.5
285.1
530.2
792.8
469.0
932.3
937.2
981.8
958.3
960.6
194.0
321.4
155.6
525.3
386.7
947.4
973.1
1.009e+03
1.004e+03
975.6
965.7
341.7
479.7
606.3
454.0
665.8
824.7
983.6
772.0
675.4
805.2
729.9
492.8
226.7
183.4
573.0
597.9
925.9
918.7
1.059e+03
888.6
893.2
863.6
306.2
370.0
372.8
364.5
342.8
756.3
724.6
677.4
733.0
775.3
741.0
397.1
473.8
219.4
376.3
350.9
485.8
515.3
510.5
412.8
364.6
299.0
354.6
171.5
583.5
550.4
631.3
663.1
1.024e+03
1.135e+03
1.056e+03
1.065e+03
976.4
1.048e+03
1.007e+03
478.6
541.8
321.1
583.8
608.3
936.0
874.7
871.1
867.3
904.8
903.5
288.1
470.9
426.2
290.1
533.1
596.8
519.2
546.8
545.5
888.1
569.5
995.2
581.3
566.3
1.208e+03
1.078e+03
1.135e+03
1.328e+03
1.224e+03
1.112e+03
418.1
232.1
465.3
309.7
423.5
975.5
940.2
980.5
965.0
981.9
960.5
529.9
485.1
455.7
387.8
207.5
606.5
928.6
847.6
909.4
1.008e+03
837.6
391.3
509.4
514.7
493.3
902.3
938.4
872.7
822.0
868.8
577.8
248.5
408.8
576.2
517.6
638.6
665.6
428.8
333.5
214.1
204.8
630.0
575.0
848.2
909.3
769.4
788.1
796.7
330.8
635.3
211.2
452.9
311.1
644.1
875.0
650.8
654.2
831.9
673.9
463.9
707.1
187.5
496.9
573.6
480.0
877.6
902.1
836.6
940.5
966.2
913.6
893.2
451.5
224.8
483.4
443.6
450.5
582.3
636.3
601.1
555.7
284.3
280.0
501.8
646.8
987.0
831.4
819.8
825.3
799.1
640.7
579.2
652.8
470.5
1.046e+03
966.8
980.4
1.008e+03
1.003e+03
647.9
502.2
499.4
318.3
5.215e-05
854.2
850.2
827.9
900.4
897.7
827.9
390.7
638.0
407.7
316.8
248.1
966.4
1.004e+03
984.2
959.5
941.1
964.4
636.9
588.8
2.615e-05
668.1
571.8
298.5
983.6
846.7
754.8
859.5
740.1
737.6
737.6
537.5
310.0
403.2
225.7
982.3
994.4
1.013e+03
929.0
941.1
509.2
603.9
459.1
309.3
460.8
693.7
730.6
703.6
747.6
629.1
695.3
506.7
400.3
483.1
567.9
835.6
705.8
792.9
795.9
736.9
612.2
457.7
481.5
744.2
948.2
858.3
903.9
898.0
876.4
478.4
799.2
252.5
327.4
904.0
919.1
863.0
896.9
901.3
504.8
448.5
6.255e-05
270.4
408.5
870.0
872.7
828.5
900.5
855.6
855.6
735.1
639.6
533.0
223.7
405.8
1.107e+03
1.05e+03
999.3
965.6
1.107e+03
1.037e+03
281.7
585.1
677.7
776.6
1.013e+03
1.043e+03
1.035e+03
1.083e+03
1.063e+03
646.5
573.0
629.6
297.1
672.1
853.4
1.029e+03
1.025e+03
853.3
364.6
293.2
466.1
679.3
239.3
866.1
827.8
814.4
863.8
878.5
808.2
495.5
482.2
113.1
480.2
737.7
949.7
725.6
909.1
861.3
898.3
892.2
313.4
230.8
624.3
324.6
756.2
726.8
712.8
683.8
657.8
261.0
273.4
592.0
299.9
280.8
927.7
934.4
943.0
900.9
905.5
904.2
636.8
600.0
572.9
509.2
674.3
640.7
722.0
664.6
357.9
320.4
361.6
554.3
640.7
379.1
964.8
951.3
847.6
985.6
784.3
895.1
747.7
505.0
376.7
462.8
1.021e+03
1.083e+03
961.0
1.095e+03
1.039e+03
381.1
758.7
629.0
508.4
398.0
1e+03
935.9
912.3
601.3
859.1
899.5
439.3
252.1
726.5
481.7
189.7
803.4
595.9
390.7
591.5
460.0
379.1
456.0
486.4
670.0
376.4
727.8
862.7
820.9
839.9
807.7
773.5
414.3
634.0
627.0
366.9
922.9
779.5
665.6
883.8
947.5
782.4
503.0
202.7
791.2
502.9
798.7
973.7
940.2
968.0
921.8
898.7
463.3
588.4
597.3
354.6
944.6
942.8
397.5
846.0
735.0
876.4
296.4
337.3
638.9
523.5
846.8
838.8
753.5
726.8
717.3
367.0
814.6
498.8
471.3
596.2
666.6
720.5
618.2
650.4
216.6
559.5
741.7
466.5
773.6
845.0
940.8
903.6
968.8
1.004e+03
897.8
237.0
263.9
815.8
593.5
278.3
829.0
906.8
920.4
930.5
928.4
887.8
1.077e+03
888.6
405.5
490.4
719.1
201.8
152.7
681.6
917.5
904.3
1.005e+03
792.7
1.019e+03
977.5
910.7
578.9
781.7
650.1
531.6
355.1
530.4
817.8
804.6
851.3
791.1
956.8
845.8
746.0
335.4
276.1
602.5
433.3
354.0
361.2
763.9
743.5
785.7
766.7
740.7
849.0
715.4
406.1
742.1
686.9
541.0
294.5
395.1
805.3
788.1
833.3
858.9
1.004e+03
854.9
787.0
217.3
396.2
622.9
411.4
484.5
165.8
836.5
867.6
844.6
836.4
907.3
903.8
836.7
315.1
480.3
299.0
457.2
337.3
719.8
628.8
662.6
658.7
689.1
616.7
373.7
444.6
229.8
288.8
1.014e+03
1.06e+03
1.074e+03
1.053e+03
1.061e+03
54.11
550.5
666.2
375.1
207.3
698.8
900.8
864.9
952.7
874.5
1.046e+03
955.1
876.8
283.0
385.8
414.6
406.2
561.8
627.7
996.6
1.049e+03
930.2
872.0
889.1
924.7
885.2
526.2
642.7
657.4
170.6
173.4
473.4
1.049e+03
1.006e+03
1.033e+03
898.0
1.014e+03
1.097e+03
1.027e+03
60.66
490.4
710.3
409.5
463.6
617.1
722.0
834.9
817.8
650.5
768.4
841.8
662.3
214.0
245.3
565.9
293.2
398.1
661.0
609.2
728.4
849.1
656.2
658.2
682.6
631.3
143.9
682.7
340.2
232.7
528.9
708.5
725.3
816.8
727.8
798.9
718.2
215.8
487.5
693.5
316.7
250.5
695.8
801.2
881.8
962.3
886.8
818.0
1.185e+03
841.9
312.5
275.8
436.2
222.2
596.8
885.4
901.2
920.0
886.5
921.4
900.8
273.0
543.7
521.9
381.1
457.4
873.3
1.071e+03
1.032e+03
1.022e+03
1.012e+03
983.0
268.4
837.0
747.4
353.5
390.9
461.9
1.01e+03
1.009e+03
1.079e+03
959.5
1.063e+03
1.073e+03
986.1
462.2
302.8
524.9
291.5
158.3
1.01e+03
951.5
1.059e+03
969.4
1.067e+03
978.0
469.3
416.9
157.5
871.9
275.1
849.7
1.188e+03
1.17e+03
1.003e+03
1.14e+03
1.167e+03
1.167e+03
1.17e+03
545.4
844.6
569.4
169.0
753.5
677.6
681.0
834.2
658.4
668.0
546.2
342.4
580.1
661.7
901.3
1.037e+03
1.028e+03
933.9
916.8
883.8
386.5
341.4
574.6
603.7
998.3
999.4
939.6
857.2
938.0
368.5
344.6
460.0
489.3
204.1
642.7
886.8
820.4
871.9
839.5
835.1
936.8
819.2
228.2
258.1
187.6
376.8
485.3
1.04e+03
1.084e+03
917.9
1.018e+03
979.8
974.5
355.0
311.4
450.2
442.3
607.9
1.027e+03
1.034e+03
1.083e+03
1.016e+03
1.02e+03
1.035e+03
551.4
353.5
384.6
408.0
686.1
905.1
941.5
919.8
1.062e+03
865.4
945.1
209.7
509.9
299.0
294.9
539.2
833.1
882.0
935.8
845.5
844.4
846.4
464.6
437.7
601.4
372.8
258.3
647.8
850.9
857.8
902.0
763.3
921.4
862.6
839.3
691.7
527.2
331.6
222.4
197.4
679.3
746.7
804.0
858.6
746.3
725.1
222.9
540.5
425.3
167.6
396.4
531.9
748.4
811.1
740.0
744.4
784.7
787.1
724.1
284.2
368.4
268.1
663.4
219.1
121.9
856.8
750.9
730.9
782.5
775.3
738.7
736.8
490.1
692.6
332.3
592.6
885.7
875.7
980.0
946.1
885.1
594.1
536.3
364.6
535.7
503.7
807.5
964.0
861.8
788.3
900.2
825.1
788.3
310.8
387.3
334.9
710.5
589.2
945.9
1.084e+03
964.0
1.01e+03
970.9
973.5
508.4
385.9
569.1
250.4
424.5
658.3
658.0
492.9
701.9
811.2
571.0
416.4
640.6
546.1
144.2
540.5
536.8
851.6
866.4
822.1
917.8
852.4
942.2
860.1
419.0
290.5
291.4
331.7
602.9
278.0
720.0
875.8
708.6
807.5
765.7
665.1
662.0
270.0
639.0
602.2
313.6
384.8
681.3
1.036e+03
1.077e+03
1.189e+03
1.037e+03
1.024e+03
1.012e+03
1.016e+03
593.0
465.6
545.7
313.2
414.8
601.3
1.129e+03
1.087e+03
1.072e+03
946.7
982.9
969.0
1.105e+03
394.2
370.7
636.2
168.0
353.5
520.0
1.02e+03
955.2
985.2
1.053e+03
1.038e+03
1.122e+03
1.003e+03
167.3
497.6
304.1
208.0
1.033e+03
1.058e+03
1.054e+03
1.057e+03
1.03e+03
290.4
553.9
530.8
309.6
713.8
612.0
776.4
781.7
892.7
739.3
753.4
829.2
729.8
38.8
222.8
701.8
548.0
572.5
887.4
847.5
859.2
894.5
837.7
853.8
182.1
608.2
640.5
318.5
230.3
757.0
846.4
857.9
949.4
871.5
891.0
892.7
860.5
400.6
613.6
672.7
437.8
466.8
611.0
839.6
854.6
918.8
737.5
928.3
991.5
812.3
396.5
235.2
471.3
160.0
251.3
636.7
787.6
838.2
840.3
794.7
769.9
859.9
787.3
430.7
799.7
325.6
198.3
721.9
695.2
705.0
881.5
751.6
704.2
666.2
408.5
287.1
779.7
160.5
488.8
432.7
570.1
635.9
617.3
658.4
633.0
878.4
590.0
600.1
320.6
537.2
1.158e+03
1.142e+03
1.218e+03
1.197e+03
1.137e+03
1.208e+03
185.6
389.3
541.5
480.3
1.251e+03
1.085e+03
1.172e+03
1.171e+03
1.085e+03
1.162e+03
491.5
439.6
365.4
216.7
98.78
213.8
222.4
2.654e-05
747.0
776.9
733.6
818.2
759.4
715.8
733.6
676.4
488.4
389.5
280.7
1.098e+03
1.161e+03
1.078e+03
1.119e+03
1.132e+03
896.8
633.3
686.8
564.1
885.2
784.4
938.1
797.4
568.1
292.0
502.1
477.8
399.9
988.1
871.7
862.0
853.4
857.9
579.8
462.5
602.2
493.7
805.3
717.6
748.7
720.1
577.3
683.3
298.8
620.2
372.3
979.5
991.4
1.03e+03
1e+03
973.7
389.3
585.5
707.0
506.2
520.4
759.7
844.5
764.4
744.3
596.1
364.8
562.1
726.1
413.4
484.3
890.2
729.7
755.5
841.1
717.7
788.8
643.2
657.6
318.0
494.4
290.9
754.1
761.6
816.4
735.9
708.4
513.9
300.3
583.3
410.6
722.1
636.6
666.7
708.9
687.6
336.1
398.2
311.3
468.2
754.1
796.1
805.4
785.6
704.9
568.9
369.1
475.0
699.7
813.5
626.4
1.012e+03
830.6
805.6
694.5
445.4
379.4
461.0
772.0
799.8
852.5
786.2
685.0
685.9
421.6
575.2
701.3
1.03e+03
997.9
937.8
962.0
912.0
328.1
306.7
287.9
712.5
488.5
771.2
535.6
635.9
584.4
917.9
525.5
895.9
319.2
927.0
1.019e+03
1.062e+03
1.1e+03
1.018e+03
879.3
842.1
750.9
510.7
932.3
987.1
866.0
804.0
855.1
186.4
324.5
269.3
349.3
680.9
582.4
648.6
667.3
634.2
724.8
556.0
605.7
1.007e+03
563.8
499.7
1.057e+03
945.7
716.8
1.058e+03
958.1
781.7
854.8
640.6
385.3
628.2
378.0
1.192e+03
1.082e+03
1.19e+03
1.127e+03
1.11e+03
584.5
132.5
1.591e-05
860.6
1.014e+03
1.205e-05
941.5
1.089e+03
535.3
746.8
560.3
535.3
535.3
189.1
198.4
673.9
427.0
725.0
663.7
736.1
701.7
712.9
701.5
326.7
560.6
845.7
811.8
859.5
723.2
521.5
436.4
460.1
277.5
289.9
838.3
610.2
866.9
667.8
578.0
527.5
682.4
498.6
649.5
506.0
673.2
629.2
831.7
816.9
681.3
568.5
744.4
384.7
664.3
603.9
660.4
529.7
356.9
577.0
261.2
433.9
338.6
589.2
465.7
663.4
430.4
401.8
431.5
327.7
529.0
581.0
917.4
974.6
985.8
1.064e+03
1.013e+03
455.0
705.4
790.0
433.2
802.3
753.5
829.5
724.9
695.9
511.8
237.5
643.9
334.2
924.9
880.1
922.7
877.9
859.3
691.2
343.5
271.9
406.1
465.0
580.2
674.9
556.8
502.8
546.2
593.0
442.4
341.8
983.7
1.031e+03
1.034e+03
969.5
1.004e+03
528.3
586.3
524.7
740.8
884.1
843.5
745.1
681.2
526.9
463.2
757.7
686.2
1.029e+03
806.6
960.7
899.1
834.7
456.1
594.2
380.9
378.0
1.068e+03
1.081e+03
1.078e+03
934.7
1.055e+03
507.1
582.5
914.2
873.0
1.101e+03
972.6
1.162e+03
1.093e+03
1.055e+03
380.7
373.4
287.7
509.7
758.3
973.2
799.4
735.8
771.0
617.8
710.6
409.5
274.5
623.5
582.6
424.5
538.8
507.4
605.1
339.5
615.7
235.4
1.053e+03
870.6
954.4
867.1
838.7
688.0
633.3
574.0
633.3
574.0
633.3
688.0
633.3
0.0
600.4
276.7
381.2
441.6
694.8
716.3
640.1
702.2
695.8
573.7
1.051e+03
843.3
481.5
1.08e+03
1.061e+03
989.2
1.006e+03
997.4
781.8
416.7
659.3
546.2
810.8
902.5
803.2
814.5
784.7
326.6
489.1
461.6
954.7
1.034e+03
999.2
967.9
1.004e+03
570.5
453.8
517.8
436.4
820.9
819.6
839.1
842.8
749.7
238.8
543.5
584.1
653.5
707.3
824.2
520.7
755.8
486.7
729.5
568.9
575.8
787.1
761.5
724.0
978.9
684.8
722.5
584.3
607.5
716.2
422.9
454.0
551.2
739.6
776.0
815.4
756.4
817.6
868.8
706.9
474.9
204.9
462.6
249.4
802.4
771.7
691.9
716.2
744.3
578.5
317.5
307.2
523.1
879.2
961.6
755.7
858.9
821.2
46.71
842.5
381.5
230.2
716.5
954.5
934.5
1.022e+03
904.5
794.4
909.5
583.2
191.4
724.6
375.1
178.2
618.1
652.0
386.0
640.3
848.6
635.3
55.5
204.4
381.3
408.3
637.7
748.5
818.5
856.8
827.9
609.5
615.6
875.6
461.2
393.4
816.9
1.005e+03
1.003e+03
1.148e+03
925.1
932.9
1.044e+03
1.005e+03
330.6
231.5
621.5
470.4
622.7
350.0
743.1
662.7
566.8
730.2
678.3
554.3
664.4
449.7
478.6
720.9
563.3
257.5
296.5
635.1
688.0
720.9
768.1
620.2
394.2
866.7
744.7
59.99
435.2
819.9
1.268e+03
1.226e+03
1.307e+03
1.168e+03
1.142e+03
1.184e+03
1.247e+03
529.0
452.1
539.1
414.7
313.0
573.8
539.6
427.4
650.0
607.4
328.8
666.1
343.2
564.9
322.3
600.8
376.5
490.4
496.9
659.0
685.3
692.8
566.0
752.1
799.3
696.9
314.1
448.6
418.4
380.6
964.3
926.8
937.8
973.8
925.8
569.2
461.3
697.6
290.3
362.5
742.8
764.7
501.6
725.6
838.3
615.8
251.7
396.3
558.7
253.5
370.9
798.5
863.3
885.1
858.1
890.7
852.2
654.9
749.5
523.0
488.4
1.042e+03
1.029e+03
1.048e+03
1.064e+03
1.104e+03
386.9
293.6
447.6
570.5
320.0
771.4
723.4
733.6
748.5
734.1
689.9
661.7
814.9
999.2
491.1
563.3
815.8
772.7
716.5
844.4
955.0
607.0
261.3
286.2
685.2
276.4
309.1
842.0
755.4
713.9
848.5
733.4
748.8
875.8
716.4
152.1
509.5
46.42
265.6
252.5
557.9
606.7
609.6
536.6
617.1
554.1
81.57
271.9
489.3
461.8
619.5
951.1
782.2
718.2
1.028e+03
694.9
738.6
766.3
703.6
314.4
304.2
468.0
401.7
903.2
880.6
926.9
1.052e+03
885.2
851.1
855.4
437.7
346.0
788.3
345.5
271.9
636.4
892.9
884.7
998.8
884.0
899.9
890.5
904.3
60.21
607.1
570.3
373.0
265.0
503.2
932.8
946.0
1.037e+03
952.2
959.3
975.3
952.6
253.6
622.1
447.3
464.0
460.9
1.194e+03
1.244e+03
1.242e+03
1.078e+03
1.174e+03
1.234e+03
319.6
518.1
534.5
485.3
811.0
693.1
754.3
665.7
702.4
371.1
529.9
532.0
73.57
389.2
813.6
720.3
775.1
937.2
750.3
775.1
796.7
740.3
393.7
526.8
577.4
427.0
184.5
569.0
633.8
767.7
856.1
856.5
816.1
766.8
768.7
87.99
448.9
565.2
325.8
824.1
626.0
723.9
913.6
923.2
730.0
840.5
740.5
730.3
573.2
424.4
477.4
605.3
991.4
1.144e+03
1.168e+03
945.6
1.046e+03
594.3
566.7
1.021e+03
481.4
345.9
646.3
1.042e+03
1.106e+03
1.181e+03
1.131e+03
1.112e+03
1.075e+03
1.172e+03
213.1
642.0
587.7
434.6
235.5
720.6
1.044e+03
1.01e+03
1.038e+03
1.038e+03
1.057e+03
1.086e+03
1.043e+03
331.7
248.1
318.7
556.6
826.0
979.9
912.8
894.8
864.6
172.5
213.5
527.6
733.8
953.4
787.5
794.5
527.2
334.4
620.7
231.1
514.8
1.152e+03
1.162e+03
1.108e+03
1.049e+03
1.098e+03
1.126e+03
338.0
508.3
927.6
308.3
466.6
700.0
634.8
707.0
830.5
630.0
656.0
997.8
606.1
382.4
370.4
641.1
216.3
279.9
1.013e+03
1.054e+03
1.014e+03
1.064e+03
970.2
1.045e+03
477.8
464.2
741.5
262.8
270.7
715.4
733.4
769.8
888.9
704.1
740.3
824.9
711.3
665.6
877.2
838.5
502.9
715.6
657.1
1.042e+03
1.086e+03
923.8
741.2
774.0
887.3
959.7
625.3
256.1
645.8
52.03
588.8
670.4
1.056e+03
1.053e+03
1.105e+03
1.138e+03
1.021e+03
1.051e+03
1.057e+03
404.1
814.9
924.4
293.8
307.9
496.2
866.3
938.5
959.3
892.0
1.068e+03
913.7
935.8
483.8
310.0
652.0
73.52
395.1
571.4
861.4
944.2
932.0
929.5
858.7
1.002e+03
870.2
391.0
759.3
598.5
427.7
355.6
742.5
774.5
649.3
766.0
761.4
718.0
502.1
185.0
361.7
446.1
645.9
864.0
987.7
543.2
812.1
768.3
824.0
373.4
600.8
578.9
165.6
219.2
465.0
803.5
806.3
790.2
835.0
787.6
796.3
793.3
489.8
527.2
744.4
641.1
350.0
444.1
1.145e+03
1.197e+03
1.195e+03
1.107e+03
1.151e+03
1.076e+03
1.163e+03
453.1
375.9
783.6
307.9
527.5
501.6
1.033e+03
1.042e+03
1.076e+03
1.038e+03
1.085e+03
1.081e+03
1.096e+03
650.1
194.7
750.1
461.3
298.4
688.4
653.6
690.9
922.7
714.4
638.6
730.0
618.0
422.6
490.6
154.8
621.1
644.5
811.8
699.5
749.8
635.7
445.4
750.0
294.9
360.5
660.8
766.4
793.7
716.2
741.1
795.2
850.1
720.0
241.8
592.3
658.0
379.3
818.6
540.6
796.8
980.5
905.5
787.6
798.8
949.4
770.7
589.2
394.8
321.8
517.5
499.4
368.4
655.7
368.4
446.5
326.3
616.5
331.9
237.1
645.7
595.2
683.9
638.7
756.9
570.3
316.3
363.1
268.0
324.3
509.0
587.1
580.7
637.4
540.8
96.12
439.4
524.6
135.0
214.0
719.7
728.6
719.8
747.9
809.2
729.7
328.7
393.1
524.1
338.4
376.9
299.7
758.6
699.3
722.0
673.0
714.8
770.8
681.1
67.14
645.5
378.6
457.3
322.6
712.9
679.2
660.8
871.9
755.0
664.9
371.0
324.0
477.2
461.5
496.7
634.1
496.6
447.3
362.8
91.22
428.7
525.7
301.0
525.0
842.2
794.1
887.0
772.3
825.7
780.5
181.2
346.8
531.0
389.3
644.2
554.1
382.8
509.4
392.9
551.5
846.4
340.4
452.3
710.0
775.1
724.0
920.1
623.8
285.6
336.2
242.0
666.2
611.0
587.7
669.4
587.7
689.3
567.4
857.9
397.8
1.201e+03
736.1
850.2
691.3
733.1
261.4
376.4
373.6
268.7
378.4
277.7
249.4
368.4
70.45
117.9
581.0
652.6
683.8
589.7
815.1
487.0
701.6
471.0
269.9
599.2
389.0
347.9
718.1
732.0
619.6
731.7
607.2
104.7
353.8
723.2
594.7
248.5
711.0
753.5
660.7
811.3
649.7
674.8
807.7
652.4
379.0
597.8
301.4
428.7
633.3
301.4
428.7
633.3
667.1
579.8
462.5
304.3
206.9
526.6
846.5
810.5
752.9
848.3
874.9
806.3
180.0
382.7
53.82
246.5
488.2
730.8
709.4
773.9
725.8
760.5
754.4
405.4
479.0
424.7
322.9
279.0
826.2
838.3
840.3
830.6
811.0
807.0
412.8
409.8
290.2
616.4
631.8
686.9
776.5
583.4
683.9
728.8
446.6
349.3
648.8
666.9
858.3
868.4
580.6
567.8
640.3
618.3
316.5
393.0
329.3
411.9
557.1
628.6
613.9
67.66
311.8
618.5
380.1
712.4
571.0
693.7
667.8
766.8
681.5
256.8
652.9
450.1
293.9
1.081e+03
1.056e+03
1.064e+03
1.01e+03
1.06e+03
217.7
686.5
538.5
250.3
258.6
651.0
714.2
695.6
815.5
643.4
692.3
862.0
810.4
315.4
450.8
758.1
822.2
1.019e+03
973.4
748.6
341.7
1.071e+03
229.9
204.3
350.9
428.9
496.3
507.9
1.057e+03
432.8
406.7
346.3
450.7
523.4
346.4
378.7
480.6
741.6
714.3
810.4
855.1
741.8
815.9
755.7
525.2
807.6
347.7
340.9
723.9
752.2
781.5
903.7
683.7
741.7
662.2
497.7
708.7
742.2
913.9
491.9
907.8
660.1
526.4
644.4
521.6
506.5
764.5
793.1
775.1
862.5
653.3
447.6
931.3
836.0
806.8
926.6
923.2
911.3
479.2
612.4
889.1
306.8
439.1
832.4
902.4
877.2
837.6
961.7
826.9
520.2
422.5
689.0
498.6
510.5
717.1
756.6
728.6
677.4
704.6
591.4
418.7
545.0
399.3
272.4
537.1
741.0
754.9
772.5
750.0
812.4
707.5
328.5
287.4
63.23
581.0
462.9
681.6
526.0
484.8
467.9
357.8
459.2
429.4
301.3
747.5
707.3
749.5
735.7
673.9
674.0
306.5
411.6
433.2
726.7
756.0
632.1
632.6
605.0
132.3
779.0
463.3
652.5
734.9
920.0
550.1
834.5
582.0
648.1
527.3
545.6
606.1
885.9
1.025e+03
986.2
931.5
817.5
447.7
406.5
472.3
448.1
743.1
725.2
674.8
661.4
569.0
186.7
716.3
322.6
368.1
619.8
684.0
491.5
615.4
530.0
445.2
341.9
666.4
649.6
2.314e-05
712.7
631.3
500.6
643.6
625.1
500.6
53.21
392.9
511.0
270.2
3.983e-05
665.7
458.9
396.7
394.3
569.9
396.7
437.5
448.8
306.6
674.5
830.9
904.9
750.5
805.7
759.8
275.0
962.6
466.0
65.68
349.3
316.0
464.0
396.5
957.0
506.9
304.9
323.9
1.096e+03
491.5
942.6
89.38
745.0
992.3
494.2
561.4
1.142e+03
495.7
435.0
493.7
577.9
365.5
867.7
749.7
767.1
752.2
665.4
386.9
199.1
387.6
271.5
625.0
846.2
814.5
935.7
818.5
821.5
817.5
184.5
346.1
323.8
309.9
696.6
705.8
668.5
701.9
697.0
628.5
483.6
385.3
658.8
389.4
554.1
907.3
598.5
729.9
655.9
459.5
364.1
347.5
192.1
234.8
568.0
586.1
623.7
646.1
537.8
586.6
821.5
463.1
461.8
656.5
661.9
569.2
882.3
497.4
67.98
357.5
549.7
602.4
637.4
638.6
372.2
532.7
379.7
139.8
204.9
254.1
229.2
400.5
858.3
869.0
813.8
865.4
900.4
865.1
286.2
311.8
354.9
851.9
484.0
1.158e+03
1.079e+03
1.104e+03
1.101e+03
1.086e+03
1.099e+03
495.0
633.5
405.6
323.5
737.7
680.3
779.1
785.9
614.4
334.2
199.0
503.2
829.0
691.4
882.9
662.0
645.8
627.2
99.4
667.0
539.2
259.5
925.9
831.9
762.0
766.4
771.2
444.0
426.0
759.9
687.8
860.1
776.9
678.2
730.5
621.9
496.5
248.7
193.7
212.9
531.4
546.9
757.0
624.0
571.2
539.2
521.8
33.16
950.5
680.8
455.7
833.4
793.1
614.6
773.1
621.3
388.8
287.9
168.3
211.9
633.0
613.3
647.8
583.6
558.7
462.2
801.1
547.7
365.6
948.6
889.1
851.2
970.5
829.8
71.15
688.1
484.3
511.0
723.8
938.1
696.6
885.6
699.2
523.4
311.4
453.0
285.3
683.2
1.101e+03
953.7
1.001e+03
1.075e+03
1.103e+03
1.082e+03
434.9
204.8
282.9
285.2
959.0
909.0
878.7
941.4
906.1
517.4
512.6
289.1
746.6
692.7
907.9
805.1
752.0
666.4
83.1
430.8
473.3
331.3
809.8
851.8
738.0
783.3
749.6
213.9
267.5
333.7
762.8
488.2
753.6
448.9
494.5
422.2
644.4
736.4
458.9
593.4
600.3
669.4
673.0
807.2
373.8
225.5
351.3
275.5
284.4
310.6
304.0
229.8
344.1
64.15
580.9
695.4
451.2
417.6
503.3
493.1
568.0
664.6
182.6
63.14
536.0
534.6
240.9
703.9
538.0
559.6
806.0
543.2
198.7
984.6
392.7
888.5
538.2
939.3
458.9
890.5
426.5
52.55
291.0
344.1
414.0
762.3
778.0
710.1
754.8
701.3
198.9
463.3
291.4
225.8
579.4
544.4
514.4
663.0
495.5
559.8
455.4
371.4
760.5
823.9
859.6
830.9
765.8
202.6
407.6
408.0
490.8
427.1
674.5
832.6
715.1
665.0
776.8
652.7
471.9
427.8
65.48
347.1
844.2
879.2
865.6
833.0
840.0
564.7
184.3
288.1
404.3
541.6
603.7
606.6
445.4
310.9
611.7
3.748e-05
292.2
579.8
675.2
732.1
623.9
681.5
615.9
615.9
52.87
540.1
533.1
491.0
744.5
719.8
921.5
621.3
802.5
811.1
618.3
510.5
493.6
423.6
422.4
880.4
1.072e+03
962.3
1.014e+03
943.1
928.5
411.7
401.0
736.1
819.3
832.4
948.2
704.8
57.07
318.7
350.0
241.2
644.1
687.8
674.4
688.4
676.3
733.1
687.3
489.9
526.1
328.5
433.3
705.0
677.3
767.2
741.0
593.1
382.0
361.0
433.4
628.4
545.1
792.3
658.8
698.7
649.7
300.9
368.8
261.8
489.9
452.1
375.0
459.5
531.3
630.2
263.3
431.1
718.8
696.4
752.0
829.0
679.1
63.7
349.8
440.6
690.1
592.5
814.7
448.9
560.0
442.4
153.5
361.1
306.2
468.7
279.4
1.033e+03
877.3
782.0
877.6
896.2
861.0
79.47
458.6
486.0
361.1
782.3
660.4
677.8
787.4
689.8
591.5
628.1
447.0
341.8
803.4
676.8
786.4
847.7
610.4
412.3
870.0
576.3
619.9
697.2
703.1
744.0
905.8
710.2
397.0
804.3
34.98
860.9
457.4
934.2
573.2
904.1
457.4
292.5
416.3
400.8
856.3
698.2
1.005e+03
652.3
746.8
626.8
287.0
473.5
300.9
188.0
795.3
781.8
771.5
834.6
762.5
66.38
648.1
427.9
597.3
732.5
689.3
698.0
666.2
703.7
528.4
276.5
4.391e-05
516.5
207.1
975.9
925.5
989.8
991.8
920.7
920.7
505.8
682.8
447.5
853.0
805.8
739.9
791.4
824.8
744.0
489.2
446.4
23.31
259.0
678.3
551.8
623.7
625.5
627.7
672.0
552.5
430.2
623.0
320.7
348.7
756.7
739.3
769.8
830.6
703.8
384.1
685.3
333.6
305.7
609.9
617.0
668.4
601.8
548.9
91.77
403.3
656.9
769.3
927.6
651.4
771.1
655.7
95.15
293.1
295.1
294.6
624.8
723.6
667.0
703.2
673.8
562.6
568.2
48.61
271.5
488.2
554.4
662.8
640.2
477.6
373.1
891.4
536.5
318.0
640.6
531.5
534.6
798.6
434.3
320.4
388.0
355.5
752.0
634.4
847.3
618.3
666.2
588.4
175.0
250.5
224.3
472.6
797.8
801.0
781.0
795.0
785.3
64.3
302.0
144.6
712.7
513.4
930.3
553.2
590.3
563.6
649.0
652.9
330.3
534.3
767.6
776.1
896.0
876.8
795.3
95.55
692.5
528.2
95.55
589.7
527.1
517.6
406.6
206.4
617.7
658.5
500.8
597.7
631.8
87.68
616.1
303.6
264.2
768.7
559.9
518.6
842.6
513.2
628.3
504.3
330.0
294.3
627.2
681.0
840.3
984.0
924.4
900.8
900.0
75.24
593.9
254.2
629.9
455.7
713.6
760.2
580.4
716.6
692.6
584.3
315.7
780.5
187.8
191.8
873.9
877.8
884.1
924.1
869.6
221.8
274.5
88.45
222.5
614.3
346.3
407.8
652.7
362.7
406.5
329.7
551.0
640.5
74.46
318.8
850.8
865.2
970.6
1.024e+03
838.2
271.3
442.6
132.0
311.9
465.1
650.5
697.8
784.5
684.9
602.6
646.4
766.3
631.5
264.5
710.8
529.0
811.7
877.8
725.5
465.3
220.6
575.8
722.7
67.29
358.3
588.7
517.6
942.0
858.0
759.0
785.5
770.0
299.1
424.3
498.3
476.2
321.8
833.9
770.9
753.9
812.5
821.1
737.4
403.5
284.6
467.2
288.6
610.4
483.2
575.7
551.0
439.9
244.7
358.6
295.5
262.9
923.6
888.4
890.9
894.0
891.0
403.0
633.7
556.9
614.2
592.9
671.8
476.9
650.4
231.7
82.54
684.7
367.2
380.0
579.4
668.3
704.3
546.1
606.7
640.4
553.1
91.31
833.8
630.3
699.4
818.3
632.5
769.1
867.0
628.8
393.7
335.9
557.9
510.2
579.5
549.5
594.9
609.1
538.0
624.5
765.2
581.3
532.1
868.3
886.0
753.4
768.5
881.8
211.6
303.7
111.5
234.6
588.5
601.2
607.1
664.9
586.0
574.0
810.6
674.2
975.1
86.76
437.0
268.0
931.8
1.02e+03
897.3
911.4
933.3
932.5
267.0
224.0
549.0
228.9
191.3
485.8
659.8
660.7
825.9
702.9
686.1
753.6
664.8
132.6
2.849e-05
492.6
769.1
2.849e-05
132.6
406.3
609.2
674.4
495.9
318.4
667.9
665.0
456.8
627.8
592.8
134.8
624.9
591.4
527.3
686.3
641.0
310.4
649.7
358.6
94.35
469.8
560.0
292.6
651.1
741.9
580.4
549.6
498.9
664.7
516.2
222.1
549.2
445.3
557.4
326.6
706.1
660.5
610.9
719.3
676.9
586.4
140.6
919.3
806.8
1.011e+03
905.3
912.3
915.3
186.0
278.9
503.7
755.1
744.1
601.5
825.4
794.8
419.6
486.6
416.6
498.3
316.0
422.6
466.3
268.0
521.7
639.2
762.9
627.9
701.0
571.1
187.2
719.4
620.7
511.1
771.4
771.6
623.8
901.8
641.1
481.8
475.0
426.8
487.4
794.2
791.1
803.6
797.0
705.8
268.5
821.6
236.2
288.3
591.0
582.8
587.7
529.2
569.0
853.6
531.3
680.6
342.6
443.4
646.9
488.5
754.7
894.3
848.0
844.5
642.8
320.0
380.4
433.4
757.1
576.2
778.2
472.8
497.9
451.1
313.5
371.8
518.3
252.1
357.5
615.4
768.0
720.5
721.1
758.4
720.5
275.2
425.7
585.3
279.3
693.2
671.4
630.2
697.9
605.8
267.1
668.4
3.885e-05
244.9
253.0
291.8
770.9
738.3
754.5
780.2
902.1
746.7
746.7
424.6
309.2
199.9
630.6
919.3
896.1
942.1
943.3
912.0
661.0
518.8
497.9
433.1
762.5
911.2
918.7
887.2
898.2
954.9
825.8
304.5
891.7
229.7
341.3
574.0
851.6
861.4
857.4
827.3
1.095e+03
824.1
507.8
212.5
556.3
288.5
224.5
448.2
439.0
373.7
414.6
553.3
374.4
413.9
558.5
64.35
453.1
752.6
857.3
789.6
895.0
754.2
406.9
474.2
474.2
258.2
370.0
266.3
75.97
399.2
553.1
341.2
861.5
783.5
716.3
775.6
722.4
482.1
357.3
648.0
391.2
715.0
611.8
773.2
746.9
833.5
820.2
824.1
892.0
827.0
708.4
804.5
530.1
614.7
584.8
668.2
741.0
849.0
305.0
458.6
379.7
66.24
710.8
613.8
589.3
741.1
765.0
631.1
452.9
600.1
452.9
301.6
328.7
205.8
504.3
406.2
242.0
552.9
501.5
480.8
694.8
436.3
54.77
965.2
4.629e-05
449.1
630.0
748.5
826.2
947.3
983.7
756.6
970.5
765.2
765.2
63.6
543.5
340.8
261.3
392.3
544.9
547.3
591.1
510.9
693.1
510.7
517.9
401.7
399.1
811.8
855.1
809.4
956.7
849.5
881.0
796.3
780.0
316.1
393.3
650.5
438.7
293.8
734.0
658.0
588.8
664.8
764.2
579.0
721.1
845.7
108.5
735.0
108.5
735.0
721.1
845.7
0.0
684.4
550.5
652.0
291.8
447.4
633.3
774.8
805.6
877.2
892.9
754.4
284.5
460.6
640.0
79.44
418.5
661.3
773.8
617.3
788.8
885.8
656.3
377.3
753.7
425.5
247.8
436.9
837.7
893.2
851.5
837.2
923.1
868.6
236.4
673.1
58.75
677.9
524.6
850.5
885.6
890.4
917.8
906.6
864.8
356.6
866.1
38.23
312.5
646.2
709.8
632.5
814.9
649.1
640.9
642.0
548.9
918.1
790.0
827.3
893.3
668.2
92.88
755.1
667.0
490.3
724.9
597.6
346.7
883.6
347.9
751.6
482.0
1.083e+03
591.8
1.023e+03
724.6
860.3
459.7
671.7
528.4
460.5
343.3
717.3
765.5
807.2
829.7
711.1
389.0
295.9
4.561e-05
320.8
712.6
396.5
875.4
812.8
947.3
838.0
895.0
861.1
861.1
62.79
336.3
271.5
667.0
563.7
731.7
560.6
653.6
559.6
576.6
233.0
248.2
473.5
284.4
428.4
575.6
298.4
175.4
36.21
615.1
316.0
230.0
691.3
635.9
664.9
855.8
594.4
788.6
600.2
307.4
576.9
62.85
341.2
746.3
815.0
737.3
870.5
740.8
408.5
375.2
815.7
889.9
862.9
935.3
536.1
515.0
362.1
86.55
504.1
570.9
788.8
799.8
679.0
702.3
567.1
526.9
317.0
786.4
689.6
766.2
848.4
788.8
853.2
667.7
448.9
758.4
864.0
77.69
363.1
453.1
567.8
597.6
789.2
901.9
433.6
496.4
259.6
4.184e-05
280.5
568.8
3.351e-05
426.6
638.8
329.5
422.5
411.9
329.5
329.5
427.0
562.9
417.9
273.3
584.9
722.3
724.4
843.2
771.6
848.6
689.4
39.09
318.1
527.0
594.4
711.3
778.5
554.7
653.2
548.3
450.5
919.3
500.2
469.1
822.8
799.2
802.9
921.6
664.2
301.6
474.3
64.03
489.9
313.3
567.0
386.9
545.5
310.0
204.7
385.4
440.6
637.8
602.1
923.9
906.8
787.6
775.2
839.7
770.4
684.4
714.4
358.8
437.0
480.6
378.5
470.7
495.1
666.2
708.0
107.5
590.2
411.1
419.2
683.7
396.3
443.2
757.7
747.2
752.4
693.9
625.8
584.2
580.4
580.5
733.2
375.0
749.9
559.6
861.7
708.1
814.2
464.0
571.7
462.9
576.5
422.7
899.3
833.4
958.7
872.5
825.8
322.3
256.8
312.8
229.4
342.6
851.6
792.9
761.3
797.2
793.7
773.7
486.2
363.8
794.1
497.7
895.7
551.2
591.7
486.2
693.1
286.1
346.2
531.3
889.6
821.0
622.2
921.3
875.6
392.3
506.3
390.6
856.9
784.0
828.2
800.2
720.1
397.6
426.8
546.4
807.1
852.2
768.7
839.9
737.1
578.1
133.8
423.4
171.6
723.6
581.2
723.8
583.3
569.3
365.1
422.5
465.0
370.3
832.7
828.5
667.1
815.8
755.1
485.1
401.8
673.5
494.4
397.6
892.4
858.0
815.6
796.2
834.4
766.9
676.0
642.0
433.2
432.8
950.7
989.0
1.09e+03
991.6
919.7
314.3
412.8
608.0
402.5
575.4
585.7
505.8
699.6
565.8
561.8
350.9
424.6
481.9
701.5
901.6
932.1
817.6
837.2
456.3
434.4
245.6
392.6
778.3
923.1
884.9
909.5
870.4
524.5
554.4
449.1
501.3
867.4
850.1
853.8
844.7
664.3
484.6
556.0
368.3
907.6
1.004e+03
993.1
990.1
942.7
773.9
432.9
616.7
514.0
4.197e-05
756.6
757.1
519.6
925.5
609.6
519.6
612.6
351.0
619.5
181.2
1.102e+03
1.147e+03
1.141e+03
1.168e+03
1.134e+03
281.0
268.3
281.4
234.7
461.9
454.5
251.8
471.3
378.5
549.1
296.8
318.1
446.2
567.8
376.1
772.1
568.0
489.0
489.3
339.8
269.8
146.7
773.1
746.8
631.4
797.4
742.5
496.2
688.1
591.6
449.1
687.6
553.6
833.1
496.2
677.3
356.9
736.7
438.2
1.146e+03
1.18e+03
1.133e+03
1.178e+03
1.156e+03
446.4
496.7
401.3
218.9
722.0
525.1
692.3
699.6
562.5
766.7
529.1
385.3
726.6
433.2
290.7
738.4
465.0
304.5
768.3
514.7
406.7
107.8
546.0
173.8
1.104e+03
1.106e+03
1.175e+03
1.116e+03
1.097e+03
640.1
421.2
600.4
542.3
738.7
695.0
834.6
655.3
592.5
378.1
470.5
644.5
307.1
1.161e+03
1.111e+03
1.017e+03
1.174e+03
1.13e+03
793.0
453.9
623.9
558.8
289.3
811.9
673.4
877.5
688.3
764.7
588.0
528.3
457.0
705.7
733.1
900.3
865.9
737.1
734.5
527.0
61.37
333.1
463.2
545.0
341.1
782.6
664.0
858.0
693.7
892.6
849.8
786.1
400.8
354.5
395.2
285.0
415.8
303.6
387.9
347.8
64.52
435.1
272.5
210.8
419.3
675.2
902.3
771.6
757.5
719.9
346.5
288.2
347.0
386.7
1.069e+03
1.068e+03
1.034e+03
1.039e+03
1.054e+03
749.6
402.9
433.3
348.5
655.9
720.0
935.2
670.2
611.8
775.7
668.4
369.8
1.025e+03
1.109e+03
1.101e+03
1.079e+03
1.065e+03
294.7
493.7
800.5
342.7
907.7
1.041e+03
1.031e+03
1.032e+03
1.024e+03
514.3
345.1
691.4
279.3
752.4
495.3
675.7
496.8
407.3
365.0
330.6
589.3
260.3
828.2
1.067e+03
999.3
1.048e+03
1.006e+03
453.7
597.5
465.6
143.2
1.213e+03
1.179e+03
1.156e+03
1.111e+03
1.17e+03
684.7
404.8
437.1
276.3
1.171e+03
1.174e+03
1.222e+03
1.145e+03
1.151e+03
482.3
370.4
715.3
435.8
839.0
672.6
801.9
715.3
665.7
265.2
425.4
235.5
3.056e-05
881.4
892.9
882.1
904.2
916.8
882.1
521.4
411.4
471.1
280.6
953.1
886.9
816.9
894.1
851.8
556.0
732.6
811.0
751.7
849.6
651.9
471.7
760.8
550.5
1.026e+03
1.077e+03
1.037e+03
1.079e+03
1.027e+03
345.0
222.0
342.7
268.5
770.8
848.1
885.4
824.0
811.5
537.2
701.3
580.6
729.4
598.1
256.2
370.7
506.7
437.5
257.0
862.5
831.2
871.5
887.0
809.5
602.8
482.3
581.0
371.9
667.3
442.3
547.5
517.3
371.7
397.4
570.8
427.1
380.6
780.4
917.0
789.8
1.046e+03
867.9
672.6
885.5
885.5
672.6
438.2
716.9
395.0
560.1
318.4
1.087e+03
1.09e+03
960.9
953.2
1.01e+03
543.1
601.4
491.9
573.0
645.6
759.6
483.8
661.3
471.7
483.2
661.3
303.2
363.1
430.7
233.4
648.1
561.2
560.3
584.7
494.2
448.2
501.4
480.4
284.3
880.3
1.12e+03
1.118e+03
1.056e+03
1.07e+03
428.6
472.4
471.3
835.4
922.4
844.6
878.5
803.1
447.5
370.3
495.0
673.6
334.1
847.3
573.5
526.9
415.4
661.6
420.3
435.3
308.6
1.08e+03
1.126e+03
1.142e+03
1.173e+03
1.131e+03
435.0
488.4
559.8
454.0
858.6
849.3
624.5
858.4
763.3
600.4
574.0
144.2
531.0
214.8
676.8
646.6
919.4
860.5
633.1
645.9
373.1
402.7
381.0
768.0
750.6
791.7
747.6
680.2
382.4
367.1
667.9
757.4
815.5
921.9
903.0
848.4
822.5
423.4
292.6
508.5
591.4
650.9
654.3
525.4
431.8
351.1
459.7
286.5
155.7
400.7
799.6
937.8
655.0
779.6
785.8
568.2
412.9
2.488e-05
393.3
305.5
987.2
907.4
1.054e+03
1.014e+03
912.0
912.0
482.3
283.5
452.8
270.2
621.9
651.4
594.1
683.3
619.5
829.8
285.6
573.3
288.8
640.2
866.3
891.9
928.3
589.8
858.0
843.6
349.6
376.3
399.0
212.1
849.6
815.3
836.3
834.5
821.6
279.8
468.6
434.3
180.3
1.001e+03
1.01e+03
1.01e+03
1.056e+03
1.012e+03
570.8
400.3
327.7
467.3
956.7
943.0
864.1
944.0
936.0
512.2
581.0
524.1
289.5
364.1
522.1
653.1
526.1
420.4
709.1
133.9
559.3
401.5
1.041e+03
1.038e+03
1.086e+03
1.072e+03
1.054e+03
759.2
482.1
462.8
507.7
606.9
680.3
868.2
627.0
471.0
497.8
293.6
1.943e-05
451.9
341.4
2.1e-05
935.4
938.7
894.0
898.4
911.8
894.0
894.0
301.7
352.9
545.9
433.4
893.0
875.5
742.1
881.1
830.0
416.6
318.9
379.1
625.8
807.7
635.8
801.7
731.5
824.7
295.7
672.6
768.0
852.1
887.9
920.0
1.035e+03
990.2
630.4
342.9
1.079e+03
1.057e+03
1.16e+03
1.113e+03
1.052e+03
374.5
278.2
362.2
368.3
926.5
965.1
952.3
944.2
915.4
551.5
333.6
482.2
1.064e+03
1.071e+03
915.0
981.3
985.4
375.7
433.9
554.9
337.4
791.9
775.9
586.2
780.8
707.9
531.4
343.3
453.8
271.7
685.1
590.5
642.5
575.2
501.2
956.3
302.0
916.6
396.2
1.021e+03
1.061e+03
830.9
1.034e+03
1.02e+03
617.8
551.3
589.9
385.7
996.1
1.024e+03
1.002e+03
1.017e+03
966.3
481.4
288.4
658.9
316.9
787.7
1.033e+03
956.2
1.041e+03
1.01e+03
543.1
658.6
491.9
813.4
645.6
796.8
251.9
248.5
415.6
239.0
931.7
947.4
924.1
919.3
919.2
538.6
397.4
185.9
489.2
213.1
152.8
649.2
635.6
651.7
743.3
703.7
657.4
633.3
439.1
259.0
575.2
320.7
1.038e+03
994.2
1.012e+03
969.8
949.4
463.2
231.8
443.7
326.2
618.4
674.2
885.7
759.8
765.1
629.7
347.9
404.2
462.7
825.0
894.7
921.8
871.5
825.4
522.7
334.2
694.9
390.2
981.6
1.021e+03
980.3
981.6
989.3
634.9
410.7
798.7
1.087e+03
1.056e+03
1.152e+03
1.201e+03
1.1e+03
485.0
355.0
501.1
315.6
1.05e+03
1.037e+03
1.04e+03
1.064e+03
1.038e+03
250.3
234.3
293.6
206.0
517.8
617.5
598.6
563.4
565.7
437.9
455.9
454.0
626.3
607.2
499.8
634.9
454.4
604.8
768.2
2.063e-05
418.6
321.6
941.6
936.2
897.4
827.4
889.1
889.1
460.1
333.4
419.3
262.6
455.6
667.0
545.4
626.6
606.5
578.4
474.0
389.3
439.7
501.1
448.8
777.4
783.4
797.1
828.5
708.6
505.4
378.1
596.7
398.9
1.084e+03
1.06e+03
1.032e+03
1.089e+03
1.041e+03
546.9
496.7
495.3
502.9
479.6
644.4
657.1
656.0
446.4
521.6
506.5
423.4
347.4
1.03e+03
1.09e+03
1.055e+03
980.0
1.017e+03
479.3
546.4
434.6
481.5
630.2
698.5
672.3
736.1
543.2
551.5
384.9
493.4
475.0
1.108e+03
1.151e+03
1.129e+03
1.228e+03
1.221e+03
438.8
274.8
719.9
471.2
1.205e+03
1.219e+03
1.155e+03
1.204e+03
1.194e+03
459.6
607.7
520.8
311.0
778.8
594.6
680.7
807.2
573.4
415.1
385.6
627.6
237.6
1.271e+03
1.08e+03
1.015e+03
1.082e+03
1.074e+03
472.7
515.6
585.8
466.5
1.034e+03
1.043e+03
1.002e+03
959.0
951.2
315.4
272.3
523.3
677.4
656.7
468.1
570.3
553.7
737.8
346.1
766.6
479.6
1.066e+03
1.086e+03
1.041e+03
1.134e+03
1.119e+03
456.2
145.0
418.3
313.7
943.0
933.9
973.8
912.5
909.5
264.0
380.3
523.8
571.8
1.008e+03
1.015e+03
915.7
948.9
928.8
620.4
291.1
467.3
379.2
1.19e+03
1.077e+03
1.077e+03
1.152e+03
1.098e+03
520.3
335.9
603.5
322.1
740.6
642.1
720.8
563.5
524.8
508.6
392.7
314.7
519.1
980.9
977.3
1.042e+03
1.044e+03
1.045e+03
504.0
479.4
594.7
1.001e+03
944.6
845.4
962.7
993.3
984.7
336.6
396.8
336.6
246.4
966.0
995.3
1.01e+03
936.8
983.5
525.2
529.7
692.3
389.4
1.187e+03
1.184e+03
1.13e+03
1.149e+03
1.153e+03
522.4
461.5
804.9
226.4
921.0
823.7
886.4
901.9
806.1
617.6
289.1
442.7
331.4
849.2
813.9
733.4
842.4
818.1
528.0
352.1
478.6
397.2
898.7
887.8
778.4
967.8
908.8
428.2
215.1
567.1
392.8
905.8
922.3
950.2
916.1
930.8
590.3
383.9
789.3
633.5
708.4
544.2
395.4
568.6
257.7
227.0
328.5
328.5
353.4
613.0
329.5
250.9
500.5
278.6
390.2
169.8
625.0
540.0
214.1
587.6
509.5
371.4
259.0
162.8
265.9
773.8
798.5
584.6
789.0
767.7
521.2
198.5
263.7
322.0
995.3
1.015e+03
1.016e+03
977.1
1.002e+03
585.0
444.9
597.3
408.8
756.1
656.1
780.1
664.5
538.3
464.0
521.7
354.8
210.3
744.1
791.1
815.5
816.8
738.7
456.9
393.6
468.8
381.9
754.9
779.6
824.0
808.6
724.1
559.7
169.7
704.6
445.4
704.6
169.7
541.3
342.8
542.0
280.1
743.2
809.8
802.0
859.0
786.3
429.9
320.6
563.2
399.6
634.2
636.4
444.6
575.8
369.0
504.1
392.9
652.4
524.2
618.5
530.8
375.0
653.9
388.9
1.032e+03
1.059e+03
1.043e+03
1.073e+03
1.025e+03
727.3
502.3
323.7
1.068e+03
1.111e+03
1.03e+03
1.066e+03
1.059e+03
481.8
393.3
521.6
723.5
825.6
760.2
719.3
651.2
448.5
478.4
406.0
260.5
652.0
752.1
658.2
824.3
750.4
508.5
657.8
369.3
263.2
973.1
951.3
923.8
943.5
946.0
467.9
413.9
322.7
323.0
683.7
750.4
794.9
774.0
689.3
181.6
126.0
605.3
1.136e+03
1.141e+03
1.083e+03
1.074e+03
1.083e+03
233.7
367.7
545.2
274.5
667.4
482.9
280.4
437.0
324.5
833.0
422.9
658.5
271.6
845.5
652.8
935.0
620.9
609.1
639.9
418.6
630.6
346.8
730.2
624.7
599.6
623.9
519.8
744.3
462.4
469.0
253.9
520.3
111.7
762.5
501.2
274.0
386.9
328.3
586.5
422.5
772.7
692.2
505.8
645.0
570.8
417.1
283.6
466.5
310.8
972.9
961.4
917.7
988.2
953.5
501.4
562.9
229.6
159.7
548.2
494.2
722.0
773.4
516.6
368.7
423.3
516.3
343.2
792.4
757.5
805.5
787.0
695.0
691.8
191.7
582.7
358.2
1.04e+03
1.072e+03
1.137e+03
1.075e+03
1.068e+03
543.1
866.8
217.8
764.5
692.5
728.5
828.3
674.8
695.6
193.0
222.6
558.6
1.046e+03
1.021e+03
948.8
1.058e+03
1.047e+03
418.9
433.2
368.0
352.4
762.5
705.9
710.3
766.3
641.7
676.6
269.6
615.9
643.1
802.9
833.4
856.0
842.7
845.5
529.8
321.2
496.3
243.6
1.152e+03
1.137e+03
1.089e+03
1.116e+03
1.115e+03
540.2
227.9
739.0
696.4
1.06e+03
1.006e+03
1.075e+03
1.136e+03
1.121e+03
651.9
513.3
338.1
218.5
732.6
655.8
659.1
705.0
601.4
409.1
228.4
135.9
94.91
905.3
879.0
725.5
848.8
873.4
442.3
397.2
375.2
237.4
870.0
920.5
1.012e+03
992.7
925.8
520.5
222.9
609.2
321.7
635.8
411.1
550.2
271.7
227.7
694.2
525.8
307.4
463.2
894.3
967.9
972.5
893.0
897.7
387.9
693.8
549.3
1.167e+03
1.088e+03
1.007e+03
1.041e+03
1.036e+03
482.5
329.3
129.7
89.47
658.2
655.1
747.6
665.5
646.5
463.8
525.3
517.2
322.0
785.3
989.4
919.0
933.7
941.9
450.9
432.7
463.4
430.9
420.4
728.9
831.1
726.0
700.3
389.0
267.2
443.2
226.0
383.4
621.7
688.4
621.7
590.7
764.1
330.9
268.0
324.0
902.4
872.3
959.1
886.5
841.9
490.0
407.2
528.5
267.0
601.8
660.4
701.8
623.2
578.6
68.53
262.8
336.6
479.9
345.9
482.8
270.1
68.53
391.7
215.5
530.9
430.8
795.1
733.2
758.2
677.0
646.7
476.1
260.3
396.4
872.8
923.8
912.1
902.9
848.2
362.5
319.9
328.3
305.2
548.3
503.9
581.9
586.8
472.4
514.6
607.6
616.2
366.4
726.9
614.7
810.4
680.6
531.4
510.4
288.7
275.2
608.6
751.3
909.4
596.5
696.3
700.0
677.1
327.6
469.2
283.6
639.0
526.3
698.8
582.9
481.2
866.0
719.1
578.6
840.6
943.3
780.2
1.035e+03
816.4
920.1
493.3
313.8
511.1
369.2
949.9
796.5
695.3
770.0
735.0
480.9
424.2
505.6
338.8
1.049e+03
1.038e+03
1.089e+03
1.063e+03
1.012e+03
739.4
348.8
3.222e-05
619.9
200.4
1.005e+03
1.034e+03
1.028e+03
1.045e+03
1.01e+03
1.01e+03
680.7
433.1
238.4
373.8
627.9
703.8
823.1
716.6
598.8
503.9
293.4
267.2
432.8
920.4
946.5
974.2
954.5
960.6
520.0
464.3
592.5
223.4
628.8
468.9
630.3
618.2
413.3
472.2
679.5
560.5
426.0
835.0
844.0
940.6
831.9
833.3
472.6
160.7
520.0
648.3
1.178e+03
1.039e+03
1.209e+03
1.17e+03
1.164e+03
401.3
218.9
729.5
392.3
1.003e+03
1.008e+03
1.051e+03
1.036e+03
993.6
508.3
353.2
658.0
667.8
599.7
373.9
420.5
515.2
343.0
672.7
1.087e+03
1.1e+03
1.076e+03
1.102e+03
1.067e+03
685.9
275.1
384.2
580.7
580.7
275.1
549.7
156.7
550.3
349.1
806.8
598.2
704.2
569.9
570.0
622.0
339.2
624.3
336.8
636.0
768.0
818.9
685.3
593.9
492.4
409.2
474.6
723.7
236.3
694.6
538.9
163.8
186.2
404.0
567.1
561.4
578.2
589.2
586.2
581.5
391.9
417.4
57.3
389.3
1.055e+03
1.051e+03
1.061e+03
1.055e+03
1.069e+03
609.4
291.6
490.0
260.7
806.5
748.4
515.5
787.2
737.3
495.2
346.3
509.8
316.6
993.7
962.2
964.4
965.1
941.0
646.6
684.5
577.9
438.3
1.132e+03
1.097e+03
1.095e+03
1.076e+03
1.077e+03
898.7
339.4
741.6
725.9
1.111e+03
1.026e+03
1.098e+03
1.106e+03
1.083e+03
412.1
519.9
538.0
342.9
816.4
723.0
811.2
819.5
748.9
201.9
339.4
188.5
691.2
441.6
808.0
832.3
726.9
772.7
805.8
783.0
88.81
460.5
383.1
636.1
770.1
781.8
668.1
785.1
680.3
346.7
768.6
322.4
497.2
326.4
908.6
989.8
924.9
953.6
913.6
945.1
476.7
463.5
629.0
453.4
291.1
846.7
859.8
872.4
895.4
930.8
805.1
280.4
590.7
35.52
551.3
713.2
733.4
860.9
888.7
751.6
838.5
732.8
551.5
463.7
534.1
359.8
767.2
759.4
873.0
847.8
730.1
347.9
255.7
149.8
572.4
335.6
940.7
955.3
929.3
905.3
881.6
887.7
289.4
935.6
521.0
177.3
765.3
523.8
877.9
523.5
1.035e+03
754.7
539.7
256.5
319.4
265.6
486.1
880.5
951.1
793.8
852.3
833.7
272.7
320.8
50.82
388.4
749.3
717.7
736.8
927.3
760.2
831.0
735.3
482.8
799.1
284.6
651.3
1.1e+03
996.7
1.101e+03
1.17e+03
1.048e+03
105.3
393.8
602.2
278.2
951.6
902.0
844.8
926.3
903.2
462.7
313.0
225.7
329.8
545.4
957.5
941.2
867.9
999.7
939.8
929.7
36.67
353.0
255.0
271.6
439.6
493.9
411.2
540.9
405.5
59.9
459.9
288.1
224.6
658.1
616.9
568.3
648.2
575.0
739.8
647.4
238.0
296.2
927.2
960.1
831.6
773.3
944.9
246.4
496.8
238.3
312.1
305.7
349.1
814.1
872.4
835.0
838.0
919.4
877.5
836.7
477.8
406.6
379.8
402.2
418.7
444.2
500.4
453.6
216.4
228.7
278.6
352.6
266.5
674.6
642.3
609.1
647.7
579.6
371.9
787.9
753.6
440.6
254.5
1.026e+03
1.006e+03
953.8
1.014e+03
840.8
992.0
479.3
576.0
360.2
470.1
840.6
988.3
897.9
803.3
836.9
288.7
692.3
97.61
429.0
1.245e+03
1.081e+03
1.177e+03
1.193e+03
1.212e+03
526.9
777.6
267.1
238.3
430.2
418.3
627.9
820.4
358.6
335.8
295.4
436.6
518.1
595.0
793.4
963.9
983.1
923.9
995.2
956.5
892.9
913.2
304.5
174.3
173.6
204.2
898.8
881.9
871.7
899.0
878.3
142.8
768.7
57.01
553.6
858.1
836.3
829.3
1.066e+03
863.4
331.2
758.0
617.6
528.9
309.5
978.4
937.5
921.5
899.4
908.7
912.8
588.6
495.8
502.4
332.0
783.2
711.8
593.8
529.0
681.5
129.5
321.8
397.8
173.5
876.1
778.6
808.6
834.8
789.7
354.1
431.6
379.4
730.8
770.3
916.3
694.6
798.1
703.1
337.1
810.0
51.5
807.0
908.5
941.5
926.2
944.7
909.4
227.4
246.8
153.4
545.3
672.7
690.7
809.7
591.3
698.4
752.5
713.1
232.6
319.0
136.3
525.5
472.0
712.1
492.7
573.2
496.8
30.86
498.4
278.3
504.4
855.1
901.3
880.8
876.7
885.2
437.0
780.1
226.5
357.6
478.3
658.9
742.0
768.0
793.2
721.0
665.4
221.2
361.0
545.7
294.9
881.6
881.0
874.7
932.2
865.2
348.6
901.1
221.6
434.2
578.2
714.6
530.7
899.7
539.4
65.65
364.6
331.2
405.3
880.8
967.4
879.8
872.7
876.9
320.0
320.0
294.2
524.4
781.9
785.1
767.0
766.5
741.8
297.9
330.8
308.4
32.12
150.5
872.1
899.5
864.3
868.4
900.6
875.4
394.7
293.7
232.9
260.3
241.1
715.3
711.4
735.7
734.9
680.1
688.5
255.7
276.2
39.97
317.0
638.8
679.1
673.8
699.0
641.2
339.0
487.2
376.8
311.5
778.5
749.7
767.5
754.5
728.1
229.7
354.2
299.4
331.3
554.8
1.057e+03
1.018e+03
941.1
956.2
1.007e+03
1.017e+03
204.4
793.1
61.71
337.5
477.6
742.0
799.3
823.4
762.9
844.4
748.7
369.6
305.5
219.8
226.4
935.9
947.8
932.6
926.4
941.9
306.3
440.0
45.36
479.7
809.3
773.5
787.0
834.6
809.7
215.4
185.4
440.8
371.8
561.5
950.2
912.0
965.7
959.8
999.3
945.9
663.6
507.9
533.4
465.6
130.5
853.6
949.8
796.5
886.0
908.0
809.4
217.4
254.6
317.6
746.6
544.1
810.4
684.4
814.2
906.3
856.2
844.4
207.5
635.3
335.5
410.1
888.7
944.9
899.8
760.5
865.8
252.3
314.9
49.95
935.6
232.2
691.1
950.8
692.2
720.3
723.5
690.7
200.8
204.6
309.4
441.5
613.9
879.8
872.3
895.0
828.2
842.0
844.8
322.0
234.0
373.1
264.0
641.3
678.1
730.5
696.9
648.4
180.1
257.7
388.1
318.6
780.1
807.4
738.4
759.3
742.9
80.38
419.2
244.5
509.6
991.6
1.047e+03
978.0
1.046e+03
987.0
400.8
217.2
195.1
465.6
624.0
1.069e+03
1.029e+03
1.139e+03
1.056e+03
1.069e+03
1.055e+03
312.6
316.7
76.62
591.8
724.1
841.2
660.7
818.7
720.1
414.9
237.4
565.1
285.2
200.4
879.6
870.7
813.1
868.5
866.3
854.2
173.2
257.8
286.7
524.1
344.9
678.5
786.1
652.7
705.1
741.5
699.0
397.2
240.2
273.2
593.8
641.5
643.0
638.7
424.1
325.3
48.74
259.4
771.2
810.8
861.9
845.6
782.8
346.8
502.5
264.7
230.9
665.8
666.0
750.4
706.5
658.4
470.4
283.6
48.89
276.6
477.6
996.6
1.05e+03
972.0
1.03e+03
976.3
999.1
182.7
232.0
215.7
749.6
794.1
754.0
762.6
749.6
591.3
750.8
218.2
655.7
841.2
913.2
960.4
795.1
912.6
465.9
554.9
43.9
245.3
683.1
723.1
730.9
666.0
682.6
217.0
374.5
396.1
544.6
818.5
908.9
790.0
869.8
795.8
287.3
238.0
264.4
330.8
1.105e+03
1.121e+03
1.128e+03
1.053e+03
1.087e+03
271.6
572.5
364.7
271.0
848.7
835.5
815.6
924.2
789.9
281.2
219.2
381.6
465.1
683.9
810.2
755.5
705.0
723.5
708.4
690.2
397.0
240.4
393.3
452.3
772.4
877.9
763.3
900.1
851.0
387.4
845.5
303.1
230.9
531.2
853.4
829.3
920.2
863.8
900.0
826.5
311.3
445.4
225.9
344.3
899.3
923.2
904.1
1.018e+03
916.2
273.0
470.1
146.0
194.9
870.8
946.1
905.1
940.6
916.8
500.4
419.6
335.4
621.1
509.2
779.8
683.9
502.7
510.5
243.3
442.0
292.9
721.9
985.7
939.6
951.2
985.1
973.9
521.9
149.0
388.1
232.7
876.5
817.2
670.3
832.5
808.3
478.4
568.8
233.3
244.8
886.9
863.8
858.9
939.0
839.8
323.4
248.4
251.4
635.0
242.9
538.2
717.4
587.7
614.4
573.7
527.5
495.0
294.8
410.0
670.5
942.4
940.9
839.4
970.8
932.1
309.8
238.6
288.0
254.5
509.6
833.6
836.0
955.3
902.7
899.5
836.5
187.0
417.4
333.5
427.1
634.7
701.8
617.9
712.3
569.5
380.0
235.7
276.7
291.7
767.5
799.8
815.1
830.4
805.2
317.2
315.4
573.7
348.3
216.2
672.1
639.4
628.9
639.5
744.1
590.9
42.48
342.6
241.3
536.0
830.8
786.8
786.1
831.8
794.6
315.3
268.7
353.8
284.3
1.027e+03
990.3
976.5
970.0
962.5
206.3
497.5
282.5
574.5
872.3
816.0
834.7
856.4
843.4
17.93
217.6
440.1
483.3
884.0
1e+03
1e+03
964.4
975.7
1.033e+03
963.1
514.0
402.1
210.4
398.0
663.9
743.7
694.2
687.1
634.8
212.2
389.0
707.0
331.3
291.6
772.7
827.1
768.0
827.7
818.5
762.5
302.2
244.1
38.59
303.8
990.7
1.017e+03
1.051e+03
1.022e+03
1.004e+03
284.7
652.8
311.9
371.8
266.7
1.22e+03
1.239e+03
1.28e+03
1.209e+03
1.231e+03
1.245e+03
404.5
653.9
536.6
363.5
789.6
796.5
796.4
867.9
761.0
53.8
368.9
339.9
332.6
547.1
578.0
503.7
630.9
496.6
399.6
449.6
330.7
366.2
603.9
677.4
663.9
643.7
579.8
394.9
280.8
302.2
508.2
755.3
822.2
772.7
847.2
783.2
297.0
229.6
204.4
361.5
922.0
960.0
887.7
861.1
889.1
117.7
266.3
377.2
227.8
650.7
530.8
479.3
587.5
514.8
172.6
748.9
185.4
235.0
821.2
847.5
884.5
1.08e+03
846.2
145.3
291.6
195.6
153.3
292.3
939.8
962.9
869.5
963.8
918.8
922.5
44.68
247.9
294.4
420.3
974.6
1.013e+03
981.5
996.9
987.8
202.2
499.8
490.3
214.0
146.8
991.6
1.015e+03
1.005e+03
1.048e+03
1.028e+03
1.024e+03
249.9
269.7
442.1
212.2
435.7
654.9
704.2
767.0
742.3
747.3
685.4
406.3
843.5
110.0
656.2
578.9
1.049e+03
1.127e+03
976.9
1.02e+03
1.089e+03
1.048e+03
475.5
257.1
273.0
262.9
394.9
898.7
922.7
966.2
884.0
891.6
895.2
334.9
425.8
32.13
255.2
678.9
695.9
746.6
693.8
680.1
221.8
620.9
276.3
183.0
868.2
891.8
911.5
957.8
878.9
570.2
483.7
440.0
212.8
1.172e+03
1.094e+03
955.0
1.042e+03
1.075e+03
285.3
301.0
235.4
336.5
695.0
729.9
612.0
709.3
653.1
257.8
244.3
397.8
171.6
591.1
1.044e+03
1.023e+03
1.026e+03
1.002e+03
1.055e+03
1.028e+03
41.59
725.4
350.8
291.2
831.6
943.3
884.7
608.0
877.3
462.9
691.6
354.6
397.1
392.4
772.1
818.9
841.5
1.054e+03
817.2
756.0
351.0
281.1
30.2
200.5
634.7
660.6
672.4
692.8
638.9
202.5
632.1
455.6
253.7
658.8
546.0
526.7
776.7
493.1
365.3
257.7
487.8
415.3
963.1
917.3
1.1e+03
1.06e+03
1.031e+03
432.1
474.9
163.0
275.5
757.5
846.2
775.8
812.4
830.1
415.7
277.0
234.7
476.2
406.2
907.6
948.8
958.5
949.3
920.7
939.6
37.46
311.5
417.8
674.3
823.9
891.8
811.5
858.3
817.6
271.9
330.0
114.6
600.1
3.638e-05
637.0
790.2
658.6
737.2
743.5
658.6
312.8
306.7
354.7
496.5
839.4
840.1
803.6
791.8
807.7
71.78
516.6
321.7
421.7
452.6
436.5
325.3
569.0
327.7
163.4
555.7
238.2
521.3
609.3
643.9
733.1
341.6
645.3
415.6
338.4
436.6
280.2
434.9
226.5
403.5
891.7
940.9
881.4
880.1
849.4
871.5
243.2
287.3
469.0
344.3
637.4
645.7
586.7
578.0
533.7
547.1
339.0
752.6
78.36
285.2
824.9
865.5
916.4
839.1
989.4
809.9
369.5
533.9
520.8
316.0
869.0
821.1
871.9
875.1
772.8
341.0
273.5
434.3
150.2
566.8
759.4
699.1
646.9
777.8
790.9
720.2
148.3
340.2
153.4
339.8
873.4
959.6
836.8
941.9
907.1
373.5
329.1
498.3
385.8
94.58
794.4
809.3
765.4
839.0
823.4
778.6
160.8
277.7
412.4
630.9
862.2
682.4
779.7
863.6
831.5
57.78
624.5
429.2
210.9
225.3
1.076e+03
1.03e+03
1.04e+03
1.045e+03
1.083e+03
1.05e+03
446.0
526.3
461.9
242.7
490.9
799.3
888.2
869.0
823.3
917.6
789.5
292.8
170.5
256.9
653.0
370.8
916.2
825.6
914.6
942.0
885.8
874.9
225.4
266.0
290.6
288.4
165.0
867.9
926.8
875.4
776.7
845.2
856.6
344.1
228.6
348.8
474.4
589.8
648.3
596.6
555.7
529.9
497.4
371.9
35.38
233.0
805.0
830.6
841.3
857.7
803.9
194.4
156.5
282.1
251.8
209.4
1.115e+03
1.12e+03
1.126e+03
1.075e+03
1.096e+03
1.12e+03
258.2
233.9
291.0
285.8
849.0
818.8
834.7
889.2
830.0
488.6
218.1
2.846e-05
166.9
339.3
282.5
402.6
575.7
335.9
239.7
239.7
237.1
735.7
437.0
219.3
663.1
569.6
554.6
840.4
530.8
244.9
197.1
237.2
495.0
737.7
790.4
801.9
748.4
704.0
676.1
716.9
594.0
333.5
324.3
540.9
525.3
948.9
1.131e+03
889.7
965.6
943.8
934.7
300.4
423.2
308.4
537.2
644.6
717.1
658.5
786.3
636.0
687.8
639.6
415.6
308.0
40.32
671.8
912.1
1.006e+03
910.4
908.9
910.7
385.7
258.6
172.8
277.5
29.94
826.6
815.2
815.7
839.0
845.7
817.7
37.52
596.0
240.3
253.6
903.6
921.3
885.1
860.9
886.0
322.9
880.4
330.8
643.6
592.7
870.4
691.4
1.009e+03
603.1
76.04
288.6
475.6
461.3
954.0
925.2
895.0
940.7
899.7
204.2
219.7
386.5
459.0
834.4
939.1
857.4
843.8
844.4
754.6
407.5
526.1
555.6
725.3
570.1
732.6
773.5
443.4
557.1
187.6
374.0
494.2
353.1
298.6
658.7
665.4
565.6
768.2
615.0
69.69
648.4
569.2
276.2
883.4
840.1
820.2
898.3
817.9
342.1
432.8
541.5
386.2
389.2
385.6
964.2
1.024e+03
963.8
980.9
984.2
998.6
974.3
209.7
691.7
518.1
391.4
570.2
984.2
967.9
950.5
972.3
972.6
959.4
242.3
247.6
3.204e-05
317.2
465.5
842.4
808.5
812.7
853.0
817.8
817.8
58.36
705.3
351.0
591.3
901.0
974.9
929.5
801.2
935.6
153.1
472.4
548.4
338.1
729.9
661.3
554.2
699.9
578.2
343.7
684.6
206.4
357.5
50.91
765.3
737.5
728.0
783.7
1.033e+03
729.1
39.42
465.7
376.6
325.3
616.7
677.7
568.6
631.4
569.6
423.7
298.5
242.9
332.8
905.0
926.2
885.1
920.0
894.0
44.08
242.8
422.7
335.4
599.5
888.2
983.5
844.1
851.1
852.4
850.5
281.7
367.7
236.6
156.3
246.1
861.3
920.3
1.018e+03
885.6
945.3
926.5
255.0
393.2
45.88
515.3
320.2
572.7
422.7
540.6
316.6
232.6
299.4
236.5
496.9
467.3
874.3
912.8
945.0
966.0
940.4
946.8
23.94
270.8
286.9
235.3
770.8
733.0
687.7
708.0
695.7
420.3
216.6
355.8
434.8
825.5
717.0
924.1
667.4
654.2
643.3
640.5
479.5
243.3
421.9
468.9
859.5
971.8
854.0
812.2
826.1
400.0
483.4
689.4
65.94
492.4
638.6
722.5
664.3
778.7
790.4
651.2
252.0
558.5
353.1
190.5
786.7
725.2
710.2
825.9
720.7
190.0
239.9
405.0
286.3
538.8
1.035e+03
1.127e+03
1.07e+03
1.076e+03
1.134e+03
1.046e+03
51.89
231.3
299.7
454.4
703.7
734.3
676.8
698.2
669.2
317.4
219.5
314.5
242.2
538.1
889.6
896.2
737.9
908.0
881.9
867.6
183.0
413.6
387.6
290.5
790.4
805.4
802.9
787.4
772.6
64.24
529.3
271.5
636.5
298.6
990.5
643.7
652.9
708.6
702.7
662.4
291.6
184.9
416.5
655.7
837.6
776.2
729.4
770.5
742.2
511.6
328.7
279.0
94.05
511.6
967.8
949.9
1.087e+03
909.5
949.7
952.8
172.3
234.8
366.0
441.5
736.5
714.5
748.6
786.1
718.4
279.1
380.2
371.5
188.6
399.5
928.7
949.5
881.8
891.5
935.3
931.1
45.26
461.1
184.2
268.4
683.6
689.0
675.5
817.1
682.4
309.6
244.5
47.68
252.9
685.1
720.9
691.2
722.8
688.2
263.1
625.6
7.043e-05
119.8
1.045e+03
1.139e+03
1.092e+03
1.239e+03
1.241e+03
1.208e+03
1.208e+03
64.28
348.8
322.0
460.3
781.2
785.5
766.0
767.5
773.1
62.73
348.3
572.6
360.5
467.1
1.04e+03
995.3
1.084e+03
1.09e+03
1.065e+03
1.081e+03
153.8
600.2
283.4
288.8
585.0
738.6
808.3
736.7
753.8
850.0
752.4
361.0
176.0
64.1
382.1
634.1
589.3
630.6
785.7
684.2
597.3
575.3
135.0
174.4
133.6
121.3
959.1
935.1
938.6
936.7
942.0
376.0
359.3
462.0
163.8
923.0
916.6
984.3
981.1
929.4
322.4
274.9
33.65
462.9
770.7
738.4
780.5
818.4
776.0
235.8
166.6
242.4
266.3
832.1
839.1
851.2
818.2
821.6
559.8
307.4
389.7
290.2
860.5
882.6
924.0
847.4
862.1
227.4
126.4
204.6
160.3
646.3
698.3
673.0
698.4
689.1
389.2
494.6
285.5
433.4
285.3
424.9
398.6
497.9
53.86
288.4
386.7
389.2
254.6
878.0
953.1
914.8
970.8
894.1
191.4
215.0
270.8
211.7
766.4
802.4
847.5
792.1
778.3
192.9
291.7
388.5
296.9
820.5
835.4
824.0
806.3
796.4
407.9
153.5
471.0
432.6
168.0
808.5
788.4
874.0
789.3
735.4
779.3
466.7
447.0
402.2
349.7
683.0
533.7
653.9
767.4
491.3
414.7
261.4
369.6
362.1
589.6
557.4
624.3
513.7
436.5
467.2
305.0
13.83
104.0
849.8
857.1
912.7
877.3
849.0
265.7
235.6
261.4
252.5
276.8
826.1
821.2
862.6
837.8
859.1
840.4
528.2
328.3
458.0
358.2
793.7
730.4
840.8
712.8
658.2
164.7
114.4
315.9
258.2
1.032e+03
1.093e+03
1.072e+03
1.077e+03
1.077e+03
369.5
368.0
510.4
232.7
1.036e+03
1.043e+03
1.119e+03
1.042e+03
1.054e+03
474.1
216.7
261.5
309.0
803.0
833.3
864.1
808.5
781.5
270.9
312.7
369.9
319.9
769.2
743.4
710.7
810.9
708.3
277.2
263.9
162.9
439.7
522.4
773.0
771.9
725.2
737.3
745.3
749.2
345.5
545.4
352.0
307.9
856.6
906.8
837.3
844.1
871.4
457.7
105.8
602.6
239.7
637.0
722.0
576.2
841.4
779.1
530.8
526.8
324.6
255.1
248.5
416.3
694.4
679.3
766.8
711.3
680.5
252.5
324.9
300.7
170.1
985.0
1.002e+03
996.4
966.4
1.028e+03
278.6
334.8
317.8
208.2
1.032e+03
991.3
875.5
956.0
991.8
551.1
522.4
465.0
304.5
624.8
530.1
669.1
663.9
455.8
339.9
296.2
308.2
246.2
748.7
803.7
754.4
771.2
759.6
25.56
280.3
424.6
191.0
798.4
731.3
706.9
729.2
705.1
198.3
298.6
234.4
203.3
480.9
564.8
541.2
533.1
507.1
685.4
242.7
228.3
162.4
965.7
942.3
1.019e+03
948.8
934.2
521.5
506.5
485.7
217.3
343.7
611.9
617.4
746.9
615.6
226.7
315.1
250.8
174.5
864.2
871.5
840.6
879.5
862.7
478.1
554.5
508.7
648.2
818.9
573.7
588.8
763.0
609.1
406.3
459.1
474.7
207.2
874.1
787.4
787.2
792.1
749.6
413.5
394.2
255.1
420.0
961.8
831.8
928.2
931.8
870.7
276.1
120.8
286.9
199.7
1.153e+03
1.166e+03
1.15e+03
1.125e+03
1.135e+03
279.4
187.9
721.1
711.0
1.048e+03
1.027e+03
1.052e+03
1.05e+03
1.071e+03
438.2
432.2
424.9
293.9
747.6
865.2
885.0
889.9
853.7
312.4
341.4
127.0
642.7
715.9
747.1
706.8
468.1
132.1
516.6
148.3
891.7
865.1
895.0
859.7
854.6
319.5
357.0
318.7
176.0
933.4
907.6
883.7
924.1
908.0
250.5
392.6
289.4
218.0
819.0
731.6
747.5
771.7
744.8
553.0
221.9
471.2
552.0
684.7
689.8
683.7
488.5
444.1
419.6
444.7
429.4
244.0
622.7
516.4
434.8
451.5
462.1
442.9
438.3
440.2
196.5
907.1
859.9
832.6
829.7
840.8
528.0
156.9
522.3
207.9
865.3
596.7
720.8
570.9
579.6
191.5
533.3
321.5
418.8
924.9
915.3
923.9
930.9
898.8
294.4
620.1
389.8
566.7
724.7
733.8
681.5
795.8
682.7
188.2
165.4
357.5
219.7
673.1
669.7
700.0
680.9
663.0
227.3
354.1
445.4
484.5
773.3
760.9
750.4
834.3
733.7
364.6
275.3
130.8
265.5
659.7
704.0
525.9
688.8
640.3
212.9
437.0
245.9
369.5
709.2
741.7
734.8
903.5
754.8
370.3
552.4
36.28
223.4
856.2
829.2
856.7
917.6
852.3
410.6
295.3
504.9
411.5
920.9
838.0
913.2
851.7
882.9
448.1
426.7
334.3
144.1
859.2
837.0
898.7
873.4
839.5
695.3
481.9
375.0
377.5
826.4
815.6
886.6
851.8
777.2
660.8
268.2
445.2
229.8
795.1
667.0
881.6
713.9
658.1
297.0
283.5
176.3
142.9
1.118e+03
1.116e+03
1.054e+03
1.072e+03
1.11e+03
503.2
530.6
662.1
407.8
923.6
803.7
1.033e+03
784.5
754.6
272.3
415.4
505.5
189.3
870.1
889.7
859.8
967.5
873.2
227.7
512.2
343.5
105.7
623.4
750.1
785.6
871.2
737.9
161.4
428.3
257.1
298.1
765.2
759.0
781.6
765.8
766.1
418.1
602.5
238.1
368.7
660.9
628.8
502.6
698.2
652.2
261.0
332.2
274.3
242.6
708.3
692.4
774.8
790.1
715.3
271.3
420.5
315.0
318.1
805.2
809.0
764.9
881.9
778.4
223.9
251.2
646.1
385.2
782.4
955.8
799.7
850.7
805.6
503.8
155.0
154.5
179.5
950.9
968.1
1.057e+03
925.1
932.4
365.8
329.4
335.3
842.8
881.1
931.7
850.5
373.4
285.6
284.8
166.6
615.3
538.7
385.5
480.9
520.0
516.4
331.4
592.2
327.8
845.3
810.6
937.4
850.1
801.4
288.3
123.1
350.8
325.8
999.0
956.0
973.3
965.3
969.5
265.0
246.8
221.4
159.7
997.6
985.8
1.073e+03
995.4
982.9
556.5
294.3
410.2
469.8
579.6
632.4
706.4
563.7
470.7
247.7
453.9
132.3
676.6
689.0
684.4
694.2
684.4
196.3
523.3
150.7
305.0
931.9
914.7
985.7
902.7
949.5
338.8
357.5
236.7
88.42
941.9
947.0
953.7
986.1
945.8
367.9
244.9
290.7
258.7
737.6
812.9
818.0
769.9
790.2
459.4
586.0
471.6
276.3
859.3
718.0
715.6
819.8
767.1
489.2
333.8
515.8
316.5
544.0
468.0
565.0
345.4
266.5
399.3
414.4
424.2
323.9
872.3
863.4
872.5
924.9
882.8
323.7
334.0
357.4
191.0
574.3
559.0
610.3
608.9
515.7
217.4
335.5
312.5
166.5
970.1
936.1
909.4
928.2
924.2
437.1
392.8
289.0
395.1
809.2
838.0
872.0
903.4
805.8
349.5
387.2
508.0
214.9
597.9
704.6
734.7
708.8
695.0
299.6
367.6
268.4
284.2
682.1
666.4
685.4
734.7
620.8
364.9
388.1
428.1
276.3
849.6
749.5
842.9
662.9
709.6
463.1
269.3
402.4
483.6
713.1
826.7
769.1
794.0
741.4
498.7
621.6
186.3
258.9
844.8
792.2
935.9
913.2
825.9
459.7
236.3
426.8
456.5
974.0
974.4
1.019e+03
970.1
964.7
250.9
424.7
741.9
612.9
820.5
889.4
784.2
788.0
782.7
201.5
436.6
456.0
323.6
740.0
864.6
844.9
867.3
843.8
345.5
108.4
288.1
227.9
973.5
960.7
943.3
949.8
943.9
310.6
692.2
634.5
350.8
891.3
1.017e+03
954.1
982.8
945.3
168.2
219.1
345.0
106.0
897.1
867.3
859.3
855.3
865.2
230.1
161.4
411.3
575.2
307.8
821.1
901.9
854.8
935.8
882.8
876.7
480.7
165.7
609.4
277.0
794.3
835.6
784.6
803.0
790.3
296.1
618.3
272.9
215.9
754.8
796.2
745.2
758.3
773.1
494.4
501.2
368.7
353.2
1.022e+03
981.8
928.7
916.8
990.7
393.6
189.5
353.8
99.34
1.025e+03
1.008e+03
973.3
994.5
997.6
359.4
364.0
435.9
291.1
591.2
608.7
599.0
644.4
526.0
391.6
278.9
32.63
143.2
535.4
567.5
679.3
583.7
539.0
176.1
120.3
357.9
370.2
997.0
968.9
1.027e+03
1.054e+03
1.046e+03
408.9
318.8
350.3
166.3
777.9
797.8
820.9
825.1
780.4
464.6
220.7
352.6
239.8
761.7
697.4
654.5
696.7
667.6
384.0
281.6
218.6
404.5
439.4
550.6
491.3
472.5
365.7
213.5
373.4
399.1
211.3
672.1
606.6
620.2
625.6
554.1
542.9
230.6
442.3
232.6
829.9
746.3
667.2
783.8
731.1
365.4
487.6
260.0
365.1
917.8
962.3
922.0
891.2
930.0
31.71
172.1
316.0
247.3
896.2
860.5
847.5
856.2
845.2
385.4
130.3
216.6
557.0
855.6
868.4
751.6
845.2
825.2
499.7
476.2
187.3
152.9
754.7
789.7
784.8
848.1
769.0
431.4
386.5
427.7
406.2
688.3
740.7
618.3
782.4
703.2
573.8
291.4
394.5
304.5
1.01e+03
971.0
718.9
893.8
899.4
434.2
468.4
59.38
450.3
398.4
510.3
568.3
563.7
402.4
238.1
162.8
165.1
126.4
845.2
877.3
869.3
867.1
861.0
436.3
132.9
370.4
148.3
735.5
801.1
810.3
817.0
801.7
381.8
371.8
517.0
163.2
847.3
892.2
827.4
863.9
875.8
455.0
360.1
215.4
189.6
391.2
425.7
352.9
234.8
429.9
353.2
243.2
264.8
174.2
634.7
656.3
688.9
649.0
649.7
791.4
544.1
422.5
237.9
722.9
938.9
865.7
1.011e+03
926.8
524.8
200.5
462.4
197.8
880.6
879.8
900.6
872.7
877.0
260.6
85.02
695.4
183.6
1.006e+03
1.066e+03
1.055e+03
1.073e+03
1.059e+03
488.9
296.7
306.7
264.4
858.1
885.1
938.8
946.0
888.8
248.8
117.7
280.1
247.7
829.0
886.8
897.6
860.4
856.5
771.5
275.9
404.8
143.4
981.8
842.3
1.013e+03
885.2
839.5
694.9
254.4
494.3
272.9
816.2
785.0
776.5
691.9
699.0
307.5
308.9
326.3
161.5
855.8
817.0
838.3
830.0
810.1
471.3
482.3
62.78
268.0
860.5
885.4
879.3
894.7
851.6
335.5
196.0
377.9
334.8
606.9
525.5
551.9
518.5
496.7
379.0
320.2
426.2
305.8
778.2
807.4
833.9
854.3
836.0
41.42
209.5
2.927e-05
166.8
633.9
666.2
631.6
677.8
633.9
343.5
320.0
469.1
328.1
798.9
855.5
850.2
872.5
847.9
487.1
212.9
705.8
329.8
871.0
651.3
566.0
655.4
632.6
348.2
306.0
136.9
545.0
284.6
836.9
694.9
650.5
741.1
724.2
722.7
409.0
141.9
189.6
241.9
718.7
715.3
726.2
721.0
706.7
264.7
392.1
240.7
473.8
985.6
974.9
1.046e+03
1.029e+03
1.014e+03
79.88
693.9
293.9
145.3
959.4
958.8
951.1
1.053e+03
959.4
593.5
379.3
231.8
135.8
818.2
794.9
838.8
784.4
798.9
466.8
152.3
331.6
239.0
702.0
725.0
678.2
693.8
665.6
210.4
179.1
254.1
199.9
611.8
636.0
576.9
642.3
614.9
480.3
357.5
684.7
177.0
789.8
748.7
715.0
813.1
746.4
483.0
529.4
276.1
500.8
787.9
919.0
857.7
887.0
849.3
659.1
208.6
516.8
394.7
730.4
893.0
863.5
854.7
832.4
337.7
173.9
360.4
340.0
1.112e+03
1.096e+03
1.091e+03
1.08e+03
1.079e+03
347.1
278.4
470.8
256.1
874.3
899.9
844.4
875.8
853.9
302.7
229.4
417.0
187.7
838.7
833.3
784.8
803.0
801.0
524.3
309.7
454.8
312.8
739.3
916.8
753.3
798.4
818.0
51.87
124.0
166.2
264.7
912.2
944.8
914.2
939.8
925.9
371.8
287.6
272.6
148.3
458.4
460.5
310.4
529.9
437.4
46.08
362.1
471.9
246.9
499.4
512.7
499.6
598.8
498.1
376.0
290.8
220.7
88.42
964.3
1.006e+03
999.6
996.1
997.9
281.7
256.6
36.24
176.4
797.8
787.0
782.0
826.4
797.9
353.6
273.0
344.7
462.9
419.8
664.6
531.7
472.8
414.4
725.8
318.4
384.8
420.1
746.2
711.1
914.5
804.1
727.8
561.9
296.6
285.0
269.4
803.1
794.5
846.2
797.0
769.3
382.6
93.37
553.0
177.7
859.6
887.6
849.6
882.8
875.9
411.8
169.7
325.8
401.8
874.9
883.8
935.3
845.5
850.2
572.6
269.8
477.5
148.1
1.012e+03
940.8
841.5
940.9
931.2
394.1
152.9
777.3
406.7
856.2
1.076e+03
1.041e+03
1.006e+03
1.053e+03
522.3
223.1
406.6
236.0
417.1
645.9
763.3
619.2
606.6
120.5
82.92
290.8
124.4
964.5
968.6
969.9
968.0
966.1
229.7
274.9
43.68
106.0
1.096e+03
1.1e+03
1.072e+03
1.133e+03
1.102e+03
243.7
202.6
368.4
254.0
878.1
914.4
896.0
910.5
883.0
244.2
213.9
505.7
254.9
878.3
910.6
887.8
878.5
884.4
403.8
265.3
359.2
315.6
664.9
636.5
704.3
726.3
654.7
193.3
133.9
335.8
119.8
793.7
803.5
823.7
812.8
800.8
595.4
234.4
441.0
347.1
899.0
871.1
1.126e+03
888.1
867.2
56.72
422.1
47.66
258.0
892.1
902.4
904.8
840.5
895.0
289.1
238.9
532.7
644.4
1.107e+03
1.139e+03
1.103e+03
1.142e+03
1.143e+03
398.5
560.5
236.4
320.0
229.4
787.9
849.7
903.0
930.2
897.2
861.8
501.5
170.4
186.8
213.8
695.6
704.4
681.4
660.9
661.2
204.4
254.0
259.1
76.01
911.0
926.6
938.9
933.6
928.1
255.7
262.9
308.6
280.7
811.9
855.3
882.1
898.4
816.7
288.3
135.0
359.0
339.0
681.2
654.5
819.6
668.7
663.2
267.4
188.7
138.8
390.0
960.3
972.5
935.4
951.6
954.1
300.6
492.4
340.2
442.3
1.009e+03
956.5
1.033e+03
1.005e+03
983.7
412.5
486.4
648.7
290.4
1.083e+03
915.5
959.8
919.6
906.2
367.4
188.1
431.5
370.3
644.1
606.9
654.7
552.0
532.7
276.3
711.9
365.6
310.9
1.02e+03
1.042e+03
1.056e+03
918.7
1.034e+03
426.2
408.9
280.0
417.0
695.4
691.0
609.9
711.0
685.1
323.5
135.6
436.1
188.1
809.0
916.3
912.6
909.8
905.1
555.5
346.0
74.78
421.7
645.7
682.3
528.2
700.3
629.1
554.4
329.7
28.92
143.3
976.3
996.3
1.062e+03
1.031e+03
976.4
36.34
202.8
555.9
360.5
208.5
956.0
954.2
940.1
964.5
943.5
949.8
81.97
272.3
520.8
256.8
901.4
983.3
919.6
971.4
942.3
386.6
143.3
398.3
341.0
849.0
887.8
955.3
955.3
925.7
441.6
474.4
672.1
536.1
938.7
848.8
846.1
818.9
802.6
365.2
667.0
480.7
270.3
670.9
670.2
659.6
868.3
635.0
604.0
638.4
432.2
276.2
1.08e+03
1.09e+03
1.096e+03
1.099e+03
1.106e+03
229.1
368.8
522.3
200.8
767.1
775.7
848.7
779.8
758.5
427.7
132.2
441.4
225.1
826.9
689.2
789.1
687.0
671.1
519.4
418.0
596.0
390.5
672.5
656.9
753.0
731.0
630.7
522.1
468.6
324.0
384.8
920.5
916.9
862.7
976.7
928.8
337.7
229.6
205.5
107.6
903.7
894.6
879.3
911.5
901.8
373.0
288.8
377.4
415.5
597.1
708.1
745.5
689.5
620.5
252.2
301.8
56.21
328.8
457.2
464.3
452.8
552.9
462.4
536.0
506.6
346.7
414.4
931.5
834.3
804.7
781.2
710.6
423.4
431.7
414.1
316.9
882.9
863.1
939.2
830.7
857.8
194.8
234.3
39.42
176.7
107.7
719.2
725.0
722.4
723.0
747.1
716.2
715.0
290.3
533.0
326.9
931.6
892.3
738.6
874.3
875.1
114.4
385.1
283.8
265.6
811.3
856.2
802.9
845.9
810.4
178.7
167.1
437.6
275.3
784.4
848.4
828.2
803.9
816.7
170.1
116.7
403.5
169.7
661.2
648.7
635.6
635.8
621.2
618.4
359.9
189.0
20.46
135.1
581.5
582.1
683.9
670.6
607.6
580.4
480.3
293.6
368.9
228.7
903.1
838.2
867.6
865.3
833.0
362.7
370.1
412.4
382.4
814.9
765.0
823.4
837.5
795.1
336.0
109.4
382.0
458.8
564.3
592.1
737.6
692.5
689.1
29.11
197.1
326.9
130.5
937.7
936.4
926.2
936.9
925.7
124.6
176.8
49.74
155.4
871.8
894.3
888.1
907.1
878.9
436.0
325.5
587.2
504.1
968.3
864.5
777.9
888.0
851.4
375.6
207.6
240.0
105.2
1.013e+03
1.037e+03
1.055e+03
1.036e+03
1.026e+03
310.3
227.7
328.4
315.0
897.3
852.9
761.2
839.2
853.1
217.8
147.2
655.2
465.7
822.2
879.9
928.1
940.8
913.6
395.6
163.3
56.73
207.6
781.0
785.1
665.9
784.9
778.9
419.0
130.0
33.63
232.1
886.1
896.0
885.9
889.5
883.0
275.8
202.6
26.73
209.2
557.4
603.4
568.6
528.9
561.4
247.7
166.4
238.3
254.3
904.0
912.7
865.1
903.8
897.0
1.009e+03
1.064e+03
892.8
1.063e+03
1.055e+03
1.131e+03
1.021e+03
1.091e+03
1.037e+03
1.198e+03
1.072e+03
1.203e+03
907.4
996.2
1.105e+03
1.003e+03
965.0
981.9
818.8
1.064e+03
1.033e+03
1.038e+03
843.4
1.135e+03
1.095e+03
1.033e+03
1.104e+03
1.002e+03
1.093e+03
1.089e+03
983.3
1.057e+03
953.0
980.1
1.192e+03
1.095e+03
1.024e+03
1.045e+03
1.009e+03
1.114e+03
1.283e+03
1.004e+03
812.9
1.314e+03
1.015e+03
1.029e+03
995.2
1.107e+03
1.21e+03
1.005e+03
1.051e+03
1.028e+03
1.043e+03
976.4
1.13e+03
1.051e+03
1.125e+03
1.089e+03
1.047e+03
961.5
1.131e+03
1.256e+03
1.051e+03
1.084e+03
1.096e+03
986.4
1.183e+03
1.175e+03
935.2
1.062e+03
856.8
1.129e+03
1.018e+03
1.122e+03
1.071e+03
966.7
1.101e+03
893.1
1.206e+03
1.107e+03
1.174e+03
1.098e+03
1.139e+03
1.069e+03
1.002e+03
1.157e+03
1.082e+03
1.059e+03
1.078e+03
981.8
1.098e+03
1.101e+03
932.9
1.156e+03
976.2
998.9
1.022e+03
1.152e+03
1.027e+03
1.095e+03
1.126e+03
1.152e+03
1.12e+03
1.086e+03
1.079e+03
1.189e+03
1.056e+03
1.131e+03
1.039e+03
922.8
1.109e+03
1.041e+03
1.129e+03
943.8
922.0
897.5
796.4
1.065e+03
913.9
1.045e+03
954.0
1.049e+03
1.174e+03
1.206e+03
1.003e+03
1.084e+03
1.132e+03
1.156e+03
1.218e+03
1.112e+03
944.5
1.165e+03
1.033e+03
942.6
1.163e+03
1.22e+03
811.0
1.229e+03
988.3
1.143e+03
1.218e+03
1.132e+03
1.05e+03
925.4
963.1
1.016e+03
921.1
1.255e+03
1.034e+03
1.036e+03
1.078e+03
1.032e+03
1.416e+03
1.139e+03
1.266e+03
921.3
1.309e+03
1.002e+03
1.113e+03
1.059e+03
1.168e+03
1.122e+03
997.8
1.035e+03
1.056e+03
1.098e+03
1.124e+03
1.229e+03
1.057e+03
1.004e+03
1.004e+03
805.2
1.008e+03
1.001e+03
1.114e+03
1.244e+03
930.1
1.123e+03
1.046e+03
1.029e+03
970.0
1.17e+03
1.002e+03
1.091e+03
1.226e+03
1.078e+03
1.067e+03
1.091e+03
1.073e+03
891.9
973.2
1.043e+03
1.288e+03
1.018e+03
928.2
1.06e+03
1.357e+03
1.048e+03
1.031e+03
1.223e+03
928.9
965.3
882.3
1.274e+03
1.015e+03
1.094e+03
1.103e+03
934.2
878.2
1.097e+03
1.079e+03
1.017e+03
1.152e+03
1.087e+03
1.198e+03
1.177e+03
1.047e+03
1.126e+03
1.031e+03
1.204e+03
989.6
1.092e+03
1.188e+03
1.092e+03
921.5
1.221e+03
1.18e+03
1.038e+03
1.114e+03
1.105e+03
1.029e+03
962.1
1.118e+03
1.144e+03
1.077e+03
1.179e+03
987.4
1.043e+03
998.9
987.0
1.081e+03
