6.821
4.853
6.768
8.267
5.035
5.243
4.536
6.934
2.999
6.523
8.766
4.924
8.045
4.943
5.139
10.64
7.917
7.212
11.38
8.579
7.258
8.525
8.271
6.26
4.653
9.102
3.131
7.044
13.74
8.323
4.469
4.667
5.737
3.74
6.215
6.935
4.996
6.149
6.968
4.247
8.209
6.327
10.49
10.51
14.35
8.766
3.992
5.346
4.534
5.424
4.405
7.852
11.88
9.025
5.196
5.304
7.035
6.053
8.736
7.446
12.3
3.952
9.561
5.814
5.012
3.926
9.712
6.989
12.15
6.581
11.98
10.43
8.617
8.784
10.08
9.415
11.26
4.934
11.69
5.68
5.868
14.21
8.009
4.259
5.796
6.681
4.67
6.939
4.615
7.602
10.62
6.126
9.141
8.499
13.59
2.971
6.806
5.328
9.452
8.96
10.17
3.008
8.163
4.393
4.332
6.139
5.863
5.219
3.448
9.874
5.536
6.775
6.925
7.685
6.597
10.83
5.806
5.431
7.194
4.059
4.831
11.15
11.61
10.09
12.79
6.719
8.39
7.765
4.476
6.173
7.931
10.02
5.916
9.299
6.378
5.239
8.071
6.467
13.34
6.485
6.251
5.006
6.779
1.422
6.647
15.72
11.66
7.091
5.635
5.72
3.928
8.29
5.071
6.618
4.96
7.283
5.487
13.53
6.136
7.43
11.47
5.969
7.165
4.941
4.44
9.544
5.197
5.148
7.699
7.741
5.465
4.782
5.577
4.279
5.032
6.307
8.859
11.55
7.01
4.063
6.527
5.277
4.602
3.787
6.109
3.847
6.372
3.45
9.372
5.26
4.808
7.883
5.765
9.069
12.59
4.574
4.631
10.76
7.379
9.67
4.988
11.52
3.914
4.902
6.098
4.636
2.131
15.16
9.588
3.384
3.351
7.742
4.067
10.83
12.11
7.188
6.085
2.472
5.223
4.722
3.492
3.243
3.462
5.18
4.345
4.772
4.491
8.301
8.559
4.711
3.624
8.791
9.211
7.656
6.085
11.99
4.143
4.608
9.458
8.412
7.714
5.378
4.362
11.62
4.415
10.06
6.603
3.575
5.93
9.01
8.107
8.523
6.349
13.89
9.241
9.006
9.601
4.372
2.86
7.411
6.184
4.165
4.633
8.986
4.71
4.078
6.619
5.88
8.486
5.572
8.453
6.517
5.862
4.136
5.316
5.628
3.278
5.649
4.092
5.565
5.369
6.307
9.771
5.891
23.69
6.914
8.396
4.331
7.477
7.871
8.585
8.472
5.281
5.152
4.258
4.775
8.689
4.57
5.626
6.685
5.405
8.355
7.991
7.856
6.061
14.88
7.021
8.488
4.611
3.903
5.959
4.481
1.811
8.34
9.349
10.98
4.127
3.62
10.72
5.46
9.488
6.343
8.693
5.724
8.218
4.29
5.651
8.187
6.43
3.623
6.163
5.012
13.23
4.1
4.769
10.47
8.941
11.32
7.248
6.682
5.134
4.562
7.812
14.91
9.166
6.285
5.825
3.886
4.894
4.154
11.5
6.678
5.867
4.86
9.506
6.478
10.8
3.754
10.78
3.441
6.167
5.426
12.67
8.294
5.0
8.265
6.02
4.46
6.012
9.201
4.66
3.122
5.302
8.026
4.749
7.492
7.003
5.593
12.85
5.828
5.446
8.53
13.04
8.474
6.324
6.245
4.522
7.502
18.51
9.113
5.558
4.433
5.049
6.766
6.705
11.07
2.537
6.032
7.676
6.138
4.827
15.8
5.786
4.228
6.683
7.457
7.154
6.559
4.146
5.302
10.16
7.112
11.37
2.688
4.376
7.683
10.83
7.853
8.447
6.518
5.138
4.372
10.45
7.348
6.503
7.724
8.49
7.269
5.5
8.42
9.71
7.864
6.835
7.61
6.849
12.51
5.033
6.81
9.064
4.524
14.95
2.943
5.859
9.324
3.499
9.814
7.938
5.055
5.181
7.316
5.228
6.384
9.562
6.012
13.62
4.983
5.35
5.327
11.62
4.348
12.37
13.57
6.005
8.827
4.552
9.644
6.103
6.04
7.464
8.437
8.487
3.318
3.753
8.453
7.353
5.182
8.273
6.14
7.341
3.945
5.456
5.952
4.185
7.516
4.278
3.791
6.951
2.167
4.271
8.084
11.22
8.042
4.906
6.405
6.234
6.978
7.618
4.507
5.425
7.789
7.593
4.319
2.794
6.682
11.26
5.9
6.084
5.086
13.81
2.269
9.23
4.86
15.53
7.3
5.025
7.625
7.744
6.638
5.487
2.78
9.248
7.507
5.177
9.384
6.833
11.03
10.11
9.018
4.293
7.148
4.737
5.084
5.368
4.733
7.024
12.44
6.659
6.293
5.764
5.515
4.337
7.556
3.559
7.777
8.322
6.38
19.3
9.574
6.548
4.84
7.266
4.457
9.654
7.929
4.49
8.182
8.246
7.03
5.346
5.149
10.11
7.519
8.998
12.06
9.313
9.67
9.207
6.38
4.703
7.542
5.701
11.05
6.376
8.58
13.2
3.813
7.218
5.469
6.819
8.518
9.036
6.578
6.931
7.673
5.352
11.47
8.081
5.141
8.301
4.902
9.593
5.455
4.601
5.608
3.894
9.21
5.016
6.009
8.706
7.153
4.541
4.558
6.15
4.177
7.938
4.122
4.303
5.509
3.705
9.239
3.824
10.81
4.831
5.673
1.123
4.207
4.907
5.008
7.671
11.89
5.039
4.052
6.072
5.756
5.256
5.423
6.663
8.091
7.704
9.312
7.166
11.09
6.347
3.636
11.5
10.38
8.421
6.696
6.337
7.63
6.144
6.751
7.248
10.11
7.167
4.432
6.718
7.888
6.911
5.219
3.181
3.793
3.631
6.064
8.643
5.891
5.034
8.698
4.988
9.937
6.612
9.143
8.398
7.118
6.966
12.91
11.72
9.302
6.835
9.603
3.526
5.736
4.679
4.986
5.389
6.602
12.89
13.56
6.14
5.381
6.176
7.128
9.447
4.391
6.778
4.897
10.69
6.743
7.904
5.174
4.142
4.274
6.902
8.498
5.165
8.571
3.71
9.011
7.986
7.342
7.485
5.009
12.42
4.068
5.236
4.281
8.557
4.307
6.19
9.191
5.252
8.907
6.677
12.64
5.381
3.581
4.291
8.399
11.6
3.318
7.786
4.497
8.887
3.535
8.466
6.025
7.376
7.752
12.05
4.507
7.691
3.942
5.149
3.87
7.472
10.66
4.972
11.41
3.859
6.277
8.552
6.889
8.414
4.722
3.589
8.833
8.4
4.398
9.805
3.272
8.817
15.53
7.793
8.048
2.794
5.286
2.75
5.577
6.633
5.399
9.591
9.747
5.421
6.835
3.39
11.82
6.631
8.883
5.798
5.24
17.48
8.756
4.513
11.33
10.61
4.227
7.214
3.595
7.302
6.904
8.869
8.453
10.83
8.189
4.541
7.851
8.771
3.198
5.539
8.854
4.262
5.64
5.11
11.24
9.196
8.255
7.344
7.314
6.203
8.01
5.845
4.631
4.702
10.81
11.83
11.39
4.196
8.399
7.36
10.11
3.568
4.326
4.836
3.487
10.1
4.566
7.771
3.322
7.368
9.586
4.327
6.951
4.24
5.816
9.036
5.334
6.072
6.012
3.568
6.571
5.213
9.715
4.962
5.812
7.845
7.577
7.79
5.277
9.928
7.418
6.075
6.544
17.32
3.599
7.524
6.784
4.48
17.34
4.026
3.186
14.13
6.688
4.048
3.63
6.245
3.189
7.559
6.153
8.445
6.393
4.416
8.654
2.216
10.22
4.866
6.383
2.509
6.842
5.083
8.593
15.73
9.44
4.348
6.045
9.51
6.076
8.723
7.166
3.516
5.219
3.295
8.299
5.035
9.509
5.898
7.129
6.858
4.47
5.188
7.368
5.788
6.497
9.771
7.571
13.88
5.406
6.94
6.852
6.773
7.13
6.321
8.439
8.525
2.883
7.917
8.505
5.427
6.746
6.466
1.945
3.707
7.416
4.963
5.682
4.274
8.454
7.639
4.439
9.837
10.18
13.52
8.531
5.655
12.75
7.522
4.549
4.362
7.107
7.459
8.194
8.042
4.703
10.4
8.146
9.104
5.648
7.532
3.838
3.743
7.057
8.241
6.889
7.616
6.412
6.806
6.525
6.263
7.376
11.09
7.494
4.446
3.057
5.423
10.46
8.671
7.862
5.687
5.786
4.741
11.16
8.776
6.235
10.06
5.516
4.286
6.316
11.42
6.625
7.132
6.214
4.686
3.794
3.578
4.202
9.855
11.22
7.238
4.317
7.06
4.215
10.46
7.08
5.623
9.176
5.182
5.696
5.443
5.7
5.142
4.374
6.834
8.773
6.422
9.375
6.73
5.996
3.873
4.447
9.164
5.547
6.562
4.167
11.58
5.908
4.973
10.96
3.215
5.198
7.182
5.708
5.451
7.605
4.9
8.279
16.23
9.097
6.731
4.056
8.726
9.584
5.959
4.425
7.053
11.01
7.758
5.169
9.334
11.61
6.694
5.487
9.524
4.337
8.533
4.858
6.791
4.63
15.12
5.437
8.63
14.08
5.168
7.029
7.62
9.595
12.66
4.133
3.377
7.834
6.21
10.46
8.735
2.991
11.04
4.562
3.718
4.823
10.28
6.64
7.195
7.045
5.328
3.718
6.883
10.53
3.938
8.87
9.59
3.859
3.198
5.842
6.193
9.911
5.711
6.072
3.957
6.428
8.221
8.285
11.09
7.595
9.641
4.712
7.47
4.146
12.16
7.511
13.25
5.746
10.59
3.787
5.281
4.433
6.24
13.63
6.229
12.36
11.22
4.719
7.232
7.245
9.916
15.07
5.366
4.768
3.467
4.671
4.607
7.813
7.637
9.052
6.337
13.33
5.555
4.867
7.496
8.105
7.283
8.261
4.563
12.08
7.585
11.75
12.51
4.977
4.675
15.94
8.24
4.921
7.076
10.53
8.996
8.512
6.708
9.38
6.387
8.057
6.313
8.483
7.296
6.138
14.15
5.81
9.832
6.617
15.0
5.772
9.534
3.186
6.298
4.782
6.16
4.018
3.642
5.893
10.49
4.248
2.799
5.528
9.089
6.877
8.352
4.948
4.217
14.42
7.478
5.776
7.462
10.7
5.069
7.213
13.5
5.251
4.345
8.314
7.26
10.28
6.771
4.66
4.558
6.371
6.336
2.799
7.333
14.6
9.651
8.781
6.248
4.906
7.114
9.122
7.27
14.27
8.484
12.52
8.469
6.943
7.308
5.485
7.531
5.969
4.445
7.824
3.778
4.352
9.653
8.077
8.225
7.63
6.044
4.374
10.54
4.158
7.919
4.065
3.218
7.132
11.99
4.226
6.017
8.083
7.533
4.832
10.5
9.766
8.368
9.458
4.981
3.58
6.69
8.049
9.268
7.156
5.619
3.243
4.541
3.822
7.693
3.423
4.104
4.32
10.21
6.621
7.307
6.618
9.38
8.104
11.62
5.971
4.755
4.246
5.143
5.164
4.815
9.863
6.306
7.302
8.21
8.284
5.079
4.302
8.335
5.99
4.256
4.584
6.222
6.576
5.11
3.509
9.089
8.09
3.132
8.029
8.448
8.746
4.701
5.179
4.804
3.79
6.576
7.999
8.819
10.53
11.25
6.72
7.074
3.103
6.456
9.926
5.049
6.4
9.309
8.218
4.39
3.977
2.233
7.603
9.413
6.208
5.333
5.53
2.438
5.147
3.35
7.372
9.446
9.959
9.563
5.246
6.719
6.82
3.106
12.36
5.666
8.0
9.644
7.448
14.91
9.044
6.845
8.355
6.562
9.061
7.835
10.17
5.431
7.608
12.19
4.868
3.827
3.899
6.776
13.02
7.143
8.016
8.019
13.07
6.584
11.63
10.81
7.22
5.108
4.259
9.325
6.961
5.524
3.61
4.766
5.131
7.513
4.066
8.644
4.734
9.911
5.454
4.865
5.276
7.976
4.392
4.308
7.794
6.332
8.903
8.144
13.8
4.717
9.767
6.093
7.285
15.1
5.52
2.857
4.526
4.874
3.309
7.045
7.136
9.179
9.377
8.736
8.073
6.474
7.66
7.327
4.565
9.722
5.212
8.362
8.335
9.132
3.877
2.242
8.237
7.069
8.358
6.185
5.898
10.83
4.475
4.039
6.964
10.03
6.837
4.429
11.01
6.304
4.622
9.367
10.85
6.757
7.807
12.98
9.615
5.177
7.722
4.19
6.873
7.779
8.923
9.891
5.878
5.679
4.399
4.652
6.412
8.866
4.502
5.065
3.672
9.587
4.805
11.4
7.005
9.218
18.28
11.84
7.336
11.88
4.49
12.72
3.01
6.909
2.544
10.62
5.241
9.582
7.15
6.613
5.977
6.024
5.737
5.927
7.131
6.475
4.515
3.821
9.922
6.171
3.312
6.144
7.852
5.306
8.095
8.419
7.557
4.929
8.734
8.111
9.069
9.092
5.572
6.934
7.979
4.024
5.876
14.06
9.676
6.922
6.266
9.05
6.412
5.477
10.13
7.223
4.025
14.85
11.64
8.375
8.816
4.22
10.04
8.303
18.0
5.937
4.262
10.54
4.326
4.684
11.2
9.198
12.92
5.775
12.26
7.314
4.059
5.446
5.521
2.879
5.738
6.049
4.024
7.977
14.01
6.645
3.858
10.62
3.985
7.276
5.259
3.275
6.019
10.53
6.161
10.95
4.989
8.414
12.21
6.615
3.301
3.838
5.077
8.766
4.769
3.622
9.305
6.537
7.281
9.004
5.201
8.369
6.056
7.193
6.541
9.15
11.71
8.659
5.966
5.46
3.031
11.86
5.661
10.19
8.479
7.65
7.739
4.231
