51.4
46.84
36.91
46.87
28.65
59.28
41.24
45.16
31.68
54.67
45.16
64.76
28.6
50.46
30.95
35.7
44.14
63.75
34.73
57.93
42.75
49.27
40.94
10.14
50.03
62.01
24.33
36.5
67.46
42.4
48.99
39.81
48.84
59.09
56.46
50.68
44.41
42.59
39.63
56.16
41.4
52.7
62.5
61.66
40.1
40.37
40.46
29.9
35.92
59.77
54.14
48.32
81.04
40.04
39.89
41.75
51.87
46.87
41.16
39.34
26.7
38.97
36.66
54.11
30.44
64.44
20.68
20.33
57.33
62.82
43.71
64.41
57.33
55.65
56.07
74.39
37.15
44.01
49.94
51.37
46.01
32.96
68.09
21.96
49.57
45.92
57.99
41.12
33.93
59.0
64.07
41.0
41.46
53.1
40.64
13.96
49.19
56.01
46.93
69.64
50.29
45.74
37.55
50.22
61.69
50.76
35.84
19.48
34.22
25.98
54.72
42.38
79.98
49.6
44.52
44.79
40.08
55.57
72.58
53.27
33.91
32.04
43.57
50.02
52.9
39.02
47.29
43.37
34.29
45.08
41.9
64.27
39.03
49.14
48.05
44.55
17.11
28.5
92.66
49.85
60.61
37.9
19.36
14.57
37.91
31.71
47.44
33.5
48.9
40.33
30.89
66.62
31.32
46.01
46.88
44.61
69.2
72.73
51.34
59.82
73.17
20.36
47.33
54.46
42.92
55.44
56.14
52.33
59.14
67.29
61.79
48.92
41.71
61.55
45.05
16.53
31.17
54.03
31.82
32.55
49.38
71.38
37.58
50.71
31.15
41.2
67.9
51.6
61.88
42.0
45.56
67.06
40.44
46.87
48.88
45.25
43.9
48.53
47.57
35.35
33.58
48.88
31.46
56.3
51.57
26.28
28.73
67.8
41.3
39.33
38.82
34.78
39.05
58.41
72.68
39.43
44.37
47.84
37.21
50.16
42.03
34.18
37.52
30.6
50.87
55.15
63.21
52.4
34.4
43.97
29.74
50.18
42.24
43.77
61.75
59.52
45.02
42.28
53.04
56.68
46.32
23.23
49.49
43.28
51.68
48.45
49.81
29.86
50.43
10.05
54.78
61.85
48.13
62.78
48.55
50.95
47.25
35.54
28.14
41.16
54.43
47.21
53.17
46.73
59.33
54.93
48.4
40.22
64.27
28.07
58.9
33.49
18.43
46.81
49.49
59.29
52.88
44.71
62.5
21.43
54.6
43.85
62.13
41.7
17.49
60.82
54.66
51.93
55.8
52.9
45.22
29.97
15.48
49.94
40.57
57.94
42.82
31.23
52.92
44.78
49.32
21.91
44.37
35.26
48.63
21.73
62.21
57.1
64.51
13.5
45.33
56.23
55.93
23.55
60.63
52.42
54.92
57.23
35.49
41.63
39.32
53.23
56.24
55.72
42.74
59.9
46.43
59.42
23.9
42.85
53.74
57.3
39.29
50.92
37.03
46.66
61.53
48.72
43.83
35.49
59.51
48.55
45.28
50.05
27.31
42.94
45.63
53.66
57.95
30.47
45.61
34.9
44.19
40.64
52.28
42.5
54.1
51.95
41.48
47.47
46.37
39.86
45.42
61.64
42.54
51.93
39.75
40.37
32.49
46.74
29.8
56.66
58.77
35.7
42.17
35.52
38.14
29.6
52.52
41.99
58.83
46.56
37.36
32.67
47.94
28.27
57.98
55.08
35.9
34.63
48.05
60.79
54.52
46.48
48.2
47.47
8.825
17.08
54.26
23.19
47.42
55.08
37.6
50.77
36.41
52.78
33.04
46.75
49.29
29.65
40.9
36.52
69.23
49.42
27.58
46.06
32.53
23.24
44.18
56.06
50.37
26.07
52.08
47.37
43.93
50.69
37.61
42.4
46.25
53.69
49.47
45.96
21.75
44.35
62.94
50.34
39.37
51.56
55.48
42.48
50.4
23.74
52.97
43.31
59.78
39.31
71.18
38.16
48.6
41.22
39.58
53.9
44.73
52.13
64.39
45.19
53.06
40.75
60.6
49.6
47.36
45.9
56.14
62.18
59.47
0.3615
48.35
38.27
29.17
46.07
48.78
46.97
47.68
58.24
32.41
26.76
48.05
48.48
46.99
30.66
44.65
49.08
53.47
46.8
45.33
51.82
44.42
59.66
43.09
50.47
29.41
26.43
42.85
40.0
56.5
44.23
31.49
41.92
51.42
48.26
61.26
35.61
47.24
43.29
36.7
19.29
61.9
57.58
43.99
51.73
48.91
44.01
60.59
59.27
33.72
46.91
54.4
56.11
26.79
41.61
41.27
53.44
49.05
49.36
50.84
44.34
69.59
42.06
38.42
49.9
28.26
53.65
43.12
40.37
52.59
49.41
16.81
36.85
44.87
53.71
50.7
63.65
50.12
35.58
53.03
49.4
40.78
50.88
36.26
30.46
53.76
63.09
36.15
70.16
67.37
55.14
41.33
53.17
69.26
46.57
46.69
45.15
45.7
46.39
44.59
25.0
33.77
42.11
44.94
53.91
32.73
23.65
48.89
60.97
50.78
37.52
41.61
32.47
36.95
48.26
53.48
31.03
43.2
42.59
50.19
53.25
49.81
47.03
52.79
45.74
40.31
36.89
46.92
34.69
57.23
45.42
22.64
51.45
48.31
66.84
32.73
66.43
40.47
30.14
39.36
63.15
49.94
53.63
39.7
34.76
29.9
51.44
49.27
41.79
50.31
41.78
29.16
25.3
55.75
52.64
44.71
53.62
39.69
30.35
30.1
29.43
64.12
37.8
45.63
49.74
51.72
45.58
30.81
51.36
53.2
43.0
39.62
34.34
25.15
46.35
66.34
37.74
36.15
39.69
69.74
36.09
35.57
28.1
67.88
49.49
55.82
51.68
52.71
44.29
48.0
34.82
38.69
51.1
31.88
30.81
42.96
53.3
16.74
49.44
50.78
40.64
27.85
59.09
52.53
44.67
25.8
53.33
52.43
51.16
63.34
17.6
50.02
41.15
61.44
53.78
44.49
61.57
37.85
27.84
47.35
51.44
39.89
50.82
48.22
51.63
47.24
47.96
50.15
49.43
41.55
20.13
54.58
45.37
56.11
51.28
50.09
69.56
65.39
34.7
64.43
25.19
42.82
55.87
50.06
46.37
57.77
43.88
33.21
56.82
39.61
58.4
53.55
65.75
52.49
58.46
49.33
43.38
53.64
42.6
32.75
60.99
53.79
31.81
66.04
54.67
53.68
37.89
78.46
17.8
45.09
61.91
43.84
41.78
28.43
45.49
39.02
58.94
34.3
25.54
30.98
36.31
38.82
47.59
45.13
41.71
23.93
55.91
44.29
57.57
40.15
55.55
61.34
41.27
54.21
70.35
49.71
35.91
47.89
54.83
43.02
10.89
37.54
73.79
58.15
33.51
76.38
21.88
55.1
16.85
62.06
48.03
45.78
47.36
43.36
30.49
39.38
55.33
42.54
49.26
27.68
54.91
44.15
35.63
53.46
42.04
53.11
46.31
68.67
76.09
37.22
52.09
54.67
46.16
54.3
63.38
38.64
42.54
45.07
58.25
53.89
52.96
52.61
46.47
60.84
47.78
61.61
31.93
58.63
32.88
41.47
50.76
38.65
47.11
45.49
32.91
52.17
48.67
25.32
41.14
10.14
50.13
34.05
44.73
33.13
43.25
49.75
44.32
39.84
37.23
40.45
75.87
43.97
28.31
52.74
33.0
51.47
44.53
33.75
38.21
24.54
51.26
50.24
44.69
33.89
43.52
42.82
47.45
41.19
21.04
50.11
48.07
46.87
60.65
59.13
42.14
48.07
49.38
15.84
12.66
49.41
30.14
30.86
40.85
41.63
30.46
35.2
54.32
34.41
14.24
72.01
73.88
49.86
44.15
70.83
30.78
45.7
61.47
61.91
53.8
18.43
35.19
46.48
59.37
44.97
21.56
41.03
32.93
27.35
40.68
36.93
28.13
22.09
46.26
41.35
45.09
50.95
28.71
17.48
42.31
24.16
28.89
26.84
61.62
54.5
58.08
52.12
27.69
71.94
57.02
57.22
42.79
16.18
33.05
42.93
49.09
46.38
18.2
53.9
55.46
46.55
38.86
45.48
51.84
40.31
49.96
46.84
33.59
37.95
19.31
43.92
56.92
40.71
43.88
52.62
40.5
41.7
73.58
39.81
49.47
57.3
37.52
21.23
40.61
39.71
46.75
60.84
45.0
67.06
50.09
61.91
43.44
47.51
50.47
59.26
35.28
41.29
35.23
63.2
52.83
25.15
50.53
27.67
32.4
62.36
42.03
34.29
45.79
47.4
57.38
61.6
61.78
67.28
43.84
67.52
48.44
53.78
24.37
57.14
36.95
50.98
55.13
52.64
45.16
48.16
31.17
39.3
32.74
53.72
45.97
86.44
46.74
48.47
46.32
54.52
52.25
65.49
45.51
47.82
47.77
58.65
40.8
49.31
63.02
35.69
58.31
64.11
60.64
55.21
24.53
12.57
68.28
61.43
49.2
33.08
39.21
50.79
35.56
68.11
71.39
43.29
68.22
49.59
66.79
39.45
43.06
72.7
54.02
50.33
24.79
40.95
56.49
63.87
40.58
41.55
65.68
37.82
50.51
39.28
38.01
55.83
41.74
50.81
49.78
54.23
41.13
37.95
58.15
37.48
42.14
37.79
46.31
68.16
73.36
43.8
52.15
44.24
55.35
32.98
47.64
51.63
27.04
44.2
39.98
52.04
32.94
46.68
33.75
33.45
35.65
31.4
48.63
52.27
24.69
33.87
38.69
33.93
49.93
53.55
49.39
61.44
39.69
40.8
43.29
56.02
46.37
70.76
44.31
44.5
31.77
38.55
51.76
42.24
53.36
66.39
58.37
53.57
45.74
48.88
33.18
50.28
62.58
40.68
23.48
57.07
67.1
58.12
53.79
52.85
33.72
51.02
58.83
64.64
43.92
44.86
43.44
24.51
46.53
62.9
53.42
59.73
57.86
49.1
50.77
51.75
40.74
41.39
58.12
45.58
58.7
28.54
45.28
55.69
64.01
33.63
55.82
22.14
66.23
46.53
41.43
46.49
40.53
18.48
39.46
40.99
38.61
38.46
42.26
60.32
19.11
50.02
63.02
45.99
56.55
59.75
43.0
39.74
39.29
31.47
35.53
56.75
40.11
44.54
26.43
19.69
48.38
57.12
56.75
37.68
42.94
31.62
68.16
64.79
26.18
48.14
30.57
57.74
47.76
45.67
45.15
58.89
59.32
56.41
60.68
43.17
48.2
39.58
60.08
36.24
44.97
62.34
45.12
23.12
45.4
26.63
45.81
72.57
47.57
25.95
39.43
44.59
39.2
38.86
30.39
37.02
42.12
55.99
67.75
52.26
28.1
48.49
37.5
30.2
46.85
51.28
44.13
28.22
49.5
41.37
8.819
41.83
64.33
31.52
49.23
51.91
44.96
35.09
48.41
57.38
31.35
73.23
48.71
47.15
53.92
54.21
61.42
59.68
44.56
37.05
52.2
29.72
54.13
53.63
43.05
62.41
45.49
23.72
14.87
34.7
56.5
42.83
21.66
60.36
70.8
55.23
58.74
47.71
42.71
42.7
52.31
42.1
32.28
29.49
31.4
28.46
46.71
44.21
54.6
57.7
44.08
29.08
38.29
34.04
46.82
40.36
64.84
43.14
31.63
28.52
43.64
46.22
53.94
27.24
58.37
42.61
49.7
43.32
55.49
52.34
50.14
44.91
48.47
33.68
59.84
46.7
44.86
41.82
46.27
62.63
47.74
53.57
36.15
23.74
42.74
45.72
39.79
41.52
55.32
30.39
51.08
49.08
43.65
44.0
64.48
50.06
54.21
42.58
50.9
42.03
38.92
46.46
29.12
33.67
24.37
52.26
41.79
34.71
45.86
47.71
57.71
43.17
53.3
40.26
60.02
55.0
34.83
60.96
36.93
40.78
34.71
48.64
71.44
30.72
43.41
50.5
65.85
60.73
47.3
35.66
57.63
38.51
58.26
44.17
41.18
47.37
55.11
22.64
49.74
39.98
39.8
40.65
25.39
48.78
59.82
48.12
49.24
66.95
61.44
50.28
32.87
44.84
55.81
37.7
37.77
49.65
61.66
58.1
66.04
37.81
48.98
20.56
60.09
27.65
18.86
40.26
12.14
18.12
14.88
12.42
41.93
43.16
70.93
42.08
38.37
28.66
47.66
45.99
35.47
42.98
53.15
46.9
60.44
26.95
41.98
15.97
43.1
37.26
32.69
40.86
50.11
49.94
26.7
29.01
38.84
54.14
45.81
43.48
40.83
50.93
55.21
58.49
35.86
43.29
74.18
72.27
56.89
48.55
48.02
45.86
56.21
35.92
56.05
58.91
53.86
0.6118
54.65
36.34
52.78
46.74
51.82
50.66
17.95
46.61
40.07
68.44
46.45
35.98
41.26
67.29
37.73
50.92
48.35
39.33
60.2
52.88
46.52
59.4
26.6
49.23
58.53
56.18
49.56
68.19
50.79
45.82
46.73
42.55
58.15
49.47
56.22
14.93
52.34
61.8
51.81
38.54
36.85
26.75
59.73
35.9
27.65
55.72
44.13
55.92
22.05
51.43
49.16
44.37
32.92
61.43
57.07
50.38
37.17
22.24
65.44
42.49
46.98
73.25
37.77
52.29
46.59
52.35
59.69
52.78
54.5
47.38
43.31
49.67
40.3
45.3
54.95
49.62
33.77
35.41
49.13
55.76
50.41
27.23
49.16
51.13
57.93
45.6
45.09
37.79
58.85
28.61
57.05
36.16
55.93
39.74
54.17
44.12
43.46
51.28
44.23
43.71
43.59
31.94
48.47
40.79
58.24
46.2
18.65
53.18
55.54
54.83
44.98
43.83
45.34
51.4
49.65
57.62
23.18
47.67
53.46
24.69
53.74
52.2
39.33
53.5
59.15
45.54
48.65
50.33
52.98
35.22
48.94
39.32
56.05
