0.0773
0.01126
0.0
0.2623
0.1961
0.03132
0.0
0.01124
0.4923
0.1099
0.145
0.08535
0.03889
0.4124
0.002041
0.07306
0.2946
0.02908
0.05161
0.1506
0.02853
0.032
0.2499
0.2318
0.2515
0.03919
0.01529
0.1253
0.3093
0.1079
0.0474
0.008902
0.106
0.1043
0.3256
0.0245
0.04099
0.02047
0.03788
0.3517
0.07476
0.05798
0.321
0.06327
0.06664
0.06583
0.0815
1.351e-08
0.2747
0.278
0.1218
0.0
0.04187
0.06242
0.2777
0.3736
0.1504
0.1155
0.04903
0.02014
0.04615
0.07594
0.0813
0.1784
0.08267
0.09969
0.0
0.1041
0.06467
3.925e-08
0.4655
0.1911
0.2855
0.1152
0.1203
0.0
0.0409
0.09729
0.1229
0.08863
0.04583
0.0
0.06664
0.08371
0.09132
0.003208
0.1868
0.04811
0.04573
0.1068
0.01847
0.0185
0.0
0.03366
0.6345
0.09461
0.2837
0.2069
0.5048
0.1994
0.078
0.05971
0.11
0.1115
0.4866
1.495e-08
0.4213
0.3433
0.02293
0.2171
0.01274
0.1756
0.0579
0.0
0.1784
0.1429
0.001027
0.1042
0.0307
0.04
3.134e-08
0.04929
0.07182
0.1676
0.05255
0.08996
0.06232
0.08105
0.07029
0.1874
0.01237
0.05409
0.01202
0.1805
0.3838
0.1944
0.2286
0.04241
0.0232
0.03661
0.009545
0.218
0.08098
0.05323
0.4443
0.06137
0.0
0.06965
0.2601
0.02122
0.02735
0.05057
0.2901
0.04743
0.04987
0.4043
0.3961
0.06119
0.05101
0.22
0.04884
0.0
0.05999
0.287
0.04789
0.07319
0.0
0.08836
0.06291
0.3231
0.3064
0.1093
0.2523
0.05428
0.1105
0.2595
0.04748
0.1529
0.03938
1.591e-08
0.05721
0.04156
0.01986
0.1853
0.2126
0.06886
0.1959
0.02077
0.4179
0.08963
0.3105
0.4349
0.3953
0.4404
0.08836
0.025
0.1092
0.04521
0.104
0.0
0.1083
0.06439
0.2935
0.09431
0.2229
0.3062
0.009247
0.2769
0.2945
0.216
0.1029
0.0
0.05243
0.1037
0.02953
0.02321
0.1545
0.2937
0.2339
0.04052
0.04892
0.3752
0.2199
0.1318
0.2367
0.1329
0.1671
0.2472
0.1086
0.2623
0.01832
0.04451
0.4991
0.4464
0.112
0.2808
0.2847
1.258e-08
0.07833
0.0
0.03532
0.0
0.156
0.2794
0.0
0.01413
0.1174
0.06668
0.03998
0.04776
0.04756
0.1048
0.0672
0.08997
0.06902
0.5413
0.2124
0.09097
0.08267
0.1831
0.03258
0.01183
0.2541
0.0
0.02098
0.6362
0.008519
0.04448
0.06585
0.1416
0.0
0.04207
0.02823
0.07124
0.2673
0.2094
0.0
0.02627
0.298
0.08272
0.04651
0.1136
0.07535
0.2293
0.1015
0.02993
0.1995
0.0
0.1024
0.4951
0.3062
0.1216
0.3053
0.04163
0.1273
0.1853
0.0
0.06954
0.2982
0.2172
0.1373
0.2474
0.03361
0.009315
0.07139
0.03848
0.2077
0.06068
0.1278
0.1822
0.09132
0.4366
0.05125
0.07613
0.1139
0.1448
0.06408
0.1282
0.1576
0.09088
0.2457
0.0971
0.2099
0.1065
0.08998
0.05015
0.2253
0.1431
0.052
0.08741
0.05697
0.263
0.2503
0.2642
0.1525
0.06175
0.01404
0.06243
0.1437
0.3423
0.152
0.08202
0.1807
0.1087
0.0
0.6392
0.0
0.07796
0.02268
0.02079
0.1333
0.0
0.1225
0.08515
0.09742
0.07507
0.03347
0.0
0.088
0.2758
0.1398
0.08228
0.2641
0.4517
0.0401
0.02007
0.1722
0.0
0.07057
0.04115
0.03845
0.2769
0.3309
0.04335
0.06926
0.09742
0.07215
0.0
0.06244
0.02583
0.01839
4.069e-08
0.1202
0.07006
0.05648
0.239
0.2655
0.2014
0.1773
0.07843
2.562e-08
0.04016
0.1419
0.1565
0.1606
0.1323
0.129
0.08229
0.08164
0.1271
0.3033
0.03947
0.005977
0.04969
0.1332
0.1994
0.04184
0.09766
0.3509
0.05156
0.0446
0.2292
0.1463
0.04531
0.1011
0.1014
0.04447
0.09669
0.07565
0.09374
0.06823
0.07353
0.0
0.0
0.09605
0.1483
0.04745
0.2637
0.0
0.08108
0.03763
0.07796
0.0175
0.02357
0.408
0.1308
0.244
0.1077
0.06389
0.0226
0.9569
0.0
0.0
0.1438
0.0895
0.03747
0.03341
0.3188
0.01609
1.694
0.1879
0.2443
0.1923
0.1734
0.1282
0.4203
0.03467
0.3641
0.0
0.3445
0.07027
0.0
0.112
0.09283
0.0813
0.1216
0.0602
0.09071
0.05762
0.02116
0.07331
0.5754
0.08986
0.03825
0.4981
0.1576
0.02694
0.211
0.07554
0.0
3.807e-08
0.3017
0.1166
0.1398
0.1089
0.09708
0.0273
0.0
0.009034
0.06083
0.2498
0.09171
0.6214
0.07314
0.02714
0.2187
0.5197
0.0
0.3366
0.0288
0.0
0.0486
0.0
0.09761
0.001373
0.1403
0.04611
0.04122
0.08099
0.1443
0.08213
0.03665
0.1754
0.06337
0.1727
0.01202
0.03881
0.0558
0.1685
0.02327
0.05908
0.2584
0.03472
0.04871
0.05953
0.1634
0.1812
0.02795
0.2509
0.05715
0.07811
0.03557
0.1582
0.7176
0.09196
0.0
0.0751
0.1745
0.06253
0.1725
0.04304
0.02165
0.1392
0.05953
0.05583
0.09437
0.531
0.06633
0.0582
0.05889
0.09763
0.2404
0.135
0.03666
0.09156
0.02911
0.07263
0.1126
0.05902
0.03476
0.1755
0.05549
0.1622
0.1976
0.0
0.08249
0.3341
0.07323
0.06117
0.06021
0.08635
0.02633
0.09084
0.0
0.06035
0.04563
0.2227
0.3253
0.4713
0.0
0.07875
0.0
0.04428
0.09044
0.09918
0.4924
0.26
0.1619
0.0
0.05719
0.09977
0.1559
0.01399
0.04497
0.1109
0.152
0.2788
0.03483
0.02753
0.06368
0.08081
0.1164
0.0
0.1785
0.0
0.1667
0.2109
0.0831
0.06537
0.08287
0.08913
0.1799
0.1513
0.0
0.1888
0.3052
0.008987
0.2175
0.03872
0.06774
0.0104
0.2762
0.1711
0.07688
0.2285
0.0383
0.002954
0.09801
0.1536
0.2484
0.05296
0.0
0.0
0.1537
0.3752
0.0
0.1501
0.1017
0.3846
0.176
0.04096
0.2814
0.05011
0.4197
0.1802
0.03186
0.1325
0.1664
0.186
0.2674
0.0
0.1576
0.2699
0.0213
0.04073
0.1111
0.02344
0.0
0.07772
0.0115
0.1499
0.04518
0.02956
0.1895
0.1939
0.1799
0.4344
0.0435
0.05153
0.0784
0.09137
0.0
0.3022
3.229e-08
0.1606
0.0
0.1107
0.3121
0.03377
0.3274
0.0
0.07883
0.07476
0.453
0.1268
0.1927
0.3219
0.105
0.05272
0.02163
0.1546
0.2963
0.181
0.07067
0.3397
0.05872
0.03799
0.0
0.2075
0.06639
0.05906
0.0
0.01808
0.1166
0.2015
0.02381
0.0369
0.07354
0.1233
0.07261
0.2626
0.1357
0.02517
0.1045
0.07999
0.02669
0.0
0.04594
0.08776
0.1188
0.169
0.04608
0.4585
0.09205
0.2462
0.0401
0.02725
0.2126
0.1628
0.05709
0.04462
0.3152
0.2011
0.09486
0.05619
0.4445
0.1042
0.01613
0.2359
0.06113
0.3507
0.03799
0.0104
0.2261
0.0247
0.08501
0.0
0.169
0.1223
0.0
0.0979
0.1878
0.09181
0.1416
0.1207
0.1438
0.04241
0.0668
0.08689
1.351e-08
0.1057
0.02853
0.1979
0.1131
0.1909
0.1737
0.1352
0.2287
0.08984
0.02634
0.04329
0.2808
0.09554
0.1098
0.2549
0.06188
0.2267
0.06087
0.03615
0.02303
0.04508
0.1136
0.03942
0.0
0.0
0.05576
0.2299
0.1708
0.1731
0.2734
0.0
0.1657
0.2196
0.1257
0.09099
0.1999
0.1438
0.06669
0.03785
0.02979
0.07591
0.09357
2.948e-08
0.1976
0.02663
0.1347
0.351
0.05719
0.08311
0.3249
0.01786
0.0
0.03843
0.359
0.08556
0.3588
0.0
0.2052
0.1313
0.1835
0.2955
0.3826
0.0
0.04218
0.1577
0.1331
0.299
0.3209
0.0
0.08289
0.1373
0.07046
0.03957
0.3242
0.06102
0.06197
0.1329
0.0
0.03506
0.1725
0.101
0.05711
0.07787
0.09179
0.01895
0.5935
0.1061
0.04859
0.05214
0.1654
0.1671
0.1992
0.0
0.05712
0.05424
0.0418
0.03913
0.011
0.1174
0.1864
0.0
0.2328
0.1435
0.2378
0.06849
0.0
0.03513
0.1215
0.1415
0.1119
0.2247
0.02642
0.2106
0.02306
0.07333
0.05849
0.2468
0.1933
0.05337
0.2436
0.2403
0.03957
0.0672
0.4353
0.3113
0.04226
0.1199
0.03861
0.0
0.0
0.2285
0.07875
0.07345
0.09374
0.106
0.05656
9.038e-09
0.3176
0.04311
0.0587
0.2157
0.01546
1.325e-08
0.1154
0.05116
0.3242
0.05878
0.09357
0.0
0.1054
0.1562
0.0
0.4146
0.3302
0.2435
0.3712
0.07406
0.2627
0.06316
0.1836
0.1109
0.05562
0.01077
0.1037
0.2058
0.4561
0.02751
0.1325
0.4834
0.06495
0.3186
0.0728
0.1261
0.1045
0.2644
0.1602
0.0747
0.0
0.1236
0.04421
0.2883
0.2443
0.04479
0.09799
0.07779
0.05737
0.06959
0.01736
0.1097
0.2284
0.04378
0.2683
0.1073
0.0
0.0
0.0
0.1802
0.1172
0.2015
0.05433
0.0823
0.2152
0.1321
0.1246
0.3338
0.08621
0.0524
0.07107
0.08733
0.1043
0.05591
0.0
0.3816
0.08319
0.1487
0.2013
0.03135
0.0
0.1156
0.1255
0.0
0.03016
0.2284
0.09843
0.05747
0.06974
0.09457
0.1902
0.2129
0.01606
0.2841
0.4359
0.2295
0.07811
0.6055
0.02025
0.08683
0.1625
0.2909
0.1478
0.1108
0.03233
0.0
0.1682
0.08213
0.04578
0.1582
0.1065
0.1077
0.02705
0.1864
0.0
0.02443
0.4381
0.06627
0.8293
0.1438
0.1166
0.08828
0.02661
0.2663
0.04902
0.03459
0.3393
0.1754
0.2163
0.1272
0.4569
0.1477
0.05679
0.1881
0.1734
0.0756
0.03741
0.0801
0.6331
0.0105
0.05559
0.06186
0.3384
0.1538
0.08346
0.1368
0.01557
0.03026
0.263
0.06551
0.0277
0.2318
0.106
0.02561
0.163
0.1256
0.089
0.04715
0.0
0.1323
0.2978
0.09325
0.1484
0.1265
0.2069
0.06237
0.1667
0.11
0.2666
0.008591
0.02526
0.0
0.7398
0.0
0.06481
0.04746
0.113
0.1974
0.09554
0.08443
0.212
0.1188
0.1072
0.7796
0.09395
0.1603
0.1077
0.0
0.1189
0.08464
0.0
0.157
0.0
0.04801
0.1499
0.05909
0.08778
0.06277
0.0
0.1025
0.03358
0.02443
0.03094
0.0
0.09573
0.08632
0.1895
0.09979
0.06046
0.2003
0.1047
0.3624
0.07636
0.1773
0.05591
0.0
0.2404
0.1129
0.08805
0.1846
0.03947
0.0
0.2764
0.05261
0.1256
0.04191
0.426
0.04336
0.08371
0.078
0.02834
0.05818
0.06568
0.06165
0.2464
0.0
0.2199
0.1773
0.0
0.4411
0.1603
0.2882
0.1071
0.09156
0.07454
0.1877
0.03628
0.1441
0.03833
0.06942
0.0
0.09591
0.08515
0.3565
0.2898
0.3881
0.05762
0.5906
0.05624
0.02633
0.05463
0.1329
0.356
0.03986
0.1207
0.0
0.04311
0.05517
0.3078
0.1153
0.1065
0.419
0.1628
0.01769
0.2059
0.06902
0.07184
0.006367
0.2546
0.3641
0.1463
0.0
0.1361
0.1697
0.02841
0.0
0.2284
0.1499
0.04644
0.0303
0.1367
0.03571
0.1106
0.2627
0.04826
0.1013
0.0
0.0
0.07472
0.07697
0.1188
0.1477
0.07419
0.1137
0.1892
0.1209
0.03679
0.1017
0.4829
0.1625
0.0458
0.08297
0.177
0.2445
0.1317
0.1734
0.0
0.1242
0.07261
0.0
0.0
0.0
0.1398
0.05215
0.0308
0.09504
0.0527
0.2328
0.03208
0.0319
0.02436
0.1496
0.05904
0.0
0.06195
0.07336
0.09119
0.3118
0.1022
0.0
0.06835
0.2407
0.04946
0.1551
0.08687
3.288e-08
0.07936
0.34
0.07084
0.3017
0.05912
0.4734
0.0
0.09892
0.00316
0.199
0.05679
0.1198
0.003279
0.04012
0.04301
0.1478
0.08902
0.1425
0.2659
0.4366
0.04422
0.1694
0.02713
0.06164
0.2252
0.04938
0.1195
0.1035
0.2674
0.2527
0.007986
0.184
0.3517
0.1013
0.005902
0.1478
0.02667
0.3691
0.08797
0.07382
0.05342
0.04055
3.966e-08
0.236
0.05116
0.3801
0.1581
0.1256
0.03093
0.1373
1.035
0.0
0.2255
0.059
0.2117
0.1418
0.1442
0.24
0.06269
0.0483
0.08448
0.05915
0.1415
0.1172
0.3093
0.06112
0.1484
0.06511
0.2686
0.04056
0.04921
0.0
0.06087
0.03703
0.06457
0.2823
0.07673
0.01986
0.09552
0.2954
0.0
0.07974
0.3622
0.03007
0.1145
1.855e-08
0.02135
0.04058
0.07711
0.1654
0.02911
0.4429
0.04334
0.1004
0.0
0.07345
0.1067
0.07949
0.1107
0.3155
0.06013
0.02117
0.33
0.1443
0.2523
0.2895
0.07296
0.04576
0.176
0.01557
0.05379
0.03324
0.0
0.06139
0.09444
0.1202
0.0
0.2262
0.0341
0.1708
0.02161
0.03635
0.05273
0.08244
0.1199
0.293
0.177
0.0
0.07088
0.02357
0.04193
0.04389
0.1781
0.04997
0.1073
0.0242
0.3065
0.01471
0.0
0.05363
0.167
0.03623
0.2754
0.04645
0.0
0.005977
0.05842
0.06579
0.0
0.04228
1.903e-08
0.342
0.0
0.0
0.03748
0.0704
0.005686
0.1321
0.0
0.1794
0.04463
0.06561
0.02833
0.0
0.07989
0.01861
0.1317
0.04792
0.2242
0.7373
0.07033
0.05294
0.1062
0.02777
0.04888
0.05634
0.3075
0.02761
0.1727
0.1154
0.1671
0.0434
0.0
0.1126
0.03659
0.04936
0.307
0.09573
2.46e-08
0.09154
0.3331
0.4523
0.7184
0.0
0.07306
0.1418
0.07717
0.0
0.08873
0.05477
0.1087
0.2272
0.4066
0.2014
0.4183
0.01472
0.02509
0.0
0.02985
0.09005
0.04371
0.1625
0.03653
0.1126
0.0446
0.3356
0.04365
0.2505
0.05559
0.4875
0.2778
0.0
0.3139
0.1767
0.2419
0.05647
0.2157
0.1711
0.06774
0.1129
0.0
2.912e-08
0.06681
0.06132
0.04024
0.07764
0.1262
0.05209
0.07851
0.07669
0.06559
0.03235
0.03151
0.081
0.08996
0.1483
0.0
0.1424
0.03501
0.0422
0.0
0.0
0.3371
0.4683
0.08673
0.0
0.1248
0.09545
0.0
0.0
0.0
0.1615
0.0
0.1387
0.3753
0.02223
0.3172
0.02294
0.156
0.1444
0.04102
0.1545
0.09454
0.1118
0.06955
0.02078
0.05053
0.06257
0.03455
1.315e-08
0.0
0.03472
0.06874
0.03667
0.05098
0.001165
0.0
0.2436
0.03793
0.04935
0.0605
0.3194
0.8924
0.07067
0.0
0.0396
0.04793
0.2109
0.05911
0.04417
0.1552
0.2326
0.0864
0.04888
0.274
0.3986
0.0
0.02966
0.0
0.1273
0.0
0.2448
0.03032
0.2482
2.249e-08
0.1005
0.03659
0.1841
0.1403
0.0362
0.4094
0.08266
0.04085
0.04908
0.3192
0.298
0.089
0.106
0.4694
0.3771
0.04865
0.2901
0.08248
0.1017
0.4515
0.2641
0.05002
0.0
0.06922
0.0
0.1157
0.0
0.05446
0.0
0.003464
0.04107
0.03723
0.1059
0.6098
0.07834
0.3845
0.04917
0.06556
0.2168
0.0
0.0
0.112
0.05697
0.2613
0.1307
0.7613
0.4381
0.3969
0.08386
0.006507
0.2783
0.03351
0.08068
0.04463
0.3782
0.05983
0.0
0.153
0.5125
0.112
0.0
0.02719
0.2651
0.02764
0.04912
0.06557
0.1846
0.02503
2.187e-08
0.04977
0.1441
0.07719
0.1639
0.1398
0.2942
0.04981
0.6606
0.1272
0.03384
0.7635
0.1591
0.08572
0.0
0.0
0.5123
0.04923
0.06983
0.0
0.06053
0.2114
0.02724
0.04795
0.0
0.1657
0.01415
0.0971
0.1702
0.07714
0.1272
0.4433
0.0
0.1786
0.0
0.1313
0.1623
0.2906
0.06801
0.06143
0.0873
0.0772
0.0
0.005358
0.1407
0.1459
0.1781
0.2172
0.05684
0.2623
0.2943
0.1579
0.08719
0.07046
0.1546
0.08572
0.101
0.1153
0.07968
0.03048
0.07949
0.07688
0.07693
0.0302
0.1631
0.04595
0.05234
0.2077
0.02556
0.0226
0.03785
0.1256
0.1363
9.774e-09
0.0239
0.2422
0.2302
0.03256
0.08427
0.008616
0.0
0.06925
0.07061
0.04106
0.1359
0.1059
0.5345
0.02486
0.05128
0.02431
0.1308
0.1631
0.03181
0.03439
0.1227
0.03026
0.1939
0.0
0.09648
0.0599
0.2614
0.2447
0.07542
0.1015
0.04217
0.05128
0.1199
0.5841
0.1682
0.2762
0.0365
0.2284
0.4089
0.0
0.0
0.01889
0.1189
0.1092
0.03486
0.05574
0.05692
0.09882
0.1272
0.2399
0.09389
0.0728
0.09937
0.1036
0.09111
0.03006
0.02128
0.2996
0.2503
0.03037
0.06409
0.2304
0.3697
0.3573
0.04078
2.948e-08
0.001509
0.08755
0.05966
0.09605
0.05637
0.2464
0.2628
0.02619
0.1823
0.08635
0.07873
0.1648
0.04394
0.0
0.09132
0.5248
0.2546
0.06777
0.184
0.04705
0.1318
0.2319
0.03772
0.0
0.2484
0.1823
0.1836
0.263
0.03324
0.4084
0.0
0.06139
0.001066
0.2629
0.05147
0.1437
0.1232
0.04871
0.05313
0.04501
0.09226
0.2848
0.06177
0.1048
0.05493
0.376
0.1755
0.07533
0.002984
0.109
0.2823
0.06612
0.03572
0.0656
0.1495
0.09918
0.07457
0.06452
0.08148
1.414e-08
0.06675
0.04754
0.0
0.05347
0.1136
0.07839
0.08267
0.0
0.07724
0.1236
0.0
0.1035
0.02555
0.1494
0.05399
0.02639
0.2011
0.4041
0.388
0.05711
0.1123
0.3263
0.1272
0.2388
0.003981
0.227
0.1275
0.1032
0.167
0.0
0.04363
0.156
0.03145
0.3719
0.06962
0.081
0.08999
0.4621
0.1031
0.0454
0.1294
0.02616
0.2403
0.3011
0.0
0.03328
0.1791
0.04728
0.4041
0.1791
1.17
0.311
0.01983
0.2909
0.09699
0.01833
0.05791
0.1048
0.04112
0.1332
0.0889
0.09227
0.1805
0.04944
0.1888
0.2001
0.02736
0.0
0.3073
0.07722
0.0
0.04279
0.03909
0.03938
0.218
0.08039
0.09701
0.0
0.1639
0.1588
0.1417
0.2511
0.06928
0.01913
0.04027
0.0
0.03541
0.04801
0.0557
0.3997
0.5235
0.09742
0.2546
0.04359
0.05677
0.0
0.04719
0.1648
0.3845
0.2802
0.08009
0.05687
0.03644
0.07518
0.1128
0.1361
0.1036
0.3424
0.1217
0.0699
0.0
0.08021
0.379
0.254
0.06192
0.1129
0.1262
0.3069
0.09013
0.09098
0.09642
0.1555
0.04895
0.09726
0.2056
0.03678
0.07929
0.1167
0.3579
0.7184
0.0
0.06704
0.2398
0.3051
0.07067
0.531
0.01657
0.1271
0.2557
0.02337
0.03301
0.09401
0.05858
0.0
0.1188
0.06605
0.007609
0.06139
0.4163
0.2388
0.07192
0.07571
0.058
0.3572
0.03289
0.4664
0.02597
0.0
0.2128
0.1431
0.01774
0.1694
0.03132
0.217
0.06781
0.05151
0.02838
0.2018
0.09241
0.1715
0.313
0.477
0.01942
0.4082
0.03272
0.0449
0.07871
0.5283
0.09761
0.02882
0.0
0.0758
0.4776
0.0
2.795e-08
0.04912
0.05239
0.0
0.1051
0.2458
0.5088
0.04648
0.05903
0.1131
0.3186
0.04566
0.04332
0.087
0.0218
0.2973
0.04418
0.1689
0.299
0.0
0.113
0.08906
0.3768
0.06346
0.1604
0.02972
0.08568
0.04395
0.3558
0.1263
0.003208
0.05519
0.1255
0.0
0.0431
0.2678
0.0
0.1107
0.0
0.33
0.0
0.01073
0.09406
0.06196
0.05622
0.1105
0.05004
0.0
0.02611
0.09689
0.09742
0.0
0.06161
0.2847
0.02566
0.07374
0.09463
0.4293
0.0
0.112
0.0
0.07499
0.05409
0.4416
0.03854
0.03475
0.0245
0.2809
0.00316
0.07419
0.3997
0.0
0.07563
0.07877
0.258
0.1501
0.02667
0.2855
0.0
0.05081
0.09788
0.1416
0.04849
0.03235
0.1343
0.1827
0.1315
0.1004
0.1811
0.7373
0.01874
0.05211
0.02796
0.09682
0.0955
0.2259
0.1917
0.0
0.09669
0.4365
0.1622
0.0
0.1657
0.3586
0.0
0.6124
0.01063
2.562e-08
0.2183
0.08913
0.07426
0.1347
0.02827
0.2903
0.1656
0.0
0.5849
0.0488
0.01637
0.08028
0.04912
0.2114
0.06436
0.1272
0.02288
0.08266
0.106
0.06557
0.1588
0.313
0.08356
0.2686
0.0864
0.4063
0.1004
0.05271
0.1412
0.0
0.02769
0.05866
0.1435
0.1504
0.04627
0.1868
0.2517
2.795e-08
0.1242
0.05353
0.08489
0.1152
0.101
0.1522
0.03407
0.578
0.1128
0.1072
0.04236
0.04592
0.0
0.03029
0.1831
0.0
0.08388
0.1407
0.04854
0.1035
0.08311
0.0859
0.06786
0.4361
0.1123
0.5257
0.04537
0.3357
0.04865
0.06479
0.08977
0.03201
0.09006
0.1037
0.03424
0.04019
0.04186
0.02007
0.08523
0.06433
0.1453
0.0598
1.536
0.0
0.05269
0.07864
0.04143
0.0005164
0.2133
0.07947
0.1822
0.05973
0.3931
0.2287
0.3529
0.04488
0.1227
0.0
0.03908
0.1125
0.06585
0.3586
0.1669
0.1714
0.1194
0.3689
0.04103
0.212
0.0
0.6354
0.2972
0.04814
0.07811
0.2794
0.0693
0.2592
0.07426
0.1811
0.1087
0.2673
0.04333
1.768e-08
0.03612
0.0
0.0
0.07353
0.3374
0.09613
0.1841
0.03113
0.06895
0.0106
0.06424
0.06928
0.05013
0.08993
0.03894
0.06868
0.2741
0.2187
0.0
0.0
0.2788
0.0104
0.04763
0.3157
0.2659
0.3507
0.4085
0.218
0.06494
0.04526
0.0855
0.1477
0.01481
0.2272
0.09328
0.1773
0.07843
0.1385
0.1974
0.3266
0.05751
0.002954
0.403
0.3636
0.08535
0.0
0.08969
0.07312
0.0
0.03665
0.0313
0.1239
0.1577
0.08102
0.07066
0.08868
0.0
0.1877
0.04938
0.0
0.09615
0.6606
0.2326
0.09758
0.0
0.01779
0.263
0.09619
0.1913
0.1477
0.04259
0.05719
0.0
0.06367
0.08535
0.1499
0.1373
0.2391
0.04212
0.03613
0.1152
0.0
0.07515
0.304
0.4688
0.4598
0.06351
0.04166
0.219
0.0376
0.2638
0.116
0.1495
0.06288
0.153
0.07283
0.1262
0.09128
0.09547
0.0566
0.05671
0.5892
0.4432
0.116
0.07506
0.1671
0.09028
0.0873
0.03057
0.2938
0.0
0.07232
0.08583
1.729e-08
0.2526
0.0
0.03785
0.03737
0.06561
0.0773
0.0
0.01852
0.5194
0.07517
0.06187
0.3374
0.3052
0.07017
0.05149
0.01219
0.04214
0.0
0.0
0.1079
0.0
0.2393
0.03266
0.03848
0.0
0.254
0.3801
0.1245
0.03274
0.02276
0.0
0.1229
0.03495
0.0
0.3727
0.05679
0.005048
0.2346
0.0
0.4403
0.05097
0.5987
0.263
0.1484
0.04198
0.04708
0.06164
0.02753
0.3756
0.07455
0.07673
0.0
0.05673
0.1595
0.0
0.08327
0.04356
0.2001
0.365
0.03808
0.09082
0.0
0.0
0.04705
0.04715
0.06916
0.1087
0.05098
0.0
0.3014
0.05631
0.0
0.07311
0.07196
0.04363
0.07838
0.0555
0.342
0.01761
0.54
0.1038
0.0
0.2701
0.02089
0.07949
0.02655
0.0
0.04259
0.1093
0.04756
0.03968
0.3538
0.1319
0.04636
0.1025
0.0
0.0614
0.1036
0.06583
0.06817
0.06407
1.96e-08
0.2824
0.05483
0.4741
0.2365
0.07862
0.0329
0.1167
0.07269
0.1139
0.0
0.2052
0.02014
0.07084
0.09884
0.3948
0.07209
0.04462
0.0
0.01805
0.03737
0.04548
0.09935
0.07223
0.3982
0.0387
0.1091
0.0
0.1199
0.08347
0.01342
0.4623
0.07477
0.1917
0.05548
0.1293
0.1222
0.07873
0.05236
0.1537
0.007214
0.4641
0.02047
0.01047
0.199
0.03201
0.5042
0.07739
0.2659
0.1657
0.2243
0.04783
0.4358
0.1108
0.05337
0.005138
0.08688
0.004498
0.02772
0.03679
0.04107
0.08448
0.0
0.02878
0.3566
0.03681
0.08677
0.03499
0.04345
0.3192
0.05408
0.01712
0.01427
0.07502
0.05536
0.1794
0.1664
0.07779
0.3186
0.4036
0.02011
0.0
0.09873
0.08023
0.1162
0.06915
0.285
1.702e-08
0.2219
0.1011
0.07894
0.1083
0.06907
0.0
0.1265
0.02796
0.1281
0.2251
0.01512
0.03169
0.1225
0.03135
0.1456
0.0968
0.1119
0.03606
0.3845
0.1088
0.2013
0.0
0.09061
3.807e-08
0.1701
0.08299
0.08393
0.3241
0.06505
0.07166
0.02001
0.04278
0.07457
0.006248
0.0
0.3677
0.04371
0.03158
0.4349
0.0
0.08375
0.09561
0.05442
0.0
1.96e-08
0.04415
0.06699
0.06303
0.2468
0.1375
0.02364
0.05704
0.06054
0.0
0.062
0.1205
0.2124
0.1106
0.001508
0.1195
0.05568
0.0597
0.08975
0.3069
0.1473
0.04934
0.2371
0.1913
0.01719
0.4025
0.08555
0.0
0.03806
0.0848
0.0553
0.4009
0.4308
0.0
0.07529
0.02959
0.02915
0.01651
0.1714
0.1676
0.04055
0.09679
0.0
0.0
0.2995
0.4998
0.347
0.1359
0.0
0.1198
0.0602
0.08355
0.02339
0.1332
0.3509
0.02912
0.0
0.1976
0.09284
0.254
0.1767
0.04068
0.05057
0.3433
0.04387
0.3176
0.07455
0.09692
0.2419
0.2391
0.2906
0.04571
0.05949
0.1438
0.06268
0.0
0.0
0.1786
0.02244
0.0
0.0
0.6075
0.2136
0.04726
0.0
0.2247
0.01286
0.03818
0.4894
0.0
0.05983
0.0147
0.06352
0.0
0.2823
0.0994
0.0
0.03459
0.02998
0.2474
0.0621
0.05423
0.07623
0.06272
0.04794
0.08094
0.1469
0.09701
0.09693
0.5125
0.02774
0.1034
0.07631
0.04616
0.1395
0.05749
0.1131
0.02822
0.09838
0.5087
0.4197
0.04591
0.03181
0.1229
0.03599
0.03412
0.09866
0.07239
0.07806
0.1992
0.1565
0.02636
0.3771
0.1176
0.07735
0.3151
0.05796
0.07153
0.0
0.0005763
0.03537
0.05326
0.05492
0.09935
0.08327
0.02728
0.2481
0.2505
0.08701
0.04183
0.09098
0.2127
0.1479
0.1123
0.08266
0.1536
0.4622
0.0263
0.4443
0.1495
0.0
0.1125
0.07178
0.358
0.0
0.0
0.2196
0.2657
0.0
0.09495
0.1452
0.009326
0.4914
0.02866
0.1261
0.1083
0.04283
0.0
0.05613
0.1237
0.0
0.3838
0.0
0.3727
0.0
0.0
0.02866
0.04722
0.07371
0.0
0.0
0.09419
0.08795
0.0
0.0
0.07166
0.07012
0.2099
0.06933
0.3186
0.3004
0.06568
0.08965
0.03744
0.0
0.1524
0.4116
0.3299
0.09742
0.1208
0.4862
0.3136
0.09693
0.07542
0.04785
0.01856
0.03116
0.04572
0.105
0.0256
0.2854
0.4732
0.06699
0.1669
0.1322
0.1416
0.01272
0.04964
0.113
0.5614
0.2077
0.0
0.1395
0.2243
0.1737
0.01722
0.0558
0.1412
0.02008
0.0801
0.03504
0.101
0.2393
0.05118
0.3112
0.03845
0.0
0.06727
0.1752
0.08253
0.2942
0.111
0.1538
0.1943
0.06132
0.3414
0.01761
0.06626
0.3484
0.04893
0.1003
0.06769
0.01107
0.3942
0.05904
0.3393
0.08248
0.1689
0.09763
0.08943
0.04568
0.03374
0.0645
0.06474
0.0872
0.05901
0.1175
0.07795
0.2387
0.09226
0.0435
0.06948
0.0
0.0
0.0
0.02217
0.3737
0.4647
0.0
0.02916
0.03027
0.0639
0.02183
0.4047
0.0
0.128
0.07222
0.04484
0.1574
0.3233
0.08805
0.4493
0.0
0.08969
0.1583
0.3515
0.1719
0.0297
0.03676
0.0
0.06921
0.02922
0.0465
0.01162
0.4268
0.08521
0.02144
0.06612
0.0779
0.3433
0.1185
0.2686
0.0
0.0
0.06511
0.0
0.04409
0.1423
0.1444
0.1927
0.05597
0.08493
0.05131
0.03179
0.3525
0.0
0.05587
0.0
0.1983
0.1521
0.2163
0.1129
0.0
0.07394
0.074
0.07875
0.008547
0.07592
0.4184
0.1453
0.04514
0.1499
0.231
0.05576
0.0
0.07088
0.05083
0.4515
0.004301
0.0437
0.04646
0.402
0.1463
0.0675
0.04333
0.09507
0.02634
0.02381
0.0
0.02342
0.0
0.0
0.04686
0.0
0.3875
0.1248
0.05512
0.194
0.0744
0.05199
0.2284
0.2124
0.02374
0.03747
0.04356
0.02703
0.3822
0.0
0.3969
0.005823
0.001024
0.4305
0.02455
0.08267
0.01904
0.1728
0.1916
0.03481
0.07325
0.02401
0.1171
0.04465
0.4091
0.006507
0.263
0.04283
0.009033
0.282
0.3551
0.2407
0.1029
0.05727
0.05945
0.04812
0.05983
0.1656
0.04675
0.02193
0.01384
0.2659
0.2003
0.1398
0.04932
0.04891
0.3256
0.1697
0.7613
0.0
0.01917
0.0
0.03102
0.6545
0.2058
0.0
0.1121
0.07528
0.4909
0.1332
0.2747
0.2527
0.07402
0.05634
0.1099
0.03003
0.1368
0.0
0.0489
0.05504
0.01913
0.02003
0.03867
0.2478
0.244
0.02964
0.0
0.1142
0.0
0.1065
0.0
0.0693
0.0
0.2653
0.2259
0.06953
0.05963
0.07783
0.2152
0.152
0.1203
0.1477
0.07482
0.0665
0.1361
0.06128
0.1061
0.1807
0.3216
0.2255
0.08799
0.05734
0.04598
0.05399
0.1827
0.08424
0.0
0.03347
0.0
0.03213
0.07057
0.04034
0.0
0.04584
0.05915
0.01228
0.09293
0.0291
0.2594
0.4199
0.003158
0.3546
0.025
0.0
0.0979
0.109
0.02518
0.05999
0.5156
0.08546
0.06945
0.0
0.06078
0.1411
0.05044
0.03481
0.04231
0.0
0.04468
0.05302
0.06563
0.07075
0.0
0.4772
0.04078
0.01257
0.08139
0.0
0.09882
0.2631
0.4213
0.07398
0.101
0.3028
0.07838
0.01937
0.3778
0.09652
0.05069
0.05516
0.04599
0.0
0.3089
0.2205
0.1746
0.0
0.03181
0.0
0.05429
0.0
0.07666
0.2637
0.3242
0.2368
0.2166
0.02566
0.03477
0.06299
0.0
0.217
0.05177
0.0
0.05014
0.5648
0.2701
0.05744
0.3235
0.03898
0.0129
0.06243
0.151
0.0
0.0
0.04787
0.05876
0.03444
1.903e-08
0.3647
0.04895
0.0
0.2422
0.4935
0.04564
0.1049
0.03432
0.02399
0.05562
0.3368
0.1524
0.0
0.4251
0.4847
0.05448
0.188
0.6362
0.01634
0.03022
0.1685
0.287
0.08914
0.1403
0.0
0.4569
0.1055
0.05783
0.4732
0.03901
0.1055
0.04052
0.05631
0.1352
0.2686
0.06669
0.0342
0.0
0.3986
0.02273
0.03919
0.07971
0.05734
0.08476
0.0
0.1154
0.02798
0.05292
0.401
0.0
0.05381
0.09754
0.06008
0.535
0.1286
0.03231
0.0
0.0415
0.2113
1.597
0.0
0.0
0.001334
0.08741
0.04223
0.2833
0.0
0.09281
0.04209
0.1995
0.3356
0.046
0.0
0.02181
0.5197
0.211
0.04506
0.01409
0.01012
0.08587
0.09293
0.0
0.05174
0.2665
0.05677
0.09784
0.1499
0.0
0.02898
0.8293
0.06923
0.04507
0.02421
0.09667
0.3961
0.02992
0.09949
0.1936
0.07274
0.2919
0.0
0.04161
0.03269
0.01668
0.001508
0.04929
0.09719
0.354
0.3185
0.0
0.0
0.1892
0.0
0.1256
0.06913
0.1294
0.1888
0.0
0.4161
0.07266
0.1546
0.3414
0.02767
0.2168
0.08048
0.09351
0.2398
