0.9267
0.9273
0.9055
0.9297
0.8783
0.9511
0.9368
0.7691
0.9363
0.9066
0.9714
0.841
0.9506
0.9185
0.9422
1.0
0.9003
0.8982
0.9338
0.9295
0.8825
0.9874
0.9069
0.9413
0.8663
0.9484
0.9472
0.9183
0.8819
0.9545
0.911
1.0
0.9302
0.955
0.7988
0.9843
0.9657
0.839
0.9373
0.9153
1.0
0.9057
0.9273
0.7552
0.9562
0.929
1.0
0.9242
0.9151
0.8761
0.9023
0.7856
0.8456
0.9818
0.8905
0.9827
0.9189
1.0
0.8582
0.8457
0.9271
0.9302
0.8234
0.8995
0.7955
0.9041
0.9034
0.8338
0.9582
0.9807
1.0
0.8884
0.8812
0.9044
0.8154
0.8042
0.7952
0.8369
0.9273
0.9009
0.8951
0.7926
0.9632
0.9204
1.0
0.7694
0.8319
0.8691
0.8777
0.8229
0.9194
0.8749
0.9171
0.8255
0.6953
0.8174
0.9162
0.8868
0.9376
0.9152
0.966
0.9002
0.8953
0.9369
0.874
0.7723
0.8732
0.8017
0.8504
0.9297
0.9221
0.9383
0.9695
0.8905
0.937
1.0
0.9461
0.8279
0.8542
0.8168
0.9453
1.0
0.9475
0.85
0.9145
0.8603
0.9503
0.9095
0.804
0.9223
0.9181
0.8802
0.7514
0.833
0.8955
0.865
0.8058
0.8816
0.7556
0.8773
0.9079
0.6887
0.8278
0.9195
0.9393
0.8733
0.8039
0.8029
0.7911
0.8729
0.7704
0.8645
0.8988
0.8518
0.9338
0.8455
0.7048
0.9073
0.8681
0.8517
0.8968
0.7261
0.8105
0.648
0.8428
0.7863
0.9538
0.9709
0.8029
0.8775
0.9471
0.9634
0.7196
0.941
0.7532
0.9066
0.8368
0.4738
0.8076
0.8866
0.8631
0.9349
0.9206
0.886
0.7677
0.8656
0.7424
0.939
0.7795
0.7608
0.8458
0.7284
0.6642
0.8753
0.953
0.9189
0.8017
0.802
0.8413
0.8908
0.8128
0.8357
0.9006
0.8226
0.9444
0.9674
0.8364
0.8237
0.8111
0.7305
0.7828
0.8331
0.8858
0.8647
0.7753
0.8313
0.6521
0.8729
0.972
0.9127
0.6995
0.8827
0.4741
0.8542
0.8369
0.9056
0.8356
0.644
0.7802
0.8611
0.8688
0.9281
0.8092
0.8762
0.9796
0.8369
0.796
0.7386
0.7942
0.7955
0.8911
0.8743
0.9298
0.8162
0.8804
0.5592
0.7789
0.7911
0.7929
0.8791
0.8986
0.8575
0.5214
0.8747
0.8499
0.8254
0.75
0.8693
0.7554
0.8639
0.7129
0.8737
0.7731
0.8539
0.833
0.8371
0.8975
0.8172
0.6359
0.7813
0.8869
0.9122
0.9097
0.7129
0.8335
0.9172
0.8034
0.7277
0.8159
0.7896
0.6782
0.7777
0.7002
0.6786
0.7306
0.8224
0.8021
0.6701
0.9805
0.8446
0.8948
0.7565
0.9402
0.91
0.6659
0.7975
0.8447
0.8473
0.8615
0.7252
0.664
0.7365
0.7706
0.6967
0.779
0.7921
0.6806
0.7533
0.8195
0.7914
0.8143
0.9661
0.6682
0.7461
0.7073
0.7636
0.8481
0.9002
0.6034
0.6183
0.7785
0.6219
0.8736
0.8128
0.814
0.7337
0.6264
0.8632
0.7682
0.8591
0.8466
0.9422
0.8669
0.7973
0.9452
0.7457
0.8812
0.7195
0.7022
0.911
0.8926
0.6788
0.9248
0.7769
0.8669
0.6997
0.7584
0.8444
0.5477
0.5925
0.8739
0.6689
0.9159
0.7332
0.8779
0.8068
0.8288
0.8009
0.644
0.683
0.655
0.6696
0.7632
0.8625
0.5341
0.7851
0.8161
0.4462
0.888
0.781
0.8005
0.7797
0.753
0.8571
0.8659
0.6981
0.9312
0.7535
0.8415
0.741
0.7512
0.9291
0.8586
0.6898
0.8045
0.8336
0.7104
0.8039
0.7993
0.6565
0.8194
0.9108
0.8259
1.0
0.7674
0.7772
0.851
0.612
0.8035
0.7193
0.5977
0.7204
0.7007
0.8414
0.844
0.7563
0.7633
0.6347
0.7311
0.8398
0.8193
0.7575
0.8499
0.6482
0.7475
0.9497
0.7462
0.7543
0.8775
0.771
0.6448
0.5924
0.7305
0.5927
0.6966
0.6923
0.6641
0.8088
0.7566
0.3949
0.8197
0.7033
0.7403
0.8091
0.7974
0.7495
0.7261
0.701
0.8412
0.5416
0.7422
0.7966
0.7275
0.8082
0.8431
0.6371
0.7284
0.4497
0.9396
0.5724
0.83
0.8363
0.4715
0.7035
0.866
0.8985
0.7683
0.6047
0.5479
0.5449
0.6167
0.7114
0.4976
0.5118
0.782
0.7464
0.5278
0.7019
0.9563
0.9419
0.6617
0.6211
0.8471
0.8473
0.737
0.7089
0.726
0.6369
0.5583
0.6899
0.7462
0.6943
0.8757
0.6873
0.6494
0.7037
0.8463
0.6548
0.7599
0.7304
0.7779
0.7291
0.6629
0.6827
0.7792
0.787
0.6718
0.8094
0.863
0.6908
0.424
0.6553
0.4748
0.7754
0.592
0.795
0.8259
0.3471
0.5616
0.8952
0.7301
0.8163
0.7818
0.7143
0.6903
0.7889
0.7396
0.6041
0.6309
0.6801
0.7504
0.5596
0.7564
0.8524
0.7767
0.6796
0.5558
0.6257
0.8437
0.7556
0.5102
0.7217
0.5561
0.8089
0.5388
0.7813
0.8379
0.8209
0.56
0.7817
0.7107
0.7044
0.7214
0.3101
0.5972
0.7576
0.4902
0.7902
0.7836
0.5545
0.7524
0.6444
0.8869
0.2467
0.6995
0.7266
0.647
0.6254
0.8818
0.5912
0.5163
0.6416
0.6304
0.7475
0.6679
0.9354
0.7078
0.5538
0.5885
0.6761
0.3529
0.4795
0.5721
0.595
0.6931
0.6364
0.5549
0.7874
0.8293
0.4833
0.723
0.7267
0.66
0.4477
0.4317
0.6604
0.6668
0.7865
0.6371
0.5626
0.9149
0.668
0.6313
0.8738
0.3366
0.5011
0.4656
0.3591
0.5233
0.3984
0.5263
0.3004
0.3449
0.6438
0.5942
0.6273
0.6769
0.1762
0.61
0.667
0.4168
0.5754
0.8018
0.7396
0.7363
0.6199
0.5851
0.5006
0.6683
0.5208
0.4808
0.2649
0.517
0.7298
0.481
0.6998
0.421
0.5781
0.676
0.3514
0.6176
0.4228
0.8124
0.6431
0.4501
0.9103
0.3721
0.6149
0.7256
0.584
0.8096
0.6481
0.5552
0.5373
0.669
0.4908
0.5897
0.8424
0.7814
0.5705
0.752
0.6772
0.5846
0.7945
0.4048
0.7822
0.3425
0.4865
0.7806
0.574
0.7635
0.8429
0.617
0.6397
0.5492
0.3977
0.6615
0.5045
0.4936
0.4271
0.5883
0.6864
0.5491
0.4318
0.6964
0.5428
0.6688
0.6823
0.7377
0.5632
0.4832
0.6843
0.6135
0.472
0.5734
0.8016
0.6142
0.7959
0.6176
0.4878
0.3492
0.2649
0.4131
0.9502
0.7862
0.7321
0.481
0.5818
0.5821
0.5421
0.3905
0.6774
0.5685
0.4054
0.7108
0.5824
0.5952
0.4094
0.6704
0.3833
0.7524
0.4617
0.6884
0.3792
0.6067
0.2476
0.4673
0.4127
0.8488
0.5787
0.4029
0.4
0.8251
0.5186
0.5839
0.6583
0.4465
0.6232
0.4265
0.5274
0.6567
0.6889
0.6215
0.5179
0.3341
0.8361
0.2505
0.7701
0.4448
0.5979
0.5572
0.539
0.6075
0.6493
0.6915
0.6197
0.5316
0.5873
0.4269
0.5257
0.5691
0.7491
0.7131
0.2601
0.492
0.3867
0.4569
0.5114
0.632
0.6032
0.7242
0.5074
0.3621
0.6073
0.437
0.5951
0.3333
0.7249
0.6127
0.5757
0.7074
0.2795
0.5812
0.6207
0.719
0.1878
0.5283
0.3489
0.6181
0.451
0.5759
0.2996
0.2893
0.4607
0.4497
0.419
0.7867
0.209
0.4331
0.6601
0.6036
0.6178
0.4889
0.5422
0.5301
0.8912
0.8759
0.9689
0.9689
0.8235
0.8535
0.9404
0.9641
0.96
0.96
0.8351
0.9572
1.0
1.0
0.7996
0.878
1.0
0.9727
0.9575
0.9767
0.8298
0.9365
0.8718
1.0
0.9829
0.8882
0.8846
0.9774
0.9689
0.9851
0.8569
0.9044
0.9247
0.8176
0.913
0.9727
0.9737
0.8916
0.9958
1.0
0.9957
0.9638
0.9746
0.9462
0.8346
0.7245
0.968
0.7528
0.859
0.9113
0.8651
0.9689
0.9689
0.9689
0.9689
0.9689
0.926
0.9754
0.9641
0.8592
0.955
0.8564
0.9376
0.8948
0.9166
0.959
0.7397
0.8773
0.9006
0.7767
0.9689
0.9689
0.853
0.7745
0.8047
0.8261
0.947
0.8118
0.9631
0.8362
0.8851
0.777
0.4126
0.8859
0.9689
0.9689
0.9689
0.9689
0.9689
0.9689
0.9258
0.9258
0.8117
0.853
0.8487
0.9131
0.9142
0.9038
0.861
0.87
0.8081
0.9836
0.6881
0.913
0.8759
0.811
0.8007
0.9259
0.8661
0.906
0.8317
0.8412
0.9035
0.9145
0.889
0.8104
0.9343
0.67
0.8071
0.7653
0.6516
0.8349
0.8341
0.8064
0.7369
0.8922
0.6849
0.7106
0.8394
0.6696
0.9048
0.6231
0.7612
0.769
0.7804
0.7339
0.7339
0.8202
0.7489
0.8185
0.6369
0.9271
0.8233
0.831
0.9397
0.8072
0.6913
0.8805
0.8273
0.8803
0.8016
0.6439
0.7182
0.8556
0.8945
0.8188
0.76
0.779
0.837
0.596
0.7489
0.8323
0.7923
0.7581
0.8875
0.8067
0.8837
0.6457
0.7191
0.8195
0.8271
0.5399
0.7243
0.6971
0.702
0.7363
0.7876
0.7802
0.665
0.6947
0.7971
0.9074
0.6951
0.6905
0.7097
0.4442
0.7588
0.614
0.847
0.7803
0.6974
0.789
0.8904
0.5474
0.852
0.7135
0.7436
0.7296
0.8741
0.5994
0.6916
0.6389
0.7245
0.6189
0.712
0.807
0.7391
0.8122
0.8194
0.8217
0.7982
0.6719
0.8937
0.7803
0.8339
0.6332
0.691
0.6931
0.6571
0.763
0.7229
0.7555
0.8753
0.6724
0.6528
0.7518
0.6546
0.6765
0.7264
0.5598
0.6315
0.7096
0.724
0.7657
0.5596
0.754
0.8443
0.9113
0.6039
0.691
0.8969
0.7541
0.7118
0.6728
0.8104
0.666
0.6574
0.7932
0.7146
0.7399
0.8388
0.6859
0.6475
0.5282
0.6694
0.6112
0.6954
0.6542
0.6514
0.7846
0.7483
0.5226
0.7804
0.7493
0.7218
0.8673
0.6059
0.4679
0.7288
0.7851
0.6635
0.8745
0.8734
0.7036
0.8569
0.638
0.4923
0.5374
0.8026
0.6543
0.6808
0.654
0.9466
0.7452
0.7968
0.3556
0.6892
0.6905
0.7707
0.8787
0.7952
0.6437
0.7752
0.673
0.8445
0.5463
0.7709
0.77
0.3906
0.6103
0.8061
0.6134
0.693
0.7
0.7386
0.4637
0.6875
0.5207
0.7959
0.8557
0.78
0.596
0.4941
0.3566
0.2656
0.6504
0.8035
0.3781
0.594
0.7017
0.7875
0.8038
0.7014
0.7254
0.6292
0.6724
0.6517
0.5854
0.6766
0.8787
0.6203
0.7019
0.741
0.6116
0.7199
0.7382
0.787
0.5135
0.7985
0.6106
0.852
0.5763
0.7667
0.707
0.5648
0.6795
0.6991
0.6366
0.4484
0.5661
0.6984
0.796
0.6467
0.7529
0.6259
0.7254
0.374
0.6257
0.6515
0.4135
0.7171
0.6386
0.5408
0.6231
0.7675
0.6888
0.5851
0.5051
0.6713
0.6513
0.4572
0.485
0.582
0.6036
0.5297
0.259
0.5011
0.6395
0.5555
0.5067
0.5821
0.7006
0.4656
0.669
0.596
0.7484
0.5012
0.5884
0.5939
0.6277
0.6739
0.755
0.577
0.5951
0.578
0.6723
0.4248
0.6941
0.4397
0.6495
0.8587
0.5642
0.7837
0.4541
0.6415
0.6873
0.7426
0.6126
0.6091
0.5749
0.4637
0.7808
0.5231
0.3438
0.4833
0.5982
0.3445
0.6708
0.6939
0.4754
0.6478
0.8229
0.3276
0.8862
0.4939
0.4231
0.6264
0.3919
0.7118
0.6994
0.7192
0.4919
0.5573
0.652
0.5743
0.6757
0.247
0.4997
0.6125
0.4744
0.5878
0.5855
0.4708
0.4913
0.4503
0.5311
0.6177
0.5026
0.6232
0.5347
0.6283
0.6513
0.3001
0.7463
0.5328
0.2958
0.5885
0.7931
0.57
0.5666
0.3723
0.6053
0.5694
0.6108
0.6568
0.465
0.6216
0.8015
0.6452
0.494
0.4904
0.4099
0.6027
0.2644
0.4196
0.4576
0.7793
0.7299
0.4603
0.4553
0.4404
0.542
0.3711
0.643
0.6503
0.5766
0.5225
0.6973
0.625
0.3175
0.2425
0.5167
0.6408
0.3951
0.6923
0.3044
0.7279
0.3493
0.5888
0.4002
0.5336
0.6672
0.808
0.3185
0.06175
0.3193
0.3307
0.3732
0.2316
0.2356
0.1639
0.4832
0.3977
0.2467
0.2219
0.2599
0.2678
0.5782
0.3295
0.08655
0.3652
0.341
0.5561
0.3485
0.6632
0.3669
0.492
0.5523
0.2254
0.1809
0.5464
0.4763
0.4452
0.1696
0.6224
0.425
0.3663
0.4787
0.4024
0.5129
0.5522
0.4624
0.5394
0.3267
0.2506
0.4866
0.06647
0.4066
0.5148
0.2293
0.3606
0.5791
0.4107
0.5787
0.4918
0.519
0.3233
0.5346
0.576
0.1091
0.7258
0.3789
0.4014
0.09026
0.2578
0.4995
0.3487
0.2679
0.4516
0.1894
0.1926
0.5061
0.359
0.2931
0.3244
0.5811
0.3683
0.4522
0.3356
0.5861
0.3132
0.4394
0.348
0.3698
0.3312
0.6753
0.3121
0.2821
0.123
0.2615
0.1035
0.3627
0.4876
0.2981
0.3769
0.2371
-0.04526
0.1142
0.4562
0.4486
0.5717
0.3413
0.6217
0.5533
0.5778
0.4046
0.6868
0.2859
0.2903
0.341
0.4635
0.2393
0.4041
0.2687
0.2662
0.1815
0.4975
0.2819
0.2376
0.4004
0.6085
0.4883
0.498
0.4058
0.1592
0.3762
0.2835
0.459
0.1055
0.2743
0.4772
0.3024
0.2791
0.4107
0.5552
0.3501
0.2834
0.3808
0.5
0.4119
0.2423
0.4256
0.1563
0.3423
0.5939
0.3236
0.5854
0.3537
0.4728
0.317
0.4344
0.5018
0.5673
0.6091
0.5914
0.5683
0.4362
0.2231
0.5967
0.1597
0.03508
0.1316
0.4393
-0.02349
0.2875
0.3608
0.2818
0.4606
0.2439
0.3353
0.3825
0.3229
0.2718
0.4063
0.1891
0.2838
0.311
0.4849
0.1649
0.06817
0.2173
0.2422
0.2568
0.5005
0.3935
0.452
0.5225
0.4367
0.4955
0.09729
0.07043
0.565
0.2926
0.07196
0.1712
0.2945
0.387
0.02813
0.5254
0.3139
0.4646
0.4804
0.2051
