0.2713
0.3371
0.1393
0.2141
0.02207
0.1914
0.08766
0.1659
0.09103
0.1779
0.4419
0.19
0.1169
0.2949
0.1602
0.3972
0.3341
0.3306
0.1282
0.2118
0.0
0.1071
0.4073
0.0
0.2394
0.1668
0.05449
0.02377
0.2121
0.1305
0.3104
0.08785
0.04917
0.2334
0.2943
0.2699
0.05247
0.2012
0.1802
0.1627
0.09344
0.1294
0.2204
0.1047
0.1662
0.2754
0.2012
0.01657
0.1661
0.1557
0.2276
0.3276
0.1536
0.154
0.07895
0.08281
0.1323
0.1862
0.1573
0.2302
0.5024
0.3528
0.1434
0.07722
0.2949
0.2931
0.07708
0.2801
0.3063
0.401
0.4073
0.1503
0.2214
0.2289
0.2854
0.1716
0.3528
0.1932
0.3784
0.2784
0.1114
0.106
0.0473
0.09863
0.1103
0.2111
0.05247
0.1713
0.1677
0.1337
0.2682
0.09553
0.156
0.1906
0.1161
0.2057
0.1155
0.1042
0.4357
0.07994
0.08908
0.1766
0.3246
0.2181
0.07085
0.04459
0.2739
0.1036
0.2044
0.2138
0.2449
0.3567
0.1127
0.171
0.2224
0.2949
0.2254
0.1972
0.1081
0.1353
0.1571
0.1458
0.3606
0.2278
0.2058
0.2249
0.2195
0.05046
0.02532
0.1533
0.1478
0.1943
0.1201
0.05215
0.1112
0.1899
0.2507
0.0928
0.3713
0.1999
0.2781
0.0
0.2805
0.1664
0.1684
0.1593
0.01264
0.2055
0.05539
0.4865
0.156
0.1785
0.1285
0.2101
0.0951
0.3183
0.1761
0.169
0.09919
0.1258
0.2131
0.3192
0.1981
0.09949
0.1661
0.07219
0.1255
0.1008
0.2214
0.1729
0.4301
0.1772
0.2949
0.2658
0.0
0.2911
0.1906
0.1924
0.08824
0.3528
0.2243
0.1222
0.2132
0.3528
0.0473
0.04338
0.3005
0.2539
0.2512
0.359
0.3548
0.1721
0.2432
0.1838
0.05853
0.2952
0.1328
0.3974
0.2862
0.1321
0.1421
0.09648
0.1747
0.1103
0.1852
0.2181
0.2216
0.06697
0.3077
0.2983
0.1736
0.2696
0.2967
0.2345
0.06121
0.1474
0.05363
0.2985
0.1815
0.08495
0.122
0.2419
0.1282
0.1906
0.1304
0.1831
0.1158
0.4432
0.2205
0.1658
0.132
0.2584
0.1708
0.06795
0.1255
0.1556
0.3439
0.1878
0.185
0.1249
0.1582
0.06565
0.3206
0.2952
0.09086
0.1053
0.1336
0.1972
0.2054
0.08877
0.09531
0.2001
0.1928
0.0732
0.1984
0.08733
0.3538
0.2259
0.2141
0.1518
0.1019
0.1035
0.1632
0.1594
0.274
0.2214
0.2875
0.206
0.09895
0.222
0.1078
3.412e-08
0.1081
0.1618
0.2922
0.4446
3.777e-08
0.3312
0.4073
0.318
0.249
0.1287
0.1615
0.2504
0.08703
0.1658
0.1055
0.1917
0.2352
0.1276
0.1839
0.158
0.1047
0.1304
0.1524
0.09591
0.1458
0.4073
0.3058
0.1552
0.1376
0.2932
0.07022
0.2981
0.02081
0.09234
0.2243
0.1883
0.217
0.2848
0.213
0.2269
0.2588
0.2507
0.03424
0.1064
0.1425
0.1265
0.08281
0.1536
0.1509
0.2756
0.1558
0.09836
0.09633
0.2203
0.2194
0.1182
0.457
0.2307
0.4387
0.2672
0.2443
0.2844
0.1795
0.1847
0.1542
0.2145
0.1153
0.2435
0.2943
0.1713
0.1611
0.06968
0.05539
0.106
0.3188
0.1436
0.1515
0.1821
0.159
0.1873
0.0
0.1819
0.2503
0.292
0.2044
0.2033
0.08297
0.278
0.0
0.1357
0.2431
0.1647
0.1935
0.1533
0.0
0.2015
0.05084
0.1243
0.3584
0.1823
0.1607
0.1965
0.1511
0.172
0.1338
0.1056
0.3555
0.04596
0.06273
0.1827
0.0
0.2833
0.4001
0.23
0.1869
0.1454
0.1751
0.1946
0.3974
0.181
0.1611
0.1717
0.1246
0.1964
0.1388
0.3121
0.2852
0.197
0.2114
0.2394
0.1291
0.09075
0.1773
0.1528
0.04917
0.2658
0.213
0.06981
0.3968
0.4401
0.07647
0.2589
0.1733
0.4301
0.178
0.4605
0.2612
0.2956
0.1056
0.07673
0.2202
0.11
0.09862
0.05782
0.1636
0.1559
0.0425
0.1208
0.1393
0.2013
0.1468
0.1504
0.2699
0.2051
0.171
0.3471
0.2094
0.2857
0.2784
0.208
0.1648
0.3725
0.08658
0.2578
0.3987
0.1612
0.1853
0.06273
0.1814
0.06035
0.07095
0.1542
0.139
0.1558
0.1494
0.1684
0.1649
0.06122
0.4007
0.1823
0.1167
0.2896
0.05023
0.1185
0.2295
0.08954
0.2372
0.2843
0.1176
0.4227
0.3117
0.2087
0.0967
0.3836
0.213
0.2116
0.0767
0.2235
0.2162
0.1432
0.1289
0.1731
0.1592
0.1487
0.2335
0.3591
0.4301
0.2187
0.1914
0.2341
0.1582
0.3836
0.06981
0.132
0.2174
0.2367
0.1548
0.2468
0.3836
0.3419
0.169
0.1187
0.192
0.336
0.2741
0.1622
0.2377
0.09568
0.1174
0.1799
0.1054
0.2071
0.1951
0.1529
0.01276
0.2198
0.06228
0.07022
0.1797
0.1955
0.1927
0.1791
0.1531
0.2266
0.0858
0.1045
0.0672
0.2531
0.2519
0.1548
0.04842
0.09787
0.133
0.174
0.1972
0.02081
0.1875
0.1119
0.3359
0.4333
0.2553
0.06696
0.106
0.1903
0.2105
0.3574
0.2005
0.6308
0.1777
0.3341
0.1756
0.3341
0.04643
0.2479
0.1311
0.1553
0.196
0.0
0.1844
0.2203
0.218
0.1458
0.1591
0.1702
0.1762
0.1469
0.136
0.2841
0.1531
0.1675
0.2028
0.2172
0.15
0.1317
0.2188
0.1684
0.4321
0.1192
0.0477
0.1763
0.09103
0.1516
0.07938
0.1643
0.2344
0.1287
0.1668
0.04268
0.09949
0.1707
0.2357
0.1156
0.2131
0.05441
0.2054
0.4553
0.1137
0.2164
0.1736
0.1823
0.206
0.2294
0.0918
0.1466
0.06065
0.1222
0.1637
0.1861
0.1224
0.222
0.09895
0.1542
0.2502
0.3836
0.1703
0.2358
0.01887
0.2421
0.1804
0.1873
0.1317
0.3041
0.1466
0.1923
0.1469
0.1994
0.2703
0.1715
0.4605
0.2065
0.1889
0.1213
0.1165
0.1557
0.1728
0.2131
0.2663
0.163
0.1511
0.1551
0.1882
0.2453
0.2722
0.3341
0.2949
0.1913
0.2092
0.09445
0.1487
0.1123
0.2714
0.2432
0.1695
0.07427
0.1999
0.3925
0.3
0.2443
0.2277
0.1723
0.1927
0.07804
0.2736
0.3836
0.1665
0.1612
0.1828
0.06951
0.1737
0.2352
0.2193
0.06527
0.1583
0.2699
0.163
0.1122
0.1344
0.1585
0.2949
0.1291
0.1558
0.6685
0.1737
0.08467
0.1094
0.09364
0.274
0.1715
3.412e-08
0.176
0.2184
0.07903
0.1964
0.3836
0.2231
0.1011
0.09862
0.2124
0.06697
0.3497
0.1821
0.1137
0.2305
0.1848
0.05008
0.1776
0.1943
0.2124
0.2169
0.1625
0.1245
0.241
0.06464
0.2061
0.2266
0.06035
0.208
0.3399
0.3852
0.1948
0.106
0.1877
0.1123
0.1337
0.106
0.1886
0.1822
0.07183
0.1333
0.3697
0.1606
0.1862
0.1833
0.2097
0.1192
0.1492
0.1458
0.2311
0.111
0.3844
0.1566
0.2693
0.2403
0.1886
0.1556
0.2039
0.1622
0.2171
0.1927
0.08918
0.2557
0.1291
0.2949
0.2172
0.2012
0.252
0.04301
0.151
0.253
0.171
0.2684
0.3469
0.1137
0.17
0.1233
0.3528
0.1123
0.05008
0.2443
0.1593
0.1493
0.1328
0.2577
2.746e-08
0.0
0.1723
0.2257
0.1579
0.1852
0.08775
0.2456
0.09862
0.2312
0.1209
0.1353
0.06527
0.1533
0.1742
0.148
0.3299
0.0
0.2535
0.1943
0.1923
0.1992
0.1878
0.1176
0.1176
0.2866
0.2907
0.2027
0.0
0.4265
0.3907
0.1598
0.3494
0.1137
0.2589
0.1349
0.1587
0.1576
0.05501
0.1646
0.1983
0.08658
0.2325
0.1703
0.12
0.11
0.1364
0.1796
0.1539
0.1263
0.1282
0.09787
0.1755
0.2286
0.2396
0.135
0.1933
0.185
0.2734
0.2647
0.266
0.2848
0.1819
0.1536
0.06737
0.2507
0.232
0.2519
0.3606
0.1792
0.03424
0.1314
0.1829
0.1933
0.186
0.2021
0.3387
0.2579
0.1674
0.1486
0.1185
0.1677
0.2236
0.1845
0.1285
0.2949
0.2389
0.1091
0.163
0.1112
0.1464
0.2595
0.2837
0.2198
0.2418
0.1459
0.2004
0.2873
0.2359
0.3836
0.2049
0.2282
0.2065
0.3411
0.0
0.3316
0.2305
0.1337
0.2575
0.3929
0.07909
0.3472
0.3662
0.4184
0.09648
0.2222
0.1513
0.1243
0.3714
0.1957
0.2126
0.2226
0.175
0.1968
0.2244
0.1122
0.1839
0.08877
0.1358
0.1294
0.3572
0.1864
0.2609
0.2145
0.1965
0.2707
0.2425
0.171
0.1558
0.1647
0.2538
0.1987
0.1814
0.1246
0.1165
0.2187
0.2345
0.215
0.1019
0.2586
0.3341
0.1686
0.2421
0.2663
0.1491
0.1791
0.09648
0.1552
0.1595
0.2983
0.3713
0.2224
0.1423
0.3033
0.1157
0.2277
0.3298
0.1466
0.1918
0.2731
0.1283
0.3584
0.1876
0.228
0.2227
0.1846
0.0712
0.1614
0.2044
0.1756
0.03424
0.05363
0.2601
0.1903
0.1677
0.163
0.07095
0.2879
0.1664
0.08612
0.2943
0.168
0.3188
0.1914
0.2403
0.106
0.2926
0.07508
0.1708
0.158
0.1035
0.2067
0.09927
0.159
0.1946
0.1793
0.1779
0.1653
0.2466
0.1955
0.1585
0.2613
0.2759
0.2153
0.1779
0.2288
0.4386
0.04301
0.1963
0.3341
0.3347
0.05633
0.1888
0.3341
0.1666
0.2374
0.4051
0.2379
0.3206
0.1563
0.193
0.2543
0.2343
0.2347
0.4301
0.1823
0.176
0.251
0.2647
0.4073
0.4073
0.09209
0.07909
0.2968
0.235
0.1582
0.06273
0.167
0.1485
0.2243
0.09694
0.1657
0.1495
0.1713
0.1647
0.1462
0.04053
0.1802
0.2039
0.2252
0.3548
0.2052
0.1943
0.1951
0.1702
0.6961
0.1627
0.2115
0.01661
0.4197
0.2869
0.2302
0.1493
0.1602
0.1337
0.2172
0.1593
0.404
0.1574
0.3528
0.1582
0.1765
0.319
0.175
0.2515
0.03738
0.2208
0.1632
0.3041
0.1659
0.2218
0.1102
0.4301
0.1707
0.1249
0.3326
0.1241
0.2321
0.1572
0.1918
0.1582
0.181
0.1562
0.1165
0.1504
0.1743
0.4395
0.1716
0.2016
0.4278
0.2389
0.2195
0.2453
0.1245
0.1438
0.3144
0.2528
0.1445
0.1811
0.1993
0.1054
0.1434
0.2324
0.1246
0.2912
0.1746
0.1512
0.2048
0.2237
0.3367
0.2911
0.1987
0.1751
0.1107
0.0
0.1933
0.0712
0.1388
0.187
0.08588
0.1637
0.1353
0.1818
0.4041
0.2439
0.1622
0.1592
0.1826
0.2131
0.2179
0.1649
0.1723
0.06228
0.1683
0.1831
0.4022
0.1519
0.1343
0.2965
0.1765
0.09591
0.251
0.1599
0.2395
0.4301
0.1894
0.1369
0.1443
0.1119
0.301
0.1878
0.1504
0.2139
0.1587
0.01276
0.1847
0.07895
0.2244
0.135
0.369
0.1294
0.1317
0.1553
0.3121
0.2103
0.1803
0.1503
0.1907
0.2289
0.1048
0.1778
0.244
0.1822
0.1642
0.196
0.1354
0.1484
0.3528
0.2038
0.2707
0.1222
0.278
2.746e-08
0.1903
0.06464
0.151
0.2741
0.3718
0.4301
0.169
0.203
0.04643
0.1602
0.1886
0.3341
0.1481
0.3554
0.08588
0.3548
0.2104
0.2059
0.1921
0.2949
0.1642
0.2376
0.1655
0.1896
0.252
0.2979
0.1579
0.3528
0.1488
0.4301
0.0
0.4206
0.142
0.1585
0.2248
0.1935
0.06065
0.3662
0.2725
0.1589
0.1616
0.186
0.2022
0.1183
0.1831
0.2286
0.1797
0.1627
0.1755
0.186
0.2034
0.1972
0.1122
0.2406
0.1793
0.2008
0.106
0.2206
0.23
0.17
0.1852
0.3346
0.1598
0.3029
0.2119
0.2588
0.1534
0.1622
0.3836
0.1771
0.271
0.1595
0.3617
0.1825
0.2181
0.2453
0.1374
0.3793
0.2869
0.1915
0.2307
0.3528
0.1112
0.1746
0.1927
0.1162
0.1864
0.3534
0.2707
0.203
0.1556
0.2468
0.2423
