0.401
0.4399
0.3698
0.2148
0.412
0.3064
0.2396
0.1524
0.1181
0.7427
0.3881
0.5609
0.1531
0.3551
0.236
0.2568
0.2755
0.5832
0.3495
0.6125
0.2487
0.3653
0.3715
0.131
0.2505
0.4496
0.2996
0.3803
0.4939
0.6452
0.1791
0.1752
0.2938
0.315
0.3135
0.3506
0.6307
0.3587
0.4443
0.315
0.4242
0.2096
0.5564
0.5309
0.5703
0.5932
0.1953
0.3114
0.4663
0.5697
0.3777
0.2641
0.8705
0.2632
0.436
0.2821
0.3546
0.1955
0.1431
0.2707
0.3997
0.2109
0.408
0.1896
0.4072
0.313
0.221
0.2804
0.6348
0.7571
0.523
0.7064
0.4924
1.184
0.5753
0.7058
0.2723
0.2483
0.3076
0.5372
0.5024
0.2157
0.6257
0.2009
0.2814
0.581
0.2968
0.4251
0.4738
0.8891
0.6085
0.2376
0.4098
0.3535
0.4039
0.3046
0.2621
0.5345
0.5863
0.7887
0.4414
0.3018
0.3146
0.2477
0.2429
0.8628
0.2935
0.209
0.2234
0.5612
0.2116
0.3535
0.8852
0.488
0.4111
0.4574
0.2312
0.3955
0.3987
0.1946
0.3061
0.5348
1.259
0.4013
0.391
0.3348
0.3763
0.2429
0.4208
0.3776
0.4218
0.9419
0.1962
0.2375
0.2103
0.2054
0.1602
0.5768
0.6915
0.6413
0.3172
0.3154
0.1514
0.08736
0.2965
0.4478
0.3204
0.2736
0.4114
0.1769
0.4588
0.3606
0.2243
0.4711
0.3615
0.397
0.85
0.6662
0.2806
0.7648
0.6358
0.434
0.1829
0.6209
0.2304
0.4357
0.2453
0.3867
0.3414
0.5754
0.5504
0.4189
0.3978
0.2888
0.2385
0.1372
0.4685
0.5915
0.4306
0.2867
0.3169
0.3491
0.2019
0.1988
0.5821
0.2407
0.8258
0.227
0.476
0.4285
0.2524
0.6874
0.613
0.3799
0.5746
0.1917
0.2418
0.3107
0.6629
0.2792
0.4001
0.482
0.4777
0.3904
0.1976
0.2678
0.2995
0.8063
0.2445
0.4396
0.1923
0.3826
0.3973
0.6911
0.8174
0.3391
0.3772
0.2085
0.2866
0.1891
0.2096
0.4605
0.1798
0.3112
0.2136
0.3568
0.6799
0.6827
0.2289
0.3013
0.1645
0.3111
0.374
0.4015
0.5548
0.313
0.2648
0.2553
0.539
0.3348
0.4584
0.2057
0.1966
0.3675
0.2155
1.045
0.4655
0.1798
0.2756
0.1851
0.1922
0.7065
0.2629
0.7151
0.203
0.6011
0.2986
0.2177
0.317
0.2898
0.2074
0.63
0.232
0.2773
0.3778
0.5554
0.1535
0.1706
0.3935
0.3238
0.6527
0.5904
0.2522
0.2353
0.3614
0.2742
0.4772
0.201
0.7748
0.1917
0.4733
0.1883
0.5084
0.3574
0.5045
0.6152
0.3686
0.183
0.2952
0.6928
0.3297
0.261
0.1539
0.1621
0.2102
0.1971
0.2078
0.2592
0.2035
0.4135
0.179
0.3259
0.2446
0.3577
0.3476
0.4102
0.4954
0.2503
0.8222
0.1536
0.6486
0.4179
0.3707
0.3794
0.7915
0.3201
0.4603
0.2725
0.1894
0.406
0.4913
0.4953
0.3013
0.1928
0.3971
0.7079
0.2847
0.4872
0.5366
0.3163
0.4013
0.6582
0.2678
0.6174
0.19
0.2821
0.4393
0.1979
0.5274
0.5819
0.4102
0.2516
0.318
0.3905
0.3117
0.1805
0.2697
0.3922
0.2369
0.1948
0.2612
0.3883
0.2628
0.164
0.5073
0.6489
0.5814
0.2221
0.1335
0.6791
0.3109
0.3141
0.334
0.2975
0.4282
0.3361
0.2029
0.2563
0.3115
0.2049
0.4886
0.2936
0.7013
0.5852
0.1885
0.3354
0.2796
0.2986
0.4958
0.1646
0.2915
0.2708
0.3197
0.4398
0.2811
0.2161
0.6255
0.695
0.3057
0.3911
0.6777
0.4068
0.2409
0.4106
0.4868
0.637
0.158
0.2065
0.4768
0.2367
0.2074
0.2895
0.1638
0.2734
0.6548
0.2575
0.343
0.4453
0.2066
0.3632
0.4268
0.2309
0.8316
0.2515
0.2421
0.3547
0.1533
0.2271
0.2055
0.3394
0.3467
0.2719
0.8031
0.2195
0.558
0.4869
0.4025
0.1905
0.4864
0.6602
0.3939
0.2969
0.2524
0.3678
0.7985
0.5574
0.4283
0.1632
0.5182
0.1899
0.386
0.2016
0.3926
0.4555
0.7149
0.4147
0.4186
0.301
0.4364
0.2165
0.4084
0.5462
0.2513
0.5857
0.6419
0.3413
0.435
0.2805
0.6002
0.1962
0.1787
0.3671
0.4762
0.4653
0.7279
0.8288
0.2668
0.2406
0.2619
0.1778
0.4576
0.5311
0.3424
0.5279
0.2287
0.4294
0.2503
0.567
0.185
0.3758
0.6596
0.4832
0.2696
0.1702
0.2147
0.5452
0.4426
0.2315
0.3184
0.2891
0.1645
0.2871
0.2532
0.4208
0.2666
0.2364
0.2688
0.2528
0.3159
0.4592
0.2504
0.1982
0.3082
0.4382
0.3528
0.1714
0.6342
0.5791
0.3352
0.3922
0.2005
0.618
0.3504
0.2642
0.348
0.5767
0.3624
0.7937
0.2431
0.2153
0.2124
0.3116
0.266
0.3649
0.4161
0.2835
0.6303
0.4011
0.4005
0.4654
0.3741
0.3118
0.1757
0.5136
0.2079
0.2568
0.2727
0.1965
0.4071
0.2122
0.2995
0.409
0.3026
0.1388
0.292
0.3265
0.2328
0.2618
0.5919
0.2979
0.3865
0.4338
0.316
0.9109
0.4312
0.2233
0.4006
0.3206
0.5773
0.323
0.5494
0.3139
0.4816
0.4569
0.493
0.4273
0.2307
0.3532
0.1975
0.2847
0.3632
0.3225
0.2368
0.4887
0.4125
0.5309
0.4867
0.5367
0.4251
0.8782
0.2919
0.3208
0.4087
0.3461
0.3462
0.2125
0.407
0.4618
0.7173
0.956
0.4717
0.3919
0.4449
0.226
0.2399
0.2856
0.2208
0.2636
0.3969
0.7426
0.1722
0.4013
0.2966
0.2343
0.242
0.5554
0.2579
0.4628
0.2139
0.1904
0.2104
0.2436
0.2497
0.1728
0.6097
0.2795
0.3309
0.3172
0.2776
0.289
0.2568
0.3865
0.5327
0.2527
0.2879
0.325
0.2409
0.4861
0.4833
0.421
0.2869
0.5213
0.2098
0.2644
0.5876
0.3388
0.4777
0.1961
0.3188
0.3996
0.6027
0.5334
0.301
0.1869
1.02
0.6354
0.3364
0.3556
0.912
0.2795
0.2591
0.4474
0.4986
0.1674
0.2989
0.1396
0.3278
0.5615
0.466
0.2893
0.3117
0.2212
0.1693
0.2553
0.4491
0.4645
0.3117
0.8396
0.4683
0.3724
0.1389
0.4571
0.4306
0.7637
0.9022
0.2884
0.5248
0.2733
0.3379
0.3084
0.4981
0.5282
0.2512
0.3011
0.3244
0.2646
0.2574
0.3635
0.3483
0.4295
0.375
0.3942
0.7739
0.4189
0.4323
0.3444
0.6195
0.8267
0.4173
0.3811
0.2597
0.3573
0.7981
0.2121
0.3002
0.1948
0.2078
0.5748
0.2462
0.2197
0.5081
0.4141
0.3559
0.3697
0.4866
0.1889
0.2088
0.5557
0.2851
0.6995
0.2878
0.2588
0.4939
0.4592
0.401
0.4443
0.4448
0.1533
0.5363
0.4144
0.2169
0.2629
0.3155
0.1307
0.2494
0.5942
0.3328
0.4267
0.5956
0.25
0.2067
0.3207
0.266
0.168
0.49
0.4316
0.3931
0.2544
0.4785
0.154
0.2418
0.6637
0.203
0.3779
0.3615
0.5264
0.4321
0.6024
0.3581
0.8448
0.5215
0.5645
0.1753
0.228
0.3319
0.08623
0.1796
0.6743
0.5562
0.1984
0.8035
0.278
0.4185
0.1949
0.5978
0.2057
0.2392
0.2763
0.3619
0.2248
0.4101
0.3506
0.4135
0.2063
0.4679
0.3636
0.3858
0.3491
0.8014
0.3645
0.8903
0.5104
0.8394
0.9119
0.6368
0.5118
0.2935
0.3083
0.6421
0.743
0.2884
0.462
0.4647
0.4791
0.3974
0.4905
0.372
0.2578
0.4381
0.336
0.5265
0.3779
0.225
0.3866
0.1667
0.4531
0.1885
0.8781
0.2051
0.3621
0.4048
0.1593
0.4553
0.308
0.275
0.3536
0.4806
0.2483
0.389
0.3719
0.2078
0.5408
0.2325
0.3319
0.4217
0.7418
0.1859
0.4615
0.2276
0.3584
0.3024
0.5255
0.3542
0.1761
0.227
0.4002
0.4895
0.4832
0.3505
0.5351
0.1656
0.559
0.5124
0.191
0.3465
0.278
0.153
0.3582
0.3151
0.2034
0.271
0.3514
0.262
0.2276
0.5185
0.2107
0.3334
0.1779
0.5629
0.2803
0.3195
0.1983
0.1966
0.2402
0.9593
0.7006
0.2281
0.2929
0.4612
0.2885
0.5237
0.3934
0.3615
0.3345
0.1325
0.1692
0.3914
0.2955
0.2036
0.3357
0.3933
0.1478
0.3335
0.4258
0.5514
0.1803
0.3652
0.2671
0.4758
0.4239
0.2637
0.4683
0.2222
0.2526
0.246
0.3405
0.5241
0.6546
0.5279
0.4414
0.6299
0.3122
0.7988
0.3528
0.3135
0.1907
0.205
0.2026
0.2231
0.3176
0.2042
0.182
0.2226
0.7172
0.593
0.5489
0.577
0.3614
0.457
0.506
0.3115
0.5639
0.2304
0.2554
0.3845
0.3232
0.2046
0.5306
0.2654
0.2534
0.2175
0.8475
0.2913
0.4773
0.6489
0.4285
0.3446
0.227
0.1221
0.5391
0.5416
0.4704
0.4216
0.2597
0.2174
0.2276
0.4877
0.4246
0.2727
0.4094
0.1414
0.1611
0.6478
0.5877
0.3188
0.2055
0.3334
0.3246
0.6781
0.3769
0.4432
0.4327
0.1874
0.2709
0.2852
0.5194
0.2947
0.1776
0.6924
0.3006
0.2459
0.2325
0.5869
0.213
0.3239
0.1962
0.5663
0.1805
0.195
0.3017
0.3658
0.6014
0.4372
0.612
0.4796
0.4145
0.5542
0.5126
0.6701
0.3778
0.8991
0.4263
0.2787
0.7518
0.3698
0.3993
0.5503
0.6643
0.3604
0.215
0.4823
0.5688
0.5546
0.2501
0.1529
0.8045
0.4249
0.2843
0.2265
0.4628
0.186
0.271
0.6834
0.8739
0.3661
0.8375
0.3207
0.6262
0.5322
0.2578
0.6291
0.1866
0.7086
0.2549
0.2191
0.5067
0.7146
0.2505
0.4458
0.2159
0.2343
0.3605
0.2523
0.3751
0.3623
0.3405
0.4559
0.2647
0.2059
0.2184
0.3368
0.3959
0.1868
0.2108
0.4204
0.3842
0.5332
0.4787
0.4971
0.3225
0.6856
0.391
0.3289
0.4937
0.2806
0.2224
0.1579
0.201
0.2739
0.18
0.3273
0.291
0.4817
0.2688
0.191
0.5731
0.3231
0.4597
0.2345
0.3739
0.5904
0.4373
0.3938
0.2192
0.5179
0.1869
0.366
0.467
0.4559
0.5583
0.6798
0.7979
0.2498
0.3991
0.2004
0.4437
0.2421
0.2658
0.319
0.8163
0.1926
0.3017
0.4367
0.3907
0.2477
0.3735
0.2407
0.2356
0.4784
0.6306
0.4105
0.6199
0.4025
0.5072
0.3965
0.6981
0.7835
0.1303
0.2601
0.2276
0.2525
0.2646
0.2656
0.2843
0.722
0.7599
0.5073
0.516
0.1933
0.2461
0.1711
0.6741
0.4847
0.7051
0.3855
0.2563
0.2087
0.9183
0.3846
0.3196
0.3052
0.387
0.5327
0.2694
0.2773
0.2325
0.4069
0.3523
0.2406
0.3382
0.3702
0.3711
0.2637
0.1936
0.3217
0.2752
0.167
0.4483
0.5826
0.2446
0.2219
0.4052
0.2848
0.3032
0.2936
0.2644
0.2664
0.2871
0.2608
0.2049
0.2777
0.3001
0.2049
0.351
0.2369
0.7572
0.318
0.2501
0.6456
0.3744
0.4404
0.1582
0.434
0.3383
0.2925
0.2675
0.3733
0.4758
0.2688
0.2623
0.2504
0.7097
0.1602
0.5195
0.2998
0.1923
0.2797
0.2159
0.2025
0.7022
0.4829
0.3107
0.1188
0.503
0.3658
0.1776
0.65
0.1845
0.1969
0.3866
0.235
0.7063
0.2579
0.1948
0.2
0.2864
0.2591
0.1643
0.6481
0.2781
0.2705
0.6374
0.3393
0.2508
0.6093
0.6661
0.2231
0.4495
0.2974
0.3626
0.2866
0.1922
0.3615
0.204
0.8582
0.4577
0.3888
0.5349
0.5975
0.314
0.6725
0.6337
0.4204
0.4614
0.3677
0.8853
0.374
0.5067
0.4854
0.5469
0.1925
0.2538
0.3017
0.3119
0.1665
0.3475
0.2307
0.9428
0.6685
0.6664
0.3622
0.1944
0.2302
0.5474
0.2164
0.4388
0.4369
0.4318
0.2272
0.2966
0.2854
0.1997
0.5966
0.214
0.3505
0.2382
0.5473
0.2307
0.2382
0.2632
0.383
0.4173
0.4235
0.3586
0.4606
0.5175
0.2855
0.219
0.5306
0.2529
0.44
0.5552
0.365
0.3115
0.4336
0.3778
0.1559
0.7256
0.3395
0.2228
0.5313
0.1516
0.3468
0.2785
0.4271
0.2117
0.2254
0.3406
0.2829
0.5553
0.1435
0.4195
0.1915
0.1972
0.266
0.1556
0.1798
0.6719
0.358
0.75
0.3555
0.6199
0.4034
0.3241
0.5905
0.4865
0.3421
0.2014
0.51
0.2771
0.5301
0.1714
0.555
0.4539
0.2261
0.3864
0.1262
0.3432
0.7877
0.4251
0.5727
0.3874
0.4319
0.5301
0.8416
0.8468
0.2345
0.2332
0.2075
0.6257
0.5114
0.3111
0.1983
0.4651
0.5822
0.4306
0.3735
0.2707
0.5964
0.259
0.1845
0.7164
0.3095
0.3683
0.1931
0.1507
0.1933
0.2864
0.1992
0.3494
0.4504
0.3579
0.2331
0.397
0.2685
0.2899
0.4545
0.3826
0.3282
0.6508
0.6165
0.5436
0.5899
0.5138
0.3732
0.2953
0.3167
0.2127
0.4159
0.2407
0.2028
0.2163
0.1534
0.4524
0.5599
0.8021
0.4287
0.214
0.3097
0.237
0.1613
0.4482
0.2307
0.523
0.4735
0.7281
0.3656
0.3322
0.2826
0.3523
0.2584
0.5121
0.4253
0.2404
0.4027
0.3082
0.3717
0.3955
0.5222
0.3813
0.1608
0.3493
0.2075
0.547
0.5818
0.2849
0.1913
0.6255
0.7389
0.6294
0.5698
0.1391
0.2386
0.6357
0.1888
0.3359
0.6992
0.3728
0.8326
0.2525
0.4632
0.6839
0.6949
0.5352
0.4812
0.4192
0.3464
0.3481
0.8567
0.1874
0.2391
0.3779
0.5872
0.3108
0.1905
0.4534
0.27
0.3972
0.3935
0.1997
0.6647
0.2598
0.2268
0.9463
0.7996
0.497
0.3469
0.2542
0.5127
0.2811
0.2985
0.2214
0.2219
0.3126
0.2483
0.3432
0.4008
0.4255
0.499
0.4416
0.5335
0.647
0.4591
0.2983
0.2277
0.1678
0.6781
0.1647
0.5217
0.2472
0.2566
0.5206
0.5236
0.2588
0.3439
0.4079
0.2507
0.2826
0.4802
0.3179
0.6082
0.2849
0.6878
0.3181
0.2687
0.754
0.8248
0.4288
0.3913
0.4872
0.5419
0.3028
0.1619
0.3393
0.3103
0.2307
0.1509
0.3721
0.4487
0.4264
0.4123
0.7206
0.4946
0.2408
0.4432
0.362
0.4931
0.3251
0.3265
0.4241
0.1908
0.3628
0.251
0.9068
0.2398
0.1993
0.205
0.2596
0.2245
0.3975
0.4814
0.1923
0.403
0.4945
0.3384
0.2726
0.1696
0.2272
0.2659
0.1996
0.2757
0.4163
0.4076
0.4373
0.4027
0.2463
0.5935
0.37
0.1582
0.5025
0.464
0.1287
0.1892
0.7508
0.2275
0.3909
0.3122
0.4397
0.4558
0.6885
0.4636
0.6802
