7.753
6.867
5.679
7.153
1.02
7.055
3.463
4.858
2.742
5.3
11.91
5.698
3.83
10.25
5.27
11.09
11.71
10.65
3.926
4.827
0.0
2.678
12.5
0.0
7.645
5.071
2.134
1.108
6.21
4.047
7.923
3.581
2.262
7.857
7.977
8.509
1.691
6.391
7.259
5.596
2.832
4.101
7.809
3.267
6.569
10.03
6.184
0.7412
5.077
4.844
7.748
8.094
5.186
5.781
2.377
3.791
4.948
6.042
4.998
6.729
10.99
12.13
5.021
2.763
10.25
7.418
2.021
9.511
8.505
13.0
12.5
4.808
7.022
7.125
7.756
6.394
12.13
6.343
10.43
9.558
3.764
3.454
1.794
3.395
3.26
7.703
1.691
5.279
6.528
4.33
7.794
2.425
5.256
7.056
3.69
6.967
4.697
3.865
11.29
2.238
2.362
5.863
10.11
7.373
2.22
1.177
7.653
3.073
5.74
6.806
7.341
9.979
4.414
5.753
5.573
10.25
7.315
5.64
3.892
3.691
5.601
5.482
9.761
6.263
6.003
6.212
5.449
2.027
0.769
5.102
4.343
5.06
3.82
1.73
4.174
6.668
8.117
3.743
10.18
5.598
8.663
0.0
9.508
4.488
5.256
5.475
0.2672
7.856
1.834
11.71
5.256
5.756
3.95
6.55
2.759
9.609
6.665
5.478
2.684
2.836
6.212
10.53
5.758
5.438
5.077
2.186
4.178
3.296
5.946
5.0
12.98
5.258
10.25
6.765
0.0
9.712
6.114
6.848
3.165
12.13
6.097
3.168
6.145
12.13
1.794
1.753
8.01
7.796
8.466
8.623
9.357
5.299
4.841
5.594
2.264
7.781
4.99
10.68
6.828
5.197
6.715
3.182
6.036
3.26
6.275
5.301
6.776
2.445
8.099
7.935
5.936
8.043
8.453
5.551
2.155
4.225
1.766
7.83
4.392
2.752
4.651
6.967
3.913
6.18
4.078
6.253
3.564
11.14
6.221
4.825
4.377
8.2
4.818
2.276
4.178
4.03
7.782
4.888
6.021
3.883
5.13
2.394
11.5
9.22
3.214
3.364
4.636
6.831
5.852
2.787
3.105
4.929
5.925
2.009
5.846
3.831
9.578
5.887
7.113
4.489
3.257
3.58
5.589
4.954
6.975
6.1
7.5
5.589
3.715
7.014
2.853
5.475e-07
3.892
5.437
7.974
9.946
3.576e-07
9.787
12.5
7.622
6.864
4.217
4.666
8.311
2.229
5.747
2.925
6.048
7.897
5.363
5.645
5.214
3.267
4.078
5.384
3.893
5.3
12.5
8.517
5.348
4.596
7.596
2.714
8.349
1.082
3.048
7.211
6.528
5.852
9.023
3.712
7.794
6.415
5.978
1.343
4.45
5.099
4.203
3.791
5.186
6.211
7.939
5.83
4.247
2.627
6.384
6.019
4.224
10.66
6.038
13.37
4.33
7.946
8.809
4.481
4.803
5.981
7.196
4.258
8.729
7.977
5.279
6.259
2.86
1.834
3.067
8.547
4.375
5.153
4.678
5.197
5.678
0.0
5.46
7.287
11.89
5.74
5.546
2.734
8.933
0.0
4.297
7.551
5.081
5.689
5.132
0.0
5.738
1.596
5.102
11.14
6.515
5.804
6.292
5.548
5.685
4.006
4.342
9.254
1.725
1.91
6.574
0.0
7.561
12.37
5.865
6.373
4.513
7.024
6.426
10.68
5.355
5.096
5.651
3.409
5.957
4.869
8.303
7.364
5.026
5.996
7.204
4.951
2.602
6.203
5.302
2.262
6.765
3.712
2.45
10.76
12.9
2.575
7.019
5.137
12.98
5.201
13.77
8.085
7.884
4.342
2.003
6.543
3.405
2.551
2.356
6.081
5.367
1.73
3.24
5.857
5.756
4.763
5.166
8.018
5.702
5.78
12.8
7.426
10.03
9.558
8.19
5.883
11.24
3.407
8.039
10.76
5.245
5.329
1.91
5.485
2.643
2.774
5.313
4.49
5.176
4.867
5.44
5.421
1.987
10.33
6.515
3.388
10.04
1.522
3.893
7.324
3.49
6.187
7.618
2.886
11.19
7.716
5.365
3.882
12.02
7.397
6.192
2.254
7.647
8.026
4.423
3.733
5.211
5.668
6.023
8.121
9.58
12.98
6.252
6.566
8.128
6.058
12.02
2.45
4.138
6.341
8.339
4.895
6.728
12.02
9.17
5.407
4.132
5.728
7.175
7.605
4.55
7.178
4.127
4.659
5.597
3.619
6.881
5.763
5.107
0.5694
6.86
1.908
2.714
5.435
6.704
4.549
6.149
5.453
5.469
3.006
3.787
2.326
8.974
8.497
4.895
1.921
3.625
4.653
6.602
5.64
1.082
5.733
5.143
9.05
11.16
8.084
1.75
3.529
4.902
5.747
7.439
5.748
15.59
5.252
11.71
6.341
11.71
1.543
8.204
4.067
7.558
7.07
0.0
6.013
5.168
5.862
5.482
4.984
5.683
6.219
4.413
4.231
10.05
5.453
5.989
7.645
6.354
4.746
4.955
6.402
5.256
14.45
3.613
1.59
5.939
2.742
5.604
2.601
4.768
7.55
4.217
5.071
1.6
5.438
5.957
6.866
3.828
6.212
2.001
5.852
11.57
3.305
4.08
6.496
6.515
5.505
7.236
3.544
4.668
2.187
3.168
5.288
6.41
4.119
7.112
3.945
5.313
8.083
12.02
5.304
8.941
1.325
6.769
5.317
5.506
4.189
9.063
5.572
6.139
4.413
6.823
8.865
5.134
13.77
5.633
4.294
4.729
6.336
4.028
6.786
6.507
8.497
4.883
5.548
5.429
5.548
5.677
7.454
11.71
10.25
7.674
5.961
4.066
4.351
3.176
7.41
4.841
5.615
2.725
5.97
10.87
6.002
6.869
8.483
6.225
5.77
3.061
9.205
12.02
5.952
5.381
4.983
2.677
6.05
7.897
6.221
1.734
4.661
8.018
4.883
3.427
5.333
5.41
10.25
4.951
5.176
15.88
5.894
3.115
4.29
3.013
6.975
6.732
5.475e-07
6.018
6.173
2.079
5.638
12.02
7.72
3.73
2.551
6.985
2.445
7.584
6.811
4.187
6.334
6.956
1.915
5.331
6.441
6.985
7.235
5.042
2.741
6.709
2.574
5.996
7.835
2.643
8.046
8.49
11.51
5.831
3.454
6.087
3.176
4.33
4.132
5.51
4.437
2.395
4.666
10.07
4.998
5.75
5.943
7.749
4.731
5.271
5.3
6.322
3.289
12.0
5.113
8.884
7.029
5.53
4.925
6.965
5.079
5.768
5.557
2.796
7.447
4.951
10.25
6.354
5.89
10.2
2.014
3.906
7.171
5.561
8.128
9.786
3.941
4.653
4.914
12.13
3.176
1.915
9.532
5.396
5.158
4.701
5.524
2.666e-07
0.0
5.301
7.131
5.435
6.275
2.605
6.691
2.551
6.351
3.068
3.691
1.734
5.132
4.641
4.152
7.458
0.0
8.371
5.622
6.024
7.825
5.834
4.908
4.24
6.827
9.621
6.357
0.0
12.5
10.63
5.983
9.777
3.941
7.019
5.175
5.332
5.491
1.985
6.116
5.964
3.407
8.134
5.304
3.624
3.405
5.279
5.355
4.905
4.158
3.926
3.625
6.277
6.437
8.584
4.895
5.492
6.732
6.744
7.964
8.809
7.763
6.255
4.605
2.663
7.515
7.595
8.497
9.761
5.783
1.343
4.855
3.754
6.223
5.993
6.68
7.668
8.19
6.471
4.829
3.893
5.095
6.99
6.238
3.95
10.25
7.376
4.294
4.883
3.156
4.9
7.993
8.716
5.81
5.645
5.268
5.954
8.628
8.036
12.02
5.853
4.307
7.121
7.532
0.0
8.481
6.334
4.517
6.361
9.989
2.637
9.898
8.854
11.89
3.416
5.847
5.015
3.596
12.71
5.531
7.222
7.04
6.375
5.715
5.556
3.985
5.396
2.787
5.644
4.253
10.17
6.267
7.168
6.365
5.825
7.205
7.87
5.753
5.341
5.081
6.375
6.384
6.94
3.409
3.274
7.61
6.877
7.381
3.257
8.283
11.71
5.449
7.524
8.497
5.066
5.091
3.416
5.113
4.079
7.935
10.18
6.666
4.955
6.953
3.805
7.496
7.767
5.572
5.848
8.305
3.63
11.14
6.537
5.949
8.253
5.939
1.581
5.642
6.607
8.052
1.343
1.766
8.972
6.665
4.999
4.883
2.774
8.527
6.294
3.403
7.977
4.897
7.974
7.055
6.31
4.132
10.37
2.837
4.818
4.73
3.58
6.778
3.487
5.055
6.439
6.492
5.807
5.174
6.811
6.704
6.525
6.572
7.923
6.472
5.6
5.792
11.55
2.014
5.561
11.71
10.95
2.022
6.703
11.71
4.697
7.146
10.79
7.272
11.5
5.453
5.519
7.652
7.636
7.395
12.98
4.566
5.888
9.318
7.393
12.5
12.5
2.342
2.637
10.74
7.64
6.058
1.91
5.78
4.284
7.211
2.964
4.546
5.041
5.652
4.459
4.725
1.599
5.545
7.604
4.912
9.357
6.869
6.441
5.763
5.683
16.51
5.96
6.943
0.748
12.19
7.94
6.729
4.986
5.27
5.37
6.023
5.396
10.58
5.228
12.13
4.52
6.393
8.278
5.843
8.07
1.394
7.207
5.589
9.063
4.864
6.431
5.476
12.98
4.59
3.883
9.534
5.068
7.61
5.614
5.022
4.52
6.219
5.623
3.274
4.79
5.635
14.33
4.861
6.116
10.83
7.547
5.449
7.757
2.741
5.092
10.05
6.759
4.428
6.589
7.541
3.619
4.76
8.831
3.409
8.607
5.514
4.98
6.638
8.24
10.04
9.712
6.384
6.488
3.296
0.0
6.223
1.581
4.869
5.702
2.605
4.579
4.911
5.677
12.03
8.654
5.079
5.598
5.003
7.684
6.158
5.672
6.117
1.908
6.054
6.253
12.61
5.313
4.952
8.604
6.662
3.893
5.916
5.079
8.485
12.98
6.27
4.687
4.981
5.143
9.671
8.005
4.79
5.937
5.332
0.5694
7.068
2.377
6.322
4.895
11.14
4.253
4.189
7.558
8.303
5.841
6.06
4.808
5.433
4.769
3.072
5.698
8.98
4.437
5.615
5.935
4.905
5.189
12.13
6.486
7.362
3.168
7.358
2.666e-07
6.665
2.574
5.218
7.605
9.634
12.98
5.168
6.911
1.543
4.378
6.385
11.71
4.97
10.78
2.605
9.184
6.931
7.167
5.92
10.25
5.615
7.539
5.332
5.531
8.26
9.295
5.435
12.13
4.609
12.98
0.0
11.5
4.686
5.528
6.94
7.301
2.187
8.297
9.522
4.92
5.762
5.235
5.739
4.194
6.369
6.437
4.928
5.96
6.277
5.993
6.595
6.831
3.985
8.149
5.75
6.267
3.529
6.464
5.865
4.653
5.859
10.74
4.968
8.885
6.043
6.415
5.589
4.55
12.02
4.792
7.8
4.958
9.235
4.856
5.301
5.677
5.315
9.586
7.94
5.895
6.697
12.13
3.156
6.057
5.77
4.55
5.674
8.25
7.362
6.911
4.672
6.728
8.654
