0.4218
0.4988
0.2993
0.3364
0.04785
0.3442
0.142
0.2085
0.163
0.2416
0.7279
0.3025
0.2009
0.562
0.2714
0.6544
0.4909
0.5088
0.2293
0.3248
0.0
0.1677
0.6085
0.0
0.3446
0.2763
0.09566
0.04782
0.3366
0.2155
0.491
0.1775
0.1027
0.4343
0.4623
0.428
0.08496
0.3191
0.3496
0.2645
0.1503
0.2016
0.3781
0.1783
0.3192
0.4648
0.2863
0.02893
0.3004
0.2563
0.3597
0.5149
0.2842
0.2669
0.1154
0.1465
0.2326
0.3271
0.2636
0.3655
0.7026
0.5494
0.2757
0.1495
0.562
0.404
0.08189
0.4613
0.4658
0.6798
0.6085
0.2823
0.3768
0.3438
0.4662
0.2981
0.5494
0.3299
0.6286
0.4485
0.1783
0.1731
0.08051
0.1752
0.1803
0.3369
0.08496
0.2673
0.3312
0.2027
0.3862
0.1474
0.2413
0.3301
0.1894
0.3559
0.2295
0.1852
0.6567
0.1177
0.06862
0.2769
0.4413
0.3768
0.1074
0.06521
0.4078
0.1598
0.3457
0.3455
0.3729
0.4912
0.2001
0.3057
0.2975
0.562
0.3796
0.2407
0.1827
0.2061
0.2726
0.2627
0.5851
0.3513
0.3124
0.3276
0.2885
0.08566
0.03976
0.2742
0.2239
0.2919
0.1933
0.08866
0.2047
0.3247
0.3873
0.1778
0.6101
0.2837
0.4269
0.0
0.4505
0.2261
0.2971
0.2956
0.0
0.3484
0.09104
0.6906
0.2413
0.2954
0.2223
0.3225
0.151
0.5004
0.311
0.2803
0.1562
0.1688
0.3285
0.5481
0.2933
0.1992
0.3004
0.1107
0.2269
0.1523
0.3163
0.2612
0.6653
0.2812
0.562
0.4053
0.0
0.4819
0.3188
0.3315
0.146
0.5494
0.3336
0.1891
0.327
0.5494
0.08051
0.08112
0.4719
0.375
0.3768
0.5152
0.4616
0.2769
0.3262
0.2931
0.1072
0.4855
0.2496
0.582
0.4416
0.272
0.2162
0.1695
0.287
0.1803
0.3344
0.3235
0.3475
0.1314
0.4753
0.4502
0.294
0.3797
0.4708
0.3296
0.1095
0.2279
0.08633
0.4125
0.268
0.145
0.1997
0.3954
0.2193
0.3059
0.2301
0.3279
0.1898
0.6637
0.3639
0.2454
0.2326
0.4195
0.2705
0.1406
0.2269
0.2274
0.5159
0.2937
0.3042
0.1979
0.2749
0.1153
0.5256
0.4803
0.18
0.162
0.2166
0.3
0.3468
0.1405
0.1484
0.2903
0.305
0.1208
0.3085
0.1729
0.5521
0.3512
0.3444
0.2286
0.1836
0.1885
0.3102
0.248
0.4132
0.3433
0.4203
0.3036
0.2005
0.3325
0.162
3.632e-08
0.1827
0.2862
0.4615
0.6207
5.735e-08
0.5178
0.6085
0.4347
0.375
0.2429
0.2613
0.4725
0.1321
0.2808
0.1759
0.306
0.4111
0.2431
0.3169
0.2467
0.1783
0.2301
0.2869
0.2154
0.2929
0.6085
0.4588
0.2865
0.2317
0.4478
0.1339
0.4644
0.03398
0.1579
0.3572
0.2982
0.34
0.4483
0.2238
0.3956
0.3916
0.3832
0.05695
0.1881
0.2413
0.2102
0.1465
0.2842
0.2986
0.4184
0.2791
0.2073
0.1519
0.3088
0.34
0.2286
0.6777
0.3514
0.6942
0.2874
0.4014
0.4596
0.2874
0.2692
0.2497
0.3615
0.2129
0.4477
0.4623
0.2673
0.3182
0.1253
0.09104
0.1831
0.4716
0.2314
0.2348
0.2793
0.259
0.2924
0.0
0.316
0.4158
0.5349
0.3457
0.3104
0.1296
0.4218
0.0
0.2283
0.3921
0.3004
0.3083
0.2143
0.0
0.3296
0.07837
0.2303
0.5658
0.2939
0.2719
0.3193
0.2518
0.2976
0.1939
0.1741
0.4879
0.08866
0.09714
0.3269
0.0
0.4111
0.6755
0.342
0.3002
0.2256
0.325
0.3252
0.582
0.3117
0.2589
0.2728
0.203
0.3179
0.2311
0.4693
0.4117
0.2799
0.2985
0.3718
0.2325
0.1423
0.2876
0.2939
0.1027
0.4053
0.2238
0.1313
0.65
0.6604
0.1543
0.4169
0.2989
0.6653
0.255
0.74
0.4149
0.4417
0.1741
0.1263
0.3491
0.1855
0.1448
0.1068
0.2934
0.2834
0.08302
0.2038
0.2367
0.3414
0.2384
0.2457
0.3985
0.2606
0.2958
0.6077
0.3714
0.4528
0.4485
0.3673
0.2985
0.5848
0.1724
0.3909
0.5912
0.2778
0.2798
0.09714
0.2248
0.1096
0.1366
0.2754
0.2261
0.2416
0.242
0.2634
0.2933
0.09853
0.6173
0.2939
0.1861
0.4786
0.07966
0.1932
0.395
0.1821
0.3646
0.4122
0.1813
0.6739
0.467
0.2728
0.1654
0.5549
0.3029
0.331
0.1218
0.3451
0.338
0.2226
0.22
0.2678
0.3041
0.2867
0.3833
0.5489
0.6653
0.3411
0.2959
0.3814
0.2719
0.5549
0.1313
0.2478
0.3501
0.4253
0.2619
0.4092
0.5549
0.4937
0.2875
0.1851
0.3093
0.4794
0.4108
0.2717
0.3603
0.1801
0.2375
0.3051
0.1858
0.3692
0.3087
0.2555
0.02684
0.3269
0.1038
0.1339
0.3066
0.3559
0.2162
0.2916
0.275
0.3302
0.1708
0.15
0.1194
0.4092
0.4097
0.2619
0.09724
0.1738
0.235
0.1951
0.2407
0.03398
0.3279
0.2148
0.5096
0.6898
0.4105
0.1023
0.1661
0.2821
0.3413
0.47
0.3411
1.044
0.2916
0.4909
0.2809
0.4909
0.08257
0.4369
0.2357
0.2915
0.3189
0.0
0.3048
0.2949
0.3143
0.2627
0.257
0.2966
0.2655
0.2747
0.2182
0.4561
0.275
0.2788
0.3804
0.3589
0.2229
0.2207
0.3017
0.2971
0.7463
0.2036
0.07325
0.3154
0.163
0.2671
0.147
0.295
0.3772
0.2429
0.2763
0.07351
0.1992
0.3033
0.3683
0.1968
0.3285
0.09694
0.3468
0.6982
0.1785
0.2537
0.2972
0.2939
0.3082
0.3737
0.1732
0.2221
0.09802
0.1891
0.2484
0.3044
0.2575
0.4048
0.1786
0.2754
0.3917
0.5549
0.301
0.4074
0.0434
0.3375
0.2866
0.3078
0.2263
0.4721
0.2674
0.291
0.2747
0.3237
0.4498
0.2889
0.74
0.3266
0.2551
0.2421
0.2559
0.202
0.3045
0.3267
0.414
0.2503
0.2368
0.262
0.2885
0.3601
0.4248
0.4909
0.562
0.2549
0.32
0.1787
0.2491
0.165
0.4079
0.3262
0.3189
0.1255
0.3239
0.649
0.3548
0.3955
0.4272
0.2949
0.2995
0.1729
0.4159
0.5549
0.3223
0.2884
0.2191
0.1313
0.2782
0.4111
0.3536
0.101
0.2435
0.3985
0.2503
0.1591
0.2376
0.2374
0.562
0.2325
0.2416
1.087
0.2737
0.1591
0.1809
0.1898
0.4132
0.308
3.632e-08
0.295
0.3632
0.1183
0.2775
0.5549
0.3689
0.2013
0.1448
0.3493
0.1314
0.4598
0.3246
0.2058
0.354
0.3211
0.09592
0.2712
0.3094
0.3493
0.3682
0.2882
0.1591
0.308
0.1167
0.3113
0.3089
0.1096
0.2719
0.4626
0.6017
0.3076
0.1731
0.3147
0.165
0.2027
0.2039
0.3088
0.2579
0.1089
0.2298
0.595
0.2534
0.2979
0.3107
0.4001
0.192
0.2275
0.2929
0.3496
0.2016
0.6214
0.2548
0.4411
0.3442
0.3004
0.2588
0.3309
0.2934
0.3236
0.2895
0.1455
0.3776
0.2325
0.562
0.3589
0.3175
0.4439
0.08734
0.235
0.3934
0.2804
0.4097
0.5848
0.2
0.228
0.2021
0.5494
0.165
0.09592
0.439
0.2581
0.2635
0.235
0.3346
3.148e-08
0.0
0.2872
0.3448
0.3095
0.3344
0.1122
0.335
0.1448
0.3777
0.1579
0.2061
0.101
0.2143
0.3027
0.2307
0.5022
0.0
0.4093
0.3073
0.3157
0.3498
0.3081
0.2204
0.2116
0.376
0.5037
0.303
0.0
0.6447
0.6413
0.2892
0.536
0.2
0.4169
0.2655
0.2618
0.2809
0.09548
0.2622
0.3394
0.1724
0.3853
0.301
0.1987
0.1855
0.2318
0.283
0.2626
0.2093
0.2293
0.1738
0.3196
0.3242
0.3933
0.2267
0.309
0.3523
0.3747
0.4132
0.4918
0.4246
0.3026
0.2521
0.1244
0.3929
0.3851
0.4097
0.5851
0.2996
0.05695
0.2242
0.2394
0.2748
0.3243
0.3153
0.4451
0.4232
0.3007
0.2402
0.1932
0.264
0.368
0.3072
0.2223
0.562
0.3507
0.1841
0.2503
0.1813
0.2353
0.401
0.4798
0.3046
0.3429
0.2883
0.3094
0.4435
0.3966
0.5549
0.317
0.2694
0.3629
0.4493
0.0
0.4505
0.354
0.2052
0.3753
0.6187
0.1256
0.5485
0.5332
0.6425
0.1895
0.3411
0.25
0.1829
0.611
0.2907
0.355
0.3659
0.3325
0.3215
0.333
0.181
0.3117
0.1405
0.2533
0.2429
0.5161
0.2887
0.3926
0.3558
0.299
0.4199
0.4026
0.3057
0.2702
0.3004
0.3567
0.3367
0.3574
0.203
0.1604
0.3861
0.3685
0.372
0.1836
0.4243
0.4909
0.2943
0.3915
0.414
0.2428
0.2755
0.1895
0.2521
0.2317
0.4502
0.6101
0.3484
0.2226
0.4306
0.2052
0.3951
0.4799
0.2674
0.3295
0.4372
0.1827
0.5658
0.2986
0.3041
0.3712
0.3243
0.09337
0.2991
0.3294
0.3644
0.05695
0.08633
0.4677
0.3075
0.2886
0.2503
0.1366
0.4523
0.2946
0.1724
0.4623
0.2811
0.4503
0.3442
0.375
0.2039
0.4838
0.1236
0.2705
0.2501
0.1885
0.3551
0.1668
0.2643
0.3079
0.312
0.2962
0.2541
0.3822
0.3559
0.3116
0.3666
0.4566
0.3239
0.303
0.3566
0.6391
0.08734
0.3036
0.4909
0.592
0.09092
0.3298
0.4909
0.2465
0.3547
0.5912
0.3866
0.5256
0.3095
0.3289
0.4091
0.4017
0.4031
0.6653
0.2796
0.2883
0.46
0.4019
0.6085
0.6085
0.1405
0.1256
0.4349
0.3777
0.2719
0.09714
0.3157
0.237
0.3572
0.1556
0.2355
0.2275
0.2899
0.2373
0.2595
0.06188
0.2784
0.3626
0.3112
0.4616
0.3328
0.3094
0.3087
0.2966
1.128
0.3086
0.3039
0.03535
0.6717
0.4101
0.3655
0.2589
0.2714
0.2254
0.2985
0.2581
0.6396
0.2686
0.5494
0.254
0.3155
0.4787
0.265
0.3713
0.06271
0.3606
0.3102
0.4721
0.2437
0.3268
0.2164
0.6653
0.2728
0.1979
0.5002
0.2201
0.4668
0.256
0.2564
0.254
0.3265
0.3216
0.1604
0.2823
0.2933
0.7354
0.2685
0.2926
0.6163
0.3722
0.2885
0.3886
0.1591
0.2409
0.5018
0.3874
0.2747
0.3146
0.3861
0.1858
0.2404
0.3906
0.203
0.4274
0.2734
0.2582
0.3153
0.3511
0.4693
0.4819
0.3367
0.3231
0.1852
0.0
0.2748
0.09337
0.2311
0.313
0.1325
0.2717
0.2146
0.2919
0.615
0.3833
0.2934
0.2818
0.2785
0.3568
0.3149
0.276
0.2833
0.1038
0.3012
0.3279
0.6188
0.2899
0.2311
0.43
0.3086
0.2154
0.3457
0.2685
0.3576
0.6653
0.3146
0.2232
0.248
0.2148
0.4848
0.3568
0.2823
0.3298
0.2618
0.02684
0.3481
0.1154
0.326
0.2267
0.576
0.2429
0.2263
0.2915
0.4693
0.3061
0.3049
0.2823
0.2805
0.3341
0.1712
0.2653
0.4117
0.2579
0.2942
0.3179
0.2374
0.2772
0.5494
0.35
0.4076
0.1891
0.4353
3.148e-08
0.3075
0.1167
0.2611
0.4108
0.5189
0.6653
0.2592
0.3688
0.08257
0.2199
0.2842
0.4909
0.2485
0.5466
0.1325
0.5213
0.3321
0.3583
0.3143
0.562
0.2942
0.3632
0.2764
0.28
0.3856
0.4539
0.3095
0.5494
0.2426
0.6653
0.0
0.6239
0.2447
0.2378
0.3526
0.3421
0.09802
0.4997
0.5027
0.2337
0.2757
0.2759
0.261
0.217
0.3057
0.3242
0.2854
0.3086
0.3196
0.3243
0.2986
0.3
0.181
0.4068
0.3004
0.3137
0.1661
0.3726
0.342
0.228
0.3184
0.5323
0.2365
0.4513
0.343
0.3916
0.2801
0.2717
0.5549
0.2701
0.4185
0.2832
0.497
0.274
0.3235
0.3601
0.2518
0.5766
0.4101
0.3189
0.3433
0.5494
0.1813
0.3081
0.2995
0.1994
0.3
0.5019
0.4076
0.3688
0.2382
0.4092
0.4048
