371.2
470.6
405.4
471.6
368.7
477.0
577.0
514.5
204.5
398.2
475.8
266.7
434.9
335.5
483.6
560.8
385.9
452.0
310.4
384.1
406.5
152.3
503.1
489.3
221.8
580.0
491.0
533.9
481.1
316.1
659.5
407.7
375.0
409.3
294.8
466.6
546.0
530.4
436.7
471.8
328.8
251.9
378.2
310.1
477.0
461.7
384.7
491.7
357.4
249.0
461.7
449.5
446.0
309.0
408.5
416.1
337.8
517.7
614.5
0.0
152.3
490.5
513.9
331.5
435.2
391.0
516.4
448.6
372.6
444.0
539.5
433.9
314.7
565.2
345.6
459.4
357.3
516.4
368.7
534.3
468.8
425.7
361.2
26.28
458.8
577.6
491.2
438.1
307.7
411.5
482.7
470.1
591.6
291.8
0.0
325.6
142.1
458.8
543.4
488.5
479.6
516.0
330.2
523.6
574.9
500.3
290.8
397.5
300.9
556.1
402.3
364.2
369.5
419.9
374.6
563.6
251.6
271.5
457.2
463.4
303.3
646.2
0.0
154.4
402.7
400.9
507.8
287.9
0.0
210.5
309.3
345.6
407.8
457.0
388.5
373.9
226.8
455.3
293.7
570.1
441.1
342.5
494.4
477.0
466.5
429.2
524.6
165.3
459.1
561.2
414.7
439.1
605.6
472.5
631.9
502.8
439.9
398.1
379.4
463.3
476.8
124.9
312.5
394.9
270.8
234.7
277.0
558.5
401.3
522.4
342.6
454.6
527.2
475.9
310.5
493.0
475.3
557.1
226.8
385.8
377.7
357.0
454.4
452.5
438.9
299.0
314.8
350.1
283.8
429.3
520.0
174.7
368.2
499.2
514.4
247.9
417.9
471.5
542.1
538.7
583.3
540.7
427.4
432.9
406.5
527.0
596.4
428.8
279.1
362.9
484.9
456.7
367.0
312.3
426.8
393.2
361.1
267.1
456.5
452.7
497.1
285.2
416.5
467.9
419.1
400.7
228.5
368.9
407.1
476.6
429.3
152.6
561.2
0.0
590.3
419.5
477.8
603.5
583.4
440.5
368.1
440.5
241.3
444.1
490.2
398.2
443.3
324.5
532.5
449.8
482.4
405.3
602.3
193.5
446.0
0.0
380.3
387.7
477.8
398.3
541.0
320.0
405.7
613.4
464.3
391.8
390.1
79.0
507.5
422.1
482.3
369.1
302.7
255.5
0.0
474.4
416.9
497.7
373.5
335.8
415.3
344.8
537.7
0.0
421.9
389.9
410.1
0.0
441.4
595.2
456.5
460.2
509.1
455.3
368.7
511.8
442.9
468.3
488.2
521.0
424.7
507.6
614.2
535.1
371.6
454.9
445.7
193.7
320.3
517.7
435.3
408.3
427.2
395.6
379.5
475.6
572.7
500.4
342.9
617.3
431.4
542.0
268.7
470.3
322.6
370.5
682.9
411.5
429.9
0.0
452.1
406.6
495.4
474.5
438.3
393.1
462.6
402.1
456.7
598.6
495.4
467.6
476.3
445.5
485.9
380.2
420.7
466.3
499.2
366.5
458.8
305.0
313.7
347.3
412.1
485.1
435.4
480.3
380.5
427.9
227.3
524.1
455.3
358.6
406.8
302.7
502.5
485.6
450.6
382.6
0.0
539.7
233.1
396.3
515.2
373.5
518.3
328.8
608.7
216.4
590.3
414.4
351.6
331.5
485.7
559.8
570.9
297.9
411.5
362.4
272.5
643.4
446.2
553.0
399.2
60.61
471.5
280.5
510.8
378.1
645.6
601.2
514.1
441.4
173.5
348.7
557.0
528.3
173.5
486.7
440.0
512.6
404.1
289.6
498.5
410.6
386.8
480.5
225.5
509.7
447.1
287.3
410.8
438.7
504.4
422.8
469.0
415.2
386.7
622.0
471.3
562.7
438.9
574.6
342.0
407.4
11.28
358.0
374.1
374.6
449.4
465.4
440.3
368.8
554.2
372.7
368.7
488.9
549.5
486.4
361.2
529.5
445.2
494.5
436.6
388.1
519.2
468.5
434.0
425.9
466.7
274.2
474.2
465.8
363.1
449.2
264.6
437.6
487.0
401.1
460.4
361.2
409.2
499.8
267.3
0.0
499.2
491.0
439.0
369.8
532.7
450.6
475.1
485.3
0.0
519.1
432.8
422.3
352.2
447.8
407.2
428.7
477.0
373.6
381.2
410.3
622.5
277.6
393.2
308.7
547.7
362.5
357.4
456.1
500.6
179.8
395.6
314.1
487.3
386.9
564.2
397.6
491.4
506.6
395.7
569.9
460.4
292.4
279.1
420.3
401.1
444.8
491.3
370.4
548.3
356.6
445.9
436.1
409.0
370.2
285.2
536.4
616.2
332.5
317.9
309.8
459.1
532.6
0.0
194.1
425.3
382.6
406.8
303.5
382.1
235.6
494.8
246.8
339.8
359.2
374.9
473.6
483.2
381.1
343.5
259.7
429.8
392.3
424.7
425.0
518.0
373.6
407.7
541.3
463.2
477.8
542.1
495.8
381.9
482.3
579.8
687.2
385.3
363.2
298.9
344.0
422.8
502.9
452.5
411.4
399.8
254.5
0.0
501.6
498.0
541.4
425.7
368.7
0.0
357.6
575.4
475.6
467.0
523.0
451.0
479.6
401.2
522.3
357.2
410.3
256.9
334.7
318.5
582.2
322.1
456.3
546.6
274.5
487.2
321.5
0.0
483.9
486.4
465.7
397.8
316.5
421.7
523.0
472.4
416.8
461.3
189.5
367.7
428.8
585.8
511.6
504.4
539.3
562.0
325.4
354.5
507.4
589.6
542.1
406.1
463.1
448.1
444.5
374.8
537.2
438.3
264.5
453.9
498.9
222.9
505.4
507.6
469.1
552.9
529.6
499.8
271.1
312.0
0.0
394.6
491.3
338.1
453.9
649.6
345.5
284.0
496.7
342.7
373.5
434.1
566.1
483.6
463.6
483.0
413.8
467.0
308.8
558.3
527.1
368.1
508.7
515.2
466.4
508.9
359.8
346.3
402.1
533.6
477.6
373.2
445.9
511.5
381.6
475.2
115.8
415.7
421.8
288.3
543.1
383.4
465.3
449.1
497.4
264.6
473.6
257.2
0.0
598.0
457.2
411.8
532.2
595.5
430.9
465.7
434.5
477.4
387.7
462.1
521.2
458.0
0.0
447.5
420.9
394.4
0.0
483.3
545.2
467.4
359.4
493.2
345.6
558.3
0.0
517.3
361.2
554.7
467.0
390.3
248.1
356.6
412.5
479.1
482.9
270.8
451.0
372.7
348.9
430.4
385.7
318.9
489.5
542.5
579.9
0.0
465.3
306.7
422.8
456.0
426.1
471.5
374.1
491.0
399.2
562.0
332.1
495.2
481.8
506.2
465.0
335.7
528.2
366.5
481.6
353.6
506.9
189.7
417.5
383.0
369.5
488.1
351.4
579.1
456.2
263.7
675.7
336.4
405.4
506.0
564.1
406.9
308.4
534.1
505.6
418.3
473.6
249.0
487.1
329.3
358.6
344.6
155.0
428.3
565.5
365.9
215.4
473.8
544.7
385.3
637.6
0.0
437.6
419.2
558.5
375.4
516.9
444.4
365.5
570.3
0.0
533.6
303.3
268.4
417.0
339.7
369.8
279.2
537.2
311.6
0.0
510.9
661.0
487.0
360.6
520.5
289.3
388.1
388.0
333.6
512.2
164.7
333.7
469.2
395.0
375.5
212.2
389.2
531.7
220.0
479.0
365.6
441.1
290.7
327.3
466.3
241.6
396.4
384.2
541.9
402.7
459.8
304.9
415.5
541.2
567.9
395.4
246.9
353.4
438.6
483.5
544.3
0.0
525.4
445.8
339.4
406.3
239.9
517.2
441.9
404.7
540.3
337.8
481.6
0.0
401.7
502.7
429.3
392.7
505.4
416.2
344.7
498.7
352.2
566.5
439.8
179.8
424.2
468.1
441.3
380.0
347.3
579.4
453.9
576.1
356.6
453.8
419.5
669.0
375.0
316.5
373.4
497.8
463.7
334.7
511.2
0.0
336.5
617.1
396.9
427.3
534.8
502.6
589.8
488.5
435.9
454.5
599.0
269.0
477.0
225.2
370.8
355.9
358.4
459.2
451.5
460.4
426.0
479.5
387.4
308.2
488.6
373.1
492.6
460.9
387.9
550.4
487.5
444.3
489.9
550.1
394.8
393.4
578.5
376.7
466.2
420.5
376.8
634.4
298.6
494.2
599.4
171.9
0.0
502.2
602.0
298.6
519.3
394.9
468.6
514.3
0.0
493.9
437.1
465.4
290.1
480.7
586.9
417.6
407.7
272.5
418.0
551.3
528.8
413.4
514.8
486.9
374.1
449.2
296.2
527.2
391.6
452.4
331.7
420.6
438.6
483.4
427.8
551.4
263.7
452.9
337.3
434.1
501.7
220.9
463.6
470.7
545.9
469.4
403.3
377.2
353.7
568.5
465.5
424.9
251.7
426.6
284.3
336.4
438.0
339.6
472.2
519.9
466.3
470.1
501.9
569.2
491.2
390.8
579.4
546.6
226.8
415.8
426.9
430.0
673.0
261.9
322.1
259.9
486.5
574.2
426.4
450.2
500.5
363.8
505.3
307.7
398.0
231.7
491.0
535.9
431.6
0.0
410.5
486.4
480.0
451.5
361.9
467.2
451.7
383.7
482.7
436.3
356.6
173.5
335.6
494.1
533.3
536.9
510.5
490.9
494.1
324.1
219.6
399.9
765.9
275.1
405.7
705.7
506.3
543.4
0.0
605.0
0.0
512.9
462.6
402.7
430.2
314.3
0.0
394.3
390.4
288.3
494.8
452.6
573.6
241.6
490.6
521.8
514.7
519.9
538.6
456.8
304.0
316.5
282.6
252.9
486.5
394.4
459.5
274.2
0.0
401.8
491.4
504.0
497.9
528.4
407.2
510.5
595.5
280.2
381.0
351.4
378.4
493.7
261.8
453.1
518.4
497.6
566.5
532.2
521.8
344.6
397.7
489.3
484.9
517.9
482.7
189.7
513.0
264.1
317.4
350.2
356.1
150.0
315.9
410.7
466.7
270.3
351.2
335.9
462.8
520.9
607.8
406.4
397.6
262.8
464.8
450.0
517.9
345.6
420.4
315.1
0.0
495.2
160.2
438.5
601.0
247.5
268.0
537.5
650.4
330.5
509.3
306.7
360.1
372.1
498.0
379.8
459.6
505.4
301.8
498.4
268.7
332.0
526.5
0.0
487.3
226.8
222.3
0.0
392.5
508.5
456.8
0.0
482.2
602.7
448.5
464.7
512.1
409.4
440.9
500.8
0.0
401.3
230.1
450.1
340.5
481.9
464.1
270.5
200.5
497.5
391.6
466.9
399.7
646.9
405.1
292.1
342.6
374.3
409.0
423.9
256.8
445.6
370.5
637.3
488.9
516.1
546.8
459.4
234.6
352.0
471.6
325.7
491.1
401.7
549.6
444.2
520.0
441.9
403.9
283.8
367.4
398.6
331.3
511.7
431.3
303.5
566.2
557.7
604.9
469.7
479.0
408.8
404.3
400.5
542.7
362.1
331.7
552.2
416.3
417.7
443.6
521.6
432.4
536.4
455.0
508.3
373.4
436.8
464.7
513.5
412.0
331.5
616.4
557.4
169.0
515.8
456.1
498.4
556.3
413.0
248.1
516.1
427.3
356.6
288.2
410.7
409.3
226.5
445.6
415.4
396.1
576.4
392.2
433.7
577.9
409.3
472.5
496.6
408.2
313.7
0.0
522.9
425.6
407.4
384.0
376.0
396.4
500.6
430.8
431.3
0.0
479.6
172.7
340.2
0.0
0.0
0.0
0.0
376.7
490.0
568.5
292.5
501.6
200.5
349.5
503.5
368.6
393.3
397.2
310.8
311.8
355.4
0.0
331.9
436.4
305.2
182.9
455.9
464.1
285.4
191.8
465.2
339.6
438.7
337.1
472.0
436.4
561.4
333.7
555.8
406.5
454.2
455.2
406.1
343.7
428.5
554.7
527.8
519.8
527.4
11.96
377.5
493.6
472.1
522.4
480.5
0.0
447.6
360.6
549.0
408.9
358.1
504.3
439.4
370.5
501.4
488.5
446.0
545.3
425.8
399.7
459.6
170.6
417.1
559.3
441.0
568.0
390.9
436.2
428.3
527.9
415.8
559.2
434.6
556.2
0.0
543.9
433.8
424.4
448.7
388.9
443.6
446.3
368.7
0.0
560.4
496.1
416.0
235.4
362.0
422.3
548.1
318.0
608.8
396.9
220.5
546.0
422.6
500.9
513.8
337.9
370.8
579.7
411.7
526.3
489.0
564.7
631.8
203.0
495.5
444.5
507.1
317.9
378.3
501.4
454.8
381.2
368.2
544.2
269.8
358.2
458.9
598.3
233.6
599.7
478.1
415.2
324.2
558.8
477.5
510.9
470.9
483.8
435.5
354.3
491.4
534.2
460.9
227.4
277.9
486.0
460.8
462.3
374.4
364.4
417.0
422.8
539.7
352.8
266.5
267.1
384.1
0.0
549.7
485.7
432.8
610.4
461.7
318.1
367.4
392.3
406.4
249.9
578.9
454.6
517.1
