18.12
32.27
26.63
32.42
42.51
44.01
42.18
40.14
40.86
23.87
22.16
39.14
8.282
55.42
44.65
56.41
41.54
41.33
6.43
6.43
3.509e-06
29.11
9.183
41.81
50.67
45.71
45.71
46.05
46.05
18.45
29.9
34.41
20.34
42.27
39.73
58.77
44.26
32.54
50.94
38.15
29.7
0.0
2.557e-06
28.44
28.44
55.88
55.88
67.93
50.05
50.05
50.05
14.61
21.11
18.66
12.14
11.79
40.86
42.04
43.75
50.51
53.66
42.6
13.27
9.636
3.309e-06
19.72
11.4
37.88
25.19
28.62
27.35
26.2
26.2
9.453
5.031
26.92
35.26
43.79
31.76
43.69
79.68
63.61
53.84
53.31
54.54
53.8
19.62
19.62
21.61
0.0
23.16
39.26
38.32
38.77
27.66
27.66
38.32
14.61
22.85
21.1
11.18
27.56
34.63
25.19
23.06
29.09
18.85
17.68
54.36
28.23
20.62
44.65
56.88
56.29
63.96
62.94
63.4
13.05
0.0
18.1
16.14
19.41
50.03
41.42
47.57
47.85
49.06
47.85
14.09
9.699
15.29
0.0
2.808e-06
30.11
36.21
36.21
32.31
41.19
36.21
14.66
22.55
15.49
20.32
57.73
54.62
52.89
52.82
52.58
23.03
25.64
25.84
16.46
25.84
16.46
23.03
25.64
0.0
0.0
10.14
33.67
11.4
40.89
43.01
36.66
39.96
36.66
9.008
19.63
9.345
19.63
2.842e-06
30.53
39.13
36.76
36.39
44.06
36.76
19.48
38.16
3.864e-06
34.7
46.19
23.94
70.75
52.27
77.6
86.64
73.51
79.28
79.28
20.89
12.25
24.56
23.62
14.26
29.82
31.56
27.08
22.4
20.68
0.0
30.45
25.27
60.86
40.01
46.46
46.9
46.9
23.59
26.67
21.2
21.11
47.38
42.15
44.41
27.0
43.89
34.48
0.0
27.36
0.0
3.013e-06
50.67
45.33
45.33
34.89
45.33
45.33
25.54
21.87
0.0
0.0
3.497e-06
46.59
46.59
46.59
51.14
44.09
46.59
28.95
28.08
9.685e-07
26.47
11.56
3.686e-06
41.59
32.28
35.18
43.78
34.9
35.18
35.18
51.11
2.188e-06
20.66
0.0
61.0
57.06
63.47
57.06
57.06
32.48
31.69
23.44
0.0
13.45
32.76
33.24
43.3
42.03
34.24
32.76
23.78
10.95
28.14
29.83
38.11
30.94
38.85
43.45
45.66
29.11
0.0
25.56
51.02
60.18
31.95
53.79
58.38
58.38
17.0
41.03
10.82
12.44
33.76
37.49
38.66
25.88
36.51
16.42
32.22
5.219e-06
8.977
12.32
42.71
40.22
31.23
36.29
38.4
38.4
27.19
13.45
30.38
0.0
23.22
88.28
68.64
79.78
72.18
70.23
68.64
19.62
30.43
47.57
47.57
60.63
60.63
68.53
65.09
63.16
23.68
17.82
27.22
10.07
15.55
33.59
39.32
37.53
33.76
24.51
0.0
19.49
23.78
0.0
44.41
37.52
45.61
37.52
45.98
37.52
24.84
0.0
1.933e-06
23.24
20.55
26.1
26.25
32.7
28.0
28.0
28.0
20.3
0.0
20.16
0.0
41.51
33.86
39.22
33.86
33.86
15.02
0.0
29.78
11.76
26.73
47.98
53.63
41.08
52.7
50.22
50.22
28.59
23.93
43.39
23.48
31.92
31.61
38.14
40.23
25.14
12.96
0.0
40.77
25.3
11.76
66.13
77.08
61.19
70.12
39.24
70.12
36.89
17.06
0.0
9.82
55.51
59.95
46.88
60.82
55.51
21.62
36.15
20.04
33.26
14.3
50.46
40.1
44.28
24.75
34.37
41.08
31.24
0.0
40.67
10.03
2.824e-06
48.52
25.73
27.04
30.81
27.04
27.04
20.74
39.81
36.43
11.52
63.04
61.32
46.98
45.58
60.38
28.09
15.25
2.714e-06
32.87
9.897
40.81
31.07
36.19
36.58
30.28
30.28
29.76
0.0
32.93
9.636
43.42
46.41
36.74
44.92
44.92
33.94
14.92
16.54
27.4
0.0
37.09
29.57
16.98
35.26
29.12
29.57
9.008
0.0
36.91
21.45
68.92
30.66
42.56
43.45
43.45
19.07
42.91
23.46
25.1
32.62
36.47
55.39
10.69
51.16
1.656e-06
22.05
37.72
22.65
40.08
60.63
63.82
57.15
55.63
53.52
57.15
6.43
25.64
44.63
20.54
5.081e-06
29.33
59.37
71.67
70.29
71.76
69.07
73.62
71.67
34.37
25.89
34.88
20.4
25.64
45.46
88.4
86.38
100.6
70.14
96.34
87.87
83.12
24.61
29.14
27.26
15.49
0.0
12.96
35.39
27.66
25.76
29.16
41.73
31.67
27.66
26.27
0.0
25.42
12.36
26.36
21.72
42.54
45.87
45.22
67.33
45.59
59.19
45.59
18.44
27.45
24.76
25.67
16.17
21.79
41.87
50.05
57.44
42.97
68.0
40.96
44.34
20.66
23.21
29.85
21.17
21.17
5.709
49.8
49.8
41.26
56.45
36.64
63.49
43.21
19.85
24.0
8.423
1.728e-06
29.87
41.98
35.73
53.33
41.48
45.8
41.98
26.78
16.81
8.913e-06
0.0
60.61
60.61
65.53
63.23
60.61
0.0
32.64
48.74
35.41
0.0
30.35
139.0
122.5
136.9
122.5
122.0
109.2
122.5
30.06
32.97
29.09
19.71
22.65
41.75
56.36
70.32
62.91
69.02
74.29
71.8
57.55
23.16
23.2
20.41
0.0
25.64
34.91
52.87
61.79
67.89
48.14
51.89
58.24
52.87
0.0
24.18
48.28
16.39
14.69
29.83
30.28
32.92
44.25
27.52
36.95
51.75
27.52
0.0
25.64
22.84
16.18
2.146e-06
46.24
31.85
27.25
65.68
27.25
34.16
26.14
27.25
1.531e-06
32.09
27.06
25.64
16.74
33.36
37.77
29.8
31.66
43.39
31.66
0.0
21.28
2.112e-06
29.0
0.0
23.93
48.89
47.15
54.22
47.15
43.38
47.15
47.15
22.04
6.382e-06
25.67
0.0
31.06
51.54
54.32
55.17
54.54
54.32
54.32
28.15
49.89
27.76
12.52
13.42
65.03
70.09
79.48
43.83
70.43
63.82
0.0
37.41
20.07
15.91
21.91
18.53
32.75
38.33
36.05
24.79
39.72
27.46
24.79
14.76
0.0
14.52
26.27
25.64
76.86
71.86
65.57
61.28
63.41
61.28
23.42
23.28
3.093e-06
54.58
0.0
46.87
77.07
58.89
54.82
59.44
65.88
58.89
58.89
20.12
26.56
29.52
25.64
44.71
48.3
34.08
53.95
36.1
61.91
22.86
20.4
20.78
15.52
100.8
122.6
111.6
64.61
97.08
107.6
23.08
13.82
22.28
13.45
46.13
44.82
51.98
42.3
42.94
15.29
0.0
21.41
17.72
25.64
42.37
41.39
43.85
62.72
44.11
42.32
49.25
42.32
10.32
12.77
0.0
11.4
14.66
41.72
43.5
43.57
42.35
43.38
41.72
14.96
33.29
26.42
12.74
13.73
58.19
55.25
60.43
82.74
50.4
60.21
21.38
21.85
15.93
21.56
33.01
65.38
53.04
49.61
66.92
65.56
64.68
25.64
26.61
29.9
0.0
38.06
42.45
33.87
52.62
33.87
41.97
44.16
15.93
19.16
27.37
16.01
0.0
44.26
49.98
52.37
49.47
42.86
49.44
56.92
52.37
31.43
23.62
9.183
20.64
9.699
16.39
26.43
22.28
29.56
32.73
28.18
0.0
26.88
15.82
0.0
11.4
28.34
43.49
45.37
47.15
43.49
43.75
46.54
43.49
13.7
17.64
3.077e-06
27.26
25.64
5.709
47.63
43.56
36.68
37.43
39.2
35.49
35.49
25.03
29.25
20.67
33.1
72.91
85.91
73.01
89.44
75.82
28.62
31.47
13.36
29.49
29.45
53.4
68.37
56.89
51.61
57.68
70.35
51.61
10.27
0.0
20.85
25.47
30.04
40.63
39.63
51.05
33.57
32.53
32.53
40.22
41.44
38.48
0.0
14.03
30.08
27.17
52.36
59.0
53.83
30.08
33.16
42.44
59.85
0.0
14.22
23.16
58.6
59.84
47.7
84.71
45.74
106.0
58.6
17.9
33.23
5.764e-06
14.61
37.23
12.73
54.32
68.21
45.8
58.13
53.16
49.75
49.75
19.71
37.19
38.2
24.59
12.32
20.44
75.28
86.99
89.66
95.66
66.57
97.27
81.77
39.04
37.84
37.84
25.61
13.52
27.91
94.74
97.12
91.18
65.87
65.64
65.64
96.34
22.06
0.0
28.59
0.0
0.0
21.54
37.81
37.81
46.83
40.46
37.81
51.98
37.81
6.42e-06
33.05
26.59
0.0
85.14
91.82
91.82
94.49
91.82
15.57
27.78
28.24
0.0
54.79
48.8
45.44
52.64
78.16
45.86
46.9
50.44
45.44
0.0
0.0
55.98
19.68
49.2
46.07
50.95
46.1
46.1
50.47
46.1
0.0
21.03
36.71
27.06
25.64
55.65
44.47
42.47
61.39
38.32
40.86
45.8
38.32
20.66
13.45
28.9
27.21
10.53
34.05
38.59
26.12
42.77
32.26
27.79
40.58
25.7
13.43
25.64
23.99
6.43
0.0
28.97
46.44
48.05
53.43
45.04
50.87
44.68
48.05
15.49
53.39
26.27
25.64
16.97
29.44
37.53
35.08
41.21
43.36
32.3
28.15
0.0
63.71
21.07
19.63
22.89
41.71
38.05
43.2
31.24
33.08
67.86
33.08
25.48
17.08
0.0
62.34
64.8
69.03
81.03
56.9
64.8
10.73
36.67
26.98
0.0
56.25
54.9
60.27
72.33
47.84
54.9
12.02
0.0
14.85
0.0
5.863e-06
14.76
25.64
1.999e-06
43.14
46.61
45.58
42.17
45.58
45.58
45.58
11.13
0.0
17.96
0.0
84.27
80.04
79.6
80.04
80.04
31.43
0.0
29.07
0.0
35.68
12.23
32.76
12.23
12.23
13.53
18.38
23.92
10.95
38.4
34.86
35.92
25.32
32.95
13.24
0.0
13.24
0.0
16.38
11.96
19.18
11.96
11.96
27.74
0.0
22.18
0.0
54.24
48.88
51.53
48.88
48.88
23.24
22.96
37.39
24.01
17.56
36.65
44.37
25.72
27.95
24.02
0.0
2.237e-06
38.18
0.0
0.0
37.23
27.44
27.44
39.88
27.44
27.44
27.44
30.61
0.0
30.04
0.0
39.27
18.78
37.95
18.78
18.78
25.82
0.0
17.69
23.38
44.73
53.04
30.82
48.4
48.4
9.415
0.0
14.76
0.0
24.63
24.51
25.68
24.51
24.51
21.65
0.0
8.372
16.22
26.35
25.6
33.28
26.39
26.39
25.84
0.0
14.76
0.0
17.15
12.69
29.79
12.69
12.69
33.46
0.0
27.53
13.43
33.04
29.95
41.03
27.04
27.04
11.54
0.0
11.54
29.98
22.54
23.19
22.54
20.39
20.39
40.01
0.0
40.95
0.0
38.03
47.79
45.14
47.79
47.79
27.59
14.08
24.13
0.0
29.82
17.36
25.43
15.99
17.36
11.56
0.0
4.773e-06
18.26
35.78
30.12
33.03
35.78
35.78
27.57
0.0
26.44
25.73
0.0
21.81
31.19
25.83
24.51
42.04
25.83
27.39
25.83
29.36
0.0
18.43
9.183
57.51
56.12
48.4
57.51
57.51
24.45
5.031
2.384e-07
38.15
46.02
1.752e-06
47.89
63.03
34.44
36.37
37.44
34.44
34.44
10.82
25.64
15.49
5.709
46.37
39.38
49.19
55.86
42.67
13.95
0.0
13.95
27.7
32.31
17.87
28.41
27.04
27.04
33.18
0.0
31.19
19.23
53.52
16.5
35.69
27.93
27.93
25.12
19.8
23.71
17.15
31.67
23.23
36.05
34.11
30.39
18.23
36.57
0.0
35.93
6.43
19.38
6.43
6.43
21.23
0.0
20.79
9.183
26.84
13.55
23.73
14.41
14.41
14.76
0.0
14.09
16.53
42.99
36.84
47.5
41.07
41.07
28.72
13.75
19.55
0.0
17.17
13.7
33.09
15.06
13.7
16.9
10.73
18.83
0.0
33.41
33.36
41.71
36.09
33.36
30.83
10.56
0.0
0.0
27.44
27.44
18.69
27.57
27.44
22.71
24.97
14.76
0.0
37.61
35.25
35.56
26.52
35.25
0.0
29.41
0.0
34.26
13.45
27.64
13.45
13.45
15.53
0.0
32.94
12.98
38.77
15.72
31.27
20.77
20.77
17.2
25.13
23.67
0.0
41.3
34.52
37.27
37.51
34.52
22.99
13.75
42.45
22.45
49.12
28.59
47.46
39.52
32.74
23.87
0.0
23.27
17.54
81.9
61.31
60.43
67.52
67.52
46.42
44.9
21.69
0.0
37.59
42.45
15.22
17.27
42.45
11.44
0.0
20.15
0.0
56.71
55.27
56.61
55.27
55.27
26.35
0.0
28.13
0.0
28.13
0.0
26.35
0.0
0.0
30.83
29.87
17.6
25.99
32.64
33.66
35.06
49.85
38.43
29.41
17.48
41.93
16.94
55.97
35.3
42.51
36.55
33.31
16.86
0.0
23.22
22.69
25.9
34.61
25.25
25.7
25.7
12.25
8.863
12.25
34.35
27.84
25.9
27.03
27.84
16.53
0.0
29.41
0.0
39.03
18.49
22.82
18.49
18.49
10.73
15.13
21.39
18.42
34.89
38.46
31.7
24.89
28.33
21.2
15.25
15.63
24.7
20.15
25.06
29.69
11.97
15.38
20.85
0.0
24.97
8.423
18.28
25.17
21.07
28.5
33.94
23.74
17.0
30.46
17.0
15.79
25.64
17.96
0.0
46.72
41.27
41.87
48.44
41.27
16.27
0.0
0.0
21.24
37.49
45.62
35.68
37.49
37.49
0.0
38.74
20.09
25.64
30.99
46.77
48.03
49.6
48.55
32.0
48.55
16.14
0.0
44.18
16.03
25.64
24.95
38.76
20.09
26.03
37.99
26.03
0.0
0.0
29.91
25.64
53.15
47.45
53.01
53.01
53.01
17.69
26.03
43.38
24.86
0.0
52.08
42.12
36.57
61.48
34.67
31.11
53.78
36.57
12.94
25.64
22.7
15.85
0.0
0.0
22.28
22.23
22.23
28.29
35.68
26.8
22.23
18.34
0.0
27.77
14.18
25.64
0.0
33.4
20.86
14.18
24.2
14.18
18.39
43.73
39.58
0.0
5.709
13.49
64.78
66.4
64.02
64.01
49.57
82.29
64.78
23.27
25.64
20.73
10.6
0.0
23.16
10.6
0.0
23.16
23.27
25.64
20.73
0.0
14.35
0.0
21.34
12.05
23.32
21.63
32.97
15.67
24.04
29.97
31.57
35.24
31.57
17.49
24.31
14.23
14.06
47.57
42.11
47.86
43.97
43.49
13.24
0.0
29.31
0.0
0.0
13.58
13.58
17.44
13.58
35.64
13.58
6.43
0.0
14.66
25.64
0.0
27.51
39.37
26.52
27.58
26.52
26.52
22.23
22.23
22.75
25.64
42.61
48.52
44.62
44.62
44.06
11.65
0.0
11.65
27.22
0.0
38.89
35.64
35.38
35.64
35.38
35.64
45.38
16.26
11.15
18.08
0.0
22.14
11.83
51.64
14.45
18.75
11.83
0.0
25.64
26.53
6.43
25.64
29.05
23.68
29.47
29.74
23.96
39.93
39.0
23.96
22.38
20.39
4.599e-06
0.0
2.17e-06
19.25
19.25
19.25
30.52
22.29
19.25
0.0
0.0
19.71
14.92
18.34
31.22
48.76
50.73
47.79
44.52
44.52
46.04
44.52
0.0
25.64
21.46
0.0
34.24
36.23
27.79
48.61
27.79
37.59
27.79
27.76
25.64
86.98
22.0
0.0
45.7
50.0
41.65
75.23
42.42
46.23
77.63
41.65
0.0
30.52
40.65
0.0
25.64
29.65
31.42
42.5
49.55
31.42
44.65
52.83
31.42
17.29
48.51
2.791e-06
22.22
0.0
75.29
80.35
88.04
52.59
80.35
80.35
42.71
61.6
23.6
20.74
60.1
62.19
95.57
32.03
60.95
26.95
18.78
31.1
0.0
0.0
42.01
31.06
31.06
37.12
48.35
36.6
52.5
31.06
0.0
18.78
16.02
17.9
25.64
28.39
45.97
67.17
73.32
56.93
55.41
53.45
56.93
0.0
0.0
16.86
0.0
20.58
40.41
18.28
24.81
47.19
18.28
18.28
26.49
18.28
22.33
9.069
11.4
28.41
55.41
54.37
71.26
53.35
59.78
26.8
14.01
30.56
17.29
25.64
46.18
41.63
52.34
65.52
52.99
42.41
42.28
48.1
0.0
36.65
23.95
10.6
25.64
29.72
67.78
68.41
72.52
63.97
61.6
71.92
63.97
10.63
0.0
21.06
15.6
44.56
40.32
35.74
36.82
36.82
25.64
31.82
19.55
38.76
49.59
42.18
51.48
26.21
25.64
25.46
0.0
11.51
54.39
59.19
55.81
55.76
59.38
54.39
0.0
9.183
39.95
20.4
25.64
38.63
38.62
38.76
60.85
27.59
30.02
40.66
27.59
24.38
0.0
42.97
0.0
0.0
41.03
41.03
45.12
41.03
54.3
41.03
8.977
0.0
35.65
0.0
25.64
21.67
21.42
34.84
28.03
18.9
21.42
36.54
21.42
14.66
24.88
20.78
13.5
24.12
19.64
26.33
35.35
28.69
18.7
24.01
23.7
22.91
36.17
25.64
39.13
0.0
26.29
29.82
48.85
54.2
63.93
63.93
52.04
56.64
48.85
9.787
30.25
41.53
6.43
25.64
44.28
23.99
34.9
49.24
23.4
37.39
45.18
25.21
21.77
25.64
24.95
0.0
0.0
30.43
29.96
29.96
45.14
37.82
41.02
42.07
29.96
8.597
22.98
36.83
22.36
0.0
24.83
20.64
17.88
26.92
48.38
20.64
19.85
25.64
1.673e-06
21.65
15.53
30.35
40.28
29.8
41.58
32.33
32.33
23.41
31.58
34.4
0.0
0.0
17.42
51.02
51.02
60.18
51.56
64.88
41.08
51.02
14.59
19.74
21.89
13.99
0.0
13.71
42.84
44.76
50.08
48.45
45.04
48.11
44.76
24.27
0.0
31.24
31.02
14.42
25.89
66.23
46.6
61.4
47.67
46.88
52.93
46.88
36.04
25.64
48.41
14.35
0.0
39.91
39.47
36.94
55.81
49.06
48.07
49.05
36.94
20.64
0.0
0.0
30.13
15.18
30.85
24.76
15.18
15.18
0.0
23.6
0.0
0.0
24.88
14.03
14.03
25.45
17.55
14.03
26.75
14.03
21.54
23.77
24.06
18.35
42.5
20.64
60.71
45.86
55.38
45.23
52.19
51.64
51.27
31.19
1.652e-06
0.0
15.06
15.06
15.06
40.94
15.06
14.53
0.0
31.77
2.491e-06
0.0
26.35
26.35
26.51
26.35
31.28
26.35
20.64
13.36
0.0
0.0
10.32
10.32
24.8
16.03
10.32
2.65e-06
11.51
18.1
6.43
0.0
77.15
77.09
77.09
76.54
83.67
77.09
20.66
9.661
23.86
11.65
11.38
15.94
44.24
41.95
42.92
31.77
43.74
52.75
44.4
0.0
16.44
0.0
25.61
0.0
36.49
22.8
22.8
32.4
22.8
22.8
32.06
0.0
26.32
21.62
31.29
27.64
29.4
18.23
18.23
3.018e-06
11.38
10.27
0.0
23.32
41.27
40.25
34.91
40.25
42.35
40.25
25.92
0.0
17.9
0.0
21.56
20.88
40.77
20.88
20.88
28.13
27.47
6.43
0.0
15.01
12.59
28.77
29.24
12.59
0.0
18.34
0.0
31.72
25.16
25.16
25.16
25.16
22.02
22.04
34.47
11.99
47.56
28.75
33.44
23.74
26.17
0.0
0.0
20.85
25.64
20.85
25.64
0.0
0.0
0.0
0.0
0.0
16.03
19.41
16.83
25.15
11.75
11.75
11.75
0.0
30.38
27.06
0.0
31.74
24.5
24.5
22.74
24.5
3.424e-06
0.0
48.96
14.58
0.0
37.94
41.4
38.19
45.39
38.19
38.19
71.34
38.19
9.415
16.65
0.0
0.0
19.74
0.0
0.0
19.74
19.12
13.24
0.0
0.0
0.0
30.34
41.63
41.63
53.71
39.01
41.63
41.63
6.168e-06
16.12
8.487e-06
10.27
20.33
68.9
68.26
66.44
56.26
66.44
66.44
17.95
23.09
11.41
23.87
0.0
48.8
55.51
60.4
54.46
57.45
55.51
0.0
2.95e-06
25.64
27.32
39.56
27.32
27.32
27.32
21.48
20.41
13.24
0.0
21.19
16.47
23.68
24.17
16.47
19.73
17.17
34.33
6.43
0.0
6.43
0.0
19.73
17.17
34.33
0.0
21.72
0.0
10.27
17.02
13.84
14.63
19.51
20.44
20.44
0.0
20.32
13.24
0.0
40.09
37.26
37.26
31.66
37.26
0.0
17.23
19.5
28.1
0.0
38.59
26.09
26.09
26.69
21.77
26.09
18.44
8.863
0.0
0.0
16.94
16.94
20.7
21.66
16.94
8.423
41.77
1.39e-06
32.29
0.0
34.18
16.53
17.86
39.69
16.53
16.53
17.12
29.98
14.46
19.95
9.82
16.31
46.86
38.74
47.57
51.12
43.46
38.7
41.25
11.1
16.73
20.68
0.0
39.07
28.27
28.51
34.93
28.27
12.71
17.37
16.95
17.37
18.48
22.31
0.0
20.7
12.71
36.83
19.41
8.423
0.0
15.6
16.03
43.51
25.59
16.03
0.0
27.47
20.25
14.94
18.2
16.77
31.19
17.29
28.11
29.94
0.0
0.0
26.99
26.99
33.17
43.21
40.39
26.99
29.29
0.0
24.36
10.27
0.0
25.19
26.04
44.23
26.04
36.89
26.04
0.0
11.4
16.95
0.0
21.76
41.21
34.48
43.86
34.48
38.76
34.48
21.44
0.0
0.0
21.13
33.06
40.1
43.77
33.06
33.06
9.415
0.0
13.7
25.64
21.17
33.75
16.26
15.67
15.67
20.75
0.0
0.0
0.0
34.44
34.44
24.86
34.44
34.44
0.0
20.78
28.13
19.41
26.59
17.39
5.709
22.71
5.709
29.26
0.0
0.0
14.02
13.87
15.15
29.22
13.87
13.87
2.766e-06
0.0
8.423
0.0
30.39
30.25
30.25
30.25
30.25
23.56
24.35
9.415
0.0
20.98
22.32
37.9
15.91
22.32
21.17
10.95
29.87
32.31
2.437e-06
31.44
28.33
28.33
35.36
29.38
28.33
0.0
0.0
19.24
0.0
4.333e-06
35.65
28.5
28.5
28.5
28.5
28.5
17.1
0.0
10.27
25.8
29.69
29.99
27.28
25.92
25.92
2.045e-06
38.55
15.49
0.0
0.0
12.96
12.96
12.96
32.86
25.67
12.96
15.91
47.52
27.92
49.39
3.272e-06
43.25
47.16
27.32
21.44
63.55
27.32
9.415
0.0
13.24
0.0
21.17
14.37
17.04
14.37
14.37
13.71
25.64
17.29
25.64
29.31
35.61
46.76
40.47
35.48
47.16
39.35
0.0
0.0
0.0
0.0
31.79
31.79
31.79
31.79
31.79
18.25
0.0
26.82
24.62
2.182e-06
44.17
43.58
25.91
27.11
25.91
25.91
8.597
9.183
0.0
0.0
37.34
37.34
38.12
40.44
37.34
11.54
19.41
23.56
0.0
36.73
17.44
14.72
23.8
17.44
0.0
0.0
18.97
20.03
24.71
20.49
14.46
14.46
14.46
7.423e-06
0.0
23.8
0.0
14.72
73.63
81.35
83.85
81.35
81.35
81.35
0.0
0.0
23.69
48.91
21.62
74.96
57.19
62.18
62.05
62.05
62.05
2.95e-06
27.47
1.814e-06
0.0
22.11
22.11
22.11
29.34
22.11
2.249e-06
25.64
14.53
27.23
27.54
33.78
25.68
42.41
25.68
0.0
27.99
18.68
0.0
32.68
24.9
24.9
33.8
24.9
20.4
0.0
24.18
18.78
29.88
22.29
23.55
14.95
14.95
19.9
0.0
5.401e-06
3.312e-06
17.16
43.36
45.56
50.57
43.36
43.36
43.36
0.0
31.04
20.46
0.0
21.85
15.81
15.81
26.61
15.81
22.15
0.0
3.616e-06
0.0
62.88
62.88
54.75
62.88
62.88
20.64
28.11
13.24
0.0
28.17
26.84
38.97
21.58
26.84
0.0
20.83
14.48
20.83
39.01
36.68
34.88
44.22
34.88
18.59
0.0
10.17
17.29
29.71
46.94
36.76
39.63
42.24
42.62
42.24
11.83
0.0
10.27
0.0
54.55
56.15
53.83
56.15
56.15
18.08
0.0
0.0
39.58
38.76
24.22
41.96
38.76
38.76
0.0
0.0
28.45
0.0
29.73
24.87
24.87
24.87
24.87
0.0
0.0
24.02
18.9
30.63
15.78
16.17
16.17
16.17
23.57
11.4
13.5
18.71
18.1
20.34
24.17
15.43
10.75
6.43
0.0
3.299e-06
0.0
3.299e-06
0.0
6.43
0.0
0.0
23.03
10.15
8.423
0.0
8.423
0.0
23.03
10.15
0.0
0.0
18.87
13.52
25.64
27.63
34.17
24.99
28.24
24.99
6.43
37.67
8.597
31.77
14.6
34.98
14.16
33.76
12.36
0.0
0.0
10.27
0.0
24.74
24.25
24.25
24.25
24.25
0.0
15.49
13.7
0.0
31.89
28.46
28.46
34.89
28.46
13.24
18.22
0.0
18.6
12.83
20.14
12.83
12.83
3.127e-06
16.17
14.35
12.88
11.76
37.7
33.42
36.46
31.31
34.59
31.31
16.08
11.51
0.0
0.0
46.83
46.83
52.22
50.95
46.83
17.9
23.56
0.0
34.23
18.85
20.07
18.85
18.85
1.327e-06
21.76
3.815e-06
20.66
19.63
26.33
26.94
18.52
19.49
18.52
18.52
0.0
30.73
29.18
21.77
13.28
28.83
31.07
27.19
34.41
42.94
27.19
18.08
0.0
23.22
31.07
64.77
56.7
62.77
64.52
64.52
19.99
1.814e-06
0.0
26.53
26.53
26.26
30.39
26.53
0.0
0.0
20.85
25.64
19.83
28.56
33.83
31.65
23.11
23.11
23.11
13.28
14.02
15.88
26.91
24.55
30.74
23.01
23.69
18.7
0.0
0.0
12.25
11.12
18.3
21.34
17.65
17.65
17.65
0.0
2.818e-06
0.0
16.5
16.5
16.5
16.5
32.39
10.04
2.014e-06
0.0
21.69
21.69
31.76
25.13
21.69
0.0
0.0
10.6
16.12
19.93
23.62
17.07
17.07
17.07
27.85
0.0
3.274e-06
18.25
0.0
36.92
33.21
52.48
33.21
33.21
33.21
0.0
9.183
17.95
23.13
42.07
40.96
32.33
35.5
32.33
16.9
22.61
9.852
0.0
18.48
16.46
22.9
29.67
16.46
20.64
11.6
0.0
0.0
10.56
10.56
24.32
10.51
10.56
0.0
27.56
0.0
57.38
39.07
30.79
39.07
39.64
39.07
0.0
0.0
6.43
30.28
19.4
31.77
18.98
18.98
18.98
17.29
17.02
21.67
0.0
76.78
62.61
54.46
65.26
62.61
0.0
30.06
16.13
44.02
36.78
31.28
34.84
50.65
34.84
21.22
0.0
4.802e-06
22.09
25.64
71.6
72.38
61.76
67.86
67.86
67.86
26.42
19.31
13.25
27.8
23.28
17.49
32.42
29.4
24.92
8.597
0.0
0.0
0.0
29.17
28.33
28.33
36.55
27.37
28.33
28.33
18.08
27.56
0.0
0.0
31.05
31.05
33.25
34.6
31.05
18.34
36.95
20.64
0.0
26.46
20.89
31.09
29.29
20.89
0.0
9.415
17.43
16.97
23.91
13.53
13.53
13.53
4.111e-06
0.0
10.27
0.0
31.5
32.51
32.51
32.51
32.51
14.22
17.56
0.0
0.0
32.19
32.19
34.32
45.0
32.19
3.107e-06
41.55
12.05
0.0
35.53
30.83
30.83
32.18
30.83
29.54
0.0
2.801e-06
19.63
31.07
30.13
30.79
31.07
31.07
2.893e-06
0.0
7.105
13.71
49.48
53.24
49.67
49.67
49.67
0.0
0.0
25.59
22.41
28.1
32.36
21.52
21.52
21.52
18.97
18.28
13.08
13.89
21.11
19.91
30.39
29.26
26.53
0.0
15.2
8.423
0.0
5.709
33.81
21.72
11.8
0.0
37.39
38.1
28.78
31.3
38.1
1.873e-06
20.23
0.0
0.0
34.82
13.39
13.39
42.25
13.39
18.1
13.39
23.1
0.0
34.83
30.61
35.68
47.72
56.7
44.55
44.55
0.0
9.82
1.012e-06
16.37
0.0
20.42
23.85
23.85
20.7
23.85
23.85
17.1
29.31
2.593e-06
0.0
75.15
75.15
71.03
73.48
75.15
6.367e-06
0.0
6.28e-06
0.0
20.18
13.23
13.23
17.48
13.23
13.23
13.23
13.24
17.43
0.0
0.0
25.6
25.6
28.9
32.79
25.6
6.43
14.02
0.0
0.0
12.54
28.49
28.49
34.78
28.79
34.62
28.49
23.76
0.0
21.72
28.15
38.61
29.87
38.79
24.49
24.49
23.56
14.18
20.08
0.0
0.0
31.53
26.66
47.43
35.83
30.4
30.4
30.4
1.74e-06
0.0
1.74e-06
32.09
0.0
41.86
24.72
24.72
24.72
24.72
24.72
17.9
0.0
32.81
0.0
30.82
20.75
31.25
20.75
20.75
21.72
0.0
10.27
25.64
35.76
44.68
30.97
31.37
31.37
18.34
28.2
19.19
28.2
18.94
29.04
19.89
28.81
6.43
0.0
22.65
13.53
17.29
27.84
34.69
23.61
23.68
28.46
26.15
23.68
0.0
28.13
20.78
19.53
27.64
16.6
16.6
30.85
16.6
11.95
0.0
18.98
16.67
22.28
19.13
20.58
22.78
22.78
27.78
26.44
12.16
19.32
28.78
33.1
27.37
22.77
27.01
0.0
0.0
2.708e-06
0.0
35.47
35.47
35.47
35.47
35.47
28.13
19.41
23.85
15.8
0.0
0.0
8.372
20.78
20.78
22.49
20.89
20.29
20.78
22.28
0.0
29.63
18.05
25.64
29.63
50.1
57.34
64.06
72.39
56.74
63.97
56.74
0.0
3.038e-06
12.59
23.32
3.038e-06
0.0
0.0
9.852
17.53
27.76
0.0
32.15
16.38
15.32
21.92
16.38
0.0
0.0
22.33
0.0
22.38
5.031
5.031
5.031
5.031
0.0
0.0
23.17
0.0
20.91
41.42
24.88
31.17
24.88
24.88
24.88
21.72
25.35
18.97
18.62
0.0
26.8
25.46
34.55
24.63
27.51
25.46
0.0
14.02
14.94
16.77
16.77
16.27
16.77
33.07
0.0
21.52
22.92
35.6
33.15
38.97
37.84
49.61
24.13
24.13
8.597
0.0
2.779e-06
15.59
0.0
26.56
21.26
22.65
21.26
21.26
21.26
0.0
10.15
23.03
0.0
23.64
12.59
12.59
15.14
12.59
8.423
0.0
18.08
28.66
24.13
36.5
17.97
14.35
14.35
6.43
33.1
0.0
0.0
21.97
20.72
20.72
33.68
21.58
37.38
20.72
18.71
7.6
0.0
14.66
19.34
19.97
26.22
23.23
28.39
19.97
0.0
0.0
13.7
27.31
13.7
27.31
0.0
0.0
0.0
23.8
0.0
9.892
0.0
1.397e-06
13.81
18.64
18.64
32.91
18.64
18.64
6.43
0.0
14.48
0.0
19.54
19.85
19.52
19.85
19.85
0.0
34.56
3.901e-06
2.338e-06
0.0
0.0
24.39
24.39
24.39
24.39
37.9
24.39
24.39
11.67
0.0
1.198e-06
33.63
50.05
45.77
48.96
50.05
50.05
25.77
10.07
16.37
0.0
21.42
31.85
24.48
30.62
29.97
27.76
24.48
0.0
28.42
0.0
0.0
19.78
31.3
31.3
35.4
31.3
44.87
31.3
22.04
0.0
19.52
17.29
0.0
20.47
18.66
13.08
18.66
23.64
18.66
10.63
7.284
0.0
11.51
25.17
26.7
28.12
25.23
25.17
16.69
20.73
20.73
3.541e-06
31.28
0.0
0.0
0.0
13.24
0.0
20.84
15.22
15.22
15.22
15.22
26.56
0.0
23.59
0.0
21.82
18.71
22.9
16.55
29.03
32.55
22.9
29.36
22.9
31.67
10.15
8.423
0.0
10.18
5.031
31.76
11.16
5.031
16.47
0.0
0.0
35.23
22.88
27.4
27.76
22.88
22.88
11.86
16.64
11.86
32.27
0.0
4.804e-06
15.98
11.59
0.0
25.22
20.59
20.59
19.88
20.59
0.0
39.76
3.055e-06
23.56
12.89
26.6
30.06
32.21
37.49
28.52
35.95
28.52
28.52
0.0
20.37
8.876
0.0
20.94
46.75
46.28
60.89
46.28
54.6
46.28
18.87
0.0
8.423
14.32
27.56
30.82
32.91
36.46
31.81
34.85
31.81
2.014e-06
0.0
23.29
13.24
0.0
25.29
21.58
21.58
21.58
29.55
21.58
24.08
36.85
0.0
19.41
0.0
19.41
24.08
36.85
0.0
14.66
0.0
22.27
0.0
14.66
21.46
32.51
37.13
34.13
32.51
32.51
32.29
11.91
31.38
0.0
0.0
20.92
20.92
34.82
25.37
33.57
20.92
28.45
21.83
17.65
0.0
2.718e-06
30.98
32.59
32.59
29.42
34.48
32.59
6.43
9.706
0.0
23.51
27.82
30.16
38.1
47.71
32.2
33.1
30.16
20.68
32.99
0.0
0.0
21.03
21.03
25.53
36.69
21.03
22.38
0.0
20.85
17.37
24.19
25.12
9.491
9.491
0.0
27.01
19.47
0.0
18.94
8.776
8.776
32.15
8.776
20.78
28.22
34.12
40.16
24.42
15.76
27.42
17.44
12.71
0.0
38.85
0.0
45.39
18.4
17.92
18.4
18.4
14.29
0.0
0.0
2.523e-06
57.78
16.02
76.18
38.02
75.58
72.83
76.18
76.18
76.18
0.0
0.0
21.54
26.19
24.15
28.6
17.59
17.59
17.59
21.09
0.0
10.32
12.88
10.32
12.88
21.09
0.0
0.0
0.0
13.71
2.509e-06
0.0
37.82
31.52
31.52
57.59
31.52
28.9
31.52
1.687e-06
23.87
0.0
0.0
32.88
32.88
32.88
32.87
32.88
18.34
0.0
21.55
27.74
22.86
30.55
18.84
9.128
9.128
0.0
28.3
13.24
17.62
12.69
12.69
32.21
23.03
0.0
6.43
17.36
16.53
15.29
25.71
23.58
15.29
15.29
22.23
18.09
21.32
0.0
0.0
0.0
0.0
22.23
18.09
21.32
0.0
17.12
0.0
2.596e-06
10.27
10.58
1.812e-06
16.76
24.85
19.61
9.345
19.61
19.61
19.61
11.86
23.74
13.05
0.0
13.65
31.23
31.47
30.63
33.4
34.6
31.47
0.0
0.0
14.66
24.12
52.71
50.92
52.18
52.18
52.18
6.43
14.02
18.34
0.0
28.91
16.94
17.79
22.87
16.94
22.38
0.0
0.0
0.0
8.157
8.157
24.86
8.157
8.157
3.313e-06
23.92
12.21
38.49
18.24
52.95
43.88
41.08
48.99
43.35
41.08
14.66
18.71
0.0
0.0
1.016e-06
0.0
0.0
1.016e-06
14.66
18.71
0.0
12.37
0.0
10.7
16.29
0.0
0.0
16.67
18.3
18.3
22.78
18.3
23.03
18.3
29.29
25.73
21.72
0.0
24.34
12.23
34.42
27.21
12.23
17.9
0.0
17.9
0.0
28.92
20.63
25.6
20.63
20.63
0.0
0.0
15.22
0.0
14.31
45.29
40.09
36.55
40.09
40.09
40.09
18.15
0.0
28.21
14.65
31.15
22.39
18.15
18.15
31.58
0.0
12.14
0.0
33.0
28.24
15.37
28.24
28.24
9.415
9.415
0.0
15.86
14.3
18.29
14.3
14.3
8.423
0.0
0.0
26.32
26.67
29.53
26.67
26.67
26.67
5.031
21.23
12.43
23.16
18.68
27.14
14.95
14.28
9.415
0.0
13.24
0.0
37.63
29.83
24.2
29.83
29.83
16.99
0.0
30.29
0.0
19.41
30.62
27.61
25.55
30.47
27.61
27.61
28.94
0.0
27.06
0.0
46.33
25.66
41.03
25.66
25.66
0.0
0.0
18.04
9.183
23.0
13.84
17.78
17.78
17.78
29.11
0.0
19.05
32.28
34.66
39.52
54.22
39.48
39.48
13.7
0.0
31.04
15.27
53.58
40.63
31.89
35.09
35.09
8.423
16.12
10.32
10.56
25.6
25.16
26.35
29.1
21.99
8.423
0.0
0.0
34.4
33.68
35.04
33.68
33.68
46.74
0.0
35.22
0.0
3.391e-06
52.71
23.45
23.45
40.09
23.45
23.45
14.66
8.776
23.22
5.02
44.9
55.75
57.95
56.58
55.58
14.06
0.0
12.36
0.0
17.88
15.51
6.43
15.51
15.51
20.85
0.0
0.0
12.32
14.09
10.82
25.24
14.09
14.09
12.36
0.0
9.415
5.031
30.92
26.58
33.47
27.46
27.46
15.74
20.83
20.97
0.0
26.17
15.74
24.54
15.74
24.73
0.0
15.98
0.0
45.2
42.94
38.31
42.94
42.94
9.415
0.0
9.415
5.031
18.15
10.67
12.38
12.36
12.36
25.0
0.0
12.43
16.29
0.0
8.372
16.29
0.0
8.372
25.0
0.0
12.43
0.0
11.59
5.031
26.24
30.12
35.07
31.21
30.12
19.62
0.0
25.84
0.0
34.18
17.3
27.36
17.3
17.3
42.29
0.0
21.14
0.0
42.1
46.91
70.92
46.91
46.91
20.65
0.0
15.59
22.82
0.0
34.11
20.34
26.89
20.34
21.57
20.34
0.0
8.423
0.0
15.43
12.95
15.47
12.95
12.95
13.65
0.0
0.0
20.47
14.66
0.0
37.53
22.32
50.53
21.04
31.06
28.96
28.96
8.597
0.0
8.597
0.0
8.597
0.0
8.597
0.0
0.0
19.5
10.56
10.32
22.21
34.91
36.08
39.21
36.66
35.45
22.63
0.0
9.892
17.02
68.48
67.68
75.57
66.8
66.8
24.18
0.0
14.09
0.0
18.11
10.56
25.46
10.56
10.56
14.32
41.21
0.0
46.39
37.87
39.1
37.87
37.87
6.417
0.0
16.47
0.0
26.45
30.24
30.25
30.24
30.24
18.1
0.0
25.66
0.0
26.51
15.29
27.89
15.29
15.29
14.98
0.0
13.65
8.863
27.83
35.89
28.05
32.47
32.47
21.37
20.57
16.49
5.031
51.8
51.12
45.06
53.51
50.38
29.13
0.0
10.6
0.0
58.74
52.85
59.07
52.85
52.85
14.05
0.0
30.91
5.02
30.77
30.38
30.91
30.91
28.55
0.0
11.43
0.0
3.424e-06
31.45
35.0
35.0
30.25
35.0
35.0
15.0
0.0
15.83
0.0
60.64
53.97
54.17
53.97
53.97
0.0
13.26
12.59
16.83
12.59
12.59
0.0
15.98
0.0
27.96
25.06
29.24
25.06
25.06
13.59
0.0
17.73
0.0
41.99
38.71
44.39
38.71
38.71
0.0
14.42
5.031
16.51
5.031
5.031
1.343e-06
24.31
16.6
0.0
42.33
39.33
39.33
38.48
39.33
12.71
0.0
17.06
0.0
17.06
0.0
12.71
0.0
0.0
35.11
22.17
20.4
0.0
47.24
56.22
31.39
53.44
56.22
14.66
17.94
17.94
14.66
0.0
23.42
0.0
13.58
0.0
38.04
37.26
34.54
37.26
37.26
8.423
14.72
0.0
11.54
17.44
15.76
17.44
11.13
0.0
12.94
11.13
11.75
0.0
22.02
0.0
35.8
24.36
24.76
24.36
24.36
8.423
0.0
21.42
0.0
49.23
49.86
52.17
49.86
49.86
8.423
0.0
8.423
19.92
19.31
22.16
19.31
19.31
24.27
0.0
13.53
26.67
13.53
26.67
24.27
0.0
0.0
25.84
0.0
17.65
0.0
53.8
53.19
65.06
53.19
53.19
9.415
0.0
13.24
0.0
22.69
14.97
11.02
14.97
14.97
31.21
28.75
0.0
41.44
0.0
25.73
45.66
62.58
64.69
45.66
45.66
0.0
9.415
0.0
13.37
13.0
18.35
13.0
13.0
1.252e-06
11.66
21.91
23.6
30.98
30.0
25.35
27.13
25.35
18.78
0.0
18.56
17.83
27.26
24.39
22.93
12.27
12.27
21.72
0.0
0.0
17.84
32.75
37.45
34.2
32.75
32.75
16.14
0.0
2.293e-06
16.44
0.0
56.25
55.43
58.02
55.43
55.43
55.43
17.22
0.0
21.38
0.0
26.04
26.12
24.01
26.12
26.12
32.2
0.0
24.01
0.0
19.47
44.23
35.63
43.63
17.72
35.63
35.63
8.423
9.345
17.73
6.603
50.4
41.27
46.62
43.96
43.61
6.43
14.08
14.09
5.031
37.13
34.66
34.0
36.81
34.49
20.41
0.0
23.78
17.02
63.04
45.81
39.55
46.22
46.22
8.423
0.0
9.453
5.02
10.82
10.74
11.72
9.345
9.345
23.77
5.031
14.66
0.0
52.17
49.77
56.65
50.0
49.77
14.32
0.0
8.423
0.0
15.73
11.75
21.45
11.75
11.75
16.69
0.0
2.99e-06
11.12
0.0
1.546e-06
44.45
42.26
42.26
46.53
42.26
42.26
42.26
9.415
0.0
13.24
0.0
19.78
19.27
18.69
19.27
19.27
0.0
9.415
0.0
17.84
21.68
17.84
21.68
21.68
38.61
0.0
30.38
34.58
34.38
37.41
35.44
43.58
43.58
23.15
0.0
40.13
39.46
49.15
39.46
39.46
8.423
0.0
8.423
0.0
28.62
29.08
31.84
29.08
29.08
0.0
6.243
0.0
24.38
21.31
19.64
21.31
21.31
9.415
0.0
13.24
0.0
23.12
18.05
11.87
18.05
18.05
16.49
0.0
16.74
0.0
23.66
17.42
21.29
17.42
17.42
42.57
0.0
41.85
0.0
44.65
47.26
23.34
47.26
47.26
11.18
0.0
19.26
0.0
39.99
39.39
39.77
39.39
39.39
21.42
0.0
33.93
0.0
47.47
49.12
54.77
49.12
49.12
8.423
31.86
0.0
45.72
17.44
17.44
9.415
0.0
23.83
0.0
35.02
40.6
42.25
40.6
40.6
22.54
18.41
1.871e-06
26.57
0.0
3.379e-06
37.9
33.68
33.68
29.25
33.81
33.68
33.68
17.9
0.0
25.79
0.0
59.8
56.25
65.0
56.25
56.25
13.98
0.0
18.47
12.58
19.3
20.63
30.85
27.32
27.32
16.9
0.0
9.415
0.0
26.93
23.1
34.14
23.1
23.1
11.73
0.0
24.48
0.0
35.96
37.78
41.62
37.78
37.78
21.2
0.0
17.17
36.78
25.63
40.52
30.79
30.79
14.29
0.0
14.18
0.0
55.81
49.66
55.24
49.66
49.66
9.685e-07
11.66
11.57
9.153
55.31
60.52
54.5
54.22
54.5
12.36
0.0
0.0
18.87
10.79
10.68
10.79
10.79
16.23
26.0
1.734e-06
10.63
0.0
43.79
43.89
45.18
40.8
43.89
43.89
14.35
0.0
14.35
25.64
0.0
21.35
27.64
12.34
16.13
12.34
12.34
9.415
0.0
8.597
0.0
15.08
14.03
18.12
14.03
14.03
8.597
0.0
18.48
0.0
36.8
29.55
29.26
29.55
29.55
8.597
0.0
9.852
0.0
12.36
9.415
13.58
9.415
9.415
8.423
0.0
13.23
0.0
37.35
40.95
42.83
40.95
40.95
8.423
0.0
8.423
0.0
16.33
11.49
11.8
11.49
11.49
16.6
0.0
18.2
9.82
38.03
45.21
42.28
45.93
45.93
20.83
0.0
23.65
19.29
78.53
71.8
68.38
73.46
73.46
14.35
23.79
18.59
0.0
29.47
20.54
21.59
32.59
20.54
14.69
0.0
35.92
0.0
68.34
45.36
44.17
45.36
45.36
8.423
0.0
13.24
0.0
42.51
35.72
38.73
35.72
35.72
28.81
0.0
17.74
44.46
41.3
19.0
41.3
41.3
26.97
0.0
30.29
0.0
39.88
42.79
40.51
42.79
42.79
19.82
5.031
24.27
0.0
53.29
58.68
63.93
58.07
58.68
12.56
12.56
29.41
29.41
54.19
54.19
50.95
50.95
52.19
25.22
0.0
8.423
0.0
53.44
50.92
40.58
50.92
50.92
21.2
0.0
21.2
0.0
26.28
20.7
32.65
20.7
20.7
23.96
12.98
25.68
16.84
45.41
59.21
59.71
64.64
64.24
12.56
0.0
27.67
42.78
22.81
24.37
38.6
37.39
37.39
11.12
11.78
10.63
0.0
65.24
60.82
62.46
57.24
60.82
11.1
0.0
18.56
0.0
31.1
32.9
35.03
32.9
32.9
12.02
0.0
45.73
9.153
64.27
39.08
35.75
35.53
35.53
26.93
0.0
16.37
0.0
38.2
40.47
44.33
40.47
40.47
10.54
0.0
22.67
12.03
51.46
41.34
44.29
44.55
44.55
8.423
5.031
14.53
0.0
32.06
37.14
38.92
36.49
37.14
15.98
0.0
17.96
6.43
16.38
6.43
6.43
20.07
0.0
21.72
0.0
16.39
9.183
19.68
9.183
9.183
19.97
0.0
9.519
5.02
23.05
20.08
10.82
19.35
19.35
29.98
0.0
0.0
0.0
25.8
25.8
40.6
25.8
25.8
13.92
5.031
6.243
0.0
42.99
43.57
45.84
43.05
43.57
13.24
0.0
13.24
0.0
12.12
11.85
22.01
11.85
11.85
8.423
0.0
8.423
5.02
31.33
31.71
32.58
30.83
30.83
8.423
0.0
8.423
0.0
21.16
19.47
21.27
19.47
19.47
20.11
5.031
20.11
13.17
20.11
5.031
29.63
0.0
21.27
0.0
34.64
38.36
36.58
38.36
38.36
8.423
4.399
15.48
10.73
12.57
11.31
11.31
14.18
0.0
14.18
0.0
18.66
10.27
16.28
10.27
10.27
11.54
0.0
36.68
38.2
41.04
38.2
38.2
14.32
13.24
0.0
47.33
41.27
40.49
41.27
41.27
8.423
0.0
8.423
12.56
13.07
18.05
13.07
13.07
19.72
11.51
19.72
0.0
18.13
26.36
18.13
27.3
26.36
14.53
17.06
11.18
0.0
41.66
42.89
44.09
44.95
42.89
8.423
0.0
11.75
0.0
28.76
23.24
21.41
23.24
23.24
6.43
5.031
13.78
51.76
54.37
55.32
55.02
54.37
6.43
0.0
18.47
0.0
19.27
5.709
9.183
5.709
5.709
23.98
21.11
31.92
0.0
37.81
22.51
28.01
34.54
22.51
18.62
0.0
21.2
0.0
26.53
13.23
16.85
13.23
13.23
14.09
0.0
8.423
5.031
10.18
0.0
15.84
5.031
5.031
17.12
0.0
21.36
0.0
35.01
26.77
18.14
26.77
26.77
10.54
0.0
14.23
0.0
50.26
48.17
45.7
48.17
48.17
26.3
17.06
6.43
5.031
17.84
15.86
38.14
24.19
18.05
9.415
0.0
8.597
0.0
19.68
17.07
17.71
17.07
17.07
16.93
5.031
20.83
0.0
47.59
51.76
54.2
51.03
51.76
8.423
20.7
5.031
14.32
13.96
12.56
13.07
13.07
59.9
0.0
6.43
21.56
62.66
59.77
27.66
64.29
64.29
12.36
0.0
9.415
0.0
24.78
21.12
22.87
21.12
21.12
29.07
0.0
23.59
23.0
36.64
38.86
21.4
32.15
32.15
22.9
0.0
23.54
0.0
65.27
67.73
67.02
67.73
67.73
23.52
5.02
21.94
18.16
38.94
35.23
34.38
41.45
40.57
14.66
0.0
9.58
5.02
20.44
19.84
16.51
18.85
18.85
28.38
0.0
9.183
8.372
60.81
59.3
42.95
61.04
61.04
12.02
0.0
24.04
9.153
27.11
41.91
42.12
41.83
41.83
17.9
5.02
18.78
0.0
20.32
6.417
19.78
6.354
6.417
14.35
0.0
6.43
0.0
24.27
24.69
24.69
24.69
23.12
0.0
35.97
17.17
67.45
51.71
43.63
53.15
53.15
23.04
0.0
6.43
5.031
63.89
64.55
55.86
62.83
62.83
15.91
23.35
21.38
0.0
53.71
62.94
61.23
63.65
62.94
8.423
12.23
13.44
0.0
17.44
24.4
22.54
22.37
24.4
11.44
0.0
22.31
0.0
30.62
32.11
35.14
32.11
32.11
25.39
0.0
6.43
0.0
25.15
23.18
28.52
23.18
23.18
13.59
11.66
17.7
9.153
29.65
22.11
27.18
25.27
23.25
0.0
9.153
12.02
0.0
12.02
0.0
9.153
0.0
9.415
5.031
13.24
0.0
26.26
20.57
25.68
22.21
20.57
0.0
6.43
0.0
32.91
31.68
31.81
31.68
31.68
10.63
0.0
24.05
0.0
36.31
19.0
22.2
19.0
19.0
15.46
25.06
20.44
0.0
25.53
17.44
24.52
31.27
17.44
16.65
0.0
6.43
14.97
41.29
45.51
36.55
40.98
40.98
24.81
0.0
17.9
0.0
33.87
23.89
31.47
23.89
23.89
30.48
24.87
23.56
18.67
32.07
16.94
31.7
28.8
17.52
16.81
0.0
22.47
0.0
47.45
31.14
30.63
31.14
31.14
14.81
0.0
18.1
0.0
43.61
49.59
52.36
49.59
49.59
14.35
6.354
1.461e-06
13.71
5.031
27.98
32.19
36.11
32.88
32.19
32.19
14.66
0.0
6.43
0.0
27.21
26.35
28.9
26.35
26.35
19.72
9.153
7.105
12.32
31.39
33.44
36.93
35.64
34.36
8.597
0.0
13.24
5.031
17.26
10.79
13.58
9.415
9.415
13.23
18.98
14.18
0.0
23.19
19.47
25.31
21.99
19.47
18.6
5.031
16.14
27.31
50.77
40.09
58.2
50.14
48.97
9.415
5.031
33.99
0.0
40.42
30.87
35.2
31.62
30.87
8.423
5.02
10.62
8.776
13.53
6.791
8.776
22.47
0.0
14.66
42.04
41.5
37.45
41.5
41.5
14.32
5.031
6.43
0.0
0.0
5.031
18.97
5.031
26.63
0.0
41.45
22.26
27.85
21.2
22.26
18.47
0.0
16.42
10.56
11.4
23.07
25.04
20.18
20.18
28.66
14.31
22.93
37.63
9.183
35.9
30.82
6.791
8.776
24.01
27.14
35.76
17.56
27.08
27.18
28.93
13.53
9.699
0.0
5.02
46.26
45.6
44.39
44.17
46.26
34.75
11.07
20.85
0.0
38.01
36.74
21.59
38.69
36.74
10.6
0.0
25.04
0.0
34.29
27.81
33.42
27.81
27.81
14.66
18.7
13.24
0.0
46.11
38.62
42.25
43.99
38.62
23.06
0.0
23.6
23.36
34.38
31.02
27.19
30.77
30.77
10.63
11.51
23.42
0.0
29.08
19.67
22.04
20.21
19.67
1.907e-06
0.0
3.852e-06
34.57
24.78
49.62
51.01
58.12
49.62
49.62
49.62
0.0
0.0
23.27
16.15
39.0
25.31
22.97
22.97
22.97
26.27
31.61
3.212e-06
19.57
0.0
42.79
32.6
35.94
40.09
32.6
32.6
21.17
15.94
26.05
32.19
0.0
83.94
62.6
60.14
57.97
51.87
62.6
3.701e-06
13.45
0.0
20.83
48.07
33.4
43.11
60.7
33.4
31.45
33.4
28.71
0.0
23.33
0.0
24.13
30.42
38.89
30.42
30.42
19.71
0.0
7.845e-06
14.46
0.0
68.77
69.34
82.77
69.34
69.34
69.34
0.0
45.7
27.55
29.32
27.01
40.67
43.19
28.56
48.75
38.51
28.56
0.0
0.0
2.485e-06
15.53
31.96
32.09
31.96
31.96
31.96
28.5
0.0
0.0
0.0
43.04
42.91
42.91
46.29
28.52
42.91
42.91
11.8
21.58
26.59
68.81
140.9
63.01
118.9
130.3
121.8
32.29
20.27
35.37
0.0
68.28
55.22
65.76
50.64
55.22
11.9
0.0
20.66
0.0
21.34
82.53
66.47
62.64
67.91
66.47
66.47
0.0
13.82
20.4
0.0
27.81
13.44
13.44
18.2
13.44
0.0
26.09
15.67
0.0
40.66
33.31
33.31
38.08
33.31
33.5
29.73
3.395e-06
0.0
32.66
32.66
28.99
28.96
32.66
0.0
16.94
5.709
17.1
0.0
14.91
36.23
32.61
38.01
32.61
34.14
32.38
32.61
22.28
8.709
14.23
14.06
17.83
14.91
28.2
13.38
9.843
11.75
0.0
19.71
0.0
53.49
39.31
33.6
39.31
39.31
23.27
36.02
34.68
37.51
0.0
61.68
49.11
55.86
63.17
56.39
49.11
15.91
28.91
10.88
11.4
41.9
44.11
42.71
39.7
44.81
24.88
32.8
0.0
11.7
70.79
66.26
77.97
76.68
70.79
17.17
61.19
20.64
0.0
32.97
33.45
39.96
42.08
33.45
26.27
0.0
11.47
14.66
17.17
32.22
62.69
65.0
50.49
85.47
63.7
69.23
63.7
0.0
6.603
2.76e-06
0.0
57.19
57.19
57.19
58.19
57.19
22.38
13.95
0.0
0.0
36.5
36.5
50.54
41.47
36.5
14.23
25.11
27.43
12.71
0.0
48.49
43.88
41.76
40.85
49.48
43.88
39.57
37.13
19.14
0.0
66.36
67.08
56.97
41.05
67.08
0.0
15.68
25.77
0.0
53.27
47.48
47.48
48.41
47.48
20.64
17.77
22.28
21.93
37.85
36.8
25.6
28.03
23.97
0.0
21.74
0.0
70.37
83.37
35.99
83.37
91.7
83.37
7.6
0.0
25.59
13.35
16.89
26.39
28.07
21.83
28.28
28.85
28.85
3.491e-06
0.0
0.0
32.23
22.18
42.25
22.18
22.18
22.18
0.0
27.99
23.8
16.69
41.23
42.44
39.23
50.55
39.23
22.28
34.28
3.93e-06
0.0
14.77
40.32
36.51
56.15
46.29
40.32
40.32
5.379e-06
0.0
20.48
0.0
71.03
65.56
65.56
65.56
65.56
15.91
39.51
0.0
13.82
51.3
53.06
46.51
71.71
51.3
0.0
0.0
10.27
0.0
26.29
27.31
27.31
27.31
27.31
0.0
14.15
0.0
16.94
45.48
42.72
45.48
52.34
45.48
20.64
0.0
5.738e-06
0.0
5.02
46.64
47.9
50.35
46.64
46.64
46.64
10.9
25.64
5.029e-06
22.28
0.0
59.48
47.16
48.01
47.03
47.16
47.16
0.0
12.96
0.0
0.0
28.9
28.9
28.9
33.14
28.9
8.423
19.41
14.96
0.0
60.09
59.96
59.39
52.3
59.96
25.64
11.18
0.0
0.0
23.99
42.18
42.18
52.07
44.12
43.55
42.18
6.43
41.56
0.0
0.0
16.89
35.83
35.83
36.12
37.21
38.77
35.83
28.71
0.0
3.4e-06
0.0
45.77
45.77
52.26
45.77
45.77
22.43
39.2
0.0
32.14
58.27
45.26
50.12
69.19
58.27
5.091e-06
0.0
24.37
23.03
22.33
56.67
67.26
60.1
60.1
73.0
60.1
14.66
0.0
41.21
10.04
3.234e-06
89.52
63.68
61.0
59.11
61.0
61.0
20.66
0.0
8.423
33.68
26.12
40.09
34.94
44.77
54.04
40.28
40.28
0.0
23.91
16.47
20.56
39.47
43.06
36.91
31.72
36.91
3.243e-06
0.0
0.0
48.29
9.345
29.21
45.2
29.69
29.21
29.21
29.21
4.272e-06
0.0
15.67
16.73
41.89
46.68
39.3
54.41
42.46
42.46
42.46
22.24
9.699
26.27
0.0
25.24
37.2
50.99
41.04
37.2
0.0
0.0
20.68
0.0
50.69
56.43
56.43
56.43
56.43
6.65e-06
16.7
17.1
0.0
66.46
69.85
69.85
66.01
69.85
13.6
0.0
6.43
8.709
14.23
47.85
45.53
48.27
50.28
47.16
47.16
2.666e-07
0.0
0.0
16.86
21.42
21.03
21.42
21.42
21.42
13.71
0.0
15.44
26.27
0.0
55.39
43.97
48.62
43.97
48.6
43.97
18.05
0.0
12.71
21.68
18.81
45.48
45.25
46.47
50.14
47.16
47.16
10.23
0.0
0.0
59.7
59.7
60.26
59.7
19.71
0.0
0.0
6.603
18.73
19.5
26.5
18.73
18.73
2.96e-06
26.61
20.64
11.91
47.82
36.61
34.44
31.38
34.44
19.81
0.0
0.0
0.0
20.29
57.05
57.05
68.53
57.53
57.05
57.05
0.0
0.0
0.0
43.27
43.27
43.27
43.27
43.27
20.42
14.02
24.49
16.13
39.63
27.2
33.53
27.48
27.59
16.08
24.5
0.0
0.0
34.13
34.13
39.18
39.55
34.13
5.207e-06
11.4
37.47
24.52
51.1
57.94
52.75
51.0
52.75
12.14
0.0
0.0
0.0
54.94
54.94
58.85
54.94
54.94
0.0
25.21
18.51
0.0
44.75
42.58
42.58
43.52
42.58
13.7
0.0
3.334e-06
20.5
18.35
31.73
28.03
26.18
20.96
20.96
20.96
0.0
0.0
13.52
14.4
39.06
37.6
37.88
37.88
37.88
13.28
43.82
22.46
0.0
11.68
49.7
61.65
64.52
63.67
59.57
61.65
22.22
11.6
1.952e-06
13.71
43.52
47.11
47.44
42.75
43.52
12.71
35.89
21.54
0.0
67.16
65.31
65.63
72.27
65.31
12.06
23.38
0.0
17.14
29.75
42.77
36.42
44.36
29.75
2.762e-06
19.87
16.39
68.39
101.5
59.71
96.15
87.59
96.15
34.5
6.603
12.71
0.0
46.4
41.51
49.47
41.8
41.51
15.74
25.01
9.134
0.0
56.71
55.57
58.62
63.31
55.57
21.45
0.0
0.0
33.34
16.02
31.16
44.73
34.78
40.92
31.16
31.16
20.13
0.0
11.15
24.83
45.15
40.96
37.29
41.6
41.6
0.0
6.603
27.2
0.0
22.78
48.77
46.55
53.57
46.55
46.78
46.55
0.0
11.4
30.61
15.12
45.04
51.54
46.68
43.43
46.68
16.43
0.0
11.66
0.0
61.08
62.28
63.33
62.28
62.28
17.29
14.59
34.99
20.9
0.0
55.37
39.46
36.28
40.5
50.14
39.46
0.0
0.0
13.39
17.69
49.27
39.31
40.68
40.68
40.68
31.08
0.0
14.23
0.0
47.89
46.51
69.45
46.51
46.51
2.481e-06
25.52
3.051e-06
28.79
46.84
52.15
46.84
43.09
46.84
0.0
0.0
21.96
15.49
45.55
42.94
52.63
43.53
43.53
55.55
43.53
17.2
0.0
0.0
18.71
28.69
35.49
28.17
28.69
28.69
0.0
34.76
32.98
18.34
0.0
41.95
42.2
42.2
56.87
50.04
42.2
14.61
0.0
0.0
0.0
25.19
25.19
27.98
25.19
25.19
0.0
31.61
11.65
17.86
5.788e-06
58.39
60.42
56.73
56.73
68.08
56.73
13.7
20.46
15.74
0.0
23.96
28.83
31.81
34.55
28.83
0.0
9.699
2.427e-06
0.0
23.98
23.98
23.98
24.98
23.98
20.64
17.77
15.91
0.0
32.41
23.46
24.27
20.89
23.46
15.91
0.0
2.743e-06
22.76
36.66
31.79
39.02
36.66
36.66
4.292e-06
0.0
0.0
6.603
80.14
79.25
80.14
80.14
80.14
28.17
0.0
24.44
0.0
49.46
43.85
60.13
43.85
43.85
0.0
50.94
2.883e-06
0.0
50.77
50.77
50.77
73.9
50.77
21.59
0.0
3.36e-06
0.0
16.16
81.37
86.73
77.99
81.37
81.37
81.37
0.0
0.0
13.39
21.72
59.15
69.55
63.09
63.09
63.09
0.0
19.87
27.45
27.2
6.603
62.6
55.73
56.23
56.31
58.78
56.23
0.0
0.0
12.48
6.603
14.1
33.03
38.03
33.32
35.74
35.74
35.74
11.9
40.07
0.0
21.93
19.83
42.07
45.85
42.43
44.58
43.89
42.07
37.32
0.0
17.1
0.0
14.61
67.52
58.97
62.93
70.72
58.97
58.97
19.71
15.3
0.0
0.0
38.51
38.51
41.71
38.89
38.51
12.14
37.43
21.77
7.814
79.27
75.27
75.13
86.58
74.08
14.53
0.0
16.55
0.0
44.73
40.31
33.98
40.31
40.31
0.0
12.44
0.0
0.0
18.36
18.36
18.36
23.58
18.36
20.4
0.0
23.16
5.612e-06
33.59
69.14
60.21
70.39
69.14
73.74
69.14
0.0
28.41
14.61
0.0
31.56
36.46
36.46
17.85
36.46
15.49
43.84
18.48
28.45
22.8
88.03
76.25
63.23
100.8
61.6
67.45
20.66
0.0
0.0
0.0
55.93
55.93
42.56
55.93
55.93
6.43
21.98
14.35
0.0
45.39
39.45
40.02
45.62
39.45
11.9
0.0
34.19
32.78
60.87
53.58
75.2
73.89
73.89
22.28
14.75
29.6
0.0
63.35
47.19
37.4
42.99
47.19
13.35
0.0
0.0
16.55
8.863
34.46
36.11
42.16
36.01
36.01
36.01
0.0
0.0
19.98
29.91
31.18
51.25
36.14
36.14
36.14
20.66
0.0
0.0
16.73
2.414e-06
29.4
31.25
29.4
45.78
29.4
29.4
20.68
0.0
26.27
13.3
44.56
33.25
33.46
33.87
33.87
0.0
22.69
24.6
0.0
24.6
1.636e-06
1.636e-06
22.69
1.636e-06
29.78
21.65
1.707e-06
14.69
19.67
21.53
25.58
31.43
22.51
12.21
12.21
13.05
0.0
20.31
20.64
10.04
50.33
49.56
43.81
47.95
55.03
47.95
0.0
0.0
24.68
0.0
29.44
28.53
28.53
28.53
28.53
16.39
0.0
29.04
0.0
0.0
29.33
29.33
33.56
29.33
31.44
29.33
28.74
32.03
14.23
0.0
42.71
40.15
63.52
56.61
40.15
12.14
0.0
22.47
6.603
39.88
90.6
74.2
51.96
77.12
76.72
76.72
25.59
0.0
0.0
6.603
27.51
27.97
37.13
27.51
27.51
26.27
0.0
30.32
16.94
4.354e-06
48.31
58.57
53.35
50.59
53.35
53.35
22.38
0.0
11.18
24.5
40.5
34.41
45.53
38.7
38.7
0.0
16.94
3.967e-06
0.0
0.0
66.74
66.74
66.74
70.93
66.74
66.74
11.08
17.69
11.08
13.39
23.3
54.77
58.18
48.94
53.44
48.94
48.98
26.27
6.603
26.21
48.22
13.17
85.89
63.52
73.73
75.93
74.36
72.86
0.0
0.0
9.834
0.0
2.328e-06
32.95
34.87
34.87
34.87
34.87
34.87
40.27
0.0
24.88
30.6
46.7
64.41
82.3
49.62
49.62
22.28
0.0
0.0
0.0
49.38
49.38
43.25
49.38
49.38
10.27
6.603
27.86
0.0
9.183
73.23
62.68
62.65
63.97
62.18
62.68
2.831e-06
14.77
0.0
0.0
54.69
54.69
54.69
61.98
54.69
22.8
0.0
1.574e-06
6.43
0.0
14.97
12.96
24.38
12.96
12.96
12.96
20.64
76.62
13.67
0.0
53.65
56.03
49.94
118.6
56.03
0.0
0.0
14.92
40.49
21.84
47.81
61.34
58.14
58.14
47.89
58.14
16.39
0.0
2.687e-06
17.26
32.29
44.69
47.38
54.33
46.35
44.69
44.69
0.0
0.0
14.61
18.78
22.54
41.33
29.05
47.78
36.2
36.2
36.2
11.8
0.0
0.0
13.54
44.54
46.21
48.44
44.54
44.54
16.39
6.603
0.0
14.06
0.0
38.81
43.8
38.81
37.66
39.09
38.81
0.0
48.88
0.0
0.0
58.77
58.77
58.77
42.1
58.77
16.18
40.33
24.02
24.51
30.39
42.24
43.44
49.41
35.62
0.0
0.0
14.66
11.81
53.04
50.49
51.58
51.58
51.58
0.0
0.0
11.8
13.02
45.46
50.9
48.7
48.7
48.7
14.83
0.0
15.86
15.86
23.06
15.86
23.06
14.83
0.0
15.86
0.0
26.11
22.67
22.28
0.0
29.45
22.17
37.77
28.54
22.17
0.0
39.09
28.3
0.0
37.66
33.28
33.28
56.79
33.28
20.97
20.73
22.29
0.0
0.0
2.885e-06
47.06
47.06
47.06
53.06
50.09
46.36
47.06
6.43
26.22
14.66
0.0
19.17
36.77
37.07
35.89
38.33
31.57
37.07
2.745e-06
0.0
2.493e-06
14.18
23.49
50.35
55.68
54.55
54.55
54.55
54.55
4.987e-06
60.12
21.53
20.16
61.2
73.59
63.97
34.47
63.97
0.0
0.0
11.08
0.0
19.56
17.69
17.69
17.69
17.69
17.29
29.43
6.646e-06
0.0
5.034e-06
42.29
42.29
42.29
37.92
64.77
42.29
0.0
14.61
17.06
0.0
27.9
23.86
23.86
26.92
23.86
15.64
0.0
20.66
0.0
62.91
50.58
49.99
50.58
50.58
0.0
0.0
17.42
14.23
25.79
50.6
51.51
52.17
52.17
54.6
52.17
11.8
15.94
14.71
22.38
0.0
90.84
80.37
84.66
83.87
78.74
80.37
20.66
13.3
0.0
10.82
40.43
46.35
56.74
41.67
40.43
0.0
18.4
9.134
27.75
22.17
51.58
43.25
65.0
56.23
55.93
56.23
0.0
0.0
29.29
0.0
81.27
62.67
62.67
62.67
62.67
13.21
0.0
13.21
8.423
41.63
48.74
71.19
47.84
50.19
47.84
50.19
56.92
0.0
25.77
16.5
44.79
34.29
47.4
30.44
30.44
24.6
0.0
24.21
0.0
17.93
38.28
43.18
35.33
38.28
43.19
38.28
8.977
24.11
12.37
0.0
58.76
56.14
52.12
55.34
56.14
0.0
0.0
11.4
18.34
38.94
57.72
53.68
51.91
51.91
51.26
51.91
0.0
0.0
19.07
32.81
37.11
42.69
29.43
29.43
29.43
22.28
0.0
11.96
0.0
11.07
40.5
38.3
37.78
45.88
38.3
38.3
4.253e-06
16.94
26.09
0.0
41.61
28.53
28.53
33.85
28.53
0.0
18.17
3.138e-06
24.81
12.44
46.31
29.67
30.4
24.1
30.4
30.4
18.36
6.591e-06
11.9
34.36
68.08
85.47
66.61
66.92
66.92
35.41
0.0
3.16e-06
0.0
13.71
31.57
33.39
54.83
31.57
31.57
31.57
0.0
0.0
13.7
0.0
44.25
48.92
48.92
48.92
48.92
14.61
20.26
4.045e-06
0.0
0.0
46.05
46.05
44.58
45.1
46.05
46.05
0.0
21.07
20.4
0.0
71.87
59.33
59.33
65.75
59.33
15.02
0.0
0.0
0.0
46.9
46.9
50.27
46.9
46.9
26.27
28.7
3.89e-06
0.0
46.36
70.95
67.75
88.29
75.03
70.95
70.95
0.0
0.0
15.67
21.11
32.76
33.57
29.43
29.43
29.43
0.0
0.0
15.81
22.33
18.78
60.22
46.37
52.91
52.91
56.92
52.91
2.571e-06
23.29
2.342e-06
0.0
17.53
22.16
22.16
22.96
22.16
31.33
22.16
14.66
0.0
0.0
11.66
25.6
42.76
44.32
43.06
45.34
42.76
42.76
9.183
0.0
11.56
3.033
71.6
64.78
67.11
65.14
65.14
28.18
0.0
10.3
5.031
63.75
60.14
53.06
61.02
61.02
20.15
0.0
0.0
19.63
43.06
38.27
53.68
43.06
43.06
6.43
5.031
9.898
0.0
38.14
40.53
40.09
39.63
40.53
16.6
0.0
21.15
12.98
21.41
35.63
30.59
30.05
30.05
13.39
3.033
13.39
9.153
49.6
53.05
49.6
56.39
55.57
12.02
13.31
17.08
0.0
17.08
0.0
12.02
13.31
0.0
20.4
15.68
0.0
0.0
36.48
36.48
47.02
35.97
36.48
17.55
0.0
13.5
0.0
43.01
43.52
53.27
43.52
43.52
6.43
0.0
26.19
0.0
22.33
24.81
25.21
24.81
24.81
15.98
5.031
19.83
14.66
3.033
48.61
47.12
49.21
46.2
40.13
46.78
11.13
0.0
23.65
18.38
43.63
33.9
33.14
32.16
32.16
19.07
0.0
24.04
12.98
27.42
18.03
25.28
15.27
15.27
19.67
0.0
0.0
3.033
74.47
74.17
71.96
74.47
74.47
12.02
0.0
18.34
9.134
9.954
51.68
48.86
54.83
50.76
57.28
50.76
19.07
0.0
19.07
0.0
28.86
25.64
34.78
25.64
25.64
6.43
5.031
19.81
0.0
56.06
58.76
58.9
58.81
58.76
14.23
0.0
39.58
0.0
60.13
62.06
60.27
62.06
62.06
18.65
5.02
11.75
0.0
51.02
46.88
43.97
46.96
46.88
23.87
14.46
14.27
0.0
43.37
36.19
33.9
42.68
36.19
18.05
29.87
3.722e-06
10.9
13.45
35.98
34.26
32.49
51.81
38.03
38.03
16.94
22.06
28.16
13.57
53.8
36.97
38.58
37.17
36.4
20.69
5.031
36.67
0.0
21.32
47.03
55.02
65.87
61.15
56.65
55.02
13.17
0.0
12.14
28.79
43.95
30.92
47.51
44.9
44.9
14.86
11.4
27.49
8.776
39.88
44.72
41.39
51.62
49.3
15.67
14.06
14.23
0.0
67.13
63.05
59.89
61.89
63.05
15.29
21.11
14.81
9.153
22.4
22.66
26.05
23.25
16.99
16.18
0.0
9.453
0.0
38.82
37.2
39.69
37.2
37.2
0.0
0.0
20.11
5.02
36.07
33.75
33.46
33.46
33.46
10.32
17.87
20.69
10.07
30.07
39.23
38.58
41.48
37.08
33.91
8.776
9.453
22.91
140.3
132.0
145.6
145.1
141.5
13.99
21.92
17.59
8.591
17.08
23.67
27.46
34.17
28.01
13.45
25.19
12.14
6.887
67.51
68.46
67.36
67.38
67.28
25.51
33.7
29.58
20.0
51.98
44.03
32.62
31.42
37.71
14.66
23.12
14.66
5.02
33.44
31.24
33.49
37.84
30.08
15.37
0.0
27.04
42.13
76.75
53.81
88.09
86.05
86.05
12.14
5.031
10.29
0.0
65.39
66.03
67.86
65.6
66.03
22.38
11.79
22.92
20.95
72.59
73.04
56.16
72.69
71.74
16.92
18.66
21.43
12.32
30.86
37.4
36.68
41.96
36.33
15.11
23.42
0.0
64.91
78.96
72.96
78.96
35.36
5.031
31.25
8.776
50.66
56.89
56.54
60.29
59.01
10.82
0.0
16.39
25.64
81.46
87.72
81.01
76.85
76.85
9.787
23.59
19.57
10.14
74.4
54.41
60.52
62.75
58.99
22.22
9.153
20.96
19.74
35.12
31.33
29.32
23.65
25.23
18.98
14.57
14.35
0.0
22.7
24.24
23.97
23.6
24.24
32.07
22.96
28.9
0.0
60.89
54.92
59.5
58.79
54.92
24.27
3.033
24.27
6.354
32.15
20.53
29.18
18.39
18.8
10.82
24.37
17.16
0.0
49.38
49.54
52.75
51.5
49.54
25.59
31.16
14.15
20.85
35.03
50.89
26.48
45.13
40.3
11.56
3.033
14.92
9.153
24.56
23.01
25.61
21.78
22.08
10.73
12.98
18.39
18.79
35.98
27.84
30.19
34.29
29.0
12.52
0.0
3.947e-06
12.32
36.05
38.56
35.17
36.05
36.05
12.84
24.16
14.98
16.19
40.84
49.57
47.71
56.36
47.95
13.49
20.1
0.0
11.66
71.05
68.49
71.39
83.18
71.05
21.2
0.0
14.15
10.14
67.41
69.68
76.37
72.34
72.34
14.35
23.39
14.81
5.031
43.16
42.2
41.28
41.43
40.92
35.46
0.0
14.12
8.076
37.03
32.53
35.27
30.83
30.83
15.49
5.02
24.03
0.0
60.55
45.53
42.56
44.94
45.53
14.61
0.0
10.82
5.02
47.18
47.18
40.09
46.75
46.75
18.44
8.282
18.44
0.0
30.5
21.49
25.96
20.01
21.49
17.38
16.41
34.89
0.0
60.95
64.22
61.54
62.68
64.22
6.43
16.82
26.57
5.031
49.01
69.32
68.43
76.86
68.1
6.43
20.88
27.8
23.69
49.05
75.4
66.57
72.18
65.18
38.71
40.39
9.134
17.51
37.88
36.54
23.28
34.41
35.49
11.82
0.0
2.927e-06
0.0
43.56
43.56
45.81
43.56
43.56
13.39
8.282
23.93
20.68
68.43
59.25
57.81
55.84
54.55
14.92
5.02
22.81
17.89
34.41
46.96
39.68
40.53
39.7
22.14
3.033
6.43
5.031
33.57
31.58
40.0
30.89
31.06
14.32
8.423
0.0
46.98
46.67
50.41
46.67
18.78
0.0
12.02
3.033
19.6
18.71
0.0
18.78
18.78
21.58
8.863
15.32
10.14
29.35
29.66
37.82
30.08
27.02
20.49
3.033
13.3
0.0
59.53
58.24
67.33
57.96
58.24
9.008
0.0
17.91
0.0
47.35
37.64
41.08
37.64
37.64
24.93
10.56
14.23
23.79
14.92
24.91
26.79
12.81
6.871
0.0
13.21
5.031
43.44
49.15
49.64
49.64
49.64
6.43
26.83
6.43
12.32
79.79
80.38
79.63
89.9
79.45
16.42
17.82
14.09
5.031
111.1
106.0
108.0
105.3
104.3
33.96
0.0
14.56
0.0
41.24
44.97
45.13
44.97
44.97
20.98
19.74
14.23
0.0
33.32
32.6
24.11
37.83
32.6
14.9
0.0
18.65
0.0
19.87
6.43
16.4
6.43
6.43
18.55
21.46
21.91
10.56
49.94
51.64
49.9
63.98
53.07
0.0
0.0
22.28
8.863
25.13
28.71
25.49
25.49
25.49
8.977
12.32
14.23
8.776
49.84
50.43
49.69
50.26
49.78
24.68
13.51
21.35
19.18
45.57
52.65
53.06
53.66
52.99
22.52
12.74
25.48
10.14
31.9
44.62
61.14
45.35
47.22
18.76
16.28
15.29
15.78
42.7
39.25
38.45
40.69
35.69
19.38
3.279e-06
20.42
0.0
37.53
28.96
31.11
28.96
28.96
29.59
9.153
27.3
10.05
34.81
45.74
40.78
45.46
43.07
17.29
22.23
4.909e-06
16.86
78.21
70.62
86.98
79.7
78.21
15.49
25.64
17.55
15.91
40.65
50.05
45.55
54.11
50.23
12.14
22.07
32.1
36.01
40.3
59.29
39.53
34.32
41.67
6.43
19.72
23.57
0.0
38.26
36.32
35.49
41.71
36.32
14.66
5.031
1.174e-06
0.0
52.73
52.73
55.6
53.24
52.73
2.109e-06
32.49
12.84
6.603
29.7
32.61
30.67
30.2
30.67
6.43
0.0
19.93
5.031
51.6
50.9
51.4
51.52
51.52
12.96
5.02
21.21
19.63
3.669e-06
38.29
43.83
43.21
48.71
42.65
43.21
25.78
0.0
20.14
8.863
43.16
44.04
44.92
42.61
42.61
13.28
33.09
14.71
0.0
33.19
35.08
29.12
34.7
35.08
23.59
23.0
14.84
13.74
38.43
41.01
28.23
28.21
36.61
18.41
0.0
26.41
5.031
79.71
69.95
76.91
68.7
68.7
14.61
0.0
19.33
0.0
38.44
35.23
35.63
35.23
35.23
14.81
0.0
0.0
3.033
46.58
47.48
46.99
46.58
46.58
6.43
5.031
12.84
0.0
52.9
54.07
54.08
54.84
54.07
13.7
0.0
13.17
3.033
33.05
37.22
34.51
37.96
37.96
32.1
0.0
12.71
0.0
33.86
28.97
36.58
28.97
28.97
18.76
0.0
10.82
15.12
10.82
15.12
18.76
0.0
0.0
10.32
21.77
18.57
0.0
29.83
25.32
29.45
35.59
25.32
24.03
10.07
18.57
0.0
38.85
29.08
23.16
32.77
29.08
11.75
0.0
9.008
0.0
47.98
46.21
43.7
46.21
46.21
0.0
0.0
14.69
0.0
42.85
36.13
36.13
36.13
36.13
35.42
6.603
12.44
35.97
58.34
74.8
43.04
55.39
56.95
16.65
16.98
10.82
5.02
58.64
55.2
53.4
59.86
54.99
28.7
17.54
19.84
0.0
38.7
44.73
30.73
52.68
44.73
14.9
8.591
12.02
0.0
31.56
25.67
24.18
24.97
25.67
14.15
14.39
0.0
15.08
13.7
21.12
18.56
18.99
13.7
11.75
5.02
17.55
5.02
39.02
50.26
48.16
50.64
50.2
18.24
5.031
14.84
6.603
36.16
44.24
41.73
42.39
43.07
0.0
11.66
19.55
9.153
50.23
55.54
51.35
50.74
51.35
12.84
0.0
11.56
3.033
0.0
12.25
15.05
11.56
11.56
14.23
12.1
12.84
0.0
29.23
33.84
38.78
36.29
33.84
20.64
6.603
16.52
5.02
27.3
29.42
25.48
31.9
29.78
15.49
3.033
23.73
9.153
40.91
52.46
48.67
47.26
47.99
17.98
5.031
23.16
5.031
137.8
132.3
131.1
130.0
131.0
14.66
0.0
20.09
0.0
35.77
47.2
47.12
47.2
47.2
11.4
5.031
0.0
5.031
51.6
52.55
55.59
51.12
51.6
29.69
0.0
34.26
6.603
71.38
57.42
58.36
56.39
56.39
28.11
9.153
13.29
0.0
23.75
18.45
22.11
17.64
18.45
20.11
5.02
18.65
0.0
63.98
60.55
69.7
61.0
60.55
13.05
21.21
0.0
6.354
60.56
60.05
60.9
59.06
60.56
18.78
9.153
12.02
8.863
38.82
38.38
41.17
42.46
37.95
17.73
11.66
20.23
12.32
34.39
39.26
46.23
43.34
41.26
0.0
10.14
0.0
0.0
50.18
50.18
50.18
53.95
50.18
21.01
13.98
22.76
11.97
41.64
47.06
49.71
44.59
46.9
20.29
0.0
41.48
11.79
49.92
27.35
22.3
26.98
26.98
18.15
8.076
5.588e-06
15.49
9.544
37.89
35.99
29.19
39.64
38.1
38.1
15.19
3.033
6.43
0.0
42.89
43.25
39.62
43.21
43.25
16.18
21.8
15.73
5.02
43.24
46.16
51.18
48.32
45.23
0.0
20.52
14.27
3.033
60.43
52.01
50.96
48.41
50.96
15.91
11.91
17.24
3.033
57.25
49.66
48.12
46.74
48.56
21.62
3.033
12.02
4.399
32.56
32.71
41.1
32.14
32.34
12.14
7.814
20.08
0.0
35.66
35.75
34.03
38.26
35.75
0.0
0.0
24.11
3.033
38.98
42.62
43.88
43.88
43.88
20.95
20.83
14.98
11.65
28.75
33.51
41.64
40.53
35.11
29.24
9.153
33.09
20.75
33.92
54.49
48.68
45.5
44.63
14.37
4.399
14.55
16.8
61.07
57.46
59.45
58.1
58.1
18.35
14.19
23.8
0.0
50.47
54.01
49.47
55.99
54.01
13.96
3.033
22.37
0.0
53.61
48.35
50.02
49.15
48.35
18.56
0.0
17.14
0.0
37.99
49.43
52.2
49.43
49.43
0.0
5.031
8.977
8.776
57.85
54.31
55.93
57.53
55.93
17.23
0.0
2.299e-06
5.031
18.81
17.91
8.421
18.81
18.81
0.0
0.0
21.62
0.0
26.05
32.54
32.54
32.54
32.54
18.82
9.897
12.84
5.031
66.65
60.58
66.46
62.99
60.74
0.0
0.0
0.0
5.02
43.38
42.05
43.38
43.38
43.38
12.02
9.153
9.134
18.2
15.0
24.18
18.18
15.57
13.44
23.24
0.0
15.91
23.05
75.75
61.56
89.62
75.34
75.34
15.86
9.153
24.04
0.0
58.99
45.34
44.99
46.04
45.34
22.33
5.031
29.99
0.0
62.68
56.03
47.64
55.79
56.03
14.66
5.02
14.66
21.28
61.89
52.58
61.14
60.17
59.74
37.42
0.0
15.06
5.031
53.81
49.12
29.82
48.54
48.54
19.07
11.56
29.58
0.0
54.42
59.56
62.89
51.84
59.56
14.09
5.02
26.01
0.0
20.56
38.77
42.32
38.93
38.77
6.43
5.031
12.94
5.031
76.79
76.54
77.54
77.6
76.91
12.25
6.603
0.0
5.031
87.57
86.37
83.27
89.03
87.57
14.87
0.0
14.96
5.031
46.3
45.57
48.41
44.89
44.89
14.15
12.98
26.84
0.0
88.92
76.95
82.6
82.93
76.95
19.09
10.07
12.35
10.56
26.14
24.2
32.31
30.03
26.88
6.43
5.031
12.92
5.031
37.86
33.42
32.69
33.92
33.3
20.19
0.0
27.71
0.0
44.76
34.91
48.01
34.91
34.91
0.0
12.44
0.0
0.0
44.16
44.16
44.16
47.63
44.16
23.67
0.0
26.41
25.43
64.08
65.09
47.22
62.68
62.68
17.61
26.52
0.0
15.54
0.0
56.92
59.29
58.34
58.97
59.29
59.29
37.69
0.0
14.92
0.0
48.48
38.72
27.12
38.72
38.72
6.43
9.82
21.62
5.031
92.32
86.61
85.51
83.06
85.74
0.0
10.56
15.02
9.699
50.0
57.65
54.18
53.54
54.18
22.9
3.033
9.985
14.03
59.7
57.91
57.48
59.84
59.08
14.92
0.0
6.43
22.7
74.64
74.12
71.28
73.44
73.44
21.37
25.45
14.8
14.83
60.97
61.99
69.26
57.7
59.1
14.98
19.12
33.68
0.0
44.41
33.72
33.65
32.93
33.72
25.4
0.0
15.18
16.77
33.02
32.99
45.88
31.42
31.42
21.37
29.9
14.81
12.98
50.23
54.75
50.65
41.86
51.85
16.65
27.49
10.32
10.07
47.48
49.01
51.02
55.57
48.77
28.02
9.153
20.8
0.0
68.59
66.11
47.87
69.95
66.11
26.33
9.699
0.0
11.18
27.85
30.22
17.6
27.51
27.85
13.65
10.04
0.0
8.157
73.02
76.41
74.6
71.88
73.02
0.0
0.0
15.73
16.94
9.153
48.0
46.57
49.0
49.0
49.3
49.0
0.0
10.48
34.53
0.0
43.41
51.18
51.18
49.08
51.18
29.33
6.603
12.97
14.98
47.69
48.03
41.61
46.36
47.52
16.61
18.34
34.6
23.44
45.25
37.65
34.33
32.6
30.33
22.57
29.5
19.33
0.0
37.63
38.08
31.78
28.47
38.08
32.71
38.14
24.57
11.66
79.66
70.49
62.87
70.34
70.57
16.5
27.1
23.55
8.591
57.76
66.42
56.66
60.24
61.17
17.59
5.031
18.39
9.153
40.66
30.6
38.02
29.62
29.25
17.69
13.51
19.42
18.19
17.28
28.45
23.95
25.5
20.43
28.58
10.48
14.61
14.04
61.5
60.66
65.53
63.08
63.7
20.49
0.0
22.63
3.033
71.03
58.13
50.11
58.58
58.58
8.423
0.0
22.78
30.34
66.82
77.06
72.02
74.21
74.21
12.25
0.0
0.0
9.843
17.08
11.56
8.591
17.08
17.08
18.03
15.74
22.08
24.88
80.69
88.42
90.38
92.28
87.3
24.84
17.67
21.53
11.66
46.73
40.84
50.26
41.17
41.68
10.27
0.0
0.0
5.02
2.495e-06
55.36
55.05
55.36
51.15
55.36
55.36
37.23
0.0
19.38
0.0
46.16
40.9
50.32
40.9
40.9
0.0
0.0
21.37
0.0
34.0
40.81
40.81
40.81
40.81
10.32
12.84
13.29
0.0
40.08
38.95
40.05
42.12
38.95
6.43
5.031
25.53
9.82
38.84
30.92
33.94
33.11
33.99
20.86
18.19
8.339
0.0
5.031
20.36
18.85
23.65
31.15
19.23
20.36
17.69
0.0
12.02
0.0
36.02
31.65
29.58
31.65
31.65
15.49
20.07
13.29
13.55
65.55
63.46
66.73
71.13
61.19
11.12
5.031
28.06
30.43
38.04
46.97
53.34
54.31
54.69
0.0
0.0
15.19
5.02
56.4
56.68
56.6
56.6
56.6
6.417
9.82
0.0
5.02
60.33
61.23
59.13
63.61
60.33
23.79
0.0
43.74
36.52
48.08
38.49
54.02
54.09
54.09
15.73
9.153
9.453
5.031
64.67
64.08
64.59
62.58
64.68
15.29
8.863
9.985
14.03
47.07
43.93
41.94
46.29
47.98
11.75
5.02
13.29
13.55
89.42
89.94
91.83
87.43
87.03
27.8
5.031
0.0
0.0
42.84
42.84
27.84
41.68
42.84
17.44
5.031
0.0
13.33
95.99
91.95
93.66
96.6
95.99
15.87
12.42
0.0
0.0
16.42
16.42
14.0
10.83
16.42
10.9
4.399
15.1
8.863
52.81
47.89
42.63
46.41
45.85
54.29
97.51
28.22
43.07
41.57
54.16
63.1
40.37
57.31
49.64
57.52
54.89
35.4
36.52
59.17
52.89
61.75
53.49
24.86
56.01
38.51
41.97
47.18
50.91
96.06
40.37
51.41
33.18
41.83
53.77
66.51
43.62
44.32
66.99
62.5
49.35
42.21
61.12
67.6
50.92
92.41
76.72
33.05
68.41
37.07
54.51
65.75
69.05
68.11
52.43
67.73
78.64
54.85
31.88
68.54
73.85
54.45
53.79
45.79
38.38
49.03
52.85
71.48
49.1
61.56
41.69
59.17
65.26
63.51
76.27
38.3
62.09
59.13
22.61
45.17
66.57
67.06
36.75
60.8
56.35
42.16
49.84
53.91
62.48
51.74
86.22
50.95
46.34
59.94
46.59
69.38
60.33
40.75
64.63
27.83
60.25
45.98
48.91
44.01
64.07
63.36
67.44
78.37
54.66
77.18
100.8
65.09
110.3
31.5
33.37
66.02
44.43
57.75
36.06
23.3
33.96
37.34
58.2
61.9
57.96
39.19
36.95
82.39
63.69
50.97
92.38
63.95
66.96
53.02
62.87
82.08
78.87
40.64
55.98
104.8
69.73
30.26
73.72
43.41
68.51
89.81
68.75
42.5
55.76
36.6
52.03
31.23
44.43
28.61
70.76
83.22
59.88
60.13
74.17
59.25
56.05
70.1
50.04
75.21
72.72
43.42
39.52
48.63
65.77
55.59
55.8
64.55
67.35
43.02
58.24
49.5
26.74
74.85
36.45
46.31
123.2
58.51
63.61
49.62
47.71
49.15
92.95
55.51
52.21
51.78
63.6
82.94
66.64
46.67
47.35
31.46
44.33
125.5
83.87
29.97
77.08
80.14
54.02
58.86
55.73
49.42
38.86
51.75
71.04
62.89
62.31
54.07
34.93
64.78
58.1
86.63
58.98
49.96
72.82
78.75
64.3
77.32
66.1
68.27
67.81
48.31
48.11
70.9
60.81
44.41
84.9
51.79
40.12
62.37
55.78
51.8
55.5
50.18
68.9
58.71
51.77
61.29
68.75
59.37
53.01
47.06
