202.0
75.16
135.2
193.7
77.0
160.2
63.24
66.54
70.93
83.46
254.6
122.1
110.3
382.1
122.3
239.9
266.1
247.2
100.9
104.9
0.0
65.97
293.8
0.0
217.8
159.1
0.0
0.0
112.3
69.21
172.7
127.3
136.7
147.8
160.8
150.8
42.69
120.1
197.2
171.9
64.26
113.0
136.8
104.7
231.2
239.9
186.3
6.033e-06
134.5
169.2
199.2
110.9
116.6
250.6
55.66
0.0
149.3
171.5
114.1
98.81
159.5
277.9
116.6
55.26
382.1
168.4
7.662e-06
203.0
198.8
364.7
293.8
134.5
114.2
156.0
101.8
126.1
277.9
181.9
143.9
198.3
56.09
98.64
39.56
98.26
70.93
178.1
42.69
116.3
197.2
101.0
170.4
79.28
114.3
179.7
114.0
215.3
105.8
102.3
240.8
59.6
108.1
143.6
643.8
158.9
8.537e-06
18.27
188.4
97.49
145.3
128.2
194.9
209.9
66.49
122.6
157.8
382.1
148.7
129.8
63.72
71.38
261.0
117.2
198.3
169.3
149.2
144.4
104.4
42.94
35.17
164.2
91.82
92.25
114.0
41.12
121.2
134.2
152.9
79.7
203.0
105.6
160.4
0.0
198.3
140.3
141.5
138.9
0.0
199.7
42.69
222.7
114.3
144.6
95.72
192.5
90.93
240.8
174.9
99.6
88.45
168.6
125.7
254.6
150.3
141.2
134.5
106.0
118.0
143.9
275.1
117.7
367.7
107.2
382.1
114.1
0.0
206.5
203.5
176.0
81.35
277.9
148.4
57.42
141.6
277.9
39.56
87.34
114.2
320.8
170.9
157.4
267.5
218.9
85.35
119.6
52.99
181.4
123.6
206.0
138.7
135.2
114.9
70.93
133.4
70.93
173.7
98.32
125.3
87.29
160.8
105.9
137.8
230.6
179.1
96.37
37.95
152.4
49.56
156.1
72.81
65.97
79.38
216.2
93.93
163.8
173.8
173.7
53.38
224.1
148.6
153.5
80.01
183.3
115.4
36.87
118.0
181.5
153.0
107.5
132.3
72.76
201.2
55.55
320.8
168.3
90.14
111.1
94.04
173.2
145.5
0.0
73.96
100.6
192.3
36.94
163.7
78.36
132.5
133.4
295.3
158.9
90.07
80.39
128.5
122.5
114.1
216.6
150.5
142.9
104.3
168.1
50.12
6.43e-06
63.72
155.2
129.4
210.6
4.943e-06
222.0
293.8
134.0
131.4
120.6
115.4
227.4
0.0
171.0
81.35
153.5
163.4
136.1
126.8
114.1
104.7
173.8
112.9
105.7
120.6
293.8
165.6
125.0
130.7
151.0
80.81
202.5
31.33
97.24
99.15
110.7
162.8
212.9
108.8
158.9
134.5
157.6
0.0
79.38
186.0
147.3
0.0
116.6
159.1
242.4
148.7
90.69
83.41
129.7
208.9
159.4
210.8
105.7
380.7
128.3
180.9
159.1
168.4
102.4
140.8
146.7
91.43
288.4
160.8
116.3
128.5
35.34
42.69
54.46
159.1
98.68
259.2
75.13
118.7
197.5
0.0
141.5
238.8
223.5
145.3
127.9
66.91
205.3
0.0
75.16
166.2
134.5
139.3
113.2
0.0
141.5
3.74e-06
214.2
219.9
132.9
124.6
127.2
197.9
134.2
99.88
78.63
129.2
41.12
35.06
135.7
0.0
118.6
278.0
85.31
124.8
100.0
216.6
122.9
206.0
134.5
136.5
163.6
55.26
121.1
89.24
228.7
124.2
137.1
147.8
162.1
126.7
81.35
189.1
169.9
136.7
114.1
108.8
88.74
239.9
240.4
74.95
203.9
136.5
367.7
174.5
425.3
194.2
107.3
78.63
39.68
117.5
87.55
0.0
0.0
159.1
108.9
35.34
61.03
149.9
161.8
143.5
99.94
165.5
111.1
121.8
272.1
212.1
309.0
198.3
190.2
122.6
218.3
88.24
335.3
232.5
206.9
115.0
35.06
105.8
35.34
4.874e-06
125.0
80.11
0.0
137.3
299.3
119.3
0.0
210.9
132.9
164.9
249.3
44.79
126.2
171.5
74.95
136.3
246.3
49.56
239.1
101.0
129.5
63.72
275.1
185.4
111.0
41.76
182.8
191.0
97.64
140.8
85.85
128.5
189.2
194.8
209.3
367.7
129.2
193.2
174.3
159.0
275.1
88.74
109.7
149.1
217.1
114.1
165.5
275.1
153.7
139.3
84.94
116.1
79.9
151.3
132.5
199.4
80.11
102.2
173.6
164.9
171.5
121.2
181.0
23.44
198.0
55.39
80.81
126.2
173.7
161.1
199.4
122.6
110.5
74.95
80.15
63.73
182.8
156.7
114.1
0.0
127.3
127.5
114.9
129.8
31.33
122.8
8.145e-06
171.9
234.8
300.2
56.09
53.82
86.84
142.9
136.8
145.3
231.1
156.9
266.1
149.9
266.1
69.54
191.5
128.2
150.9
306.8
0.0
121.5
122.4
145.9
117.2
99.65
128.3
113.3
106.7
131.5
309.4
122.6
128.3
197.2
89.23
119.0
199.9
120.0
141.5
466.6
90.07
108.1
144.9
70.93
124.6
74.95
114.4
179.7
120.6
159.1
39.56
141.2
83.56
93.99
151.9
125.7
48.86
145.5
247.2
48.86
128.3
177.0
132.9
132.9
135.9
4.874e-06
217.5
49.81
57.42
192.9
184.5
141.8
147.0
90.44
125.0
204.6
275.1
125.0
181.4
0.0
125.1
108.0
141.5
106.3
193.3
117.2
172.2
106.7
233.3
239.9
138.7
425.3
117.2
114.9
207.4
187.5
83.63
149.9
160.0
129.3
122.5
119.7
118.3
194.5
87.5
149.8
266.1
382.1
114.9
123.2
81.54
143.7
82.53
176.5
85.35
141.5
115.9
168.8
239.9
89.32
225.2
212.2
161.8
220.6
136.0
383.2
275.1
149.6
111.0
80.69
74.61
134.6
163.4
135.4
63.78
125.2
165.5
122.5
115.9
155.9
147.2
382.1
126.7
0.0
230.3
157.8
35.34
79.38
95.79
114.1
153.9
6.43e-06
110.0
156.7
63.9
133.1
275.1
142.3
90.07
0.0
158.9
87.29
129.9
158.7
172.2
139.6
164.8
52.99
119.9
122.2
158.9
0.0
159.7
143.9
133.5
66.35
102.0
168.0
35.34
148.1
157.5
226.9
138.0
98.64
166.2
82.53
101.0
112.7
139.9
88.41
131.5
120.9
198.3
206.8
102.6
296.1
200.5
95.34
91.06
120.6
141.3
90.07
226.9
150.5
164.5
213.2
234.0
226.6
198.0
125.0
139.1
120.9
34.85
202.0
126.7
382.1
89.23
167.8
209.4
106.8
118.6
190.9
173.6
162.4
260.3
105.4
88.87
127.3
277.9
82.53
52.99
192.8
127.8
221.9
127.5
96.89
3.772e-06
0.0
170.3
157.3
134.5
173.7
87.34
156.0
3.772e-06
148.6
150.8
71.38
63.78
113.2
167.8
131.2
133.8
0.0
156.7
118.9
116.4
185.3
102.0
198.7
68.9
147.5
725.0
97.9
0.0
284.8
240.5
113.2
180.0
105.4
203.9
137.5
125.3
164.4
0.0
98.52
169.0
88.24
198.4
125.0
88.45
87.55
217.0
170.2
156.4
144.3
100.9
127.3
129.6
109.9
172.4
119.1
94.59
147.5
123.4
186.5
211.7
98.88
120.0
106.0
80.99
164.8
141.3
156.7
198.3
121.8
0.0
153.3
74.54
170.5
119.9
127.6
137.6
213.1
174.9
109.8
126.2
105.0
201.1
207.0
95.72
382.1
213.2
74.02
122.5
63.73
180.5
206.1
253.9
79.63
88.41
135.2
153.8
194.9
205.6
275.1
116.2
130.4
215.3
148.5
0.0
159.8
139.6
159.7
103.3
253.1
61.15
269.4
104.0
228.7
70.93
90.49
100.5
73.96
356.3
92.99
154.1
132.5
140.4
141.5
184.2
79.38
134.5
0.0
127.3
120.6
218.4
190.1
137.0
130.7
97.5
228.3
185.2
122.6
214.1
134.5
94.71
230.5
190.2
55.26
57.14
197.2
172.9
158.9
90.07
207.4
266.1
95.75
162.7
129.3
70.71
113.5
70.93
125.2
90.03
105.9
203.0
106.4
155.5
127.3
146.3
178.0
117.5
117.2
121.2
124.2
73.96
219.9
132.9
144.8
166.5
119.9
24.4
135.2
191.4
209.4
0.0
49.56
163.9
132.1
92.24
122.5
4.874e-06
218.3
203.0
88.24
160.8
120.7
103.3
160.2
177.9
112.7
239.9
8.673e-06
115.4
174.8
80.39
124.8
0.0
110.6
140.7
174.0
212.2
100.7
124.2
173.7
168.9
172.9
110.3
122.4
148.2
249.9
246.1
106.8
114.1
266.1
214.5
49.81
136.2
266.1
154.4
205.5
232.5
201.5
320.8
134.5
189.7
194.4
223.6
143.9
367.7
128.5
163.0
260.3
173.2
293.8
293.8
0.0
61.15
180.9
191.6
159.0
35.06
138.2
102.9
99.15
81.35
110.8
83.24
336.6
73.96
124.1
8.537e-06
135.7
170.7
125.3
267.5
131.0
122.2
121.2
128.3
236.4
137.2
174.3
34.85
262.4
145.5
98.81
145.4
122.3
159.8
147.8
127.8
239.5
206.5
277.9
173.9
195.9
177.9
122.6
152.1
49.6
115.8
128.5
193.3
189.5
154.6
8.145e-06
367.7
137.9
72.76
224.1
143.7
202.9
225.8
147.2
173.9
134.2
130.0
57.14
134.5
198.7
466.6
0.0
128.3
204.5
178.6
104.4
163.5
143.9
139.3
234.8
211.0
106.7
217.6
198.2
164.9
111.5
182.8
55.26
167.5
176.3
98.65
139.8
165.2
188.6
206.5
230.5
170.7
83.96
0.0
170.5
24.4
89.24
183.5
43.03
132.5
80.49
133.9
197.1
179.8
125.0
116.6
86.16
267.7
155.4
204.9
212.0
55.39
141.6
173.7
242.6
128.5
110.3
161.0
174.9
105.7
126.9
145.2
162.4
367.7
305.0
92.95
142.7
8.145e-06
229.3
173.1
134.5
100.5
125.3
23.44
295.7
55.66
157.0
119.1
219.9
120.6
106.3
150.9
228.7
138.2
195.1
134.5
113.3
8.196e-06
121.7
179.2
181.8
88.41
125.0
121.1
224.8
140.3
277.9
119.2
150.5
57.42
160.4
3.772e-06
132.1
66.35
144.6
151.3
109.9
367.7
156.8
148.9
69.54
125.8
308.5
266.1
114.8
192.8
43.03
168.4
211.0
170.7
179.8
382.1
125.0
195.1
111.8
118.6
161.8
204.5
134.5
277.9
256.0
367.7
0.0
225.1
95.07
91.97
171.5
300.9
49.81
159.5
259.2
207.7
137.6
99.72
114.6
115.6
115.6
109.9
110.7
137.2
129.6
119.9
130.5
173.2
79.38
199.8
170.5
230.9
53.82
122.2
85.31
88.87
152.8
222.9
206.3
202.0
168.5
134.5
123.7
132.5
275.1
162.4
176.6
211.1
125.2
142.7
98.32
87.5
242.8
141.3
145.5
144.7
214.1
277.9
63.73
130.8
220.6
108.4
174.3
143.9
150.5
148.9
202.2
165.5
185.5
