4.328
0.0
0.0
19.12
25.33
0.0
0.0
4.59e-07
28.0
9.84
0.0
9.542
2.026
30.37
0.0
9.795e-07
22.96
2.021
2.805
11.89
0.0
2.366
24.2
17.8
27.78
0.0
0.0
17.14
nan
6.59
3.753
0.6352
5.197
6.648
18.8
1.907
1.975
3.81e-07
2.193
31.18
6.381
3.268
30.11
3.251
6.579
4.425
5.489
4.168e-07
17.82
34.6
6.742
0.0
4.014
3.656
18.5
26.82
22.82
8.235
2.817
0.0
2.562
9.246
5.242
15.65
4.632e-07
7.906
0.0
7.25
6.924
4.432e-07
19.75
16.54
18.85
6.883
15.22
0.0
3.412
8.514
16.24
10.45
3.821
0.0
6.579
7.042
10.25
5.446e-07
20.2
5.504
2.888
5.276
1.816
0.0
0.0
2.78
99.89
5.628
23.98
15.55
36.03
11.65
7.773
4.231
13.13
9.788
0.0
2.695e-07
19.6
27.66
2.367
17.14
0.9069
10.74
3.345
0.0
15.65
12.86
3.68e-07
17.57
0.0
0.0
9.569e-07
4.009
0.0
10.92
3.593
7.161
3.836
4.118
5.059
31.97
0.0
0.0
8.217e-07
14.45
26.63
11.27
17.32
2.861
0.0
2.365
0.0
20.03
4.163
3.28
63.47
4.079
0.0
6.725
11.43
0.0
2.859
2.581
20.2
2.215
4.02
28.23
17.4
5.694
0.0
42.7
4.168
0.0
4.808
45.76
0.0
0.0
0.0
0.0
3.694
25.84
19.48
5.889
22.11
3.229
12.27
0.0
3.317
8.238
2.548
5.058e-07
3.124
0.0
0.0
9.359
13.72
4.311
0.0
0.0
27.52
5.169
nan
116.5
24.57
48.99
6.293
0.0
9.735
3.007
5.464
0.0
6.624
3.511
44.88
11.47
19.53
36.73
0.0
46.97
19.53
14.31
6.918
0.0
2.855
6.953
1.236
4.98e-07
16.83
38.93
30.02
0.0
3.535
59.7
8.197
9.171
25.86
8.645
13.72
33.84
7.125
17.88
0.0
2.992
60.96
25.44
9.294
21.75
107.3
1.711e-07
9.829e-07
0.0
2.176
0.0
9.729
36.74
0.0
0.0
9.602
6.638
2.173
2.548
2.64e-07
4.813
0.0
4.655
0.0
118.7
28.75
10.7
4.632e-07
10.74
1.642
0.0
20.53
0.0
0.0
65.69
0.0
2.458
3.547
6.817
0.0
2.846
1.791
4.332
32.27
13.65
0.0
0.0
17.36
0.0
9.246e-07
7.317
6.461
25.45
7.857
0.0
13.54
0.0
0.0
25.97
29.1
8.186
33.85
2.375
15.94
12.65
0.0
4.284
26.95
17.83
7.565
16.64
0.0
0.0
6.648
0.0
14.76
3.404
11.66
7.726
10.25
28.82
3.232
7.849
10.21
15.42
3.731
5.546
9.667
3.741
18.36
9.12
10.99
6.957
7.556
3.33
16.76
8.29
2.543
9.391
5.216
37.04
14.03
29.92
11.03
6.065
0.0
5.609
12.42
21.74
11.86
15.45
32.15
13.8
0.0
62.77
0.0
5.034
6.849e-07
1.517
11.82
10.34
0.0
14.33
3.774
0.0
0.0
4.104
12.43
8.231
5.603
40.92
52.68
4.195e-07
0.0
15.14
0.0
11.35
0.0
0.0
15.56
23.79
3.922
4.687
0.0
5.468
0.0
0.0
0.0
3.536e-07
8.357e-07
15.65
6.307
4.676
24.43
11.27
12.4
20.01
7.894
7.675e-07
2.378
13.75
0.0
18.43
8.028
10.26
6.813
3.501
9.671
32.65
0.0
0.0
2.591
0.0
11.65
2.356
7.567
26.57
3.435
0.0
14.67
0.0
3.384
12.16
7.271
3.902
0.0
4.386
0.0
4.611
0.0
0.0
0.0
6.554
8.951
3.066
32.17
0.0
7.777
2.832
5.034
0.0
1.016e-06
37.03
7.116
13.65
6.68
3.408
0.0
0.0
0.0
11.23
9.322
0.0
0.0
25.14
0.0
150.9
19.3
14.65
20.85
8.088
5.546
39.64
2.218
41.52
0.0
18.94
3.614
0.0
9.294
7.448
6.38
8.186
2.932
6.324
5.497
1.105
3.79
nan
6.111
2.435
82.05
14.44
3.134
14.95
11.92
0.0
1.037e-06
23.38
8.662
8.627
11.28
6.714
1.653
0.0
5.931e-07
3.446
13.72
6.373
38.54
6.292
2.515
0.0
40.29
0.0
77.62
0.0
0.0
3.707
0.0
7.172
0.0
7.403
2.435
2.226
4.441
32.75
4.262
0.0
0.0
4.06
10.17
8.217e-07
1.66
3.546
26.15
1.8
8.862
14.01
2.706
2.814
3.751
10.44
11.21
1.853
29.44
5.597
9.356
2.54
10.62
73.93
8.133
0.0
5.516
15.79
4.533
12.1
2.456
1.215
0.0
4.372
3.433
5.982
20.38
4.752
4.235
3.206
0.0
14.41
10.51
3.282
9.73
0.0
3.527
7.518
0.0
0.0
15.06
4.183
7.115e-07
14.44
0.0
5.38
16.11
3.562
3.988
0.0
8.289
0.0
6.279
0.0
5.378e-07
2.749
13.92
18.21
28.59
0.0
4.704
0.0
2.085
0.0
5.174
32.34
16.57
6.616
0.0
0.0
4.81
9.295
0.0
2.806
20.04
8.139
16.63
2.601
2.104
3.381
0.0
11.94
0.0
14.52
0.0
4.917
46.18
5.055
5.026
4.336
0.0
9.706
14.72
0.0
18.27
47.97
0.0
16.05
2.422e-07
4.535
0.0
21.31
11.77
0.0
16.16
4.506
0.0
4.919
7.457
14.94
4.746e-07
0.0
0.0
10.96
59.7
0.0
3.856
7.551
75.46
9.152
3.268
28.61
4.926
42.58
12.27
0.0
8.215
12.5
78.71
22.96
0.0
9.667
28.31
0.0
1.729
10.63
1.753
0.0
11.73
0.0
8.064
1.763
1.706
23.83
13.39
9.706
43.73
0.0
3.764
5.416
7.646
0.0
22.95
8.867e-07
18.43
0.0
10.52
30.08
1.649
28.56
0.0
7.117
6.381
60.34
10.32
19.29
17.41
4.096
0.0
1.039
24.82
21.86
10.32
4.859
30.76
3.504
0.0
0.0
0.0
7.055
9.276
0.0
0.7631
7.188
15.2
1.328
0.0
11.1
10.13
8.65
0.0
18.38
0.0
6.976
6.253
4.18e-07
0.0
3.016
9.185
7.107
17.71
4.47
39.7
6.691
20.44
0.0
0.0
13.72
17.27
3.758
0.0
26.05
18.81
0.0
3.828
38.04
6.398
7.251e-07
33.75
5.317
22.52
0.0
0.0
15.52
0.0
7.024
0.0
12.1
9.769
0.0
7.622
31.87
0.0
11.04
6.644
11.23
2.069
4.665
6.2
4.168e-07
6.013
0.0
12.66
7.308
21.0
13.38
13.63
0.0
6.795
1.121
3.494
21.75
5.092
6.237
31.54
5.07
14.67
3.443
2.682
1.233
0.0
8.267
2.582
0.0
0.0
3.609
21.12
9.711
19.5
0.0
0.0
70.14
32.04
7.741
6.755
21.66
12.85
4.54
0.0
2.423
5.883
3.893
8.745e-07
14.44
0.0
14.33
21.63
3.48
9.04
29.43
0.0
0.0
2.387
27.29
6.726
17.73
0.0
13.53
0.0
20.27
16.54
55.2
0.0
0.0
0.0
14.7
13.22
0.0
0.0
6.127
7.784
0.0
2.142
14.19
4.871
0.0
8.645
0.0
0.0
12.1
6.6
7.235
5.347
5.695
1.233
30.69
11.34
2.319
3.904
11.53
10.26
18.76
0.0
3.257
4.202
3.359
2.415
0.0
9.602
15.57
0.0
24.24
15.49
0.0
5.053
0.0
6.083e-07
9.15
8.586
7.932
19.48
0.0
12.24
0.0
4.799
0.0
18.61
17.94
4.102
18.59
14.13
2.467
0.0
28.03
23.18
3.34
8.035
1.434
0.0
0.0
16.16
4.704
3.952
0.0
5.282
3.095
2.498e-07
25.63
8.705e-07
0.0
92.77
0.8813
0.0
7.975
4.39
35.51
5.803
8.405e-07
0.0
6.233
6.138
0.0
46.33
0.0
19.96
23.49
4.966
65.34
3.992
7.954
5.538
3.79
0.0
0.0
15.35
43.47
2.318
12.85
77.98
5.655
25.71
3.313
6.86
7.756
32.16
11.41
4.525
0.0
6.859
0.0
38.0
14.65
3.792
9.235
4.639
3.589
3.69
0.8639
8.942
32.04
0.0
33.87
11.47
0.0
0.0
0.0
12.27
0.0
15.2
0.0
5.661
21.47
15.29
6.226
25.06
8.051
4.349
4.778
6.647
0.0
4.324
0.0
24.19
7.311
12.8
28.73
2.033
0.0
9.688
0.0
0.0
1.981
19.53
8.052
4.819
4.848
20.26
16.47
29.83
0.0
35.15
nan
12.62
9.356
30.19
1.56
8.593
10.12
29.03
11.43
9.639
0.0
0.0
14.09
5.85
0.0
16.98
9.679
7.053
1.726
15.57
0.0
0.0
27.08
1.132e-06
54.02
17.35
7.495
8.151
1.833
32.7
2.581
2.372
40.86
0.0
13.77
7.938
18.78
13.56
2.83
24.51
18.4
4.596
1.917
5.905
60.65
0.0
0.0
4.117
17.7
15.94
4.101
11.85
0.0
1.238e-06
18.6
0.0
0.8893
17.8
14.74
0.0
16.35
16.33
6.667
3.839
0.0
11.79
71.3
0.0
14.32
22.68
15.55
4.392
4.917
13.13
16.77
0.0
0.0
0.0
100.8
0.0
6.829
2.123
7.34
12.78
5.092
4.53
14.75
19.33
4.519
31.21
0.0
0.0
6.68
0.0
6.092
4.733
0.0
12.86
0.0
3.54
8.872
2.61
5.651
5.023
0.0
0.0
0.0
0.0
0.0
0.0
0.0
5.064
23.83
5.454
4.288
9.963
9.928
19.2
4.377
7.044
3.442
0.0
26.14
0.0
6.888
12.45
0.0
0.0
30.24
2.246
0.0
4.007
36.34
2.624
7.042
7.773
0.0
4.117
0.0
3.69
15.69
0.0
8.197
7.044
0.0
27.74
0.0
21.58
6.368
9.73
6.36
22.59
2.184
12.39
2.892
5.9
0.0
5.306
0.0
23.06
23.1
26.52
3.405
146.7
4.051
1.593
3.824
8.158
19.68
3.483
8.213
0.0
8.705e-07
3.694
20.21
6.134
9.679
20.99
17.27
0.0
16.49
0.0
3.63
0.0
42.09
41.52
0.0
0.0
9.463
0.0
1.963
0.0
19.53
8.872
1.814
1.08e-06
8.426
2.381
0.0
65.34
4.266
8.303
0.0
0.0
4.026
3.782
7.107
7.86
7.395
11.54
11.31
8.185
0.0
10.86
69.51
0.0
2.433
4.733
16.09
50.34
10.73
18.4
0.0
7.95
8.65
0.0
0.0
0.0
8.627
4.942
1.851
6.011
3.949
24.24
1.832
2.214
0.0
8.612
5.799
0.0
3.298
0.0
5.659
30.85
7.156
0.0
3.611
19.19
3.483
12.42
11.65
1.065e-06
4.788
25.16
0.0
23.38
4.715
25.73
0.0
3.934
0.0
39.09
4.325
8.173
0.0
2.239
2.685
0.0
7.849
10.12
39.37
28.82
3.219
12.14
1.76
0.0
12.95
2.613
9.27
13.46
22.96
23.61
0.0
16.97
19.85
5.046
0.0
11.43
0.0
30.25
9.427
4.615
0.0
5.066
0.0
43.85
2.771
28.85
12.12
10.21
1.744
7.565
34.46
0.0
14.1
2.935
11.13
9.337
9.333
0.0
3.047
5.654
8.77
4.253
8.586
0.0
nan
2.467
14.32
8.916
43.38
0.0
3.54
0.0
5.248
3.469
3.991
18.57
0.0
1.386
4.107
23.48
0.0
7.347
31.19
0.0
6.644
3.09e-07
1.189
2.539
6.749
11.53
0.0
21.57
2.224
11.38
0.0
4.542
5.533
5.614
8.298
39.12
5.991
1.258
19.26
32.75
16.57
43.08
6.102
3.322
9.152
0.0
4.631
0.0
0.0
0.0
6.1
15.65
0.0
15.35
1.819
9.711
2.047
2.305
3.062
5.405
7.808
21.29
16.09
0.0
4.203
1.016e-06
2.971
2.882
0.0
0.0
11.47
1.609
20.32
0.0
0.0
3.836
11.72
1.456
18.01
0.0
0.0
0.0
3.909
6.009
0.0
3.011
6.736e-07
71.59
0.0
0.0
2.832
4.417
0.0
15.29
0.0
12.17
2.705
0.0
9.511e-07
0.0
5.219
1.277
10.73
3.342
13.41
32.96
5.04
3.031
5.086
1.903
3.948
10.53
29.1
1.544
10.17
7.975
13.72
2.339
0.0
8.3
5.316
3.003
27.18
0.0
0.0
7.409
20.33
51.46
47.59
0.0
9.795e-07
9.337
7.277
0.0
5.305
4.709
7.635
20.91
72.58
12.4
27.74
0.0
0.0
0.0
1.775e-07
5.442
2.164
0.0
3.01
8.3
0.0
25.88
2.205
15.89
0.0
28.92
28.27
0.0
20.77
27.8
23.3
4.086
92.77
11.77
7.345
4.237
0.0
7.675e-07
4.492
0.0
2.323
14.87
7.237
4.166
5.446
5.48
9.086
2.226
0.0
6.445
7.161
8.951
0.0
9.697
2.792
3.398
0.0
0.0
55.37
27.41
4.652
0.0
6.785
12.13
0.0
0.0
0.0
12.89
0.0
10.23
27.94
0.0
21.43
0.0
9.301
19.96
0.0
16.83
6.157
0.0
4.806
1.288
3.408
3.97
1.758
3.732e-07
0.0
2.525
4.967
2.184
0.0
0.0
0.0
18.59
3.274
4.494
2.828
25.33
129.8
0.0
0.0
3.145
4.383
46.18
3.938
0.0
9.398
15.08
6.542
3.442
19.42
46.79
0.0
1.937
0.0
15.94
0.0
28.8
2.434
9.515
4.363e-07
10.25
0.0
9.379e-07
10.83
1.583
71.76
4.939
3.022
5.018
47.97
17.36
6.667
5.282
27.24
20.82
8.366e-07
37.41
8.574
14.59
30.44
28.88
3.151
0.0
8.177
0.0
10.58
0.0
2.541
0.0
0.0
2.392
2.782
9.428
38.11
5.624
37.74
2.581
4.348
16.54
0.0
0.0
9.681
5.216
23.59
9.764
67.19
27.08
24.62
7.387
0.0
20.08
2.101
5.755
1.923
25.81
3.365
0.0
9.252
55.17
7.047
0.0
2.155
24.2
0.0
3.209
7.703
12.45
3.176
0.0
3.866
12.39
4.454
12.48
8.685
16.66
3.178
50.34
7.69
3.072
28.92
10.58
0.0
0.0
0.0
28.92
0.0
4.937
0.0
6.497
20.56
1.625
2.997
0.0
70.14
1.082
9.12
10.98
4.577
6.743
21.57
0.0
15.13
0.0
0.0
17.71
14.23
4.073
2.666
4.602
5.185
0.0
0.0
8.936
1.127e-06
0.0
17.83
4.013
22.5
40.62
10.55
5.275
0.0
8.002
0.0
5.264
6.134
7.563
1.507
3.472
0.0
5.717
1.658
0.0
2.235
3.89
14.76
1.374
0.0
2.909
16.33
10.06
2.364e-07
0.0
21.87
26.55
0.0
4.351
0.0
0.0
5.46
8.834e-07
3.289
10.38
9.428
115.4
1.284
0.0
0.0
7.116
0.0
0.0
1.688
8.485
1.85
13.39
9.237
3.871
29.27
31.04
7.082
7.857
1.834
0.0
7.808
28.36
14.09
21.31
2.46
20.57
33.5
0.0
0.0
0.0
7.301
8.191
2.004
4.092
3.382
10.43
7.69
28.7
6.432
3.313
6.74
4.049
5.294
0.0
1.508
21.36
14.03
1.732
5.98
14.68
43.73
26.67
1.6
8.745e-07
0.0
6.981
3.778
6.554
3.483
15.69
22.22
1.333
14.23
8.289
0.0
7.787
0.0
0.0
10.47
56.67
0.0
4.366
16.97
5.874
7.494
18.49
2.093
0.0
14.94
14.23
7.954
43.38
0.0
25.33
0.0
5.067
0.0
43.07
2.184
12.42
8.737
3.84
3.726
1.954
7.052
19.43
4.458
4.813
4.103
15.95
15.06
5.046
0.0
17.96
18.57
3.736
1.948
5.996
14.41
5.174
1.041e-06
5.143
4.927
4.589e-07
4.652
3.939
0.0
0.0
8.267
5.329
6.205
0.0
4.696
10.09
0.0
0.0
1.198
8.801
3.564
1.516
18.81
33.26
35.81
7.235
8.109
47.97
6.743
18.57
0.0
30.25
9.187
8.136
11.72
9.451e-07
9.301
2.067
20.22
6.231
6.445
5.552
51.01
6.256
3.395
14.97
2.043
14.13
28.87
0.0
1.852
11.61
2.954
33.26
11.61
nan
18.99
0.0
29.03
6.359
0.0
3.075
5.547
2.557
14.94
5.281
6.18
14.45
3.005
0.0
11.14
9.434e-07
0.0
22.9
4.337e-07
0.0
2.27
2.43
2.55
20.03
7.053
10.46
0.0
8.757
8.262
14.44
19.47
4.528
0.9969
0.0
0.0
3.407
1.937
3.847
25.28
72.91
2.761
0.0
3.774
0.0
0.0
2.073
7.787
66.41
34.49
5.634
3.532
3.11
4.322
7.505
9.463
9.254
25.87
10.85
2.839
0.0
5.027
79.86
31.91
4.992
7.714
6.672
17.96
9.303
6.53
7.409
11.41
2.888
5.639
22.95
1.979
5.986
6.853
28.19
47.59
0.0
3.035
31.21
25.27
0.0
20.38
0.0
8.765
24.33
1.583
2.278
6.319
3.456
0.0
19.33
4.043
0.07254
0.0
71.69
18.57
6.094
6.284
4.665
26.75
1.974
37.4
2.57
0.0
14.58
20.66
1.183
12.14
0.0
9.812
3.092
4.623
1.685
15.05
5.865
14.0
21.85
28.92
1.103
29.63
2.604e-07
2.849
7.512
59.38
7.172
2.005
0.0
4.572
28.92
0.0
9.817e-07
2.91
2.721
0.0
9.417
24.43
120.1
3.34
4.822
7.308
18.79
2.667
2.982
6.107
1.334
29.15
3.028
9.368
13.22
0.0
0.0
4.045
24.34
5.931
9.472
2.344
6.402
2.444
27.88
10.57
5.446e-07
0.0
0.0
0.0
4.287
28.55
0.0
7.696
0.0
19.26
0.0
0.0
6.494
4.863
4.071
12.27
2.193
0.0
1.154
5.466
0.0
0.0
3.912
107.3
0.0
5.247
7.834
28.2
0.0
9.681
0.0
4.157
0.0
15.46
2.442
2.411
1.506
29.94
0.0
2.54
25.28
0.0
5.3
4.346
26.38
3.856
0.0
18.85
0.0
2.879
1.378e-06
0.0
3.11
1.782
10.62
9.036
17.65
11.38
0.0
0.8775
2.078
0.0
6.209
4.459
18.86
0.0
0.0
0.0
26.8
7.115e-07
0.0
11.7
24.09
0.0
90.12
0.6599
7.675e-07
14.52
0.0
0.0
14.33
2.263e-07
27.26
12.2
49.81
3.439
8.248e-07
6.083
2.91
20.56
3.186
8.485
1.193
5.755
14.74
7.703
8.262
18.12
4.199
44.96
6.061
38.77
6.167
3.638
18.63
0.0
1.973
2.937
11.71
22.82
0.0
20.2
15.5
9.817e-07
11.51
2.91
5.19
10.95
6.787
8.988
1.94
88.11
5.808
6.686
2.625
2.978
0.0
2.025
25.33
0.0
5.439
8.936
3.75
0.0
9.04
7.536
5.621
0.0
8.051
80.1
2.762
23.7
8.366e-07
3.647
6.281
2.441
6.122
0.0
2.131
3.9
2.925
0.6703
9.916
4.358
8.241
5.279
156.9
0.0
3.045
4.496
2.89
1.28e-07
30.66
6.293
7.726
3.69
30.91
0.0
23.82
1.046
8.485
0.0
2.748
5.711
3.547
24.09
10.75
9.506
8.666
55.67
2.377
14.75
0.0
38.54
12.98
3.746
9.197
53.42
5.938
27.6
0.0
0.0
9.073
32.27
3.995
4.672e-07
3.276
0.0
0.0
0.0
22.66
6.277
9.379e-07
2.648
3.821
0.0
4.08
0.0
4.37
4.531
2.649
7.801
32.43
0.0
0.0
0.0
16.63
0.0
3.876
26.05
39.37
22.52
24.57
17.14
5.866
2.372
5.869
7.86
1.824e-07
14.79
6.543
20.01
7.894
13.78
12.78
28.6
4.934
0.0
27.74
37.39
5.064
0.0
13.42
4.011
0.0
0.0
1.889
6.845
0.0
5.658
3.764
4.534
0.0
22.59
2.302
0.0
5.447
50.34
15.08
7.019
0.0
1.57
15.55
12.39
8.766
13.56
3.518
4.455
0.0
4.166
9.542
11.18
7.784
15.23
5.086
2.121
10.95
0.0
7.333
53.56
26.02
61.79
4.296
1.717
14.27
0.0
28.86
13.51
0.0
2.017
9.252
4.85
6.672
6.936
7.49
2.953
4.751
72.75
32.32
7.362
4.537
10.26
6.73
4.602
2.043
26.46
0.0
6.373
7.195
4.346e-07
14.27
0.0
0.0
9.349e-07
0.0
6.544
0.0
1.103
59.38
4.665
3.571
22.66
47.97
5.319
3.557
0.0
3.208
0.0
0.0
6.936
0.0
31.45
0.0
0.0
0.0
31.91
28.85
8.209
0.0
0.0
0.0
8.828
1.716
0.0
24.53
5.415
0.0
22.57
0.0
38.34
3.941
30.69
18.6
9.697
4.598
4.904e-07
5.156
2.088
31.94
5.501
0.0
0.0
4.804
10.54
0.0
8.983
4.038
11.14
39.89
2.13
8.459
0.0
0.0
2.058
3.219
5.996
7.635
0.0
0.0
20.99
9.131
0.0
4.75
5.412
9.451e-07
6.832
3.78
36.56
1.652
118.4
7.045
0.0
21.28
1.537
5.526
1.44
0.0
1.915e-07
5.889
2.64e-07
2.575
36.07
9.333
2.582
0.0
0.0
3.357
9.659
4.425
4.646
2.847
0.0
29.23
4.771
77.98
29.87
6.697
2.725
6.853
5.076
10.21
0.0
12.82
0.0
0.0
5.088
41.38
3.76
0.0
0.0
0.0
9.349e-07
3.025
8.813
5.213
39.16
3.946
5.033
0.0
8.035
7.869
0.0
51.92
4.944
0.0
3.155
8.828
9.86
0.0
3.776
10.96
0.0
43.45
0.0
1.437
39.09
0.0
30.19
5.085
28.86
11.7
13.94
2.86
33.43
9.639
7.211
0.0
5.141
0.0
1.925
0.0
2.46
8.77
0.0
1.74
20.02
2.149
7.951
0.0
3.269
47.97
5.977
1.065
0.0
4.711
3.222
12.17
12.5
4.639
38.8
33.89
1.253
0.0
6.109
4.073
6.257
4.771
33.4
6.005e-07
23.65
12.16
5.241
5.865
5.987
0.0
22.68
0.0
9.342
30.22
0.8593
2.826
10.34
1.776
10.18
8.428
7.932
2.836
66.41
12.07
28.73
0.0
7.741
1.037e-06
11.29
5.469
6.835
35.47
5.652
6.364
1.918e-07
5.003
1.041e-06
0.0
0.0
75.96
2.631
0.0
116.5
0.0
5.769
5.156
4.826
0.0
0.0
1.502
0.0
3.315
18.61
8.439
1.762
3.484
4.349
0.0
4.41
7.338
16.98
4.666
0.0
7.459
4.571
4.789
8.779
17.96
9.891
2.957
21.32
8.766
1.214
25.43
6.062
0.0
1.889
6.348
4.291
0.0
25.44
0.0
7.71
1.746
2.202
1.201
9.506
10.92
3.127
5.735
0.0
0.0
29.48
32.9
18.79
10.38
0.0
8.173
5.004
6.26
0.0
0.0
26.57
0.0
0.0
14.13
5.917
19.92
11.82
2.897e-07
2.97
27.66
2.181
25.63
5.501
5.576
23.3
15.23
14.23
3.663
3.508
17.35
2.787
0.0
0.0
15.13
5.103e-07
0.0
0.0
50.24
20.71
4.536
0.0
19.48
0.0
3.017
87.7
0.0
2.623
4.936e-07
3.99
0.0
39.55
4.778
0.0
4.764e-07
3.286e-07
16.64
3.566
4.061
7.661
4.571
4.422
3.674
11.2
10.46
9.458
55.17
1.351
10.12
4.076
3.205
19.62
2.787
7.79
2.523
7.306
25.9
42.58
2.199
2.031
8.828
1.799
2.516e-07
8.57
3.894
5.491
18.76
0.0
3.941e-07
20.82
12.44
5.513
27.02
2.85
5.147
0.0
0.0
2.617
0.0
4.94
8.813
8.983
2.825
18.93
15.89
5.492
5.433e-07
9.878
14.97
9.247
8.109
5.612
7.457
22.74
1.586
63.47
14.41
0.0
8.511
3.342
40.46
0.0
0.0
21.02
40.92
0.0
6.743
7.214
0.0
98.94
1.306
6.86
5.927
3.287
0.0
3.515
10.07
0.0
26.63
0.0
24.53
0.0
1.699
4.715
3.278
0.0
0.0
6.072
4.923
0.0
0.0
6.364
7.775
10.99
5.473
18.79
43.48
0.0
7.325
2.095
0.0
9.677
57.05
39.27
14.33
9.033
30.62
35.55
5.982
7.082
2.941
2.375e-07
2.17
3.616
4.096
1.654
20.31
31.29
0.0
10.75
10.89
0.0
2.747e-07
3.049
0.0
0.0
10.04
0.0
19.62
13.94
13.38
0.0
4.37
18.63
1.153
5.905
2.778
6.787
20.35
3.874
29.32
3.594
0.0
3.261
16.37
5.826
16.66
5.314
11.86
10.07
0.0
23.21
1.193
4.884
32.09
0.8433
16.54
7.929
2.4e-07
57.05
5.799
40.86
8.574
9.368
0.0
8.671
4.311
3.429
6.227
6.017
6.485
7.662
10.28
5.953
23.68
9.44
0.0
5.256
0.0
0.0
0.0
0.0
24.63
24.66
0.0
1.951
2.661
4.994
1.503
23.79
0.0
22.97
5.394
2.44
11.05
25.84
6.888
68.07
0.0
13.42
7.143
61.48
10.82
0.0
1.711
0.0
4.525
1.895
4.982
0.0
28.17
4.521
1.387
3.679
5.556
39.22
7.19
44.96
0.0
0.0
8.916
0.0
2.516
10.5
19.96
19.29
5.959
5.487
0.0
2.209
19.1
0.0
3.706
0.0
13.38
14.9
13.77
6.21
0.0
3.828
4.699
4.815
0.8192
5.543
27.77
11.46
2.587
11.18
10.73
4.776
0.0
4.203
2.425
30.44
1.975e-07
2.119
4.097
51.92
10.65
6.827
3.334
7.819
2.256
1.459
3.137
0.0
0.0
2.826
0.0
35.77
6.785
4.998
6.787
5.716
1.691
20.57
28.75
1.692
0.0
3.773
3.408e-07
24.98
0.0
67.24
0.0
2.765e-07
23.82
1.77
7.679
1.175
14.63
25.33
1.855
10.32
2.077
9.354
7.819
25.33
0.0
15.55
1.957
1.846e-07
29.94
20.87
19.19
7.14
3.59
3.41
3.585
6.405
12.2
2.368
1.951
0.0
27.84
9.963
8.685
3.149
2.787
18.8
0.0
67.19
0.0
0.8361
0.0
5.659e-07
90.89
15.35
0.0
8.105
5.358
58.88
14.94
17.82
23.61
4.081
5.972
9.84
2.616
11.85
0.0
3.567
2.622
1.333
1.475
2.427
35.6
13.65
0.0
0.0
6.116
0.0
6.957
0.0
5.938
0.0
22.63
18.86
6.471
3.574
9.676
21.47
11.86
15.22
13.26
5.323
3.474
11.12
0.0
6.116
32.15
22.88
14.1
6.997
3.108
0.0
1.062e-06
9.036
6.825
0.0
3.033
0.0
2.35
11.35
0.9713
0.0
4.418
4.253
0.0
6.711
1.99
17.69
39.14
0.0
25.7
0.0
0.0
7.622
17.96
2.069
4.808
47.76
8.731
5.074
0.0
6.125
11.59
2.429
2.249
3.323
0.0
2.445
2.541
4.719
5.0
0.0
86.44
2.458
0.988
8.876
0.0
10.43
19.04
19.6
7.597
7.819
17.66
6.832
0.0
21.95
10.87
2.953
5.338
3.089
0.0
24.71
17.99
15.77
0.0
2.004
0.0
3.389
0.0
5.152
32.17
14.19
20.35
29.63
0.0
2.366
3.643
0.0
9.812
1.783
0.0
0.0
30.62
21.28
3.651
35.47
3.505
0.0
3.875
12.59
0.0
0.0
2.822
3.311
3.043
6.736e-07
22.89
4.056
0.0
21.87
24.04
5.067
6.549
2.499
2.294
4.417
21.3
9.677
0.0
27.88
28.45
3.815
8.398
65.69
0.0
1.733
26.15
45.76
4.826
10.83
0.0
24.75
7.199
5.756
31.29
2.836
11.29
3.353
9.131
13.63
43.38
3.793
2.252
0.0
46.79
1.118
0.0
4.733
3.769
5.419
0.0
2.452
1.285
2.584
23.59
0.0
4.036
4.847
3.236
28.79
7.956
3.68
0.0
0.0
28.74
84.3
0.0
0.0
0.0
5.887
4.451
11.24
0.0
5.599
2.276
13.54
25.88
2.795
0.0
0.0
40.29
14.95
3.616
1.565e-07
0.0
5.975
6.458
0.0
5.23
31.14
0.0
8.434
8.976
0.0
1.461
54.02
7.73
3.138
1.601
6.273
17.4
2.272
6.152
12.78
6.06
27.33
0.0
2.228
0.0
1.252
0.0
4.009
8.682
27.79
18.04
0.0
0.0
11.31
0.0
0.0
4.879
14.97
0.0
0.0
21.48
5.258
8.002
23.21
1.443
20.91
5.407
7.058
30.35
