39.15
25.32
38.68
46.29
10.62
53.16
38.72
43.17
16.42
57.77
59.49
55.47
36.18
17.62
32.35
43.35
36.56
69.08
30.97
18.63
0.0
20.73
54.9
0.0
77.02
40.4
9.459
6.589
58.61
39.77
30.39
45.64
21.41
31.1
26.81
49.35
17.84
72.98
53.07
59.08
19.89
81.68
37.62
47.2
27.48
34.18
59.05
6.214
33.16
57.6
38.22
65.02
31.13
48.41
21.07
8.521
49.79
40.16
23.69
52.06
37.19
39.25
30.77
27.7
17.62
53.27
5.909
39.72
59.58
45.18
54.9
32.3
47.0
40.42
68.67
40.78
39.25
45.92
29.26
36.42
39.67
38.47
18.1
21.58
18.85
61.89
17.84
36.59
53.35
59.73
52.17
26.21
46.1
36.98
32.46
47.41
31.54
32.03
48.39
22.02
9.101
62.1
79.08
34.31
9.606
7.049e-06
64.31
31.05
43.29
71.93
57.96
79.72
25.54
35.24
65.74
17.62
22.0
39.19
21.0
20.34
26.45
24.04
41.84
80.56
59.52
88.61
38.98
17.96
10.94
70.35
59.44
48.67
33.04
13.2
26.04
53.63
53.95
19.38
45.66
73.13
40.19
0.0
37.99
52.96
38.23
47.33
0.0
43.88
19.04
66.79
46.1
57.43
31.3
49.07
21.22
42.24
47.4
63.1
21.05
30.07
53.75
52.88
59.32
17.33
33.16
12.75
11.53
17.4
54.35
69.53
33.55
54.77
17.62
26.53
0.0
17.18
53.12
81.43
16.39
39.25
64.91
36.19
63.95
39.25
18.1
9.823
61.95
71.26
79.22
39.52
66.1
81.59
49.99
56.38
12.4
19.82
52.59
56.29
31.06
35.37
18.66
19.27
62.75
18.85
26.98
68.76
58.27
15.7
29.57
43.68
90.15
77.22
26.74
67.58
11.76
66.94
9.578
41.63
31.53
24.41
30.39
62.14
38.36
40.6
31.97
28.18
22.04
72.01
73.24
43.57
70.47
25.95
35.61
14.13
11.53
58.46
50.42
81.85
38.95
32.79
53.57
24.88
43.83
41.96
19.02
34.44
54.63
17.48
43.46
20.25
33.39
48.98
61.75
14.82
72.52
19.2
27.8
24.03
67.68
55.76
26.71
23.96
47.04
46.83
28.88
79.02
48.28
68.51
32.6
61.03
25.93
7.555e-06
21.0
60.73
78.04
74.7
5.837e-06
58.72
54.9
44.62
64.77
30.44
34.45
41.42
11.75
43.88
17.45
41.99
48.46
44.51
86.47
78.77
47.2
31.97
33.29
50.35
36.93
54.9
58.18
32.28
46.18
52.51
27.67
40.16
9.337
24.93
48.76
73.31
70.8
42.5
28.03
43.13
36.07
79.45
6.65
24.38
47.16
62.81
8.521
31.13
50.66
70.44
16.39
52.38
27.67
63.93
73.76
60.99
70.23
53.57
56.43
42.81
30.76
67.02
64.02
47.98
59.59
46.48
53.13
35.87
26.81
36.59
46.24
12.01
19.04
47.22
56.33
51.67
74.1
33.62
49.48
70.27
0.0
38.45
49.06
44.89
43.29
67.52
28.14
47.19
0.0
23.76
19.99
33.16
74.99
65.54
0.0
39.5
11.08
64.34
38.26
30.57
24.61
57.09
46.96
84.86
40.24
40.36
51.98
13.2
26.82
52.08
0.0
75.63
72.34
53.53
79.57
61.0
24.72
78.55
56.29
33.41
45.13
45.88
18.13
85.86
71.17
45.37
48.21
61.55
28.94
47.27
16.63
15.28
55.97
43.97
21.41
26.53
28.03
16.22
39.85
72.08
15.0
46.87
68.43
33.55
64.07
60.34
60.31
61.64
40.36
25.3
62.89
20.96
24.57
10.88
52.92
61.2
11.38
24.51
14.88
47.89
50.96
95.6
57.15
53.09
78.53
34.07
62.21
42.23
36.42
65.34
35.1
41.74
22.86
55.2
36.32
62.85
56.57
26.82
49.44
11.67
15.77
30.58
18.75
15.79
69.43
44.74
53.31
11.7
52.72
30.57
28.54
36.51
36.14
39.03
42.41
20.45
29.53
78.17
17.35
46.42
46.6
70.36
29.15
49.46
74.2
56.22
22.77
48.17
52.01
93.41
58.68
69.5
45.98
57.71
39.66
52.08
33.55
26.17
55.35
54.09
32.17
49.46
16.22
50.61
30.87
71.13
22.36
57.17
49.46
46.03
63.29
44.54
44.26
39.33
54.79
35.59
39.97
19.5
30.65
60.6
26.09
39.89
55.8
53.62
7.394
41.95
30.19
27.67
43.59
30.9
46.87
40.73
33.22
40.03
16.9
22.93
11.64
50.86
29.37
22.36
9.644
13.42
45.67
15.34
39.19
9.337
84.44
11.77
36.94
57.05
42.95
21.75
13.3
20.58
80.89
42.98
42.8
43.35
47.13
36.56
17.97
36.56
16.12
51.92
32.86
32.91
68.36
0.0
62.74
73.15
67.74
24.04
52.33
54.9
67.69
30.5
62.17
50.8
33.22
54.55
55.4
38.3
38.81
59.57
58.34
38.23
33.72
31.64
10.26
47.99
16.42
99.88
14.61
36.32
78.79
30.44
40.4
16.77
17.33
37.07
46.17
52.24
53.75
9.801
43.46
76.84
15.05
29.69
61.78
30.57
92.88
64.11
21.37
65.03
22.42
36.19
71.19
67.65
55.41
44.83
26.37
30.58
54.28
49.46
32.35
18.17
6.864
38.75
70.01
58.08
42.07
52.82
23.29
67.4
30.5
48.66
41.94
26.31
60.34
54.43
68.52
62.17
22.9
53.14
19.0
75.06
60.68
47.83
59.32
33.54
63.25
61.88
60.61
36.56
17.62
18.66
73.76
22.99
56.74
31.02
66.83
49.99
40.67
15.16
65.04
40.47
39.98
67.28
41.25
67.84
38.05
24.45
73.46
49.46
51.53
58.14
48.09
25.97
59.76
48.46
67.38
26.32
53.44
57.15
47.83
15.54
62.12
52.4
17.62
16.63
15.79
47.45
46.33
21.61
26.38
25.89
28.88
19.5
7.555e-06
50.84
77.09
20.3
74.07
49.46
41.86
27.08
24.57
32.56
15.7
58.81
20.23
47.26
48.29
31.9
10.81
71.2
58.3
32.56
12.32
32.06
27.8
36.92
14.09
67.5
22.12
11.67
20.79
54.74
35.95
46.14
38.47
18.25
31.02
59.73
24.53
66.77
44.91
13.87
58.58
43.84
69.85
60.37
49.83
49.27
31.52
59.42
36.93
70.07
29.62
37.28
19.51
33.57
71.5
65.8
65.9
74.95
32.39
87.72
71.13
22.0
38.89
16.63
17.62
38.3
63.49
13.03
18.29
27.04
50.08
46.43
59.2
26.06
32.02
59.31
13.05
39.25
31.02
10.81
41.42
68.91
49.24
45.67
50.9
4.605e-06
0.0
70.19
37.49
36.63
26.98
10.44
37.37
24.57
73.82
30.21
20.34
26.32
65.54
72.34
54.54
40.05
0.0
30.86
69.95
53.86
61.4
61.34
53.29
16.82
65.49
30.19
64.34
0.0
30.92
42.95
26.87
44.85
32.02
46.87
37.2
43.05
58.54
10.56
30.84
44.51
22.86
52.24
32.35
29.03
20.96
36.91
50.33
61.28
58.84
30.97
13.42
42.82
46.69
48.53
54.43
43.78
57.64
42.29
43.4
41.67
54.18
62.07
66.11
14.13
33.34
31.37
29.37
41.84
67.42
6.65
69.81
32.5
46.37
41.2
65.9
36.58
46.79
48.11
55.36
39.03
61.03
73.45
45.53
31.3
17.62
71.49
21.71
47.83
15.81
61.32
80.76
61.94
69.11
51.28
35.9
65.86
60.58
22.11
49.46
86.43
41.88
48.78
58.65
0.0
65.18
48.29
61.07
68.47
41.28
26.33
104.0
55.21
52.57
21.38
66.5
53.99
34.08
43.23
70.08
35.13
25.7
53.2
58.7
41.31
27.14
33.41
20.25
17.19
30.44
32.8
71.18
55.97
73.27
55.26
45.08
61.89
35.24
69.63
33.16
56.39
40.81
63.84
18.13
26.11
63.26
40.76
36.16
26.71
53.22
36.56
22.71
68.38
60.68
44.75
58.72
21.38
45.22
42.55
43.68
45.66
77.35
65.08
44.18
56.75
39.19
45.81
23.29
44.38
76.81
36.13
38.26
32.15
71.6
64.37
41.2
27.02
36.9
55.09
10.55
6.65
9.578
40.15
34.2
77.68
47.83
15.77
54.32
58.31
22.86
26.81
64.95
44.12
53.16
100.4
24.53
34.45
15.93
35.61
66.38
23.96
29.03
17.35
59.45
63.16
44.1
61.95
59.07
79.05
30.9
33.69
53.13
83.7
71.65
57.72
59.63
44.55
18.29
71.98
36.56
53.4
20.98
61.42
36.56
70.48
65.6
36.32
63.78
43.83
36.63
63.66
45.23
38.86
28.62
33.55
64.79
69.33
21.78
46.58
54.9
54.9
21.3
26.33
41.44
78.63
32.17
26.82
52.35
39.9
48.76
17.57
57.33
45.51
47.85
41.47
56.59
6.487
63.18
21.32
80.86
66.1
56.14
58.3
55.8
54.9
48.59
48.65
55.64
7.394
55.13
57.34
52.06
53.39
32.35
67.25
28.94
68.91
40.81
58.23
39.25
67.63
43.68
57.44
77.82
65.65
6.694
62.21
47.04
52.82
53.16
68.4
12.25
33.55
38.13
32.79
64.16
60.26
19.73
48.13
65.85
67.63
80.97
47.75
26.11
32.3
57.6
35.73
17.75
62.63
78.15
53.81
38.98
59.96
27.8
27.59
49.77
51.06
30.5
97.08
52.39
26.09
40.46
49.08
18.13
40.47
59.38
88.78
59.81
111.1
40.33
17.18
40.81
21.28
37.01
0.0
46.37
27.02
71.17
65.29
23.88
35.59
58.13
86.19
84.02
53.59
32.39
80.32
66.81
71.48
74.65
49.7
64.93
30.19
54.44
28.18
62.51
45.94
64.9
40.73
47.82
50.35
44.81
60.45
27.79
33.55
55.62
61.19
92.73
11.77
61.49
47.18
32.3
58.92
43.05
7.394
48.51
21.07
78.44
54.43
40.22
30.44
42.07
32.91
45.37
67.68
45.6
32.3
55.35
8.393
52.51
62.28
48.77
44.91
32.48
85.86
44.51
38.74
39.25
70.6
25.27
36.19
64.53
4.605e-06
34.2
14.09
90.88
54.79
52.48
33.55
69.04
52.56
16.12
56.82
41.92
36.56
61.16
74.57
23.88
84.23
63.68
20.17
42.23
17.62
32.48
96.16
55.48
62.76
45.45
24.98
36.63
39.25
50.71
33.55
0.0
47.06
60.8
77.97
69.34
57.49
22.42
37.02
34.72
67.1
61.31
58.82
52.99
47.99
53.95
46.69
85.13
48.65
42.82
41.2
97.84
17.48
27.14
58.15
55.02
62.1
13.3
40.6
53.53
59.31
34.02
23.19
67.18
41.21
72.83
36.07
27.2
35.59
49.46
70.15
51.06
43.72
53.14
65.5
68.76
61.88
42.3
31.91
57.34
56.72
67.88
39.25
15.81
31.8
38.05
57.52
68.43
57.45
25.27
52.56
65.74
57.17
75.8
