3.509
2.629
1.654
0.0
2.408
0.0
7.208
2.262
1.999
1.747
3.097
1.033
2.755
1.648
3.053
2.06
0.0
7.115
2.035
0.0
2.028
2.081
2.83
3.423
2.423
2.515
0.0
2.549
0.9749
1.729
1.623
0.0
2.413
3.265
2.004
2.048
2.56
2.807
2.365
2.219
2.592
2.93
3.247
2.602
2.613
2.314
3.114
2.562
2.663
2.167
2.167
3.145
2.982
3.292
2.365
2.73
2.314
3.664
3.133
2.008
4.482
1.992
1.923
3.062
3.062
2.839
3.532
2.586
6.186
2.087
1.85
5.441
2.534
2.557
3.002
3.344
2.282
3.059
2.715
2.962
1.774
2.606
2.001
4.07
2.914
2.676
2.697
3.824
2.853
3.037
2.906
2.087
3.189
7.154
5.775
7.386
1.985
3.309
3.11
1.956
1.969
3.405
1.37
2.76
1.871
2.501
1.655
2.188
2.57
2.117
2.01
2.334
3.569
3.166
2.662
1.945
2.737
3.914
5.567
2.912
6.507
2.631
2.631
6.183
4.106
2.166
3.012
3.84
2.365
5.385
2.67
4.5
2.044
1.61
3.851
1.616
5.541
3.233
1.368
2.351
4.62
6.788
1.935
5.758
3.658
2.112
3.528
3.313
3.468
2.394
2.436
3.896
1.414
2.353
4.503
5.498
3.212
3.047
0.0
4.118
4.589
5.294
3.321
1.693
2.08
2.952
4.843
4.51
4.09
5.173
2.58
2.622
4.331
2.624
2.891
4.68
4.542
3.972
3.747
4.396
1.035
2.09
3.17
2.8
3.151
2.249
2.61
3.69
4.986
1.856
2.066
3.97
2.485
1.902
3.195
2.533
1.849
2.87
1.764
2.001
9.229
8.203
8.797
2.612
3.337
4.469
5.547
1.888
3.219
4.677
5.665
2.852
2.636
5.267
5.921
4.137
2.807
3.836
4.319
6.1
4.308
6.207
3.16
4.491
6.177
3.486
3.023
10.25
5.315
6.506
2.402
5.341
5.042
3.301
3.077
4.45
6.362
3.837
6.369
3.593
1.529
4.151
3.793
4.961
2.956
4.362
2.02
2.266
2.687
5.457
4.65
4.87
3.865
4.874
2.754
3.079
3.158
2.434
4.666
4.815
3.353
5.154
5.448
3.97
4.201
3.784
1.819
3.615
2.665
3.714
1.969
3.238
2.344
3.586
4.621
4.636
5.639
5.071
3.044
6.027
2.963
2.93
3.987
5.275
4.508
3.931
3.258
1.754
2.773
3.149
1.733
3.134
3.538
5.027
5.521
5.149
3.263
5.271
3.008
2.802
2.404
3.064
2.529
4.026
4.199
3.76
3.369
2.779
4.25
4.432
3.824
3.297
4.871
3.402
3.632
5.634
1.628
3.607
3.817
3.246
6.578
3.448
4.055
5.525
2.749
3.828
5.5
5.896
4.138
3.564
4.093
3.963
5.359
5.401
5.391
4.027
5.549
3.977
2.541
3.337
4.81
3.234
4.29
5.195
5.122
4.654
5.098
4.875
3.154
5.281
5.304
5.536
4.599
5.056
4.943
3.726
3.2
3.435
2.819
4.848
4.936
4.709
5.284
3.252
4.31
6.384
5.384
2.898
2.695
5.806
3.963
5.202
4.998
3.345
3.637
7.651
3.659
4.522
3.277
4.875
5.61
2.583
2.583
4.386
3.33
2.859
5.933
5.191
5.788
4.013
7.094
3.261
3.049
3.499
6.566
5.486
2.651
3.676
2.953
3.739
4.976
4.689
1.735
3.475
4.484
6.067
4.416
2.126
5.565
4.829
6.072
3.175
3.633
1.987
3.371
3.841
3.774
4.936
4.022
3.421
3.974
3.894
3.837
5.327
4.312
3.273
4.558
5.401
3.548
2.983
4.895
3.843
5.066
3.735
3.8
4.884
3.388
4.437
4.83
4.264
4.486
2.764
4.719
2.981
3.286
3.205
4.384
4.196
4.119
3.975
3.316
6.681
3.899
5.059
3.595
5.884
4.206
3.559
3.835
3.854
5.463
4.614
5.976
4.595
6.342
7.552
3.256
5.733
4.781
4.132
3.884
4.23
3.889
5.702
2.814
4.56
3.934
3.178
6.604
3.477
4.272
4.338
3.339
5.588
2.672
3.149
5.932
4.907
5.838
5.392
5.294
5.303
4.873
4.597
1.905
3.638
2.023
3.44
0.0
2.193
2.663
0.0
1.559
2.76
1.795
2.676
2.71
2.081
1.657
3.157
2.081
3.01
1.769
1.602
2.272
2.662
2.423
2.96
2.76
2.76
2.262
2.262
2.76
2.76
3.947
2.875
2.642
0.0
1.338
2.017
1.888
3.917
2.934
2.24
4.145
0.0
2.476
1.956
1.908
3.241
7.187
0.0
3.453
4.793
2.597
2.425
3.463
0.7347
2.998
3.283
2.422
2.557
3.264
2.869
1.183
2.682
2.981
2.73
2.505
2.535
1.723
3.887
5.79
3.498
2.041
3.114
2.137
3.69
2.975
2.984
2.265
2.672
2.195
2.081
1.952
2.825
7.178
8.487
6.514
4.336
0.7357
2.376
2.698
3.868
2.376
4.144
2.033
2.088
2.626
2.533
5.169
3.606
1.949
3.093
2.087
4.14
0.0
7.154
6.724
4.869
1.86
3.255
3.79
5.665
4.568
4.568
5.328
2.817
3.68
2.027
2.697
2.023
4.15
2.522
1.821
1.622
2.838
3.253
4.413
2.959
2.828
6.839
2.189
2.484
2.995
2.671
2.474
5.395
4.613
4.781
6.989
5.7
2.687
3.844
2.274
3.69
4.453
6.349
3.195
2.819
3.17
2.292
4.523
2.779
2.303
2.247
2.914
2.297
1.546
3.231
2.98
3.102
2.645
3.771
3.737
2.003
3.143
2.631
2.705
2.417
1.569
2.735
5.747
3.852
3.306
2.633
3.587
7.816
1.319
2.96
2.421
3.17
3.321
2.959
2.91
2.412
6.672
4.706
4.514
3.134
4.483
3.116
4.284
2.854
2.726
5.114
2.631
5.434
2.125
4.278
3.349
3.719
1.94
5.148
5.444
3.435
3.59
4.77
4.906
4.751
4.137
3.116
4.815
2.819
2.612
3.033
2.611
3.689
4.803
3.293
4.349
3.914
5.913
2.027
4.558
5.111
3.639
2.76
5.308
3.298
3.687
3.694
6.565
4.867
5.393
5.172
5.218
3.211
1.829
2.028
3.598
3.01
2.94
5.52
3.307
2.117
4.872
5.369
5.857
6.109
1.4
4.84
4.996
7.017
4.249
4.733
2.711
3.209
1.436
2.087
3.031
7.544
3.194
5.621
3.369
4.878
5.442
5.245
3.475
3.737
4.004
3.132
3.963
5.673
3.222
4.679
4.566
5.025
2.793
3.059
2.327
2.399
5.751
3.73
4.14
3.575
2.598
4.022
2.783
2.012
3.96
5.246
4.892
4.023
5.746
4.612
6.139
4.745
2.003
3.657
4.411
4.784
3.344
2.615
3.25
4.479
3.193
5.07
3.042
1.756
8.07
4.396
2.77
2.328
2.957
3.644
3.324
3.691
3.925
4.416
4.485
3.019
4.67
6.487
3.442
1.791
4.425
3.611
6.206
4.343
3.079
4.863
5.871
5.926
3.577
3.413
4.018
4.716
3.982
5.219
2.724
4.679
2.955
2.756
1.406
2.168
3.599
3.764
3.753
4.557
1.971
2.817
4.59
3.686
3.722
6.134
1.126
7.503
4.621
6.757
4.62
3.1
4.518
3.024
4.314
3.098
2.998
2.909
4.43
5.161
4.422
2.896
7.376
4.299
7.865
4.505
5.15
2.852
8.759
4.939
4.097
5.066
3.483
2.996
4.287
5.972
2.281
3.51
5.54
3.06
3.836
3.27
3.731
4.737
3.136
5.076
3.847
3.901
3.662
3.195
5.089
3.916
2.128
3.874
5.451
3.031
3.964
3.081
2.626
2.751
3.998
4.235
5.74
7.258
2.503
5.318
5.928
3.081
4.553
4.37
5.502
5.541
5.655
4.477
6.138
2.745
4.779
3.515
6.769
4.728
5.525
3.242
5.178
3.221
4.665
2.931
5.037
2.621
5.359
6.846
5.143
2.911
5.139
4.702
4.673
2.637
4.893
5.977
5.967
2.55
6.707
6.231
5.253
5.339
4.014
2.319
6.605
4.146
4.222
3.834
5.475
5.025
4.978
3.246
4.344
4.559
2.733
3.682
4.928
4.275
3.802
3.544
4.847
4.062
1.74
4.168
3.475
3.688
3.476
2.621
4.367
3.33
6.364
2.147
2.525
5.013
4.098
1.904
5.956
3.565
4.39
3.754
6.029
3.642
3.915
3.075
2.952
4.835
5.204
3.998
3.203
3.535
4.458
2.678
3.647
4.944
5.365
5.096
4.497
5.098
1.355
3.059
3.27
3.453
2.071
4.162
1.924
3.611
2.245
2.32
1.459
1.697
3.806
2.741
2.391
3.494
4.584
2.587
2.208
2.045
2.495
2.389
2.063
3.579
1.439
2.29
1.707
1.456
2.71
2.292
3.473
1.808
3.152
2.876
3.223
2.434
2.251
2.894
1.47
2.411
2.233
2.869
3.125
2.137
2.734
2.469
2.009
2.524
1.445
2.217
3.022
2.257
2.346
1.597
1.361
2.144
1.521
1.316
1.293
2.126
2.962
3.415
1.989
2.05
2.607
3.436
3.807
2.512
3.451
2.986
1.403
1.433
3.136
3.142
2.121
2.631
2.837
2.533
2.503
3.433
2.389
2.879
1.326
1.61
3.85
2.188
3.492
3.214
3.214
2.388
2.537
2.578
3.317
2.356
1.656
2.504
1.87
1.536
2.988
2.462
4.073
2.697
2.913
1.712
1.795
2.34
1.754
1.014
3.143
3.353
2.78
2.252
1.467
3.773
2.936
2.444
3.137
1.485
3.651
1.707
3.421
3.725
3.949
2.315
3.1
2.751
3.374
2.421
3.064
0.8338
1.949
2.185
3.974
1.939
1.897
1.756
2.005
0.8507
3.714
3.018
3.509
3.006
3.004
6.029
2.687
1.449
2.138
4.361
1.404
2.88
1.994
4.23
2.696
2.662
2.683
2.533
2.518
1.863
4.069
0.0
2.614
1.69
1.93
1.38
1.327
2.041
3.648
1.973
2.939
4.34
0.0
1.719
2.158
2.052
1.95
2.965
3.449
1.04
3.086
2.396
2.475
3.37
2.468
4.339
1.41
3.687
3.994
2.481
3.992
2.844
3.369
3.68
3.963
1.258
2.014
2.416
2.451
2.795
2.85
2.891
0.9941
2.645
1.706
2.049
2.413
4.566
2.558
2.32
3.232
3.607
1.787
3.141
2.249
2.289
1.896
2.496
2.306
2.006
2.675
4.688
3.171
2.976
2.566
3.199
4.58
1.089
2.689
2.988
2.948
3.446
1.309
1.898
3.035
2.148
1.481
2.034
3.018
2.065
3.133
5.641
6.257
3.335
3.56
2.21
3.221
2.148
4.397
1.352
1.753
1.87
3.465
1.434
4.757
1.35
0.9212
3.878
1.998
4.678
2.002
2.315
2.311
2.501
1.75
7.493
1.602
3.163
1.408
1.227
3.636
2.135
3.325
2.728
3.789
3.315
3.068
3.621
1.9
3.12
2.428
2.596
2.527
2.426
3.09
1.996
1.252
2.21
2.128
1.391
1.976
3.448
1.948
3.342
2.777
2.394
3.659
1.769
3.967
1.735
1.267
4.207
3.013
2.789
1.667
1.747
3.431
2.742
3.092
1.402
4.15
1.258
1.511
2.275
3.0
2.097
3.359
3.036
1.697
3.667
3.187
2.345
1.565
1.232
2.854
2.635
1.327
2.9
3.508
2.505
1.333
1.613
2.486
2.717
2.045
8.559e-08
3.446
2.803
2.725
2.886
4.766
2.107
1.115
2.036
1.951
2.632
4.263
3.189
2.983
2.507
3.106
2.508
2.135
5.747
1.189
4.217
1.613
1.897
1.92
2.407
1.509
1.717
2.842
1.653
2.028
3.382
2.943
1.945
2.746
1.353
2.418
3.746
0.7986
1.148
3.317
1.873
2.713
1.408
1.776
2.477
2.044
3.44
3.804
2.908
4.826
1.529
2.443
3.3
1.486
1.992
2.154
2.41
2.234
1.403
2.034
2.625
1.336
1.635
2.44
2.55
1.467
1.698
2.734
2.133
1.467
1.576
2.84
1.324
1.761
1.442
2.687
1.811
2.804
1.71
2.006
3.761
3.881
2.096
2.98
0.8772
1.844
2.23
0.8197
2.479
4.55
1.211
3.542
2.144
1.999
3.351
1.834
0.6697
5.142
2.497
4.537
1.533
3.226
2.117
2.022
1.739
1.095
2.773
1.786
2.04
2.486
5.081
12.77
1.839
2.915
3.648
1.898
1.029
1.205
1.699
4.099
1.357
3.843
2.459
2.412
1.189
1.456
3.131
2.557
2.508
2.804
2.296
1.147
3.463
1.254
2.792
2.3
1.28
2.981
3.111
1.53
2.049
3.533
4.267
1.848
3.9
1.624
2.88
2.272
3.148
2.401
3.043
3.75
2.675
1.765
2.126
2.47
1.177
0.6613
2.347
1.445
3.213
1.915
3.421
1.861
2.766
4.922
2.657
1.127
2.251
3.357
1.034
2.573
2.805
2.572
2.528
2.392
1.378
2.209
2.086
1.301
2.877
5.275
3.435
1.858
2.052
2.897
2.227
2.677
2.542
3.682
1.787
0.0
1.809
1.537
1.408
1.872
2.773
1.269
1.741
2.66
2.447
3.524
2.754
3.687
1.612
0.0
3.151
1.259
4.133
2.341
1.637
2.81
1.782
3.092
1.33
6.133
2.29
1.497
2.132
3.723
3.645
2.318
1.402
3.782
1.22
1.897
3.188
2.358
2.371
1.72
1.363
3.285
2.877
1.918
2.178
3.198
3.494
1.455
2.313
2.319
2.358
1.736
3.457
2.113
0.0
4.128
2.514
2.572
4.048
1.423e-07
4.026
2.803
2.192
0.955
2.843
2.869
2.237
3.178
2.37
7.494
1.822
2.793
1.916
4.778
1.655
2.372
2.95
1.514
4.291
2.659
3.646
2.258
1.725
2.33
2.27
0.0
3.193
1.894
2.238
1.538
1.183
0.8252
4.036
3.318
2.959
3.545
2.219
2.488
3.603
2.927
2.346
2.418
4.098
2.53
2.629
3.11
2.571
3.603
2.465
6.684
1.807
3.246
1.543
3.833
3.793
2.313
2.223
4.116
1.948
2.133
2.085
2.692
1.78
2.669
3.291
3.526
1.656
2.894
4.161
2.349
2.608
2.914
1.207
3.409
2.895
1.62
2.353
2.08
2.712
2.921
3.346
3.686
1.492
1.809
3.147
2.411
1.867
3.608
2.113
2.185
4.436
3.937
1.452
3.698
2.92
1.64
4.069
1.135
2.075
1.351
1.727
1.721
3.217
2.444
3.316
1.933
2.79
2.67
1.832
4.05
3.47
3.224
2.175
2.211
3.609
2.833
4.522
3.004
3.626
1.984
1.527
2.251
1.445
3.024
1.504
4.654
2.352
0.0
2.357
4.558
3.06
2.386
1.75
3.438
3.058
4.021
2.477
2.819
1.048
4.048
2.714
3.156
2.794
1.916
1.573
0.9631
4.737
3.245
2.428
0.0
2.378
2.112
1.34
2.313
3.564
1.984
2.445
2.161
2.559
2.205
2.578
2.254
4.782
2.336
2.131
1.762
2.055
2.81
2.212
2.803
2.531
2.756
2.496
2.187
3.045
2.387
4.381
3.044
2.772
2.461
1.179
2.771
2.954
3.316
2.504
2.032
2.411
3.834
1.595
2.127
2.524
2.127
2.327
3.112
2.369
2.056
5.186
3.556
1.705
2.495
1.826
2.123
1.967
2.785
3.08
0.9417
1.268
3.125
2.118
2.176
3.508
2.652
1.719
2.448
3.781
0.8457
4.552
2.242
2.167
2.475
2.324
1.792
3.581
3.705
2.688
3.048
2.174
2.115
3.015
2.209
2.617
3.518
1.305
2.166
2.451
1.098
2.44
3.249
2.946
2.772
2.931
1.565
3.843
1.798
2.003
2.697
1.372
3.07
1.535
2.129
1.02
2.023
2.752
2.967
4.068
1.505
2.076
4.91
1.901
2.742
2.237
2.468
2.108
0.8693
3.643
2.395
4.719
2.724
2.875
2.27
2.271
2.115
3.785
3.745
4.123
2.117
3.405
2.477
2.736
2.955
0.9898
3.734
1.651
1.921
2.494
2.611
2.511
1.581
2.478
2.18
2.989
2.281
1.315
2.856
1.559
2.971
4.6
2.821
2.887
0.0
2.746
1.359
3.03
3.504
1.174
4.173
3.01
2.12
2.175
3.394
1.88
4.05
3.099
3.133
1.686
2.847
2.177
1.981
1.264
4.629
2.369
3.025
2.301
2.039
1.912
2.007
2.821
1.676
3.171
2.919
1.443
2.344
2.41
1.927
0.9212
3.595
2.6
1.93
4.425
4.747
2.241
1.856
2.324
2.321
2.333
2.572
4.676
3.29
1.658
2.946
3.194
1.011
4.346
1.828
2.63
2.646
3.8
2.12
3.131
0.6423
3.348
2.906
3.618
3.569
3.112
6.993
2.986
2.268
2.014
2.909
1.829
1.37
3.361
3.777
3.417
2.376
2.884
3.805
3.318
1.721
1.618
2.223
2.224
1.868
2.596
2.911
1.436
1.713
1.278
4.404
3.169
1.832
3.19
3.477
6.441
1.407
1.547
2.501
1.878
2.085
4.06
2.95
2.694
4.493
3.497
3.195
2.652
1.562
3.946
2.692
2.909
2.926
2.626
2.196
2.201
2.978
1.872
1.467
5.071
4.492
5.747
2.871
2.1
0.0
3.078
0.0
3.636
3.027
0.0
4.066
1.808
0.0
3.843
2.18
1.359
4.998
2.364
2.935
2.996
2.444
0.5
2.323
0.848
3.829
3.474
2.12
3.003
3.371
0.0
4.406
4.471
2.127
1.228
8.667
1.681
1.432
4.015
2.386
4.316
12.79
2.391
5.33
5.047
4.14
5.478
5.405
2.123
2.935
2.736
4.482
0.0
3.76
1.388
6.236
1.87
5.568
1.196
2.698
2.373
9.374
3.501
3.272
0.5893
2.18
1.702
1.614
3.356
2.219
4.989
7.973
1.732
2.152
4.73
3.387
3.066
1.213
3.849
3.514
3.273
4.469
2.855
4.978
3.68
0.0
2.07
0.5
1.822
4.932
3.187
1.525
3.83
2.794
0.9555
2.378
2.388
0.9242
2.269
0.0
2.16
5.91
5.222
1.454
2.232
2.919
5.51
3.215
2.265
2.185
2.073
2.616
3.548
2.972
1.623
1.596
3.354
5.596
2.572
3.298
2.123
1.235
8.308
4.643
1.354
2.976
2.467
2.827
9.001
0.0
2.268
5.545
7.25
9.645
3.685
0.0
1.452
1.553
5.298
2.866
3.286
2.29
3.118
4.368
3.387
2.034
5.839
3.873
1.891
7.44
5.619
2.521
3.557
9.254
0.8292
1.471
2.266
2.048
3.365
3.027
1.148
1.95
3.138
9.52
3.769
3.667
1.568
4.736
4.16
0.0
5.696
9.541
0.4883
4.418
6.212
1.793
2.635
1.741
3.136
6.151
4.933
1.908
5.243
2.924
0.0
1.957
0.0
0.9292
4.514
3.323
1.247
2.982
3.058
nan
4.511
1.932
0.0
4.39
9.712
5.35
5.929
9.074
0.4292
2.464
4.966
0.9903
2.678
3.874
1.051
3.301
2.069
0.0
2.047
3.708
2.372
4.457
3.008
2.605
6.009
4.482
1.72
3.557
4.73
3.213
3.852
4.415
9.52
5.436
2.906
1.076
4.471
3.712
4.85
2.069
1.351
0.0
4.499
3.602
1.695
3.707
9.633
0.4292
3.077
1.656
3.331
3.633
3.788
1.712
3.814
3.849
2.347
3.722
5.783
1.6
3.298
2.46
0.9095
2.258
2.475
3.225
4.471
2.505
0.7521
3.586
9.482
2.023
3.3
0.0
5.854
2.823
8.834
1.335
2.25
3.702
3.318
5.256
1.577
0.0
5.203
2.086
1.336
3.514
2.527
9.52
5.91
1.816
0.0
5.306
3.094
0.0
0.0
1.656
4.502
2.173
2.486
1.351
2.986
2.482
0.9285
3.86
2.265
2.569
6.39
5.323
1.476
0.7547
1.557
1.452
3.094
4.597
2.35
3.311
2.679
1.218
8.771
10.93
3.659
3.527
0.0
1.567
2.27
8.834
0.8861
1.95
5.161
4.037
2.883
2.154
2.181
3.605
10.93
2.658
3.449
1.917
3.016
2.227
2.964
5.545
1.256
2.023
3.908
3.204
6.236
2.165
2.63
1.924
4.21
2.395
0.0
1.95
2.249
1.302
1.796
6.413
0.0
2.741
2.417
1.966
9.443
1.723
0.0
4.07
2.606
8.218
2.489
3.583
6.236
2.178
2.782
3.003
2.209
nan
1.85
2.117
1.351
0.8791
1.669
4.435
1.558
4.842
2.193
1.495
4.197
2.154
2.669
2.473
2.361
1.196
4.72
3.198
0.0
1.924
3.474
2.093
5.493
3.686
1.793
1.558
2.201
0.0
3.678
3.424
3.123
2.416
6.762
3.445
1.95
1.351
1.484
4.39
2.656
0.0
14.46
3.094
1.793
2.946
2.772
1.873
2.064
nan
2.114
3.338
2.041
0.9285
5.828
2.487
1.012
3.369
1.867
0.0
2.092
3.037
1.39
2.883
3.156
0.0
2.857
2.163
1.452
8.235
4.558
3.659
3.673
1.751
5.003
4.395
1.626
4.031
3.032
1.402
2.104
0.4337
1.395
0.5354
1.388
0.957
1.256
1.364
1.75
1.673
0.6525
0.5267
0.7911
1.672
1.013
1.568
1.834
0.5024
1.038
1.864
0.9709
0.695
3.481e-08
1.591
1.021
1.754
0.7023
0.9671
0.5602
0.5194
0.9322
1.783
0.8837
1.125
2.546
0.8837
1.837
0.8118
0.9554
1.715
0.9486
0.6005
1.867
1.298
1.18
1.045
1.006
0.7074
1.236
0.6911
0.4117
0.3836
1.205
1.032
0.939
0.8809
0.786
1.099
1.232
1.471
0.651
1.44
1.429
0.9685
1.033
1.297
1.599
2.65
0.6228
1.108
1.606
1.421
0.9881
0.5552
1.016
0.3893
1.357
1.624
1.114
1.01
0.3936
1.305
0.7501
1.173
1.607
0.743
0.6707
0.8977
1.687
0.7402
1.331
0.6896
0.655
1.216
0.7869
0.9632
1.415
0.734
1.099
2.171
0.9432
1.393
0.752
1.994
1.009
1.89
1.328
1.367
1.633
1.632
0.8895
0.7491
1.197
1.249
1.628
1.257
1.53
1.011
1.517
0.8929
0.8461
0.942
1.707
1.03
1.726
1.343
1.031
0.945
0.8155
1.665
0.7304
1.177
1.371
1.153
0.6461
1.256
0.8344
1.398
0.431
1.623
1.374
0.8794
1.219
0.7614
1.166
0.7547
0.7133
1.485
0.7364
1.504
2.403
0.7672
1.696
1.067
4.882
0.6644
1.051
0.8465
0.9339
1.577
0.4921
1.218
1.364
0.333
1.052
0.4664
1.018
1.328
0.496
1.164
0.7245
1.114
0.7999
1.768
0.65
0.9959
1.011
1.297
1.067
0.6519
0.7245
1.285
1.695
1.563
0.4858
0.6553
0.7797
0.9896
1.138
0.9561
1.067
1.171
1.596
1.401
2.767
0.4609
1.624
1.706
0.9821
1.179
1.738
2.032
0.6724
1.914
1.421
1.211
0.4894
0.9551
0.964
1.67
0.6485
0.9802
2.076
9.732e-08
0.6443
0.8426
2.177
1.998
1.094
1.366
1.202
1.436
0.68
0.8355
1.081
0.4532
1.382
0.7902
1.303
1.845
1.466
0.6529
1.253
2.137
1.511
1.343
1.465
0.7809
0.8002
0.9002
1.446
0.9048
1.242
1.645
2.285
1.2
0.6038
1.916
0.8123
0.8041
1.004
1.587
0.5343
1.93
1.863
0.6795
1.381
1.06
2.768
1.217
1.33
1.173
1.527
0.8183
0.7083
2.003
1.966
0.3759
1.008
1.537
1.176
1.347
1.654
1.461
0.8383
1.118
1.033
1.02
0.9816
1.067
1.469
1.163
0.9814
1.243
0.7059
0.7649
1.07
4.412
0.702
1.145
1.371
0.549
1.78
0.6116
1.356
0.8216
1.547
0.7097
1.905
0.7898
1.22
0.9581
2.325
0.4112
0.6803
1.258
1.402
1.032
1.447
2.41
1.067
0.818
1.099
0.4854
0.2881
1.179
1.057
1.579
0.5568
1.149
0.7058
0.9231
0.6581
0.9369
1.293
1.211
0.7121
1.369
1.387
1.382
1.69
0.8631
0.6609
1.022
1.108
1.187
0.7371
0.5006
1.09
0.8326
1.196
1.18
0.5645
0.8568
1.119
1.464
1.248
1.273
2.148
1.178
0.9422
0.5154
1.18
0.6493
1.35
1.568
0.7554
0.8177
0.9299
2.283
1.084
0.8577
0.9148
0.9883
0.8453
1.252
0.6509
3.65
1.423
0.9374
0.6616
1.202
0.8153
1.2
0.6901
1.099
0.545
0.7042
1.041
1.479
1.076
0.9931
1.312
0.8211
0.8836
1.691
0.7454
2.992
5.007
0.8576
1.027
2.153
0.3551
0.7753
1.073
0.76
0.5398
1.452
1.245
1.182
1.393
0.7231
1.55
1.774
1.032
1.188
1.218
2.252
2.148
1.42
0.7651
1.042
0.5975
0.895
1.901
1.533
1.276
1.073
0.9371
1.471
0.9354
1.042
2.062
1.639
0.6687
1.299
1.002
0.8744
0.9011
1.08
2.647
1.31
2.06
1.434
0.7436
1.277
0.9291
1.095
1.847
0.4105
2.545
1.737
0.7083
1.456
1.524
0.7289
0.8645
1.088
2.685
1.52
0.6209
1.129
0.856
2.693
1.43
1.905
0.8412
0.8897
0.6774
0.865
1.143
0.8958
0.7125
0.9863
0.9294
1.288
0.933
0.4956
1.542
1.025
1.525
0.9247
0.8082
0.8714
1.522
1.633
1.466
0.571
0.9178
1.169
1.18
0.8943
1.473
0.4526
1.519
0.5884
1.071
1.719
0.5849
1.501
1.235
1.694
1.313
0.7185
1.676
1.862
1.306
1.039
0.5131
1.915
1.761
0.8563
1.779
1.279
1.131
1.073
1.156
0.6646
0.6424
0.7178
0.288
0.9951
0.8619
2.585
0.6016
1.148
1.959
0.8087
1.358
1.325
0.6802
0.8486
1.029
0.4407
0.9366
1.737
1.545
1.262
0.6726
0.7979
0.9751
1.504
0.8172
1.016
0.5936
0.6214
0.8015
0.382
1.017
1.361
1.341
0.8265
0.9124
0.8547
0.8025
0.8127
2.803
1.207
0.8564
0.7228
0.5662
0.4033
1.89
0.8303
1.911
1.882
2.491
0.4924
0.8303
1.392
0.8844
0.927
1.418
0.5846
1.341
0.6467
0.6001
0.5103
1.801
3.006
0.9184
0.6796
1.679
1.116
0.6147
0.9398
0.6916
1.208
0.7122
0.5094
0.9479
1.295
0.7636
1.869
0.5757
0.8939
1.939
1.836
0.797
2.281
1.294
1.804
0.9476
0.8351
1.857
0.7576
0.8626
0.9905
1.766
1.285
1.48
0.6718
0.6155
0.9537
1.167
0.9959
0.6565
0.5106
0.2264
1.842
0.8099
2.302
1.824
0.9073
0.7555
0.5831
0.6194
0.7912
0.6915
0.9477
1.995
1.268
0.4491
1.082
2.464
1.363
0.5732
1.335
0.7942
0.9546
1.365
1.016
0.9428
1.569
0.981
0.5767
1.997
1.469
0.9792
1.061
2.026
1.854
0.5039
0.9627
1.523
0.8549
1.156
3.249
1.038
0.6732
1.061
1.22
0.5257
0.6996
2.318
1.303
0.4119
1.227
1.043
0.5978
0.996
0.7303
1.664
0.8825
0.8111
0.6272
0.2004
0.7324
0.7377
1.33
0.8007
1.168
0.896
1.227
0.8453
2.636
0.5568
1.906
0.8846
0.5053
1.636
0.3156
1.156
0.6862
0.7046
1.381
1.559
1.13
0.6992
2.943
1.901
0.5269
0.9148
1.7
0.8395
1.087
1.121
0.7216
0.6676
0.9955
1.608
0.6725
1.557
1.097
0.7162
0.6068
0.504
1.441
0.8451
1.455
0.493
1.967
0.7782
0.8156
1.023
1.744
1.23
1.547
1.831
1.378
1.66
0.9764
1.133
1.146
1.305
1.091
2.04
1.869
0.8059
0.6343
0.4812
1.777
1.269
1.234
0.9022
1.13
1.348
0.5317
0.9404
1.755
0.7989
1.836
1.531
1.301
5.615
0.8665
0.9697
0.879
0.8088
1.569
1.237
1.695
0.76
0.7687
1.446
1.827
1.719
0.8112
1.559
1.29
0.6753
1.074
0.3975
1.505
0.8731
0.4496
1.43
1.151
1.49
1.032
0.2658
0.5106
1.819
1.59
1.086
1.181
0.6465
2.189
0.5813
0.0
1.032
0.9458
0.4292
0.5502
0.5762
0.9003
1.857
1.348
0.5824
1.579
0.4702
2.306
0.7905
0.7659
0.7187
1.229
0.6697
0.9958
1.1
0.6018
0.4323
1.597
0.7258
0.7408
0.9059
2.46
1.248
1.718
0.5728
3.828
1.905
0.8129
0.9391
1.867
0.7848
0.7423
0.3779
0.9721
1.489
0.8362
0.8217
1.143
1.665
0.7
0.6956
1.066
1.271
1.028
1.087
1.233
0.8921
1.219
1.461
1.092
1.009
2.105
1.137
1.159
1.84
1.415
1.703
1.502
1.135
1.181
1.605
1.438
0.7076
1.681
0.912
0.5759
1.809
1.196
1.455
2.228
1.606
0.265
0.5846
0.6906
1.076
0.5263
0.8109
1.117
0.5343
0.5057
0.968
0.5124
0.6937
1.088
0.8881
0.8578
1.329
1.746
0.7037
1.292
1.208
0.8068
0.7221
0.5759
1.302
0.7672
0.7662
1.229
0.6353
0.9334
1.393
0.8599
0.4814
1.54
2.655
1.054
1.157
0.4787
2.054
0.8082
1.046
1.728
1.14
1.476
0.707
1.525
0.8082
1.647
1.071
1.247
0.5958
0.9055
0.7023
0.6569
1.245
2.228
1.539
1.864
1.218
0.829
1.182
1.033
1.136
1.201
1.501
0.3966
1.616
1.105
1.034
0.8434
0.5569
1.67
1.012
1.063
0.8681
1.116
0.913
2.732
1.879
1.055
1.059
1.938
2.519
1.05
1.391
0.6795
0.7603
0.5925
1.939
0.3733
1.341
1.096
1.291
1.421
1.558
1.203
1.482
0.5878
0.5861
0.546
1.034
0.9774
1.623
0.3115
1.889
1.202
1.49
1.068
1.399
1.427
1.573
0.4226
1.206
0.9825
0.8278
1.235
2.269
0.8751
1.223
0.5132
1.361e-07
0.4608
0.9297
1.063
3.013
0.4248
0.6614
0.6212
0.5742
2.034
1.041
1.382
0.5051
1.011
0.7799
0.6496
0.7636
1.643
1.727
0.41
0.7022
1.921
1.367
1.125
1.404
2.75
1.247
2.768
3.701
2.58
0.6644
0.6818
0.9438
1.178
1.049
0.6857
1.344
3.795
0.8547
0.6922
1.774
0.9404
0.2459
1.365
0.7183
0.7728
2.393
0.9203
0.6369
1.329
0.9379
2.555
1.723
1.398
0.5763
1.208
1.639
0.7001
1.828
3.689
1.063
4.604
0.9698
0.6977
4.096
0.9636
0.8417
0.6648
1.527
1.265
2.648
3.932
0.5449
0.9449
2.901
2.499
1.531
1.476
0.9763
2.521
0.5581
0.9788
1.471
1.877
2.249
1.633
0.7324
1.739
1.446
1.228
0.9788
1.993
2.168
1.035
4.545
0.893
4.119
0.7887
1.697
1.033
2.953
1.018
1.302
1.551
1.199
1.144
2.41
0.7527
1.228
1.63
1.264
0.4464
2.226
0.5707
1.439
1.226
1.595
0.5893
1.682
0.5115
1.031
2.625
0.641
1.394
2.345
0.8915
1.026
1.762
5.16
1.614
0.8225
1.469
0.844
2.026
1.912
0.427
0.4951
0.7701
0.6192
0.5188
0.6267
2.163
1.365
0.7405
1.355
1.363
2.288
0.4912
7.708
1.583
2.087
1.027
2.064
0.805
0.9525
1.351
1.074
1.14
1.108
0.6168
0.7716
0.5177
1.068
0.8199
2.409
0.5502
0.634
4.447
0.9886
2.012
0.6845
2.56
2.623
0.5791
0.3712
1.143
0.8008
1.466
3.35
1.571
0.2759
0.9633
1.248
0.4681
3.593
1.954
0.7776
1.261
1.87
3.32
3.215
1.153
0.5411
1.45
0.7504
0.6415
0.7406
1.278
0.5128
2.435
1.781
0.5005
1.459
0.5938
0.527
2.421
1.566
0.4892
1.5
2.595
0.9772
1.388
0.9698
3.072
2.265
0.7062
0.3645
2.42
0.5416
0.8838
7.084
1.505
0.4807
1.566
0.7771
0.7861
2.246
0.9607
0.592
0.9458
1.329
0.844
2.769
0.8154
0.5914
2.746
0.635
1.652
1.655
1.455
1.669
1.161
1.126
0.6039
1.592
0.5253
0.8017
4.776
0.9153
0.3115
0.9901
1.986
0.379
4.23
1.235
0.3179
0.9577
0.6891
0.4783
2.178
0.9746
0.668
0.9861
1.733
1.812
2.084
1.411
1.429
0.7903
0.5358
0.2906
1.905
4.18
1.513
1.198
1.445
1.345
0.9714
0.4308
1.424
1.817
1.537
3.874
0.785
2.617
1.824
0.8334
0.8527
0.6106
1.236
2.26
2.993
0.9717
3.66
0.5187
2.01
0.8097
3.568
0.6257
0.9795
2.174
3.082
1.732
2.933
0.6949
1.451
2.479
3.968
0.6435
0.9614
0.9357
0.882
0.3932
1.738
13.21
0.6873
0.7878
1.539
0.7087
1.536
1.881
1.332
2.102
2.815
5.324
2.197
0.7383
1.648
2.083
1.607
1.769
1.414
3.115
1.961
2.756
2.346
2.256
1.859
2.236
2.648
1.548
2.122
2.501
0.938
2.026
1.835
2.723
2.728
1.783
2.539
2.689
2.064
1.653
1.8
2.015
1.892
1.569
2.286
2.689
1.432
2.086
2.422
2.103
1.769
1.871
1.742
2.036
2.228
4.318
2.767
1.467
2.09
1.128e-07
3.804
0.7208
2.227
2.434
2.292
1.258
3.063
2.2
1.306
3.687
3.158
2.212
4.539
4.036
2.466
3.833
3.035
3.238
2.322
1.809
1.719
1.532
1.698
2.742
1.431
2.645
2.241
1.498
1.713
2.665
1.103
2.675
4.01
1.163
1.51
3.209
3.144
2.11
2.568
2.18
3.232
1.532
2.165
1.767
2.207
2.0
1.32
1.402
2.463
2.749
1.788
2.189
1.496
1.517
2.609
2.109
2.288
1.858
1.818
2.233
1.359
0.8565
1.471
3.099
1.269
1.708
2.193
2.304
1.38
2.498
0.2793
3.643
2.158
2.661
2.551
1.616
1.439
1.381
1.461
2.469
1.702
2.416
1.642
0.9272
1.709
4.048
2.247
3.635
1.42
1.586
3.124
2.933
2.484
1.133
2.921
1.632
0.8
2.171
2.352
4.286
2.0
1.472
2.259
3.148
3.198
2.19
2.281
1.913
3.623
3.027
3.639
2.544
2.582
2.032
1.156
2.581
2.576
5.998
2.221
3.211
2.714
1.693
1.735
1.895
2.087
1.658
2.692
2.203
2.118
1.731
1.744
2.623
0.8589
1.029
2.451
2.544
1.019
1.646
1.442
1.814
2.831
1.475
1.882
1.911
2.583
1.37
2.29
2.019
0.08117
4.016
1.017
1.139
4.347
2.088
1.81
4.252
2.091
2.874
2.135
2.343
0.8686
1.978
2.473
1.698
1.425
1.224
1.254
1.985
2.451
2.06
2.929
1.891
0.0
2.993
2.098
1.139
1.152
1.873
2.506
1.542
3.951
3.277
2.375
3.057
2.081
1.955
1.792
3.608
2.208
3.086
2.713
2.443
1.633
1.355
2.045
0.0
2.215
2.448
1.025
1.691
1.97
2.598
2.139
2.28
1.479
3.175
2.572
1.346
1.365
2.538
2.791
1.516
1.422
2.037
2.736
2.008
2.947
3.124
2.121
1.812
1.761
4.047
1.943
1.952
2.237
1.431
1.935
1.688
3.133
1.974
3.029
1.901
2.072
2.577
1.954
1.39
2.473
1.539
1.647
2.252
3.352
3.265
1.818
1.017
1.048
2.024
1.435
1.774
1.471
1.755
3.807
3.697
1.594
3.31
3.079
1.698
1.438
1.918
3.181
1.803
1.891
0.0
3.525
2.131
1.321
3.248
2.399
2.546
1.882
1.535
1.322
2.986
2.179
3.238
1.224
2.923
2.12
3.328
2.136
2.11
2.056
2.16
2.368
1.519
2.655
1.99
1.913
2.801
4.986
3.094
3.968
5.851
3.655
2.481
0.6123
2.028
2.033
1.916
1.41
2.38
2.001
2.27
1.293
2.895
1.397
1.98
1.358
1.278
1.757
2.115
1.974
1.147
1.599
2.388
2.4
2.104
1.515
2.614
3.328
1.048
1.945
3.244
1.601
2.574
2.716
2.843
2.51
1.93
2.085
1.496
2.101
1.636
1.67
1.198
0.941
1.251
2.459
4.699
1.231
2.113
0.9705
2.697
2.338
2.249
2.561
2.298
1.912
1.472
2.04
1.643
0.0
2.397
1.317
2.977
1.516
2.303
1.435
1.508
2.3
2.079
2.062
2.124
1.962
1.91
1.18
3.029
0.9344
2.87
2.212
0.5921
1.411
1.733
1.775
3.048
1.627
2.543
2.412
1.669
2.446
1.165e-07
1.702
1.481
2.078
2.584
2.956
1.374
2.702
3.277
1.387
2.052
2.594
2.436
1.769
3.441
2.262
1.736
2.33
2.525
2.513
1.948
1.782
2.108
4.204
2.372
3.491
1.388
0.7995
2.95
3.054
1.143
1.438
1.924
2.983
2.709
3.214
2.164
2.119
2.023
1.938
4.31
2.0
2.154
1.428
1.622
1.778
1.31
6.758
2.256
2.273
2.394
1.029
2.571
1.314
0.7673
2.417
1.29
1.204
4.479
1.772
1.854
2.446
2.478
1.54
2.115
1.713
2.552
1.581
3.111
2.697
1.702
2.252
2.935
2.167
2.92
0.0
1.564
1.349
1.743
1.91
1.796
1.12
1.994
3.713
1.747
3.65
0.9838
1.387
2.314
2.888
2.039
1.968
1.463
2.214
2.363
2.424
2.476
1.421
2.537
2.375
1.994
2.241
1.568
2.016
2.154
2.757
1.257
1.252
2.218
2.434
3.061
2.843
2.834
1.933
3.234
4.134
1.206
1.692
5.585e-08
2.203
2.675
2.712
2.067
1.361
2.478
1.309
1.118
4.035
1.689
3.11
2.204
1.205
2.462
2.263
2.585
1.851
2.664
2.815
1.463
1.387
3.079
1.741
2.147
2.879
2.18
1.355
2.502
1.47
1.974
1.609
1.775
2.135
0.0
1.972
4.25
2.575
3.148
2.376
1.048
2.233
2.617
2.356
2.82
1.242
3.714
2.799
3.38
2.247
2.279
2.506
2.009
1.345
1.864
0.0
1.327
1.951
1.535
1.917
1.081
1.974
2.023
2.677
1.408
1.168
1.713
3.127
2.92
1.289
2.56
2.328
1.326
1.905
1.438
3.182
1.269
2.613
1.423
2.038
1.708
3.569
2.318
1.526
2.1
1.381
1.36
2.698
1.245
0.9566
1.673
1.985
1.712
1.219
1.581
1.897
1.497
1.688
1.677
3.092
1.574
1.98
2.606
2.029
1.518
2.081
1.406
1.935
2.626
0.0
2.576
2.678
1.667
1.562
2.452
1.821
2.435
1.658
2.835
2.6
2.4
2.052
1.242
2.404
2.421
1.795
0.7434
1.856
1.726
1.712
2.737
1.995
4.112
2.268
1.8
2.463
1.149
1.987
1.388
1.321
1.579
1.831
3.04
2.057
2.24
1.128
0.7756
3.085
2.087
3.546
0.9398
2.052
0.913
1.568
2.256
2.007
2.137
3.364
0.9463
1.42
1.576
2.73
1.699
2.69
2.67
1.357
2.303
1.403
2.28
2.332
2.758
0.8076
3.329
1.263
2.376
1.532
2.106
1.533
1.605
1.741
0.3455
0.9753
1.133
2.19
0.0
3.553
1.754
1.337
0.9436
0.8813
1.981
1.937
2.374
1.863
3.527
3.082
0.8979
2.529
1.541
2.265
2.0
2.82
1.204
1.311
2.445
3.642
0.3263
1.945
1.794
2.671
2.08
2.369
1.957
2.731
1.384
1.511
1.181
3.369
1.923
1.373
1.348
2.288
2.509
1.523
1.605
2.239
0.887
1.751
3.175
2.237
0.9695
2.006
1.038
1.913
2.591
2.438
2.025
1.422
3.024
1.99
1.515
2.444
1.883
3.957
1.69
2.994
1.259
1.63
2.361
2.635
2.214
1.908
2.263
2.524
2.75
2.139
2.233
1.4
0.9074
1.989
2.453
2.599
1.093
3.009
1.881
1.802
1.992
3.407
2.652
1.03
1.928
1.216
1.443
0.9264
2.432
1.352
2.758
1.485
2.13
2.294
2.278
1.102
2.533
2.49
2.337
2.831
2.193
0.0
2.602
2.118
2.313
4.499
2.934
0.6508
2.339
1.439
3.094
4.881
0.848
0.4509
2.183
1.216
3.022
1.362
1.912
1.269
2.414
2.056
2.67
2.779
1.671
1.091
2.056
2.428
1.463
1.401
2.19
1.086
3.013
1.945
3.594
1.998
0.6716
1.466
2.59
2.829
2.236
1.679
3.426
3.15
0.0
1.815
1.908
1.984
5.274
2.476
1.62
2.487
1.058
2.181
3.207
1.95
2.06
1.466
2.339
2.73
1.118
1.211
2.272
3.095
1.115
2.126
1.135
2.496
3.589
2.932
1.599
2.275
2.673
1.81
1.865
2.503
1.199
1.817
1.756
1.538
0.9219
1.923
1.43
1.739
2.259
1.368
2.345
2.131
1.004
2.602
1.953
1.214
2.361
1.569
1.94
1.745
0.0
2.217
3.281
1.135
1.789
2.52
2.512
1.66
1.625
2.284
1.854
3.006
3.773
1.98
3.3
1.684
2.468
1.853
2.701
1.563
2.019
6.234
1.662
2.531
2.365
2.208
1.617
3.654
1.476
1.927
2.018
1.676
1.233
1.363
2.176
2.32
2.8
2.821
3.282
2.722
1.132
1.792
1.062
2.38
1.874
2.194
1.483
2.45
3.041
1.947
3.517
2.417
2.925
3.691
2.209
2.793
1.599
2.65
3.132
2.235
1.153
1.826
1.535
1.076
1.412
1.964
1.32
2.082
1.808
1.616
2.54
1.543
2.665
1.829
1.213
0.8488
2.596
1.295
0.8966
1.388
1.764
3.044
3.392
1.619
1.549
2.226
1.333
1.91
1.709
2.864
2.707
0.9484
2.57
1.898
1.357
1.739
3.717
2.51
1.369
1.069
1.27
0.8031
1.835
1.548
1.185
2.153
1.065
5.874
0.8823
2.026
0.8941
1.858
2.021
0.8249
2.74
1.584
2.016
3.147
1.806
2.305
1.898
2.62
1.333
1.225
2.591
1.719
1.346
2.431
2.614
2.061
1.75
2.132
0.988
1.78
2.09
1.789
2.573
2.061
1.936
4.357
1.301
1.581
1.823
2.011
1.586
1.96
0.7575
0.9507
2.166
1.722
1.439
2.023
1.045
0.7497
1.569
1.635
2.997
1.786
1.711
1.694
1.582
4.978
1.184
2.236
2.705
2.767
0.6145
1.589
1.689
2.65
2.513
2.318
2.05
2.565
0.0
1.671
0.6
2.34
0.8513
1.514
3.611
2.341
2.291
2.548
1.495
1.461
2.678
1.608
1.852
4.033
2.152
0.7297
1.794
1.032
1.695
1.401
2.04
2.162
2.164
2.58
1.152
1.52
3.151
1.784
1.245
3.1
0.9754
3.625
2.284
2.316
1.71
2.882
2.19
1.414
2.058
2.402
2.145
2.271
1.648
1.734
0.8303
1.432
2.126
2.923
2.427
2.511
3.269
1.087
1.317
2.881
1.112
2.376
2.334
0.7036
1.169
2.55
2.32
2.065
3.701
3.358
1.238
1.802
2.281
1.312
1.703e-07
1.818
2.082
1.92
1.579
1.885
1.61
1.68
2.073
1.441
1.607
2.083
3.755
0.0
2.869
2.29
3.842
1.486
1.863
2.375
1.734
1.676
3.609
1.182
3.008
2.521
2.067
1.309
3.136
1.376
1.821
1.514
1.656
1.389
1.832
1.376
0.0
3.267
3.13
1.276
3.333
1.744
1.775
2.674
3.258
1.666
1.307
1.397
2.019
3.218
0.9988
3.316
1.981
0.7574
1.869
0.0
2.118
3.056
2.57
2.694
1.357
2.304
2.275
2.917
0.326
1.576
2.554
1.65
1.271
1.601
1.514
2.996
2.902
3.036
1.567
1.648
1.836
2.527
1.953
0.0
2.057
1.804
2.203
1.993
2.456
1.265
2.64
3.335
3.162
1.395
0.3762
2.398
3.638
1.332
3.368
2.241
0.0
2.299
1.571
1.542
2.341
2.521
1.897
2.121
1.47
1.708
1.265
1.825
1.209
3.155
0.814
2.173
7.872
2.305
2.602
2.254
1.439
2.665
1.932
1.796
2.111
1.369
2.385
1.663
2.567
0.9176
2.68
3.716
0.7957
2.044
0.5458
1.979
1.847
1.13
3.092
1.17
2.178
2.096
2.591
3.106
2.597
2.159
2.837
2.667
0.9743
2.35
2.377
1.322
4.238
0.8134
2.442
0.5545
1.038
1.362
2.267
2.057
1.222
1.573
2.822
4.093
2.032
3.073
1.312
2.198
0.0
0.6524
2.987
2.039
2.221
1.791
2.672
1.525
0.9803
0.7562
1.059
1.489
3.564
2.389
3.817
3.618
3.098
2.057
5.259
2.798
2.149
2.446
3.368
4.015
1.383
2.514
3.71
1.927
2.715
1.733
2.291
2.47
1.586
1.864
1.374
1.481
3.761
2.575
2.46
2.281
2.765
2.309
3.846
1.603
2.907
3.705
2.1
2.711
1.516
2.463
1.653
1.211
2.191
2.538
1.347
2.084
1.405
2.542
1.634
1.208
2.198
1.734
2.966
2.448
3.189
2.355
2.115
1.17
0.9111
1.586
2.693
1.216
2.133
3.263
4.046
3.161
2.597
1.124
3.381
2.861
1.949
4.328
4.467
1.46
1.905
2.234
1.504
1.389
2.513
1.873
2.238
0.5884
3.957
2.235
2.415
0.7613
2.011
1.397
2.394
1.302
3.93
0.0
3.147
1.462
3.039
1.274
2.416
2.133
1.397
1.645
1.522
2.611
1.467
2.858
1.232
1.76
1.793
2.586
2.067
1.518
2.032
3.072
2.219
3.611
1.948
2.641
3.521
1.827
2.318
2.103
2.473
1.35
3.642
2.083
1.334
1.757
2.668
3.185
2.276
2.837
2.855
1.902
2.098
2.962
2.53
1.595
1.706
1.014
2.676
1.84
2.432
2.191
2.327
4.671
1.954
1.753
2.979
1.478
1.383
1.9
2.127
3.806
2.363
0.4301
1.256
1.383
1.644
0.8612
1.545
1.797
1.844
2.258
1.398
1.932
1.797
2.797
1.61
3.222
2.371
1.536
0.956
0.8958
2.56
2.733
1.477
2.159
1.533
3.102
1.872
2.2
1.051
1.606
3.155
2.529
3.107
2.329
4.536
1.631
1.547
1.167
7.076
1.826
1.742
2.704
2.079
2.062
2.91
1.974
4.705
4.051
2.559
2.083
1.836
2.543
2.934
1.044
1.154
1.589
0.9267
3.175
2.689
2.12
4.365
2.162
0.0
0.8228
1.925
1.62
1.56
2.941
3.523
1.133
1.088
1.374
2.839
2.545
1.381
2.877
2.201
2.846
3.161
0.6214
4.704
2.291
2.496
2.836
2.179
1.368
2.845
2.153
2.456
2.896
1.225
2.23
2.478
3.626
0.0
1.01
2.812
1.543
2.701
1.251
1.258
4.242
1.99
1.911
1.582
1.803
1.614
2.82
2.376
1.884
1.761
0.7207
1.61
0.8539
2.51
1.928
2.545
2.234
1.333
0.5746
3.31
0.9662
1.764
2.131
1.296
1.35
2.662
1.936
2.382
3.05
1.322
1.709
3.138
2.551
2.613
2.947
1.919
2.063
1.856
1.656
0.8044
0.7887
3.177
2.739
2.002
3.369
1.818
2.631
1.288
2.866
0.147
1.46
3.483
3.014
1.753
2.298
0.0
2.281
2.609
1.978
2.395
2.251
1.188
2.602
2.674
2.558
3.031
2.055
1.126
1.649
1.938
1.702
1.721
1.7
2.951
2.028
3.749
4.624
2.908
2.239
3.552
1.95
2.242
1.274
2.13
1.558
2.457
3.171
3.019
3.316
3.352
2.547
1.826
1.378
1.653
0.9372
2.55
2.707
1.132
2.346
0.8272
3.204
2.685
1.6
1.994
0.1862
2.183
4.452
1.966
2.989
1.953
1.414
1.421
2.025
2.637
1.472
1.806
1.547
3.351
2.576
1.154
0.7306
2.892
3.561
2.206
1.95
2.519
2.574
1.516
1.69
3.06
1.939
3.114
2.184
2.063
2.607
2.461
2.222
3.193
3.263
2.915
2.798
2.38
1.889
2.811
1.895
0.97
2.211
1.125
3.369
2.451
1.2
2.137
0.0
2.738
2.908
1.863
1.012
2.916
2.245
2.384
1.571
3.105
2.136
1.381
1.888
1.356
2.741
3.842
1.531
2.841
1.025
1.714
0.0
0.2184
2.429
3.124
3.035
1.537
1.98
0.6562
1.922
1.263
0.8857
1.384
2.377
1.842
0.9991
1.7
2.072
2.81
1.735
3.906
1.516
2.665
1.851
2.275
2.563
2.494
1.088
3.011
1.352
1.565
3.154
2.999
0.998
0.0
0.6523
0.7468
0.7036
0.0
1.102
1.397
0.0
1.401
2.336
1.069
1.193
1.51
7.655e-08
1.201
1.708
1.325
1.409
1.629
1.647
0.814
1.353
2.431
1.759
1.297
1.521
1.57
2.26
1.109
1.23
1.274
1.803
1.213
1.278
1.993
0.9248
1.317
1.869
1.76
1.217
1.371
2.288
1.39
1.368
1.472
1.777
2.176
3.432
1.858
3.375
3.842
1.212
1.969
1.951
1.236
2.33
2.082
0.9867
1.383
1.469
2.036
3.251
1.966
2.276
2.186
2.121
1.875
2.386
3.1
1.782
2.543
2.269
1.8
2.006
1.092
3.145
2.555
2.629
2.618
2.209
1.924
2.002
2.196
2.241
3.057
4.438
1.941
2.092
2.027
1.826
2.645
2.192
4.466
2.02
1.588
1.841
0.5954
0.856
0.0
1.156
1.924
2.044
0.08851
1.193
1.241
1.71
0.3447
1.017
1.147
1.924
1.541
1.662
1.836
1.083
1.456
1.868
2.149
2.302
2.933
2.245
1.719
2.046
2.016
1.452
1.917
1.41
1.711
2.446
1.77
1.057
2.286
3.827
2.289
1.748
3.191
2.239
1.329
1.685
1.748
2.269
2.953
1.614
1.946
2.759
2.263
1.841
2.353
2.039
1.839
1.421
2.317
1.493
2.642
1.538
3.018
2.736
3.632
1.564
2.383
2.37
1.868
2.22
2.733
3.296
2.292
2.801
2.919
2.132
3.155
2.881
1.805
2.872
2.28
4.198
2.292
3.975
3.944
1.948
1.753
1.93
4.374
3.323
3.485
2.706
2.42
2.106
2.557
3.066
2.583
2.393
2.769
3.475
2.353
4.188
3.008
3.171
