4.316
3.06
3.036
3.133
0.6544
4.041
1.548
2.005
1.607
2.085
6.268
2.928
2.288
6.889
2.831
5.851
4.631
4.924
2.1
2.269
0.0
1.481
5.261
0.0
3.712
3.058
1.296
0.5746
2.665
2.117
4.674
1.9
1.357
3.539
4.491
4.175
0.6358
2.766
4.294
2.994
1.613
2.235
3.274
1.57
3.221
4.698
3.353
0.4053
2.94
2.463
3.533
3.295
2.794
3.616
1.034
2.633
2.71
3.18
3.118
3.497
4.86
4.722
2.658
1.877
6.889
3.297
0.9005
4.923
4.383
6.704
5.261
2.743
3.808
3.35
3.096
3.153
4.722
3.347
4.63
4.691
1.966
1.702
0.9917
2.334
1.802
3.27
0.6358
2.793
4.007
1.891
3.275
1.29
2.341
3.306
1.951
3.54
2.287
2.276
5.592
1.084
1.363
2.634
4.698
3.445
1.634
0.3248
3.829
1.906
3.36
3.044
3.737
4.496
2.23
2.9
2.462
6.889
3.9
2.392
2.084
1.645
3.916
2.786
4.893
2.628
2.934
3.045
2.598
0.84
0.3999
2.748
1.75
1.971
2.046
0.8827
2.486
2.988
3.58
2.229
5.2
2.44
4.033
0.0
4.858
2.569
2.888
2.781
0.1
3.255
0.7548
5.634
2.341
3.184
1.913
3.216
1.404
4.965
2.906
2.352
1.383
1.836
3.228
5.723
2.959
2.336
2.94
1.09
2.045
1.833
3.201
2.525
6.3
2.254
6.889
3.751
0.0
5.271
3.427
3.264
1.699
4.722
2.913
1.4
2.725
4.722
0.9917
1.177
3.758
3.762
3.644
4.061
4.105
2.736
2.096
2.853
1.383
4.114
2.56
5.228
4.083
2.667
3.62
2.028
2.673
1.802
3.762
2.44
2.833
2.246
4.721
3.528
2.679
3.295
4.806
2.444
1.3
2.247
1.242
3.078
1.983
1.364
2.179
3.834
2.251
2.714
2.529
3.51
1.606
5.593
3.218
2.235
1.881
4.355
2.739
1.442
2.045
2.386
3.709
2.417
2.796
2.163
2.796
1.245
4.797
4.433
1.955
1.869
2.285
3.591
3.351
1.783
1.852
2.729
3.033
1.024
2.702
2.247
4.235
3.585
3.415
2.246
1.7
1.565
2.768
2.343
3.967
3.004
3.488
2.694
1.891
3.149
1.351
3.038e-07
2.084
2.851
3.826
4.831
2.582e-07
4.98
5.261
2.981
3.063
2.426
2.615
3.654
1.243
3.141
1.563
3.224
3.732
2.545
2.893
2.294
1.57
2.529
2.809
1.845
2.766
5.261
4.068
2.854
2.462
3.632
1.857
4.481
0.365
1.821
3.159
2.786
2.864
4.046
1.953
3.879
2.969
2.833
1.058
2.349
2.884
2.368
2.633
2.794
3.186
3.925
3.187
1.843
1.367
2.928
3.36
2.361
5.506
2.634
7.099
2.097
4.159
3.807
2.62
2.511
2.771
3.393
1.938
4.81
4.491
2.793
3.176
1.965
0.7548
1.471
4.272
2.043
2.858
1.971
2.601
3.07
0.0
3.082
3.882
5.426
3.36
2.553
1.273
3.419
0.0
1.945
4.179
2.963
2.853
2.417
0.0
3.129
0.7517
2.522
5.74
2.748
2.166
2.993
3.25
2.609
2.021
1.757
3.543
0.8576
0.8247
2.981
0.0
3.976
6.029
2.595
2.307
2.147
2.752
2.8
5.228
2.963
2.906
2.653
2.22
2.687
2.107
3.858
3.044
2.074
3.139
3.522
2.484
1.248
3.266
3.091
1.357
3.751
1.953
2.265
5.762
6.157
1.734
3.932
2.76
6.3
2.4
7.898
4.152
3.512
1.757
1.053
3.156
1.977
1.468
1.375
3.019
2.424
0.673
1.6
3.011
3.33
2.616
2.281
3.091
2.357
2.57
5.969
3.66
4.252
4.691
3.554
2.977
5.879
1.91
3.764
6.155
2.709
2.583
0.8247
2.483
1.127
1.792
2.758
2.349
3.511
2.631
3.122
2.767
1.031
5.005
2.748
2.052
5.094
0.7284
2.083
3.79
1.997
3.314
3.893
1.637
6.034
3.378
2.694
1.92
4.987
3.296
2.781
0.9657
3.675
4.021
1.94
1.996
2.251
2.828
3.001
3.995
4.885
6.3
2.716
3.483
3.409
2.872
4.987
2.265
2.124
3.368
3.793
3.067
2.557
4.987
4.06
2.83
2.114
2.765
3.547
3.454
2.751
4.095
2.294
2.391
2.756
2.589
3.56
2.768
2.722
0.3777
3.043
1.317
1.857
2.761
3.721
2.22
3.658
2.77
2.63
2.052
1.343
1.131
4.138
4.138
3.067
1.61
2.853
2.435
3.105
2.392
0.365
2.998
3.162
4.118
5.91
3.619
0.8785
1.817
2.018
2.942
2.981
3.331
8.773
2.727
4.631
3.77
4.631
1.042
3.937
2.392
3.222
3.288
0.0
2.827
2.457
2.97
2.786
2.314
2.737
3.337
2.586
2.316
4.339
2.77
2.745
4.509
3.29
2.393
2.751
2.705
2.888
8.274
2.178
1.165
2.876
1.607
2.73
1.48
2.8
3.13
2.426
3.058
0.8622
2.336
2.607
3.019
2.247
3.228
0.7978
3.351
5.781
1.474
2.526
3.079
2.748
2.747
3.592
2.35
2.457
0.8518
1.4
2.883
3.283
2.402
3.592
2.033
2.758
4.278
4.987
2.849
4.646
0.6279
2.824
2.667
2.925
2.122
4.109
2.733
2.851
2.586
3.505
4.439
3.226
7.898
3.456
2.288
2.462
3.095
1.69
4.125
3.139
3.665
2.356
2.215
2.784
3.178
2.293
3.366
4.631
6.889
3.795
2.56
2.511
2.742
1.664
3.7
2.096
3.32
1.451
2.814
5.703
2.705
3.528
4.254
2.971
2.802
1.311
4.527
4.987
3.335
2.438
2.051
1.825
2.794
3.732
3.048
0.7395
2.343
3.091
2.356
1.786
2.714
2.804
6.889
2.484
3.511
8.9
3.156
1.91
1.941
1.961
3.967
3.147
3.038e-07
2.523
3.116
1.06
2.618
4.987
2.933
2.198
1.468
3.202
2.246
3.6
4.0
2.558
3.882
3.399
1.18
2.608
2.542
3.202
4.422
2.895
1.644
3.02
1.413
2.394
3.992
1.127
3.925
3.589
5.364
3.313
1.702
3.247
1.664
1.891
2.331
3.03
2.331
1.656
2.48
5.196
2.505
2.499
3.422
3.628
2.208
1.999
2.766
3.003
1.786
5.985
2.845
4.306
3.108
2.861
2.591
3.7
2.761
2.911
2.742
1.828
3.489
2.484
6.889
3.29
2.946
5.757
1.127
2.059
3.301
2.572
4.119
6.707
1.943
2.06
3.157
4.722
1.664
1.18
4.503
2.526
2.579
2.426
2.394
2.412e-07
0.0
2.635
3.366
3.2
3.762
1.463
3.398
1.468
3.221
1.822
1.645
0.7395
2.417
2.557
2.27
3.515
0.0
4.23
2.578
2.508
3.379
2.669
2.781
2.918
3.716
5.618
2.348
0.0
6.246
5.728
2.849
4.624
1.943
3.932
2.696
2.813
2.529
0.9482
3.087
2.978
1.91
3.342
2.849
2.128
1.977
2.993
3.067
2.213
2.23
2.1
2.853
2.79
2.565
3.881
2.253
1.85
3.271
2.851
4.312
4.152
3.272
2.73
2.269
1.341
3.88
3.517
4.138
4.893
2.43
1.058
2.236
1.573
2.926
2.751
2.928
3.179
4.344
2.879
2.307
2.083
2.585
3.424
3.18
1.913
6.889
3.054
2.028
2.356
1.391
2.426
3.694
4.508
2.234
2.845
2.816
2.631
4.421
4.713
4.987
2.766
2.464
3.602
3.541
0.0
3.48
3.882
2.369
2.628
5.773
1.219
5.266
3.679
6.005
2.185
2.611
2.58
1.916
6.459
2.226
3.445
3.182
2.758
2.952
3.522
1.854
2.952
1.783
3.694
2.452
4.23
2.735
3.262
3.081
2.379
4.132
4.0
2.9
2.705
2.963
2.428
2.856
3.148
2.22
1.494
3.727
3.689
3.434
1.7
3.599
4.631
3.21
3.235
3.665
1.732
2.677
2.185
2.503
2.352
3.528
5.2
3.5
2.445
2.73
2.19
3.795
4.125
2.733
2.795
3.677
1.89
5.74
2.893
2.393
3.726
2.765
0.9973
2.837
3.397
5.392
1.058
1.242
4.159
2.895
2.193
2.356
1.792
3.729
2.624
1.893
4.491
2.5
3.089
4.041
3.076
2.331
5.152
1.509
2.739
2.447
1.565
3.296
1.736
2.435
3.01
3.037
2.704
2.653
3.188
3.721
2.959
2.996
3.401
2.96
3.037
3.056
6.414
1.127
2.372
4.631
4.759
0.7333
2.869
4.631
2.471
3.205
6.165
3.726
4.797
3.209
3.241
3.463
3.417
2.978
6.3
2.576
3.05
5.809
4.268
5.261
5.261
1.369
1.219
4.838
3.715
2.872
0.8247
3.091
2.47
3.159
1.415
2.536
2.052
3.205
2.27
2.518
0.9053
2.776
4.355
2.462
4.105
3.057
2.542
2.768
2.737
9.074
3.064
3.498
0.5133
6.507
3.257
3.497
2.162
2.831
2.785
3.133
2.526
5.886
2.847
4.722
2.117
3.239
3.435
2.373
3.26
0.7577
3.011
2.768
4.109
3.063
3.052
3.207
6.3
2.82
2.163
5.052
2.311
4.557
2.853
2.582
2.117
3.29
2.774
1.494
2.759
3.212
8.641
2.596
2.885
5.195
3.677
2.598
3.272
1.644
2.344
4.912
3.674
2.591
2.977
4.266
2.589
2.409
3.967
2.22
4.382
2.848
2.335
2.908
3.2
3.932
5.271
2.856
3.818
2.409
0.0
2.926
0.9973
2.107
3.154
1.124
2.737
1.884
2.725
4.588
3.753
2.761
2.45
2.298
3.476
2.784
2.529
3.38
1.317
3.062
3.51
5.683
2.616
2.096
3.846
2.91
1.845
2.754
2.755
4.068
6.3
3.408
2.172
2.367
3.162
4.192
3.434
2.759
2.529
2.813
0.3777
3.813
1.034
2.821
2.253
5.832
2.452
2.122
3.222
3.858
2.565
3.162
2.743
3.024
2.358
1.829
2.748
4.178
2.331
2.941
2.704
2.845
2.789
4.722
2.932
4.077
1.4
3.452
2.412e-07
2.895
1.413
2.842
3.454
3.549
6.3
2.556
3.338
1.042
2.394
3.631
4.631
2.444
5.006
1.124
3.834
3.875
4.313
2.796
6.889
2.941
3.817
2.491
2.734
3.133
5.097
3.2
4.722
2.746
6.3
0.0
5.989
2.162
2.104
2.997
3.758
0.8518
3.58
4.742
2.533
2.476
2.697
2.37
2.239
3.187
2.565
2.429
3.064
2.79
2.751
2.511
3.591
1.854
3.964
2.754
2.902
1.817
3.077
2.595
2.06
3.34
6.797
2.539
4.546
2.845
2.969
2.435
2.751
4.987
2.436
3.472
2.512
3.586
2.442
2.44
2.293
2.81
3.989
3.257
3.366
3.371
4.722
1.391
2.96
2.802
2.112
2.946
3.488
4.077
3.338
2.479
2.557
3.715
