455.2
405.7
431.3
142.7
473.0
379.0
974.5
452.4
526.1
448.0
463.4
408.5
544.8
271.8
570.1
613.4
302.7
899.3
280.6
231.3
691.3
424.9
444.6
696.8
458.8
477.2
209.0
522.5
337.3
248.9
470.8
239.7
718.4
698.8
434.4
488.5
524.8
358.3
465.4
421.4
520.1
613.3
735.4
630.7
437.3
515.8
643.7
507.5
467.7
381.5
381.5
877.8
620.4
601.2
617.2
590.7
465.4
742.7
624.4
429.9
933.9
495.7
410.6
630.6
630.6
469.5
731.9
434.4
750.8
453.3
428.6
828.7
693.2
579.9
663.6
565.0
468.2
486.4
493.1
591.4
394.8
696.2
434.0
625.4
595.1
597.9
526.3
681.1
580.7
703.2
684.1
463.4
692.3
948.6
668.6
863.3
462.2
613.0
702.9
551.4
433.4
664.0
362.8
541.8
442.1
492.3
547.3
577.5
546.7
587.1
421.0
497.6
747.9
723.3
522.9
341.8
550.7
719.1
1.087e+03
653.7
875.1
527.8
527.8
835.5
752.9
421.7
554.1
744.5
529.5
987.1
597.7
888.8
711.8
424.9
491.0
446.2
679.5
648.1
422.9
643.6
519.9
828.7
352.8
1.122e+03
824.2
542.9
629.1
589.5
726.3
462.3
723.1
682.2
436.9
700.7
760.0
1.068e+03
799.3
618.9
345.7
765.1
533.3
1.069e+03
644.3
589.1
414.0
752.1
895.0
826.2
879.8
1.015e+03
772.2
463.9
676.5
323.9
610.4
966.9
812.6
449.4
506.2
681.3
200.4
590.0
796.7
664.5
492.3
406.1
661.6
1.026e+03
1.144e+03
478.3
499.4
969.3
602.5
686.6
645.2
599.2
555.9
512.5
507.9
448.5
965.6
756.7
800.4
506.1
726.6
799.5
660.5
683.1
771.2
943.7
1.058e+03
716.7
611.8
871.9
968.9
693.3
558.2
830.3
565.2
996.4
850.8
943.4
650.7
898.4
948.9
941.0
590.1
704.4
1.045e+03
1.03e+03
658.1
992.0
987.4
713.3
708.8
1.063e+03
1.055e+03
880.4
978.5
740.8
165.6
648.1
872.6
1.081e+03
715.0
893.8
628.3
487.0
646.6
1.103e+03
931.3
930.7
642.2
882.6
665.8
656.9
811.5
754.8
711.5
1.013e+03
504.2
916.2
1.137e+03
818.5
667.7
840.9
584.0
830.0
659.8
765.7
428.8
723.6
704.8
981.6
1.017e+03
1.042e+03
958.5
1.158e+03
597.6
1.006e+03
874.1
600.9
920.9
1.042e+03
914.3
592.0
749.5
594.7
480.4
610.6
611.5
719.0
735.0
1.135e+03
958.9
906.6
738.4
1.022e+03
598.8
704.3
652.0
757.5
827.3
542.6
1.036e+03
753.9
722.3
805.5
893.3
1.073e+03
788.6
686.0
894.7
930.4
744.6
1.111e+03
584.4
983.8
758.2
674.2
802.0
676.2
878.8
1.104e+03
673.4
790.0
778.3
960.1
851.5
718.2
962.0
944.8
1.067e+03
1.039e+03
1.012e+03
935.8
1.068e+03
827.5
634.7
736.2
786.4
547.4
842.3
1.025e+03
999.0
985.8
1.042e+03
1.01e+03
574.1
657.9
717.9
751.9
908.5
1.077e+03
986.9
1.166e+03
1.036e+03
722.4
703.6
1.193e+03
1.041e+03
947.8
1.122e+03
657.9
826.3
980.9
1.171e+03
932.2
777.2
782.1
807.5
1.063e+03
986.9
689.4
868.7
1.014e+03
654.6
864.1
656.3
765.7
731.7
590.0
740.4
776.0
871.3
1.066e+03
951.1
1.051e+03
822.3
706.4
876.0
826.3
801.9
792.0
1.043e+03
1.079e+03
759.2
803.7
563.6
614.3
1.158e+03
1.021e+03
683.6
906.5
977.2
1.006e+03
1.156e+03
698.8
951.7
906.4
840.6
905.2
860.5
720.1
749.0
858.5
935.6
969.3
897.9
787.5
842.4
948.3
879.5
1.078e+03
951.2
747.7
1.119e+03
1.232e+03
823.2
773.0
1.046e+03
1.009e+03
1.071e+03
906.2
834.4
926.3
648.0
970.2
1.164e+03
1.055e+03
929.5
843.2
919.4
850.0
623.8
899.1
1.106e+03
838.0
825.8
813.5
1.073e+03
1.026e+03
1.14e+03
1.054e+03
767.5
1.211e+03
917.8
891.0
891.7
750.6
1.078e+03
1.182e+03
922.9
1.042e+03
875.8
980.6
668.0
1.111e+03
1.1e+03
1.241e+03
853.9
700.1
868.3
1.084e+03
922.7
1.035e+03
834.5
1.031e+03
1.034e+03
785.8
818.8
679.6
689.0
913.7
652.4
821.9
878.4
1.052e+03
1.28e+03
1.106e+03
1.002e+03
962.8
923.0
956.1
415.2
473.5
390.0
584.2
100.1
542.7
467.7
339.5
331.0
566.5
534.2
461.3
497.4
424.9
333.3
604.1
424.9
590.4
371.9
578.9
453.5
508.6
458.8
572.5
585.5
585.5
507.9
507.9
585.5
585.5
414.9
419.9
448.2
145.7
277.2
356.2
378.5
622.1
516.0
575.4
661.5
239.7
670.6
551.4
327.4
592.3
869.3
190.7
524.0
922.4
407.5
361.3
515.8
230.0
515.6
853.8
474.7
576.6
534.9
642.1
264.3
497.7
536.7
590.7
431.4
599.7
492.7
671.4
702.5
648.3
355.9
664.4
448.5
785.4
405.9
582.0
679.8
606.2
604.3
401.6
442.0
598.7
841.6
1.144e+03
794.5
623.9
447.0
660.1
620.9
595.5
660.1
574.3
488.3
492.8
672.2
637.0
955.3
650.2
360.7
650.6
463.4
767.3
197.6
948.6
867.0
597.6
453.4
560.3
721.5
668.6
957.6
957.6
1.033e+03
673.9
812.2
352.1
518.5
523.0
918.5
383.7
566.4
613.3
598.3
694.0
783.8
619.7
579.5
857.1
572.9
569.9
641.6
567.5
563.2
1e+03
575.7
591.5
950.6
584.6
657.3
806.8
407.3
766.4
1.057e+03
885.4
654.5
593.6
692.3
410.4
772.0
622.0
539.4
546.1
595.1
598.3
357.8
733.4
689.8
674.5
555.0
807.9
791.5
395.0
760.0
521.5
773.5
607.8
552.9
522.3
1.025e+03
583.7
781.1
731.5
916.7
772.6
464.1
879.8
693.5
642.1
740.4
693.1
571.1
593.8
830.9
571.9
801.3
659.0
1.028e+03
598.8
607.9
577.5
524.5
1.043e+03
512.8
1.038e+03
555.8
941.5
736.4
724.9
476.2
728.6
648.4
572.5
679.4
1.004e+03
927.9
1.072e+03
796.2
770.0
1.017e+03
686.2
506.1
574.5
525.6
746.8
1.12e+03
881.4
692.0
579.4
938.3
672.8
908.4
1.107e+03
845.6
635.7
987.5
686.0
766.6
854.1
995.0
917.2
1.119e+03
1.097e+03
1.092e+03
740.6
782.6
529.6
727.7
749.3
644.2
720.4
738.4
463.6
1.051e+03
1.04e+03
961.9
864.3
717.3
704.5
1.062e+03
983.5
969.0
977.2
788.6
788.4
551.2
479.8
596.3
929.7
735.5
1.052e+03
843.1
962.6
1.112e+03
1.003e+03
706.0
741.6
908.7
787.7
827.3
1.109e+03
800.3
636.0
856.1
1.006e+03
513.1
662.0
626.2
703.7
919.4
639.9
594.3
844.9
675.9
798.1
593.1
611.0
786.5
751.2
1.072e+03
672.9
1.096e+03
990.1
806.8
928.6
507.0
619.5
961.4
883.6
688.5
735.2
842.0
1.047e+03
794.0
963.1
642.6
634.2
963.0
1.103e+03
657.8
708.3
748.2
808.5
752.8
720.4
803.0
1.079e+03
697.4
590.9
1.011e+03
1.178e+03
855.2
679.2
1.031e+03
832.8
943.8
523.5
648.6
917.9
883.6
849.6
888.0
828.5
1.055e+03
935.8
747.1
945.5
592.4
615.6
966.2
808.2
573.7
727.2
923.6
819.7
546.4
927.3
549.3
771.0
983.3
807.1
799.6
959.0
745.5
1.128e+03
882.5
1.001e+03
986.7
542.6
979.2
686.0
1.204e+03
948.0
582.6
908.6
1.173e+03
1.012e+03
1.125e+03
805.8
1.178e+03
1.055e+03
1.028e+03
873.9
1.091e+03
797.6
1.113e+03
988.6
863.2
1.075e+03
858.1
893.2
898.5
1.043e+03
641.6
633.3
1.029e+03
831.2
902.4
951.4
729.9
879.9
540.8
1.068e+03
845.8
803.3
834.9
701.6
1.111e+03
844.5
594.7
901.4
988.1
792.7
956.1
958.2
788.2
899.7
664.0
839.5
1.042e+03
1.061e+03
822.5
1.007e+03
956.3
725.4
924.4
1.045e+03
1.108e+03
1.073e+03
1.043e+03
950.7
947.2
573.8
1.082e+03
850.8
1.281e+03
1.002e+03
1.107e+03
878.3
1.109e+03
781.5
831.0
824.8
1.177e+03
644.4
1.098e+03
1.066e+03
1.07e+03
798.9
914.6
961.0
1.064e+03
794.7
856.9
1.121e+03
870.8
739.1
1.106e+03
967.4
1.017e+03
1.091e+03
1.11e+03
800.2
984.2
858.5
1.034e+03
812.6
1.069e+03
962.8
873.6
905.4
830.7
1.092e+03
883.0
1.005e+03
1.042e+03
755.0
892.6
789.0
1.014e+03
788.1
658.5
1.077e+03
667.7
849.9
813.8
949.0
922.3
703.9
822.4
813.7
806.4
953.9
826.8
719.8
844.5
902.7
887.7
812.7
768.5
816.2
928.9
911.9
882.5
1.123e+03
1.163e+03
1.036e+03
928.2
962.6
1.141e+03
829.1
864.0
1.155e+03
1.147e+03
856.5
1.008e+03
967.5
266.1
839.1
665.5
620.6
575.8
892.9
504.2
801.9
715.2
415.7
391.5
463.8
1.001e+03
702.8
412.7
758.2
711.3
684.3
722.2
923.3
923.0
812.8
670.6
977.8
500.1
522.4
376.7
469.0
900.9
692.2
885.9
728.8
872.4
651.1
973.0
651.6
554.1
681.5
318.2
509.1
732.0
793.2
762.0
818.8
520.4
745.3
562.6
906.3
690.4
774.3
1.043e+03
855.9
587.8
509.6
599.3
793.6
651.5
357.6
281.8
733.5
1.121e+03
893.9
363.8
556.6
686.2
671.7
754.8
838.0
679.3
577.9
434.5
630.6
845.9
944.5
760.9
866.8
617.2
1.057e+03
688.1
797.0
805.6
770.9
338.7
500.2
1.018e+03
489.7
727.2
215.5
215.5
869.6
658.8
609.5
1.065e+03
658.9
482.3
925.9
897.3
674.2
747.5
798.0
1.101e+03
778.1
495.0
546.5
566.0
861.3
733.2
420.6
1.193e+03
740.0
761.4
304.1
350.2
834.8
703.4
869.5
899.8
523.8
817.6
692.7
628.4
795.0
773.2
753.3
851.2
839.5
909.8
581.9
665.3
265.3
330.1
590.5
913.6
505.6
694.4
715.6
634.7
238.5
1.095e+03
876.8
780.8
913.9
623.6
1.167e+03
962.8
368.3
722.1
1.043e+03
542.3
695.4
504.3
829.2
954.5
682.3
586.0
757.8
592.8
455.7
660.0
0.0
1.027e+03
786.0
506.8
359.4
392.3
628.2
683.1
1.025e+03
829.5
1.039e+03
262.9
426.2
707.1
745.8
521.5
727.3
635.9
305.1
917.1
641.0
715.5
881.9
697.4
909.9
322.3
1.027e+03
841.9
538.1
872.5
825.6
910.1
745.2
1.019e+03
478.0
678.4
742.9
853.3
822.5
886.6
856.5
356.8
1.197e+03
751.2
420.9
611.4
976.6
730.1
415.7
792.3
728.3
506.5
806.6
578.7
804.2
611.0
859.5
784.6
448.0
672.7
1.24e+03
1.066e+03
816.4
829.4
479.6
921.3
565.6
1.098e+03
647.4
826.4
1.014e+03
582.7
519.6
719.3
833.6
765.4
635.5
1.087e+03
526.6
949.2
838.3
955.5
377.1
996.9
654.0
676.1
527.7
755.0
540.3
546.1
750.6
822.0
583.1
890.3
391.9
557.8
822.9
478.9
881.4
481.1
775.8
764.8
739.5
604.5
1.239e+03
667.4
846.3
466.1
318.1
878.5
921.9
881.4
1.062e+03
943.7
930.4
850.7
353.5
591.8
889.2
830.5
736.6
897.7
695.4
760.0
522.1
473.8
710.2
732.0
377.4
696.0
1.317e+03
729.8
657.9
520.5
730.1
737.2
767.5
1.019e+03
845.9
394.4
806.5
802.2
892.4
581.3
824.5
841.2
631.1
855.9
534.8
986.3
478.0
500.2
819.6
863.4
975.6
603.7
860.3
480.4
897.2
683.8
763.2
420.5
492.6
672.9
569.6
532.4
809.1
875.0
697.0
558.1
560.6
821.1
737.3
412.6
90.89
817.8
992.4
869.4
591.7
689.9
779.8
431.1
787.2
609.8
573.2
480.5
926.0
578.1
727.7
914.0
422.8
795.2
723.8
511.9
1.079e+03
560.6
423.9
554.4
907.2
799.2
658.5
887.9
587.8
554.6
692.9
734.2
407.7
380.9
404.6
739.4
692.3
403.1
482.6
927.0
645.0
786.7
526.2
672.1
380.0
1.146e+03
857.1
706.1
971.8
1.053e+03
574.8
779.6
960.2
398.5
589.0
1.014e+03
534.2
609.6
571.4
1.196e+03
647.0
586.1
629.4
595.7
756.5
482.3
552.2
1.077e+03
634.2
416.0
551.6
752.0
417.2
622.6
572.7
703.8
529.9
862.7
779.4
445.7
685.6
866.6
667.3
950.6
431.4
537.0
554.1
286.6
729.5
1.007e+03
381.4
728.7
603.4
696.6
560.0
537.8
396.9
879.0
602.4
890.1
480.9
555.2
655.0
672.1
577.3
424.8
876.1
471.2
584.0
631.6
840.3
1.222e+03
459.7
1.005e+03
660.1
361.3
198.3
372.3
423.5
982.7
387.1
598.7
847.5
825.6
452.5
430.2
802.4
857.6
713.2
684.7
723.4
449.8
732.5
657.1
685.4
727.8
641.9
888.7
532.0
616.4
544.9
1.041e+03
512.2
739.4
663.2
517.6
835.8
820.4
1.047e+03
853.1
922.0
742.4
778.1
665.9
752.5
544.9
396.5
142.0
521.2
324.4
552.6
821.2
624.7
718.8
685.3
986.0
559.1
633.1
800.4
1.07e+03
356.6
848.2
452.3
428.4
971.1
875.4
345.5
817.0
956.3
408.5
1.011e+03
1.051e+03
755.5
437.2
562.9
652.2
970.0
856.1
923.0
1.042e+03
536.7
64.94
517.9
747.6
552.2
523.2
952.1
517.4
547.3
904.1
784.9
275.8
779.9
991.6
434.5
392.9
1.097e+03
716.7
1.08e+03
593.4
385.7
757.1
666.2
844.3
653.5
826.6
871.5
419.8
523.2
1.08e+03
653.1
914.6
850.8
1.003e+03
428.2
416.8
1.012e+03
815.7
840.4
665.5
504.7
657.9
883.8
718.3
447.5
896.5
717.1
482.9
692.3
960.0
394.7
856.9
838.8
1.064e+03
358.4
943.8
607.2
457.8
951.0
3.389e-05
953.1
975.1
542.3
454.2
742.5
764.8
641.9
838.6
511.9
769.2
1.034e+03
869.0
646.0
1.056e+03
474.7
599.5
743.5
517.4
928.7
1.029e+03
810.3
558.9
500.0
785.4
906.9
2.235e-05
812.0
602.7
888.8
416.2
501.6
377.1
875.5
522.3
893.8
1.276e+03
747.4
923.8
779.7
809.4
682.5
991.1
980.6
630.1
541.3
879.5
821.3
829.0
799.9
1.201e+03
500.8
1.073e+03
660.4
1.042e+03
749.7
588.2
709.9
824.9
375.6
951.0
372.8
710.3
404.5
877.0
664.3
1.062e+03
743.7
498.3
931.9
906.0
790.1
441.2
216.8
653.9
843.9
512.8
1.035e+03
776.0
963.0
841.5
1.116e+03
1.045e+03
528.0
516.8
552.5
700.1
523.1
797.8
617.1
563.9
758.1
786.5
453.4
714.2
808.5
435.5
802.8
333.7
823.6
353.7
436.6
886.2
807.6
554.1
1.143e+03
642.2
1.015e+03
520.3
750.1
1.13e+03
1.114e+03
792.1
1.023e+03
792.1
870.0
759.0
682.1
1.027e+03
774.4
761.8
580.7
879.6
553.3
1.073e+03
778.3
1.162e+03
715.6
430.5
828.5
1.158e+03
612.1
977.9
454.1
887.6
946.3
928.4
928.3
796.9
641.7
702.9
655.1
993.5
823.9
510.3
608.9
342.0
707.5
1.097e+03
615.6
355.7
847.5
778.8
607.5
977.8
553.4
904.4
985.3
534.7
963.6
844.9
500.6
960.3
1.012e+03
888.6
482.5
648.7
445.5
875.0
800.4
923.2
977.2
681.2
641.3
697.3
951.3
616.3
941.3
1.037e+03
944.5
1.014e+03
231.3
422.8
1.08e+03
825.7
713.3
789.9
643.8
985.5
535.6
481.9
994.9
389.8
1.01e+03
913.2
1.018e+03
754.7
962.1
697.2
357.9
1.104e+03
767.5
776.5
880.3
891.7
690.5
479.7
678.6
1.068e+03
839.5
559.1
682.5
652.1
769.1
594.9
1.002e+03
374.7
905.3
377.4
1.029e+03
785.3
556.3
837.6
1.053e+03
945.7
628.8
1.027e+03
691.2
502.2
793.5
850.3
801.5
931.3
465.3
289.7
644.1
425.3
650.6
472.5
307.4
556.8
710.9
726.3
860.0
578.9
891.3
764.7
325.7
1.035e+03
509.4
576.3
445.0
671.8
567.3
1.053e+03
728.3
490.2
723.8
916.1
719.3
738.3
1.023e+03
1.005e+03
706.7
382.9
831.7
675.5
1.075e+03
561.7
1.076e+03
652.6
914.9
889.5
923.3
1.114e+03
980.7
600.2
1.278e+03
533.8
744.6
482.6
376.9
619.4
369.4
821.0
745.4
1.235e+03
780.3
646.2
699.6
573.0
850.8
923.9
452.2
609.2
691.9
980.8
509.0
1.061e+03
1.078e+03
494.5
784.6
464.5
599.6
1.154e+03
428.5
865.0
737.3
901.3
717.9
886.1
665.9
599.5
621.7
860.4
485.7
752.2
413.1
824.6
396.5
1.032e+03
738.6
1.123e+03
585.7
751.2
907.7
647.0
707.4
853.9
861.4
1.001e+03
607.1
846.0
662.1
820.1
452.9
969.3
965.8
588.4
897.6
961.1
554.4
561.6
700.7
447.2
795.5
1.044e+03
1.175e+03
761.2
519.2
874.8
764.5
312.9
882.6
477.0
679.1
496.2
943.4
525.4
1.048e+03
375.2
585.7
504.5
889.4
781.2
873.8
950.1
869.7
756.2
623.7
650.1
519.7
366.7
793.9
892.9
610.1
847.3
836.2
1.006e+03
923.1
571.9
525.7
931.0
720.4
751.2
972.1
531.8
331.6
809.9
363.2
1.022e+03
680.6
730.0
385.0
844.2
905.0
500.0
538.1
666.8
369.9
939.8
990.9
622.3
725.9
867.3
1.133e+03
912.9
769.3
619.0
1.329e+03
1.035e+03
914.3
972.8
800.3
576.5
710.3
786.2
1.009e+03
622.6
650.7
698.1
823.1
634.9
411.3
0.0
766.5
0.0
856.3
673.1
201.7
609.8
467.1
262.4
833.8
530.7
383.0
1.019e+03
503.5
410.2
461.2
670.7
607.8
735.0
256.2
681.8
693.0
462.2
708.9
655.2
565.0
619.8
714.9
657.5
469.7
707.5
569.4
501.5
830.3
725.9
515.4
857.6
634.1
703.2
635.3
387.8
660.3
859.8
721.4
410.2
818.4
638.7
194.3
784.5
635.4
129.6
741.4
584.5
409.6
841.9
486.7
644.1
977.5
661.2
93.55
659.8
574.4
662.8
644.4
553.9
481.7
815.3
653.3
359.9
803.4
613.6
521.1
590.0
620.4
361.8
706.8
662.9
438.6
529.0
530.5
421.2
801.8
538.9
511.6
829.2
708.2
508.9
529.5
672.5
356.6
627.3
610.6
135.6
577.6
552.0
366.1
566.2
479.5
427.6
678.5
723.1
568.4
724.6
660.2
525.0
904.7
660.3
489.9
626.1
641.9
472.5
708.6
767.3
588.2
843.9
721.4
427.2
873.7
590.0
393.6
769.0
646.4
545.7
666.2
637.6
431.3
754.3
554.1
412.5
700.2
500.5
384.1
613.2
706.8
432.0
549.5
713.1
678.5
898.0
613.6
359.0
850.5
991.5
427.6
946.6
676.7
607.5
618.4
692.4
299.8
760.2
658.8
506.5
1.004e+03
673.1
480.9
549.7
537.3
291.9
434.7
517.2
337.9
708.3
792.0
444.4
607.4
574.0
194.2
903.4
682.3
398.0
824.3
462.0
637.2
730.4
914.9
340.3
687.1
525.9
508.5
703.1
558.8
329.9
832.5
730.9
378.9
547.5
809.8
787.8
707.9
471.0
0.0
887.9
645.8
577.0
957.1
595.5
325.6
590.7
705.8
287.2
521.3
612.4
273.2
582.1
613.1
396.5
633.5
454.7
684.5
917.4
489.8
538.5
769.4
638.7
423.5
709.0
718.7
442.1
858.1
968.4
291.9
794.7
511.3
305.6
714.9
504.7
492.3
780.9
466.9
262.4
825.5
663.2
323.6
817.6
422.0
325.6
683.1
721.9
404.4
651.2
489.8
564.8
623.1
620.4
412.9
351.0
789.7
301.5
843.9
794.8
367.4
729.4
534.6
733.7
714.9
626.4
285.0
585.8
445.1
83.62
723.8
345.5
265.2
789.7
907.5
287.7
890.8
693.3
465.1
699.1
538.5
532.0
724.0
670.2
332.4
643.3
748.2
291.9
566.2
733.1
0.0
749.2
706.9
461.2
526.6
787.0
807.2
665.0
727.4
449.7
753.7
585.6
265.9
968.2
660.2
767.9
824.9
635.9
540.7
412.4
533.3
384.1
611.8
867.9
637.4
580.1
637.0
235.2
700.2
692.8
594.8
790.8
437.3
267.7
547.9
907.5
246.1
891.7
559.3
635.0
713.6
767.1
535.5
843.6
692.8
731.0
516.3
316.5
1.017e+03
734.2
354.5
754.3
376.3
83.62
1.095e+03
618.2
129.6
807.3
611.1
519.9
632.7
600.2
372.8
891.7
753.2
378.4
771.6
854.8
393.6
733.2
370.2
412.1
868.4
482.6
425.7
936.5
753.7
395.4
689.9
649.6
129.6
804.5
528.8
708.9
865.6
579.3
354.7
674.0
466.9
363.2
713.4
590.3
438.2
944.7
785.4
397.0
700.3
390.8
349.6
760.5
525.9
357.3
596.2
766.8
0.0
660.9
698.1
775.0
650.4
749.8
398.0
558.8
375.3
328.0
685.4
594.4
508.1
779.4
761.9
416.7
891.7
466.9
382.1
887.9
838.7
444.4
1.119e+03
706.9
398.0
715.3
679.7
480.4
529.3
384.0
384.5
624.5
536.8
265.9
948.5
640.4
324.4
947.9
730.1
546.0
814.2
452.9
314.9
918.5
601.5
341.7
481.5
667.0
384.1
810.1
693.8
571.3
915.8
671.4
583.8
802.9
571.7
153.6
866.6
730.5
632.8
600.0
727.5
478.5
793.9
655.4
501.8
689.2
706.2
569.9
628.3
421.7
423.9
804.2
529.3
518.6
791.0
461.5
590.6
802.6
642.8
631.6
352.6
578.2
400.1
955.3
501.8
506.7
414.5
440.6
717.6
787.9
404.6
636.0
892.9
800.5
736.4
510.3
787.6
633.2
427.0
797.1
653.6
682.8
902.8
639.3
632.2
549.4
705.0
427.8
275.7
215.4
701.7
673.0
749.3
425.6
585.8
955.1
492.9
560.3
400.2
696.0
770.2
533.3
583.1
651.6
693.0
772.7
721.1
502.1
599.5
639.8
680.6
594.2
441.4
327.7
729.2
594.1
777.0
699.9
240.0
734.4
572.9
604.4
767.1
565.5
464.6
545.7
661.7
501.2
805.4
575.8
533.4
506.9
382.5
479.0
644.5
585.8
556.2
581.9
492.7
487.7
411.7
823.4
628.8
756.1
867.6
787.0
726.2
678.0
620.2
502.6
609.9
675.6
492.1
407.9
613.8
459.6
614.6
391.1
678.3
478.4
1.012e+03
622.1
621.4
517.4
644.2
734.2
437.8
843.1
543.9
751.6
597.3
669.5
509.9
779.5
427.6
535.2
429.0
805.9
601.2
534.0
606.8
476.9
486.4
561.0
495.2
728.4
469.7
695.7
756.2
597.8
684.9
728.0
590.3
661.4
804.5
627.1
616.9
755.4
331.3
743.8
538.1
357.8
612.2
420.4
690.8
784.8
524.2
567.8
475.1
625.3
736.8
515.0
711.1
535.8
529.9
576.2
643.3
381.3
585.2
758.2
663.7
816.8
414.6
572.0
545.2
292.4
553.2
327.5
596.6
779.4
628.7
805.2
723.3
430.6
878.1
758.5
652.7
483.8
745.1
753.8
344.9
573.6
668.5
579.6
390.8
635.5
594.3
735.9
448.3
739.5
664.9
4.307e-05
437.0
452.8
885.4
727.2
602.2
634.2
560.3
407.3
514.8
611.2
650.4
585.4
769.8
510.1
712.0
760.6
865.8
495.2
576.3
734.6
655.8
614.4
667.1
510.4
577.3
699.1
704.1
697.2
770.8
716.3
636.0
592.6
496.0
868.2
621.1
482.2
453.3
671.5
627.6
647.6
784.5
421.0
607.0
755.9
698.0
687.6
640.5
698.9
571.2
477.9
499.6
632.7
646.4
301.1
708.2
591.8
855.4
798.9
703.3
765.3
573.9
633.7
596.0
535.0
537.4
459.5
734.5
641.0
618.1
585.5
457.3
559.5
633.4
858.1
653.3
554.7
786.5
464.8
847.7
624.6
517.1
478.0
658.4
556.6
729.0
823.3
706.9
653.2
732.5
267.1
518.5
624.5
584.5
452.7
608.1
759.4
705.8
642.1
493.9
532.9
193.3
599.4
662.2
783.3
561.8
716.5
458.8
617.1
578.6
579.0
848.4
680.9
521.2
670.6
685.6
806.2
662.8
445.3
590.4
770.0
560.5
621.3
608.0
511.0
626.7
683.5
608.7
668.1
439.7
376.4
622.4
684.7
836.8
549.6
866.7
791.3
592.4
340.5
551.4
506.8
451.3
803.6
577.1
590.5
542.0
671.3
478.3
578.3
732.6
698.2
648.3
612.0
442.8
730.1
829.8
740.7
616.2
594.6
666.4
564.2
411.6
853.3
659.6
559.2
671.2
693.1
733.9
555.8
918.7
499.1
497.6
541.2
688.7
926.8
725.8
645.5
536.3
911.1
298.8
498.8
647.1
579.9
476.1
732.9
547.3
678.0
592.6
770.1
623.8
582.4
537.8
675.6
686.5
604.8
588.2
646.2
517.4
623.3
382.0
500.8
747.8
548.8
650.8
537.4
717.2
817.6
557.8
511.4
781.8
840.0
679.7
668.9
556.5
734.5
757.5
570.7
850.6
768.7
646.1
835.8
544.9
466.1
560.2
557.2
780.8
481.7
520.1
964.8
415.3
670.8
788.7
303.6
451.8
526.9
867.2
738.5
471.0
394.8
604.4
703.2
715.7
497.0
621.9
686.2
425.1
436.5
519.0
514.7
604.2
468.0
640.3
475.0
724.7
499.6
753.2
496.9
547.0
626.4
711.8
544.9
757.7
710.1
676.5
512.8
629.7
569.4
586.7
405.0
858.5
331.9
536.8
442.9
649.7
709.3
400.1
701.1
567.4
632.3
702.7
648.3
630.7
700.5
610.4
728.0
350.2
786.3
749.1
620.4
684.8
733.9
644.1
788.1
721.2
634.1
407.7
443.9
193.5
486.9
549.1
600.1
371.3
711.4
820.7
542.1
679.4
835.3
380.8
399.2
627.3
336.3
515.6
1.048e+03
696.3
548.9
750.8
564.4
472.3
703.3
453.7
748.5
516.4
472.6
522.3
241.9
655.9
814.7
768.6
787.2
700.8
820.1
797.6
696.9
835.8
865.9
323.5
596.3
608.2
278.6
721.9
669.6
570.6
568.4
715.3
442.0
611.2
734.8
647.6
433.2
720.9
539.5
619.4
444.0
603.3
621.0
651.4
683.7
595.2
495.3
761.3
662.2
516.9
568.9
646.2
665.0
588.5
472.2
675.4
722.7
811.3
510.1
541.3
528.3
686.2
735.3
529.2
603.3
693.3
505.3
464.8
565.0
744.9
586.5
626.3
622.2
685.6
487.4
671.9
610.0
603.5
877.7
872.5
645.0
288.4
364.5
200.5
724.5
782.6
939.4
543.0
831.5
610.7
648.4
676.2
623.3
559.2
616.2
576.3
523.9
480.5
738.1
508.0
549.2
513.4
632.2
577.5
560.2
702.7
562.9
526.7
572.8
852.6
562.6
902.1
785.0
632.1
498.8
908.5
715.5
455.4
531.4
549.8
366.7
507.3
544.6
426.1
600.5
474.0
779.0
565.5
333.0
724.1
714.4
347.3
645.2
742.0
651.9
566.7
731.4
555.8
829.8
485.9
520.4
254.2
436.5
629.5
496.1
751.0
708.0
467.9
725.8
648.3
676.5
434.2
583.6
683.6
579.8
759.1
322.3
635.7
461.4
408.0
734.5
633.6
468.3
615.6
777.1
781.4
447.6
547.0
734.6
728.5
579.0
875.1
380.4
309.4
521.3
371.6
707.7
724.5
877.2
478.3
532.9
600.8
592.8
424.5
501.8
434.9
673.2
734.3
624.8
481.6
824.6
586.3
741.1
709.6
623.9
730.6
443.1
573.5
689.0
442.0
602.3
532.6
700.4
483.7
423.2
485.6
635.2
680.1
675.6
557.2
619.3
549.0
421.9
447.5
664.3
727.8
547.7
691.7
625.8
603.8
701.7
643.1
552.6
516.5
686.3
540.1
692.3
404.4
556.1
626.9
674.1
791.1
655.0
709.9
436.1
493.3
620.9
282.0
769.0
714.8
324.6
668.0
566.0
517.6
665.0
179.0
362.7
807.7
935.5
640.3
711.9
567.2
536.5
687.9
0.0
694.9
607.8
491.0
618.2
442.9
553.3
632.5
572.5
430.4
766.2
528.0
764.3
530.5
493.0
497.6
665.7
332.0
626.2
550.1
408.5
467.3
805.6
499.6
489.5
531.5
694.8
524.7
582.8
563.1
652.0
695.0
509.0
815.9
806.5
579.0
529.5
344.4
510.9
655.9
700.6
436.8
627.4
735.9
475.9
623.4
472.4
801.5
475.4
708.7
643.0
584.8
520.9
717.7
706.6
677.5
732.1
772.9
815.8
781.9
736.6
757.4
712.4
883.7
584.4
524.5
713.3
816.7
701.2
468.8
576.1
803.6
824.3
718.7
522.0
685.6
201.0
324.3
443.8
648.0
453.7
640.8
677.8
576.5
555.3
805.4
495.7
476.6
709.2
616.3
626.4
613.4
727.3
525.3
647.1
739.2
616.1
575.4
374.6
600.3
725.2
694.8
515.2
520.6
539.9
462.1
687.7
368.5
850.6
725.7
606.8
568.0
394.6
720.7
532.2
509.0
611.9
660.7
699.9
539.7
628.9
678.0
734.4
557.8
639.6
546.0
779.7
350.6
637.7
657.0
662.1
803.3
885.9
681.1
555.3
684.7
503.3
538.3
356.3
546.6
445.0
746.8
646.8
340.0
520.1
308.1
635.9
557.9
828.1
751.3
578.5
432.0
513.8
573.0
753.4
535.9
804.7
690.4
501.3
743.3
715.8
556.3
389.1
816.6
448.5
541.6
550.9
804.7
733.3
732.6
695.6
795.9
440.8
594.9
443.3
529.9
564.3
471.9
306.2
817.8
523.1
643.2
590.8
793.9
845.8
501.3
435.8
541.3
545.8
589.2
682.8
871.4
608.9
643.7
397.0
412.1
479.0
562.6
586.3
698.8
617.3
733.4
556.9
369.9
660.6
631.3
651.1
418.9
421.3
475.0
597.9
386.2
868.6
833.1
500.2
529.6
635.5
742.9
730.6
732.5
848.9
384.2
415.9
657.1
541.0
498.5
642.5
671.1
414.6
833.2
671.7
585.2
643.9
566.3
375.7
1.041e+03
653.4
304.9
1.006e+03
538.7
475.1
427.5
699.9
332.0
838.9
682.1
393.3
729.7
681.7
359.5
843.1
668.3
593.5
711.9
687.9
455.0
962.8
714.2
389.9
791.9
570.0
536.4
685.2
615.5
449.7
947.1
756.6
484.3
829.7
830.2
531.6
723.0
609.3
373.2
795.0
525.5
360.5
996.8
759.8
705.0
751.9
549.1
520.4
635.7
641.3
360.5
749.8
856.4
502.0
803.3
552.0
721.3
767.5
677.4
428.8
809.5
483.9
439.5
921.8
561.6
304.6
482.5
555.0
471.0
875.0
577.9
597.7
759.7
560.6
430.9
827.2
600.3
311.0
924.4
602.1
592.2
576.9
416.5
498.6
1.117e+03
509.0
387.3
901.4
848.2
421.4
670.3
753.4
504.8
838.4
701.6
404.3
534.4
737.9
382.5
634.0
556.5
572.9
896.7
470.5
341.0
865.7
681.1
313.1
1.068e+03
767.5
735.0
663.0
675.7
620.7
784.1
520.4
345.1
1.071e+03
523.1
527.1
874.3
638.0
626.3
822.3
806.6
415.5
767.2
897.4
570.5
804.4
643.5
595.0
939.4
587.8
449.0
861.6
423.8
640.0
623.8
820.9
340.4
786.3
762.1
390.3
811.5
779.9
295.8
917.5
564.8
710.1
1.055e+03
550.8
507.6
626.3
669.2
659.9
639.5
532.8
362.4
1.099e+03
583.3
481.5
820.6
714.2
534.8
939.5
641.7
377.1
1.064e+03
634.0
611.3
624.9
499.9
475.5
695.7
537.1
401.6
905.8
545.4
278.1
1.281e+03
585.9
388.0
855.5
721.4
495.3
1.031e+03
527.6
379.3
883.7
675.5
484.5
908.5
651.7
372.3
780.0
598.9
415.0
678.8
474.1
598.9
893.6
509.2
375.4
1.002e+03
549.8
321.2
917.9
484.1
228.7
908.9
580.6
367.0
1.027e+03
602.3
329.0
627.1
618.2
494.3
817.9
659.9
867.9
632.6
738.2
549.6
868.8
931.7
530.9
540.3
548.2
388.1
955.2
915.2
1.049e+03
623.2
949.1
669.1
653.4
540.7
617.0
729.2
866.4
799.4
937.8
727.6
899.9
497.6
764.6
448.5
935.2
715.0
913.6
641.1
961.0
551.4
902.4
574.7
746.0
521.3
909.9
842.7
1.035e+03
529.9
956.0
622.8
746.1
688.6
1.012e+03
578.3
623.1
542.6
645.1
466.1
833.3
859.6
664.6
628.2
807.6
425.4
684.4
860.9
795.4
633.6
987.9
731.1
857.7
452.1
665.8
485.3
368.7
930.4
734.4
1.009e+03
522.2
860.4
868.2
950.3
486.3
683.1
1.298e+03
696.7
714.4
968.4
309.9
412.1
807.2
895.1
970.5
560.2
747.6
907.7
860.3
602.8
629.7
721.5
746.3
662.6
855.0
1.061e+03
596.3
621.4
729.0
701.7
756.4
409.6
631.5
879.5
811.6
937.9
833.8
742.3
639.4
215.9
1.111e+03
365.5
1.018e+03
912.5
888.1
323.3
895.8
953.0
399.6
1.098e+03
937.7
803.2
811.9
931.1
793.0
785.9
869.9
1.154e+03
830.3
635.4
827.2
563.6
615.8
912.2
470.7
848.0
836.9
590.2
922.4
519.1
456.1
766.7
1.117e+03
433.2
570.5
760.7
903.2
778.7
819.2
634.6
897.3
608.3
643.1
744.2
765.0
712.7
418.1
510.8
748.2
810.2
794.5
890.2
342.5
439.4
992.1
955.6
865.0
705.5
659.8
687.1
467.5
223.6
430.1
1.178e+03
617.4
540.9
911.3
956.3
442.0
984.0
52.12
1.06e+03
480.2
690.8
1.076e+03
567.4
558.6
568.9
550.7
555.9
662.8
540.4
713.5
371.4
867.2
893.8
565.0
835.6
555.8
360.3
970.2
885.2
972.7
376.6
925.6
607.7
363.4
807.9
509.0
1.141e+03
600.0
305.0
551.5
892.3
1.147e+03
774.7
842.2
638.4
711.2
1.014e+03
1.229e+03
936.5
828.6
899.5
514.3
991.6
1.017e+03
1.017e+03
512.7
1.014e+03
642.3
479.7
784.8
630.7
413.0
560.1
945.5
833.0
664.1
760.0
703.7
686.1
375.1
348.7
734.7
883.9
440.2
554.0
475.2
752.7
825.0
545.9
569.1
743.7
981.8
603.3
769.4
691.1
20.63
1.219e+03
369.9
405.9
1.057e+03
754.6
461.5
1.068e+03
704.8
704.7
894.5
647.3
193.5
662.0
1.152e+03
452.8
374.4
334.0
471.7
648.5
795.0
618.5
725.4
634.6
164.2
916.4
829.2
245.7
603.2
752.8
1.034e+03
563.6
1.067e+03
991.8
911.1
1.169e+03
734.2
624.8
335.9
1.212e+03
815.2
778.5
922.4
846.0
683.6
474.5
857.1
0.0
649.3
522.1
487.5
689.6
850.5
857.1
548.0
759.1
732.1
752.6
851.2
313.8
461.7
535.2
822.8
425.7
538.8
621.9
541.4
505.0
1.038e+03
761.9
897.6
751.9
494.0
1.159e+03
854.4
457.4
528.6
624.7
622.1
520.2
948.1
777.1
1.072e+03
722.7
668.8
877.5
747.8
573.9
385.8
505.7
543.4
716.1
1.227e+03
881.5
591.9
439.1
265.0
657.6
559.8
593.2
599.6
691.9
809.5
1.087e+03
456.4
821.8
621.8
621.1
580.0
721.8
758.1
713.6
608.4
340.5
988.7
774.4
574.7
870.1
847.7
946.5
587.6
428.3
529.2
481.4
658.2
843.8
411.4
485.6
607.0
759.9
675.1
518.8
516.1
776.3
705.0
614.4
850.3
646.6
898.0
1.142e+03
760.0
1.059e+03
1.067e+03
762.4
1.115e+03
967.7
554.1
668.7
841.9
843.0
417.5
833.0
779.7
663.9
322.9
902.9
347.1
876.4
428.7
537.7
526.2
681.0
885.6
443.1
210.3
882.2
782.9
841.9
565.5
1.019e+03
921.5
378.9
849.7
913.7
541.1
472.8
937.0
728.4
794.4
729.6
746.1
697.5
803.0
708.9
625.0
464.0
417.5
525.8
888.4
1.102e+03
522.5
878.1
354.9
611.7
625.8
685.6
555.5
644.7
818.9
305.0
613.5
538.1
0.0
1.083e+03
431.2
806.2
615.5
896.8
499.9
338.0
580.7
571.6
824.8
736.9
830.5
756.5
231.8
982.0
423.2
773.2
902.6
304.1
523.9
724.2
729.0
811.7
766.8
1.154e+03
1.025e+03
597.0
805.4
119.6
876.6
378.0
682.9
869.3
837.9
507.9
803.9
900.3
416.5
586.8
859.4
749.9
715.6
1.038e+03
693.0
728.9
861.8
995.5
685.7
703.4
588.5
725.7
1.173e+03
773.7
1.159e+03
602.5
351.8
919.8
963.7
374.4
494.6
827.8
878.4
767.6
1.142e+03
743.1
828.0
563.8
546.3
1.077e+03
634.8
793.5
435.0
662.3
736.7
233.0
1.18e+03
849.4
702.6
788.7
688.9
686.8
525.8
307.2
661.7
353.0
531.4
856.9
523.2
1.022e+03
670.8
914.2
652.9
787.4
557.1
876.0
556.2
970.4
400.5
819.5
712.3
956.5
425.2
1.059e+03
335.3
535.2
547.2
293.1
670.2
584.1
447.9
660.9
422.7
660.2
1.009e+03
301.1
573.9
977.3
748.3
999.1
675.4
685.6
647.0
838.9
1.014e+03
784.3
388.9
829.9
1.015e+03
681.6
668.8
666.9
747.6
801.3
1.029e+03
441.2
575.2
773.0
685.1
980.3
651.8
999.7
761.5
912.5
1.054e+03
470.1
633.8
139.7
384.7
842.3
1.098e+03
785.7
626.8
658.9
552.6
387.5
1.199e+03
753.9
761.0
891.2
644.0
852.7
725.3
790.9
768.2
1.034e+03
1.036e+03
658.2
454.6
792.5
836.8
809.8
768.0
823.4
424.6
755.7
491.1
873.6
674.5
404.1
728.0
288.0
540.7
683.1
786.2
735.1
880.5
270.5
899.8
1.094e+03
845.6
959.3
492.2
1.382e+03
776.3
880.3
667.3
571.5
1.06e+03
454.6
446.5
543.7
249.2
657.1
841.3
638.8
481.7
392.7
646.2
605.1
843.3
527.3
344.4
620.6
762.3
919.9
456.8
860.5
559.5
548.9
721.9
529.0
1.006e+03
531.8
998.1
601.0
586.8
693.7
980.2
619.8
571.8
694.5
350.1
340.5
633.5
457.5
526.7
485.4
781.8
613.9
530.6
808.0
791.1
401.2
899.3
663.8
924.8
641.0
619.7
886.5
495.7
529.7
698.2
534.4
600.1
662.0
73.19
566.3
764.7
746.7
402.7
830.0
614.3
939.7
794.5
1.097e+03
893.3
538.8
729.7
556.6
821.7
1.097e+03
616.1
307.5
836.3
566.1
480.7
715.4
905.8
959.5
892.6
351.2
918.2
632.0
1.007e+03
436.2
559.5
458.0
672.6
935.4
725.6
929.1
273.1
509.8
754.2
735.6
1.089e+03
445.6
717.6
390.8
560.3
1.125e+03
890.9
812.2
976.5
361.9
500.1
633.0
612.1
512.9
1.064e+03
828.0
487.0
933.9
576.9
612.3
709.7
786.3
773.0
1.043e+03
366.9
733.9
575.8
677.0
689.4
562.2
567.2
47.92
388.1
143.6
694.5
57.07
593.5
706.4
543.9
579.9
211.2
651.3
533.7
1.13e+03
874.0
935.0
884.8
446.7
729.5
676.6
747.4
835.1
872.8
551.0
636.1
780.1
1.045e+03
78.64
754.2
659.8
973.7
639.0
987.9
674.5
546.9
614.2
437.5
658.0
717.4
830.7
451.5
525.5
965.1
753.2
918.2
512.5
523.3
274.0
463.1
961.1
800.9
484.3
588.8
387.6
788.8
1.064e+03
827.6
559.7
381.5
775.7
542.2
480.7
908.9
552.9
1.193e+03
631.3
774.4
539.6
710.5
887.8
757.8
547.6
886.0
544.4
666.9
527.8
903.3
605.3
621.0
356.0
840.7
656.5
860.2
428.9
829.5
759.3
614.1
608.7
980.9
762.9
458.0
596.1
521.2
480.6
352.8
831.6
734.6
769.1
384.2
965.2
843.2
642.8
461.7
1.147e+03
1.07e+03
646.8
890.9
1.034e+03
0.0
867.3
786.6
726.0
1.185e+03
1.068e+03
480.3
632.6
494.0
717.7
1.09e+03
290.9
163.3
881.3
452.4
1.077e+03
296.9
476.2
407.9
670.5
722.8
925.5
980.4
433.2
524.7
892.2
975.6
366.3
394.4
806.2
442.4
1.017e+03
805.2
762.0
575.1
190.0
340.7
790.6
1.088e+03
864.3
721.1
1.162e+03
881.2
0.0
721.8
798.8
730.8
1.244e+03
778.7
612.4
963.6
349.5
837.8
985.4
817.7
841.0
463.1
601.1
954.3
418.7
575.9
913.3
1.157e+03
651.7
757.9
541.5
1.01e+03
924.2
886.7
768.7
564.4
671.3
515.8
818.5
901.4
614.6
771.7
746.5
650.9
422.6
458.3
723.0
658.6
681.8
487.7
878.4
749.6
409.8
738.7
856.3
407.3
698.5
617.2
855.7
549.3
383.3
714.1
1.087e+03
598.9
801.4
737.5
925.9
607.4
395.4
732.7
864.1
829.2
1.202e+03
357.2
648.5
717.4
893.8
778.3
834.2
623.2
598.4
1.04e+03
304.1
966.7
1.019e+03
575.8
731.3
936.0
702.7
761.7
810.8
542.9
463.9
442.7
1.053e+03
625.2
880.5
985.7
1.041e+03
648.8
334.1
676.7
539.1
416.5
534.4
552.5
642.5
1.009e+03
1.162e+03
810.9
1.316e+03
817.9
751.0
985.0
581.8
1.115e+03
612.4
553.0
1.26e+03
1.008e+03
371.0
615.1
417.1
401.9
661.1
665.5
346.5
992.8
538.5
714.8
936.3
494.4
689.8
789.7
599.1
359.6
807.9
362.9
364.8
646.2
436.9
745.0
865.3
653.6
562.2
873.3
528.2
839.3
629.4
1.163e+03
963.2
325.0
688.0
739.7
421.1
785.6
797.4
834.2
337.3
421.1
320.0
124.1
517.5
580.2
378.6
751.1
478.5
1.189e+03
396.8
825.3
517.9
628.1
690.9
422.1
1.08e+03
683.3
879.1
868.5
653.1
916.9
743.7
961.6
555.7
480.8
1.034e+03
569.7
478.8
1.158e+03
1.009e+03
709.1
482.8
926.9
421.8
639.7
872.6
611.7
690.5
852.5
842.5
915.8
496.0
560.5
466.7
686.1
351.0
788.9
404.8
397.9
725.3
698.6
510.2
896.7
381.9
390.6
621.1
749.5
1.096e+03
420.8
625.2
658.3
755.0
559.8
552.6
977.5
1.106e+03
1.071e+03
336.4
754.7
532.7
1.037e+03
883.5
941.7
503.4
863.6
0.0
670.7
240.1
445.1
491.4
369.3
690.1
686.4
820.8
952.9
439.3
703.8
991.4
591.9
846.7
898.5
804.7
363.4
402.1
404.2
566.9
491.0
880.7
856.0
1.099e+03
643.7
349.7
312.4
702.3
664.5
372.0
1.054e+03
269.8
1.083e+03
800.8
569.0
731.9
766.8
640.4
334.3
842.4
1.082e+03
609.6
728.3
673.5
660.4
432.8
661.0
858.1
1.239e+03
858.9
1.057e+03
665.6
326.6
687.0
768.1
466.5
1.09e+03
712.7
459.4
522.3
440.4
942.2
806.0
1.065e+03
1.176e+03
540.4
641.7
705.0
539.6
461.9
564.7
844.3
829.1
650.2
765.3
516.3
485.8
714.8
609.6
467.1
678.5
1.002e+03
0.0
718.3
820.6
949.1
573.9
628.2
987.3
709.1
573.6
805.4
333.6
803.1
740.0
784.8
368.0
1.084e+03
544.8
629.2
823.5
588.3
347.8
822.4
557.9
0.0
1.29e+03
885.3
423.8
1.157e+03
615.5
656.9
877.4
1.006e+03
694.4
668.0
360.8
362.3
814.2
273.3
1.016e+03
661.5
307.3
872.5
0.0
649.7
1.24e+03
954.5
832.6
712.4
812.5
797.0
1.099e+03
300.2
659.8
663.6
680.9
416.7
1.01e+03
576.6
1.083e+03
1.054e+03
940.0
761.8
397.3
398.9
830.1
528.8
0.0
895.1
682.3
600.6
621.4
805.0
583.7
868.0
1.08e+03
1.289e+03
495.9
517.7
1.268e+03
1.046e+03
448.7
1.04e+03
886.8
0.0
523.0
596.2
587.0
926.3
949.0
377.6
693.4
505.4
568.8
443.6
1.269e+03
546.9
959.6
369.2
464.4
1.034e+03
739.1
867.3
740.9
670.4
1.1e+03
850.7
577.0
777.4
488.4
801.5
367.4
845.1
386.4
974.5
1.087e+03
232.1
819.7
162.1
644.5
783.9
635.0
887.1
421.4
579.6
860.2
1.08e+03
781.0
816.2
451.0
1.059e+03
629.5
354.2
891.1
627.9
526.8
1.031e+03
482.3
830.2
85.27
313.0
474.4
795.8
600.8
655.4
583.0
915.1
1.194e+03
474.1
606.4
442.0
601.7
78.0
294.9
771.9
787.7
627.1
550.0
692.8
501.5
272.9
305.7
407.9
482.3
1.035e+03
838.4
1.105e+03
1.063e+03
1.02e+03
797.6
1.174e+03
1.188e+03
305.7
756.4
843.3
1.122e+03
523.2
1.111e+03
1.034e+03
807.0
780.6
339.6
831.0
749.2
538.8
606.3
743.4
670.5
1.056e+03
833.5
946.8
912.9
877.9
666.6
1.056e+03
615.5
801.2
1.167e+03
390.8
1.055e+03
680.2
853.9
760.3
487.4
690.5
793.5
646.5
550.6
390.2
1.095e+03
787.9
447.2
762.7
738.7
1.103e+03
679.8
844.5
720.4
755.1
509.7
334.4
572.8
1.097e+03
452.9
512.6
1.051e+03
899.2
790.1
839.4
281.5
1.076e+03
1.183e+03
611.9
1.147e+03
1.18e+03
644.5
902.4
903.0
468.6
391.8
986.4
629.3
781.6
247.5
1.039e+03
964.8
594.7
234.7
532.9
486.3
1.091e+03
423.8
941.1
0.0
1.063e+03
492.5
806.3
333.3
986.5
836.5
590.8
475.7
603.0
719.6
626.5
1.042e+03
717.5
607.4
818.0
1.106e+03
666.8
756.3
915.6
1.126e+03
958.1
972.2
646.7
819.0
736.7
570.8
585.2
631.5
864.5
553.0
1.022e+03
586.8
418.8
603.7
670.6
1.13e+03
900.6
427.2
913.8
662.1
774.3
940.0
1.084e+03
526.3
906.4
554.1
634.8
541.8
806.4
625.3
731.0
945.7
1.101e+03
565.8
1.241e+03
496.0
362.9
899.0
934.7
1.299e+03
578.2
77.85
667.1
565.2
533.8
315.9
394.0
639.6
574.9
917.8
355.1
463.2
803.0
769.7
452.5
779.9
1.148e+03
499.0
522.8
239.7
855.5
819.3
590.9
553.5
381.5
827.5
469.5
626.3
438.0
559.7
832.2
877.0
869.0
874.8
1.053e+03
417.6
475.2
553.6
504.3
853.1
798.0
1.007e+03
983.5
883.4
995.2
412.5
676.6
1.199e+03
676.1
884.7
661.2
892.1
844.2
486.7
470.6
409.0
462.6
910.5
1.017e+03
888.9
1.111e+03
1.224e+03
0.0
525.2
717.6
698.4
455.6
812.9
1.085e+03
422.9
214.5
610.2
1.24e+03
824.6
378.6
1.174e+03
785.0
848.3
1.232e+03
131.0
1.099e+03
721.9
656.3
838.3
625.6
383.4
966.2
948.5
954.2
721.8
300.5
660.4
995.4
1.259e+03
337.6
319.0
926.4
547.8
885.3
449.9
309.5
1.245e+03
637.1
609.1
627.8
506.3
591.5
1.018e+03
901.4
809.2
502.5
320.9
356.5
357.7
695.7
851.4
902.8
667.4
528.2
320.8
732.4
411.9
749.5
587.5
407.3
512.8
970.8
1.007e+03
831.7
1.2e+03
375.7
633.4
794.0
1.108e+03
946.0
1.171e+03
475.9
844.2
592.2
560.6
142.0
357.8
1.193e+03
895.8
682.0
1.234e+03
700.6
593.7
372.5
1.015e+03
291.7
551.8
1.013e+03
717.6
488.2
685.1
269.2
850.3
833.4
935.7
1.135e+03
951.2
381.3
863.9
1.065e+03
1.146e+03
905.6
685.9
526.8
599.2
313.5
464.4
736.4
595.2
1.077e+03
603.4
781.4
1.089e+03
790.9
952.7
1.038e+03
638.2
575.0
333.0
671.3
577.8
810.8
952.0
991.2
671.7
1.177e+03
784.3
477.2
559.3
828.9
298.0
636.6
918.1
419.0
798.3
348.5
970.1
464.8
1.088e+03
878.9
28.38
679.6
551.1
480.0
699.7
612.2
337.8
367.1
583.8
1.043e+03
736.8
492.5
475.2
833.6
906.0
440.0
310.0
1.021e+03
1.078e+03
605.8
508.3
811.7
1.182e+03
420.0
363.9
798.3
663.3
1.036e+03
818.1
678.4
740.9
1.026e+03
1.05e+03
750.2
1.119e+03
868.5
867.8
1.069e+03
600.1
945.0
661.9
323.2
1.026e+03
549.7
1.179e+03
552.4
512.7
764.8
0.0
474.1
824.4
574.1
537.6
1.074e+03
602.2
794.3
622.3
1.294e+03
822.5
473.3
595.7
577.1
1.049e+03
810.6
447.4
990.5
333.7
756.7
249.2
182.6
1.063e+03
1.011e+03
1.175e+03
618.3
448.8
310.0
729.4
276.9
413.0
677.7
916.5
606.8
481.6
933.2
770.2
1.111e+03
677.3
781.1
618.0
1.163e+03
677.1
1.035e+03
976.9
762.4
470.0
1.174e+03
563.9
487.7
1.224e+03
966.5
332.5
0.0
345.8
259.2
459.4
0.0
426.4
486.3
0.0
491.0
556.0
577.6
244.8
371.0
2.991e-05
377.5
553.7
513.3
416.4
691.2
499.3
369.2
409.3
811.5
525.5
537.0
563.5
572.8
600.6
481.9
531.5
333.0
574.8
506.3
503.9
698.6
463.2
447.0
664.2
679.7
597.1
611.4
682.2
581.1
610.8
595.7
513.8
670.7
690.9
665.7
726.7
743.9
559.7
673.4
763.4
410.8
889.4
884.6
294.2
565.0
571.9
715.5
933.8
765.6
632.8
864.2
834.5
786.1
1.11e+03
750.4
892.6
1.082e+03
939.4
890.8
846.1
530.4
873.2
788.0
928.6
673.2
679.4
779.0
786.2
1.138e+03
991.5
768.7
948.9
684.8
996.5
859.7
746.5
949.9
1.024e+03
1.066e+03
854.4
766.5
907.4
283.5
245.0
235.9
345.1
533.7
608.2
166.8
433.7
406.5
650.5
158.2
290.9
493.3
576.2
396.2
477.1
697.9
470.9
577.7
748.2
722.2
519.4
593.1
464.1
663.7
611.4
640.9
590.6
684.5
687.0
679.0
768.3
680.0
465.1
671.9
801.4
672.9
557.5
784.1
894.2
569.8
665.7
657.2
692.7
796.0
586.1
642.6
1.024e+03
784.2
819.0
810.6
858.7
840.3
806.8
965.2
823.3
864.2
474.9
861.2
850.5
985.5
728.0
737.7
964.4
727.8
824.4
897.8
983.3
900.8
1.063e+03
723.6
896.1
1.058e+03
995.1
986.8
880.1
905.5
1.061e+03
920.4
1.201e+03
920.5
855.3
795.1
853.6
1.2e+03
961.0
1.016e+03
1.112e+03
1.048e+03
1.039e+03
955.0
1.085e+03
893.0
978.9
772.8
1.166e+03
1.163e+03
965.7
1.026e+03
1.375e+03
