1.782
0.1852
0.0
3.996
3.49
0.5324
0.0
0.2323
11.38
1.905
3.212
1.99
0.9595
8.639
0.0
1.163
5.849
0.4446
1.069
2.988
0.5254
0.767
4.148
4.861
5.517
0.8617
0.2971
2.697
5.63
1.902
0.9061
0.1492
2.14
1.914
6.461
0.389
0.6902
0.326
0.793
7.097
1.198
1.122
6.512
1.222
1.514
1.351
1.76
1.404e-07
5.144
5.221
2.241
0.0
0.7428
1.268
5.162
6.536
3.41
2.36
0.9042
0.4992
0.7732
1.52
1.448
3.393
1.838
1.837
0.0
2.137
1.343
3.049e-07
8.988
2.96
5.364
2.125
2.582
0.0
0.7665
2.378
2.358
1.755
0.7993
0.0
1.514
1.456
1.769
1.416e-07
4.65
1.106
0.9765
1.94
0.3659
0.5552
0.0
0.7187
13.5
1.958
6.41
3.997
10.34
3.764
1.41
1.145
2.149
2.125
10.07
9.22e-08
8.884
7.172
0.4514
4.996
1.348e-07
3.464
1.349
0.0
3.393
2.634
6.877e-08
2.283
0.6927
0.6553
3.241e-07
0.8494
1.24
3.477
0.9376
2.169
1.165
1.407
1.162
3.921
0.2434
1.182
4.058e-07
3.671
8.172
4.209
3.926
0.9681
0.6426
0.6667
0.0
5.034
1.428
1.043
7.308
1.226
0.0
1.259
3.757
0.4044
0.5695
1.174
5.868
0.9018
0.9071
7.839
7.23
1.294
0.8731
4.085
0.921
0.0
1.531
5.252
0.7998
1.133
0.0
1.57
1.324
7.39
5.8
2.187
4.759
1.053
2.306
3.787
0.761
2.744
0.8426
1.554e-07
1.007
0.8575
0.4166
3.433
4.07
1.423
4.32
0.3493
7.597
1.583
5.171
9.279
8.408
8.277
1.617
0.6792
2.845
0.8316
1.892
0.0
1.504
1.341
5.937
1.685
4.269
6.265
0.159
5.57
6.134
4.884
1.856
0.0
1.05
2.017
0.5613
0.5361
3.054
5.13
4.807
0.7136
0.9893
6.893
3.814
2.134
5.295
2.442
2.839
5.455
1.919
5.878
0.3422
0.9939
9.45
9.115
2.387
5.606
6.297
9.35e-08
2.256
0.0
0.6873
0.0
3.002
4.736
0.0
0.2737
2.398
1.382
0.6578
1.014
0.9787
2.165
1.283
1.912
1.492
10.07
4.526
2.041
1.838
3.52
0.5562
0.3059
4.392
0.0
0.4343
11.98
3.565e-07
0.7266
1.315
2.256
0.0
0.9652
0.537
1.42
5.368
3.877
0.0
0.4547
5.835
1.747
1.051
2.0
1.388
4.549
1.682
0.5351
3.715
0.0
1.874
10.64
6.681
2.665
6.281
0.8109
2.536
3.371
0.0
1.437
6.128
3.779
2.767
5.686
0.6453
0.1926
1.536
0.5531
3.873
1.239
2.53
3.42
1.769
8.275
1.008
1.92
1.884
2.995
1.578
2.153
3.255
1.699
4.893
2.082
4.402
2.202
1.435
1.022
4.009
2.593
0.8634
1.659
1.207
5.619
4.78
4.841
2.992
1.274
0.35
1.649
2.848
6.708
2.745
1.947
4.221
2.133
0.0
10.89
0.0
1.753
0.3833
0.4579
2.733
0.0
2.195
1.556
2.233
1.624
0.7272
0.0
2.283
4.896
2.627
1.836
6.047
7.834
0.8403
0.3259
3.437
0.0
1.287
0.758
0.6414
6.004
6.539
0.8302
1.468
1.721
1.637
0.0
1.471
0.511
0.3291
3.07e-07
2.359
1.368
1.181
4.965
4.672
3.454
3.438
1.692
1.695e-07
0.6088
2.375
3.817
3.262
2.075
2.586
1.681
1.342
2.529
6.169
0.8519
0.0
0.9687
3.155
3.764
0.9866
1.675
7.295
0.9583
1.284
4.171
2.329
0.9084
2.011
1.963
1.367
1.335
1.355
1.642
1.265
1.316
0.0
0.0
1.565
3.128
0.9759
5.288
0.0
1.093
0.6809
1.753
0.2607
0.6957
6.027
2.734
4.568
2.001
1.162
0.7055
22.66
0.0
0.0
2.871
1.855
0.6297
0.6584
6.563
0.362
36.77
3.332
4.389
3.737
3.542
2.153
8.502
0.7527
4.488
0.0
5.849
1.617
0.0
2.387
1.923
1.53
2.665
1.315
1.797
1.272
0.3922
1.299
11.52
1.743
0.6954
11.2
3.113
0.502
4.508
1.77
0.0
4.534e-07
5.31
2.006
2.528
2.268
1.993
0.5216
0.0
0.2164
1.441
4.666
1.661
11.25
1.56
0.7253
4.238
11.51
0.0
7.679
0.6582
0.0
1.192
0.0
1.941
9.15e-08
1.485
0.8787
0.7445
1.493
2.651
1.442
0.6399
2.927
1.141
2.791
4.058e-07
0.8947
1.231
3.37
0.4986
1.329
5.112
0.6038
1.034
1.556
2.996
3.301
0.5788
5.068
1.044
1.77
0.7197
2.259
13.48
1.642
0.0
1.6
3.524
1.172
4.28
0.6819
0.4826
2.851
1.058
1.247
1.834
9.422
1.051
1.213
1.157
1.644
4.133
2.806
0.6876
1.72
0.4765
1.248
1.792
1.45
0.9051
3.753
1.139
2.902
3.55
0.0
1.753
3.741
1.289
1.109
0.9944
1.796
0.4595
1.809
0.0
0.9137
0.9511
4.498
5.455
8.706
0.0
1.518
0.0
0.8566
1.552
2.33
11.41
4.992
2.043
0.0
0.9369
1.584
3.547
0.2458
0.7459
2.255
2.837
5.752
0.7965
0.6787
1.034
1.56
2.326
0.0
3.578
0.0
2.667
4.71
1.525
1.276
1.308
1.671
3.795
3.067
0.0
3.787
6.994
0.122
3.728
0.704
1.368
1.974e-07
4.765
3.638
1.354
4.431
0.6894
1.568e-07
1.882
2.666
5.671
1.24
0.0
0.0
3.249
6.893
0.0
2.624
1.74
8.248
2.971
0.836
5.239
0.9883
8.661
3.491
0.5563
1.344
3.746
4.286
4.775
0.0
3.255
5.386
0.379
0.6813
2.406
0.4449
0.0
1.325
0.2177
2.741
0.6875
0.6171
4.041
3.278
3.795
9.177
0.7367
1.005
1.343
1.679
0.0
6.298
3.373e-07
3.262
0.0
2.336
5.416
0.667
7.674
0.0
1.66
1.198
9.732
2.524
3.455
7.397
1.787
0.6273
0.379
2.822
6.129
3.507
1.832
7.668
1.256
0.4816
0.0
4.226
1.225
1.287
0.0
0.389
2.387
3.283
0.4669
0.766
1.418
3.303
1.409
5.2
3.174
0.4198
1.969
1.72
0.5425
0.0
0.9179
1.668
2.156
3.127
1.055
8.6
1.58
5.4
0.73
0.5179
4.07
3.16
1.347
0.9787
6.86
2.739
1.774
1.149
8.271
1.975
0.3427
5.57
1.236
5.713
0.4816
0.1587
3.797
0.5027
1.329
0.0
4.037
2.426
0.0
1.841
3.51
1.572
3.055
2.311
2.871
0.8685
1.285
1.522
1.404e-07
2.24
0.5531
3.395
2.122
3.933
3.301
3.032
4.102
1.728
0.4801
0.9778
5.606
2.514
2.282
4.883
1.212
4.109
1.305
0.7312
0.5337
0.9935
2.234
0.8402
0.0
0.0
0.9994
5.616
3.573
3.839
5.827
0.0
3.224
4.498
2.441
1.749
4.508
2.635
1.361
0.6037
0.6336
1.438
1.667
2.063e-07
3.55
0.5142
2.224
6.638
1.156
1.439
6.056
0.2881
0.0
0.7362
6.943
1.677
4.418
0.0
3.688
1.421
3.563
6.365
7.736
0.0
0.7763
2.945
2.5
5.599
4.301
0.0
1.63
3.113
1.091
0.8236
4.732
1.002
1.524
2.442
0.0
0.732
4.28
1.686
0.965
1.856
1.976
0.3792
8.978
2.082
0.7714
1.094
3.3
3.013
2.265
0.0
1.016
1.051
0.8646
0.9521
0.2352
2.398
3.476
0.0
4.592
2.839
4.711
1.248
0.0
0.8706
1.979
3.115
2.214
4.81
0.4886
3.945
0.3898
1.696
1.237
4.809
3.65
1.054
4.803
4.614
0.6783
1.283
8.709
5.664
1.031
2.8
0.6322
0.0
0.0
4.431
1.518
1.404
1.642
1.854
1.038
6.566e-08
2.921
0.9241
1.434
4.109
0.3473
7.101e-08
2.112
1.03
6.344
1.186
1.839
0.0
1.839
3.499
0.0
8.647
5.91
5.186
7.198
1.48
5.243
1.461
3.726
2.142
1.106
0.1638
1.741
4.166
8.81
0.6187
2.7
9.849
1.463
5.242
1.472
2.718
1.744
5.725
3.161
1.44
0.0
2.467
0.8577
6.03
4.389
0.9781
1.877
1.771
1.12
1.473
0.3212
2.044
4.744
0.803
5.178
2.311
0.0
0.0
0.0
3.491
2.79
3.283
1.336
1.528
4.242
2.078
2.402
6.709
1.571
1.17
1.563
1.009
2.101
1.213
0.0
7.066
1.508
2.489
4.302
0.6397
0.0
2.462
2.467
0.0
0.5682
4.498
2.131
1.18
1.362
2.114
3.817
4.462
0.3015
5.931
8.134
4.383
1.77
10.31
0.4898
1.324
2.88
5.509
2.639
2.029
0.7855
0.0
3.339
1.593
0.88
3.492
2.158
2.14
0.4918
3.476
0.0
0.6057
7.933
1.432
14.52
2.88
2.0
1.613
0.5339
5.35
1.061
0.6442
5.634
2.927
5.049
2.317
7.522
2.697
1.27
3.636
3.522
1.504
1.041
1.29
10.64
0.2298
1.123
0.8787
6.216
2.948
1.636
2.611
0.3097
0.5712
4.735
1.209
0.4067
4.861
1.958
0.4259
3.199
2.526
1.744
0.9518
0.0
2.429
5.323
1.983
2.92
2.619
3.997
0.997
2.667
2.149
5.874
0.2062
0.3612
0.0
18.04
0.0
1.196
0.8051
2.414
3.799
2.514
1.253
4.585
2.175
1.903
14.33
2.19
2.945
2.001
0.0
2.008
1.75
0.0
2.849
0.0
0.9714
2.98
1.479
1.629
1.187
0.0
1.844
0.8717
0.6057
0.642
0.0
2.123
1.694
4.041
2.131
1.252
3.945
2.419
6.94
1.5
3.741
1.191
0.0
3.911
1.936
2.302
3.386
0.8519
0.0
6.167
0.9715
2.382
0.7406
8.234
0.9217
1.456
1.41
0.5186
1.139
1.268
1.09
5.092
0.0
3.814
3.741
0.0
8.011
2.945
5.757
2.292
1.72
1.36
3.702
0.9067
2.326
0.8498
1.275
0.0
1.766
1.556
4.541
5.717
8.093
1.167
11.5
1.061
0.5529
0.9994
2.926
8.326
0.7385
2.27
0.0
0.9241
1.116
6.637
2.185
2.158
7.851
3.16
0.4671
4.117
1.492
1.298
3.902e-07
5.475
4.488
2.329
0.0
3.19
2.825
0.5011
0.0
4.498
2.98
1.015
0.5479
2.448
0.727
1.98
5.243
0.5031
2.468
0.0
0.0
1.372
1.419
2.156
3.224
1.676
2.437
4.007
2.314
0.88
2.021
8.65
2.868
0.8292
1.631
3.451
5.18
2.886
3.522
0.0
2.595
1.409
0.0
0.0
0.0
2.528
1.07
0.496
1.79
1.096
4.592
0.6185
0.5527
0.4461
2.836
1.17
0.0
1.31
0.9602
1.756
5.942
1.781
0.0
1.415
3.977
0.8803
3.226
1.754
2.344e-07
1.437
7.331
1.079
5.31
0.8142
10.9
0.0
1.55
0.0
4.838
1.436
2.646
0.0
0.7905
0.9017
3.087
1.608
2.523
5.767
8.275
0.8529
3.761
0.6082
0.991
3.073
0.8263
2.976
1.823
4.775
5.777
0.1872
4.181
7.163
1.744
2.51e-07
2.639
0.6107
6.06
1.918
1.409
1.041
0.6966
0.0
5.255
0.8351
5.885
2.947
2.233
0.4713
2.767
18.74
0.0
4.412
0.9611
4.131
2.609
3.044
3.676
1.189
0.9131
1.56
1.107
3.115
2.79
5.63
1.089
2.92
1.358
5.391
0.5815
1.054
0.0
1.203
0.8214
1.236
5.162
1.31
0.4033
1.633
5.056
0.0
1.402
7.56
0.4365
2.314
8.324e-08
0.4751
0.7025
1.463
3.3
0.4765
6.301
0.8359
1.984
0.0
1.386
1.842
1.635
2.205
5.333
1.299
0.4015
6.215
2.651
5.869
5.811
1.539
1.051
2.971
0.2809
1.084
0.9282
0.0
1.247
1.905
2.359
0.0
4.36
0.5723
3.573
0.393
0.6827
0.9311
1.317
2.695
5.253
3.451
0.0
1.315
0.6957
0.8188
0.834
3.328
0.9137
2.311
0.5158
6.019
0.2801
0.0
1.063
3.331
0.7036
5.298
0.9378
0.0
0.0
1.194
1.328
0.0
0.8079
1.507e-07
6.689
0.0
0.0
0.7725
1.431
0.0
2.078
0.0
4.3
0.8928
1.313
0.4981
0.0
1.569
0.3564
2.886
0.9245
3.732
13.8
1.348
1.006
2.168
0.6914
0.8574
1.1
6.879
0.6428
2.791
2.112
2.839
0.8341
0.0
2.338
0.9177
0.8602
6.018
2.123
1.32e-07
2.053
5.785
9.593
17.39
0.0
1.163
2.609
2.128
0.0
1.641
1.222
2.206
5.062
8.184
3.454
7.689
0.339
0.466
0.0
0.4397
1.599
0.9961
2.868
0.6966
2.338
1.284
5.76
1.108
4.801
1.123
9.957
5.607
0.0
6.047
3.955
5.431
1.168
4.109
3.638
1.315
2.431
0.0
2.673e-07
1.518
1.039
0.8185
1.544
2.234
1.121
1.677
1.741
1.313
0.9448
0.7195
1.396
2.169
3.128
0.0
3.391
0.7269
0.8882
0.0
0.0
7.02
7.703
1.774
0.0
2.147
1.811
0.0
0.0
0.0
6.198
0.0
2.271
8.124
0.42
5.628
0.3433
2.837
3.207
0.6589
3.054
1.76
2.43
1.437
0.2874
0.9301
1.299
0.7026
8.426e-08
0.0
0.7714
1.165
0.6263
0.9531
0.0
0.0
4.803
0.8351
1.057
1.496
6.925
18.7
1.478
0.0
0.8167
1.13
4.71
1.281
0.7512
3.039
4.845
1.622
0.8305
5.491
7.756
0.0
0.6037
0.0
2.536
0.0
5.209
0.516
4.98
1.297e-07
2.186
0.6188
3.223
2.988
0.8121
7.865
1.56
0.7955
0.9374
7.055
5.835
1.744
1.854
8.716
7.389
0.9307
5.395
1.418
2.346
8.998
5.058
1.099
0.0
1.258
0.0
1.924
0.0
1.056
0.0
2.089e-07
0.7998
0.7612
1.971
11.87
1.357
6.928
0.922
1.271
4.094
0.0
0.0
1.927
1.207
5.289
2.594
11.56
7.933
7.724
1.609
0.0
5.394
0.6401
1.751
0.7924
7.113
1.278
0.0
3.199
9.958
2.507
0.0
0.6799
5.206
0.6427
0.8965
1.28
3.386
0.4709
1.727e-07
0.9806
2.326
1.465
2.793
2.565
6.509
1.153
12.08
2.571
0.7851
16.82
2.888
1.042
0.0
0.0
11.02
0.7656
1.47
0.0
1.45
4.124
0.5399
0.8775
0.0
3.224
0.326
2.082
3.181
1.595
2.93
6.301
0.0
4.317
0.0
1.421
3.345
5.367
1.362
0.9908
1.999
1.676
0.0
5.474e-08
1.56
2.067
3.328
3.779
1.136
5.118
6.059
2.806
1.478
1.091
3.021
1.042
2.027
2.185
1.648
0.5184
1.771
1.354
1.743
0.5557
2.898
1.032
1.04
3.873
0.4787
0.7055
0.7572
2.526
2.608
8.685e-08
0.5584
4.028
4.251
0.6201
1.506
0.1686
0.0
1.832
1.469
0.7823
3.817
1.971
10.85
0.4433
1.204
0.4452
2.734
2.898
0.5901
0.1753
2.158
0.6487
3.278
0.0
2.034
1.432
4.808
4.702
1.473
1.682
0.9358
1.204
2.695
11.07
3.339
4.765
0.6693
4.654
7.972
0.0
0.0
0.3524
2.568
2.182
0.8828
1.122
1.155
2.113
2.571
4.99
1.744
1.472
1.949
1.863
1.742
0.536
0.4498
6.226
4.78
0.6652
1.079
4.217
8.018
7.327
0.7631
2.063e-07
2.295e-07
1.855
1.101
1.565
1.211
5.092
5.768
0.502
3.391
1.796
1.248
3.525
0.7791
0.0
1.593
9.85
5.129
1.358
4.181
1.022
2.964
4.373
0.6672
0.0
5.671
3.391
3.726
5.513
0.9282
7.382
0.0
1.204
0.0
5.787
1.05
2.848
2.064
1.08
1.093
0.9325
1.716
5.462
1.388
2.165
1.362
7.012
3.753
1.365
0.0
2.335
5.162
1.324
0.6486
1.666
2.663
2.33
1.1
1.35
1.565
8.752e-08
1.275
0.9357
0.0
0.8597
2.234
1.687
1.527
0.0
1.34
2.509
0.0
1.992
0.5453
2.613
1.054
0.4938
2.739
7.137
8.032
0.965
2.01
7.557
2.93
4.891
0.0
4.499
2.467
1.727
3.331
0.0
0.9276
2.837
0.5318
8.003
1.349
1.396
1.536
10.74
1.795
0.8222
2.061
0.5226
4.614
5.944
0.0
0.5758
2.063
0.762
7.137
2.063
18.4
5.047
0.354
5.509
1.759
0.4298
1.289
2.002
0.8731
2.816
1.848
1.634
3.671
0.9772
4.023
3.532
0.433
0.0
5.724
1.185
0.0
0.8319
0.8691
0.743
5.034
1.67
1.666
0.0
3.427
2.333
2.969
4.975
1.321
0.3735
0.7205
0.0
0.7207
1.016
1.103
6.076
10.88
1.683
5.129
0.8942
1.117
0.0
0.8607
3.525
7.151
5.295
1.88
1.275
0.8427
1.356
2.131
3.19
2.142
6.835
2.119
1.334
0.0
1.447
7.968
4.857
1.411
2.017
2.338
5.163
1.643
1.967
2.197
2.588
0.9288
1.915
4.352
0.5808
1.585
2.196
6.674
17.39
0.0
1.406
4.692
6.292
1.478
9.422
0.3049
2.125
5.168
0.3867
0.8896
2.107
1.075
0.0
2.175
1.241
0.1536
1.247
6.285
4.891
1.271
1.79
1.628
7.56
0.6109
9.117
0.6082
0.0
3.919
2.816
0.3917
3.761
0.5324
4.518
1.39
1.277
0.7461
4.156
1.631
2.89
6.541
9.705
0.484
7.89
0.7334
0.8115
1.488
10.04
1.941
0.5359
0.0
1.56
10.11
0.0
2.433e-07
1.065
0.9676
0.0
2.425
5.101
9.871
0.8374
1.206
2.122
5.669
0.746
0.6602
1.485
0.4418
6.665
0.7921
3.411
5.599
0.0
2.331
2.201
8.137
1.343
3.036
0.6287
1.499
0.8666
6.617
2.349
1.416e-07
0.994
2.467
0.0
0.9207
5.707
0.0
2.107
0.0
6.215
0.0
0.2616
1.712
1.273
1.136
2.306
0.9186
0.0
0.4801
1.249
1.721
0.0
1.387
6.297
0.6534
1.481
1.687
8.664
0.0
1.927
0.0
1.541
1.182
9.82
0.6873
0.5871
0.5219
6.009
0.0
1.297
6.076
0.0
1.626
1.61
4.757
2.624
0.6107
5.364
0.0
1.113
1.9
2.569
0.8598
0.765
2.176
4.494
2.476
1.984
3.057
15.08
0.3295
0.8245
0.5265
2.01
1.675
4.293
3.985
0.0
1.335
9.379
2.902
0.0
3.329
7.741
0.0
13.62
0.2313
1.695e-07
3.786
1.671
1.298
2.224
0.4414
5.599
3.088
0.0
9.537
0.9362
0.2581
1.606
1.065
4.124
1.42
2.326
0.4921
1.616
1.958
1.28
2.333
5.264
1.525
5.08
1.656
7.942
1.952
1.052
3.973
0.0
0.6826
0.8946
2.457
3.41
0.7664
4.65
4.959
2.433e-07
2.288
1.026
1.777
2.212
1.995
3.1
0.9258
8.885
2.179
1.735
0.9853
0.9717
0.0
0.6069
3.648
0.0
1.479
1.56
1.083
1.992
1.439
1.977
1.612
7.69
1.892
11.2
0.8201
6.589
0.9307
1.242
1.818
0.5929
2.049
1.741
0.9377
0.8482
0.7418
0.2868
1.487
1.282
2.697
1.323
30.37
0.0
1.056
1.664
0.818
1.868e-08
4.539
1.619
3.42
1.088
7.979
4.102
6.704
0.7984
2.158
0.0
0.7846
2.076
1.315
7.741
2.801
3.383
2.025
8.531
0.91
4.585
0.0
11.16
5.254
0.9318
2.074
6.425
1.394
5.309
1.298
3.057
2.029
5.368
0.958
7.977e-08
0.65
0.0
0.0
1.316
5.707
2.348
3.223
0.5491
1.409
0.2177
1.284
1.22
1.146
1.432
0.7768
1.307
5.833
4.238
0.0
0.0
5.752
1.974e-07
0.8716
6.86
5.767
5.713
8.774
4.996
1.205
0.9064
1.53
3.224
0.2893
3.896
1.529
3.438
1.692
2.619
3.799
5.891
1.092
1.568e-07
7.323
7.588
1.628
0.0
1.45
1.536
0.0
0.6399
0.5216
2.219
2.945
1.468
1.407
2.026
0.0
3.702
0.9604
0.0
1.896
12.08
4.845
2.025
0.0
0.3619
4.553
1.628
2.791
2.697
0.9095
1.015
0.0
1.225
1.99
2.699
3.113
4.397
0.7425
0.6629
2.212
0.0
1.718
5.971
8.777
9.195
1.32
0.7829
4.15
0.7304
6.376
2.239
3.144
0.9663
3.199
1.25
2.338
1.897
1.843
0.9971
1.336
11.32
11.24
2.246
1.372
3.013
1.972
1.999
0.6262
5.822
0.0
1.44
1.658
1.155e-07
4.697
0.0
0.6037
0.8637
1.313
1.801
0.0
0.3205
10.48
1.627
1.309
5.707
6.994
1.444
0.9619
0.2276
0.7223
0.0
0.0
2.628
0.0
4.574
0.7139
0.5531
0.0
4.857
5.885
2.625
0.9546
0.5447
0.0
2.235
0.6058
0.0
7.481
1.229
0.0
4.994
0.0
8.023
1.225
9.131
4.735
3.444
0.8765
0.9488
1.078
0.572
7.591
1.415
1.31
0.0
1.073
3.663
0.0
1.457
0.9091
3.532
8.88
0.7534
1.627
0.0
0.0
0.7234
0.9081
1.492
2.206
0.9531
0.0
5.526
1.163
0.0
1.784
1.548
0.9276
1.586
0.9797
8.207
0.391
10.49
1.891
0.0
5.423
0.5396
1.693
0.5333
0.0
0.7998
2.187
0.9787
0.8206
6.876
2.552
0.9474
1.844
0.0
1.307
2.031
1.351
0.9118
1.216
2.373e-07
5.497
1.094
9.651
4.642
1.51
0.6165
2.196
1.571
1.884
0.0
3.99
0.4992
1.079
1.86
6.296
1.653
0.9787
0.0
0.3846
0.8637
0.9373
1.73
1.75
8.284
0.9786
1.83
0.0
2.8
1.433
0.3333
8.609
1.215
3.985
0.9426
2.278
2.325
1.248
1.063
3.249
0.1835
8.731
0.3038
0.2605
4.838
0.597
11.67
1.428
6.318
3.329
3.954
0.9691
7.891
2.029
1.153
1.257e-07
1.961
1.153e-07
0.5951
0.88
0.8446
1.56
0.0
0.5034
7.007
0.6973
1.7
0.9413
0.8464
7.055
1.164
0.3185
9.502e-08
1.297
1.168
4.3
3.746
1.771
6.772
8.59
0.4694
0.0
2.242
1.704
2.004
1.463
5.983
2.694e-07
4.037
2.011
1.423
2.349
1.524
0.0
2.619
0.5628
2.239
4.612
0.5699
0.6103
2.195
0.5589
2.912
1.821
2.214
0.8419
7.151
2.161
4.302
0.0
1.659
4.534e-07
3.059
1.63
0.8653
6.802
0.9683
1.291
0.4149
0.95
1.1
2.1e-07
0.0
8.107
0.9146
0.5439
9.279
0.0
1.389
1.808
1.193
0.0
2.373e-07
0.7191
1.329
1.185
4.809
2.417
0.5244
1.071
1.321
0.0
1.244
2.597
4.052
1.898
0.0
2.099
1.097
1.201
1.461
5.163
3.122
0.9907
4.876
2.791
0.2596
8.714
2.114
0.0
0.7859
1.611
0.9888
8.407
8.809
0.0
1.887
0.6239
0.517
0.3066
3.383
3.477
0.7994
1.916
0.0
0.0
6.719
7.858
6.002
3.817
0.0
2.646
1.148
1.659
0.3708
3.155
7.295
0.6471
0.0
4.073
1.704
5.18
3.551
0.9445
0.9352
7.172
0.9227
2.921
1.415
1.907
5.431
4.397
5.367
0.9416
1.091
2.88
1.232
0.0
0.0
4.317
0.3861
0.0
0.0
13.49
3.583
0.8969
0.0
4.81
0.2418
0.8057
10.19
0.0
1.053
0.2218
1.313
0.0
5.1
1.688
0.0
0.8014
0.5942
5.686
1.354
1.057
1.496
1.256
0.9176
1.455
2.929
1.666
1.852
9.958
0.5187
1.999
1.587
0.7056
3.567
0.93
1.801
0.5934
1.777
10.06
8.661
1.096
0.7968
2.235
0.7153
0.7487
1.737
1.362
1.228
2.265
3.817
0.4844
7.389
2.191
1.459
5.999
0.998
1.446
0.0
0.0
0.7425
1.063
1.144
1.73
1.457
0.5354
4.653
4.801
2.025
0.905
1.705
3.598
2.586
2.01
1.447
2.666
9.564
0.5106
7.308
2.663
0.0
1.891
1.469
8.261
0.0
0.0
3.339
5.878
0.0
1.831
2.632
0.2145
9.482
0.5056
2.718
2.112
0.8678
0.0
1.123
2.665
0.0
8.172
0.0
7.481
0.0
0.0
0.504
0.6955
1.427
0.0
0.0
1.716
1.38
0.0
0.0
1.291
1.466
4.402
1.325
5.669
5.907
1.268
1.846
0.9658
0.0
3.104
9.973
6.692
2.233
2.057
9.928
5.774
1.817
1.473
0.9422
0.2532
0.5915
1.021
1.787
0.5153
5.768
7.959
1.329
2.801
2.292
2.569
0.2749
1.072
2.331
9.001
3.616
0.0
3.567
3.954
3.301
0.4106
1.037
3.973
0.3952
1.29
0.7283
1.995
4.72
1.03
5.6
0.8396
0.0
1.379
3.628
1.677
6.509
2.038
3.178
3.795
1.039
7.509
0.3319
1.305
6.508
0.6923
2.165
1.068
0.1744
9.31
1.17
5.634
1.418
3.411
1.644
1.717
0.8294
0.8283
1.507
1.165
1.661
1.148
2.246
1.421
4.959
1.931
0.7367
1.3
0.0
0.0
0.0
0.3768
8.252
8.35
0.0
0.6941
0.0
1.176
0.4086
7.843
0.0
2.455
1.365
0.778
3.0
7.39
2.302
9.663
0.0
1.45
2.771
6.263
3.003
0.5258
0.794
0.0
1.414
0.6892
0.927
0.2675
7.003
1.793
0.4628
1.015
1.497
7.895
2.691
5.08
0.0
0.0
1.358
0.0
0.7859
3.087
3.207
3.455
1.168
1.543
1.078
0.6719
6.311
0.0
1.166
0.0
3.901
2.786
5.049
2.244
0.0
1.321
1.444
1.543
0.1744
1.32
6.77
2.877
0.9891
2.699
4.513
1.178
0.0
1.315
1.006
8.998
7.881e-08
1.205
0.8377
7.962
3.145
1.215
0.9364
1.961
0.638
0.5463
0.0
0.5176
0.0
0.0
0.8333
0.0
7.333
2.147
1.087
3.422
1.418
0.8013
4.654
4.526
0.5351
0.6297
0.7246
0.6174
6.549
0.0
7.627
1.32e-07
3.99e-08
8.293
0.4416
1.294
0.346
3.884
3.749
0.6239
1.711
0.323
2.162
0.9823
7.382
0.0
4.553
0.8468
0.1854
5.642
7.468
3.977
1.837
1.067
1.043
0.8859
0.9658
3.088
1.03
0.525
0.2847
5.497
3.945
2.565
1.143
0.9711
6.461
2.825
11.56
0.0
0.4167
0.0
0.6808
13.46
4.166
0.0
2.105
1.592
10.76
2.816
5.144
5.777
1.598
1.001
1.905
0.7849
2.611
0.0
1.076
1.184
0.3712
0.6031
0.7091
5.684
4.568
0.6201
0.0
2.374
0.0
2.202
0.0
1.394
0.0
5.355
4.293
1.447
0.9937
1.226
4.242
2.745
2.582
2.798
1.409
1.382
2.604
0.9317
2.204
4.221
6.829
4.412
2.037
1.168
0.958
0.8359
4.494
2.043
0.0
0.6972
0.0
0.5858
1.287
0.827
0.0
0.9557
1.107
0.2964
1.777
0.7968
5.385
8.592
0.0
7.819
0.6792
0.0
1.841
2.335
0.4871
1.531
8.834
1.551
1.474
0.0
1.406
2.772
0.9726
0.6034
0.8508
0.0
0.5471
0.8666
1.36
1.324
0.0
9.601
0.8011
0.2873
1.499
0.0
2.113
4.127
8.884
1.21
2.17
6.433
1.586
0.3353
7.128
1.811
0.8576
1.214
0.9113
0.0
5.847
4.123
3.015
0.0
0.6324
0.0
1.084
0.0
1.693
5.288
4.732
4.741
4.019
0.6534
0.6757
1.269
0.0
4.518
1.095
0.0
1.168
11.36
5.423
1.111
6.477
0.6708
0.3012
1.512
3.053
0.0
0.0
1.197
1.246
0.5849
1.507e-07
7.235
1.117
0.0
4.028
7.564
1.371
1.851
0.7323
0.6692
1.234
6.727
3.104
0.0
8.538
8.886
0.9431
2.585
11.98
0.3999
0.6511
3.37
5.252
1.788
2.988
0.0
9.762
2.272
1.033
7.959
0.8695
2.384
0.8991
1.163
3.032
5.391
1.518
0.749
0.0
7.756
0.4123
0.8617
1.788
1.057
1.433
0.0
1.806
0.5775
0.8858
7.967
0.0
1.211
1.775
1.114
9.214
2.463
0.7276
0.0
0.7709
4.313
22.69
0.0
0.0
0.0
1.577
0.9847
5.233
0.0
1.628
0.7678
3.715
5.76
0.9958
0.0
0.3487
11.51
4.508
1.334
0.1953
0.21
1.62
2.028
0.0
1.114
5.067
1.117
2.262
2.951
0.0
0.4816
14.52
1.518
1.119
0.5938
1.823
7.23
0.5106
1.903
3.378
1.689
6.121
0.0
0.7542
0.379
0.3131
0.0
0.8494
1.831
6.95
6.835
0.0
0.0
4.007
0.0
2.382
1.544
2.061
4.023
0.0
7.74
1.509
3.021
7.509
0.5071
3.572
1.387
2.01
4.752
