20.11
7.222
12.83
21.4
5.067
11.57
7.486
7.329
5.113
9.991
25.66
12.32
10.87
28.55
11.64
26.13
25.68
25.91
9.482
13.0
0.0
7.308
27.82
0.0
19.5
12.11
0.0
0.0
11.92
6.019
14.65
10.9
8.869
19.02
14.1
14.21
5.077
11.73
15.48
13.91
4.759
11.8
17.41
10.79
19.42
26.13
16.54
5.282e-07
12.65
15.32
20.69
12.08
11.43
22.07
5.327
0.0
13.67
18.67
10.07
8.816
18.67
25.99
11.43
4.275
28.55
20.62
4.517
20.5
17.72
32.0
27.82
12.65
10.83
17.92
11.42
9.522
25.99
16.17
18.26
20.59
5.084
8.735
3.47
10.71
5.113
18.92
5.077
12.27
15.48
12.3
20.17
7.804
10.74
22.22
10.68
19.49
9.215
9.461
24.82
5.846
9.537
12.11
55.67
17.98
8.102e-07
2.695
17.95
7.936
12.49
13.84
18.45
29.56
5.792
12.92
16.96
28.55
10.87
15.19
5.912
7.248
20.58
12.11
20.59
19.81
16.25
14.05
10.53
3.704
3.311
14.71
7.869
7.959
10.68
3.902
11.51
11.45
17.37
6.948
20.5
11.66
14.08
0.0
20.59
11.71
12.84
13.8
0.0
18.63
5.077
19.62
10.74
11.84
7.751
19.92
9.484
24.82
16.52
10.25
9.225
11.87
12.23
25.66
14.35
12.87
12.65
9.944
9.816
12.57
28.94
10.02
35.62
11.21
28.55
10.07
0.0
23.44
17.21
16.96
6.384
25.99
17.19
5.817
17.34
25.99
3.47
5.068
11.19
34.29
16.75
16.52
38.46
22.21
10.6
11.73
3.755
16.94
11.39
17.55
11.4
12.83
13.07
5.113
13.71
5.113
14.63
10.75
12.89
6.991
14.1
11.15
14.44
24.35
15.56
10.54
3.464
14.99
5.088
16.14
8.735
7.308
8.087
20.32
8.868
18.45
15.5
14.63
4.849
21.15
13.76
15.0
8.602
16.75
11.5
3.008
9.816
18.06
15.43
11.36
13.6
6.712
19.19
4.337
34.76
19.44
8.049
10.04
9.527
14.01
13.06
0.0
6.523
8.425
16.4
3.668
16.37
6.082
14.13
9.721
30.51
17.39
8.603
7.934
12.52
10.79
10.07
24.69
15.35
14.19
9.728
14.84
4.83
6.501e-07
5.912
13.85
13.1
17.09
5.793e-07
21.41
27.82
13.95
13.35
10.95
11.5
28.01
0.0
15.34
6.384
15.69
13.72
13.26
11.61
11.52
10.79
15.5
11.88
7.422
10.63
27.82
14.77
12.64
11.63
14.33
7.309
19.14
3.809
8.397
10.48
11.21
16.59
27.24
16.72
17.98
11.44
15.66
0.0
8.087
15.23
15.17
0.0
11.43
15.87
28.68
10.87
8.237
8.379
12.91
21.01
14.33
16.13
10.63
33.44
19.45
19.52
15.53
16.38
8.318
12.61
13.89
10.32
25.34
14.1
12.27
12.52
4.61
5.077
6.207
15.01
10.84
21.17
9.241
11.17
18.38
0.0
12.84
18.55
23.38
12.49
12.78
7.088
23.04
0.0
7.222
15.32
12.65
12.95
11.73
0.0
12.84
4.181e-07
21.48
26.96
14.21
12.28
11.19
14.81
13.13
8.354
8.68
15.13
3.902
3.475
11.7
0.0
9.585
24.29
8.603
12.18
9.243
23.24
12.51
17.55
12.65
12.7
14.66
4.275
11.19
9.297
28.82
12.68
14.47
15.71
17.01
10.47
6.384
17.27
15.3
8.869
10.07
16.72
6.058
26.13
30.98
5.902
15.37
12.28
35.62
17.23
35.96
19.27
12.05
8.68
3.954
10.66
7.583
0.0
0.0
14.55
11.15
4.61
6.309
13.74
13.71
11.47
8.861
18.49
12.66
11.71
26.18
24.38
32.74
20.59
18.3
12.92
26.71
7.368
36.81
27.27
23.44
11.6
3.475
11.73
4.61
5.342e-07
12.64
6.753
0.0
13.37
26.46
10.26
0.0
16.49
14.21
13.43
22.28
6.597
11.06
18.67
5.902
11.89
21.82
5.088
25.09
10.52
14.56
5.912
26.73
17.45
12.68
4.139
18.63
16.93
9.834
12.77
10.09
12.52
20.59
20.21
16.48
35.62
12.0
19.76
20.81
12.57
26.73
6.058
10.97
14.4
23.51
10.07
17.38
26.73
17.14
12.81
7.814
12.36
6.46
15.63
12.19
18.23
6.753
8.93
19.95
13.43
18.67
11.6
16.13
2.4
21.49
4.556
7.309
11.56
15.51
21.79
18.23
12.92
10.01
5.902
9.479
6.816
18.63
14.71
10.07
0.0
10.76
10.91
13.07
15.19
3.809
11.18
8.713e-07
18.5
24.83
25.13
5.586
5.012
9.659
13.6
18.04
12.49
19.79
13.59
25.68
13.74
25.68
4.788
22.46
11.24
11.75
29.08
0.0
13.17
13.02
13.46
12.11
10.56
12.22
11.45
9.968
12.94
33.94
12.92
12.22
15.48
7.783
10.69
17.07
12.32
12.84
41.92
8.603
8.185
13.37
5.113
11.49
5.902
10.26
16.93
10.95
12.11
3.47
12.87
10.53
9.724
13.93
12.23
4.463
13.06
25.91
4.463
19.45
16.04
14.21
12.25
12.01
5.342e-07
22.16
5.865
5.817
15.5
16.59
11.22
14.65
8.272
12.64
22.63
26.73
12.64
16.94
0.0
13.22
12.0
13.06
11.23
21.83
12.11
16.72
9.968
20.2
26.13
11.4
35.96
11.18
11.53
22.29
13.48
8.099
13.74
16.23
14.09
10.79
11.53
12.22
20.7
9.938
16.11
25.68
28.55
13.07
14.55
7.278
12.86
7.133
17.48
10.6
12.84
9.762
16.77
26.13
11.65
21.92
20.57
18.36
22.79
14.36
38.61
26.73
15.17
11.49
9.112
6.99
12.75
13.72
12.79
6.177
12.29
18.49
10.79
10.99
12.36
12.17
28.55
10.47
0.0
20.35
15.11
4.61
8.087
8.249
10.07
12.79
6.501e-07
11.5
17.07
6.916
11.71
26.73
13.99
8.603
0.0
17.98
6.991
12.81
14.53
14.2
12.22
12.37
3.755
14.28
13.7
17.98
0.0
19.48
10.46
15.23
6.196
10.74
18.15
4.61
12.94
21.35
30.54
12.81
8.735
15.32
7.133
12.3
11.35
12.77
7.102
9.502
10.93
20.59
19.35
11.07
27.04
17.27
10.07
10.24
10.63
14.16
8.603
30.54
14.14
14.97
22.69
26.57
24.17
19.15
12.64
14.14
12.77
3.467
20.11
10.47
28.55
7.783
15.25
17.47
7.011
12.47
21.52
18.09
14.07
20.51
10.56
9.031
10.76
25.99
7.133
3.755
19.07
13.46
23.62
10.91
15.2
3.846e-07
0.0
16.08
16.58
12.65
14.63
7.209
16.89
3.846e-07
13.76
10.24
7.248
6.177
11.73
17.24
13.17
14.97
0.0
14.71
13.25
11.72
18.94
10.43
14.77
5.502
17.06
64.33
11.93
0.0
32.7
25.68
12.23
20.82
10.56
15.37
11.93
12.8
16.21
0.0
7.435
16.54
7.368
19.39
12.64
9.225
7.583
20.02
16.39
14.7
15.67
9.482
10.76
11.72
13.41
16.55
13.01
10.74
14.3
12.94
18.54
22.35
10.51
13.16
9.599
7.065
12.37
15.78
14.71
20.59
13.24
0.0
15.86
8.553
17.38
11.59
12.81
19.02
20.14
16.52
11.49
11.06
10.51
18.11
18.85
7.751
28.55
23.95
5.844
10.79
6.816
17.42
23.58
23.97
10.62
7.102
12.83
16.2
18.45
17.55
26.73
10.72
20.5
19.49
15.29
0.0
16.92
12.22
15.34
11.83
19.01
6.566
21.1
11.42
29.78
5.113
8.765
10.07
6.523
31.9
11.27
16.82
14.13
14.7
13.06
18.84
8.087
12.65
0.0
10.76
10.95
22.41
19.82
14.02
13.9
10.27
15.66
17.51
12.92
23.23
12.65
11.33
25.47
17.95
4.275
5.915
18.48
17.44
17.98
8.603
24.6
25.68
8.893
15.97
14.09
9.701
11.93
5.113
11.67
7.189
11.15
20.5
10.08
14.81
17.3
13.51
18.48
10.64
12.11
11.72
13.22
6.523
26.96
14.21
16.12
14.97
11.59
1.961
12.83
15.68
17.47
0.0
5.088
21.01
14.69
9.941
10.79
5.342e-07
24.84
20.9
7.368
14.1
12.09
11.33
11.57
17.99
11.35
26.13
7.749e-07
11.5
17.34
7.934
10.92
0.0
11.63
13.37
15.26
23.85
9.49
11.83
15.51
14.23
18.2
12.39
11.6
13.5
26.32
28.97
7.011
14.0
25.68
23.54
5.865
14.71
25.68
14.28
23.1
27.27
21.02
34.76
12.65
16.88
20.74
26.25
18.26
35.62
10.96
13.89
20.51
22.64
27.82
27.82
0.0
6.566
18.01
19.13
12.57
3.475
13.71
8.732
10.48
6.384
9.876
9.951
29.62
6.523
11.13
8.102e-07
12.66
14.83
13.3
38.46
14.73
13.7
11.6
12.22
19.97
13.64
16.98
3.467
29.94
16.63
8.816
14.79
11.64
13.39
15.71
13.46
24.43
22.72
25.99
22.25
18.98
20.27
12.83
17.59
5.0
12.55
12.52
21.83
19.52
15.8
8.713e-07
35.62
12.62
6.712
21.15
12.92
18.46
24.33
13.72
22.25
13.13
12.95
5.915
12.65
21.48
41.92
0.0
14.33
17.23
16.7
10.53
16.57
10.46
14.99
24.83
14.93
9.968
24.78
15.64
13.43
10.86
18.63
4.275
15.47
15.56
9.651
13.89
15.86
19.4
23.44
25.47
14.83
8.22
0.0
17.38
1.961
9.297
14.16
4.544
12.19
9.913
16.64
20.0
16.84
12.64
12.61
10.16
25.3
18.7
22.58
22.87
4.556
11.34
14.63
24.67
12.52
12.11
15.36
16.52
7.422
12.33
13.02
18.59
35.62
27.62
8.936
14.33
8.713e-07
22.14
18.03
12.65
11.5
12.8
2.4
26.76
5.327
14.04
13.01
26.96
10.95
11.23
11.75
28.82
15.6
16.57
12.65
9.898
9.676e-07
12.4
19.14
18.01
7.102
12.64
11.19
22.96
12.73
25.99
10.94
14.14
5.817
15.96
3.846e-07
14.69
6.196
11.9
15.63
12.54
35.62
16.67
12.33
4.788
11.88
24.01
25.68
11.51
16.62
4.544
18.37
23.68
14.83
20.02
28.55
12.64
19.23
11.22
12.04
16.79
17.25
12.65
25.99
25.96
35.62
0.0
28.61
8.812
10.46
17.03
24.67
5.865
18.67
23.93
18.22
13.37
9.695
11.98
10.55
9.808
13.41
12.53
13.64
11.72
11.59
13.33
14.01
8.087
17.19
15.89
23.11
5.012
12.36
8.603
9.031
14.58
25.22
18.44
20.11
16.58
11.44
11.74
12.19
26.73
16.84
17.4
21.75
14.96
15.63
10.75
9.938
24.69
15.78
16.63
14.61
19.27
25.99
6.816
12.23
22.79
11.47
13.79
17.77
14.14
12.33
18.12
17.38
18.76
