1.06
1.947
1.902
1.649
2.617
2.89
2.541
2.615
2.525
1.141
1.656
3.02
0.5977
2.957
3.204
3.398
3.148
3.129
0.5126
0.5126
2.155e-07
1.723
0.7949
3.004
3.504
3.365
3.365
3.244
3.244
1.327
1.293
1.924
1.582
2.545
2.564
3.439
2.465
1.811
2.533
2.029
2.218
0.0
1.99e-07
1.775
1.775
3.011
3.011
4.186
2.881
2.881
2.881
0.8981
1.2
1.208
1.292
1.108
2.517
2.686
2.582
2.533
2.885
2.7
1.019
0.5474
3.116e-07
1.125
0.5317
1.417
1.187
1.51
1.045
0.9998
0.9998
0.8117
0.3997
1.179
2.185
1.919
1.73
3.076
3.334
3.313
2.849
2.666
2.905
2.779
1.271
1.271
1.672
0.0
2.05
3.535
2.798
3.064
2.725
2.725
2.798
0.8999
1.745
1.407
0.8362
1.702
2.185
1.811
1.818
1.897
1.995
1.526
3.097
2.011
1.345
3.519
3.266
3.59
3.836
3.957
3.602
1.094
0.0
1.108
1.156
0.9471
3.361
3.129
3.294
3.429
3.397
3.429
1.265
1.516
1.292
0.0
2.683e-07
2.24
2.814
2.814
2.801
3.513
2.814
0.976
1.115
0.8604
0.9142
3.375
3.439
3.26
3.52
3.278
1.886
1.656
1.13
1.126
1.13
1.126
1.886
1.656
0.0
0.0
0.6468
2.196
0.8444
2.858
2.526
2.192
2.232
2.192
0.8179
1.825
0.489
1.375
1.722e-07
1.578
2.476
1.797
1.836
2.268
1.797
1.522
2.197
2.668e-07
1.628
1.519
1.204
2.809
2.846
2.937
3.403
2.976
3.039
3.039
1.736
0.7609
1.557
1.633
0.9831
1.662
2.205
2.013
1.517
1.091
0.0
1.898
1.502
3.604
2.509
2.812
2.64
2.64
1.792
1.37
2.097
1.575
3.298
2.9
2.899
2.741
2.808
2.076
0.0
1.763
0.0
2.744e-07
2.708
2.402
2.402
2.948
2.402
2.402
1.456
1.351
0.0
0.0
2.039e-07
3.229
3.229
3.229
3.414
3.117
3.229
2.107
2.209
1.22e-07
2.324
0.7019
2.767e-07
4.052
2.581
2.69
2.929
2.559
2.69
2.69
2.105
1.884e-07
1.203
0.0
3.485
3.458
3.36
3.458
3.458
1.902
2.373
1.15
0.0
0.7788
2.208
2.087
2.539
2.629
1.972
2.208
1.716
0.9364
1.827
2.044
2.615
2.222
2.777
2.701
2.53
1.874
0.0
1.499
3.297
3.191
2.902
3.586
3.242
3.242
1.236
2.231
0.7584
1.166
2.504
2.828
2.623
2.365
2.61
0.96
1.409
3.63e-07
0.699
0.9584
2.389
2.299
1.928
2.527
2.129
2.129
2.344
1.17
1.455
0.0
1.057
3.64
3.227
3.277
3.489
3.365
3.227
1.022
1.765
2.607
2.607
3.581
3.581
3.934
4.046
4.067
1.782
1.975
2.186
0.9834
1.721
2.785
3.514
3.631
2.807
1.23
0.0
1.442
1.41
0.0
2.413
2.441
2.665
2.441
2.822
2.441
1.601
0.0
1.399e-07
1.736
1.328
2.49
2.38
2.732
2.597
2.597
2.597
1.031
0.0
1.528
0.0
2.442
2.31
2.541
2.31
2.31
0.9173
0.0
1.83
0.7066
1.388
2.966
3.395
3.021
3.347
3.252
3.252
2.106
1.756
2.171
1.557
2.527
2.082
2.637
2.337
1.475
0.5626
0.0
1.549
1.666
0.7318
2.918
3.382
2.789
3.052
2.373
3.052
2.68
1.247
0.0
1.648
3.343
3.808
3.002
3.47
3.343
1.257
1.865
1.121
1.984
1.595
2.853
2.309
2.771
1.942
2.108
2.502
1.591
0.0
2.445
0.6472
3.162e-07
2.839
1.529
1.372
2.056
1.372
1.372
1.805
2.492
2.257
1.191
3.529
3.904
3.462
3.626
3.954
3.176
1.204
1.679e-07
1.989
0.9502
3.147
2.47
3.167
2.769
2.33
2.33
1.727
0.0
2.763
0.5925
2.458
2.756
2.88
2.791
2.791
2.8
0.9306
1.661
1.871
0.0
2.724
2.531
1.372
2.577
2.477
2.531
0.728
0.0
1.652
0.917
2.634
2.26
2.522
2.367
2.367
1.44
1.918
2.36
2.343
1.792
2.219
3.396
1.962
3.189
1.637e-07
2.167
2.127
1.148
2.114
2.945
3.236
3.028
3.331
3.05
3.028
0.606
1.66
2.488
1.474
3.496e-07
2.053
3.491
4.048
3.328
4.144
4.215
4.286
4.048
1.649
1.323
1.868
0.766
1.081
1.911
4.448
4.358
4.464
3.896
5.024
4.427
4.461
2.123
2.454
1.58
1.014
0.0
0.8069
2.575
2.296
2.331
2.285
3.329
2.469
2.296
1.393
0.0
1.407
0.8814
1.997
1.242
2.44
2.947
2.617
3.098
2.285
2.643
2.285
1.702
1.921
1.744
1.716
0.9269
1.153
2.356
2.396
2.634
2.65
3.175
2.744
2.324
0.9768
1.9
1.27
1.634
1.634
0.3653
3.068
3.068
2.749
2.905
2.459
2.938
2.783
1.048
1.586
0.5094
1.805e-07
2.462
2.018
3.252
2.22
1.844
2.116
2.018
1.324
0.9107
2.597e-07
0.0
3.542
3.542
3.708
3.649
3.542
0.0
2.072
2.181
1.202
0.0
1.165
3.57
3.71
3.612
3.71
4.691
4.314
3.71
1.295
1.366
1.382
0.9793
1.678
1.939
3.176
3.712
3.575
3.034
2.891
3.348
3.023
1.189
1.446
1.069
0.0
1.243
1.677
3.093
3.085
3.424
2.89
2.875
3.305
3.093
0.0
1.824
2.076
1.174
1.145
1.921
2.141
2.52
2.734
2.033
2.548
2.518
2.033
0.0
1.605
1.32
0.9592
1.485e-07
1.566
1.639
1.724
2.239
1.724
2.284
1.929
1.724
1.774e-07
1.662
1.713
1.507
1.394
2.951
3.243
2.664
2.764
2.43
2.764
0.0
1.901
2.177e-07
1.559
0.0
1.166
2.96
3.538
3.275
3.538
3.157
3.538
3.538
1.122
2.146e-07
1.45
0.0
1.651
2.827
3.067
2.951
3.177
3.067
3.067
1.02
2.45
1.653
0.9294
0.9524
3.14
3.425
3.459
2.984
3.685
3.254
0.0
2.202
1.657
1.312
1.568
1.38
2.99
3.199
2.943
2.439
2.695
2.801
2.439
0.8988
0.0
0.9647
1.127
1.044
3.538
3.148
3.374
3.092
3.226
3.092
1.184
1.259
1.832e-07
2.774
0.0
2.063
3.89
3.117
2.671
3.04
3.324
3.117
3.117
1.546
1.485
1.647
1.099
2.079
2.36
2.055
2.258
1.959
2.693
0.9472
1.227
1.773
1.45
3.983
4.701
4.408
3.129
3.941
4.014
1.425
0.971
1.527
1.099
3.296
3.013
2.711
2.532
2.863
1.13
0.0
1.468
1.498
1.444
1.987
3.638
3.513
3.32
3.532
3.483
3.929
3.483
0.7893
0.8315
0.0
0.5336
0.8618
2.88
3.018
2.901
2.906
2.971
2.88
0.6958
1.507
1.242
1.286
0.9058
2.873
2.979
3.152
3.418
3.211
3.163
1.236
1.533
0.8566
1.273
2.254
3.252
3.084
2.915
3.568
3.365
3.486
1.443
1.418
1.829
0.0
1.799
2.549
2.228
2.909
2.228
2.495
2.529
0.7964
0.8972
1.454
1.57
0.0
2.723
3.164
3.034
2.734
2.726
3.178
3.044
3.034
2.534
1.478
0.6428
1.466
1.189
1.437
2.053
1.663
2.904
2.177
2.046
0.0
2.362
0.8868
0.0
0.5001
1.442
2.164
2.361
2.404
2.164
2.861
1.988
2.164
0.7278
1.156
2.066e-07
2.25
1.442
0.3519
2.76
2.793
2.649
2.611
2.85
2.596
2.596
1.406
2.082
1.242
1.496
2.967
3.028
3.491
3.605
3.181
1.692
1.558
0.991
1.99
1.538
2.811
3.677
3.028
2.725
2.732
2.933
2.725
0.916
0.0
1.166
2.238
1.733
2.605
3.432
3.211
2.693
2.617
2.617
1.571
1.734
1.923
0.0
0.7857
1.771
1.661
2.337
2.787
2.765
1.771
1.42
2.052
1.856
0.0
1.074
1.529
2.634
2.77
2.394
3.202
2.151
3.199
2.634
0.8027
1.563
3.114e-07
0.9608
2.866
0.8292
2.277
3.52
2.147
2.344
3.009
2.145
2.145
0.7445
1.929
1.774
1.765
0.7999
1.493
4.219
4.343
4.232
4.138
4.42
3.816
4.064
1.74
1.367
1.367
1.138
0.8999
1.399
4.166
4.098
4.067
3.369
3.547
3.547
4.159
1.117
0.0
1.493
0.0
0.0
1.091
2.951
2.951
3.027
2.919
2.951
3.183
2.951
1.872e-07
1.605
1.065
0.0
3.863
4.088
4.088
3.962
4.088
1.056
1.713
1.164
0.0
2.551
1.763
2.364
2.874
3.312
2.365
2.322
2.45
2.364
0.0
0.0
1.629
0.8734
2.104
2.354
2.73
2.378
2.378
2.283
2.378
0.0
1.669
1.961
1.73
1.623
2.632
3.03
2.769
2.765
2.813
3.02
2.556
2.813
1.303
1.124
1.832
1.858
1.025
1.991
2.84
2.505
2.912
2.484
2.426
2.95
2.421
1.072
1.466
1.401
0.4228
0.0
1.639
2.781
2.841
2.885
2.745
2.94
2.843
2.841
0.9223
2.799
1.281
1.294
1.031
1.816
2.569
2.133
2.295
2.392
2.001
1.214
0.0
2.161
1.343
1.279
1.113
2.341
2.277
2.27
2.189
2.202
2.646
2.202
1.681
1.308
0.0
4.432
4.741
4.772
4.751
4.461
4.741
0.5651
1.776
1.411
0.0
4.183
4.156
4.219
4.153
3.91
4.156
1.125
0.0
0.9226
0.0
2.576e-07
0.7945
1.432
1.45e-07
2.217
2.631
2.146
2.155
2.146
2.146
2.146
1.468
0.0
1.172
0.0
5.035
5.185
4.969
5.185
5.185
2.898
0.0
1.755
0.0
2.372
1.68
3.148
1.68
1.68
0.8774
1.572
1.921
0.7651
3.645
3.219
3.051
2.681
3.191
1.458
0.0
1.494
0.0
2.353
1.404
1.559
1.404
1.404
2.369
0.0
2.702
0.0
4.392
4.348
4.328
4.348
4.348
1.45
2.245
2.509
2.207
1.146
2.628
3.0
2.331
2.355
1.363
0.0
1.108e-07
3.314
0.0
0.0
4.019
2.315
2.315
2.295
2.315
2.315
2.315
2.269
0.0
1.495
0.0
2.4
1.908
3.208
1.908
1.908
1.599
0.0
1.436
2.093
2.251
2.949
2.344
2.315
2.315
1.026
0.0
1.102
0.0
2.759
2.648
2.954
2.648
2.648
1.788
0.0
0.6658
1.429
2.218
1.91
3.16
2.285
2.285
2.37
0.0
1.221
0.0
2.166
1.973
2.928
1.973
1.973
3.155
0.0
1.53
2.038
3.268
3.356
3.574
2.978
2.978
0.9187
0.0
0.7768
1.635
1.46
1.741
1.6
1.626
1.626
3.106
0.0
3.457
0.0
3.073
4.381
4.108
4.381
4.381
2.655
2.344
2.379
0.0
3.19
2.43
2.511
2.052
2.43
0.715
0.0
2.261e-07
0.8732
1.824
1.863
1.818
1.824
1.824
1.754
0.0
2.342
2.88
0.0
1.97
3.45
3.544
2.486
3.646
3.544
2.454
3.544
2.682
0.0
1.415
0.6653
5.141
5.151
4.527
5.197
5.197
1.635
0.3294
1.94e-07
2.839
3.609
1.962e-07
3.369
4.196
2.689
2.884
2.79
2.689
2.689
0.5958
1.358
1.553
0.5036
2.871
2.41
2.838
2.779
2.609
1.509
0.0
1.139
2.254
2.121
1.787
2.454
1.83
1.83
2.063
0.0
1.451
1.258
2.513
1.354
2.495
1.689
1.689
1.808
1.608
1.478
0.9558
2.463
2.065
2.468
2.445
2.14
1.696
2.251
0.0
2.154
0.884
1.942
0.884
0.884
1.667
0.0
1.633
0.6539
1.975
0.9893
1.906
1.029
1.029
1.056
0.0
1.34
1.924
3.849
3.777
4.254
4.223
4.223
1.284
1.522
1.762
0.0
1.658
1.532
2.148
1.48
1.532
1.362
0.7279
2.014
0.0
3.175
3.375
3.548
3.348
3.375
2.429
0.7336
0.0
0.0
1.74
1.74
2.138
1.692
1.74
2.007
1.834
1.071
0.0
3.712
3.752
3.666
3.213
3.752
0.0
1.781
0.0
2.216
2.226
2.737
2.226
2.226
1.302
0.0
2.07
1.341
3.391
2.264
2.903
2.543
2.543
0.7992
2.772
1.34
0.0
3.304
3.4
3.408
3.823
3.4
1.135
1.186
2.668
2.86
3.53
3.149
3.735
3.76
3.457
1.548
0.0
1.116
0.9688
3.236
3.362
3.386
3.119
3.119
2.425
2.458
1.29
0.0
2.22
2.239
1.26
1.315
2.239
1.189
0.0
2.029
0.0
4.313
3.471
3.616
3.471
3.471
2.031
0.0
2.218
0.0
2.218
0.0
2.031
0.0
0.0
2.116
2.111
1.294
1.632
2.521
2.445
2.333
3.058
2.547
1.818
1.766
4.118
1.688
4.247
3.04
3.165
3.479
2.86
2.814
0.0
2.028
1.826
3.001
3.325
2.849
2.887
2.887
1.234
1.388
1.026
3.428
3.334
3.2
3.184
3.334
1.781
0.0
1.58
0.0
2.832
2.463
2.9
2.463
2.463
0.7549
1.088
1.85
1.617
3.007
3.053
2.169
2.671
2.207
2.016
1.795
1.69
2.173
2.29
2.568
2.824
1.838
2.011
2.008
0.0
2.27
0.7735
1.476
1.457
2.111
2.494
2.321
2.696
2.136
2.828
2.136
1.561
1.289
1.074
0.0
2.882
2.719
2.597
2.688
2.719
1.42
0.0
0.0
1.321
2.682
2.958
2.486
2.682
2.682
0.0
2.743
1.421
1.49
1.546
3.264
3.266
3.13
3.056
2.24
3.056
1.162
0.0
2.136
1.071
1.174
1.356
1.999
1.184
1.578
2.177
1.578
0.0
0.0
2.68
2.35
4.516
4.223
3.825
3.825
3.825
1.317
1.908
2.559
1.389
0.0
2.724
3.166
2.963
3.851
3.063
2.71
3.584
2.963
1.162
1.646
2.073
1.454
0.0
0.0
2.027
1.595
1.595
2.035
2.169
1.579
1.595
1.32
0.0
2.365
1.743
1.808
0.0
2.389
2.151
1.743
2.815
1.743
1.299
2.934
1.994
0.0
0.6073
1.886
4.487
4.591
4.508
4.078
4.343
4.3
4.487
1.543
1.573
1.891
0.8538
0.0
1.837
0.8538
0.0
1.837
1.543
1.573
1.891
0.0
1.049
0.0
1.656
0.8292
1.119
1.241
1.553
1.275
1.373
1.369
1.5
2.372
1.5
0.8803
1.64
1.019
1.056
3.493
3.359
3.165
3.576
3.358
1.496
0.0
1.775
0.0
0.0
1.78
1.78
2.014
1.78
2.653
1.78
0.6375
0.0
1.556
1.729
0.0
2.833
3.264
2.741
2.827
2.741
2.741
2.18
2.18
2.006
2.112
3.794
3.967
4.58
4.58
4.05
0.7122
0.0
0.7122
1.989
0.0
2.832
2.259
2.171
2.259
2.171
2.259
2.023
1.699
0.9842
1.853
0.0
2.409
1.149
2.281
1.656
1.514
1.149
0.0
1.714
1.436
0.8145
2.045
2.244
2.045
2.642
2.497
1.929
2.542
1.777
1.929
1.643
1.491
1.785e-07
0.0
2.154e-07
1.208
1.208
1.208
1.884
1.442
1.208
0.0
0.0
1.527
1.131
1.349
1.784
2.832
2.608
2.772
2.573
2.573
2.587
2.573
0.0
2.031
1.584
0.0
1.903
2.696
2.567
2.521
2.567
3.09
2.567
2.126
1.455
3.394
1.095
0.0
2.382
2.961
3.056
3.666
3.371
3.313
3.264
3.056
0.0
2.005
1.811
0.0
1.844
1.436
3.018
3.088
3.533
3.018
3.607
3.667
3.018
0.8043
3.13
2.019e-07
1.64
0.0
4.34
4.691
4.693
4.532
4.691
4.691
1.317
2.515
1.026
1.402
2.924
2.592
3.264
2.547
2.786
1.279
1.21
1.536
0.0
0.0
2.186
2.177
2.177
2.41
2.32
2.155
2.691
2.177
0.0
1.513
1.178
0.9703
1.251
1.461
2.418
2.845
2.813
2.746
3.092
2.762
2.746
0.0
0.0
1.425
0.0
2.22
1.683
2.178
2.665
2.888
2.178
2.178
2.359
2.178
1.562
0.8789
0.6657
1.636
4.674
4.848
4.431
4.445
4.929
2.212
1.347
2.316
1.489
2.0
1.897
3.453
4.303
4.373
4.175
3.867
3.099
4.175
0.0
2.211
1.417
0.8422
1.602
1.911
4.83
4.479
4.956
4.801
4.856
4.808
4.801
0.7302
0.0
1.284
1.091
3.168
3.231
3.225
3.366
3.366
1.196
1.66
1.566
2.493
3.346
2.76
2.832
1.739
1.937
1.545
0.0
1.009
3.744
3.989
3.741
3.829
3.59
3.744
0.0
1.013
2.576
1.166
1.639
1.537
1.753
2.29
2.438
1.757
1.662
3.363
1.757
1.17
0.0
1.492
0.0
0.0
3.022
3.022
3.103
3.022
2.91
3.022
1.251
0.0
1.94
0.0
1.697
1.697
2.197
2.813
2.454
1.967
2.197
2.219
2.197
1.835
2.896
2.275
1.698
2.496
1.685
3.39
4.048
2.836
2.502
2.756
2.655
3.162
1.746
1.547
1.702
0.0
1.807
1.529
3.235
3.453
3.369
3.918
3.529
3.226
3.235
1.212
2.498
2.304
0.7899
1.924
2.528
2.763
3.372
3.359
2.813
3.321
2.775
2.933
1.531
2.05
1.54
0.0
0.0
1.699
3.091
3.091
3.05
3.241
2.855
3.264
3.091
0.7377
2.321
1.981
1.601
0.0
2.082
1.823
1.646
2.476
2.572
1.823
1.33
1.241
1.727e-07
1.316
1.323
2.27
2.749
1.477
2.317
2.179
2.179
1.926
2.419
2.197
0.0
0.0
0.6995
2.799
2.799
2.802
2.596
2.864
2.239
2.799
0.9325
1.605
1.227
1.548
0.0
0.8781
3.808
3.586
3.678
3.588
3.535
3.483
3.586
1.766
0.0
3.064
1.824
1.583
1.643
4.651
4.128
4.65
4.037
4.373
5.015
4.373
2.097
1.295
2.479
0.8382
0.0
2.6
2.898
2.828
3.206
3.317
3.103
2.903
2.828
1.498
0.0
0.0
2.274
1.927
2.601
2.206
1.927
1.927
0.0
2.402
0.0
0.0
1.812
2.074
2.074
2.334
2.122
2.074
2.755
2.074
1.471
1.585
1.529
0.9624
2.593
1.209
2.563
2.894
2.526
2.662
2.855
2.806
2.483
2.778
2.107e-07
0.0
0.9457
0.9457
0.9457
2.819
0.9457
1.087
0.0
1.678
2.053e-07
0.0
1.431
1.431
1.747
1.431
2.088
1.431
1.426
1.101
0.0
0.0
1.127
1.127
1.734
1.463
1.127
2.419e-07
0.9201
1.475
0.3758
0.0
3.383
3.445
3.445
3.639
4.072
3.445
0.9181
0.5638
1.363
0.614
0.7771
0.7792
2.466
2.374
2.342
2.03
2.335
2.689
2.416
0.0
1.776
0.0
1.601
0.0
2.095
2.004
2.004
2.623
2.004
2.004
1.632
0.0
1.513
1.596
1.567
2.184
1.766
1.134
1.134
2.573e-07
0.8349
0.9991
0.0
1.323
2.646
2.467
2.593
2.467
2.465
2.467
1.878
0.0
1.271
0.0
1.774
1.412
2.364
1.412
1.412
2.218
2.749
0.9671
0.0
2.154
1.974
3.001
3.153
1.974
0.0
0.9815
0.0
2.214
1.899
1.899
1.899
1.899
2.011
2.558
1.772
1.212
3.246
3.003
3.125
2.373
2.896
0.0
0.0
1.504
1.701
1.504
1.701
0.0
0.0
0.0
0.0
0.0
1.632
1.781
1.404
2.194
1.123
1.123
1.123
0.0
2.924
2.213
0.0
2.953
2.295
2.295
2.991
2.295
1.797e-07
0.0
2.106
1.207
0.0
2.3
2.286
2.076
2.581
2.076
2.076
2.829
2.076
1.275
1.224
0.0
0.0
1.392
0.0
0.0
1.392
1.829
1.458
0.0
0.0
0.0
1.922
2.652
2.652
2.742
2.731
2.652
2.652
2.204e-07
0.9372
4.008e-07
0.7216
1.577
3.088
2.688
3.209
2.816
3.209
3.209
0.8856
1.522
0.7851
1.364
0.0
2.748
2.772
2.913
2.637
2.877
2.772
0.0
1.383e-07
1.837
1.826
2.532
1.826
1.826
1.826
2.534
2.567
1.169
0.0
1.732
1.754
2.805
3.167
1.754
1.662
1.879
2.048
0.8834
0.0
0.8834
0.0
1.662
1.879
2.048
0.0
1.637
0.0
1.087
1.597
1.5
1.787
1.897
1.692
1.692
0.0
1.806
1.206
0.0
3.288
3.338
3.338
3.273
3.338
0.0
1.335
1.43
2.214
0.0
2.655
2.061
2.061
2.129
1.868
2.061
2.666
2.014
0.0
0.0
1.776
1.776
3.002
2.759
1.776
0.7298
3.94
1.268e-07
1.965
0.0
2.438
1.509
1.55
3.898
1.509
1.509
0.9561
1.851
0.8184
1.425
0.6521
0.8217
2.848
2.283
2.374
2.743
2.548
2.321
2.348
1.509
2.162
1.322
0.0
2.223
1.934
2.305
2.392
1.934
1.194
2.006
1.787
2.377
2.007
2.575
0.0
2.311
1.194
2.15
1.785
1.062
0.0
2.068
1.99
2.858
2.436
1.99
0.0
3.153
2.238
2.294
2.835
2.687
3.48
1.415
3.023
2.513
0.0
0.0
3.048
3.048
3.18
4.234
3.083
3.048
1.811
0.0
1.548
1.343
0.0
2.426
2.12
2.417
2.12
2.209
2.12
0.0
0.7342
1.215
0.0
1.447
2.775
2.709
2.778
2.709
2.937
2.709
1.12
0.0
0.0
1.562
1.659
2.343
1.687
1.659
1.659
1.311
0.0
1.032
1.851
2.099
2.671
2.067
1.972
1.972
1.417
0.0
0.0
0.0
1.91
1.91
1.481
1.91
1.91
0.0
2.687
2.259
2.425
2.364
2.316
0.766
2.74
0.766
2.236
0.0
0.0
1.676
1.801
2.727
3.05
1.801
1.801
2.061e-07
0.0
0.933
0.0
2.548
2.196
2.196
2.196
2.196
1.654
2.117
1.067
0.0
1.48
1.395
2.25
1.557
1.395
1.786
0.7385
2.468
2.378
1.364e-07
2.294
1.87
2.506
3.041
2.465
2.506
0.0
0.0
1.485
0.0
2.972e-07
1.997
1.318
1.318
1.318
1.318
1.318
1.401
0.0
0.8598
2.814
2.722
2.364
3.071
2.69
2.69
1.577e-07
2.668
1.075
0.0
0.0
0.8685
0.8685
0.8685
2.505
1.552
0.8685
0.9888
3.477
1.444
2.937
3.04e-07
2.026
3.078
1.399
1.482
3.799
1.399
1.336
0.0
1.338
0.0
2.354
1.797
2.208
1.797
1.797
1.094
1.386
1.189
1.898
1.654
3.015
3.412
3.491
2.861
3.273
3.071
0.0
0.0
0.0
0.0
2.18
2.18
2.18
2.18
2.18
1.75
0.0
1.407
1.863
1.766e-07
1.962
2.845
1.549
2.385
1.549
1.549
0.675
0.688
0.0
0.0
2.729
2.729
2.752
2.819
2.729
1.545
2.242
1.857
0.0
2.355
1.448
1.751
2.741
1.448
0.0
0.0
1.184
1.657
1.58
1.69
1.068
1.068
1.068
2.754e-07
0.0
1.288
0.0
0.7901
3.458
3.492
3.406
3.492
3.492
3.492
0.0
0.0
1.146
2.522
1.172
4.178
3.37
3.518
3.786
3.786
3.786
1.383e-07
2.108
1.646e-07
0.0
2.042
2.042
2.042
2.379
2.042
1.404e-07
1.287
1.139
2.862
2.115
2.773
1.923
2.386
1.923
0.0
1.89
1.176
0.0
2.062
1.779
1.779
2.255
1.779
1.366
0.0
1.777
2.006
2.531
2.666
2.087
2.121
2.121
1.7
0.0
2.697e-07
1.949e-07
1.418
1.757
2.234
2.306
1.757
1.757
1.757
0.0
3.043
2.02
0.0
2.386
1.641
1.641
2.676
1.641
1.29
0.0
1.813e-07
0.0
2.308
2.308
2.308
2.308
2.308
1.66
2.722
1.467
0.0
2.869
2.113
2.308
2.535
2.113
0.0
1.63
1.137
1.259
2.562
2.859
2.31
2.7
2.31
1.583
0.0
0.8086
0.9069
1.93
3.292
3.006
3.327
3.287
3.433
3.287
0.7702
0.0
0.8302
0.0
4.354
4.459
4.316
4.459
4.459
1.791
0.0
0.0
2.243
2.26
2.948
2.728
2.26
2.26
0.0
0.0
2.089
0.0
2.883
2.121
2.121
2.121
2.121
0.0
0.0
1.664
1.821
2.116
1.682
1.555
1.555
1.555
1.978
1.117
1.719
2.139
2.241
2.322
2.185
1.659
1.179
0.5701
0.0
2.056e-07
0.0
2.056e-07
0.0
0.5701
0.0
0.0
1.942
1.442
0.9221
0.0
0.9221
0.0
1.942
1.442
0.0
0.0
1.666
1.094
1.521
2.885
3.08
2.595
2.659
2.595
0.5892
3.214
0.7443
3.09
1.356
3.336
1.138
2.994
1.016
0.0
0.0
0.9559
0.0
2.05
1.691
1.691
1.691
1.691
0.0
1.219
0.6933
0.0
2.818
2.829
2.829
3.108
2.829
1.467
2.214
0.0
2.591
1.89
2.671
1.89
1.89
2.077e-07
1.067
0.9281
0.8379
1.087
2.169
2.126
2.297
1.878
2.098
1.878
1.213
0.9338
0.0
0.0
4.225
4.225
4.364
4.314
4.225
1.328
1.674
0.0
2.04
1.247
1.663
1.247
1.247
2.149e-07
1.727
2.293e-07
1.146
1.66
2.039
2.069
1.612
1.794
1.612
1.612
0.0
2.043
1.946
1.584
1.364
2.048
2.151
1.635
2.715
2.57
1.635
1.756
0.0
1.446
1.737
3.302
4.062
3.463
3.491
3.491
2.91
1.646e-07
0.0
2.051
2.051
2.309
2.889
2.051
0.0
0.0
1.319
1.591
1.615
2.087
2.375
2.511
1.826
1.826
1.826
1.025
0.9719
0.9073
2.159
1.849
2.466
1.663
1.647
1.407
0.0
0.0
1.009
0.9893
1.734
1.498
1.462
1.462
1.462
0.0
1.438e-07
0.0
1.178
1.178
1.178
1.178
2.715
1.264
1.71e-07
0.0
1.627
1.627
2.709
1.915
1.627
0.0
0.0
0.8437
1.446
2.28
2.392
2.21
2.21
2.21
1.77
0.0
3.157e-07
1.435
0.0
2.955
2.44
3.311
2.44
2.44
2.44
0.0
0.8643
1.366
2.41
3.145
3.439
2.699
2.882
2.699
1.571
2.241
1.225
0.0
2.646
2.314
2.352
3.162
2.314
1.621
1.542
0.0
0.0
1.235
1.235
1.665
1.529
1.235
0.0
2.275
0.0
3.757
1.706
3.143
1.706
2.939
1.706
0.0
0.0
1.078
3.043
1.808
3.414
1.461
1.461
1.461
0.8883
1.243
0.7697
0.0
2.817
2.587
2.425
2.84
2.587
0.0
1.923
1.395
3.314
2.799
2.526
2.772
3.016
2.772
1.698
0.0
2.886e-07
1.455
1.3
3.897
4.055
3.57
3.777
3.777
3.777
1.752
2.158
1.026
2.288
2.218
1.849
2.485
2.485
2.298
0.8231
0.0
0.0
0.0
2.023
1.652
1.652
2.207
1.778
1.652
1.652
1.429
1.864
0.0
0.0
1.931
1.931
2.322
2.319
1.931
1.126
2.833
1.357
0.0
2.138
1.816
2.036
2.315
1.816
0.0
1.238
2.103
2.193
2.737
1.798
1.798
1.798
2.353e-07
0.0
0.8381
0.0
2.062
2.071
2.071
2.071
2.071
1.128
1.455
0.0
0.0
1.314
1.314
1.824
2.027
1.314
2.702e-07
2.885
1.248
0.0
1.922
1.691
1.691
2.482
1.691
1.849
0.0
1.542e-07
1.643
1.948
2.081
2.402
1.948
1.948
1.961e-07
0.0
0.6057
0.8065
2.54
2.572
2.553
2.553
2.553
0.0
0.0
1.639
2.458
1.872
2.888
1.575
1.575
1.575
1.408
1.705
1.207
1.292
1.914
1.895
2.88
2.558
2.374
0.0
2.311
1.062
0.0
0.766
1.398
1.085
0.8402
0.0
2.023
2.068
1.62
1.872
2.068
1.65e-07
1.453
0.0
0.0
2.708
0.9514
0.9514
3.0
0.9514
1.589
0.9514
1.043
0.0
2.882
2.637
2.843
3.207
3.135
3.111
3.111
0.0
1.029
9.856e-08
2.149
0.0
2.442
1.715
1.715
2.033
1.715
1.715
1.116
2.293
1.568e-07
0.0
3.322
3.322
3.043
3.429
3.322
3.673e-07
0.0
3.305e-07
0.0
2.192
1.043
1.043
2.076
1.043
1.043
1.043
1.365
2.053
0.0
0.0
2.748
2.748
3.085
3.138
2.748
0.7212
1.36
0.0
0.0
1.003
2.177
2.177
2.444
2.18
2.533
2.177
2.775
0.0
1.269
2.598
2.138
2.839
3.534
1.883
1.883
1.933
1.743
2.554
0.0
0.0
2.306
2.043
3.295
3.06
2.286
2.286
2.286
1.371e-07
0.0
1.371e-07
1.988
0.0
2.709
2.212
2.212
2.212
2.212
2.212
0.9814
0.0
1.329
0.0
1.667
1.095
1.458
1.095
1.095
1.329
0.0
0.8381
1.675
2.777
2.975
2.837
2.789
2.789
1.161
2.254
1.335
2.179
1.413
2.362
1.288
2.214
0.6018
0.0
2.324
0.9655
1.036
2.725
2.762
2.362
2.545
2.753
2.861
2.545
0.0
3.064
2.203
1.916
2.604
1.852
1.852
3.454
1.852
2.49
0.0
1.899
1.441
2.638
2.227
2.31
2.226
2.226
1.948
1.948
1.073
1.65
2.051
2.287
1.967
1.833
2.199
0.0
0.0
1.368e-07
0.0
2.393
2.393
2.393
2.393
2.393
2.218
2.242
1.963
2.74
0.0
0.0
0.7553
2.663
2.663
2.498
2.525
2.547
2.663
0.9292
0.0
1.315
0.7439
1.285
1.676
2.216
2.485
2.923
2.674
2.3
2.533
2.3
0.0
2.383e-07
1.418
2.32
2.383e-07
0.0
0.0
1.225
2.093
2.515
0.0
2.896
2.132
2.219
2.841
2.132
0.0
0.0
1.757
0.0
2.008
0.7772
0.7772
0.7772
0.7772
0.0
0.0
2.049
0.0
2.775
2.904
1.739
3.079
1.739
1.739
1.739
1.225
1.689
1.077
1.249
0.0
1.82
1.974
2.221
1.938
2.089
1.974
0.0
2.402
2.294
2.687
2.687
2.379
2.687
1.671
0.0
1.575
2.019
2.157
1.999
2.705
2.373
2.537
1.63
1.63
0.6992
0.0
1.793e-07
1.07
0.0
1.59
1.579
1.898
1.579
1.579
1.579
0.0
1.492
2.221
0.0
2.527
1.974
1.974
2.267
1.974
0.7988
0.0
1.428
2.31
2.491
3.184
2.159
2.013
2.013
0.6839
3.876
0.0
0.0
1.802
1.52
1.52
2.361
1.627
3.872
1.52
2.3
0.9398
0.0
1.534
1.672
2.146
2.673
2.548
2.812
2.146
0.0
0.0
1.176
2.913
1.176
2.913
0.0
0.0
0.0
1.544
0.0
0.9812
0.0
1.538e-07
1.364
1.669
1.669
2.359
1.669
1.669
0.7046
0.0
1.31
0.0
1.771
1.769
1.834
1.769
1.769
0.0
2.39
2.212e-07
1.532e-07
0.0
0.0
1.766
1.766
1.766
1.766
2.318
1.766
1.766
0.9215
0.0
1.099e-07
2.057
3.153
3.092
3.108
3.153
3.153
2.159
1.764
1.725
0.0
1.91
2.628
2.41
2.418
2.809
3.136
2.41
0.0
3.161
0.0
0.0
2.078
2.445
2.445
2.693
2.445
4.055
2.445
1.461
0.0
1.145
0.9132
0.0
1.452
1.189
0.9967
1.189
1.279
1.189
1.037
0.7572
0.0
1.118
3.262
3.313
3.856
3.179
3.262
1.506
1.642
1.642
2.513e-07
1.393
0.0
0.0
0.0
1.253
0.0
2.51
2.031
2.031
2.031
2.031
2.144
0.0
2.285
0.0
1.768
1.624
1.954
1.743
2.499
2.54
1.954
2.858
1.954
2.217
1.7
1.034
0.0
1.2
0.7672
2.268
1.768
0.7672
1.319
0.0
0.0
2.712
1.719
2.443
2.204
1.719
1.719
0.8311
1.319
0.8311
1.647
0.0
2.08e-07
1.294
1.211
0.0
1.551
1.171
1.171
1.692
1.171
0.0
3.858
2.58e-07
1.656
1.388
2.015
2.988
3.152
3.373
2.815
3.509
2.815
2.815
0.0
1.89
0.5749
0.0
1.025
1.837
1.782
2.229
1.782
2.506
1.782
1.701
0.0
0.7144
2.368
2.55
2.624
2.988
2.908
2.601
2.5
2.601
2.046e-07
0.0
2.592
1.114
0.0
1.994
1.79
1.79
1.79
2.886
1.79
2.215
2.765
0.0
1.995
0.0
1.995
2.215
2.765
0.0
1.835
0.0
2.01
0.0
1.297
2.14
2.342
2.442
3.025
2.342
2.342
2.152
1.265
1.686
0.0
0.0
2.275
2.275
3.177
2.598
2.484
2.275
2.536
1.907
1.692
0.0
2.487e-07
2.393
2.54
2.54
3.088
3.064
2.54
0.7288
1.18
0.0
2.099
1.39
2.447
2.752
2.653
2.651
2.494
2.447
1.328
3.22
0.0
0.0
2.255
2.255
2.088
3.097
2.255
2.064
0.0
1.712
2.654
2.321
2.565
1.718
1.718
0.0
3.184
1.474
0.0
1.555
0.9712
0.9712
3.667
0.9712
2.687
2.288
4.015
2.664
3.659
1.932
3.19
1.448
1.254
0.0
2.204
0.0
2.67
1.942
1.781
1.942
1.942
1.578
0.0
0.0
2.11e-07
2.566
1.033
3.365
2.598
3.414
3.201
3.365
3.365
3.365
0.0
0.0
1.704
1.827
2.052
2.158
1.411
1.411
1.411
1.128
0.0
0.8029
0.816
0.8029
0.816
1.128
0.0
0.0
0.0
0.9344
1.721e-07
0.0
2.08
2.099
2.099
2.839
2.099
2.042
2.099
1.651e-07
2.009
0.0
0.0
3.084
3.084
3.084
3.447
3.084
1.259
0.0
2.177
2.089
2.346
2.332
1.455
0.929
0.929
0.0
3.363
1.397
2.249
1.973
1.973
3.571
1.912
0.0
0.8572
1.616
1.917
1.899
2.024
2.552
1.899
1.899
1.839
2.32
2.601
0.0
0.0
0.0
0.0
1.839
2.32
2.601
0.0
1.087
0.0
1.667e-07
0.8498
1.315
1.383e-07
1.27
1.584
1.124
0.6461
1.124
1.124
1.124
0.6794
1.705
0.9521
0.0
0.8623
2.171
2.135
2.114
2.223
2.549
2.135
0.0
0.0
1.433
2.088
3.953
4.067
3.842
3.842
3.842
1.189
2.402
1.399
0.0
2.276
1.948
2.307
2.521
1.948
2.359
0.0
0.0
0.0
0.938
0.938
2.56
0.938
0.938
1.763e-07
1.096
0.9641
2.727
1.635
3.366
2.874
2.62
2.705
2.496
2.62
1.835
2.422
0.0
0.0
1.765e-07
0.0
0.0
1.765e-07
1.835
2.422
0.0
1.296
0.0
0.85
1.776
0.0
0.0
1.982
1.616
1.616
1.824
1.616
1.711
1.616
2.184
2.968
1.962
0.0
2.436
1.786
2.637
3.26
1.786
1.48
0.0
1.368
0.0
2.383
2.141
2.536
2.141
2.141
0.0
0.0
1.092
0.0
1.07
2.974
2.624
2.46
2.624
2.624
2.624
1.394
0.0
2.982
1.616
3.031
1.86
1.394
1.394
2.04
0.0
1.251
0.0
2.432
2.098
1.325
2.098
2.098
1.33
1.284
0.0
2.349
1.859
2.208
1.859
1.859
0.7299
0.0
0.0
2.428
2.396
2.369
2.396
2.396
2.024
0.3468
1.548
0.6818
1.827
1.169
2.09
1.071
1.03
1.115
0.0
1.178
0.0
2.843
2.688
2.146
2.688
2.688
1.478
0.0
1.932
0.0
1.145
2.497
2.326
2.528
2.463
2.326
2.326
1.758
0.0
1.434
0.0
3.239
2.852
3.624
2.852
2.852
0.0
0.0
1.701
0.7584
1.388
1.199
1.421
1.421
1.421
2.29
0.0
1.689
1.873
2.664
3.129
3.906
3.086
3.086
1.251
0.0
1.92
1.161
3.761
3.551
2.763
3.273
3.273
0.884
1.851
1.609
1.187
3.272
2.936
2.773
3.182
2.684
0.933
0.0
0.0
2.971
3.175
3.263
3.175
3.175
2.371
0.0
1.851
0.0
1.623e-07
2.436
1.363
1.363
2.539
1.363
1.363
1.71
1.023
2.072
0.3895
4.375
4.566
4.695
4.753
4.571
0.8493
0.0
0.8515
0.0
1.152
0.9156
0.4955
0.9156
0.9156
1.588
0.0
0.0
1.06
0.9616
0.7151
1.855
0.9616
0.9616
1.172
0.0
0.8302
0.3666
2.077
1.89
2.084
1.895
1.895
1.674
1.63
1.676
0.0
2.256
1.674
2.13
1.674
1.916
0.0
1.943
0.0
3.87
4.063
3.989
4.063
4.063
1.373
0.0
1.232
0.5414
2.106
1.359
1.759
1.444
1.444
2.055
0.0
1.193
1.894
0.0
0.9179
1.894
0.0
0.9179
2.055
0.0
1.193
0.0
2.159
0.6032
2.657
3.041
3.772
3.109
3.041
1.876
0.0
2.213
0.0
2.445
1.85
2.652
1.85
1.85
2.359
0.0
1.878
0.0
4.731
4.595
4.646
4.595
4.595
2.178
0.0
1.116
1.493
0.0
2.304
1.72
2.392
1.72
1.9
1.72
0.0
1.015
0.0
1.952
1.951
2.112
1.951
1.951
1.052
0.0
0.0
2.119
1.422
0.0
2.321
2.128
2.731
2.064
2.725
2.446
2.446
0.684
0.0
0.684
0.0
0.684
0.0
0.684
0.0
0.0
1.159
0.59
0.6865
1.018
2.139
2.714
2.552
2.452
2.354
1.548
0.0
0.7037
1.033
4.613
4.641
4.613
4.626
4.626
1.657
0.0
1.218
0.0
1.5
1.187
2.005
1.187
1.187
2.368
2.141
0.0
3.837
3.813
3.837
3.813
3.813
0.8717
0.0
2.18
0.0
3.36
3.128
3.18
3.128
3.128
1.78
0.0
2.363
0.0
2.386
1.107
2.145
1.107
1.107
1.325
0.0
1.339
0.9393
2.241
3.396
2.766
2.963
2.963
1.76
1.846
1.117
0.3665
4.317
4.305
4.115
4.003
4.317
1.92
0.0
0.8736
0.0
4.804
4.689
4.455
4.689
4.689
2.017
0.0
3.083
0.4484
3.125
2.973
3.083
3.083
2.18
0.0
0.8105
0.0
1.228e-07
2.19
2.481
2.481
2.301
2.481
2.481
2.259
0.0
1.36
0.0
4.348
4.089
4.22
4.089
4.089
0.0
2.049
1.974
2.032
1.974
1.974
0.0
2.0
0.0
3.437
3.501
3.511
3.501
3.501
0.8649
0.0
1.095
0.0
2.682
2.946
3.2
2.946
2.946
0.0
1.795
0.6258
2.022
0.6258
0.6258
2.759e-07
1.64
1.124
0.0
2.518
2.435
2.435
2.719
2.435
1.119
0.0
1.774
0.0
1.774
0.0
1.119
0.0
0.0
1.753
1.884
1.481
0.0
2.765
3.043
2.937
3.245
3.043
1.81
2.213
2.213
1.81
0.0
2.403
0.0
1.509
0.0
3.69
3.849
3.464
3.849
3.849
1.062
1.751
0.0
1.545
1.448
1.932
1.448
1.468
0.0
1.462
1.468
0.7729
0.0
1.546
0.0
2.191
1.476
1.567
1.476
1.476
0.8548
0.0
1.969
0.0
4.044
4.152
4.182
4.152
4.152
0.8095
0.0
0.9277
2.503
2.586
2.603
2.586
2.586
1.577
0.0
1.001
2.551
1.001
2.551
1.577
0.0
0.0
2.406
0.0
1.692
0.0
4.538
4.578
4.328
4.578
4.578
1.336
0.0
1.467
0.0
2.417
1.937
1.343
1.937
1.937
2.096
1.89
0.0
1.645
0.0
1.772
1.868
3.079
2.914
1.868
1.868
0.0
1.237
0.0
1.923
1.691
2.304
1.691
1.691
1.091e-07
1.004
1.793
1.947
2.437
2.553
2.04
2.032
2.04
1.382
0.0
1.644
1.687
2.064
2.028
1.626
1.126
1.126
1.516
0.0
0.0
0.8917
2.132
2.61
2.064
2.132
2.132
1.428
0.0
1.554e-07
1.152
0.0
3.126
3.168
3.749
3.168
3.168
3.168
1.395
0.0
1.349
0.0
1.865
1.913
1.775
1.913
1.913
2.669
0.0
2.001
0.0
1.511
3.491
2.946
3.267
1.478
2.946
2.946
0.6482
0.6563
1.139
0.5486
3.809
3.558
3.795
3.658
3.658
0.7535
1.354
1.161
0.4782
3.212
3.389
3.34
3.562
3.413
1.94
0.0
1.109
1.259
3.572
3.596
3.37
3.512
3.512
0.9738
0.0
1.122
0.5929
0.975
1.103
1.253
0.9187
0.9187
1.493
0.3756
1.556
0.0
3.955
3.784
3.778
3.82
3.784
2.177
0.0
0.8525
0.0
1.311
1.123
2.513
1.123
1.123
1.021
0.0
1.148e-07
0.8831
0.0
1.2e-07
3.132
3.127
3.127
3.098
3.127
3.127
3.127
0.983
0.0
1.43
0.0
2.794
2.456
2.07
2.456
2.456
0.0
1.055
0.0
1.461
1.932
1.46
1.932
1.932
2.996
0.0
2.973
2.959
2.971
2.822
3.254
3.272
3.272
1.476
0.0
3.369
3.437
3.78
3.437
3.437
0.637
0.0
0.7124
0.0
2.62
2.733
2.793
2.733
2.733
0.0
0.8298
0.0
3.342
2.975
2.583
2.975
2.975
1.149
0.0
1.255
0.0
2.156
2.096
1.53
2.096
2.096
1.186
0.0
1.372
0.0
2.111
1.565
1.763
1.565
1.565
3.19
0.0
3.101
0.0
3.619
3.37
2.371
3.37
3.37
1.319
0.0
1.667
0.0
3.546
3.712
3.854
3.712
3.712
1.935
0.0
2.731
0.0
4.217
3.759
4.156
3.759
3.759
1.062
1.872
0.0
2.436
1.448
1.448
0.8304
0.0
2.027
0.0
3.022
3.416
3.506
3.416
3.416
1.548
1.117
1.014e-07
1.782
0.0
2.505e-07
1.469
1.83
1.83
2.227
2.048
1.83
1.83
1.041
0.0
1.818
0.0
3.686
3.794
4.11
3.794
3.794
1.182
0.0
1.183
0.8252
1.431
1.517
1.913
1.628
1.628
1.629
0.0
1.237
0.0
2.841
2.643
3.172
2.643
2.643
1.455
0.0
2.951
0.0
3.973
4.506
4.486
4.506
4.506
2.081
0.0
2.234
4.569
3.664
4.439
4.275
4.275
1.056
0.0
1.543
0.0
4.445
4.236
4.246
4.236
4.236
2.511e-07
0.6158
0.863
0.5462
1.874
2.202
2.035
2.039
2.035
1.364
0.0
0.0
1.923
1.412
1.454
1.412
1.412
1.539
2.432
1.664e-07
1.005
0.0
2.88
2.735
2.863
2.299
2.735
2.735
1.392
0.0
1.238
1.645
0.0
2.137
2.191
1.522
1.764
1.522
1.522
1.195
0.0
0.9488
0.0
1.864
1.625
2.153
1.625
1.625
0.9725
0.0
1.305
0.0
3.704
3.597
3.284
3.597
3.597
1.019
0.0
1.301
0.0
1.36
1.373
1.805
1.373
1.373
1.062
0.0
1.673
0.0
4.295
4.604
4.522
4.604
4.604
0.9503
0.0
0.8459
0.0
1.433
1.361
1.67
1.361
1.361
1.692
0.0
1.84
0.9907
3.654
4.256
4.261
4.36
4.36
1.329
0.0
2.118
1.929
4.941
4.575
4.517
4.7
4.7
0.9938
2.0
1.476
0.0
2.099
1.342
1.501
2.327
1.342
1.639
0.0
2.643
0.0
4.699
3.902
3.606
3.902
3.902
0.9013
0.0
1.454
0.0
4.437
4.072
4.086
4.072
4.072
1.394
0.0
1.729
2.211
2.156
1.58
2.156
2.156
2.234
0.0
2.087
0.0
3.333
3.484
3.149
3.484
3.484
1.512
0.3636
1.462
0.0
4.367
4.351
4.542
4.349
4.351
0.696
0.696
1.682
1.682
3.658
3.658
3.472
3.472
3.39
1.596
0.0
0.7988
0.0
4.391
4.297
4.143
4.297
4.297
1.291
0.0
1.639
0.0
2.119
1.537
1.991
1.537
1.537
2.846
1.222
1.616
1.455
4.497
4.801
5.424
5.058
5.138
1.299
0.0
1.536
2.562
2.14
2.332
2.397
2.554
2.554
0.7019
0.8214
0.7856
0.0
4.614
4.232
4.216
4.163
4.232
1.509
0.0
2.254
0.0
4.17
4.503
4.622
4.503
4.503
1.501
0.0
2.709
0.6179
3.199
2.377
2.603
2.39
2.39
1.749
0.0
1.775
0.0
2.811
2.227
2.268
2.227
2.227
1.406
0.0
1.675
1.068
3.217
3.428
2.934
3.619
3.619
0.8018
0.5468
1.713
0.0
3.208
3.602
3.546
3.609
3.602
1.84
0.0
2.245
0.9352
2.028
0.9352
0.9352
1.482
0.0
1.227
0.0
0.9659
0.6762
1.527
0.6762
0.6762
1.24
0.0
0.7028
0.3451
1.485
1.342
0.6152
1.288
1.288
1.31
0.0
0.0
0.0
2.502
2.502
2.077
2.502
2.502
1.311
0.4872
0.6656
0.0
3.949
3.976
4.207
3.946
3.976
1.319
0.0
1.524
0.0
1.62
1.196
1.973
1.196
1.196
0.8751
0.0
0.6489
0.4284
2.444
2.577
2.591
2.536
2.536
0.8852
0.0
1.015
0.0
2.46
2.372
2.303
2.372
2.372
2.045
0.4492
2.045
1.275
2.045
0.4492
2.004
0.0
1.549
0.0
3.021
3.425
3.044
3.425
3.425
0.7859
0.591
1.429
1.212
1.52
1.3
1.3
1.743
0.0
1.595
0.0
1.822
1.025
2.036
1.025
1.025
1.807
0.0
4.356
4.249
4.275
4.249
4.249
2.368
1.314
0.0
4.325
4.119
3.925
4.119
4.119
0.7988
0.0
1.062
1.682
1.525
1.657
1.525
1.525
1.569
1.086
1.415
0.0
1.486
1.866
1.526
2.103
1.866
1.139
1.732
0.7797
0.0
3.436
3.489
3.471
3.479
3.489
0.8743
0.0
0.8199
0.0
1.93
1.906
1.993
1.906
1.906
0.5271
0.3492
1.688
4.207
4.452
4.42
4.456
4.452
0.5898
0.0
1.769
0.0
1.823
0.4418
0.7319
0.4418
0.4418
3.596
1.319
2.507
0.0
2.855
1.824
3.947
2.005
1.824
1.606
0.0
1.616
0.0
2.089
1.683
1.406
1.683
1.683
2.238
0.0
0.9221
0.6476
1.022
0.0
2.336
0.6476
0.6476
1.253
0.0
2.112
0.0
2.719
1.899
1.484
1.899
1.899
1.126
0.0
1.184
0.0
4.208
4.277
3.935
4.277
4.277
1.849
1.519
0.6327
0.4233
1.43
1.236
2.33
2.214
1.325
1.128
0.0
0.7981
0.0
2.526
2.393
2.666
2.393
2.393
2.054
0.4732
1.731
0.0
3.963
4.284
4.344
4.314
4.284
1.062
2.779
0.5603
2.368
1.483
1.682
1.525
1.525
2.553
0.0
0.6035
1.932
3.414
3.009
2.489
3.481
3.481
1.196
0.0
1.129
0.0
2.69
2.246
2.415
2.246
2.246
1.807
0.0
2.358
2.262
2.49
2.63
2.287
2.522
2.522
1.589
0.0
1.601
0.0
4.371
4.128
3.902
4.128
4.128
1.853
0.4795
2.146
1.868
3.708
3.25
3.618
3.774
3.775
1.71
0.0
1.003
0.4772
2.64
2.458
2.035
2.345
2.345
1.549
0.0
0.4745
0.4115
2.949
2.857
2.215
2.905
2.905
1.056
0.0
1.753
0.7903
3.334
4.155
4.362
4.417
4.417
1.255
0.4544
1.954
0.0
2.046
0.5817
1.327
0.6891
0.5817
1.931
0.0
0.7901
0.0
2.809
2.922
2.922
2.922
2.997
0.0
2.643
1.354
4.994
4.134
3.406
4.334
4.334
1.535
0.0
0.3736
0.2472
2.157
2.193
2.424
2.158
2.158
1.023
1.489
1.637
0.0
2.965
3.469
3.401
3.267
3.469
0.8525
1.31
1.223
0.0
1.299
2.066
2.19
2.02
2.066
0.7997
0.0
1.489
0.0
1.355
1.94
2.02
1.94
1.94
2.298
0.0
0.6893
0.0
2.628
2.355
2.82
2.355
2.355
1.16
1.045
1.698
0.7128
2.279
2.275
2.166
2.136
2.032
0.0
0.7097
0.8975
0.0
0.8975
0.0
0.7097
0.0
1.198
0.5325
1.27
0.0
2.55
2.325
2.849
2.359
2.325
0.0
0.7088
0.0
3.489
3.48
3.26
3.48
3.48
0.8273
0.0
0.9995
0.0
1.763
1.58
1.596
1.58
1.58
1.415
1.892
1.692
0.0
1.994
1.604
2.474
2.326
1.604
1.056
0.0
0.751
1.611
2.063
2.429
1.753
2.014
2.014
2.158
0.0
1.112
0.0
1.747
1.474
2.171
1.474
1.474
2.563
2.868
1.975
2.421
3.31
2.282
3.215
3.151
3.002
1.543
0.0
1.794
0.0
3.424
2.396
2.441
2.396
2.396
1.499
0.0
1.821
0.0
3.891
3.753
3.966
3.753
3.753
1.785
1.04
1.364e-07
1.581
0.4921
3.019
3.686
3.833
3.556
3.567
3.567
1.849
0.0
0.6397
0.0
1.964
1.9
2.507
1.9
1.9
1.764
0.8082
0.7207
1.072
2.635
2.701
3.049
2.791
2.818
0.9204
0.0
1.466
0.5543
1.851
1.316
1.651
1.267
1.267
1.654
1.42
1.699
0.0
2.808
2.807
3.027
2.796
2.807
1.494
0.3949
1.487
2.097
4.46
3.617
4.648
4.17
4.163
1.232
0.5414
2.329
0.0
3.804
3.401
3.771
3.585
3.401
0.977
0.7273
1.542
1.11
1.318
0.9982
1.11
1.531
0.0
1.832
4.271
4.239
4.314
4.239
4.239
2.368
0.7672
1.125
0.0
0.0
0.7672
1.184
0.3932
2.144
0.0
2.738
1.447
1.752
1.402
1.447
1.996
0.0
1.387
0.8516
0.7947
1.812
2.433
1.349
1.349
1.803
1.304
1.538
2.382
0.622
2.258
1.908
0.4599
0.5081
1.432
1.54
2.0
1.348
1.693
1.671
1.688
1.12
1.322
0.0
0.3914
3.532
3.485
3.649
3.406
3.532
1.979
0.7093
1.537
0.0
2.325
2.21
1.512
2.33
2.21
0.8625
0.0
1.638
0.0
2.874
2.667
2.811
2.667
2.667
1.729
2.341
1.299
0.0
4.573
4.122
4.419
4.442
4.122
2.452
0.0
2.652
2.667
3.683
3.345
2.78
3.209
3.209
0.8672
1.106
2.134
0.0
2.583
2.283
2.329
2.363
2.283
9.8e-08
0.0
1.217e-07
1.86
1.259
2.698
2.456
2.806
2.698
2.698
2.698
0.0
0.0
1.449
1.491
2.508
2.333
2.089
2.089
2.089
1.443
2.418
2.198e-07
0.9951
0.0
2.436
2.438
2.706
2.781
2.438
2.438
1.939
1.094
1.776
1.498
0.0
3.055
2.428
2.696
2.419
2.622
2.428
1.166e-07
0.8286
0.0
1.291
2.417
1.936
2.331
2.965
1.936
1.821
1.936
1.903
0.0
1.805
0.0
2.367
2.311
3.104
2.311
2.311
0.8308
0.0
4.341e-07
0.8221
0.0
3.535
3.535
3.692
3.535
3.535
3.535
0.0
2.58
1.745
1.515
1.612
2.205
2.32
1.574
2.61
2.248
1.574
0.0
0.0
1.756e-07
1.111
2.274
2.322
2.274
2.274
2.274
1.388
0.0
0.0
0.0
2.711
2.395
2.395
3.1
2.438
2.395
2.395
0.9642
1.975
0.8985
2.339
4.741
3.431
4.523
5.101
4.405
1.307
1.124
2.382
0.0
3.678
3.411
3.528
3.389
3.411
0.9307
0.0
0.9493
0.0
1.524
3.857
3.46
3.074
3.667
3.46
3.46
0.0
0.9101
0.9553
0.0
1.269
0.7932
0.7932
1.234
0.7932
0.0
2.472
0.7331
0.0
2.444
2.199
2.199
2.135
2.199
2.876
2.732
2.049e-07
0.0
2.829
2.829
2.09
1.877
2.829
0.0
1.436
0.4228
1.062
0.0
1.031
2.785
2.883
2.981
2.883
2.927
2.904
2.883
1.324
0.7468
1.007
1.068
1.162
1.194
1.39
0.96
0.6123
0.5918
0.0
0.7929
0.0
2.754
2.556
2.481
2.556
2.556
1.182
1.983
2.827
1.636
0.0
3.507
3.597
3.65
4.073
3.876
3.597
1.275
2.236
0.8395
0.6599
3.311
3.511
3.045
2.693
3.392
1.09
1.976
0.0
0.9798
4.49
3.989
4.372
4.704
4.49
1.065
3.34
1.039
0.0
2.269
2.017
2.432
2.884
2.017
1.258
0.0
1.285
1.401
1.515
2.494
3.925
3.936
3.389
4.397
3.748
3.926
3.748
0.0
0.4907
1.593e-07
0.0
2.868
2.868
2.868
2.97
2.868
1.684
1.093
0.0
0.0
3.159
3.159
3.691
3.639
3.159
0.8793
1.903
2.029
0.8994
0.0
3.392
3.151
2.995
2.992
2.9
3.151
2.126
1.705
1.689
0.0
3.136
2.881
2.597
2.102
2.881
0.0
0.7167
1.052
0.0
2.591
2.439
2.439
2.359
2.439
1.633
1.771
1.625
1.368
3.018
2.736
2.584
2.988
2.591
0.0
2.194
0.0
2.936
3.185
2.706
3.185
3.269
3.185
0.6299
0.0
1.426
1.109
1.405
1.985
1.754
1.657
1.702
1.776
1.776
3.304e-07
0.0
0.0
2.506
1.377
2.841
1.377
1.377
1.377
0.0
1.477
1.534
1.374
3.098
2.954
2.735
2.801
2.735
1.268
2.262
2.424e-07
0.0
1.617
1.989
1.822
2.49
2.32
1.989
1.989
3.155e-07
0.0
1.213
0.0
3.241
3.227
3.227
3.227
3.227
1.264
3.06
0.0
0.7259
2.474
2.499
2.212
3.402
2.474
0.0
0.0
0.9785
0.0
2.466
2.563
2.563
2.563
2.563
0.0
0.9373
0.0
1.498
2.308
2.627
2.308
2.443
2.308
1.117
0.0
3.326e-07
0.0
0.3417
3.262
3.331
3.133
3.262
3.262
3.262
0.6805
1.279
2.389e-07
0.9861
0.0
2.391
2.273
2.316
2.885
2.273
2.273
0.0
0.8078
0.0
0.0
1.816
1.816
1.816
2.028
1.816
0.6527
1.324
0.7447
0.0
2.574
2.522
2.596
2.426
2.522
1.87
0.9538
0.0
0.0
1.773
3.471
3.471
3.308
3.465
3.497
3.471
0.5557
3.497
0.0
0.0
0.9571
3.263
3.263
3.334
3.247
2.889
3.263
1.463
0.0
2.332e-07
0.0
3.204
3.204
3.008
3.204
3.204
0.9757
1.929
0.0
1.888
2.957
2.499
2.88
3.698
2.957
2.265e-07
0.0
1.173
1.303
1.519
3.11
3.457
3.207
3.207
3.517
3.207
1.806
0.0
1.825
0.6533
2.246e-07
3.298
3.39
3.349
3.339
3.349
3.349
1.01
0.0
0.5047
2.223
1.489
2.669
2.202
2.801
3.135
2.692
2.692
0.0
1.509
0.9421
1.369
2.662
2.914
2.596
2.364
2.596
1.374e-07
0.0
0.0
2.9
0.5339
1.885
2.845
2.048
1.885
1.885
1.885
2.152e-07
0.0
0.8488
1.166
2.238
2.788
2.29
3.239
2.5
2.5
2.5
1.027
0.7236
1.491
0.0
1.681
1.925
2.152
2.101
1.925
0.0
0.0
1.344
0.0
2.894
2.694
2.694
2.694
2.694
2.208e-07
1.053
1.108
0.0
3.661
3.834
3.834
4.065
3.834
0.8385
0.0
0.5443
0.775
1.016
3.767
3.555
3.691
3.675
3.757
3.757
1.822e-07
0.0
0.0
1.425
2.037
1.895
2.037
2.037
2.037
0.9236
0.0
1.043
1.186
0.0
2.959
2.595
2.665
2.595
2.688
2.595
0.576
0.0
0.5687
1.116
0.7992
2.082
2.054
2.056
2.139
2.127
2.127
0.6225
0.0
0.0
2.002
2.002
2.045
2.002
1.189
0.0
0.0
0.6798
2.045
2.1
2.164
2.045
2.045
1.496e-07
1.427
1.036
0.7313
2.36
2.136
2.109
2.048
2.109
1.566
0.0
0.0
0.0
1.22
3.184
3.184
3.326
3.406
3.184
3.184
0.0
0.0
0.0
2.738
2.738
2.738
2.738
2.738
1.697
1.606
1.748
1.608
2.622
2.682
2.754
2.064
2.625
1.344
1.595
0.0
0.0
2.087
2.087
2.249
1.832
2.087
2.443e-07
0.488
2.008
1.868
3.141
2.977
2.792
2.847
2.792
0.8973
0.0
0.0
0.0
3.379
3.379
3.51
3.379
3.379
0.0
1.589
1.322
0.0
3.194
3.137
3.137
3.28
3.137
0.7576
0.0
1.632e-07
1.406
1.265
2.134
2.171
1.894
1.763
1.763
1.763
0.0
0.0
0.7678
1.083
2.183
2.021
2.127
2.127
2.127
0.7151
2.47
1.17
0.0
0.9087
2.677
2.927
3.13
3.015
2.666
2.927
1.108
0.8167
2.066e-07
0.6281
3.037
3.146
2.85
3.229
3.037
0.5502
1.965
1.044
0.0
3.094
3.48
3.537
3.477
3.48
0.908
2.098
0.0
1.424
1.672
2.633
1.996
2.808
1.672
1.931e-07
1.26
0.7265
2.396
3.736
3.511
3.556
3.349
3.556
1.584
0.4382
0.7357
0.0
2.668
2.412
1.938
2.444
2.412
0.8341
1.653
0.4497
0.0
3.1
2.982
2.928
3.374
2.982
1.254
0.0
0.0
1.768
0.7982
2.55
3.227
2.71
2.568
2.55
2.55
1.457
0.0
0.9641
1.702
2.828
2.744
2.431
2.694
2.694
0.0
0.4972
1.707
0.0
2.069
3.076
2.987
3.686
2.987
3.106
2.987
0.0
0.5109
1.822
1.414
2.213
2.262
1.798
1.818
1.798
1.678
0.0
0.7647
0.0
3.049
3.139
3.58
3.139
3.139
1.091
1.126
2.01
1.246
0.0
2.617
2.04
2.151
2.303
2.638
2.04
0.0
0.0
0.725
1.316
2.821
2.678
2.538
2.538
2.538
1.283
0.0
0.8911
0.0
3.015
2.87
3.297
2.87
2.87
1.349e-07
2.293
2.198e-07
2.062
3.412
3.642
3.412
3.027
3.412
0.0
0.0
0.9086
0.9719
3.264
3.205
3.494
3.053
3.053
3.231
3.053
1.469
0.0
0.0
1.521
1.853
2.43
1.829
1.853
1.853
0.0
1.768
1.842
1.057
0.0
2.845
3.102
3.102
3.349
2.939
3.102
1.141
0.0
0.0
0.0
2.413
2.413
2.409
2.413
2.413
0.0
2.611
0.5877
1.053
3.343e-07
3.118
3.025
3.189
3.189
3.729
3.189
0.947
1.898
1.274
0.0
2.25
2.412
2.45
3.113
2.412
0.0
0.8138
2.535e-07
0.0
1.497
1.497
1.497
1.688
1.497
1.52
1.708
1.141
0.0
1.954
1.817
2.194
2.033
1.817
1.307
0.0
1.87e-07
1.546
2.245
2.438
2.486
2.245
2.245
1.447e-07
0.0
0.0
0.7651
2.934
2.979
2.934
2.934
2.934
1.324
0.0
1.448
0.0
2.35
1.57
2.099
1.57
1.57
0.0
2.294
1.783e-07
0.0
2.62
2.62
2.62
3.61
2.62
0.6596
0.0
1.16e-07
0.0
0.7854
3.327
3.411
3.424
3.327
3.327
3.327
0.0
0.0
0.8994
1.376
3.171
3.523
3.211
3.211
3.211
0.0
1.183
1.586
1.278
0.435
3.205
3.143
3.213
3.233
3.082
3.213
0.0
0.0
1.118
0.5517
1.156
1.857
2.034
1.936
1.909
1.909
1.909
0.8101
2.842
0.0
1.876
1.682
3.257
3.349
3.108
3.259
3.509
3.257
2.41
0.0
0.8428
0.0
0.9072
3.283
3.17
3.263
3.86
3.17
3.17
0.84
0.929
0.0
0.0
2.137
2.137
2.335
2.202
2.137
0.6761
2.157
0.9093
0.4152
3.798
3.784
4.034
4.423
3.829
1.046
0.0
1.171
0.0
3.003
2.684
2.326
2.684
2.684
0.0
0.9699
0.0
0.0
1.451
1.451
1.451
1.741
1.451
0.9206
0.0
1.41
1.997e-07
1.76
3.274
3.228
3.296
3.274
3.375
3.274
0.0
2.226
1.073
0.0
2.492
2.618
2.618
1.476
2.618
0.9622
2.668
0.9475
1.12
1.113
2.919
2.975
2.886
4.472
3.075
2.79
0.9599
0.0
0.0
0.0
2.201
2.201
2.162
2.201
2.201
0.5271
1.915
0.6886
0.0
1.829
1.534
1.625
2.597
1.534
0.7509
0.0
1.821
1.596
3.69
3.672
4.394
4.236
4.236
1.535
1.216
1.741
0.0
3.336
2.969
2.412
2.654
2.969
0.826
0.0
0.0
1.281
0.7284
2.654
2.628
2.927
2.667
2.667
2.667
0.0
0.0
1.251
1.559
2.587
2.422
2.421
2.421
2.421
1.08
0.0
0.0
1.446
2.216e-07
2.109
2.146
2.109
2.794
2.109
2.109
1.13
0.0
1.412
1.05
2.751
2.244
2.089
2.263
2.263
0.0
1.843
2.131
0.0
2.131
2.194e-07
2.194e-07
1.843
2.194e-07
2.085
1.93
1.078e-07
1.386
1.793
2.053
2.295
2.293
2.15
1.241
1.241
0.9146
0.0
1.213
1.112
0.7321
3.155
2.926
2.687
2.951
3.02
2.951
0.0
0.0
2.193
0.0
2.579
1.95
1.95
1.95
1.95
1.428
0.0
2.045
0.0
0.0
2.379
2.379
2.922
2.379
2.756
2.379
1.191
1.743
1.129
0.0
2.439
2.166
2.771
2.663
2.166
1.075
0.0
0.8219
0.3926
2.114
3.144
3.066
2.192
3.245
3.159
3.159
1.621
0.0
0.0
0.8999
3.022
3.071
3.081
3.022
3.022
1.528
0.0
1.903
1.088
2.434e-07
3.008
3.214
3.181
3.273
3.181
3.181
1.642
0.0
0.8984
1.706
2.696
2.303
2.957
2.695
2.695
0.0
1.145
2.47e-07
0.0
0.0
3.005
3.005
3.005
3.186
3.005
3.005
0.8988
1.437
0.8988
0.7794
1.476
2.661
2.985
2.912
2.954
2.912
2.714
1.155
0.478
0.9203
1.814
0.5409
3.569
3.485
3.283
3.871
3.372
3.348
0.0
0.0
1.04
0.0
1.047e-07
2.763
2.877
2.877
2.877
2.877
2.877
1.235
0.0
1.277
2.206
2.142
2.606
2.35
1.952
1.952
1.756
0.0
0.0
0.0
3.005
3.005
3.052
3.005
3.005
0.6368
0.4857
1.446
0.0
0.5896
4.265
4.007
3.978
3.824
3.902
4.007
1.879e-07
0.7579
0.0
0.0
2.404
2.404
2.404
2.54
2.404
1.497
0.0
2.361e-07
0.4298
0.0
0.7358
0.6587
1.665
0.6587
0.6587
0.6587
0.9153
3.637
1.055
0.0
2.0
2.128
2.185
4.236
2.128
0.0
0.0
0.6884
2.408
2.061
3.079
2.67
2.347
2.347
2.054
2.347
1.334
0.0
1.728e-07
1.353
2.132
2.894
3.172
3.058
3.106
2.894
2.894
0.0
0.0
0.8753
1.358
1.75
2.362
1.662
2.805
2.12
2.12
2.12
0.871
0.0
0.0
1.079
2.845
2.97
2.667
2.845
2.845
1.338
0.8251
0.0
1.178
0.0
2.731
2.824
2.731
2.773
2.764
2.731
0.0
1.465
0.0
0.0
2.333
2.333
2.333
2.224
2.333
0.941
2.765
1.34
1.836
1.976
2.932
2.531
3.314
2.232
0.0
0.0
1.211
1.005
2.972
2.908
2.918
2.918
2.918
0.0
0.0
0.9451
0.9989
3.103
2.947
3.165
3.165
3.165
1.423
0.0
1.314
1.314
2.087
1.314
2.087
1.423
0.0
1.314
0.0
1.396
1.451
1.309
0.0
1.988
1.732
2.337
2.158
1.732
0.0
2.299
2.008
0.0
2.593
2.205
2.205
3.131
2.205
0.9663
1.163
1.243
0.0
0.0
2.14e-07
2.43
2.43
2.43
2.415
2.461
2.597
2.43
0.5612
1.949
1.401
0.0
1.725
3.13
3.03
2.865
3.106
2.735
3.03
2.278e-07
0.0
2.175e-07
0.8149
1.24
2.735
2.7
2.862
2.862
2.862
2.862
2.3e-07
2.549
1.592
1.136
3.312
3.36
3.131
2.235
3.131
0.0
0.0
1.183
0.0
1.504
1.646
1.646
1.646
1.646
0.9904
2.2
2.251e-07
0.0
4.503e-07
2.401
2.401
2.401
2.474
3.994
2.401
0.0
1.102
1.2
0.0
2.023
1.838
1.838
1.816
1.838
1.499
0.0
0.8896
0.0
3.335
3.266
3.472
3.266
3.266
0.0
0.0
1.453
1.021
1.851
2.696
2.981
2.691
2.691
2.81
2.691
0.8011
0.8101
0.8093
1.395
0.0
3.671
3.604
3.874
3.569
3.532
3.604
1.051
0.9936
0.0
0.7986
2.174
2.334
2.447
2.335
2.174
0.0
1.016
0.4901
1.817
1.453
3.047
2.78
3.569
3.251
3.262
3.251
0.0
0.0
1.196
0.0
3.536
3.157
3.157
3.157
3.157
0.9158
0.0
0.9158
0.6956
4.024
2.456
4.009
2.296
2.363
2.296
2.363
2.067
0.0
1.458
1.158
2.75
2.641
2.556
2.738
2.738
2.363
0.0
2.239
0.0
1.64
2.545
2.604
3.367
2.545
3.339
2.545
0.6942
1.451
0.8293
0.0
2.127
2.22
2.106
2.762
2.22
0.0
0.0
0.547
0.9043
2.199
3.087
3.277
3.087
3.087
3.08
3.087
0.0
0.0
0.9008
2.48
1.837
2.642
1.643
1.643
1.643
1.215
0.0
0.7311
0.0
0.8368
2.635
2.522
2.486
2.868
2.522
2.522
2.037e-07
1.092
1.212
0.0
2.311
2.127
2.127
2.35
2.127
0.0
1.586
1.617e-07
1.915
0.981
3.507
2.213
2.327
2.149
2.327
2.327
0.8316
3.231e-07
0.9233
3.327
3.064
3.509
2.775
2.929
2.929
1.627
0.0
2.001e-07
0.0
1.047
2.555
2.672
3.108
2.555
2.555
2.555
0.0
0.0
0.8869
0.0
2.171
2.151
2.151
2.151
2.151
0.8079
1.228
2.554e-07
0.0
0.0
3.293
3.293
3.218
3.23
3.293
3.293
0.0
1.415
0.65
0.0
2.175
2.039
2.039
2.421
2.039
1.454
0.0
0.0
0.0
3.382
3.382
3.43
3.382
3.382
1.195
1.636
3.644e-07
0.5189
3.053
3.734
3.564
4.325
3.76
3.726
3.726
0.0
0.0
1.009
1.292
2.992
2.97
3.141
3.141
3.141
0.0
0.0
1.264
1.144
1.243
3.249
2.821
3.362
3.362
3.537
3.362
1.916e-07
2.264
1.302e-07
0.0
1.69
1.908
1.908
1.834
1.908
2.684
1.908
0.9981
0.0
0.0
0.961
1.914
1.895
2.011
2.47
2.111
1.895
1.895
0.4992
0.0
0.602
0.2239
3.6
3.344
3.307
3.35
3.35
1.422
0.0
1.697
0.4456
3.302
2.949
3.247
3.007
3.007
1.653
0.0
0.0
1.359
2.739
2.661
2.637
2.739
2.739
0.6212
0.4152
0.5756
0.0
3.273
3.183
3.088
3.173
3.183
1.92
0.0
2.057
1.136
2.268
2.9
2.996
2.911
2.911
0.682
0.1941
0.9155
0.6941
2.215
2.392
2.33
2.36
2.343
1.091
1.536
1.232
0.0
1.232
0.0
1.091
1.536
0.0
1.065
1.424
0.0
0.0
2.886
2.886
3.009
3.331
2.886
0.8776
0.0
1.004
0.0
2.66
2.858
3.301
2.858
2.858
0.6414
0.0
1.601
0.0
1.99
1.943
1.976
1.943
1.943
1.231
0.3916
1.356
1.135
0.2524
2.704
2.857
3.008
2.794
2.512
2.834
1.146
0.0
1.821
1.194
2.651
1.693
1.833
1.579
1.579
1.554
0.0
1.728
1.116
2.34
1.611
2.055
1.181
1.181
1.465
0.0
0.0
0.1605
2.834
2.817
2.846
2.834
2.834
0.5849
0.0
0.7936
0.5093
0.612
2.934
2.872
3.035
2.929
3.053
2.929
2.418
0.0
1.673
0.0
2.174
1.488
2.88
1.488
1.488
0.4702
0.3175
1.475
0.0
3.397
3.813
3.782
3.756
3.813
0.909
0.0
1.724
0.0
3.757
3.468
3.465
3.468
3.468
1.443
0.5583
0.7022
0.0
2.572
2.664
3.06
2.711
2.664
1.052
1.035
0.9343
0.0
2.372
2.25
2.234
2.69
2.25
0.901
1.997
2.829e-07
0.8156
0.9162
2.228
2.161
2.42
2.856
2.394
2.394
1.14
1.573
1.382
1.16
3.138
3.396
3.463
3.394
3.123
1.397
0.2668
2.059
0.0
1.762
2.472
2.092
2.99
2.872
2.142
2.092
0.9482
0.0
0.8006
1.483
2.532
2.245
2.901
2.559
2.559
0.974
0.6178
1.224
0.464
2.857
2.823
2.753
3.07
2.934
0.862
0.8124
0.734
0.0
3.347
3.237
2.79
3.2
3.237
1.564
1.696
1.49
0.8836
1.71
1.521
2.101
2.303
1.395
0.9801
0.0
0.6734
0.0
2.794
2.757
2.73
2.757
2.757
0.0
0.0
1.83
0.5037
2.977
2.489
2.473
2.473
2.473
0.6382
1.038
0.9179
0.6175
1.563
1.927
1.855
1.935
1.806
2.659
0.6532
0.3947
0.8216
4.361
4.383
4.62
4.443
4.366
1.481
1.828
1.454
0.6213
0.9254
1.792
1.592
2.466
1.817
0.6629
1.286
0.7717
0.3893
3.022
3.06
3.012
3.082
3.012
1.73
2.44
2.053
1.383
2.701
2.175
1.478
2.643
1.939
1.192
1.473
1.247
0.4362
2.899
2.481
2.308
2.64
2.391
1.338
0.0
1.141
1.53
3.841
3.118
3.58
3.474
3.474
0.9218
0.338
0.6521
0.0
3.971
4.072
4.207
4.049
4.072
0.9884
0.6255
2.07
2.036
3.592
3.331
2.845
3.178
3.212
1.055
1.338
1.423
0.843
2.083
2.463
2.49
2.824
2.455
1.442
1.113
0.0
2.885
3.307
2.74
3.307
2.281
0.3728
1.829
0.4218
3.365
3.131
2.654
3.09
3.098
0.8858
0.0
0.8731
1.137
3.074
3.195
3.218
3.097
3.097
0.8417
1.85
0.851
0.5314
3.282
2.766
2.952
3.081
2.89
1.289
0.6189
1.764
1.444
2.389
1.875
2.076
1.635
1.539
1.484
1.317
0.8883
0.0
1.987
1.9
1.974
2.043
1.9
1.603
1.535
1.287
0.0
2.904
2.785
2.903
2.683
2.785
1.483
0.252
1.46
0.5527
2.304
1.528
1.871
1.424
1.437
0.5439
1.368
1.116
0.0
3.335
3.451
3.51
3.428
3.451
1.352
1.964
1.253
1.917
2.609
2.961
2.761
2.997
2.704
0.7717
0.2715
1.151
0.669
1.813
1.727
1.915
1.801
1.807
0.9322
1.118
1.587
1.87
3.102
2.872
3.164
3.017
2.92
0.9563
0.0
1.716e-07
0.7855
2.218
2.335
1.949
2.218
2.218
0.5558
1.647
0.7344
0.9721
2.185
2.55
2.434
3.096
2.404
1.208
1.234
0.0
0.5764
2.582
2.418
2.534
2.797
2.582
1.297
0.0
1.554
1.075
3.283
3.24
3.263
3.228
3.228
0.904
1.49
1.042
0.3667
3.044
2.966
2.922
3.039
2.935
2.046
0.0
1.173
0.9985
2.588
2.556
2.855
2.459
2.459
1.374
0.5482
1.263
0.0
2.631
2.12
2.524
2.275
2.12
0.8828
0.0
0.5938
0.369
3.407
3.401
3.165
3.398
3.398
1.661
0.7308
2.044
0.0
2.669
1.986
2.914
1.988
1.986
0.9063
0.8349
1.986
0.0
3.024
3.066
3.169
3.034
3.066
0.598
1.561
1.106
0.2688
2.516
2.988
3.042
3.221
2.963
0.4213
1.218
0.9499
0.8068
2.591
2.452
2.572
2.547
2.556
1.37
1.892
0.5145
1.059
1.874
1.625
1.281
2.015
1.812
0.8188
0.0
2.253e-07
0.0
2.915
2.915
3.073
2.915
2.915
0.8634
0.5541
1.03
1.001
2.984
2.727
2.831
2.994
2.937
0.8807
0.393
1.477
1.34
2.332
3.058
2.523
2.57
2.498
1.465
0.2673
0.4842
0.3307
2.234
2.084
2.536
2.032
2.067
1.03
0.6906
0.0
2.74
2.773
3.045
2.773
1.24
0.0
0.8506
0.2838
1.532
1.262
0.0
1.24
1.24
1.48
0.9644
1.303
0.7656
2.507
2.462
2.93
2.611
2.378
0.8707
0.1856
0.9296
0.0
3.669
3.395
3.457
3.373
3.395
0.6757
0.0
0.8973
0.0
3.211
2.965
3.217
2.965
2.965
2.46
0.8301
1.089
2.638
1.282
2.828
2.497
1.012
0.62
0.0
1.103
0.3662
1.97
2.241
2.261
2.261
2.261
0.5305
1.556
0.4056
0.7253
3.526
3.488
3.674
3.593
3.587
1.029
1.576
0.5575
0.2249
4.022
4.104
4.151
4.625
4.062
1.597
0.0
1.147
0.0
2.437
2.582
2.72
2.582
2.582
1.468
1.884
1.237
0.0
2.663
2.429
2.186
2.635
2.429
1.368
0.0
1.465
0.0
1.45
0.7771
1.69
0.7771
0.7771
1.401
1.419
1.602
0.7346
2.898
3.181
3.215
3.535
3.231
0.0
0.0
1.639
0.7676
2.228
2.314
1.981
1.981
1.981
0.567
0.7853
0.7482
0.4554
3.501
3.564
3.502
3.527
3.499
1.898
1.276
1.366
1.208
2.88
3.068
3.511
3.384
2.943
1.276
0.8839
1.451
0.49
1.669
2.225
2.539
2.076
2.135
1.029
0.9823
0.8429
0.9584
2.703
2.68
2.51
2.666
2.456
1.3
2.475e-07
1.354
0.0
2.499
2.064
2.573
2.064
2.064
1.666
0.5223
1.725
0.6165
2.762
3.134
3.23
3.041
3.039
1.518
2.136
1.202e-07
0.897
3.185
3.004
3.574
3.639
3.185
1.071
1.495
1.074
0.9536
3.272
3.306
3.303
3.673
3.297
0.8445
1.194
2.16
1.779
2.628
3.153
2.828
2.412
2.864
0.5244
1.246
1.679
0.0
2.438
2.844
2.877
2.917
2.844
0.9221
0.2742
2.692e-07
0.0
3.436
3.436
3.415
3.453
3.436
1.639e-07
2.46
1.009
0.8831
2.34
2.306
2.239
2.872
2.239
0.4602
0.0
1.267
0.2656
2.927
2.868
2.854
2.883
2.883
0.6811
0.3369
1.445
1.408
1.663e-07
2.798
3.192
3.112
3.463
3.11
3.112
1.655
0.0
1.943
0.8576
2.362
2.708
2.744
2.523
2.523
0.7657
2.358
0.8592
0.0
2.283
2.441
2.259
2.257
2.441
1.903
1.816
1.084
0.834
2.551
2.483
2.146
2.043
2.538
1.114
0.0
1.403
0.249
3.63
3.539
3.801
3.482
3.482
1.286
0.0
1.599
0.0
2.489
2.196
2.392
2.196
2.196
1.15
0.0
0.0
0.2197
2.039
2.061
2.508
2.039
2.039
0.5024
0.3251
0.6955
0.0
3.506
3.586
3.51
3.583
3.586
1.181
0.0
1.053
0.2595
2.091
2.189
2.143
2.213
2.213
1.934
0.0
0.7671
0.0
2.186
1.97
2.118
1.97
1.97
1.215
0.0
0.72
1.223
0.72
1.223
1.215
0.0
0.0
0.7918
1.27
1.094
0.0
1.924
1.821
2.044
2.265
1.821
1.995
0.8278
1.223
0.0
2.777
2.172
1.852
2.409
2.172
0.9846
0.0
0.7522
0.0
3.018
2.827
2.871
2.827
2.827
0.0
0.0
0.9893
0.0
3.179
2.78
2.78
2.78
2.78
1.559
0.3612
0.7784
1.967
2.85
3.202
2.356
2.725
2.748
1.408
1.392
0.5382
0.3149
2.823
2.865
2.874
3.164
2.827
2.044
0.9904
1.644
0.0
2.383
2.638
1.831
2.712
2.638
1.451
0.7998
0.8742
0.0
2.953
2.704
2.364
2.727
2.704
1.45
1.629
0.0
1.287
1.112
1.633
1.815
1.766
1.112
0.6107
0.3485
0.8893
0.3216
2.658
2.855
2.885
2.901
2.858
1.482
0.3402
1.338
0.4535
2.967
2.856
2.677
2.85
2.832
0.0
1.048
1.209
0.5232
2.98
2.992
2.979
2.936
2.979
0.8935
0.0
0.849
0.2973
0.0
0.849
1.116
0.849
0.849
0.7693
0.7715
0.6012
0.0
1.829
1.874
2.03
1.934
1.874
2.428
0.8302
1.37
0.4991
2.03
2.992
2.586
3.186
2.958
1.531
0.2969
1.505
0.512
3.018
3.064
3.074
3.025
3.029
0.8509
0.2174
1.897
0.4648
4.298
4.363
4.328
4.329
4.32
1.369
0.0
1.25
0.0
3.203
3.477
3.533
3.477
3.477
0.6063
0.3343
0.0
0.2625
2.949
2.979
3.087
2.923
2.949
2.114
0.0
2.106
0.4203
3.854
2.953
3.242
2.929
2.929
2.628
0.8519
1.401
0.0
2.439
1.742
1.944
1.478
1.742
1.222
0.3001
0.9795
0.0
3.346
3.51
3.666
3.51
3.51
1.018
1.478
0.0
0.4085
2.727
2.796
2.734
3.013
2.727
1.079
0.5421
0.9301
0.8162
2.004
1.872
1.719
1.886
1.771
1.229
0.9209
1.482
0.8852
2.58
2.827
3.061
3.132
3.019
0.0
0.5245
0.0
0.0
1.627
1.627
1.627
1.721
1.627
1.216
0.9888
1.054
0.737
2.608
2.779
2.751
2.687
2.75
1.579
0.0
2.791
0.9351
3.219
2.122
1.574
1.987
1.987
0.9172
0.7487
2.918e-07
1.151
0.8949
2.452
2.113
2.109
2.248
2.125
2.125
0.8224
0.2119
0.5204
0.0
2.512
2.519
2.337
2.547
2.519
0.8289
1.108
0.7715
0.2744
2.551
2.626
2.869
2.558
2.606
0.0
2.359
0.857
0.2664
2.904
2.821
2.805
3.273
2.805
1.465
1.173
0.8029
0.2114
2.818
2.8
2.598
2.711
2.767
1.438
0.2452
0.9817
0.5015
1.929
1.74
2.019
1.677
1.672
0.71
0.4258
0.9092
0.0
2.06
1.974
1.777
2.062
1.974
0.0
0.0
2.059
0.2672
2.684
2.408
2.452
2.452
2.452
1.51
1.745
0.8572
0.8195
2.514
2.721
2.832
2.885
2.774
1.897
0.5466
1.688
0.9836
2.412
3.435
3.427
3.08
3.045
0.9108
0.3191
0.7139
0.7444
3.456
3.485
3.298
3.348
3.352
1.117
0.9299
1.47
0.0
2.894
2.75
2.512
2.886
2.75
0.7979
0.1994
1.36
0.0
3.032
2.796
2.77
2.827
2.796
1.785
0.0
1.122
0.0
2.266
2.677
2.786
2.677
2.677
0.0
0.3123
0.4546
0.3925
2.876
2.885
2.842
2.899
2.842
1.012
0.0
2.213e-07
0.3847
1.08
1.075
0.862
1.08
1.08
0.0
0.0
1.611
0.0
1.639
1.893
1.893
1.893
1.893
1.039
0.729
0.5131
0.2471
3.415
3.373
3.435
3.391
3.356
0.0
0.0
0.0
0.4393
2.527
2.438
2.527
2.527
2.527
1.013
0.7839
0.7009
1.591
1.317
2.406
1.545
1.382
1.226
2.498
0.0
0.8414
1.099
2.963
2.685
3.628
2.963
2.963
1.25
0.7615
1.251
0.0
2.891
2.433
2.719
2.508
2.433
1.002
0.2639
1.556
0.0
2.663
2.66
2.67
2.676
2.66
1.076
0.3525
0.8696
0.9351
2.928
3.043
3.247
2.957
2.97
2.158
0.0
1.66
0.395
3.423
3.533
3.04
3.46
3.46
1.444
0.6818
2.997
0.0
3.081
4.488
4.589
4.207
4.488
1.544
0.4727
1.406
0.0
1.475
2.103
2.51
2.083
2.103
0.3499
0.232
1.086
0.3769
3.527
3.426
3.395
3.433
3.426
0.9916
0.786
0.0
0.2626
4.15
4.136
3.93
4.106
4.15
0.6336
0.0
0.7216
0.2666
2.559
2.519
2.593
2.485
2.485
0.8541
0.7389
3.023
0.0
3.17
3.496
3.461
3.357
3.496
1.417
0.9291
1.054
0.7191
1.848
1.806
2.38
2.238
1.895
0.5419
0.355
0.6998
0.3318
2.614
2.67
2.714
2.729
2.689
1.485
0.0
1.523
0.0
2.556
2.553
3.286
2.553
2.553
0.0
1.66
0.0
0.0
3.104
3.104
3.104
3.789
3.104
1.076
0.0
2.057
2.149
3.949
3.627
3.237
3.615
3.615
1.227
1.662
0.0
0.8872
0.0
2.565
2.641
2.741
3.002
2.641
2.641
1.876
0.0
0.7554
0.0
1.854
1.636
1.824
1.636
1.636
0.5919
0.7756
1.011
0.2317
3.292
3.386
3.339
3.296
3.38
0.0
0.6252
1.162
0.9444
2.63
3.115
2.929
3.092
2.929
1.139
0.2014
0.8767
0.8706
3.122
2.969
3.323
3.048
3.003
0.8018
0.0
0.382
1.071
3.45
3.458
3.366
3.453
3.453
1.325
1.791
1.189
1.04
3.592
3.624
3.995
3.613
3.624
1.207
1.558
2.527
0.0
3.73
2.865
3.224
3.049
2.865
1.223
0.0
1.454
1.526
1.827
1.826
2.488
2.186
2.186
1.227
1.854
1.134
0.9475
3.382
3.45
3.552
3.54
3.463
1.223
1.649
1.033
0.9097
2.364
2.277
2.214
2.362
2.22
0.8835
0.4458
1.425
0.0
2.644
3.052
2.986
2.994
3.052
1.929
0.9374
0.0
1.137
2.336
2.594
1.724
2.308
2.336
1.346
0.9334
0.0
0.4478
3.441
3.515
3.774
3.449
3.441
0.0
0.0
1.21
0.9961
0.594
3.317
3.27
3.313
3.313
3.172
3.313
0.0
0.8621
2.023
0.0
2.965
3.269
3.269
3.152
3.269
1.503
0.3974
0.8965
0.9724
2.635
2.324
2.606
2.687
2.64
1.407
1.544
2.689
1.844
3.266
3.201
3.089
3.052
2.89
1.736
1.925
1.799
0.0
2.61
2.595
2.623
2.738
2.595
1.984
1.698
1.341
0.7227
3.515
3.594
3.743
3.719
3.556
0.7478
1.262
1.755
0.5323
2.524
2.7
2.939
2.725
2.668
1.194
0.3241
1.255
0.6258
2.892
2.507
2.871
2.423
2.429
1.759
1.715
1.801
1.534
1.91
1.969
2.305
2.445
1.803
1.994
1.07
0.8961
0.6443
3.274
3.443
3.43
3.442
3.363
1.07
0.0
0.8336
0.1812
3.315
3.132
2.864
3.152
3.152
0.6301
0.0
1.085
1.649
2.608
2.645
2.71
2.627
2.627
1.079
0.0
0.0
0.8795
1.188
1.084
0.8539
1.188
1.188
1.686
1.589
1.218
1.546
4.233
3.798
3.786
3.584
3.628
1.337
1.317
1.45
0.8263
2.938
2.869
3.149
2.912
2.841
0.5855
0.0
0.0
0.3741
2.093e-07
3.552
3.557
3.552
3.596
3.552
3.552
2.447
0.0
1.673
0.0
3.469
3.155
2.494
3.155
3.155
0.0
0.0
1.299
0.0
2.667
2.805
2.805
2.805
2.805
0.7605
0.6278
1.056
0.0
3.061
3.089
3.102
3.113
3.089
0.4481
0.2894
1.217
0.5216
1.832
1.694
1.685
1.687
1.671
1.795
1.372
0.572
0.0
0.3715
1.862
1.823
2.052
2.471
1.911
1.862
1.594
0.0
0.8407
0.0
2.877
2.689
2.893
2.689
2.689
1.079
1.085
1.174
1.18
3.078
2.625
2.876
2.901
2.822
0.6483
0.2809
1.258
1.43
1.934
2.078
2.301
2.315
2.283
0.0
0.0
0.7333
0.2747
3.152
3.118
3.135
3.135
3.135
0.3852
0.5856
0.0
0.3299
3.151
3.183
3.141
3.235
3.151
1.688
0.0
2.471
1.859
3.117
2.641
2.745
3.287
3.287
1.19
0.5817
0.6213
0.309
3.985
3.844
3.86
3.914
3.852
0.9659
0.6789
0.8345
0.8602
2.864
2.739
2.381
2.588
2.716
0.5552
0.3046
1.599
1.605
3.48
3.49
3.49
3.548
3.51
1.339
0.4129
0.0
0.0
2.825
2.825
2.196
2.872
2.825
1.312
0.3321
0.0
0.6249
3.369
3.291
3.301
3.397
3.369
1.064
0.7198
0.0
0.0
0.9287
0.9287
0.9166
0.7056
0.9287
0.8513
0.3322
0.8979
0.7512
3.232
3.073
2.862
3.083
3.009
3.481
4.83
2.774
3.81
4.158
4.452
4.249
3.575
3.338
4.194
3.464
4.452
2.517
2.853
4.272
3.679
3.611
3.387
2.773
3.883
4.202
3.51
2.353
4.05
4.828
4.203
4.018
3.591
3.755
3.809
4.023
3.899
3.044
3.485
4.229
3.755
4.457
3.441
3.624
4.052
4.147
3.679
3.269
4.883
3.559
3.236
5.387
4.986
5.145
3.122
4.428
5.264
4.103
2.68
4.155
4.608
3.502
4.757
3.314
3.67
4.117
3.952
3.842
4.071
5.057
3.009
3.876
4.375
3.18
4.353
2.723
4.217
4.387
3.169
4.215
3.437
4.206
2.777
4.434
3.736
3.898
3.572
3.899
3.993
3.766
5.062
3.273
3.647
4.231
2.915
4.82
4.165
3.089
3.715
3.435
3.756
3.861
4.285
3.486
4.438
4.507
3.822
4.55
3.562
3.384
4.866
4.275
4.28
3.543
2.691
4.704
3.618
3.588
3.606
2.459
3.835
3.109
3.781
4.154
3.961
2.624
3.193
4.704
4.434
3.916
4.738
4.0
4.532
3.996
4.03
4.323
4.622
3.442
3.251
4.771
3.778
2.794
4.252
4.196
4.142
4.758
3.694
3.671
3.778
3.358
4.319
3.367
4.369
3.267
3.434
4.333
3.987
4.614
4.703
4.415
3.116
5.086
3.876
4.297
3.221
4.033
3.988
3.729
3.956
3.297
4.129
4.483
5.131
4.419
4.041
3.315
2.423
3.905
3.464
3.884
5.221
3.901
4.194
2.574
3.276
3.674
4.179
3.989
3.517
4.289
3.906
3.912
4.724
3.056
3.779
3.66
4.221
5.63
3.711
2.742
4.172
4.85
3.429
4.01
4.291
4.372
3.064
3.653
5.106
4.781
4.234
3.565
2.647
2.737
3.956
5.038
4.204
3.567
4.148
5.134
4.675
3.741
3.727
4.323
4.049
3.812
3.87
4.667
3.457
3.318
5.195
4.128
3.676
4.148
3.884
3.808
3.711
4.52
4.15
3.931
3.748
4.209
5.255
4.247
3.67
4.108
