0.8288
0.5002
0.6384
0.4314
1.0
0.5943
0.8338
0.6416
0.8121
1.0
0.6138
0.6138
0.4063
0.7891
0.4647
0.6996
0.9035
0.2656
0.7387
0.7825
0.7353
0.5971
0.5778
0.4862
0.8953
0.5774
0.7777
0.9031
0.5016
0.9784
0.5953
0.7728
0.4219
0.5153
0.8362
0.8576
0.5962
0.5181
0.8294
0.8688
0.7411
0.9884
1.0
0.7893
0.9267
0.4468
1.0
0.8006
0.5043
0.1026
0.6546
0.5632
0.7145
1.0
0.5368
0.6932
0.627
0.9
0.7652
0.7742
0.8556
0.4892
0.6927
0.2623
0.5443
0.5737
0.4364
0.6497
0.2404
0.9229
0.6226
1.0
0.8254
0.8169
0.982
0.5917
0.3769
0.5765
1.0
0.7728
-0.0333
0.8699
0.9274
0.3537
0.7777
0.451
0.4783
0.9502
0.1909
0.9132
0.9115
0.7164
1.0
0.8002
0.8259
0.6486
0.7854
-0.01333
0.8026
0.5245
0.9092
0.6541
0.8572
0.7228
0.861
0.861
0.4931
0.4888
0.5404
0.7822
1.0
0.6141
0.6656
0.6656
0.3678
0.693
0.8882
0.7302
0.7069
0.7069
0.9134
0.6065
0.7839
1.0
0.8718
1.0
0.4301
0.6606
0.8368
0.6022
1.0
0.8762
1.0
0.6709
0.6709
1.0
0.9174
0.772
0.6687
1.0
1.0
0.7499
0.4156
0.3009
0.8422
0.6095
1.0
0.7864
1.0
0.4863
0.856
0.7817
0.9519
0.8059
0.7289
0.5797
0.5075
1.0
1.0
0.6492
0.6309
0.6501
0.2912
0.578
0.7843
1.0
0.9387
0.9507
1.0
0.321
0.3225
0.7808
1.0
1.0
1.0
0.9271
0.4493
0.689
0.9376
0.7932
0.9005
1.0
0.6748
0.9234
0.8438
0.8423
0.7925
1.0
0.8614
0.9087
0.4635
0.7247
1.0
0.8599
0.8598
0.8194
0.7393
1.0
1.0
0.6428
0.6471
0.6339
0.8081
1.0
0.7369
0.5318
1.0
0.8066
0.7516
0.7833
0.8877
1.0
1.0
0.9215
0.6624
0.967
0.8731
0.7703
0.7878
1.0
1.0
0.6589
0.845
0.6542
1.0
1.0
0.9787
0.6626
0.6626
0.3074
0.7158
1.0
1.0
0.7364
0.5073
0.7414
0.7354
0.6084
0.2453
0.5352
1.0
1.0
0.5323
1.0
0.8298
0.9081
0.7403
0.4785
1.0
1.0
1.0
0.5851
1.0
0.5272
0.6702
1.0
0.9129
1.0
0.3355
0.3637
0.8144
1.0
0.791
1.0
0.8078
0.8935
0.8277
0.6863
1.0
0.1283
0.8057
0.8383
0.8155
0.1391
0.9765
0.9162
0.4243
1.0
0.7574
0.8365
0.8288
1.0
0.946
0.6442
0.6136
0.8451
0.4192
0.9382
0.778
0.4585
0.726
0.7927
0.8709
0.6547
0.3768
0.8178
0.2044
1.0
0.2277
0.6534
0.8176
0.6025
1.0
0.6481
0.9681
0.9263
0.8687
0.8351
0.9487
0.8211
0.3646
0.7407
0.8815
0.7903
0.6769
0.8118
1.0
0.7795
1.0
0.655
0.7699
1.0
0.6037
0.9099
0.9639
0.6594
0.8462
0.9125
0.4875
0.6101
0.6875
0.5279
0.7603
0.9484
0.5436
0.9552
0.5548
0.3874
0.6634
0.9559
0.918
1.0
0.3676
0.8289
0.7012
0.2915
0.7939
0.8576
1.0
0.583
0.9485
1.0
0.7878
0.4924
0.7411
0.875
0.6234
1.0
1.0
0.3961
0.8897
0.8654
0.7541
0.3481
0.4695
0.7731
0.5826
1.0
0.473
0.4539
1.0
0.7058
0.7095
1.0
0.8128
0.5125
0.6502
0.6133
0.9535
1.0
0.7258
0.622
1.0
1.0
1.0
1.0
0.7438
1.0
0.04468
0.5243
0.8112
0.9344
0.5633
0.75
0.9319
0.3003
1.0
0.3404
0.6301
0.6334
0.6713
0.7488
0.9848
0.3701
0.9409
0.8591
0.9347
1.0
0.5615
0.7121
0.8982
0.499
0.9573
0.9704
0.9881
1.0
0.6699
0.6532
0.9786
0.8992
0.9793
0.7323
0.9153
0.6861
0.7825
0.6557
1.0
0.931
0.4907
0.8541
0.8678
0.8764
0.7631
0.6454
0.8036
0.7003
0.9171
0.9875
0.9044
0.9207
0.6763
0.4581
0.7533
0.9138
0.3528
0.5875
0.7555
0.9284
0.1826
0.647
0.521
1.0
0.9318
0.8567
0.6476
0.5843
0.5704
0.7366
0.6446
0.467
0.5413
1.0
0.194
0.7709
0.9454
0.5641
0.5776
0.8679
0.6512
0.5587
0.761
0.4576
0.4268
0.6428
0.27
0.5745
0.6142
0.9598
0.9923
1.0
0.6007
0.9532
0.561
0.5383
0.9002
0.9061
0.4441
0.1844
0.5436
0.1763
0.2185
0.3733
0.1139
0.2065
0.5832
0.4173
0.6935
0.08401
0.1645
0.3585
