0.8123
0.9698
0.868
0.8004
0.9942
0.8754
0.9589
0.8856
0.9656
0.8498
0.7369
0.8513
0.9098
0.8284
0.878
0.7961
0.8026
0.8389
0.9265
0.9229
1.0
0.9678
0.7299
1.0
0.8462
0.9155
0.9862
0.9963
0.8379
0.9175
0.894
0.9204
0.9763
0.8886
0.9094
0.8518
0.9849
0.8361
0.8746
0.8253
0.9678
0.8924
0.891
0.9218
0.8891
0.8399
0.8148
0.9982
0.8744
0.8689
0.8673
0.84
0.8882
0.8736
0.9772
0.9741
0.8527
0.8943
0.9382
0.9095
0.8084
0.8083
0.8942
0.9649
0.8284
0.7538
0.9909
0.8604
0.7781
0.8502
0.7299
0.8814
0.8766
0.8521
0.8648
0.8762
0.8083
0.8031
0.8773
0.8677
0.9498
0.9434
0.9852
0.9419
0.952
0.8316
0.9849
0.8854
0.8802
0.9183
0.776
0.9579
0.8909
0.8329
0.9566
0.812
0.9184
0.9221
0.8281
0.9748
0.9787
0.8224
0.7751
0.8382
0.9775
0.9925
0.7062
0.9739
0.8178
0.8569
0.865
0.7151
0.9519
0.8687
0.8026
0.8284
0.9221
0.8981
0.9712
0.9703
0.8575
0.9091
0.8781
0.817
0.8596
0.7805
0.9072
0.9888
0.9982
0.8384
0.8965
0.8849
0.9554
0.9905
0.9262
0.8581
0.8127
0.9642
0.8612
0.7981
0.7953
1.0
0.8726
0.8524
0.865
0.8489
0.9998
0.8734
0.9828
0.7275
0.8909
0.8748
0.944
0.8411
0.9707
0.8545
0.8518
0.8867
0.9707
0.966
0.8582
0.7877
0.8146
0.9497
0.8744
0.9806
0.9683
0.9629
0.8177
0.8098
0.674
0.8531
0.8284
0.9506
1.0
0.886
0.7895
0.789
0.963
0.8083
0.8368
0.968
0.8327
0.8083
0.9852
0.9879
0.8306
0.7798
0.8569
0.836
0.8962
0.8193
0.907
0.8515
0.9766
0.9305
0.9091
0.805
0.9277
0.8846
0.917
0.9498
0.8395
0.952
0.9134
0.9049
0.8245
0.9599
0.9001
0.8858
0.7985
0.729
0.8794
0.8981
0.9899
0.8311
0.994
0.8307
0.9373
0.9754
0.9359
0.7358
0.9183
0.8581
0.9306
0.9211
0.9823
0.8702
0.8212
0.8471
0.8971
0.7915
0.8853
0.9742
0.9683
0.8534
0.8574
0.7962
0.8444
0.9678
0.8569
0.9825
0.699
0.7791
0.953
0.9742
0.8907
0.9029
0.8114
0.9746
0.9558
0.9294
0.8065
0.9908
0.8025
0.9648
0.886
0.9468
0.8114
0.8591
0.956
0.9612
0.867
0.8916
0.9448
0.7682
0.8466
0.7921
0.9373
0.7429
0.9773
1.0
0.9712
0.83
0.8289
0.7939
1.0
0.7847
0.7299
0.8374
0.8281
0.9058
0.8926
0.8164
0.9912
0.8617
0.9664
0.8552
0.8614
0.8807
0.7618
0.895
0.9218
0.9306
0.8884
0.9243
0.8866
0.7299
0.7558
0.8849
0.8803
0.8465
0.9543
0.7659
0.9963
0.9543
0.8914
0.9063
0.801
0.7956
0.9594
0.8228
0.8335
0.8697
0.993
0.943
0.8625
0.873
0.9741
0.8882
0.8325
0.754
0.9447
0.9021
0.9549
0.8045
0.7858
0.8774
0.7821
0.8614
0.804
0.9427
0.8511
0.7478
0.822
0.9394
0.8516
0.8466
0.8913
0.8205
0.9094
0.8854
0.8495
0.9725
0.9828
0.9441
0.8135
0.9423
0.8991
0.9323
0.8638
0.8403
1.0
0.8615
0.7917
0.7902
0.8178
0.821
0.9634
0.7838
1.0
0.9731
0.898
0.8736
0.8041
0.9247
1.0
0.8409
0.9938
0.8651
0.857
0.8939
0.907
0.8373
0.8255
0.8591
0.9424
0.942
0.8283
0.991
0.991
0.8604
1.0
0.9042
0.7063
0.8878
0.9093
0.8927
0.9018
0.8336
0.805
0.8569
0.8922
0.8416
0.9691
0.815
0.8998
0.8565
0.858
0.8452
0.88
0.8392
0.9646
0.971
0.8029
0.8958
0.9763
0.9506
0.9594
0.9637
0.8087
0.7979
0.9632
0.8957
0.8073
0.674
0.8929
0.7413
0.8674
0.8577
0.942
0.987
0.8326
0.9521
0.9883
0.9831
0.8281
0.8696
0.9921
0.9594
0.9354
0.8146
0.8524
0.8978
0.8067
0.8672
0.8412
0.7208
0.776
0.722
0.8677
0.8025
0.8751
0.8496
0.946
0.7641
0.8471
0.805
0.8842
0.991
0.8829
0.9839
0.9692
0.8883
0.9653
0.9401
0.8597
0.8583
0.8723
0.9885
0.8144
0.8939
0.9632
0.7763
0.9854
0.9466
0.8686
0.9518
0.9102
0.6963
0.9859
0.8115
0.8945
0.8404
0.9698
0.7861
0.819
0.8702
0.9784
0.8611
0.814
0.8787
0.9044
0.8841
0.872
0.8261
0.7586
0.8184
0.674
0.9267
0.8275
0.7787
0.9405
0.7861
0.9637
0.8777
0.9116
0.8163
0.9411
0.8436
0.7861
0.8275
0.8295
0.9454
0.8419
0.9335
0.7982
0.875
0.8832
0.9651
0.9224
0.7998
0.9567
0.8817
0.8763
0.8733
0.9976
0.7945
0.9709
0.9543
0.8541
0.9125
0.9083
0.8866
0.8849
0.9315
0.9536
0.9449
0.9863
0.8348
0.8847
0.9411
0.9826
0.9664
0.8934
0.9272
0.8981
0.9963
0.8447
0.9457
0.8416
0.7935
0.7599
0.9902
0.9805
0.96
0.7715
0.8682
0.8177
0.7164
0.8316
0.8026
0.9129
0.8026
0.9867
0.764
0.9038
0.9156
0.8144
1.0
0.8028
0.8119
0.7899
0.9091
0.8639
0.8688
0.8501
0.9033
0.8732
0.7251
0.8849
0.8691
0.8611
0.9302
0.9402
0.8706
0.9197
0.865
0.7025
0.9349
0.9888
0.8325
0.9656
0.8677
0.9671
0.8892
0.7558
0.9058
0.9155
0.9875
0.9497
0.9373
0.8972
0.8895
0.8582
0.9915
0.8114
0.7878
0.9806
0.9451
0.7743
0.8939
0.8097
0.8164
0.9525
0.8542
0.9783
0.968
0.8189
0.799
0.8763
0.9018
0.9378
0.8883
0.8237
0.7861
0.8736
0.8971
0.9954
0.8714
0.8323
0.8668
0.9153
0.7426
0.9062
0.8015
0.9033
0.7869
0.8697
0.9285
0.7413
0.8427
0.8642
0.862
0.9397
0.9172
0.882
0.7771
0.8293
0.8907
0.9098
0.8856
0.8307
0.8818
0.7728
0.8026
0.8284
0.9095
0.8538
0.9628
0.8674
0.9516
0.7346
0.907
0.8524
0.9768
0.812
0.7921
0.9385
0.7491
0.8422
0.8424
0.8751
0.9586
0.7454
0.7861
0.8405
0.8634
0.8975
0.9556
0.8639
0.8614
0.8301
0.9795
0.8761
0.8067
0.8907
0.9669
0.8419
0.828
0.8284
0.9646
0.9401
0.7119
0.8793
0.9638
0.9497
0.9482
0.9448
0.9421
1.0
0.8566
0.7569
0.9768
0.8086
0.7861
0.8517
0.9375
0.9883
0.858
0.9599
0.7954
0.8741
0.8932
0.8766
0.8951
0.9802
0.8705
0.8702
0.858
0.9353
0.8758
0.97
0.8782
0.9878
0.8285
0.8628
0.9839
0.888
0.7423
0.8298
0.8781
0.9434
0.9234
0.9516
0.9183
0.9243
0.8265
0.952
0.9788
0.8565
0.872
0.8355
0.8388
0.8227
0.8608
0.9441
0.8881
0.8866
0.8014
0.9463
0.7836
0.934
0.8675
0.7514
0.7974
0.8391
0.7775
0.879
0.7729
0.8128
0.9717
0.8443
0.9646
0.8284
0.9302
0.8154
0.8703
0.9832
0.9367
0.8336
0.8633
0.852
0.8033
0.9458
0.9035
0.953
0.8083
0.9516
0.9802
0.7915
0.8692
0.8411
0.8943
0.8753
1.0
1.0
0.8159
0.8616
0.8615
0.9134
0.98
0.8573
0.9883
0.8159
0.9672
0.9703
0.9795
0.9247
0.7888
0.8554
0.8968
1.0
0.8861
0.8203
0.8584
0.8141
0.8481
0.8753
0.9677
0.7552
0.7474
0.862
1.0
0.741
0.817
0.8962
0.8104
0.9458
0.8957
0.88
0.8923
0.8415
0.9908
0.9291
0.8793
0.946
0.8542
0.8736
0.9512
0.9521
0.8586
0.8637
0.8684
0.8771
0.9265
0.9664
0.8482
0.871
0.8315
0.8489
0.9195
0.8596
0.848
0.8639
0.8088
0.8792
0.8533
0.8367
0.9755
0.9062
0.9044
0.8847
0.8781
0.84
0.993
0.9064
0.9488
0.8746
0.8481
0.8183
0.8636
0.7223
0.8437
0.8686
0.9466
0.858
0.759
0.8277
0.944
0.8284
0.765
0.9575
0.8907
0.9783
0.8564
0.786
0.7122
0.8085
0.9422
0.8799
0.7998
0.8292
0.8485
0.7861
0.7986
0.9318
0.8056
0.7953
1.0
0.8251
0.8766
0.8771
0.7827
0.7883
0.9662
0.7369
0.8723
0.8114
0.9491
0.8801
0.8625
0.9588
0.8241
0.8636
0.8593
0.9111
0.8277
0.8633
0.7955
0.9524
0.8568
0.9746
0.928
0.9044
0.7137
0.8954
0.8229
0.8402
0.8441
0.7611
0.7471
0.8687
0.824
0.8736
0.8061
0.8568
0.8283
0.9691
0.9692
0.8628
0.8731
0.8461
0.956
0.7347
0.8026
0.9438
0.7956
0.8293
0.95
0.8634
0.9491
0.873
0.9476
0.8858
0.8612
0.8676
0.8637
0.8923
0.8912
0.85
0.8712
0.9062
0.839
0.8495
0.9588
0.857
0.8884
0.7907
0.7809
0.8482
0.9889
0.866
0.8019
0.9074
0.993
0.994
0.859
0.8861
0.8885
0.8907
0.9692
0.6968
0.8274
0.946
0.9094
0.8172
0.8968
0.8754
0.7281
0.9243
0.8387
0.9739
0.8853
0.834
0.9612
0.8788
0.9709
0.8707
0.8281
0.9014
0.8267
0.9048
0.8065
0.9125
0.9089
0.794
0.8796
0.8306
0.8514
0.7963
0.8199
0.9832
0.8565
0.8026
0.7659
0.9813
0.8295
0.8026
0.8549
0.8087
0.8457
0.7541
0.699
0.8614
0.8171
0.8003
0.7937
0.8991
0.674
0.8249
0.7869
0.8297
0.8814
0.7299
0.7299
0.9913
0.9662
0.76
0.8444
0.9405
0.991
0.8576
0.9098
0.8914
0.9641
0.8348
0.9438
0.8281
0.9469
0.8722
0.9916
0.8225
0.8428
0.7951
0.8962
0.8419
0.8702
0.8763
0.8688
0.6742
0.87
0.84
0.9977
0.7543
0.7888
0.9095
0.9005
0.878
0.8489
0.8797
0.8692
0.8313
0.8353
0.8083
0.8639
0.8467
0.7265
0.8916
0.8308
0.996
0.875
0.867
0.7426
0.871
0.7919
0.9353
0.674
0.866
0.9678
0.8916
0.8812
0.8648
0.823
0.8163
0.8639
0.8372
0.8588
0.9692
0.8803
0.821
0.6887
0.9748
0.8555
0.7974
0.8279
0.9072
0.801
0.97
0.9099
0.8429
0.8125
0.9035
0.7789
0.834
0.9567
0.9119
0.842
0.9691
0.8111
0.811
0.8372
0.8122
0.8831
0.7643
0.886
0.8568
0.8767
0.9293
1.0
0.8746
0.9889
0.8998
0.7963
0.9766
0.8754
0.9033
0.8716
0.7316
0.8372
0.879
0.8578
0.8429
0.7965
0.7764
0.8723
0.8103
0.9709
0.8687
0.9211
0.7255
0.8726
0.8709
0.8085
0.8513
0.9243
0.8699
0.8634
0.7909
0.674
0.8131
0.914
0.8663
0.9457
0.7565
0.8163
0.8803
0.8467
0.8923
0.9976
0.8123
0.9772
0.7518
0.8489
0.849
0.9044
0.9153
0.9156
0.8565
0.8044
0.8273
0.8814
0.9162
0.9907
0.9092
0.8293
0.8163
0.952
0.8782
0.8154
0.8487
0.8666
0.8083
0.8296
0.913
0.968
0.7642
1.0
0.8861
0.9878
0.8322
0.7982
0.8545
0.674
0.8165
0.8506
0.9867
0.8475
0.8343
0.8026
0.876
0.8057
0.9766
0.7881
0.7816
0.8534
0.8355
0.8284
0.8782
0.8562
0.8858
0.8545
0.8271
0.8638
0.8615
0.8083
0.8577
0.674
1.0
0.824
0.8661
0.8902
0.7611
0.7977
0.9783
0.8395
0.7386
0.8433
0.8255
0.8867
0.8719
0.9094
0.8914
0.871
0.8056
0.87
0.8482
0.8481
0.9115
0.9029
0.9524
0.8011
0.8259
0.8008
0.9805
0.9442
0.8878
0.9035
0.8549
0.81
0.8436
0.7973
0.7805
0.8335
0.9102
0.875
0.7861
0.7907
0.7995
0.8408
0.8207
0.8288
0.9049
0.8818
0.858
0.8956
0.7888
0.8077
0.7577
0.8083
0.9783
0.8731
0.8751
0.8867
0.8085
0.8394
0.913
0.8506
0.8557
0.8436
0.7702
