32.99
40.8
43.08
36.99
18.7
32.24
28.77
48.34
12.53
23.38
44.51
17.07
38.35
40.47
26.03
40.65
42.66
29.06
56.84
44.99
30.65
34.06
33.39
28.3
18.37
53.43
19.81
38.94
41.4
28.91
41.58
21.99
23.09
27.93
27.91
24.97
26.18
38.83
28.97
25.38
36.69
28.37
53.39
41.14
49.6
85.83
25.1
27.23
32.61
24.22
38.28
35.04
123.6
29.12
30.98
19.92
24.31
28.27
79.16
58.96
41.86
19.28
51.2
18.31
38.72
25.29
71.16
50.0
59.45
27.45
52.48
46.12
44.95
45.53
59.92
45.58
63.68
22.6
79.01
30.62
39.18
123.4
60.42
97.78
23.56
30.31
43.81
24.81
20.35
25.79
60.93
33.89
29.93
30.32
76.14
32.36
64.1
24.14
34.71
53.08
34.25
37.42
68.39
18.32
29.4
32.82
27.15
39.18
31.72
66.33
33.03
26.06
50.11
33.89
32.88
64.22
46.4
36.34
23.78
12.77
34.48
63.86
76.58
36.97
51.86
44.74
29.11
73.88
20.76
33.98
49.93
79.82
30.37
51.57
29.42
32.68
42.12
36.06
56.94
28.12
34.81
17.62
49.83
7.135
35.22
41.1
50.41
39.12
42.09
25.03
15.46
168.5
35.16
69.99
21.86
30.67
32.44
42.31
30.79
45.4
34.33
30.45
24.98
14.41
15.71
49.87
25.76
28.53
60.13
34.4
33.01
28.3
26.64
27.39
25.84
22.1
31.24
62.39
20.17
16.38
20.81
28.34
21.24
18.02
25.9
34.93
18.69
27.07
66.97
22.15
31.99
46.94
28.07
52.94
76.76
27.7
28.63
44.72
51.62
38.61
25.86
38.51
19.81
27.22
26.53
39.31
23.13
130.9
38.37
25.72
27.87
50.42
17.51
50.33
37.84
30.72
35.46
10.59
22.26
34.85
21.12
23.83
30.49
30.54
21.11
21.81
28.81
39.0
28.08
23.6
18.81
41.85
50.2
33.69
43.12
42.14
38.13
24.36
100.7
48.95
36.87
24.85
26.34
38.84
28.57
45.19
112.0
13.3
46.9
71.79
34.53
31.48
62.68
31.61
43.38
27.83
69.1
26.26
13.45
33.25
34.4
33.7
28.51
64.0
33.28
22.09
36.96
22.56
48.56
36.08
34.72
37.98
25.49
24.48
44.01
33.23
18.52
106.0
45.84
30.04
20.48
45.38
60.6
29.74
149.1
48.43
34.58
23.71
32.93
33.09
27.04
20.54
55.83
21.07
32.67
27.56
57.07
20.19
22.69
26.59
19.17
35.5
34.57
35.18
68.54
127.4
59.59
57.09
23.1
31.61
24.74
42.63
8.268
40.31
41.91
57.88
23.19
26.05
106.0
36.0
56.37
35.7
58.24
19.66
48.2
24.6
46.3
40.34
38.33
16.68
29.26
34.93
162.6
21.89
21.64
35.91
61.35
70.03
43.6
29.58
24.81
28.94
33.39
65.37
46.17
22.73
80.41
32.29
24.01
28.5
52.02
23.84
31.92
33.93
56.38
26.62
62.79
24.34
63.48
27.44
36.03
56.88
69.65
38.55
58.29
47.91
37.94
35.49
28.68
201.7
19.74
25.43
21.3
31.5
40.27
30.26
20.52
37.63
61.68
54.17
24.0
47.3
56.64
75.46
33.0
171.7
18.83
33.2
86.81
77.93
22.75
26.89
18.96
45.74
23.97
63.38
18.78
29.55
30.85
25.35
24.95
nan
21.21
14.1
25.1
28.46
55.27
27.69
20.07
41.18
41.36
50.76
42.23
22.22
20.48
43.89
69.33
39.82
30.07
25.42
16.72
24.25
56.58
34.76
36.14
43.13
57.42
36.43
25.31
32.25
37.33
60.82
17.49
46.68
40.62
65.59
24.73
43.6
66.39
39.75
82.22
11.75
20.32
103.3
23.42
30.49
33.53
39.29
20.91
45.4
30.3
20.05
32.79
45.67
36.05
27.32
30.15
35.23
75.5
24.35
63.23
81.03
37.36
48.13
17.7
59.64
44.92
33.65
30.06
43.1
32.6
30.02
19.61
33.29
30.2
19.0
26.55
69.27
33.09
28.38
28.26
22.57
51.82
28.93
26.87
18.87
40.15
25.39
46.48
38.82
39.53
29.42
37.51
30.98
36.92
41.96
29.93
26.39
31.07
34.03
70.71
18.63
11.56
63.81
59.11
41.53
16.11
18.44
63.23
20.24
84.96
52.33
72.64
28.91
54.07
58.85
29.13
42.52
32.28
17.37
28.65
30.78
31.82
48.51
35.28
46.57
72.76
47.33
30.61
44.67
25.54
27.93
81.35
26.6
35.74
124.3
22.94
40.3
29.65
29.08
33.54
67.5
29.03
49.37
27.86
20.85
86.04
40.0
61.31
21.14
35.91
64.22
32.65
74.1
46.13
39.48
42.71
27.9
27.85
21.41
59.01
39.81
60.85
64.09
51.55
56.04
36.76
36.15
16.9
34.5
36.24
45.09
30.62
43.85
49.39
83.46
27.37
29.76
28.24
58.91
36.91
35.36
24.67
33.79
20.59
76.77
28.04
17.58
37.3
26.84
84.38
29.19
27.76
25.43
13.23
45.44
27.08
39.29
45.03
26.37
23.22
23.54
40.26
25.89
27.32
23.73
24.27
26.58
14.96
33.5
25.18
53.85
17.28
20.25
7.722
26.17
33.56
15.8
40.42
36.39
29.71
50.91
37.04
27.14
27.64
31.48
29.02
41.94
25.1
82.31
108.4
64.92
22.3
18.45
61.4
64.66
38.34
28.27
23.61
39.14
41.32
53.29
56.7
30.95
101.3
17.47
40.62
33.59
41.41
27.13
26.63
16.45
23.53
32.74
31.61
22.97
20.83
31.53
25.33
33.25
35.21
46.06
50.3
49.14
38.61
77.44
71.93
37.14
29.38
36.21
29.73
20.12
22.3
22.81
31.88
29.4
54.05
43.33
19.98
18.48
28.58
27.43
46.98
28.36
36.61
20.33
39.75
19.97
60.14
26.84
19.76
23.36
26.8
35.77
24.58
49.55
55.24
44.17
30.63
37.14
58.5
41.2
62.92
22.68
29.43
49.63
28.99
19.77
30.49
44.13
26.7
62.76
57.36
59.55
24.6
23.17
21.07
53.06
52.04
30.02
31.11
16.54
46.99
17.22
42.11
23.79
51.28
23.68
70.27
17.95
35.37
28.48
31.9
26.95
33.46
40.0
38.9
62.6
22.55
22.54
42.98
43.63
70.52
83.46
16.39
52.73
39.71
26.91
49.87
17.75
25.79
116.4
53.7
38.26
11.56
25.64
28.21
26.64
64.19
36.31
42.8
41.4
47.6
30.96
21.1
52.27
52.56
51.83
40.41
38.32
132.6
48.96
22.06
37.53
64.74
18.13
43.86
15.55
60.28
19.61
78.23
39.28
53.06
40.03
34.05
52.43
50.74
13.19
22.99
45.5
18.31
20.56
24.19
46.08
39.31
40.59
49.99
34.18
34.13
48.69
37.33
24.9
22.09
50.47
149.7
42.82
23.96
59.3
30.23
57.11
13.33
16.86
36.02
12.92
32.18
32.71
36.49
22.91
34.49
67.01
28.45
37.51
22.6
29.24
43.41
23.28
35.22
23.67
37.34
36.37
71.98
57.73
19.15
27.75
45.83
45.13
27.45
34.48
70.0
54.44
21.01
11.57
90.17
16.08
36.01
33.17
27.98
74.59
21.69
0.0
85.85
70.37
14.62
19.77
31.3
13.65
40.21
30.54
61.94
41.22
23.01
32.59
19.05
43.29
27.77
29.49
15.95
70.75
32.56
40.11
52.64
37.55
19.66
30.83
52.74
74.1
63.01
49.88
7.849
20.89
14.49
61.62
25.01
17.94
18.9
38.49
52.26
20.26
19.54
53.9
28.73
25.78
44.82
32.39
31.11
32.43
47.56
29.7
33.96
49.15
33.83
49.13
30.59
18.65
47.86
52.18
33.35
30.24
16.81
8.516
24.52
34.38
22.34
33.96
27.42
47.06
32.91
18.34
66.12
43.3
94.12
36.91
23.91
39.52
57.08
23.41
36.37
40.49
54.85
33.96
26.17
16.9
85.76
54.67
36.21
22.67
31.94
23.63
32.58
37.77
33.38
25.97
59.01
24.58
50.5
47.15
34.25
51.28
59.81
35.08
28.76
14.13
43.63
41.83
36.16
28.22
58.95
30.46
34.59
90.16
35.82
34.25
46.39
57.7
28.43
26.59
79.99
33.67
39.04
30.23
14.88
17.69
24.36
18.66
81.06
92.11
55.48
26.12
37.03
26.94
52.37
39.65
53.05
61.08
24.87
25.42
34.72
46.82
35.11
21.46
28.97
53.1
18.82
51.34
31.11
28.22
13.96
33.15
47.99
20.08
50.71
31.13
38.75
47.34
29.29
91.46
16.1
28.15
38.93
29.38
28.52
50.77
25.12
62.64
55.12
33.47
26.83
29.37
44.25
37.53
42.85
18.2
50.01
72.04
45.73
63.44
45.65
41.48
20.18
21.65
35.12
15.74
56.53
23.75
33.09
37.66
52.96
24.23
25.24
65.2
30.08
35.71
32.06
47.09
72.65
17.49
17.1
58.99
29.61
42.39
53.3
27.57
59.59
22.97
22.03
49.51
55.05
48.29
33.95
35.15
24.14
53.11
48.74
32.82
22.21
32.05
38.05
55.39
24.3
24.94
24.34
36.59
41.72
38.56
44.36
44.5
45.37
68.61
65.34
54.75
40.07
20.47
74.17
31.48
61.09
52.07
134.8
60.21
49.23
21.37
39.25
21.73
28.75
68.19
42.12
42.23
53.8
13.65
49.51
26.96
45.82
72.84
19.54
35.75
26.37
22.36
21.42
48.36
31.63
42.74
58.51
38.19
45.13
28.06
34.41
28.73
35.27
63.74
42.37
62.3
60.55
43.85
46.86
23.65
13.18
71.29
59.58
27.2
32.89
45.89
41.79
33.99
29.58
42.78
35.09
54.79
38.43
62.27
43.79
18.87
86.51
40.68
63.67
33.09
61.24
37.44
32.25
20.84
28.79
21.78
20.7
20.91
16.39
47.36
46.19
20.31
22.12
24.95
46.42
30.63
40.97
21.73
26.8
73.3
40.79
30.17
38.37
40.93
27.47
29.44
60.85
17.03
25.96
32.93
40.18
56.83
36.97
25.0
43.93
24.29
19.33
14.87
30.15
41.82
38.32
63.66
34.81
21.12
33.96
38.75
33.57
66.17
29.67
31.55
45.95
32.16
31.06
21.61
64.03
36.01
26.24
69.11
23.15
23.36
42.57
19.27
37.32
31.64
34.51
37.91
56.71
34.62
46.38
15.96
25.35
23.19
29.12
25.92
19.12
27.07
27.94
30.31
46.4
45.56
39.06
37.32
27.84
19.54
29.21
27.16
57.86
44.87
38.37
23.83
20.28
17.8
139.5
20.44
17.04
25.8
59.2
27.08
72.68
24.45
60.64
55.27
70.88
43.33
1.206e-06
27.08
29.5
40.11
28.97
80.23
58.52
43.45
56.94
37.95
37.78
33.1
38.57
29.73
48.04
30.58
61.77
27.31
24.19
19.01
123.8
62.94
16.31
24.97
38.66
55.43
62.31
30.4
22.45
15.76
23.61
70.07
48.92
74.7
34.54
37.84
31.37
22.17
27.29
117.9
13.91
34.68
43.14
55.3
22.48
27.7
13.64
30.92
55.55
59.58
24.43
32.48
8.932
41.28
21.05
32.65
51.58
54.69
66.97
19.26
45.9
28.73
13.15
45.72
17.37
39.2
40.22
48.84
55.9
66.32
78.53
40.17
29.79
31.38
72.85
51.13
35.03
44.36
75.21
17.86
15.69
21.26
38.14
66.08
122.4
199.4
46.17
80.78
29.77
51.86
50.84
44.66
23.67
32.06
69.67
80.37
27.4
17.72
24.3
22.25
37.9
22.89
44.13
20.06
47.18
71.07
16.98
21.98
22.55
23.32
16.92
190.4
26.3
37.15
29.31
39.15
25.4
69.85
29.48
57.34
nan
40.03
21.97
26.74
24.24
18.48
27.26
43.8
53.11
36.34
48.11
56.72
39.05
72.35
47.74
18.59
63.61
23.49
55.75
39.1
37.85
16.16
10.6
57.82
26.17
31.44
43.34
23.96
50.69
37.17
12.56
46.06
60.83
31.99
29.08
66.81
26.99
21.32
45.38
70.23
33.78
36.55
38.36
37.6
37.68
27.06
27.5
28.22
55.01
49.75
53.33
38.41
24.22
20.03
45.51
27.31
65.59
17.64
21.92
23.39
64.34
27.29
58.25
47.2
29.56
89.28
88.07
41.65
66.64
14.03
50.78
16.39
23.68
15.66
65.34
18.68
38.4
44.11
30.3
45.97
41.87
104.9
67.99
30.5
35.7
23.03
22.56
51.22
30.48
18.36
27.44
31.4
26.05
71.56
30.35
54.45
42.14
60.18
25.55
47.73
41.17
43.74
26.52
47.11
17.36
34.39
45.89
69.44
19.32
33.37
27.47
29.58
47.25
29.27
31.42
10.21
131.8
68.04
36.77
33.09
18.99
38.99
47.29
62.49
41.66
37.65
58.93
19.76
28.38
60.7
75.61
24.63
32.37
60.99
21.79
24.29
26.53
19.9
15.51
30.8
33.03
13.81
36.07
45.65
33.91
47.99
115.4
34.16
27.31
23.0
14.27
24.45
62.08
44.77
65.54
14.42
30.06
61.06
40.88
23.1
46.5
18.84
54.33
19.87
21.49
40.23
44.43
49.2
43.05
21.09
33.94
30.6
53.65
28.15
67.35
56.23
69.67
35.3
35.91
20.82
71.19
36.37
65.03
48.02
44.48
25.39
19.19
