1.565
2.637
2.607
2.588
3.622
3.61
3.356
3.652
3.478
1.361
1.971
3.669
1.341
4.116
4.241
4.501
4.254
4.225
0.6707
1.023
0.3811
2.319
1.335
3.995
4.079
4.424
4.384
4.327
4.285
1.777
1.83
2.662
1.586
3.141
3.43
4.481
3.224
2.731
3.329
3.004
2.594
0.4948
0.4955
2.412
2.415
3.96
3.898
5.275
3.713
3.777
3.693
1.151
1.595
1.739
1.517
1.32
3.344
3.382
3.36
3.34
3.78
3.446
1.617
1.22
1.005
1.571
1.065
1.943
1.699
1.997
1.362
1.457
1.104
1.176
0.6407
1.783
2.539
2.225
2.419
3.975
4.468
4.404
3.764
3.462
3.923
3.684
1.887
1.892
1.8
2.179
2.414
4.767
4.045
4.143
3.997
4.254
4.381
1.105
2.191
1.806
1.035
2.194
2.731
2.263
2.346
2.378
3.243
2.193
4.248
2.674
1.902
4.63
4.437
4.59
5.332
5.42
4.841
1.726
1.011
1.44
1.277
1.444
3.975
4.03
3.814
4.173
3.953
4.039
1.884
2.027
1.843
1.153
0.7628
2.929
3.883
3.727
3.745
4.488
3.686
1.445
1.537
1.832
1.67
4.126
4.27
3.817
3.77
3.776
2.482
1.829
1.642
1.98
1.893
1.953
2.616
2.246
1.011
0.5911
0.697
2.638
1.879
3.313
3.127
2.753
2.64
2.691
1.204
2.576
0.7024
1.824
0.8004
2.51
3.61
2.59
2.744
3.241
2.712
1.991
2.984
0.4818
2.238
2.016
1.838
4.069
4.064
4.173
4.65
4.22
4.413
4.364
2.103
0.8349
2.034
2.028
2.147
2.65
2.946
2.853
2.552
1.333
0.9302
2.624
2.469
4.786
3.398
3.671
3.573
3.622
2.384
1.957
2.697
1.988
4.452
3.858
3.848
3.676
3.758
2.822
1.558
2.189
1.068
3.361e-07
3.738
3.504
3.553
3.904
3.607
3.553
1.8
2.156
1.633
1.001
0.654
4.138
4.192
4.157
4.375
3.926
4.172
2.839
3.131
2.842e-07
2.828
1.755
0.9018
5.061
3.659
3.747
4.201
3.55
3.783
3.783
2.611
0.8599
1.488
0.6221
4.332
4.35
4.453
4.025
4.194
1.987
2.631
1.72
0.9524
1.312
3.241
3.226
3.315
3.522
2.757
3.182
2.367
1.36
2.544
2.848
3.385
2.879
3.96
3.855
3.572
2.665
1.452
1.967
4.198
4.073
4.003
4.43
3.887
4.037
1.643
2.955
0.9446
1.496
3.44
3.76
3.498
3.18
3.553
1.578
2.017
4.984e-07
1.014
1.543
3.56
3.377
3.047
3.771
3.307
3.307
3.036
1.794
1.794
0.7144
1.332
4.824
4.421
4.336
4.578
4.462
4.311
1.266
2.179
3.546
3.687
4.504
4.226
5.151
5.324
5.265
2.438
2.75
2.733
1.199
2.516
3.599
4.546
4.761
3.695
1.729
0.9406
1.985
2.429
0.5272
3.445
3.298
3.574
3.418
3.853
3.304
1.985
1.37
0.6312
2.107
2.469
3.53
2.965
3.548
3.149
3.342
3.327
1.36
0.5221
2.178
0.8288
3.364
2.95
3.207
2.947
2.947
1.161
0.9012
2.327
1.148
1.674
3.788
4.061
3.897
4.116
4.008
3.995
2.77
2.463
2.748
2.032
3.457
2.819
3.352
2.945
1.911
1.074
1.045
2.197
2.407
1.246
4.012
4.454
3.698
4.207
3.224
4.106
3.394
1.834
0.9785
1.784
4.367
4.814
3.674
4.408
4.325
1.764
2.588
1.73
2.225
1.548
3.86
3.09
3.418
2.529
3.011
3.214
2.254
0.5569
3.279
1.382
0.5023
3.903
2.427
1.792
2.728
1.784
1.867
1.873
2.884
2.985
1.506
4.171
4.931
4.227
4.738
4.835
3.611
1.845
1.977
2.853
1.405
4.462
3.455
3.551
3.798
3.529
3.264
2.195
0.4402
3.601
1.384
3.363
3.969
3.641
3.96
3.911
3.9
1.9
2.295
2.495
1.138
3.921
3.809
1.837
3.589
3.518
3.617
1.078
1.111
2.461
1.703
3.943
3.589
3.681
3.3
3.46
1.518
2.756
2.738
2.868
2.486
3.042
4.138
2.564
3.873
0.528
2.402
2.764
1.505
2.914
3.477
4.206
3.767
4.217
3.836
3.727
0.8344
1.888
3.166
2.32
0.9117
3.407
4.69
5.124
4.656
5.166
5.18
5.51
5.116
2.046
2.031
2.665
0.9065
1.111
2.493
4.932
4.853
4.745
4.473
5.581
5.17
4.936
2.531
3.204
2.242
1.777
0.9712
2.029
3.399
3.035
3.425
2.809
4.364
3.358
2.897
1.751
0.8437
2.114
1.191
2.23
1.483
3.289
3.698
3.486
3.967
3.296
3.679
3.212
1.873
2.59
2.696
2.24
1.195
1.477
3.058
3.297
3.301
3.361
4.144
3.627
3.189
1.174
1.772
2.122
1.929
1.946
0.558
3.505
3.482
3.192
3.371
3.19
3.891
3.144
1.256
1.854
0.8248
1.344
2.268
2.376
3.393
2.755
2.344
2.629
2.452
1.584
1.388
0.6472
0.9483
4.559
4.659
4.919
4.907
4.793
0.2104
2.552
2.415
1.578
0.6329
2.338
4.465
4.604
4.351
4.576
5.689
5.199
4.602
1.415
1.706
1.472
1.474
2.38
2.652
4.078
4.885
4.308
3.988
3.998
4.357
3.92
1.735
2.322
1.767
0.4343
1.301
2.099
4.146
4.105
4.504
3.833
4.074
4.423
4.086
0.2331
2.364
2.578
1.729
2.031
2.452
2.919
3.554
3.069
2.613
3.276
3.394
2.662
0.5446
1.651
1.797
1.106
1.6
2.511
2.474
2.6
3.352
2.535
2.892
2.528
2.532
0.4067
2.419
1.826
1.675
1.687
3.402
3.912
3.42
3.448
3.326
3.482
0.7265
1.814
2.181
1.699
0.6925
2.132
3.338
3.627
3.673
3.697
3.476
4.599
3.599
1.382
0.8054
1.809
0.6471
2.307
3.551
3.955
3.796
4.011
4.053
3.892
1.107
2.381
1.844
1.277
1.548
3.935
4.541
4.531
4.214
4.353
4.25
0.6997
3.253
2.513
1.626
1.918
1.553
4.18
4.408
4.222
3.576
3.985
3.86
3.749
1.439
0.9931
1.554
1.495
1.159
4.685
4.237
4.396
4.04
4.358
4.141
1.372
1.526
0.4483
3.517
0.683
2.764
4.669
4.074
3.692
4.035
4.332
4.132
4.099
2.018
3.263
2.113
1.235
2.796
2.984
2.924
3.753
2.623
3.152
1.673
1.545
2.424
2.376
4.886
5.578
5.476
4.319
4.677
4.877
1.83
1.242
2.082
1.627
4.364
4.231
3.793
3.69
4.019
1.599
1.098
1.666
1.96
1.486
2.56
4.342
4.251
4.169
4.13
3.965
4.305
3.959
0.9352
1.027
0.5028
1.204
1.251
4.15
4.347
3.825
4.012
3.995
3.937
1.277
1.537
1.658
1.515
1.647
4.338
4.485
4.464
4.582
4.466
4.489
1.806
1.946
1.267
1.825
2.903
4.425
4.285
4.076
4.675
4.531
4.594
1.341
1.702
1.907
0.9003
2.382
3.433
3.158
3.832
3.083
3.31
3.181
1.182
1.446
1.961
2.155
0.7494
3.223
3.693
3.787
3.833
3.545
4.122
3.904
3.879
3.037
2.109
1.071
1.06
0.6875
2.861
3.381
3.476
3.525
3.348
3.364
0.4858
2.153
1.211
0.4374
1.515
1.972
3.02
3.409
3.208
2.974
3.531
3.121
2.963
0.9534
1.477
0.7045
2.993
1.592
0.4717
3.694
3.486
3.256
3.404
3.489
3.348
3.344
1.853
2.457
1.728
2.259
3.687
3.797
4.469
4.165
4.101
2.333
1.763
1.253
2.301
1.819
4.19
5.247
4.322
4.164
4.209
4.167
4.164
1.285
1.266
1.448
2.665
2.186
3.33
4.23
4.088
3.648
3.265
3.479
2.142
2.267
2.712
0.7472
1.447
2.55
2.603
2.891
3.679
3.935
2.428
2.063
2.628
2.551
0.3618
1.716
2.202
3.779
3.729
3.413
4.438
3.175
4.454
3.786
1.693
2.06
0.8612
1.255
3.875
1.15
2.855
4.519
2.754
3.297
3.726
2.821
2.721
0.8981
2.201
2.297
1.927
1.247
1.746
5.008
5.193
5.136
5.109
4.794
4.898
5.072
2.561
2.005
2.44
1.538
1.437
2.145
5.687
5.506
5.413
4.374
4.59
4.149
5.519
1.321
0.994
1.975
0.5681
1.231
1.47
4.06
3.777
4.209
4.033
3.863
4.237
3.974
0.3736
2.145
1.336
0.6704
4.809
5.038
4.946
4.934
5.034
1.328
2.415
1.968
0.7165
3.37
2.061
3.257
3.629
4.317
3.251
2.908
3.514
3.247
0.1507
0.6824
2.422
1.658
2.61
3.327
3.639
3.178
3.252
3.234
3.179
0.4981
2.3
2.438
1.797
1.701
3.008
3.553
3.6
3.71
3.607
3.754
3.35
3.588
1.7
1.734
2.539
2.34
1.534
2.635
3.622
3.232
3.802
3.111
3.338
3.902
3.153
1.566
1.705
1.892
0.5454
0.8224
2.386
3.72
3.859
3.874
3.731
3.863
3.902
3.791
1.514
3.613
1.671
1.45
2.198
2.586
2.925
3.087
2.974
3.18
2.531
1.597
0.8982
3.032
1.237
1.942
1.605
2.851
2.825
2.695
2.82
2.755
3.471
2.703
2.418
1.741
1.745
6.007
5.819
6.355
6.551
5.907
6.354
0.7378
1.959
1.845
1.505
5.557
5.038
5.333
5.626
4.95
5.338
1.945
1.506
1.35
0.4912
0.4065
1.081
1.642
2.089e-07
2.941
3.41
2.851
2.976
2.85
2.835
2.851
2.515
1.675
1.829
0.9548
6.766
6.703
6.591
6.621
6.8
4.049
2.035
2.529
1.78
3.434
2.941
4.211
2.715
2.342
1.184
2.157
2.28
1.104
4.502
3.949
3.62
3.225
3.825
2.323
1.563
2.356
1.653
3.23
2.524
2.601
2.373
1.984
3.386
0.6891
2.764
1.221
5.86
5.438
5.433
5.313
5.45
1.858
3.021
2.891
2.275
1.646
3.615
3.988
3.056
3.152
2.124
1.212
1.572
3.55
1.339
1.588
4.274
3.377
3.554
3.321
3.178
2.803
3.148
2.38
0.7123
1.913
0.6314
3.325
2.991
3.734
2.782
2.895
2.202
0.9927
2.218
2.438
3.343
3.79
3.159
3.082
3.178
1.396
1.366
1.547
1.599
4.005
3.97
4.184
3.826
3.819
2.429
1.163
1.165
2.392
3.127
2.656
4.0
3.124
3.087
2.999
1.456
1.819
1.565
3.22
2.942
4.06
3.318
2.934
4.085
1.407
2.266
2.794
4.385
4.414
4.478
3.792
3.853
1.383
0.6802
1.212
2.973
2.07
2.918
2.26
2.521
2.42
4.184
1.749
4.239
0.7487
4.328
5.125
5.003
5.262
5.314
3.514
3.347
3.3
1.587
4.214
3.77
3.404
2.9
3.381
0.9712
1.068
0.616
1.279
2.638
2.521
2.564
2.514
2.512
2.651
1.785
3.103
3.713
1.852
2.622
4.612
4.565
3.514
5.006
4.751
3.493
4.723
3.687
1.349
2.213
1.272
6.378
6.534
5.944
6.242
6.629
2.312
0.5165
2.431e-07
3.775
4.478
2.282e-07
4.229
5.063
2.894
3.27
3.075
2.894
2.894
0.7343
1.419
2.117
1.354
3.144
3.218
3.106
3.131
2.947
2.2
1.07
1.871
2.96
3.397
2.83
2.723
2.282
2.203
1.971
0.8475
1.416
3.218
2.923
3.41
2.565
2.081
2.116
2.499
2.288
2.305
1.462
3.386
2.558
3.236
3.4
2.832
2.42
3.125
0.8756
3.005
1.783
2.653
1.633
1.273
2.545
0.5919
2.176
1.195
2.742
1.74
2.774
1.5
1.516
1.657
0.7392
2.126
2.642
4.736
4.673
5.658
5.365
5.447
1.868
2.293
2.621
1.442
2.564
2.491
3.167
2.262
2.42
1.97
0.9293
2.865
0.7692
4.14
4.23
4.723
4.304
4.323
3.189
1.082
0.7607
1.123
2.403
2.528
2.713
2.356
2.388
2.221
2.269
1.696
0.7799
4.916
4.639
4.71
4.287
4.745
1.263
2.568
1.704
3.182
3.208
3.743
2.843
2.863
2.091
1.558
3.095
2.022
4.434
2.918
3.767
3.197
3.201
1.51
2.99
1.8
1.264
4.54
4.561
4.361
4.457
4.559
1.558
1.836
3.625
3.845
4.719
4.241
4.816
4.868
4.508
1.784
0.9856
1.308
1.706
3.601
4.207
3.926
3.63
3.521
3.153
3.396
1.648
0.6092
3.037
2.902
1.629
1.877
2.842
1.964
0.7828
2.562
0.5172
5.418
4.315
4.273
4.187
4.304
2.905
2.035
2.606
2.035
2.606
2.035
2.905
2.035
0.0
2.784
2.037
1.738
2.122
3.34
3.173
3.092
3.708
3.359
2.032
3.661
5.279
2.083
5.682
4.117
4.051
4.409
3.874
3.888
1.411
2.622
2.345
4.083
4.487
3.797
3.693
3.878
1.709
2.021
1.699
4.831
4.559
4.492
4.577
4.658
2.459
1.468
2.289
1.421
3.574
3.057
3.825
3.138
2.909
0.9609
1.9
2.55
2.401
3.905
4.087
2.835
3.455
2.873
3.038
2.561
2.359
3.195
3.281
3.379
3.965
2.476
2.789
2.506
1.928
3.078
1.62
2.059
2.109
2.671
3.17
2.996
3.393
2.901
3.883
2.74
1.689
1.518
1.34
0.8442
3.738
3.649
3.421
3.541
3.621
2.328
1.075
0.7761
1.895
3.725
3.955
3.126
3.525
3.608
0.1828
3.109
1.868
1.739
2.385
4.133
4.104
4.087
3.906
3.021
3.896
1.891
0.5752
2.929
1.385
1.311
2.084
2.718
1.628
2.271
3.117
2.301
0.2135
0.5526
3.067
2.695
4.332
4.615
4.34
4.335
4.359
2.162
2.5
3.623
1.941
1.087
3.602
4.237
4.011
5.081
3.841
3.593
4.476
4.124
1.334
1.692
2.858
1.787
1.567
1.031
3.097
2.615
2.392
2.962
2.778
2.634
2.559
1.712
1.306
2.672
2.282
1.902
0.8041
2.909
2.756
2.553
3.09
2.315
1.652
4.287
2.725
0.2872
1.464
2.895
5.601
5.538
6.036
5.124
5.552
5.241
5.501
1.855
2.004
2.18
1.395
0.9758
2.238
1.585
1.111
2.384
2.082
1.805
2.488
0.8209
1.844
0.9927
2.468
1.278
1.961
1.912
2.466
2.269
2.443
2.155
2.668
3.378
2.499
1.195
2.311
1.66
1.568
4.699
4.634
4.435
4.776
4.62
2.184
1.547
2.887
0.7774
0.9952
2.758
2.836
2.303
2.467
4.091
2.489
0.8628
1.304
2.207
1.818
0.9795
3.751
4.028
3.624
3.686
3.478
3.617
2.606
2.686
1.955
2.188
4.69
4.203
4.86
4.592
4.501
1.431
1.05
1.829
2.416
0.8276
3.524
2.999
2.851
2.979
2.892
2.913
2.453
2.801
2.51
2.273
1.536
3.161
2.31
2.857
3.047
2.753
1.887
0.6776
2.044
2.285
0.9377
2.129
3.088
2.905
3.542
3.538
2.703
3.048
2.802
2.788
1.4
2.028
0.1837
0.8872
0.6514
1.874
2.054
1.952
2.145
2.275
1.861
0.3603
0.9062
1.729
1.859
2.252
3.186
3.504
3.422
3.829
3.119
3.241
3.222
3.124
0.8978
2.134
2.233
1.311
3.004
3.651
3.491
3.558
3.695
3.951
3.554
2.49
1.662
3.773
1.512
0.9027
3.125
3.483
3.514
4.367
4.08
3.938
4.311
3.669
0.2352
2.72
2.342
1.136
1.941
1.948
3.878
4.376
4.843
4.269
4.887
4.768
4.252
1.056
3.225
1.336
2.09
1.26
5.332
5.524
5.715
4.974
5.605
5.613
1.822
3.144
1.694
1.902
3.749
3.447
4.337
3.174
3.542
1.673
1.995
2.439
0.2841
1.292
3.076
2.922
3.031
3.473
3.291
3.464
4.049
2.992
0.9179
2.042
1.738
1.46
1.326
2.083
2.897
3.543
3.799
3.566
3.816
3.461
3.378
0.3263
1.404
2.225
0.9901
3.13
2.153
2.876
3.74
3.739
2.934
3.427
3.335
2.987
2.12
1.201
1.521
2.265
5.808
6.172
5.582
5.805
5.895
2.604
1.871
3.579
2.078
2.341
2.7
4.678
5.502
5.454
5.54
5.066
4.416
5.526
0.6606
3.136
2.241
1.476
1.768
2.652
5.918
5.634
6.002
5.808
6.062
5.839
5.922
1.038
0.7664
1.582
1.794
3.286
3.562
3.633
3.769
3.633
1.298
1.806
2.136
3.192
4.24
3.533
3.552
2.503
2.235
2.105
0.6377
1.537
5.02
5.349
5.127
5.09
4.87
5.055
1.037
1.685
3.702
1.414
2.059
2.229
2.422
2.927
3.331
2.471
2.708
4.238
2.395
1.485
1.022
2.276
0.6455
0.6959
3.983
4.026
4.043
4.158
4.0
4.063
1.78
1.082
2.776
0.6658
1.918
2.41
3.192
3.681
3.531
2.875
2.872
3.259
3.186
2.613
3.663
2.993
2.356
3.156
2.55
4.54
5.055
3.633
3.526
3.75
3.727
4.252
2.525
1.789
2.425
0.2032
2.453
2.329
4.441
4.558
4.848
5.139
4.662
4.423
4.442
1.516
3.051
3.284
0.9698
2.103
2.901
3.722
4.416
4.209
3.695
4.454
3.915
3.932
1.953
2.179
2.333
0.2855
1.287
2.417
4.052
4.0
4.393
4.133
4.114
4.431
4.134
1.301
2.853
2.658
1.863
1.147
2.774
2.761
2.41
3.111
3.365
2.587
1.764
1.328
0.9253
1.55
2.483
3.023
3.882
2.05
2.839
2.809
2.833
1.919
2.759
2.353
0.4794
0.7147
1.326
3.872
3.847
3.647
3.612
3.974
3.327
3.766
1.652
2.224
1.844
2.319
1.127
1.36
5.003
4.867
5.004
4.541
4.69
4.59
4.837
2.237
1.226
3.134
2.149
2.246
2.269
5.673
5.163
5.766
5.078
5.396
6.093
5.504
2.825
1.467
3.048
1.596
0.9203
3.126
3.51
3.461
4.289
3.682
3.67
3.508
3.362
2.077
1.536
0.6145
3.029
2.546
3.436
2.936
2.425
2.42
1.456
3.135
0.8408
0.8346
2.546
2.891
2.943
3.423
2.767
3.19
3.7
2.903
1.65
2.345
2.206
1.217
3.265
1.801
3.37
3.826
3.683
3.46
3.614
3.671
3.321
3.599
1.379
1.069
1.875
1.593
1.277
3.619
1.277
1.617
1.067
2.126
1.078
0.5266
2.439
2.163
2.553
2.227
2.746
2.134
1.66
1.265
0.7388
0.7263
1.577
1.731
2.494
2.199
1.788
0.3738
1.562
2.005
0.4689
0.7145
3.456
3.55
3.494
3.764
4.001
3.494
1.278
1.257
1.779
1.143
1.171
1.0
3.357
3.091
3.182
2.825
3.078
3.444
3.163
0.2578
2.303
0.9969
2.059
0.5848
2.654
2.243
2.342
3.411
2.761
2.39
1.865
1.084
1.927
2.014
2.062
2.755
2.262
1.627
1.526
0.3572
1.354
1.671
0.7265
1.948
3.765
3.355
3.622
3.272
3.433
3.325
1.818
1.144
2.004
1.218
2.53
2.17
2.587
2.233
1.893
2.582
3.663
1.153
1.028
2.729
2.62
3.505
4.098
2.532
0.9524
1.312
0.5296
2.869
2.605
2.591
2.632
2.591
2.424
2.511
2.741
1.389
4.278
3.214
3.375
2.784
3.114
0.7209
1.202
1.808
1.951
1.831
2.008
0.6373
1.104
0.2717
0.4363
1.855
2.439
2.572
2.053
3.154
1.714
2.333
1.634
0.8409
3.152
2.436
0.8119
3.388
2.869
2.823
3.521
2.812
0.4603
1.162
2.938
2.136
0.5657
2.744
3.132
2.572
3.596
2.67
2.648
3.637
2.662
1.574
1.919
0.7919
1.405
2.166
0.7919
1.405
2.166
2.484
2.323
1.563
0.7408
0.4625
2.167
3.955
3.877
3.983
3.828
3.631
3.841
0.5025
1.609
0.3464
1.031
2.103
3.858
3.424
3.982
3.467
4.195
4.026
1.482
2.072
1.188
1.532
0.8772
3.16
3.1
3.238
3.099
3.208
3.006
1.21
0.9486
2.004
2.498
3.281
2.91
3.192
2.648
3.004
3.08
1.791
1.168
2.56
2.492
3.574
3.716
2.402
2.394
2.605
2.709
1.08
0.883
1.235
1.098
2.32
2.515
2.765
0.3981
1.084
2.024
1.641
2.815
2.063
2.573
2.615
2.794
2.381
0.718
2.546
1.794
0.6605
4.659
4.545
4.763
4.676
4.65
0.605
2.655
2.179
2.014
0.5784
3.381
2.85
2.861
3.258
2.676
2.894
3.829
2.839
0.8431
1.409
2.69
3.106
4.412
3.68
2.746
1.256
5.08
0.6902
2.289
1.067
2.671
2.089
2.007
5.094
1.732
1.789
1.158
1.625
2.011
1.536
1.189
1.343
3.586
3.065
3.423
3.368
3.139
3.005
3.252
1.977
3.393
1.637
1.077
3.033
3.266
3.216
3.344
2.837
2.393
2.795
1.981
2.953
2.707
3.513
1.072
3.243
1.946
2.628
2.523
1.934
1.188
3.162
2.745
3.518
3.189
2.592
1.268
4.178
3.355
3.157
3.991
3.433
4.444
2.026
3.204
3.313
0.8545
1.438
3.922
4.139
4.321
4.697
4.054
4.053
2.462
1.351
2.077
2.024
1.166
3.357
2.892
3.302
3.038
2.911
2.85
1.265
1.9
1.605
0.6144
2.096
3.478
3.438
3.474
3.553
3.857
3.485
1.637
0.9527
0.2469
2.357
2.391
3.318
2.469
2.439
2.429
1.489
1.432
1.497
2.138
2.837
3.336
2.815
2.943
2.767
2.494
0.9715
1.19
1.35
2.677
2.823
2.493
2.668
2.576
0.4877
3.669
2.287
2.455
2.92
3.495
1.86
3.591
1.949
2.713
1.19
1.538
2.254
2.893
3.673
3.807
2.834
2.828
1.514
1.313
1.793
1.054
3.6
3.086
3.074
3.022
2.946
1.732
2.968
1.34
1.209
2.292
2.508
2.328
2.137
2.118
2.117
0.9734
3.004
3.314
2.338e-07
2.876
2.744
2.857
3.396
3.139
2.857
0.299
1.297
2.03
0.621
3.323e-07
2.597
1.858
1.833
1.829
2.22
1.833
1.874
1.475
1.315
2.965
3.477
3.438
3.571
3.412
3.283
0.8806
3.527
1.522
0.2519
1.13
1.173
1.648
1.267
3.32
2.111
1.167
1.138
4.369
1.969
3.861
0.3452
2.904
4.157
2.007
2.134
4.89
1.98
1.809
1.653
2.156
0.8385
3.435
2.637
2.983
2.735
2.537
1.272
1.454
1.559
1.922
2.54
3.831
4.022
4.747
3.516
3.864
3.701
0.4988
0.9441
0.7342
0.7932
2.803
2.87
2.747
2.839
2.825
2.282
1.245
1.803
2.663
1.046
2.511
3.886
2.199
3.01
2.304
2.025
1.312
1.218
0.4945
0.5291
3.405
3.401
3.388
3.578
3.437
2.378
3.172
2.012
1.38
2.928
2.658
2.29
3.513
2.105
0.2676
1.205
1.977
2.527
2.435
2.511
1.483
1.851
1.554
0.4371
0.6731
1.657
0.5262
1.225
4.336
4.249
4.38
4.358
4.501
4.383
0.8392
1.004
1.535
3.287
1.807
5.559
4.695
4.908
5.003
4.924
5.102
1.097
2.772
0.9248
0.7239
3.046
2.951
2.88
3.391
2.859
0.8102
1.445
1.794
3.658
2.833
3.641
2.542
3.024
2.514
0.3958
2.631
1.653
0.8201
3.491
3.159
2.919
3.049
2.988
1.859
0.9085
2.267
2.588
3.369
3.511
2.7
2.544
2.579
2.147
0.8176
0.5321
0.6765
2.095
2.446
3.155
3.067
2.665
2.434
2.431
0.3205
4.179
2.615
0.9765
2.973
2.478
2.228
3.493
2.32
1.649
0.9662
0.4496
0.6972
3.186
3.275
3.189
2.828
3.019
1.967
3.575
2.112
0.8299
4.071
3.381
3.46
3.642
3.335
0.2789
2.573
1.77
1.908
3.489
3.946
3.215
3.864
3.249
2.095
1.037
1.474
1.184
2.531
4.687
4.193
4.604
4.528
4.733
4.628
1.265
0.4538
1.21
0.6557
4.475
4.249
4.171
4.455
4.403
2.555
1.597
0.8451
3.266
3.035
4.122
3.664
2.953
2.982
0.3224
1.429
2.355
0.7155
3.944
3.363
3.081
3.024
3.138
0.5628
0.5789
1.713
2.49
2.2
2.28
1.619
1.69
1.61
2.438
2.356
2.128
2.762
2.793
3.017
2.612
2.909
1.56
0.781
1.153
0.7509
0.6411
0.9404
0.7633
0.7836
1.06
0.2492
2.568
2.708
1.643
0.9339
2.134
1.433
2.54
2.476
0.7892
0.249
2.443
2.081
1.748
3.482
3.493
3.011
3.605
2.978
0.6895
4.473
1.345
4.108
1.964
4.32
1.555
4.121
1.439
0.2038
0.9602
1.454
1.354
2.818
2.635
2.525
2.719
2.499
0.5457
1.844
1.014
0.5141
2.981
2.911
2.948
3.408
2.921
2.153
2.211
0.8453
3.188
2.886
3.621
2.891
2.862
0.6
1.553
1.354
1.771
1.474
2.841
3.264
3.075
2.664
3.029
2.604
1.642
1.41
0.2578
1.103
4.852
4.713
4.838
4.885
4.821
2.084
1.763
0.6458
2.408
2.059
2.249
2.115
1.898
0.8718
2.331
3.508e-07
1.589
2.344
2.758
2.762
2.214
2.531
2.199
2.199
0.2067
2.754
2.644
1.984
2.194
2.643
2.919
2.193
3.651
3.314
2.154
2.507
1.594
1.983
2.244
4.463
5.343
4.569
4.342
4.621
3.896
0.9433
1.278
2.923
3.266
3.245
4.104
2.957
0.2186
1.026
1.516
1.675
2.404
2.713
2.879
3.283
2.517
2.737
2.532
1.546
2.036
1.289
2.314
2.54
2.92
2.574
2.741
2.075
0.9137
0.971
1.447
1.983
2.172
2.65
2.075
2.13
2.078
0.6694
1.241
0.5861
1.804
1.65
1.588
1.699
2.964
2.545
0.7044
1.327
2.62
2.562
3.496
3.211
2.529
0.2456
1.17
1.5
2.488
2.817
3.57
2.715
2.885
2.699
1.911
0.9886
0.914
1.778
0.5984
4.143
3.365
3.979
3.521
3.464
3.441
0.3077
1.575
2.193
2.325
3.926
3.713
3.214
3.538
3.297
2.341
2.912
1.642
0.7922
3.729
3.25
3.585
4.229
3.269
2.039
2.624
1.618
1.572
2.038
1.853
2.758
2.781
2.141
1.176
3.195
0.1888
4.299
1.935
4.03
2.355
3.83
2.001
0.831
1.346
1.389
3.786
2.449
4.336
2.029
2.501
2.094
1.185
1.729
1.16
0.5525
3.559
3.407
3.262
3.644
3.34
0.2591
2.725
1.31
3.053
3.188
2.796
3.132
3.358
3.145
1.895
0.9177
4.245e-07
2.183
1.522
4.669
4.884
4.529
4.666
4.619
4.619
2.489
3.036
1.502
3.397
3.162
3.029
3.31
3.413
3.084
1.632
1.454
0.2233
0.5581
2.677
2.356
2.395
2.896
2.447
2.528
2.303
1.974
2.46
0.9242
1.124
2.835
2.882
3.313
3.403
2.754
1.57
3.653
1.805
0.6791
2.812
2.664
2.84
2.903
2.552
0.3573
1.677
2.756
3.225
3.785
2.643
2.892
2.648
0.3659
0.9609
1.256
0.6544
2.939
2.994
2.941
3.064
2.977
2.035
2.066
0.1901
0.8941
2.011
2.286
2.743
2.613
1.954
1.265
3.839
1.818
0.7099
2.67
2.137
2.314
3.222
2.051
2.101
1.247
1.222
2.615
2.679
3.082
2.822
2.644
2.408
0.517
0.8103
0.8301
1.464
3.592
3.899
3.584
3.64
3.622
0.2479
0.7515
1.754
3.241
2.796
4.123
2.538
2.451
2.57
2.321
2.627
1.422
1.845
3.158
3.396
3.658
3.785
3.505
0.5438
3.111
1.854
0.5438
2.05
1.966
1.876
1.358
0.4524
2.594
2.608
1.99
2.425
2.579
0.4644
2.065
0.8708
0.5877
3.292
1.637
1.439
3.478
1.665
2.253
1.492
1.446
1.001
3.147
2.953
4.246
4.466
4.25
4.133
4.205
0.4631
2.095
0.7179
2.399
0.9509
2.989
2.517
2.218
2.686
2.435
2.285
1.349
3.298
0.5107
0.4336
4.337
4.338
4.289
4.568
4.355
0.6669
0.9391
0.3636
0.5191
2.696
1.487
1.527
2.731
1.598
1.754
1.456
2.155
2.655
0.2931
0.7341
3.881
3.728
4.257
4.342
3.819
0.9338
1.817
0.5557
0.9901
1.447
3.203
3.303
3.564
3.149
3.371
3.075
3.1
2.092
0.9393
3.065
2.538
3.624
3.913
3.015
2.405
2.294
2.328
3.294
0.2655
1.202
2.603
2.482
4.538
4.3
3.571
3.482
3.621
0.917
1.391
2.001
2.561
0.7527
3.686
3.111
3.197
3.356
3.596
3.187
1.564
0.9327
2.026
0.6658
2.449
1.589
2.358
2.127
1.701
0.8521
1.101
1.253
1.925
3.849
3.799
3.925
3.909
3.79
1.653
2.815
2.069
2.724
2.22
2.96
1.843
2.786
0.8095
0.3144
2.939
1.408
1.583
3.1
3.337
2.992
2.915
3.28
3.294
2.918
0.3453
3.655
3.055
2.9
3.697
2.729
2.931
4.21
2.707
1.603
1.134
2.355
2.092
2.308
2.071
2.407
2.249
2.154
2.524
3.092
1.485
1.783
2.991
3.218
2.957
2.796
2.967
0.5768
1.008
0.5157
0.5347
3.045
2.993
2.986
3.103
2.996
2.606
3.143
2.812
3.695
0.3378
1.467
1.199
3.637
3.743
3.425
3.63
3.557
3.677
1.314
0.7269
2.121
0.831
1.336
2.102
2.916
3.253
3.667
3.42
3.099
3.312
2.939
0.5835
2.56e-07
1.915
3.146
2.56e-07
0.5835
1.339
2.007
2.412
3.082
0.7274
3.44
2.525
2.224
2.889
2.512
0.4947
2.003
2.632
1.19
3.017
1.906
1.186
2.017
1.339
0.3594
1.54
2.519
0.6444
2.313
3.7
2.529
2.781
2.422
2.692
2.488
0.813
2.577
1.626
2.056
1.022
2.777
2.822
2.716
2.873
2.796
2.669
0.5148
3.503
3.157
3.727
3.597
3.284
3.661
1.893
0.9194
2.304
2.909
2.993
2.784
3.592
3.263
2.866
2.102
2.002
1.589
1.044
0.967
1.618
0.5905
2.188
2.354
2.898
2.364
2.435
2.285
0.8148
2.805
2.732
1.365
3.376
2.855
2.532
3.241
2.644
1.75
1.527
2.068
2.739
3.405
3.909
3.032
2.86
2.698
0.9181
4.579
0.621
0.6499
2.14
2.209
2.202
2.995
2.247
4.456
2.132
3.279
1.405
1.478
2.514
2.381
3.213
3.86
3.631
4.005
3.035
0.9604
0.8834
1.507
3.864
2.128
4.099
1.176
1.126
1.293
2.022
1.218
1.757
0.5529
0.9511
1.987
2.488
2.589
2.915
2.552
2.427
0.957
1.404
2.071
0.6305
2.82
2.574
2.562
2.711
2.496
0.8592
2.517
3.72e-07
0.6256
0.5455
1.252
2.867
2.721
3.044
2.832
3.586
2.863
2.863
1.577
1.014
0.6884
2.85
4.246
4.322
4.229
4.24
4.233
2.83
2.096
2.026
1.368
2.525
3.36
3.244
3.188
3.872
3.915
3.231
0.836
4.065
0.6319
1.124
2.34
3.382
3.4
3.702
3.3
4.888
3.372
2.016
0.4722
1.929
1.194
0.4926
1.897
1.664
1.416
1.543
2.003
1.55
1.485
1.552
0.245
1.49
3.249
3.438
2.862
3.203
3.227
1.721
1.773
1.773
1.133
1.706
0.8279
0.2928
1.308
2.079
0.7847
3.526
2.863
2.915
3.137
2.9
2.206
0.9211
2.53
1.144
2.851
2.181
2.686
2.378
3.365
3.462
3.054
3.359
2.974
3.154
3.029
2.019
1.957
2.223
2.295
3.262
3.183
1.2
1.591
1.236
0.2527
3.448
2.297
2.936
2.901
2.692
2.347
1.366
2.006
1.366
1.976
1.058
0.5545
1.87
1.504
0.5317
2.168
1.794
1.872
2.466
1.768
0.2961
4.519
3.709e-07
1.909
2.259
2.977
3.763
4.27
4.626
3.622
4.288
3.727
3.727
0.2513
2.535
0.8972
0.871
1.38
2.529
2.631
3.077
2.455
3.505
2.491
2.464
1.295
1.511
3.496
3.502
3.65
4.252
4.138
3.888
3.625
3.734
0.8738
1.298
2.492
1.759
0.7512
2.893
2.521
2.463
2.664
3.127
2.457
3.045
3.846
0.4038
2.888
0.4038
2.888
3.045
3.846
0.0
2.684
1.788
2.674
0.6526
1.712
3.123
3.418
3.64
3.814
3.421
3.399
2.84
1.881
2.441
0.3133
1.38
3.013
3.071
3.932
3.63
3.604
3.08
2.726
2.703
1.854
0.5473
1.134
3.267
3.581
3.523
4.051
3.998
3.574
0.8107
1.859
0.2241
2.921
1.962
3.341
3.699
3.716
3.558
3.414
3.384
1.648
3.813
0.2
1.027
2.736
2.792
2.655
3.788
2.764
3.062
2.041
2.248
3.832
3.168
3.627
2.973
2.419
0.352
3.773
2.143
1.625
2.449
1.998
1.475
4.452
1.444
3.553
2.474
4.794
3.173
4.567
2.694
4.038
1.912
2.198
1.377
3.426
0.7416
4.189
2.861
2.862
3.016
2.859
1.621
0.6399
2.93e-07
0.9842
3.274
1.865
3.858
3.046
4.218
3.674
3.77
3.857
3.857
0.2471
1.114
1.85
2.463
2.707
2.984
2.172
2.397
2.234
1.912
0.517
1.045
1.708
1.127
1.576
1.842
0.6962
0.5154
0.1829
2.073
1.042
0.5088
3.21
2.762
2.706
4.001
2.626
3.276
2.648
0.8303
2.649
0.246
1.144
3.821
3.824
3.817
4.412
3.837
1.588
1.229
3.133
2.928
3.376
3.272
1.835
1.678
1.24
0.3301
3.787
2.231
3.428
2.942
2.948
4.297
2.564
1.66
1.089
2.881
2.651
2.803
3.333
3.152
2.962
2.57
2.351
3.203
3.261
0.299
0.9112
1.258
1.616
2.435
2.795
3.069
1.129
1.635
0.5753
3.64e-07
1.169
1.838
3.297e-07
1.657
2.258
1.424
1.183
1.524
1.424
1.424
1.382
2.09
1.726
0.8901
1.861
2.945
2.852
2.948
2.91
3.283
2.73
0.2177
1.052
2.185
2.625
4.773
5.022
4.694
4.897
4.742
1.543
3.503
1.957
1.443
3.213
3.313
3.213
3.608
2.832
2.22
1.457
0.3179
1.504
1.349
1.93
2.527
1.884
1.29
0.5293
1.492
1.431
3.556
2.316
4.505
3.773
3.496
3.445
3.409
3.407
2.684
3.432
1.008
1.025
1.411
1.127
1.214
1.533
2.623
3.388
0.4023
2.113
1.358
1.433
2.514
0.8753
1.528
2.88
2.472
2.736
2.604
2.279
2.347
2.251
2.591
3.323
1.193
2.437
2.066
2.988
3.075
3.493
1.901
2.117
1.277
2.182
1.41
3.41
3.099
3.848
3.47
3.27
0.7543
0.5782
1.478
0.5043
1.373
3.978
3.536
3.325
3.387
3.445
3.514
2.041
1.209
3.696
2.182
3.839
2.551
2.244
2.041
2.987
0.9481
1.441
1.44
3.507
3.167
2.271
3.15
3.161
1.629
1.799
0.8813
3.333
2.99
3.418
3.191
2.991
1.519
1.359
1.707
3.495
3.547
3.379
3.476
3.378
2.34
0.5091
1.82
0.7025
2.546
1.863
2.58
1.797
1.756
1.515
1.398
1.859
1.263
3.802
3.538
3.01
3.807
3.579
2.125
1.307
2.396
1.542
1.606
3.507
3.484
3.407
3.276
3.192
3.193
2.421
2.041
2.021
1.457
4.401
3.852
4.821
4.033
3.867
0.9022
1.372
2.38
1.374
2.081
2.076
2.041
2.277
1.995
2.849
1.187
1.855
2.158
3.833
4.249
4.832
4.002
4.24
1.816
1.51
1.997
1.593
4.991
5.087
4.041
4.268
4.737
1.628
2.383
1.879
1.569
3.803
3.532
3.425
3.984
3.152
1.886
1.785
1.2
4.142
4.425
4.416
4.326
4.385
3.239
1.42
2.571
1.487
3.527e-07
3.413
2.875
2.072
3.499
2.021
2.072
2.373
1.393
2.437
0.6186
5.301
5.733
5.615
5.926
5.73
1.09
0.8908
1.062
0.5167
1.594
1.433
0.7844
1.593
1.308
2.09
0.6457
0.7098
1.659
1.868
1.111
2.763
1.697
1.655
1.658
1.133
1.121
0.5738
3.196
2.873
2.928
3.099
2.887
2.135
2.573
2.008
1.294
2.708
2.253
3.151
2.135
2.662
1.187
2.946
1.039
5.433
5.449
5.636
5.616
5.716
1.858
1.626
1.671
0.8517
3.042
2.092
2.617
2.687
2.227
2.873
1.735
1.665
2.687
0.9714
1.207
2.72
1.165
1.34
2.844
1.586
1.668
0.4068
2.006
0.6807
3.9
3.943
4.87
4.379
4.256
2.745
1.37
2.569
1.771
3.474
2.733
3.804
2.727
2.605
2.974
1.564
2.674
0.7238
5.947
5.705
5.95
5.685
5.863
2.998
1.488
2.296
2.185
0.6484
3.469
2.576
3.407
2.677
2.855
2.482
1.263
1.721
2.294
2.784
3.189
3.21
2.495
2.746
1.876
0.2375
1.116
2.106
2.147
0.7632
3.231
3.181
3.848
3.122
3.832
3.633
3.625
1.428
1.183
1.402
0.6496
1.521
0.7712
1.342
1.089
0.251
1.752
0.8579
0.8908
1.602
2.69
3.561
3.165
3.058
2.938
2.137
0.9401
1.221
1.54
5.728
5.66
5.44
5.674
5.777
2.233
0.8558
1.539
0.7474
2.136
1.852
2.761
1.788
1.713
3.356
3.076
1.234
4.871
4.917
4.904
4.84
4.988
1.11
1.556
3.149
0.7534
3.936
3.907
4.091
4.009
3.995
2.359
1.143
3.191
0.63
3.404
1.719
2.919
1.811
1.631
1.575
1.07
1.798
1.057
3.188
4.135
3.523
3.745
3.755
2.34
2.476
1.924
0.5626
5.896
5.779
5.285
5.447
5.766
2.584
0.9099
1.447
0.6212
6.006
5.75
5.92
5.633
5.838
2.025
1.214
3.453
1.555
3.837
3.151
3.624
3.453
2.965
0.5845
1.412
0.5213
2.598e-07
3.098
3.319
3.347
3.37
3.347
3.347
2.744
1.397
1.809
0.9243
5.541
5.225
4.811
4.856
5.118
1.785
3.047
3.013
2.918
3.129
2.683
1.534
3.03
1.788
4.559
4.704
4.777
4.792
4.821
1.296
0.4931
1.515
0.8908
3.646
3.742
4.22
3.766
3.782
1.745
2.639
1.974
2.982
2.003
0.9963
1.329
2.611
1.614
0.8397
4.011
3.888
3.548
3.865
3.695
1.789
1.324
2.209
0.8078
2.409
1.091
1.782
1.415
1.006
2.249
1.871
1.81
0.8443
3.345
3.484
2.887
4.2
3.51
2.681
3.498
3.498
2.681
1.039
3.165
1.291
2.261
0.7192
5.201
5.035
4.55
4.924
5.086
2.066
2.473
1.551
2.333
2.544
2.952
2.04
2.438
1.534
1.943
2.438
1.07
1.182
1.846
0.5001
2.816
2.259
2.307
2.247
2.138
1.775
1.615
2.348
0.6296
5.204
5.436
5.155
5.154
5.434
1.679
1.545
1.879
3.561
3.769
3.677
3.68
3.618
2.134
1.229
2.28
2.746
1.317
3.455
2.911
2.37
2.137
2.793
1.382
1.913
1.008
5.852
5.965
5.773
5.845
6.023
1.809
1.593
2.153
1.518
3.481
2.964
2.379
3.273
2.892
2.812
2.575
0.3556
2.275
0.6603
2.39
2.569
4.222
3.96
2.553
2.568
0.8539
1.677
0.9001
2.914
2.676
3.442
2.846
2.745
1.056
1.269
2.656
2.745
3.528
3.632
3.157
3.057
2.96
1.926
0.6528
2.129
2.252
2.669
2.668
2.25
1.478
1.463
2.022
0.9442
0.4217
1.391
3.212
3.87
2.779
3.1
3.186
2.236
1.37
2.994e-07
1.646
1.004
4.126
4.128
4.912
4.192
4.135
4.135
1.885
0.9373
1.825
0.9066
2.577
2.659
2.521
2.901
2.682
3.3
0.6248
2.571
0.6409
1.859
4.459
3.731
3.931
1.989
3.659
3.732
1.305
1.147
1.756
0.7474
4.334
4.238
4.374
4.385
4.285
0.9646
1.872
1.68
0.6996
4.305
4.495
4.39
4.686
4.483
2.326
1.323
1.545
1.861
4.591
4.463
4.13
4.433
4.507
1.953
1.855
1.747
0.9984
1.388
1.727
2.191
1.603
1.407
2.106
0.5256
2.184
1.302
4.905
4.717
4.897
5.004
4.954
3.262
1.143
1.767
1.623
2.177
2.252
3.741
1.822
1.634
1.757
0.9684
2.795e-07
1.604
1.141
2.72e-07
4.05
3.946
4.016
4.03
4.117
4.016
4.016
1.25
1.165
2.108
1.444
3.656
3.276
2.907
3.523
3.328
0.9634
1.324
1.26
2.275
2.923
2.287
2.779
2.781
4.117
0.9843
3.151
3.567
3.588
3.437
3.911
4.456
4.346
2.236
1.105
4.265
4.306
4.993
4.819
4.702
1.399
0.6206
1.41
1.2
3.785
3.912
4.013
3.896
3.888
1.267
1.15
1.591
4.314
3.935
3.468
3.565
3.901
1.561
1.434
2.126
0.7812
3.229
2.875
2.232
3.109
2.874
2.166
1.131
1.951
0.6144
3.013
2.275
2.782
2.344
2.192
4.473
1.003
3.928
0.8658
4.904
4.407
3.134
4.54
4.506
2.085
1.745
2.381
1.295
4.693
4.731
5.004
4.986
4.893
2.362
0.6368
4.002
1.036
4.988
4.786
5.151
4.803
4.791
2.066
2.579
1.551
3.441
2.544
2.696
1.047
0.5503
2.671
0.5369
3.85
4.413
4.463
4.436
4.474
2.076
1.433
0.4416
2.186
0.4715
0.3469
2.31
2.397
2.449
2.775
2.699
2.46
2.422
1.685
0.587
2.318
1.057
4.941
4.833
5.185
4.814
4.877
1.781
0.5066
1.343
0.9296
2.201
2.316
2.818
2.297
2.413
2.445
0.8135
1.678
1.545
3.849
3.75
4.202
3.551
3.659
2.08
0.7602
3.411
1.193
4.95
5.417
5.215
5.169
5.341
2.681
1.38
3.5
5.54
4.447
5.699
5.611
5.661
1.633
1.178
2.099
0.7231
5.506
5.247
5.412
5.315
5.436
0.8535
0.8096
1.21
0.7959
2.681
2.991
3.013
2.769
2.788
1.641
1.501
1.518
2.639
2.101
1.855
2.424
1.804
2.294
3.249
1.834e-07
1.371
0.6802
3.876
3.906
3.968
3.35
3.867
3.867
1.697
0.7172
1.555
1.828
1.441
2.529
2.571
2.209
2.38
2.048
1.903
1.621
1.483
1.669
1.475
3.111
2.974
3.274
2.848
2.67
1.682
0.8538
1.976
1.281
4.862
4.95
4.762
4.825
4.932
1.912
1.626
1.826
1.692
1.771
2.159
2.801
2.59
1.858
1.934
1.188
1.92
1.158
5.168
5.224
5.119
4.829
5.253
1.848
1.707
1.693
1.532
2.327
2.308
2.648
2.618
1.996
2.255
1.241
2.221
1.581
4.851
5.413
5.351
5.349
5.489
1.936
0.9312
3.344
2.281
6.885
6.22
6.007
6.196
6.309
1.702
2.449
2.082
1.058
2.894
1.888
2.551
3.296
1.945
1.766
1.146
3.082
0.5295
6.239
4.952
4.677
4.91
5.005
1.832
1.619
2.289
1.554
5.681
5.131
5.141
5.267
5.347
1.847
0.9036
2.229
3.148
2.854
1.855
2.637
2.615
3.2
1.145
2.647
1.031
4.401
4.434
4.345
4.542
4.661
2.066
0.5666
2.057
1.049
5.505
5.166
5.778
5.315
5.29
0.9963
1.338
2.394
2.453
4.873
4.823
4.803
4.806
4.69
2.386
0.9799
1.646
0.8383
5.545
5.325
5.187
5.439
5.501
2.158
1.113
2.491
0.7263
3.067
2.16
2.898
2.231
2.053
2.889
1.675
1.926
2.091
4.969
5.189
5.507
5.884
5.719
1.866
1.57
2.021
3.723
3.138
3.222
3.332
3.453
3.477
1.16
1.271
1.168
0.5596
4.7
4.848
5.046
4.862
4.985
1.977
1.758
2.897
0.876
5.661
5.817
5.825
5.518
5.939
1.917
1.478
3.644
0.869
4.16
3.219
3.412
3.304
3.173
2.575
0.9554
1.815
0.7422
3.625
3.24
3.357
3.335
3.279
2.056
0.8285
2.241
1.528
4.146
4.251
3.692
4.275
4.453
1.631
0.8432
2.175
1.204
4.026
4.367
4.322
4.495
4.508
2.349
0.8461
3.086
1.977
2.709
1.635
1.477
2.306
0.5765
0.8073
1.002
1.331
1.211
2.461
0.875
0.8136
1.979
0.9274
1.243
0.5853
2.376
2.079
0.852
2.161
1.967
2.002
0.7881
0.9628
0.7872
3.286
3.352
2.752
3.364
3.317
2.005
0.7779
0.9378
0.7511
4.875
4.841
5.141
4.887
5.035
2.223
1.499
2.338
0.9564
2.674
1.992
2.869
2.083
1.767
1.793
1.655
1.356
0.7252
3.486
3.593
3.552
3.546
3.513
1.784
0.9068
1.854
0.8606
3.112
2.852
3.018
2.781
2.816
2.65
0.6653
2.956
1.757
2.956
0.6653
2.414
0.8979
2.188
0.6414
3.669
3.707
3.848
4.002
3.877
1.605
0.9468
2.325
1.609
2.303
2.041
1.777
2.328
0.8596
2.065
1.203
2.595
2.11
2.722
1.713
1.668
2.575
0.9144
5.835
5.523
5.509
5.64
5.712
3.164
2.008
0.7369
5.512
5.262
5.171
5.29
5.361
1.75
0.8987
1.934
2.711
2.781
2.596
2.244
2.198
1.985
1.581
1.78
0.5689
2.237
2.762
2.258
3.167
2.825
1.819
2.495
1.358
0.8916
4.333
4.225
4.219
4.287
4.313
1.755
0.9482
1.121
0.7039
2.765
2.891
2.931
2.77
2.811
0.6194
0.4934
2.51
5.462
5.656
5.83
5.784
5.827
0.7964
1.222
2.342
0.608
2.74
1.329
0.8714
1.426
1.019
4.276
1.795
2.56
0.5869
3.367
2.572
4.913
2.749
2.513
2.448
1.375
2.644
0.8044
2.949
2.375
2.517
2.773
2.36
3.295
1.103
1.785
0.9921
2.103
0.4169
3.327
1.383
1.095
1.753
1.087
2.946
1.403
3.62
2.895
2.135
2.908
2.745
1.621
0.6414
1.924
0.6975
5.199
5.218
5.028
5.223
5.322
2.197
2.128
0.7919
0.6234
2.066
1.866
2.905
3.081
1.998
1.534
1.419
1.769
0.7912
3.53
3.378
3.822
3.546
3.36
3.01
0.7458
2.569
1.218
5.463
5.524
5.812
5.704
5.732
2.066
3.788
0.8619
3.308
2.232
2.611
2.677
2.198
3.476
0.43
0.7691
2.313
4.625
4.184
3.504
4.677
4.661
1.537
1.456
1.533
0.8073
4.001
3.449
3.626
3.6
3.466
2.485
0.5892
2.85
2.827
3.263
3.404
3.455
3.299
3.288
2.193
1.062
2.103
0.5463
5.475
5.206
5.165
5.195
5.28
2.41
0.786
3.137
2.662
4.769
4.404
4.727
4.998
4.972
2.569
1.647
1.305
0.7431
3.19
2.868
2.435
2.688
2.665
2.128
0.7605
0.4761
0.3793
3.845
3.77
2.626
3.594
3.725
1.657
1.282
1.968
0.9304
3.781
4.625
4.89
4.736
4.79
2.034
0.7687
2.385
0.7459
2.613
1.168
2.091
1.016
0.8617
2.594
1.719
1.058
1.558
3.636
3.798
3.979
3.802
4.373
0.9197
3.57
2.228
6.677
5.554
4.731
5.5
5.766
2.119
1.088
0.4453
0.3521
2.995
2.953
3.33
2.773
2.917
1.727
2.015
2.302
1.057
4.013
4.907
4.67
4.579
4.814
1.693
1.794
1.702
1.353
1.791
3.013
3.169
2.809
2.874
1.293
0.8285
1.864
0.5188
1.751
2.484
2.736
2.436
2.488
3.093
0.7196
0.9299
0.7033
3.618
3.297
4.146
3.31
3.342
1.848
1.403
2.429
1.032
2.81
2.92
3.033
2.778
2.613
0.2606
1.027
1.295
1.535
1.342
1.604
1.04
0.2606
1.625
0.8394
2.082
1.464
3.575
3.353
4.011
3.381
3.314
1.048
0.898
1.227
4.183
4.183
4.334
4.064
4.217
1.277
1.054
1.348
0.943
2.192
2.021
2.193
2.031
1.811
2.235
2.646
2.505
1.238
3.089
2.651
3.712
3.151
2.387
1.707
0.9341
0.9403
2.281
2.858
3.444
2.412
2.853
2.76
3.14
0.7403
1.792
0.6462
2.82
2.319
3.215
2.437
2.338
3.391
3.384
2.331
3.364
4.245
3.224
4.308
4.06
4.028
2.083
0.7053
2.37
1.193
4.381
3.222
3.021
3.045
3.101
2.016
1.271
2.295
1.057
4.818
4.654
5.223
4.905
4.743
2.361
1.303
2.117e-07
2.059
0.7831
3.847
4.538
4.877
4.479
4.407
4.407
2.787
1.034
0.8214
1.213
2.777
3.057
3.536
2.7
2.717
2.231
1.11
0.9804
1.631
3.616
3.767
4.178
3.883
3.934
1.784
1.528
2.313
0.8741
2.7
1.862
2.597
2.408
1.717
2.141
2.152
2.27
1.388
3.719
3.869
4.229
3.707
3.855
2.222
0.632
2.121
2.888
5.984
4.924
6.139
5.642
5.623
1.671
0.8517
3.099
1.234
5.097
4.89
5.225
4.896
4.79
1.948
1.218
2.621
2.075
2.298
1.414
1.707
1.954
1.135
2.713
5.506
5.448
5.77
5.753
5.759
2.874
1.041
1.278
1.732
1.732
1.041
1.977
0.6141
2.569
1.072
3.796
2.612
2.686
2.369
2.349
2.531
0.755
2.001
1.046
2.306
2.903
3.248
2.403
2.407
2.788
1.742
1.637
3.564
0.7532
3.295
2.889
0.6447
0.7657
1.863
2.151
2.386
1.71
1.995
1.98
1.975
1.537
1.743
0.2267
1.388
5.001
4.799
5.087
4.937
5.07
2.534
0.9969
1.869
0.5714
3.177
2.798
1.861
2.992
2.882
1.588
1.162
2.18
0.72
3.994
3.606
3.973
3.695
3.674
2.527
3.255
2.196
1.472
5.956
5.469
5.787
6.03
5.706
3.564
0.7649
3.225
3.053
4.971
4.656
4.124
4.533
4.688
1.436
1.782
2.543
1.07
3.313
2.587
3.0
3.048
2.71
0.5271
0.867
0.5512
2.43
1.661
3.616
3.399
3.667
3.499
3.486
3.589
0.3433
1.523
1.738
2.197
3.317
3.276
2.86
3.025
2.911
1.753
3.489
0.8835
1.698
1.079
3.41
3.513
3.795
3.856
3.63
3.679
2.274
1.406
2.451
1.913
0.7177
4.036
3.428
3.646
3.592
3.912
3.382
0.7471
1.822
0.1774
2.038
2.975
2.812
3.389
3.972
2.852
3.068
2.825
2.768
1.416
2.595
0.9512
3.283
3.108
4.357
3.573
3.261
1.186
0.8142
0.4393
1.627
0.8561
4.5
4.404
4.462
4.361
4.354
4.378
0.7955
3.398
2.416
1.59
2.305
2.691
3.17
2.195
3.615
3.119
2.114
0.6776
1.021
0.8105
1.644
3.228
3.464
2.998
3.189
3.119
1.774
0.763
0.2579
1.235
2.838
3.289
3.133
4.306
3.497
3.565
3.393
1.497
2.882
1.206
3.163
6.163
4.518
5.839
6.523
5.795
1.685
1.527
2.269
0.8525
4.457
4.192
4.381
4.35
4.237
1.554
0.6912
1.239
1.045
1.655
5.063
4.723
4.169
4.762
4.522
4.634
0.1887
1.207
1.19
0.8829
1.839
1.745
1.522
1.965
1.498
0.3994
2.314
1.05
0.4899
2.714
2.574
2.473
2.698
2.513
3.321
3.04
0.6174
0.9527
3.722
3.842
3.244
2.792
3.8
0.6736
2.125
0.6639
1.315
0.9868
1.355
3.763
3.868
4.017
3.811
4.148
3.95
3.918
1.827
1.347
1.479
1.53
1.594
1.683
1.891
1.541
0.806
0.8119
0.9169
1.338
0.6763
3.463
3.268
3.092
3.167
3.176
1.39
2.921
3.164
2.096
0.777
4.589
4.468
4.484
5.149
4.817
4.537
1.519
2.885
1.181
1.49
4.392
4.596
4.104
3.289
4.247
1.436
2.802
0.4275
1.668
5.941
4.953
5.734
5.974
5.775
1.895
4.386
1.372
0.5103
3.027
2.77
3.134
3.777
2.715
1.693
0.9786
1.243
2.072
2.396
3.293
5.043
4.922
4.474
5.663
4.923
4.693
4.83
0.9903
0.6316
0.4435
0.4359
3.861
3.823
3.807
3.976
3.858
1.159
2.434
0.2155
1.578
3.288
3.1
3.632
3.931
3.263
1.275
3.2
2.411
1.648
1.033
4.251
4.054
4.266
4.006
4.296
4.272
2.875
2.294
2.014
1.058
3.582
3.259
2.861
2.312
3.225
0.3449
1.113
1.504
0.3779
3.318
3.099
3.167
3.268
3.139
1.79
1.776
1.765
2.104
3.262
3.086
2.854
3.122
2.649
0.8793
3.085
0.2421
3.884
4.213
3.771
4.133
4.177
4.197
0.9278
0.5582
1.664
1.869
1.982
3.134
2.853
2.41
2.597
2.711
2.671
0.6592
0.8722
0.4418
2.68
1.906
3.528
1.846
2.067
1.95
0.1514
2.016
1.759
2.013
3.885
3.819
3.691
3.645
3.713
1.69
2.792
0.8025
0.9357
2.101
2.581
2.748
3.439
3.313
2.758
2.761
0.6839
1.083
1.715
0.9431
4.218
4.183
3.97
3.977
4.16
1.605
4.344
0.6552
1.346
3.076
3.451
2.873
4.592
3.056
0.2429
1.109
1.362
1.244
3.317
3.432
3.371
3.396
3.337
0.9376
1.344
0.8014
2.237
3.086
3.498
3.223
3.303
3.134
1.512
0.998
0.7195
0.1554
0.514
4.243
4.378
4.3
4.086
4.249
4.273
1.174
1.634
1.5
1.174
0.7153
3.132
3.101
3.023
3.267
3.294
2.956
0.762
1.139
0.2135
1.018
2.496
2.619
2.565
2.865
2.513
1.246
1.763
1.33
0.8219
3.668
3.356
3.316
3.286
3.412
1.569
1.254
0.8442
1.058
2.33
4.577
4.481
4.472
4.401
4.611
4.499
0.7087
4.363
0.2445
1.159
2.05
4.01
4.09
4.284
4.058
3.927
4.047
1.971
0.819
0.579
0.4999
4.553
4.593
4.461
4.252
4.56
1.304
2.512
0.1783
2.459
4.149
3.615
4.064
5.039
4.169
0.6256
0.4045
1.88
1.687
2.117
4.426
4.745
4.618
4.55
4.814
4.514
2.685
1.674
2.043
1.451
0.3583
4.365
4.409
3.936
4.003
3.978
4.041
1.115
0.7335
1.105
2.683
2.009
3.94
3.419
3.991
4.397
3.786
3.862
0.5483
2.544
1.153
1.851
3.781
4.171
3.794
3.406
3.738
0.6508
0.9976
0.1902
4.019
0.7112
2.87
4.095
2.967
2.911
2.957
2.874
0.5364
0.4576
1.136
1.702
2.672
3.73
3.307
3.873
3.27
3.325
3.394
1.262
0.9778
1.862
0.5517
2.372
2.707
2.976
2.941
2.737
0.5085
0.8503
1.761
0.6896
4.435
4.197
4.011
4.084
4.113
0.3156
1.607
1.037
1.617
4.772
5.02
4.722
5.053
4.798
1.25
0.4678
0.6669
1.352
1.742
4.774
4.673
4.56
4.889
4.798
4.774
0.8104
0.9481
0.4971
1.803
2.628
2.649
2.444
2.667
2.634
1.216
0.7134
1.747
1.376
0.4304
3.625
3.44
3.602
3.644
3.635
3.514
0.6334
0.6034
0.9346
1.631
1.257
2.743
2.774
2.582
2.771
2.818
2.767
1.193
0.7897
0.7118
2.673
2.662
2.802
2.798
1.494
1.035
0.2263
0.9353
3.113
3.215
3.469
3.298
3.154
1.147
1.848
1.412
0.9846
3.0
2.639
2.779
2.805
2.644
2.115
0.6357
0.187
0.835
1.702
4.086
4.247
4.24
4.337
3.936
4.081
0.4518
0.6872
0.462
3.436
3.414
3.489
3.495
3.436
2.523
2.871
1.808
1.962
3.772
3.505
4.074
3.045
3.681
1.848
2.096
0.1698
0.7886
2.718
2.966
2.99
2.502
2.686
0.616
1.158
2.071
2.125
3.692
4.025
3.403
3.672
3.475
1.195
0.5193
0.8393
1.003
4.273
4.341
4.581
4.321
4.43
0.7382
2.275
1.66
0.8786
4.163
4.182
4.021
4.434
4.098
0.9414
0.4906
0.9419
1.757
2.257
2.914
2.942
2.457
2.373
2.387
2.382
1.147
0.7743
1.399
1.588
2.915
3.1
3.03
3.29
3.128
1.233
3.536
1.326
0.7953
1.902
3.539
3.562
4.078
3.482
3.325
3.485
1.448
1.38
0.738
1.039
3.957
4.111
3.793
4.395
3.999
0.8207
2.112
1.007
0.6401
3.732
4.064
4.015
4.084
3.994
1.448
1.868
0.9502
2.262
2.122
3.181
2.799
2.56
2.102
0.626
1.652
1.12
3.258
5.07
4.377
4.766
4.733
4.896
2.093
0.5323
1.213
0.5016
3.409
3.18
2.778
3.27
3.217
2.036
2.435
0.735
0.7992
4.033
3.85
4.029
4.468
3.861
1.694
0.5569
0.6641
2.539
1.013
2.928
3.79
3.128
3.044
2.888
2.916
2.052
0.9382
1.477
2.507
3.758
3.797
3.411
3.939
3.765
0.8565
0.7411
1.986
0.5588
2.314
4.167
3.866
4.28
4.017
4.166
3.943
0.4974
1.057
1.941
1.651
2.751
2.93
2.574
2.671
2.426
1.784
0.5077
0.9473
0.7656
3.545
3.76
3.947
3.678
3.724
1.327
1.341
2.27
1.551
0.4686
3.095
2.561
2.576
2.771
3.082
2.474
0.2355
1.097
0.9082
1.924
3.857
3.73
3.499
3.517
3.565
1.681
0.8608
1.371
0.9299
4.39
4.227
4.612
4.164
4.184
0.575
2.373
0.9529
2.375
4.243
4.342
4.017
3.904
4.137
0.148
0.4607
1.669
1.706
3.923
4.203
4.444
4.088
4.052
4.314
4.068
1.843
1.24
0.5638
1.848
2.72
3.246
2.5
2.644
2.659
0.5607
2.041
2.715
1.355
0.9513
3.892
4.096
4.107
4.314
3.932
4.112
1.147
0.5285
0.1761
0.9052
3.328
3.503
3.442
3.327
3.362
0.8826
3.052
1.08
1.198
0.8978
4.604
4.526
4.767
4.391
4.94
4.598
1.409
2.723
2.236
1.155
3.43
3.465
3.282
3.85
3.206
0.204
1.468
1.023
1.062
2.034
2.255
2.165
2.608
2.112
1.989
2.057
1.148
1.002
2.349
2.421
2.956
2.632
2.328
1.788
0.599
1.077
2.035
3.14
3.406
3.552
3.48
3.377
1.016
0.7402
0.5129
1.055
4.011
4.113
3.847
3.886
3.914
1.246
0.6725
1.673
0.7298
2.835
2.077
2.242
2.07
2.048
0.5772
3.198
0.4701
0.6944
3.235
3.345
3.595
4.791
3.417
0.8043
0.8994
0.5369
0.4134
1.145
4.339
4.455
4.405
4.275
4.246
4.314
0.1737
0.817
1.177
1.235
4.416
4.428
4.448
4.389
4.466
0.5654
1.732
2.299
1.468
0.5132
4.294
4.345
4.148
4.378
4.238
4.391
0.7319
0.8747
1.516
0.7644
1.523
2.57
2.657
2.651
2.7
2.776
2.571
1.333
3.404
0.4557
2.715
2.412
4.295
4.609
4.241
4.226
4.697
4.318
3.249
0.579
1.133
0.8417
1.506
4.432
4.437
4.554
4.746
4.173
4.305
1.149
1.454
0.1583
0.8241
2.871
2.966
3.019
3.087
2.877
0.9201
2.739
1.107
0.6189
4.571
4.614
4.903
5.25
4.636
1.87
1.462
1.51
0.4801
4.305
3.944
3.591
3.864
3.974
0.7359
1.361
0.6124
1.032
2.308
2.509
2.009
2.501
2.208
1.2
0.5983
1.845
0.4567
2.401
4.617
4.467
4.552
4.478
4.669
4.611
0.2174
2.987
1.337
0.6463
3.434
3.677
3.714
2.075
3.673
1.708
3.571
1.305
1.52
1.412
3.752
3.832
3.612
5.699
3.659
3.634
1.395
0.9074
0.1665
0.4445
3.004
3.029
3.124
3.219
3.064
0.6947
2.529
1.591
0.817
2.889
2.353
2.261
3.224
2.147
1.362
0.6503
2.129
2.179
4.58
4.687
5.672
5.351
5.438
2.131
1.942
1.966
0.8907
4.163
4.065
3.233
3.622
4.037
1.503
0.6261
0.8978
1.723
1.373
3.649
3.591
3.742
3.478
3.346
3.572
0.1751
0.9837
1.619
2.405
3.278
3.392
3.438
3.533
3.448
1.362
1.046
0.4874
2.282
3.119e-07
2.908
3.114
3.009
3.756
3.156
3.009
1.443
1.003
1.736
2.027
3.84
3.441
3.219
3.169
3.381
0.4508
2.309
1.712
1.063
1.865
1.245
0.8173
2.41
0.7616
2.13
2.221
0.8624
1.807
2.27
2.458
2.773
2.368
2.452
1.485
1.38
1.789
0.8898
1.669
1.172
1.167
4.186
4.275
3.985
4.224
4.039
4.119
0.6829
0.6231
2.467
0.7416
3.204
2.548
2.587
2.473
2.477
2.188
0.7615
2.833
0.3343
0.9746
3.582
3.718
4.064
3.416
4.349
3.538
1.592
2.303
1.668
1.021
3.418
3.159
3.84
3.798
3.07
1.419
0.6107
1.292
0.5397
2.298
3.961
3.827
2.98
4.052
3.966
3.951
1.652
1.096
0.653
1.222
3.768
4.05
3.953
4.078
3.952
1.93
1.037
2.358
1.553
0.3498
3.802
4.369
3.966
4.194
4.219
4.099
1.407
0.8843
1.457
2.725
3.809
3.179
4.049
3.928
3.91
0.3656
2.135
1.162
0.6193
0.7352
4.085
3.982
4.008
4.24
4.04
4.064
1.57
1.969
1.344
0.9364
2.028
3.651
4.157
3.896
3.947
3.994
3.695
1.4
0.6134
1.238
2.686
1.274
4.543
4.093
4.234
4.719
4.273
4.258
0.6182
0.593
1.107
0.9272
0.4581
3.243
3.548
3.373
3.071
3.2
3.33
1.561
0.7331
1.708
2.248
2.864
3.19
3.093
2.75
2.58
2.363
0.8102
0.1851
0.514
4.043
3.983
3.995
3.989
4.016
0.7638
0.52
1.598
0.5521
0.7476
6.072
5.661
5.758
5.502
5.628
5.749
0.8796
1.004
0.7868
0.9153
3.286
3.211
3.395
3.534
3.272
2.078
0.4876
2.641e-07
0.5754
1.14
1.069
1.411
2.38
1.127
0.9874
0.9874
1.291
4.445
1.376
0.6763
2.838
3.012
3.029
5.312
2.967
0.6886
0.4325
0.9133
2.54
2.477
3.475
3.192
3.051
2.946
2.682
2.964
2.183
0.7481
1.053
1.976
2.22
4.164
4.646
3.844
4.077
3.875
4.009
0.8126
1.162
1.181
2.076
2.407
3.015
2.333
3.534
2.595
2.707
2.68
1.422
1.006
0.1853
2.19
4.072
4.158
3.827
3.876
4.054
1.555
0.9339
0.4517
1.142
0.1488
3.547
3.734
3.538
3.522
3.555
3.537
0.2382
2.197
0.7004
0.8278
3.336
3.436
3.357
3.228
3.379
1.295
3.882
1.738
2.59
2.604
3.751
3.32
4.643
2.916
0.3339
0.788
1.793
1.711
4.244
4.05
4.044
4.111
4.111
0.5387
0.483
1.339
1.848
4.029
3.971
4.238
4.169
4.138
2.174
1.309
1.897
2.052
2.828
2.083
2.785
2.231
1.395
1.949
0.4709
1.744
2.014
1.718
0.9521
2.816
2.762
2.957
3.295
2.66
0.2884
2.754
2.639
0.6148
3.938
3.315
3.456
3.856
3.421
1.174
1.586
1.963
1.185
0.9715
1.189
3.399
3.362
3.425
3.485
3.428
3.863
3.468
0.7193
2.737
2.072
1.317
2.187
4.22
3.971
4.084
4.322
4.001
4.246
0.6481
0.5424
3.052e-07
1.118
1.718
3.813
3.738
3.803
3.837
3.876
3.876
0.2108
3.817
1.633
1.787
4.174
4.467
4.198
2.866
4.219
0.6788
1.564
1.991
0.7515
2.6
2.316
2.072
2.354
2.211
1.427
2.716
0.533
0.9762
0.2494
3.435
3.192
3.408
3.502
4.746
3.356
0.2104
1.52
1.493
0.892
2.739
2.527
2.334
2.338
2.363
1.778
0.9962
1.184
0.8717
4.791
4.576
4.587
4.441
4.644
0.2591
0.7
1.529
1.237
2.153
3.664
4.058
3.62
3.646
3.559
3.658
0.9174
0.9838
0.9502
1.336
0.8004
4.562
4.559
4.752
4.517
4.54
4.567
1.292
1.563
0.2177
1.577
2.545
3.052
2.731
3.0
2.486
0.6765
1.234
0.7441
2.376
1.954
4.121
4.009
4.838
4.501
4.312
4.389
0.2328
0.5947
1.329
0.6477
3.973
3.541
3.454
3.447
3.507
1.612
0.4724
1.419
1.406
4.745
3.209
4.887
3.124
3.176
3.135
3.129
2.172
0.491
1.564
1.495
3.919
4.021
3.777
3.581
3.679
2.112
1.302
2.505
0.4208
1.998
2.846
3.258
3.169
3.215
3.831
2.977
0.9372
2.019
1.296
0.414
3.135
2.889
2.742
3.478
2.874
0.5061
0.7743
1.372
1.119
2.612
4.395
4.71
4.395
4.401
4.47
4.416
0.4085
0.7486
1.237
2.432
2.855
3.285
2.7
2.605
2.636
1.541
0.4894
1.169
0.7819
1.611
3.297
3.194
3.079
3.562
3.119
3.168
0.5365
1.673
1.618
0.8695
3.038
2.931
2.966
3.215
2.885
0.4662
2.198
0.759
2.771
1.329
4.659
2.953
2.913
3.083
3.098
3.085
1.016
0.3774
1.518
3.351
3.65
3.807
3.362
3.596
3.534
1.99
1.03
0.9333
0.3646
1.461
3.901
4.039
4.49
3.826
3.944
3.91
0.4956
0.7441
1.202
1.35
3.23
3.079
3.291
3.477
3.233
1.063
1.589
1.356
0.4977
1.164
4.078
3.996
4.004
3.906
4.097
4.135
0.1748
2.005
0.8279
0.6731
3.188
3.013
3.007
3.595
3.069
1.274
0.7991
0.3289
0.8393
3.341
3.296
3.319
3.493
3.356
1.377
2.256
4.725e-07
0.6364
4.235
5.619
5.351
6.143
5.496
5.608
5.608
0.248
1.136
1.187
1.695
3.37
3.514
3.367
3.177
3.449
0.2405
1.092
1.894
1.715
1.814
4.553
4.126
4.745
4.82
4.988
4.751
0.622
2.58
0.7686
0.63
2.181
2.466
2.598
2.348
2.796
3.389
2.615
1.434
0.5198
0.246
1.318
2.582
2.75
2.842
3.239
3.106
2.757
2.663
0.4345
0.3622
0.6754
0.3306
4.54
4.339
4.303
4.269
4.321
1.999
1.27
1.213
0.6401
4.294
4.121
4.486
4.227
4.183
1.629
0.9034
0.1849
1.871
3.443
3.18
3.655
3.518
3.499
0.8117
0.648
0.9143
0.8778
3.908
3.956
3.823
3.865
3.856
2.295
0.6653
1.844
1.24
3.4
3.824
3.697
3.381
3.573
0.8841
0.3499
0.7296
0.5614
2.952
3.21
3.045
3.195
3.195
1.472
2.121
1.547
1.339
1.553
1.273
1.54
2.162
0.277
1.314
1.795
0.9994
0.5509
3.745
3.858
3.987
4.24
3.799
1.106
0.4682
1.263
0.4607
3.429
3.67
4.221
3.659
3.685
0.6165
0.6685
2.003
0.9695
3.483
3.229
3.243
3.165
3.15
1.658
0.6026
1.895
1.738
0.4652
3.805
4.038
4.286
3.969
3.556
3.995
1.786
1.26
1.894
1.485
3.163
2.282
2.6
2.777
2.245
1.738
0.5611
2.015
1.536
2.806
2.276
2.551
1.737
1.652
1.932
0.9899
0.1182
0.2862
3.748
3.739
3.908
3.626
3.743
1.005
0.7595
1.073
0.7923
0.8877
3.959
3.891
4.073
3.945
4.079
3.944
2.213
0.7297
1.918
1.078
3.085
2.778
3.36
2.471
2.517
0.5656
0.451
1.617
0.5608
4.692
4.971
5.018
4.979
5.019
1.483
1.057
2.279
0.5764
4.938
4.62
4.567
4.635
4.685
1.747
0.7369
0.922
0.9859
3.545
3.468
3.915
3.584
3.54
1.301
1.281
1.353
1.034
3.107
2.866
2.849
3.256
2.835
1.056
1.995
0.3648
1.332
1.481
3.084
3.046
3.144
3.577
3.228
3.192
1.321
1.932
1.504
1.294
4.064
4.221
4.057
3.893
4.042
1.859
0.4138
2.632
0.5202
2.294
3.184
2.605
3.915
3.513
2.65
2.59
1.299
0.5413
1.031
1.919
3.358
3.015
3.788
3.442
3.418
1.065
1.025
1.635
0.6857
4.261
4.215
4.134
4.238
4.401
1.074
1.161
1.255
0.4738
4.406
4.336
3.994
4.316
4.472
2.256
2.287
1.998
1.189
2.429
2.251
2.971
3.001
1.958
1.359
0.9732
1.022
0.5556
3.516
3.504
3.495
3.597
3.569
0.2435
0.5836
2.098
0.6586
3.627
3.069
3.104
2.982
3.024
0.8297
1.413
1.21
0.821
2.104
2.487
2.375
2.427
2.316
3.616
0.9832
0.7336
1.134
5.299
4.562
5.541
5.418
5.243
2.184
2.647
1.967
0.8321
1.309
2.45
2.455
3.494
2.445
0.9033
1.636
1.042
0.6153
3.957
3.969
3.94
4.011
3.948
2.019
2.942
2.532
2.048
3.323
2.75
2.382
3.633
2.394
1.639
1.983
1.865
0.7145
3.704
3.286
3.183
3.511
3.15
1.793
1.073
1.433
1.799
4.803
3.967
4.772
4.448
4.377
1.147
0.4759
0.844
0.4186
4.935
4.911
5.092
4.849
4.894
1.359
0.664
2.758
2.508
4.496
3.767
4.154
4.128
4.172
1.538
1.748
1.731
1.109
2.822
3.349
3.345
3.68
3.322
1.446
1.296
0.3711
3.619
4.067
3.558
3.996
2.381
0.51
2.342
0.5992
3.964
3.79
3.347
3.746
3.754
1.211
0.8014
1.322
1.302
4.276
4.228
4.267
4.065
4.215
0.9387
1.973
1.142
0.741
4.033
3.405
3.501
3.677
3.5
1.796
0.8467
2.096
1.983
3.423
3.011
2.975
2.497
2.404
1.853
1.845
1.537
0.5446
2.443
2.266
2.375
2.361
2.259
2.052
2.109
1.801
0.3521
3.95
3.731
3.999
3.582
3.694
2.051
0.4342
2.027
0.777
3.132
1.897
2.37
1.831
1.826
0.7153
1.808
1.54
1.036
4.181
4.302
4.391
4.278
4.322
1.759
2.645
1.574
2.314
3.149
3.612
3.021
3.436
3.115
0.9613
0.4578
1.529
0.8805
2.63
2.571
2.715
2.606
2.599
0.8926
1.339
1.893
2.098
3.804
3.504
3.681
3.854
3.566
1.289
0.6843
0.9051
0.948
3.027
3.182
2.64
3.079
2.975
0.7881
2.048
1.051
1.389
2.89
3.442
3.243
4.145
3.253
1.484
2.148
0.1431
0.7678
3.594
3.365
3.448
4.018
3.566
1.723
0.9975
2.021
1.415
4.588
4.382
4.498
4.241
4.456
1.556
1.928
1.394
0.5663
3.845
3.772
3.782
3.851
3.732
2.836
1.488
1.608
1.353
3.584
3.525
3.942
3.568
3.384
2.348
0.9247
1.689
0.5171
3.569
2.991
3.553
3.174
2.958
1.137
0.51
0.6697
0.4927
4.418
4.471
4.205
4.415
4.435
2.255
1.635
2.955
0.9708
3.889
2.838
4.24
3.186
2.994
1.186
1.308
2.564
0.4187
3.928
3.984
4.1
4.118
3.99
0.785
2.359
1.609
0.4158
3.103
3.746
3.798
4.304
3.684
0.557
1.629
1.322
1.044
3.568
3.399
3.524
3.482
3.485
1.823
2.564
0.7492
1.456
2.513
2.386
1.873
2.719
2.461
1.05
1.102
0.895
0.6482
3.579
3.616
3.715
3.709
3.532
1.05
1.201
1.297
1.353
3.85
3.66
3.629
3.826
3.73
1.098
0.7261
2.077
1.692
3.286
4.005
3.336
3.371
3.305
1.849
0.4291
0.5286
0.5221
3.274
3.294
3.804
3.111
3.172
1.546
1.216
1.08
3.666
3.738
4.236
3.704
1.627
0.7493
1.112
0.4609
2.382
2.014
1.104
1.908
1.986
1.979
1.374
2.001
1.112
3.457
3.362
3.878
3.574
3.286
1.156
0.3405
1.373
1.075
4.994
4.41
4.655
4.615
4.619
0.9607
0.544
1.032
0.4448
4.195
4.118
4.517
4.013
4.094
2.376
0.9255
1.667
2.861
1.924
3.098
2.835
1.692
1.382
0.8213
1.323
0.5232
2.717
2.882
2.929
2.885
2.929
0.6795
2.1
0.5144
1.135
4.415
4.269
4.572
4.455
4.474
1.181
1.685
0.9077
0.3447
4.991
5.165
5.318
5.582
5.131
2.078
0.6799
1.59
0.856
3.223
3.195
3.263
3.33
3.251
1.97
2.726
1.822
0.8217
3.597
3.074
2.71
3.436
3.163
1.794
0.6967
1.902
0.656
1.951
1.258
2.041
0.9144
0.9007
1.839
1.855
2.095
1.006
3.973
4.118
4.17
4.353
4.24
0.9093
0.9555
1.594
0.7874
2.507
2.499
2.455
2.472
2.309
0.8117
1.24
1.256
0.6774
4.61
4.71
4.643
4.711
4.66
2.31
1.731
1.539
1.649
3.958
4.067
4.598
4.415
3.912
1.571
1.287
1.893
0.7291
2.376
2.762
2.886
2.733
2.691
1.36
1.273
1.136
1.173
3.34
3.139
3.158
3.279
2.982
1.547
1.14
1.778
0.7663
3.424
2.917
3.421
2.885
2.858
2.382
1.152
1.834
1.206
2.868
3.366
2.871
3.294
3.141
2.007
2.733
0.5043
1.23
4.1
3.947
4.598
4.66
4.126
1.704
1.657
1.314
1.196
4.931
4.805
4.632
5.228
4.828
1.015
1.352
2.982
2.184
3.362
3.771
3.324
3.112
3.387
0.6987
1.917
2.278
1.064
3.37
3.755
3.941
4.144
3.88
1.379
0.4249
0.678
0.5049
4.59
4.583
4.554
4.629
4.614
1.064
2.856
2.349
1.092
3.556
4.027
3.721
3.996
3.761
0.5748
0.4741
1.646
0.4174
4.3
4.217
4.147
4.193
4.209
0.9587
0.5567
1.865
2.191
0.7996
3.778
4.237
4.154
4.51
4.114
4.133
2.017
0.4742
2.612
1.147
2.995
3.417
3.216
3.167
3.104
1.057
2.897
1.139
0.4831
3.216
3.322
3.128
3.223
3.351
2.363
2.318
1.165
0.9602
3.894
3.733
3.504
3.426
3.783
1.43
0.5635
1.695
0.3891
4.762
4.62
4.712
4.458
4.545
1.378
0.9039
2.131
0.7243
2.856
2.612
2.87
2.877
2.617
1.657
0.618
0.1781
0.3963
2.719
2.816
3.378
2.88
2.781
0.6033
0.4711
1.066
0.9987
4.429
4.411
4.419
4.512
4.514
1.364
0.6776
1.444
0.4603
2.959
3.088
3.09
3.081
3.03
2.402
0.4827
1.142
0.5217
2.991
2.671
2.784
2.69
2.676
1.798
0.612
0.8608
1.677
1.314
2.087
2.005
1.171
1.078
0.9015
1.638
1.412
0.4751
2.601
2.389
2.662
2.827
2.399
2.29
0.9317
1.559
0.5148
3.531
2.82
2.466
3.193
2.879
1.279
1.283
0.9384
1.039
3.947
3.937
3.789
3.539
3.783
0.1733
0.5125
1.453
0.5706
4.196
3.773
3.876
3.892
3.855
1.943
0.4695
0.9815
2.526
3.785
4.21
3.116
3.586
3.605
1.887
1.96
0.739
0.5273
3.485
3.573
3.599
4.081
3.525
2.414
1.363
1.552
1.184
2.603
3.121
2.235
3.054
2.773
2.152
1.115
1.466
0.6728
3.929
3.565
3.194
3.718
3.582
1.718
1.896
0.2297
1.686
1.343
2.013
2.181
2.125
1.356
0.8419
0.5613
0.9684
0.435
3.661
3.919
3.89
3.948
3.901
1.782
0.5208
1.043
0.5334
3.476
3.709
3.582
3.75
3.723
1.289
1.292
1.868
0.6088
4.164
4.255
3.969
4.036
4.164
1.31
0.9208
1.1
0.5247
1.276
1.463
1.47
1.112
1.463
1.212
1.068
0.8478
0.3567
2.742
2.691
2.995
2.678
2.718
3.208
1.635
1.892
0.8203
2.943
4.016
3.679
4.414
3.969
1.945
0.5549
2.03
0.7561
3.954
4.019
4.051
3.924
3.902
1.136
0.3319
2.649
0.7245
5.412
5.516
5.436
5.481
5.459
1.941
0.6671
1.662
0.6083
4.024
4.386
4.593
4.543
4.516
0.8959
0.4604
0.8698
0.9092
3.674
3.891
4.018
3.783
3.785
3.0
0.6085
2.154
0.5073
4.819
4.015
4.52
3.893
3.976
3.05
1.011
2.035
0.7984
3.302
2.803
2.944
2.352
2.513
1.238
0.9146
1.251
0.4738
4.153
4.133
4.322
4.219
4.175
1.965
2.199
0.2732
0.9281
4.096
4.241
3.863
4.174
4.045
1.499
0.7519
1.423
1.272
2.86
2.572
2.453
2.533
2.405
1.656
1.082
1.744
1.161
3.281
3.537
3.701
3.865
3.727
0.1602
0.7114
2.9e-07
0.3683
2.402
2.449
2.393
2.564
2.402
1.537
1.415
1.595
1.033
3.443
3.715
3.726
3.719
3.669
2.239
0.6233
3.713
1.27
4.131
2.781
2.313
2.655
2.667
1.249
1.107
0.3874
1.788
1.209
3.466
3.015
2.966
3.152
3.024
3.029
1.519
0.3928
0.6539
0.5278
3.47
3.486
3.263
3.467
3.46
1.059
1.5
0.8814
1.667
3.637
3.497
3.995
3.627
3.657
0.3017
3.084
1.052
0.3918
3.56
3.39
3.333
3.958
3.396
2.253
1.552
0.9473
0.3671
3.633
3.527
3.558
3.369
3.498
2.076
0.4215
1.302
0.7036
2.722
2.579
2.909
2.465
2.412
0.8745
0.6138
1.013
0.4333
2.51
2.546
2.375
2.698
2.562
1.913
1.138
3.128
0.4897
3.53
3.404
3.43
3.565
3.43
2.086
2.368
1.177
1.278
3.54
3.814
3.849
3.917
3.842
2.704
0.7909
2.225
1.513
3.356
4.483
4.362
4.115
4.029
1.35
0.5121
1.194
1.027
4.767
4.621
4.591
4.534
4.54
1.507
1.189
1.891
0.5419
3.573
3.667
3.356
3.761
3.64
1.064
0.5496
1.576
0.4154
3.659
3.457
3.383
3.469
3.466
2.196
0.6766
1.617
0.8523
2.985
3.672
3.312
3.313
3.428
0.1997
0.4859
0.6177
1.016
3.965
3.949
3.857
4.031
3.908
1.533
0.9141
0.7198
0.5739
1.58
1.739
1.218
2.078
1.719
0.2746
1.203
2.116
0.5527
1.953
2.269
2.108
2.249
2.184
1.478
1.093
0.801
0.3435
4.795
4.946
4.871
4.915
4.913
1.197
0.8345
0.168
0.6082
3.862
3.706
3.855
3.847
3.85
1.392
1.072
1.086
2.087
1.737
3.048
2.19
1.887
1.643
3.35
0.9031
1.383
1.68
3.72
3.483
4.598
3.637
3.606
2.047
1.144
1.57
0.8684
4.025
3.73
3.803
3.613
3.516
1.343
0.3601
2.03
0.509
3.343
3.557
3.423
3.596
3.562
1.639
0.585
1.29
1.675
4.028
4.11
4.289
4.002
4.005
2.858
0.8722
1.893
0.5827
4.432
4.433
3.899
4.453
4.4
1.659
0.6137
3.666
1.316
4.034
5.232
5.648
5.226
5.483
2.266
0.7694
1.811
0.5228
1.989
2.743
3.384
2.769
2.697
0.4153
0.3257
1.193
0.4872
4.317
4.245
4.209
4.254
4.239
1.195
0.9819
0.1662
0.4151
5.198
5.181
5.124
5.2
5.194
0.9634
0.4459
1.275
0.9209
3.723
3.817
3.762
3.679
3.663
0.9731
0.9122
2.554
0.5365
3.939
3.83
3.894
3.894
3.875
1.507
1.029
1.338
0.9938
2.558
2.357
3.013
2.809
2.432
0.6672
0.5255
1.159
0.4715
3.334
3.34
3.452
3.413
3.35
1.93
0.5124
1.825
1.234
3.46
3.315
4.121
3.287
3.281
0.2171
2.115
0.278
0.7631
3.937
3.957
3.993
4.567
3.998
1.424
0.7937
2.506
3.255
4.976
4.797
4.325
4.716
4.677
1.566
2.04
0.7451
1.176
0.7209
3.451
3.713
3.94
4.046
3.851
3.744
2.255
0.3662
0.8949
0.4527
2.742
2.496
2.381
2.491
2.481
0.6953
0.9722
1.221
0.2991
4.27
4.338
4.33
4.248
4.329
0.7271
0.8241
1.408
1.173
3.701
4.167
4.072
4.119
3.941
1.584
0.3737
1.3
1.311
4.174
4.007
4.729
4.188
4.134
1.164
0.4179
0.4803
1.511
4.402
4.416
4.29
4.32
4.373
1.635
2.294
1.462
1.442
4.641
4.674
4.987
4.764
4.661
1.762
2.179
3.214
0.6396
4.861
3.784
4.144
3.957
3.756
1.565
0.4103
1.59
1.406
2.561
2.47
2.69
2.231
2.262
1.513
2.626
1.515
1.317
4.348
4.621
4.583
4.298
4.505
1.516
2.201
1.158
1.475
2.969
3.041
2.728
3.141
2.913
1.079
0.5184
1.856
0.5424
3.776
4.111
4.11
4.146
4.18
2.671
1.343
0.2824
1.523
3.122
3.371
2.405
3.182
3.058
1.921
1.209
0.1446
0.6012
4.237
4.359
4.856
4.306
4.248
0.1917
0.5945
1.611
1.361
0.7988
4.412
4.353
4.274
4.328
4.317
4.35
0.3586
1.029
2.536
0.5561
4.22
4.551
4.39
4.511
4.533
1.949
0.517
1.323
1.381
3.788
3.599
4.013
3.961
3.916
1.765
1.94
3.367
2.176
4.155
3.952
3.733
3.767
3.617
1.872
2.656
2.337
0.5897
3.158
3.118
3.116
3.38
3.162
2.636
2.441
1.801
0.942
4.764
4.652
4.777
4.902
4.673
1.017
1.816
2.552
0.7703
3.273
3.783
4.036
3.87
3.672
1.747
0.5206
1.771
0.8796
3.551
3.011
3.38
2.892
2.835
2.082
1.847
2.529
1.96
2.568
2.615
3.002
2.972
2.409
2.172
2.01
1.271
1.196
3.945
4.183
4.149
4.277
4.004
1.378
0.5162
1.046
0.2856
3.858
3.523
3.313
3.442
3.546
1.364
0.6491
1.57
2.359
3.391
3.574
3.524
3.411
3.398
1.302
0.8795
0.2933
1.222
1.921
1.844
1.568
2.055
1.955
2.13
2.154
1.589
1.868
5.183
4.612
4.655
4.566
4.397
1.669
1.58
1.862
1.077
3.706
3.703
3.99
3.699
3.676
0.8032
0.7395
0.201
0.6038
0.4607
4.205
4.182
4.251
4.193
4.199
4.184
3.188
0.6684
2.356
0.8141
4.664
4.031
3.487
3.927
4.088
0.4817
1.215
1.535
0.8622
3.31
3.589
3.467
3.578
3.531
0.6899
0.5341
1.63
0.7493
3.17
3.304
3.193
3.182
3.204
0.5902
0.4565
1.59
0.6494
2.945
2.857
2.772
2.801
2.791
2.483
1.794
0.7335
0.1749
0.5267
2.494
2.466
2.967
3.25
2.51
2.487
2.0
0.6415
1.371
0.6767
3.835
3.462
3.771
3.564
3.542
1.349
1.509
1.697
1.655
3.842
3.344
3.667
3.64
3.533
1.122
0.4272
1.537
1.858
2.668
2.905
3.143
3.204
3.157
0.1399
0.4265
1.156
0.4499
4.113
4.102
4.104
4.084
4.099
0.4661
0.6715
0.1922
0.536
4.246
4.33
4.341
4.36
4.306
2.25
1.069
2.933
2.546
4.003
3.521
3.738
4.117
4.172
1.577
0.7979
0.7927
0.4091
4.836
4.802
4.962
4.862
4.787
1.351
0.9418
1.196
1.245
3.905
3.775
3.353
3.6
3.785
0.7749
0.5076
2.555
2.019
4.534
4.892
4.87
4.935
4.848
1.986
0.6419
0.2187
0.5869
3.917
3.879
3.092
3.943
3.919
1.886
0.5106
0.1319
0.8531
4.505
4.391
4.364
4.516
4.474
1.139
0.7726
0.132
0.4214
1.713
1.781
1.813
1.616
1.738
1.112
0.4883
1.144
1.049
4.192
4.088
3.884
4.05
4.01
4.491
6.1
3.817
4.873
5.198
6.016
4.753
5.084
4.351
5.448
4.942
5.459
3.669
3.983
5.085
4.664
4.62
4.578
3.804
4.803
5.341
4.741
3.272
5.034
5.98
5.082
4.897
4.337
5.104
5.285
5.451
5.065
4.411
4.447
5.507
4.726
5.938
4.771
5.051
5.21
5.786
4.832
4.263
6.428
4.864
4.249
5.952
5.957
6.343
4.372
5.741
6.288
5.439
3.936
5.391
5.804
5.006
5.901
4.701
4.709
5.483
4.808
5.115
5.306
6.148
4.27
5.206
5.671
4.489
5.831
3.597
5.547
5.387
4.736
5.142
4.535
5.257
3.74
5.779
4.516
5.55
4.893
5.248
5.034
4.493
6.532
4.205
4.993
5.338
4.094
5.499
5.746
3.919
4.817
4.484
5.219
5.031
5.451
4.857
5.575
5.523
5.017
5.732
4.319
4.353
6.144
5.266
5.302
4.682
3.676
5.993
4.642
4.807
4.367
3.06
4.038
3.824
4.948
4.737
4.749
3.634
4.306
6.679
5.687
4.873
6.023
5.605
5.864
5.381
5.199
5.068
6.528
4.812
4.284
5.776
4.773
3.774
5.53
4.381
5.367
6.367
4.563
4.817
4.807
4.48
4.959
3.828
5.79
4.369
4.986
5.687
5.194
6.134
5.94
6.053
3.974
6.313
4.518
5.543
4.562
5.648
5.175
5.069
5.027
4.502
5.287
5.564
5.717
5.729
4.737
4.754
3.413
4.766
4.818
5.12
6.605
4.563
5.501
3.601
4.408
4.795
5.201
5.349
4.682
5.495
4.745
5.347
5.958
4.4
4.731
4.572
5.367
7.134
4.606
4.097
5.642
6.248
4.569
5.063
5.703
5.449
4.036
4.36
6.502
6.077
5.277
5.189
3.654
3.808
5.551
6.208
4.674
4.661
5.727
6.316
5.856
4.981
5.016
5.791
5.516
4.991
5.378
6.539
4.371
4.212
6.334
5.701
4.703
5.311
5.221
4.721
4.618
5.608
5.205
5.192
4.958
5.066
6.163
5.356
4.746
5.297
