369.6
162.8
410.6
477.0
165.6
491.2
288.0
386.3
183.3
553.0
464.3
578.4
430.3
190.9
353.6
405.4
287.5
505.9
335.5
157.8
0.0
271.9
511.8
0.0
543.2
418.8
165.9
74.13
522.5
381.4
276.5
529.2
322.4
293.9
236.6
517.4
167.4
575.3
482.3
676.7
256.3
849.3
332.8
498.8
324.0
309.2
588.5
99.63
351.5
682.7
354.8
516.4
328.0
612.3
171.2
160.8
538.4
338.7
232.5
416.4
302.3
289.8
323.5
354.0
190.9
542.2
53.37
344.5
510.5
277.9
511.8
337.1
405.9
413.4
461.3
511.1
289.8
564.2
284.2
303.4
436.4
447.3
239.8
334.1
200.7
601.0
167.4
415.6
470.4
650.4
533.8
249.3
421.0
375.1
321.8
489.0
323.1
402.3
379.2
187.5
162.3
597.6
561.9
334.6
161.2
85.58
626.6
291.7
458.3
536.1
421.1
663.4
318.2
333.9
617.2
190.9
237.7
257.9
264.1
180.6
377.0
287.7
328.8
680.7
589.9
613.4
456.8
177.7
120.6
787.9
459.6
404.9
326.7
121.6
324.9
582.5
467.2
271.4
371.9
614.6
425.9
0.0
323.2
635.3
370.5
445.7
0.0
438.0
192.5
524.1
421.0
598.8
311.4
362.3
227.7
346.5
441.9
508.1
218.6
410.3
553.5
441.8
548.3
231.5
351.5
146.6
149.1
245.7
567.4
646.4
348.0
540.9
190.9
182.5
0.0
199.0
627.3
730.9
230.6
289.8
581.7
347.4
546.5
289.8
239.8
150.1
608.1
749.1
538.9
376.1
511.6
761.0
413.1
585.7
172.0
157.2
504.3
456.8
241.6
373.0
282.5
258.6
581.2
200.7
293.3
492.0
513.8
311.7
264.0
432.4
845.5
615.3
291.9
506.2
176.9
661.7
166.0
394.8
372.6
229.8
286.5
687.8
405.5
416.2
405.3
272.0
228.7
518.3
624.2
531.8
637.2
288.5
403.6
174.8
149.1
708.8
459.7
734.6
406.6
360.2
569.0
253.1
411.3
407.0
209.2
285.7
567.7
246.9
474.4
283.3
327.5
448.8
636.6
139.3
707.9
274.2
294.8
244.6
621.0
636.0
255.3
266.5
407.0
424.0
210.0
672.4
449.7
690.3
371.8
610.9
312.6
5.876e-05
264.1
614.1
487.5
615.1
3.503e-05
556.7
511.8
399.3
581.3
344.2
393.5
376.9
138.7
571.5
177.6
476.9
483.0
462.0
804.8
505.8
498.8
405.3
347.7
524.9
375.0
511.8
551.8
334.2
496.7
465.2
366.0
403.4
93.13
289.6
488.1
467.4
667.6
458.8
323.0
464.8
335.5
668.3
120.3
309.1
589.0
750.8
160.8
328.0
613.9
606.6
187.4
544.2
265.2
601.5
793.8
717.8
537.6
425.7
368.5
414.4
320.7
634.4
726.3
431.3
601.3
409.1
584.3
386.3
236.6
415.6
461.4
182.0
192.5
416.2
535.1
493.1
661.6
365.4
595.3
604.5
0.0
375.6
486.3
378.9
458.3
624.3
310.4
478.2
0.0
180.2
220.9
351.5
695.1
533.4
0.0
358.1
109.3
667.9
339.5
290.4
234.7
481.4
628.4
632.0
359.3
335.1
429.9
121.6
213.2
574.8
0.0
702.6
636.1
540.6
484.6
579.4
209.4
656.8
456.8
328.7
503.0
479.1
220.9
703.2
641.9
440.9
473.5
580.1
299.5
483.9
195.5
158.4
581.7
516.7
322.4
182.5
323.0
304.6
350.4
562.6
202.3
427.1
692.9
348.0
565.5
553.3
490.4
524.4
335.1
235.2
619.4
196.1
246.2
176.7
553.9
507.8
67.33
215.1
209.6
527.0
567.6
606.9
444.0
420.5
635.4
345.3
692.5
384.2
303.4
648.8
355.6
375.3
299.8
597.4
324.0
611.0
496.7
213.2
412.6
111.7
230.6
314.6
249.2
241.2
805.7
496.9
459.3
126.6
490.3
290.4
339.4
399.5
235.9
399.0
383.1
259.5
355.0
834.9
215.5
418.2
446.3
641.7
350.4
364.8
557.3
503.7
184.2
400.7
501.1
632.5
612.2
628.1
413.1
584.9
399.3
475.4
348.0
238.6
744.3
534.9
267.4
364.8
304.6
575.5
320.9
643.2
224.6
438.8
364.8
353.6
719.2
429.8
459.3
402.9
535.1
434.6
419.6
278.1
309.1
646.2
367.2
362.7
529.9
530.2
84.06
466.6
387.5
366.0
470.6
307.8
436.0
451.6
336.4
386.1
239.9
203.5
149.3
436.8
292.3
224.6
181.4
170.9
469.7
224.5
257.9
93.13
649.7
204.2
325.7
522.8
409.0
231.1
169.3
178.6
767.6
377.8
462.6
424.7
505.5
287.5
243.0
287.5
244.1
496.7
350.1
332.3
538.0
0.0
626.9
683.4
667.9
287.7
546.7
444.9
665.1
313.7
683.5
442.4
336.4
477.5
501.2
329.6
362.3
649.3
441.4
370.5
338.0
340.8
158.9
479.1
183.3
899.2
169.2
345.8
651.8
344.2
418.8
208.8
231.5
362.7
487.3
660.1
553.5
115.1
474.4
577.2
180.3
325.9
595.3
290.4
814.7
724.4
302.1
651.8
216.9
347.4
775.7
629.4
645.2
384.4
318.0
314.6
460.6
364.8
311.5
201.9
102.5
396.0
687.7
545.4
374.8
535.0
276.4
749.3
313.7
554.2
401.9
256.6
553.3
703.9
642.7
593.5
330.2
445.2
285.1
770.9
455.7
423.0
393.5
366.3
761.3
483.1
571.4
287.5
190.9
284.5
421.3
334.4
567.6
353.7
628.8
413.1
432.3
192.0
615.0
365.1
358.5
685.5
391.3
643.8
440.9
261.2
769.0
364.8
491.9
497.3
367.0
355.7
560.4
483.0
617.3
216.9
569.9
444.0
423.0
189.7
621.2
597.1
190.9
195.5
241.2
451.1
528.6
248.8
245.2
299.3
210.0
213.9
5.876e-05
464.8
726.2
196.9
571.3
364.8
409.0
305.9
246.2
315.2
311.7
507.4
256.0
551.1
513.7
309.9
150.4
445.3
407.5
315.2
163.5
401.6
353.0
317.4
197.4
540.7
303.7
111.7
312.1
407.0
301.2
512.3
447.3
229.3
353.7
650.4
314.5
714.3
406.9
220.1
654.2
352.1
712.5
578.9
468.5
491.3
249.6
533.9
375.0
654.5
279.7
356.1
222.8
327.5
638.8
629.6
630.3
712.5
309.9
784.9
687.7
296.8
322.4
195.5
190.9
329.6
589.7
203.9
257.9
274.8
456.6
446.1
507.1
293.7
276.4
460.1
199.0
289.8
353.7
150.4
417.8
555.8
507.5
469.7
498.3
3.166e-05
0.0
778.7
379.1
416.0
293.3
150.1
342.1
246.2
640.5
344.3
180.6
216.9
533.4
664.3
578.2
416.4
0.0
306.8
646.4
480.4
620.1
581.0
633.9
264.4
695.6
400.8
425.3
0.0
300.5
396.2
303.3
398.5
276.4
427.1
403.8
509.8
596.8
111.6
399.9
406.4
299.8
472.3
311.5
351.2
196.1
528.8
617.6
591.1
691.3
335.5
170.9
417.2
388.9
412.4
553.9
317.0
475.5
433.9
450.3
374.4
549.1
496.1
612.7
172.3
302.5
329.9
292.3
328.8
538.4
120.3
483.8
280.4
347.0
391.4
629.1
356.4
547.4
459.0
617.1
399.0
633.3
728.2
491.1
311.4
190.9
589.9
293.2
423.0
180.3
696.3
588.3
515.0
469.6
462.7
371.4
659.2
485.8
278.1
364.8
732.3
415.7
497.7
514.6
0.0
463.9
513.7
639.0
573.6
428.4
298.9
565.5
518.4
497.3
276.6
457.8
614.8
316.9
282.5
411.7
367.4
276.3
473.0
560.8
519.2
226.3
328.7
283.3
250.5
344.2
381.4
541.4
527.4
478.9
574.9
504.8
608.4
333.9
661.9
351.5
552.2
423.5
641.0
220.9
284.9
531.1
411.1
365.4
255.3
530.6
287.5
283.8
547.4
455.7
251.8
610.4
276.6
449.3
401.7
432.4
371.9
683.7
618.4
431.0
672.4
404.8
477.8
276.4
411.8
536.6
319.2
339.5
310.4
571.7
682.1
391.4
282.8
364.1
617.1
163.7
120.3
166.0
379.6
328.8
648.2
423.0
230.6
554.1
524.6
299.8
236.6
662.8
473.7
491.2
806.8
314.5
316.2
215.1
403.6
739.7
266.5
308.6
210.4
538.2
654.1
413.8
579.7
610.6
609.1
307.8
303.4
507.4
589.7
678.2
607.5
570.1
361.5
257.9
430.4
287.5
423.3
193.9
543.8
287.5
620.3
628.7
324.0
630.6
411.3
416.0
691.0
464.9
434.8
262.9
348.0
676.6
721.2
285.7
242.9
511.8
511.8
234.3
298.9
418.1
490.7
267.4
213.2
476.4
414.5
488.1
179.5
622.9
363.3
487.2
357.8
562.5
101.5
643.4
277.2
711.6
511.6
453.8
407.5
529.9
444.9
440.2
413.0
561.0
84.06
457.8
480.2
416.4
408.5
353.6
749.5
299.5
555.8
332.1
633.9
289.8
459.4
454.2
478.5
498.8
528.0
92.45
406.4
407.0
535.0
757.2
593.0
210.6
348.0
449.7
360.2
460.1
581.5
252.8
538.1
682.9
459.4
643.1
429.4
284.9
337.1
701.5
377.0
171.1
625.8
564.5
435.4
456.8
517.0
353.0
306.0
453.9
528.1
313.7
724.1
494.4
367.2
515.4
423.0
220.9
398.4
625.1
801.8
559.3
666.4
384.9
199.0
423.5
269.3
407.7
0.0
347.0
282.8
641.9
677.8
264.8
434.6
588.6
831.0
543.0
446.3
309.9
621.0
496.7
712.4
647.6
491.0
767.9
387.5
541.7
272.0
629.1
414.5
582.3
397.1
445.1
524.9
454.5
682.8
323.3
348.0
452.3
605.0
885.7
204.2
532.1
422.3
337.1
567.5
509.8
84.06
603.8
171.2
698.0
553.9
354.4
344.2
374.8
332.3
440.9
665.1
511.4
337.1
553.3
114.3
590.2
690.4
460.7
406.9
335.1
703.2
558.0
441.9
289.8
611.0
235.8
347.4
585.2
3.166e-05
328.8
197.4
813.1
535.1
541.3
348.0
682.8
571.9
244.1
651.6
478.7
287.5
560.5
560.7
264.8
467.3
763.3
260.4
397.0
190.9
335.1
571.3
452.9
636.1
422.4
295.7
416.0
289.8
578.4
348.0
0.0
427.8
624.0
475.4
608.6
561.5
216.9
288.5
376.7
690.5
640.0
626.2
405.7
473.4
574.4
388.9
788.9
413.0
417.2
391.4
579.6
246.9
226.3
457.1
537.8
595.1
169.3
315.8
540.6
460.1
345.2
293.1
690.5
378.6
652.4
335.5
253.6
434.6
364.8
762.8
470.0
443.6
433.1
667.7
492.0
483.1
515.3
316.2
480.2
646.4
668.2
289.8
180.3
345.1
440.9
566.9
667.1
518.8
235.8
571.9
674.0
438.8
532.0
