3.511
5.929
4.198
4.87
5.7
2.386
3.076
5.872
3.074
3.786
3.888
5.26
3.081
4.134
4.203
0.0
5.155
3.192
3.433
2.652
6.263
4.482
3.493
3.258
3.771
2.835
3.158
4.907
4.75
3.744
3.699
0.0
4.689
5.352
8.704
1.599
3.915
5.258
5.035
3.608
0.0
5.337
5.189
7.057
5.275
4.162
0.0
4.757
5.032
4.288
5.073
7.398
4.071
1.507
3.924
2.516
4.786
0.0
3.652
8.014
4.631
8.252
5.424
4.862
10.19
5.755
6.287
6.232
4.097
1.596
0.0
5.42
4.89
3.635
5.867
6.288
5.431
5.884
3.51
2.721
5.116
5.409
3.91
6.785
0.0
4.184
5.166
5.243
5.723
4.61
2.917
4.855
5.267
6.065
6.301
3.922
5.103
4.645
4.317
4.118
3.376
5.824
4.784
3.283
5.271
6.045
3.353
7.17
9.022
4.009
4.262
3.624
5.855
5.554
3.7
0.0
2.808
5.559
6.787
6.747
2.784
6.317e-07
3.287
4.402
4.063
4.431
5.985
2.686
6.168
4.5
4.162
6.255
7.248
4.192
6.023
4.996
7.4
5.017
5.79
6.381
4.353
7.98
7.123
4.208
2.795
5.261
5.495
7.918
6.355
4.503
9.145
4.472
4.075
5.598
2.623
5.824
4.601
5.448
4.869
4.721
7.393
9.221
5.539
7.967
4.554
7.283
3.678
2.204
4.941
5.686
3.382
2.876
6.98
5.298
5.204
6.069
5.77
12.02
4.975
4.069
4.82
2.647
3.335
4.429
6.583
4.152
5.142
3.902
6.381
7.706
5.085
7.094
9.494
5.498
6.066
3.332
5.653
8.371
3.99
3.727
5.331
6.94
3.502
9.607
3.419
3.037
8.221
7.282
6.166
6.848
5.534
7.233
5.446
6.58
6.902
6.263
7.904
5.551
2.261
4.271
7.065
3.815
10.61
6.787
4.738
4.544
5.338
5.411
7.506
3.399
5.826
5.307
7.631
4.01
1.944
6.083
6.637
9.37
5.693
6.221
6.108
4.456
3.001
4.327
3.766
7.632
7.031
8.262
6.988
5.845
3.864
4.354
7.072
4.75
4.516
7.314
6.889
4.351
5.76
4.053
8.065
5.399
5.492
7.122
6.611
5.78
4.922
4.368
6.8
6.478
4.845
4.086
4.635
7.251
6.293
4.686
7.362
5.751
5.117
5.288
7.135
6.997
8.947
8.044
8.785
6.231
4.463
10.0
3.631
6.733
5.106
8.332
4.558
6.273
8.238
7.033
8.168
6.21
3.79
7.106
8.652
6.404
8.476
6.831
6.528
6.192
7.063
7.35
6.367
7.46
6.301
2.118
10.35
7.932
8.664
4.103
11.39
6.84
8.615
7.47
6.645
9.3
5.232
8.414
5.484
12.46
7.42
5.567
4.978
3.541
5.808
3.869
5.195
5.535
5.928
6.858
5.263
7.46
5.991
3.751
4.839
11.23
4.112
6.981
5.959
9.424
7.688
6.89
10.16
8.865
5.161
7.205
5.75
6.696
5.115
6.874
5.569
5.62
7.224
8.15
7.282
10.14
6.272
6.712
10.46
7.611
3.957
9.823
5.041
8.379
7.797
9.772
6.922
4.935
7.371
5.748
2.63
8.356
7.772
8.538
6.777
3.865
6.533
6.077
4.668
5.975
9.228
4.501
6.998
6.038
7.642
7.742
3.915
7.055e-07
6.528
7.939
5.741
12.64
7.803
7.804
8.065
6.937
6.334
4.419
4.822
7.154
6.851
8.574
5.869
8.31
6.96
8.146
12.29
7.219
8.012
2.867
8.267
8.64
5.54
5.48
10.24
10.28
7.427
8.68
7.005
9.31
8.834
5.014
8.231
9.894
7.058
6.238
7.811
9.655
9.338
6.108
8.319
8.419
8.876
8.847
7.514
4.486
9.761
5.479
5.4
7.425
6.253
6.406
3.992
9.088
5.204
4.292
12.09
7.115
5.371
4.947
7.633
7.493
10.01
11.32
6.741
7.157
9.872
10.57
6.405
8.788
8.635
6.61
3.492
3.032
7.413
6.112
5.399
5.507
7.131
13.64
5.967
6.905
7.433
10.24
6.9
5.49
3.705
5.444
11.74
7.858
5.333
9.049
7.711
8.36
7.789
6.666
7.142
8.469
9.041
6.167
8.166
7.186
7.42
7.02
7.354
8.39
14.66
7.401
7.68
5.635
6.35
9.626
11.06
5.873
7.454
7.004
6.591
7.987
7.011
5.789
8.697
6.577
5.045
5.652
7.101
9.072
5.567
6.387
6.954
6.877
9.324
5.546
7.642
6.885
8.308
9.261
11.2
6.271
9.136
8.13
4.769
4.92
6.897
9.466
7.341
6.804
7.69
10.59
9.468
7.654
10.17
5.722
11.19
10.32
5.836
7.247
3.691
9.293
8.154
8.461
8.286
7.678
4.756
9.147
11.17
7.921
7.482
6.444
9.384
4.904
7.532
8.17
8.84
6.897
14.9
9.892
9.399
8.86
7.002
7.832
9.128
7.534
5.689
9.686
7.34
6.675
6.742
11.26
9.461
7.861
9.82
6.843
7.075
7.91
8.063
8.287
6.857
9.339
8.802
9.035
11.05
9.698
11.23
10.5
8.765
9.889
10.02
10.27
9.571
9.044
7.554
8.766
7.139
6.224
9.941
9.747
9.365
8.484
5.948
9.104
7.621
6.128
5.152
8.236
9.453
12.42
8.398
6.932
9.223
8.606
12.88
6.822
9.279
9.347
5.587
13.3
7.247
7.55
11.89
6.299
13.32
8.545
6.905
7.32
8.289
6.126
7.03
8.608
6.244
9.166
10.71
4.848
7.468
8.866
6.492
5.229
7.953
6.259
7.262
7.136
9.88
9.385
6.287
7.217
6.374
4.062
9.635
7.458
8.817
10.17
6.372
7.48
9.383
11.4
8.578
10.5
9.857
9.334
11.37
12.11
7.783
7.893
6.852
10.28
9.118
9.771
10.36
10.25
9.198
5.495
8.197
5.023
11.06
8.736
15.58
12.1
9.189
1.973
5.217
10.77
12.83
11.77
10.55
8.518
9.632
10.99
8.964
9.664
6.101
12.93
11.32
14.85
8.335
9.496
6.885
8.739
7.271
11.43
7.502
8.862
8.939
7.494
4.61
9.506
12.45
9.089
5.815
11.27
10.73
7.433
8.868
7.854
10.84
7.839
8.763
7.175
8.313
9.38
9.97
5.383
12.05
7.192
13.61
11.58
7.437
10.84
11.92
7.185
6.64
8.328
9.609
8.25
10.04
8.431
11.33
6.305
9.124
13.73
9.477
14.11
7.641
8.958
7.437
8.439
6.642
7.246
10.43
7.623
8.172
10.94
10.3
6.756
10.05
9.906
8.017
13.63
8.497
8.516
9.498
13.88
7.28
11.29
7.927
8.549
9.26
12.52
10.95
10.97
9.038
10.36
8.004
12.62
9.416
7.738
8.732
9.042
9.799
7.412
7.076
5.354
3.683
2.814
2.814
4.999
5.448
3.404
2.452
4.434
4.434
4.198
3.977
0.0
0.0
6.715
4.905
0.0
3.378
2.916
1.634
4.065
4.297
3.235
8.884e-07
2.641
4.369
2.822
1.09
2.814
3.502
3.316
3.264
4.374
5.525
5.327
2.066
3.61
4.913
0.7269
0.0
0.6246
1.709
1.226
3.902
5.818
6.65
2.48
5.646
3.04
4.886
3.172
2.814
2.814
2.814
2.814
2.814
5.297
1.78
2.192
3.414
2.032
3.058
4.526
3.836
3.623
2.362
8.038
7.543
5.478
5.491
2.814
2.814
5.548
6.077
7.068
7.842
5.154
7.057
2.547
6.17
5.452
6.744
10.99
3.679
2.814
2.814
2.814
2.814
2.814
2.814
3.754
3.754
5.133
4.794
4.799
5.079
5.649
5.865
3.126
3.319
6.076
1.626
7.568
3.956
3.959
6.296
5.256
3.031
5.369
4.945
3.139
3.566
5.043
4.452
3.582
5.206
4.412
11.3
4.95
6.278
6.113
5.068
3.972
8.114
6.263
3.722
9.956
6.967
9.884
7.482
6.762
9.921
4.698
6.97
6.126
3.834
3.834
8.04
4.971
4.685
8.85
4.913
8.1
5.324
3.721
11.53
6.742
7.115
7.781
8.488
5.456
8.049
8.293
5.423
5.08
6.497
6.464
8.501
5.047
8.053
6.549
8.294
8.527
6.567
3.827
6.091
3.672
7.396
6.344
6.541
8.321
9.797
6.934
11.43
7.38
6.189
7.764
7.245
9.782
7.186
5.774
5.762
6.669
6.933
9.141
8.043
6.145
9.888
4.352
5.197
9.755
7.521
4.781
7.854
6.436
6.875
7.798
9.041
4.012
8.554
6.357
10.77
6.594
8.802
5.109
5.6
7.551
4.818
5.399
5.863
7.925
8.364
3.607
3.401
5.527
7.752
10.33
7.155
7.356
5.31
10.2
7.543
7.572
6.811
12.54
6.524
8.609
6.643
8.082
6.097
11.45
6.858
9.189
6.111
10.25
6.612
7.994
6.206
9.444
8.034
4.201
9.055
10.58
10.05
7.5
6.967
9.133
5.835
9.169
6.178
6.107
6.545
6.844
10.02
9.862
7.445
8.066
6.693
12.17
6.019
5.965
8.82
6.751
6.146
9.796
5.275
7.763
13.01
6.462
5.564
8.333
6.049
4.723
7.868
5.992
8.958
8.033
7.849
4.886
8.886
10.33
10.45
3.606
5.432
5.927
11.98
6.536
10.39
9.201
5.054
6.487
8.108
9.036
6.553
9.041
11.4
7.0
10.79
8.839
7.196
5.096
6.945
8.455
8.966
6.095
11.09
8.972
10.87
5.218
5.127
8.958
6.637
14.51
19.9
9.362
10.79
3.824
14.43
15.19
5.513
7.038
6.306
9.387
6.66
10.17
5.666
8.71
8.821
8.0
5.054
7.719
6.677
6.649
11.72
10.28
6.735
7.189
9.657
9.581
8.12
6.436
12.26
5.798
6.605
7.703
8.295
6.299
6.898
7.846
10.28
9.624
8.26
6.477
6.497
11.34
9.532
10.59
10.22
9.106
7.68
7.169
7.961
7.385
10.62
7.097
8.763
10.98
13.82
9.146
7.343
9.847
10.96
7.929
8.9
9.325
14.48
8.985
7.717
8.554
8.486
6.876
7.622
13.81
6.777
8.006
6.841
10.99
8.605
9.75
6.811
6.548
7.229
8.276
12.48
9.32
7.162
10.3
5.753
8.687
6.37
9.363
8.222
6.004
7.821
10.39
6.698
6.68
9.366
6.39
8.351
8.636
5.395
11.55
11.04
7.639
9.808
10.91
7.762
10.01
12.48
6.09
6.303
10.18
5.197
7.436
11.21
8.771
14.5
7.649
9.19
6.723
10.65
9.244
7.519
7.959
10.23
10.13
10.2
8.788
9.071
8.507
11.83
9.771
9.091
16.0
8.752
7.324
8.741
11.97
15.94
7.91
7.13
11.31
9.685
5.982
15.23
7.024
7.779
10.2
9.535
9.428
10.13
10.39
7.783
8.339
13.92
8.544
6.208
11.47
9.582
9.474
12.62
8.183
11.73
11.91
12.77
9.702
7.69
9.946
9.041
12.4
8.142
15.6
11.23
10.87
9.484
9.332
10.51
8.1
11.05
11.14
16.63
9.587
12.64
10.07
9.532
6.415
12.53
7.513
11.25
7.059
6.88
6.08
9.068
15.67
11.76
9.462
10.22
12.39
8.789
20.12
8.489
10.22
11.06
15.69
10.38
11.99
11.97
7.941
20.03
11.57
9.246
9.757
15.27
7.435
10.35
7.697
7.278
10.08
10.12
9.704
8.492
7.747
13.03
9.207
7.484
9.63
14.91
10.25
10.09
13.77
10.99
9.159
11.91
13.96
8.933
16.53
11.36
8.626
12.54
9.467
10.04
11.55
5.917
9.837
11.21
17.11
6.405
9.846
14.81
10.09
11.89
11.81
17.29
12.21
10.01
13.17
11.47
11.86
14.09
16.75
7.091
11.64
11.08
9.388
15.28
9.502
13.31
11.66
10.09
12.33
11.07
14.69
11.62
11.33
8.557
10.88
10.85
18.08
10.38
15.15
13.03
6.687
12.43
9.309
15.0
16.56
16.72
10.82
10.4
8.221
13.72
6.945
8.04
9.094
11.42
9.02
10.85
12.96
10.35
9.919
11.18
12.54
11.48
13.01
13.68
9.914
12.43
14.89
13.04
10.13
9.181
9.61
9.941
15.57
10.85
10.99
14.07
13.65
12.46
12.74
13.27
10.81
10.43
9.932
11.27
11.12
9.582
11.93
10.13
14.5
9.611
15.71
12.68
8.744
11.64
9.046
11.47
9.42
11.7
10.84
10.01
7.962
13.18
9.192
7.291
10.48
15.37
7.834
12.63
14.17
18.89
7.984
14.61
12.16
11.1
15.25
7.381
12.26
7.346
9.999
11.84
14.83
10.73
14.17
13.36
15.71
10.9
12.31
19.29
11.15
10.53
10.57
10.76
9.248
12.53
10.76
14.31
10.57
13.56
9.331
6.397
8.475
14.47
13.6
12.4
7.818
17.12
13.27
11.07
8.588
8.701
13.68
