9.903
18.23
15.55
33.56
0.0
16.26
14.45
23.36
18.34
0.0
23.48
23.48
21.49
20.46
23.47
19.51
6.54
23.52
11.82
11.12
8.703
19.47
18.68
24.25
5.302
13.89
14.81
6.078
13.04
4.479
22.09
18.83
21.31
14.83
11.38
9.28
17.62
20.85
8.602
9.03
11.7
4.189
0.0
12.86
4.1
17.24
0.0
10.53
18.17
39.65
17.9
22.48
24.96
0.0
18.45
15.94
28.13
16.47
21.94
19.52
17.74
32.76
25.88
38.7
36.0
31.82
25.56
28.35
47.79
5.606
25.7
0.0
18.46
23.04
9.606
22.84
37.14
24.89
0.0
13.47
44.24
15.33
10.41
29.08
20.74
28.85
21.66
5.89
37.11
15.86
11.31
33.92
0.0
19.2
10.54
16.82
15.6
32.84
17.68
16.99
14.85
28.64
14.41
23.89
16.41
16.41
20.54
24.03
23.33
11.76
0.0
32.32
26.97
26.97
33.62
25.54
19.7
26.2
23.57
23.57
14.62
34.74
36.18
0.0
13.47
8.733e-07
29.15
21.09
17.53
25.11
0.0
11.4
0.0
19.37
19.37
0.0
5.911
19.97
21.6
4.234e-07
1.872e-07
17.76
45.79
24.36
7.586
24.8
0.0
23.65
0.0
31.43
10.47
9.991
6.661
9.886
10.89
22.67
23.11
0.0
0.0
15.79
18.51
18.2
28.64
17.67
17.62
0.0
6.177
22.2
5.453e-07
25.23
32.32
12.04
0.0
0.0
6.682e-07
7.316
33.65
29.38
19.21
15.45
8.7
0.0
22.6
16.93
14.67
17.06
17.44
0.0
9.476
9.346
22.04
17.16
0.0
10.17
15.76
14.83
22.34
0.0
4.916e-07
22.95
24.4
24.1
15.1
0.0
18.31
27.59
0.0
16.46
29.88
20.66
21.05
0.0
0.0
7.547
16.13
19.97
21.34
12.96
13.67
0.0
0.0
22.21
15.27
22.62
0.0
0.0
3.872
25.97
25.97
44.87
17.19
0.0
0.0
20.91
24.31
32.86
14.31
24.34
33.05
28.58
0.0
0.0
29.76
0.0
14.39
7.551
16.05
29.75
0.0
0.0
0.0
21.46
0.0
24.75
17.39
0.0
8.71
0.0
45.36
23.04
15.99
4.15e-07
22.56
0.0
18.76
9.129
12.93
14.72
0.0
41.51
18.92
13.28
24.47
36.1
3.953
14.83
26.4
0.0
17.11
16.95
17.18
0.0
9.295
24.24
22.08
13.44
34.91
10.15
22.51
34.23
23.08
23.05
15.11
13.96
32.2
17.93
46.61
0.0
46.66
26.26
13.07
18.11
7.657e-07
21.56
2.551
9.219
7.177
9.881
7.938
12.6
20.0
8.531
7.974
20.62
10.35
19.57
0.0
15.3
0.0
16.69
7.937
0.0
22.36
7.537
4.828
17.47
9.199
4.016
27.67
25.22
17.22
20.48
15.49
4.588
14.15
6.121
14.46
25.63
20.53
2.384
9.907
0.0
18.0
10.09
8.474
23.86
10.66
8.421
0.0
25.38
6.135
2.384e-07
16.34
23.98
11.19
7.264
18.03
0.0
0.0
16.76
10.39
8.104
19.41
25.45
25.37
17.81
19.37
0.0
17.7
27.82
4.098e-07
13.87
13.53
2.821e-07
9.809
16.38
14.08
14.58
5.681
0.0
24.05
19.93
0.0
6.438e-07
8.149e-07
0.0
13.82
7.268e-07
24.06
27.51
14.47
10.76
26.41
14.7
7.417
27.77
0.0
21.3
18.39
19.87
18.3
12.09
1.101
40.7
5.706
14.21
4.866
0.0
23.06
19.91
14.42
21.17
4.022
5.565
2.083
0.0
17.73
14.29
2.617
9.973
2.147
20.84
7.995
10.65
9.645
11.65
0.0
6.538
22.09
8.348
15.3
8.148
17.52
18.53
12.55
13.33
9.859
3.676
5.958
9.002
13.03
18.4
16.07
6.645
25.77
17.31
11.82
6.701
16.72
13.42
15.7
3.048e-07
7.04
7.703
17.01
12.93
13.25
15.78
26.16
17.38
19.14
0.0
26.84
9.184
5.252
10.22
24.84
7.754
17.69
20.26
13.27
26.42
25.5
20.95
21.16
14.08
20.06
3.561
1.552
0.0
11.57
3.849
11.06
21.72
6.21
8.225
17.07
42.93
17.63
31.1
23.31
34.2
41.07
29.64
23.99
26.04
23.94
46.85
35.29
30.98
