1.516
2.008
2.345
2.362
1.538
2.623
2.858
1.925
0.9314
2.682
2.657
2.531
1.985
2.357
1.981
3.473
2.738
2.234
2.512
2.475
2.104
2.52
2.559
1.153
1.454
2.239
2.353
2.022
2.824
2.463
2.357
2.347
1.934
2.156
2.19
2.932
1.474
2.788
1.953
2.91
2.213
1.883
2.262
2.006
3.333
2.769
2.206
2.412
2.117
2.108
2.309
2.974
2.402
2.831
2.138
1.746
2.37
1.944
2.217
2.731
3.432
1.814
3.295
1.608
2.824
2.338
3.21
2.91
3.513
3.074
2.361
3.085
3.619
2.903
3.631
4.484
5.18
2.866
4.247
2.079
2.18
3.093
2.444
2.01
1.785
1.705
2.448
2.19
2.487
2.929
5.505
2.25
2.194
3.133
5.512
1.291
2.566
2.059
3.132
4.01
1.74
1.437
2.604
2.172
2.171
3.06
1.564
2.113
2.529
5.081
2.589
2.021
2.484
3.054
3.767
3.468
2.323
1.448
3.183
1.564
2.173
5.722
5.602
2.09
2.858
2.177
3.3
2.007
1.764
3.085
2.734
3.06
1.97
2.972
1.746
2.37
1.818
1.935
3.292
2.054
1.679
2.285
2.605
0.5319
2.371
2.941
3.556
3.318
1.877
2.436
2.336
2.909
1.311
2.325
1.654
1.508
2.697
3.027
2.852
2.43
1.992
2.694
1.934
1.765
1.095
3.446
2.262
2.299
4.094
2.31
2.292
1.831
1.844
2.854
1.969
1.574
2.235
2.882
1.374
1.38
2.584
2.501
2.659
1.692
2.257
2.856
2.283
2.282
2.923
2.454
3.101
2.534
2.056
3.85
2.864
2.353
2.0
3.027
2.498
2.192
2.256
1.934
2.025
2.063
2.458
1.906
0.8035
3.098
1.865
1.802
2.48
2.253
1.888
3.514
2.245
2.567
3.694
0.9523
2.678
1.814
2.513
1.643
2.535
2.162
1.846
3.017
2.167
3.311
2.395
2.17
1.918
3.329
2.545
2.746
2.372
2.18
2.301
2.271
3.948
2.662
2.973
1.914
2.192
2.895
2.378
2.675
1.95
1.678
2.644
2.526
2.683
2.074
2.292
1.642
3.007
1.863
3.086
1.486
2.251
2.491
2.148
2.292
2.787
5.324
2.239
1.729
2.706
2.898
3.203
1.363
3.712
2.315
2.035
2.209
3.154
2.254
2.035
2.121
2.56
1.628
2.197
2.386
4.436
3.46
4.073
3.116
2.846
2.39
2.841
2.062
2.539
2.805
2.623
2.907
1.953
2.148
2.855
2.601
3.34
2.113
1.991
2.406
2.471
2.403
2.235
3.362
2.697
4.322
2.146
2.369
2.397
1.89
0.9198
2.917
3.757
4.786
2.643
1.733
3.805
2.541
2.8
2.345
3.618
2.221
3.093
2.143
1.619
2.789
2.869
1.407
2.714
2.005
3.289
1.313
1.751
2.604
5.093
6.169
2.293
2.482
1.48
2.197
2.39
3.315
3.193
1.91
2.814
2.67
1.969
1.781
2.184
1.787
2.514
2.335
4.565
1.796
5.44
2.418
3.937
1.912
1.702
3.107
6.139
2.466
3.329
2.53
4.122
2.752
2.42
3.937
2.288
1.703
2.614
2.645
2.309
2.145
1.966
1.677
2.63
3.542
1.478
2.264
2.288
2.258
2.91
2.437
1.289
2.491
3.221
2.847
1.605
1.97
2.663
1.712
2.297
3.085
2.027
3.306
3.826
1.546
2.366
3.438
2.12
1.346
2.285
3.515
3.691
2.786
2.313
1.863
3.06
2.852
2.808
1.804
1.42
3.171
2.736
3.097
2.178
2.307
1.354
2.392
2.94
2.188
1.99
2.687
2.665
1.863
1.537
2.578
2.349
2.359
1.657
2.588
1.636
5.555
2.423
3.19
4.81
2.298
3.019
0.9859
2.285
2.188
1.258
2.703
3.199
2.257
1.546
2.333
2.111
2.634
2.491
3.237
2.829
2.655
2.784
2.684
2.965
2.583
3.432
6.19
2.888
3.917
1.533
1.996
2.291
2.387
2.567
2.936
2.764
1.373
1.425
2.414
2.452
1.881
2.334
2.803
2.733
2.351
3.212
2.715
2.385
1.998
1.83
2.216
2.79
1.463
1.857
2.417
3.048
1.95
3.072
1.945
2.932
2.226
3.34
1.49
2.735
2.72
3.438
1.427
0.823
2.594
5.72
2.035
1.933
1.913
3.566
1.781
2.202
4.004
3.103
3.49
2.271
2.735
2.207
2.191
2.722
1.551
3.309
2.023
2.594
2.579
3.073
2.977
3.556
2.389
1.628
2.938
1.499
2.678
2.246
2.211
2.046
2.484
1.377
1.982
2.34
2.731
1.438
2.122
2.334
3.159
2.519
2.974
3.016
3.73
3.374
1.686
2.037
2.203
2.242
3.887
2.069
2.502
2.729
2.393
2.259
2.171
4.487
2.998
3.446
4.848
3.193
4.333
2.651
2.601
1.397
3.204
2.09
2.151
1.441
2.099
3.277
1.739
2.415
2.429
1.328
3.601
2.94
2.557
1.954
3.037
1.936
6.853
2.248
2.514
1.899
2.281
2.745
2.275
1.541
1.922
1.794
3.434
1.63
2.511
4.062
3.158
1.475
2.161
2.171
2.752
2.499
2.267
2.648
2.029
1.394
2.756
2.008
3.577
1.31
1.759
0.3234
3.024
2.836
2.354
2.386
2.209
1.564
2.195
2.496
2.013
2.719
2.131
2.339
3.343
2.285
2.621
2.684
4.973
1.018
1.832
3.194
4.06
2.718
1.374
2.441
2.545
3.6
2.705
3.334
3.637
2.683
0.9836
3.218
2.63
2.92
3.046
2.388
1.639
2.22
2.822
1.642
2.902
2.241
2.488
2.634
3.321
2.257
2.223
3.879
2.352
2.734
3.889
3.135
2.826
2.091
2.127
1.798
2.351
1.836
2.552
3.237
1.59
2.42
2.719
1.968
2.09
2.511
2.149
3.077
2.025
1.732
2.308
2.486
2.013
2.197
2.031
2.183
2.395
2.832
2.34
2.418
4.089
1.66
2.804
2.058
3.016
4.115
2.199
5.876
2.569
2.051
2.845
1.917
2.105
1.963
3.326
2.512
2.92
2.492
2.917
1.379
2.156
1.442
3.109
2.07
1.373
2.491
1.517
2.789
1.457
2.148
2.379
3.385
2.794
2.675
1.669
2.982
2.083
3.211
2.231
3.1
1.931
1.872
5.941
1.615
2.273
3.455
2.761
2.296
1.739
1.912
2.293
2.436
3.045
2.494
1.36
2.655
2.387
3.404
2.763
0.823
2.25
2.142
1.844
1.331
2.037
2.782
3.035
1.907
2.267
1.784
2.734
1.601
5.013
2.375
2.091
3.561
2.899
1.787
3.214
5.453
2.071
2.19
1.839
2.629
1.122
2.449
3.485
3.184
2.755
2.358
3.649
2.988
1.423
2.52
1.454
2.364
1.726
2.467
2.504
3.877
2.475
2.322
2.557
2.571
3.234
1.872
1.48
2.95
2.479
2.337
2.587
2.4
4.017
1.996
5.295
1.897
0.6117
2.634
1.201
2.746
1.933
3.721
1.84
2.781
5.049
2.234
3.231
2.197
2.201
1.941
1.559
2.524
2.076
2.593
2.56
2.87
3.664
1.905
2.419
2.567
2.602
2.483
2.158
2.477
2.887
2.313
0.7025
3.225
1.634
2.877
2.371
2.479
3.528
2.652
0.0
6.573
2.884
2.27
1.498
2.766
1.369
2.521
2.799
3.907
3.34
2.899
2.661
0.6474
3.061
2.683
2.576
2.121
2.779
2.13
2.503
2.023
3.383
2.219
3.104
3.013
2.066
2.827
1.372
0.6071
1.722
1.765
3.448
2.235
1.218
2.286
2.578
2.075
1.316
2.369
2.746
2.151
3.189
2.68
3.059
2.18
2.733
3.423
2.248
1.774
2.764
2.902
3.195
3.421
1.442
3.126
3.31
1.258
3.524
1.051
0.9948
2.459
2.244
2.112
1.367
2.392
2.44
3.095
1.881
2.997
4.116
3.441
1.736
2.734
2.196
2.082
1.527
1.566
3.196
2.761
1.512
2.563
1.397
3.051
2.559
3.053
2.531
2.281
2.209
1.629
2.002
2.938
2.513
3.458
2.594
3.032
2.347
2.222
3.385
4.723
2.621
2.502
1.337
2.518
2.102
2.51
1.546
2.666
2.686
1.596
3.16
2.057
2.942
4.296
3.178
1.894
1.892
2.398
1.988
2.888
1.748
1.868
1.487
2.86
2.106
3.111
2.706
1.911
1.806
2.561
1.831
2.992
2.686
2.24
3.128
1.613
2.122
2.043
2.205
2.853
1.772
2.561
4.691
1.761
3.245
2.342
2.12
2.143
2.056
2.139
2.312
3.493
2.563
2.442
2.673
1.568
3.321
1.899
2.159
2.352
2.055
2.944
2.922
2.037
2.414
2.92
3.051
2.167
2.802
1.883
3.284
2.837
1.812
2.897
5.607
2.696
1.955
2.839
3.68
2.018
2.378
2.709
1.792
2.696
2.072
2.664
2.142
3.345
1.526
2.503
5.121
1.889
3.362
3.114
2.902
7.075
2.076
1.637
2.546
2.737
4.779
2.242
1.411
2.833
1.184
2.52
2.756
3.512
2.709
1.867
1.808
2.059
2.018
2.059
2.556
1.842
4.308
1.463
2.123
1.488
1.748
2.635
3.489
2.118
2.508
1.304
2.997
3.269
2.452
5.796
2.295
3.247
2.367
2.869
1.926
3.579
2.723
4.207
2.977
3.087
2.901
2.1
1.727
1.777
5.929
3.229
2.457
3.083
0.5424
2.298
2.726
2.498
2.711
2.108
2.174
2.336
2.198
2.422
2.755
2.991
3.017
2.197
2.827
2.132
1.153
2.784
2.37
2.771
2.958
2.717
4.081
3.027
2.077
2.92
2.806
2.125
3.39
2.937
2.379
1.986
2.491
3.521
3.401
2.348
2.638
2.208
3.591
1.771
2.495
1.779
1.976
4.323
2.488
4.728
2.046
3.515
2.242
2.519
1.784
1.37
2.106
3.099
1.44
1.823
3.148
2.734
1.825
0.895
1.874
2.98
2.719
2.16
1.488
1.353
2.833
2.189
2.653
1.865
2.741
2.784
1.622
3.709
2.47
1.824
2.967
1.716
2.617
2.459
1.537
2.124
2.285
2.536
1.386
3.329
3.231
3.796
2.517
2.877
2.723
2.303
2.975
2.27
4.296
1.794
1.993
3.996
2.533
2.69
1.449
2.357
1.804
2.759
2.498
1.967
1.977
3.721
2.03
3.144
1.701
2.775
2.405
2.654
1.385
2.684
2.628
1.781
3.191
0.5145
2.113
1.574
2.619
2.598
2.328
2.812
2.34
2.675
2.902
2.021
1.768
2.212
2.346
3.249
3.23
2.26
1.643
1.961
1.852
3.792
1.776
1.814
2.74
4.655
3.944
3.581
2.538
3.621
4.802
2.851
2.188
1.445e-07
2.204
2.481
3.096
1.992
3.66
2.812
3.031
3.595
2.726
2.158
1.891
2.187
3.702
2.186
1.959
2.554
2.162
2.467
1.657
3.021
2.035
1.754
2.169
3.083
2.719
2.949
2.433
2.867
1.195
2.455
3.074
3.036
2.829
2.627
1.592
3.021
2.11
2.532
2.101
2.318
2.151
3.429
3.445
1.903
1.953
0.5666
1.93
2.923
1.88
2.638
2.246
0.9096
2.758
1.626
2.298
3.344
3.288
3.262
2.459
3.148
2.134
1.948
2.929
3.1
1.954
2.016
3.462
3.764
3.443
2.767
2.166
2.636
1.899
2.058
2.137
2.057
2.04
6.085
2.336
1.276
1.812
2.791
3.967
2.327
3.276
2.048
6.043
3.219
2.262
3.177
3.523
2.032
2.094
3.273
1.129
2.756
1.815
2.488
1.584
1.765
2.277
2.227
2.012
2.727
2.732
2.637
2.134
1.684
2.04
2.141
3.374
1.924
3.633
1.883
2.627
2.121
2.84
1.951
2.379
3.438
2.75
2.063
2.08
1.733
1.24
2.087
2.221
1.551
3.088
1.259
3.389
2.844
3.195
3.579
1.808
3.179
2.218
3.225
2.41
3.589
1.691
1.662
3.459
2.045
1.242
1.365
3.218
3.481
1.888
1.091
3.052
4.947
2.644
2.036
2.71
2.527
2.562
2.222
6.79
2.19
2.656
2.258
2.127
2.612
3.226
3.182
2.308
2.018
2.958
3.282
1.737
2.387
2.011
2.879
2.553
2.595
1.401
1.52
1.929
2.23
3.466
2.834
2.921
3.333
3.152
3.515
3.1
2.569
1.701
3.191
1.14
2.601
0.6424
5.532
2.284
3.784
2.137
2.719
2.224
2.018
1.801
2.238
3.72
3.894
1.956
2.128
2.697
2.202
2.04
2.455
2.117
2.656
2.593
2.462
2.428
2.062
2.508
2.187
3.409
2.449
2.982
1.236
3.044
1.694
2.006
2.5
3.693
1.992
2.869
2.212
2.193
1.72
2.358
2.415
1.174
3.606
6.038
2.683
2.749
1.99
2.113
4.053
4.004
2.335
1.962
4.273
2.764
2.382
5.05
3.668
1.537
2.346
2.664
1.44
1.513
2.949
2.487
0.8769
2.937
1.851
1.804
2.449
3.215
2.199
2.404
2.79
2.232
2.655
1.425
1.711
2.259
4.571
3.114
5.545
1.275
2.93
3.175
2.534
1.2
1.651
2.065
2.984
2.472
1.798
3.543
2.784
3.199
3.365
1.269
2.311
3.519
3.853
2.066
4.381
4.434
2.681
2.224
2.401
1.258
5.643
1.396
5.754
2.475
2.677
2.223
2.036
