4.947
7.527
6.495
6.665
10.56
3.167
3.733
8.881
3.492
4.111
4.814
5.915
4.518
5.868
5.05
0.0
8.928
3.506
6.427
3.066
10.48
5.863
4.725
4.515
5.291
3.91
4.32
5.988
5.76
4.912
4.256
0.0
8.544
7.443
12.99
2.54
3.392
6.705
5.776
5.275
2.872
10.38
6.929
9.351
7.713
5.919
0.0
6.387
8.55
7.109
6.29
8.826
5.947
1.847
6.972
3.454
6.574
0.0
5.106
6.182
6.032
10.34
8.05
6.722
13.08
11.33
8.196
8.991
6.223
2.277
0.0
6.804
6.573
4.684
8.274
9.445
9.171
8.32
4.12
2.476
6.754
6.78
6.537
8.251
0.0
6.872
7.53
7.204
5.729
5.944
4.232
7.744
3.788
8.463
7.345
5.131
4.617
4.88
7.777
7.622
5.045
7.493
6.29
5.414
6.314
8.005
3.786
11.72
7.733
5.98
5.693
4.575
2.802
7.203
5.546
0.0
3.473
6.709
9.469
10.23
6.003
2.471e-07
4.05
4.297
6.471
8.082
9.547
3.193
8.055
6.723
5.008
8.953
9.898
6.878
8.07
8.701
11.34
7.759
7.437
7.828
5.804
11.36
12.97
6.335
3.811
7.728
6.736
6.588
7.832
5.156
9.915
5.749
5.465
10.4
3.016
10.06
6.999
6.452
5.72
8.236
10.27
10.79
6.742
9.674
5.666
9.152
6.197
2.944
7.099
6.496
3.649
4.152
7.634
7.684
6.94
8.98
7.924
20.34
7.109
5.086
8.73
4.482
5.079
5.953
9.73
6.275
9.737
4.273
7.452
11.94
8.235
10.6
16.06
9.018
6.211
4.613
10.11
10.69
6.141
2.111
6.856
9.534
6.186
13.3
4.589
4.509
12.96
7.592
7.582
9.303
6.859
6.918
5.949
8.63
13.05
7.912
13.0
6.633
2.481
6.206
12.99
5.811
12.45
9.469
4.822
7.058
9.113
7.33
12.52
5.065
8.4
9.092
9.278
5.6
3.274
6.967
8.563
12.25
8.107
9.24
8.176
6.614
5.198
7.087
4.602
11.29
9.987
8.678
10.23
9.92
5.35
6.926
10.36
6.635
6.411
11.72
9.32
8.205
7.302
7.502
12.05
6.137
8.937
10.04
6.933
7.614
6.997
8.089
10.9
6.775
5.368
4.425
7.257
10.62
6.624
6.442
10.16
7.728
6.59
7.58
9.889
7.392
10.92
10.52
13.63
9.586
5.791
14.07
9.235
7.774
10.16
11.03
6.684
8.147
11.99
6.3
8.263
7.308
5.859
10.19
11.55
10.31
12.15
10.04
8.687
7.335
8.889
11.18
9.184
7.768
8.271
2.994
16.77
10.93
9.941
5.741
14.57
10.85
9.942
8.56
7.478
11.93
6.514
11.79
6.661
17.41
9.795
6.256
6.478
5.843
7.342
6.768
8.601
9.845
5.468
11.94
6.241
9.774
8.577
3.847
7.549
16.86
6.541
8.685
8.301
14.12
11.13
9.675
15.39
9.433
9.123
9.802
7.01
9.601
6.04
12.2
7.825
5.492
8.544
9.896
10.69
16.56
14.22
11.54
14.64
10.55
6.061
14.96
4.777
11.8
13.03
12.28
10.43
6.923
12.39
6.451
2.861
11.29
10.38
16.92
7.539
6.203
12.5
8.57
7.294
6.728
11.94
6.972
9.415
8.775
11.03
13.26
3.517
5.503e-07
8.539
9.313
9.017
14.23
13.19
9.897
11.28
8.344
8.511
5.758
6.587
9.587
8.648
16.02
5.903
10.56
10.18
12.01
13.13
8.562
8.745
4.599
12.23
11.21
8.379
6.859
12.79
14.67
14.09
8.292
9.026
13.29
12.3
6.914
11.14
12.32
7.776
6.924
9.299
12.92
13.34
7.121
16.76
13.89
10.59
12.86
7.05
6.263
11.14
7.466
7.832
8.911
8.249
8.498
7.605
10.61
8.485
6.125
17.75
9.874
6.901
6.2
14.2
8.754
13.58
16.33
9.479
11.71
17.29
15.1
8.227
13.64
10.02
6.712
4.505
4.953
7.806
8.057
6.787
8.186
12.36
19.09
8.891
8.651
11.24
13.8
16.52
6.842
6.208
7.772
11.91
9.989
6.377
13.7
12.88
13.55
10.17
8.402
13.17
9.832
10.51
7.67
8.606
11.52
11.8
7.596
11.62
9.388
21.91
7.434
11.84
7.812
8.736
16.01
15.82
10.52
9.642
9.568
8.934
9.998
11.38
6.719
12.48
7.911
5.317
9.307
10.79
14.79
6.853
7.229
6.474
8.199
14.33
10.22
10.94
8.472
9.989
12.29
19.63
10.24
12.2
11.55
5.813
6.631
9.888
13.81
10.81
11.19
8.791
12.49
11.65
14.12
15.23
7.968
13.79
10.87
7.847
10.49
5.513
18.0
9.58
12.07
11.02
8.798
6.837
14.48
14.76
11.54
9.045
9.072
11.69
4.978
10.34
10.36
11.42
8.582
20.01
15.4
10.25
12.07
8.743
11.85
11.05
12.2
9.456
18.19
11.8
9.687
7.261
17.63
18.66
10.44
8.322
12.88
6.699
12.86
9.89
9.501
10.16
12.08
10.52
12.91
13.26
11.09
19.49
13.77
10.06
10.92
11.59
19.52
13.42
11.32
9.468
13.43
7.109
8.563
16.93
13.44
12.77
13.73
8.052
10.74
13.53
8.703
7.661
10.73
12.43
18.69
10.82
7.007
12.72
8.238
17.73
9.755
13.8
12.65
6.675
20.27
12.61
10.04
13.66
6.35
20.15
13.21
10.52
10.48
10.09
8.966
10.18
11.3
10.81
10.51
13.98
6.419
13.71
12.21
8.353
7.939
9.228
7.102
10.53
14.36
16.9
14.49
10.02
9.078
12.21
4.322
15.42
9.682
17.71
11.89
9.334
12.22
12.19
16.02
12.13
19.01
15.75
17.61
16.51
20.46
10.86
10.49
10.88
13.56
11.98
13.13
12.94
14.55
11.1
8.701
11.1
6.206
14.6
11.48
27.42
13.86
11.11
3.134
4.207
12.63
14.41
15.7
12.21
12.41
14.47
15.19
10.38
14.93
9.205
17.38
16.52
19.16
13.5
12.32
8.763
11.8
10.39
16.93
11.26
13.66
10.63
10.46
6.273
15.42
14.87
12.47
12.28
14.75
15.47
11.27
13.14
11.87
15.73
12.6
12.39
13.71
11.46
13.6
14.88
8.577
16.84
7.513
12.94
14.0
9.953
12.71
15.41
8.822
8.966
10.54
11.65
12.92
11.71
12.13
15.86
10.53
15.59
20.43
10.2
19.66
9.742
11.64
9.603
12.18
7.396
10.48
13.04
10.96
11.4
14.25
12.28
12.6
11.77
15.34
11.88
14.33
8.869
11.64
10.79
17.91
7.912
16.63
8.417
7.273
8.618
22.75
17.04
16.25
17.8
15.43
11.14
16.95
14.65
11.49
10.03
10.25
12.76
9.691
9.595
8.499
5.904
6.599
6.766
6.302
8.132
4.63
3.368
4.822
4.814
6.867
5.156
0.0
1.636
10.78
6.923
0.0
3.834
3.16
1.518
6.961
4.847
4.303
4.537e-07
4.347
5.797
4.03
1.386
4.458
4.872
4.583
4.183
6.341
6.991
7.572
2.081
3.471
8.853
1.92
0.3425
1.248
2.748
1.587
4.593
9.221
12.55
2.599
9.315
4.56
7.326
4.414
5.942
5.679
5.896
5.896
5.942
11.51
2.232
3.596
4.186
2.934
4.098
4.65
5.21
6.082
2.236
13.98
10.86
7.924
6.804
4.465
4.465
7.025
8.849
9.033
13.74
6.96
11.15
2.962
4.627
11.07
7.521
21.03
5.709
5.942
5.896
5.717
5.942
6.335
5.942
3.598
3.543
6.348
5.409
7.029
6.731
6.515
10.74
4.433
4.556
11.25
2.42
10.97
6.381
5.563
8.629
8.199
4.251
4.983
6.119
3.095
5.465
4.348
5.361
4.667
6.673
6.748
20.38
5.721
8.914
10.02
6.623
4.485
14.15
7.781
4.429
15.63
10.02
8.654
10.61
6.089
12.4
6.652
11.49
10.07
6.184
6.188
9.273
7.116
6.801
10.9
7.003
13.42
5.949
5.859
18.57
11.39
10.14
14.76
13.51
8.995
10.76
15.48
10.2
5.646
8.926
8.409
11.65
7.413
9.01
9.689
12.02
9.85
7.601
3.896
7.911
4.771
12.57
7.223
8.023
14.13
14.25
10.25
16.06
9.833
11.84
12.15
13.13
15.9
9.93
6.797
8.615
8.763
10.09
13.32
11.9
9.212
15.28
6.251
6.672
14.94
11.76
4.399
9.561
11.95
11.0
13.72
16.68
6.392
15.27
8.572
11.72
6.928
13.09
5.989
9.388
11.66
5.442
7.082
7.599
8.757
9.961
2.567
5.962
11.14
10.76
13.86
8.566
8.401
6.692
11.0
13.7
15.95
9.789
18.64
8.037
9.669
8.89
8.476
7.925
17.53
9.752
13.4
8.257
15.32
9.433
10.46
8.788
15.13
11.37
4.35
12.1
13.3
14.52
10.04
10.32
11.67
6.483
14.62
9.902
8.582
6.945
10.67
15.37
12.94
14.09
10.39
10.79
17.76
6.924
6.675
14.04
12.16
7.505
14.33
7.137
10.88
25.77
9.517
8.534
13.96
10.08
6.446
9.825
9.263
10.37
10.82
9.132
5.632
10.96
14.36
12.69
6.485
8.314
7.848
16.51
12.12
15.16
16.43
7.772
9.399
13.39
15.9
9.424
16.02
19.08
10.5
20.18
12.29
10.94
10.46
9.921
12.78
11.35
8.003
12.08
13.18
15.15
7.018
11.99
12.93
8.284
23.56
42.15
11.58
13.84
6.097
20.13
31.24
6.272
10.01
9.304
14.48
9.076
11.16
6.844
14.37
13.92
11.68
7.668
16.14
7.178
9.503
13.58
17.78
8.753
9.128
12.95
12.72
13.44
11.95
19.73
8.613
6.27
11.33
13.74
7.778
8.374
9.919
15.49
13.37
13.48
8.671
11.88
17.5
16.87
11.79
13.31
13.41
9.475
13.33
10.47
9.793
15.32
9.469
10.05
14.5
20.0
12.48
7.651
12.93
12.68
8.22
11.45
13.86
24.76
11.2
13.02
12.21
11.94
7.863
11.79
11.98
8.261
8.444
10.15
16.9
13.49
11.82
6.191
11.02
8.393
12.93
17.82
14.68
10.38
14.01
7.009
10.09
7.994
14.52
9.234
6.629
9.402
12.78
7.531
8.322
13.15
5.951
12.61
13.01
6.779
12.93
14.1
9.571
15.31
19.1
13.22
18.3
19.19
6.995
9.535
12.16
7.117
9.998
21.24
11.57
19.23
11.1
12.06
8.881
14.05
8.959
7.607
8.972
13.67
13.66
16.02
11.74
12.25
10.58
16.05
15.36
14.81
21.62
11.24
10.48
11.37
16.39
25.21
11.26
7.849
15.98
14.84
8.812
22.99
9.023
12.43
18.69
14.73
13.56
12.35
21.78
10.02
11.89
15.86
12.67
9.64
17.09
16.26
12.75
21.13
10.68
17.05
16.31
20.74
10.31
9.338
13.87
12.99
13.41
11.83
18.06
10.29
11.83
12.22
10.29
11.11
10.8
16.15
18.34
24.43
17.17
16.77
12.05
12.56
9.36
15.05
11.19
13.5
9.869
8.904
6.924
11.79
14.47
12.55
12.62
14.62
20.27
9.664
24.72
9.54
14.6
14.47
19.01
13.5
17.21
12.72
12.54
31.19
13.56
12.54
12.5
22.04
8.085
14.45
10.29
8.294
15.56
14.32
14.86
10.82
9.563
15.82
13.43
13.06
11.95
17.19
12.73
9.913
21.23
14.64
15.08
17.46
20.27
12.55
20.14
17.16
10.44
12.24
13.23
13.98
11.49
9.808
15.0
17.89
20.67
9.335
11.92
19.96
15.28
17.3
14.59
24.34
13.97
13.59
26.92
20.19
12.53
21.75
21.05
7.748
17.27
13.43
12.35
17.14
20.2
18.69
15.78
14.26
13.42
11.27
13.3
14.03
14.16
15.94
14.93
12.83
22.52
13.73
25.58
17.97
8.539
19.76
12.15
21.43
22.76
23.37
15.71
12.65
8.853
16.52
10.81
10.72
11.05
17.23
12.31
14.59
18.03
13.11
12.35
17.28
16.88
13.49
12.7
13.95
11.62
12.83
24.3
14.05
13.88
12.52
14.6
10.98
20.07
11.88
15.68
18.81
17.76
16.35
19.32
15.6
11.63
11.14
12.76
12.02
15.62
13.34
15.17
13.26
23.68
11.54
27.88
21.2
9.487
14.44
11.41
17.53
13.15
17.23
19.77
13.07
12.9
12.41
10.74
10.54
12.87
17.68
10.48
12.37
19.64
24.88
10.51
19.78
13.24
12.43
22.22
8.229
19.12
9.15
11.28
19.88
24.16
15.63
18.63
18.94
24.71
15.65
15.32
23.47
16.9
11.18
13.03
11.92
12.08
13.07
15.55
18.17
12.63
16.33
12.58
9.035
11.51
17.67
17.13
16.56
9.254
21.4
13.96
13.0
10.7
11.49
13.87
