0.9808
0.9996
1.0
0.9631
0.9358
0.9922
1.0
0.9995
0.8612
0.9658
0.9797
0.9651
0.9884
0.7517
1.0
0.9971
0.9246
0.9927
0.9849
0.9351
0.996
0.9902
0.86
0.9311
0.8441
0.9927
0.9979
0.9587
0.9516
0.9586
0.9878
1.0
0.976
0.9697
0.8728
0.9934
0.9927
0.9988
0.9828
0.8366
0.9887
0.9878
0.8005
0.9874
0.9886
0.9878
0.9727
1.0
0.9142
0.8329
0.9794
1.0
0.9899
0.9801
0.9591
0.7936
0.9347
0.9566
0.9922
0.9979
0.9851
0.9645
0.9861
0.9499
0.9904
0.98
1.0
0.9621
0.985
1.0
0.8351
0.9726
0.8502
0.9661
0.9627
1.0
0.9889
0.9677
0.9609
0.9808
0.9892
1.0
0.9886
0.9844
0.97
1.0
0.9255
0.9867
0.9887
0.9687
0.9972
0.9973
1.0
0.9941
0.8565
0.9686
0.8692
0.9549
0.787
0.9651
0.9917
0.9845
0.9655
0.9671
0.9183
1.0
0.8603
0.9317
0.9964
0.8896
1.0
0.9492
0.9841
1.0
0.9499
0.9801
1.0
0.957
0.9954
0.999
1.0
0.9858
0.9778
0.9513
0.9865
0.9664
0.9896
0.9852
0.9862
0.9504
0.9979
0.9932
1.0
0.9211
0.8258
0.926
0.9495
0.9852
0.9945
0.9925
1.0
0.9111
0.9835
0.9881
0.8878
0.9782
1.0
0.9812
0.9604
0.998
0.9916
0.994
0.9191
0.9865
0.9874
0.8675
0.8847
0.992
0.9973
0.9564
0.9901
1.0
0.9839
0.9922
0.9932
0.9949
1.0
0.9857
0.9891
0.8082
0.8581
0.9661
0.9221
0.988
0.9724
0.9965
0.989
0.946
0.9947
1.0
0.9946
0.9958
0.9952
0.9516
0.8554
0.989
0.9588
0.9986
0.7992
0.9796
0.8562
0.8118
0.7747
0.8508
0.9838
0.9978
0.9568
0.9949
0.9561
1.0
0.9644
0.9843
0.8602
0.9753
0.8515
0.8624
0.9996
0.7919
0.9126
0.9115
0.9805
1.0
0.9819
0.9713
0.9928
0.9969
0.9427
0.8976
0.8656
0.9934
0.9848
0.888
0.9674
0.9895
0.8019
0.9711
0.9644
0.8373
0.9334
0.8706
0.9983
0.9824
0.7973
0.6949
0.9715
0.8642
0.9193
1.0
0.9877
1.0
0.9955
1.0
0.9553
0.8957
1.0
0.9989
0.961
0.9816
0.9935
0.9888
0.9959
0.9755
0.9891
0.9834
0.9928
0.788
0.9342
0.9753
0.9904
0.9358
0.9941
0.999
0.929
1.0
0.9986
0.8056
1.0
0.989
0.9868
0.97
1.0
0.9904
0.9895
0.9851
0.8966
0.9401
1.0
0.9966
0.9259
0.9848
0.9922
0.9586
0.9806
0.9512
0.9791
0.997
0.9643
1.0
0.9924
0.8657
0.8429
0.9754
0.8203
0.9909
0.9741
0.9115
1.0
0.984
0.8138
0.9323
0.9514
0.8907
0.9934
0.9992
0.9791
0.9992
0.9552
0.9772
0.9484
0.9583
0.97
0.8462
0.9802
0.9661
0.969
0.9602
0.9805
0.9786
0.9531
0.9632
0.9429
0.9729
0.8616
0.9547
0.973
0.9836
0.9217
0.9606
0.9851
0.9644
0.983
0.867
0.8903
0.8199
0.9691
0.9831
0.9968
0.968
0.9715
0.8037
0.9519
0.9631
0.9503
0.9844
1.0
0.7796
1.0
0.9811
0.9971
0.9971
0.9668
1.0
0.9752
0.983
0.98
0.9733
0.9913
1.0
0.972
0.8869
0.9578
0.9792
0.827
0.8515
0.996
0.9989
0.9632
1.0
0.9765
0.996
0.9986
0.8839
0.9055
0.9878
0.978
0.9768
0.9779
1.0
0.9929
0.9953
0.9987
1.0
0.9735
0.9801
0.9845
0.8304
0.9576
0.9723
0.9624
0.9861
1.0
0.9947
0.9626
0.954
0.9276
0.9568
0.9716
0.9737
0.9847
0.9811
0.81
0.9977
1.0
0.9917
0.9679
0.9651
0.9866
0.9762
0.9179
0.9933
0.9923
0.9002
0.9992
0.9896
0.9785
0.9695
0.9925
0.9992
0.9753
0.9924
0.9849
0.9826
1.0
1.0
0.9888
0.9413
0.9851
0.8748
1.0
0.9871
0.9962
0.9811
0.9988
0.9958
0.8638
0.9648
0.9727
0.9752
0.9891
0.9981
0.6147
1.0
1.0
0.9576
0.9597
0.9975
0.9971
0.8666
0.9993
0.3458
0.9521
0.9445
0.9195
0.9574
0.9786
0.9198
0.9944
0.9517
1.0
0.819
0.9863
1.0
0.9715
0.9679
0.9824
0.9754
0.9927
0.9763
0.9791
0.9981
0.9783
0.7725
0.9714
0.9926
0.798
0.936
0.9949
0.9626
0.9755
1.0
1.0
0.901
0.9607
0.9773
0.946
0.9506
0.9896
1.0
0.9975
0.9873
0.8379
0.9701
0.8145
0.9874
0.9952
0.9704
0.86
1.0
0.8463
0.9969
1.0
0.9869
1.0
0.9764
1.0
1.0
0.989
0.9934
0.9861
0.9709
0.9882
0.9993
0.9482
0.9829
0.9581
1.0
0.9926
0.983
0.9282
0.9942
0.9818
0.9195
0.9934
0.9905
0.9795
0.9691
0.9539
0.9932
0.8298
0.986
0.9743
0.9941
0.9649
0.6841
0.9634
1.0
0.9898
0.9532
0.9682
0.9305
0.9945
0.9931
0.9671
0.981
0.9821
0.9765
0.8431
0.9815
0.9818
0.9842
0.9861
0.9233
0.9605
0.9953
0.9832
0.9993
0.9857
0.9833
0.9773
0.99
0.9556
0.9848
0.9776
0.9293
1.0
0.9715
0.9215
0.9889
0.9905
0.9976
0.98
0.9988
0.9618
1.0
0.997
0.9873
0.9039
0.9002
0.8513
1.0
0.9781
1.0
0.994
0.9853
0.9838
0.8717
0.9662
0.9931
1.0
0.9939
0.9869
0.9296
0.9993
0.9956
0.9666
0.9573
0.8845
0.9941
0.9905
0.9873
0.9883
0.9699
1.0
0.9144
1.0
0.9817
0.9424
0.9738
0.9846
0.9847
0.9863
0.973
0.9501
1.0
0.9302
0.8647
0.9997
0.8927
0.9943
0.981
1.0
0.9589
0.9587
0.9952
0.9533
0.9917
1.0
0.9727
0.9807
0.9445
0.9901
1.0
1.0
0.9435
0.888
1.0
0.9795
0.9758
0.9224
0.9496
0.9856
0.7887
0.9863
0.8478
0.9381
0.9964
0.9867
0.9646
0.9514
0.9465
1.0
0.9531
0.8342
0.9981
0.9965
0.9561
0.9954
1.0
0.9862
0.9992
0.9578
0.9911
0.9949
0.9422
0.9428
0.973
0.8332
0.9984
0.9869
0.9903
0.9748
1.0
0.9233
1.0
0.9276
1.0
0.9551
0.8396
0.9948
0.7941
1.0
0.9683
0.9887
0.817
0.9559
0.9525
0.8136
0.9847
0.9994
0.9981
0.9326
0.8671
0.9599
0.9753
0.8944
0.987
0.9951
1.0
0.9485
0.9863
0.9863
1.0
0.9949
0.9372
0.9332
0.9964
0.9958
0.9635
0.9534
0.9909
0.9072
0.9606
0.9991
0.956
0.9615
0.9997
1.0
0.9898
0.9704
0.9828
0.9523
0.9911
0.8726
0.9651
0.9329
0.9896
0.9994
0.8554
0.9372
0.9902
0.9925
0.8015
0.9269
0.9828
0.9844
0.768
0.9827
0.998
0.8466
0.9916
0.853
0.9951
0.9998
0.9483
0.9977
0.9802
1.0
0.9425
0.9737
1.0
0.9796
0.9714
0.9858
0.9375
0.9715
0.9576
0.9948
0.979
0.9806
1.0
0.9536
0.9919
0.9544
0.9718
0.8847
0.964
0.9476
0.9955
0.9747
0.9964
0.9875
0.8642
0.9813
0.9637
0.9727
0.9801
0.9028
0.9778
0.9942
0.996
0.9921
0.9724
0.9912
1.0
1.0
0.9877
0.8706
0.9647
0.9278
0.94
1.0
0.9533
0.8896
0.9689
0.972
0.9522
0.9486
0.983
0.9962
0.9939
0.9742
0.9876
1.0
0.9293
0.9963
0.9692
0.8018
0.9715
0.9876
0.7757
0.9997
1.0
0.9948
0.758
0.9792
0.9133
1.0
0.9405
0.9982
0.9261
0.8795
0.7373
1.0
0.9951
0.9699
0.9609
0.9207
0.9791
1.0
0.9598
0.9927
0.9896
0.993
0.9237
0.9895
0.9916
0.9711
1.0
0.9934
0.9305
0.965
0.9898
0.9799
0.9755
0.9976
0.8077
0.9744
0.9915
0.9827
0.9607
0.9374
0.9567
1.0
0.9845
0.9875
0.9954
0.9923
0.9988
0.961
0.9498
1.0
0.9204
0.9723
0.9799
0.986
1.0
0.9917
0.94
0.9816
0.9657
0.874
0.9979
0.9686
0.9971
0.9805
0.9756
0.8931
0.9447
0.9816
0.913
0.9304
0.9933
0.9891
0.7156
0.9338
0.9844
0.9593
0.9909
1.0
1.0
0.9533
0.9781
0.976
0.9924
0.9808
0.9926
1.0
0.9802
0.9929
0.9949
0.9319
0.9969
1.0
0.9738
0.9848
0.894
0.9767
0.9787
1.0
0.9783
0.9503
1.0
0.8336
0.9949
0.8643
0.8912
0.9644
0.939
0.9844
0.9581
0.9792
0.9865
0.9992
0.9922
0.915
0.7369
0.9945
0.9457
0.81
0.9761
0.9081
0.984
0.9722
0.9693
0.8734
0.9462
0.9807
1.0
0.9747
0.991
0.834
0.9445
0.9828
0.9537
0.981
0.9832
0.9816
0.9984
0.9611
0.8794
0.9968
0.8027
0.9682
1.0
1.0
1.0
0.9381
0.9733
0.9332
0.9894
0.9673
0.9628
0.9778
0.9718
0.779
0.9811
0.9871
0.975
0.984
0.9778
0.9825
1.0
0.9151
0.9757
0.9535
0.9353
0.9927
1.0
0.9455
0.9906
1.0
0.9944
0.9612
0.9632
0.9855
0.9791
0.9689
0.9531
0.8722
0.9988
0.7998
0.8683
0.9349
0.9743
0.8571
0.9938
0.9868
0.9477
0.9139
0.9603
0.9743
0.9971
1.0
0.9531
0.9756
0.9917
0.9512
0.9548
0.9752
0.9968
0.9498
1.0
0.9982
0.8043
0.9895
0.7181
0.9664
0.9683
0.9756
0.9932
0.7638
0.9821
0.9908
0.9187
0.9482
0.9537
0.9522
0.8185
0.9811
0.9861
0.9468
0.9348
0.972
0.9873
0.9862
0.8294
0.9983
0.9989
0.9922
0.7853
0.9426
0.9859
0.9624
0.9995
0.9985
0.9409
0.9879
0.9945
0.9311
0.9669
0.9976
0.9441
0.9511
0.9749
0.9806
1.0
0.929
0.7893
0.9693
0.9564
0.9579
0.9549
0.9855
0.9817
0.9655
0.8673
0.9995
0.998
1.0
0.7721
1.0
0.9886
0.9896
0.944
0.9662
0.9813
0.9771
0.911
0.9724
0.9811
0.7447
0.9753
0.9813
0.9752
1.0
0.9726
0.9729
1.0
0.9607
1.0
0.994
0.9637
0.9846
0.9747
0.9742
1.0
0.9814
0.9921
0.9982
0.9958
1.0
0.9847
0.9678
0.9422
0.9616
0.986
0.9457
0.9524
0.8478
0.9747
0.9669
0.9815
1.0
0.8587
0.9845
0.9664
0.9387
0.9977
1.0
0.7849
0.9907
0.9928
0.9947
0.7478
0.9864
0.9844
0.9917
0.9996
0.9817
0.9917
0.9839
0.9214
1.0
0.9674
0.9669
1.0
0.7235
0.9813
0.8855
0.9542
0.9832
0.9829
0.9202
0.9861
0.9654
0.9931
0.9877
1.0
0.9813
0.983
0.9147
0.7927
0.8379
0.9928
0.7632
0.9804
0.9953
0.9896
0.958
0.7937
0.9904
0.9395
1.0
0.9929
0.9744
0.8942
0.9679
0.9548
0.9082
0.9372
0.9961
0.9089
0.9928
0.9842
1.0
0.816
0.9517
0.9992
1.0
0.939
0.9736
0.9957
1.0
0.9612
0.9637
0.9893
0.9954
0.9525
0.9943
0.9844
0.939
0.996
0.965
1.0
1.0
0.9784
0.9876
0.9828
0.976
0.9708
0.9456
0.9453
0.9665
0.9944
0.9742
0.7715
0.9791
0.9881
0.9752
0.9405
0.9418
0.9563
0.9348
1.0
0.9679
0.9909
1.0
1.0
1.0
0.9773
0.9856
0.992
0.9687
0.9856
0.9204
0.9953
0.995
0.9991
0.9555
0.9896
1.0
0.9862
0.9875
0.966
0.8258
0.9736
1.0
0.9871
0.9176
0.9862
0.9163
0.9542
1.0
0.9787
0.8106
0.9946
0.901
0.9907
0.7223
1.0
0.9794
1.0
0.9489
0.9714
0.9515
1.0
0.9964
0.9853
0.9658
0.9601
0.9575
0.9461
0.8462
0.9914
0.9659
0.9952
0.9957
0.938
0.9937
0.9378
0.9588
0.9465
0.9318
0.9996
0.9263
0.8722
0.9727
1.0
0.9603
0.9963
0.8352
0.9813
0.9707
0.9915
0.9935
1.0
0.8354
0.9913
1.0
0.9334
0.9627
0.9944
0.9514
0.8182
1.0
0.8896
0.9891
0.8759
0.9801
0.9228
0.9974
0.9884
0.9825
0.9748
0.9806
0.9816
0.9733
0.9516
0.9918
0.9564
0.975
0.854
0.9924
0.9874
1.0
0.981
0.9909
0.9871
0.9447
0.9827
0.9979
0.9805
0.8931
1.0
0.9788
0.7639
0.9989
0.9596
1.0
0.9977
0.991
0.9753
0.9607
0.9993
0.8583
0.992
0.9695
1.0
0.9693
0.9787
0.9722
0.965
0.8558
0.9815
0.9953
0.8634
0.9709
0.9356
0.8123
0.9869
0.9878
0.9496
0.9991
0.9836
0.9973
1.0
0.9907
0.9814
0.9735
1.0
0.93
0.9976
0.9647
0.996
0.9931
0.9784
0.9877
0.9558
0.8549
0.9405
1.0
0.9865
0.9958
0.9933
0.991
0.964
0.9964
0.9682
0.9944
0.8388
0.9988
1.0
0.9858
0.9535
0.9947
0.8621
0.9903
1.0
1.0
0.9821
0.9732
1.0
0.9885
1.0
0.8347
1.0
1.0
0.9857
0.9784
1.0
0.9778
1.0
0.9263
0.993
0.9767
0.9991
1.0
0.9769
0.9919
0.9563
0.9909
0.9428
0.7501
0.9772
0.9828
0.9676
0.9924
0.9905
0.9845
0.8391
0.991
0.9581
0.9738
0.9644
0.9848
1.0
0.9708
0.9918
0.9869
0.8371
0.9847
1.0
0.977
0.8277
0.8292
0.907
1.0
0.9971
0.9801
0.9745
1.0
0.9789
0.9857
0.975
0.8706
0.925
0.9723
0.7286
0.9994
0.9981
1.0
0.9993
0.9848
0.9877
0.9791
0.9913
0.9708
0.9923
0.8386
0.9908
0.9178
0.9989
0.8799
0.8183
1.0
0.844
0.9415
0.9285
0.9818
0.9319
0.9587
0.9743
0.9732
1.0
1.0
0.9688
0.9923
0.9936
0.9889
0.9578
0.9853
0.9467
0.9683
0.9794
0.9882
0.9956
0.9778
0.9664
0.9413
1.0
0.9715
0.9865
0.9922
1.0
1.0
0.8055
0.7666
0.9673
1.0
0.9777
0.9729
1.0
1.0
1.0
0.9607
1.0
0.9665
0.7855
0.9981
0.8549
0.9973
0.9644
0.9566
0.9977
0.9427
0.9713
0.9824
0.9661
0.9979
0.9901
0.9861
0.9909
1.0
1.0
0.9932
0.9735
0.9915
0.9947
1.0
1.0
0.913
0.9881
0.9884
0.981
0.791
0.6783
0.9838
1.0
0.9849
0.9908
0.9424
0.9899
0.9967
0.9407
0.9112
0.9666
0.9815
0.9016
0.8302
1.0
0.991
1.0
0.9741
1.0
0.8457
0.993
0.9439
1.0
0.9618
0.9957
0.9512
0.9329
0.9945
0.7671
0.9741
0.9897
0.9887
0.8594
0.9259
0.9749
0.9808
0.7432
0.8406
0.9927
0.8286
0.987
0.9801
0.8555
0.8543
0.9893
1.0
0.9795
1.0
0.9559
1.0
0.9901
1.0
1.0
0.9844
0.9898
0.9747
0.8941
0.9759
0.8323
0.9923
0.9838
0.9284
1.0
1.0
0.9796
0.983
0.8585
0.9678
0.8043
0.8043
0.7537
0.9655
1.0
0.8337
0.9935
0.9784
0.9842
0.781
0.9797
1.0
0.9184
0.8411
0.9754
1.0
0.9942
0.9492
0.9975
0.9885
0.9895
0.9387
0.9951
1.0
0.9816
0.9654
0.9836
0.9299
0.9748
0.8724
0.9897
0.8219
0.9782
0.9928
0.8692
0.9647
0.9963
1.0
1.0
0.8609
0.9954
0.9761
1.0
0.9784
0.9281
0.9975
0.9929
1.0
0.9533
0.9987
0.9729
0.9591
0.97
0.9767
0.8583
1.0
0.9493
1.0
0.9982
0.9314
0.93
0.9739
0.9872
0.9896
0.9786
1.0
1.0
0.983
0.9978
0.964
0.9323
0.9811
0.8614
0.8202
0.9587
0.9893
0.9896
0.9463
0.9963
0.9814
0.9679
0.9781
0.9868
0.9735
0.9952
0.9771
0.9957
0.9679
0.993
0.9884
0.9552
0.9967
0.9981
0.9945
0.9511
0.934
1.0
0.9984
0.8794
0.8486
0.9923
0.987
0.9993
1.0
0.951
0.971
0.9901
0.9284
0.9747
0.7908
0.996
0.9838
0.9984
0.9648
0.9679
0.9991
1.0
0.9792
0.9948
0.9428
1.0
0.9589
0.9885
0.8573
0.7984
0.9868
0.9791
0.9918
0.9838
0.9558
0.7946
0.9531
0.9589
0.9912
0.9283
0.7359
1.0
1.0
0.9987
0.9553
0.9497
0.9922
0.9917
0.9842
0.9645
0.9782
0.8427
0.9516
0.984
0.9785
0.9838
0.9823
0.9977
0.9967
0.869
0.8903
0.9958
0.9858
0.9045
0.8328
0.8284
0.9919
1.0
1.0
0.9802
0.9848
0.9888
0.9838
0.9214
0.8272
0.9961
0.9398
0.98
0.9925
0.9543
0.9964
1.0
0.9798
0.7363
0.9689
0.971
0.9263
0.9899
0.9502
0.9569
0.9936
1.0
0.9445
0.9398
0.9581
0.8405
0.9973
0.7911
1.0
0.9767
1.0
0.7654
0.9889
0.9715
0.9603
0.9819
0.9744
0.9899
0.9757
0.8998
0.9646
0.9755
0.9907
0.9224
0.9556
0.986
1.0
0.985
0.9447
0.9769
0.9921
0.9759
0.9712
0.9838
0.9938
0.9824
0.9787
1.0
0.9879
0.9882
1.0
0.9994
0.9724
0.9728
0.9691
1.0
0.9875
0.9559
1.0
0.9983
0.9959
0.9713
0.9836
0.993
0.9269
0.8053
0.7752
0.9898
0.9756
0.852
0.9767
0.9057
1.0
0.8595
0.9549
0.9659
0.9535
1.0
0.9919
0.9644
0.9946
0.8689
0.9816
0.9778
0.9787
0.8075
0.9614
0.9899
0.9781
0.9955
0.9304
0.8044
1.0
0.9911
0.9689
0.9905
0.8053
0.9689
0.6188
0.9082
0.9994
0.9139
0.9597
0.9968
0.9799
0.9631
0.9901
0.9497
0.9699
0.9731
0.9211
0.9878
0.9743
0.9505
0.9994
1.0
0.8516
0.9948
1.0
0.9882
0.9921
0.9932
0.9111
0.9779
0.976
1.0
0.9618
0.9749
0.9008
0.8869
0.9793
0.9967
0.9951
1.0
0.9906
0.9909
0.9891
0.969
0.811
0.987
0.9689
0.9921
0.9898
1.0
0.9913
0.9543
0.8762
0.8261
0.9712
0.9759
0.9938
0.9748
0.9629
0.939
0.9768
0.7551
0.9471
0.9914
1.0
0.9872
0.8362
0.8994
0.9791
0.9776
0.9827
0.909
0.9745
0.974
0.9699
0.9436
0.9893
0.9674
0.8609
0.9962
0.9766
0.9651
0.8251
0.907
1.0
0.9924
0.8256
0.8132
0.9838
0.8431
0.9989
0.9607
0.8244
0.9975
0.9945
0.9759
0.9899
1.0
0.9724
0.9832
0.9994
0.9907
0.8711
0.9057
0.9836
0.9849
0.9675
0.7845
0.9925
0.7594
0.9914
1.0
0.9169
0.9338
0.9979
0.9659
0.9922
0.964
0.9714
0.9902
0.9915
0.9638
0.9552
0.9491
0.8455
0.8688
0.995
0.8676
0.9943
0.9902
0.9759
0.841
0.9764
0.9929
1.0
0.9759
0.8785
1.0
1.0
0.9913
0.9909
1.0
0.9318
0.8236
0.7594
0.9936
0.9859
0.9718
0.8386
0.9879
0.9904
0.9841
0.9935
0.8655
0.9871
0.9576
0.9207
1.0
0.9774
0.9771
0.7302
0.9837
0.9464
0.9951
0.9756
0.9886
0.9252
0.9634
1.0
0.9943
0.9906
1.0
0.9861
0.8631
1.0
0.9649
1.0
0.8634
1.0
0.998
0.9666
0.99
0.9863
0.9724
0.9928
1.0
0.9936
0.9907
0.9768
1.0
0.9626
0.9193
0.9985
0.9768
0.9625
0.7774
1.0
0.9796
1.0
0.9731
0.9932
0.9297
0.9929
0.9913
0.9952
0.8588
1.0
0.9823
0.969
1.0
0.9764
0.9628
0.8497
0.9795
0.9963
0.8502
1.0
0.9803
0.9921
0.9964
0.9882
0.9937
0.978
0.9455
0.9619
0.9695
0.9918
0.7539
0.9967
0.9931
0.9941
0.9721
0.9829
0.8768
0.9619
1.0
0.9992
0.8808
0.9776
1.0
0.9815
0.8309
1.0
0.7693
0.9988
1.0
0.9349
0.9863
0.9859
0.9692
0.9952
0.8589
0.9463
1.0
0.8602
0.982
0.9996
0.9675
0.9913
0.9281
0.9774
0.9574
0.9942
0.9697
0.9669
0.9895
0.9749
0.8288
0.9898
0.8926
0.9805
0.7645
0.9773
0.9835
0.953
1.0
0.9865
0.9898
0.9421
0.9347
0.9979
0.9255
0.9076
1.0
0.9537
0.986
0.9708
0.966
0.9845
0.9353
0.9883
0.8052
0.9747
0.9614
0.9914
0.9719
1.0
0.9969
0.8433
1.0
0.9836
0.983
0.9854
0.9983
0.9876
0.9736
0.9846
0.9538
0.9632
0.7825
0.9928
0.7869
0.9927
0.979
0.9584
0.9942
0.9803
0.9922
0.991
0.9851
0.9903
0.9948
0.9701
0.9803
0.9446
0.9762
0.5734
1.0
0.9802
0.9753
0.9874
1.0
0.835
0.9834
0.9583
0.9884
0.7365
0.9955
0.9027
0.993
0.9792
1.0
0.992
0.9717
0.9868
0.8309
0.9671
0.9608
0.9711
0.788
0.9886
0.911
1.0
0.8239
0.8779
0.9873
0.9767
0.8358
0.9834
0.8453
0.9859
0.9918
0.9591
0.8966
0.9857
1.0
0.9955
1.0
1.0
0.9826
0.8305
0.9547
0.9512
0.9889
0.9753
0.9994
0.9869
0.9835
0.9886
0.9778
0.9927
0.9804
0.8124
0.9704
1.0
1.0
0.8845
1.0
0.9833
0.8015
0.9461
0.853
0.7657
0.8896
0.9787
0.9848
0.9836
0.976
0.9994
0.9236
0.9784
0.9624
0.9861
0.9543
0.9662
0.892
0.9873
1.0
0.7387
0.8064
0.9647
1.0
0.9789
0.9711
1.0
0.9993
0.9913
0.9694
0.9699
0.9792
0.9849
0.9651
1.0
0.9202
0.9855
1.0
0.9672
0.8219
0.9112
0.9652
1.0
0.9967
0.917
0.9626
0.9836
0.9811
0.9902
0.99
1.0
0.9866
0.9651
0.9863
0.9927
0.9182
0.9891
0.9925
0.966
1.0
0.9776
0.9499
0.7464
0.8012
0.9714
0.9899
0.8554
0.9952
0.8626
0.9666
0.9753
0.9887
0.9184
0.9789
0.9827
0.9775
0.968
0.9928
0.9787
0.7541
0.8711
0.9557
0.9748
0.9374
0.967
0.9896
0.9895
0.8694
1.0
0.9913
0.9548
1.0
0.8379
1.0
0.9962
0.9931
0.9767
0.9716
1.0
0.9975
0.8209
0.976
0.9824
0.8305
0.8647
0.9863
0.9883
0.9991
0.993
1.0
1.0
0.9537
1.0
0.8552
0.9955
0.9992
1.0
0.8994
1.0
0.9656
0.9884
0.9936
1.0
0.9554
0.9958
1.0
0.8007
0.9786
1.0
0.8497
1.0
0.74
0.982
0.8094
0.9409
0.9599
0.9899
0.9872
0.9887
0.995
0.8311
0.9741
0.9827
1.0
0.9786
0.9662
1.0
0.9861
0.9855
0.9505
0.7749
0.992
0.9764
1.0
1.0
0.9936
0.9869
0.9756
0.975
0.9947
1.0
0.8627
0.9881
1.0
0.9855
0.9773
0.9919
0.9825
0.9911
0.774
0.9959
0.7807
0.9798
1.0
0.8591
0.9952
0.9877
0.994
1.0
0.9891
0.9661
0.9959
0.9934
0.7943
0.9565
0.9917
0.9814
1.0
0.9757
0.9593
0.9878
0.9895
0.9884
1.0
0.8368
0.988
0.8351
0.8605
0.9828
0.9884
0.9651
0.9775
0.969
1.0
0.9106
0.9979
0.9946
0.9841
0.7781
0.9722
0.9925
1.0
0.9982
0.9931
0.9895
0.9652
0.96
0.7666
0.9881
0.9743
1.0
0.9593
0.9793
0.9988
0.7554
0.9931
0.9619
0.9867
0.9648
0.9616
0.9925
0.9817
0.9435
0.9996
0.69
0.999
0.9985
0.9489
0.995
0.8809
0.9827
0.8612
0.9815
0.9556
0.9829
0.8723
0.9743
0.9848
1.0
0.981
1.0
0.9921
0.9944
0.9955
0.9748
1.0
0.9953
0.7637
0.9928
0.974
0.9959
0.9832
0.8594
0.99
0.9982
1.0
0.9871
0.9841
0.9263
0.9646
0.981
0.8418
0.7633
0.9911
1.0
0.9604
0.9814
0.9759
0.9778
0.8216
1.0
0.9579
0.9785
0.9848
0.9461
0.9861
1.0
0.9579
0.9949
0.9648
0.8581
0.9963
0.9964
0.9752
0.9955
0.927
0.9788
0.9657
0.996
0.8762
0.9484
0.9353
1.0
0.9694
1.0
0.925
0.9811
0.9899
0.8523
0.9842
0.9833
0.9977
0.9859
0.9938
1.0
1.0
0.8893
0.9931
0.9962
0.8118
1.0
0.984
0.9756
0.9904
1.0
1.0
0.9934
0.9864
0.9894
0.8931
0.9384
0.9967
0.9878
0.9823
1.0
0.9882
0.9647
0.879
0.9861
1.0
0.9608
0.9736
0.9893
0.9837
0.909
0.9543
0.9877
0.853
0.9836
0.9976
0.7383
0.9551
1.0
0.9905
0.9804
0.9907
0.9069
0.7013
1.0
0.9708
0.9961
0.9892
0.9983
0.9608
0.9513
0.9879
0.9716
1.0
1.0
0.7944
0.791
0.8283
0.9284
1.0
0.9515
0.9801
0.9793
0.9995
0.9679
0.9179
0.9986
1.0
0.9106
0.9746
0.8346
0.9313
0.9846
0.9943
0.9317
0.9904
0.9802
0.9741
0.956
0.9285
0.9182
0.93
0.9881
0.9864
0.9664
0.9762
1.0
1.0
0.9493
0.9972
1.0
1.0
0.7221
0.9339
0.9868
1.0
0.874
0.9993
0.9877
0.7516
1.0
0.9843
0.9994
0.9741
1.0
0.8246
0.9791
1.0
0.9922
0.996
0.8907
0.9799
0.9897
0.9783
0.9874
0.9797
0.9785
0.964
0.976
0.9629
0.8411
0.9954
0.9587
0.986
0.9939
0.9653
0.9938
0.9652
0.9928
0.9667
0.7787
0.8478
0.987
0.9926
0.9554
0.9943
0.9963
0.9895
0.9839
0.9901
0.9567
0.954
0.9984
0.8406
0.944
0.9806
0.7903
0.9859
0.9871
1.0
1.0
0.9908
0.9947
0.9856
0.9652
0.9861
0.9905
0.9021
0.9178
0.9695
0.9917
0.9781
0.9039
0.9615
0.9756
0.9767
0.9807
0.7952
0.9952
0.8878
0.9712
1.0
0.9611
0.9816
0.7882
1.0
1.0
0.9118
0.8431
1.0
0.977
0.952
0.9991
0.8609
0.9965
0.9722
0.9691
0.9812
1.0
0.9821
0.9628
1.0
0.8258
1.0
0.8007
1.0
1.0
0.9966
0.9903
0.9878
1.0
1.0
0.9859
0.9688
1.0
1.0
0.9833
0.976
0.8616
0.9715
0.8386
0.7979
0.9917
0.9622
0.9939
1.0
0.9537
0.7697
0.7928
0.98
0.9674
0.843
0.8171
0.9759
0.9868
0.9864
0.9995
0.9948
0.9901
0.9847
0.9954
0.7779
0.9164
0.9864
0.9671
0.9655
0.9964
0.9991
0.9882
0.9774
0.9841
0.9388
1.0
0.9653
0.9556
0.964
0.9982
0.981
0.953
0.9962
0.9862
0.9897
0.9845
0.9015
0.9868
0.8345
0.9921
1.0
0.9844
0.9031
0.9703
0.8724
0.9747
0.9478
0.9666
0.9923
0.8188
0.9951
0.9728
0.8444
0.9943
0.9938
0.9914
0.9998
0.7719
0.9896
0.9187
0.987
0.9576
0.9861
0.977
0.9899
0.9912
0.9838
0.9861
0.9819
0.9829
0.9306
0.988
0.8455
0.9715
0.9984
0.9861
1.0
1.0
1.0
0.9992
0.7456
0.7675
1.0
0.9904
1.0
0.988
0.9975
0.9014
1.0
0.9631
0.9809
0.9895
0.9655
0.8082
0.9664
0.7885
1.0
0.9789
0.9564
0.8695
0.9125
0.9958
0.9919
1.0
0.9801
0.9938
0.9883
0.9994
0.8759
0.9853
0.9957
0.9902
0.9689
0.7724
0.9475
0.8926
1.0
1.0
0.975
1.0
0.9916
0.9218
0.9566
0.9525
0.9776
0.9804
0.994
0.9864
0.8437
1.0
0.9868
1.0
0.916
0.9638
0.9537
0.9606
1.0
0.9728
0.9732
0.9791
0.9988
0.9624
0.8804
0.937
0.9814
0.9863
0.8844
0.9805
1.0
0.9865
0.9908
0.8555
1.0
0.9882
0.9874
0.7174
0.9709
0.9801
0.9849
0.9645
0.9955
0.9974
1.0
0.9963
1.0
1.0
0.9884
1.0
0.7787
0.9777
0.9838
0.9588
0.9833
0.9913
0.9283
0.9342
0.9956
0.9975
0.9924
0.9942
0.9125
1.0
0.8097
1.0
1.0
0.8991
0.9951
0.9673
0.9967
0.9034
0.8492
0.9943
0.983
0.998
0.9658
0.9919
0.7911
1.0
0.917
0.9833
0.9995
0.8462
0.7903
0.9176
0.975
0.986
0.9884
0.9933
0.9905
0.9463
0.9887
0.9959
0.9988
0.8248
0.9457
0.9748
0.9848
0.9913
0.8728
0.9736
0.8043
1.0
0.9971
1.0
0.9959
0.7507
0.915
1.0
0.9609
0.9709
0.8031
0.9497
0.9142
0.9318
0.9805
0.984
0.9658
0.9915
0.9624
1.0
0.9847
0.9836
0.9978
0.9963
0.9934
0.8383
0.9727
0.9938
1.0
0.964
1.0
0.9547
1.0
0.9834
1.0
0.8377
0.8768
0.9679
0.9849
0.9834
0.9628
0.9519
0.9627
0.9679
0.9733
0.9836
0.9611
0.9935
0.9647
0.9503
0.8652
0.8896
0.9686
0.9867
0.9897
0.9971
0.9455
0.9696
1.0
0.9955
1.0
0.9932
0.9765
0.9927
1.0
0.9808
0.9806
0.9982
0.9804
0.9899
0.8706
0.8009
1.0
0.7941
0.9978
1.0
0.9796
0.985
0.9956
0.9839
0.8302
0.9467
0.9819
1.0
0.9744
0.9523
0.9833
0.9936
0.9894
1.0
0.9955
0.9867
0.9821
0.9728
1.0
0.7643
0.9958
0.9957
0.9791
1.0
0.9645
0.9108
0.8603
0.9893
0.9603
0.8564
0.9825
0.9987
0.7476
0.9521
0.9935
0.9819
0.985
1.0
0.7791
0.9124
0.9217
1.0
0.9965
1.0
0.9849
1.0
0.9739
0.8748
0.9237
0.8803
0.8585
0.9985
0.9954
0.9823
1.0
0.964
0.9883
1.0
0.9884
0.827
0.8591
0.9856
0.8367
0.9878
0.9991
0.9807
0.9163
1.0
1.0
0.9815
0.9816
0.9915
1.0
0.8596
0.9802
1.0
0.8794
0.7612
0.9922
0.9705
0.9893
0.9918
0.9903
0.7983
0.9537
1.0
0.7194
0.8214
0.9968
0.9723
0.8056
0.9971
0.993
0.9282
0.9922
0.9819
0.9329
1.0
0.8922
0.9607
0.9726
0.9164
0.9884
0.976
0.9892
0.9881
0.9476
0.854
0.976
0.9881
1.0
0.8302
0.998
0.9927
0.9752
0.9911
0.9838
1.0
0.9829
0.9952
0.9848
0.7787
1.0
0.9827
0.9715
0.9939
0.898
0.9415
0.9928
1.0
0.9956
0.826
0.3875
1.0
1.0
1.0
0.9761
0.9861
0.9359
1.0
0.9721
0.9906
0.9643
0.8386
0.9819
1.0
0.999
0.86
0.9626
0.9964
0.9995
0.9995
0.9786
0.9635
1.0
0.983
0.8443
0.9898
0.9653
0.9624
1.0
0.998
0.7181
0.9814
0.9821
0.994
0.9826
0.8847
0.9942
0.9781
0.9258
0.9807
0.8306
1.0
0.9943
0.9993
0.998
1.0
0.9858
0.9669
0.7484
0.8843
1.0
1.0
0.9453
1.0
0.9928
0.9732
0.9781
0.9743
1.0
0.7497
0.9818
0.9463
0.8188
0.9953
0.9582
0.9848
0.9792
0.8295
