0.8656
0.8634
0.8052
0.7291
0.9295
0.8138
0.8442
0.8021
0.9784
0.7639
0.7305
0.872
0.8329
0.8513
0.841
0.725
0.7684
0.8346
0.7979
0.7202
0.8283
0.7911
0.7033
0.9141
0.9316
0.8004
0.9314
0.833
0.6797
0.792
0.8727
0.8428
0.882
0.9186
0.8164
0.7982
0.9125
0.8218
0.8411
0.8799
0.8264
0.8352
0.7165
0.7432
0.5599
0.7597
0.9068
0.8674
0.8677
0.8324
0.9071
0.7497
0.5756
0.8294
0.8551
0.9058
0.8109
0.8902
0.7999
0.7448
0.5949
0.9043
0.7158
0.8923
0.8751
0.8627
0.6328
0.8186
0.6657
0.7195
0.6865
0.6471
0.3608
0.7804
0.7073
0.672
0.3677
0.879
0.5155
0.8506
0.8608
0.6503
0.6856
0.9396
0.8685
0.896
0.8799
0.8539
0.8924
0.7627
0.592
0.8453
0.8726
0.6523
0.5871
0.9535
0.8195
0.8858
0.5988
0.538
0.8528
0.9701
0.7902
0.8774
0.8747
0.7725
0.8924
0.8227
0.8739
0.4709
0.8416
0.8102
0.8034
0.703
0.7409
0.5628
0.831
0.849
0.7651
0.9157
0.9091
0.4746
0.5362
0.871
0.6898
0.8585
0.6602
0.8775
0.8541
0.7855
0.6668
0.7441
0.8948
0.6458
0.8347
0.8632
0.8715
0.7986
0.5787
0.8348
0.854
0.8469
0.7225
0.997
0.8422
0.7467
0.5772
0.7114
0.8934
0.8053
0.9121
0.6873
0.9267
0.8324
0.9188
0.8473
0.7075
0.6375
0.8341
0.815
0.7966
0.8576
0.8968
0.8691
0.9314
0.6318
0.8894
0.8916
0.5486
0.8406
0.8242
0.9139
0.8581
0.9051
0.8872
0.9171
0.7738
0.7354
0.914
0.9135
0.8965
0.884
0.8245
0.859
0.8995
0.8738
0.8989
0.9084
0.7651
0.8247
0.8921
0.731
0.7992
0.4975
0.7337
0.855
0.9068
0.6812
0.7445
0.8242
0.8484
0.7248
0.8846
0.8714
0.8361
0.8419
0.9683
0.7143
0.8386
0.9198
0.9252
0.8393
0.8724
0.5262
0.6824
0.8229
0.7546
0.934
0.7603
0.8815
0.8412
0.9505
0.879
0.8391
0.9154
0.8626
0.8404
0.6669
0.8295
0.8789
0.9102
0.5778
0.6906
0.7345
0.7717
0.822
0.9066
0.8733
0.7611
0.7107
0.703
0.8713
0.8624
0.6969
0.8769
0.754
0.898
0.9325
0.7261
0.7766
0.8688
0.8394
0.8709
0.9125
0.664
0.9047
0.6605
0.9023
0.9188
0.7924
0.8424
0.92
0.8613
0.6812
0.9294
0.9255
0.764
0.8111
0.6996
0.8886
0.6137
0.779
0.89
0.9145
0.823
0.9022
0.9132
0.9239
0.9083
0.9633
0.8649
0.7758
0.5837
0.6763
0.2831
0.7811
0.7443
0.871
0.79
0.804
0.7926
0.8389
0.8567
0.8298
0.9196
0.818
0.7796
0.8596
0.7586
0.831
0.8967
0.7714
0.8847
0.82
0.9132
0.5757
0.8904
0.4827
0.8829
0.9067
0.8649
0.9031
0.993
0.7671
0.5235
0.3036
0.8402
0.9176
0.6681
0.8605
0.6832
0.785
0.5858
0.882
0.7471
0.895
0.925
0.7723
0.7763
0.9177
0.8552
0.8994
0.4884
0.919
0.8873
0.7867
0.5164
0.558
0.7229
0.8146
0.9403
0.8764
0.7905
0.658
0.7376
0.8562
0.8117
0.9138
0.8858
0.8736
0.7826
0.882
0.9009
0.8934
0.5219
0.8937
0.5993
0.8951
0.5154
0.9206
0.8831
0.7959
0.4036
0.7639
0.8573
0.7707
0.8017
0.8515
0.8744
0.8418
0.8801
0.9371
0.7986
0.7701
0.8836
0.7692
0.8845
0.8911
0.4929
0.8139
0.9015
0.7878
0.7828
0.8159
0.6615
0.8989
0.9424
0.7515
0.426
0.7672
0.8682
0.9094
0.8745
0.7988
0.7918
0.5774
0.9712
0.7608
0.6256
0.8603
0.8649
0.5685
0.8355
0.9414
0.8113
0.7824
0.7308
0.8706
0.8982
0.8771
0.7736
0.779
0.7285
0.9397
0.9331
0.7055
0.8034
0.6968
0.7912
0.8162
0.9165
0.8589
0.6472
0.8141
0.862
0.7788
0.6567
0.9028
0.9093
0.7464
0.798
0.9089
0.8405
0.7783
0.8469
0.3076
0.9019
0.7198
0.4444
0.8402
0.5402
0.9504
0.8914
0.9018
0.9287
0.7738
0.6791
0.8241
0.9013
0.7973
0.8974
0.824
0.8282
0.7879
0.7547
0.6763
0.8397
0.754
0.7694
0.9053
0.523
0.508
0.8203
0.6592
0.9139
0.8182
0.8607
0.9017
0.7864
0.8512
0.7225
0.9197
0.9492
0.8005
0.779
0.9181
0.8266
0.8622
0.7281
0.8934
0.7388
0.7844
0.9379
0.8544
0.911
0.887
0.8208
0.9588
0.95
0.789
0.8541
0.8037
0.8836
0.8998
0.8547
0.7936
0.7412
0.9341
0.8405
0.8734
0.7541
0.8974
0.9693
0.8094
0.4901
0.8072
0.8266
0.8508
0.5713
0.9431
0.7831
0.8417
0.5311
0.6928
0.8753
0.7031
0.82
0.8833
0.7978
0.9475
0.6699
0.8653
0.7925
0.5629
0.6823
0.5953
0.4469
0.6945
0.9232
0.7662
0.9078
0.8585
0.8708
0.8567
0.8455
0.7579
0.9451
0.8029
0.8266
0.6954
0.9317
0.7907
0.9229
0.7251
0.7979
0.8803
0.6556
0.6224
0.8351
0.8859
0.828
0.8723
0.8117
0.6303
0.883
0.8072
0.7357
0.8677
0.8244
0.8538
0.5731
0.7876
0.633
0.3768
0.6869
0.3698
0.7471
0.8405
0.9313
0.7586
0.8507
0.737
0.8977
0.8415
0.489
0.9493
0.8765
0.8488
0.9174
0.6621
0.7422
0.8193
0.8464
0.6821
0.8397
0.525
0.8451
0.8466
0.8144
0.8005
0.7816
0.8815
0.8711
0.8841
0.9441
0.7246
0.881
0.7804
0.6824
0.8135
0.9086
0.8812
0.8076
0.8401
0.7898
0.9014
0.8682
0.8469
0.9307
0.7014
0.8996
0.5283
0.9352
0.8954
0.9934
0.8856
0.9018
0.8704
0.7678
0.6983
0.9132
0.9531
0.8586
0.853
0.8235
0.8514
0.8381
0.7365
0.7922
0.7585
0.8032
0.4855
0.9352
0.944
0.6812
0.5235
0.7124
0.9114
0.8346
0.7944
0.7439
0.7846
0.7283
0.7367
0.9243
0.9399
0.7016
0.645
0.8168
0.8088
0.9103
0.9256
0.9286
0.7994
0.925
0.8829
0.8849
0.8617
0.84
0.6671
0.8312
0.8912
0.65
0.8694
0.8392
0.4764
0.7019
0.6983
0.8678
0.7589
0.9346
0.7882
0.8889
0.8198
0.8512
0.8938
0.5761
0.7142
0.8794
0.858
0.8561
0.8876
0.5875
0.8912
0.8799
0.8676
0.7901
0.9254
0.8481
0.8886
0.85
0.8665
0.765
0.7853
0.8597
0.6352
0.9451
0.7758
0.7975
0.7953
0.7291
0.7894
0.309
0.8891
0.8781
0.8632
0.7785
0.8534
0.8081
0.5259
0.8018
0.7275
0.7663
0.6619
0.905
0.892
0.9434
0.7565
0.8101
0.9197
0.7434
0.9114
0.7378
0.8993
0.8623
0.8072
0.7565
0.8001
0.6931
0.9437
0.8493
0.9231
0.8412
0.8907
0.7445
0.8333
0.9149
0.4474
0.8989
0.8542
0.6087
0.8201
0.7547
0.9482
0.9159
0.868
0.6892
0.8605
0.6829
0.9581
0.7767
0.7271
0.7006
0.8355
0.9693
0.7996
0.9379
0.8581
0.899
0.9188
0.6644
0.6478
0.9155
0.8611
0.9105
0.7258
0.8717
0.6245
0.8368
0.9125
0.3204
0.7417
0.9363
0.5956
0.5673
0.8971
0.8219
0.9147
0.6889
0.8689
0.7981
0.5132
0.619
0.6929
0.9032
0.7281
0.7434
0.9528
0.8147
0.8273
0.912
0.8913
0.8904
0.7527
0.6307
0.8352
0.7593
0.7666
0.8285
0.6741
0.8994
0.8793
0.8296
0.7255
0.7681
0.8297
0.8825
0.5594
0.8919
0.401
0.9005
0.96
0.852
0.9338
0.7457
0.9243
0.6958
0.9137
0.7555
0.673
0.8574
0.7841
0.8735
0.8516
0.8024
0.9351
0.8365
0.883
0.9133
0.8372
0.82
0.5031
0.9387
0.7315
0.7745
0.8294
0.7765
0.8605
0.8672
0.7164
0.8246
0.9424
0.4791
0.9178
0.7499
0.7509
0.8827
0.4014
0.8671
0.9852
0.6869
0.7772
0.911
0.9502
0.7536
0.9473
0.7684
0.8416
0.6719
0.783
0.8633
0.7806
0.9746
0.804
0.86
0.8202
0.9524
0.8539
0.8806
0.7471
0.7705
0.5982
0.9165
0.7453
0.6599
0.9276
0.7931
0.9099
0.9755
0.9258
0.9192
0.6581
0.859
0.9272
0.8495
0.8119
0.7969
0.9418
0.8295
0.7593
0.7443
0.6838
0.6855
0.7403
0.7666
0.8674
0.6514
0.8175
0.8498
0.8183
0.757
0.6933
0.6695
0.9505
0.6626
0.648
0.9493
0.7773
0.9492
0.9854
0.9013
0.8532
0.8662
0.9169
0.9214
0.6857
0.7323
0.9029
0.7056
0.6223
0.5904
0.8584
0.7688
0.7462
0.7643
0.9369
0.9314
0.7038
0.801
0.8599
0.7644
0.9313
0.7356
0.8188
0.7021
0.8003
0.8602
0.9064
0.9285
0.8027
0.7875
0.82
0.6788
0.7747
0.7324
0.7934
0.7934
0.7565
0.5397
0.7867
0.9113
0.9446
0.8554
0.8206
0.6891
0.9076
0.8872
0.8266
0.9139
0.6866
0.7995
0.8042
0.5389
0.8374
0.914
0.8177
0.7892
0.8588
0.7843
0.8781
0.9272
0.9351
0.9071
0.8846
0.6796
0.6537
0.8843
0.8769
0.8623
0.8934
0.635
0.8601
0.8774
0.7217
0.8701
0.8499
0.8667
0.852
0.8835
0.9204
0.8132
0.4608
0.8558
0.7246
0.8009
0.8916
0.9215
0.8852
0.7494
0.8576
0.7654
0.8961
0.7712
0.819
0.903
0.6702
0.9367
0.8072
0.801
0.876
0.754
0.757
0.8754
0.6899
0.6868
0.7491
0.8344
0.8806
0.7969
0.6359
0.8479
0.9057
0.8616
0.4291
0.8064
0.8704
0.6635
0.6015
0.8504
0.8154
0.6838
0.9434
0.7914
0.8866
0.8025
0.8498
0.5334
0.9128
0.6507
0.5158
0.8358
0.7268
0.6203
0.5791
0.4784
0.8909
0.9203
0.9
0.7819
0.3535
0.7942
0.9401
0.7048
0.9445
0.8837
0.8818
0.564
0.784
0.8419
0.8505
0.8858
0.9347
0.7099
0.7712
0.8945
0.6238
0.839
0.9203
0.9509
0.8691
0.7958
0.7225
0.8475
0.8198
0.9213
0.7534
0.7465
0.8362
0.4638
0.873
0.6981
0.8522
0.7968
0.8742
0.6094
0.7339
0.4945
0.8607
0.7361
0.8698
0.8451
0.8873
0.9427
0.3031
0.7763
0.7025
0.6946
0.9688
0.8294
0.7192
0.7322
0.6328
0.881
0.8946
0.8752
0.8885
0.8621
0.8226
0.7199
0.6769
0.8208
0.7499
0.8686
0.9362
0.8525
0.7474
0.7598
0.7572
0.8975
0.4559
0.7611
0.779
0.6061
0.8796
0.9005
0.5194
0.7358
0.8938
0.8184
0.6958
0.6269
0.7468
0.8133
0.8283
0.7774
0.5881
0.8693
0.7659
0.8376
0.8612
0.4646
0.8305
0.6023
0.7942
0.4727
0.8591
0.8458
0.9263
0.9192
0.8747
0.8797
0.9318
0.8979
0.753
0.6885
0.879
0.9603
0.8005
0.7056
0.888
0.803
0.9127
0.9194
0.4596
0.7863
0.7877
0.8505
0.7892
0.8499
0.8966
0.5514
0.8622
0.8774
0.8204
0.8771
0.8115
0.8685
0.9349
0.8599
0.8519
0.8116
0.9566
0.6649
0.6329
0.5695
0.7978
0.7534
0.8858
0.7997
0.7224
0.8496
0.4224
0.8563
0.8674
0.6594
0.8232
0.8468
0.921
0.8336
0.8889
0.8706
0.8521
0.9042
0.8755
0.5466
0.7907
0.7818
0.8478
0.872
0.896
0.6923
0.9081
0.7662
0.8518
0.9317
0.7345
0.8289
0.8956
0.9147
0.8041
0.7669
0.857
0.5937
0.7789
0.6706
0.6368
0.8727
0.8967
0.8608
0.8137
0.665
0.7502
0.8305
0.9505
0.9275
0.9194
0.8539
0.9165
0.9219
0.9013
0.5468
0.6506
0.7433
0.8036
0.677
0.4104
0.687
0.8
0.9607
0.8931
0.8843
0.9013
0.8857
0.7243
0.8588
0.7714
0.6815
0.7922
0.8686
0.8903
0.8048
0.7608
0.8777
0.9037
0.7126
0.8437
0.8904
0.9295
0.7255
0.8091
0.9109
0.8053
0.7104
0.8023
0.8908
0.8312
0.8334
0.8936
0.7956
0.7111
0.7086
0.7372
0.643
0.8589
0.774
0.9328
0.7292
0.7849
0.8926
0.8044
0.759
0.6521
0.8536
0.9182
0.9559
0.8633
0.7481
0.8976
0.869
0.8837
0.973
0.8237
0.896
0.76
0.6284
0.7157
0.5709
0.8495
0.7362
0.8746
0.9176
0.5878
0.7999
0.8486
0.8036
0.7181
0.4943
0.6337
0.8203
0.7287
0.7804
0.8732
0.8562
0.7462
0.9114
0.8232
0.406
0.8887
0.9098
0.9077
0.7844
0.4398
0.8605
0.8555
0.7767
0.428
0.6692
0.7469
0.7235
0.7311
0.8877
0.8822
0.722
0.9374
0.8634
0.9375
0.8797
0.9234
0.874
0.9031
0.7914
0.8937
0.7207
0.7837
0.8834
0.8726
0.8707
0.8809
0.9211
0.8896
0.8585
0.6241
0.8757
0.7412
0.8772
0.806
0.8887
0.8561
0.5685
0.8645
0.9374
0.9162
0.8869
0.9678
0.7521
0.8237
0.8314
0.69
0.8238
0.7082
0.8326
0.7288
0.8037
0.9046
0.6463
0.8191
0.7347
0.5958
0.6807
0.9167
0.9505
0.629
0.8928
0.8473
0.927
0.7511
0.7379
0.9173
0.953
0.771
0.3738
0.6255
0.8168
0.7242
0.8669
0.8347
0.7582
0.5124
0.846
0.7618
0.7443
0.8062
0.8244
0.7423
0.8194
0.8928
0.8095
0.7225
0.5621
0.8384
0.8236
0.911
0.8452
0.7666
0.7629
0.914
0.9161
0.908
0.7642
0.8023
0.6962
0.7929
0.6608
0.4439
0.6577
0.6859
0.739
0.9226
0.609
0.9646
0.8502
0.9706
0.5702
0.8607
0.6018
0.8037
0.8055
0.7646
0.8703
0.9034
0.8941
0.6734
0.6584
0.8465
0.9099
0.7223
0.8449
0.9381
0.8096
0.7913
0.8252
0.806
0.8041
0.7535
0.8517
0.747
0.8582
0.6872
0.7942
0.7268
0.9346
0.6864
0.8947
0.8013
0.7165
0.5833
0.7474
0.7861
0.8028
0.8661
0.9171
0.792
0.8475
0.9484
0.5562
0.48
0.6883
0.7782
0.9088
0.7516
0.4375
0.4727
0.8805
0.8961
0.5128
0.8631
0.8661
0.2876
0.7129
0.8946
0.807
0.815
0.8388
0.9183
0.8696
0.8755
0.9567
0.7615
0.8399
0.9377
0.7742
0.5694
0.8281
0.8966
0.7382
0.9216
0.7862
0.9115
0.9051
0.8516
0.5747
0.8147
0.4959
0.9224
0.7518
0.6311
0.7635
0.9512
0.9141
0.7922
0.7456
0.8704
0.9233
0.6127
0.781
0.708
0.7549
0.9459
0.7741
0.8208
0.6539
0.878
0.4903
0.5258
0.7674
0.83
0.8694
0.9353
0.4509
0.9007
0.5489
0.7696
0.7646
0.8575
0.8867
