620.4
321.4
625.2
737.7
164.7
922.1
565.8
751.5
205.0
875.2
938.3
828.5
489.7
264.1
407.1
593.0
580.0
1.274e+03
410.9
314.3
0.0
302.9
590.7
0.0
1.245e+03
607.9
0.0
0.0
873.7
281.6
388.5
702.4
284.8
520.1
345.5
688.3
311.5
1.201e+03
1.045e+03
802.1
309.9
1.564e+03
685.6
741.1
437.2
593.0
1.138e+03
5.265e-05
544.5
772.4
771.1
1.024e+03
404.0
662.0
341.9
0.0
562.2
555.7
380.0
777.2
601.7
590.5
404.0
248.7
264.1
994.9
2.38e-05
646.1
823.7
686.1
590.7
544.5
674.1
734.5
1.026e+03
671.3
590.5
778.3
562.0
613.4
452.0
565.6
186.3
483.7
205.0
1.417e+03
311.5
453.9
1.045e+03
834.8
900.0
445.1
793.3
555.4
519.7
696.9
388.3
388.9
735.0
317.4
221.6
1.066e+03
1.229e+03
478.0
4.127e-05
311.8
992.5
425.5
635.6
1.201e+03
811.2
1.1e+03
326.6
441.0
1.144e+03
264.1
245.2
699.6
325.2
298.8
304.2
352.0
613.4
1.252e+03
1.148e+03
1.165e+03
598.8
265.1
211.5
963.5
1.176e+03
872.9
519.7
255.3
479.1
839.7
942.6
268.9
646.1
1.025e+03
596.8
0.0
613.4
820.9
732.7
692.7
0.0
794.2
311.5
1.059e+03
793.3
878.4
448.5
798.4
378.8
735.0
757.8
801.3
366.3
479.2
774.2
938.3
1.132e+03
257.1
544.5
216.0
209.9
278.8
647.6
965.4
451.6
950.9
264.1
380.0
0.0
274.7
676.1
1.395e+03
280.2
590.5
996.0
454.9
1.037e+03
590.5
186.3
125.3
890.2
1.049e+03
1.289e+03
532.8
1.04e+03
1.204e+03
881.5
787.4
136.3
288.2
905.6
857.1
424.9
625.2
133.0
205.0
982.0
205.0
500.3
1.193e+03
977.7
244.4
345.5
699.5
1.464e+03
1.058e+03
367.9
1.067e+03
198.9
782.3
234.3
740.1
488.6
302.9
302.5
918.5
376.8
832.2
508.7
500.3
334.7
935.4
1.186e+03
734.0
1.149e+03
338.5
438.9
174.2
209.9
823.7
732.6
1.205e+03
651.7
561.5
974.3
421.2
720.1
647.0
357.8
653.9
770.8
319.2
642.2
0.0
299.9
549.7
920.0
271.7
1.012e+03
221.6
418.9
328.2
1.102e+03
905.7
317.9
408.0
647.2
819.5
380.0
1.141e+03
760.4
1.184e+03
515.6
943.7
264.6
6.145e-05
325.2
1.008e+03
1.174e+03
1.04e+03
5.996e-05
962.4
590.7
699.4
1.013e+03
481.8
438.9
539.9
0.0
814.8
280.2
607.1
556.6
630.3
1.274e+03
1.372e+03
741.1
508.7
407.6
607.5
542.5
590.7
1.007e+03
419.8
689.0
584.1
406.4
642.0
270.1
318.9
774.5
1.047e+03
1.054e+03
1.031e+03
352.1
478.0
613.8
1.251e+03
0.0
302.5
687.1
1.201e+03
0.0
404.0
870.1
1.165e+03
245.2
675.1
490.3
971.2
1.06e+03
823.9
1.006e+03
712.7
884.1
435.0
459.5
1.068e+03
988.9
544.9
898.7
727.9
918.5
534.9
345.5
453.9
647.2
176.0
311.5
769.0
879.1
786.9
911.8
506.4
961.8
991.0
0.0
732.7
648.4
418.4
635.6
1.027e+03
484.6
635.7
0.0
321.4
271.8
544.5
1.311e+03
820.0
0.0
732.7
2.131e-05
788.7
574.9
456.8
375.4
830.1
653.4
1.396e+03
381.9
585.7
897.6
255.3
429.9
871.1
0.0
820.9
940.4
537.0
1.35e+03
1.005e+03
382.3
1.36e+03
857.1
544.5
608.1
689.4
248.7
1.329e+03
1.069e+03
880.7
527.2
1.14e+03
593.7
575.8
219.2
280.2
739.3
965.5
284.8
380.0
352.1
200.9
593.0
1.222e+03
268.2
689.9
860.0
451.6
1.269e+03
652.6
1.116e+03
793.2
585.7
470.2
784.4
261.0
0.0
0.0
746.9
941.8
176.0
418.1
219.9
695.9
829.5
1.513e+03
1.049e+03
999.9
1.262e+03
460.2
705.8
703.6
613.4
1.314e+03
441.0
611.0
345.4
766.9
731.1
860.7
851.7
429.9
1.014e+03
176.0
2.424e-05
419.8
272.9
0.0
1.038e+03
790.8
789.0
0.0
766.8
456.8
413.2
367.3
476.4
547.5
555.7
268.2
321.5
1.314e+03
234.3
575.1
747.1
1.102e+03
325.2
764.0
1.293e+03
789.3
393.6
920.8
1.002e+03
1.679e+03
1.263e+03
1.011e+03
647.2
1.031e+03
605.5
766.1
451.6
368.6
1.076e+03
841.2
461.8
764.0
200.9
964.6
578.8
1.044e+03
380.0
1.049e+03
764.0
737.1
953.7
509.3
686.6
306.2
913.8
569.2
391.0
272.9
418.9
918.0
413.2
555.7
764.7
913.3
124.9
615.6
551.9
406.4
634.4
542.2
1.125e+03
391.0
441.0
620.2
268.2
353.6
305.8
920.8
424.5
380.0
0.0
217.1
597.7
133.0
699.6
270.1
1.322e+03
1.582e-05
557.5
694.6
770.7
419.2
151.3
289.4
1.412e+03
669.7
635.6
701.0
695.4
580.0
219.9
580.0
233.4
909.4
668.5
402.6
1.169e+03
0.0
1.044e+03
1.127e+03
1.084e+03
352.0
883.5
882.7
533.1
433.8
846.5
881.4
441.0
882.7
1.045e+03
516.5
447.6
652.1
731.4
732.7
413.1
317.9
221.6
690.1
205.0
1.609e+03
268.2
589.3
1.127e+03
481.8
607.9
186.3
257.1
640.0
724.9
705.1
774.2
198.9
642.2
1.274e+03
198.9
435.0
741.0
456.8
1.746e+03
983.3
2.424e-05
832.7
435.2
454.9
828.1
789.3
859.1
737.6
391.4
419.8
1.072e+03
764.0
419.8
288.2
0.0
689.6
1.125e+03
891.4
566.1
754.3
352.0
1.033e+03
433.8
780.1
593.0
424.9
652.6
821.8
1.103e+03
1.115e+03
337.7
848.9
219.9
1.1e+03
864.2
819.5
1.026e+03
427.4
972.7
888.2
972.9
580.0
264.1
133.0
1.364e+03
315.3
692.4
442.5
979.1
881.5
732.7
215.6
950.7
593.0
483.3
1.039e+03
735.6
1.228e+03
489.2
437.2
1.12e+03
764.0
723.3
960.0
801.6
349.1
735.4
556.6
927.6
411.1
807.0
1.049e+03
819.5
215.6
672.0
944.3
264.1
219.2
0.0
719.3
845.8
176.0
302.5
330.7
380.0
319.5
6.145e-05
864.7
1.087e+03
326.0
1.092e+03
764.0
682.8
317.9
0.0
478.0
244.4
957.1
290.0
492.7
557.1
465.5
136.3
1.385e+03
962.6
478.0
0.0
532.2
424.2
535.3
304.7
958.3
250.8
176.0
209.8
840.1
548.5
672.3
565.6
271.8
442.5
834.8
464.9
856.2
443.0
227.7
741.4
613.4
1.158e+03
933.1
751.8
1.129e+03
384.3
1.276e+03
542.5
1.089e+03
317.9
548.5
385.7
458.6
989.6
1.006e+03
1.237e+03
1.153e+03
419.8
1.364e+03
997.6
124.9
620.4
219.2
264.1
516.5
1.156e+03
143.1
215.4
443.7
806.3
750.9
712.9
309.0
399.5
875.3
217.1
590.5
442.5
136.3
434.9
828.8
719.6
597.7
742.9
3.354e-05
0.0
1.165e+03
444.3
544.5
500.3
125.3
804.1
3.354e-05
1.186e+03
377.8
298.8
411.1
820.0
1.037e+03
904.4
603.3
0.0
424.5
1.155e+03
828.5
1.273e+03
894.8
532.6
213.3
1.045e+03
654.6
1.108e+03
0.0
443.3
700.9
360.7
678.7
399.5
689.9
611.7
589.6
888.4
0.0
435.6
576.2
345.4
825.9
419.8
366.3
261.0
602.5
854.7
869.6
772.6
410.9
217.1
701.7
697.7
621.4
775.6
778.1
1.047e+03
642.5
553.1
716.1
735.4
961.7
843.4
226.5
465.5
482.3
424.5
613.4
1.148e+03
0.0
1.44e+03
556.5
780.2
638.6
1.08e+03
544.1
779.7
757.8
801.4
547.5
850.7
1.081e+03
652.2
448.5
264.1
1.055e+03
359.9
819.5
305.8
778.9
1e+03
795.6
1.102e+03
443.0
625.2
1.196e+03
811.2
307.4
764.0
1.293e+03
487.6
696.9
1.012e+03
0.0
1.19e+03
557.1
741.8
1.083e+03
595.2
362.1
1.429e+03
746.4
639.2
205.0
844.6
823.4
299.9
693.5
1.151e+03
555.6
418.9
740.2
891.4
698.5
302.5
544.5
0.0
217.1
481.8
759.5
1.349e+03
864.1
1.167e+03
685.5
708.3
1e+03
441.0
1.163e+03
544.5
880.1
547.4
1.314e+03
248.7
385.6
1.086e+03
552.2
478.0
317.9
909.2
580.0
316.7
1.086e+03
864.2
545.8
775.7
205.0
833.0
452.4
699.5
646.1
357.5
899.7
703.2
816.7
538.6
394.3
352.0
801.3
1.219e+03
299.9
574.9
456.8
1.371e+03
1.199e+03
638.6
219.5
625.2
775.8
143.1
0.0
234.3
660.3
484.7
1.345e+03
819.5
2.424e-05
1.006e+03
883.8
345.4
345.5
1.082e+03
641.5
922.1
1.636e+03
464.9
593.0
4.277e-05
438.9
966.4
408.0
456.3
0.0
912.4
997.0
630.4
1.201e+03
951.7
1.221e+03
542.2
465.6
919.7
1.466e+03
960.6
872.5
986.9
945.7
215.4
1.33e+03
580.0
787.6
435.2
1.075e+03
580.0
998.4
938.1
731.1
769.0
720.1
544.5
902.2
695.6
1.089e+03
562.0
451.6
948.0
1.454e+03
309.0
861.7
590.7
590.7
0.0
362.1
741.5
1.408e+03
461.8
429.9
663.3
389.8
774.5
280.2
788.1
727.8
574.5
299.9
775.9
4.127e-05
1.028e+03
248.0
1.519e+03
1.04e+03
844.2
962.6
764.7
882.7
768.2
699.7
927.9
124.9
885.9
973.4
777.2
1.074e+03
407.1
728.5
593.7
828.8
775.7
973.6
590.5
796.8
643.9
891.0
1.355e+03
1.098e+03
234.3
992.5
647.2
754.3
755.9
1.473e+03
1.582e-05
451.6
728.2
561.5
935.4
906.7
323.1
708.5
984.9
796.8
1.396e+03
650.2
385.6
544.5
910.2
413.1
0.0
756.9
1.207e+03
508.4
598.8
978.1
424.2
446.4
694.6
623.4
433.8
1.672e+03
1.03e+03
413.2
626.4
920.8
248.7
550.2
865.9
1.355e+03
997.4
1.617e+03
829.0
274.7
547.4
248.0
398.9
0.0
780.2
219.5
1.069e+03
1.071e+03
294.9
569.2
887.7
1.026e+03
1.403e+03
813.7
419.8
1.32e+03
1.155e+03
1.149e+03
1.092e+03
879.5
1.125e+03
551.9
896.8
500.3
841.0
647.2
1.144e+03
606.4
757.8
607.5
783.7
825.9
286.7
451.6
874.5
876.5
1.676e+03
1.582e-05
1.161e+03
873.3
544.5
1.015e+03
589.6
124.9
612.5
341.9
1.165e+03
775.6
574.9
481.8
566.1
402.6
880.7
1.205e+03
732.8
544.5
555.7
4.54e-05
644.4
1.064e+03
896.9
443.0
419.8
1.329e+03
702.1
634.9
590.5
997.3
385.7
454.9
992.4
3.354e-05
484.7
304.7
1.577e+03
913.8
690.6
451.6
982.0
872.2
233.4
824.8
728.2
580.0
899.5
1.193e+03
294.9
1.522e+03
912.3
248.0
692.1
264.1
419.8
1.743e+03
886.6
799.1
704.6
340.6
544.5
590.5
632.7
451.6
0.0
863.5
1.013e+03
1.393e+03
1.389e+03
1.173e+03
435.2
601.7
563.9
833.5
976.0
877.0
1.021e+03
790.9
647.9
697.7
1.331e+03
699.7
701.7
638.6
1.691e+03
319.2
302.5
674.8
831.9
953.9
151.3
712.2
537.0
875.3
600.9
263.0
829.6
620.4
1.16e+03
613.8
377.0
569.2
764.0
1.435e+03
892.3
664.5
903.3
1.061e+03
1.193e+03
888.2
523.4
482.3
973.4
874.4
969.5
590.5
305.8
492.8
489.2
920.3
926.0
677.6
385.7
872.2
847.5
1.049e+03
1.367e+03
