430.1
193.9
398.3
522.8
128.8
597.4
372.0
478.5
154.4
644.3
602.0
592.9
364.9
188.3
304.4
365.4
364.8
731.7
322.0
229.4
0.0
208.1
401.0
0.0
854.2
402.1
0.0
0.0
642.1
213.2
267.0
485.1
226.9
363.3
248.7
495.0
222.5
878.6
621.9
576.4
208.7
930.5
419.2
578.4
315.7
365.4
688.5
3.432e-05
365.2
569.1
471.0
769.5
313.6
448.7
227.5
0.0
432.8
394.6
244.6
465.6
442.7
384.4
313.6
179.5
188.3
649.0
1.241e-05
365.0
535.5
403.4
401.0
365.2
455.4
429.9
699.3
502.4
384.4
567.0
364.8
355.5
290.1
389.5
133.3
279.5
154.4
818.5
222.5
320.0
621.9
611.2
607.6
308.8
535.2
403.7
329.3
497.3
294.3
307.3
469.0
230.0
113.1
695.3
784.7
336.1
2.249e-05
213.7
701.1
251.0
457.8
750.0
527.5
766.3
251.0
305.6
808.2
188.3
186.9
477.2
237.1
195.7
231.3
273.0
355.5
920.0
713.5
847.7
410.1
203.5
129.2
725.0
765.7
578.1
329.3
135.5
297.0
569.9
590.1
213.6
365.0
752.2
430.1
0.0
355.5
595.5
427.7
489.5
0.0
514.4
222.5
732.6
535.2
636.0
319.5
550.1
252.8
469.0
571.1
561.9
258.4
283.4
552.5
602.0
694.4
192.1
365.2
152.8
154.2
184.9
475.3
701.5
342.4
647.0
188.3
244.6
0.0
186.1
536.6
898.0
190.6
384.4
674.9
328.0
704.1
384.4
133.3
93.92
677.6
722.0
785.9
362.6
652.0
826.4
563.7
600.2
107.0
187.4
543.0
588.5
272.0
398.3
92.14
154.4
646.6
154.4
310.5
769.1
728.9
180.1
248.7
518.7
1.023e+03
781.3
234.6
745.6
124.8
549.5
151.2
491.3
363.4
208.1
233.9
699.7
240.4
499.2
354.7
310.5
220.3
570.8
830.6
570.3
789.7
252.7
315.5
111.2
154.2
629.2
466.0
902.2
454.3
352.4
719.7
305.2
486.0
495.6
225.1
344.3
557.1
213.7
478.0
0.0
177.4
377.2
669.9
161.3
731.8
167.5
306.3
218.1
753.6
671.4
237.7
290.7
450.2
540.0
244.6
822.3
533.7
811.2
374.3
666.8
198.2
4.097e-05
237.1
669.2
657.1
702.6
3.342e-05
608.0
401.0
480.9
747.2
336.3
315.5
388.1
0.0
512.8
190.6
382.5
437.1
452.2
908.1
902.0
578.4
354.7
316.1
447.0
378.0
401.0
647.0
301.4
475.0
367.6
259.7
443.5
139.8
240.6
581.2
730.4
763.4
607.7
229.1
336.1
472.8
897.9
0.0
233.9
540.9
777.0
0.0
313.6
663.1
739.7
186.9
538.5
321.5
679.7
780.8
685.6
657.9
540.3
492.1
278.2
320.7
795.6
738.8
368.6
627.4
488.0
662.2
366.9
248.7
320.0
450.2
120.1
222.5
558.1
623.1
543.5
520.9
401.4
677.5
674.4
0.0
427.7
491.5
307.8
457.8
785.5
319.8
470.2
0.0
193.9
188.2
365.2
865.3
537.7
0.0
427.7
2.101e-05
569.8
342.6
279.8
265.7
579.0
492.6
882.2
272.0
401.9
662.5
135.5
290.1
598.8
0.0
524.5
602.2
384.1
856.4
630.7
269.9
875.1
588.5
365.2
426.5
466.7
179.5
887.8
783.6
537.6
374.6
824.5
345.6
376.1
135.9
190.6
548.7
550.9
226.9
244.6
229.1
154.9
365.4
701.3
177.4
423.4
687.6
342.4
886.8
408.0
653.4
433.2
401.9
288.9
481.3
181.5
0.0
0.0
554.1
672.9
120.1
289.0
162.1
515.8
607.7
952.9
674.8
607.5
883.1
350.0
527.7
476.6
355.5
819.5
305.6
351.3
263.0
594.8
395.7
581.8
581.4
290.1
586.4
120.1
1.316e-05
301.4
195.1
0.0
758.2
473.7
546.1
0.0
554.3
279.8
276.2
281.3
307.4
354.6
394.6
177.4
252.4
915.3
151.2
341.4
525.2
745.0
237.1
463.4
772.9
428.1
266.6
560.2
616.6
1.04e+03
769.7
739.1
450.2
646.2
434.2
544.2
342.4
258.4
684.0
581.4
316.5
463.4
154.9
718.5
326.5
673.0
244.6
674.8
463.4
507.8
736.1
375.5
528.0
183.8
686.5
379.0
233.1
195.1
305.3
696.1
276.2
394.6
549.4
580.2
61.18
462.9
370.9
259.7
488.9
319.7
600.6
233.1
305.6
415.8
177.4
227.7
203.1
560.2
296.9
244.6
0.0
139.7
437.1
92.14
477.2
139.8
873.0
1.317e-05
426.1
442.0
527.9
272.5
114.6
204.4
992.7
419.4
457.8
482.3
527.5
364.8
162.1
364.8
174.3
619.3
399.4
307.0
726.1
0.0
709.4
797.1
740.1
273.0
610.5
571.5
401.8
319.7
664.3
556.7
305.6
571.5
621.9
318.6
323.7
504.9
463.3
427.7
291.7
237.7
113.1
497.3
154.4
1.048e+03
177.4
380.0
826.9
336.3
402.1
133.3
192.1
445.3
542.3
497.8
552.5
124.8
478.0
731.7
124.8
278.2
559.9
279.8
1.111e+03
684.1
1.316e-05
581.3
281.7
328.0
561.9
524.4
615.8
504.7
279.6
301.4
665.2
463.4
301.4
187.4
0.0
500.4
822.9
649.8
398.9
493.6
273.0
795.7
319.7
571.8
365.4
272.0
408.0
555.9
719.4
739.3
210.3
593.4
162.1
816.6
603.1
540.0
664.8
307.4
641.5
634.9
714.0
364.8
188.3
92.14
826.2
224.1
433.5
345.4
704.3
563.7
427.7
156.2
702.2
365.4
328.8
758.2
483.7
735.7
366.2
308.2
741.1
463.4
496.9
662.3
535.6
247.0
547.7
437.1
649.9
304.5
586.5
674.8
540.0
156.2
514.9
647.8
188.3
135.9
0.0
509.4
524.2
120.1
233.9
236.6
244.6
215.6
4.097e-05
557.5
828.2
227.3
728.6
463.4
466.2
237.7
0.0
336.1
180.1
624.1
213.5
368.9
407.2
319.0
107.0
823.8
645.0
336.1
0.0
376.7
241.7
369.8
186.2
678.3
176.3
120.1
155.1
601.9
351.8
455.7
389.5
188.2
345.4
611.2
303.6
672.7
316.9
141.4
545.2
355.5
798.8
693.4
450.0
617.9
274.6
844.1
378.0
747.7
237.7
351.8
222.7
316.2
733.9
748.2
756.5
790.2
301.4
922.2
753.9
61.18
430.1
135.9
188.3
318.6
738.6
108.6
174.2
311.2
563.7
499.6
502.1
214.8
291.8
641.2
139.7
384.4
345.4
107.0
345.2
553.2
513.4
437.1
575.7
1.568e-05
0.0
832.3
293.5
365.2
310.5
93.92
425.3
1.568e-05
830.6
216.5
195.7
304.5
537.7
829.4
634.4
412.4
0.0
296.9
838.4
607.2
807.9
684.9
434.2
141.5
772.3
390.6
727.3
0.0
323.5
409.7
280.9
484.8
291.8
423.4
408.6
425.0
660.6
0.0
338.2
407.8
263.0
531.6
301.4
258.4
181.5
438.8
556.2
616.7
564.8
322.0
139.7
454.0
498.5
440.9
561.3
575.0
639.7
503.7
370.5
452.5
574.2
651.8
645.5
169.8
319.0
335.1
296.9
355.5
754.4
0.0
874.3
386.7
521.3
419.9
705.5
374.7
546.1
571.1
622.2
354.6
645.3
767.6
480.6
319.5
188.3
749.6
275.3
540.0
203.1
603.0
720.3
604.6
821.4
316.9
398.3
843.2
527.5
221.2
463.4
901.0
328.5
497.3
623.1
0.0
709.6
407.2
552.6
736.0
415.3
274.6
872.5
527.6
425.0
154.4
555.9
572.7
177.4
399.9
772.3
351.0
306.3
542.9
649.8
436.1
233.9
365.2
0.0
139.7
336.3
548.5
833.9
647.9
663.0
556.7
534.2
642.0
305.6
810.0
365.2
611.5
410.4
819.5
179.5
263.2
657.5
382.3
336.1
237.7
676.0
364.8
226.1
742.2
603.1
351.9
592.4
154.4
538.3
328.5
518.7
365.0
247.4
638.5
423.8
637.2
388.4
288.7
273.0
460.0
766.3
177.4
342.6
279.8
922.2
797.6
419.9
152.1
398.3
574.8
108.6
0.0
151.2
434.5
293.7
850.5
540.0
1.316e-05
748.3
635.4
263.0
248.7
784.0
463.1
597.4
1.028e+03
303.6
365.4
2.372e-05
315.5
735.6
290.7
326.7
0.0
636.0
695.6
411.0
787.5
672.4
823.1
319.7
365.3
640.0
929.2
727.0
628.5
745.7
477.5
174.2
816.6
364.8
571.9
281.7
677.1
364.8
654.9
656.9
395.7
550.1
486.0
365.2
645.3
505.6
651.3
364.8
342.4
756.5
916.4
214.8
523.2
401.0
401.0
0.0
274.6
431.4
911.3
316.5
290.1
478.9
252.0
581.2
190.6
564.3
550.6
407.2
177.4
525.3
2.249e-05
671.7
190.6
925.0
652.0
588.0
645.0
549.4
571.5
541.2
477.0
542.4
61.18
576.8
653.6
465.6
673.1
304.4
569.9
345.6
553.2
422.2
637.1
384.4
589.2
450.0
664.9
914.6
638.2
151.2
657.1
450.2
493.6
483.0
834.6
1.317e-05
342.4
435.4
352.4
570.8
633.8
227.6
515.4
716.7
589.2
882.2
461.9
263.2
365.2
603.1
291.7
0.0
507.5
806.3
363.3
410.1
701.8
241.7
323.4
442.0
458.8
319.7
961.9
618.6
276.2
467.1
560.2
179.5
406.1
585.0
948.3
703.5
1.072e+03
577.2
186.1
410.4
190.6
228.7
0.0
521.3
152.1
783.6
787.6
225.1
379.0
625.1
699.0
958.4
561.8
301.4
837.0
746.4
762.8
735.0
605.2
687.3
370.9
654.9
310.5
556.3
450.2
748.4
437.8
571.1
447.0
570.4
604.5
219.7
342.4
511.1
599.7
986.7
1.317e-05
768.3
548.0
365.2
667.8
425.0
61.18
469.7
227.5
804.2
561.3
342.6
336.3
398.9
307.0
537.6
846.4
530.6
365.2
399.8
2.488e-05
497.3
708.4
537.6
316.9
301.4
887.8
496.6
428.7
384.4
766.1
222.7
328.0
744.6
1.568e-05
293.7
186.2
973.8
686.5
518.9
342.4
720.5
614.9
174.3
579.2
488.4
364.8
642.6
817.0
225.1
903.0
586.3
190.6
465.4
188.3
301.4
1.121e+03
605.4
597.2
505.1
239.9
365.2
384.4
456.1
342.4
0.0
466.3
711.8
897.9
903.6
703.7
281.7
442.7
430.3
614.2
714.4
659.7
616.0
523.7
477.3
498.5
973.2
477.0
454.0
419.9
1.071e+03
213.7
233.9
482.0
613.4
707.2
114.6
444.1
384.1
641.2
387.2
181.4
604.7
430.1
854.4
472.8
304.8
379.0
463.4
970.6
606.3
477.3
669.3
724.4
769.1
634.9
431.6
335.1
653.6
669.0
710.4
384.4
203.1
350.8
366.2
633.5
713.8
443.9
222.7
614.9
593.0
674.8
895.1
