0.8873
1.304
1.401
1.151
0.6259
0.8874
0.8815
1.455
0.4367
0.8199
1.368
0.5846
1.159
1.343
0.7739
1.343
1.344
0.8714
1.575
1.469
0.8617
1.022
1.022
0.8262
0.5975
1.552
0.6064
1.238
1.355
0.8908
1.138
0.7153
0.7073
0.867
0.8331
0.8154
0.7489
1.196
0.9062
0.8014
1.167
0.9218
1.497
1.268
1.662
2.566
0.7251
0.8151
0.9441
0.6876
1.176
1.046
3.725
0.9218
0.9077
0.6126
0.766
0.8335
2.133
1.824
1.359
0.616
1.612
0.5984
1.171
0.7934
2.449
1.624
1.836
0.9174
1.551
1.455
1.419
1.457
1.938
1.453
2.246
0.7297
2.345
0.9062
1.183
4.034
1.938
2.817
0.6779
0.8867
1.351
0.8706
0.6463
0.8807
1.988
1.012
0.8123
0.9617
2.361
0.9688
1.938
0.7118
1.123
1.753
1.053
1.186
1.95
0.6312
0.8748
1.042
0.8976
1.179
0.975
2.204
0.9603
0.7462
1.51
1.014
1.078
2.036
1.481
1.087
0.7694
0.4221
1.225
2.164
2.476
1.056
1.757
1.346
0.9275
2.337
0.6805
0.9932
1.361
2.56
1.152
1.699
0.8453
0.9784
1.088
0.9974
1.744
0.8104
0.9935
0.5826
1.493
0.2546
1.095
1.447
1.579
1.127
1.334
0.7554
0.4717
5.2
1.058
2.065
0.7011
0.8732
0.9411
1.336
0.8696
1.36
1.141
0.928
0.7634
0.5066
0.3907
1.629
0.7938
0.8152
2.05
1.016
1.003
0.8248
0.7718
0.8391
0.746
0.6606
0.957
1.822
0.6338
0.5246
0.6521
0.8127
0.6366
0.5674
0.7299
1.133
0.6029
0.8748
1.976
0.7145
1.011
1.392
0.8221
1.752
2.287
0.9031
0.7883
1.427
1.548
1.122
0.8424
1.104
0.623
0.8345
0.8361
1.12
0.7253
3.885
1.225
0.8119
0.8643
1.355
0.5226
1.467
1.159
0.9101
1.147
0.3323
0.6957
0.9621
0.7328
0.6303
0.9223
0.8956
0.6265
0.7534
0.8939
1.168
0.8596
0.7271
0.6697
1.266
1.609
0.9669
1.292
1.419
1.156
0.8125
3.306
1.298
1.199
0.7128
0.8248
1.172
0.9641
1.291
3.097
0.4137
1.431
2.058
1.163
0.9179
1.72
1.002
1.322
0.8307
2.009
0.6683
0.3858
1.012
1.013
0.9395
0.867
2.248
1.028
0.6802
1.106
0.7948
1.475
1.046
1.115
1.114
0.7819
0.7077
1.294
0.9689
0.5638
3.043
1.403
0.7822
0.6852
1.792
1.916
0.9178
4.872
1.515
1.082
0.7039
1.085
0.9671
0.8339
0.6673
1.8
0.6751
1.023
0.8593
1.858
0.7282
0.7603
0.7742
0.5896
1.018
1.067
1.064
2.035
3.73
1.755
1.804
0.7881
1.001
0.7007
1.218
0.2988
1.328
1.298
1.955
0.7063
0.7381
3.068
1.056
1.663
1.083
1.832
0.6738
1.438
0.7308
1.489
1.057
1.144
0.6141
0.936
1.085
4.292
0.5444
0.6756
1.116
2.04
2.358
1.297
0.9021
0.6663
0.9314
0.9191
2.112
1.473
0.7227
2.597
1.025
0.7144
0.8301
1.59
0.7726
0.9632
1.026
1.852
0.868
2.054
0.743
1.934
0.8549
1.058
1.675
2.341
1.139
1.781
1.46
1.197
0.9973
0.9991
6.569
0.587
0.8446
0.7637
0.9853
1.209
0.9125
0.6863
1.194
1.91
1.783
0.7035
1.305
1.79
2.152
1.029
5.118
0.6457
0.987
2.657
2.342
0.802
0.9782
0.6222
1.193
0.7118
1.951
0.6042
0.8737
1.061
0.7796
0.7677
nan
0.647
0.4749
0.7724
0.9759
1.824
0.7494
0.6265
1.197
1.413
1.72
1.227
0.7247
0.5857
1.543
2.091
1.297
0.9288
0.7229
0.506
0.8497
1.689
1.043
1.119
1.434
1.863
1.082
0.6782
0.9812
1.188
1.732
0.5996
1.51
1.091
2.124
0.7295
1.439
2.021
1.17
2.481
0.401
0.5564
3.615
0.6745
0.8733
0.9968
1.124
0.6032
1.239
0.8809
0.6724
0.9703
1.353
1.203
0.7793
0.9809
0.9937
2.274
0.737
2.076
2.554
1.191
1.452
0.4687
1.697
1.38
1.18
0.8657
1.371
1.01
0.9267
0.6797
1.047
1.003
0.6784
0.7999
2.3
0.983
0.86
0.8885
0.7889
1.541
0.8683
0.7589
0.6853
1.041
0.6764
1.353
1.203
1.171
0.8941
1.113
1.048
1.129
1.276
0.9451
0.8308
1.023
1.12
2.066
0.5698
0.329
1.703
2.242
1.372
0.5399
0.6404
1.783
0.6235
2.766
1.646
2.259
0.9151
1.606
1.799
0.8919
1.224
0.9882
0.5211
0.8541
0.8744
1.019
1.489
1.086
1.424
2.17
1.336
0.8186
1.32
0.772
0.8508
2.714
0.8796
1.224
3.722
0.6911
1.284
0.918
0.8483
1.014
1.918
0.9413
1.593
0.8888
0.6413
2.7
1.247
1.919
0.7214
1.171
1.945
0.9777
2.312
1.362
1.195
1.21
0.8376
0.8222
0.6507
1.919
1.244
1.889
2.052
1.718
1.873
1.101
1.063
0.4839
1.012
1.106
1.382
0.8709
1.317
1.533
2.574
0.8494
0.9533
0.789
2.091
1.117
1.13
0.7306
1.007
0.627
2.545
0.8327
0.5406
1.265
0.8112
2.521
0.9112
0.8173
0.6652
0.4175
1.429
0.7604
1.273
1.352
0.8452
0.6567
0.6707
1.116
0.7819
0.8639
0.7933
0.7766
0.7818
0.4777
0.9993
0.8139
1.84
0.5051
0.6794
0.2559
0.8437
1.161
0.5367
1.173
1.141
0.8948
1.467
1.166
0.8436
0.8959
0.9693
0.8511
1.329
0.7724
2.546
2.949
2.322
0.7958
0.6042
1.897
2.067
1.131
0.8406
0.7674
1.157
1.301
1.683
1.798
0.9945
2.915
0.5389
1.235
0.9709
1.24
0.7679
0.7983
0.4669
0.7268
0.9751
1.002
0.7604
0.7194
0.8198
0.7458
1.01
0.9978
1.469
1.565
1.537
1.292
2.592
2.329
1.18
0.9121
1.181
0.8443
0.7671
0.6294
0.7221
1.158
0.892
1.595
1.479
0.6162
0.5722
0.9333
0.9163
1.435
0.819
1.032
0.6493
1.207
0.6086
1.971
0.8786
0.5925
0.6986
0.8804
1.064
0.7677
1.638
1.791
1.323
0.9365
1.121
1.739
1.462
2.122
0.703
0.8761
1.465
0.9319
0.577
0.9233
1.523
0.775
1.991
1.692
1.9
0.5743
0.7433
0.5536
1.624
1.656
0.9267
1.085
0.5653
1.389
0.54
1.502
0.7337
1.617
0.8134
2.105
0.5057
1.25
0.8836
1.12
0.7736
1.088
1.215
1.015
2.093
0.8244
0.6189
1.406
1.419
2.02
2.574
0.5436
1.593
1.224
0.8569
1.495
0.486
0.7923
3.445
1.692
1.216
0.329
0.761
0.8928
0.7718
1.552
1.142
1.416
1.486
1.198
0.921
0.7095
1.606
1.592
1.66
1.321
1.078
3.887
1.555
0.6602
1.244
2.172
0.5814
1.341
0.5396
1.825
0.5941
2.326
1.165
1.719
1.135
0.9514
1.535
1.656
0.4011
0.8038
1.448
0.6072
0.5973
0.7524
1.377
1.24
1.169
1.48
1.001
1.078
1.596
1.152
0.7371
0.6569
1.501
4.931
1.299
0.7243
1.806
0.8438
1.983
0.4553
0.3996
1.122
0.3357
1.017
1.006
1.185
0.7246
1.038
2.266
0.8291
1.213
0.7466
0.991
1.307
0.6851
1.065
0.7731
1.147
1.085
2.402
1.898
0.5904
0.8548
1.257
1.45
0.7843
1.09
2.144
1.656
0.6936
0.3062
2.834
0.4987
1.122
1.029
0.8237
2.508
0.6691
0.0
2.705
2.041
0.4434
0.6978
0.9485
0.374
1.111
0.952
2.024
1.195
0.7331
0.8582
0.6091
1.267
0.8412
0.9443
0.499
1.95
0.9743
1.246
1.683
1.165
0.5724
0.9558
1.688
2.342
1.954
1.205
0.2464
0.6229
0.4373
1.967
0.7977
0.5671
0.563
1.189
1.466
0.603
0.5929
1.672
0.7959
0.7878
1.423
0.9506
1.013
1.017
1.478
0.9481
0.9714
1.725
1.048
1.458
1.023
0.6216
1.603
1.609
0.8967
0.9197
0.4377
0.272
0.8031
1.002
0.728
1.043
0.8485
1.47
1.005
0.5619
2.193
1.338
2.975
1.107
0.8121
1.15
1.591
0.6981
0.9358
1.223
1.821
1.089
0.8418
0.4839
2.418
1.496
1.126
0.7859
0.9209
0.7377
1.004
1.024
1.137
0.7974
1.959
0.8478
1.652
1.394
1.094
1.617
2.016
1.075
0.9326
0.4945
1.276
1.178
1.082
0.8968
1.779
0.9072
1.069
2.665
1.111
1.155
1.466
1.758
0.8305
0.7928
2.132
1.039
1.228
0.9576
0.4725
0.5766
0.8291
0.6284
2.476
2.731
1.653
0.7786
1.015
1.04
1.683
1.256
1.574
1.997
0.7605
0.8154
1.064
1.449
0.9856
0.6187
0.9713
1.767
0.6535
1.62
0.9699
0.959
0.4244
1.072
1.507
0.6108
1.68
0.9847
1.174
1.526
0.905
2.684
0.4728
0.7919
1.183
0.8821
0.8861
1.589
0.8095
2.035
1.86
1.086
0.8338
0.9101
1.517
1.291
1.348
0.5658
1.507
2.452
1.351
1.956
1.404
1.287
0.6073
0.6764
1.174
0.5134
1.861
0.7615
1.094
1.184
1.845
0.6562
0.8218
2.06
0.9163
1.124
0.9605
1.395
2.512
0.6917
0.5215
1.831
1.001
1.429
1.523
0.7661
1.973
0.7596
0.6845
1.481
1.851
1.579
1.032
1.091
0.7118
1.484
1.383
1.007
0.6292
1.022
1.249
1.64
0.7742
0.6894
0.7962
1.061
1.363
1.041
1.353
1.337
1.365
2.104
2.155
1.58
1.254
0.6699
2.112
0.8588
2.009
1.647
4.246
1.676
1.441
0.6537
1.073
0.6259
0.8595
2.264
1.311
1.246
1.57
0.4689
1.504
0.8791
1.301
2.018
0.6218
1.2
0.8713
0.737
0.6458
1.498
0.9963
1.355
1.721
1.195
1.398
0.6545
1.157
0.8882
1.113
1.787
1.275
2.098
1.9
1.308
1.426
0.7779
0.4158
2.341
1.718
0.9058
1.048
1.382
1.225
1.141
0.9312
1.307
1.071
1.647
1.135
1.962
1.245
0.5581
2.499
1.216
1.957
0.9861
2.014
1.103
0.9124
0.6376
0.7477
0.7508
0.656
0.7128
0.5764
1.445
1.392
0.5822
0.6425
0.7922
1.69
0.7994
1.236
0.6649
0.7939
2.259
1.204
0.8477
1.225
1.447
0.8829
0.9487
1.845
0.5773
0.8297
0.9384
1.262
1.648
1.041
0.7477
1.35
0.7793
0.6023
0.4205
0.9244
1.426
1.221
1.989
1.075
0.6915
0.9341
1.186
1.089
2.151
0.8996
0.9633
1.382
1.006
0.9867
0.6408
1.71
1.051
0.8647
1.907
0.7383
0.6953
1.269
0.6341
1.114
0.8637
1.02
1.167
1.554
0.9607
1.404
0.5222
0.8084
0.8307
0.9285
0.777
0.5954
0.8481
0.8812
0.8055
1.455
1.577
1.181
1.286
0.8418
0.609
0.8912
0.8677
1.807
1.399
1.192
0.6303
0.7679
0.5721
4.114
0.6534
0.4441
0.8101
2.031
0.8827
2.405
0.7508
2.105
1.794
2.253
1.297
7.451e-08
0.8369
1.013
1.209
0.8987
2.891
1.716
1.274
1.837
1.109
1.194
0.9355
1.284
0.907
1.541
0.8907
1.754
0.837
0.7524
0.6449
3.669
1.966
0.5432
0.7193
1.205
1.956
1.858
0.8982
0.6961
0.4737
0.7272
2.154
1.672
2.309
1.18
1.078
0.8902
0.6688
0.8844
3.43
0.4779
0.9836
1.307
1.855
0.7486
0.8381
0.3745
0.9622
1.905
1.715
0.7992
1.079
0.2757
1.359
0.6488
1.041
1.729
1.795
2.11
0.6254
1.466
1.063
0.4323
1.431
0.5641
1.066
1.252
1.548
1.907
2.082
2.448
1.305
0.9368
0.8627
2.086
1.496
1.149
1.398
2.477
0.5513
0.5024
0.6802
1.152
2.167
3.324
5.76
1.511
2.679
0.9111
1.65
1.773
1.487
0.71
0.9129
2.402
2.659
0.8217
0.5336
0.7815
0.5925
1.113
0.6703
1.248
0.6546
1.574
2.301
0.5651
0.6637
0.7362
0.7227
0.5411
5.542
0.71
1.168
0.8784
1.224
0.7916
2.4
0.8839
1.793
nan
1.059
0.7081
0.7571
0.7131
0.5718
0.9022
1.364
1.617
1.175
1.501
1.903
1.174
2.461
1.368
0.5616
2.172
0.7025
1.971
1.244
1.19
0.5034
0.3129
1.649
0.7095
0.9049
1.164
0.7857
1.736
1.054
0.3618
1.521
2.112
0.976
0.8496
2.085
0.8496
0.68
1.397
2.36
1.023
1.154
1.193
1.081
1.173
0.9704
0.8335
0.7879
1.763
1.554
1.759
1.147
0.7046
0.5661
1.409
0.8207
1.881
0.5608
0.6767
0.7004
1.875
0.877
1.766
1.401
0.9419
2.838
2.855
1.125
1.998
0.4364
1.64
0.5354
0.7962
0.4096
2.162
0.6156
1.094
1.271
0.9408
1.409
1.153
2.985
1.97
1.016
1.161
0.762
0.691
1.524
0.8776
0.4784
0.8259
0.9158
0.8832
2.172
0.8934
1.658
1.402
1.896
0.8303
1.543
1.447
1.264
0.7572
1.425
0.5323
0.9981
1.565
2.12
0.5867
1.009
0.9128
0.8751
1.221
0.7772
0.8956
0.3269
3.93
2.204
1.034
0.9979
0.5859
1.171
1.507
1.988
1.137
0.9857
1.901
0.6581
0.8831
2.043
2.807
0.7161
0.9033
2.032
0.6596
0.6372
0.8806
0.6683
0.4711
0.9109
0.9144
0.4884
1.112
1.422
0.9242
1.418
3.393
1.013
0.8157
0.7415
0.4245
0.8081
2.0
1.395
2.172
0.4729
0.8869
1.886
1.151
0.6677
1.321
0.5505
1.631
0.6652
0.6392
1.175
1.435
1.584
1.356
0.5441
1.006
1.082
1.708
0.8038
2.116
1.843
2.107
1.077
1.069
0.5573
2.333
1.055
2.159
1.491
1.344
0.8424
0.5822
