0.4544
0.4656
0.4348
0.2326
0.5138
0.3368
0.2732
0.1676
0.1297
0.838
0.3961
0.6766
0.1816
0.3822
0.2506
0.2794
0.3677
0.7145
0.3498
0.649
0.3404
0.7069
0.3469
0.144
0.3055
0.5031
0.3608
0.4134
0.5093
0.6527
0.2101
0.1929
0.3288
0.3707
0.3531
0.4015
0.7203
0.3574
0.4805
0.3409
0.5121
0.2463
0.5843
0.5901
0.4698
0.4645
0.1871
0.3578
0.5672
0.6101
0.4041
0.328
1.011
0.2716
0.5093
0.3715
0.2674
0.2122
0.1667
0.2859
0.4633
0.2278
0.5533
0.2117
0.4649
0.3526
0.2485
0.3223
0.6673
0.8157
0.5135
0.7616
0.4956
1.197
0.6641
0.8229
0.2529
0.2755
0.2676
0.5963
0.5648
0.2162
0.6602
0.2215
0.2691
0.6817
0.3269
0.5246
0.6608
0.8114
0.6823
0.2887
0.4743
0.3703
0.382
0.293
0.2982
0.5804
0.7329
0.9386
0.5257
0.3339
0.3822
0.2509
0.2741
0.974
0.3142
0.2257
0.2605
0.7122
0.2341
0.406
0.9839
0.5046
0.3984
0.4035
0.2016
0.4223
0.377
0.2233
0.319
0.4971
1.57
0.3972
0.4236
0.404
0.3987
0.2684
0.5087
0.4272
0.2986
0.9163
0.1699
0.2702
0.2266
0.2674
0.1507
0.8178
0.9084
0.7404
0.3228
0.3821
0.1601
0.08273
0.2752
0.5169
0.371
0.274
0.3141
0.1839
0.5612
0.434
0.2687
0.5337
0.4141
0.4684
1.142
0.7527
0.3093
0.8018
0.6919
0.5052
0.2234
0.6669
0.2662
0.4975
0.2738
0.354
0.3347
0.6949
0.6161
0.4509
0.3314
0.3115
0.2641
0.1461
0.4118
0.5766
0.4354
0.2866
0.2695
0.3817
0.1968
0.2276
0.5569
0.2834
0.8735
0.2555
0.3842
0.4635
0.2517
0.8324
0.5794
0.3735
0.5355
0.2055
0.2283
0.3567
0.6769
0.2901
0.4333
0.5211
0.4709
0.3846
0.2421
0.2471
0.2998
0.8308
0.3005
0.3515
0.181
0.4328
0.4992
0.7675
0.8917
0.3851
0.4119
0.235
0.386
0.2296
0.25
0.496
0.1967
0.3288
0.2417
0.3843
0.7909
0.8007
0.27
0.2967
0.164
0.3232
0.3325
0.465
0.6242
0.332
0.2351
0.2609
0.6367
0.3957
0.5184
0.1974
0.2223
0.4424
0.214
1.218
0.4995
0.1537
0.3111
0.1904
0.2321
0.8598
0.2935
0.8138
0.2358
0.5925
0.3191
0.2666
0.3606
0.3376
0.2386
0.7237
0.2799
0.2868
0.4132
0.6385
0.1667
0.1741
0.3876
0.3544
0.8469
0.5759
0.2818
0.2388
0.4233
0.331
0.5027
0.1969
0.9144
0.2033
0.4426
0.2116
0.5652
0.4188
0.5047
0.702
0.4159
0.1759
0.3513
0.7739
0.3442
0.2885
0.202
0.1851
0.1916
0.2275
0.2442
0.2143
0.243
0.4294
0.2063
0.356
0.2797
0.3107
0.3646
0.4001
0.5576
0.2568
0.9406
0.1755
0.7948
0.4263
0.3807
0.5215
0.9013
0.3035
0.4665
0.283
0.2147
0.4291
0.4525
0.4847
0.3702
0.2314
0.4407
0.6995
0.2725
0.594
0.4112
0.3672
0.4443
0.7514
0.225
0.5895
0.218
0.3038
0.4706
0.218
0.6006
0.5394
0.3971
0.295
0.3589
0.3952
0.3443
0.1902
0.3404
0.3928
0.2886
0.2035
0.2971
0.3621
0.3047
0.1882
0.5806
0.5778
0.6792
0.2357
0.1533
0.7542
0.3283
0.338
0.338
0.3513
0.4492
0.375
0.2098
0.3044
0.3647
0.2116
0.4393
0.3025
0.6752
0.6388
0.2298
0.3715
0.3197
0.356
0.5514
0.1724
0.2888
0.318
0.36
0.5155
0.2784
0.2631
0.7459
0.766
0.2898
0.3219
0.7521
0.4602
0.2705
0.4674
0.4675
0.7137
0.1764
0.2287
0.5182
0.2699
0.1901
0.3194
0.1995
0.3225
0.6065
0.2897
0.3443
0.4779
0.2276
0.3408
0.3908
0.2582
0.8343
0.2754
0.2673
0.4095
0.1672
0.2152
0.2318
0.3734
0.3543
0.2272
0.2397
0.2165
0.5684
0.6031
0.3261
0.202
0.5909
0.6774
0.3884
0.3615
0.2556
0.3767
0.9294
0.5893
0.5056
0.1924
0.5565
0.1874
0.4534
0.1789
0.4164
0.4867
0.7815
0.4676
0.4843
0.4905
0.4179
0.2353
0.4758
0.5564
0.2516
0.6972
0.7266
0.3833
0.4667
0.2678
0.7233
0.1825
0.2065
0.4137
0.5508
0.4981
0.8733
0.01139
0.2937
0.2801
0.3388
0.1839
0.4825
0.5307
0.3613
0.5938
0.2387
0.5677
0.2873
0.5207
0.2248
0.3662
0.7346
0.5333
0.3137
0.1834
0.2317
0.5934
0.5428
0.2489
0.2487
0.3562
0.1738
0.2835
0.2411
0.4514
0.3003
0.2667
0.3044
0.3419
0.2892
0.4885
0.2777
0.1993
0.2838
0.3943
0.3515
0.1714
0.7344
0.6085
0.362
0.3247
0.2301
0.6551
0.3762
0.291
0.3525
0.6512
0.3778
0.9529
0.26
0.2812
0.2276
0.3491
0.2743
0.459
0.48
0.2938
0.6132
0.3755
0.4283
0.5352
0.4045
0.3611
0.2056
0.7537
0.2338
0.2445
0.2813
0.2251
0.5007
0.2345
0.3142
0.4543
0.3532
0.1731
0.2925
0.2711
0.2522
0.2562
0.6583
0.3565
0.4466
0.518
0.3537
1.018
0.5168
0.2486
0.461
0.3218
0.6525
0.4341
0.5646
0.3335
0.5999
0.5377
0.552
0.4831
0.2125
0.3022
0.2326
0.3351
0.4051
0.3059
0.2435
0.543
0.4777
0.5515
0.5409
0.4862
0.4035
0.9156
0.3336
0.3067
0.4
0.4016
0.3267
0.2194
0.5095
0.5064
0.8613
0.7271
0.4776
0.4081
0.5213
0.2347
0.2406
0.3221
0.2232
0.2949
0.3696
0.9278
0.166
0.4014
0.3252
0.2744
0.202
0.5425
0.2991
0.5351
0.242
0.2337
0.1775
0.2704
0.2327
0.1726
0.6127
0.281
0.4174
0.3292
0.3139
0.3056
0.2623
0.3901
0.717
0.2619
0.3807
0.3752
0.2556
0.4826
0.5394
0.446
0.2633
0.625
0.2707
0.2839
0.6211
0.3211
0.4774
0.2366
0.3007
0.4909
0.6696
0.6191
0.2714
0.1978
1.132
0.7044
0.3323
0.3828
0.9826
0.266
0.2781
0.4651
0.5168
0.2027
0.3112
0.14
0.3191
0.6226
0.5448
0.3253
0.3207
0.2372
0.2009
0.2774
0.5414
0.5455
0.3416
1.043
0.5205
0.3257
0.1432
0.5221
0.4069
0.8703
0.9165
0.291
0.6275
0.3252
0.3591
0.3517
0.5268
0.6408
0.2321
0.2599
0.3108
0.2495
0.29
0.4002
0.395
0.4622
0.408
0.4231
0.8582
0.4526
0.4631
0.3788
0.7044
0.8174
0.4447
0.4037
0.2697
0.4126
0.6236
0.233
0.3481
0.2127
0.2442
0.6274
0.265
0.2079
0.5355
0.4361
0.2944
0.4188
0.4302
0.2109
0.2392
0.5779
0.333
0.841
0.2643
0.2575
0.5809
0.5331
0.361
0.5326
0.4733
0.1938
0.6365
0.4546
0.2595
0.2349
0.3227
0.1598
0.2849
0.6001
0.3629
0.4289
0.5713
0.2667
0.197
0.3632
0.2804
0.1588
0.506
0.541
0.403
0.2988
0.593
0.1709
0.2801
0.6107
0.2409
0.4079
0.4645
0.6072
0.4867
0.7118
0.4154
0.9693
0.5597
0.6252
0.2029
0.2414
0.3815
0.103
0.2075
0.7719
0.6077
0.2476
0.9608
0.2948
0.4629
0.1967
0.6545
0.2418
0.2794
0.2872
0.3918
0.1987
0.4039
0.3791
0.4921
0.1992
0.4507
0.3665
0.3717
0.3558
0.8469
0.3778
0.5131
0.6198
0.8562
0.9999
0.627
0.5474
0.2993
0.3603
0.7473
0.9259
0.3444
0.5162
0.4506
0.5386
0.3998
0.5126
0.4188
0.322
0.4548
0.2769
0.4841
0.4237
0.2458
0.273
0.1896
0.4509
0.2147
0.9661
0.2147
0.3164
0.4499
0.1956
0.4239
0.3158
0.2737
0.3918
0.5062
0.294
0.4129
0.572
0.2322
0.576
0.2632
0.3828
0.4378
0.9109
0.2006
0.5386
0.2689
0.4585
0.3438
0.5501
0.4136
0.1934
0.227
0.4326
0.5601
0.5572
0.4337
0.6276
0.1952
0.61
0.5551
0.2161
0.4061
0.3078
0.1522
0.3835
0.3524
0.2356
0.256
0.4055
0.2921
0.2365
0.5277
0.229
0.3998
0.1821
0.71
0.2674
0.3039
0.2354
0.1992
0.27
1.049
0.7833
0.2755
0.3302
0.4982
0.2691
0.6361
0.4133
0.3456
0.4277
0.1488
0.1883
0.4403
0.5305
0.2236
0.448
0.4276
0.1782
0.3843
0.4086
0.4656
0.1987
0.3843
0.3009
0.5134
0.4091
0.2525
0.4275
0.2139
0.29
0.2408
0.3617
0.5631
0.7624
0.6092
0.4998
0.6531
0.257
0.8626
0.4015
0.3501
0.2159
0.1923
0.2051
0.2729
0.3647
0.196
0.2405
0.2603
0.8195
0.8069
0.6987
0.6656
0.4115
0.5088
0.5385
0.3733
0.6437
0.1875
0.3021
0.4241
0.3626
0.2013
0.541
0.3021
0.2839
0.2495
0.9668
0.3137
0.4662
0.7927
0.454
0.3194
0.2666
0.1285
0.5686
0.587
0.5156
0.4767
0.2697
0.2525
0.269
0.5618
0.458
0.3309
0.4121
0.161
0.1783
0.6562
0.6006
0.3007
0.2187
0.3909
0.3187
0.8041
0.3654
0.3501
0.5015
0.2056
0.2723
0.3286
0.6437
0.4183
0.1626
0.855
0.3133
0.3002
0.2276
0.8482
0.2475
0.3003
0.2216
0.619
0.2148
0.1791
0.3022
0.4707
0.6698
0.6004
0.788
0.4184
0.4538
0.583
0.5791
0.6639
0.3601
0.9692
0.4957
0.307
0.8973
0.4156
0.4276
0.5971
0.8614
0.4376
0.2543
0.285
0.6586
0.689
0.2771
0.2032
0.9141
0.5117
0.2807
0.2262
0.554
0.1981
0.2953
0.8287
1.005
0.4466
0.9089
0.3404
0.7618
0.6036
0.2798
0.6932
0.2663
0.7235
0.264
0.2503
0.5954
0.7694
0.2963
0.509
0.2568
0.2586
0.4118
0.3064
0.4542
0.308
0.3673
0.4618
0.2888
0.2236
0.2608
0.3235
0.4219
0.2063
0.2296
0.4107
0.4067
0.6797
0.5071
0.5469
0.3083
0.775
0.4421
0.3828
0.6305
0.2724
0.2081
0.1811
0.2298
0.3172
0.2063
0.4149
0.3191
0.5034
0.3088
0.1966
0.6199
0.3487
0.4275
0.2392
0.4166
0.4869
0.5176
0.4611
0.2539
0.5794
0.1978
0.3643
0.3762
0.549
0.5794
0.7458
0.9244
0.264
0.4347
0.1854
0.4868
0.2604
0.3376
0.36
0.9492
0.2227
0.3375
0.4795
0.4029
0.2871
0.3343
0.2551
0.2859
0.5109
0.7227
0.463
0.57
0.3944
0.5927
0.452
0.7511
0.9192
0.1814
0.2829
0.269
0.2702
0.3032
0.2911
0.311
0.8265
0.7683
0.6183
0.634
0.2132
0.2123
0.1953
0.7223
0.4881
0.7843
0.4014
0.2802
0.2528
0.9629
0.4165
0.3521
0.3234
0.4265
0.6022
0.2582
0.212
0.2352
0.3269
0.3224
0.2625
0.3336
0.3921
0.3946
0.2645
0.1682
0.3451
0.2845
0.1709
0.521
0.6318
0.2746
0.2189
0.4579
0.311
0.3386
0.3227
0.2866
0.2806
0.2835
0.2746
0.2222
0.3138
0.2893
0.224
0.3741
0.2837
0.8418
0.3765
0.257
0.6723
0.3949
0.4525
0.1755
0.4937
0.3829
0.2961
0.3266
0.4103
0.5201
0.2456
0.2641
0.3057
0.7057
0.1709
0.548
0.333
0.2034
0.3149
0.2282
0.1759
0.6793
0.5131
0.358
0.1306
0.5436
0.4259
0.2268
0.6609
0.1982
0.217
0.3425
0.2562
0.8238
0.2917
0.2184
0.2085
0.2774
0.286
0.1939
0.8332
0.2721
0.3173
0.7549
0.3979
0.2557
0.5984
0.7645
0.3274
0.5237
0.3347
0.298
0.3376
0.2009
0.4261
0.2409
0.8929
0.5538
0.4567
0.5285
0.6926
0.3511
0.8406
0.7308
0.4236
0.5172
0.3671
0.9019
0.5182
0.5241
0.5407
0.6552
0.199
0.2849
0.3243
0.3525
0.1892
0.3419
0.2258
1.017
0.7076
0.792
0.3954
0.197
0.2677
0.5326
0.2622
0.4747
0.4896
0.4979
0.245
0.3266
0.3223
0.1942
0.7059
0.2179
0.3582
0.2611
0.5567
0.2816
0.2646
0.2895
0.4347
0.4386
0.3927
0.3811
0.5015
0.5935
0.2595
0.2285
0.5562
0.2882
0.4088
0.6319
0.3991
0.4106
0.513
0.4593
0.1835
0.7519
0.3065
0.2124
0.5513
0.1805
0.3758
0.3218
0.4472
0.2579
0.2089
0.4115
0.3682
0.5767
0.1705
0.5972
0.1926
0.2084
0.275
0.1941
0.1938
0.7467
0.4118
0.8675
0.3949
0.662
0.4607
0.3701
0.6446
0.5787
0.3744
0.2088
0.5633
0.3141
0.4517
0.1856
0.6479
0.4521
0.2504
0.4337
0.1463
0.3178
0.8776
0.4569
0.6458
0.45
0.5037
0.4517
0.9945
0.9208
0.2201
0.2706
0.2138
0.675
0.586
0.337
0.1856
0.5115
0.4921
0.4875
0.3473
0.2929
0.4503
0.2961
0.1529
0.9779
0.3507
0.4086
0.2433
0.1505
0.1801
0.3308
0.2171
0.3595
0.3989
0.3733
0.2235
0.4819
0.2978
0.2742
0.4627
0.4441
0.3547
0.7973
0.6983
0.5877
0.5817
0.5712
0.3102
0.3376
0.3025
0.1847
0.5057
0.2228
0.1918
0.2053
0.1337
0.4856
0.6073
0.9459
0.4075
0.2243
0.314
0.2704
0.1762
0.3797
0.236
0.5544
0.536
0.7725
0.4077
0.3027
0.2795
0.3512
0.3066
0.4876
0.5057
0.2615
0.4366
0.3847
0.4039
0.4702
0.5962
0.3585
0.1772
0.3963
0.225
0.6097
0.6721
0.3227
0.2089
0.7604
0.7852
0.8279
0.7064
0.16
0.2681
0.8113
0.18
0.3667
0.7285
0.4427
0.01928
0.2541
0.5996
0.7408
0.6578
0.5802
0.4877
0.4172
0.3758
0.3823
0.9682
0.2207
0.2732
0.414
0.6763
0.3198
0.2051
0.5337
0.2917
0.445
0.4622
0.2347
0.7551
0.2705
0.2513
1.033
0.8526
0.5553
0.3732
0.2725
0.504
0.2273
0.2517
0.2664
0.236
0.3558
0.247
0.4189
0.4936
0.5204
0.4705
0.4786
0.3527
0.7217
0.6392
0.3367
0.275
0.2103
0.7678
0.1716
0.6247
0.2908
0.2711
0.5456
0.6219
0.2687
0.3975
0.4627
0.2918
0.3264
0.4504
0.3793
0.6076
0.3074
0.7441
0.3292
0.2666
0.9938
0.9082
0.4626
0.4622
0.4274
0.5133
0.3172
0.2087
0.3703
0.3377
0.2125
0.1626
0.4478
0.5024
0.4917
0.4219
0.7516
0.4767
0.277
0.4755
0.3501
0.4363
0.2994
0.3288
0.4641
0.2253
0.4088
0.2452
1.007
0.2877
0.2523
0.2254
0.2711
0.2685
0.4405
0.4151
0.2176
0.4389
0.5402
0.3862
0.2869
0.2018
0.2557
0.311
0.2184
0.311
0.471
0.4619
0.431
0.4307
0.2879
0.6845
0.3559
0.2002
0.4918
0.6122
0.1463
0.2228
0.7018
0.2805
0.4346
0.2148
0.4419
0.4179
0.5826
0.5026
0.8534
