1.806
0.1705
0.0
3.996
3.552
0.6411
0.0
0.236
11.27
1.905
3.212
1.998
0.8318
8.637
0.1421
1.163
5.849
0.5392
1.153
2.967
0.5236
0.7047
4.088
4.861
5.481
0.8578
0.3018
2.697
6.798
1.863
0.8879
0.1492
2.112
1.867
6.485
0.3533
0.6887
0.3252
0.8023
7.072
1.14
1.054
6.231
1.253
1.499
1.351
1.697
1.073e-07
5.144
5.221
2.241
0.0
0.7052
1.273
5.162
6.384
3.41
2.351
0.8646
0.4992
0.997
1.397
1.628
3.342
1.838
2.096
0.0
2.002
1.333
3.049e-07
8.988
2.96
5.324
2.116
2.639
0.0
0.702
1.788
2.236
1.699
0.8012
0.0
1.499
1.486
1.75
0.225
4.686
1.061
0.9452
1.915
0.3605
0.5213
0.0
0.7154
13.5
1.926
6.556
3.997
10.34
3.723
1.41
1.112
2.188
2.125
10.07
9.101e-08
8.884
7.172
0.361
4.976
0.3063
3.417
1.211
0.0
3.342
2.634
0.09924
1.989
0.7419
0.9638
3.241e-07
0.8498
1.215
3.477
0.9316
2.169
1.165
1.324
1.062
3.921
0.2286
1.182
0.395
3.354
8.098
4.136
3.926
0.9104
0.6036
0.6609
0.4988
4.943
1.496
1.034
7.308
1.143
0.0
1.22
3.704
0.4573
0.5663
1.08
5.789
0.9369
0.854
7.755
7.23
1.322
0.8729
4.085
0.9031
0.0
1.538
5.252
0.7545
1.192
0.0
1.572
1.324
7.184
5.755
2.18
4.657
1.04
2.306
3.787
0.9422
2.744
0.8301
9.616e-08
0.9962
0.8575
0.3836
3.194
4.083
1.423
4.32
0.3469
7.621
1.515
6.204
9.279
7.941
8.277
1.593
0.6792
2.368
0.8359
1.942
0.0
1.607
1.322
5.937
1.685
4.281
5.998
0.21
5.57
6.134
4.962
1.799
0.0
0.9914
1.957
0.5417
0.561
3.054
5.13
4.681
0.7113
0.9701
6.893
3.814
2.195
5.331
2.48
2.839
5.399
1.792
5.783
0.3392
0.8702
9.45
8.563
2.367
5.424
6.297
9.35e-08
2.256
0.0
0.68
0.0
2.947
4.736
0.0
0.2729
2.204
1.321
0.6679
1.026
1.003
2.122
1.283
1.871
1.444
10.07
4.539
2.041
1.838
3.464
0.6239
0.2836
4.392
0.0
0.4383
11.98
0.3617
0.7121
1.586
2.263
0.0
1.036
0.5631
1.389
5.348
3.877
0.0
0.447
5.835
1.747
1.041
2.042
1.366
4.549
1.706
0.586
3.715
0.0
1.874
10.51
6.681
2.665
6.409
0.7017
2.536
3.253
0.0
1.381
5.915
3.756
2.721
5.686
0.6331
0.1865
1.456
0.6026
4.155
1.234
2.503
3.42
1.75
8.218
0.9178
1.92
1.911
2.866
1.663
3.4
3.195
1.553
5.104
2.101
4.402
2.153
1.373
0.9823
4.009
2.617
0.8072
1.747
1.207
5.417
4.707
4.721
2.843
1.177
0.3004
1.316
2.848
6.671
2.917
1.606
4.239
2.122
0.0
10.89
0.0
1.743
0.4053
0.449
2.704
0.0
2.196
1.556
2.233
1.614
0.7272
0.0
2.052
5.034
2.636
1.766
6.047
7.834
0.8379
0.3248
3.38
0.0
1.411
0.7543
0.6492
5.157
6.475
0.8468
1.321
1.721
1.617
0.0
1.121
0.511
0.3117
3.07e-07
2.351
1.361
1.158
4.948
4.672
3.454
3.438
1.692
1.695e-07
0.6052
2.41
3.817
2.922
2.037
2.58
1.627
1.334
2.529
6.249
0.8519
0.2474
0.9944
3.155
3.723
0.818
1.672
7.401
0.9253
1.284
4.171
2.329
0.912
1.929
1.828
1.245
1.335
1.344
1.642
1.311
1.316
0.0
0.0
1.569
3.128
0.955
5.288
0.0
1.721
0.6187
1.743
0.2497
0.6834
6.073
2.776
4.568
1.74
1.135
0.7011
23.13
0.0
0.0
2.796
1.743
1.032
0.6548
6.327
0.3473
36.77
3.137
4.389
3.737
3.542
3.4
8.502
0.6741
4.488
0.0
5.761
1.557
0.0
2.367
1.9
1.591
2.665
1.405
1.822
1.269
0.3727
1.409
11.52
1.725
0.6944
11.2
3.169
0.5585
4.508
1.728
0.0
4.534e-07
5.31
1.931
2.487
2.222
2.089
0.5114
0.0
0.2315
1.291
4.683
1.692
11.25
1.56
0.6456
4.238
11.51
0.0
7.679
0.6481
0.0
1.132
0.0
1.938
0.09649
1.477
0.9587
0.7307
1.515
2.539
1.484
0.6402
2.927
1.142
2.839
0.395
0.8526
1.195
3.37
0.4961
1.255
5.344
0.6072
1.171
1.191
3.017
3.275
0.5109
4.974
1.061
1.756
0.6816
2.249
13.48
1.618
0.0
1.6
3.295
1.193
3.455
0.6692
0.4449
2.851
1.07
1.155
2.073
9.422
1.039
1.126
1.154
1.644
4.133
2.829
0.6668
1.693
0.4781
1.249
1.756
1.505
0.9202
3.753
1.137
2.902
3.525
0.0
1.786
3.741
1.274
1.192
1.322
1.77
0.462
1.763
0.0
1.029
0.8272
4.469
5.414
8.706
0.0
1.518
0.0
0.8856
1.585
2.212
11.08
4.957
3.608
0.0
0.9254
1.546
3.185
0.2562
0.8321
2.328
2.838
5.723
0.7691
0.6295
1.005
2.245
2.326
0.0
3.578
0.0
2.78
4.71
1.458
1.419
1.287
1.663
3.52
3.105
0.0
3.829
6.994
0.2175
3.806
0.6753
1.352
0.4476
4.809
3.351
1.354
4.431
0.6894
0.2128
1.775
2.666
5.584
1.24
0.0
0.0
3.23
6.893
0.0
2.619
1.729
8.302
3.17
0.8612
5.149
0.9262
8.576
3.475
0.6796
2.314
3.746
4.205
4.775
0.0
3.195
5.386
0.3782
0.658
2.344
0.4124
0.0
1.315
0.2279
2.769
0.7789
0.6192
4.041
3.168
3.52
9.177
0.7367
0.8808
1.197
2.083
0.0
6.26
3.373e-07
2.922
0.0
2.295
5.438
0.6586
7.598
0.0
1.636
1.14
9.732
2.524
3.455
7.374
2.302
0.6273
0.4133
3.235
5.933
3.507
1.452
7.668
1.239
0.8622
0.0
4.226
1.037
1.178
0.0
0.401
2.27
3.214
0.4312
0.766
1.365
3.303
1.396
5.2
3.174
0.4144
1.951
1.812
0.5425
0.0
0.9565
1.592
2.183
3.178
0.946
8.6
1.587
5.4
0.6466
0.5253
4.083
3.16
1.347
0.9171
6.565
2.739
1.772
1.149
8.271
1.606
0.3301
5.523
1.209
5.713
0.8622
0.1837
3.797
0.4956
1.223
0.0
3.264
2.459
0.0
2.205
3.51
1.572
2.996
2.285
2.796
0.7765
1.221
1.518
1.073e-07
2.24
0.5453
3.395
1.925
3.757
3.301
3.032
4.208
1.712
0.4578
0.9104
5.424
2.547
2.348
4.883
1.125
4.109
1.228
0.7122
0.5471
0.9787
2.026
0.8546
0.0
0.0
0.9917
5.515
3.577
3.839
5.827
0.0
3.224
4.367
2.387
1.627
4.32
2.587
1.223
0.728
0.5832
1.386
1.667
2.063e-07
3.525
0.5085
2.225
6.524
1.179
1.439
5.954
0.2906
0.0
0.7181
6.555
1.658
4.505
0.0
3.688
1.421
3.586
6.298
7.246
0.0
0.7763
2.945
2.498
5.521
4.301
0.0
1.502
3.102
1.566
0.9296
4.732
0.9639
1.524
2.48
0.0
0.8171
3.455
1.643
0.9731
1.826
1.953
0.3864
9.158
2.003
0.8013
1.133
3.403
3.023
2.361
0.0
1.045
1.038
0.8329
0.8591
0.2266
2.204
3.433
0.0
4.573
2.839
4.726
1.239
0.0
0.638
1.956
3.058
2.196
4.189
0.4478
3.945
0.3837
1.591
1.215
4.809
3.65
1.086
4.803
4.614
0.8914
1.283
8.273
5.664
1.05
2.8
0.6765
0.0
0.0
4.431
1.518
1.469
1.642
1.852
0.9833
7e-08
2.402
0.9241
1.484
4.109
0.2946
7.101e-08
2.112
1.064
6.243
1.233
1.839
0.0
1.839
3.482
0.0
8.271
5.91
4.255
7.198
1.438
5.243
1.47
3.662
2.222
1.106
0.3415
1.741
3.993
8.382
0.5645
2.7
9.849
1.365
5.816
1.472
2.705
1.963
5.757
3.277
1.38
0.0
2.472
0.8155
5.936
4.389
0.9341
1.83
1.797
1.095
1.283
0.3152
1.912
4.581
0.772
5.126
2.311
0.0
0.0
0.0
3.475
2.696
3.214
1.328
1.525
4.223
2.067
2.364
6.6
1.496
1.264
1.539
1.145
2.101
1.197
0.0
7.066
1.479
2.551
4.054
0.6031
0.0
2.422
2.281
0.0
0.5501
4.498
2.17
1.16
1.305
1.942
3.535
4.502
0.3003
5.986
8.243
4.374
1.756
10.28
0.3915
1.396
2.842
5.509
2.639
1.98
0.7387
0.0
3.103
1.567
0.8873
3.492
1.973
2.078
0.4579
3.433
0.0
0.6057
7.933
1.404
14.52
2.844
1.935
1.596
0.461
5.321
0.9713
0.5959
5.634
2.927
5.049
2.225
7.522
2.697
1.324
3.772
3.517
1.43
0.8438
1.29
10.64
0.2051
1.123
0.8823
6.207
2.843
1.763
2.636
0.3456
0.5557
4.736
1.204
0.468
4.861
1.958
0.4218
3.199
2.526
1.772
0.946
0.0
2.396
5.118
1.983
2.92
2.619
3.997
1.307
2.78
2.188
5.021
0.1929
0.4177
0.0
18.04
0.0
1.196
0.8023
2.433
3.799
2.547
1.256
4.585
2.175
1.898
14.33
2.032
2.945
1.74
0.0
1.933
1.757
0.0
2.849
0.0
0.9248
3.029
1.392
1.655
1.198
0.0
2.093
0.8565
0.6057
0.6297
0.0
2.123
1.56
4.041
2.078
1.268
3.945
1.984
6.841
1.482
3.734
1.091
0.0
3.919
1.929
2.302
3.386
0.8519
0.0
6.167
0.9652
2.382
0.7071
8.234
0.9105
1.486
1.41
0.5186
1.117
1.257
1.094
5.092
0.0
3.814
3.734
0.0
7.602
2.945
5.907
2.331
1.693
1.384
3.702
0.7887
2.311
0.775
1.275
0.0
1.874
1.556
4.541
5.664
7.947
1.167
10.1
1.023
0.5958
0.9061
2.948
8.186
0.7482
2.291
0.0
0.9241
1.151
6.637
2.22
1.973
7.851
3.16
0.4554
4.07
1.444
1.373
0.2723
5.304
4.488
2.329
0.0
3.253
2.681
0.4631
0.0
4.498
3.029
0.9904
0.6988
2.409
0.7209
1.98
5.243
0.4986
2.414
0.0
0.0
1.347
1.474
2.183
3.224
1.676
2.437
3.9
2.223
0.88
2.021
8.65
2.767
0.8312
1.62
3.451
5.18
2.652
3.517
0.0
2.591
1.396
0.0
0.0
0.0
2.487
1.013
0.4718
1.76
1.084
4.573
0.5916
0.5428
0.4517
2.672
1.181
0.0
1.283
1.404
1.806
5.592
1.795
0.0
1.39
3.889
0.8408
3.103
1.729
2.712e-07
1.398
6.882
1.065
5.31
0.8009
10.75
0.0
1.563
0.2132
3.874
1.368
2.495
0.1666
0.7693
0.8397
3.087
1.594
2.523
5.767
8.218
0.8235
3.761
0.6534
0.991
3.082
0.7959
2.808
1.823
4.775
5.777
0.1888
4.181
7.208
1.767
0.2357
2.639
0.6076
6.013
1.63
1.407
1.152
0.6521
0.0
5.255
0.9306
6.285
2.484
2.26
0.4388
2.721
18.74
0.0
4.335
0.954
3.991
2.609
3.044
3.676
1.124
0.9275
1.501
1.158
3.058
2.696
6.798
1.154
2.92
1.358
5.391
0.579
1.012
0.0
1.188
0.8055
1.276
5.162
1.301
0.3836
1.623
4.952
0.0
1.406
7.336
0.6446
2.32
7.573e-08
0.4122
0.6539
1.455
3.403
0.4781
6.293
0.7949
1.984
0.0
1.36
1.743
1.662
2.12
5.333
1.264
0.3571
6.108
2.539
5.599
5.778
1.525
1.049
3.17
0.3191
1.008
0.9282
0.0
1.247
1.849
2.351
0.0
4.37
0.5606
3.577
0.3759
0.6179
0.931
1.309
2.171
5.164
3.451
0.0
1.315
0.6834
0.7997
0.8376
3.328
0.9137
2.311
0.4787
5.974
0.2426
0.0
1.035
3.331
0.6824
5.482
0.9019
0.0
0.2474
1.053
1.31
0.0
0.7949
1.469e-07
6.689
0.0
0.0
0.713
1.401
0.242
2.067
0.0
4.458
0.8782
1.313
0.8309
0.0
1.558
0.3842
2.652
0.9374
3.655
13.8
1.407
0.9683
2.11
0.6899
0.8431
1.092
6.879
0.6302
2.839
2.112
2.839
0.8061
0.0
2.283
0.9083
1.237
6.018
2.123
1.346e-07
2.02
5.697
9.809
17.39
0.0
1.163
2.609
2.167
0.0
1.626
1.185
2.124
4.961
8.184
3.454
7.306
0.3098
0.4637
0.0
0.441
1.581
0.8188
2.767
0.6981
2.283
1.284
5.76
0.809
4.809
1.123
9.957
5.607
0.0
6.004
3.734
5.431
1.176
4.109
3.351
1.128
2.417
0.0
3.225e-07
1.322
1.039
0.7549
1.519
2.225
1.114
1.582
1.657
1.265
0.7916
0.7195
1.396
2.169
3.128
0.0
2.744
0.6614
0.7951
0.0
0.0
7.02
7.435
2.069
0.0
2.117
1.764
0.0
0.0
0.0
6.198
0.0
2.278
8.14
0.42
5.66
0.4277
2.817
3.207
0.6589
3.054
1.756
2.43
1.478
0.434
0.8977
1.488
0.7208
1.171e-07
0.0
0.7393
1.267
0.6069
0.9531
0.1185
0.0
4.803
0.8573
1.102
1.379
6.873
18.7
1.478
0.0
0.8246
1.112
4.71
1.261
0.8132
2.982
4.845
1.873
0.9601
5.087
7.171
0.0
0.4762
0.0
2.536
0.0
5.16
0.5036
5.952
1.143e-07
2.189
0.6188
3.407
3.163
0.9094
7.865
1.531
0.7955
0.8628
7.055
5.835
1.772
1.852
8.316
7.389
0.913
5.336
1.404
2.036
8.998
5.047
1.297
0.0
1.273
0.0
1.74
0.0
1.102
0.0
0.153
0.7376
0.697
1.971
11.87
1.343
6.913
0.9166
1.348
3.824
0.0
0.0
1.872
1.207
5.273
2.546
11.56
7.933
7.371
1.597
0.4559
5.259
0.5705
1.801
0.7707
6.831
1.345
0.0
3.206
9.958
2.49
0.0
0.6732
5.206
0.6307
0.969
1.535
3.386
0.3672
1.727e-07
0.9423
2.311
1.433
2.751
2.565
6.504
1.111
12.08
2.561
0.7423
16.82
2.888
1.781
0.0
0.0
11.02
0.7662
1.432
0.0
1.107
4.204
0.4677
0.9134
0.0
3.224
0.3421
2.101
3.181
1.597
2.878
6.301
0.0
4.317
0.0
1.421
3.369
5.278
1.337
0.9783
2.019
1.562
0.0
0.2285
1.559
2.067
3.328
3.756
1.102
5.107
5.915
2.761
1.418
1.566
2.956
1.781
2.023
2.22
1.454
0.5571
1.772
1.354
1.566
0.5148
2.898
0.9852
0.9574
4.155
0.472
0.7011
0.7497
2.526
2.589
8.685e-08
0.547
4.094
4.22
0.5781
1.506
0.1576
0.0
1.792
1.469
0.8456
3.817
1.971
10.85
0.4458
1.204
0.4459
2.776
2.898
0.5901
0.1705
2.119
0.6585
3.168
0.0
2.052
1.403
4.786
4.742
1.456
1.706
0.9178
1.204
2.171
11.07
3.103
4.809
0.643
4.624
7.527
0.0
0.0
0.4424
2.212
2.121
0.7991
1.088
1.145
1.819
2.561
4.99
1.769
1.472
1.941
2.163
1.725
0.5023
0.4163
6.186
4.707
0.6542
1.087
4.241
8.018
7.155
0.6867
2.063e-07
0.1047
1.607
1.032
1.569
1.184
5.092
5.76
0.5173
3.391
1.77
1.314
3.516
0.7798
0.0
2.008
9.85
5.129
1.38
4.181
0.9868
2.96
4.246
0.6464
0.0
5.584
3.391
3.662
5.513
0.9282
7.348
0.0
1.185
0.1051
5.787
1.026
2.848
1.956
1.054
1.12
0.9118
1.687
5.462
1.322
2.122
1.322
7.012
3.753
1.334
0.1188
2.335
5.162
1.28
0.7383
1.372
2.663
2.212
1.106
1.332
1.551
1.355e-07
1.192
0.9434
0.0
0.8597
2.026
1.575
1.585
0.0
1.341
2.367
0.0
1.992
0.5417
2.576
1.0
0.4836
2.739
7.088
7.87
0.9731
2.01
7.557
2.878
5.193
0.1638
4.522
2.503
1.718
3.331
0.0
1.221
2.817
0.546
7.936
1.558
1.396
1.522
10.74
1.795
0.8232
1.96
0.5276
4.614
5.967
0.0
0.5916
1.985
0.755
7.088
1.985
18.4
5.022
0.4801
5.509
1.576
0.4027
1.283
1.975
0.8598
2.764
1.839
1.517
3.354
0.9347
4.023
3.532
0.5968
0.0
5.635
1.399
0.0
0.8772
0.7926
0.6698
4.943
1.712
1.644
0.0
3.454
3.517
2.935
4.975
1.318
0.3234
0.7148
0.0
0.7385
1.017
1.099
6.076
10.88
1.672
5.129
0.9114
1.067
0.0
0.8099
3.516
8.137
5.107
1.591
1.129
0.8427
1.433
2.124
3.253
2.121
6.789
2.109
1.426
0.0
1.468
7.968
4.857
1.365
2.034
2.338
5.146
1.633
1.843
2.131
2.818
0.9388
1.915
4.275
0.578
1.536
2.196
6.607
17.39
0.0
1.415
4.64
6.226
1.478
9.422
0.2951
2.444
5.102
0.5334
0.622
2.077
1.196
0.0
2.175
1.3
0.2125
1.247
6.285
5.193
1.271
1.613
1.602
7.204
0.597
8.855
0.571
0.0
3.93
2.833
0.3442
3.761
0.6411
4.518
1.295
1.204
0.6674
4.064
1.663
2.89
6.541
9.705
0.3474
7.881
0.7274
0.7747
1.481
10.04
1.938
0.5694
0.0
1.554
10.11
0.0
2.363e-07
1.038
0.9254
0.0
2.32
5.065
9.871
0.7655
1.229
1.925
5.569
0.7244
0.6539
1.485
0.3922
6.665
0.7937
3.423
5.521
0.0
2.331
2.168
7.854
1.343
3.005
0.6194
1.491
0.8696
6.775
2.169
0.225
0.9791
2.281
0.0
0.8935
5.729
0.0
2.069
0.0
6.108
0.0
0.2937
1.653
1.244
1.117
2.306
0.8878
0.0
0.5084
1.185
1.721
0.0
1.344
6.297
0.6534
1.481
1.648
8.248
0.0
1.872
0.0
1.45
1.182
9.82
0.7433
0.5205
0.5747
6.028
0.2132
1.175
6.076
0.0
1.573
1.532
4.712
2.619
0.6076
5.337
0.0
1.057
1.9
2.569
0.9597
0.7263
2.168
4.494
2.431
1.984
3.057
15.08
0.2839
1.046
0.5581
2.003
1.664
4.248
3.985
0.0
1.335
9.379
2.902
0.0
3.331
7.741
0.0
13.62
0.2214
1.695e-07
3.644
1.663
1.298
2.225
0.4414
5.59
3.088
0.0
9.563
0.9743
0.2632
1.54
1.038
4.204
1.461
2.212
0.5244
1.628
1.958
1.535
3.517
5.116
1.525
5.048
1.592
7.942
1.975
1.008
4.067
0.0
0.673
0.8953
2.457
3.41
0.8294
4.686
4.86
2.363e-07
2.288
0.955
1.749
2.537
1.995
2.867
0.902
8.757
2.126
1.628
0.9756
0.9095
0.0
0.5551
3.554
0.0
1.473
1.559
1.083
1.992
1.439
1.964
1.583
7.69
1.897
11.68
0.7676
6.459
0.913
1.234
1.757
0.6575
1.996
1.741
0.8827
0.8123
0.7408
0.3555
1.485
1.297
2.983
1.297
30.37
0.0
1.06
1.655
0.8072
0.06135
4.539
1.619
3.42
1.081
7.888
4.208
6.611
0.7894
2.119
0.0
0.7165
2.054
1.586
7.741
2.801
3.35
2.04
8.531
0.885
4.585
0.0
11.16
5.314
0.905
2.07
6.425
1.381
5.109
1.298
3.057
1.996
5.348
0.7332
7.977e-08
0.7116
0.0
0.0
1.316
5.726
2.423
3.407
0.6046
1.346
0.221
1.272
1.156
1.142
1.648
0.7164
1.289
5.833
4.238
0.0
0.0
5.723
0.4476
0.8444
6.605
5.767
5.713
8.278
5.039
1.18
0.806
1.443
3.224
0.2969
3.837
1.499
3.438
1.692
2.625
3.799
5.891
1.473
0.2128
6.956
7.71
1.619
0.0
1.662
1.457
0.0
0.6402
0.5011
2.246
2.945
1.475
1.381
1.839
0.0
3.702
0.9366
0.0
1.674
12.08
4.845
1.939
0.0
0.4126
4.553
1.532
2.751
2.697
0.7941
1.019
0.0
1.199
1.998
2.699
3.102
4.397
0.8497
0.5846
2.537
0.0
1.739
5.971
8.216
9.195
1.286
0.8325
4.093
0.7603
6.329
2.239
3.134
0.9418
3.206
1.246
2.338
1.848
1.876
0.9793
1.344
11.32
11.24
2.177
1.298
3.023
1.891
2.019
0.6172
5.822
0.0
1.37
1.655
1.789e-07
4.638
0.0
0.728
0.8456
1.313
1.814
0.0
0.3567
10.48
1.767
1.278
5.726
6.994
1.444
0.884
0.2418
0.6671
0.0
0.0
2.347
0.0
4.588
0.7032
0.6026
0.0
4.857
6.285
2.619
0.7579
0.5599
0.0
2.286
0.5173
0.0
7.371
1.186
0.2629
4.999
0.0
8.023
1.295
9.432
4.736
2.803
0.8442
0.9413
1.074
0.5081
7.591
1.415
1.301
0.0
1.084
3.663
0.0
1.484
0.7892
3.532
8.763
0.7148
1.604
0.0
0.0
0.7265
0.8812
1.454
2.124
0.9531
0.0
5.477
1.155
0.0
1.872
1.576
1.221
1.579
0.9797
8.093
0.362
10.49
1.873
0.0
5.243
0.442
1.652
0.486
0.0
0.7998
2.18
1.003
0.7731
6.894
2.386
0.9396
2.093
0.0
1.13
1.96
1.351
0.9239
1.179
2.373e-07
5.497
1.195
9.651
4.613
1.493
0.6403
2.196
1.543
1.911
0.0
3.977
0.4992
1.065
1.852
6.296
1.687
0.9171
0.0
0.37
0.8456
0.9267
1.76
1.8
8.284
0.8574
1.815
0.0
2.8
1.495
0.3317
8.609
1.185
3.985
0.913
2.311
2.398
1.314
1.008
3.23
0.1752
8.254
0.3635
0.251
3.874
0.597
9.055
1.393
6.267
3.331
3.954
0.979
7.891
1.98
1.153
0.1644
1.873
0.1744
0.6186
0.88
0.8025
1.501
0.0
0.4925
6.799
0.5792
1.55
0.857
0.8261
7.055
1.104
0.3279
0.3847
1.426
1.038
4.458
3.746
1.797
6.772
8.59
0.3623
0.0
2.254
1.629
2.194
1.458
6.042
2.159e-07
3.931
1.929
1.397
2.448
1.501
0.0
2.619
0.542
1.907
4.631
0.5699
0.6079
2.196
0.4955
2.807
1.75
2.196
0.7661
8.137
2.022
4.054
0.0
1.386
4.534e-07
3.049
1.652
0.8787
6.836
0.9683
1.35
0.4113
0.9207
1.106
0.3062
0.0
8.107
0.9022
0.5445
9.279
0.0
1.474
1.713
1.139
0.0
2.373e-07
0.9554
1.329
1.135
4.809
2.323
0.5059
1.191
1.343
0.0
1.211
2.609
4.052
1.915
0.1829
2.002
1.084
1.201
2.048
5.146
2.99
0.9782
4.786
2.751
0.3125
8.284
2.082
0.0
0.7226
1.604
0.9788
8.407
8.278
0.0
1.309
0.5819
0.5862
0.3034
3.35
3.477
0.7078
1.857
0.0
0.0
6.741
7.846
5.899
3.817
0.0
2.495
1.058
1.679
0.3751
3.155
7.401
0.6376
0.0
4.297
1.657
5.155
3.453
0.9098
0.9447
7.172
0.9999
2.402
1.415
1.896
5.431
4.397
5.278
0.905
1.13
2.844
1.082
0.0
0.0
4.317
0.3561
0.0
0.0
13.6
4.162
0.8955
0.0
4.189
0.2456
0.7578
10.19
0.0
1.0
0.3132
1.243
0.0
5.011
1.631
0.0
0.8955
0.6449
5.686
1.29
1.017
1.43
1.204
0.7771
1.478
2.891
1.644
1.737
9.958
0.4863
1.745
1.496
1.217
3.558
0.9907
1.817
0.5853
1.793
10.07
8.576
1.072
0.7727
2.286
0.6611
0.7286
1.709
1.383
1.226
2.361
3.817
0.5041
7.389
2.229
1.603
5.94
1.062
1.324
0.0
0.05374
0.7265
1.038
1.121
1.76
1.484
0.5441
4.653
4.809
1.782
0.9141
1.653
3.598
2.586
2.01
1.399
2.666
9.452
0.4592
7.308
2.663
0.0
1.878
1.319
8.161
0.0
0.0
3.321
5.878
0.0
1.811
2.565
0.2458
9.482
0.4972
2.705
2.105
0.8169
0.0
1.077
2.61
0.0
8.098
0.0
7.371
0.0
0.0
0.4996
0.9475
1.346
0.0
0.0
1.706
1.449
0.0
0.0
1.35
1.445
4.402
1.301
5.569
5.859
1.257
1.811
0.9286
0.0
3.362
9.973
6.558
2.233
1.962
9.737
5.662
1.846
1.456
0.9153
0.5132
0.5054
0.9298
2.302
0.487
5.689
7.959
1.329
2.801
2.152
2.569
0.2771
0.9114
2.331
9.001
3.667
0.0
3.558
3.954
3.301
0.3973
1.12
4.067
0.3906
1.29
0.6932
1.995
4.642
0.991
5.639
0.8545
0.0
1.287
3.102
1.712
6.504
1.985
3.252
5.091
1.039
7.509
0.3061
1.206
6.479
0.6939
2.256
1.523
0.1751
9.31
1.181
5.634
1.404
3.423
1.644
1.697
0.8722
0.7728
1.204
1.156
1.651
1.148
2.219
1.891
4.883
1.893
0.7367
1.367
0.0
0.0
0.0
0.3717
7.971
7.91
0.0
0.6229
0.8636
1.078
0.3653
7.441
0.0
2.166
1.286
0.8468
2.664
7.159
2.302
9.663
0.0
1.662
2.732
6.855
2.806
0.5564
0.7902
0.0
1.383
0.5884
0.9144
0.2675
6.99
1.609
0.3942
1.361
1.588
7.817
2.53
5.048
0.0
0.0
1.358
0.0
0.7998
3.04
3.207
3.455
1.161
1.425
1.047
0.6201
6.244
0.0
1.161
0.0
3.77
2.711
5.049
2.114
0.0
1.391
1.505
1.525
0.1767
1.203
6.77
2.816
0.9766
2.699
4.412
1.178
0.0
1.315
0.9283
8.998
0.1837
1.173
0.8178
7.962
3.369
1.399
0.9074
2.112
0.5786
0.3685
0.0
0.5867
0.0
0.0
0.7951
0.0
7.2
2.117
1.015
3.429
1.418
1.06
4.624
4.539
0.5665
1.032
0.7168
0.6361
6.549
0.0
8.141
0.2407
0.1005
8.054
0.4268
1.867
0.3049
3.901
3.632
0.5914
1.69
0.5394
2.168
0.9807
7.361
0.4559
4.553
0.9954
0.2501
5.595
7.09
3.889
1.836
1.271
1.033
0.8817
1.246
3.088
0.9495
0.5131
0.2792
5.315
3.945
2.565
1.044
0.9589
6.485
2.681
11.56
0.0
0.3975
0.0
0.675
13.46
3.993
0.0
2.072
1.603
10.76
2.764
5.144
5.777
1.656
1.023
1.905
0.7384
2.636
0.0
1.058
1.037
0.3565
0.4632
0.7035
5.684
4.568
0.6078
0.0
2.36
0.0
2.153
0.0
1.381
0.0
5.296
4.248
1.437
1.136
1.168
4.223
2.917
2.639
2.798
1.436
1.365
2.562
0.9309
2.204
4.239
6.784
4.335
2.047
1.163
0.958
0.8506
4.494
2.032
0.0
0.679
0.0
0.7024
1.411
0.7277
0.0
0.911
1.158
0.2369
1.71
0.7235
5.29
8.422
0.1271
7.332
0.6792
0.0
2.205
2.335
0.4826
1.538
8.834
1.507
1.501
0.0
1.393
2.742
0.9446
0.6234
0.8162
0.0
0.5205
0.8399
1.317
1.527
0.0
9.601
0.7654
0.2597
1.484
0.0
1.819
4.072
8.884
1.434
2.135
5.74
1.579
0.3748
6.8
1.844
0.7655
1.176
0.8364
0.0
5.739
4.033
2.959
0.0
0.5868
0.0
1.05
0.0
1.624
5.288
4.732
4.709
4.07
0.6534
0.6576
1.259
0.0
4.518
1.018
0.0
1.072
11.17
5.243
1.101
6.436
0.6481
0.2942
1.477
2.8
0.0
0.0
1.144
1.158
0.5839
1.469e-07
7.235
1.133
0.0
4.094
7.722
1.371
2.187
0.7089
0.649
1.298
6.655
3.362
0.0
8.101
8.886
0.9355
2.37
11.98
0.3621
0.552
3.37
5.252
1.776
3.163
0.0
9.723
2.277
1.053
7.959
0.8085
2.06
0.8639
1.155
3.032
5.391
1.392
0.7211
0.0
7.171
0.3922
0.8578
1.785
1.031
1.44
0.0
1.778
0.3988
0.8867
7.862
0.0
1.187
1.675
1.068
9.214
2.187
0.6745
0.0
0.7342
4.328
22.69
0.0
0.0
0.1298
1.637
0.9737
5.233
0.0
1.528
0.7147
3.715
5.76
0.9735
0.0
0.5432
11.51
4.508
1.195
0.2125
0.21
1.572
1.935
0.0
0.9863
5.104
1.067
1.755
2.892
0.0
0.5008
14.52
1.333
1.102
0.5067
1.823
7.23
0.5016
1.971
3.605
1.568
6.102
0.0
0.7336
0.6286
0.287
0.1829
0.8498
1.822
6.54
5.729
0.0
0.0
3.9
0.0
2.382
1.557
1.96
4.023
0.0
7.545
1.459
2.956
7.509
0.5014
3.581
1.377
2.014
4.689
