9.079e+03
4.134e+03
1.041e+04
1.208e+04
4.172e+03
1.207e+04
7.133e+03
9.738e+03
4.649e+03
1.398e+04
1.159e+04
1.45e+04
1.095e+04
4.747e+03
8.781e+03
1.012e+04
7.113e+03
1.255e+04
8.32e+03
3.955e+03
0.0
6.745e+03
1.269e+04
0.0
1.365e+04
1.04e+04
4.141e+03
1.867e+03
1.312e+04
9.404e+03
6.978e+03
1.33e+04
8.232e+03
7.428e+03
5.97e+03
1.305e+04
4.234e+03
1.421e+04
1.197e+04
1.693e+04
6.395e+03
2.099e+04
8.418e+03
1.26e+04
8.129e+03
7.769e+03
1.463e+04
2.495e+03
8.727e+03
1.725e+04
8.82e+03
1.301e+04
8.189e+03
1.54e+04
4.387e+03
4.023e+03
1.34e+04
8.46e+03
5.889e+03
1.038e+04
7.597e+03
7.292e+03
8.053e+03
9.059e+03
4.747e+03
1.361e+04
1.348e+03
8.626e+03
1.263e+04
6.937e+03
1.269e+04
8.462e+03
1.017e+04
1.036e+04
1.154e+04
1.282e+04
7.292e+03
1.419e+04
7.178e+03
7.626e+03
1.098e+04
1.118e+04
6.01e+03
8.453e+03
5.057e+03
1.521e+04
4.234e+03
1.04e+04
1.175e+04
1.641e+04
1.319e+04
6.25e+03
1.065e+04
9.428e+03
8.121e+03
1.226e+04
8.191e+03
1.016e+04
9.458e+03
4.855e+03
4.09e+03
1.494e+04
1.418e+04
8.307e+03
4.129e+03
2.164e+03
1.566e+04
7.381e+03
1.149e+04
1.365e+04
1.054e+04
1.674e+04
8.062e+03
8.283e+03
1.553e+04
4.747e+03
5.927e+03
6.5e+03
6.652e+03
4.553e+03
9.49e+03
7.215e+03
8.087e+03
1.68e+04
1.481e+04
1.537e+04
1.154e+04
4.47e+03
2.979e+03
1.975e+04
1.157e+04
1.014e+04
8.305e+03
3.065e+03
8.235e+03
1.45e+04
1.151e+04
6.895e+03
9.259e+03
1.548e+04
1.067e+04
0.0
8.076e+03
1.581e+04
9.281e+03
1.13e+04
0.0
1.12e+04
4.86e+03
1.302e+04
1.065e+04
1.509e+04
7.947e+03
9.192e+03
5.763e+03
8.59e+03
1.101e+04
1.278e+04
5.499e+03
1.025e+04
1.385e+04
1.11e+04
1.357e+04
5.793e+03
8.727e+03
3.716e+03
3.734e+03
6.178e+03
1.412e+04
1.624e+04
8.749e+03
1.36e+04
4.747e+03
4.502e+03
0.0
4.959e+03
1.545e+04
1.836e+04
5.76e+03
7.292e+03
1.469e+04
8.652e+03
1.37e+04
7.292e+03
6.01e+03
3.772e+03
1.522e+04
1.914e+04
1.357e+04
9.258e+03
1.27e+04
1.913e+04
1.045e+04
1.458e+04
4.336e+03
3.906e+03
1.287e+04
1.132e+04
6e+03
9.509e+03
7.064e+03
6.564e+03
1.435e+04
5.057e+03
7.41e+03
1.237e+04
1.290e+04
7.677e+03
6.68e+03
1.073e+04
2.124e+04
1.55e+04
7.371e+03
1.268e+04
4.468e+03
1.664e+04
4.125e+03
9.828e+03
9.344e+03
5.827e+03
7.203e+03
1.735e+04
1.017e+04
1.043e+04
1.014e+04
6.854e+03
5.752e+03
1.297e+04
1.571e+04
1.307e+04
1.584e+04
7.264e+03
9.991e+03
4.337e+03
3.734e+03
1.785e+04
1.132e+04
1.825e+04
1.007e+04
9.049e+03
1.43e+04
6.302e+03
1.045e+04
1.007e+04
5.316e+03
7.269e+03
1.44e+04
6.247e+03
1.197e+04
7.182e+03
8.168e+03
1.111e+04
1.603e+04
3.459e+03
1.786e+04
6.962e+03
7.455e+03
6.205e+03
1.563e+04
1.58e+04
6.471e+03
6.642e+03
1.033e+04
1.058e+04
5.233e+03
1.635e+04
1.132e+04
1.719e+04
9.304e+03
1.508e+04
7.867e+03
0.001118
6.652e+03
1.553e+04
1.2e+04
1.522e+04
0.0005988
1.385e+04
1.269e+04
1e+04
1.473e+04
8.514e+03
9.801e+03
9.646e+03
3.437e+03
1.442e+04
4.474e+03
1.184e+04
1.214e+04
1.157e+04
2.01e+04
1.278e+04
1.26e+04
1.014e+04
8.661e+03
1.326e+04
9.442e+03
1.269e+04
1.395e+04
8.393e+03
1.258e+04
1.175e+04
9.262e+03
1e+04
2.342e+03
7.239e+03
1.208e+04
1.166e+04
1.696e+04
1.153e+04
8.107e+03
1.14e+04
8.469e+03
1.67e+04
3.033e+03
7.793e+03
1.481e+04
1.863e+04
4.023e+03
8.189e+03
1.545e+04
1.534e+04
4.639e+03
1.369e+04
6.574e+03
1.49e+04
2.002e+04
1.796e+04
1.348e+04
1.069e+04
9.228e+03
1.043e+04
8.082e+03
1.597e+04
1.801e+04
1.069e+04
1.496e+04
1.025e+04
1.468e+04
9.657e+03
5.97e+03
1.04e+04
1.161e+04
4.657e+03
4.86e+03
1.049e+04
1.355e+04
1.236e+04
1.656e+04
9.201e+03
1.488e+04
1.512e+04
0.0
9.391e+03
1.23e+04
9.392e+03
1.149e+04
1.56e+04
7.862e+03
1.214e+04
0.0
4.603e+03
5.635e+03
8.727e+03
1.744e+04
1.358e+04
0.0
8.911e+03
2.791e+03
1.678e+04
8.548e+03
7.24e+03
5.936e+03
1.221e+04
1.554e+04
1.584e+04
8.861e+03
8.343e+03
1.082e+04
3.065e+03
5.294e+03
1.45e+04
0.0
1.775e+04
1.597e+04
1.339e+04
1.194e+04
1.439e+04
5.304e+03
1.621e+04
1.132e+04
8.19e+03
1.265e+04
1.204e+04
5.602e+03
1.742e+04
1.624e+04
1.119e+04
1.182e+04
1.454e+04
7.52e+03
1.211e+04
4.892e+03
3.991e+03
1.424e+04
1.29e+04
8.232e+03
4.502e+03
8.107e+03
7.627e+03
8.774e+03
1.402e+04
5.127e+03
1.068e+04
1.727e+04
8.749e+03
1.426e+04
1.374e+04
1.213e+04
1.304e+04
8.343e+03
5.92e+03
1.544e+04
5.025e+03
6.173e+03
4.4e+03
1.401e+04
1.271e+04
1.671e+03
5.337e+03
5.376e+03
1.325e+04
1.449e+04
1.509e+04
1.105e+04
1.055e+04
1.588e+04
8.616e+03
1.751e+04
9.77e+03
7.626e+03
1.637e+04
8.902e+03
9.426e+03
7.497e+03
1.514e+04
8.088e+03
1.532e+04
1.258e+04
5.294e+03
1.036e+04
2.804e+03
5.747e+03
7.9e+03
6.228e+03
6.008e+03
2.019e+04
1.243e+04
1.141e+04
3.192e+03
1.221e+04
7.24e+03
8.54e+03
9.879e+03
5.897e+03
1.005e+04
9.579e+03
6.396e+03
8.847e+03
2.107e+04
5.308e+03
1.044e+04
1.129e+04
1.612e+04
8.834e+03
9.097e+03
1.404e+04
1.271e+04
4.55e+03
9.941e+03
1.259e+04
1.568e+04
1.506e+04
1.562e+04
1.053e+04
1.469e+04
9.846e+03
1.186e+04
8.749e+03
6.024e+03
1.863e+04
1.333e+04
6.8e+03
9.097e+03
7.627e+03
1.458e+04
8.052e+03
1.623e+04
5.615e+03
1.097e+04
9.097e+03
8.813e+03
1.854e+04
1.08e+04
1.155e+04
1.01e+04
1.351e+04
1.103e+04
1.046e+04
7.076e+03
7.807e+03
1.596e+04
9.16e+03
9.082e+03
1.326e+04
1.311e+04
2.133e+03
1.174e+04
9.717e+03
9.262e+03
1.183e+04
7.768e+03
1.103e+04
1.121e+04
8.371e+03
9.606e+03
6.046e+03
5.112e+03
3.785e+03
1.085e+04
7.408e+03
5.615e+03
4.617e+03
4.207e+03
1.2e+04
5.652e+03
6.5e+03
2.342e+03
1.623e+04
5.096e+03
8.157e+03
1.304e+04
1.059e+04
5.833e+03
4.305e+03
4.524e+03
1.919e+04
9.442e+03
1.157e+04
1.058e+04
1.266e+04
7.113e+03
6.131e+03
7.113e+03
6.12e+03
1.263e+04
8.68e+03
8.242e+03
1.322e+04
0.0
1.563e+04
1.746e+04
1.666e+04
7.215e+03
1.324e+04
1.099e+04
1.639e+04
7.816e+03
1.711e+04
1.124e+04
8.371e+03
1.195e+04
1.245e+04
8.175e+03
9.136e+03
1.633e+04
1.12e+04
9.281e+03
8.383e+03
8.659e+03
3.974e+03
1.22e+04
4.649e+03
2.246e+04
4.317e+03
8.618e+03
1.602e+04
8.514e+03
1.04e+04
5.2e+03
5.793e+03
9.091e+03
1.225e+04
1.675e+04
1.385e+04
2.904e+03
1.197e+04
1.432e+04
4.51e+03
8.217e+03
1.498e+04
7.24e+03
2.063e+04
1.781e+04
7.489e+03
1.619e+04
5.41e+03
8.652e+03
1.904e+04
1.561e+04
1.651e+04
9.611e+03
7.942e+03
7.9e+03
1.159e+04
9.097e+03
7.736e+03
5.089e+03
2.571e+03
9.972e+03
1.715e+04
1.361e+04
9.52e+03
1.339e+04
6.976e+03
1.885e+04
7.816e+03
1.397e+04
1.002e+04
6.463e+03
1.374e+04
1.751e+04
1.614e+04
1.498e+04
8.354e+03
1.101e+04
7.257e+03
1.921e+04
1.139e+04
1.064e+04
9.801e+03
9.305e+03
1.929e+04
1.209e+04
1.435e+04
7.113e+03
4.747e+03
7.165e+03
1.058e+04
8.395e+03
1.413e+04
8.753e+03
1.579e+04
1.045e+04
1.069e+04
4.828e+03
1.569e+04
9.075e+03
9.018e+03
1.719e+04
9.824e+03
1.627e+04
1.125e+04
6.541e+03
1.921e+04
9.097e+03
1.235e+04
1.24e+04
9.087e+03
9.057e+03
1.414e+04
1.214e+04
1.542e+04
5.502e+03
1.425e+04
1.105e+04
1.064e+04
4.774e+03
1.545e+04
1.491e+04
4.747e+03
4.892e+03
6.008e+03
1.12e+04
1.325e+04
6.126e+03
6.196e+03
7.646e+03
5.233e+03
5.37e+03
0.001118
1.15e+04
1.824e+04
4.918e+03
1.459e+04
9.097e+03
1.036e+04
7.73e+03
6.173e+03
7.915e+03
7.677e+03
1.271e+04
6.43e+03
1.361e+04
1.287e+04
7.794e+03
3.818e+03
1.128e+04
1.022e+04
7.915e+03
4.033e+03
1.015e+04
8.84e+03
7.927e+03
4.941e+03
1.37e+04
7.691e+03
2.804e+03
7.803e+03
1.011e+04
7.579e+03
1.306e+04
1.118e+04
5.811e+03
8.753e+03
1.641e+04
7.978e+03
1.784e+04
1.009e+04
5.547e+03
1.62e+04
8.648e+03
1.782e+04
1.463e+04
1.167e+04
1.243e+04
6.3e+03
1.336e+04
9.442e+03
1.624e+04
7.054e+03
8.963e+03
5.611e+03
8.181e+03
1.602e+04
1.584e+04
1.598e+04
1.785e+04
7.823e+03
1.941e+04
1.749e+04
7.563e+03
8.02e+03
4.892e+03
4.747e+03
8.175e+03
1.489e+04
5.115e+03
6.459e+03
6.832e+03
1.141e+04
1.105e+04
1.274e+04
7.341e+03
7.06e+03
1.147e+04
4.975e+03
7.292e+03
8.753e+03
3.818e+03
1.047e+04
1.387e+04
1.267e+04
1.2e+04
1.232e+04
0.0003921
0.0
1.99e+04
9.52e+03
1.021e+04
7.41e+03
3.772e+03
8.651e+03
6.173e+03
1.62e+04
8.672e+03
4.553e+03
5.502e+03
1.358e+04
1.668e+04
1.45e+04
1.028e+04
0.0
7.716e+03
1.64e+04
1.199e+04
1.568e+04
1.454e+04
1.575e+04
6.675e+03
1.757e+04
9.884e+03
1.05e+04
0.0
7.409e+03
9.911e+03
7.668e+03
9.893e+03
7.06e+03
1.068e+04
1.021e+04
1.275e+04
1.472e+04
2.797e+03
1.001e+04
1.013e+04
7.497e+03
1.179e+04
7.736e+03
8.917e+03
5.025e+03
1.327e+04
1.543e+04
1.484e+04
1.735e+04
8.32e+03
4.207e+03
1.045e+04
9.736e+03
1.022e+04
1.379e+04
7.994e+03
1.181e+04
1.09e+04
1.123e+04
9.481e+03
1.384e+04
1.226e+04
1.537e+04
4.32e+03
7.519e+03
8.24e+03
7.408e+03
8.087e+03
1.358e+04
3.033e+03
1.188e+04
7.089e+03
8.638e+03
9.803e+03
1.57e+04
8.712e+03
1.38e+04
1.156e+04
1.543e+04
1.005e+04
1.588e+04
1.801e+04
1.222e+04
7.947e+03
4.747e+03
1.472e+04
7.319e+03
1.064e+04
4.517e+03
1.745e+04
1.496e+04
1.302e+04
1.193e+04
1.143e+04
9.416e+03
1.659e+04
1.206e+04
6.985e+03
9.097e+03
1.815e+04
1.036e+04
1.253e+04
1.288e+04
0.0
1.153e+04
1.287e+04
1.627e+04
1.457e+04
1.058e+04
7.567e+03
1.431e+04
1.315e+04
1.256e+04
6.817e+03
1.137e+04
1.551e+04
7.815e+03
7.037e+03
1.028e+04
9.191e+03
6.957e+03
1.172e+04
1.404e+04
1.31e+04
5.703e+03
8.19e+03
7.182e+03
6.244e+03
8.514e+03
9.473e+03
1.355e+04
1.323e+04
1.204e+04
1.457e+04
1.261e+04
1.527e+04
8.283e+03
1.658e+04
8.727e+03
1.39e+04
1.076e+04
1.62e+04
5.602e+03
7.205e+03
1.329e+04
1.03e+04
9.069e+03
6.471e+03
1.323e+04
7.113e+03
7.009e+03
1.344e+04
1.139e+04
6.322e+03
1.528e+04
6.817e+03
1.125e+04
9.889e+03
1.073e+04
9.259e+03
1.689e+04
1.572e+04
1.069e+04
1.681e+04
1.015e+04
1.212e+04
6.976e+03
1.037e+04
1.37e+04
7.852e+03
8.548e+03
7.675e+03
1.467e+04
1.719e+04
9.803e+03
7.004e+03
9.269e+03
1.55e+04
4.137e+03
3.033e+03
4.125e+03
9.453e+03
8.286e+03
1.614e+04
1.064e+04
5.747e+03
1.39e+04
1.306e+04
7.497e+03
5.97e+03
1.658e+04
1.187e+04
1.207e+04
2.011e+04
7.978e+03
7.94e+03
5.277e+03
9.991e+03
1.84e+04
6.642e+03
7.812e+03
5.249e+03
1.349e+04
1.617e+04
1.041e+04
1.466e+04
1.552e+04
1.553e+04
7.768e+03
7.538e+03
1.272e+04
1.472e+04
1.705e+04
1.542e+04
1.427e+04
9.055e+03
6.459e+03
1.075e+04
7.113e+03
1.05e+04
4.849e+03
1.346e+04
7.113e+03
1.55e+04
1.587e+04
8.088e+03
1.573e+04
1.045e+04
1.021e+04
1.734e+04
1.185e+04
1.109e+04
6.664e+03
8.749e+03
1.705e+04
1.794e+04
7.263e+03
6.066e+03
1.269e+04
1.269e+04
5.9e+03
7.567e+03
1.037e+04
1.201e+04
6.8e+03
5.294e+03
1.194e+04
1.044e+04
1.208e+04
4.517e+03
1.565e+04
9.037e+03
1.212e+04
8.808e+03
1.416e+04
2.554e+03
1.623e+04
6.971e+03
1.795e+04
1.27e+04
1.142e+04
1.022e+04
1.326e+04
1.099e+04
1.111e+04
1.051e+04
1.421e+04
2.133e+03
1.145e+04
1.201e+04
1.038e+04
1.015e+04
8.781e+03
1.859e+04
7.52e+03
1.387e+04
8.285e+03
1.591e+04
7.292e+03
1.139e+04
1.13e+04
1.197e+04
1.264e+04
1.32e+04
2.315e+03
1.017e+04
1.033e+04
1.339e+04
1.928e+04
1.475e+04
5.285e+03
8.749e+03
1.138e+04
9.049e+03
1.161e+04
1.487e+04
6.433e+03
1.36e+04
1.713e+04
1.139e+04
1.605e+04
1.087e+04
7.205e+03
8.462e+03
1.769e+04
9.376e+03
4.279e+03
1.584e+04
1.418e+04
1.082e+04
1.154e+04
1.315e+04
8.84e+03
7.729e+03
1.133e+04
1.323e+04
7.816e+03
1.807e+04
1.239e+04
9.16e+03
1.292e+04
1.066e+04
5.602e+03
9.866e+03
1.563e+04
1.995e+04
1.39e+04
1.666e+04
9.596e+03
4.959e+03
1.076e+04
6.789e+03
1.033e+04
0.0
8.638e+03
7.004e+03
1.624e+04
1.706e+04
6.639e+03
1.103e+04
1.484e+04
2.098e+04
1.361e+04
1.108e+04
7.823e+03
1.534e+04
1.254e+04
1.805e+04
1.619e+04
1.246e+04
1.935e+04
9.717e+03
1.356e+04
6.854e+03
1.568e+04
1.051e+04
1.45e+04
1.007e+04
1.114e+04
1.326e+04
1.147e+04
1.7e+04
8.107e+03
8.749e+03
1.138e+04
1.499e+04
2.205e+04
5.096e+03
1.318e+04
1.051e+04
8.462e+03
1.431e+04
1.275e+04
2.133e+03
1.527e+04
4.387e+03
1.753e+04
1.379e+04
8.855e+03
8.514e+03
9.52e+03
8.242e+03
1.119e+04
1.687e+04
1.27e+04
8.462e+03
1.383e+04
2.847e+03
1.479e+04
1.752e+04
1.152e+04
1.009e+04
8.384e+03
1.742e+04
1.395e+04
1.113e+04
7.292e+03
1.555e+04
5.894e+03
8.652e+03
1.471e+04
0.0003921
8.286e+03
4.941e+03
2.068e+04
1.351e+04
1.35e+04
8.749e+03
1.722e+04
1.46e+04
6.12e+03
1.645e+04
1.198e+04
7.113e+03
1.417e+04
1.429e+04
6.639e+03
1.168e+04
1.894e+04
6.607e+03
9.955e+03
4.747e+03
8.384e+03
1.403e+04
1.136e+04
1.605e+04
1.055e+04
7.474e+03
1.021e+04
7.292e+03
1.424e+04
8.749e+03
0.0
1.064e+04
1.564e+04
1.182e+04
1.528e+04
1.388e+04
5.41e+03
7.196e+03
9.507e+03
1.759e+04
1.612e+04
1.584e+04
1.011e+04
1.209e+04
1.437e+04
9.736e+03
1.952e+04
1.051e+04
1.045e+04
9.803e+03
1.423e+04
6.247e+03
5.703e+03
1.147e+04
1.353e+04
1.474e+04
4.305e+03
7.995e+03
1.339e+04
1.147e+04
8.614e+03
7.395e+03
1.747e+04
9.293e+03
1.636e+04
8.469e+03
6.432e+03
1.103e+04
9.097e+03
1.928e+04
1.167e+04
1.123e+04
1.088e+04
1.661e+04
1.237e+04
1.209e+04
1.283e+04
7.951e+03
1.201e+04
1.606e+04
1.66e+04
7.292e+03
4.517e+03
8.677e+03
1.125e+04
1.414e+04
1.684e+04
1.296e+04
5.894e+03
1.46e+04
1.696e+04
1.097e+04
1.301e+04
