61.86
30.7
49.43
68.8
31.43
76.17
44.06
57.33
81.2
53.48
92.95
49.1
38.93
39.08
50.22
52.02
21.72
43.3
37.57
48.09
28.77
10.52
65.94
71.73
30.36
78.84
72.24
54.31
47.96
73.76
84.42
35.26
46.38
32.81
43.0
88.77
41.17
48.2
91.79
31.86
49.73
44.91
43.85
17.87
46.4
76.58
47.88
95.39
65.69
31.43
55.62
76.56
71.13
74.75
30.05
51.48
29.99
68.05
95.0
0.0
10.52
42.02
41.71
36.19
60.52
73.38
94.48
46.79
52.68
58.29
35.91
31.48
57.98
63.21
16.22
84.22
36.44
81.19
31.43
81.2
44.99
82.42
30.57
0.0
87.75
54.2
61.71
51.69
28.31
22.26
85.54
49.64
33.98
54.02
0.0
29.76
38.29
88.97
50.79
60.38
46.18
69.33
64.95
54.52
119.2
81.64
35.72
34.96
42.41
58.63
75.05
60.87
47.27
51.23
12.01
36.13
30.94
66.64
43.17
50.99
84.69
57.09
0.0
32.67
151.7
35.13
109.2
39.04
0.0
22.31
40.18
16.22
54.64
39.21
74.1
51.47
14.02
81.19
26.5
30.5
32.69
47.91
56.72
66.63
47.41
84.11
71.5
14.02
55.47
39.19
36.36
56.91
61.49
47.98
85.62
88.62
43.84
39.79
50.85
86.82
70.5
16.61
17.25
53.55
22.31
36.81
52.96
93.43
61.0
53.54
20.91
48.7
79.51
71.18
67.99
34.72
52.94
68.55
14.02
35.51
62.03
78.76
50.7
57.93
27.39
46.3
24.3
29.39
33.55
102.8
68.43
17.22
34.49
77.15
47.65
98.24
49.27
36.77
19.84
41.04
73.48
40.07
65.86
68.89
48.1
66.41
41.98
62.47
25.37
75.84
75.93
46.06
31.11
36.42
54.79
45.27
43.51
52.34
41.17
45.67
75.2
95.38
52.86
24.09
81.8
45.53
22.21
88.86
40.6
73.69
32.24
0.0
64.91
0.0
58.48
76.0
42.75
43.84
46.79
50.74
63.03
40.56
25.76
43.37
59.02
51.32
56.93
52.93
74.69
70.53
60.89
43.95
142.9
10.52
59.09
0.0
72.81
56.84
69.83
47.58
73.27
66.93
20.37
69.19
69.71
64.54
37.82
12.13
59.1
56.09
68.09
53.08
32.12
48.92
0.0
68.25
62.77
81.41
31.43
52.83
79.69
21.02
74.18
0.0
71.48
28.18
45.08
0.0
65.62
84.94
51.79
49.3
84.22
77.79
31.43
54.94
58.15
39.07
67.91
31.86
22.54
55.24
96.16
85.01
24.95
70.95
72.36
20.55
30.27
42.92
66.25
99.15
45.06
35.34
43.07
97.45
47.04
40.8
73.29
56.44
56.83
45.5
31.55
53.07
64.32
63.79
91.64
22.26
41.89
0.0
33.28
83.42
41.62
52.02
73.05
63.47
51.32
53.81
39.91
37.04
91.67
65.04
74.89
45.88
39.11
21.19
53.28
22.73
88.98
17.38
49.9
22.73
29.48
16.9
62.27
62.0
101.7
55.27
36.68
69.79
30.51
59.03
60.17
23.97
37.41
39.28
68.34
56.66
37.52
53.4
0.0
73.3
28.78
94.8
56.45
47.09
60.68
49.73
45.93
17.22
44.81
47.0
29.03
36.19
46.85
67.01
53.43
39.86
41.73
48.42
27.01
41.26
79.29
47.0
22.36
45.92
58.16
54.36
50.24
61.92
36.18
61.33
47.78
42.74
10.52
37.66
47.1
91.46
28.04
53.72
89.54
51.02
66.0
26.71
61.43
49.35
42.99
121.5
39.39
42.26
37.21
32.39
59.51
55.43
35.49
81.05
66.06
68.42
29.24
53.77
61.72
99.93
27.39
50.06
51.64
51.67
31.52
63.51
18.78
12.01
55.53
47.61
61.43
75.77
60.78
44.75
31.43
76.89
48.28
51.51
41.29
51.77
59.55
98.76
63.89
48.45
41.56
93.81
36.84
43.63
27.26
20.57
61.67
33.08
92.48
47.67
27.71
54.14
78.52
40.14
76.37
55.85
53.0
48.99
26.9
0.0
61.96
74.85
56.45
58.41
48.65
38.88
79.36
90.32
0.0
45.31
54.46
63.49
30.27
73.63
49.34
83.78
61.13
43.28
36.2
53.75
77.16
51.97
50.21
38.31
77.9
53.58
60.0
109.5
48.15
16.61
44.94
33.28
54.89
88.59
61.24
68.46
24.0
56.01
82.02
62.91
66.11
40.95
15.18
58.08
69.99
43.76
79.88
112.1
79.42
47.74
113.7
87.01
85.31
61.18
41.35
56.85
31.21
52.72
39.62
41.75
55.85
55.37
0.0
28.73
72.93
55.07
38.31
16.48
44.09
42.78
35.15
40.23
48.75
36.88
77.82
88.95
49.24
42.61
41.76
53.97
60.71
44.69
22.54
31.04
78.26
59.24
18.89
52.43
59.98
56.19
91.74
42.77
38.89
38.62
58.26
51.72
46.59
57.41
61.35
29.77
66.46
47.99
60.28
69.3
49.68
31.43
0.0
103.1
64.14
46.38
61.73
31.43
0.0
19.22
93.03
55.17
88.67
47.13
54.03
20.88
70.72
40.41
81.88
25.02
15.09
18.65
40.57
46.02
41.13
35.08
40.62
83.94
24.64
16.62
0.0
53.59
75.6
58.45
41.96
41.64
76.45
51.9
57.92
36.06
50.73
30.37
48.24
61.94
63.49
75.72
52.22
40.72
37.82
66.48
36.07
64.79
28.74
36.61
36.6
45.79
153.7
51.45
43.18
75.84
50.9
32.99
20.04
91.72
46.78
61.5
34.86
60.94
72.96
53.53
31.29
47.82
49.88
0.0
61.39
61.09
58.64
52.35
93.07
73.31
46.95
87.09
27.25
31.43
42.86
67.73
53.77
38.23
28.51
47.61
66.62
55.02
101.3
97.1
84.33
41.81
43.81
100.4
58.65
38.37
39.67
39.85
62.26
57.58
40.41
62.76
93.64
35.05
119.0
28.52
32.43
77.06
72.74
27.85
23.57
58.18
62.93
78.35
27.71
22.39
28.71
0.0
66.02
44.58
57.74
89.26
49.8
58.17
26.83
45.55
43.58
50.64
77.83
38.88
34.8
0.0
78.5
93.37
35.1
0.0
26.48
67.15
51.42
34.76
55.26
16.22
57.66
0.0
64.84
72.89
37.57
60.03
64.35
15.41
55.81
54.36
33.95
61.05
22.31
102.3
62.37
48.67
62.39
47.79
39.29
49.7
63.63
51.07
0.0
79.41
30.25
58.31
54.67
36.81
42.23
18.78
42.71
60.82
37.82
78.37
75.58
58.38
55.94
43.88
17.73
101.3
17.38
84.69
53.8
43.78
37.16
64.47
24.87
35.32
101.9
23.5
48.97
38.02
37.78
41.64
26.92
55.48
66.88
33.57
41.99
39.45
136.9
53.97
22.1
88.39
31.43
63.86
21.89
23.97
41.54
15.24
66.22
30.1
49.94
24.53
44.09
65.2
72.38
34.4
0.0
48.97
79.51
67.87
98.95
123.0
56.18
70.62
49.61
0.0
54.06
31.5
28.71
60.49
45.22
38.71
57.35
61.99
16.48
0.0
63.58
81.87
62.14
47.93
112.1
25.59
42.0
97.85
116.8
70.11
17.37
41.25
34.45
48.14
35.67
31.43
31.55
18.44
24.38
36.14
35.74
70.43
60.63
64.22
22.73
14.02
38.34
23.96
69.06
44.76
73.82
20.11
81.39
79.78
82.24
52.35
17.38
34.22
44.7
46.25
70.35
0.0
75.01
39.73
44.71
29.46
42.6
38.17
32.32
54.1
39.05
29.99
47.88
0.0
42.7
100.9
69.81
35.44
50.89
48.93
50.58
69.56
30.27
42.87
35.76
16.61
46.55
54.33
29.01
71.45
61.4
68.98
52.35
92.15
31.7
34.85
45.14
60.49
50.31
71.64
48.28
96.23
52.35
18.65
98.52
0.0
46.86
89.72
40.08
64.82
49.06
106.2
56.87
55.34
86.91
65.42
61.22
75.91
55.67
30.27
43.11
70.2
107.5
80.46
80.63
44.73
58.26
30.87
46.06
36.3
59.83
66.82
124.8
28.67
47.51
61.2
63.09
57.98
50.95
40.9
71.8
37.3
58.31
29.79
63.7
83.25
21.62
56.77
73.14
72.84
44.94
24.53
0.0
40.68
58.68
36.1
60.99
37.57
78.83
40.05
0.0
68.53
70.19
42.18
21.08
53.07
65.6
63.93
35.26
27.01
42.62
50.56
57.94
37.29
32.18
107.0
18.78
56.5
32.1
34.1
60.69
36.41
50.72
69.88
95.52
59.33
37.54
60.73
71.67
47.91
24.18
73.29
68.47
51.48
38.23
47.79
60.68
27.79
33.81
63.26
33.56
69.42
76.58
53.45
62.41
47.28
19.88
31.11
38.03
48.87
49.95
71.57
22.73
42.63
37.66
38.3
57.91
57.42
65.48
40.62
14.02
52.3
59.26
41.56
57.32
27.96
45.08
24.18
43.4
44.5
53.08
52.08
81.45
75.86
63.26
28.31
41.88
32.46
74.11
94.87
55.28
0.0
42.07
58.5
57.28
114.6
50.15
28.14
54.21
63.9
49.48
48.48
31.7
10.52
57.58
70.91
57.07
39.73
41.92
25.58
66.95
25.68
69.07
58.72
38.88
48.54
20.37
37.82
67.16
43.56
0.0
71.13
0.0
102.6
39.91
50.97
82.35
97.27
0.0
62.54
44.44
47.3
27.93
37.17
82.81
14.02
59.19
101.2
59.61
60.96
53.68
39.35
39.06
32.61
19.24
31.04
64.08
55.79
60.88
20.57
0.0
65.67
53.48
66.34
39.86
32.87
27.94
66.35
119.1
47.28
36.84
23.5
76.65
59.41
34.38
20.59
83.27
85.09
72.69
58.0
52.54
50.08
72.57
28.36
22.38
114.4
63.46
25.09
69.06
25.24
26.86
125.2
41.29
17.22
25.23
44.47
24.6
30.88
55.19
50.11
74.06
59.7
66.33
40.42
76.3
52.04
87.02
61.64
37.14
16.22
33.29
42.95
0.0
41.74
17.44
30.11
95.22
49.15
40.41
67.07
73.34
32.36
75.68
30.25
55.71
62.62
36.46
50.2
34.59
42.92
22.66
35.32
21.67
50.59
69.65
0.0
78.65
14.02
17.4
0.0
29.95
54.18
49.49
0.0
100.8
43.73
42.21
35.61
53.14
33.03
65.3
43.71
0.0
21.76
44.63
36.63
48.73
94.89
45.73
59.97
17.78
31.86
32.37
47.08
22.63
87.92
37.69
30.39
20.91
28.75
58.86
62.49
13.65
101.0
49.48
63.03
30.14
45.82
56.04
50.88
48.77
39.97
54.27
66.23
58.11
50.76
56.28
82.52
66.72
56.82
39.14
29.17
54.13
32.5
36.32
46.4
49.44
40.63
62.04
89.97
60.93
45.94
52.61
36.65
64.46
41.15
44.21
45.06
74.41
42.79
34.22
38.28
27.6
52.54
50.34
61.22
41.88
49.44
74.67
71.13
68.57
58.34
35.31
38.41
47.88
46.93
46.36
82.95
53.69
46.39
87.14
52.48
15.41
64.45
61.51
55.81
52.31
81.65
60.11
10.52
52.65
35.08
28.29
48.68
18.69
76.9
83.24
66.53
63.07
116.5
122.3
69.58
0.0
44.04
71.85
53.36
39.79
73.02
49.98
84.88
41.74
62.08
0.0
105.9
34.2
22.31
0.0
0.0
0.0
0.0
40.96
42.47
73.47
20.59
35.07
17.78
84.03
75.88
19.66
65.64
73.4
44.66
45.29
32.88
0.0
57.18
40.54
51.7
44.03
94.0
73.25
22.96
41.16
32.55
65.88
56.25
29.33
68.06
60.22
50.24
40.51
59.73
91.43
74.16
68.87
46.6
48.26
62.81
55.21
28.36
75.45
85.57
31.52
107.2
36.7
45.77
32.21
54.03
0.0
45.74
38.62
41.59
69.46
34.49
32.88
49.98
39.2
69.32
53.3
43.75
58.63
74.73
71.7
48.87
10.52
55.52
33.6
31.66
38.11
102.7
62.03
53.73
85.66
52.3
63.65
84.24
79.13
0.0
57.52
75.31
47.49
44.94
30.38
29.64
67.4
31.43
0.0
79.65
59.1
64.55
26.46
37.23
66.95
41.16
40.8
109.3
53.72
28.33
119.5
32.61
73.88
97.21
58.47
65.19
71.66
48.97
54.51
51.14
45.77
50.83
16.61
74.04
65.15
74.75
39.62
30.12
43.75
48.6
55.32
54.28
73.68
38.54
39.48
64.31
84.6
27.27
64.63
37.64
82.39
40.28
43.77
45.82
51.76
69.3
57.11
54.66
44.82
57.69
43.33
52.23
43.85
27.73
89.35
98.35
52.29
71.65
49.08
53.45
41.74
54.71
68.74
26.5
49.33
60.12
0.0
44.13
59.77
59.63
70.29
72.48
49.81
36.79
56.23
60.21
29.99
45.81
59.13
64.75
