7.342
8.312
6.716
3.726
6.064
5.112
4.298
3.075
1.98
13.04
7.503
10.72
2.702
7.493
4.619
4.462
5.223
11.57
6.43
9.655
5.187
8.394
5.208
2.385
4.934
7.253
5.385
7.3
8.433
10.6
3.266
3.488
5.611
6.114
5.44
6.984
8.882
5.199
7.926
5.002
7.943
3.764
9.247
8.923
7.362
8.282
3.112
5.352
10.14
9.65
6.559
4.832
14.91
5.277
7.857
4.564
4.654
3.763
2.744
4.723
7.918
3.563
6.834
3.782
7.394
5.621
3.258
4.934
10.8
13.38
8.619
12.24
8.349
17.54
10.68
12.06
4.461
4.418
4.321
8.716
8.113
3.382
10.12
3.327
4.39
10.28
5.094
8.224
7.395
13.08
10.72
4.231
10.4
5.995
7.141
4.652
4.101
10.71
11.06
13.93
8.72
9.148
5.684
4.401
4.371
14.82
4.452
3.896
4.277
6.857
3.909
6.08
17.12
8.573
6.046
6.505
3.18
6.946
7.443
3.691
4.692
9.058
18.85
6.131
6.164
5.59
6.918
4.403
7.538
6.46
5.656
13.26
2.971
4.468
3.688
4.424
2.311
7.901
11.42
12.36
5.312
5.303
2.614
1.457
4.842
7.921
5.555
3.722
4.569
3.47
8.937
6.712
4.475
10.27
7.316
7.747
14.46
12.14
5.142
13.32
13.37
5.933
3.414
10.89
3.756
8.396
4.772
5.809
5.452
11.21
9.718
7.704
5.386
4.831
4.335
2.066
6.524
9.502
6.804
4.677
5.486
5.948
2.804
3.972
9.927
4.274
14.23
3.969
8.664
7.824
3.969
11.18
10.21
7.434
8.997
3.176
3.826
5.714
10.98
4.655
6.715
9.776
7.312
6.564
3.546
4.38
4.242
14.34
5.001
4.735
3.679
6.955
7.283
11.68
14.57
6.162
5.995
3.897
5.315
3.859
4.203
9.728
3.257
6.046
3.913
6.288
14.26
13.1
4.159
5.153
2.392
5.775
5.944
7.205
11.3
5.048
4.464
3.772
8.791
6.524
8.393
3.354
3.346
6.693
3.689
16.15
8.302
3.147
5.034
3.269
3.778
13.83
4.402
13.38
3.468
9.766
4.808
3.554
5.413
5.177
3.888
8.691
4.431
4.656
6.562
12.07
3.323
3.177
6.067
5.518
13.37
8.754
4.608
3.961
7.793
5.006
8.814
3.178
13.72
3.571
7.281
3.467
9.503
6.353
7.797
10.98
6.568
3.402
5.101
13.76
6.141
4.994
3.092
3.329
3.248
4.015
3.893
3.414
3.78
7.298
3.212
4.91
4.901
4.517
6.206
7.262
9.413
5.017
14.54
2.902
10.8
7.053
5.944
4.761
14.03
4.597
7.76
4.911
3.386
8.326
7.459
7.737
5.344
3.631
7.141
12.35
4.642
8.907
7.124
5.528
7.112
10.79
3.786
9.329
3.641
4.821
7.082
3.486
10.96
7.697
7.054
5.177
5.943
6.413
5.208
3.49
5.419
6.61
4.442
3.095
5.068
6.025
4.788
3.05
9.745
8.429
10.99
3.714
2.528
11.25
5.152
5.694
5.396
5.603
7.484
5.768
3.005
4.849
6.073
3.874
6.932
4.766
11.24
10.48
3.354
5.92
4.933
4.887
8.753
2.928
5.622
4.75
5.691
8.168
4.38
4.564
12.4
12.73
5.261
5.177
12.01
6.897
4.56
7.814
7.74
10.35
2.635
4.27
7.683
4.638
3.387
5.365
3.12
5.102
9.549
4.694
5.285
7.791
3.62
5.931
6.265
3.448
14.54
4.784
4.387
6.58
2.711
3.841
3.54
5.82
5.597
4.862
13.19
3.467
8.743
9.342
5.871
3.367
8.642
10.53
6.333
5.968
4.127
7.391
14.59
9.32
6.778
3.3
8.878
3.033
6.705
3.186
6.497
8.008
11.96
7.861
7.494
6.406
7.102
4.426
7.674
10.19
4.515
11.52
11.42
6.302
6.77
4.1
10.93
3.595
3.272
7.88
8.812
8.412
13.57
0.1808
4.664
5.134
5.599
3.069
7.253
8.19
5.6
9.655
4.051
5.616
4.697
8.536
3.496
7.664
10.68
9.161
4.514
3.123
3.827
8.636
8.885
4.298
4.04
4.977
2.877
4.853
4.191
7.192
4.446
4.173
4.413
4.476
4.73
8.828
5.105
3.391
4.727
6.55
6.116
2.756
11.5
10.53
5.509
6.032
4.219
11.0
5.8
4.414
5.457
10.36
5.55
13.13
4.251
3.999
3.626
5.271
4.459
7.057
9.32
4.598
10.11
7.01
6.604
9.029
7.284
5.192
3.593
7.864
3.756
4.423
4.203
4.094
7.496
3.901
5.191
7.317
6.917
3.023
4.736
4.42
4.038
4.486
9.034
5.642
7.249
9.013
5.164
15.16
8.396
3.821
7.264
5.084
10.89
5.039
8.606
5.972
8.991
8.542
8.091
7.363
3.28
6.253
3.847
5.93
6.231
5.349
3.475
8.025
8.043
8.67
8.145
8.117
6.517
13.1
5.716
4.293
6.597
5.78
5.604
3.872
7.561
7.838
13.93
12.25
7.692
6.067
8.909
4.337
4.018
4.643
3.773
5.173
5.602
15.57
2.769
7.381
4.605
3.768
3.323
9.467
4.994
8.939
4.627
3.061
3.005
4.565
3.911
2.985
9.603
4.97
5.682
5.416
4.752
4.661
4.34
7.103
9.093
4.119
6.021
5.887
4.47
8.506
8.49
6.346
4.587
9.371
4.343
5.332
10.64
5.004
9.01
3.828
5.03
8.39
12.31
9.637
5.083
3.302
18.69
10.34
5.687
7.025
16.05
4.573
4.652
7.973
8.16
3.011
5.334
2.487
6.181
9.215
8.22
4.777
4.844
3.856
4.186
4.607
8.03
10.16
5.571
14.77
8.268
6.508
2.56
7.959
5.997
12.79
13.3
4.399
9.628
5.144
4.924
5.507
7.672
9.385
3.785
4.039
5.443
4.05
4.32
6.328
6.572
7.463
7.072
6.663
12.66
7.676
7.566
6.248
10.71
12.36
7.013
7.326
4.655
6.294
12.68
3.895
5.178
3.454
3.893
11.55
4.342
3.513
9.169
7.034
4.697
7.102
7.922
3.746
3.503
9.393
5.502
13.38
4.489
4.486
9.313
8.457
6.125
8.712
7.216
3.181
9.411
6.833
3.975
4.06
5.691
2.341
4.783
9.979
5.48
7.365
9.093
4.136
3.072
5.893
4.174
2.599
8.361
9.077
6.403
4.326
8.715
2.949
5.266
9.234
3.691
7.197
7.874
9.519
8.062
8.254
6.558
16.11
8.785
8.977
3.074
3.847
5.728
2.178
3.602
12.3
10.6
4.344
14.51
3.897
6.887
3.589
10.51
4.01
4.372
4.976
6.332
3.472
6.164
5.876
6.576
3.435
6.835
5.865
5.791
6.091
12.76
5.575
11.74
8.53
14.64
16.8
10.84
8.329
4.991
9.159
12.04
13.71
5.555
7.948
7.492
8.163
6.306
8.301
6.421
4.371
7.605
4.748
8.801
6.828
3.761
5.48
2.944
7.506
3.309
16.08
3.665
6.581
6.886
3.042
6.09
4.797
4.176
6.802
8.513
4.29
6.69
6.179
3.937
11.08
4.085
6.191
6.799
14.49
3.075
8.313
3.979
5.859
4.816
8.906
6.749
3.424
3.505
6.424
10.05
8.195
6.778
8.303
3.069
9.566
8.238
3.211
6.37
4.642
2.896
6.759
6.009
3.242
4.458
6.3
4.513
4.485
8.235
3.677
5.942
3.041
7.726
4.351
4.892
3.88
3.367
4.993
18.0
11.95
4.017
5.519
7.761
4.56
8.069
6.147
5.595
5.892
2.545
2.958
7.322
6.518
3.844
4.439
6.839
3.304
5.791
7.544
7.616
2.786
5.522
4.662
8.532
6.833
4.117
6.95
3.584
4.254
4.299
5.474
8.069
9.727
10.1
7.578
10.41
5.538
13.46
6.715
5.673
3.566
4.015
4.206
4.134
5.736
3.138
3.033
4.197
13.87
10.16
9.679
9.503
6.48
10.08
8.352
5.855
8.399
2.919
4.826
6.275
5.097
3.696
9.909
5.158
4.116
3.738
15.77
6.833
8.381
14.1
7.033
5.237
4.094
2.647
10.31
8.264
8.01
7.103
4.655
4.16
4.329
8.884
7.163
5.723
6.202
2.914
2.991
10.58
9.411
5.03
3.266
7.153
4.846
13.11
6.447
8.572
8.009
3.634
4.372
5.088
9.651
6.728
2.822
12.85
4.403
4.482
3.481
12.71
3.401
5.164
3.727
9.826
3.226
3.54
4.915
6.685
9.251
7.675
11.32
7.12
6.678
9.709
8.475
11.07
4.877
16.37
8.43
4.48
13.74
6.458
8.16
9.417
10.13
6.109
3.788
7.453
10.2
9.808
4.674
3.143
15.58
7.15
5.78
4.135
9.276
3.252
4.422
13.44
16.98
8.228
15.18
4.651
12.48
9.138
4.429
13.43
3.942
12.27
4.21
3.939
8.293
11.9
4.587
8.31
4.21
4.727
6.689
5.467
7.602
5.422
5.604
7.735
4.526
3.415
3.819
5.179
7.548
3.345
3.327
6.307
6.874
10.38
9.377
8.835
4.887
10.84
6.581
6.208
9.442
4.916
2.921
3.461
3.332
5.41
3.154
6.417
4.975
7.958
4.544
2.871
9.08
5.634
6.172
5.012
6.448
7.277
7.5
6.515
3.96
8.777
3.302
6.536
5.643
7.947
8.533
13.03
13.62
5.224
6.726
3.186
8.051
3.63
5.227
5.874
11.67
3.821
9.206
7.895
6.08
3.867
5.634
3.667
4.696
11.41
11.18
7.265
8.784
7.131
8.43
7.832
10.52
16.16
2.636
4.037
4.329
4.453
4.677
4.784
4.691
13.27
12.35
8.84
10.15
3.557
3.613
3.139
11.62
7.596
12.81
6.816
4.722
3.978
16.0
6.848
5.804
5.535
6.27
9.305
4.077
3.423
3.801
4.896
5.399
4.165
5.635
7.22
6.352
4.468
3.184
5.463
4.271
3.096
8.078
10.53
4.778
4.219
6.123
5.158
5.97
4.902
4.382
4.101
4.853
4.356
4.238
5.664
4.722
3.768
5.833
4.433
13.32
5.285
3.627
12.04
6.76
6.335
3.018
7.199
8.608
4.953
4.835
5.77
8.11
3.924
5.617
4.232
11.16
3.171
8.052
4.887
3.244
5.781
3.874
4.297
13.86
8.056
6.493
2.391
8.603
8.209
3.047
11.89
3.377
3.465
5.999
4.392
13.55
4.054
3.249
3.232
5.078
4.314
2.853
9.789
4.458
4.396
11.59
5.605
4.334
9.774
12.87
4.957
8.881
4.718
5.62
4.924
3.458
6.54
3.547
15.54
10.48
7.759
8.612
11.06
5.986
13.34
9.911
5.582
8.343
6.07
14.22
6.704
8.609
7.801
11.14
2.965
4.702
5.157
6.197
3.114
5.681
4.433
17.7
10.41
12.38
5.763
3.136
4.745
8.629
4.322
8.706
7.371
7.683
2.893
5.625
4.754
3.573
11.28
4.007
7.133
4.441
8.509
4.618
4.473
4.899
6.189
7.174
6.867
7.768
8.243
9.527
4.541
3.831
8.596
4.448
6.447
9.658
6.808
6.267
7.832
5.913
2.768
11.97
6.057
3.704
8.344
3.085
6.118
5.047
7.65
4.196
3.36
6.042
6.532
9.888
2.818
8.254
3.619
3.649
4.238
3.102
3.527
11.84
10.01
13.36
6.742
10.18
6.031
5.194
10.51
8.652
6.012
3.5
10.88
5.184
8.012
3.465
9.682
7.111
3.757
6.482
2.59
5.153
13.75
7.627
10.57
7.304
7.76
8.012
14.12
16.07
3.454
5.057
3.607
10.98
8.039
5.912
3.475
7.913
9.075
8.323
5.662
4.551
8.079
4.73
2.786
12.29
4.855
7.698
4.034
2.308
3.252
4.77
4.205
6.554
6.199
6.183
4.421
7.054
4.976
4.458
7.441
6.092
5.522
13.23
11.62
10.35
7.563
8.375
5.174
4.716
5.076
2.695
8.051
3.444
3.306
3.72
2.071
7.231
9.961
15.12
8.166
3.435
5.733
4.417
2.961
6.755
3.884
8.607
8.62
12.09
7.909
6.564
4.525
6.143
4.594
7.492
7.617
3.969
6.827
5.642
6.69
7.768
9.545
5.887
2.907
6.249
3.508
9.202
9.518
5.555
3.092
11.48
12.05
9.079
7.518
2.831
4.278
12.19
3.549
6.268
11.41
6.304
0.3059
3.909
7.697
11.75
10.42
8.636
8.087
7.306
6.027
7.62
16.15
3.823
4.494
6.992
10.3
5.282
3.395
8.406
4.697
6.917
6.389
3.802
11.88
5.319
3.678
16.87
12.57
8.817
7.832
4.525
8.38
3.605
3.975
4.638
3.724
4.998
4.977
6.486
6.655
7.636
6.846
8.176
5.691
9.258
7.251
5.863
4.292
3.677
10.48
2.319
9.735
4.726
5.176
8.925
9.74
3.725
5.597
9.291
4.377
4.771
7.315
5.553
10.06
4.917
11.07
5.482
4.292
14.92
13.19
8.645
7.304
7.29
8.347
4.979
2.829
4.928
5.352
3.28
2.778
7.019
8.669
7.512
6.933
13.0
8.521
4.138
8.491
9.018
6.759
5.132
5.722
7.131
3.419
6.349
4.06
15.44
4.03
4.358
3.663
4.672
4.155
6.795
7.007
3.49
6.446
8.698
5.791
4.256
3.124
3.834
5.095
3.569
5.198
8.407
7.808
6.511
6.403
4.636
10.22
5.501
2.969
8.698
8.7
2.397
3.466
11.87
4.524
7.731
4.922
8.111
8.806
9.056
7.251
13.49
