0.7772
0.6251
0.4756
0.6687
0.08517
0.6667
0.3154
0.428
0.23
0.4702
1.112
0.5202
0.3492
1.013
0.5107
1.09
0.9212
0.9429
0.3399
0.5761
0.0
0.2657
1.018
0.0
0.7667
0.4644
0.1765
0.09937
0.5754
0.3636
0.8187
0.3254
0.2065
0.882
0.8148
0.7275
0.1569
0.5575
0.6829
0.4763
0.2281
0.3842
0.7099
0.3102
0.5376
0.8923
0.5539
0.0622
0.47
0.4245
0.674
0.7337
0.5155
0.4758
0.2176
0.3221
0.4486
0.628
0.4605
0.6819
1.028
0.9741
0.4843
0.2692
1.013
0.6781
0.1893
0.7972
0.7789
1.28
1.018
0.4572
0.6875
0.6624
0.7114
0.5454
0.9741
0.5889
0.9731
0.7919
0.3299
0.2972
0.1365
0.3127
0.2791
0.6872
0.1569
0.518
0.6168
0.3856
0.6827
0.2432
0.4504
0.6348
0.3148
0.6529
0.3519
0.3552
1.092
0.2274
0.2184
0.4793
0.8958
0.6724
0.1857
0.1187
0.6876
0.2616
0.5547
0.6293
0.7046
1.063
0.3847
0.5585
0.4824
1.013
0.7069
0.5453
0.351
0.3302
0.4797
0.5211
0.94
0.6278
0.542
0.5584
0.5206
0.1377
0.07014
0.462
0.3501
0.4244
0.3224
0.1703
0.387
0.5568
0.7156
0.3811
0.9603
0.5078
0.6631
0.0
0.7796
0.3847
0.4732
0.5123
0.02241
0.6845
0.168
0.9699
0.4504
0.5064
0.3573
0.6454
0.2913
0.854
0.6026
0.4794
0.2825
0.2673
0.571
0.8893
0.5067
0.4551
0.47
0.2049
0.3671
0.3001
0.5603
0.4341
1.073
0.4564
1.013
0.6803
0.0
0.9136
0.5353
0.5667
0.2444
0.9741
0.5782
0.3112
0.5613
0.9741
0.1365
0.1519
0.7122
0.6915
0.7398
0.8339
0.8882
0.4713
0.5284
0.5082
0.2047
0.7803
0.4514
0.8503
0.6996
0.4675
0.5203
0.2738
0.5651
0.2791
0.5744
0.5254
0.5861
0.2635
0.8291
0.7072
0.5191
0.722
0.8761
0.5383
0.1884
0.4003
0.1539
0.6831
0.4345
0.2612
0.346
0.6285
0.3749
0.5208
0.3761
0.5522
0.3108
1.087
0.5436
0.4335
0.3994
0.7008
0.4813
0.2082
0.3671
0.4279
0.8204
0.4709
0.5345
0.3628
0.4656
0.1791
1.017
1.002
0.2923
0.2884
0.3916
0.578
0.5646
0.2478
0.3268
0.4377
0.5057
0.2037
0.5271
0.376
0.8624
0.5782
0.6098
0.4436
0.2959
0.3232
0.5111
0.4369
0.6872
0.5457
0.698
0.4905
0.3696
0.58
0.286
7.514e-08
0.351
0.5095
0.8087
0.8421
7.214e-08
0.8444
1.018
0.6251
0.6121
0.4003
0.4566
0.8003
0.2028
0.4981
0.2551
0.5596
0.6387
0.4742
0.5009
0.5266
0.3102
0.3761
0.5379
0.3425
0.4546
1.018
0.72
0.5065
0.4269
0.6721
0.2623
0.7593
0.1146
0.268
0.6132
0.5465
0.533
0.744
0.5854
0.688
0.5112
0.5219
0.1142
0.3034
0.4338
0.3964
0.3221
0.5155
0.5693
0.7675
0.491
0.3422
0.2593
0.5565
0.5125
0.3741
0.8429
0.6414
1.288
0.6347
0.7495
0.7913
0.4265
0.4212
0.5117
0.5995
0.4031
0.8276
0.8148
0.518
0.5181
0.2541
0.168
0.3002
0.7319
0.4301
0.4751
0.4442
0.4459
0.5208
0.0
0.4932
0.6438
0.9637
0.5547
0.5044
0.2279
0.808
0.0
0.3468
0.7576
0.4721
0.5059
0.4578
0.0
0.5255
0.1453
0.4706
1.065
0.5627
0.4832
0.5512
0.4741
0.5361
0.376
0.3532
0.8495
0.1672
0.1638
0.5389
0.0
0.6443
1.133
0.5991
0.5548
0.3871
0.571
0.5501
0.8503
0.5031
0.4587
0.4795
0.33
0.5552
0.4249
0.7932
0.6326
0.4306
0.5739
0.6575
0.4351
0.2067
0.5334
0.5158
0.2065
0.6803
0.5854
0.2406
1.071
1.238
0.2282
0.6275
0.4467
1.073
0.5234
1.311
0.7679
0.7761
0.3532
0.1956
0.5638
0.2993
0.2483
0.1918
0.5184
0.4795
0.1597
0.2979
0.5072
0.5618
0.4228
0.4462
0.773
0.4667
0.4977
1.117
0.6193
0.9239
0.7919
0.6819
0.5618
1.077
0.3083
0.6748
1.05
0.4814
0.474
0.1638
0.4037
0.2237
0.2331
0.5028
0.3777
0.4517
0.4116
0.4968
0.4942
0.1862
0.8122
0.5627
0.3023
0.8574
0.2174
0.3282
0.73
0.273
0.5527
0.6371
0.2704
1.095
0.6877
0.5523
0.3165
0.9776
0.5886
0.598
0.1947
0.7076
0.6859
0.4079
0.361
0.4989
0.5096
0.5395
0.724
0.7969
1.073
0.4967
0.5766
0.7186
0.5132
0.9776
0.2406
0.4053
0.5581
0.8029
0.4656
0.6725
0.9776
0.8714
0.4717
0.411
0.6156
0.7267
0.6652
0.4232
0.6544
0.3739
0.3628
0.6113
0.3578
0.6623
0.5157
0.4722
0.07945
0.6615
0.1867
0.2623
0.5083
0.5977
0.4778
0.5565
0.5298
0.48
0.2554
0.3118
0.2134
0.8316
0.7383
0.4656
0.1772
0.3761
0.436
0.5071
0.5453
0.1146
0.5401
0.3934
0.8821
1.101
0.7703
0.1591
0.3158
0.4136
0.5189
0.7216
0.5414
1.491
0.4673
0.9212
0.5608
0.9212
0.1354
0.8176
0.381
0.5431
0.6843
0.0
0.5788
0.4476
0.5028
0.5211
0.4385
0.5196
0.5214
0.4171
0.3746
0.9103
0.5298
0.5124
0.7255
0.6202
0.417
0.4251
0.5751
0.4732
1.361
0.3303
0.1467
0.514
0.23
0.5007
0.225
0.444
0.6044
0.4003
0.4644
0.1261
0.4551
0.5982
0.5937
0.3268
0.571
0.1726
0.5646
1.155
0.2874
0.6773
0.5165
0.5627
0.4965
0.612
0.2633
0.4267
0.1967
0.3112
0.4485
0.5662
0.4337
0.689
0.3517
0.5028
0.8633
0.9776
0.534
0.7283
0.1381
0.6707
0.5061
0.491
0.4151
0.808
0.5377
0.5523
0.4171
0.6248
0.815
0.4886
1.311
0.5111
0.3619
0.4751
0.4682
0.3666
0.5886
0.6046
0.7621
0.4402
0.4822
0.5359
0.517
0.5661
0.6753
0.9212
1.013
0.5721
0.5457
0.3813
0.4513
0.2878
0.6879
0.5284
0.4619
0.2398
0.5524
1.094
0.703
0.6392
0.7339
0.6023
0.5388
0.269
0.708
0.9776
0.5398
0.4749
0.4279
0.2516
0.5084
0.6387
0.543
0.1456
0.4311
0.773
0.4402
0.3125
0.4265
0.4365
1.013
0.4351
0.4517
1.564
0.5581
0.2798
0.3245
0.2967
0.6872
0.5359
7.514e-08
0.5088
0.6047
0.2328
0.4484
0.9776
0.5843
0.3261
0.2483
0.6395
0.2635
0.6577
0.6191
0.3759
0.6006
0.563
0.1673
0.5102
0.6147
0.6395
0.5999
0.5261
0.2429
0.6161
0.2166
0.525
0.6866
0.2237
0.5932
0.9554
1.131
0.5424
0.2972
0.5754
0.2878
0.3856
0.3766
0.515
0.4018
0.2217
0.3934
0.9415
0.4497
0.4957
0.5493
0.7214
0.3761
0.451
0.4546
0.5769
0.3269
1.171
0.4898
0.7561
0.6075
0.5701
0.4555
0.6153
0.5003
0.5288
0.5236
0.2644
0.6832
0.4351
1.013
0.6202
0.522
0.8451
0.17
0.4239
0.6748
0.4963
0.7827
0.9249
0.3519
0.4144
0.4042
0.9741
0.2878
0.1673
0.7721
0.4904
0.481
0.4389
0.6628
7.142e-08
0.0
0.494
0.6385
0.454
0.5744
0.242
0.6284
0.2483
0.5492
0.2539
0.3302
0.1456
0.4578
0.4847
0.4033
0.8
0.0
0.7162
0.5227
0.5673
0.6674
0.4994
0.3919
0.3192
0.6031
0.8295
0.5776
0.0
1.206
1.064
0.5649
0.9579
0.3519
0.6275
0.4603
0.5055
0.4452
0.1638
0.4587
0.5855
0.3083
0.7199
0.534
0.3378
0.2993
0.4659
0.4922
0.4189
0.4191
0.3399
0.3761
0.4731
0.6129
0.7196
0.4331
0.4944
0.6018
0.65
0.7464
0.7678
0.6736
0.5774
0.4057
0.2309
0.6407
0.7197
0.7383
0.94
0.5372
0.1142
0.4589
0.4227
0.6037
0.4513
0.5131
0.7562
0.7022
0.5933
0.4576
0.3282
0.4692
0.5685
0.5726
0.3573
1.013
0.6523
0.3312
0.4402
0.2967
0.4551
0.7845
0.789
0.5405
0.5055
0.4824
0.537
0.8465
0.7125
0.9776
0.5456
0.6658
0.6616
0.6549
0.0
0.6577
0.6006
0.3974
0.6048
0.8233
0.2142
0.9016
0.7883
1.166
0.27
0.604
0.4686
0.3679
1.177
0.5294
0.6349
0.7009
0.5279
0.5017
0.4926
0.3208
0.503
0.2478
0.4698
0.4029
0.9122
0.5881
0.6442
0.6341
0.5092
0.6585
0.698
0.5585
0.4816
0.4721
0.6043
0.5945
0.6181
0.33
0.3216
0.7215
0.6899
0.6579
0.2959
0.7907
0.9212
0.5117
0.6382
0.7621
0.5159
0.4759
0.27
0.4568
0.3596
0.7072
0.9603
0.609
0.4404
0.7002
0.3421
0.6726
0.7406
0.5377
0.4627
0.7953
0.3722
1.065
0.5626
0.5089
0.7
0.4514
0.147
0.5018
0.582
0.6626
0.1142
0.1539
0.9127
0.5852
0.4515
0.4402
0.2331
0.7966
0.5147
0.3085
0.8148
0.4889
0.7275
0.6667
0.5874
0.3766
0.8819
0.2219
0.4813
0.4473
0.3232
0.5997
0.2895
0.4546
0.5461
0.5431
0.5217
0.453
0.6091
0.5977
0.5194
0.5549
0.7705
0.5677
0.5209
0.5355
1.118
0.17
0.5305
0.9212
0.9956
0.1855
0.6069
0.9212
0.3984
0.6402
1.053
0.6967
1.017
0.4556
0.5405
0.672
0.6785
0.7347
1.073
0.4367
0.5041
0.7562
1.061
1.018
1.018
0.2533
0.2142
0.8717
0.7659
0.5132
0.1638
0.5382
0.3883
0.6132
0.2318
0.3919
0.5132
0.5431
0.4336
0.4268
0.1402
0.4914
0.6615
0.4329
0.8882
0.6191
0.6147
0.5157
0.5196
1.586
0.5287
0.6371
0.107
1.159
0.7847
0.6819
0.4786
0.5107
0.4075
0.5754
0.4904
1.031
0.4498
0.9741
0.53
0.6112
0.7383
0.5997
0.7004
0.1151
0.7216
0.5111
0.808
0.4838
0.5766
0.4482
1.073
0.4298
0.3628
0.8776
0.4269
0.7228
0.5195
0.4287
0.53
0.562
0.5315
0.3216
0.4584
0.5344
1.423
0.4847
0.534
0.8531
0.7279
0.5206
0.6469
0.2429
0.5065
0.8804
0.6141
0.4171
0.6258
0.6799
0.3578
0.413
0.7755
0.33
0.7862
0.485
0.4346
0.5486
0.7058
0.8613
0.9136
0.5945
0.594
0.3051
0.0
0.6037
0.147
0.4249
0.5049
0.243
0.4235
0.449
0.5224
0.9726
0.7347
0.5003
0.5329
0.5015
0.6152
0.5837
0.5358
0.5478
0.1867
0.5149
0.5522
1.169
0.5018
0.4222
0.6957
0.6082
0.3425
0.5539
0.4596
0.728
1.073
0.5902
0.4004
0.4516
0.3934
0.8212
0.6804
0.4584
0.5608
0.5055
0.07945
0.5998
0.2176
0.498
0.4331
1.068
0.4029
0.4151
0.5431
0.7932
0.4963
0.5351
0.4572
0.5157
0.4262
0.317
0.5308
0.7793
0.4018
0.539
0.5543
0.4355
0.457
0.9741
0.5671
0.7792
0.3112
0.6894
7.142e-08
0.5852
0.2166
0.4357
0.6652
0.8524
1.073
0.4994
0.5978
0.1354
0.3973
0.5182
0.9212
0.4537
0.8875
0.243
0.7723
0.608
0.6578
0.5492
1.013
0.539
0.76
0.4704
0.4865
0.7254
0.8795
0.454
0.9741
0.4538
1.073
0.0
1.141
0.3946
0.5112
0.6366
0.6516
0.1967
0.8442
0.8863
0.4184
0.4784
0.4811
0.4358
0.4053
0.5544
0.6129
0.4927
0.5287
0.4731
0.4513
0.5883
0.578
0.3208
0.7233
0.5229
0.528
0.3158
0.6791
0.5991
0.4144
0.5389
1.039
0.4274
0.8296
0.5535
0.5112
0.462
0.4232
0.9776
0.4942
0.676
0.4466
0.8539
0.4591
0.5254
0.5661
0.4766
0.8656
0.7847
0.5783
0.5784
0.9741
0.2967
0.5169
0.5388
0.3991
0.463
0.8052
0.7792
0.5978
0.4403
0.6725
0.7509
