0.9754
1.329
1.176
1.654
1.759
0.7902
0.9787
1.533
1.102
1.27
1.42
1.121
1.094
1.246
1.363
0.0
1.151
1.203
1.235
0.6663
1.172
1.865
0.927
1.169
1.345
1.05
1.126
1.131
1.228
0.7699
1.332
0.0
1.011
1.027
1.175
0.4865
0.7966
1.8
1.265
1.129
0.6239
1.221
1.096
2.026
2.08
1.297
0.0
1.178
1.298
1.495
1.345
1.759
1.351
0.4572
1.896
0.723
1.142
0.0
1.064
2.526
1.182
1.696
1.165
1.616
1.754
1.199
1.669
1.545
1.052
0.2578
0.0
1.38
1.452
1.179
1.848
2.096
1.331
1.243
1.122
0.932
1.268
1.695
1.026
1.206
0.0
1.201
1.006
1.634
1.529
1.648
0.9014
1.272
1.278
1.35
1.88
1.39
1.677
1.176
1.038
1.647
2.023
1.355
1.31
0.7141
1.393
1.611
1.197
2.439
2.32
0.9946
1.583
1.138
2.052
1.855
0.8341
0.0
0.8234
1.773
1.264
1.976
0.8952
2.994e-07
0.8874
1.696
1.246
1.386
1.236
0.8175
1.443
0.9725
1.163
1.702
1.792
1.067
1.67
1.772
2.366
1.362
1.787
1.668
1.046
1.973
1.961
1.278
0.9233
1.526
1.657
1.652
1.824
1.019
2.775
1.528
1.035
1.426
0.6981
1.728
1.797
2.463
1.634
1.258
2.006
1.936
1.571
2.424
1.51
2.05
0.9665
0.6738
1.534
1.745
0.8094
0.8206
1.663
0.9906
1.625
1.682
1.87
2.538
1.728
1.11
1.426
0.8742
0.9704
1.354
1.629
1.331
1.93
1.078
2.259
1.818
1.138
1.515
2.782
1.428
1.329
0.746
1.693
2.141
1.295
1.743
1.665
1.899
0.9026
2.225
0.9275
0.7659
1.777
1.845
1.366
1.933
1.321
2.03
1.435
2.137
1.801
1.582
2.264
1.657
0.4399
0.8979
2.322
1.296
2.294
1.264
1.218
1.429
1.029
1.353
1.724
1.238
1.688
0.917
2.219
1.148
0.3868
1.562
2.453
2.184
1.764
1.635
1.543
1.94
0.8751
1.136
0.9509
2.68
1.887
2.5
2.703
1.42
1.19
1.776
1.703
0.9527
1.387
1.869
1.907
1.267
1.596
1.207
1.812
1.492
1.6
1.212
2.624
1.816
1.305
1.533
2.634
1.857
1.538
1.524
1.271
1.833
1.669
1.522
2.4
1.925
1.748
1.588
2.251
1.793
3.581
1.914
1.832
2.006
1.557
3.048
0.5402
1.389
1.506
1.731
1.354
1.301
3.23
1.653
1.918
1.606
1.773
2.249
2.614
2.275
1.854
1.609
1.786
1.672
1.671
1.966
1.901
2.118
1.845
0.6041
2.701
2.504
2.128
1.402
1.862
2.603
2.621
1.606
1.689
2.374
1.418
2.134
1.79
2.254
1.904
1.602
2.053
1.407
1.462
1.145
1.653
1.374
0.8569
1.9
1.253
2.42
2.082
1.446
1.652
2.338
1.456
1.993
1.196
2.161
2.635
1.92
2.535
2.72
1.467
2.62
1.224
2.35
1.677
1.568
1.064
2.207
2.286
2.255
2.031
2.512
2.096
2.137
2.238
1.775
1.681
2.874
1.44
2.507
1.847
2.12
2.4
1.032
1.838
1.715
0.7458
2.094
1.825
1.731
1.981
1.113
1.844
1.853
1.596
2.281
2.861
1.889
1.967
2.637
1.608
1.305
2.009
2.707e-07
2.021
1.633
1.688
2.477
1.999
2.057
1.95
1.962
2.242
2.354
1.512
1.322
1.666
2.017
2.27
1.848
1.555
1.532
3.465
2.598
2.664
1.129
1.814
2.292
1.726
2.025
2.272
2.316
2.26
2.121
1.958
2.338
2.312
1.517
1.741
3.039
1.727
2.213
1.983
1.807
2.472
1.404
2.367
2.186
1.928
1.953
2.678
1.248
2.13
1.502
1.411
2.344
1.698
2.43
1.428
2.332
1.545
1.357
2.95
1.872
1.558
1.318
2.456
2.174
2.684
2.418
2.16
2.706
2.013
2.796
1.702
2.289
2.928
2.181
0.8543
0.7469
2.794
2.234
1.272
1.674
1.987
2.805
2.665
2.133
2.412
3.011
2.765
2.291
1.29
1.358
3.126
2.712
1.704
2.248
2.302
1.842
2.681
2.113
2.064
2.143
2.077
1.911
2.168
1.839
1.929
1.932
2.93
2.35
3.247
2.076
2.459
1.854
1.771
2.615
2.395
1.24
2.09
1.626
2.101
2.251
2.067
1.873
2.045
1.884
2.195
2.106
1.738
2.94
1.44
1.815
2.106
2.436
2.837
2.009
2.255
2.051
3.284
2.826
2.727
1.99
2.784
1.816
1.582
1.725
2.235
2.104
2.218
2.18
2.648
3.125
2.671
2.582
3.48
1.824
2.135
2.871
1.913
2.452
1.182
2.617
1.969
2.349
2.05
2.698
1.977
2.365
2.615
1.729
1.655
1.708
2.469
0.8494
2.177
2.328
2.48
2.343
3.712
2.603
2.686
2.385
2.017
2.3
2.404
2.323
1.808
3.369
2.885
2.248
2.114
3.598
2.556
2.224
3.324
2.328
2.139
2.104
1.893
2.46
1.925
2.992
2.97
2.933
3.184
3.107
3.296
3.154
2.839
2.815
2.711
2.909
2.245
3.267
2.141
3.028
2.831
2.479
2.916
2.928
2.654
1.686
2.073
2.521
1.942
2.434
1.811
2.82
2.921
3.759
2.389
2.17
2.88
2.214
3.779
2.936
2.739
3.297
1.478
3.491
2.13
2.478
3.702
2.075
3.315
2.307
2.63
1.881
2.245
2.433
2.421
2.86
2.158
2.942
2.417
1.618
1.441
2.691
1.928
1.911
2.336
1.893
2.493
2.116
2.985
2.831
1.969
1.958
1.932
1.446
2.565
2.49
1.948
2.497
1.932
2.494
2.208
2.961
2.392
2.338
2.881
2.551
3.318
2.682
2.834
2.85
2.37
3.154
2.928
2.457
2.804
3.817
2.649
1.944
2.42
1.755
2.355
2.724
4.299
4.061
2.713
0.707
1.96
2.859
2.365
2.789
2.736
2.95
2.811
2.643
3.046
3.064
1.847
2.633
2.248
2.854
2.089
2.964
2.315
2.245
1.635
2.634
2.23
2.384
2.527
3.311
1.392
2.575
3.791
2.553
2.027
3.014
2.87
2.234
2.604
3.022
2.469
2.558
2.192
1.939
2.151
2.616
2.912
2.172
3.709
2.281
4.051
2.33
2.28
2.964
2.362
2.433
2.583
2.493
2.931
2.774
3.076
2.128
2.218
1.901
2.765
3.865
2.939
4.166
2.739
3.457
2.87
2.831
2.157
3.326
2.766
2.173
2.478
2.535
2.74
1.949
2.55
3.867
2.254
3.504
2.706
2.657
2.986
4.026
2.907
3.222
2.533
3.059
3.091
3.722
2.661
2.885
2.77
2.774
1.965
3.741
3.401
2.59
2.783
2.917
3.019
3.14
2.481
1.395
0.7798
0.3751
0.3786
1.303
0.9556
1.124
0.7194
0.8064
0.7921
1.139
1.566
0.0
0.3735
1.634
1.191
0.0
0.8743
0.5874
0.4107
0.8448
1.21
0.9874
3.133e-07
0.569
0.9266
0.9697
0.3322
0.8815
1.456
1.087
0.6946
0.7754
1.399
1.387
0.4239
0.8266
1.399
0.2741
0.06011
0.2825
0.438
0.3386
1.174
1.588
2.069
0.4329
1.622
1.045
1.283
1.015
0.4795
0.5286
0.4929
0.4929
0.4795
1.059
0.4226
0.5441
0.9997
0.4943
1.05
1.749
1.325
1.156
1.4
1.988
2.797
1.662
1.801
0.8617
0.8617
1.292
1.763
1.851
1.946
1.329
1.774
0.7212
3.428
1.548
1.692
2.847
1.3
0.4795
0.4929
0.5137
0.4795
0.4362
0.4795
0.7704
0.7679
1.16
1.856
1.222
1.2
1.409
2.236
1.037
1.075
1.305
0.4039
1.961
0.7559
0.7831
1.689
1.368
0.8685
0.8281
1.566
1.125
1.305
1.613
0.8888
1.035
1.247
0.9851
2.645
1.358
1.612
1.78
1.32
1.273
1.525
1.838
1.022
2.914
1.835
3.186
2.234
2.145
2.642
1.497
1.872
1.826
1.219
1.203
1.863
1.561
1.321
3.042
1.916
1.485
1.731
1.245
3.367
2.06
1.73
1.863
2.068
1.152
2.431
2.435
1.522
1.927
2.343
2.597
2.741
1.395
2.137
2.669
1.792
2.338
1.959
0.884
1.615
1.055
2.565
1.293
2.248
2.685
2.758
1.843
2.417
2.143
2.168
2.243
1.782
2.288
2.108
1.495
1.431
2.234
1.836
2.831
2.779
1.88
2.14
1.351
1.599
2.345
2.296
1.006
2.656
1.626
2.025
1.929
2.238
0.9069
2.441
2.321
2.468
2.269
2.636
1.735
1.95
1.842
1.742
1.754
2.227
2.631
2.115
1.798
0.9216
1.644
2.709
3.018
2.081
2.292
1.706
2.667
2.521
1.837
2.211
2.837
1.642
2.123
2.146
2.994
2.072
2.634
2.152
2.84
2.27
3.051
1.824
2.601
1.003
2.22
2.302
0.9688
3.021
2.615
2.327
2.22
2.005
2.219
1.748
2.229
2.169
1.741
2.235
1.787
2.827
2.746
2.317
2.384
2.26
3.087
2.365
2.2
2.033
2.253
1.612
2.66
1.424
2.65
3.439
1.804
1.832
2.922
1.904
1.368
2.277
1.484
2.323
2.195
1.975
1.428
2.619
2.357
3.101
0.6363
1.749
1.188
3.203
2.135
2.954
1.724
2.109
1.782
2.534
2.208
2.213
1.7
3.015
1.79
2.713
2.438
1.76
2.125
1.993
2.576
2.816
2.288
3.319
2.356
2.839
1.459
1.649
2.833
1.92
3.066
3.625
3.597
3.054
1.478
4.055
2.958
2.181
2.326
2.202
3.293
2.073
3.333
2.018
2.251
2.507
3.177
2.114
2.818
1.99
2.381
2.75
2.359
2.113
2.556
3.317
1.995
2.262
1.626
2.896
1.786
3.045
3.155
2.239
1.876
2.356
2.64
2.784
2.573
1.897
1.619
2.361
2.342
1.617
3.523
2.599
2.948
2.528
1.987
2.082
2.292
2.891
2.581
2.489
2.579
3.41
1.779
2.22
2.676
2.554
2.242
3.009
2.6
3.502
3.141
1.977
2.98
2.905
2.739
2.143
2.386
2.819
2.397
2.529
3.766
2.304
2.688
2.414
2.025
1.861
2.736
3.636
2.366
1.898
3.309
2.243
3.131
1.894
2.495
2.414
2.491
2.23
3.38
2.341
1.81
3.078
2.257
2.432
2.883
2.346
4.087
4.374
2.889
2.186
2.616
2.41
2.455
2.783
1.717
1.645
3.023
1.34
2.403
2.447
2.774
4.29
1.933
2.38
2.508
3.019
3.328
1.851
2.519
2.026
3.556
2.562
2.769
2.781
3.284
3.132
3.614
2.918
3.313
2.878
2.598
2.335
2.746
3.334
2.529
2.435
2.782
2.575
2.218
4.283
2.403
2.765
2.838
2.374
2.777
3.358
2.978
2.542
2.55
3.344
2.56
1.692
3.17
3.443
3.879
3.395
2.775
2.827
3.333
2.581
2.79
2.649
3.324
2.997
4.331
2.561
3.779
2.979
2.962
3.003
2.807
2.598
1.985
3.155
3.364
3.421
2.283
2.98
2.569
3.139
1.803
3.303
2.372
3.167
2.718
2.718
1.696
2.94
6.084
3.448
3.144
3.219
3.642
2.969
5.169
2.656
2.722
3.442
3.829
2.926
3.291
4.17
2.777
4.478
3.175
3.394
2.794
4.363
2.002
3.345
2.778
2.899
3.4
3.31
3.039
2.858
3.187
4.209
2.647
2.461
3.204
4.591
3.311
3.901
2.98
2.639
2.704
3.385
4.001
2.762
4.301
3.079
2.971
3.938
3.281
3.388
3.592
1.65
3.234
3.37
4.8
2.752
3.101
3.818
2.912
3.754
2.982
4.603
4.074
2.811
3.286
3.319
3.161
4.343
5.514
2.522
3.425
3.486
3.349
3.535
3.61
3.101
3.169
3.354
3.461
3.831
5.67
3.74
2.704
3.309
3.151
3.403
4.414
2.91
3.924
3.603
2.666
3.544
2.865
4.498
4.252
4.165
2.944
3.737
2.489
3.63
2.67
2.23
2.292
3.798
2.737
4.021
3.825
3.417
3.245
3.717
3.877
3.622
4.355
4.326
3.624
4.232
3.55
3.48
2.652
3.349
3.296
3.57
4.563
4.049
3.805
3.178
4.058
3.218
3.905
3.958
3.619
4.078
3.142
3.092
3.172
3.307
3.763
2.855
3.776
3.172
3.578
3.473
2.605
3.522
3.314
3.273
3.135
2.548
3.282
2.744
2.589
2.948
2.731
2.97
3.988
4.851
2.802
4.115
4.429
5.389
2.446
3.843
3.911
3.955
4.421
2.817
3.27
3.222
4.296
3.588
3.45
2.991
4.55
4.011
4.492
3.313
3.941
4.539
3.606
3.391
3.193
3.213
3.528
3.799
3.572
4.353
3.108
3.822
3.869
2.252
2.929
5.157
4.554
3.33
2.566
5.077
4.492
3.781
3.292
2.563
4.022
