21.11
10.17
13.28
30.73
6.463
19.85
11.0
13.09
6.533
23.77
25.53
20.85
17.81
17.85
11.7
15.26
25.37
20.75
14.35
20.74
0.0
15.33
29.13
0.0
41.52
17.21
0.0
0.0
26.85
9.101
17.88
20.54
11.89
20.26
17.35
25.29
8.686
25.64
20.92
25.35
7.379
24.37
20.81
27.68
21.67
15.26
25.79
1.801e-06
13.77
25.7
17.86
29.01
11.05
33.58
9.873
0.0
19.82
22.51
8.529
13.68
31.51
28.89
11.05
7.913
17.85
43.56
1.408e-06
11.06
23.36
24.84
29.13
13.77
17.11
14.19
22.56
18.64
28.89
27.2
21.68
11.37
11.44
16.89
4.238
12.82
6.533
27.02
8.686
13.74
20.92
23.59
40.71
17.05
16.7
22.89
17.82
30.59
13.01
13.57
18.29
10.09
8.108
24.65
43.74
15.11
2.021e-06
8.346
32.34
12.84
21.09
24.96
16.44
57.6
8.738
13.16
44.45
17.85
13.97
13.55
8.383
9.397
22.35
13.14
11.37
44.27
26.15
34.7
15.65
7.676
7.124
25.62
20.98
21.78
17.82
4.885
15.34
24.56
21.47
8.939
11.06
27.11
32.51
0.0
11.37
24.14
16.36
22.6
0.0
19.25
8.686
42.21
16.7
22.48
14.64
21.6
15.43
18.29
22.51
18.65
14.97
18.49
19.8
25.53
24.52
12.59
13.77
13.47
10.39
17.79
41.13
26.9
33.5
28.1
17.85
8.529
0.0
13.97
29.45
35.58
11.65
28.89
31.28
8.289
30.35
28.89
4.238
7.123
24.46
57.1
22.73
24.75
37.8
34.23
21.19
20.3
4.486
10.14
17.06
27.62
10.84
13.28
7.488
6.533
28.59
6.533
12.37
16.82
28.25
10.6
17.35
20.26
42.15
60.32
16.16
21.73
5.047
30.49
6.404
30.93
20.44
15.33
12.62
43.4
12.63
25.08
24.07
12.37
6.827
15.75
29.01
27.33
19.03
21.1
13.38
2.656
10.39
36.99
25.05
29.69
18.99
13.67
29.25
9.911
35.45
42.73
6.933
16.03
18.11
18.09
22.14
0.0
10.31
17.05
36.45
5.329
36.94
7.736
18.85
10.15
48.82
36.3
10.66
12.72
20.32
17.37
8.529
36.66
28.28
30.57
15.61
27.99
8.814
1.866e-06
8.383
24.03
17.22
34.64
1.55e-06
31.65
29.13
29.76
29.54
12.23
13.38
42.66
0.0
36.57
11.65
22.77
22.41
16.38
27.72
20.01
27.68
24.07
11.77
18.96
12.82
29.13
34.02
12.39
18.74
19.73
11.33
24.11
5.105
10.8
19.04
23.94
35.47
33.16
21.25
15.11
31.57
60.93
0.0
12.62
24.58
31.56
0.0
11.05
29.04
40.18
13.97
17.64
17.23
32.87
43.13
25.93
32.93
23.74
21.83
28.37
15.38
33.82
32.1
15.21
26.76
20.26
18.9
41.93
17.35
13.74
20.32
3.703
8.686
15.24
31.03
21.39
23.24
20.11
26.97
32.88
0.0
16.36
29.24
30.41
21.09
30.21
11.17
31.37
0.0
10.17
14.18
13.77
33.76
21.86
0.0
16.36
1.699e-06
26.42
12.91
10.95
19.09
23.08
24.85
23.83
15.76
14.13
28.45
4.885
4.289
24.2
0.0
18.8
37.47
17.23
27.76
20.33
22.82
25.05
27.62
13.77
23.96
23.14
7.913
25.75
21.04
57.62
19.14
37.17
12.43
16.21
9.116
11.65
28.61
24.26
11.89
8.529
21.25
8.166
15.26
21.42
6.192
20.15
25.8
33.5
37.36
24.74
17.4
12.78
14.13
6.229
14.83
7.529
0.0
0.0
24.75
18.66
3.703
12.93
12.96
23.1
24.02
18.93
27.52
21.63
23.9
31.44
32.36
38.04
11.37
30.22
13.16
12.82
9.06
61.49
15.17
28.32
17.64
4.289
17.44
3.703
1.475e-06
12.39
8.585
0.0
30.33
28.51
17.79
0.0
31.24
10.95
20.6
24.67
12.53
18.48
22.51
6.192
16.33
50.55
6.404
13.88
19.3
38.93
8.383
26.5
30.06
14.31
9.484
18.86
22.33
19.44
25.76
24.76
20.32
28.98
23.65
30.76
33.5
17.14
29.17
36.28
16.03
26.5
8.166
22.26
17.72
27.44
8.529
27.52
26.5
30.16
28.16
14.27
22.5
8.105
34.99
16.17
14.32
8.585
13.22
34.22
20.6
22.51
21.31
25.28
2.178
31.58
11.41
11.33
19.27
14.28
34.75
14.32
13.16
18.99
6.192
14.46
8.95
18.86
14.79
8.529
0.0
9.054
17.04
7.488
13.55
5.105
25.21
1.505e-06
25.81
16.51
30.63
14.91
5.814
13.06
33.37
27.38
21.09
34.17
23.87
25.37
12.96
25.37
11.06
35.35
14.32
17.41
47.15
0.0
28.73
39.12
36.45
13.14
22.0
17.56
16.85
11.81
26.82
35.37
13.16
17.56
20.92
11.22
15.34
24.06
13.92
16.36
30.7
10.66
8.108
21.83
6.533
24.39
6.192
13.87
38.23
12.23
17.21
4.238
12.59
15.17
18.51
23.44
19.8
5.888
22.14
20.75
5.888
28.37
34.86
10.95
36.5
28.47
1.475e-06
33.88
9.523
8.289
32.25
23.96
26.11
21.2
10.07
12.39
27.38
26.5
12.39
10.14
0.0
22.83
24.88
28.03
15.17
34.28
13.14
37.74
11.81
31.35
15.26
10.84
24.74
23.34
33.23
28.88
14.96
17.55
12.96
37.54
23.83
17.37
15.36
12.39
25.53
22.81
34.41
25.37
17.85
7.488
24.53
9.195
20.38
16.85
32.64
21.19
16.36
12.96
34.53
15.26
23.3
48.78
31.02
30.71
35.6
22.82
71.87
26.5
19.24
19.29
16.55
11.31
21.29
22.41
27.46
14.84
25.17
27.52
17.37
12.96
21.87
22.95
17.85
9.116
0.0
33.14
18.7
3.703
12.62
10.58
8.529
9.789
1.866e-06
18.86
33.21
12.28
29.78
26.5
30.33
10.66
0.0
15.11
10.6
26.86
12.59
17.21
21.67
18.32
4.486
22.98
26.21
15.11
0.0
33.93
19.17
15.36
7.373
25.57
14.28
3.703
12.02
41.98
16.97
22.61
16.89
14.18
16.85
23.59
15.13
28.47
11.96
12.64
24.33
11.37
35.89
24.34
34.06
23.44
13.25
34.54
12.82
29.95
10.66
16.97
13.08
15.7
53.97
40.95
35.37
37.88
12.39
37.46
31.74
3.049
21.11
9.116
17.85
11.22
29.06
10.21
9.85
22.28
38.71
25.69
14.49
16.74
11.73
23.73
9.054
28.89
16.85
4.486
24.4
23.44
28.89
17.04
30.82
1.584e-06
0.0
42.56
13.97
13.77
12.37
7.123
14.83
1.584e-06
29.01
18.41
9.397
14.84
21.86
43.18
23.87
23.95
0.0
14.79
28.08
26.41
29.87
21.1
20.83
8.723
55.63
46.61
27.78
0.0
28.15
13.78
13.63
29.94
11.73
20.15
13.17
22.55
28.99
0.0
13.48
26.69
9.06
22.85
12.39
14.97
7.529
26.3
34.33
27.72
28.81
14.35
9.054
19.4
26.4
20.76
22.16
23.31
23.75
24.78
14.93
30.07
19.57
29.96
24.93
9.941
18.32
20.62
14.79
11.37
26.14
0.0
19.73
18.29
17.76
19.55
24.91
28.9
32.75
22.51
20.91
18.48
21.11
37.63
26.31
14.64
17.85
58.8
11.16
17.37
8.95
30.59
54.67
33.96
26.22
11.96
13.28
36.54
16.44
16.18
26.5
27.13
27.9
30.59
29.1
0.0
26.32
21.67
28.05
30.66
32.94
10.38
35.35
20.38
18.21
6.533
18.73
21.7
10.31
21.24
23.02
13.6
18.85
22.27
28.03
28.46
12.62
13.77
0.0
9.054
12.23
47.45
34.49
29.77
19.23
22.2
29.66
29.21
13.16
35.36
13.77
28.37
37.64
30.22
7.913
8.533
21.73
24.43
15.11
10.66
41.58
25.37
14.04
33.99
23.83
16.71
23.47
6.533
16.63
14.8
20.26
11.06
13.53
25.7
24.62
23.37
21.36
16.52
13.14
20.6
24.72
10.31
12.91
10.95
46.05
27.69
19.55
3.337
13.28
31.28
10.21
0.0
6.404
24.56
11.75
19.99
17.37
1.475e-06
45.91
30.35
9.06
17.35
25.45
19.28
19.85
43.14
15.13
15.26
1.261e-06
13.38
35.36
12.72
15.87
0.0
19.43
27.53
16.84
32.26
20.65
28.8
14.28
17.78
39.73
23.87
25.93
26.06
50.13
17.98
9.85
23.85
25.37
46.1
9.523
28.12
25.37
28.95
47.71
15.17
30.89
35.45
13.77
38.51
38.58
32.01
21.68
33.5
29.42
29.41
16.74
34.52
29.13
29.13
0.0
10.38
30.16
26.84
16.03
4.289
18.35
12.77
19.04
11.65
18.97
22.81
33.05
10.31
19.21
2.021e-06
22.42
14.42
44.54
37.8
22.45
26.21
21.31
17.56
36.42
19.72
22.85
3.049
24.71
28.59
13.68
20.12
11.7
29.37
12.43
23.44
13.0
30.68
28.89
40.72
27.97
35.16
21.91
20.61
6.303
26.96
20.32
34.28
22.08
31.45
1.505e-06
33.5
17.93
13.67
15.75
27.44
14.9
31.85
32.3
40.72
23.83
21.91
8.533
13.77
30.99
30.7
0.0
25.19
28.84
22.73
15.65
29.64
19.17
19.49
16.51
24.97
11.81
33.64
20.54
20.6
17.74
18.86
7.913
19.08
28.22
27.1
30.92
30.75
41.25
13.97
37.64
14.42
10.19
0.0
17.76
3.337
21.04
31.56
6.996
16.17
20.58
27.51
36.86
21.71
12.39
23.39
22.56
47.91
38.38
31.63
33.48
11.41
21.42
12.37
37.17
20.32
20.03
33.72
22.51
18.96
25.07
27.21
19.12
33.5
33.08
21.35
24.7
1.505e-06
33.36
19.86
13.77
26.82
22.55
2.178
48.61
9.873
37.24
22.16
12.91
12.23
15.17
17.41
57.62
38.38
30.07
13.77
16.17
1.722e-06
21.48
35.88
18.78
11.96
12.39
25.75
30.41
15.18
28.89
25.74
13.08
8.289
33.69
1.584e-06
11.75
7.373
29.79
34.99
21.69
33.5
34.2
25.55
11.06
24.73
30.49
25.37
17.77
29.17
6.996
29.43
31.32
14.42
29.54
17.85
12.39
25.76
17.19
24.01
32.51
20.21
13.77
28.89
35.15
33.5
0.0
17.03
20.92
23.97
34.52
31.41
9.523
31.51
30.92
32.74
27.78
21.51
20.75
17.51
16.19
26.4
31.78
19.72
19.4
19.55
25.23
18.09
12.62
22.51
31.79
38.92
5.814
16.95
17.23
23.73
14.36
15.85
32.73
21.11
35.99
31.57
17.94
16.17
26.5
35.86
38.11
28.61
29.76
30.89
16.82
22.81
30.86
20.62
28.59
28.39
41.15
28.89
8.95
18.08
35.6
18.66
27.29
21.41
13.08
25.55
31.71
27.52
25.73
