18.79
3.168
0.0
20.23
41.63
8.144
0.0
3.609
55.23
19.64
14.05
18.8
17.68
61.82
1.687
5.503
41.21
15.5
17.48
35.44
11.83
19.56
46.91
28.3
52.61
8.822
7.107
26.58
16.88
33.71
23.04
1.841
19.11
19.78
52.72
15.94
14.17
3.347
12.82
53.88
14.77
19.47
59.05
15.56
14.91
13.99
37.42
1.751e-06
31.74
55.71
19.82
0.0
17.99
26.81
22.48
49.75
32.65
29.87
20.26
4.426
17.19
17.89
18.34
28.8
8.461
26.79
0.0
44.62
23.99
1.669e-06
45.46
18.55
52.73
26.02
30.06
0.0
22.25
18.39
40.28
25.83
23.03
0.0
14.91
15.72
21.1
1.397
41.49
14.48
21.72
33.73
5.83
4.372
0.0
14.53
41.76
22.9
32.1
25.52
46.97
22.51
15.18
15.71
24.04
20.17
13.23
1.457e-06
46.61
35.61
12.41
40.0
5.877
30.11
17.31
0.0
28.8
30.14
0.9585
29.95
7.56
5.181
1.731e-06
10.5
17.39
29.05
22.5
22.28
14.03
25.87
27.92
29.63
7.129
5.953
3.945
34.77
65.09
28.03
20.69
25.43
4.229
20.59
3.458
30.86
29.17
16.88
45.66
24.68
0.0
21.72
35.23
9.261
19.56
15.81
34.45
19.42
20.76
50.29
36.39
14.13
6.55
23.73
22.58
0.0
16.29
42.97
7.511
6.736
0.0
18.51
16.44
66.69
64.32
19.56
34.54
23.03
17.59
3.828
22.83
42.07
11.85
1.453e-06
16.06
9.897
8.156
36.66
46.39
18.38
15.88
4.774
54.13
30.55
18.46
35.21
70.13
37.59
31.6
5.177
18.35
12.46
30.85
0.0
30.73
13.34
40.13
28.8
56.74
46.38
3.08
49.95
46.07
27.39
28.64
0.0
17.48
31.37
14.1
7.945
38.11
42.91
50.42
15.73
18.03
49.58
19.11
26.3
48.37
30.31
20.99
51.44
40.04
50.85
5.934
21.57
46.28
73.59
19.81
52.49
23.25
1.445e-06
8.118
0.0
13.73
0.0
34.97
34.42
0.0
4.289
23.27
26.57
16.78
21.3
10.17
14.9
11.19
14.27
13.56
52.9
28.86
28.19
8.461
41.74
17.53
3.569
28.89
0.0
2.748
59.25
1.638
26.39
17.26
26.43
0.0
17.83
18.61
24.27
43.58
30.11
0.0
10.19
40.8
9.319
11.06
24.57
21.18
27.61
15.09
6.564
23.57
0.0
12.19
53.75
62.96
19.09
51.02
12.22
16.09
33.8
0.0
21.8
61.43
43.15
30.58
32.33
8.796
3.607
19.54
3.567
37.35
26.5
34.27
33.81
21.1
52.06
24.33
24.61
22.71
33.74
30.53
26.74
36.29
18.88
34.41
20.34
48.47
21.76
34.67
33.34
39.74
34.15
24.92
34.32
13.68
44.79
36.06
53.98
32.04
20.39
4.99
24.13
23.35
65.55
28.68
19.62
30.14
19.02
0.0
48.91
0.0
14.68
9.119
16.17
37.22
0.0
18.79
10.28
25.27
34.99
8.24
0.0
30.8
65.45
29.94
21.3
50.7
39.59
8.01
4.817
28.65
0.0
16.56
9.79
2.867
47.57
41.35
24.06
30.93
14.07
25.19
0.0
12.4
9.762
6.398
3.036e-06
14.33
24.41
15.62
53.73
20.9
16.71
35.13
15.87
1.735e-06
12.89
34.95
20.99
27.07
39.27
23.82
24.94
19.4
16.24
54.37
4.86
1.677
13.23
17.38
22.51
12.92
17.99
32.54
17.07
8.672
49.81
1.974
23.54
16.6
31.39
17.78
1.846
15.42
8.569
21.74
12.59
0.0
0.0
29.16
28.38
25.21
33.54
0.0
40.88
17.79
14.68
3.958
5.733
48.85
30.32
24.15
16.61
19.65
4.897
42.38
0.0
0.0
24.45
40.1
9.022
10.61
53.01
5.961
62.0
26.91
37.28
33.8
18.25
26.74
41.71
13.47
40.27
0.0
61.36
23.29
0.0
19.81
33.16
23.19
19.09
20.24
29.03
24.55
8.054
25.11
37.06
28.97
14.57
47.36
44.11
15.01
15.54
27.45
0.0
1.834e-06
50.82
39.91
21.37
45.75
32.26
23.46
0.0
4.843
22.04
47.89
40.81
36.35
16.73
9.188
19.13
40.28
0.0
33.84
6.419
0.0
18.2
0.0
18.86
1.019
19.09
30.08
17.72
15.25
15.85
16.82
2.579
18.86
22.65
30.57
3.945
21.82
22.8
26.39
18.45
15.86
30.98
11.7
13.24
16.87
20.93
30.26
17.81
49.22
22.48
20.19
12.23
39.78
62.29
28.89
0.0
13.52
28.26
38.95
29.31
17.92
15.48
15.27
20.59
17.7
32.7
41.1
22.76
26.48
29.79
11.11
51.03
27.98
9.707
19.47
2.746
15.66
24.02
13.32
11.2
25.44
18.36
18.22
31.52
0.0
28.12
58.57
15.32
15.87
9.225
18.82
4.492
22.7
0.0
4.753
17.21
43.34
38.49
61.06
0.0
15.92
0.0
18.24
13.09
17.8
37.43
30.79
16.91
0.0
7.505
19.55
37.38
2.855
20.21
25.72
29.71
49.85
12.85
18.36
28.48
14.6
19.4
0.0
41.57
0.0
20.67
30.94
29.93
14.38
20.9
17.39
29.73
40.28
0.0
42.3
63.93
6.22
42.27
13.23
19.09
1.841
33.11
26.16
6.242
28.1
11.93
1.418
39.41
24.0
35.14
8.876
0.0
0.0
31.31
49.58
0.0
14.69
36.31
34.41
27.37
19.28
54.24
14.48
52.94
33.63
11.81
33.74
29.58
23.3
27.62
0.0
36.29
51.92
7.346
14.0
28.22
14.37
0.0
15.78
4.628
33.44
16.84
18.28
33.43
25.02
29.73
47.55
4.712
20.65
14.36
22.89
0.0
35.84
3.192e-06
27.07
0.0
33.02
48.96
16.14
52.32
0.0
23.62
14.77
49.06
19.93
41.23
56.01
19.54
1.654
8.553
42.13
45.32
17.7
19.12
41.91
26.96
11.41
0.0
14.1
27.73
20.0
0.0
11.75
40.87
31.21
10.32
6.79
32.62
16.73
12.55
24.45
20.81
3.797
41.11
33.4
1.264
0.0
21.78
29.7
24.62
35.37
21.24
49.35
28.32
34.69
7.364
2.438
46.39
25.84
13.88
7.055
63.22
31.55
18.4
16.45
63.85
31.63
7.666
49.27
20.4
56.08
11.41
2.55
38.72
6.208
28.25
0.0
28.19
21.66
0.0
21.72
24.97
12.55
39.9
28.02
24.45
20.59
30.93
33.93
1.751e-06
19.24
8.777
40.3
18.18
33.36
19.0
20.17
5.681
21.33
10.45
15.24
52.49
16.54
30.72
19.7
31.58
48.71
28.45
11.86
9.759
10.15
22.7
14.59
0.0
0.0
30.75
49.6
25.21
27.83
25.71
0.0
22.93
47.25
24.57
20.41
30.87
30.61
20.62
5.267
19.96
34.96
17.95
2.432e-06
31.52
8.5
21.07
68.28
20.59
14.23
60.14
2.505
0.0
14.18
64.26
17.6
39.76
0.0
21.52
2.996
42.12
52.06
59.12
0.0
8.441
20.34
29.64
48.42
9.173
0.0
32.32
25.03
12.56
14.91
31.75
20.99
8.142
30.31
0.0
9.931
29.31
30.56
13.73
27.98
21.46
11.16
58.98
25.11
15.06
30.2
26.53
30.69
28.18
0.0
23.44
13.78
17.96
9.647
4.858
23.27
29.64
0.0
44.36
32.0
13.21
23.24
0.0
6.549
39.8
31.26
20.34
42.09
6.804
17.62
6.586
18.83
10.78
35.42
31.07
24.62
42.88
44.25
26.37
11.19
71.56
26.28
17.23
19.81
12.32
0.0
0.0
28.1
15.92
33.58
8.569
18.65
19.31
1.403e-06
42.26
7.983
7.417
32.41
13.39
7.674e-07
18.31
22.38
39.89
29.65
14.35
0.0
24.3
29.61
0.0
52.46
3.468
34.95
39.18
39.49
29.04
18.65
33.08
25.96
15.46
6.288
6.45
29.22
74.07
15.35
39.45
49.38
28.19
31.73
19.98
18.62
31.14
53.14
29.91
33.84
0.0
14.49
10.68
56.4
37.28
24.01
36.9
17.8
22.85
23.61
10.02
31.97
47.48
4.954
50.22
16.57
0.0
0.0
0.0
33.63
16.54
31.21
12.47
33.79
27.6
30.83
28.84
55.82
21.64
24.15
21.49
24.74
10.7
25.41
0.0
39.56
21.8
37.92
37.06
20.81
0.0
37.34
7.18
0.0
17.25
30.35
26.85
24.74
20.95
22.97
29.93
46.82
4.41
57.01
31.6
32.67
20.19
61.53
8.494
33.14
42.69
35.06
28.73
19.3
5.33
0.0
26.69
26.75
8.89
22.74
19.47
23.67
20.87
29.64
0.0
5.317
51.23
11.49
42.72
27.51
36.97
28.89
12.57
53.44
27.33
19.04
39.3
18.86
28.78
38.08
64.06
24.68
19.22
34.39
40.8
31.24
19.04
16.5
44.83
6.046
2.076
21.95
58.47
36.34
20.99
29.51
3.58
4.374
26.18
13.99
19.04
28.3
22.41
6.303
35.99
29.96
23.08
22.26
0.0
37.98
52.1
16.24
22.05
24.67
25.52
21.36
20.67
24.04
42.85
3.845
5.0
0.0
50.38
0.0
18.22
20.56
31.42
16.89
16.54
23.31
23.75
17.11
32.4
53.84
16.01
11.74
16.61
0.0
34.95
30.1
0.0
29.59
0.0
15.29
31.49
16.15
28.13
26.52
0.0
17.38
10.63
5.317
9.398
0.0
12.95
32.38
33.43
31.82
27.25
28.21
20.99
55.51
28.31
25.46
21.93
0.0
39.07
11.96
13.49
30.02
4.86
0.0
55.69
21.19
7.313
16.25
49.95
17.17
15.72
15.18
2.076
25.35
11.47
31.87
35.53
0.0
19.11
25.46
0.0
77.13
11.74
42.5
48.29
19.47
22.4
34.31
16.33
23.59
19.52
18.72
0.0
17.78
10.28
42.43
55.3
64.01
14.75
48.73
37.98
15.25
13.02
30.1
57.74
14.26
30.47
0.0
7.983
14.64
34.21
19.32
19.47
30.26
25.84
6.376
47.84
13.56
28.72
1.641
57.46
40.27
1.974
0.0
40.54
12.52
15.99
0.0
30.35
31.49
17.9
10.76
29.49
18.7
11.86
29.04
17.98
16.23
0.0
0.0
19.7
20.05
24.62
17.18
18.75
32.76
25.69
31.79
7.53
26.35
43.82
14.1
19.61
24.32
27.87
35.17
24.9
40.8
0.0
30.81
12.55
0.0
0.0
0.0
21.37
25.3
14.23
34.16
19.93
44.36
17.49
18.05
2.351
35.24
14.28
0.0
24.95
16.29
21.61
65.19
22.57
0.0
20.77
44.82
17.18
49.59
25.51
2.29e-06
33.76
62.79
8.221
50.82
16.15
56.1
0.0
24.78
1.481
17.39
23.35
20.62
2.004
13.06
17.81
16.39
25.05
33.14
31.02
52.06
15.42
16.32
18.67
4.764
39.72
19.45
39.4
29.98
27.62
25.28
3.641
19.2
53.1
25.28
3.729
28.73
6.59
57.1
22.87
34.84
14.76
10.32
7.385e-07
48.47
17.67
34.44
39.55
37.46
12.03
30.58
42.56
0.0
44.68
15.21
47.45
27.21
37.5
2.975
22.84
18.75
22.16
15.47
31.26
16.54
16.88
13.34
22.05
17.84
45.4
10.14
19.56
0.0
25.03
11.28
18.82
25.81
11.87
9.109
22.81
53.98
0.0
25.8
67.38
14.87
34.67
2.064e-06
9.575
20.25
19.91
26.53
2.746
51.15
21.59
24.97
0.0
19.56
24.39
22.01
30.59
46.04
29.94
14.76
39.91
15.85
31.26
56.16
19.43
20.53
27.37
4.032
24.18
5.817
0.0
15.34
24.49
14.33
0.0
46.55
12.93
25.21
10.26
21.28
26.96
18.5
20.04
49.24
27.87
0.0
16.38
5.733
13.65
18.4
19.46
4.816
16.57
13.17
60.39
6.644
0.0
25.2
31.45
16.33
46.81
13.01
0.0
1.677
22.17
24.72
0.0
16.32
2.075e-06
46.41
0.0
0.0
19.77
21.25
2.218
30.83
0.0
34.51
17.02
14.91
9.826
0.0
20.26
9.643
24.9
16.85
28.42
52.45
37.04
17.13
23.96
17.51
15.13
18.97
59.24
18.48
30.57
18.31
20.99
17.27
0.0
23.6
11.44
20.18
32.51
12.95
6.631e-07
26.86
60.1
41.0
36.62
0.0
5.503
27.21
21.35
0.0
25.64
22.7
19.17
44.63
26.37
16.71
76.36
5.317
5.207
0.0
2.405
21.04
28.13
14.1
16.56
23.6
8.672
62.04
17.17
34.33
2.076
48.14
51.75
0.0
62.52
31.64
42.13
19.82
32.41
26.16
28.93
23.75
0.0
4.369e-06
29.61
7.546
15.81
18.71
37.58
18.96
36.77
37.55
17.02
15.33
7.242
21.68
22.28
28.38
0.0
23.84
27.58
23.75
0.0
0.0
43.65
75.23
41.46
0.0
23.07
30.1
0.0
0.0
0.0
17.48
0.0
33.0
51.66
5.906
60.72
7.565
24.18
32.44
4.454
38.11
26.36
13.61
30.82
13.31
16.69
24.21
11.98
1.438e-06
0.0
11.88
24.68
19.74
7.496
1.061
0.0
42.88
17.35
16.18
18.11
65.73
63.41
12.64
0.0
22.34
12.3
30.94
23.72
7.888
34.44
41.23
28.05
20.94
42.42
52.84
0.0
18.44
0.0
16.09
0.0
55.97
17.0
47.58
1.626e-06
26.93
7.361
22.16
41.53
19.58
56.9
20.6
16.29
17.04
65.54
40.8
23.08
18.65
68.36
49.94
7.401
51.44
15.73
14.9
43.59
49.42
17.05
0.0
27.42
0.0
31.98
0.0
18.18
0.0
1.813
18.78
20.66
23.16
35.03
30.14
32.4
25.47
25.39
37.59
0.0
0.0
20.98
13.68
47.18
29.04
48.6
51.23
72.28
38.08
1.829
53.17
20.41
24.42
14.69
68.25
24.96
0.0
24.22
50.64
23.69
0.0
10.5
27.26
6.9
20.55
15.96
30.02
11.93
1.162e-06
23.01
23.59
22.67
43.38
19.44
44.09
18.91
35.88
28.09
14.24
37.25
38.9
11.26
0.0
0.0
47.45
6.987
21.37
0.0
17.57
36.75
16.66
18.32
0.0
22.93
7.964
20.34
30.61
23.52
21.4
50.88
0.0
26.77
0.0
2.996
51.89
30.85
31.2
26.68
21.33
20.1
0.0
1.913
19.65
3.451
19.46
43.15
19.99
58.91
65.74
35.93
21.82
12.56
25.11
11.26
32.83
19.32
20.67
15.84
33.22
6.242
17.07
15.96
12.84
14.16
18.27
37.35
8.878
4.897
16.24
29.96
40.8
1.147e-06
6.124
47.94
58.29
8.323
16.13
4.047
0.0
30.06
11.58
14.91
24.79
23.16
65.56
12.83
6.908
3.741
30.32
12.84
2.556
12.36
23.78
14.75
25.02
0.0
39.7
15.47
47.64
54.95
17.13
15.09
13.79
6.908
20.04
52.01
26.69
33.11
22.69
36.6
71.62
0.0
0.0
4.278
39.11
30.05
13.47
16.85
23.14
18.99
28.09
55.95
26.9
19.98
34.89
27.2
30.45
6.748
13.36
58.02
36.06
14.01
22.52
36.37
41.65
57.43
19.04
2.432e-06
1.072
15.0
18.71
29.16
23.94
35.53
54.95
9.261
35.07
18.82
11.84
34.32
7.519
0.0
36.83
53.26
19.37
34.06
19.2
12.33
28.29
28.44
15.6
0.0
35.14
35.07
33.08
47.59
5.817
59.38
0.0
26.17
0.9284
50.47
19.57
23.35
34.0
23.61
25.7
16.95
34.9
44.83
20.54
14.9
19.64
35.67
25.44
24.72
1.058
15.22
25.81
26.07
19.38
19.5
28.83
17.8
8.409
20.07
19.3
4.038e-06
23.47
21.62
0.0
1.854
22.7
31.71
34.04
0.0
22.79
31.5
0.0
2.639
6.857
20.96
25.04
22.25
31.55
67.26
57.85
13.73
26.31
63.88
21.4
44.79
1.356
51.03
37.07
28.15
31.45
0.0
8.953
24.18
12.83
43.65
28.26
21.68
25.37
38.26
33.85
17.25
18.54
12.76
44.25
52.76
0.0
25.05
20.14
15.78
67.26
20.14
49.22
47.0
4.905
35.06
34.75
6.423
15.62
29.38
18.32
29.91
24.41
29.21
34.77
21.53
12.28
27.57
3.087
0.0
62.27
5.712
0.0
10.43
12.65
15.66
30.86
22.4
14.96
0.0
46.57
42.59
43.86
42.12
26.07
11.26
10.54
0.0
21.24
17.81
30.98
25.44
50.25
24.51
19.37
16.27
9.152
0.0
14.98
34.32
55.15
60.29
21.26
22.94
20.24
25.4
27.19
40.54
27.01
65.99
34.39
19.05
0.0
20.35
35.64
45.12
28.14
29.5
19.46
36.73
24.02
35.56
34.95
43.27
16.4
32.06
45.7
8.043
20.04
27.1
49.26
36.62
0.0
17.54
44.55
60.05
12.64
41.1
4.66
36.52
58.26
10.64
14.93
24.15
24.76
0.0
17.11
20.68
6.24
15.34
35.69
44.79
14.96
22.08
23.3
59.95
10.83
61.25
26.33
0.0
44.89
44.24
7.641
16.32
8.144
25.01
25.01
20.52
15.18
34.76
42.01
30.73
48.21
48.87
12.23
75.04
8.887
24.9
26.4
45.41
18.86
15.93
0.0
39.25
46.52
0.0
2.889e-06
11.63
10.83
0.0
39.8
55.15
46.71
18.45
19.9
18.18
61.93
30.82
19.42
26.79
18.34
60.23
20.59
25.27
48.42
0.0
13.76
24.06
68.57
21.51
30.56
10.44
17.57
15.86
31.23
28.75
1.397
14.85
7.18
0.0
21.48
55.4
0.0
29.74
0.0
39.91
0.0
3.778
38.19
20.32
23.84
17.59
18.44
0.0
10.9
24.61
14.07
0.0
31.03
23.25
5.475
26.61
34.78
79.07
0.0
20.98
0.0
20.01
5.953
32.33
19.19
15.71
16.88
41.95
1.481
15.19
25.44
0.0
36.33
35.45
58.82
14.69
6.59
52.68
0.0
18.57
9.5
3.406
20.05
15.61
29.76
26.26
32.31
24.97
7.617
43.66
14.75
20.9
11.04
34.9
28.59
24.79
15.03
0.0
1.846
32.3
18.22
0.0
26.6
39.36
0.0
50.81
7.109
1.735e-06
35.69
17.39
9.508
21.07
8.13
49.86
39.58
0.0
44.65
28.05
1.624
36.69
11.63
36.75
32.09
36.3
12.69
31.1
22.41
15.96
42.59
52.03
20.2
44.92
14.62
50.98
29.38
17.68
22.03
0.0
12.85
17.21
40.26
32.65
7.646
41.49
50.3
2.889e-06
35.38
21.05
33.85
26.46
18.25
32.77
12.96
37.2
30.81
24.57
19.68
24.73
0.0
9.565
45.23
0.0
23.23
19.65
16.41
2.639
14.23
24.31
25.59
14.19
34.05
43.1
23.08
52.86
7.401
33.02
36.78
14.31
26.25
6.45
15.76
22.15
12.44
10.7
29.77
23.2
38.82
33.66
51.88
0.0
24.06
32.16
25.9
1.57
53.88
23.48
33.81
23.95
52.59
5.681
41.8
15.46
23.78
0.0
12.37
26.9
17.26
39.36
20.3
26.12
36.62
61.17
21.95
23.75
0.0
36.84
69.65
21.21
27.97
52.07
16.41
50.53
9.508
7.617
40.34
43.58
12.84
1.119e-06
19.82
0.0
0.0
12.59
63.84
40.28
22.16
16.18
42.93
5.966
24.08
19.84
17.92
26.77
13.87
21.99
54.69
19.13
0.0
0.0
49.85
1.841
23.83
63.17
31.02
56.08
70.62
39.84
24.78
18.15
25.35
17.18
3.955
42.15
19.13
35.13
15.87
18.77
16.89
43.11
18.62
1.418
76.07
47.98
17.12
0.0
19.09
27.79
0.0
2.579
19.3
30.43
20.34
17.25
20.47
23.34
0.0
34.31
24.01
0.0
22.57
35.88
41.23
28.76
0.0
9.062
41.49
31.01
28.95
24.68
15.13
17.91
0.0
16.82
18.8
19.8
25.03
43.88
12.11
16.11
26.46
0.0
23.57
30.23
70.11
50.01
20.51
25.36
42.98
11.67
53.08
31.2
14.43
19.18
24.22
28.18
19.46
28.93
35.84
12.57
19.12
53.83
33.86
38.23
26.06
30.69
20.5
21.33
24.76
44.84
0.0
16.03
36.84
2.746e-06
44.04
0.0
5.267
7.572
14.91
35.32
0.0
12.26
46.41
26.75
18.79
63.84
63.93
15.56
16.5
3.74
16.8
0.0
0.0
28.64
0.0
52.85
5.917
3.567
0.0
45.12
34.44
30.44
6.736
8.041
0.0
21.1
9.198
0.0
55.93
19.65
2.658
47.92
0.0
50.02
18.95
59.75
26.18
24.93
11.97
12.63
13.89
14.24
66.47
15.7
11.87
0.0
22.74
42.87
0.0
15.26
23.49
27.57
57.97
20.88
29.23
0.0
0.0
9.55
17.24
27.32
19.17
7.496
0.0
58.4
12.3
0.0
20.89
26.98
8.953
21.03
12.55
57.64
9.486
52.37
20.15
0.0
50.24
13.35
10.43
9.738
0.0
16.44
19.56
10.17
10.36
55.07
31.6
19.82
17.38
0.0
20.96
32.59
13.99
21.57
19.93
6.333e-07
53.99
17.83
48.91
54.31
23.92
20.88
27.1
21.61
22.71
0.0
54.79
4.426
8.221
19.69
60.31
23.78
7.055
0.0
7.891
7.572
19.16
18.8
22.29
51.63
19.62
31.37
0.0
19.81
22.15
3.607
44.3
18.01
15.03
23.86
36.78
29.11
11.84
30.3
31.31
3.074
73.92
5.985
6.014
17.39
10.02
28.06
19.36
54.45
26.6
33.01
27.82
38.35
19.3
18.43
2.613
21.17
2.047
17.73
7.53
20.58
22.16
0.0
12.79
62.66
10.56
27.92
12.04
16.91
65.54
19.51
8.723
5.52
17.65
18.53
34.51
29.58
17.8
47.43
49.84
6.796
0.0
25.11
16.85
29.13
23.63
57.33
3.746e-06
35.19
16.6
30.47
32.7
17.73
0.0
24.67
9.038
35.22
50.12
6.226
11.3
18.79
9.129
42.07
25.27
20.34
12.03
55.15
37.96
37.06
0.0
21.79
1.834e-06
44.26
16.21
22.01
43.17
20.47
13.74
7.704
11.27
8.409
2.672
0.0
29.98
14.01
9.113
35.21
0.0
27.61
17.75
19.72
0.0
6.333e-07
23.0
13.95
15.82
35.42
37.74
9.656
23.66
32.07
0.0
25.86
36.06
46.3
21.44
1.258
39.67
19.45
20.54
33.87
36.73
36.72
20.21
48.56
28.95
9.48
66.71
33.86
0.0
14.87
27.52
19.46
27.73
73.53
0.0
15.91
14.77
15.17
7.516
26.12
29.05
15.66
35.78
0.0
0.0
53.27
62.93
62.92
24.79
0.0
20.62
27.78
26.12
2.041
17.38
32.54
7.445
0.0
45.6
20.86
50.19
40.9
12.45
19.32
35.61
15.84
42.26
15.7
22.36
42.13
43.88
30.85
16.6
29.39
27.51
19.77
0.0
0.0
26.77
5.883
0.0
0.0
65.41
49.92
25.24
0.0
42.09
4.048
17.65
45.89
0.0
24.01
3.601
33.17
0.0
50.6
29.51
0.0
13.53
8.423
32.33
26.12
17.76
34.3
19.89
23.03
28.05
35.73
14.96
32.3
50.64
16.24
23.18
13.8
31.32
30.79
14.4
46.55
16.9
34.16
59.35
52.94
25.22
23.41
21.1
14.92
8.413
19.71
24.24
27.59
28.18
20.99
3.411
49.94
36.67
25.25
56.73
20.93
19.0
0.0
0.687
22.97
13.35
16.22
18.8
15.26
23.93
35.74
34.33
21.12
13.36
26.04
40.89
31.62
26.31
23.63
24.0
50.77
10.3
45.66
28.83
0.0
42.4
18.78
48.6
0.0
0.0
43.82
49.79
0.0
18.68
30.48
3.578
34.29
12.39
18.62
32.58
38.76
0.0
27.14
38.89
0.0
65.09
0.0
55.93
0.0
0.0
8.298
12.17
22.58
0.0
0.0
24.14
30.39
0.0
0.0
13.74
24.12
48.47
36.67
61.93
57.47
11.47
31.04
18.46
0.0
32.95
62.16
57.52
25.27
34.76
72.06
59.43
23.94
17.13
27.53
9.633
13.93
19.35
19.54
14.57
61.39
27.98
13.95
20.3
26.46
3.406
4.54
19.27
13.76
10.59
54.67
0.0
30.79
33.01
19.0
6.592
22.86
22.03
9.452
16.5
15.91
18.25
42.12
23.31
49.98
13.55
0.0
27.42
33.02
29.36
44.09
32.73
29.21
32.22
7.546
35.27
11.1
24.6
62.94
10.4
19.91
16.87
2.111
62.43
14.28
39.3
15.73
25.27
11.11
32.95
20.05
16.9
9.926
22.39
24.85
19.17
34.4
21.58
50.46
24.61
4.712
21.76
0.0
0.0
0.0
3.13
70.3
70.59
0.0
16.75
14.67
15.74
11.12
40.99
0.0
37.56
34.6
16.25
37.01
66.74
13.49
55.1
0.0
19.09
28.64
50.16
58.56
7.846
20.2
0.0
31.73
14.18
24.24
4.361
46.61
23.45
12.02
21.05
36.74
64.26
22.76
44.92
0.0
0.0
17.84
0.0
16.49
37.24
32.44
41.23
24.19
25.86
13.74
19.45
49.66
0.0
15.14
0.0
42.71
25.33
28.78
34.15
0.0
29.53
37.73
28.44
8.24
45.29
46.02
48.45
31.79
19.8
60.35
19.78
0.0
16.38
20.69
43.59
1.726
14.63
18.54
41.75
32.89
29.13
21.88
31.2
8.231
9.247
0.0
8.384
0.0
0.0
16.33
0.0
49.23
23.07
21.45
50.0
19.59
22.63
36.6
28.86
10.0
9.022
11.83
8.38
52.97
0.0
33.93
1.772
1.237
42.61
13.67
40.22
15.92
38.3
46.28
17.11
26.18
15.09
28.18
10.81
59.33
1.829
41.49
19.21
4.296
42.46
62.05
44.82
31.0
25.09
20.21
9.843
26.2
39.58
20.77
12.88
4.789
48.95
28.21
19.44
22.31
21.94
52.72
12.52
48.6
0.0
6.025
0.0
10.11
49.19
29.22
0.0
41.04
24.32
52.58
29.91
31.74
25.28
27.9
19.04
19.64
15.3
29.51
0.0
28.01
26.48
10.21
9.084
13.51
50.03
24.15
9.27
0.0
33.04
0.0
21.76
0.0
16.41
0.0
51.41
24.79
28.67
25.65
21.32
27.6
28.68
30.06
32.37
23.02
15.29
39.38
7.26
20.37
30.14
42.93
44.68
24.9
16.49
13.1
6.38
26.26
27.83
0.0
11.55
0.0
11.53
16.56
13.26
0.0
19.07
15.47
3.783
25.23
11.43
46.66
61.19
1.569
65.1
5.177
0.0
21.72
15.22
7.076
16.29
51.11
25.76
15.82
0.0
20.83
32.67
39.87
25.69
25.84
0.0
21.41
19.96
26.04
33.2
0.0
45.08
16.8
15.0
22.29
0.0
18.99
48.55
46.61
31.17
28.42
45.85
21.03
3.908
69.67
29.46
16.67
30.49
20.95
0.0
58.91
55.36
43.73
0.0
17.18
0.0
27.66
0.0
27.11
33.54
31.75
41.99
46.81
5.475
12.75
25.4
0.0
25.01
12.61
0.0
13.4
72.5
50.24
22.57
43.05
20.54
4.263
28.92
42.54
0.0
0.0
20.28
28.05
18.7
2.075e-06
34.22
27.54
0.0
47.94
52.9
18.19
29.92
21.07
10.73
23.78
63.51
32.95
0.0
72.16
40.66
19.97
36.21
59.25
7.185
19.86
26.39
42.97
25.06
41.53
0.0
42.41
26.41
26.49
27.98
21.91
26.76
18.68
12.3
20.17
45.4
33.8
21.73
0.0
52.84
5.495
8.822
21.32
16.41
32.18
0.0
16.99
7.975
17.15
63.99
0.0
25.51
20.41
19.32
29.66
36.91
14.59
0.0
6.371
50.25
73.75
0.0
0.0
1.96
29.09
24.28
37.23
0.0
29.65
25.85
23.57
62.04
21.31
0.0
7.202
40.28
15.54
13.57
2.383
3.173
35.45
32.46
0.0
20.64
54.65
9.152
30.15
38.18
0.0
15.4
42.72
18.34
16.97
10.51
20.34
36.39
9.908
32.08
47.91
23.55
63.14
0.0
14.0
6.996
8.347
1.258
10.5
25.83
68.86
43.18
0.0
0.0
25.69
0.0
7.313
25.87
18.54
12.28
0.0
77.89
17.58
25.11
35.27
11.76
43.26
21.09
27.79
47.28
