0.7046
0.7347
0.651
0.7448
0.8333
0.7131
0.7961
0.7604
0.9428
0.5517
0.6308
0.6946
0.7503
0.5808
0.7727
0.3703
0.638
0.6262
0.7112
0.5867
0.7954
0.7466
0.6717
0.8444
0.8749
0.6864
0.9089
0.7305
0.5816
0.7651
0.5172
0.7999
0.8082
0.6557
0.8111
0.5501
0.8811
0.7265
0.7371
0.6087
0.694
0.6679
0.6553
0.6294
0.47
0.4712
0.7095
0.8181
0.8151
0.7298
0.6788
0.5904
0.6211
0.6675
0.7948
0.7852
0.647
0.8506
0.8599
0.6842
0.6378
0.7775
0.7572
0.6601
0.743
0.7248
0.9055
0.7536
0.6309
0.416
0.5154
0.6059
0.4555
0.6094
0.5786
0.6621
0.7671
0.8002
0.5885
0.7109
0.6415
0.7578
0.4113
0.7818
0.7693
0.6966
0.7895
0.8593
0.7101
0.5547
0.4568
0.7024
0.7027
0.6158
0.5046
0.8501
0.7601
0.799
0.381
0.6743
0.64
0.9458
0.8745
0.5588
0.7371
0.6628
0.7928
0.9253
0.7925
0.7248
0.7059
0.71
0.7207
0.5613
0.5651
0.6668
0.6686
0.5842
0.6796
0.8019
0.7408
0.5363
0.5844
0.8011
0.4744
0.7793
0.5294
0.8494
0.7288
0.6161
0.7068
0.6836
0.8886
0.5759
0.7305
0.697
0.8389
0.7712
0.5173
0.5896
0.7629
0.6837
0.6195
0.9924
0.6894
0.621
0.5108
0.5324
0.8239
0.7341
0.8933
0.8118
0.8933
0.832
0.7163
0.7401
0.6985
0.4903
0.7902
0.6555
0.4864
0.759
0.8215
0.7855
0.8079
0.4969
0.845
0.6813
0.4942
0.7664
0.7452
0.8112
0.8416
0.5758
0.7112
0.8419
0.6651
0.5836
0.8513
0.9092
0.6718
0.7784
0.6236
0.6633
0.8681
0.7893
0.7544
0.6176
0.7392
0.6432
0.8295
0.7809
0.7992
0.2759
0.5962
0.7586
0.8158
0.3831
0.6168
0.7145
0.9502
0.6312
0.6826
0.7586
0.729
0.8344
0.8992
0.4808
0.7768
0.7107
0.72
0.7704
0.3948
0.3844
0.6775
0.7714
0.6448
0.8584
0.5893
0.7548
0.708
0.9141
0.697
0.7407
0.7289
0.6919
0.6407
0.6586
0.7154
0.7531
0.8254
0.587
0.6796
0.7483
0.6934
0.7025
0.8208
0.6968
0.6383
0.6857
0.6091
0.838
0.7021
0.5683
0.594
0.6961
0.7213
0.9009
0.6726
0.8705
0.7074
0.8036
0.8917
0.7682
0.5375
0.7062
0.9657
0.8893
0.7151
0.7562
0.6475
0.9909
0.4708
0.5391
0.7995
0.6826
0.6612
0.6643
0.7001
0.7855
0.3864
0.599
0.803
0.6752
0.5707
0.6549
0.7214
0.8107
0.7569
0.8312
0.6275
0.4335
0.4062
0.6102
0.4936
0.6794
0.5692
0.6839
0.6212
0.7604
0.6312
0.6437
0.887
0.7036
0.6941
0.7359
0.6882
0.6567
0.6607
0.742
0.7753
0.6727
0.7156
0.5393
0.893
0.4354
0.7742
0.67
0.7236
0.7587
0.6995
0.8698
0.9799
0.6566
0.4614
0.4749
0.87
0.7271
0.417
0.7763
0.722
0.5608
0.6142
0.8121
0.5329
0.8997
0.8451
0.7165
0.4827
0.7579
0.7622
0.7285
0.488
0.9372
0.8681
0.6872
0.6421
0.6371
0.6789
0.6839
0.8903
0.5906
0.6756
0.475
0.5837
0.6189
0.6586
0.7935
0.7157
0.8995
0.5938
0.7515
0.8307
0.8077
0.7347
0.7183
0.5582
0.7232
0.4727
0.8552
0.8224
0.7575
0.438
0.7527
0.7233
0.6525
0.5483
0.8249
0.6791
0.8052
0.7739
0.7632
0.6083
0.5654
0.7293
0.7885
0.7541
0.8463
0.6671
0.7354
0.8688
0.7232
0.5439
0.7487
0.6386
0.7779
0.8959
0.6771
0.5686
0.8312
0.729
0.691
0.7416
0.7131
0.6412
0.7188
0.9586
0.6526
0.4913
0.7248
0.4467
0.5872
0.6777
0.8602
0.679
0.7081
0.4843
0.7623
0.6753
0.7957
0.6548
0.7026
0.7937
0.7682
0.9237
0.6581
0.6066
0.6611
0.8076
0.6988
0.836
0.7053
0.7318
0.7411
0.7794
0.7479
0.507
0.7811
0.9323
0.4923
0.6084
0.9007
0.6644
0.6764
0.8057
0.7073
0.8159
0.5486
0.7401
0.646
0.4221
0.9029
0.8182
0.7788
0.7643
0.6798
0.5817
0.7009
0.8295
0.7985
0.7365
0.5734
0.749
0.5485
0.6105
0.6362
0.6249
0.7047
0.6352
0.7964
0.4357
0.532
0.365
0.5236
0.7547
0.7699
0.8287
0.6988
0.8244
0.7369
0.517
0.8584
0.8482
0.7132
0.511
0.5397
0.7251
0.7059
0.6186
0.8335
0.2989
0.6154
0.8924
0.6973
0.6089
0.7093
0.7225
0.8444
0.8189
0.682
0.7278
0.6722
0.8223
0.8921
0.603
0.5874
0.5768
0.8385
0.5388
0.7769
0.9344
0.7491
0.8961
0.6591
0.2099
0.4594
0.5913
0.7257
0.6306
0.8587
0.6253
0.4629
0.4306
0.4015
0.6468
0.6548
0.7668
0.7527
0.5411
0.8676
0.5746
0.7359
0.593
0.6778
0.5916
0.6316
0.6481
0.6231
0.8044
0.5293
0.9555
0.5943
0.6783
0.7231
0.7326
0.5371
0.9372
0.6605
0.5873
0.7462
0.7802
0.5945
0.7517
0.6127
0.6449
0.7566
0.5775
0.6906
0.6688
0.7031
0.6456
0.7204
0.5959
0.6921
0.7379
0.6067
0.6967
0.7339
0.7022
0.6845
0.5512
0.7381
0.6321
0.672
0.5783
0.4559
0.7379
0.5849
0.8436
0.7625
0.6815
0.6686
0.794
0.748
0.5988
0.95
0.8246
0.72
0.8028
0.3521
0.7537
0.6599
0.7124
0.5708
0.6163
0.6351
0.6617
0.6805
0.7557
0.652
0.7723
0.7036
0.7777
0.6278
0.8403
0.5463
0.8293
0.4499
0.4537
0.6991
0.8227
0.7346
0.6556
0.6417
0.7503
0.5976
0.8091
0.6729
0.7068
0.7158
0.5939
0.5906
0.7517
0.6889
0.9759
0.5385
0.7363
0.6565
0.608
0.4975
0.7852
0.9454
0.8096
0.7678
0.448
0.7221
0.755
0.5596
0.6886
0.8314
0.7637
0.595
0.894
0.8736
0.5928
0.5949
0.576
0.8126
0.5738
0.7126
0.6141
0.579
0.6481
0.4996
0.9406
0.7873
0.6129
0.6228
0.7435
0.552
0.7277
0.9213
0.8521
0.5307
0.748
0.6393
0.6576
0.7994
0.6885
0.7236
0.6874
0.8065
0.427
0.6881
0.7354
0.3107
0.441
0.4411
0.7493
0.5404
0.8246
0.516
0.8204
0.5966
0.6306
0.7203
0.6481
0.757
0.7076
0.7936
0.5683
0.8001
0.5395
0.7372
0.7903
0.6098
0.6587
0.8354
0.6434
0.6871
0.789
0.7308
0.6651
0.6845
0.6282
0.7563
0.7702
0.7405
0.6671
0.6566
0.7249
0.5336
0.466
0.7136
0.7667
0.7836
0.7203
0.7344
0.7985
0.364
0.7259
0.6029
0.436
0.6165
0.8137
0.7569
0.8809
0.6019
0.759
0.8584
0.7293
0.7278
0.6237
0.7503
0.7898
0.7922
0.6374
0.6499
0.6386
0.9197
0.622
0.5745
0.6604
0.8434
0.5505
0.6681
0.8272
0.5224
0.7694
0.814
0.4369
0.5038
0.7305
0.9425
0.7856
0.756
0.5977
0.6508
0.5367
0.8806
0.5982
0.5531
0.6368
0.7319
0.8961
0.7068
0.8488
0.8416
0.9226
0.7754
0.5743
0.5258
0.8122
0.775
0.8775
0.5995
0.701
0.508
0.6706
0.7341
0.4476
0.653
0.8944
0.7708
0.5907
0.7803
0.7176
0.7084
0.8622
0.7753
0.8148
0.565
0.5891
0.7874
0.765
0.54
0.7107
0.8637
0.8456
0.54
0.7704
0.7858
0.746
0.6376
0.5647
0.7488
0.6099
0.773
0.6673
0.3749
0.7914
0.6559
0.7043
0.64
0.7733
0.7942
0.6951
0.6091
0.7621
0.5148
0.8193
0.9095
0.6043
0.8229
0.5691
0.8471
0.6258
0.8301
0.6496
0.6285
0.6185
0.5673
0.7487
0.5678
0.6864
0.8061
0.7949
0.6692
0.7792
0.7224
0.61
0.4451
0.8554
0.7218
0.7823
0.6978
0.5931
0.6038
0.8282
0.6855
0.7373
0.8464
0.4925
0.7338
0.5754
0.66
0.695
0.03717
0.5541
0.9353
0.5196
0.5496
0.8459
0.8706
0.7661
0.8574
0.6698
0.6564
0.4434
0.783
0.6728
0.7662
0.9133
0.7492
0.6877
0.7683
0.9513
0.8443
0.8621
0.5825
0.6978
0.4628
0.8579
0.6523
0.5678
0.7613
0.666
0.9117
0.9148
0.8189
0.7791
0.8718
0.7772
0.7864
0.7702
0.7219
0.8116
0.8422
0.6529
0.4597
0.7072
0.5345
0.3537
0.6711
0.7629
0.6438
0.6302
0.7157
0.7136
0.6562
0.6043
0.5371
0.5551
0.8561
0.5907
0.6864
0.8963
0.6074
0.856
0.9694
0.5955
0.7846
0.7611
0.9112
0.6451
0.4582
0.5838
0.8463
0.6047
0.5164
0.5296
0.8126
0.7764
0.6975
0.7824
0.8448
0.8802
0.7286
0.4681
0.7285
0.7315
0.8436
0.8123
0.7467
0.6403
0.5898
0.6329
0.7315
0.7342
0.7689
0.6595
0.5895
0.5247
0.4107
0.5416
0.6525
0.6641
0.6374
0.5432
0.6485
0.7204
0.7697
0.6505
0.694
0.7853
0.7538
0.8921
0.7229
0.8352
0.693
0.6958
0.6479
0.493
0.851
0.8031
0.8643
0.7791
0.7999
0.4952
0.7153
0.7474
0.842
0.8267
0.7487
0.78
0.5448
0.8068
0.5449
0.6731
0.6513
0.4362
0.6726
0.7443
0.281
0.8742
0.7218
0.6955
0.6922
0.6481
0.8182
0.4657
0.6661
0.6598
0.6268
0.654
0.7292
0.8123
0.602
0.6434
0.6682
0.7624
0.7141
0.7436
0.7242
0.8605
0.5502
0.7384
0.7795
0.7023
0.6989
0.5264
0.6399
0.7044
0.4618
0.5111
0.7026
0.6661
0.6904
0.673
0.4805
0.7696
0.7688
0.7618
0.7925
0.6409
0.7687
0.5703
0.4598
0.7928
0.673
0.5077
0.7996
0.5417
0.7057
0.4807
0.6461
0.4361
0.7677
0.6301
0.4098
0.7159
0.6222
0.5422
0.6086
0.5645
0.7721
0.8245
0.8127
0.7236
0.2066
0.6151
0.8367
0.7323
0.8505
0.6961
0.7821
0.5333
0.6081
0.7392
0.7223
0.799
0.942
0.7492
0.5492
0.7455
0.5875
0.6847
0.7076
0.8235
0.8439
0.6987
0.6337
0.7391
0.7013
0.9003
0.5313
0.7202
0.8239
0.6667
0.8542
0.5312
0.799
0.809
0.5329
0.5011
0.6034
0.5596
0.5792
0.5524
0.5947
0.6461
0.9044
0.8655
0.4366
0.5656
0.5008
0.7266
0.8915
0.7279
0.6566
0.6214
0.7529
0.6405
0.7389
0.8586
0.6703
0.6373
0.7124
0.7246
0.5066
0.5123
0.6515
0.7627
0.9093
0.6956
0.8734
0.7001
0.531
0.692
0.5875
0.5348
0.7584
0.5405
0.5931
0.7583
0.479
0.5682
0.7414
0.6553
0.6077
0.6509
0.3058
0.6504
0.6741
0.7671
0.6624
0.7798
0.7051
0.8345
0.6124
0.6014
0.7355
0.4532
0.9276
0.5554
0.7336
0.7598
0.7366
0.7936
0.7455
0.7155
0.8184
0.6572
0.7619
0.683
0.7372
0.8626
0.7041
0.4862
0.7874
0.6366
0.8724
0.7913
0.8504
0.7606
0.6257
0.7726
0.646
0.6931
0.8193
0.5986
0.6623
0.6731
0.7432
0.7349
0.7238
0.7
0.8455
0.825
0.739
0.7719
0.9385
0.4871
0.4803
0.56
0.7234
0.7116
0.8175
0.7866
0.5269
0.4535
0.4815
0.7322
0.7221
0.565
0.6607
0.858
0.8649
0.9239
0.8539
0.6577
0.8818
0.8326
0.6146
0.6486
0.5766
0.7905
0.7342
0.7222
0.8485
0.6917
0.8269
0.6331
0.719
0.6386
0.6482
0.6553
0.6178
0.823
0.5514
0.5198
0.7966
0.6714
0.6821
0.7024
0.451
0.6649
0.8014
0.7208
0.6617
0.6266
0.5833
0.7057
0.9141
0.7856
0.7524
0.6831
0.6506
0.8208
0.6054
0.4037
0.3807
0.4701
0.6805
0.298
0.7149
0.6732
0.7146
0.8994
0.6897
0.7713
0.7792
0.6621
0.7124
0.69
0.6618
0.692
0.8843
0.7874
0.6669
0.7452
0.4864
0.6651
0.8298
0.8509
0.8284
0.746
0.8571
0.5756
0.8574
0.7714
0.6748
0.649
0.6877
0.6922
0.7215
0.7157
0.7038
0.6577
0.7774
0.445
0.636
0.5943
0.8398
0.7382
0.7393
0.687
0.6069
0.7577
0.6878
0.3644
0.5086
0.7954
0.7953
0.9549
0.7628
0.5936
0.8099
0.6416
0.6241
0.9077
0.716
0.7285
0.6233
0.5926
0.5617
0.5684
0.7253
0.8649
0.6578
0.797
0.7089
0.631
0.7998
0.6105
0.6069
0.5641
0.4168
0.8171
0.5319
0.7021
0.775
0.8275
0.7134
0.7764
0.5681
0.6641
0.7133
0.8181
0.8606
0.6476
0.4611
0.7418
0.8185
0.5665
0.5837
0.5594
0.5297
0.6456
0.6664
0.7707
0.8086
0.5138
0.8102
0.6968
0.8447
0.6049
0.8663
0.8457
0.6213
0.6594
0.7602
0.4239
0.7629
0.6754
0.7886
0.6282
0.7771
0.7563
0.8331
0.7451
0.5911
0.78
0.5231
0.5996
0.6795
0.74
0.7463
0.5872
0.5844
0.8963
0.8569
0.8284
0.9392
0.5327
0.7513
0.7704
0.4912
0.6306
0.546
0.7868
0.602
0.7824
0.8635
0.7565
0.7581
0.395
0.7958
0.5032
0.7723
0.9497
0.7814
0.9607
0.7809
0.845
0.511
0.4336
0.8351
0.9461
0.8019
0.6793
0.5699
0.7202
0.5239
0.5879
0.603
0.5898
0.6449
0.7621
0.5757
0.6515
0.7884
0.7185
0.5297
0.6554
0.9104
0.5971
0.5549
0.6445
0.7305
0.7617
0.8268
0.7662
0.6271
0.4584
0.7301
0.9055
0.7704
0.7537
0.4126
0.6078
0.7316
0.6482
0.4718
0.4531
0.5637
0.5576
0.8092
0.4844
0.87
0.6755
0.8569
0.5469
0.769
0.4719
0.7565
0.7615
0.6415
0.7404
0.751
0.9125
0.4336
0.4082
0.7675
0.6806
0.6374
0.8467
0.7825
0.7556
0.5199
0.6016
0.8357
0.7749
0.651
0.6813
0.4105
0.6656
0.634
0.6334
0.6851
0.773
0.5185
0.8275
0.6902
0.4171
0.571
0.6057
0.5975
0.6374
0.7556
0.8544
0.7986
0.7457
0.847
0.4966
0.4326
0.612
0.663
0.6466
0.771
0.5679
0.3866
0.7971
0.7644
0.3829
0.7854
0.7206
0.8346
0.6657
0.7417
0.794
0.689
0.736
0.7647
0.7662
0.6729
0.9097
0.7376
0.709
0.8732
0.65
0.4872
0.8254
0.6581
0.7087
0.6151
0.6541
0.7704
0.7761
0.6773
0.5459
0.5789
0.6321
0.8302
0.6688
0.362
0.6175
0.9408
0.7664
0.815
0.7326
0.643
0.731
0.6352
0.6778
0.6214
0.5565
0.9234
0.7826
0.7406
0.4032
0.7561
0.7383
0.2746
0.7384
0.6946
0.5911
0.8791
0.5704
0.796
0.6786
0.6715
0.7967
0.7309
0.6802
