4.187
3.297
4.604
3.654
3.43
2.432
2.25
3.825
1.907
3.421
4.966
2.964
4.139
3.863
2.794
5.775
4.235
4.468
5.619
5.146
3.058
3.457
3.462
3.997
2.277
4.995
1.539
4.459
5.275
3.493
3.208
2.418
2.978
3.087
2.57
3.532
2.396
3.578
2.925
2.772
4.628
4.153
5.119
5.694
7.302
5.596
3.211
2.871
2.146
2.981
3.006
4.883
5.508
4.618
2.935
2.995
3.151
3.032
3.433
4.004
6.175
2.418
4.592
3.283
2.611
2.914
2.209
3.526
4.822
3.442
5.444
4.913
4.215
5.344
5.158
4.205
2.654
2.397
4.086
2.736
3.918
6.903
4.768
3.778
3.273
4.439
3.099
2.639
2.841
3.528
3.823
3.836
4.206
3.331
4.435
2.228
3.286
2.795
5.096
3.528
4.763
1.521
2.932
3.103
2.894
2.735
4.067
1.911
2.001
3.347
3.325
3.856
3.809
3.725
3.596
4.002
3.403
2.871
2.831
2.065
3.429
4.684
3.861
5.56
7.328
3.538
3.91
3.663
2.623
3.03
3.709
4.833
2.479
4.232
3.051
3.686
2.972
2.899
6.835
4.379
4.11
2.673
3.877
0.6313
3.256
7.712
5.791
3.451
3.304
2.661
1.758
4.183
2.743
3.082
2.856
5.299
2.656
7.361
3.119
4.958
5.844
2.989
3.697
2.658
2.809
4.926
2.541
3.06
3.665
3.789
2.939
2.635
3.227
3.078
3.236
3.094
4.363
6.168
3.135
1.799
2.814
2.621
2.467
2.543
2.171
2.051
3.449
2.704
3.842
3.163
2.255
4.35
3.063
4.747
6.298
2.858
2.418
5.483
4.298
4.764
1.406
6.806
2.466
3.347
2.983
2.631
1.779
9.709
4.698
2.397
1.806
3.583
2.844
5.497
6.717
2.985
3.635
2.051
2.843
2.99
1.942
1.774
2.32
2.634
2.513
2.792
2.854
3.458
4.304
2.847
2.018
3.568
4.229
2.913
3.883
5.747
2.515
2.976
4.977
4.614
4.011
2.507
2.569
6.355
3.142
4.755
4.501
1.637
3.049
3.207
5.274
3.709
2.744
6.427
4.563
5.878
1.24
2.075
1.958
3.336
3.317
0.794
2.737
3.431
2.942
3.064
3.223
2.889
3.796
3.114
4.226
3.64
3.301
3.237
2.965
3.322
2.401
3.8
2.2
2.312
3.021
4.28
4.806
2.75
6.538
3.683
4.245
2.383
4.337
3.929
4.253
3.909
2.645
2.757
2.88
2.956
4.035
2.88
2.572
3.509
3.604
3.678
4.773
5.03
2.776
9.065
4.548
3.272
2.44
2.821
2.575
2.542
0.8389
4.731
3.896
4.306
2.162
3.139
5.021
3.58
4.428
3.892
3.858
3.394
4.433
1.981
4.219
3.927
4.274
2.416
3.212
3.216
4.506
1.414
2.6
4.986
3.147
3.163
3.982
3.325
2.392
3.205
3.82
8.346
5.209
3.355
3.301
2.463
2.979
2.261
6.474
3.766
2.396
2.855
3.207
3.64
3.721
2.417
3.98
2.087
3.825
2.562
5.099
3.257
2.685
4.603
2.867
2.253
3.205
3.581
2.403
2.168
2.735
4.359
3.083
2.757
3.677
2.472
4.521
2.865
3.028
4.651
5.712
3.931
2.949
4.067
2.405
3.475
8.29
3.691
3.475
2.953
2.511
4.296
3.03
5.224
1.288
2.696
3.704
4.18
3.666
4.309
3.112
2.624
2.991
3.15
3.73
3.381
2.627
2.821
4.908
4.001
4.656
2.461
1.928
3.306
4.793
3.376
3.102
3.111
2.489
2.355
4.082
3.784
3.676
3.787
4.58
3.98
1.771
5.482
5.462
4.236
3.037
3.968
3.762
2.897
3.037
3.492
2.801
3.263
8.615
2.027
2.398
6.223
2.388
4.49
3.636
2.696
2.688
3.742
3.373
3.063
4.598
3.015
6.591
2.496
3.625
2.432
5.856
3.181
6.123
4.815
5.5
3.491
2.989
4.803
3.211
3.358
2.424
4.024
5.15
2.723
2.712
3.706
5.181
3.522
4.568
3.529
3.606
2.043
3.071
2.855
2.394
3.763
3.54
2.247
3.901
1.533
2.706
4.928
4.298
4.368
2.139
2.737
3.774
4.258
3.674
2.755
3.781
4.026
1.881
2.826
2.171
3.833
5.506
3.6
3.131
3.263
5.379
1.616
4.624
3.161
8.951
3.47
3.096
3.617
3.847
3.752
3.029
1.678
3.513
3.337
2.961
4.766
2.977
5.074
3.46
4.75
2.149
4.499
1.605
3.699
3.407
3.138
3.807
8.302
3.347
3.764
3.563
2.364
2.614
4.014
2.634
3.981
4.732
2.828
7.06
3.119
3.326
3.011
4.078
3.044
4.252
3.099
2.691
4.969
3.553
3.856
2.569
2.774
4.494
3.646
3.893
4.104
4.865
4.001
3.734
3.665
2.709
3.135
4.122
5.544
3.889
4.629
5.329
2.371
3.225
3.48
4.741
4.733
2.591
3.302
3.499
3.62
3.411
3.036
4.375
2.801
4.718
2.712
4.171
2.971
2.376
3.742
1.96
5.264
2.909
3.723
3.551
3.118
2.495
3.023
3.241
2.57
3.807
3.06
2.274
2.695
2.748
4.239
2.827
4.313
2.579
3.201
1.021
2.631
2.568
2.941
4.401
7.319
2.886
1.821
3.261
2.93
3.11
3.319
3.625
4.117
3.234
3.684
4.132
3.399
3.078
1.618
6.031
4.131
4.65
4.136
3.432
4.129
3.04
4.185
4.161
4.34
3.389
3.023
3.779
3.361
3.378
2.713
2.315
1.817
2.139
4.073
4.072
3.151
3.129
4.172
2.592
4.556
3.438
5.641
4.035
3.998
3.536
6.326
7.185
5.386
3.281
4.731
2.547
3.21
2.286
2.794
3.505
3.838
5.45
5.311
3.418
2.51
3.716
3.929
5.117
2.567
4.198
3.016
5.495
3.369
5.587
3.041
2.382
2.816
3.037
3.652
3.729
3.779
2.998
4.252
4.8
4.184
3.639
3.4
5.29
2.366
3.088
2.361
3.807
2.588
2.909
4.812
2.597
4.851
4.361
6.222
2.559
2.37
2.158
4.351
5.387
2.723
3.534
2.487
5.116
2.653
3.607
2.781
3.118
4.022
6.235
1.939
3.872
3.161
3.277
2.176
3.798
5.404
3.037
4.848
2.53
2.544
3.949
3.52
4.135
2.832
2.264
4.505
4.726
2.662
5.66
2.1
4.509
10.08
3.738
4.491
2.171
2.627
1.903
3.227
2.487
3.142
5.023
5.159
3.076
3.213
2.132
6.333
3.485
3.847
3.185
3.554
8.523
4.738
2.24
4.538
3.706
2.448
3.985
2.723
2.713
3.701
3.907
3.7
5.324
2.851
2.942
4.252
4.124
2.154
2.074
6.861
2.668
3.438
2.976
5.517
3.692
4.072
4.685
2.874
3.194
4.78
3.639
2.851
2.461
5.539
6.293
4.013
2.569
3.297
5.302
3.718
1.919
2.231
3.221
2.138
4.151
2.922
3.354
2.096
3.773
3.625
3.385
3.956
2.757
3.506
5.683
3.593
3.059
3.78
2.622
3.04
3.635
5.111
2.945
2.415
3.174
3.907
4.027
3.329
5.352
3.891
2.803
3.803
8.913
2.584
3.291
3.659
3.114
11.13
2.686
2.381
3.957
3.673
1.919
2.456
2.802
2.294
3.642
3.129
3.88
2.91
2.226
3.792
2.088
4.776
3.073
2.798
1.089
3.642
2.479
5.38
8.827
4.514
2.234
2.843
4.248
5.011
4.375
3.093
2.096
2.632
2.276
2.193
2.672
4.668
2.811
3.757
4.06
3.155
2.82
3.772
3.102
3.612
7.272
3.376
4.609
3.513
2.961
3.865
3.957
4.391
3.359
4.443
3.992
1.769
3.448
3.749
2.797
3.704
3.476
0.9959
2.628
4.05
3.198
2.973
2.625
4.906
3.713
2.559
4.52
3.735
6.656
3.389
2.772
5.476
3.606
2.587
2.52
3.096
4.179
5.173
2.798
2.709
4.026
4.109
4.137
3.277
4.021
2.336
3.161
3.133
3.976
4.009
4.612
3.43
3.518
4.103
3.86
3.118
4.239
3.732
2.748
2.041
3.23
5.34
3.601
5.494
2.794
2.794
2.801
4.779
5.083
2.919
3.919
2.841
2.657
2.681
4.616
3.837
4.24
4.085
3.336
2.57
2.157
2.703
4.104
5.108
3.698
3.255
3.106
2.953
6.107
4.092
3.633
5.143
3.02
3.545
3.42
4.186
3.54
2.839
4.084
3.107
3.772
4.964
3.214
3.527
1.675
3.241
5.909
3.133
2.919
2.885
5.364
3.131
2.737
5.05
2.064
2.269
4.51
2.763
3.016
4.38
2.996
5.062
8.597
4.608
3.72
2.524
4.913
4.639
3.502
2.714
4.01
2.558
4.045
3.677
5.267
5.21
3.317
2.828
5.581
2.782
4.415
2.947
4.489
3.013
7.29
3.547
3.178
6.256
3.208
3.334
3.732
4.634
4.628
2.357
2.176
5.003
3.135
4.714
5.619
2.147
5.125
2.96
2.511
2.464
4.709
3.754
3.594
4.514
2.795
1.971
2.963
4.562
2.461
3.034
6.712
2.891
2.449
2.943
2.957
3.952
3.621
3.212
2.315
3.447
3.994
3.749
4.156
3.445
4.662
2.487
3.932
3.153
5.927
3.919
4.213
3.313
5.95
2.711
3.532
2.437
3.191
4.912
3.086
6.535
4.53
2.438
4.208
3.666
5.336
6.136
2.946
3.107
1.999
2.977
2.797
3.837
2.838
4.693
4.536
7.267
3.281
2.16
3.794
2.683
3.353
4.418
2.904
4.327
4.96
4.084
6.32
2.994
2.563
8.949
3.617
2.45
4.618
5.596
3.501
4.99
3.836
4.509
2.947
3.312
3.653
4.005
3.048
3.729
5.666
3.036
4.07
2.248
6.423
3.132
3.751
2.444
3.267
2.81
3.021
3.078
2.576
3.271
4.077
3.238
2.758
2.985
4.59
2.429
5.015
2.605
2.774
3.989
3.425
3.169
4.09
5.341
2.876
3.224
6.034
3.041
2.637
2.958
4.334
4.868
3.668
2.584
2.887
3.079
2.807
1.28
3.965
9.409
3.747
3.782
3.021
2.298
2.882
4.413
4.882
6.12
4.771
7.586
3.543
4.284
3.277
2.99
2.346
3.552
2.878
2.846
2.418
2.571
3.401
4.291
3.198
5.148
3.46
1.871
5.191
3.285
4.438
2.312
2.895
2.772
4.874
3.474
3.203
4.631
4.274
2.54
4.973
4.634
3.242
4.636
3.389
2.102
3.868
4.555
4.74
3.979
3.053
1.774
2.693
2.704
4.554
2.595
2.175
2.739
4.468
3.101
4.228
3.18
5.569
2.457
4.361
3.362
2.66
3.383
2.666
3.073
3.335
4.913
3.808
3.901
3.901
3.41
3.103
3.415
4.126
3.251
2.694
2.728
2.732
3.561
2.976
2.206
5.511
2.554
2.087
3.725
4.242
5.005
2.7
2.634
2.794
2.681
3.26
3.292
5.432
4.548
6.062
3.539
3.391
2.607
2.721
7.664
2.643
3.597
5.764
4.23
2.32
2.613
1.376
4.319
4.731
4.57
3.122
3.542
1.517
3.562
2.293
4.42
4.35
5.248
3.953
2.606
2.321
3.99
1.929
4.231
2.869
3.801
4.926
3.758
6.35
5.112
3.506
5.69
3.125
3.74
3.902
5.295
3.119
5.252
4.172
2.535
2.216
2.118
3.784
5.962
4.548
3.316
5.359
3.913
3.614
7.602
4.773
3.894
3.373
2.46
5.272
5.371
3.041
2.111
2.928
2.196
3.628
3.234
4.694
2.282
7.191
3.726
2.854
2.323
4.0
2.706
2.367
3.373
2.867
3.634
4.299
5.385
3.078
4.085
2.779
3.755
5.136
3.935
1.595
2.227
2.584
1.606
4.678
4.023
5.275
4.506
5.989
4.66
3.472
4.312
3.071
2.271
3.898
2.501
4.839
3.379
4.442
2.386
0.9279
2.65
2.759
4.037
3.195
3.098
4.977
2.152
1.993
3.479
3.471
3.665
2.396
4.696
3.586
2.681
5.043
3.187
3.197
4.462
5.268
5.263
2.879
4.017
2.429
2.173
4.118
4.84
4.049
3.796
2.405
2.336
2.389
3.863
5.92
3.009
2.199
1.993
3.392
2.514
6.368
2.934
3.752
6.577
7.14
2.951
6.296
2.289
6.68
2.514
3.272
2.253
3.694
2.57
3.815
3.883
3.195
3.557
3.943
4.282
2.642
3.517
3.128
2.414
3.14
4.786
2.116
2.35
2.622
4.36
3.068
3.696
4.27
3.51
2.619
5.869
4.359
3.815
5.151
2.556
5.041
4.81
2.144
3.315
9.436
4.193
3.27
3.372
3.949
3.333
2.554
3.188
3.744
2.214
6.344
4.775
3.289
3.665
2.655
3.571
3.46
8.226
3.03
2.539
4.632
2.312
2.549
1.903
4.899
5.481
2.808
4.849
4.415
2.55
2.689
2.633
2.263
2.551
3.313
2.143
4.313
7.316
2.867
3.209
5.45
3.081
3.168
3.518
2.323
3.621
4.32
3.536
4.467
2.365
4.04
6.928
3.685
1.653
2.788
2.417
3.669
2.863
2.894
3.504
3.646
3.917
5.912
2.4
3.046
2.496
3.929
3.71
3.34
6.071
4.338
3.671
3.481
2.041
4.907
3.562
2.692
3.74
3.685
4.164
2.846
