301.9
233.2
300.9
458.6
158.0
458.6
315.2
405.7
349.6
361.2
378.2
319.4
262.5
245.2
402.2
358.5
148.9
211.3
207.0
250.6
226.1
87.83
405.3
398.5
152.2
520.8
519.9
372.8
297.1
380.0
506.9
216.9
218.0
252.5
227.0
475.5
313.7
372.9
415.8
243.3
307.9
180.1
287.4
124.9
262.6
397.1
332.5
521.3
371.6
158.0
343.5
450.0
455.4
449.4
207.9
413.6
178.8
452.1
571.2
0.0
87.83
234.2
302.6
232.5
303.9
358.3
452.8
377.6
303.6
365.0
273.8
185.3
325.5
392.3
101.0
487.3
248.7
527.6
158.0
388.3
305.3
442.7
193.1
0.0
497.7
353.0
316.3
365.7
190.6
168.6
513.8
340.5
242.7
303.0
0.0
202.1
104.2
565.3
285.2
289.9
295.3
293.7
345.1
370.3
605.5
524.7
232.6
290.3
223.4
344.6
368.3
350.0
266.5
343.3
104.9
281.9
174.1
199.3
277.8
308.9
467.6
389.1
0.0
108.4
514.6
226.0
606.0
234.9
0.0
153.7
234.3
101.0
307.6
270.6
311.2
291.2
54.46
461.0
196.6
270.8
220.4
278.8
331.0
334.3
295.6
395.6
387.9
54.46
412.4
284.8
239.9
343.9
452.1
261.6
523.6
525.1
243.9
220.3
267.1
464.6
416.2
99.18
133.4
345.7
153.7
238.7
219.5
615.2
355.5
401.1
149.1
374.6
443.0
412.9
283.5
257.4
359.1
387.1
54.46
248.2
313.4
388.6
303.5
380.6
186.7
345.9
143.8
206.6
226.3
527.0
493.1
95.88
222.3
385.9
323.6
233.3
376.4
238.2
145.5
238.1
406.6
321.5
378.0
392.2
318.9
469.4
348.7
397.4
186.7
343.3
448.9
231.1
209.0
255.3
266.7
315.2
248.0
235.3
222.6
296.8
511.4
446.0
344.6
189.4
441.8
280.4
125.3
445.7
266.9
441.1
237.9
0.0
486.8
0.0
386.8
330.2
335.2
292.2
372.6
301.0
289.7
309.3
174.9
299.2
405.5
280.1
281.0
287.0
523.9
445.0
447.5
315.1
760.5
87.83
266.7
0.0
355.4
230.1
420.9
274.8
482.2
253.3
143.5
373.4
499.6
359.0
253.3
53.77
327.3
385.9
441.7
316.8
166.4
239.5
0.0
437.9
407.1
533.9
161.0
304.9
464.8
131.6
530.7
0.0
354.1
233.0
267.7
0.0
392.1
495.1
296.4
292.7
498.0
478.4
158.0
330.3
392.8
183.1
436.2
252.1
141.5
381.7
599.6
616.9
193.0
387.4
365.1
154.8
153.9
296.9
361.2
527.9
220.1
210.1
283.4
443.9
297.2
263.5
324.6
369.6
308.2
315.6
203.7
391.2
343.9
361.8
644.5
168.6
285.6
0.0
261.7
448.1
300.1
331.0
402.9
412.3
355.7
331.9
243.4
289.9
558.5
354.4
430.1
323.1
289.4
163.5
337.9
156.1
474.1
141.2
389.8
126.7
184.3
112.6
389.2
439.6
577.7
340.1
239.9
365.2
164.5
331.8
368.9
168.2
202.5
181.2
276.3
392.9
227.8
317.3
0.0
423.0
202.4
379.1
401.1
302.0
446.5
307.9
354.8
95.88
292.2
317.1
176.3
232.5
342.5
421.3
350.1
205.4
299.8
320.4
177.2
353.8
504.2
353.2
179.5
41.46
425.0
258.4
250.5
411.8
329.1
403.4
358.8
348.3
87.83
224.6
284.7
443.4
35.53
389.3
411.7
326.7
353.7
161.2
424.8
274.4
122.2
555.5
162.6
237.5
234.1
192.7
270.5
371.2
210.0
340.4
360.6
361.7
186.1
356.4
430.9
605.9
186.7
325.5
208.5
282.2
11.06
273.9
145.7
104.9
343.5
320.3
335.2
513.6
396.1
287.4
158.0
454.7
348.5
325.2
174.4
327.6
340.9
549.9
376.1
267.3
332.4
515.3
272.9
271.8
252.8
114.6
333.6
231.0
534.2
267.7
140.5
360.8
501.9
258.2
476.8
367.7
314.3
238.3
138.1
0.0
412.2
524.6
345.0
289.4
318.8
252.6
413.1
433.4
0.0
399.1
320.3
299.5
195.4
463.6
273.9
462.0
404.8
235.7
235.8
303.1
425.4
256.5
325.8
153.1
459.7
397.1
318.5
639.5
297.1
99.18
351.0
164.3
364.2
439.9
446.1
390.5
146.5
345.4
511.9
329.6
358.9
290.8
103.9
380.6
328.1
238.0
419.5
560.4
477.9
266.9
532.2
450.9
354.5
332.9
218.0
366.5
305.4
278.4
268.4
194.9
338.6
407.4
0.0
150.4
339.7
230.2
184.5
125.4
254.4
163.1
254.2
199.8
224.7
234.5
418.8
557.4
348.2
255.0
190.0
220.8
330.4
371.3
141.5
216.9
515.1
342.5
128.7
363.9
440.0
482.1
579.5
307.1
258.4
310.0
402.0
442.4
268.0
336.4
318.0
218.3
358.6
298.0
399.2
378.3
344.0
158.0
0.0
580.0
400.1
351.4
403.2
158.0
0.0
136.8
639.5
321.5
434.4
327.6
385.9
141.7
411.8
277.9
411.9
199.4
108.4
113.3
219.5
283.7
231.6
273.0
331.7
271.4
174.9
132.8
0.0
257.7
469.7
345.0
263.0
247.8
459.5
355.1
440.4
245.9
312.0
172.2
260.8
383.0
506.0
499.9
386.9
261.1
283.4
357.1
260.9
387.4
211.2
314.5
220.9
343.5
631.3
328.6
254.0
421.0
365.9
207.2
171.6
548.0
180.3
376.6
272.1
336.1
445.3
363.5
203.7
159.6
275.5
0.0
356.4
327.6
306.8
318.4
615.1
317.3
332.2
579.2
197.6
161.0
271.2
485.0
385.9
230.6
178.3
270.1
405.8
327.8
788.9
639.5
346.9
302.3
271.8
581.0
397.7
211.2
208.7
234.2
361.3
367.5
258.9
385.4
600.6
197.6
632.5
171.5
193.1
431.9
390.8
252.7
153.1
355.4
393.5
524.6
140.5
157.6
173.0
0.0
435.5
237.5
357.2
508.7
444.7
339.4
217.0
252.9
250.1
215.5
519.1
249.0
234.8
0.0
507.6
446.1
210.0
0.0
218.3
337.8
255.3
263.1
269.5
101.0
417.6
0.0
418.8
460.2
293.7
283.8
398.4
124.9
329.0
344.3
250.2
428.2
153.7
493.4
263.9
293.5
228.6
194.0
185.8
308.9
385.2
337.9
0.0
448.4
185.4
356.9
305.5
262.4
285.9
145.7
261.0
320.0
283.4
332.6
493.8
332.2
339.0
227.1
134.0
602.0
141.2
466.4
264.4
342.5
160.1
386.5
172.0
212.7
586.0
155.9
341.7
236.5
216.6
365.1
226.2
274.8
482.9
272.3
305.1
216.6
641.0
389.2
162.4
457.0
158.0
383.9
152.7
168.2
287.2
100.4
340.8
256.8
310.2
99.56
293.4
493.3
340.7
285.9
0.0
297.9
520.6
483.7
492.1
610.4
424.1
402.3
367.6
0.0
363.4
208.3
172.2
445.5
182.8
225.6
306.4
414.0
125.4
0.0
345.7
504.0
362.7
293.4
572.2
154.1
190.3
544.1
472.3
411.3
146.8
221.1
285.6
298.6
220.0
158.0
221.0
211.0
146.2
264.3
272.7
397.9
268.4
274.3
156.1
101.6
293.1
144.0
400.3
265.4
420.4
145.2
378.5
490.7
530.0
336.2
141.2
225.8
273.8
253.2
475.9
0.0
521.5
255.5
232.7
143.8
158.1
249.9
212.9
296.6
264.3
178.8
339.8
0.0
246.1
525.0
470.0
230.1
362.8
301.9
326.7
360.5
195.4
296.7
240.1
99.18
294.6
408.0
215.0
448.2
282.9
469.6
318.4
577.1
196.5
229.3
248.9
495.8
296.8
425.5
373.1
539.4
301.0
113.3
584.6
0.0
216.6
588.9
244.2
381.7
316.9
516.3
411.5
309.8
547.4
464.0
408.1
332.0
314.0
134.5
237.4
406.6
541.8
462.4
422.6
298.8
346.1
248.7
292.8
212.9
422.8
307.7
459.8
226.3
307.0
393.1
389.4
328.8
285.5
331.4
419.9
210.4
430.2
199.8
383.4
424.6
160.2
465.8
341.3
347.7
298.4
99.56
0.0
273.4
436.2
207.0
395.3
209.7
416.9
264.4
0.0
362.8
388.2
230.6
154.3
387.7
410.4
335.4
216.9
177.2
286.5
349.1
326.1
280.1
225.6
594.8
145.7
343.9
203.6
262.0
383.4
257.6
231.7
451.5
547.6
389.1
232.2
408.8
409.2
306.8
173.2
398.4
374.0
238.9
230.6
284.6
394.8
226.9
202.8
323.2
261.1
470.7
437.0
367.1
328.9
272.8
96.98
240.2
231.4
365.4
321.1
453.2
156.1
335.4
254.9
298.6
316.9
339.8
444.8
331.7
54.46
280.4
350.1
205.2
407.9
192.8
278.0
147.7
329.3
287.4
308.6
329.1
472.8
308.2
434.6
190.6
246.3
212.8
472.3
545.8
379.1
0.0
275.1
362.6
366.6
512.4
294.4
178.0
355.0
323.2
358.3
312.0
196.5
87.83
413.4
484.5
407.8
203.4
296.2
173.3
447.7
153.4
301.3
316.8
361.4
231.9
143.5
309.4
427.2
279.8
0.0
447.6
0.0
562.2
233.9
360.9
497.0
487.6
0.0
327.8
319.9
280.4
203.4
183.5
556.4
101.6
422.1
561.2
462.8
395.0
347.0
283.5
254.4
172.0
135.9
152.7
376.0
350.8
414.7
114.6
0.0
408.4
359.9
380.5
305.8
245.6
199.9
368.8
728.5
243.3
224.9
155.9
271.4
439.2
186.0
152.6
493.2
533.6
486.8
360.5
296.1
347.5
342.1
192.9
194.2
645.6
413.4
149.8
377.7
154.1
159.2
459.6
288.6
95.88
150.6
334.7
182.4
190.2
320.9
299.3
388.0
341.5
488.4
311.6
439.3
303.7
602.3
360.0
286.7
101.0
179.8
220.1
0.0
242.1
66.53
212.5
560.6
215.5
227.2
433.6
502.6
254.3
385.6
185.4
307.0
329.5
248.1
260.7
222.3
220.0
157.3
256.7
137.7
287.6
466.4
0.0
392.2
54.46
113.4
0.0
218.9
373.3
333.3
0.0
460.5
296.3
262.6
241.7
419.0
224.9
376.4
360.1
0.0
143.0
170.2
238.8
263.0
555.1
293.7
310.5
104.2
294.7
200.4
255.3
193.3
677.7
237.7
192.9
149.1
201.3
276.1
295.1
100.2
512.2
272.9
424.7
190.1
289.8
346.7
378.5
140.4
289.3
303.3
334.3
365.6
312.1
443.8
420.7
467.0
346.0
260.7
216.0
304.1
182.1
246.2
359.5
255.2
280.0
495.8
471.1
440.2
356.9
324.2
295.8
378.2
205.8
311.1
308.9
317.2
302.2
225.8
271.4
208.8
461.8
289.0
358.8
305.6
310.2
514.6
347.9
319.8
346.1
257.8
145.8
377.2
319.7
249.8
561.9
346.9
267.8
462.1
246.2
124.9
444.5
356.2
329.0
319.1
400.6
346.4
87.83
332.9
262.2
208.4
349.2
138.9
407.6
567.8
465.2
374.2
618.6
560.4
339.0
0.0
356.8
308.0
353.7
212.9
353.2
297.5
451.2
192.5
326.0
0.0
535.9
69.18
153.7
0.0
0.0
0.0
0.0
307.6
293.1
416.9
152.6
279.3
104.2
412.3
475.8
165.3
318.0
394.0
252.3
125.9
258.6
0.0
358.0
256.3
268.2
154.9
524.6
344.8
152.0
250.9
228.5
253.9
472.4
179.0
413.2
404.7
329.9
255.8
408.6
442.5
392.2
405.1
233.8
272.1
408.7
348.9
192.9
441.3
437.6
11.06
514.5
211.8
296.2
210.0
359.9
0.0
309.0
263.6
281.1
483.3
222.3
277.0
317.8
302.8
518.8
333.2
297.9
396.9
444.7
409.4
276.0
87.83
356.0
231.3
235.6
321.7
513.9
353.7
344.1
521.1
280.4
410.8
465.1
497.4
0.0
288.6
404.3
328.0
244.9
202.4
205.0
340.1
158.0
0.0
551.7
472.9
309.5
160.7
102.3
443.0
296.0
248.0
613.6
317.2
193.1
724.7
242.0
404.5
542.0
358.7
280.4
429.5
362.0
361.8
406.6
314.3
356.6
99.18
503.2
353.1
446.6
268.4
277.7
294.7
318.3
338.4
276.2
467.6
195.3
250.0
372.6
545.4
150.5
490.2
286.5
488.5
299.4
275.4
309.2
330.6
370.0
413.9
414.9
299.6
412.4
313.6
316.8
198.0
200.0
596.3
502.6
263.8
436.6
296.7
352.3
272.3
337.0
339.2
196.6
204.9
317.5
0.0
269.2
279.8
444.6
560.1
341.0
266.9
265.1
274.6
357.3
154.3
366.2
335.1
359.7
