0.9077
0.7319
0.6593
0.7694
0.921
0.819
0.807
0.6979
0.947
0.719
0.7156
0.8333
0.8026
0.6555
0.7882
0.6594
0.7452
0.7809
0.8343
0.7112
0.8799
0.8209
0.7871
0.897
0.9555
0.7532
0.8792
0.7878
0.7316
0.8878
0.7021
0.8307
0.8724
0.7219
0.8433
0.7484
0.9021
0.5865
0.8431
0.739
0.8337
0.7087
0.7066
0.6589
0.6396
0.3441
0.7226
0.8342
0.8165
0.8254
0.6543
0.6948
0.8292
0.8697
0.8763
0.8167
0.8995
0.7894
0.5463
0.7105
0.8504
0.6082
0.8569
0.7107
0.7816
0.6861
0.6014
0.6756
0.6614
0.7053
0.6399
0.6136
0.6519
0.5778
0.7453
0.6763
0.8262
0.5318
0.7257
0.6058
0.502
0.5998
0.7399
0.8467
0.8096
0.6753
0.8662
0.8218
0.7531
0.508
0.6634
0.851
0.8313
0.4742
0.8805
0.6522
0.8477
0.6506
0.756
0.8513
0.8717
0.8671
0.8167
0.7483
0.6308
0.8642
0.8784
0.8344
0.6644
0.7324
0.8347
0.6971
0.7058
0.706
0.6246
0.6286
0.733
0.7437
0.9077
0.8291
0.592
0.5253
0.8448
0.588
0.699
0.7665
0.6988
0.9077
0.7807
0.6989
0.5984
0.8723
0.6219
0.8655
0.7523
0.8519
0.8159
0.573
0.7542
0.8023
0.8248
0.5981
0.9959
0.7802
0.7359
0.5604
0.642
0.8317
0.8688
0.9121
0.8324
0.8069
0.881
0.7609
0.7057
0.6923
0.8415
0.7132
0.8716
0.7736
0.87
0.9066
0.9614
0.5699
0.8442
0.7721
0.5558
0.7902
0.7452
0.8546
0.8509
0.6895
0.8309
0.9283
0.7332
0.617
0.9331
0.9375
0.873
0.822
0.7557
0.7927
0.9207
0.6547
0.847
0.6839
0.8636
0.7894
0.7854
0.6883
0.8362
0.4977
0.6042
0.7617
0.8895
0.688
0.6262
0.8012
0.9382
0.7199
0.8003
0.8138
0.8221
0.8197
0.8997
0.3528
0.7898
0.7611
0.8006
0.8727
0.8235
0.6116
0.7467
0.8808
0.737
0.9174
0.7739
0.6729
0.6766
0.8795
0.6382
0.7736
0.8298
0.7767
0.7621
0.686
0.8008
0.7637
0.871
0.7243
0.6982
0.8141
0.7027
0.8411
0.7138
0.7419
0.3956
0.7479
0.7061
0.867
0.7441
0.713
0.7044
0.808
0.6661
0.9437
0.7553
0.7958
0.6933
0.8814
0.789
0.887
0.6699
0.8389
1.0
0.8977
0.8664
0.8138
0.7703
1.0
0.6726
0.5895
0.7193
0.7794
0.7303
0.7327
0.6702
0.8656
0.6479
0.6901
0.8284
0.739
0.5846
0.8018
0.7951
0.7272
0.7211
0.9349
0.8186
0.5453
0.4591
0.7344
0.3357
0.6939
0.6804
0.7917
0.7298
0.7933
0.7385
0.7723
0.6643
0.7957
0.7159
0.7964
0.6649
0.8226
0.7947
0.8115
0.8086
0.8147
0.7668
0.705
0.7136
0.3546
0.5997
0.6872
0.8116
0.7348
0.7685
0.8229
0.9888
0.6417
0.6417
0.5549
0.8419
0.769
0.3812
0.7264
0.6675
0.6548
0.5204
0.8608
0.5793
0.8983
0.8383
0.8135
0.6053
0.8484
0.7636
0.711
0.6789
0.9554
0.9314
0.7528
0.7494
0.5518
0.6652
0.7593
0.9312
0.729
0.7778
0.5875
0.611
0.8339
0.5674
0.6946
0.8534
0.7724
0.5984
0.7817
0.8641
0.7751
0.6929
0.8259
0.5502
0.7835
0.5406
0.8777
0.8177
0.621
0.488
0.8492
0.5103
0.6857
0.543
0.7421
0.8793
0.2927
0.8374
0.7552
0.7969
0.7303
0.5783
0.8319
0.8664
0.8103
0.6882
0.5807
0.8604
0.7542
0.7415
0.6044
0.7288
0.2799
0.909
0.7432
0.5753
0.711
0.7919
0.787
0.8369
0.733
0.794
0.6876
0.8888
0.8072
0.689
0.8292
0.7204
0.8787
0.9033
0.8277
0.7366
0.4836
0.8222
0.7414
0.7973
0.7382
0.6093
0.7931
0.7386
0.9188
0.6787
0.7574
0.6882
0.8876
0.8387
0.8981
0.8216
0.6268
0.8193
0.8584
0.6827
0.6327
0.8553
0.9166
0.6698
0.7388
0.8585
0.9069
0.6254
0.7847
0.6665
0.7737
0.6166
0.8682
0.7474
0.4251
0.9281
0.9252
0.6536
0.8337
0.83
0.7113
0.7436
0.9022
0.7299
0.7604
0.81
0.8684
0.7153
0.6915
0.7238
0.6837
0.7019
0.4355
0.889
0.5741
0.5709
0.7093
0.6434
0.8824
0.8165
0.7583
0.7875
0.845
0.7261
0.6428
0.8689
0.9041
0.8326
0.6636
0.8352
0.77
0.5114
0.7445
0.7159
0.5812
0.784
0.7575
0.8122
0.7138
0.8904
0.8308
0.8483
0.8875
0.7644
0.7932
0.7528
0.7345
0.8628
0.6366
0.6243
0.6732
0.8718
0.6502
0.8061
0.7239
0.8592
0.9471
0.593
0.4443
0.5647
0.902
0.8974
0.6704
0.8404
0.5417
0.4134
0.4603
0.6666
0.5495
0.6293
0.8286
0.799
0.7229
0.914
0.7879
0.8216
0.6632
0.6502
0.7434
0.596
0.5905
0.6786
0.8564
0.5695
0.9568
0.6762
0.4801
0.7306
0.7663
0.4661
0.9443
0.6493
0.7484
0.7744
0.8409
0.7053
0.6783
0.6192
0.7999
0.8557
0.6785
0.7961
0.633
0.7983
0.7638
0.6617
0.8012
0.6412
0.8052
0.709
0.7874
0.8472
0.7372
0.8582
0.4967
0.7213
0.5413
0.5828
0.6095
0.5253
0.7971
0.7452
0.9183
0.7985
0.8082
0.6789
0.9053
0.7668
0.6408
0.7381
0.8898
0.7148
0.8115
0.4588
0.887
0.6887
0.8003
0.6974
0.7909
0.751
0.8078
0.8432
0.7935
0.7821
0.6255
0.7563
0.7968
0.7978
0.9268
0.6647
0.8927
0.6578
0.7599
0.8275
0.8592
0.7799
0.7459
0.8169
0.8033
0.7686
0.8391
0.8337
0.8787
0.7706
0.7618
0.6911
0.8877
0.8199
0.9872
0.7401
0.7908
0.8504
0.6402
0.6679
0.8172
0.7975
0.7986
0.8439
0.7633
0.7739
0.7984
0.7298
0.8277
0.6667
0.7553
0.6539
0.9571
0.9388
0.649
0.5167
0.6635
0.8709
0.8102
0.7612
0.6547
0.61
0.4751
0.758
0.6544
0.8981
0.6189
0.7772
0.6909
0.787
0.6815
0.9026
0.8759
0.7196
0.887
0.8271
0.7591
0.9191
0.7032
0.8245
0.7927
0.8167
0.5986
0.6875
0.7099
0.347
0.5169
0.6958
0.8447
0.5329
0.7258
0.8354
0.8803
0.8258
0.714
0.8678
0.6064
0.8302
0.8195
0.9235
0.742
0.7628
0.6807
0.7468
0.8111
0.7929
0.8173
0.8843
0.6331
0.7435
0.798
0.7804
0.7773
0.7566
0.779
0.7798
0.6046
0.7887
0.8125
0.7243
0.7004
0.609
0.5864
0.7954
0.7799
0.6965
0.8015
0.7559
0.8431
0.5674
0.7761
0.6059
0.5036
0.6326
0.8913
0.8703
0.939
0.6853
0.8004
0.8689
0.7044
0.9203
0.6801
0.7811
0.85
0.8369
0.5788
0.7858
0.6491
0.9415
0.8495
0.7199
0.6624
0.7818
0.6509
0.796
0.6838
0.6112
0.7819
0.8765
0.6326
0.688
0.6774
0.7381
0.821
0.7468
0.6312
0.7377
0.6589
0.8612
0.7836
0.5538
0.5481
0.7749
0.9471
0.8069
0.7471
0.8509
0.8896
0.7707
0.6394
0.5993
0.8084
0.8459
0.8713
0.5931
0.7589
0.4973
0.7198
0.6811
0.3109
0.6509
0.8832
0.7249
0.6106
0.8484
0.6721
0.8792
0.68
0.8771
0.6829
0.7405
0.6051
0.8076
0.7168
0.4974
0.6787
0.9056
0.8633
0.6926
0.8686
0.8519
0.8545
0.7014
0.6173
0.7817
0.6579
0.822
0.7368
0.5403
0.7808
0.7866
0.8116
0.7233
0.5416
0.8903
0.7433
0.5882
0.812
0.6051
0.8753
0.9833
0.6076
0.9144
0.7703
0.7977
0.6976
0.8078
0.7088
0.5805
0.7421
0.6118
0.7018
0.7423
0.6577
0.9046
0.826
0.7946
0.5988
0.7539
0.3767
0.47
0.9025
0.8008
0.8013
0.6726
0.8181
0.758
0.7756
0.5399
0.8471
0.9417
0.437
0.8899
0.7445
0.7539
0.6967
0.355
0.7857
1.0
0.668
0.5036
0.8757
0.9174
0.7616
0.8813
0.8465
0.7807
0.5562
0.6932
0.7816
0.8584
0.9355
0.7568
0.7194
0.7696
0.9156
0.6931
0.8439
0.7361
0.7394
0.6296
0.8875
0.7539
0.6002
0.7878
0.6303
0.9665
0.9837
0.9321
0.8468
0.7239
0.7954
0.9216
0.9083
0.7806
0.6713
0.9083
0.8393
0.6532
0.7768
0.6622
0.6028
0.7168
0.8906
0.7053
0.6055
0.7914
0.8058
0.6227
0.7134
0.6472
0.7273
0.9186
0.5997
0.5831
0.8789
0.7289
0.881
0.9738
0.7565
0.7849
0.7859
0.8759
0.6743
0.5805
0.6862
0.8836
0.6211
0.6005
0.4365
0.8599
0.7829
0.7312
0.6968
0.9061
0.7291
0.7538
0.6746
0.8158
0.8478
0.9183
0.7185
0.6528
0.7682
0.768
0.8068
0.8008
0.7305
0.8435
0.7256
0.7653
0.4157
0.7383
0.6104
0.5902
0.7463
0.5788
0.5597
0.74
0.7149
0.9572
0.6165
0.7405
0.7536
0.8591
0.7362
0.7824
0.8181
0.6351
0.745
0.6819
0.5495
0.7476
0.8144
0.8847
0.8086
0.803
0.6105
0.8237
0.8949
0.8709
0.7934
0.8363
0.697
0.4912
0.7304
0.7236
0.8433
0.8805
0.5306
0.7329
0.7376
0.6135
0.8472
0.8543
0.694
0.6671
0.6998
0.914
0.7375
0.7055
0.8368
0.6053
0.7119
0.8653
0.9283
0.7823
0.707
0.817
0.6805
0.729
0.8282
0.632
0.904
0.303
0.8912
0.8255
0.7068
0.7414
0.7183
0.7062
0.7242
0.5985
0.6016
0.7578
0.7512
0.7149
0.7028
0.616
0.6251
0.8923
0.655
0.8637
0.6507
0.6681
0.6824
0.6103
0.8535
0.8053
0.7248
0.8952
0.6566
0.8176
0.7302
0.7216
0.5696
0.8818
0.8882
0.4989
0.8
0.7118
0.7105
0.7405
0.5821
0.8586
0.8334
0.6423
0.7674
0.4847
0.7253
0.8171
0.6533
0.8913
0.7176
0.6405
0.5839
0.5568
0.8472
0.7442
0.8477
0.8074
0.6299
0.697
0.858
0.8454
0.8351
0.5669
0.7895
0.905
0.8115
0.7769
0.6527
0.7705
0.8678
0.715
0.7696
0.746
0.7962
0.8571
0.6726
0.8126
0.6654
0.6254
0.5713
0.6328
0.5407
0.598
0.6193
0.67
0.5793
0.8838
0.9138
0.6245
0.7259
0.7622
0.7373
0.9743
0.6767
0.7716
0.7096
0.7859
0.8429
0.696
0.8971
0.7822
0.811
0.7838
0.7707
0.5974
0.6286
0.8432
0.6938
0.9366
0.7526
0.8547
0.756
0.5232
0.6944
0.629
0.5294
0.8796
0.6802
0.8195
0.8838
0.4793
0.6349
0.8112
0.7894
0.7493
0.7045
0.6846
0.7016
0.778
0.7678
0.5948
0.7679
0.7138
0.9057
0.7686
0.6047
0.6896
0.5478
0.8767
0.6209
0.7841
0.8799
0.804
0.9409
0.8201
0.8415
0.942
0.8616
0.6286
0.7175
0.7629
0.9042
0.8025
0.6967
0.8565
0.7161
0.9208
0.9173
0.6758
0.7449
0.7739
0.7898
0.7813
0.74
0.9241
0.5637
0.846
0.7868
0.8098
0.7595
0.7614
0.813
0.9001
0.7077
0.8502
0.8933
0.9347
0.6732
0.625
0.7413
0.7251
0.7303
0.8264
0.7658
0.6649
0.7211
0.5642
0.8761
0.8234
0.5554
0.7641
0.8878
0.9121
0.8892
0.8122
0.7635
0.7345
0.843
0.7779
0.7513
0.8572
0.8232
0.7204
0.7765
0.6855
0.6178
0.7741
0.6913
0.8354
0.7376
0.7731
0.9753
0.738
0.8632
0.7834
0.7486
0.8825
0.75
0.7119
0.772
0.6646
0.678
0.8789
0.7852
0.7665
0.5837
0.6834
0.7751
0.8795
0.9216
0.8259
0.385
0.8337
0.9346
0.7474
0.513
0.6894
0.5099
0.8761
0.4197
0.6413
0.8183
0.6548
1.0
0.7862
0.8796
0.7383
0.6748
0.4389
0.6341
0.7163
0.579
0.7989
0.6664
0.6743
0.7672
0.7258
0.6676
0.7224
0.7123
0.8687
0.8545
0.8322
0.213
0.9326
0.8507
0.7626
0.7382
0.6802
0.6066
0.7917
0.7914
0.8784
0.8759
0.6331
0.6307
0.6245
0.6659
0.8491
0.8776
0.7848
0.7759
0.4969
0.8601
0.8125
0.6176
0.5028
0.8389
0.7578
0.9768
0.869
0.5973
0.6588
0.7336
0.7659
0.9693
0.6498
0.8974
0.7188
0.5659
0.6436
0.4966
0.8562
0.872
0.807
0.9122
0.8265
0.8465
0.8476
0.7653
0.5979
0.6709
0.4597
0.699
0.6468
0.7157
0.8607
0.674
0.8371
0.7691
0.6314
0.7149
0.8651
0.8943
0.8624
0.7697
0.6055
0.6044
0.4156
0.632
0.5839
0.6956
0.6948
0.746
0.5833
0.8093
0.749
0.4631
0.7948
0.7618
0.8775
0.815
0.8982
0.8671
0.7389
0.7704
0.841
0.5321
0.4689
0.8074
0.8732
0.8296
0.7964
0.8981
0.4189
0.8135
0.7299
0.8618
0.6681
0.7098
0.6844
0.8653
0.6543
0.5879
0.8692
0.8689
0.8294
0.9729
0.6441
0.6782
0.7376
0.6977
0.6804
0.5726
0.7357
0.5694
0.8229
0.8795
0.7677
0.8539
0.4976
0.8591
0.6357
0.8387
0.943
0.7988
0.9398
0.8788
0.8923
0.7683
0.6843
0.832
0.9609
0.7118
0.689
0.7359
0.7247
0.66
0.786
0.7361
0.7284
0.6931
0.8335
0.6431
0.7134
0.812
0.6376
0.7349
0.7356
0.9008
0.6876
0.6306
0.6924
0.7064
0.8354
0.8366
0.6331
0.7366
0.6529
0.8694
0.9232
0.8899
0.7579
0.7396
0.6651
0.8165
0.762
0.3078
0.3388
0.699
0.657
0.9065
0.5267
0.8929
0.8502
0.9229
0.5641
0.8675
0.7126
0.808
0.7821
0.6161
0.7248
0.4192
0.8303
0.6522
0.6309
0.8476
0.7071
0.6487
0.8754
0.84
0.8198
0.7069
0.7756
0.7334
0.7814
0.6465
0.6665
0.6228
0.8194
0.7125
0.6834
0.7266
0.8192
0.6444
0.8582
0.8143
0.6115
0.478
0.8968
0.736
0.7835
0.8749
0.8951
0.9427
0.819
0.9423
0.1916
0.4762
0.752
0.7474
0.8464
0.7557
0.6948
0.5775
0.8437
0.7436
0.5695
0.8319
0.7502
1.0
0.3974
0.8915
0.79
0.8995
0.8404
0.7972
0.8174
0.8383
0.9139
0.7022
0.7272
0.903
0.6943
0.6741
0.8453
0.5085
0.453
0.6743
0.7446
0.8885
0.8227
0.8036
0.5302
0.5969
0.5762
0.9602
0.7786
0.5809
0.6955
0.8652
0.8103
0.8843
0.6646
0.8308
0.7518
0.7079
0.6002
0.587
0.6345
0.9456
0.8489
0.8577
0.5188
0.8502
0.6616
0.4785
0.6515
0.7741
0.696
0.8942
0.5445
0.8929
0.5291
0.7722
0.7053
0.8171
0.8352
