0.9705
0.969
0.9695
0.964
0.942
0.9696
0.9632
0.8778
0.9758
0.9415
0.9708
0.9403
0.9755
0.959
0.9743
1.0
0.9233
0.9755
0.9496
0.9698
0.9462
0.9802
0.9795
0.9801
0.9482
0.9796
0.9783
0.935
0.9509
0.99
0.9421
1.0
0.9624
0.9625
0.8146
0.9887
0.9744
0.9349
0.9665
0.9567
1.0
0.9283
0.9625
0.8962
0.9746
0.9488
1.0
0.9631
0.9563
0.9318
0.9526
0.8732
0.9683
0.9967
0.9416
1.0
0.9687
1.0
0.9433
0.9444
0.9646
0.8734
0.8674
0.9624
0.8326
0.9302
0.9419
0.9346
0.9682
1.0
1.0
0.9297
0.9409
0.9312
0.9247
0.8822
0.8681
0.9397
0.9676
0.9785
0.9432
0.954
0.97
0.9408
1.0
0.9466
0.9435
0.9449
0.9176
0.9233
0.9498
0.9637
0.9609
0.9285
0.8727
0.9627
0.9551
0.9529
0.945
0.9347
0.9608
0.9547
0.9277
0.9524
0.9513
0.9042
0.9562
0.9148
0.911
0.9588
0.9542
0.9558
0.9688
0.956
0.97
1.0
0.9837
0.9331
0.8869
0.9286
0.9656
1.0
0.9765
0.9633
0.959
0.9549
0.9432
0.9774
0.8978
0.9686
0.9638
0.9421
0.871
0.9546
0.9786
0.9478
0.8744
0.9482
0.8861
0.9324
0.9455
0.8221
0.9092
0.9488
0.9809
0.9468
0.932
0.9459
0.9137
0.9389
0.9087
0.913
0.9355
0.8989
1.0
0.8873
0.9023
0.9682
0.9381
0.8975
0.9424
0.9223
0.9205
0.8733
0.9205
0.8451
0.95
0.9868
0.9158
0.9531
0.9698
0.9876
0.8401
0.9266
0.8993
0.9472
0.8806
0.7549
0.8628
0.9678
0.9487
0.9369
0.963
0.9271
0.9261
0.9188
0.8979
0.971
0.918
0.9281
0.9165
0.941
0.8338
0.9533
0.9708
0.9595
0.8981
0.9047
0.9315
0.9538
0.913
0.932
1.0
0.9166
0.9576
0.9675
0.8817
0.901
0.9399
0.8787
0.9364
0.9168
0.9322
0.9327
0.8621
0.9184
0.9075
0.9405
1.0
0.9649
0.8313
0.9439
0.8456
0.8869
0.9393
0.9491
0.9247
0.7694
0.8758
0.9386
0.9602
0.976
0.9202
0.9246
1.0
0.9107
0.9332
0.9098
0.9135
0.9288
0.9617
0.9469
0.9436
0.8639
0.9648
0.8241
0.9276
0.9118
0.9067
0.9302
0.975
0.9365
0.8779
0.9434
0.9303
0.9026
0.8792
0.9532
0.9009
0.9826
0.8795
0.9554
0.9137
0.9567
0.9234
0.9497
0.9467
0.8952
0.8532
0.8622
0.9552
0.9629
0.9566
0.8629
0.9216
0.9681
0.8856
0.881
0.9142
0.8976
0.8536
0.9048
0.8876
0.8617
0.852
0.9265
0.8485
0.8511
1.0
0.9321
0.9263
0.8869
0.9635
0.9373
0.8217
0.9227
0.9109
0.9222
0.8841
0.9083
0.8542
0.9031
0.8974
0.8967
0.8714
0.8657
0.8485
0.9261
0.8986
0.922
0.9326
0.9628
0.8174
0.8688
0.8177
0.9298
0.9255
0.9066
0.8774
0.8622
0.9057
0.8291
0.9287
0.955
0.8956
0.9011
0.8629
0.928
0.9282
0.9636
0.9214
0.9767
0.9313
0.9249
0.9483
0.8567
0.9736
0.8254
0.8532
0.9543
0.9358
0.8375
0.9722
0.9629
0.9524
0.8803
0.8819
0.9286
0.7724
0.8333
0.9343
0.8779
0.9638
0.8715
0.935
0.8711
0.9535
0.9423
0.8636
0.9016
0.8047
0.8148
0.8738
0.914
0.7824
0.8794
0.9237
0.6471
0.9312
0.8449
0.8849
0.9056
0.8772
0.8999
0.9059
0.9255
0.9715
0.8581
0.8984
0.8925
0.9074
0.9701
0.9026
0.8776
0.8286
0.8946
0.8578
0.8374
0.8891
0.824
0.9361
0.9584
0.9261
1.0
0.9019
0.8919
0.93
0.7759
0.9065
0.9086
0.8309
0.8099
0.8649
0.9437
0.9499
0.8485
0.9035
0.7776
0.9126
0.884
0.8942
0.8241
0.8558
0.8432
0.8682
0.9754
0.8393
0.8044
0.936
0.9171
0.7711
0.8576
0.8677
0.867
0.8587
0.8102
0.789
0.9125
0.8392
0.7491
0.9228
0.872
0.9272
0.7739
0.8656
0.8974
0.8541
0.8543
0.917
0.6617
0.8976
0.9387
0.9113
0.9154
0.901
0.8939
0.8259
0.8456
0.9505
0.8512
0.9248
0.9373
0.6801
0.8981
0.9412
0.9511
0.8998
0.8118
0.7947
0.8086
0.8849
0.8822
0.7683
0.7994
0.8729
0.8871
0.7984
0.8905
0.9571
1.0
0.8622
0.8823
0.9525
0.945
0.8837
0.8228
0.8598
0.8487
0.7728
0.819
0.8836
0.8889
0.9588
0.8653
0.8952
0.819
0.9306
0.8214
0.8519
0.827
0.9053
0.8637
0.8841
0.9123
0.8703
0.9013
0.8492
0.9251
0.9366
0.8758
0.7296
0.767
0.6884
0.9056
0.898
0.9045
0.8918
0.7786
0.8003
0.9675
0.8492
0.9093
0.8405
0.8759
0.8821
0.9104
0.8679
0.8371
0.893
0.9158
0.9533
0.7907
0.8804
0.9426
0.8974
0.8679
0.8174
0.8327
0.9174
0.8724
0.8051
0.8635
0.7105
0.878
0.7844
0.9064
0.9193
0.8889
0.7941
0.8854
0.8396
0.8413
0.8626
0.707
0.8183
0.9128
0.7487
0.883
0.9047
0.8071
0.8745
0.818
0.9364
0.636
0.9097
0.7727
0.7994
0.8248
0.923
0.802
0.7826
0.8564
0.8186
0.893
0.8395
0.966
0.889
0.7192
0.8102
0.8265
0.6354
0.8446
0.8436
0.8259
0.8537
0.7736
0.7859
0.897
0.8699
0.8285
0.8119
0.895
0.8746
0.7353
0.6992
0.8647
0.8898
0.9042
0.8726
0.8051
0.9614
0.8581
0.8828
0.8956
0.8004
0.8296
0.8222
0.7092
0.7696
0.714
0.7608
0.693
0.8214
0.7825
0.8453
0.8595
0.8413
0.6716
0.838
0.8511
0.7533
0.796
0.7134
0.8888
0.8841
0.8446
0.7557
0.7673
0.8681
0.8429
0.7605
0.6217
0.7267
0.852
0.7051
0.8687
0.6914
0.8087
0.8466
0.7049
0.8113
0.6865
0.8991
0.7506
0.802
0.9431
0.8189
0.6674
0.852
0.7937
0.893
0.7535
0.8485
0.752
0.7937
0.7765
0.7956
0.9021
0.8337
0.7925
0.9022
0.8699
0.863
0.9263
0.777
0.8824
0.6585
0.817
0.8922
0.8702
0.8915
0.9571
0.7892
0.866
0.8599
0.8205
0.8347
0.7639
0.7075
0.7458
0.812
0.8068
0.7191
0.7051
0.8366
0.767
0.7937
0.8288
0.8661
0.8398
0.675
0.8125
0.7952
0.7425
0.8112
0.8861
0.7634
0.8836
0.8342
0.781
0.7738
0.7514
0.7774
0.9723
0.9441
0.8291
0.7125
0.8226
0.8218
0.8237
0.7511
0.7853
0.8351
0.6972
0.8878
0.7788
0.7735
0.7026
0.8598
0.6328
0.9015
0.8207
0.8516
0.7199
0.8281
0.7216
0.7766
0.7837
0.9262
0.7442
0.7033
0.7839
0.9047
0.8064
0.826
0.8654
0.7986
0.8185
0.7566
0.7424
0.8251
0.8408
0.7417
0.6714
0.6871
0.9353
0.7117
0.8821
0.8282
0.8098
0.7949
0.8151
0.8287
0.8702
0.8342
0.8374
0.794
0.7824
0.8002
0.7829
0.7763
0.8581
0.8373
0.6508
0.7864
0.6941
0.8026
0.8057
0.8561
0.8439
0.8674
0.8137
0.7245
0.7219
0.7552
0.749
0.7094
0.8661
0.8311
0.7466
0.8254
0.5668
0.7365
0.7786
0.8471
0.6027
0.7783
0.6496
0.8552
0.8593
0.8206
0.6196
0.7212
0.7583
0.8212
0.7774
0.936
0.5861
0.7435
0.811
0.8635
0.8124
0.7092
0.7853
0.9076
0.9064
0.9405
1.0
1.0
0.9244
0.9182
0.9627
0.9824
0.969
0.969
0.943
0.969
1.0
1.0
0.8814
0.9489
1.0
0.979
0.9719
0.988
1.0
0.9717
0.9539
1.0
1.0
0.9332
0.9637
0.9907
1.0
0.9884
0.9561
0.9601
0.9569
0.8657
0.955
0.9802
0.9759
0.903
0.9895
1.0
0.9908
0.992
0.9907
0.938
0.9158
0.849
0.9674
0.8999
0.9545
0.9533
0.9539
1.0
1.0
1.0
1.0
1.0
0.9686
0.9857
0.9677
0.9522
0.9886
0.9605
0.9752
0.9463
0.9526
0.9803
0.8607
0.936
0.9497
0.9283
1.0
1.0
0.915
0.8903
0.8912
0.9109
0.9742
0.9515
0.9874
0.9007
0.9271
0.8936
0.6075
0.9458
1.0
1.0
1.0
1.0
1.0
1.0
0.9497
0.9497
0.9174
0.8908
0.9231
0.9563
0.7002
0.9165
0.9513
0.9477
0.8988
0.9785
0.7819
0.9485
0.9129
0.9158
0.9354
0.9627
0.9303
0.967
0.9737
0.9457
0.9493
0.9862
0.969
0.9173
0.9335
0.8267
0.9286
0.8419
0.8308
0.9243
0.9264
0.8806
0.8879
0.9653
0.6904
0.8744
0.9436
0.8738
0.9623
0.7629
0.9161
0.8851
0.9317
0.9316
0.9316
0.9127
0.9267
0.9433
0.8551
0.9336
0.9417
0.9343
0.961
0.8876
0.7169
0.9796
0.9517
0.9436
0.944
0.8429
0.8411
0.9073
0.9369
0.8922
0.9181
0.8503
0.926
0.824
0.8934
0.9122
0.9145
0.869
0.9844
0.8995
0.9366
0.8047
0.9212
0.8378
0.8763
0.8321
0.7967
0.8251
0.8476
0.8593
0.9346
0.9222
0.7862
0.8678
0.8963
0.9412
0.8027
0.8647
0.8301
0.7863
0.8685
0.8048
0.8936
0.9143
0.8363
0.9268
0.9507
0.8271
0.8908
0.8939
0.8557
0.9456
0.9454
0.7958
0.9082
0.846
0.8917
0.7515
0.8871
0.9184
0.9047
0.9228
0.9101
0.9173
0.8227
0.8581
0.9626
1.0
0.9092
0.835
0.8477
0.8516
0.8416
0.9304
0.8996
0.8121
0.9069
0.8634
0.7938
0.8909
0.9034
0.8004
0.864
0.8375
0.7739
0.8424
0.8541
0.8815
0.6908
0.8559
0.8928
0.9532
0.8247
0.8372
0.9766
0.8498
0.894
0.6876
0.7943
0.7565
0.864
0.9372
0.8576
0.8781
0.929
0.8477
0.8453
0.7519
0.8387
0.7858
0.8751
0.7548
0.7975
0.8779
0.9083
0.8029
0.8627
0.9012
0.8728
0.9145
0.7867
0.7382
0.8876
0.8656
0.7951
0.9383
0.9613
0.8352
0.8888
0.857
0.7513
0.7815
0.9126
0.8535
0.7834
0.798
0.9903
0.8885
0.8975
0.7698
0.8186
0.8658
0.9156
0.8638
0.8651
0.8207
0.8727
0.8723
0.9092
0.7598
0.9244
0.8534
0.7936
0.8049
0.8217
0.8865
0.7868
0.8837
0.9093
0.7993
0.8142
0.8137
0.9588
0.9075
0.942
0.8324
0.5364
0.5622
0.76
0.8314
0.9533
0.7
0.8071
0.7282
0.948
0.9013
0.8531
0.862
0.7957
0.849
0.8164
0.8062
0.8465
0.8638
0.8516
0.8609
0.8783
0.873
0.7726
0.8574
0.8584
0.7251
0.9079
0.8487
0.8908
0.8002
0.8854
0.8629
0.8133
0.7989
0.8474
0.8682
0.803
0.7944
0.8413
0.9304
0.8518
0.865
0.8179
0.8485
0.6889
0.8227
0.8449
0.8044
0.8746
0.8357
0.8175
0.841
0.826
0.8613
0.8067
0.6879
0.8069
0.8639
0.7495
0.7894
0.7847
0.8454
0.7644
0.5927
0.7784
0.8357
0.7742
0.8511
0.8209
0.7605
0.7665
0.8331
0.8825
0.9109
0.7628
0.8272
0.8215
0.8421
0.7907
0.9009
0.7859
0.82
0.7969
0.8229
0.7269
0.8715
0.7789
0.8457
0.9028
0.8868
0.9144
0.7758
0.7917
0.8472
0.8985
0.8051
0.8463
0.7418
0.7646
0.876
0.7418
0.773
0.835
0.8492
0.713
0.8025
0.8408
0.8
0.8075
0.8933
0.7866
0.9204
0.7549
0.719
0.7891
0.6862
0.8353
0.8384
0.8066
0.8018
0.8493
0.846
0.7413
0.8432
0.7087
0.6692
0.8225
0.7785
0.87
0.7302
0.7308
0.8175
0.6669
0.7351
0.7654
0.8024
0.8073
0.7534
0.7892
0.8608
0.7349
0.8841
0.7813
0.6443
0.8385
0.8544
0.8181
0.8239
0.8082
0.8079
0.8154
0.8345
0.8916
0.7734
0.7463
0.896
0.8705
0.7419
0.8609
0.6385
0.7602
0.6341
0.804
0.8425
0.911
0.8388
0.7434
0.8087
0.7421
0.7713
0.6615
0.8197
0.7373
0.8459
0.7935
0.8521
0.8491
0.697
0.6932
0.7306
0.8148
0.696
0.9254
0.776
0.8651
0.7817
0.8198
0.6159
0.7605
0.7726
0.8601
0.675
0.5973
0.7104
0.6779
0.6142
0.6675
0.7499
0.6037
0.7965
0.6558
0.7382
0.7172
0.6999
0.5789
0.7348
0.7451
0.461
0.7148
0.7336
0.7616
0.6987
0.82
0.7605
0.7318
0.8419
0.6105
0.6459
0.7259
0.7439
0.778
0.5671
0.8018
0.6286
0.7044
0.8262
0.6282
0.7953
0.8471
0.7285
0.7845
0.6268
0.7035
0.8119
0.6042
0.6408
0.6668
0.6429
0.8054
0.8623
0.7488
0.8489
0.8145
0.7558
0.7154
0.8152
0.8508
0.624
0.8585
0.7095
0.7485
0.6509
0.7049
0.7517
0.5576
0.6347
0.7674
0.6762
0.6479
0.745
0.5943
0.7421
0.7154
0.8372
0.7324
0.7478
0.6797
0.8008
0.7632
0.7508
0.7615
0.6863
0.7604
0.857
0.758
0.7169
0.5422
0.6874
0.5432
0.7242
0.7728
0.6425
0.7762
0.6393
0.4905
0.5899
0.7177
0.8083
0.7717
0.786
0.8318
0.8484
0.7745
0.6454
0.7683
0.6455
0.6605
0.6467
0.7147
0.6607
0.7331
0.7208
0.7077
0.6391
0.738
0.7687
0.6698
0.7727
0.7706
0.7169
0.7712
0.6937
0.6649
0.791
0.6845
0.7219
0.5582
0.686
0.6335
0.6949
0.7462
0.699
0.8328
0.7958
0.7311
0.7513
0.7296
0.7918
0.5635
0.7372
0.6201
0.6882
0.7279
0.7261
0.7673
0.7375
0.7353
0.625
0.7444
0.7044
0.7452
0.8622
0.7951
0.8463
0.7459
0.7318
0.8008
0.7362
0.6666
0.61
0.6928
0.5945
0.6648
0.7396
0.6279
0.7805
0.6568
0.7911
0.6975
0.6597
0.711
0.6826
0.584
0.6905
0.7201
0.6641
0.6015
0.6934
0.6668
0.6601
0.6219
0.8102
0.7368
0.7898
0.7593
0.7099
0.807
0.4889
0.5983
0.7812
0.6252
0.5296
0.6611
0.6812
0.8436
0.571
0.756
0.7473
0.8284
0.7874
0.485
