0.1777
0.0
0.0
0.4607
0.797
0.0
0.0
2.844e-08
0.7648
0.2383
0.0
0.1974
0.03817
0.6317
0.0
3.864e-08
0.5882
0.0407
0.0621
0.2527
0.0
0.05057
0.5352
0.4257
0.7306
0.0
0.0
0.3076
nan
0.1471
0.08457
0.01886
0.1282
0.1508
0.4657
0.04659
0.05242
2.958e-08
0.05714
0.6712
0.1169
0.07402
0.6769
0.06375
0.1655
0.1002
0.1406
2.357e-08
0.437
0.9178
0.1475
0.0
0.07111
0.08133
0.4194
0.67
0.4072
0.2061
0.07552
0.0
0.05645
0.2423
0.1231
0.2865
1.536e-08
0.1924
0.0
0.1524
0.1605
0.0
0.5436
0.3719
0.4516
0.1711
0.27
0.0
0.08339
0.1617
0.3378
0.2137
0.092
0.0
0.1655
0.2045
0.2394
3.124e-08
0.7732
0.08269
0.05452
0.1774
0.06362
0.0
0.0
0.05319
2.335
0.1223
0.4771
0.3475
0.9441
0.2336
0.1451
0.07308
0.3282
0.1689
0.0
8.079e-09
0.4913
0.608
0.04906
0.3952
0.0258
0.2477
0.07384
0.0
0.2865
0.3047
1.69e-08
0.462
0.0
0.0
4.704e-08
0.09188
0.0
0.2981
0.08744
0.1684
0.08311
0.1193
0.09773
0.8562
0.0
0.0
3.189e-08
0.2906
0.7704
0.3409
0.4702
0.05509
0.0
0.06359
0.0
0.6351
0.105
0.06623
1.434
0.08713
0.0
0.1375
0.2578
0.0
0.06049
0.06048
0.4732
0.05508
0.09138
0.7878
0.5163
0.1206
0.0
0.938
0.07364
0.0
0.1086
1.152
0.0
0.0
0.0
0.0
0.1007
0.604
0.487
0.2033
0.4562
0.07624
0.2135
0.0
0.07946
0.1866
0.06367
5.297e-08
0.05936
0.0
0.0
0.1884
0.3165
0.09453
0.0
0.0
0.4767
0.11
nan
2.657
0.5086
1.138
0.1589
0.0
0.1582
0.06029
0.1213
0.0
0.1915
0.09777
0.907
0.2267
0.4467
0.8155
0.0
1.231
0.5461
0.303
0.1082
0.0
0.07393
0.1922
0.03204
2.353e-08
0.3505
0.8262
0.647
0.0
0.09612
1.177
0.1923
0.2253
0.5817
0.2054
0.4595
0.7337
0.2414
0.4164
0.0
0.06455
1.081
0.7542
0.1908
0.6036
2.507
8.761e-09
4.615e-08
0.0
0.04581
0.0
0.2121
0.7878
0.0
0.0
0.2542
0.1511
0.0556
0.07248
2.654e-08
0.07978
0.0
0.1277
0.0
2.623
0.6184
0.2009
1.536e-08
0.2755
0.03681
0.0
0.4079
0.0
0.0
1.763
0.0
0.07151
0.06571
0.1921
0.0
0.06852
0.03295
0.1124
0.7378
0.4173
0.0
0.0
0.5265
0.0
5.557e-08
0.1412
0.1649
0.8962
0.1703
0.0
0.3375
0.0
0.0
0.7272
0.8663
0.1654
0.699
0.05885
0.3645
0.3146
0.0
0.1392
0.5902
0.38
0.1585
0.4186
0.0
0.0
0.1872
0.0
0.3125
0.06733
0.2538
0.2495
0.2394
0.77
0.08477
0.1653
0.2546
0.2967
0.09037
0.08776
0.1958
0.0898
0.3717
0.173
0.3242
0.137
0.1576
0.09631
0.4599
0.2115
0.0497
0.238
0.1044
0.7711
0.3496
0.659
0.2264
0.1381
0.0
0.1375
0.3396
0.5503
0.2481
0.3812
0.8605
0.3418
0.0
1.38
0.0
0.1132
3.42e-08
0.04419
0.2064
0.5
0.2281
0.0
0.4068
0.08911
0.0
0.0
0.1241
0.3556
0.193
0.1071
0.8742
1.158
2.747e-08
0.0
0.3526
0.0
0.2416
0.0
0.0
0.3966
0.4957
0.08697
0.129
0.0
0.1093
0.0
0.0
0.0
7.694e-09
4.531e-08
0.395
0.1632
0.1152
0.5837
0.2911
0.2586
0.5079
0.1848
8.065e-08
0.05524
0.3239
0.0
0.373
0.171
0.2476
0.1787
0.0933
0.1974
0.6994
0.0
0.0
0.06639
0.0
0.2336
0.04919
0.1303
0.5549
0.07366
0.0
0.3764
0.0
0.09115
0.2865
0.2262
0.06554
0.0
0.0807
0.0
0.1271
0.0
0.0
0.0
0.1184
0.189
0.05678
0.6613
0.0
0.2482
0.0752
0.1132
0.0
0.0
0.8718
0.1385
0.3784
0.1384
0.07969
0.0
0.5
0.0
0.0
0.2207
0.2232
0.0
0.0
0.5601
0.0
3.293
0.4605
0.293
0.4272
0.212
0.08776
0.9811
0.04558
1.078
0.0
0.5475
0.09095
0.0
0.1908
0.1462
0.1712
0.1654
0.05871
0.1427
0.1492
0.02581
0.0683
nan
0.1587
0.04258
1.673
0.3336
0.06972
0.4339
0.2956
0.0
8.729e-08
0.604
0.199
0.1871
0.2703
0.1596
0.04198
0.0
2.125e-08
0.08332
0.3165
0.1737
0.9245
0.1444
0.05448
0.0
0.8202
0.0
1.836
0.0
0.0
0.07135
0.0
0.1433
0.0
0.1203
0.05698
0.06346
0.09899
0.7471
0.09625
0.0
0.0
0.109
0.2391
3.189e-08
0.05582
0.0755
0.5405
0.04599
0.165
0.284
0.0707
0.05704
0.05138
0.2125
0.2881
0.03719
0.5332
0.115
0.1963
0.05679
0.2684
1.823
0.1979
0.0
0.1046
0.3257
0.1264
0.2996
0.067
0.02707
0.0
0.135
0.09042
0.1513
0.5438
0.09016
0.1091
0.07974
0.0
0.4654
0.2274
0.07619
0.2192
0.0
0.08658
0.2521
0.0
0.0
0.32
0.09975
3.624e-08
0.3476
0.0
0.113
0.5193
0.08895
0.1135
0.0
0.2098
0.0
0.1323
0.0
0.0
0.06182
0.321
0.4172
0.5731
0.0
0.1168
0.0
0.054
0.0
0.1262
0.6503
0.4419
0.2199
0.0
0.0
0.122
0.2288
0.0
0.08352
0.531
0.1974
0.4567
0.05862
0.03575
0.08007
0.0
0.2696
0.0
0.2653
0.0
0.0991
0.908
0.1212
0.1065
0.09705
0.0
0.2021
0.4114
0.0
0.4305
1.031
0.0
0.4283
1.666e-08
0.1093
0.0
0.4517
0.2956
0.0
0.4093
0.1129
0.0
0.1081
0.1957
0.3938
4.354e-08
0.0
0.0
0.2255
1.177
0.0
0.09303
0.1626
2.005
0.2278
0.0645
0.6852
0.05935
0.7646
0.3902
0.0
0.2803
0.2483
1.405
0.5777
0.0
0.1958
0.6707
0.0
0.06094
0.2746
0.04094
0.0
0.5951
0.0
0.2093
0.05881
0.03969
0.505
0.2377
0.2021
1.233
0.0
0.07625
0.1311
0.1277
0.0
0.5342
4.47e-08
0.373
0.0
0.2899
0.7143
0.03513
0.576
0.0
0.1506
0.1169
1.493
0.1748
0.7036
0.5232
0.08939
0.0
0.02696
0.6987
0.5419
0.2603
0.1164
1.05
0.0803
0.0
0.0
0.0
0.3554
0.1745
0.0
0.01607
0.1395
0.3586
0.03625
0.0
0.2588
0.2359
0.2295
0.0
0.4291
0.0
0.2529
0.1424
2.563e-08
0.0
0.07538
0.209
0.1605
0.3863
0.06717
0.7392
0.1753
0.3804
0.0
0.0
0.3165
0.3589
0.05699
0.0
0.5419
0.45
0.0
0.05105
0.92
0.1284
2.768e-08
0.6579
0.1483
0.5808
0.0
0.0
0.2798
0.0
0.143
0.0
0.2996
0.2077
0.0
0.1802
0.6804
0.0
0.2311
0.1352
0.2207
0.04671
0.09401
0.1538
2.357e-08
0.1548
0.0
0.3028
0.1626
0.4907
0.3351
0.1677
0.0
0.1293
0.02255
0.07196
0.6036
0.09855
0.129
0.7765
0.1056
0.3764
0.07131
0.06528
0.03576
0.0
0.1692
0.06618
0.0
0.0
0.07905
0.4804
0.2157
0.6379
0.0
0.0
1.772
0.5381
0.1889
0.1308
0.4377
0.2495
0.09133
0.0
0.05933
0.1517
0.09348
3.432e-08
0.3476
0.0
0.3235
0.4402
0.1177
0.1795
0.8285
0.0
0.0
0.05357
0.6855
0.1317
0.4321
0.0
0.1844
0.0
0.3894
0.4415
1.044
0.0
0.0
0.0
0.2916
0.4349
0.0
0.0
0.1074
0.225
0.0
0.04593
0.3241
0.1026
0.0
0.2054
0.0
0.0
0.2996
0.1725
0.1676
0.08356
0.1295
0.01806
1.059
0.3153
0.06495
0.09465
0.2686
0.2413
0.3729
0.0
0.08237
0.09228
0.07159
0.05916
0.0
0.2542
0.3402
0.0
0.5282
0.3283
0.0
0.1351
0.0
3e-08
0.2514
0.1267
0.1301
0.4076
0.0
0.3033
0.0
0.1112
0.0
0.396
0.4196
0.087
0.5357
0.3496
0.06257
0.0
0.7428
0.5456
0.07075
0.2015
0.04038
0.0
0.0
0.4093
0.1168
0.1142
0.0
0.1273
0.07404
1.458e-08
0.01313
4.676e-08
0.0
2.315
0.02002
0.0
0.1715
0.1089
0.8449
0.104
4.886e-08
0.0
0.1553
0.123
0.0
1.225
0.0
0.3923
0.505
0.1077
1.599
0.08754
0.1911
0.1227
0.07387
0.0
0.0
0.3322
1.174
0.05494
0.2519
2.105
0.1167
0.4641
0.09476
0.1608
0.1535
0.6756
0.279
0.1201
0.0
0.1974
0.0
0.797
0.293
0.064
0.1879
0.09896
0.0825
0.1073
0.0191
0.1766
0.5381
0.0
0.7754
0.2742
0.0
0.0
0.0
0.3902
0.0
0.3586
0.0
0.1266
0.4094
0.3281
0.1519
0.5692
0.1458
0.1016
0.1143
0.1464
0.0
0.07734
0.0
0.8063
0.2141
0.2893
0.6823
0.05146
0.0
0.2316
0.0
0.0
0.04864
0.44
0.1587
0.09851
0.08878
0.4713
0.3393
0.6815
0.0
0.6434
nan
0.3643
0.1963
0.6761
0.03011
0.2182
0.2213
0.6716
0.3127
0.2017
0.0
0.0
0.3662
0.1422
0.0
0.3482
0.1559
0.1968
0.04756
0.3402
0.0
0.0
0.9001
4.515e-08
1.099
0.3348
0.1599
0.146
0.04838
0.7266
0.06211
0.04363
0.9105
0.0
0.3337
0.1743
0.5073
0.3052
0.06393
0.6007
0.497
0.101
0.05335
0.1315
1.342
0.0
0.0
0.08788
0.3793
0.4191
0.0988
0.2377
0.0
4.702e-08
0.4019
0.0
0.02334
0.4257
0.2961
0.0
0.3971
0.3134
0.1686
0.09017
0.0
0.2586
1.415
0.0
0.2258
0.5441
0.3475
0.09432
0.0991
0.3282
0.3968
0.0
0.0
0.0
2.111
0.0
0.1548
0.065
0.1648
0.2725
0.09855
0.1035
0.4368
0.4514
0.1385
0.8399
0.0
0.0
0.1384
0.0
0.1704
0.09902
0.0
0.2596
0.0
0.0891
0.2174
0.06012
0.1322
0.1017
0.0
0.0
0.0
0.0
0.0
0.0
0.0
0.1356
0.505
0.1333
0.1025
0.2199
0.2116
0.4628
0.09502
0.1587
0.07837
0.0
0.4912
0.0
0.0894
0.2422
0.0
0.0
0.6874
0.06021
0.0
0.07747
0.7065
0.05507
0.2045
0.1451
0.0
0.09615
0.0
0.09098
0.304
0.0
0.1923
0.1587
0.0
0.725
0.0
0.5476
0.1892
0.2192
0.1131
0.4584
0.04884
0.2763
0.0692
0.133
0.0
0.1234
0.0
0.4727
0.4344
0.78
0.06112
3.138
0.08837
0.02973
0.09392
0.2044
0.4617
0.05531
0.1748
0.0
4.676e-08
0.08835
0.4397
0.146
0.1559
0.5647
0.3589
0.0
0.3726
0.0
0.09081
0.0
1.059
1.078
0.0
0.0
0.2395
0.0
0.05173
0.0
0.44
0.2174
0.05087
4.439e-08
0.2012
0.06786
0.0
1.599
0.1107
0.1954
0.0
0.0
0.08848
0.06289
0.1605
0.163
0.1381
0.346
0.2956
0.168
0.0
0.2118
1.388
0.0
0.04931
0.1049
0.2961
1.239
0.3299
0.497
0.0
0.1622
0.2295
0.0
0.0
0.0
0.1871
0.09854
0.04324
0.1417
0.07264
0.5282
0.04611
0.05196
0.0
0.2155
0.1507
0.0
0.08286
0.0
0.127
0.8478
0.141
0.0
0.06714
0.4261
0.08962
0.329
0.2731
4.761e-08
0.1155
0.5114
0.0
0.604
0.11
0.813
0.0
0.1013
0.0
0.7293
0.09806
0.2683
0.0
0.04367
0.06139
0.0
0.1702
0.2242
0.8689
0.77
0.08691
0.3056
0.06395
0.0
0.2722
0.06672
0.2097
0.3195
0.5777
0.3763
0.0
0.5776
0.4202
0.1304
0.0
0.3127
0.0
0.9258
0.1851
0.09182
0.0
0.0838
0.0
0.7683
0.06946
0.9287
0.2413
0.2828
0.04172
0.1585
0.7791
0.0
0.3083
0.06621
0.2135
0.2423
0.2099
0.0
0.06664
0.123
0.1946
0.08003
0.1267
0.0
nan
0.06712
0.2258
0.2057
0.7536
0.0
0.08018
0.0
0.1178
0.04704
0.08757
0.5164
0.0
0.03441
0.1157
0.5553
0.0
0.1883
0.7854
0.0
0.1551
2.149e-08
0.02296
0.05333
0.1502
0.2686
0.0
0.6357
0.05724
0.2984
0.0
0.09559
0.1207
0.156
0.1913
0.8713
0.1388
0.0343
0.4773
0.7471
0.31
0.9685
0.1753
0.07048
0.2278
0.0
0.0848
0.0
0.0
0.0
0.1375
0.395
0.0
0.4238
0.05847
0.2157
0.04046
0.05408
0.07441
0.1318
0.2188
0.5425
0.2961
0.0
0.1019
0.0
0.07519
0.05923
0.0
0.0
0.2742
0.03604
0.5013
0.0
0.0
0.06844
0.2506
0.03527
0.4973
0.0
0.0
0.0
0.08032
0.1193
0.0
0.08095
2.852e-08
2.004
0.0
0.0
0.08016
0.07488
0.0
0.3281
0.0
0.2767
0.0638
0.0
3.906e-08
0.0
0.07893
0.02614
0.3299
0.09191
0.2827
0.84
0.1305
0.06953
0.1579
0.04482
0.1116
0.1997
0.8663
0.03312
0.2391
0.1715
0.4595
0.05064
0.0
0.1621
0.1211
0.07851
0.4448
0.0
0.0
0.1476
0.521
1.295
1.041
0.0
3.864e-08
0.2423
0.09269
0.0
0.1202
0.1012
0.1708
0.5018
1.569
0.2586
0.725
0.0
0.0
0.0
8.33e-09
0.1334
0.05707
0.0
0.06195
0.1621
0.0
0.5874
0.05524
0.4421
0.0
0.6301
0.6824
0.0
0.5082
0.5143
0.4687
0.1121
2.315
0.2956
0.1738
0.09433
0.0
4.397e-08
0.1261
0.0
0.0608
0.3774
0.1705
0.08299
0.1824
0.1175
0.1947
0.03883
0.0
0.1446
0.1684
0.189
0.0
0.2089
0.05243
0.08264
0.0
0.0
1.231
0.7326
0.1516
0.0
0.1576
0.3164
0.0
0.0
0.0
0.2618
0.0
0.2587
0.5882
0.0
0.4949
0.0
0.2493
0.3745
0.0
0.3505
0.1689
0.0
0.1179
0.02898
0.09246
0.0934
0.04735
2.318e-08
0.0
0.06408
0.08649
0.05173
0.0
0.0
0.0
0.5357
0.05016
0.08469
0.07404
0.5997
2.883
0.0
0.0
0.07132
0.1213
0.908
0.115
0.0
0.2065
0.3955
0.1285
0.08543
0.492
1.15
0.0
0.03166
0.0
0.3645
0.0
0.7124
0.05767
0.2584
2.283e-08
0.197
0.0
5.38e-08
0.2241
0.04631
1.639
0.1269
0.07112
0.1188
1.031
0.5265
0.1686
0.1273
0.7235
0.5821
0.0
0.8658
0.1971
0.3476
0.8065
0.6482
0.09196
0.0
0.1552
0.0
0.2077
0.0
0.07399
0.0
0.0
0.04968
0.06764
0.2323
0.9184
0.1054
0.7436
0.06901
0.07085
0.3792
0.0
0.0
0.227
0.1044
0.4607
0.2444
1.128
0.9001
0.6621
0.1959
0.0
0.4716
0.04964
0.1303
0.04594
0.5968
0.05913
0.0
0.2554
1.157
0.1589
0.0
0.05972
0.3714
0.0
0.07324
0.1056
0.2422
0.07795
0.0
0.08859
0.2763
0.1133
0.2593
0.209
0.3638
0.07485
0.9171
0.225
0.09022
1.86
0.2291
0.0
0.0
0.0
0.6301
0.0
0.1485
0.0
0.1367
0.425
0.03898
0.06697
0.0
1.772
0.01576
0.173
0.2386
0.1115
0.1376
0.6357
0.0
0.2746
0.0
0.0
0.4017
0.2878
0.1042
0.07117
0.09908
0.1249
0.0
0.0
0.2556
6.564e-08
0.0
0.38
0.09185
0.5883
1.171
0.2164
0.112
0.0
0.2387
0.0
0.1264
0.146
0.166
0.03536
0.1045
0.0
0.1212
0.03652
0.0
0.06028
0.09634
0.3125
0.03907
0.0
0.08124
0.3134
0.2219
1.676e-08
0.0
0.4592
0.6912
0.0
0.1237
0.0
0.0
0.1061
6.538e-08
0.08865
0.1806
0.2323
2.958
0.03223
0.0
0.0
0.1385
0.0
0.0
0.04338
0.07221
0.04346
0.2377
0.5
0.2524
0.1265
0.6593
0.6135
0.1568
0.1703
0.04296
0.0
0.2188
0.5855
0.3662
0.4517
0.06772
0.4938
0.9307
0.0
0.0
0.0
0.2321
0.161
0.04187
0.099
0.06881
0.2045
0.225
0.7971
0.2536
0.09476
0.1765
0.08408
0.1115
0.0
0.03298
0.5224
0.3496
0.04552
0.1381
0.3353
1.233
0.7171
3.253e-08
3.432e-08
0.0
0.1627
0.08682
0.1184
0.06138
0.304
0.5027
0.0357
0.3477
0.2098
0.0
0.2341
0.0
0.0
0.2266
1.231
0.0
0.09479
0.5776
0.1154
0.1482
0.4726
0.05571
0.0
0.3938
0.3477
0.1911
0.7536
0.0
0.7864
0.0
0.1001
0.0
0.8835
0.06044
0.3396
0.216
0.1033
0.08028
0.04122
0.1586
0.4003
0.1094
0.07978
0.1013
0.3474
0.32
0.1225
0.0
0.2646
0.5164
0.08374
0.06492
0.1284
0.3934
0.1262
3.531e-08
0.1209
0.1302
2.375e-08
0.09929
0.09647
0.0
0.0
0.1692
0.1457
0.1381
0.0
0.0869
0.2116
0.0
0.0
0.0158
0.232
0.09091
0.02729
0.45
0.7512
0.7621
0.1676
0.2055
1.031
0.1376
0.4387
0.0
0.6483
0.1616
0.1639
0.2506
0.5
4.284e-08
0.2493
0.03698
0.4409
0.1502
0.1446
0.1246
1.058
0.1756
0.07694
0.2516
0.05476
0.3496
0.6034
0.0
0.05145
0.3795
0.04263
0.7512
0.3795
nan
0.4827
0.0
0.6716
0.1101
0.0
0.08029
0.09873
0.06334
0.3084
0.1194
0.1403
0.2906
0.07253
0.0
0.2371
3.168e-08
0.0
0.4569
3.67e-08
0.0
0.04187
0.04615
0.07103
0.6351
0.1807
0.2275
0.0
0.1756
0.2094
0.2782
0.4497
0.1055
0.02322
0.0
0.0
0.07806
0.04839
0.08669
0.4475
1.503
0.08006
0.0
0.09304
0.0
0.0
0.0327
0.2341
1.654
0.8816
0.101
0.0859
0.0961
0.1006
0.1284
0.2395
0.2202
0.6515
0.2713
0.05995
0.0
0.1091
1.415
0.5581
0.1137
0.1897
0.1512
0.5299
0.2094
0.2077
0.1444
0.2877
0.0742
0.1419
0.4473
0.0694
0.1445
0.1633
0.5786
1.041
0.0
0.06276
0.6772
0.4213
0.0
0.5438
0.0
0.2121
0.5576
0.04097
0.05708
0.1194
0.08172
0.0
0.4514
0.1004
0.003228
0.0
1.684
0.4387
0.1307
0.1371
0.1179
0.5655
0.05108
1.108
0.06124
0.0
0.2954
0.4716
0.03406
0.3056
0.0
0.2966
0.07057
0.09794
0.03755
0.38
0.1672
0.3912
0.4436
0.6301
0.02537
0.8782
1.49e-08
0.056
0.1804
1.1
0.1433
0.05917
0.0
0.1164
0.6301
0.0
5.292e-08
0.06154
0.07901
0.0
0.1885
0.5837
2.336
0.078
0.09248
0.1626
0.4824
0.06616
0.05526
0.1323
0.03116
0.8749
0.07919
0.1927
0.4349
0.0
0.0
0.08191
0.6031
0.1485
0.1787
0.05899
0.1471
0.05551
0.5943
0.1965
3.124e-08
0.0
0.0
0.0
0.1084
0.8114
0.0
0.1613
0.0
0.4773
0.0
0.0
0.145
0.1156
0.07623
0.2135
0.0506
0.0
0.03199
0.1615
0.0
0.0
0.08453
2.507
0.0
0.1149
0.1985
0.7331
0.0
0.227
0.0
0.09052
0.0
0.2859
0.04853
0.05015
0.04199
0.613
0.0
0.06249
0.4475
0.0
0.1332
0.1198
0.6868
0.09303
0.0
0.4516
0.0
0.06454
8.252e-08
0.0
0.07286
0.04586
0.2848
0.2527
0.4686
0.2984
0.0
0.5
0.01709
0.06146
0.0
0.1713
0.1166
0.3894
0.0
0.0
0.0
0.6279
3.624e-08
0.0
0.4213
0.5147
0.0
2.472
0.01795
8.065e-08
0.3714
0.0
0.0
0.3235
5.588e-09
0.5416
0.2675
0.5
1.242
0.06484
3.015e-08
0.1543
0.06154
0.425
0.07574
0.1977
0.0279
0.1301
0.2961
0.1056
0.2094
0.5112
0.1348
1.071
0.1177
0.6885
0.1203
0.08088
0.2862
0.0
0.05768
0.06708
0.327
0.4072
0.0
0.7732
0.3975
5.292e-08
0.2304
0.05276
0.1482
0.2999
0.1444
0.1959
0.03575
1.726
0.1389
0.169
0.06404
0.0639
0.0
0.05974
0.5469
0.0
0.127
0.2556
0.1732
0.0
0.1795
0.1567
0.1704
0.0
0.2076
1.861
0.06437
0.5648
0.0
0.08778
0.143
0.05302
0.1782
0.0
0.04586
0.07537
0.05587
0.01676
0.2469
0.09372
0.1935
0.1182
2.946
0.0
0.07178
0.1443
0.08703
8.742e-09
0.6529
0.1759
0.2495
0.09401
0.621
0.0
0.625
0.0255
0.07221
0.0
0.07442
0.1214
0.06571
0.5147
0.1828
0.2332
0.211
1.285
0.05827
0.4368
0.0
0.9245
0.3895
0.07585
0.2157
0.9587
0.1578
0.671
0.0
0.0
0.2481
0.7378
0.07213
0.0
0.08973
0.0
0.0
0.0
0.5446
0.1436
5.38e-08
0.0533
0.09104
0.0
0.091
0.0
0.09307
0.08486
0.05654
0.196
0.6499
0.0
0.0
0.0
0.4567
0.0
0.08412
0.5419
0.8689
0.5808
0.5086
0.3952
0.1151
0.07065
0.08572
0.163
2.006e-08
0.3688
0.1257
0.5079
0.1848
0.2275
0.2725
0.6126
0.1301
0.0
0.725
0.7247
0.1319
0.0
0.3357
0.07717
0.0
0.0
0.04977
0.1653
0.0
0.1431
0.06872
0.1278
0.0
0.4584
0.05849
0.0
0.1544
0.9171
0.3955
0.1374
0.0
0.0357
0.3272
0.2791
0.3713
0.3052
0.09081
0.1066
0.0
0.1017
0.1974
0.222
0.225
0.4152
0.1405
0.04558
0.2999
0.0
0.1755
0.978
0.6987
1.546
0.102
0.03697
0.2952
0.0
0.7384
0.2668
0.0
0.04787
0.2554
0.113
0.1512
0.1374
0.1691
0.05689
0.09175
1.936
0.5045
0.1714
0.1082
0.2413
0.1681
0.09908
0.03934
0.6131
0.0
0.162
0.1428
1.818e-08
0.2952
0.0
0.0
4.949e-08
0.0
0.1755
0.0
0.02764
1.1
0.136
0.09426
0.5446
1.031
0.1171
0.06261
0.0
0.07948
0.0
0.0
0.2028
0.0
0.7127
0.0
0.0
0.0
0.5581
0.9287
0.2178
0.0
0.0
0.0
0.2666
0.0437
0.0
0.6059
0.09819
0.0
0.4741
0.0
0.6929
0.09397
1.059
0.4019
0.2089
0.1016
1.991e-08
0.1295
0.04182
0.7232
0.0865
0.0
0.0
0.1087
0.247
0.0
0.2075
0.08181
0.2371
0.8805
0.04866
0.1923
0.0
0.0
0.05555
0.0636
0.1557
0.1708
0.0
0.0
0.5275
0.1575
nan
0.1341
0.1405
4.284e-08
0.1429
0.07731
0.8039
0.05103
2.585
0.1809
0.0
0.565
0.03042
0.1095
0.03509
0.0
1.725e-08
0.2033
2.654e-08
0.06185
0.7849
0.1748
0.05051
0.0
0.0
0.09818
0.2098
0.1002
0.1296
0.091
0.0
0.6966
0.07869
2.105
0.6352
0.1671
0.06435
0.1633
0.1292
0.2546
0.0
0.384
0.0
0.0
0.1171
0.8401
0.09717
0.0
0.0
0.0
4.949e-08
0.06038
0.2232
0.09626
0.7252
0.07698
0.1133
0.0
0.2015
0.202
0.0
1.047
0.1171
0.0
0.06518
0.1953
0.2479
0.0
0.0992
0.2255
0.0
1.143
0.0
0.03607
0.7293
0.0
0.685
0.0984
0.7384
0.4213
0.3051
0.06958
0.5265
0.2017
0.1501
0.0
0.1086
0.0
0.04003
0.0
0.0435
0.1946
0.0
0.0382
0.5347
0.0486
0.1705
0.0
0.1021
1.031
0.143
0.02928
0.0
0.1086
0.06961
0.2767
0.2483
0.09896
0.6625
0.618
0.03011
0.0
0.1382
0.1023
0.117
0.1223
0.6369
3.718e-08
0.6037
0.2865
0.08587
0.1145
0.1139
0.0
0.5441
0.0
0.278
0.7097
0.02109
0.05939
0.2281
0.03637
0.2577
0.1818
0.1301
0.04092
1.654
0.2755
0.6823
0.0
0.2149
8.729e-08
0.2283
0.1392
0.09055
0.8209
0.1111
0.1282
8.691e-09
0.111
3.531e-08
0.0
0.0
1.976
0.06211
0.0
2.657
0.0
0.1309
0.1124
0.09455
0.0
0.0
0.02231
0.0
0.06654
0.396
0.2132
0.04152
0.08337
0.06337
0.0
0.1063
0.1739
0.3651
0.1293
0.0
0.1613
0.06358
0.1257
0.2554
0.5299
0.2148
0.08173
0.4813
0.3713
0.03028
0.6146
0.1208
0.0
0.05038
0.1456
0.103
0.0
0.7542
0.0
0.1301
0.04059
0.08135
0.02936
0.2332
0.2981
0.05382
0.1169
0.0
0.0
0.6187
1.082
0.4824
0.1806
0.0
0.2683
0.1108
0.1357
0.0
0.0
0.5549
0.0
0.0
0.3417
0.1238
0.3837
0.28
3.559e-08
0.04648
0.608
0.03155
0.01313
0.0865
0.09877
0.4687
0.4152
0.2878
0.08115
0.08564
0.3348
0.0796
0.0
0.0
0.2746
2.59e-08
0.0
0.0
1.157
0.5413
0.09741
0.0
0.4076
0.0
0.07527
2.319
0.0
0.05234
2.597e-08
0.109
0.0
0.9159
0.09366
0.0
3.316e-08
1.474e-08
0.4186
0.08176
0.08279
0.1701
0.1158
0.08925
0.09133
0.2615
0.2275
0.1816
1.157
0.03492
0.2484
0.1018
0.07336
0.3919
0.06607
0.157
0.04484
0.1857
0.7332
0.7646
0.0611
0.03564
0.2666
0.05143
3.179e-08
0.1929
0.1505
0.144
0.3729
0.0
2.673e-08
0.5821
0.3821
0.1266
0.5636
0.04968
0.116
0.0
0.0
0.07764
0.0
0.1076
0.2232
0.2075
0.05592
0.4414
0.4421
0.0825
1.47e-08
0.2018
0.3071
0.2181
0.2055
0.1243
0.1957
0.4905
0.02702
1.434
0.3934
0.0
0.2014
0.07319
0.812
0.0
0.0
0.4281
0.8742
0.0
0.1607
0.1732
0.0
2.508
0.0362
0.1608
0.1258
0.07326
0.0
0.08483
0.2904
0.0
0.7704
0.0
0.6059
0.0
0.5
0.0423
0.1429
0.08488
0.0
0.0
0.1551
0.1316
0.0
0.0
0.1282
0.1499
0.3242
0.1672
0.4824
1.039
0.0
0.1529
0.04429
0.0
0.1907
1.305
0.8626
0.4068
0.2703
0.7696
0.8247
0.1492
0.1568
0.05814
0.0
0.04282
0.08042
0.08939
0.03834
0.481
0.9435
0.0
0.1828
0.3009
0.0
1.02e-08
0.0614
0.0
0.0
0.2194
0.0
0.3919
0.3051
0.3351
0.0
0.08841
0.2862
0.02333
0.1315
0.0587
0.1444
0.4273
0.07293
0.6915
0.07417
0.0
0.0726
0.3189
0.1725
0.3638
0.1809
0.2885
0.2955
0.0
0.4037
0.02671
0.1182
0.8076
0.019
0.399
0.1528
1.736e-08
1.305
0.1507
0.9105
0.1971
0.1927
0.0
0.1795
0.08697
0.06825
0.06471
0.1647
0.1385
0.1392
0.203
0.1268
0.564
0.1966
0.0
0.1513
0.0
0.0
0.0
0.0
0.6094
0.5886
0.0
0.03996
0.08314
0.1168
0.0383
0.4957
0.0
0.4787
0.1366
0.05373
0.1996
0.604
0.0894
1.424
0.0
0.3357
0.1833
1.33
0.2967
0.0
0.04289
0.0
0.1057
0.03293
0.09243
0.0
0.725
0.1026
0.03149
0.09576
0.1259
0.9107
0.1702
1.071
0.0
0.0
0.2057
0.0
0.04997
0.2448
0.3745
0.7036
0.1638
0.1373
0.0
0.03708
0.456
0.0
0.09988
0.0
0.2842
0.3588
0.3337
0.09822
0.0
0.08585
0.1438
0.1116
0.022
0.1428
0.72
0.2539
0.05122
0.222
0.272
0.1116
0.0
0.1019
0.05905
0.8065
4.061e-08
0.03607
0.1191
1.047
0.2433
0.1642
0.2162
0.2305
0.0362
0.03372
0.5
0.03501
0.0
0.0
0.06629
0.0
0.6672
0.1576
0.1096
0.1529
0.1696
0.04619
0.4938
0.6184
0.04938
0.0
0.0829
1.118e-08
0.5951
0.0
1.971
0.0
1.179e-08
0.625
0.03855
0.1806
0.02887
0.383
0.5469
0.04657
0.2294
0.1608
0.2295
0.2017
0.7864
0.0
0.3272
0.04415
2.156e-08
0.613
0.4406
0.4261
0.1482
0.08389
0.07551
0.08546
0.1378
0.2675
0.05977
0.04016
0.0
0.689
0.2199
0.209
0.07947
0.0853
0.4657
0.0
1.128
0.0
0.02072
0.0
3.449e-08
2.568
0.3322
0.0
0.1666
0.116
1.323
0.3084
0.437
0.3763
0.09045
0.1108
0.2383
0.05339
0.2377
0.0
0.08949
0.05968
0.02456
0.0256
0.06353
0.7682
0.3784
0.0
0.0
0.1427
0.0
0.137
0.0
0.1578
0.0
0.5055
0.3894
0.1505
0.09201
0.1465
0.4094
0.2481
0.27
0.5284
0.111
0.09608
0.283
0.0
0.09412
0.8605
0.5006
0.3083
0.166
0.0808
0.0
4.812e-08
0.2527
0.1471
0.0
0.04985
0.0
0.04558
0.2416
0.0256
0.0
0.06271
0.08003
0.0
0.162
0.05607
0.4417
0.8383
0.0
0.4706
0.0
0.0
0.1802
0.2646
0.06119
0.1086
0.9019
0.1857
0.1038
0.0
0.1281
0.2031
0.05664
0.07596
0.07042
0.0
0.02405
0.05655
0.1004
0.1282
0.0
2.36
0.07562
0.01972
0.2224
0.0
0.2045
0.468
0.4913
0.164
0.1486
0.4413
0.1429
0.0
0.5265
0.266
0.08112
0.1097
0.05695
0.0
0.5406
0.351
0.3506
0.0
0.04166
0.0
0.09193
0.0
0.1257
0.6613
0.3241
0.4273
0.5161
0.0
0.05087
0.08241
0.0
0.2966
0.03092
0.0
0.0
0.7696
0.565
0.07716
0.8209
0.07756
0.0
0.1183
0.2422
0.0
0.0
0.08533
0.07301
0.06029
2.852e-08
0.3931
0.1034
0.0
0.4592
0.8487
0.08772
0.1688
0.04503
0.06213
0.0776
0.5433
0.1907
0.0
0.7494
0.7712
0.07565
0.2752
1.763
0.0
0.03964
0.5405
1.152
0.1361
0.2241
0.0
0.5906
0.1369
0.08825
0.9435
0.0685
0.2526
0.08607
0.1575
0.1677
0.7536
0.09688
0.05698
0.0
1.15
0.03066
0.0
0.1359
0.1027
0.1191
0.0
0.05206
0.02589
0.06353
0.5014
0.0
0.103
0.09142
0.08401
0.6762
0.1529
0.07254
0.0
0.0
0.6431
1.432
0.0
0.0
0.0
0.1604
0.09554
0.1992
0.0
0.1188
0.06111
0.3375
0.5874
0.07733
0.0
0.0
0.8202
0.4339
0.06556
1.356e-08
0.0
0.1528
0.1458
0.0
0.1362
0.708
0.0
0.1602
0.2027
0.0
0.02976
1.099
0.1648
0.08317
0.03448
0.1387
0.5163
0.03058
0.1525
0.2244
0.1183
0.6739
0.0
0.05076
0.0
0.02824
0.0
0.09188
0.1446
0.7561
0.3415
0.0
0.0
0.2956
0.0
0.0
0.1009
0.2516
0.0
0.0
0.5936
0.1096
0.2387
0.4037
0.03837
0.5342
0.1239
0.146
0.679
