98.98
131.0
142.0
148.0
85.82
191.4
135.4
145.0
58.47
150.5
157.0
136.6
121.2
137.7
130.2
162.6
148.1
127.6
137.5
135.0
143.7
150.8
150.3
84.89
79.48
124.1
124.8
125.9
144.6
125.7
136.7
121.6
116.3
122.9
139.5
160.8
116.6
145.9
129.9
142.7
120.8
113.5
160.2
123.4
170.7
171.7
134.9
138.9
147.1
125.8
136.1
159.0
165.9
137.1
123.9
105.2
130.7
113.1
158.3
176.9
152.1
103.2
153.6
102.5
147.2
134.7
142.3
150.0
178.4
163.9
157.4
159.3
199.4
148.9
179.8
183.4
191.0
135.6
237.0
126.0
139.3
173.8
143.2
91.87
117.8
100.5
147.0
106.8
138.1
147.1
209.5
154.0
119.0
160.5
246.1
95.43
162.6
120.7
152.5
195.1
101.3
84.4
136.8
107.2
125.0
164.1
81.46
117.5
158.9
199.0
147.1
130.3
150.3
169.4
180.8
202.0
158.2
108.0
166.4
81.38
113.7
240.6
229.7
134.3
155.6
146.4
162.2
147.8
85.66
167.4
174.4
159.6
121.5
170.9
116.1
130.7
126.4
159.2
170.8
123.1
119.0
129.4
169.2
15.26
140.9
140.0
173.4
195.6
116.0
141.0
92.77
168.5
105.5
162.7
102.0
105.2
144.3
147.1
156.2
136.2
108.7
163.0
99.14
86.45
67.81
181.4
128.8
125.5
180.4
117.6
132.0
118.4
116.1
139.3
109.3
73.33
136.8
156.3
80.67
74.09
138.5
141.5
153.9
108.1
129.5
174.6
121.0
135.3
184.1
141.7
160.0
140.8
129.0
182.6
185.0
138.5
125.4
153.2
154.8
132.4
103.4
134.1
123.2
108.9
143.2
117.9
62.27
160.5
127.2
110.5
137.3
151.2
105.0
168.3
131.8
153.6
170.4
78.21
142.5
125.7
147.9
106.1
152.4
135.3
106.6
145.5
137.7
168.1
135.8
140.3
112.9
181.3
150.6
143.7
147.6
110.6
152.5
139.6
201.3
170.1
158.8
124.3
145.8
155.3
130.4
161.1
119.6
101.2
150.4
143.6
147.4
136.8
153.1
89.6
185.0
100.1
138.2
117.0
101.8
133.0
145.2
101.1
154.4
192.0
133.1
110.5
147.9
148.0
169.8
82.43
173.6
163.2
115.5
134.8
162.0
132.9
129.6
113.1
163.1
90.11
122.9
136.1
208.5
157.5
180.9
169.4
157.0
156.6
145.0
143.8
135.2
137.7
132.8
137.1
115.1
137.8
138.1
131.2
158.8
132.9
104.7
157.7
128.7
140.7
137.1
172.7
164.6
191.5
117.4
149.4
127.8
117.3
28.71
148.6
179.9
187.4
110.2
122.6
212.1
126.1
169.1
142.8
197.0
102.5
165.2
123.0
88.46
150.1
168.5
108.5
146.3
119.6
162.6
109.5
104.5
143.6
184.0
210.1
151.3
147.9
108.8
144.7
144.8
178.9
175.6
121.6
160.8
129.2
130.4
97.91
156.1
127.9
142.2
129.2
181.4
109.9
202.8
137.4
213.1
90.92
114.2
192.6
252.5
154.2
174.9
143.7
201.3
177.5
108.2
201.7
147.4
109.6
136.3
139.3
147.3
138.2
106.9
112.9
152.1
181.7
106.0
141.9
126.9
150.9
165.0
171.7
75.3
166.0
173.6
155.9
113.7
100.6
136.9
150.4
148.4
137.6
104.6
165.2
163.3
112.0
142.8
140.9
127.3
83.49
135.1
151.7
195.0
136.3
126.3
150.6
139.7
152.3
151.2
108.2
102.4
175.5
171.3
159.3
138.3
152.5
90.69
124.2
166.8
139.1
117.5
159.8
135.6
115.4
122.3
140.1
126.4
116.1
92.13
158.9
131.8
196.8
118.6
167.6
199.2
130.0
164.4
58.74
127.8
102.6
100.8
160.8
167.7
135.1
104.5
158.9
132.8
137.5
131.2
172.3
134.7
163.9
150.7
155.9
171.4
125.2
167.7
279.5
142.4
211.7
108.9
119.3
134.8
128.3
139.9
147.9
140.0
95.2
85.12
146.9
128.1
114.0
118.5
150.9
145.9
151.7
169.6
145.2
132.1
118.5
134.4
75.47
141.8
101.6
96.26
129.5
151.5
129.7
142.9
94.21
155.4
138.5
158.0
105.9
155.3
122.2
106.1
103.1
57.81
149.5
238.4
128.6
96.67
110.6
189.7
109.4
169.9
180.4
180.9
164.2
162.2
176.5
122.4
150.7
145.9
72.23
174.3
132.5
174.2
145.5
188.6
156.0
218.3
142.0
122.5
159.8
102.2
153.2
127.2
133.0
123.2
147.8
76.5
133.2
126.4
153.0
102.9
135.0
119.5
167.2
139.3
141.4
172.1
178.8
172.6
126.8
143.6
154.2
147.7
222.3
107.7
143.5
170.8
125.4
132.6
117.4
177.0
152.9
182.6
192.3
175.3
189.1
160.3
163.5
87.25
151.0
127.5
135.3
102.5
131.6
168.4
87.31
122.6
131.6
111.1
176.7
165.9
155.3
123.3
169.0
123.5
230.3
120.3
130.2
124.9
146.6
168.8
136.9
113.3
120.2
100.6
165.7
118.9
159.8
208.6
165.3
116.1
126.1
161.1
142.0
149.4
145.7
137.4
117.0
89.76
145.7
115.1
173.2
103.7
113.9
19.52
157.0
148.7
144.7
161.7
137.6
103.2
123.0
131.6
115.5
146.9
136.3
138.8
167.8
135.1
164.6
140.3
215.7
51.03
102.1
163.5
211.6
171.1
84.8
127.9
152.1
173.8
159.9
170.1
169.7
138.7
73.43
151.6
155.4
165.6
173.6
142.7
98.26
128.6
141.9
89.6
148.1
125.0
114.3
159.5
165.5
152.4
113.6
181.4
147.4
143.9
188.3
165.4
148.5
133.5
125.3
118.9
127.1
123.7
136.9
159.5
126.3
162.1
130.0
119.9
112.5
138.9
117.0
140.9
129.7
121.4
136.0
135.3
100.6
149.3
121.8
127.6
138.4
149.5
143.1
128.4
200.6
110.5
153.1
122.5
168.3
183.8
143.2
251.7
136.3
117.7
170.5
122.3
138.4
122.0
176.5
160.2
165.8
172.1
153.3
103.5
144.9
111.2
159.2
114.2
95.2
136.4
101.6
165.7
126.1
98.8
112.1
182.8
137.9
171.6
101.3
147.9
126.7
152.3
145.6
147.5
126.7
129.0
250.4
112.8
138.5
184.6
160.6
165.5
87.31
114.7
158.2
158.8
150.4
168.3
96.29
142.5
135.5
185.7
139.8
57.81
149.2
130.5
116.1
128.4
128.0
145.2
165.6
142.8
136.2
105.5
156.8
117.3
217.9
121.2
126.9
171.5
146.9
110.3
150.1
213.4
115.6
155.5
98.28
120.6
78.45
156.5
178.4
159.2
160.1
136.2
182.7
152.2
66.9
121.3
90.99
108.5
112.1
119.1
151.2
173.7
141.5
150.0
149.7
154.5
166.9
129.3
99.59
152.2
151.4
149.7
145.7
143.7
177.9
125.7
197.3
110.1
67.46
159.1
99.56
151.4
108.5
182.4
118.3
165.4
201.0
158.8
163.5
126.8
144.0
130.2
111.3
140.9
112.4
149.3
140.5
168.4
190.4
97.68
166.5
161.2
161.2
143.9
121.2
139.7
187.8
126.7
46.26
180.3
98.69
154.8
165.8
153.2
174.0
151.9
0.0
257.5
182.3
112.0
80.36
140.4
96.41
160.8
155.1
185.8
184.7
166.3
147.0
55.68
157.5
152.7
147.5
111.7
159.5
130.2
137.3
112.0
173.7
120.5
154.2
175.8
98.14
154.9
99.76
33.82
116.7
115.9
123.2
145.8
75.3
128.8
144.4
156.8
81.04
130.3
161.7
143.6
154.7
154.8
162.0
121.7
144.8
167.3
118.8
135.8
147.4
159.5
171.5
152.9
93.8
166.4
177.9
100.1
164.6
67.23
61.35
147.4
115.0
123.4
78.44
128.7
141.2
164.5
110.0
165.2
191.1
188.2
109.9
136.5
137.3
171.2
93.63
109.1
161.9
146.7
99.83
164.0
87.25
171.5
164.0
158.2
145.4
140.9
135.6
115.2
151.1
154.0
129.8
177.0
142.4
179.3
158.6
137.0
182.8
202.3
140.3
130.3
81.45
146.6
141.8
144.7
89.25
136.3
162.2
123.2
180.3
130.4
151.7
202.5
161.9
113.7
106.4
176.8
122.7
166.7
120.9
98.55
88.43
146.2
112.0
162.1
184.2
131.6
118.3
163.8
111.3
157.1
146.9
123.3
160.7
108.8
104.7
104.1
140.5
163.8
83.22
115.9
188.7
105.9
167.6
124.4
111.4
97.7
110.2
110.0
130.2
176.7
133.9
137.0
161.2
87.88
182.9
126.9
153.2
132.3
117.5
157.9
152.3
125.6
125.3
165.4
146.7
118.6
139.9
132.7
161.8
143.9
109.2
150.0
216.1
156.2
147.4
164.0
182.5
117.6
138.1
126.6
96.98
141.4
108.0
119.7
122.8
179.9
109.0
131.4
195.9
131.5
155.4
172.0
141.3
259.5
122.4
115.8
154.3
148.1
205.8
122.8
114.9
177.2
68.91
135.5
171.1
185.8
162.2
135.8
118.6
120.7
128.1
127.3
153.2
133.2
224.3
75.55
152.4
103.7
132.6
154.5
185.0
138.0
164.8
94.8
178.0
155.5
137.2
234.3
107.0
160.3
135.9
164.5
142.9
153.0
156.2
184.0
180.6
166.0
149.6
142.0
96.45
99.92
240.2
147.3
142.7
176.2
31.93
148.5
134.8
160.3
160.8
142.7
143.0
112.7
123.1
116.7
145.1
158.2
170.9
142.2
136.9
155.6
112.2
142.8
134.4
159.0
191.2
127.1
186.9
166.9
144.5
160.5
134.4
105.5
180.2
178.7
135.9
120.6
137.7
179.4
159.2
147.9
151.5
120.2
185.2
122.7
149.3
131.4
113.2
234.5
162.7
214.3
118.9
183.7
126.1
161.3
104.2
86.38
138.1
144.9
67.29
96.31
164.9
152.0
112.1
69.7
110.0
166.2
159.2
134.8
95.33
93.41
146.6
132.6
140.7
127.2
147.0
137.3
110.1
182.5
136.2
122.4
164.6
129.9
129.6
158.2
100.0
131.8
132.9
133.2
92.3
162.7
167.3
191.6
127.3
152.4
126.7
131.7
167.3
134.3
161.4
96.57
116.6
202.2
135.4
124.2
87.35
128.1
125.7
135.6
122.2
122.8
127.9
188.7
106.4
149.3
101.6
136.3
151.6
170.1
103.9
162.4
127.7
112.7
162.4
34.96
129.6
104.7
136.1
151.7
145.4
156.9
131.0
168.9
160.5
153.2
116.9
132.3
135.8
173.6
169.1
126.3
106.1
121.2
106.8
189.7
122.7
110.1
136.9
177.6
172.7
172.7
134.4
181.9
197.6
165.3
130.0
3.521e-06
117.2
117.7
149.8
132.3
192.4
140.5
169.0
170.8
113.9
131.6
132.4
126.5
194.6
144.1
109.5
123.5
129.8
119.1
115.7
159.6
125.9
102.0
135.8
154.7
146.8
168.9
134.0
156.5
81.96
130.4
140.1
146.8
149.4
138.1
124.9
154.7
113.0
153.2
136.8
113.6
138.7
158.2
191.6
118.9
110.8
54.56
104.2
166.7
136.8
144.2
124.9
54.91
149.9
115.9
146.4
167.1
164.1
200.9
134.8
157.9
139.4
110.1
162.1
152.1
135.3
122.7
180.2
167.7
170.4
157.1
134.7
149.0
141.2
145.7
153.4
122.6
133.1
264.6
137.5
86.4
113.1
152.6
164.9
152.5
199.4
138.5
242.3
163.5
125.4
157.5
190.8
128.9
139.8
170.5
82.34
147.4
115.3
131.3
113.7
138.3
132.2
151.7
115.6
141.5
162.7
135.8
119.5
107.8
135.5
118.5
190.4
138.0
185.8
117.2
149.5
132.6
139.7
117.9
145.0
140.9
153.9
109.9
135.0
121.2
73.9
136.3
148.5
122.2
168.3
96.22
158.8
156.9
168.3
166.0
103.4
158.5
124.0
167.3
117.3
170.3
106.4
89.13
184.6
88.02
94.33
88.84
152.4
170.9
134.6
75.39
158.1
201.6
173.0
145.4
161.5
144.3
140.7
150.0
210.7
135.1
146.2
133.1
112.8
150.7
162.4
159.4
141.1
130.9
166.7
170.7
131.1
153.5
120.2
182.0
133.0
158.1
105.8
87.67
116.9
160.8
174.5
149.5
165.1
160.9
178.6
176.1
208.3
147.4
88.42
152.3
67.93
142.1
62.62
219.8
124.2
183.1
157.6
137.5
137.9
125.6
128.6
136.0
180.7
178.5
115.2
129.9
153.7
152.4
126.4
147.4
138.1
130.2
143.1
131.9
163.4
138.2
149.0
117.4
156.8
148.6
146.3
97.42
156.5
121.5
137.5
147.9
208.3
115.9
163.2
128.0
139.3
141.8
135.7
141.0
61.9
182.0
252.8
170.5
145.9
113.9
151.9
189.1
187.5
148.9
133.0
204.6
133.9
141.9
182.1
195.9
99.99
139.6
122.0
99.48
131.0
141.3
139.3
62.06
165.8
143.9
98.87
144.3
162.8
135.6
144.0
151.3
136.6
144.5
91.99
122.6
136.0
186.2
179.1
241.5
77.82
150.3
151.6
163.5
76.21
108.6
131.9
163.0
119.2
116.1
172.9
156.7
173.8
167.1
87.93
152.6
168.1
181.3
126.0
202.1
198.8
155.4
141.2
125.7
90.65
251.9
84.11
195.1
135.8
153.8
106.7
126.5
