23.18
18.59
35.06
0.0
27.15
0.0
60.91
25.3
26.21
17.64
30.39
16.18
32.9
12.74
34.64
22.65
0.0
48.88
14.28
0.0
31.23
20.23
20.71
27.59
25.14
26.87
0.0
22.47
17.15
13.56
20.07
0.0
33.26
38.05
31.81
20.26
25.09
8.404
23.79
23.09
27.43
30.45
36.38
31.91
18.41
23.17
32.62
26.34
17.99
16.78
16.78
40.49
30.36
26.5
23.79
23.55
25.03
32.2
30.32
19.9
54.52
26.3
15.79
34.51
34.51
29.18
26.37
22.65
34.02
21.9
21.01
36.97
30.37
26.17
32.24
34.66
28.0
17.32
23.51
24.89
18.8
28.98
21.2
30.84
25.76
29.6
22.8
31.57
35.39
40.68
28.06
21.9
28.41
53.46
45.07
55.07
19.96
32.06
33.34
28.95
33.41
36.47
11.82
27.95
19.35
25.99
21.72
31.41
37.63
23.92
16.93
19.75
29.35
31.5
21.98
13.87
29.99
36.61
63.38
33.62
46.45
24.86
24.86
41.29
41.44
23.27
30.41
34.81
23.55
46.98
22.25
44.66
34.8
16.45
23.02
16.75
40.21
34.05
11.84
33.56
30.1
39.4
27.63
76.18
42.84
25.23
30.92
29.59
39.65
19.94
27.64
31.72
20.42
37.41
36.65
69.29
39.37
32.54
0.0
41.04
28.35
60.26
27.96
23.39
18.62
24.88
50.65
48.1
50.37
53.92
40.6
22.48
31.9
22.5
29.59
54.99
28.1
27.24
27.84
28.11
19.57
30.53
39.28
30.16
17.53
21.73
32.18
61.92
61.24
18.89
22.17
47.52
28.16
30.24
35.2
17.05
31.53
27.84
30.18
17.27
68.81
58.78
60.03
33.21
30.67
45.6
42.94
38.19
35.22
54.63
58.14
30.34
31.9
51.65
56.54
30.01
38.01
42.35
25.13
52.56
43.35
65.38
30.62
55.22
61.5
48.9
26.5
43.93
63.15
62.45
22.29
68.19
48.19
25.39
29.25
57.83
67.22
53.12
49.6
39.0
7.381
28.53
42.45
52.5
24.71
44.78
32.06
18.89
17.19
66.88
48.92
47.06
27.38
55.4
25.72
26.84
34.22
26.97
37.59
54.85
19.68
55.04
66.7
40.32
42.32
57.9
27.75
42.62
28.66
40.32
31.52
35.5
36.09
54.95
69.5
59.12
50.34
64.64
29.29
53.46
36.17
30.74
60.58
58.03
66.3
28.38
41.67
18.01
18.86
30.34
28.4
35.34
35.73
72.83
55.31
48.0
27.49
61.32
32.02
29.3
27.28
33.89
45.15
24.52
60.61
36.34
36.57
39.7
46.99
63.81
33.4
32.9
52.78
46.62
34.4
66.34
22.83
60.07
32.81
28.62
45.62
39.63
51.45
49.09
34.0
42.68
39.41
53.38
51.0
33.88
54.77
45.81
53.35
66.05
62.49
55.42
64.19
49.61
29.4
35.55
31.21
25.78
47.71
58.19
57.09
55.63
61.13
54.06
30.74
30.13
42.7
39.32
70.9
71.59
69.79
66.67
49.05
31.99
35.39
62.95
57.43
50.04
69.43
27.9
47.33
62.09
66.96
50.56
25.29
46.59
32.64
75.45
62.14
31.5
47.87
52.61
30.51
24.78
37.96
44.21
40.04
25.42
31.76
36.63
44.63
60.84
55.21
58.24
39.72
38.75
46.67
25.08
38.21
32.86
59.55
61.68
37.71
35.46
28.03
32.18
55.77
46.5
26.75
44.92
56.49
58.81
59.64
31.75
51.21
51.78
56.86
50.29
38.88
35.18
27.31
50.76
47.86
46.3
40.3
43.19
45.6
55.27
47.06
63.0
45.6
32.34
69.29
72.28
34.12
41.66
64.18
49.64
54.53
45.57
33.35
64.33
31.01
47.22
59.94
65.88
46.8
36.69
46.05
34.79
27.83
48.05
60.05
43.52
40.91
38.0
63.8
59.95
65.47
64.48
33.56
79.2
38.26
43.94
47.97
42.63
58.95
63.26
40.14
54.17
38.35
66.66
41.39
54.34
70.51
64.13
50.8
34.76
44.12
62.27
52.15
53.7
43.56
55.38
45.45
42.09
48.68
26.18
34.51
64.34
31.97
33.68
41.64
59.93
62.65
59.93
56.69
54.77
48.63
48.97
20.01
27.8
20.33
27.34
0.0
25.72
17.99
0.0
14.29
27.95
23.45
24.22
29.76
20.23
16.0
29.29
20.23
26.27
15.64
33.38
18.77
21.98
25.14
27.42
27.95
27.95
25.3
25.3
27.95
27.95
23.15
10.5
26.0
0.0
11.33
14.56
15.8
31.41
28.54
35.09
26.35
0.0
39.16
28.95
15.44
34.12
48.86
0.0
28.46
55.77
16.31
15.54
19.04
9.583
22.09
40.0
24.63
20.55
15.11
24.41
11.7
24.1
25.36
23.55
20.71
36.56
36.5
33.36
30.45
38.32
13.54
32.62
18.99
36.25
19.44
34.44
28.37
29.94
30.29
13.31
13.19
19.22
46.56
59.83
41.25
26.8
6.924
32.33
27.03
35.05
32.33
20.61
23.12
21.38
28.33
30.7
51.39
26.5
19.38
31.36
21.9
43.97
0.0
53.46
50.46
27.86
21.78
27.73
37.67
40.19
52.04
52.04
64.71
30.73
41.97
15.31
31.3
23.57
45.45
30.76
27.64
27.91
24.22
36.61
37.02
31.17
28.93
45.45
15.0
24.02
34.55
29.23
17.49
67.38
35.17
33.51
53.88
41.75
17.19
37.8
17.56
36.85
56.46
43.88
29.5
27.43
33.96
23.54
50.3
39.51
27.38
22.11
25.76
30.26
14.97
33.83
31.34
32.32
25.41
42.7
36.4
22.77
40.93
29.91
38.4
33.49
21.48
26.78
64.41
28.44
39.01
32.37
40.24
74.55
16.04
46.19
27.02
35.27
43.1
31.17
39.69
28.3
43.44
34.03
46.69
36.5
58.23
28.39
29.21
36.59
21.79
47.92
22.72
67.32
24.29
45.7
41.6
39.99
25.78
43.39
31.89
33.24
33.9
51.1
58.81
60.63
38.43
34.12
60.77
33.08
33.21
39.16
23.64
43.12
69.2
46.57
36.2
26.73
42.97
29.41
62.84
73.62
41.7
27.95
66.35
34.89
29.03
42.69
61.2
56.48
61.93
57.56
71.36
34.48
39.17
13.42
36.41
31.9
28.77
44.15
33.15
23.43
69.16
65.44
59.33
50.25
30.08
34.88
52.65
53.93
49.13
59.48
40.54
23.15
23.48
21.9
29.33
51.29
31.35
71.17
38.37
50.8
60.83
63.4
27.95
36.93
51.67
50.41
36.48
62.9
37.73
35.96
42.53
60.39
28.25
34.52
32.44
34.83
38.05
41.95
30.6
43.67
38.56
33.36
34.37
27.59
35.88
30.49
67.15
40.62
64.55
57.34
38.33
46.59
22.73
33.52
50.08
51.43
27.19
35.52
42.36
59.99
32.47
56.98
37.76
19.84
70.97
62.06
27.4
34.63
35.22
40.18
29.74
27.93
43.15
54.5
28.52
31.66
62.81
58.81
47.8
37.28
54.19
52.55
51.72
24.4
29.18
55.06
52.15
37.36
37.52
38.49
82.33
54.89
46.94
66.39
32.72
50.44
55.81
36.7
30.26
34.88
37.46
43.11
19.97
59.42
19.26
42.65
51.75
41.85
36.98
68.12
37.93
62.91
47.59
55.33
51.8
50.98
63.48
28.64
62.28
46.83
27.82
47.34
71.82
66.65
61.6
49.33
65.84
55.67
58.76
53.12
75.2
41.45
66.46
53.82
45.5
72.72
29.3
51.03
43.87
62.1
30.2
32.52
45.95
34.93
55.49
50.5
33.46
49.41
33.05
61.5
41.49
41.39
33.2
30.79
66.09
39.4
33.83
39.73
62.64
36.48
43.47
42.55
45.74
45.68
40.28
41.82
54.79
58.31
43.23
73.64
45.89
25.13
55.26
60.26
72.58
59.53
61.84
47.58
47.35
27.57
63.51
50.42
52.67
47.76
64.29
44.21
68.13
32.1
44.47
39.42
68.29
18.75
61.11
54.6
56.01
35.12
41.39
59.69
63.39
31.95
60.11
58.94
41.04
45.48
55.19
64.06
54.61
52.04
62.93
37.43
48.17
49.31
59.36
40.13
63.71
45.47
48.73
42.79
42.1
68.06
40.07
64.41
67.46
50.6
40.48
35.02
62.95
49.29
29.22
64.12
29.18
45.27
36.46
43.04
50.98
36.07
65.79
51.31
42.56
49.82
41.1
37.47
43.32
47.43
39.45
43.6
36.49
38.5
56.39
48.53
41.6
62.09
71.34
46.42
55.07
57.24
61.16
48.3
54.47
59.54
67.93
46.12
61.33
50.22
13.47
39.85
31.22
29.11
24.46
44.81
22.89
30.21
34.12
22.74
16.36
20.4
57.77
40.52
21.3
38.73
43.52
32.49
35.64
50.85
60.35
40.46
31.33
59.06
23.94
28.73
19.66
21.36
49.3
27.79
48.1
35.81
43.85
31.87
53.7
29.07
29.95
34.34
16.83
26.37
30.78
43.25
45.88
39.96
23.85
40.95
26.08
49.31
29.54
40.67
56.6
40.52
26.64
25.19
30.49
39.82
45.18
18.07
18.94
24.18
66.58
56.83
24.44
30.63
32.49
29.66
48.23
44.72
32.1
29.24
21.52
30.18
42.15
57.87
37.27
42.68
30.63
56.69
36.93
32.64
40.44
46.8
13.4
22.13
58.84
22.29
39.98
12.99
12.99
49.39
31.42
28.08
58.02
26.67
21.4
54.82
47.22
24.54
35.53
41.94
63.06
47.52
28.64
16.99
26.6
40.39
38.69
13.38
71.36
39.92
30.58
19.08
19.76
38.64
40.86
52.8
50.49
28.83
38.4
40.89
40.21
42.32
37.52
36.09
34.41
48.59
48.13
30.73
34.45
12.35
15.86
28.07
50.83
28.0
36.77
47.58
33.51
12.1
60.65
43.19
40.91
40.2
28.66
63.52
58.62
25.65
41.12
59.98
28.8
32.8
21.71
44.68
53.88
36.78
23.1
26.74
30.56
20.66
44.73
0.0
57.57
42.99
28.55
23.77
23.57
29.38
32.13
56.06
48.71
51.74
0.0
17.6
50.13
45.0
25.98
38.79
25.36
21.05
55.67
33.22
41.26
46.4
40.21
49.39
15.68
69.9
50.94
21.45
53.78
39.81
44.79
35.05
58.62
28.6
36.0
34.3
42.35
40.08
54.93
50.91
16.48
69.5
32.16
12.82
23.71
55.91
35.31
22.74
42.88
37.36
25.64
44.45
30.63
35.14
38.07
43.5
35.13
34.53
39.57
67.66
59.17
42.96
40.07
25.76
46.82
18.44
56.23
30.41
42.23
67.4
29.91
27.35
32.56
40.74
42.96
29.86
61.79
28.08
52.48
35.33
53.88
18.41
55.45
25.03
31.13
25.32
43.3
22.49
22.54
35.46
44.24
20.22
51.75
13.83
24.35
41.48
24.89
46.9
19.45
42.3
42.65
27.55
31.08
63.59
28.79
42.39
18.54
13.86
42.13
57.83
45.49
63.25
54.93
42.5
43.55
12.99
28.74
42.72
40.89
48.76
42.36
30.98
41.85
18.94
21.17
41.01
28.07
19.59
33.22
74.27
34.62
32.24
24.4
40.22
30.25
35.13
57.23
41.12
19.44
43.36
45.86
50.77
30.33
48.67
51.21
35.53
50.62
28.97
46.13
28.6
26.29
43.45
44.09
54.4
29.93
52.53
20.4
42.39
28.22
38.69
19.82
19.9
26.75
26.5
25.55
39.05
37.45
38.06
34.69
24.24
41.91
47.74
21.12
1.612e-06
46.34
62.62
44.76
31.02
51.95
35.21
19.23
36.86
32.7
28.73
24.11
49.92
27.1
35.01
48.21
18.16
36.45
39.89
26.66
62.05
24.24
20.25
29.7
54.71
41.52
32.76
46.07
14.74
12.42
30.97
36.74
19.35
17.09
19.6
36.39
35.85
12.38
15.01
57.48
48.16
43.67
23.13
33.22
23.34
73.92
52.38
36.17
56.95
65.62
27.75
38.7
50.23
20.28
34.88
55.91
23.59
27.72
23.56
70.45
52.21
24.63
25.92
28.86
36.73
24.66
31.31
58.9
38.65
18.19
28.34
39.81
18.12
26.44
26.58
35.1
31.82
39.68
39.64
28.61
30.52
43.93
39.42
50.24
11.7
25.56
26.58
18.68
35.15
56.69
22.03
31.97
27.84
36.48
36.98
27.9
10.8
37.87
35.26
50.06
24.42
42.22
33.18
31.27
23.95
14.58
36.33
22.05
30.01
29.1
55.64
73.0
24.29
63.31
33.86
16.08
12.87
15.77
20.4
44.22
22.85
31.36
42.96
46.98
22.24
23.35
51.06
49.48
39.68
40.18
40.05
22.99
33.95
30.54
42.54
37.35
27.94
46.57
35.21
30.15
28.95
54.87
30.43
35.72
34.43
25.09
39.58
47.98
58.57
38.8
43.85
41.72
43.74
28.42
34.62
21.84
17.54
19.7
27.36
10.35
33.08
53.78
36.19
37.88
35.56
57.16
19.46
23.68
45.18
58.02
17.98
55.66
28.96
24.5
42.19
40.7
12.5
41.58
51.15
17.22
50.91
61.77
30.79
22.2
19.28
29.33
49.75
41.04
42.55
53.17
30.47
0.0
31.65
35.87
33.12
20.02
46.52
28.57
25.36
51.16
39.84
14.63
38.11
43.33
19.72
0.0
55.67
27.9
63.81
33.12
24.28
36.69
29.3
43.08
29.08
44.58
55.19
19.4
21.52
54.4
34.94
49.96
38.87
62.21
14.21
27.09
55.84
37.13
48.2
32.86
21.37
43.05
50.22
34.8
14.93
50.68
40.78
12.25
34.59
46.65
20.67
45.24
45.75
56.52
0.0
49.55
38.22
27.36
56.2
1.304e-06
46.43
48.46
14.96
17.24
32.47
35.69
21.91
33.08
18.68
51.87
49.05
42.89
36.23
67.7
28.57
30.73
43.88
19.41
59.23
61.04
42.75
24.79
23.19
40.45
36.9
0.0
44.71
39.51
53.59
24.87
19.95
14.9
47.65
22.24
33.02
69.65
29.28
49.95
40.05
47.27
37.56
49.67
48.59
29.29
27.08
35.28
41.7
45.36
32.9
65.01
19.34
67.62
26.51
50.8
40.4
26.91
37.04
41.34
24.79
46.98
14.03
32.75
17.43
49.79
28.78
54.32
36.8
20.87
58.8
48.26
44.17
24.86
12.04
32.64
53.58
23.36
50.66
40.36
48.72
48.72
58.79
56.47
16.11
19.06
30.32
29.05
27.27
37.74
26.92
28.25
38.33
37.55
14.55
42.59
38.83
16.19
44.41
12.56
44.81
12.15
16.5
51.19
41.76
20.85
68.18
32.33
62.34
28.24
38.6
63.39
70.63
42.47
58.01
29.23
57.27
43.06
36.86
46.41
36.89
36.67
22.09
47.07
32.09
56.22
39.79
66.13
37.89
0.0
43.97
63.35
33.68
49.55
25.39
43.9
45.38
42.19
44.25
43.72
28.73
35.4
26.01
47.12
36.63
28.52
36.76
10.64
33.26
63.38
35.7
0.0
40.11
40.88
28.33
50.15
26.99
46.93
50.97
26.04
56.48
44.42
19.22
53.8
61.39
43.43
29.39
38.99
20.39
33.39
43.71
62.73
54.24
39.45
41.89
41.77
51.21
32.35
53.96
48.48
42.09
57.33
12.53
30.67
58.69
46.91
22.7
29.51
36.33
54.02
25.62
18.9
43.29
18.9
48.77
40.58
53.55
38.0
48.35
36.73
18.07
60.09
43.5
42.43
47.47
51.12
26.26
19.57
38.86
54.58
45.04
30.3
34.83
36.7
45.44
22.48
60.92
15.09
51.41
25.66
50.7
34.13
32.63
51.86
48.9
50.36
27.05
56.36
39.26
25.07
42.76
52.2
39.17
50.83
22.93
30.39
30.87
19.73
31.68
16.57
15.78
22.08
37.48
38.43
44.74
25.5
44.02
36.12
18.21
52.25
27.68
24.71
11.27
34.87
32.91
49.19
32.61
23.12
34.52
48.06
35.26
35.39
53.26
46.65
37.52
12.78
43.5
41.36
58.63
40.3
56.43
31.99
40.02
45.64
59.17
58.65
57.89
31.22
66.74
31.72
35.18
24.34
15.86
34.5
12.56
46.2
49.13
74.78
36.94
31.39
37.53
28.0
49.37
42.37
17.9
40.21
41.51
50.49
25.79
65.04
56.49
0.0
46.34
22.42
28.33
56.33
18.51
49.93
34.4
42.68
33.6
48.74
21.65
30.99
27.53
44.72
25.51
37.73
15.41
39.16
20.58
54.34
36.34
69.16
28.79
40.75
45.2
23.57
30.42
43.15
39.35
54.42
24.67
55.99
33.05
34.22
23.74
55.46
60.34
30.54
41.54
50.8
31.26
22.44
39.69
21.38
39.12
60.48
61.05
39.04
25.35
41.29
48.28
11.05
45.46
12.56
33.1
23.91
55.6
33.5
56.0
9.902
30.74
24.86
52.96
39.35
53.15
50.38
51.53
32.04
32.67
39.32
29.86
12.54
47.14
46.18
28.77
42.93
46.53
53.22
51.38
19.04
28.05
49.15
44.62
37.64
51.85
30.52
15.23
40.44
16.1
66.59
37.69
33.76
18.96
44.86
48.36
16.06
26.44
15.87
20.11
54.28
49.22
30.01
40.05
50.89
57.98
48.12
43.33
31.7
69.64
52.86
53.66
61.5
42.32
24.78
31.27
44.42
52.16
25.21
22.84
19.79
43.64
39.51
16.28
0.0
31.59
0.0
52.12
37.1
0.0
16.37
31.95
0.0
33.1
25.97
22.38
47.36
24.53
26.99
31.61
22.47
0.5
28.24
22.16
34.31
29.77
26.71
30.44
31.51
0.0
33.85
38.23
37.6
27.57
38.03
25.84
19.52
39.58
48.55
34.22
49.61
29.69
27.82
36.67
25.7
38.24
32.54
14.53
26.99
19.72
28.62
0.0
32.87
16.83
9.082
21.17
43.13
22.7
33.08
31.59
32.06
41.72
42.05
7.357
31.38
25.01
25.95
23.36
38.09
20.89
34.43
37.45
17.68
33.2
29.16
27.01
22.43
38.93
19.11
34.22
35.53
26.41
27.39
20.25
0.0
32.45
0.5
26.64
48.48
39.82
27.94
38.11
47.77
25.48
32.08
28.44
14.93
28.38
0.0
16.77
28.21
33.63
27.92
29.64
30.41
35.45
43.72
28.95
26.16
33.27
24.38
28.59
37.29
36.34
27.3
31.77
40.18
43.23
32.98
14.53
20.08
20.62
21.6
14.77
34.18
32.39
34.77
27.77
0.0
30.74
45.87
18.48
28.07
25.07
0.0
16.68
22.86
24.69
24.18
36.02
37.83
31.02
37.2
29.16
17.2
35.38
49.8
26.58
57.84
30.12
30.27
29.68
42.65
24.62
38.47
33.15
28.71
42.47
37.1
27.07
17.47
35.58
26.52
23.49
15.8
31.16
46.45
35.84
0.0
36.27
31.23
17.53
20.68
38.15
35.55
29.67
30.42
39.94
30.83
35.58
30.1
27.21
33.24
0.0
25.29
0.0
29.73
43.19
32.04
21.18
35.47
40.29
47.56
45.21
14.31
0.0
48.08
44.33
33.88
38.41
27.41
6.678
27.9
33.77
9.769
27.4
26.56
16.79
24.42
27.76
0.0
30.76
16.5
46.28
38.68
29.6
24.89
29.64
28.62
23.16
54.6
22.28
16.93
43.31
57.51
26.52
35.49
38.83
10.51
38.23
30.48
34.87
44.17
29.4
0.0
36.06
35.3
21.68
32.33
35.47
6.678
45.02
37.04
11.68
40.0
21.62
22.94
27.34
38.93
17.83
15.33
38.33
11.94
32.98
36.54
26.05
33.53
18.06
41.57
38.23
29.58
13.3
42.82
42.59
5.242
25.94
0.0
39.27
29.83
21.4
10.53
30.63
18.15
32.21
33.88
23.37
0.0
38.15
21.02
14.9
37.44
44.6
26.52
28.21
24.24
0.0
36.12
30.92
0.0
0.0
37.04
36.36
35.36
36.64
31.51
33.2
27.86
14.98
40.0
28.95
31.51
43.22
25.73
27.73
11.46
27.01
16.68
29.18
41.48
35.94
13.89
25.01
12.65
17.68
48.03
27.21
35.38
0.0
28.24
20.54
21.4
25.55
35.59
39.75
32.92
36.98
21.87
17.89
46.71
48.03
34.44
29.13
31.34
48.44
30.64
20.66
45.87
21.08
5.242
47.54
27.21
9.082
24.01
19.44
21.84
31.06
23.37
0.0
35.59
41.86
20.83
30.21
41.31
0.0
33.08
23.03
20.28
49.67
14.96
0.0
56.81
36.38
30.4
30.23
26.57
9.082
36.04
20.42
30.44
31.73
27.21
22.51
31.64
29.4
18.68
28.46
46.53
14.97
42.65
42.5
17.41
24.7
19.79
21.41
38.19
31.86
23.97
30.69
44.06
0.0
32.32
34.7
39.17
38.23
47.13
35.55
21.04
61.98
0.0
35.04
42.86
28.85
26.01
45.81
26.82
35.59
29.4
23.97
48.08
21.43
0.0
55.54
30.92
35.55
34.51
26.51
27.75
25.01
48.89
26.6
39.0
30.09
14.98
52.92
18.58
13.63
40.34
37.43
0.0
34.54
30.57
14.17
38.49
31.52
0.0
25.86
33.37
16.68
47.2
40.16
24.25
48.85
45.01
30.81
38.3
30.26
37.9
38.34
32.15
39.26
24.99
42.4
20.21
39.36
29.51
25.5
34.06
34.83
24.29
25.8
17.31
36.68
32.61
26.12
33.0
41.69
13.65
34.73
50.07
35.95
30.11
1.816e-06
26.83
20.66
44.37
25.9
28.7
24.71
22.94
41.52
25.71
20.53
27.07
38.53
36.91
33.99
30.0
42.66
32.51
15.13
35.51
32.83
28.55
43.72
27.66
34.67
28.91
43.54
19.14
12.09
5.544
37.37
37.0
44.7
26.44
28.84
44.24
17.17
21.86
14.34
37.66
44.0
25.15
30.67
32.2
30.56
38.54
40.37
31.45
20.64
31.74
37.67
33.51
19.11
14.28
31.64
22.06
35.18
30.47
8.797
35.3
31.92
27.4
32.4
28.1
24.39
25.76
31.4
24.74
39.79
17.4
27.08
23.65
15.92
33.52
27.21
29.28
31.0
38.05
24.2
31.45
17.12
35.19
35.07
37.08
28.86
37.36
38.8
27.38
23.5
18.85
32.43
32.22
21.0
29.01
23.83
19.75
34.12
16.15
30.6
25.41
30.65
35.89
23.36
34.19
28.82
37.15
24.43
38.83
27.73
35.19
31.28
33.69
23.37
39.73
15.4
34.88
18.78
38.1
28.34
27.95
30.45
18.6
23.46
28.72
40.7
30.93
28.06
29.89
38.85
28.32
34.72
29.36
29.81
19.79
39.79
27.83
36.61
45.49
15.13
37.9
18.91
14.99
28.26
21.14
42.05
35.13
19.53
22.14
12.91
35.93
34.32
24.56
29.03
25.7
23.0
30.67
31.59
17.97
28.16
35.95
29.21
33.81
11.66
31.53
27.45
17.14
22.97
21.63
25.96
39.82
29.77
37.97
38.42
15.57
43.7
40.81
34.69
20.63
44.8
43.52
16.48
17.67
35.48
43.9
19.39
35.88
22.31
37.33
24.57
36.19
39.18
2.744e-06
23.02
26.64
46.95
35.98
32.34
28.01
18.57
20.17
22.79
36.33
23.21
21.67
38.88
21.81
35.94
42.38
42.01
24.96
30.01
38.46
33.64
27.8
33.35
12.74
29.75
24.81
32.26
32.81
41.87
34.1
25.53
23.77
26.58
43.71
30.07
24.63
23.36
30.4
28.16
24.64
37.28
19.79
34.4
36.52
37.09
40.5
34.05
33.67
22.19
29.8
28.02
27.72
32.86
14.93
36.27
31.74
36.48
33.91
32.48
40.31
31.53
31.36
36.86
22.1
22.16
23.98
37.43
28.26
27.76
29.44
21.98
26.46
25.96
57.35
29.24
23.5
39.28
19.12
30.51
25.66
42.02
24.11
32.59
27.27
37.31
41.17
35.44
37.95
31.14
14.57
36.09
39.22
21.0
25.32
24.4
51.0
37.05
23.52
33.04
25.89
10.25
27.69
42.77
30.95
26.1
44.39
25.53
29.1
28.28
35.79
34.87
37.27
22.74
40.13
26.36
34.93
28.36
18.92
31.47
42.0
29.2
39.49
31.58
28.99
26.27
28.49
34.91
38.56
20.53
18.44
25.84
31.41
40.72
33.41
38.52
35.91
32.2
16.33
30.56
29.99
16.18
40.84
27.54
21.49
21.75
32.57
25.23
24.05
39.6
30.22
25.43
33.23
12.06
42.66
44.72
33.1
25.83
23.29
27.74
26.47
19.86
38.6
26.64
22.14
31.67
28.6
35.97
30.92
29.51
22.68
23.72
28.87
30.32
39.13
44.0
40.6
29.79
42.66
11.76
25.5
25.66
32.99
19.62
28.81
27.05
37.48
26.34
39.98
32.76
23.49
28.66
39.49
29.35
27.98
37.12
44.7
21.97
36.78
21.73
32.75
31.44
28.38
28.53
31.12
38.6
34.4
35.19
18.61
33.52
33.36
29.57
30.58
39.12
33.29
44.32
31.18
51.72
35.26
37.07
42.04
24.59
25.23
28.65
21.97
37.75
18.15
22.56
51.53
20.47
43.28
45.28
20.11
19.08
28.12
42.38
35.13
22.6
16.47
34.23
40.55
38.12
29.77
27.15
38.57
31.08
23.74
29.11
21.59
23.34
26.0
32.23
29.99
31.33
19.83
35.84
24.8
39.41
31.62
35.03
31.03
35.94
30.2
22.5
30.13
34.48
31.77
31.1
23.32
43.19
12.21
23.99
23.06
33.2
38.72
21.48
44.23
23.86
34.3
50.66
29.35
29.21
35.21
36.34
34.88
24.99
40.14
34.07
32.1
37.63
30.35
28.96
38.36
39.21
34.05
20.44
17.09
7.363
19.05
21.83
29.86
15.44
25.67
38.73
25.01
43.24
45.43
16.82
18.57
27.78
15.96
23.67
39.22
37.88
25.2
38.2
27.05
20.56
36.59
19.54
35.24
23.54
26.65
23.23
11.16
25.81
44.44
34.38
37.53
40.16
51.04
32.39
31.15
44.76
39.17
16.98
32.03
25.9
9.049
42.94
36.0
34.74
32.53
34.13
26.25
23.73
37.12
39.84
21.61
40.59
22.68
27.26
24.1
26.55
26.67
30.99
56.58
16.57
22.24
34.36
13.12
20.45
28.79
35.85
30.32
25.44
25.92
23.63
32.53
39.91
14.31
23.37
23.75
35.48
39.24
32.28
24.98
34.15
26.5
27.71
27.08
41.1
29.34
33.21
28.91
38.48
24.34
32.76
26.02
29.75
39.9
35.67
28.55
16.59
16.01
11.31
36.54
34.27
45.8
45.25
38.94
37.53
33.13
31.34
34.17
17.56
28.3
35.65
22.68
22.59
39.89
22.56
23.96
18.22
35.31
25.24
27.73
30.73
18.04
24.51
33.85
47.38
21.8
37.67
41.64
25.61
31.0
43.58
34.41
29.94
26.32
33.57
13.81
26.23
37.52
32.37
18.93
22.52
34.09
29.54
16.03
52.97
35.18
17.27
31.08
31.28
31.72
26.08
32.52
26.19
35.07
30.2
31.19
11.24
23.7
28.55
28.08
34.02
25.68
20.66
37.03
25.43
29.68
19.15
38.09
35.97
18.95
30.92
16.66
29.82
27.78
18.75
39.74
37.53
20.08
35.7
33.08
40.55
21.37
25.42
36.81
33.98
34.04
41.91
18.61
14.45
23.51
14.68
32.07
33.54
41.79
23.05
25.12
30.29
33.26
20.71
30.97
19.13
34.84
33.06
31.7
27.83
44.77
28.61
39.21
39.04
35.27
28.64
21.78
25.57
41.31
19.6
27.36
31.05
32.14
32.42
23.26
27.11
29.73
36.65
32.37
27.5
32.02
25.07
21.31
24.83
30.69
34.12
22.06
29.78
51.49
45.81
42.55
27.12
26.6
22.0
43.76
30.69
32.98
19.58
29.33
35.17
33.4
44.74
34.69
29.78
27.45
27.03
29.36
12.91
37.9
28.92
15.42
26.32
28.06
28.02
31.73
13.78
14.19
39.85
48.03
23.41
45.99
29.7
31.95
30.59
0.0
26.21
28.47
12.02
34.61
20.6
24.4
34.64
31.13
15.07
43.94
23.0
33.87
21.74
21.25
20.31
41.65
19.08
28.25
28.46
20.25
16.55
44.66
25.96
21.9
29.3
38.9
31.12
30.89
14.31
32.54
32.94
15.72
43.61
44.4
29.71
27.42
19.43
28.5
36.96
43.52
22.84
28.9
46.9
25.73
26.0
20.65
33.05
24.32
34.63
27.68
21.73
29.15
39.5
31.76
26.95
42.7
43.88
44.97
41.16
35.04
40.48
34.62
50.74
29.74
26.09
32.54
42.99
39.68
21.36
28.1
36.64
34.6
33.34
31.36
28.67
8.019
16.55
24.84
36.85
21.93
30.54
27.05
25.55
21.26
37.29
21.39
18.14
32.62
37.99
25.42
36.72
41.43
27.31
25.81
36.81
30.22
28.77
13.15
32.94
35.49
30.31
26.42
22.27
31.57
26.85
29.88
31.86
42.93
38.27
30.15
29.07
12.87
41.81
30.24
29.05
38.74
33.77
33.7
28.43
27.43
34.16
23.68
22.0
35.87
23.33
35.74
20.45
23.76
25.03
42.96
36.5
39.34
32.97
33.0
41.12
22.58
31.44
26.13
26.14
14.52
38.29
28.57
27.85
22.44
16.64
30.2
29.59
50.22
38.63
26.09
19.38
38.03
36.91
33.18
23.49
31.74
33.68
28.07
37.53
25.23
24.39
18.86
54.06
13.99
31.22
32.06
35.82
34.0
31.86
35.02
28.66
31.01
32.22
19.63
27.14
24.72
25.7
13.52
44.66
30.8
29.39
41.44
45.83
44.55
21.02
17.76
26.72
26.64
29.15
38.68
35.92
25.8
43.54
16.71
1.778e-06
20.35
20.77
29.03
31.73
30.71
32.97
35.62
18.59
47.01
37.1
26.82
21.04
15.3
20.36
32.54
20.9
50.04
39.69
24.62
28.3
53.33
35.28
35.48
36.84
36.82
22.54
28.14
52.97
57.34
25.86
36.66
23.72
19.47
42.33
37.89
28.79
29.58
36.16
14.31
40.33
31.48
15.64
46.42
25.78
22.62
34.61
26.53
17.15
42.18
32.33
10.36
51.58
32.89
18.31
42.58
34.65
26.17
38.86
56.43
35.45
63.5
41.56
22.74
35.57
35.28
27.36
33.78
24.46
20.65
62.1
51.07
21.79
38.83
41.96
23.08
35.49
29.42
18.01
39.19
28.71
21.83
44.94
37.56
26.9
35.59
37.44
26.43
28.83
25.9
21.83
32.11
42.17
25.59
62.3
28.57
50.56
42.4
25.83
22.42
37.06
34.91
20.16
52.11
22.29
21.16
39.66
23.4
22.71
32.96
22.33
30.1
41.54
31.69
19.36
41.83
27.13
15.95
37.99
35.72
44.0
46.38
15.84
16.71
54.36
23.83
18.17
52.87
50.68
21.29
29.49
42.19
27.41
40.0
46.03
15.18
31.6
36.46
16.13
29.6
28.7
34.2
48.33
25.07
20.37
38.6
24.57
15.78
54.61
30.83
31.73
34.82
42.48
32.91
30.96
28.11
20.88
64.63
27.36
28.58
55.26
20.89
34.92
49.24
53.43
22.98
36.19
45.42
23.85
62.27
26.43
33.27
48.49
28.58
21.67
40.3
21.3
24.99
30.9
29.02
17.82
37.93
46.51
13.2
41.33
44.23
22.23
46.51
30.16
37.6
36.06
29.61
25.14
30.5
28.26
25.69
28.44
30.81
21.17
65.36
28.87
31.22
34.14
33.49
28.91
42.83
32.93
12.83
41.93
30.58
28.44
34.09
19.62
40.48
42.24
27.71
30.19
50.77
34.56
9.606
66.28
33.59
17.92
47.3
27.27
24.6
68.65
28.71
18.28
43.69
30.69
29.77
60.51
34.09
12.86
42.88
30.19
19.04
34.89
31.22
24.99
47.53
19.82
16.83
52.1
25.28
14.05
52.11
24.98
12.55
54.53
38.81
16.93
52.82
34.5
12.54
42.84
32.17
23.34
40.13
28.47
41.88
32.38
51.0
31.04
51.75
50.79
30.61
27.45
28.1
12.49
45.74
66.84
52.66
29.72
56.43
29.38
29.23
31.64
28.36
44.92
30.16
28.42
49.4
38.81
41.86
23.86
32.21
30.35
39.92
37.86
55.49
29.61
47.5
25.27
54.45
31.61
40.33
32.32
46.46
37.78
53.87
28.12
47.8
30.16
40.77
35.62
55.29
22.29
26.88
33.57
34.8
27.67
38.37
42.31
34.71
45.81
40.94
33.49
33.41
41.94
34.32
18.42
52.72
32.89
40.5
17.05
33.5
20.37
24.72
41.23
34.79
42.75
25.03
38.61
40.25
45.2
23.94
33.71
77.01
30.19
35.4
51.19
17.33
17.98
33.62
37.67
74.33
18.14
39.52
44.27
48.51
30.82
27.83
30.74
38.0
19.21
40.68
48.03
24.28
27.17
35.51
35.09
33.55
32.5
37.37
42.27
35.22
46.57
44.54
40.14
36.57
2.207e-06
62.04
12.12
61.64
45.39
37.86
19.34
43.74
47.31
19.12
62.5
51.61
38.57
47.45
51.12
36.87
45.26
54.21
62.72
40.05
31.14
39.19
24.31
40.12
43.3
26.72
38.51
39.43
30.0
60.65
24.57
27.73
39.44
51.54
25.84
29.11
41.17
44.75
40.27
46.56
28.7
52.94
21.78
35.38
32.5
31.0
32.04
19.66
22.02
38.18
39.37
38.99
42.27
13.88
32.04
57.57
62.19
40.87
27.72
28.7
34.07
24.05
9.39
24.1
67.01
34.17
23.39
43.98
46.69
22.98
42.55
4.951
48.01
29.87
32.46
59.24
32.54
28.4
25.26
31.62
31.56
28.26
29.72
29.0
18.81
48.38
49.9
31.96
46.37
27.89
23.34
43.83
52.71
42.46
20.37
48.99
26.68
14.34
35.64
24.76
71.1
42.42
12.86
26.64
57.6
68.41
41.62
40.72
30.26
42.35
53.73
74.1
41.66
39.62
51.13
25.62
51.91
48.4
48.63
23.77
54.93
27.97
28.97
34.67
23.86
22.22
34.19
40.93
47.15
35.93
37.66
31.17
22.26
14.52
12.91
37.34
45.58
24.24
28.33
23.75
31.94
37.95
22.86
24.7
30.71
57.14
27.13
43.37
33.94
1.304
72.94
17.9
20.67
78.54
34.89
19.81
57.12
40.38
45.25
44.88
31.79
8.066
32.42
64.86
25.38
13.96
18.83
28.09
34.35
46.3
32.75
44.89
21.64
0.0
45.8
40.11
12.92
36.61
25.4
59.87
25.02
57.66
56.64
37.05
70.07
26.33
29.97
27.05
77.07
32.03
39.54
50.37
46.71
37.47
23.77
40.09
0.0
29.29
28.22
23.51
29.82
42.62
42.53
40.93
38.79
42.64
25.26
45.73
15.61
27.31
29.83
44.56
19.54
23.52
33.21
31.53
17.83
64.07
30.77
50.32
29.49
19.72
68.44
44.78
22.04
24.09
34.09
40.15
20.19
48.36
37.6
54.63
33.27
29.64
45.55
46.94
25.9
25.91
31.76
24.18
36.42
75.36
50.79
30.9
24.71
25.15
41.13
26.29
25.13
31.2
34.08
40.9
80.21
18.92
48.04
37.05
32.43
26.42
46.99
28.27
33.11
39.47
0.0
52.26
41.4
26.85
42.39
41.41
46.64
28.04
16.94
23.5
19.97
37.78
35.8
19.95
30.84
26.97
45.92
30.02
32.05
34.38
40.47
28.17
29.55
49.65
27.31
48.43
52.72
43.58
59.59
64.63
47.65
61.42
56.55
15.52
36.82
39.42
47.09
22.81
40.84
37.86
29.78
21.78
41.86
16.1
48.94
28.88
28.36
34.12
36.65
44.08
19.66
13.92
45.35
53.28
34.58
26.65
45.28
47.86
12.34
35.31
46.14
20.34
39.22
47.41
40.73
36.51
33.39
38.27
34.58
51.19
44.25
32.51
24.68
17.69
18.91
52.19
47.98
30.5
41.17
21.76
30.22
32.53
35.74
19.67
39.4
38.01
12.86
23.11
24.96
0.0
53.19
19.52
34.43
30.02
43.59
13.16
33.21
31.84
28.29
45.17
39.99
40.32
34.09
12.06
45.79
15.84
31.63
46.19
22.65
21.57
29.02
32.57
38.57
40.34
52.69
54.19
26.56
30.91
1.819e-06
44.91
20.9
31.47
53.23
50.9
24.1
42.23
50.83
20.11
22.04
46.1
38.23
40.38
41.52
44.41
32.66
35.24
50.29
42.45
31.36
34.56
35.56
63.94
40.53
67.5
26.22
16.02
43.2
49.45
17.63
24.98
37.32
52.65
30.16
55.31
33.54
44.54
33.39
21.36
61.71
23.64
31.45
18.16
35.52
38.46
26.72
60.04
41.53
36.04
41.11
34.06
39.52
20.95
18.68
31.64
19.27
26.41
37.15
20.5
40.29
30.98
50.73
35.31
35.38
28.9
47.12
26.53
43.51
19.69
39.54
34.41
38.67
19.68
52.84
0.0
21.94
21.94
16.8
25.08
34.63
26.16
30.87
18.68
30.24
52.32
10.26
30.27
44.23
41.34
49.42
30.0
37.69
29.94
38.9
55.34
35.19
22.84
42.9
54.01
36.61
26.85
41.12
39.51
40.89
60.16
15.64
30.76
52.55
32.46
42.13
32.7
41.9
33.9
46.21
66.46
16.8
28.0
1.269e-06
18.13
38.11
60.32
41.49
27.04
34.87
23.81
21.59
80.63
36.23
39.93
50.07
25.32
42.98
38.47
30.6
27.36
59.33
55.02
29.72
26.07
40.62
42.52
41.54
39.0
45.43
20.84
52.24
28.63
45.63
47.37
25.92
39.66
0.0
29.23
29.79
45.12
33.92
36.83
16.83
43.31
55.52
39.88
54.46
21.37
68.84
34.08
55.01
49.42
50.7
63.58
34.11
20.82
34.27
0.0
33.19
47.03
34.35
27.39
17.09
29.09
30.52
38.62
26.24
14.6
38.38
40.36
60.56
19.45
45.23
33.02
29.7
30.56
23.61
50.13
28.01
56.36
30.09
20.87
26.76
48.65
29.75
28.43
37.52
18.21
23.45
29.44
14.59
26.05
29.42
31.66
26.01
25.29
37.42
40.38
19.33
39.48
33.87
37.65
32.38
27.26
50.23
21.96
21.79
30.06
26.93
38.03
30.86
0.0
29.67
45.01
31.16
22.62
51.95
36.95
44.7
37.29
52.46
53.56
34.41
37.09
21.15
47.34
53.31
29.09
17.82
42.86
29.07
34.58
37.62
42.05
46.98
41.25
19.83
43.57
24.41
59.81
23.68
27.88
21.57
33.58
44.86
42.76
40.34
13.06
27.84
46.1
45.95
43.54
23.48
27.91
16.35
19.69
55.62
42.67
44.02
58.35
23.31
24.01
18.55
20.94
30.47
49.9
35.06
19.12
55.39
24.17
27.96
33.99
54.83
35.12
45.68
16.41
47.17
29.56
26.78
32.83
22.02
38.24
3.36
21.41
5.962
29.74
0.0
31.13
31.25
31.19
25.62
8.083
28.85
37.31
50.81
48.03
47.1
51.75
12.51
39.29
26.44
37.6
35.35
48.78
23.63
33.97
38.57
54.01
5.894
41.23
27.01
56.1
38.88
49.51
37.85
32.8
29.84
18.77
31.9
43.99
42.12
20.41
25.65
49.47
38.28
43.39
26.67
23.46
19.83
18.09
41.7
43.74
19.04
29.37
18.32
37.08
51.63
32.72
31.48
18.68
40.91
23.73
19.82
49.04
24.68
77.72
24.45
46.04
26.8
33.48
42.73
35.03
26.54
39.05
39.18
45.79
33.3
51.29
34.39
30.59
19.96
43.74
29.18
47.32
18.16
40.74
35.81
40.26
34.33
54.25
40.07
15.73
31.0
24.63
23.22
20.01
38.27
22.53
31.35
20.35
56.87
46.0
39.7
19.48
61.62
52.33
39.45
47.37
44.62
0.0
29.41
37.1
47.4
60.75
48.11
9.121
34.94
19.84
36.0
58.92
11.93
5.454
43.61
18.48
62.17
12.58
23.3
22.74
28.63
32.65
48.67
55.07
25.4
28.12
44.41
48.69
31.99
21.35
44.55
25.12
55.75
37.8
42.55
31.4
7.532
15.06
44.1
58.31
45.24
24.72
66.49
42.25
0.0
34.86
41.91
32.9
70.89
33.3
27.48
62.12
17.51
45.3
50.09
30.61
43.73
21.73
26.27
45.09
23.72
27.16
46.39
60.9
37.14
70.33
28.63
44.21
46.44
42.76
37.01
28.38
35.03
26.23
41.34
43.72
27.59
42.17
40.71
26.89
31.26
27.62
31.64
28.38
39.5
31.5
36.83
35.62
16.49
39.52
40.13
26.08
39.28
25.71
41.52
25.19
0.0
35.16
44.59
33.18
31.02
60.78
50.06
36.3
18.55
30.03
41.54
38.66
78.33
18.17
40.18
33.61
51.66
34.31
36.67
26.49
21.49
51.38
17.98
56.34
36.79
25.35
34.03
44.82
26.74
37.95
34.87
26.73
21.96
13.57
54.48
29.0
43.17
46.88
69.42
32.65
13.95
37.04
17.05
23.3
25.86
24.96
33.04
54.69
55.13
38.48
78.62
36.47
35.05
46.11
24.86
60.03
26.21
36.55
68.95
44.41
16.41
40.38
24.3
16.59
33.93
39.79
15.21
49.68
24.15
33.2
45.65
25.12
33.14
36.42
25.57
10.87
42.14
19.71
14.05
33.67
17.64
36.21
48.28
35.91
22.36
45.55
27.52
36.65
32.17
64.46
43.87
16.16
41.9
32.09
18.16
33.44
40.14
44.34
17.53
11.5
17.0
5.261
25.87
28.07
25.26
34.83
25.23
67.89
20.3
37.6
17.0
24.99
30.04
13.76
57.52
32.42
42.42
40.22
31.09
39.11
44.1
45.23
28.16
20.49
50.49
31.32
26.4
56.93
48.14
39.52
24.59
50.8
22.53
27.59
50.39
27.58
32.15
36.25
40.9
54.54
22.58
30.07
20.64
36.63
22.71
35.59
19.29
24.58
50.31
34.94
20.26
41.51
22.04
12.0
28.87
36.34
59.52
29.49
42.88
37.65
35.95
24.22
26.67
49.46
54.74
54.6
17.16
35.54
34.59
43.42
40.22
49.71
27.31
39.37
0.0
30.91
17.41
21.23
21.41
14.52
53.35
34.67
39.05
41.92
22.3
32.2
41.53
25.51
31.76
55.47
42.66
9.285
20.65
16.14
34.78
23.9
41.16
41.96
60.32
31.16
12.79
29.15
39.28
30.51
20.99
63.48
13.11
57.28
40.85
36.18
38.68
34.37
30.38
18.98
40.56
53.03
31.93
48.17
19.12
25.8
17.07
31.51
39.0
66.38
53.82
57.47
37.4
15.29
31.79
50.67
25.36
60.27
41.87
15.57
24.46
29.55
43.12
43.03
60.89
69.87
33.11
30.28
53.65
23.76
2.56e-06
22.46
49.05
38.45
24.25
34.37
23.43
34.77
37.63
38.72
19.86
21.83
48.44
0.0
47.43
41.42
59.93
32.45
26.4
71.58
37.79
25.94
45.8
13.94
45.36
35.8
43.47
16.73
64.44
25.52
29.63
35.12
19.31
17.99
46.25
25.54
0.0
72.28
50.85
29.58
58.19
35.33
27.42
44.77
53.76
33.66
32.27
17.54
12.48
48.05
19.28
50.65
34.44
14.77
43.86
0.0
32.91
65.16
63.74
44.76
41.44
45.28
41.08
61.26
5.873
31.98
35.82
31.6
21.67
58.91
28.45
52.04
57.43
49.59
40.04
19.12
14.97
41.41
22.66
0.0
42.1
26.76
36.26
24.43
44.23
28.76
40.82
58.71
60.44
28.33
19.63
52.08
63.73
17.84
57.04
40.81
0.0
25.64
28.96
28.53
52.53
58.36
16.25
32.41
29.49
27.18
21.49
67.98
27.13
49.67
14.92
17.17
50.73
42.46
29.41
39.36
31.61
52.26
36.59
28.7
35.87
21.14
38.95
26.0
42.48
19.88
49.21
58.37
16.45
39.03
6.186
30.31
37.69
31.11
43.74
20.23
25.83
41.83
50.21
34.5
37.33
41.52
48.04
35.83
16.93
41.55
34.99
22.06
59.13
12.56
42.99
3.08
15.44
18.24
41.08
27.44
32.57
28.71
47.61
65.67
32.35
37.02
17.68
33.16
0.0
8.063
50.99
34.96
22.26
26.49
31.57
22.76
13.04
19.01
25.11
16.03
57.57
60.41
54.81
51.68
51.36
43.76
74.19
57.58
14.84
39.69
55.78
68.26
20.88
55.55
43.29
40.32
37.46
18.33
32.82
37.6
35.6
25.24
30.06
34.06
55.47
37.07
54.26
48.21
41.48
34.54
62.41
26.07
41.18
64.05
20.97
54.8
36.18
41.9
35.51
25.33
26.78
41.39
27.02
28.15
13.96
59.49
41.24
21.42
35.24
30.01
58.52
37.43
54.11
44.38
30.83
20.3
16.52
32.78
62.87
23.14
24.92
61.19
52.22
47.0
34.21
16.01
59.04
65.72
30.59
69.66
66.55
28.56
39.87
45.91
35.62
21.51
49.7
30.87
38.07
11.68
45.96
44.88
37.49
10.75
35.24
23.95
52.86
24.58
49.56
0.0
53.52
34.55
38.73
13.37
46.86
38.54
35.44
19.42
29.48
38.1
38.29
50.48
30.98
26.78
38.91
59.85
26.44
37.22
41.52
61.64
49.31
52.8
27.63
48.24
33.24
29.92
27.14
29.51
45.21
30.12
57.54
33.12
14.55
31.25
41.75
56.5
55.23
20.16
50.45
28.78
39.13
45.34
63.98
29.8
45.31
20.15
27.06
25.99
37.9
28.01
28.73
56.96
52.75
22.64
81.84
28.16
18.11
42.54
50.46
76.26
29.15
2.782
29.31
26.74
27.39
12.56
16.18
30.87
25.22
42.78
17.64
23.42
32.96
48.76
20.58
41.31
59.82
36.12
22.44
13.46
41.82
40.06
36.19
30.85
17.7
50.19
30.73
37.81
16.24
24.21
39.27
50.48
51.42
46.52
60.8
25.39
24.59
23.89
19.96
37.75
35.53
59.81
49.9
50.22
46.07
22.44
45.89
64.9
35.02
40.45
29.46
51.1
43.53
21.77
19.61
16.25
28.39
44.78
50.15
40.06
53.8
59.92
0.0
31.79
36.37
36.34
27.06
37.17
60.82
23.42
8.841
27.81
72.22
43.2
20.51
61.18
41.19
46.77
67.69
5.675
56.15
30.67
39.52
47.47
42.51
20.61
64.1
52.67
49.63
50.41
17.23
24.51
40.67
63.39
0.0
16.02
48.78
24.65
38.68
16.25
19.47
58.49
33.73
30.52
25.82
18.06
40.36
52.75
50.43
36.19
27.86
9.151
12.46
23.27
35.59
47.84
48.38
33.62
27.52
18.34
40.75
21.67
37.57
37.14
14.6
26.61
56.74
48.42
46.14
68.71
19.94
26.21
39.04
53.56
49.57
71.24
27.05
46.86
27.26
24.48
5.193
18.59
58.75
53.13
30.77
69.64
29.63
34.82
18.24
56.12
1.519
27.9
57.89
37.3
27.49
40.27
0.0
52.8
36.22
39.91
55.21
50.95
16.25
41.02
51.44
69.39
48.62
30.37
21.98
26.91
16.29
25.79
38.83
29.92
46.69
27.71
36.3
67.5
41.29
40.24
62.16
34.66
27.57
16.21
28.34
27.82
34.96
50.61
49.95
43.52
54.13
38.02
26.11
34.37
34.95
16.37
31.34
46.4
12.94
32.12
11.18
50.41
24.14
46.89
38.19
2.751
31.91
22.49
28.15
41.39
29.43
23.77
24.03
26.9
48.56
25.38
31.43
24.59
46.38
54.18
18.16
19.88
57.89
58.27
37.19
28.39
45.51
63.61
13.91
20.44
37.71
34.14
60.86
41.24
48.44
34.7
66.33
42.78
44.47
65.03
49.43
43.85
54.15
36.68
47.54
31.93
13.52
53.01
19.26
64.7
30.09
32.71
37.29
0.0
23.15
44.6
25.2
20.55
47.12
35.26
41.39
29.12
78.73
50.61
19.59
34.29
38.1
51.13
60.35
18.02
47.38
7.063
35.51
0.0
7.436
54.57
52.01
62.33
35.99
28.54
14.27
29.45
14.94
19.99
34.61
46.3
31.14
20.19
48.11
34.83
55.94
40.35
40.04
27.57
56.45
39.1
56.12
50.78
49.64
37.67
59.01
22.46
23.27
67.25
42.28
16.41
0.0
16.47
22.75
15.57
0.0
24.23
23.95
0.0
23.9
19.56
24.82
14.79
14.65
1.435e-06
32.86
28.48
18.95
28.04
26.95
27.33
14.92
23.49
35.91
26.07
21.26
30.92
26.8
23.27
19.18
28.11
16.21
29.05
23.13
28.58
31.91
23.64
22.84
41.3
35.58
28.3
39.22
38.37
29.04
27.21
31.56
19.53
30.47
37.14
34.02
31.74
44.34
23.61
27.62
32.66
20.39
43.84
42.21
13.78
20.64
30.45
31.4
42.05
35.82
24.62
40.27
37.99
33.28
45.65
36.34
44.18
45.91
37.21
39.79
39.93
22.4
42.85
36.22
61.19
44.92
29.57
34.31
32.84
47.73
41.33
32.69
47.85
30.18
44.15
44.72
36.47
56.97
38.97
60.69
43.39
39.45
50.21
10.88
11.15
0.0
13.68
22.32
29.51
0.9287
21.06
21.35
30.81
3.617
13.43
21.16
22.32
17.67
22.46
28.04
20.04
28.69
39.12
35.86
35.99
32.02
23.6
36.28
39.64
26.6
28.75
45.48
36.71
31.7
32.29
46.81
25.69
28.13
51.11
38.39
28.02
38.19
51.22
35.47
34.81
31.5
32.73
46.93
28.07
40.09
52.9
41.35
45.91
41.78
48.69
42.04
45.25
50.36
37.86
50.67
26.27
37.1
42.75
57.21
37.81
45.42
55.63
45.14
41.93
68.82
60.36
44.16
51.71
49.37
47.05
57.92
60.24
47.03
71.03
41.95
54.0
50.44
71.27
44.23
40.62
54.1
43.19
74.42
57.08
59.85
50.55
55.74
65.43
53.14
55.0
53.86
51.76
42.43
80.53
70.47
58.25
62.03
78.99
