16.64
14.98
28.1
4.882
23.89
11.77
66.45
16.98
19.01
20.96
28.3
14.15
35.81
14.34
27.4
17.08
11.29
61.73
10.25
4.156
30.23
16.35
29.72
33.96
39.68
26.37
9.908
29.23
17.84
17.21
37.9
9.529
23.28
34.98
18.89
17.34
44.86
25.96
14.83
42.77
23.64
21.87
36.83
27.02
17.17
13.88
19.78
18.09
23.37
12.46
12.46
40.0
20.73
41.88
16.28
15.26
21.59
26.63
36.25
19.14
40.93
20.0
20.93
25.33
25.33
25.61
20.25
16.51
36.2
10.92
18.74
45.3
28.47
17.99
20.7
35.33
27.0
53.42
22.56
28.13
9.407
30.58
20.28
75.19
23.85
21.68
42.09
20.24
35.39
35.42
27.69
12.44
21.99
56.72
54.74
66.49
22.14
32.07
23.39
21.46
41.19
30.63
11.31
16.86
11.32
30.18
27.98
32.99
28.35
27.23
15.38
14.2
42.74
42.72
21.98
15.91
45.34
29.16
47.07
28.26
40.58
17.67
17.67
48.9
28.94
17.33
39.05
29.05
16.5
45.49
24.9
45.42
20.1
12.9
28.79
13.53
58.02
28.43
12.41
29.84
21.81
42.01
29.24
86.14
60.58
22.26
47.27
24.15
26.6
14.3
34.37
49.56
14.86
30.81
45.83
80.93
20.62
36.37
13.65
35.92
37.33
61.36
20.85
24.37
27.39
24.36
41.77
44.49
35.6
56.58
48.73
12.6
32.85
19.98
26.21
56.25
35.34
21.34
31.22
23.02
24.17
26.6
31.0
20.91
35.45
20.21
29.55
40.45
69.8
14.69
19.41
46.07
22.03
33.1
36.19
19.13
25.16
55.23
31.21
14.21
68.63
44.73
65.41
45.08
36.3
32.02
35.05
28.7
27.55
68.44
53.85
22.51
28.23
40.94
57.82
34.03
36.49
35.46
33.25
57.57
45.8
53.99
35.7
59.58
93.99
53.37
19.59
63.35
73.65
79.92
17.55
85.48
50.4
34.27
42.05
57.33
60.27
63.3
37.77
31.06
13.66
36.4
34.24
40.21
34.63
45.03
28.88
35.12
16.77
60.76
45.74
40.01
21.58
52.54
20.86
24.16
23.08
25.79
48.14
62.56
21.01
68.29
81.13
38.3
42.2
53.78
20.31
31.54
23.67
34.56
32.38
28.82
25.08
40.1
60.67
50.24
42.97
62.14
25.11
43.01
36.21
35.61
57.66
70.16
50.4
59.37
68.48
20.61
19.83
23.15
22.33
28.24
59.1
69.81
71.75
76.54
20.62
64.02
33.55
38.21
64.12
29.8
44.86
22.78
45.38
35.43
32.51
38.26
69.1
66.36
36.78
27.89
58.19
46.73
29.69
48.4
17.59
38.05
25.38
28.4
37.5
54.68
54.88
63.09
25.91
40.33
72.73
42.94
44.93
60.14
49.93
37.5
71.23
67.68
66.03
50.47
67.75
54.8
18.98
51.38
33.06
60.7
28.95
66.21
59.63
45.3
54.76
45.07
21.53
25.57
71.88
36.01
76.32
88.04
56.26
60.48
41.87
31.63
24.15
47.1
43.14
55.07
58.44
24.8
36.78
64.33
74.21
51.21
22.77
41.09
29.54
80.03
61.35
29.36
41.02
49.92
19.32
33.86
36.33
51.96
40.08
30.08
24.82
34.53
36.8
40.67
36.85
62.92
47.22
35.3
50.38
22.02
41.15
34.09
67.06
57.3
36.67
21.71
26.41
40.35
56.22
43.51
52.58
44.6
61.1
65.76
80.85
51.94
43.25
50.55
48.38
35.96
30.68
33.02
25.45
43.38
40.26
41.13
31.74
37.95
33.0
60.11
61.94
103.2
44.07
30.57
85.23
78.65
35.96
31.99
68.44
40.53
70.77
41.73
14.83
79.96
27.77
64.1
54.66
67.42
32.97
29.91
52.55
31.25
31.48
34.21
59.11
41.6
27.67
57.65
46.96
79.51
57.32
54.93
37.54
110.8
33.3
51.54
40.69
65.06
75.22
45.63
42.45
55.05
64.44
70.79
44.05
51.62
64.33
48.73
48.86
41.23
33.72
41.89
30.99
40.92
36.28
36.83
46.38
27.62
60.06
39.63
44.94
57.23
94.16
22.78
38.58
44.85
64.53
75.28
41.28
53.29
46.08
50.65
13.68
15.9
12.18
18.61
10.86
20.47
23.37
9.37
28.63
16.86
30.56
24.55
25.01
16.35
13.08
28.48
16.35
29.25
7.701
23.29
22.95
15.44
39.68
30.15
21.07
21.07
21.23
21.23
21.07
21.07
22.15
25.96
20.6
10.98
17.52
19.8
13.14
27.48
35.57
24.24
26.67
9.529
48.06
21.46
19.2
28.57
47.41
11.19
26.73
73.22
12.99
19.88
26.01
7.348
28.69
29.32
19.39
21.97
28.35
21.0
12.33
17.63
28.77
15.26
13.12
31.14
24.17
22.14
29.32
27.32
11.81
24.73
19.38
33.58
21.8
35.78
19.17
26.89
25.37
12.66
13.14
20.26
62.81
74.62
39.03
22.8
15.97
19.45
16.99
19.45
19.45
28.27
16.21
17.48
23.35
23.53
50.91
32.5
15.31
21.28
12.44
29.17
40.68
56.72
50.45
35.69
11.41
38.05
68.28
40.0
38.97
38.97
70.47
22.13
32.3
9.629
66.3
20.25
33.49
31.18
21.37
24.57
21.76
27.57
31.18
23.23
27.35
36.61
14.98
23.52
29.91
24.1
20.51
67.59
24.02
29.84
58.52
58.74
18.02
42.44
15.29
65.71
54.08
46.27
31.44
33.84
19.72
35.5
35.53
36.39
20.76
16.84
23.85
36.89
19.38
32.77
45.77
24.03
18.29
43.51
54.1
18.71
37.43
30.39
42.26
18.9
18.12
44.16
75.77
37.47
52.13
31.44
28.03
69.91
15.17
38.66
28.31
33.24
32.45
20.74
44.5
20.11
44.82
31.8
54.85
28.16
69.43
28.98
25.91
48.82
26.65
52.77
21.55
65.51
23.84
40.92
37.4
29.94
17.87
37.13
43.43
35.67
32.15
47.64
68.55
47.21
43.31
26.59
51.15
27.8
45.08
27.95
21.63
39.13
63.4
48.63
44.06
22.03
41.86
19.73
62.73
62.42
62.44
22.06
63.34
25.15
29.47
31.16
83.52
59.86
48.4
60.8
74.05
32.49
26.33
18.02
27.83
21.81
23.35
37.94
33.64
18.31
55.76
69.21
69.63
60.16
16.49
26.86
52.71
49.41
48.33
59.52
33.8
20.55
17.11
13.42
32.15
62.11
24.99
84.73
63.23
39.79
51.43
58.78
25.9
27.67
61.52
38.61
38.47
72.47
54.39
27.94
40.68
58.96
24.07
26.48
25.73
21.6
45.32
38.16
29.1
41.68
37.72
44.99
33.8
27.66
37.47
30.84
56.17
34.56
82.65
43.39
34.79
55.45
33.18
22.86
46.46
41.27
22.75
36.83
35.18
59.99
36.6
39.49
35.73
22.82
79.03
61.4
47.51
33.87
46.06
60.35
27.68
36.86
35.59
54.01
34.48
29.28
66.43
51.73
36.53
33.61
47.11
56.22
59.12
18.28
28.73
58.85
52.43
36.36
26.2
46.34
62.39
54.31
44.29
84.56
40.29
67.51
48.65
31.81
22.01
22.18
36.51
46.05
34.11
56.6
22.19
44.72
46.75
46.88
33.02
88.33
21.76
43.74
57.18
45.93
58.07
42.85
68.25
55.29
65.68
46.97
19.61
50.97
71.64
99.03
59.36
40.9
80.89
86.96
53.9
51.29
92.74
30.04
86.84
48.13
50.0
84.16
35.12
48.44
46.36
67.14
25.24
38.58
36.62
37.94
44.59
41.79
33.28
55.87
24.01
65.05
55.66
56.38
34.55
45.64
50.44
72.04
31.42
50.54
52.55
46.28
39.75
46.58
41.72
35.86
31.86
43.89
82.29
71.85
34.98
66.08
41.28
24.24
67.99
72.73
98.05
52.1
52.56
46.77
48.98
23.46
69.4
41.0
48.47
51.15
82.14
75.52
62.13
24.66
50.26
46.12
86.72
28.78
61.84
85.6
58.27
29.74
40.58
64.34
47.2
30.37
51.91
91.68
29.95
36.7
70.58
70.22
59.25
49.18
54.75
25.04
60.88
60.36
71.29
56.87
65.85
53.67
52.45
32.82
53.27
58.85
23.38
58.08
59.22
50.86
40.8
35.41
71.58
39.27
16.54
56.86
21.13
44.48
26.62
34.12
30.37
32.09
94.64
41.43
30.78
65.05
38.56
25.03
42.06
31.11
40.31
44.64
36.63
61.08
79.56
43.98
43.54
51.65
70.67
41.8
47.89
85.94
61.79
39.44
45.46
50.9
54.67
39.47
74.79
49.86
12.21
37.85
24.69
33.23
27.67
36.9
27.92
27.45
25.31
41.59
12.24
16.89
66.1
34.58
16.79
26.04
60.0
37.5
19.53
30.41
39.35
28.24
29.07
41.07
18.05
29.29
15.91
10.44
41.68
29.23
28.72
38.94
34.31
25.18
45.74
27.43
31.56
27.5
14.6
22.94
28.21
46.2
28.93
24.25
27.88
32.48
38.24
29.21
19.07
20.52
37.05
29.37
27.69
20.85
21.14
24.07
30.41
21.09
16.41
15.91
65.34
54.15
23.75
25.9
17.49
22.21
35.86
39.28
38.37
25.08
16.84
20.35
31.48
40.16
40.19
35.25
20.76
44.6
19.75
32.28
34.33
33.61
21.96
17.93
38.85
22.18
46.43
18.51
18.51
41.54
27.56
26.14
35.35
20.66
27.11
33.86
31.7
19.25
24.05
27.27
64.02
41.01
23.98
20.7
24.79
41.61
32.66
15.1
47.78
34.94
28.53
19.26
13.06
48.37
33.05
32.84
63.09
20.89
41.67
40.51
33.7
38.25
36.54
29.8
43.65
34.26
42.71
29.51
40.53
28.21
28.91
23.71
59.0
30.43
25.92
38.23
39.13
6.882
45.11
36.86
52.33
37.3
24.33
81.15
41.04
13.51
33.12
68.35
18.42
25.04
23.76
26.72
53.05
42.94
27.15
21.77
22.52
19.71
45.63
0.0
37.43
38.08
19.55
14.71
23.65
28.94
28.81
37.96
47.49
49.69
13.89
18.23
27.83
36.34
26.14
42.98
28.64
17.76
51.54
29.93
36.95
29.7
23.23
54.45
12.94
56.09
46.17
26.4
47.49
49.8
38.42
38.86
44.2
20.51
26.01
24.39
36.51
28.25
37.66
32.75
27.38
39.65
33.41
23.71
26.61
51.11
30.98
41.59
35.5
25.32
26.68
38.56
33.92
39.8
35.39
40.07
27.31
31.5
33.04
66.12
48.0
36.72
33.65
23.79
42.37
23.17
41.75
16.78
56.07
61.78
28.28
28.05
33.7
36.69
29.95
25.24
50.28
22.45
33.54
34.97
52.93
35.58
56.53
41.6
22.91
25.6
23.46
19.15
18.87
26.13
42.75
15.55
34.37
12.66
19.85
35.01
32.88
34.3
16.73
22.17
31.52
25.31
18.69
72.81
23.18
41.48
15.29
25.65
37.24
43.69
47.13
49.99
28.48
30.88
44.8
15.17
20.7
26.49
23.7
34.16
33.95
28.95
26.26
18.53
21.59
37.59
16.99
15.45
29.72
70.15
28.48
38.64
16.33
35.14
34.18
24.27
47.24
30.44
14.71
29.8
40.51
39.57
27.36
40.31
31.11
60.68
37.61
24.08
44.13
20.51
25.69
31.29
39.17
46.59
28.01
38.2
20.03
26.59
26.21
29.71
26.08
21.01
45.98
22.61
11.12
56.27
50.87
44.86
18.17
24.85
40.34
30.56
24.4
1.179e-06
33.3
47.98
30.35
23.99
40.63
37.99
16.77
25.6
27.48
21.4
26.12
45.18
27.77
26.05
48.02
23.5
33.4
49.21
16.39
46.61
24.85
17.76
23.17
41.07
27.52
28.46
39.25
37.38
16.38
25.94
37.71
16.66
38.4
24.39
26.96
44.39
6.947
10.94
56.76
36.39
30.98
21.43
23.55
35.86
55.72
37.26
39.54
42.41
62.35
18.25
30.89
51.01
17.0
27.9
33.08
21.85
27.87
21.37
44.64
41.06
14.36
14.63
17.94
38.84
13.76
25.65
50.47
29.56
18.36
19.59
31.94
14.75
20.94
22.76
28.55
22.55
42.67
39.19
28.5
31.48
29.93
39.17
62.19
11.69
19.44
17.37
9.048
32.06
58.74
17.97
22.66
23.77
41.68
45.62
20.61
14.42
26.49
31.3
43.54
14.36
44.28
32.28
20.09
23.17
12.94
25.21
18.87
22.17
18.38
47.53
68.81
28.06
62.07
38.43
21.89
6.723
10.26
16.08
47.79
16.31
23.07
54.46
34.31
21.75
15.76
25.29
46.04
37.06
49.78
25.52
20.04
26.93
20.49
43.5
31.9
17.04
41.53
19.81
29.32
16.21
46.55
26.68
23.61
45.95
20.7
36.64
32.24
51.04
21.79
38.54
29.56
50.81
28.4
25.44
18.43
24.83
31.93
22.31
15.95
39.38
28.97
24.91
27.26
30.21
54.02
19.96
11.44
36.06
50.92
17.5
45.53
18.93
12.29
40.01
27.65
18.97
37.09
29.07
10.96
38.92
46.13
17.25
18.39
25.41
15.92
34.04
44.79
32.86
52.66
28.73
1.46e-06
24.55
26.85
20.57
16.94
42.4
14.7
21.24
41.91
46.77
9.805
32.31
35.29
17.78
7.47
41.84
18.94
71.38
30.42
18.39
27.56
16.77
36.57
21.0
23.04
40.11
20.99
10.68
62.49
22.14
35.24
21.09
34.14
11.46
29.69
59.81
20.2
39.05
15.85
11.42
32.54
31.6
21.2
31.75
42.07
24.99
10.2
25.54
37.54
15.67
26.44
28.9
38.89
11.52
52.4
32.95
19.92
61.64
1.635e-06
31.63
45.08
11.3
12.42
40.18
26.88
27.08
21.31
18.04
45.81
35.7
31.66
27.04
49.65
31.96
18.44
42.85
21.27
33.69
52.46
38.42
21.95
20.56
27.83
25.59
2.414e-06
35.28
31.43
33.29
17.1
12.12
10.81
36.14
39.39
38.2
53.02
30.52
37.9
24.64
36.72
29.84
33.6
35.08
24.28
17.2
23.23
34.08
60.49
17.94
48.85
15.65
37.11
21.69
35.8
36.05
15.74
24.28
24.6
27.77
20.82
13.16
17.85
16.46
34.55
24.21
53.21
27.52
28.43
37.06
21.74
35.14
15.32
8.414
23.26
38.44
13.99
42.77
26.64
44.86
41.25
46.31
55.39
18.27
19.0
25.24
23.23
15.54
26.7
21.86
19.27
18.57
28.8
13.92
28.25
37.27
15.71
27.35
9.956
28.61
8.973
11.51
38.74
40.06
23.45
56.48
43.55
37.51
18.8
20.19
66.5
55.5
25.46
36.87
17.03
36.21
27.88
64.91
44.51
30.57
34.37
12.4
41.41
25.34
36.51
26.86
45.73
22.23
11.87
26.68
76.52
36.31
36.22
24.5
42.2
31.27
45.04
36.4
34.45
10.25
28.85
25.55
32.73
18.59
17.26
20.83
11.8
25.99
68.91
19.89
14.19
30.25
46.09
27.5
40.89
20.12
28.68
34.64
27.81
39.42
32.32
35.63
36.39
50.89
31.75
25.6
24.03
15.68
41.68
29.46
50.95
32.84
42.12
32.65
24.56
48.8
21.72
42.19
40.23
31.19
27.57
16.91
19.45
50.3
32.29
22.28
25.61
22.15
31.84
20.76
14.82
35.89
25.68
44.94
31.05
36.67
37.62
36.61
28.51
13.95
31.45
30.67
23.92
34.97
35.44
20.22
17.37
23.32
46.48
43.31
25.25
24.73
18.46
30.12
15.78
40.58
11.41
41.15
17.43
27.48
21.7
18.59
33.76
48.17
55.82
19.08
37.9
40.15
24.85
26.13
33.36
30.31
31.67
11.59
37.32
40.19
18.7
17.28
17.6
31.37
19.42
29.64
38.67
43.92
17.4
46.74
37.57
9.498
31.4
11.0
24.35
11.3
19.43
26.78
40.46
28.93
12.83
23.08
33.75
27.4
30.56
30.2
36.51
32.06
24.57
26.52
41.92
43.21
51.25
39.26
45.01
28.52
36.25
46.64
43.38
42.19
30.17
50.15
22.24
28.63
28.55
10.79
23.79
12.94
28.66
48.03
72.39
29.46
16.49
21.27
16.95
21.9
36.79
16.85
29.86
32.85
28.52
34.06
45.16
54.34
12.32
33.46
34.06
20.96
39.83
18.15
78.21
29.6
31.53
26.25
42.19
16.11
45.3
19.22
27.18
18.77
31.8
11.93
19.54
16.89
79.82
42.8
45.6
28.69
17.49
44.67
26.56
21.72
39.91
28.1
41.46
23.18
32.49
25.94
26.08
20.57
54.25
40.74
18.43
40.76
34.46
27.38
17.5
34.18
10.18
27.23
44.63
71.55
36.37
34.58
34.32
66.35
10.59
33.91
13.12
17.39
19.94
48.81
23.79
44.08
11.86
26.67
29.59
73.81
28.88
31.74
71.3
41.97
19.87
16.35
21.72
25.88
10.84
26.63
49.92
34.47
26.94
28.09
42.48
64.14
18.02
15.44
35.86
33.08
27.47
40.59
20.71
8.203
40.69
11.28
43.14
29.83
30.92
25.88
39.57
53.37
13.96
13.64
16.44
13.51
41.74
32.44
27.13
24.79
28.15
36.8
46.72
32.67
19.44
84.04
40.47
45.14
45.28
29.27
18.83
35.26
39.27
33.58
23.69
18.81
20.93
75.23
17.07
14.88
0.0
23.3
0.0
46.57
26.68
8.296
31.69
27.94
6.589
32.61
32.42
21.28
33.93
20.91
14.93
27.75
33.58
20.17
26.43
29.71
39.88
26.52
40.72
23.26
16.95
16.8
51.11
22.52
45.7
34.2
49.67
43.79
10.78
46.37
31.78
33.87
65.64
28.01
91.84
36.24
22.54
62.9
20.58
32.28
14.93
17.6
35.12
7.404
34.42
20.53
108.1
23.04
20.82
16.67
25.32
30.32
30.76
44.58
22.37
0.0
20.93
25.12
26.29
39.51
33.1
22.5
38.25
43.53
61.03
31.21
54.38
15.62
22.07
18.92
23.74
41.07
37.75
18.11
28.56
55.09
13.25
27.93
16.84
29.2
55.77
32.71
31.73
27.45
39.81
33.9
16.94
34.62
0.0
42.73
27.3
17.04
17.46
25.79
26.37
44.94
20.13
23.75
64.6
21.16
20.55
42.6
30.86
33.01
25.77
33.8
19.04
32.37
24.56
49.65
28.09
32.28
23.65
29.19
13.81
15.48
29.31
27.68
21.9
48.88
34.08
30.98
58.03
18.0
19.09
22.67
27.75
18.6
15.09
23.84
29.53
34.16
33.84
22.49
26.2
54.38
10.68
21.99
51.11
30.94
63.71
37.44
20.23
44.36
32.42
9.38
27.02
19.84
22.87
33.08
26.68
29.87
14.7
22.41
11.96
18.95
14.37
22.57
37.54
28.55
17.39
27.32
72.65
6.031
36.28
42.83
24.17
20.21
20.96
32.21
21.52
63.46
23.7
25.82
26.54
24.57
24.13
20.13
32.14
31.16
21.96
21.65
57.44
55.87
65.93
33.93
13.91
0.0
57.33
25.32
36.1
43.02
44.52
21.11
17.58
17.87
9.904
32.84
25.1
14.17
29.53
21.81
10.78
23.62
13.72
29.08
24.77
32.13
48.79
46.95
35.12
17.18
51.89
23.92
13.22
34.36
50.5
11.96
31.96
19.96
10.24
22.52
36.67
18.56
35.48
24.17
6.589
31.08
22.45
20.48
25.4
23.21
21.11
36.49
46.45
36.78
40.13
39.99
39.79
45.43
18.92
19.46
25.3
55.24
9.322
28.09
32.27
25.26
50.36
68.78
32.15
22.52
27.36
0.0
48.36
58.39
28.21
23.08
20.0
15.87
51.5
32.48
9.021
17.87
33.75
26.53
28.71
21.04
37.36
54.1
27.83
15.34
39.45
31.52
11.96
17.46
34.0
0.0
32.92
22.71
36.93
22.42
49.39
15.09
25.01
34.54
42.4
24.35
18.68
16.17
39.56
21.16
33.82
34.61
21.24
36.81
21.4
32.72
18.6
28.97
40.25
23.38
14.03
36.31
20.41
19.36
64.84
28.9
26.08
36.7
14.89
24.87
32.48
22.0
34.01
24.45
54.41
37.53
28.96
46.2
53.61
64.84
43.01
43.04
39.4
43.1
20.67
11.13
58.03
28.32
28.21
42.91
23.6
108.1
30.03
15.63
24.05
37.84
29.95
8.569
34.01
25.88
16.29
18.16
43.74
29.59
23.18
12.1
12.24
71.25
13.86
13.75
65.46
35.57
29.64
29.57
25.86
108.1
34.37
38.04
23.26
32.59
22.98
24.43
43.64
24.17
20.49
18.98
20.33
8.736
36.87
63.74
10.59
29.85
11.79
39.1
27.84
27.25
19.51
15.49
33.98
0.0
21.32
55.3
25.43
54.29
35.33
24.17
34.3
38.84
21.62
31.45
32.15
29.69
22.12
46.65
17.26
34.01
24.17
24.97
57.33
28.39
17.39
49.92
22.71
24.17
34.68
32.9
0.0
28.86
39.61
30.85
25.1
22.79
16.17
35.32
18.77
11.33
22.94
48.83
22.18
23.76
40.47
22.39
38.64
46.12
11.98
30.33
20.21
18.6
41.06
100.6
14.34
38.43
51.11
26.53
33.79
26.75
30.61
41.83
22.18
18.7
9.962
44.84
18.47
30.33
24.78
15.45
25.91
22.84
24.79
16.84
14.83
10.47
27.22
22.22
16.6
35.47
8.444
23.76
21.68
20.63
24.95
8.762
19.1
13.04
35.04
23.15
23.63
17.23
14.64
27.02
23.69
16.48
17.83
43.47
31.82
19.59
16.23
22.59
24.19
12.57
19.28
28.8
17.08
30.57
19.26
17.9
12.26
24.82
9.024
10.69
7.385
25.12
25.18
25.27
14.55
12.21
29.87
10.13
15.95
10.86
26.67
35.29
15.46
15.25
27.44
34.19
27.71
24.39
13.04
14.49
16.91
21.98
14.59
11.86
8.681
31.95
18.87
24.87
26.69
7.285
27.37
18.26
19.58
43.29
15.97
14.99
17.06
21.42
15.09
27.78
12.27
17.19
15.45
16.14
11.99
26.1
16.77
18.25
31.52
16.5
33.36
13.55
43.03
27.86
34.35
25.94
22.8
30.76
27.44
17.85
12.08
21.95
19.45
16.78
14.52
24.52
18.95
30.88
10.81
23.11
19.02
23.36
22.58
16.9
27.88
24.88
20.01
14.75
30.2
20.63
26.67
27.16
14.11
18.75
30.98
12.21
31.81
11.35
23.49
30.4
18.88
19.39
11.72
14.16
17.71
32.79
26.1
14.4
22.37
25.21
13.3
26.3
18.82
22.53
17.41
25.74
25.93
21.32
29.04
11.84
41.72
23.41
12.33
13.84
12.93
28.69
27.07
18.7
10.44
10.32
19.49
15.85
12.87
23.78
17.13
20.25
17.62
23.56
11.91
13.72
31.77
23.42
24.45
20.93
16.01
15.02
12.89
15.43
11.97
16.94
23.59
18.61
20.73
19.1
8.299
38.61
24.5
24.56
16.29
28.83
27.84
13.59
29.22
30.11
25.78
10.75
44.22
21.15
27.24
19.04
30.19
26.33
3.71e-06
10.61
23.9
24.15
30.22
30.6
19.44
21.55
12.77
15.79
25.07
22.18
11.91
36.4
22.81
20.62
31.88
29.66
20.67
16.07
25.32
32.59
14.96
25.07
24.19
16.99
20.63
27.24
18.08
31.75
31.36
33.34
18.1
17.97
36.84
23.88
14.42
11.28
16.58
18.77
18.26
28.85
15.25
26.12
30.61
25.47
42.19
29.32
42.02
23.3
20.64
15.36
31.84
36.89
13.05
23.29
19.47
31.88
24.33
36.59
27.3
21.03
20.77
27.08
19.75
22.66
15.51
27.0
33.82
23.29
33.07
17.57
14.32
16.2
30.12
19.57
17.59
42.18
14.06
36.84
19.76
20.32
16.57
15.93
19.68
28.89
34.1
20.71
24.22
19.4
9.32
30.57
25.76
16.47
9.375
17.61
28.88
20.61
13.62
31.63
17.73
4.869e-06
27.67
29.01
37.73
13.79
18.93
22.25
23.83
16.25
22.49
31.96
27.24
14.72
45.66
23.6
32.32
28.48
22.26
20.52
22.99
16.7
30.38
27.2
14.65
20.49
20.51
22.37
23.61
15.37
21.99
21.48
17.69
33.1
17.87
30.56
24.04
20.31
15.77
28.13
13.31
20.34
27.94
22.4
11.4
13.58
42.23
17.88
18.68
21.55
22.62
16.04
26.23
15.07
20.41
30.96
23.61
16.63
17.48
14.69
19.09
13.73
24.38
19.78
10.93
23.0
24.87
26.19
16.85
29.62
17.91
17.79
13.17
22.83
34.71
21.42
23.42
34.05
55.09
7.597
20.75
17.22
17.32
14.07
35.87
27.25
16.67
14.87
16.95
19.79
27.89
17.19
32.3
17.36
20.64
31.24
36.32
14.12
22.11
18.63
20.65
28.88
11.65
23.4
17.1
43.02
20.16
23.75
16.95
15.52
32.85
15.77
26.77
16.07
19.05
31.2
18.85
34.86
26.95
26.53
22.29
16.48
29.07
23.73
24.03
49.51
11.31
23.58
47.11
12.28
28.53
40.16
15.3
20.66
24.29
30.96
34.7
13.15
16.12
27.19
38.63
33.36
11.15
20.73
21.57
23.1
24.08
27.78
23.21
21.01
18.42
19.84
18.4
18.65
15.07
20.38
25.27
22.87
16.75
15.03
21.1
28.54
28.29
32.08
15.9
29.53
13.93
24.93
15.31
24.9
13.56
15.27
16.74
23.97
43.83
22.25
22.03
22.72
36.23
31.63
22.45
25.55
37.41
22.27
28.9
9.666
35.49
38.17
18.76
24.07
23.22
23.78
26.57
22.74
19.9
9.251
9.81
11.16
24.27
16.32
16.27
10.87
19.81
27.72
19.8
22.21
35.83
7.224
14.4
24.45
9.875
17.65
48.46
22.91
14.95
25.09
25.47
22.63
19.97
13.64
28.93
16.8
17.26
11.67
8.636
13.81
29.93
26.25
20.47
23.22
25.55
18.71
18.61
33.6
25.66
8.148
22.49
23.68
8.321
30.96
21.48
22.56
21.88
34.37
12.69
14.41
36.43
26.23
23.53
25.74
16.35
17.94
17.95
12.13
16.62
30.4
17.79
17.1
11.81
42.8
19.76
11.91
21.25
23.49
25.63
18.83
16.75
19.24
29.83
20.94
9.632
18.26
24.97
26.0
28.17
19.94
16.57
23.88
28.99
19.43
16.4
31.46
19.42
17.49
23.17
20.97
14.99
38.47
20.05
13.45
24.98
20.63
21.96
20.47
8.719
6.859
23.66
29.26
36.81
32.52
25.62
25.35
22.6
14.31
22.88
8.879
31.67
26.62
21.78
11.5
33.72
22.92
17.62
10.35
28.09
11.56
14.47
26.46
20.06
17.81
29.19
23.68
15.88
40.7
23.67
40.9
16.58
37.37
26.33
17.57
18.92
15.8
15.07
17.94
22.01
18.59
14.51
25.34
17.11
15.57
15.81
35.72
28.75
11.42
23.74
21.25
14.84
22.6
15.68
14.99
28.34
14.87
19.33
6.343
15.66
14.87
29.12
30.36
18.12
15.36
34.17
16.04
20.11
10.66
23.98
26.98
22.22
31.75
10.38
26.86
21.09
14.52
28.23
27.92
11.82
17.29
26.09
23.57
15.65
17.33
27.39
24.27
19.34
29.22
13.38
10.98
22.89
13.71
27.23
45.63
27.15
19.03
14.83
18.34
33.28
14.72
20.38
12.11
27.24
43.59
20.46
8.868
31.04
15.71
26.73
47.11
32.78
27.18
19.17
25.76
27.07
10.56
28.36
22.96
20.62
20.51
13.02
20.01
21.43
31.75
25.79
18.77
34.3
26.33
12.9
22.23
27.41
22.82
22.45
23.01
33.28
28.85
34.21
20.06
20.7
16.58
36.24
18.66
39.09
13.25
20.39
25.12
38.27
26.67
21.32
23.43
31.12
17.95
30.1
10.45
27.06
20.26
11.12
20.45
21.4
29.99
21.31
7.965
8.956
37.9
45.15
27.02
33.51
14.26
38.73
18.04
0.0
19.35
16.85
15.9
22.15
16.93
17.18
21.81
26.62
12.32
25.71
16.85
23.45
13.76
11.47
11.68
39.85
14.77
23.84
15.94
11.26
20.02
41.23
19.87
18.78
20.2
30.96
21.63
28.23
13.82
17.15
32.05
19.47
19.96
34.7
18.31
13.15
11.24
14.67
17.06
22.57
18.66
26.92
21.72
19.49
14.95
11.85
28.76
9.599
23.22
21.3
21.68
36.12
22.52
14.47
25.33
23.67
24.82
37.15
27.55
17.18
37.36
32.74
32.15
24.29
15.99
18.36
26.41
27.45
15.59
19.36
19.79
37.44
26.49
18.57
15.94
6.714
6.766
20.04
18.88
19.66
29.28
32.16
15.36
12.98
22.24
13.82
26.36
20.52
22.9
17.32
23.97
30.38
19.65
27.64
23.98
15.74
18.68
9.517
27.9
22.69
21.89
14.86
14.32
18.95
26.39
21.53
14.0
41.49
27.41
18.84
22.62
8.564
33.08
20.16
12.59
25.13
24.51
22.63
19.74
18.53
23.66
18.95
23.29
19.06
16.42
27.32
28.91
23.05
20.55
16.56
17.74
37.71
28.7
14.47
40.04
14.24
37.7
14.4
17.08
8.379
27.12
22.84
18.66
11.77
12.44
26.15
17.66
40.07
20.06
17.92
10.09
13.25
31.86
29.14
24.24
19.65
28.99
10.69
23.59
19.28
19.52
11.79
39.83
11.33
25.56
30.81
34.0
23.41
28.31
17.78
30.26
17.83
23.58
11.0
16.31
27.27
21.25
8.006
30.06
21.17
23.16
20.29
22.94
29.75
9.473
12.8
14.74
23.04
20.72
30.43
38.14
11.72
39.34
11.63
6.593
16.67
11.17
18.09
26.31
14.74
20.33
22.8
12.65
36.15
24.53
47.46
13.77
14.8
11.28
19.98
12.58
40.4
32.86
18.67
12.36
30.33
27.1
22.6
27.45
38.8
20.95
32.09
27.21
26.91
16.24
21.7
23.04
14.86
24.38
16.37
20.14
23.17
25.29
15.38
31.12
18.83
7.506
34.36
19.2
14.78
30.12
18.79
11.08
21.37
22.64
15.48
66.91
23.06
12.65
32.15
23.98
13.39
48.95
29.83
10.71
43.32
31.61
14.34
22.91
15.35
17.65
16.59
17.2
18.46
66.86
43.44
20.1
22.1
37.15
19.42
22.86
22.91
12.94
32.87
14.86
12.54
37.47
25.01
30.34
28.72
18.63
33.97
24.77
38.35
12.54
21.19
28.99
14.15
55.74
15.68
37.14
23.34
26.25
17.84
32.94
24.68
11.97
37.62
20.4
10.5
20.75
17.41
25.15
26.48
23.46
16.4
41.96
23.07
15.23
36.89
20.29
11.16
32.59
15.62
12.31
46.65
10.68
17.3
44.37
13.93
13.15
33.06
39.61
17.04
15.63
33.03
14.16
26.61
62.06
8.717
17.6
27.23
7.698
13.92
16.13
27.06
30.82
12.23
14.45
23.4
25.19
7.829
74.89
27.94
26.74
22.87
33.75
19.99
23.6
28.15
14.21
52.56
18.61
13.4
22.83
13.41
22.23
23.36
37.86
9.418
17.39
49.23
20.84
41.5
21.44
45.63
43.32
12.78
13.88
22.47
13.46
18.9
28.49
47.08
7.655
33.79
27.23
12.73
32.78
57.4
5.204
27.68
26.82
57.46
34.02
21.18
12.9
19.09
17.43
19.84
19.96
54.54
14.2
40.82
22.0
15.11
28.37
19.69
12.33
43.15
30.39
8.219
29.73
26.33
29.05
17.18
25.93
54.03
33.19
14.99
14.7
28.56
17.59
10.91
110.2
23.8
21.53
28.3
17.38
14.53
45.46
15.98
7.196
23.24
24.92
24.6
42.91
24.23
5.345
40.02
15.06
26.6
49.41
18.11
25.93
42.01
14.54
13.84
31.52
19.29
13.9
61.73
18.11
5.728
37.02
64.16
10.36
41.17
23.22
9.853
22.7
24.33
15.55
29.77
23.07
27.78
41.6
31.68
20.3
42.1
31.66
17.51
20.43
18.5
9.219
28.3
50.44
35.66
29.27
44.51
24.98
20.43
14.76
27.43
32.77
25.93
48.19
24.96
30.71
26.95
21.26
22.81
12.14
27.23
32.5
45.85
18.73
41.1
16.37
31.67
18.32
27.14
18.47
25.01
29.33
40.59
26.61
40.83
20.32
20.4
48.87
66.75
8.49
18.81
15.93
22.83
12.29
31.46
29.2
14.87
28.81
30.95
10.82
19.23
34.07
25.94
22.29
39.59
33.48
40.84
17.99
42.53
16.52
69.34
42.64
32.76
46.82
35.04
111.7
40.1
36.79
19.98
21.39
69.46
29.19
42.53
42.55
20.14
36.04
40.81
35.11
73.54
23.11
44.31
50.67
60.01
45.78
35.72
28.22
36.67
24.85
48.94
55.57
33.03
23.03
47.74
37.68
40.61
27.48
44.74
48.78
25.67
56.75
53.97
31.05
35.14
11.97
90.44
11.37
69.6
37.14
33.27
18.93
47.03
43.72
23.11
63.52
47.18
48.58
42.33
68.65
38.84
60.33
53.13
62.09
45.47
34.43
43.16
32.5
33.67
46.81
23.17
52.33
41.4
48.7
32.13
39.54
21.41
42.61
51.3
18.31
24.01
36.27
46.83
128.4
62.02
22.69
76.77
15.22
33.13
33.05
40.14
29.1
20.25
23.95
48.02
43.46
46.39
47.31
22.36
24.78
53.99
72.27
37.04
36.39
39.63
53.41
23.81
10.39
21.99
55.2
33.38
20.01
38.64
67.17
25.75
39.12
0.0
51.47
23.18
33.88
55.37
23.43
27.42
21.61
25.37
36.66
35.92
35.8
18.45
15.76
43.93
49.65
22.85
50.42
36.81
42.68
76.12
38.99
50.73
40.57
45.65
38.63
12.64
49.17
39.5
74.25
46.34
15.22
56.06
45.33
73.4
43.9
57.11
49.78
51.55
52.97
69.73
62.4
42.36
39.48
22.22
48.06
50.26
63.34
24.99
49.21
27.19
35.09
30.71
24.88
21.64
33.18
57.1
35.06
37.67
52.44
28.45
35.19
18.96
11.36
39.38
56.13
28.02
22.6
43.02
27.15
57.38
15.82
27.66
37.73
58.49
36.89
55.77
30.82
0.0
79.49
25.5
24.81
72.84
27.16
33.77
96.2
40.18
52.86
57.82
38.3
19.36
35.13
68.0
33.6
21.14
20.27
42.77
45.81
35.96
37.67
82.27
37.49
8.883
36.92
61.78
20.05
37.22
21.23
55.07
21.01
51.45
45.06
51.02
53.54
26.57
30.43
33.18
80.77
32.16
33.8
47.31
40.28
38.67
33.57
47.38
0.0
26.86
28.19
18.59
27.93
43.93
56.76
42.39
48.3
39.28
34.23
52.48
41.25
11.93
28.62
48.15
51.11
30.18
36.61
35.76
17.92
62.85
32.29
58.73
35.39
24.25
57.85
48.93
31.88
30.13
33.28
37.68
33.71
67.02
34.11
55.63
27.98
30.01
45.44
59.09
22.52
29.79
38.82
32.32
39.95
99.84
49.94
42.9
25.82
23.38
51.84
42.38
31.95
40.73
21.37
35.13
83.2
26.71
76.16
42.84
36.5
22.14
55.91
49.21
31.51
49.02
17.54
57.95
40.42
22.4
44.22
43.5
50.88
32.51
42.63
26.16
34.61
32.49
43.36
32.29
40.58
30.54
34.28
25.42
37.06
28.1
50.43
32.47
27.52
63.82
31.67
44.16
75.9
127.2
53.15
53.59
35.67
52.84
63.77
22.7
26.93
32.32
30.97
25.35
35.63
34.8
29.3
25.77
45.2
24.72
67.46
78.95
21.18
42.05
39.18
43.19
21.51
20.92
35.75
48.02
32.05
30.55
50.44
46.83
19.57
23.65
57.46
24.05
28.41
47.32
35.85
45.45
57.68
28.66
26.87
87.66
28.83
29.84
27.89
17.06
23.18
76.31
44.52
25.7
39.58
33.67
39.87
35.82
32.92
40.14
46.81
38.31
15.22
25.33
22.7
0.0
45.52
15.18
23.56
42.08
42.21
32.24
29.36
36.25
44.47
36.08
41.4
36.72
32.86
13.25
48.25
19.93
40.36
45.69
27.81
19.78
25.45
40.4
33.91
38.08
61.7
35.3
30.05
25.37
16.64
43.19
23.29
46.23
31.61
60.15
25.88
39.18
97.33
28.77
20.43
50.8
33.81
38.81
40.31
53.32
33.3
47.79
51.5
49.25
30.74
34.53
46.32
77.25
38.99
68.29
33.79
18.42
37.96
61.43
18.47
41.87
39.18
61.89
35.59
69.82
36.93
37.0
25.06
38.37
68.9
27.96
33.88
21.07
44.73
22.24
0.0
65.89
41.05
33.99
45.4
30.67
33.39
21.67
19.96
42.3
20.91
27.34
35.5
30.7
45.48
30.7
50.63
39.98
38.14
30.27
40.42
18.87
36.36
17.38
47.5
38.95
43.03
56.0
65.12
15.56
33.5
34.93
57.02
22.51
45.57
31.81
50.68
17.89
24.79
71.77
8.486
37.4
61.9
28.02
39.26
34.58
35.76
40.67
35.88
55.79
53.72
26.38
43.84
54.16
43.11
24.34
32.09
48.27
52.64
66.18
15.49
31.54
48.65
36.91
43.16
30.28
41.03
42.66
40.17
76.35
18.22
36.13
7.978
40.04
36.13
56.37
38.35
27.48
31.3
26.88
26.49
60.41
33.62
52.15
62.41
26.96
39.6
52.03
33.09
36.57
78.77
44.87
35.62
25.4
39.84
41.81
40.81
57.61
68.8
26.05
83.84
30.18
38.76
49.51
29.19
41.92
13.89
31.83
44.12
38.25
61.79
37.23
20.11
37.95
43.72
55.64
58.09
36.56
66.05
39.04
48.6
36.39
31.35
51.15
25.89
32.18
27.49
25.8
20.94
47.78
29.45
49.5
15.22
35.24
36.01
40.21
24.52
15.25
28.72
41.64
47.65
19.51
55.9
34.95
40.77
35.43
18.14
56.07
25.44
72.98
26.33
29.42
45.18
69.77
31.89
20.46
47.95
27.36
23.13
40.69
27.44
30.72
36.98
29.91
29.88
29.04
45.04
45.49
18.64
34.03
48.77
51.13
40.79
21.84
55.03
26.38
34.14
32.18
30.81
24.11
40.18
14.95
70.19
60.76
29.87
34.33
54.67
42.32
34.58
32.26
51.62
56.27
42.14
47.34
18.07
32.94
56.42
27.24
19.22
34.59
34.42
43.76
43.71
43.46
54.29
37.09
17.98
32.31
28.74
65.02
27.91
17.05
22.02
43.12
40.35
32.39
43.28
20.78
21.74
46.45
44.32
53.64
26.22
36.4
14.93
23.06
39.97
39.2
24.76
89.88
0.0
40.67
25.57
44.68
35.64
44.69
31.67
19.17
39.4
25.65
28.58
31.96
78.88
18.94
69.12
16.93
45.74
23.79
32.36
34.18
18.56
37.87
0.0
27.94
15.41
20.7
11.0
58.19
43.71
32.26
19.15
9.491
40.17
58.12
50.54
47.3
62.02
58.49
18.21
34.68
33.88
45.65
33.99
46.37
18.15
28.48
43.39
58.3
0.0
47.62
19.62
54.47
66.47
61.16
39.28
46.68
30.28
38.8
34.83
75.51
47.74
20.75
26.15
55.42
56.82
28.51
26.22
24.21
37.09
28.35
53.39
41.73
18.06
37.92
20.2
41.21
55.49
34.06
33.19
22.38
48.32
23.39
23.13
46.69
24.64
96.15
29.55
45.58
25.12
32.12
56.12
34.9
27.02
40.64
58.44
44.6
32.2
36.46
39.41
26.53
20.96
32.83
32.92
70.28
13.89
43.13
34.92
59.73
32.8
75.79
54.85
12.76
48.6
27.16
22.12
22.66
47.42
23.51
34.59
32.81
51.98
44.68
55.74
31.54
57.15
46.56
28.12
40.9
50.69
0.0
44.92
39.42
55.04
79.25
52.08
26.52
44.05
20.39
38.07
47.21
13.81
10.74
32.73
23.77
74.37
12.46
20.4
36.54
25.61
29.56
64.07
56.64
17.82
25.86
40.69
42.82
18.09
26.99
39.27
51.06
62.35
34.36
41.28
41.34
13.06
50.64
48.3
44.84
69.79
35.37
93.2
38.69
0.0
34.47
36.47
26.61
87.78
50.68
34.15
60.9
12.36
41.75
54.02
32.3
41.52
17.89
36.21
40.81
20.51
21.94
36.52
70.47
33.27
87.6
28.42
42.55
62.51
48.23
34.6
22.85
49.02
23.88
34.69
40.02
26.95
39.96
30.43
25.72
19.71
25.04
26.2
35.89
44.22
33.35
35.4
51.71
17.05
39.5
42.55
31.63
37.39
21.53
41.73
30.3
18.96
41.04
40.26
29.64
30.74
26.72
58.95
40.35
16.46
43.36
38.82
38.79
88.74
30.66
42.86
42.21
55.17
30.86
33.42
34.42
37.55
64.71
51.45
57.89
41.67
51.54
22.76
49.44
36.91
37.23
29.36
23.24
30.58
17.26
53.53
33.55
39.43
67.31
71.2
29.43
32.49
35.03
17.71
31.23
40.02
33.2
31.17
54.25
71.88
54.85
77.65
34.3
48.59
47.44
26.04
66.57
22.23
52.79
68.33
31.49
16.41
40.32
25.56
14.71
36.69
42.47
12.25
38.9
24.88
24.62
46.44
33.89
38.88
36.27
25.52
12.04
56.76
15.69
19.45
30.1
16.14
37.98
45.74
35.57
27.04
40.0
26.94
39.75
41.64
73.64
54.64
14.43
36.52
26.58
24.27
43.76
33.68
39.39
12.18
18.2
30.45
23.9
22.93
37.28
23.05
39.68
27.78
74.91
19.29
38.81
18.98
29.76
29.35
14.86
53.42
29.04
40.47
31.29
38.78
35.85
27.47
35.3
29.84
18.61
47.51
28.52
59.92
51.83
51.41
36.72
33.09
61.3
18.44
25.73
48.27
28.49
20.02
30.21
34.98
56.02
32.28
17.4
23.36
31.4
27.04
31.19
29.37
14.5
74.43
29.78
30.14
32.04
25.87
25.1
25.58
45.23
55.09
39.83
34.64
43.92
52.27
25.07
23.62
43.4
52.76
49.14
18.67
32.45
29.28
47.09
46.84
56.57
58.69
41.15
0.0
50.77
17.72
25.45
19.75
25.17
83.75
29.22
35.05
39.65
23.81
29.24
60.54
45.82
31.57
56.43
47.5
12.15
26.23
23.02
39.61
20.89
33.27
42.35
55.1
38.43
11.16
13.97
44.01
33.66
23.62
81.93
9.739
66.6
49.98
40.11
40.46
38.56
33.81
13.98
49.96
74.75
34.4
76.78
31.02
27.44
20.74
33.67
55.39
67.67
53.77
61.29
40.23
18.95
30.41
57.09
25.47
54.47
48.71
20.6
26.25
23.61
39.4
48.83
74.15
47.16
24.34
28.28
63.06
24.87
18.49
21.79
43.29
36.71
29.86
26.82
30.27
23.89
34.53
17.71
26.54
39.58
46.84
0.0
43.18
37.35
49.41
30.99
22.83
40.11
23.49
42.94
44.37
14.8
48.28
36.84
71.21
25.57
63.53
28.74
31.52
32.74
15.52
15.12
39.72
27.26
0.0
92.52
72.65
22.35
68.3
32.26
29.52
45.43
68.86
35.96
25.78
12.32
13.09
37.75
14.53
66.07
39.46
16.51
50.4
0.0
22.65
66.42
63.55
41.98
38.84
44.36
42.07
85.26
15.14
27.66
32.79
29.14
35.65
63.32
22.32
64.31
86.57
47.93
43.06
16.02
24.28
38.61
53.26
0.0
35.55
43.35
39.4
51.18
65.2
31.36
39.91
58.79
58.61
39.31
13.32
49.67
64.3
28.74
82.53
43.19
0.0
43.11
36.31
29.66
56.19
48.14
27.72
53.12
32.88
33.67
25.03
77.26
27.66
72.88
12.31
15.58
60.48
43.1
44.92
37.48
36.9
65.43
47.47
42.73
34.57
29.12
51.02
19.9
53.36
18.22
52.04
67.47
20.08
54.07
9.48
36.33
35.36
23.04
43.49
26.51
26.15
35.62
41.2
50.04
34.42
19.73
48.07
28.18
19.36
48.53
38.13
27.01
93.98
15.83
37.08
17.64
17.47
17.61
48.91
31.38
29.64
22.14
44.31
68.47
47.53
35.67
15.08
23.43
17.71
7.604
47.57
31.69
23.84
21.36
38.53
23.0
8.116
13.46
27.23
27.41
79.43
43.25
49.03
64.11
66.54
48.58
75.47
68.38
28.79
37.12
55.33
50.84
20.8
72.05
46.43
48.56
74.08
17.07
48.74
46.02
45.3
21.14
37.36
27.0
64.21
32.03
55.64
49.36
39.54
44.08
51.25
39.6
36.73
74.37
31.36
70.86
30.35
48.2
47.63
33.18
46.22
75.99
18.73
22.65
14.9
70.75
39.81
18.66
44.32
29.64
74.88
40.97
69.3
44.01
35.35
19.56
12.87
38.82
58.03
29.12
27.38
53.77
52.6
37.97
33.68
17.83
62.28
76.31
32.15
84.72
83.09
26.84
38.4
48.06
50.72
22.55
48.19
32.5
26.94
12.93
37.73
42.52
37.38
9.573
49.98
29.38
45.13
23.17
68.39
0.0
45.14
44.19
48.15
24.38
40.4
37.8
50.52
33.61
24.26
30.33
36.61
49.33
26.77
21.63
36.54
60.0
32.2
33.15
43.46
64.92
44.95
84.66
65.68
46.98
33.13
41.84
26.31
33.35
53.76
43.21
60.25
36.92
22.31
31.51
45.81
79.19
39.64
38.04
77.93
33.22
42.1
38.04
64.55
26.69
48.49
34.85
30.37
27.47
41.56
25.0
29.16
49.22
40.27
19.88
92.36
21.15
17.08
50.27
49.9
66.71
61.47
8.818
29.32
32.26
21.43
24.67
17.74
28.59
31.78
36.33
15.67
23.29
33.79
29.25
20.94
49.46
55.16
46.76
20.7
32.6
54.54
31.02
35.61
40.21
16.96
36.44
49.42
45.15
18.96
32.36
39.3
47.13
52.05
42.95
80.55
25.58
20.82
24.32
36.06
41.52
32.59
61.72
33.37
45.14
38.96
18.69
34.33
72.09
37.87
26.76
28.14
59.22
46.1
24.33
25.66
24.51
19.06
76.56
55.14
53.31
86.96
61.77
0.0
26.31
42.38
37.55
32.24
38.96
69.06
35.16
34.58
31.77
82.81
47.0
25.71
66.04
30.33
52.06
57.57
11.01
61.15
37.1
66.78
32.29
52.29
26.99
62.39
44.74
42.37
71.21
17.07
26.62
34.79
71.78
11.0
18.28
52.49
27.55
34.06
18.06
26.67
74.13
33.04
46.04
22.32
22.34
29.9
64.68
54.43
31.62
41.84
12.5
19.12
30.12
60.17
48.01
35.22
41.66
26.94
17.8
37.38
24.25
30.66
52.25
14.86
25.25
60.99
47.63
25.77
65.15
25.87
23.02
68.34
59.38
55.93
65.48
44.38
43.8
21.39
25.21
23.13
17.35
64.79
56.08
41.29
66.8
29.22
27.12
13.64
53.06
8.684
24.93
71.84
40.35
33.33
39.6
8.684
33.24
48.86
57.12
61.16
38.56
11.05
33.86
77.31
47.07
42.0
37.49
25.71
32.13
40.32
20.15
44.25
34.23
43.31
39.1
27.43
51.37
54.87
34.23
59.9
39.82
35.32
13.12
33.57
46.59
31.03
48.05
66.34
62.32
47.34
47.33
28.57
29.12
25.06
16.23
38.07
46.99
14.87
56.96
12.63
49.77
24.82
33.46
27.53
0.0
32.7
26.39
32.82
60.3
44.39
20.92
31.9
41.6
43.87
25.43
32.27
20.82
39.45
63.56
19.38
19.81
55.91
56.59
32.97
24.49
52.39
78.18
21.91
16.54
34.97
43.61
81.89
42.25
48.99
32.32
62.06
46.72
44.66
70.41
49.91
38.0
63.97
33.32
60.71
21.72
10.55
54.33
37.78
107.3
23.18
32.06
36.6
0.0
24.51
48.27
22.9
20.74
39.38
24.76
43.84
29.35
87.8
25.68
19.6
28.84
26.71
61.03
48.51
17.04
42.5
19.09
37.11
30.58
6.363
54.75
46.38
76.08
45.34
29.29
17.03
38.37
20.0
29.97
28.57
33.86
36.77
21.27
42.96
46.52
50.62
24.49
42.79
25.59
68.72
42.23
59.13
56.74
45.27
27.53
61.41
31.15
22.29
89.95
38.71
15.42
0.0
14.42
19.4
20.6
0.0
23.27
29.38
0.0
20.89
18.83
30.09
42.24
10.39
1.598e-06
16.32
35.07
22.07
12.73
38.26
18.43
12.31
34.07
44.02
29.57
20.5
36.18
24.79
21.52
27.2
26.25
13.12
38.53
27.02
38.85
31.94
23.03
31.18
26.62
53.21
33.92
58.85
32.32
23.14
19.75
69.97
21.09
48.42
23.74
25.82
42.17
57.79
21.06
32.94
34.98
24.69
38.52
50.22
16.1
39.26
23.56
29.07
64.89
30.0
38.87
28.98
38.27
37.9
58.1
48.07
43.77
43.72
32.66
32.7
41.42
18.77
34.6
40.99
65.75
47.86
26.78
52.15
28.66
39.81
50.07
34.07
39.6
29.23
45.52
37.18
51.45
56.79
31.0
68.43
40.5
41.53
42.52
12.94
8.116
10.25
8.746
31.1
31.06
20.11
18.35
18.33
30.76
20.11
16.19
18.55
31.03
31.8
27.23
31.66
38.41
46.19
35.25
36.24
31.78
30.46
36.81
35.44
39.61
31.0
36.98
36.71
31.2
29.38
49.67
46.28
28.63
34.33
56.51
43.12
30.38
38.59
50.68
9.394
31.23
38.88
37.35
58.08
25.05
30.33
53.54
48.34
46.75
44.3
45.66
39.27
34.81
50.52
30.27
47.31
34.37
51.82
42.03
81.23
36.34
41.1
45.33
45.05
45.03
48.63
73.6
53.7
60.42
93.85
47.35
52.76
69.56
39.68
50.74
36.21
50.78
33.58
56.54
35.46
43.61
46.23
37.01
98.47
49.57
71.59
49.26
51.9
74.29
48.94
55.03
38.21
43.68
36.19
97.42
52.1
56.38
67.12
90.19
