60.72
43.06
44.69
0.0
59.32
0.0
153.1
46.77
43.37
52.13
73.67
34.45
55.13
48.17
60.78
69.9
0.0
139.3
43.53
0.0
67.11
43.88
65.6
54.81
39.9
73.78
0.0
66.99
37.13
38.15
55.68
0.0
69.51
64.99
49.85
54.8
60.98
69.03
48.55
39.9
61.88
52.1
92.67
64.47
48.86
51.41
62.06
53.59
47.09
38.07
38.07
92.15
51.79
64.77
48.55
61.66
46.38
94.19
60.98
46.64
112.0
53.96
49.75
64.4
64.4
87.61
67.0
51.24
95.33
39.98
47.8
121.1
66.35
56.33
68.41
88.23
52.44
106.3
77.89
85.76
37.69
75.9
45.91
57.39
60.17
57.73
65.86
61.77
75.43
95.67
60.98
39.98
86.31
141.6
94.23
179.6
43.88
69.0
71.97
54.37
30.46
74.45
31.87
51.48
41.16
40.63
37.05
71.58
70.34
68.74
44.81
53.14
105.4
67.76
53.14
45.83
85.59
85.77
127.5
62.07
113.0
49.96
49.96
116.1
81.52
55.49
71.62
80.74
60.43
96.46
58.89
110.6
65.93
43.07
89.7
50.94
90.87
64.47
31.87
63.23
89.05
107.6
30.63
137.1
105.3
49.29
88.27
79.82
70.72
53.14
69.99
76.84
50.48
69.55
61.71
143.1
68.81
81.68
0.0
125.6
92.05
127.9
62.16
50.08
59.69
64.67
95.97
95.34
100.6
122.8
118.3
46.34
118.1
44.05
62.01
118.0
94.39
101.0
72.7
62.52
31.24
64.67
86.87
63.81
58.99
47.72
68.47
105.7
132.8
41.93
68.34
118.2
60.16
72.45
79.96
54.46
55.98
67.14
72.21
44.81
199.7
137.0
178.7
59.41
89.31
96.62
101.0
71.04
72.92
122.7
126.4
64.18
74.45
127.8
120.5
77.33
78.05
95.24
88.65
129.6
86.65
115.0
65.25
110.2
132.3
119.5
66.34
117.8
121.3
151.1
53.27
120.4
140.3
64.18
112.8
120.3
117.2
116.4
123.3
71.92
37.27
94.46
82.07
138.0
77.27
135.7
79.01
53.14
68.42
118.6
103.0
119.2
80.77
118.4
58.31
80.81
77.25
71.81
119.1
103.0
46.24
116.9
144.6
99.22
68.32
98.16
59.97
87.23
82.42
76.0
43.64
79.32
67.55
126.7
116.3
118.8
107.6
140.7
68.93
106.3
83.08
74.9
114.2
135.0
114.4
115.8
86.95
46.91
72.99
78.28
69.67
77.49
122.2
126.9
132.3
158.5
63.97
106.8
70.59
96.68
75.33
71.84
98.66
87.31
124.1
94.8
81.98
100.6
102.5
129.1
112.0
72.94
112.9
123.6
82.88
115.0
56.65
108.2
76.44
83.47
131.0
86.96
113.9
146.7
89.81
103.2
100.8
109.6
106.9
98.76
123.1
104.6
141.8
119.1
110.4
113.9
117.5
99.81
64.26
88.73
84.09
92.68
90.69
125.4
130.0
140.9
134.6
116.9
71.03
97.29
107.7
123.7
113.2
146.9
129.7
120.9
109.1
105.1
77.48
144.8
114.1
111.6
118.2
63.63
110.3
146.4
175.0
101.2
70.42
105.8
109.3
115.7
126.9
73.75
97.43
156.4
62.84
88.99
88.01
110.2
115.8
71.73
73.62
107.3
95.78
106.1
133.4
121.1
104.8
89.45
166.2
86.46
90.05
96.87
156.8
130.0
83.22
77.13
87.38
88.67
135.6
116.4
61.06
105.3
106.1
156.2
147.7
85.32
106.6
106.9
127.2
115.3
80.23
66.99
78.14
110.3
108.7
116.1
104.0
103.8
90.7
129.9
136.2
135.3
108.1
84.61
132.6
198.5
131.0
89.97
133.0
122.4
134.1
92.24
62.4
147.3
94.95
135.3
146.7
132.9
105.7
93.63
145.9
91.25
91.26
96.54
119.4
95.4
94.57
126.1
128.5
138.3
129.7
137.1
76.18
177.7
99.3
133.1
95.26
99.26
137.2
141.1
143.5
125.2
114.6
180.6
80.57
145.3
143.9
144.1
89.19
108.9
99.13
129.4
80.41
120.2
88.85
94.95
146.5
53.59
105.9
97.27
110.9
120.7
81.34
80.47
116.1
127.8
179.1
164.9
113.9
120.4
132.2
111.1
38.41
67.83
40.07
63.68
0.0
53.06
47.09
0.0
46.96
51.48
65.64
58.32
54.82
43.88
43.88
61.66
43.88
80.93
40.38
44.01
53.14
53.14
39.9
81.48
51.48
51.48
46.77
46.77
51.48
51.48
65.29
45.05
57.41
0.0
44.81
46.48
44.81
95.47
63.18
64.64
97.89
0.0
65.56
54.37
46.43
99.03
130.8
0.0
65.97
111.4
41.84
42.58
82.3
28.13
57.81
110.7
57.38
71.21
50.48
65.98
37.5
54.11
56.61
61.66
66.84
72.55
52.88
68.27
82.12
114.4
43.09
62.06
47.56
93.08
65.82
72.27
50.93
74.51
60.79
43.88
68.42
46.45
132.8
189.3
95.81
75.55
0.0
61.11
54.63
91.67
61.11
100.5
53.14
50.57
57.29
61.33
156.2
84.25
40.64
56.48
39.98
90.2
0.0
141.6
118.1
96.28
51.96
60.74
84.47
130.3
100.7
100.7
123.1
61.68
98.45
38.07
67.54
53.04
103.7
47.42
53.24
55.4
80.86
73.69
97.68
61.26
55.87
122.8
56.11
55.05
70.08
56.03
48.86
110.4
106.7
72.96
136.7
64.13
68.42
105.9
55.86
98.49
135.4
122.3
74.34
84.91
68.41
39.9
97.85
60.18
50.83
54.8
60.17
64.33
37.5
70.2
85.72
63.34
51.76
121.4
95.99
49.76
100.5
69.45
94.27
60.87
58.26
73.71
143.9
81.71
104.0
82.04
100.3
163.4
45.63
98.94
82.68
84.3
70.61
61.26
63.97
58.52
156.1
96.5
111.4
70.58
138.2
57.6
70.94
93.38
67.22
137.5
61.59
126.2
60.99
125.9
79.18
91.96
61.4
77.34
109.6
78.78
80.26
120.7
125.3
130.3
109.9
74.58
116.7
73.86
59.41
57.35
61.41
84.9
125.9
108.1
104.0
65.2
128.3
57.99
103.2
145.4
105.1
51.48
101.2
68.56
107.8
107.0
143.3
101.4
122.0
134.5
130.4
93.96
73.33
68.42
78.63
71.74
65.4
83.56
73.38
66.67
117.4
123.1
125.3
105.2
70.32
105.7
140.7
142.5
108.0
119.2
86.23
56.01
42.86
39.98
79.96
138.9
81.26
123.9
85.66
99.55
139.0
103.9
103.0
81.24
119.2
77.36
98.34
180.0
118.1
105.8
101.4
112.2
61.14
78.05
67.92
75.88
119.0
78.38
73.39
95.05
81.97
94.2
62.41
70.68
100.3
85.38
141.3
87.47
148.1
105.9
96.01
120.4
64.68
66.4
125.3
130.8
94.59
75.53
83.45
127.7
96.01
129.4
78.57
57.83
220.4
123.7
72.92
82.44
85.38
134.6
73.34
93.67
81.11
130.7
70.42
87.65
137.1
165.3
105.2
67.51
104.1
83.31
125.8
83.36
69.37
123.5
119.1
111.9
87.24
111.8
140.1
99.91
107.2
124.1
75.75
106.5
113.7
104.1
65.43
67.8
99.93
106.3
74.58
114.0
55.77
94.09
132.8
113.0
101.9
147.2
57.61
159.7
97.26
128.6
127.8
67.75
128.5
87.82
143.8
100.3
69.05
119.9
149.6
116.0
130.7
87.69
191.7
125.0
122.6
112.6
133.8
94.89
187.5
114.0
98.94
142.6
94.15
97.22
120.6
140.8
65.69
86.86
124.3
87.96
127.0
106.1
96.49
96.61
77.02
146.3
96.21
115.4
98.05
102.9
143.1
110.9
60.52
101.0
115.3
102.3
109.0
99.04
91.11
112.6
81.96
94.74
135.6
173.1
81.93
131.4
114.4
87.34
123.9
121.5
162.5
155.8
137.0
126.0
114.6
68.13
114.1
88.01
162.3
139.3
163.7
108.5
122.6
87.96
129.0
97.59
155.1
70.77
138.5
191.9
141.7
97.17
124.7
126.5
124.7
82.11
93.36
158.6
90.21
82.69
142.2
134.8
145.3
150.5
122.7
95.41
139.3
140.3
128.5
96.8
128.0
109.7
97.23
97.55
121.5
124.8
82.07
125.9
134.0
96.83
97.67
95.81
124.6
92.66
60.59
123.3
98.8
92.39
99.51
104.4
107.9
72.34
125.2
88.01
87.69
141.6
111.3
71.35
125.9
91.46
147.2
102.7
112.2
90.34
119.7
107.4
86.26
116.3
131.7
98.25
105.0
113.0
149.3
104.5
99.88
114.2
128.4
97.51
119.0
109.2
35.99
80.01
78.19
65.75
68.49
107.2
47.96
86.49
72.75
55.48
26.98
38.55
114.6
62.71
59.13
98.13
90.41
68.51
81.67
79.19
91.97
71.87
60.0
122.3
46.2
47.99
36.16
49.38
98.21
66.1
86.97
71.16
89.61
72.38
111.3
73.98
63.18
77.78
42.6
58.72
65.96
93.6
90.23
69.36
65.41
68.18
76.36
75.13
47.97
67.04
109.6
76.12
58.73
61.73
51.74
70.73
59.01
30.2
30.22
60.21
110.9
95.77
56.31
71.98
59.76
85.01
117.4
78.26
82.18
67.63
35.07
41.83
83.84
103.7
79.6
97.66
79.28
112.1
79.17
83.75
95.82
74.34
38.39
45.08
111.0
65.49
92.4
59.89
59.89
81.76
87.13
73.0
103.5
57.11
37.13
82.97
77.96
50.96
74.76
76.46
150.0
79.74
68.06
53.03
59.44
75.4
68.98
27.88
123.3
88.63
77.32
43.8
34.78
112.6
77.41
69.92
102.4
54.34
99.23
54.61
78.08
99.35
122.5
71.15
82.9
92.02
91.2
74.78
67.32
19.03
43.3
78.52
120.4
62.79
59.05
81.99
52.87
23.96
125.0
81.01
104.2
81.93
55.8
166.1
104.2
35.65
69.55
133.4
48.38
74.4
59.17
116.8
90.54
87.66
75.07
77.73
75.44
61.88
93.44
0.0
98.5
65.47
55.64
42.0
29.74
49.08
90.7
88.49
96.33
133.4
0.0
33.85
59.84
61.6
63.75
82.78
79.48
23.22
97.0
57.45
66.19
81.47
84.3
110.6
42.49
117.3
118.7
59.35
109.6
97.87
96.16
94.47
119.8
36.85
60.52
65.24
82.64
66.84
89.13
93.76
38.55
116.5
59.86
48.91
69.69
138.8
62.98
55.48
112.5
89.34
45.19
99.84
82.19
71.0
61.61
79.19
73.33
43.5
72.53
176.1
122.6
100.3
86.36
74.5
98.7
40.23
112.2
84.57
111.1
128.9
50.82
58.53
82.99
81.27
66.82
55.23
111.7
64.41
97.22
113.5
131.7
71.21
109.6
68.27
66.49
50.18
100.8
49.79
51.14
62.82
90.39
45.03
122.0
32.5
40.21
79.57
60.62
111.7
51.33
81.96
70.84
61.23
47.71
141.7
60.35
106.4
43.38
21.31
87.46
77.48
90.5
102.0
116.6
92.0
92.67
74.41
53.49
112.2
67.77
92.71
80.54
75.84
89.38
47.8
44.53
79.18
67.54
39.82
62.7
143.4
70.81
77.55
54.43
89.82
97.09
65.02
107.3
68.01
39.95
100.8
84.97
91.82
58.38
78.5
86.03
79.45
94.85
46.95
116.0
36.85
46.53
90.64
85.77
85.55
86.4
100.1
38.55
117.0
79.74
82.29
40.43
38.56
96.83
43.18
41.23
101.3
125.2
86.29
58.93
47.31
78.4
86.63
53.24
4.134e-06
96.55
97.78
94.31
66.69
124.9
72.17
24.89
66.97
58.26
64.99
86.51
92.09
73.14
67.8
97.53
52.61
87.1
104.1
43.7
106.3
47.31
38.03
61.81
77.28
63.7
58.97
86.63
40.51
43.37
89.45
82.3
48.52
67.11
45.14
73.64
104.3
19.52
35.68
114.7
55.12
87.34
42.16
56.32
44.38
97.54
97.84
88.13
97.15
134.1
50.19
76.47
114.9
40.27
60.04
90.93
70.38
68.02
52.24
101.7
58.28
43.16
57.25
67.77
88.93
51.03
51.33
126.7
65.21
38.07
42.56
83.37
50.78
63.35
51.96
60.42
58.76
89.37
66.8
60.2
97.64
106.6
57.58
104.2
29.58
62.91
62.41
26.64
83.95
146.8
44.63
89.54
50.44
81.46
74.69
49.17
22.5
115.6
69.06
128.6
56.3
66.66
68.79
57.48
56.41
31.77
90.63
55.79
52.9
49.08
120.3
235.4
68.13
107.3
100.4
40.72
20.45
36.07
42.46
132.1
30.97
92.96
97.14
79.94
49.64
50.33
102.4
91.87
90.21
89.92
70.21
38.03
82.52
49.11
75.28
71.02
56.59
107.2
62.08
61.87
55.68
108.7
79.73
55.1
60.01
51.35
85.96
76.15
131.1
74.48
115.9
85.04
88.88
66.5
70.99
69.86
41.42
22.35
62.57
0.0
58.38
79.06
82.11
61.9
85.38
144.6
60.51
39.45
73.12
118.5
27.74
84.1
53.02
51.47
90.37
83.2
33.32
88.22
91.42
33.05
98.62
150.2
73.92
50.96
65.29
59.11
91.66
90.04
94.44
113.9
64.28
0.0
60.38
69.15
45.82
48.99
92.38
45.92
59.87
90.05
100.3
48.81
74.11
77.28
51.25
0.0
108.0
48.57
136.5
55.78
44.66
67.37
57.21
88.28
50.06
95.69
83.16
46.15
57.55
110.1
74.03
86.95
59.04
115.7
30.63
52.05
114.8
70.9
87.77
59.14
35.33
78.85
84.87
54.33
46.45
92.07
86.37
26.76
63.97
91.13
47.1
74.06
85.64
82.45
0.0
123.2
54.64
55.97
149.0
5.355e-06
98.56
120.6
51.49
38.96
91.85
85.91
47.54
67.08
67.4
147.1
84.63
68.45
65.08
116.1
52.96
52.56
86.17
51.14
120.2
98.4
92.31
49.76
53.73
70.1
83.67
0.0
97.11
66.82
72.45
57.94
39.14
23.37
76.99
66.61
84.01
134.9
74.54
76.67
64.89
78.66
73.53
87.18
102.2
65.87
56.06
98.31
94.33
126.4
73.15
160.7
37.17
119.4
48.53
121.6
102.8
67.18
74.11
86.86
47.32
78.96
47.77
67.2
60.12
98.19
76.2
101.7
65.43
68.92
143.0
83.52
76.69
55.34
28.93
85.52
97.45
33.7
79.94
75.83
96.73
104.1
114.1
118.9
39.37
37.17
61.49
76.54
34.29
67.29
75.66
58.93
88.42
87.07
54.53
76.6
119.8
39.45
104.7
38.12
62.77
30.89
47.97
69.32
74.77
53.87
129.5
68.38
95.33
67.36
48.14
158.1
127.0
92.81
83.24
53.25
95.97
79.91
112.6
99.35
71.7
65.16
43.55
77.2
59.34
112.1
57.84
121.6
66.3
0.0
75.49
143.7
87.25
79.49
38.58
110.1
100.5
97.65
78.6
67.8
45.79
94.44
57.3
97.56
60.92
52.98
52.98
26.59
85.95
124.8
68.2
0.0
62.39
82.37
56.72
90.26
76.46
74.83
93.48
56.71
115.5
67.52
64.29
83.05
133.2
75.96
40.87
78.6
47.65
100.3
68.81
113.0
98.75
82.56
62.06
71.28
85.54
52.79
116.7
90.8
74.42
82.71
28.31
64.57
108.8
93.14
49.9
63.22
77.37
112.7
50.37
32.13
89.63
32.13
94.78
85.68
98.8
67.84
127.0
85.33
37.17
104.4
69.67
60.49
89.99
96.4
75.78
32.34
54.32
102.4
82.66
50.65
68.64
56.38
66.66
45.16
115.9
27.9
111.5
36.97
78.38
59.97
50.11
83.46
117.0
109.6
54.82
106.7
73.19
52.87
88.95
71.8
91.11
117.8
39.43
36.15
55.08
36.09
80.1
48.87
49.56
49.56
72.83
55.06
111.3
57.71
82.09
107.2
29.73
112.4
44.07
51.33
30.89
54.93
72.05
114.4
79.14
33.65
81.01
129.4
67.15
88.76
95.69
97.62
73.1
31.86
91.75
74.76
133.3
93.19
113.4
75.73
73.7
85.46
104.7
139.3
106.8
79.68
139.5
55.9
65.19
64.52
36.22
65.57
41.5
64.42
83.16
114.5
60.75
48.71
83.24
50.18
77.16
78.09
48.7
65.96
49.3
110.8
90.86
113.0
116.7
0.0
74.68
40.19
77.06
123.1
36.49
114.5
79.25
69.45
68.14
105.9
52.38
82.44
59.6
85.0
56.32
82.0
51.49
80.37
34.02
133.5
81.97
125.6
73.27
65.51
86.61
62.72
77.2
81.34
114.5
97.64
56.37
74.48
76.7
68.74
29.52
109.7
88.97
44.41
109.9
147.6
84.23
55.77
68.14
42.6
78.21
95.72
160.8
88.03
64.46
92.97
86.02
30.81
106.7
51.49
58.96
48.51
108.0
59.26
115.3
18.95
63.56
87.22
103.4
72.38
84.91
124.1
100.7
62.39
48.68
72.81
51.47
34.13
82.36
121.9
89.45
87.88
79.44
123.9
97.21
54.41
70.42
83.48
73.35
55.62
85.38
64.35
36.35
68.32
22.79
114.2
81.06
68.43
66.8
114.9
133.9
47.38
33.0
46.81
46.78
77.11
103.0
65.15
73.61
94.96
107.7
102.0
75.33
56.44
182.6
108.9
98.61
97.39
72.79
56.02
96.43
75.09
80.48
49.26
169.9
97.64
155.0
110.5
65.42
0.0
109.4
0.0
100.9
82.09
0.0
101.3
68.46
0.0
105.2
53.23
48.64
129.8
76.03
90.92
77.15
71.99
0.5
94.95
34.96
101.7
118.1
64.87
97.92
103.0
0.0
141.3
142.5
69.46
57.4
174.2
75.49
65.29
101.9
85.83
93.41
284.5
101.3
105.5
131.1
97.71
139.7
140.1
52.47
90.92
73.7
125.0
0.0
107.8
49.58
119.4
69.51
123.1
49.63
111.3
98.21
198.1
105.3
98.43
0.0
81.09
64.8
68.35
94.82
91.39
133.0
204.0
79.41
60.37
159.8
121.2
102.1
64.05
110.1
74.34
112.0
121.4
72.12
109.8
93.19
0.0
103.0
0.5
69.93
91.32
112.1
69.48
73.73
96.18
41.81
83.65
89.0
0.0
86.35
0.0
58.7
119.4
96.88
56.27
81.56
119.9
144.7
93.93
87.16
67.58
96.53
75.27
78.1
88.86
66.61
54.2
109.3
173.8
88.05
95.71
52.47
55.3
135.3
87.98
68.6
113.1
84.93
85.06
130.1
0.0
58.51
126.9
122.7
125.6
105.5
0.0
49.0
67.67
101.4
62.04
105.1
94.63
103.6
151.6
121.2
66.97
139.0
137.2
56.03
129.7
139.9
91.22
77.38
229.9
32.04
63.83
86.17
76.3
130.3
82.09
51.62
72.8
79.62
156.7
78.46
81.88
52.33
135.9
157.7
0.0
140.9
144.4
18.2
89.76
108.6
39.0
89.75
52.59
112.5
145.7
119.4
54.68
136.8
77.97
0.0
85.55
0.0
39.91
159.5
108.6
59.33
76.82
110.8
nan
109.3
63.1
0.0
123.0
250.9
137.8
178.4
153.4
22.4
80.5
108.2
30.46
76.47
121.5
30.45
120.8
83.31
0.0
84.48
81.64
87.18
114.3
62.59
66.09
148.9
125.0
59.29
120.1
120.4
96.72
145.6
164.2
156.7
150.7
71.27
31.35
142.5
97.8
148.5
91.87
56.16
0.0
124.6
114.1
43.68
103.6
117.3
22.4
99.39
67.06
69.67
113.2
92.22
61.53
80.0
110.1
78.29
83.97
143.9
53.57
95.71
94.06
33.86
88.08
115.2
100.8
142.5
80.42
3.718e-06
99.86
148.9
125.6
97.97
0.0
165.8
100.2
149.9
39.25
90.81
93.34
84.59
120.6
59.76
0.0
130.9
60.12
47.0
93.1
104.4
156.7
119.4
72.73
0.0
160.2
86.85
0.0
0.0
67.06
108.0
92.58
88.62
55.87
121.1
73.2
32.73
134.9
87.16
78.99
166.7
118.6
61.83
7.176e-06
71.66
49.0
75.82
163.1
88.41
87.55
79.4
42.7
109.5
142.4
119.7
104.6
0.0
51.22
56.74
149.9
32.12
74.03
132.6
88.03
102.2
85.7
66.91
100.7
142.4
100.1
97.64
40.17
122.4
80.97
66.1
126.9
49.16
125.6
164.2
93.66
119.4
78.4
88.99
69.73
121.6
63.76
0.0
74.03
101.0
21.91
78.49
156.9
0.0
90.46
72.95
62.02
204.0
48.99
0.0
132.7
98.21
167.4
82.35
106.1
119.4
92.06
63.49
97.92
77.57
115.8
49.68
85.99
56.16
42.72
67.68
125.7
48.08
149.3
105.4
46.56
110.0
56.36
73.66
107.5
78.12
44.05
127.1
112.5
0.0
82.17
108.2
99.9
121.6
97.73
39.0
62.2
49.01
0.0
113.9
98.93
94.04
78.84
151.6
79.03
74.03
56.16
45.0
123.0
75.21
0.0
283.9
86.85
39.0
79.74
108.0
68.54
78.3
45.6
64.58
113.3
66.89
32.73
156.3
60.63
39.94
130.5
65.89
0.0
86.66
77.73
55.37
117.8
93.19
0.0
63.59
90.94
49.0
216.1
146.0
87.77
132.4
73.96
148.0
123.6
69.2
94.93
126.1
72.11
84.1
33.84
64.48
30.7
79.86
61.65
61.96
75.4
75.37
62.16
38.76
29.86
38.62
87.88
51.35
59.14
86.65
35.52
43.76
85.75
54.63
44.67
3.063e-06
72.94
43.19
85.23
47.91
54.2
33.74
32.09
60.54
80.36
39.83
59.67
94.69
63.5
94.54
40.42
45.36
62.86
44.06
52.59
80.27
61.89
85.31
50.27
56.05
44.28
66.55
36.01
19.2
20.41
65.28
60.24
64.2
44.86
42.39
80.79
81.38
61.61
34.16
81.34
64.1
51.13
48.07
65.81
78.82
84.97
54.49
51.4
72.29
62.99
54.97
37.99
47.53
24.32
71.21
68.62
65.4
59.89
20.34
67.94
51.86
54.83
82.51
37.32
38.31
50.64
75.8
48.48
78.66
36.1
48.1
56.46
50.56
42.98
68.23
42.95
55.34
88.24
48.75
87.82
28.92
81.17
55.48
90.58
70.93
67.16
65.35
55.08
44.92
42.28
66.4
64.41
64.01
43.71
51.12
45.27
63.2
48.23
52.41
44.14
75.38
50.7
65.81
52.74
63.84
57.52
35.48
83.1
43.57
63.82
69.81
47.36
39.78
72.16
43.61
68.84
27.58
76.55
54.41
48.72
52.24
46.21
47.6
39.76
42.14
97.65
38.87
86.34
88.99
48.73
68.05
57.62
133.3
40.54
68.1
51.81
58.44
71.92
23.47
71.91
69.42
36.75
60.26
31.61
55.63
76.52
36.14
44.17
38.87
63.68
54.81
84.51
47.88
47.18
54.26
65.79
53.91
36.11
51.23
67.78
82.29
76.89
21.93
40.14
41.35
36.52
59.24
43.85
43.14
58.7
78.84
72.85
80.11
36.14
117.4
67.23
50.85
66.09
71.97
82.62
34.72
63.12
57.88
52.37
29.04
60.07
54.51
70.88
40.73
58.6
78.29
5.277e-06
36.83
40.59
88.87
74.2
52.51
70.76
79.57
52.37
38.56
46.79
54.69
38.84
87.56
48.66
71.29
68.19
80.48
37.5
49.57
79.82
63.26
67.6
72.39
32.23
42.79
52.04
75.71
50.98
67.22
66.65
76.95
65.19
40.39
94.01
54.97
43.75
48.63
69.92
39.55
83.08
77.47
34.36
79.56
65.5
106.3
63.63
64.84
71.87
65.06
38.94
42.04
116.8
87.86
21.81
54.91
62.41
73.24
63.26
77.72
81.2
44.56
66.14
54.16
55.6
50.74
59.2
78.74
69.37
51.67
56.42
52.0
43.61
59.39
150.0
43.56
48.67
71.51
43.72
94.15
45.91
54.75
44.02
79.94
45.05
79.66
61.67
74.13
60.96
109.4
26.83
46.01
67.34
56.81
44.58
59.94
94.19
65.94
50.72
52.03
36.74
7.48e-06
52.69
51.47
90.57
42.4
42.56
40.55
54.25
38.09
49.26
65.16
70.73
38.22
75.31
66.78
84.09
83.18
41.27
46.76
62.3
66.52
58.97
53.96
34.58
61.49
38.19
66.48
72.97
30.82
34.59
48.88
77.8
78.28
53.21
110.2
68.52
62.54
35.97
55.6
41.51
50.62
78.4
47.18
49.71
47.14
82.8
52.86
49.15
58.63
56.4
55.71
62.89
32.84
100.8
78.55
55.53
48.92
49.5
55.23
59.94
40.08
66.06
37.84
47.44
61.63
60.64
60.67
49.04
72.64
39.71
50.31
57.67
54.33
118.4
120.1
56.7
69.14
93.78
23.93
50.01
50.93
40.16
35.39
90.74
56.96
57.4
67.17
52.03
59.63
103.7
49.5
61.75
64.5
81.48
75.91
65.97
44.81
56.42
31.97
44.48
87.36
54.48
55.97
60.7
56.62
75.3
48.45
54.03
87.91
78.66
41.36
65.1
52.21
62.37
66.38
61.43
101.7
63.43
70.15
80.21
46.08
54.74
46.88
63.15
103.3
29.3
72.2
99.9
37.84
57.83
83.52
47.04
52.63
48.03
98.08
79.33
35.35
49.08
51.93
94.48
77.02
59.36
53.1
51.43
37.6
44.33
61.46
57.6
44.93
46.37
59.63
53.0
61.66
46.65
67.25
72.29
63.83
52.06
50.12
49.64
77.8
75.71
56.44
39.15
52.4
56.81
62.85
38.48
75.9
26.31
62.52
32.38
57.15
64.67
33.91
65.4
54.74
74.01
76.24
51.03
70.6
81.57
79.62
56.27
26.16
76.44
70.49
48.89
84.03
67.51
58.75
66.73
70.63
45.07
33.37
41.18
11.37
56.47
51.83
75.31
41.11
63.57
83.22
44.91
62.18
78.53
27.93
38.08
52.86
26.48
46.62
91.78
68.61
55.5
54.62
53.51
57.25
67.43
40.71
60.75
37.35
40.74
43.69
20.8
59.33
79.61
66.91
58.78
57.65
62.98
54.26
57.86
95.81
69.74
37.63
52.97
40.49
22.18
93.95
56.99
66.09
71.54
92.81
29.57
50.65
84.01
46.66
50.69
74.6
41.8
61.24
41.67
42.78
39.42
98.02
112.2
48.92
39.69
80.9
46.96
38.88
43.44
49.48
61.66
52.89
35.2
56.4
76.82
54.22
81.81
41.5
58.33
69.4
81.23
46.9
64.94
68.6
72.13
46.96
43.85
97.43
43.18
53.94
49.87
71.39
66.63
77.42
47.44
41.2
59.16
69.4
58.09
39.4
22.39
14.51
82.04
55.34
99.44
63.32
66.29
50.91
50.5
46.62
51.01
34.57
55.31
73.19
81.19
35.04
80.11
79.24
59.61
32.96
62.1
40.0
43.74
69.48
47.39
47.75
67.92
53.17
41.52
106.2
58.31
59.55
57.2
97.8
83.14
36.03
50.33
61.3
53.74
54.97
94.79
53.16
37.97
53.64
72.78
42.46
27.48
76.77
74.46
24.83
60.74
61.22
36.4
54.05
48.76
69.83
46.45
42.94
42.41
13.43
38.81
46.55
66.05
52.39
64.53
47.51
70.98
55.71
96.51
36.83
65.85
55.62
31.26
69.04
22.44
66.57
40.6
38.66
75.48
72.75
42.67
48.1
105.2
79.39
30.06
52.36
74.67
38.11
56.23
76.36
32.51
33.55
48.07
46.11
50.68
83.94
68.07
40.67
38.64
35.9
70.75
47.54
55.33
33.44
80.44
55.24
43.28
40.87
93.56
71.74
91.35
93.89
65.64
85.17
42.4
60.44
63.28
53.32
66.47
82.72
92.92
36.52
34.42
32.99
69.29
65.43
63.28
39.79
61.49
45.82
31.58
43.92
80.29
57.94
67.57
82.41
54.53
141.2
65.43
50.72
57.55
44.42
86.15
52.63
71.75
30.26
48.38
71.9
78.8
88.0
48.96
66.2
56.81
40.88
72.72
23.1
66.24
58.22
25.56
55.98
63.78
80.08
69.83
14.85
22.16
74.49
90.98
56.37
64.6
43.88
65.05
44.74
0.0
47.27
50.74
31.22
41.31
34.7
44.88
74.67
66.37
31.49
81.48
32.73
89.68
46.67
39.59
37.3
67.77
30.93
48.74
51.82
33.7
30.72
86.41
47.9
47.28
47.91
82.75
57.02
65.9
30.49
129.2
82.5
47.92
55.0
96.24
52.21
43.65
24.68
46.34
68.67
47.23
43.36
64.3
74.97
40.75
41.02
50.65
73.27
47.63
59.42
62.95
46.18
49.92
81.68
57.9
61.78
75.92
66.32
70.11
85.45
73.93
86.02
72.39
83.76
65.2
61.99
76.13
59.79
77.63
60.22
37.22
84.83
81.87
75.8
79.93
84.39
16.33
31.64
37.43
61.39
33.38
53.83
70.15
41.44
35.45
62.94
32.19
27.69
63.13
55.21
47.77
55.68
80.66
44.55
62.72
62.33
50.75
46.24
31.88
62.22
59.87
55.33
51.15
37.78
55.45
72.84
54.55
25.76
79.28
87.39
53.66
55.2
27.9
83.79
47.3
46.98
86.32
58.83
67.13
46.28
55.53
48.99
78.92
54.86
69.39
49.69
60.64
30.03
44.22
62.54
89.48
72.27
90.19
66.01
41.36
65.78
49.98
60.74
49.94
54.62
28.2
98.3
58.98
44.29
37.85
30.36
57.94
49.49
65.97
61.98
66.12
44.99
77.49
72.63
59.43
42.38
72.59
71.38
55.29
73.35
39.81
48.51
34.91
91.14
25.78
61.96
52.7
67.8
73.61
79.9
64.86
64.22
38.44
45.3
31.26
52.22
75.78
68.95
19.22
95.57
50.74
90.02
50.66
77.44
67.82
72.26
31.98
50.6
47.58
60.29
60.24
92.08
37.57
52.82
26.0
7.173e-06
33.76
43.28
44.92
111.2
34.1
50.97
34.59
30.8
74.78
56.03
83.42
32.29
56.58
41.4
44.76
40.64
91.85
89.7
35.13
34.78
77.0
78.3
62.91
72.79
110.8
42.48
71.09
86.86
67.74
38.33
52.76
54.23
43.32
62.3
45.09
57.31
116.0
49.64
33.47
88.03
49.87
18.36
78.52
41.27
38.63
62.75
50.19
26.45
60.88
50.26
85.29
85.81
66.78
28.38
70.5
71.48
50.12
63.0
91.14
51.78
135.2
50.29
33.14
106.4
41.7
47.52
43.38
71.37
48.61
94.99
123.0
38.46
58.93
121.9
100.1
70.5
65.04
34.61
89.73
30.4
37.86
84.64
96.02
83.09
57.88
45.43
59.76
59.5
58.74
37.86
68.34
85.84
58.23
140.5
46.38
140.9
51.05
68.21
43.89
93.63
46.59
45.86
80.31
49.05
48.47
60.84
42.14
56.56
81.24
57.02
40.6
100.8
38.49
47.7
71.56
73.46
26.65
87.91
33.16
50.46
82.17
30.02
55.38
126.2
48.97
36.42
87.09
146.2
54.44
50.83
80.09
43.46
81.11
80.87
32.42
36.81
55.27
24.04
35.62
39.66
85.22
72.81
35.21
47.22
67.21
83.06
26.91
204.6
80.46
89.55
62.46
75.38
45.63
56.26
55.92
33.91
92.79
38.53
36.06
56.77
26.66
54.25
60.83
115.8
27.22
50.69
172.9
52.7
83.34
48.49
89.21
122.5
37.24
32.43
69.28
36.1
62.45
84.87
89.12
18.36
64.21
58.65
25.91
108.0
74.94
31.98
72.92
67.56
101.6
111.3
51.49
39.08
57.96
49.45
44.67
46.09
59.56
28.41
125.1
61.53
29.17
74.81
40.31
36.76
98.47
67.95
27.48
68.95
70.37
52.36
52.76
53.24
67.0
91.2
37.86
22.92
100.3
31.18
28.76
258.6
65.48
32.49
74.2
47.4
40.3
111.3
46.09
32.69
63.88
64.68
42.92
107.9
46.86
6.657e-06
110.6
44.69
55.27
106.9
47.24
63.78
66.49
69.45
29.97
89.35
37.7
33.58
133.3
38.09
15.33
73.04
72.59
20.54
156.9
48.38
17.75
52.45
47.42
37.34
78.0
49.47
57.84
50.17
70.4
63.85
87.96
75.46
51.59
47.25
37.82
18.23
91.77
149.8
85.83
55.53
78.36
54.29
57.25
30.67
44.5
79.51
66.57
131.8
65.91
74.43
77.92
41.1
45.52
36.19
74.84
77.65
108.9
52.36
133.9
41.44
94.58
37.02
94.06
38.32
68.34
83.63
119.4
79.79
106.3
44.38
72.99
94.91
145.6
39.74
50.13
43.94
56.43
34.88
74.5
230.6
45.96
42.09
84.32
35.97
65.71
90.45
68.84
59.72
110.7
142.6
97.68
45.14
65.06
49.11
58.31
82.92
73.92
124.0
62.12
133.0
89.72
81.14
54.11
78.83
140.6
70.48
68.29
105.0
33.68
50.71
77.53
96.44
116.3
66.16
90.68
109.1
92.2
60.4
71.83
73.38
71.88
47.81
89.4
108.2
66.36
64.66
80.04
80.85
84.58
45.45
80.69
103.4
75.35
135.6
113.6
61.81
59.24
5.989e-06
145.3
23.93
110.9
93.14
85.14
49.62
117.9
99.88
44.7
136.3
119.0
104.0
163.9
143.7
89.35
104.5
115.6
135.4
98.14
59.76
79.12
53.89
71.21
94.15
51.02
103.7
86.24
66.31
84.35
68.71
44.13
93.95
146.6
49.16
51.87
95.39
90.72
102.4
88.53
59.27
135.4
61.32
64.31
83.07
91.98
68.32
55.6
48.78
77.37
81.23
82.57
96.71
54.76
47.17
99.81
90.75
87.17
66.45
70.72
79.83
46.03
34.81
43.08
127.1
55.64
62.33
100.0
114.6
50.37
97.35
0.0
121.6
59.3
95.16
117.7
63.69
69.94
60.42
59.47
70.76
61.08
66.65
82.36
35.31
78.75
103.6
55.24
113.6
58.67
54.82
126.5
99.49
104.3
42.16
90.27
70.92
35.58
94.34
69.6
146.7
54.02
45.21
89.17
104.6
151.7
84.29
97.89
71.11
109.9
118.0
154.7
116.1
85.84
90.5
48.72
110.2
111.2
157.8
59.63
116.2
60.49
47.47
74.0
58.17
70.96
62.46
105.6
87.14
73.89
87.73
74.38
80.81
35.9
41.07
74.48
97.77
43.83
49.85
58.59
70.75
96.06
53.64
68.84
78.46
104.0
63.24
91.37
60.57
0.0
193.5
41.37
48.87
144.0
75.21
59.07
169.5
67.8
93.55
98.26
60.42
32.04
77.47
114.4
47.89
48.76
38.99
49.3
70.68
95.3
71.6
97.93
67.04
0.0
87.4
99.14
37.58
62.74
74.35
110.6
60.07
130.8
117.0
102.8
123.6
69.86
68.04
59.39
143.1
88.31
79.18
95.84
96.89
70.29
57.06
89.51
0.0
62.66
84.15
45.4
72.94
87.38
110.6
62.92
86.29
62.11
92.73
92.9
37.76
38.26
80.64
89.29
67.62
54.99
55.03
81.06
58.25
120.9
99.23
116.2
84.11
70.1
156.0
83.59
66.06
68.64
67.56
64.94
62.7
122.0
85.98
118.4
79.9
65.92
91.34
80.85
59.23
71.59
62.39
70.64
67.56
155.0
121.6
67.43
46.07
32.85
71.31
53.04
64.03
68.74
61.41
122.8
130.5
56.91
118.9
79.79
67.43
54.16
87.19
117.8
69.41
76.58
0.0
132.8
75.48
61.64
92.12
87.27
108.3
69.01
63.16
63.86
67.77
64.69
121.2
44.41
84.94
82.59
108.9
75.04
70.08
48.65
109.0
72.57
73.65
105.3
73.3
100.4
124.1
141.6
121.6
145.4
148.2
135.2
112.1
30.02
72.63
89.68
87.76
41.15
84.14
84.04
67.79
45.68
102.4
30.44
86.87
45.36
56.6
71.01
69.64
92.67
48.47
38.4
93.12
84.35
75.25
75.33
107.4
117.4
34.34
84.42
114.4
50.25
57.55
100.6
80.74
105.7
80.42
83.31
69.2
98.73
71.41
65.64
57.28
36.3
50.64
104.6
129.7
57.69
98.74
38.77
76.15
56.21
73.16
106.7
72.97
75.03
45.21
49.21
57.1
0.0
113.4
42.15
105.8
66.71
96.58
60.06
35.59
82.67
61.58
84.76
81.85
80.19
83.52
22.07
107.0
32.68
102.9
112.2
31.78
56.79
70.7
66.54
90.37
89.42
109.6
100.3
63.64
79.76
6.728e-06
83.9
46.78
81.7
89.54
117.6
65.1
92.54
106.8
53.58
60.4
82.58
83.62
73.28
121.9
72.3
77.39
93.02
108.6
89.56
77.82
72.98
83.5
159.5
80.64
136.5
65.0
39.13
101.6
126.4
56.5
53.35
69.87
103.4
66.84
123.9
63.93
77.09
66.13
48.71
138.2
82.63
88.78
43.51
69.4
81.65
31.39
202.0
79.91
94.57
91.39
63.82
92.2
62.71
30.65
107.0
48.57
64.64
92.14
37.12
91.69
65.49
89.15
66.56
93.27
58.9
104.5
44.9
99.44
63.39
77.81
80.19
109.0
73.14
106.3
0.0
61.52
63.84
57.08
57.44
62.74
46.41
84.1
78.69
59.74
116.2
26.73
54.59
103.4
79.13
89.77
63.52
63.82
78.6
85.58
100.6
108.3
50.86
90.03
112.0
75.96
64.74
62.5
87.62
80.59
126.6
39.84
57.5
87.67
79.48
130.1
75.75
116.5
79.93
96.15
162.7
33.38
70.57
5.08e-06
54.82
93.83
105.6
72.06
69.28
66.33
55.89
42.47
167.8
73.08
101.5
94.66
61.09
83.41
80.06
84.21
95.25
120.3
108.3
67.68
56.91
96.38
80.87
77.01
102.5
102.4
50.73
92.11
66.47
91.95
69.38
58.69
103.6
0.0
84.66
138.0
80.95
113.1
99.8
42.37
88.0
96.58
114.1
116.4
49.37
146.0
100.9
119.8
79.8
78.88
101.9
73.57
49.38
63.06
0.0
62.91
88.32
61.4
67.04
35.35
84.11
62.01
95.55
51.77
39.82
61.85
82.2
106.6
53.01
91.33
66.01
58.24
67.25
57.31
122.2
53.4
115.7
65.19
76.27
88.81
153.9
71.3
60.04
79.23
38.96
45.38
88.01
24.53
50.72
55.34
73.59
62.07
54.37
83.84
79.17
57.28
93.75
70.66
122.7
58.87
69.09
91.56
62.3
55.57
75.24
51.26
66.78
106.2
0.0
70.18
88.66
67.0
52.43
94.19
72.56
108.0
77.04
117.5
96.76
71.05
80.7
64.83
80.16
103.0
52.65
33.65
61.79
67.89
46.98
105.9
86.63
143.3
85.24
42.92
85.41
63.04
98.09
51.66
52.14
48.47
72.89
121.3
74.69
98.13
24.56
47.69
85.9
88.37
121.3
45.82
89.85
37.58
58.4
107.4
83.25
89.47
119.8
33.02
59.36
62.35
86.7
60.62
115.9
97.77
37.09
89.28
49.11
70.46
78.84
97.26
57.85
135.9
30.87
85.46
65.55
75.84
72.61
55.75
83.56
0.0
31.34
20.12
70.43
0.0
94.5
76.29
56.25
50.72
20.05
86.7
60.5
113.7
89.85
126.3
106.2
35.59
83.67
61.14
82.01
77.26
91.41
51.32
65.7
78.97
122.6
0.0
75.97
58.56
121.4
79.66
106.4
82.28
68.89
59.61
51.54
67.15
95.9
71.19
50.03
51.89
105.4
92.4
76.09
56.11
55.92
36.08
50.71
119.9
90.39
40.51
88.21
43.52
78.36
109.4
87.8
67.4
50.73
95.26
56.12
59.79
95.93
60.75
141.9
67.0
77.94
60.19
73.0
104.5
72.58
70.83
86.29
58.19
82.58
73.94
89.26
70.24
55.29
31.85
84.74
79.33
91.27
52.02
95.68
71.18
61.58
67.15
135.3
105.5
43.16
68.97
59.78
59.43
38.02
81.25
63.23
93.51
47.21
96.26
82.5
91.68
56.41
117.8
102.1
68.75
97.95
105.3
0.0
111.8
83.84
81.63
151.2
101.6
26.24
100.9
51.83
86.08
152.0
31.69
16.72
79.28
52.43
122.4
37.27
59.94
43.67
69.86
72.37
99.41
112.0
48.34
52.21
103.9
84.46
41.22
50.38
78.14
45.86
122.3
83.55
107.1
71.12
24.44
55.12
89.79
124.5
104.8
70.38
139.2
98.18
0.0
80.49
79.57
64.14
177.7
100.1
71.53
91.03
31.77
89.91
114.9
81.34
93.59
54.72
77.23
101.0
41.06
46.55
89.41
133.6
54.06
84.89
52.44
98.4
135.3
104.0
74.51
71.22
85.14
45.5
76.4
90.77
47.88
63.23
72.35
63.09
39.19
63.7
70.95
66.77
93.37
49.57
90.63
88.63
39.02
85.25
92.98
41.73
66.07
60.05
79.8
78.26
0.0
72.54
132.8
53.26
80.64
94.29
108.4
73.33
39.74
99.0
91.37
87.17
148.1
51.31
85.52
79.69
83.79
76.62
102.7
70.14
79.0
155.3
56.53
104.2
109.6
85.92
66.78
112.4
71.59
92.01
81.17
57.08
50.45
42.05
100.5
79.39
91.39
112.9
141.2
69.28
34.44
74.71
54.73
78.98
71.43
71.28
62.29
112.5
137.5
86.42
140.4
79.57
99.65
107.0
65.34
121.5
60.3
70.35
139.4
97.89
41.46
67.35
54.88
43.14
67.45
69.27
34.67
81.87
57.63
70.36
104.5
52.72
83.71
74.13
56.8
29.03
100.9
40.43
30.93
58.14
46.15
94.61
110.7
55.79
59.52
89.69
45.35
74.44
75.68
116.2
101.3
33.4
75.12
82.43
61.45
92.34
105.8
84.88
37.75
0.0
39.23
13.67
69.27
62.57
40.56
93.36
53.2
210.8
34.39
82.55
36.41
70.09
74.69
36.36
119.0
61.75
85.9
93.87
81.67
102.4
76.38
95.62
56.53
45.76
104.7
58.19
53.89
113.9
106.0
64.59
49.2
110.3
36.93
60.49
85.53
57.48
75.69
79.04
91.63
130.3
51.36
64.07
49.64
60.84
45.52
91.99
40.69
41.81
77.4
63.38
57.45
82.12
32.14
35.53
60.68
86.74
126.8
52.91
59.69
69.98
73.52
95.28
51.88
89.06
110.3
111.4
33.85
75.36
60.41
113.1
97.84
107.8
76.13
107.3
0.0
79.54
23.58
74.23
43.99
38.55
84.87
74.67
86.58
107.9
51.3
62.28
101.3
55.08
83.09
123.3
86.24
26.58
52.85
37.63
63.62
50.45
82.2
85.16
110.0
71.55
35.55
35.45
109.0
66.44
43.79
134.3
25.82
151.9
86.51
69.86
79.2
114.1
88.47
39.16
82.58
113.4
75.7
82.04
41.16
66.7
39.17
63.37
100.3
132.8
89.53
102.5
84.24
39.38
62.32
97.49
52.02
103.0
80.06
31.74
41.02
64.25
91.98
82.99
139.3
151.7
44.51
66.93
91.82
62.48
5.398e-06
64.85
87.57
87.42
65.78
67.62
60.87
55.99
61.35
57.74
63.32
63.27
117.0
0.0
91.88
96.1
112.1
62.08
75.44
121.4
72.32
74.77
102.7
30.18
97.09
87.85
94.38
49.05
132.9
55.4
71.16
65.33
61.25
44.54
78.07
57.08
0.0
169.2
107.1
47.94
124.2
70.53
56.88
106.4
133.3
69.04
62.12
42.63
41.3
80.94
30.74
128.9
77.55
39.07
99.15
0.0
62.48
143.5
124.2
82.57
66.09
106.7
92.11
113.3
0.0
66.83
92.56
66.67
56.39
104.8
60.77
118.9
123.0
106.0
68.34
41.16
64.99
82.92
80.54
0.0
85.08
82.45
79.84
80.17
103.5
64.1
102.7
128.7
134.2
71.88
29.46
113.4
125.9
45.09
125.1
97.13
0.0
66.94
63.68
64.34
96.88
109.8
54.38
87.84
55.83
71.85
47.74
105.5
55.26
114.6
34.81
60.18
180.6
89.15
111.8
74.67
68.4
120.5
105.5
75.63
85.28
47.88
101.7
45.15
103.3
32.54
95.32
135.3
27.87
96.68
18.24
73.97
77.7
57.88
109.8
46.41
57.06
90.96
93.81
109.3
88.96
88.61
110.5
70.13
39.94
99.79
70.1
50.59
178.7
32.38
91.19
11.73
35.93
54.86
91.33
73.05
57.59
66.68
100.2
152.1
65.94
77.98
49.42
59.92
0.0
32.58
101.4
81.36
82.83
56.15
85.79
47.17
25.82
30.32
51.25
53.86
135.2
84.61
121.5
126.7
120.8
90.68
180.1
133.1
83.98
83.87
93.51
152.7
48.39
113.1
126.9
73.05
113.2
41.58
86.1
98.62
59.67
60.01
61.63
51.99
134.6
81.71
101.2
109.2
97.12
76.35
132.7
63.88
96.24
146.2
59.52
108.1
62.89
97.17
76.4
49.3
74.28
98.9
64.95
68.81
52.26
120.1
72.87
54.0
72.03
64.69
112.6
95.29
90.26
93.68
92.66
48.59
32.07
54.22
117.0
45.53
60.06
131.5
119.1
113.0
87.47
39.69
111.0
122.3
69.68
147.1
175.0
62.48
88.26
90.21
53.45
48.05
117.0
69.31
75.14
28.03
117.3
102.2
73.62
20.87
77.49
46.91
111.9
50.43
136.2
0.0
106.8
50.21
101.4
0.0
97.99
93.2
74.87
57.31
56.92
82.85
63.94
106.4
63.75
65.71
87.75
109.3
75.84
67.03
87.58
124.1
86.71
131.0
70.66
102.6
100.2
60.67
69.73
58.51
97.17
63.64
147.7
72.31
47.3
64.63
71.55
151.0
92.28
77.06
107.4
68.62
81.46
112.9
105.7
56.78
91.44
53.71
87.19
54.02
82.78
90.45
67.84
105.8
99.65
47.32
168.9
67.81
56.5
88.18
90.68
156.5
82.92
9.382
55.71
57.71
55.13
28.98
34.06
69.84
84.72
99.62
47.83
62.36
75.74
102.7
48.83
91.67
109.3
69.85
51.39
25.49
101.1
87.33
57.79
63.89
47.15
94.29
71.48
88.38
48.36
61.86
118.6
85.15
115.0
89.57
129.4
51.44
52.99
53.58
73.31
95.83
80.83
117.1
97.23
82.95
112.5
46.69
107.6
156.2
87.03
76.37
68.45
93.04
98.83
52.9
50.26
43.3
39.94
145.1
128.4
85.52
159.3
110.3
0.0
39.41
78.29
65.62
58.43
99.41
142.1
47.01
30.94
61.72
132.4
92.8
50.53
131.6
74.38
106.2
151.5
12.07
157.5
83.84
81.26
92.87
74.91
50.38
118.5
100.4
99.89
80.06
41.58
70.98
100.9
146.8
0.0
36.32
105.5
59.25
90.0
47.98
46.49
162.3
68.36
63.4
62.7
63.25
65.31
122.9
95.75
73.61
61.18
29.94
56.98
35.21
85.1
90.1
97.37
78.35
45.35
30.58
110.0
49.29
73.51
64.13
31.4
53.89
104.9
99.32
91.31
130.9
50.06
68.81
101.0
118.3
101.4
123.6
65.37
92.45
59.17
48.67
14.16
41.33
123.9
105.6
84.77
130.1
79.16
64.64
33.89
117.3
0.0
58.27
140.0
76.45
56.85
83.55
0.0
82.65
82.59
109.0
127.5
87.25
44.41
89.62
118.9
110.0
96.94
80.44
51.91
61.47
59.97
61.28
82.15
64.68
106.8
77.33
104.3
137.8
108.1
84.58
123.6
69.35
70.01
34.81
79.54
57.63
78.28
107.1
151.8
109.9
139.6
83.09
63.49
50.49
69.64
32.96
75.36
109.2
23.7
99.2
32.78
127.6
80.78
89.67
78.79
0.0
75.63
112.4
62.57
107.6
74.03
50.06
44.15
72.87
97.82
64.05
64.1
52.99
107.9
96.24
49.16
31.81
116.5
124.0
81.92
66.39
90.02
139.4
41.65
42.48
91.53
76.78
129.4
100.7
76.04
77.5
110.4
96.57
110.3
124.1
119.9
93.02
115.8
79.3
118.1
75.44
36.71
98.42
44.68
125.6
72.34
58.87
89.61
0.0
60.51
90.4
58.48
43.73
111.3
73.32
75.7
71.64
147.6
89.22
44.02
62.85
63.65
103.7
132.9
38.91
117.1
0.0
73.08
0.0
14.17
113.1
113.1
138.0
59.53
70.27
33.08
81.03
46.73
46.34
55.53
80.92
77.83
56.86
88.85
81.38
123.4
61.77
120.7
67.82
121.3
73.02
109.2
121.2
91.73
49.36
133.7
58.4
56.17
139.3
105.6
34.95
0.0
30.5
14.14
31.74
0.0
50.08
46.91
0.0
50.45
59.09
55.67
39.58
43.34
4.95e-06
31.51
57.65
75.84
40.46
61.79
56.24
34.81
46.66
87.78
61.01
50.86
65.07
64.71
71.03
41.79
44.04
34.81
61.17
41.38
58.2
88.8
51.61
53.58
75.33
74.53
63.56
63.02
77.2
56.58
51.48
75.82
59.77
66.25
83.37
73.42
104.4
115.5
57.49
72.0
70.97
53.48
87.96
97.86
26.44
69.18
57.35
61.66
102.7
83.08
74.85
85.23
91.32
88.47
102.1
89.79
93.7
116.5
87.02
65.78
87.53
45.37
116.2
107.6
97.29
98.59
94.83
76.12
74.62
105.9
102.3
108.8
156.5
70.88
87.38
93.03
86.66
98.99
96.02
141.4
85.64
72.05
83.31
26.51
25.82
0.0
40.48
69.41
72.96
0.0
44.99
51.56
74.36
0.0
30.61
44.23
69.41
47.9
55.91
76.28
42.93
55.75
70.92
73.58
76.66
92.34
65.87
68.84
59.2
77.33
70.88
73.75
63.12
63.05
86.74
60.32
45.96
81.84
95.4
82.99
74.19
85.36
104.1
57.94
69.93
68.8
89.97
99.17
62.53
62.37
108.6
90.05
85.98
92.18
89.77
84.98
71.59
97.82
63.06
100.3
55.03
110.8
101.6
136.2
70.54
88.62
107.2
80.12
96.08
104.0
134.7
108.7
105.7
84.83
94.8
131.2
118.9
94.59
106.9
89.76
129.8
89.53
171.7
113.3
83.39
82.08
76.65
171.1
105.8
128.5
107.4
113.2
115.3
100.2
123.7
96.32
97.28
90.52
144.6
116.1
123.0
123.1
147.6
