0.1137
0.2417
0.147
0.1904
0.3111
0.07927
0.1489
0.1678
0.1018
0.1017
0.1537
0.1278
0.1255
0.1861
0.17
0.0
0.2141
0.09718
0.1856
0.057
0.2793
0.183
0.1195
0.1021
0.1476
0.1107
0.1254
0.1268
0.164
0.1451
0.1188
0.0
0.2242
0.2991
0.2516
0.07227
0.09402
0.2182
0.1658
0.1051
0.1204
0.2376
0.1909
0.2419
0.2361
0.1346
0.0
0.1474
0.2306
0.1986
0.1922
0.2313
0.1163
0.04914
0.1939
0.08223
0.1754
0.0
0.1065
0.2753
0.2025
0.2756
0.2129
0.166
0.3941
0.262
0.2294
0.2285
0.1754
0.03039
0.0
0.1594
0.206
0.1289
0.1969
0.332
0.2279
0.2075
0.1226
0.07218
0.1501
0.2158
0.178
0.2087
0.0
0.1528
0.1537
0.2091
0.1742
0.1467
0.09762
0.2237
0.1019
0.2108
0.2029
0.1459
0.1105
0.1246
0.2183
0.213
0.08918
0.2439
0.1406
0.09295
0.1802
0.1917
0.1008
0.2987
0.2493
0.145
0.1646
0.1243
0.2589
0.181
0.1577
0.0
0.1045
0.169
0.2296
0.2681
0.1726
2.034e-08
0.09986
0.1476
0.1685
0.2218
0.1714
0.08
0.1961
0.1985
0.1273
0.2921
0.2697
0.183
0.2828
0.1728
0.2908
0.1771
0.1867
0.2111
0.1235
0.2946
0.4047
0.1694
0.08604
0.1939
0.2034
0.2105
0.2136
0.1096
0.2926
0.1525
0.1548
0.2627
0.0722
0.2687
0.1924
0.1976
0.1419
0.1626
0.2324
0.2895
0.16
0.3169
0.1347
0.2376
0.1782
0.07934
0.1738
0.2092
0.08018
0.0807
0.2487
0.2305
0.1711
0.1993
0.2464
0.5555
0.1795
0.128
0.2821
0.1499
0.1235
0.1273
0.2269
0.1493
0.2056
0.1154
0.2261
0.303
0.1972
0.1861
0.478
0.2058
0.2426
0.104
0.2682
0.3123
0.1362
0.06447
0.172
0.2895
0.1524
0.3393
0.1068
0.08254
0.2856
0.1952
0.1629
0.2326
0.1577
0.2072
0.1874
0.2573
0.3023
0.2121
0.3724
0.1539
0.05594
0.1585
0.3474
0.1568
0.3569
0.2296
0.1165
0.2186
0.1993
0.1788
0.2534
0.1068
0.2659
0.2683
0.2662
0.1359
0.1056
0.1813
0.259
0.4026
0.1775
0.2123
0.2288
0.1878
0.132
0.1634
0.09615
0.3622
0.3411
0.2469
0.2951
0.2601
0.1549
0.1877
0.2757
0.1445
0.1918
0.2872
0.2606
0.2452
0.1715
0.1708
0.2622
0.1428
0.2261
0.3247
0.2431
0.1946
0.2138
0.2332
0.3328
0.1731
0.1215
0.1381
0.1721
0.3028
0.1864
0.1902
0.2235
0.1975
0.1527
0.1564
0.2266
0.203
0.3637
0.2929
0.3964
0.2476
0.1267
0.4207
0.2954
0.1717
0.3054
0.2596
0.2153
0.2321
0.3768
0.1832
0.2372
0.1923
0.197
0.3131
0.3117
0.2809
0.379
0.2555
0.2287
0.2303
0.2389
0.2005
0.2493
0.2474
0.1989
0.05482
0.4563
0.3124
0.2476
0.1609
0.4012
0.3127
0.2797
0.2272
0.201
0.3229
0.1688
0.3762
0.2007
0.4533
0.2165
0.1457
0.1857
0.1595
0.1679
0.2037
0.2426
0.3529
0.1504
0.3172
0.1914
0.3042
0.2156
0.1026
0.1667
0.516
0.2093
0.2584
0.2355
0.3118
0.3222
0.2977
0.3915
0.3067
0.2176
0.3804
0.2045
0.2833
0.1471
0.2988
0.1924
0.1659
0.2176
0.2614
0.2514
0.4537
0.3535
0.3648
0.3762
0.2421
0.1519
0.3916
0.1136
0.2949
0.3105
0.2945
0.2883
0.1526
0.3594
0.2132
0.06844
0.3211
0.3283
0.4113
0.1883
0.1492
0.4224
0.2163
0.209
0.1636
0.3174
0.2055
0.2543
0.2236
0.369
0.4171
0.07994
4.5e-08
0.2103
0.2401
0.2087
0.3975
0.3338
0.2351
0.3553
0.1773
0.2252
0.2347
0.1695
0.2085
0.2268
0.4131
0.1642
0.2652
0.2481
0.2521
0.5809
0.2173
0.2689
0.1261
0.3439
0.2803
0.235
0.1812
0.3218
0.4436
0.3855
0.2251
0.2357
0.381
0.3144
0.1673
0.2621
0.381
0.1773
0.1848
0.2892
0.3786
0.278
0.1791
0.4106
0.2769
0.3528
0.3106
0.2341
0.1507
0.2994
0.2107
0.2026
0.2446
0.2229
0.2023
0.1468
0.2849
0.2142
0.1849
0.4536
0.2777
0.1888
0.2059
0.3866
0.2325
0.3654
0.3944
0.2634
0.3246
0.3975
0.3453
0.2405
0.4207
0.294
0.1582
0.1188
0.1004
0.2508
0.2331
0.206
0.1846
0.4101
0.4141
0.2842
0.1932
0.321
0.4589
0.4389
0.1751
0.1588
0.1956
0.3758
0.3124
0.1551
0.3836
0.3414
0.31
0.2654
0.1931
0.3523
0.2586
0.2592
0.1956
0.1623
0.333
0.3402
0.2051
0.3148
0.2512
0.5333
0.1488
0.3166
0.1869
0.2663
0.3707
0.5567
0.2728
0.221
0.2857
0.2742
0.2916
0.2944
0.1867
0.3555
0.1659
0.1334
0.2708
0.3521
0.4405
0.1915
0.2068
0.1537
0.2399
0.4195
0.2213
0.359
0.2604
0.3096
0.3144
0.4568
0.2784
0.3166
0.3727
0.2183
0.1929
0.2378
0.455
0.2507
0.3166
0.2818
0.3392
0.3602
0.453
0.4936
0.1934
0.4777
0.2957
0.1949
0.2948
0.1443
0.5072
0.3028
0.3098
0.2824
0.2578
0.1828
0.2991
0.351
0.2954
0.188
0.1981
0.306
0.151
0.2365
0.2925
0.3099
0.2425
0.6244
0.4969
0.2653
0.2898
0.2176
0.3114
0.2699
0.4328
0.2355
0.5086
0.3403
0.2169
0.1791
0.5136
0.4685
0.3138
0.2887
0.3726
0.1816
0.3079
0.3769
0.3225
0.2343
0.3703
0.2823
0.3834
0.3795
0.3212
0.5649
0.3929
0.2614
0.2737
0.2776
0.5559
0.4143
0.3125
0.2345
0.4639
0.2189
0.2577
0.3717
0.3544
0.3767
0.347
0.2093
0.2493
0.2879
0.208
0.1999
0.2537
0.3547
0.525
0.2554
0.2038
0.3457
0.2297
0.4552
0.2959
0.3861
0.3494
0.1617
0.5751
0.4132
0.2658
0.4267
0.1469
0.5996
0.3581
0.2716
0.2463
0.2687
0.2413
0.2407
0.288
0.2771
0.2901
0.2985
0.1574
0.3498
0.3042
0.1963
0.1866
0.2431
0.1828
0.2592
0.386
0.4275
0.375
0.2747
0.2516
0.2969
0.1198
0.3933
0.2994
0.3489
0.313
0.242
0.3059
0.3051
0.394
0.2933
0.4177
0.3733
0.4592
0.5019
0.5803
0.3106
0.2567
0.309
0.3417
0.3538
0.401
0.3305
0.454
0.3123
0.2159
0.2713
0.1599
0.3535
0.2984
0.8816
0.4264
0.2975
0.06929
0.1103
0.3564
0.3782
0.4096
0.3465
0.3137
0.4106
0.4588
0.2825
0.447
0.2344
0.4591
0.4091
0.453
0.3552
0.3001
0.2278
0.2732
0.2405
0.4229
0.2811
0.3282
0.2916
0.3207
0.1901
0.3856
0.3981
0.3002
0.3572
0.3597
0.459
0.2571
0.3628
0.2889
0.3428
0.3005
0.3053
0.3234
0.3545
0.3895
0.3589
0.3104
0.4274
0.2139
0.4524
0.3305
0.2753
0.3252
0.4031
0.1952
0.2456
0.2874
0.3051
0.335
0.4197
0.2496
0.385
0.2644
0.5011
0.6046
0.2637
0.6349
0.2982
0.3417
0.2576
0.3071
0.1917
0.2959
0.3446
0.255
0.3038
0.3325
0.292
0.3131
0.322
0.4606
0.3126
0.4199
0.2593
0.347
0.2913
0.5233
0.2456
0.4079
0.1818
0.2277
0.2161
0.5641
0.4478
0.4793
0.4933
0.3566
0.3497
0.4831
0.4937
0.3155
0.2553
0.3064
0.3254
0.2307
0.2831
0.2007
0.08669
0.1983
0.2079
0.1544
0.1826
0.1362
0.08356
0.09387
0.09133
0.1437
0.1661
0.0
0.07166
0.2651
0.1647
0.0
0.1043
0.0776
0.03443
0.1842
0.1511
0.09001
3.232e-08
0.133
0.114
0.08038
0.02807
0.07466
0.1281
0.1005
0.08076
0.1547
0.2498
0.2227
0.05368
0.06544
0.1833
0.02992
0.01436
0.02762
0.06014
0.03217
0.1321
0.2938
0.3275
0.06247
0.2581
0.08752
0.2084
0.08484
0.1532
0.1375
0.1498
0.1498
0.1532
0.3442
0.03845
0.05044
0.08703
0.06875
0.08377
0.1399
0.1426
0.1876
0.04702
0.398
0.3314
0.1968
0.1834
0.0749
0.0749
0.1882
0.218
0.2214
0.3816
0.136
0.3302
0.07421
0.1834
0.3461
0.1928
0.6378
0.1531
0.1532
0.1498
0.1408
0.1532
0.1739
0.1532
0.1017
0.1023
0.1454
0.1469
0.188
0.1979
0.1852
0.2204
0.08762
0.09804
0.2722
0.03401
0.305
0.1206
0.1285
0.2772
0.1961
0.1366
0.09268
0.1892
0.09051
0.1288
0.138
0.1676
0.1172
0.15
0.143
0.5716
0.1461
0.1917
0.2226
0.1522
0.1015
0.3453
0.217
0.1151
0.5944
0.2573
0.3121
0.2658
0.2359
0.392
0.1419
0.3669
0.237
0.1293
0.1269
0.2822
0.156
0.1907
0.3024
0.1941
0.3382
0.1457
0.1405
0.5688
0.2984
0.3622
0.3886
0.3199
0.1975
0.281
0.4411
0.3547
0.1822
0.2352
0.2377
0.3807
0.2139
0.2305
0.281
0.3785
0.2829
0.2408
0.121
0.2173
0.1066
0.3422
0.1557
0.2554
0.4286
0.3789
0.273
0.4518
0.2415
0.2899
0.3477
0.3448
0.4247
0.2585
0.1786
0.2472
0.2795
0.2612
0.338
0.3635
0.2292
0.4799
0.1593
0.1702
0.4377
0.3381
0.1184
0.2763
0.3438
0.3148
0.3665
0.5543
0.1399
0.4194
0.2553
0.4248
0.1842
0.3002
0.1674
0.2071
0.3141
0.1113
0.2467
0.2218
0.287
0.2178
0.06558
0.1345
0.2796
0.3004
0.3801
0.223
0.1985
0.2281
0.2696
0.3856
0.4946
0.2934
0.6893
0.1809
0.3043
0.2167
0.329
0.2195
0.6004
0.2373
0.3248
0.211
0.4566
0.2074
0.3475
0.1998
0.4426
0.2975
0.09535
0.3403
0.3215
0.4085
0.2605
0.2771
0.2655
0.1613
0.3791
0.2399
0.3005
0.1776
0.2561
0.4402
0.4012
0.3649
0.2765
0.2452
0.5311
0.213
0.1853
0.2981
0.2781
0.2161
0.3902
0.1489
0.2688
0.6402
0.2032
0.2044
0.3646
0.3771
0.1515
0.2176
0.1863
0.2757
0.2628
0.2214
0.1367
0.3874
0.436
0.3833
0.1582
0.2339
0.1731
0.5256
0.2982
0.5037
0.4997
0.159
0.2698
0.3361
0.4355
0.2286
0.4676
0.5481
0.271
0.5362
0.2843
0.2628
0.3157
0.2244
0.3056
0.3255
0.1932
0.3813
0.3449
0.4769
0.2012
0.3192
0.4103
0.1582
0.6025
1.072
0.3465
0.3632
0.1842
0.6574
0.7286
0.1572
0.3077
0.2817
0.3869
0.2123
0.3628
0.1756
0.3739
0.3384
0.3669
0.1554
0.5088
0.167
0.2446
0.407
0.3993
0.2199
0.2928
0.3788
0.3683
0.3289
0.3438
0.5993
0.2053
0.1804
0.3211
0.2864
0.2453
0.2897
0.253
0.3536
0.3229
0.4005
0.1942
0.383
0.5914
0.3218
0.3567
0.2925
0.4149
0.2183
0.2632
0.2166
0.2382
0.3975
0.2428
0.2473
0.3189
0.5875
0.3547
0.2083
0.2675
0.2767
0.1979
0.3068
0.3646
0.5869
0.3169
0.3229
0.3014
0.3665
0.2211
0.2689
0.3793
0.2145
0.2106
0.2813
0.4789
0.3488
0.3773
0.2008
0.259
0.1939
0.3481
0.4609
0.392
0.2118
0.3386
0.1786
0.2573
0.1945
0.404
0.2672
0.1957
0.2525
0.3577
0.1781
0.2144
0.3651
0.166
0.3336
0.3241
0.2141
0.3503
0.4332
0.2379
0.3172
0.4554
0.4123
0.496
0.5871
0.161
0.2682
0.3246
0.2068
0.2705
0.4698
0.3192
0.6726
0.2792
0.3387
0.213
0.378
0.2612
0.1876
0.2186
0.3493
0.3928
0.3583
0.3203
0.362
0.2892
0.4298
0.4727
0.4277
0.604
0.3149
0.2756
0.3084
0.4774
0.6858
0.304
0.2038
0.3968
0.4853
0.2051
0.7763
0.2277
0.305
0.4749
0.3362
0.3366
0.3364
0.6807
0.2669
0.378
0.4242
0.3505
0.233
0.4709
0.4132
0.4142
0.5953
0.2729
0.4244
0.4105
0.4631
0.3432
0.276
0.3921
0.3589
0.5667
0.2863
0.5276
0.3068
0.3184
0.2932
0.2619
0.3314
0.2944
0.4598
0.5202
0.5633
0.3296
0.4703
0.3773
0.3678
0.1844
0.4397
0.2597
0.3418
0.2519
0.2399
0.1405
0.3125
0.5293
0.3428
0.3386
0.3507
0.4979
0.2353
0.8349
0.2491
0.3129
0.3881
0.5609
0.3228
0.4311
0.4501
0.3236
0.8572
0.3562
0.3447
0.2855
0.7564
0.1877
0.4132
0.2312
0.2142
0.3858
0.3608
0.4095
0.303
0.2938
0.5052
0.395
0.3535
0.343
0.5324
0.346
0.2858
0.4946
0.4204
0.3789
0.4195
0.5878
0.3523
0.6146
0.4742
0.2904
0.3724
0.3424
0.4049
0.3085
0.217
0.4737
0.4991
0.6163
0.2202
0.3364
0.5815
0.4304
0.4919
0.3962
0.6533
0.4143
0.3445
0.718
0.5422
0.2954
0.6954
0.7755
0.2061
0.5303
0.3893
0.3465
0.4626
0.6229
0.453
0.3965
0.4749
0.3419
0.3357
0.6595
0.43
0.3063
0.5875
0.4019
0.347
0.7235
0.3635
0.6886
0.4914
0.2148
0.6042
0.3304
0.6665
0.6465
0.615
0.399
0.3775
0.2828
0.438
0.3349
0.2969
0.2307
0.5065
0.3358
0.4413
0.5529
0.3699
0.4055
0.539
0.5493
0.357
0.3706
0.4278
0.3116
0.3875
0.7414
0.3976
0.4407
0.358
0.3385
0.3254
0.6779
0.3937
0.4559
0.4453
0.5577
0.4106
0.5785
0.4928
0.312
0.323
0.3672
0.3741
0.4165
0.3376
0.4866
0.2984
0.7141
0.291
0.7227
0.5416
0.2535
0.3595
0.2928
0.4999
0.3051
0.3937
0.4719
0.3507
0.3392
0.3002
0.3525
0.3292
0.456
0.5433
0.2673
0.4079
0.561
0.7861
0.2417
0.5109
0.3585
0.4052
0.7245
0.2183
0.5323
0.2204
0.3138
0.6052
0.6376
0.3949
0.5596
0.5117
0.6452
0.3971
0.434
0.5851
0.4544
0.3263
0.3579
0.3135
0.363
0.3575
0.4209
0.6184
0.3736
0.4068
0.3518
0.2043
0.2688
0.5704
0.5294
0.4857
0.2128
0.6678
0.478
0.4116
0.2751
0.3331
0.3749
