1.443
2.982
2.523
2.346
3.754
1.035
1.735
2.468
1.281
1.41
0.4944
2.05
1.558
2.132
2.262
0.0
2.616
1.393
2.054
0.8207
5.902
0.1003
1.614
1.606
1.739
1.28
1.447
1.984
1.88
1.779
1.544
0.0
2.908
3.032
3.462
0.9212
1.225
2.752
0.2567
1.548
1.269
2.835
3.016
3.178
1.723
1.853
0.0
1.711
2.711
2.377
2.651
3.096
2.006
0.609
1.571
1.28
2.175
0.0
1.299
2.036
2.362
0.6042
2.562
2.204
5.078
3.564
2.893
2.908
2.28
0.5659
0.0
2.028
2.358
1.592
2.695
3.527
2.724
2.709
1.306
0.9824
2.044
2.653
4.127
2.809
0.0
2.981
2.066
2.802
2.32
1.888
1.239
2.631
0.8632
3.064
2.555
2.086
1.745
1.609
3.163
1.815
0.8527
3.027
2.04
1.397
2.157
3.034
1.24
4.444
3.173
2.037
2.259
1.607
0.9364
1.809
2.207
0.0
1.486
2.277
4.069
3.986
2.235
1.49e-07
1.25
1.487
1.864
2.613
2.605
1.271
2.97
2.552
1.641
3.066
3.431
2.116
2.013
2.54
2.951
2.434
2.355
2.471
1.562
3.97
4.723
2.258
1.174
2.763
2.391
3.187
2.598
1.945
2.938
2.002
1.888
3.307
1.115
3.367
2.302
1.346
2.166
2.182
0.9566
4.302
2.213
3.948
1.69
2.775
2.524
0.8902
2.046
2.014
1.032
1.414
2.823
2.538
1.614
2.877
2.763
6.998
2.07
1.833
3.149
1.667
1.585
1.18
2.757
1.994
2.315
1.606
2.55
5.074
2.369
4.001
5.529
2.528
2.297
1.317
3.198
4.493
1.712
0.7118
2.121
3.366
1.813
3.784
1.426
1.036
5.644
3.801
2.008
3.35
2.572
1.981
2.848
2.849
4.024
3.288
4.603
1.818
0.7973
3.139
3.927
1.85
4.083
4.069
1.349
2.607
2.843
2.391
3.593
1.166
3.479
3.381
3.779
1.912
1.128
2.81
2.689
4.639
2.299
2.888
2.832
2.074
1.67
1.756
1.306
4.291
3.627
2.984
2.812
3.525
2.033
2.872
4.25
2.106
2.304
4.406
3.297
3.181
2.276
3.03
3.615
1.858
2.876
4.59
2.974
2.934
2.356
2.612
3.455
2.128
1.878
1.644
2.792
3.534
2.771
1.999
2.47
2.333
1.982
1.947
3.105
2.732
3.447
3.334
4.653
3.081
1.571
4.342
3.427
1.644
3.69
3.072
2.31
3.302
2.503
2.316
3.579
2.368
2.47
3.495
4.156
2.618
5.61
3.079
2.838
2.686
3.101
4.157
2.891
4.022
2.869
1.017
4.188
3.047
3.162
1.784
4.356
4.143
3.846
2.723
2.548
4.91
2.775
4.252
1.966
6.669
2.793
3.065
2.112
1.848
2.334
2.532
3.022
4.055
2.75
4.265
2.295
3.543
2.713
1.259
2.292
4.031
2.55
2.624
3.745
4.767
4.047
3.541
5.886
3.572
2.981
3.676
2.744
3.109
2.001
3.999
2.694
1.886
2.678
2.891
5.565
5.08
4.674
3.839
4.582
3.444
2.001
4.845
1.767
4.57
4.661
5.698
3.323
2.114
4.492
2.331
1.048
4.775
3.272
4.539
2.353
1.966
5.12
2.988
2.638
1.897
4.302
2.19
3.783
2.755
4.353
5.093
0.9208
2.664e-07
2.743
3.164
2.54
5.583
5.094
3.057
3.487
2.38
2.677
2.137
2.304
2.718
2.858
5.369
2.656
3.721
3.736
3.575
4.226
2.442
3.059
1.581
4.123
3.242
2.746
2.328
5.041
5.549
4.864
2.993
2.917
4.334
4.084
1.966
3.478
4.555
2.727
2.552
3.182
4.651
4.387
2.548
5.185
3.725
4.144
3.838
3.276
1.958
3.9
3.275
2.894
3.436
2.765
2.609
2.131
3.928
2.579
2.115
6.21
3.253
2.353
2.412
4.816
3.069
4.483
5.512
3.009
3.363
5.246
4.645
2.957
5.522
3.948
2.172
1.922
1.507
2.821
2.609
2.567
2.738
4.341
5.542
2.888
2.583
3.444
5.132
5.542
2.19
2.046
2.394
4.861
3.502
2.311
4.391
5.093
3.899
3.577
2.846
4.321
3.105
3.469
2.602
2.796
4.531
4.444
2.454
4.299
3.383
5.442
2.001
3.895
2.094
2.891
5.439
6.05
3.491
3.173
3.574
2.902
4.383
3.473
2.005
4.747
2.366
2.02
2.887
4.145
4.992
2.418
2.211
2.18
2.472
4.379
2.723
3.256
3.362
4.137
4.383
6.214
3.611
3.611
4.263
2.453
2.201
3.065
5.462
3.627
3.703
3.138
4.332
4.286
6.345
4.8
2.67
5.446
3.522
2.768
3.71
1.858
4.432
4.418
3.702
5.186
3.173
1.105
3.71
4.428
4.476
2.751
2.812
5.024
1.855
3.29
3.652
3.901
2.61
5.453
6.751
4.024
3.549
2.81
3.491
4.479
3.851
2.969
6.253
3.771
2.888
2.693
7.144
6.328
3.483
3.516
4.072
2.53
3.964
3.446
3.977
3.189
3.72
3.234
4.453
4.07
3.75
6.833
4.069
2.988
3.547
3.622
7.241
5.204
3.888
2.835
5.139
2.512
3.331
5.215
5.492
3.885
6.644
2.466
3.69
3.748
2.555
2.583
4.069
4.528
5.699
3.454
2.825
4.047
2.732
5.1
3.148
4.62
3.553
1.962
5.831
4.79
3.586
4.913
1.791
8.981
3.9
3.397
3.433
3.54
3.302
3.254
3.471
3.344
3.596
4.581
2.183
4.576
4.345
2.727
2.127
3.048
1.515
2.997
4.754
5.474
4.86
3.46
2.86
3.963
1.494
4.856
3.361
7.689
4.62
2.957
3.798
4.047
5.066
3.706
5.779
4.903
5.697
5.505
7.66
4.11
3.103
3.843
5.516
4.21
4.149
4.37
5.068
4.059
2.744
3.513
2.03
4.343
3.024
11.34
4.89
4.032
0.8697
1.14
4.064
4.354
4.207
3.855
3.908
4.674
5.284
3.508
5.391
2.952
5.977
5.168
7.353
4.672
3.701
2.747
4.532
3.337
5.21
3.295
5.079
3.913
3.794
2.55
4.815
3.939
4.966
4.015
4.481
4.497
4.005
4.225
3.987
4.826
3.886
3.916
4.174
3.997
4.718
4.979
3.299
5.219
3.359
4.003
4.494
3.374
4.073
4.424
2.79
3.065
3.834
3.68
4.246
5.318
3.984
5.947
3.387
5.323
7.489
3.658
6.537
3.454
3.332
3.238
3.981
2.373
3.406
4.351
3.285
3.596
4.541
4.023
3.335
3.825
4.883
4.051
4.645
3.762
4.372
3.479
6.367
2.67
5.585
2.892
2.812
3.269
7.636
5.545
6.477
5.414
4.671
4.195
5.813
5.588
4.063
3.49
3.246
4.187
3.073
3.489
3.013
3.282
2.515
2.612
2.046
2.654
1.728
1.019
3.423
3.436
1.865
1.905
0.0
0.729
2.647
2.283
0.0
1.522
1.069
0.9783
2.1
1.674
1.651
1.986e-07
1.479
2.062
1.294
0.9138
1.069
0.5754
1.672
1.174
2.146
3.331
2.682
1.453
1.617
2.708
0.9826
0.1519
0.869
1.124
1.047
1.485
3.933
4.135
1.899
3.288
1.638
2.784
1.635
2.053
1.886
2.017
2.017
2.053
3.707
1.06
1.987
1.619
1.21
1.533
1.252
1.63
2.175
0.3631
4.972
2.297
3.085
2.403
1.083
1.083
2.686
3.088
3.221
5.392
1.547
3.628
1.022
1.573
3.98
2.529
7.641
1.923
2.053
2.017
1.918
2.053
2.28
2.053
1.887
1.874
2.1
1.688
2.492
2.752
3.09
4.213
1.584
1.602
5.136
1.382
3.613
2.614
1.684
3.741
2.428
1.452
3.134
2.174
1.211
1.677
1.552
2.225
1.595
2.256
2.24
6.831
1.735
3.07
3.281
2.31
1.313
4.761
2.635
1.68
6.253
2.972
4.338
3.204
2.276
4.89
2.104
4.766
2.813
1.83
1.817
3.374
1.828
2.23
3.861
0.8873
3.691
2.021
1.768
6.398
3.979
4.179
5.447
4.853
2.831
3.498
4.663
3.553
1.936
2.921
3.098
3.979
2.363
3.098
3.204
5.167
4.653
3.262
2.235
3.297
1.64
4.345
2.29
2.694
4.914
4.347
3.754
5.916
3.171
3.712
4.173
4.787
4.821
3.32
2.692
3.349
3.264
3.298
4.726
4.171
2.622
5.727
2.218
2.324
4.512
3.386
1.666
3.006
3.817
4.018
4.454
5.627
2.748
5.763
2.952
4.328
2.453
3.598
2.037
2.942
3.907
1.606
2.301
2.316
3.478
3.016
0.8908
1.778
3.366
2.988
4.351
2.727
2.315
2.743
4.544
4.306
6.51
3.185
7.419
2.281
3.447
3.235
3.058
2.836
6.667
2.746
3.938
2.733
5.704
3.309
2.557
4.419
5.718
3.644
1.268
3.885
4.097
4.654
3.436
3.187
3.767
2.475
5.095
2.867
3.385
2.156
3.807
5.72
4.651
4.47
3.452
3.364
5.831
2.542
2.457
4.227
4.295
2.588
4.209
1.98
3.32
7.109
2.716
2.245
4.414
4.05
2.386
2.937
2.862
3.491
3.759
3.293
1.78
3.862
5.008
4.311
2.747
2.748
2.849
5.469
3.806
3.975
5.633
2.537
4.118
4.322
6.451
2.801
7.185
8.033
3.593
7.792
3.671
3.894
2.934
3.189
4.653
4.136
2.437
4.341
4.956
5.729
2.539
3.951
3.664
2.649
6.779
14.21
3.671
3.981
1.837
6.543
7.618
2.259
1.051
3.082
4.2
2.704
4.84
2.318
4.447
5.866
3.979
2.491
5.145
2.403
2.982
7.134
5.102
2.648
3.881
3.741
4.198
3.975
3.817
6.481
2.426
1.912
3.843
5.002
2.751
2.766
3.206
5.066
3.987
4.908
2.561
4.174
8.159
4.952
5.25
4.832
3.58
2.543
3.033
2.92
3.935
5.323
2.909
3.5
4.222
7.297
4.349
3.42
4.134
4.187
2.58
3.789
4.913
4.881
3.547
4.372
4.147
4.183
2.872
4.249
4.315
2.5
2.704
3.582
5.642
4.457
3.489
2.282
3.626
2.69
3.722
5.074
4.807
2.897
3.991
1.919
3.3
2.428
3.758
3.647
1.773
3.231
4.772
2.405
2.737
4.423
2.155
3.997
4.112
2.285
3.613
5.021
2.619
6.012
5.672
4.478
6.709
6.453
2.253
3.024
3.825
2.57
3.29
6.313
3.951
6.983
3.522
3.897
2.928
4.555
3.025
2.53
2.89
4.281
4.635
5.329
3.753
4.133
3.895
5.54
5.361
4.937
6.964
3.896
3.65
3.683
7.389
9.554
3.512
2.362
4.719
5.681
2.982
6.824
3.187
4.264
6.063
5.7
3.982
4.036
9.586
3.445
3.885
5.094
4.288
3.28
5.181
5.238
4.103
9.18
3.515
5.243
5.092
6.431
3.884
3.258
4.504
4.188
4.456
3.407
7.216
3.928
3.704
3.873
3.594
3.743
4.158
4.736
5.952
7.484
5.771
7.025
4.846
4.165
3.055
4.777
3.615
4.148
3.207
2.592
2.105
3.711
5.329
4.715
3.974
4.15
6.552
2.928
8.281
3.644
4.349
5.077
5.854
4.112
4.961
4.094
3.63
10.15
4.262
4.429
4.134
7.826
2.464
5.249
3.301
2.443
4.586
4.869
5.438
3.643
3.196
4.681
4.432
4.148
4.46
5.463
4.241
3.085
6.088
4.877
4.546
5.31
7.544
3.672
7.903
5.249
3.417
4.084
3.573
3.927
4.322
3.08
5.231
6.039
7.244
2.722
3.976
7.007
6.092
5.8
3.853
8.173
5.515
4.059
8.71
6.386
3.777
7.317
6.58
2.606
6.83
4.439
5.157
6.986
6.686
5.632
3.531
4.9
4.447
3.497
3.939
5.204
4.854
5.989
4.79
4.281
8.434
4.675
8.28
6.315
2.369
6.861
3.232
7.192
8.62
7.655
4.719
4.301
3.551
4.996
3.687
3.52
3.255
5.479
3.789
4.914
6.863
4.608
3.939
6.006
5.149
4.047
4.215
5.029
3.601
5.183
8.416
4.77
5.757
4.419
4.594
3.749
6.78
4.338
4.774
5.356
6.018
6.111
6.128
5.522
3.776
3.956
4.394
4.676
5.014
4.504
5.435
4.699
8.37
3.658
9.062
7.132
3.168
5.245
3.323
5.684
3.643
5.231
5.984
4.363
4.18
4.636
3.759
4.083
4.774
7.533
3.074
5.415
6.812
8.929
3.657
5.901
4.339
4.239
8.924
2.453
6.286
2.79
3.549
6.909
8.211
4.702
7.174
5.811
7.269
5.156
5.785
7.582
5.426
3.563
5.203
4.16
3.644
6.434
4.83
7.346
4.256
5.854
4.044
2.639
3.74
6.569
6.087
5.969
3.081
7.652
4.553
4.482
3.275
4.324
4.309
