4.463
3.489
4.872
4.181
3.658
2.634
2.432
4.254
2.031
3.611
5.199
3.122
4.471
4.07
3.203
6.029
4.666
4.71
6.411
5.431
3.58
3.819
3.887
4.245
2.357
5.49
1.665
4.638
5.55
3.681
3.355
2.589
3.162
3.218
2.968
3.633
2.828
3.769
3.231
2.897
4.848
4.372
5.84
6.036
7.777
5.854
3.382
3.092
2.574
3.219
3.143
5.18
5.974
4.83
3.232
3.177
3.373
3.25
3.965
4.294
6.57
2.553
4.948
3.48
2.786
3.071
2.649
3.678
5.262
3.626
6.077
5.217
4.476
5.593
5.525
4.518
2.975
2.611
4.405
2.939
4.208
7.786
4.981
4.111
3.745
4.673
3.329
2.782
2.946
3.817
4.015
4.023
4.563
3.642
4.615
2.38
3.633
2.99
5.302
3.82
5.028
1.667
3.531
3.32
3.004
2.879
4.184
2.228
2.263
3.611
3.659
4.258
4.242
4.143
3.74
4.4
3.661
3.038
3.054
2.194
3.503
4.865
4.206
5.945
7.601
3.888
4.227
4.225
2.783
3.135
4.099
5.177
2.886
4.713
3.23
3.837
3.426
3.24
7.2
4.666
4.335
2.743
4.242
0.6738
3.522
8.096
6.159
3.67
3.609
2.8
1.968
4.526
3.021
3.453
2.982
5.664
2.799
7.953
3.321
5.229
6.198
3.185
3.97
2.733
2.948
5.085
2.781
3.24
3.888
4.061
3.114
2.791
3.495
3.193
3.507
3.334
4.852
6.517
3.205
2.176
2.969
2.861
2.679
2.682
2.45
2.226
3.709
2.827
4.351
3.305
2.536
4.787
3.336
5.018
7.003
2.968
2.714
5.671
4.66
5.382
1.503
7.354
2.611
3.535
3.276
2.871
1.833
10.04
5.137
2.519
1.909
4.174
3.11
5.706
7.281
3.297
3.778
2.112
3.07
3.103
2.056
1.861
2.409
2.838
2.606
3.025
2.944
3.763
4.575
3.006
2.146
3.899
4.573
3.329
4.171
6.108
2.638
3.149
5.209
5.006
4.261
2.908
2.759
6.902
3.285
5.16
4.647
1.756
3.415
3.804
5.456
4.243
3.204
6.849
4.851
6.0
1.507
2.623
2.103
3.692
3.517
0.9471
2.881
3.593
3.164
3.226
3.534
3.1
4.328
3.253
4.403
3.9
3.534
3.343
3.242
3.453
2.541
3.893
2.404
2.689
3.246
4.361
5.147
2.853
7.71
3.89
4.56
2.529
4.475
4.149
4.468
4.128
2.814
3.001
3.01
3.155
4.417
3.087
2.779
3.932
3.826
4.054
5.075
5.356
2.937
9.594
4.845
3.582
2.571
2.909
2.772
2.886
0.9281
5.005
4.159
4.648
2.366
3.307
5.669
3.753
4.708
4.029
4.252
3.556
4.86
2.127
4.523
4.252
4.434
2.525
3.492
3.341
4.865
1.602
2.898
5.362
3.347
3.601
4.364
3.747
2.754
3.357
4.124
8.638
5.437
3.525
3.543
2.573
3.148
2.444
7.01
3.866
2.734
3.072
3.623
3.808
4.096
2.571
4.365
2.345
4.123
2.837
5.586
3.639
2.837
4.864
3.076
2.506
3.434
4.115
2.541
2.286
2.921
4.671
3.179
3.058
3.9
2.801
4.797
3.087
3.295
5.036
6.121
4.393
3.273
4.61
2.505
3.701
8.971
4.216
3.711
3.078
2.782
4.615
3.42
5.6
1.346
2.887
3.878
4.588
3.881
4.689
3.28
2.762
3.265
3.393
3.963
3.573
2.75
3.195
5.08
4.213
5.015
2.585
2.165
3.58
5.106
3.637
3.373
3.354
2.692
2.537
4.545
4.139
4.059
4.344
4.799
4.241
2.115
5.754
5.765
4.734
3.174
4.204
4.107
3.378
3.23
3.705
3.119
3.435
9.216
2.132
2.551
6.416
2.465
4.771
3.981
2.935
2.999
4.028
3.579
3.236
4.926
3.165
6.812
2.643
3.774
2.737
6.214
3.309
6.39
5.121
5.623
3.879
3.123
5.309
3.388
3.558
2.619
4.262
5.428
3.004
2.911
4.252
5.323
3.733
4.904
3.723
3.801
2.212
3.574
3.013
2.553
4.01
3.623
2.583
4.134
1.648
2.814
5.139
4.482
4.78
2.391
3.002
3.931
4.436
3.876
2.956
3.923
4.411
1.986
2.96
2.32
4.17
5.619
3.734
3.258
3.309
5.935
1.724
5.215
3.231
9.488
3.699
3.289
4.093
4.066
3.991
3.467
1.711
3.776
3.73
3.306
4.886
3.293
5.49
3.767
5.392
2.316
4.631
1.715
3.862
3.588
3.25
4.085
8.736
3.549
4.034
3.692
2.642
2.705
4.402
2.74
4.216
4.949
3.086
8.006
3.469
3.495
3.251
4.479
3.181
4.575
3.433
2.87
5.164
3.878
4.002
2.756
3.04
4.731
3.946
4.364
4.532
5.099
4.402
4.141
3.844
3.01
3.412
4.212
6.061
4.138
5.162
5.893
2.424
3.444
3.687
4.927
4.936
2.821
3.515
3.834
3.894
3.568
3.352
4.642
2.991
5.329
2.868
4.766
3.193
2.69
3.828
2.066
5.421
3.235
4.202
3.768
3.285
2.811
3.228
3.482
2.76
4.289
3.209
2.464
2.935
2.953
4.556
2.946
4.618
2.711
3.41
1.043
2.742
2.729
3.147
4.687
7.802
3.199
2.063
3.464
3.191
3.284
3.487
3.913
4.377
3.553
4.236
4.566
3.714
3.226
1.714
6.356
4.489
4.947
4.339
3.736
4.488
3.324
4.388
4.382
4.69
3.513
3.128
4.003
3.679
3.581
2.841
2.487
2.127
2.344
4.164
4.29
3.299
3.248
4.455
2.797
4.885
3.809
5.775
4.224
4.221
3.704
6.587
7.615
5.596
3.579
5.007
2.643
3.343
2.609
2.885
3.677
4.256
5.952
6.16
3.605
2.669
3.923
4.185
5.387
2.745
4.526
3.215
5.938
3.573
5.849
3.226
2.606
3.0
3.362
4.039
3.875
4.151
3.198
4.753
5.14
4.561
3.834
3.542
5.491
2.503
3.238
2.568
4.058
2.856
3.131
5.062
2.925
5.213
4.478
6.649
2.86
2.555
2.508
4.652
5.907
3.004
3.758
2.667
5.5
2.759
3.9
2.86
3.32
4.211
7.072
2.173
3.889
3.264
3.376
2.382
3.909
5.762
3.222
5.097
2.615
2.812
4.195
3.613
4.585
2.88
2.406
4.786
5.071
2.794
6.027
2.229
4.86
10.54
4.003
4.789
2.32
2.811
1.963
3.495
3.439
3.342
5.26
5.489
3.459
3.547
2.296
6.839
4.006
4.008
3.399
3.741
8.947
5.045
2.496
4.926
4.04
2.609
4.372
2.995
3.257
3.846
4.459
3.998
5.626
3.122
3.159
4.493
4.353
2.26
2.264
7.038
2.798
3.661
3.129
6.183
3.88
4.587
5.051
3.103
3.385
4.973
3.784
2.95
2.559
6.056
6.929
4.495
2.762
3.558
5.487
3.95
1.993
2.537
3.342
2.231
4.526
3.122
3.628
2.305
4.034
3.951
3.453
4.112
2.887
3.651
5.978
3.725
3.415
3.903
2.824
3.384
3.735
5.455
3.099
2.803
3.704
4.266
4.406
3.524
5.848
4.198
3.017
3.881
9.752
2.702
3.548
4.011
3.187
11.37
2.853
2.428
4.21
3.863
2.042
2.517
2.986
2.386
4.092
3.367
4.101
3.267
2.41
4.202
2.172
5.101
3.22
3.151
1.208
3.931
2.783
5.596
9.175
4.856
2.429
2.977
4.739
5.141
4.582
4.198
2.145
2.816
2.413
2.374
2.86
4.954
3.087
4.066
4.382
3.255
2.944
4.012
3.649
3.81
7.543
3.619
5.047
3.624
3.229
4.035
4.183
4.571
3.488
4.82
4.255
1.882
3.668
4.029
3.554
3.888
3.684
1.082
2.73
4.406
3.407
3.164
2.743
5.249
4.066
2.747
4.959
3.872
7.086
3.705
2.989
5.799
4.085
2.735
2.714
3.253
4.641
5.433
2.9
3.01
4.511
4.503
4.513
3.449
4.303
2.431
3.254
3.583
4.182
4.231
4.91
3.66
3.784
4.219
4.031
3.32
4.533
4.0
2.872
2.078
3.399
6.0
4.002
5.797
3.06
3.138
3.035
5.318
5.553
3.051
4.071
3.027
2.827
2.899
5.251
4.15
4.467
4.358
3.414
2.697
2.313
2.801
4.681
5.794
4.236
3.427
3.396
3.064
6.397
4.247
3.771
5.541
3.273
3.664
3.502
4.386
3.708
2.96
4.247
3.378
3.973
5.417
3.415
3.684
1.956
3.388
6.275
3.28
3.15
2.973
5.793
3.376
2.924
5.447
2.169
2.62
4.78
2.892
3.066
4.707
3.18
5.346
9.284
4.889
3.853
2.681
5.302
5.08
3.638
2.821
4.241
2.885
4.397
3.96
5.552
5.656
3.637
2.979
5.801
2.923
4.811
3.163
4.759
3.166
7.895
3.755
3.367
6.626
3.458
3.463
4.035
5.151
4.957
2.517
2.411
5.169
3.325
4.993
6.003
2.282
5.44
3.125
2.618
2.634
5.16
3.989
3.894
4.785
2.99
2.275
3.257
4.925
2.592
3.221
6.947
3.029
2.503
3.339
3.126
4.371
3.787
3.37
2.545
3.679
4.395
4.071
4.509
3.794
4.946
2.745
4.262
3.254
6.27
4.264
4.899
3.445
6.288
2.847
3.751
2.716
3.464
5.309
3.215
6.734
5.12
2.507
4.537
3.945
5.978
6.774
3.182
3.258
2.141
3.108
2.896
4.154
3.108
4.991
4.749
7.603
3.521
2.767
4.103
3.058
3.617
4.581
3.066
4.778
5.121
4.379
6.818
3.084
2.681
9.406
4.012
2.621
4.77
5.952
3.726
5.126
4.151
4.888
3.293
3.678
3.942
4.487
3.663
4.046
6.136
3.335
4.389
2.529
6.875
3.434
4.278
2.537
3.629
2.92
3.223
3.216
2.646
3.488
4.361
3.397
2.865
3.29
4.731
2.742
5.325
2.929
2.967
4.93
3.953
3.324
4.489
5.7
3.064
3.415
6.525
3.217
2.815
3.434
4.626
5.374
3.996
2.823
3.177
3.266
3.02
1.497
4.225
9.919
4.038
4.126
3.282
2.505
3.158
4.76
4.985
6.511
5.028
7.888
3.66
4.501
3.657
3.122
2.966
3.785
3.015
3.242
2.552
2.689
3.725
4.477
3.636
5.513
3.78
2.066
5.77
3.532
4.741
2.407
2.992
3.005
5.495
3.585
3.393
4.779
4.466
2.782
5.371
4.857
3.548
4.998
3.568
2.185
4.167
4.92
5.088
4.188
3.238
1.861
2.747
2.778
5.076
2.654
2.416
2.818
4.765
3.358
4.47
3.357
5.685
2.647
4.689
3.525
2.795
3.459
2.843
3.259
3.457
4.997
3.934
4.248
4.417
3.716
3.277
3.6
4.486
3.334
2.859
2.9
3.027
3.798
3.129
2.418
5.773
2.986
2.214
3.956
4.614
5.209
2.835
2.755
3.072
2.774
3.387
3.58
5.724
4.908
6.392
3.891
3.968
2.703
2.873
8.182
2.79
3.894
5.998
4.488
2.551
2.723
1.627
4.646
4.973
4.868
3.256
3.685
1.583
3.771
2.444
4.69
4.533
5.646
4.209
2.749
2.679
4.299
2.016
4.752
3.09
4.297
5.09
4.096
6.898
5.48
3.959
6.053
3.345
4.22
4.432
5.849
3.361
5.385
4.456
2.724
2.487
2.324
3.974
6.181
5.027
4.025
5.571
4.148
3.858
7.874
5.005
3.882
3.497
2.624
5.563
5.49
3.221
2.247
3.097
2.496
4.229
3.336
5.06
2.459
7.411
4.043
3.043
2.567
4.27
2.854
2.482
4.077
3.152
3.909
4.71
5.637
3.278
4.442
3.004
4.122
5.47
4.184
1.851
2.448
2.878
1.861
4.892
4.302
5.79
4.873
6.369
4.739
3.556
4.572
3.374
2.467
4.305
2.658
4.998
3.529
4.673
2.496
0.9915
3.009
3.017
4.444
3.441
3.189
5.338
2.289
2.246
3.733
3.793
3.947
2.73
5.054
3.665
2.78
5.319
3.472
3.562
4.7
5.599
5.854
3.066
4.107
2.533
2.479
4.526
5.248
4.417
4.034
2.62
2.651
2.587
4.088
6.218
3.174
2.454
2.098
4.148
2.637
6.841
3.357
4.062
7.401
7.44
3.273
6.603
2.419
7.162
2.663
3.418
2.38
3.923
2.817
3.979
4.468
3.415
3.819
4.169
4.504
2.939
3.641
3.456
2.636
3.24
5.232
2.491
2.506
2.913
4.695
3.23
4.118
4.665
3.926
2.891
6.139
4.57
4.137
5.487
2.735
5.18
5.053
2.478
3.622
9.924
4.519
3.415
3.574
4.2
3.762
3.171
3.609
4.061
2.337
6.965
4.974
3.523
3.959
2.752
3.914
3.84
8.865
3.463
2.775
4.966
2.413
2.622
2.156
5.088
6.071
3.13
5.771
4.598
2.718
2.844
2.788
2.4
2.727
3.621
2.208
4.733
7.817
3.284
3.426
5.771
3.247
3.372
3.801
2.504
3.751
4.692
3.753
4.818
2.592
4.301
7.129
3.917
1.743
2.918
2.623
3.838
2.936
2.938
3.879
3.765
4.102
6.181
2.788
3.446
2.685
4.261
4.121
3.769
6.311
4.688
3.802
3.641
2.145
5.211
3.706
2.991
4.11
4.073
4.43
2.988
