8.083
0.8104
0.0
7.717
9.86
1.864
0.0
1.075
18.23
6.211
4.518
6.697
5.588
20.05
0.1935
1.757
10.99
3.705
4.7
10.1
2.443
5.654
12.96
9.2
17.73
2.869
2.067
9.374
4.97
9.804
6.082
0.7578
5.532
5.498
15.6
4.641
4.284
1.136
3.09
12.46
4.368
5.822
18.37
4.814
4.802
3.83
9.13
9.108e-07
10.09
19.88
5.725
0.0
4.943
7.305
6.509
15.59
10.13
7.81
6.769
0.9082
3.849
6.185
6.032
8.153
2.689
8.524
0.0
13.36
7.344
0.0
12.5
5.269
16.52
7.677
10.53
0.0
7.133
6.201
9.05
7.314
7.535
0.0
4.802
4.605
5.555
0.1827
13.71
2.989
6.371
10.97
1.645
1.253
0.0
3.285
11.22
6.103
9.793
10.6
16.24
8.257
4.667
4.927
8.304
5.582
3.693
2.682e-07
15.59
10.69
3.484
13.72
1.2
9.599
5.463
0.0
8.153
10.58
0.09224
10.77
2.236
0.8266
6.557e-07
2.251
5.277
7.965
6.903
6.731
3.63
9.695
7.296
10.27
2.338
1.963
0.8477
10.22
23.21
9.923
5.067
5.425
1.033
6.352
0.4888
11.09
8.178
4.69
12.48
7.775
0.0
6.608
11.6
2.737
5.943
5.444
13.8
6.467
5.854
11.59
8.186
4.559
2.403
7.35
7.362
0.0
4.084
12.81
2.234
1.794
0.0
7.156
5.062
18.46
21.46
11.15
9.261
8.212
4.677
1.176
5.875
14.1
3.29
5.364e-07
4.338
2.355
1.72
10.69
13.2
5.123
4.27
1.456
12.56
9.752
5.17
11.39
17.42
11.78
10.6
1.253
4.671
4.798
7.819
0.0
11.37
3.651
12.19
8.204
14.65
13.94
0.5411
16.22
12.91
7.064
6.641
0.0
5.097
10.31
4.57
2.118
10.26
11.69
16.69
6.147
5.046
11.66
5.908
6.498
12.54
7.65
7.362
14.6
17.14
15.46
1.655
6.129
11.67
28.39
5.241
19.0
8.29
3.874e-07
2.277
0.0
3.88
0.0
9.036
10.79
0.0
1.379
7.441
9.337
5.201
6.695
3.186
3.845
3.411
4.721
4.128
18.75
8.292
7.505
2.689
15.03
5.878
0.7582
7.312
0.0
0.8361
19.26
0.3639
9.071
3.898
8.81
0.0
4.718
4.502
7.702
13.3
9.174
0.0
3.564
14.96
3.099
2.345
7.033
6.004
8.466
3.959
2.023
7.496
0.0
2.834
17.9
19.97
4.814
15.24
3.731
3.798
9.988
0.0
7.825
18.95
11.29
8.718
8.49
2.525
0.7848
7.167
1.009
13.51
7.456
8.999
12.53
5.555
17.25
8.881
6.733
8.137
10.87
8.522
6.892
10.16
5.37
10.6
5.874
16.1
6.062
7.861
11.03
12.96
11.63
7.66
8.5
4.086
12.02
12.73
16.71
9.608
7.021
1.507
8.347
8.888
23.45
7.02
7.008
9.777
5.582
0.0
14.83
0.0
3.816
2.406
6.322
10.33
0.0
5.52
3.512
8.854
10.87
1.738
0.0
10.28
20.46
8.924
5.787
13.41
10.75
2.191
1.494
8.228
0.0
4.846
3.082
0.8095
18.68
12.31
6.941
9.783
4.508
7.477
0.0
4.306
2.884
1.771
1.796e-06
5.168
7.73
3.845
15.74
6.045
5.389
9.494
4.824
5.066e-07
4.747
10.74
3.899
7.432
11.16
7.21
7.411
6.144
4.261
16.71
1.308
0.3985
4.415
4.549
8.257
3.841
5.393
9.147
5.509
1.9
15.13
0.6768
7.465
4.285
10.08
4.474
0.6308
3.933
2.607
6.53
3.564
0.0
0.0
7.224
8.16
7.66
9.925
0.0
12.11
5.364
3.816
1.475
1.497
16.08
7.985
8.39
5.054
6.424
1.029
13.13
0.0
0.0
7.448
14.99
1.745
3.464
14.67
1.89
16.96
7.743
9.549
10.17
5.949
6.892
14.37
4.496
16.11
0.0
22.11
7.267
0.0
5.241
9.521
7.638
4.814
4.906
8.454
9.002
2.545
6.585
13.5
8.179
4.378
13.76
12.06
3.524
4.104
8.367
0.0
3.688e-07
16.62
11.2
7.563
13.17
11.29
7.374
0.0
1.432
6.88
13.69
12.9
12.59
4.344
2.595
5.784
8.646
0.0
11.64
1.772
0.0
4.194
0.0
5.476
0.1446
7.028
10.1
5.896
4.975
4.643
6.707
0.6946
5.381
6.735
10.0
0.8477
7.36
6.126
6.183
5.13
4.939
8.2
3.147
2.915
5.797
5.505
10.01
5.323
13.14
7.788
4.081
4.66
13.23
17.8
7.799
0.0
3.685
7.562
13.47
10.51
6.45
5.202
2.762
6.738
5.794
9.382
12.86
6.489
8.582
8.782
2.904
20.35
7.871
2.948
6.25
0.744
4.984
9.203
3.936
2.746
6.979
5.256
5.985
10.23
0.0
7.367
24.32
4.649
4.975
1.947
6.132
1.116
6.37
0.0
1.369
6.747
11.18
11.46
15.66
0.0
5.176
0.0
6.051
3.896
4.177
9.936
9.263
4.38
0.0
2.749
5.663
10.88
0.7641
5.196
8.794
9.486
15.31
3.346
4.814
9.341
4.176
5.51
0.0
11.3
0.0
5.596
8.232
9.546
3.944
6.156
4.789
7.736
13.24
0.0
13.95
22.65
1.259
15.26
4.227
5.604
0.4165
9.88
9.463
1.738
8.354
2.081
0.1913
10.79
7.442
12.37
2.1
0.0
0.0
8.482
11.66
0.0
4.47
11.35
11.61
9.995
5.751
17.61
2.937
12.25
10.54
3.356
10.23
8.749
7.247
9.019
0.0
10.16
14.88
2.026
4.571
9.063
4.867
0.0
4.896
1.405
10.66
3.38
5.398
9.29
6.147
7.736
15.9
1.219
5.593
4.483
5.597
0.0
10.97
1.293e-06
7.432
0.0
12.48
13.99
4.909
14.42
0.0
7.529
4.368
15.6
5.139
11.69
14.96
5.196
0.5687
2.467
11.93
13.14
5.314
5.766
14.81
8.086
2.684
0.0
4.079
11.2
4.923
0.0
3.341
10.68
8.562
3.018
2.374
9.787
4.758
3.395
7.245
6.125
1.03
14.2
8.845
0.4253
0.0
5.189
9.068
6.717
11.15
4.784
13.31
9.297
8.13
2.0
0.7173
13.2
8.952
4.381
1.526
15.03
8.411
7.184
3.811
21.57
8.714
1.508
14.5
6.924
18.17
2.684
0.667
11.46
1.484
8.754
0.0
10.57
5.148
0.0
5.684
6.842
2.913
10.85
6.904
7.448
6.793
7.983
9.865
9.108e-07
5.332
2.404
12.22
4.942
10.9
5.149
3.4
1.608
6.388
3.491
4.479
19.0
4.199
8.938
5.773
10.26
14.51
9.368
4.845
2.996
2.921
6.802
4.175
0.0
0.0
9.797
14.03
7.799
9.479
8.48
0.0
6.449
11.87
5.874
7.138
8.451
7.701
3.76
1.632
6.317
11.91
6.434
3.763e-07
10.23
1.99
6.096
19.4
5.37
4.402
21.22
0.6969
0.0
5.271
22.72
5.137
12.17
0.0
5.022
0.9323
11.15
14.38
20.66
0.0
2.676
5.498
8.678
14.48
3.036
0.0
9.312
7.172
3.45
4.173
12.92
6.617
2.026
7.65
0.0
2.709
10.51
12.06
3.243
5.49
5.741
2.19
19.33
8.605
4.538
10.07
7.119
8.939
10.17
0.0
8.031
4.523
5.549
3.182
1.815
7.441
7.159
0.0
12.33
7.747
4.433
7.544
0.0
1.832
14.37
5.277
4.572
13.98
2.637
4.405
1.901
5.303
3.467
9.612
8.683
5.869
15.92
14.79
7.696
3.411
27.38
7.142
4.414
6.439
4.554
0.0
0.0
8.354
5.176
9.292
2.607
7.011
6.201
5.178e-07
2.834
2.276
2.367
7.345
4.266
7.153e-07
6.264
6.506
13.63
5.689
4.074
0.0
7.61
8.273
0.0
18.55
1.199
9.186
10.13
11.98
9.88
5.383
7.782
8.456
4.098
1.344
1.643
7.964
25.14
3.943
12.29
15.5
9.148
8.573
5.378
5.887
8.714
15.6
8.321
11.73
0.0
4.456
3.192
14.73
9.549
6.167
10.12
4.869
6.201
6.842
3.347
8.911
12.01
1.351
15.52
3.119
0.0
0.0
0.0
10.54
4.339
8.562
3.092
8.685
8.154
8.967
7.763
17.74
6.201
7.025
5.854
7.527
2.474
6.66
0.0
13.66
7.206
12.53
12.34
6.84
0.0
11.31
1.892
0.0
5.446
8.677
8.53
7.661
6.38
6.931
8.451
12.67
1.221
17.33
12.07
11.15
4.081
19.47
2.814
10.71
14.37
10.84
11.02
5.346
1.731
0.0
7.448
6.933
3.135
6.386
4.508
8.397
6.593
7.159
0.0
1.688
17.98
4.308
11.91
7.572
10.17
6.056
4.593
15.77
9.173
4.444
12.46
5.381
9.159
11.78
21.4
7.389
5.127
9.618
12.97
7.943
5.96
5.404
15.85
1.889
0.705
6.601
17.67
11.66
6.228
8.045
0.9783
1.179
7.784
4.924
6.463
9.2
7.69
1.819
10.17
8.487
6.302
6.845
0.0
10.87
18.8
4.441
4.624
9.421
10.6
6.373
5.596
8.304
13.76
1.378
1.226
0.0
14.19
0.0
5.189
6.959
9.212
4.529
4.199
7.109
7.375
4.39
12.36
19.27
3.563
3.676
5.054
0.0
13.49
10.06
0.0
7.927
0.0
4.9
9.324
5.441
8.821
7.366
0.0
4.464
2.781
1.688
3.086
0.0
3.313
11.83
9.29
8.484
8.179
9.069
6.762
17.29
9.289
8.038
5.935
0.0
11.29
3.624
2.588
7.236
1.308
0.0
14.76
6.949
1.741
3.894
13.73
3.936
4.605
4.667
0.6064
7.54
3.314
8.38
9.708
0.0
5.908
8.038
0.0
28.27
3.676
12.32
18.83
6.25
6.57
9.366
4.192
7.176
5.779
4.851
0.0
5.503
3.512
12.12
15.8
23.2
4.171
17.02
11.09
3.643
4.348
11.19
17.73
3.173
8.819
0.0
2.276
3.526
10.21
5.458
4.508
9.074
8.952
1.55
15.06
4.128
7.958
0.375
21.34
16.11
0.6768
0.0
17.05
4.395
5.675
0.0
8.677
9.324
6.031
2.896
7.959
6.048
2.914
9.88
5.555
5.707
0.0
0.0
6.068
5.95
6.717
4.706
5.041
11.11
8.429
9.09
2.103
7.384
12.97
5.063
5.481
7.535
6.699
10.85
9.858
12.97
0.0
9.22
3.395
0.0
0.0
0.0
7.563
6.427
5.013
11.13
4.444
12.33
5.185
5.281
0.7144
9.808
4.467
0.0
7.245
3.492
6.413
25.03
5.596
0.0
4.999
15.18
4.198
16.7
6.664
7.749e-07
9.673
14.84
2.863
16.62
5.592
17.62
0.0
6.631
0.1947
6.02
6.667
6.718
0.2979
3.634
4.857
4.316
7.43
9.365
9.269
17.25
4.607
3.611
9.721
1.283
12.85
7.172
12.24
9.883
9.019
5.858
1.247
6.077
15.77
7.563
0.7738
11.02
1.36
18.93
6.605
8.765
4.505
2.94
3.502e-07
15.58
5.554
14.9
14.69
11.16
3.73
8.718
13.29
0.0
14.38
4.197
11.94
7.719
11.58
1.022
6.126
4.028
4.545
4.05
5.277
4.339
4.97
3.568
4.624
3.392
11.45
3.572
6.115
0.0
6.578
2.77
5.123
8.654
3.703
2.48
7.244
17.53
0.0
7.228
23.54
4.139
10.06
4.917e-07
2.909
7.485
6.899
7.119
0.744
19.94
7.564
6.462
0.0
5.602
7.541
6.182
10.18
14.55
8.674
5.202
14.05
4.643
9.626
13.92
5.789
6.062
9.995
0.9716
5.593
1.25
0.0
4.32
6.997
5.168
0.0
16.15
3.766
7.799
2.477
7.676
7.001
6.475
7.616
16.63
6.699
0.0
5.659
1.497
3.577
4.657
5.214
1.384
3.119
4.222
22.76
2.012
0.0
6.308
9.66
4.834
16.94
3.353
0.0
0.3985
6.811
6.898
0.0
5.529
7.972e-07
14.35
0.0
0.0
6.635
5.111
0.4788
8.967
0.0
11.87
4.719
3.96
1.82
0.0
3.377
2.762
9.858
4.381
7.558
16.84
12.03
4.83
8.794
4.902
4.606
5.542
18.68
5.461
10.0
6.264
7.362
5.717
0.0
5.447
2.819
5.458
8.754
3.313
3.278e-07
8.053
18.68
11.91
13.05
0.0
1.757
7.719
4.4
0.0
6.905
6.587
6.19
12.6
7.681
5.389
28.21
1.728
1.772
0.0
0.6583
7.692
8.951
5.063
4.309
5.447
1.9
19.94
5.597
11.51
0.705
14.87
14.92
0.0
22.44
11.94
12.07
6.566
7.345
9.463
9.923
6.626
0.0
9.947e-07
9.139
3.367
5.825
6.208
13.61
4.331
12.03
10.46
5.319
4.058
1.493
5.971
6.731
8.16
0.0
7.365
6.893
7.544
0.0
0.0
14.6
29.65
14.01
0.0
6.67
11.56
0.0
0.0
0.0
4.414
0.0
9.441
17.12
1.829
19.69
2.164
7.733
8.489
1.189
10.26
9.331
4.581
9.638
3.329
5.871
7.63
3.115
2.608e-07
0.0
3.859
6.251
6.357
2.317
0.1069
0.0
15.92
3.817
4.387
5.513
19.63
22.33
3.359
0.0
5.704
3.746
8.232
7.186
1.947
9.366
10.28
6.126
6.134
12.83
16.44
0.0
4.531
0.0
3.798
0.0
20.04
5.738
16.92
5.96e-07
8.06
2.111
6.452
11.2
4.364
16.08
6.469
5.736
4.561
23.21
14.96
6.302
7.011
25.55
14.64
2.198
18.59
5.347
3.983
14.63
13.47
5.354
0.0
6.748
0.0
8.588
0.0
6.502
0.0
0.374
5.806
7.691
6.846
12.39
9.862
10.01
8.795
5.608
11.67
0.0
0.0
5.671
4.086
11.6
9.994
12.18
17.98
27.8
13.44
0.2704
14.46
6.189
7.037
4.788
23.35
5.973
0.0
7.13
14.92
7.002
0.0
3.269
6.499
2.444
5.502
3.711
7.236
4.103
2.682e-07
7.783
7.176
7.316
13.2
5.715
13.52
6.15
9.835
7.804
4.995
10.16
12.32
3.246
0.0
0.0
15.49
2.094
7.744
0.0
6.152
10.45
7.041
6.032
0.0
6.449
1.416
5.874
7.95
8.051
4.998
19.86
0.0
7.319
0.0
0.9323
17.28
10.52
9.431
8.704
6.073
6.943
0.0
0.3885
10.86
0.9585
5.214
11.29
5.985
16.17
29.22
10.07
7.439
3.45
8.405
3.246
8.252
5.458
6.36
5.049
11.63
1.738
5.664
4.08
4.006
4.139
6.066
13.51
2.633
1.029
6.112
8.487
11.98
2.235e-07
2.184
14.16
18.13
2.217
4.956
1.302
0.0
7.742
2.987
3.484
5.533
6.846
18.86
3.154
2.213
1.094
7.985
4.006
0.7571
4.391
3.932
3.806
6.147
0.0
12.33
5.661
12.35
14.16
4.495
3.959
4.593
2.213
7.616
13.54
7.448
9.88
7.649
10.92
26.42
0.0
0.0
0.9103
16.02
8.501
3.787
4.022
7.349
5.194
7.804
18.25
7.892
5.378
12.18
8.615
8.122
1.99
3.898
17.1
12.73
4.833
6.889
11.73
13.06
17.32
5.254
3.763e-07
0.154
4.015
5.881
7.224
6.511
9.708
18.84
2.414
11.97
6.132
3.856
13.25
2.108
0.0
10.9
17.11
5.78
10.74
6.077
4.094
7.37
8.538
5.354
0.0
12.37
11.97
7.782
12.88
1.25
21.04
0.0
7.759
0.09497
11.8
5.847
8.888
12.31
5.117
7.565
4.654
9.742
11.43
6.509
3.845
5.401
9.528
6.979
7.816
0.2617
3.48
8.654
8.735
6.738
6.493
9.201
4.177
3.09
5.681
6.009
5.215e-07
7.946
7.612
0.0
0.6362
6.802
11.43
9.323
0.0
4.154
8.599
0.0
0.8821
1.706
6.99
8.323
6.328
8.411
16.9
18.82
3.243
8.277
23.19
4.998
14.06
0.3205
15.1
10.68
8.319
9.66
0.0
2.236
7.733
3.307
13.06
8.447
5.971
8.062
14.36
12.59
6.785
5.031
4.252
14.79
13.68
0.0
8.829
10.78
3.431
16.9
10.78
14.96
12.63
0.881
10.84
12.5
2.03
4.92
6.52
5.191
10.08
6.647
9.551
10.22
6.086
3.868
8.58
0.5308
0.0
16.82
1.1
0.0
2.478
4.08
5.352
11.09
8.007
3.995
0.0
12.59
10.65
11.77
10.02
8.755
3.572
3.207
0.0
6.386
5.164
11.64
6.942
14.21
9.137
5.78
4.995
2.701
0.0
3.882
13.25
14.96
23.62
5.242
7.633
6.162
7.208
5.483
17.05
8.667
22.07
11.72
5.201
0.0
5.355
11.28
11.27
8.026
8.768
4.631
9.944
6.637
13.89
9.174
12.23
5.225
10.36
12.95
2.255
7.296
8.284
13.46
13.05
0.0
4.989
13.42
13.75
3.359
12.86
1.466
8.937
15.89
2.673
4.137
6.254
8.065
0.0
4.39
5.374
1.35
4.32
9.675
14.06
3.474
5.695
7.139
17.99
2.735
20.99
9.104
0.0
14.52
12.61
2.12
3.611
1.864
6.79
8.029
5.811
4.453
11.18
14.3
8.538
14.79
14.47
4.991
26.44
2.329
6.964
8.615
10.6
5.476
3.967
0.0
10.34
14.7
0.0
1.228e-06
2.737
3.066
0.0
10.6
16.37
13.58
4.999
6.256
4.942
20.2
9.916
5.201
8.937
6.765
18.43
4.53
6.566
14.48
0.0
3.922
5.892
20.54
4.96
6.015
3.209
5.068
5.517
9.551
7.025
0.1827
5.638
1.892
0.0
6.678
18.83
0.0
8.135
0.0
14.05
0.0
1.116
12.02
7.922
5.871
4.677
5.052
0.0
3.22
9.261
4.508
0.0
8.51
8.29
1.661
7.547
11.04
28.42
0.0
5.671
0.0
5.785
1.963
9.035
5.933
4.921
5.23
13.49
0.1947
4.564
6.942
0.0
11.17
15.18
20.9
4.47
1.36
16.55
0.0
6.138
2.289
0.9978
4.956
4.903
8.36
6.698
10.73
6.462
2.431
12.96
4.535
5.978
2.919
11.28
8.613
6.504
4.288
0.0
0.6308
10.2
5.985
0.0
9.458
11.43
0.0
16.03
2.159
5.066e-07
11.41
4.789
2.701
6.096
1.409
13.35
11.96
0.0
14.14
7.621
0.5926
14.56
2.737
10.45
9.615
12.34
3.675
9.754
7.69
3.711
10.65
19.22
7.589
13.1
4.471
13.42
8.499
4.918
5.244
0.0
3.438
5.181
11.91
10.13
1.808
13.71
18.87
1.228e-06
9.087
4.827
11.48
7.548
4.68
9.737
3.763
9.427
10.78
6.992
5.759
5.6
0.0
3.055
11.1
0.0
7.164
10.86
9.877
0.8821
4.402
7.013
8.174
4.981
9.145
14.81
7.148
17.73
2.198
8.449
11.92
4.222
7.98
1.643
5.105
6.685
3.336
3.117
8.785
7.41
12.36
11.51
16.25
0.0
8.379
12.58
8.486
0.08446
17.07
7.347
12.53
8.563
16.27
1.608
15.03
5.195
3.932
0.0
3.839
7.09
3.898
11.43
6.166
7.661
13.54
17.4
7.832
7.375
0.0
12.6
24.73
5.921
9.339
15.53
5.429
14.68
2.701
2.431
13.12
13.3
3.944
0.0
5.3
0.0
0.0
3.564
19.48
11.78
6.452
4.048
12.61
1.418
7.325
5.251
4.762
6.565
3.904
6.648
14.5
5.784
0.0
0.0
15.31
0.4165
7.058
15.07
9.269
18.17
17.27
13.74
5.903
6.257
4.374
4.706
1.119
14.41
4.969
9.494
4.824
6.362
4.529
15.48
6.039
0.1913
28.04
14.68
4.366
0.0
5.472
7.749
0.0
0.6946
6.816
10.22
5.498
7.29
5.496
7.548
0.0
9.366
8.616
0.0
8.059
9.835
10.28
8.194
0.0
2.856
11.24
10.2
10.83
7.389
5.197
5.656
0.0
4.92
6.697
7.249
7.172
13.06
4.725
5.035
7.548
0.0
6.454
7.529
27.14
16.26
5.946
7.965
12.59
2.817
16.04
8.609
4.67
5.808
7.13
8.975
4.631
7.451
11.91
3.782
4.625
17.67
8.061
11.6
8.042
8.939
7.377
6.073
5.737
13.69
0.0
5.402
10.44
5.96e-08
12.02
0.0
1.632
2.2
3.96
11.12
0.0
4.743
10.85
8.873
5.066
19.48
22.65
4.907
4.943
1.022
6.966
0.0
0.0
10.72
0.0
16.84
1.682
1.009
0.0
11.27
14.9
10.04
1.766
2.03
0.0
6.566
2.817
0.0
18.02
5.488
0.347
11.93
0.0
14.72
5.19
19.94
7.784
7.836
3.497
3.393
4.427
3.297
15.95
3.205
3.703
0.0
7.653
11.77
0.0
4.033
7.192
8.58
19.46
6.441
11.14
0.0
0.0
3.003
4.591
8.478
6.19
2.317
0.0
16.63
3.551
0.0
7.076
7.911
2.236
7.123
4.001
18.9
3.094
18.54
5.674
0.0
17.82
3.809
3.155
3.258
0.0
5.258
11.15
3.186
2.725
14.98
7.12
4.622
4.464
0.0
7.5
10.4
3.83
7.518
6.875
3.278e-07
17.18
5.27
16.9
17.86
7.134
5.566
8.284
6.967
8.137
0.0
15.51
0.9082
2.863
7.064
18.24
7.851
1.526
0.0
2.455
2.2
4.467
5.532
5.175
14.04
6.245
9.305
0.0
6.439
6.865
1.388
11.1
7.352
4.288
6.709
9.821
10.75
3.856
7.09
8.482
1.002
25.47
1.611
1.353
6.02
2.513
9.24
5.723
17.4
9.458
8.7
8.032
12.26
5.346
5.346
0.5177
5.954
0.459
4.669
2.103
4.459
4.545
0.0
4.333
20.51
4.214
9.139
4.726
5.836
23.21
5.687
3.396
1.143
5.576
5.546
11.87
8.749
4.869
14.34
15.42
1.683
0.0
8.701
6.285
9.19
8.359
16.84
8.75e-07
11.76
4.285
8.493
9.493
5.072
0.0
9.421
2.137
15.13
13.81
1.86
3.422
5.52
2.337
15.18
9.283
4.572
3.176
14.96
14.21
12.34
0.0
9.064
3.688e-07
13.04
4.882
4.081
14.37
5.082
4.421
2.363
3.938
3.09
0.4965
0.0
7.628
3.966
1.966
11.39
0.0
8.189
4.535
4.549
0.0
3.278e-07
6.516
4.096
4.93
9.612
13.07
2.948
6.518
6.029
0.0
9.452
11.34
15.9
6.469
0.09408
10.68
5.333
7.123
9.59
9.944
10.59
6.558
12.03
10.83
2.634
21.81
9.805
0.0
5.092
9.059
6.241
8.298
28.35
0.0
5.185
4.664
6.967
2.129
7.661
7.965
4.391
13.44
0.0
0.0
16.57
27.38
21.01
5.533
0.0
6.718
10.05
8.275
0.6059
4.549
9.147
2.325
0.0
12.61
6.114
14.12
12.94
4.923
4.315
10.69
3.992
2.834
3.205
6.955
12.07
13.06
10.52
4.611
8.774
7.572
6.439
0.0
0.0
7.319
1.896
0.0
0.0
21.36
13.23
8.148
0.0
13.98
1.115
6.579
12.74
0.0
6.529
1.107
10.38
0.0
17.7
9.451
0.0
3.943
2.228
8.49
7.226
5.199
12.51
6.484
6.114
9.629
10.41
3.995
10.0
14.92
4.216
7.326
4.854
6.384
7.417
4.68
16.47
5.064
11.21
21.01
12.25
8.343
5.22
6.566
4.637
2.531
6.245
9.354
8.766
10.17
3.899
0.8242
14.64
16.59
8.767
16.4
5.663
5.725
0.0
0.07536
8.977
4.414
4.787
5.532
4.033
6.122
9.293
11.51
6.904
4.008
8.631
13.88
10.57
8.277
7.809
7.442
13.97
2.879
12.48
9.201
0.0
14.0
6.26
14.42
0.0
0.0
14.13
15.01
0.0
6.002
8.495
0.8375
11.85
4.06
5.887
8.743
10.6
0.0
8.105
12.37
0.0
23.21
0.0
18.02
0.0
0.0
2.184
2.906
7.288
0.0
0.0
6.979
9.811
0.0
0.0
4.421
6.291
16.1
14.74
20.2
15.71
3.314
9.282
4.104
0.0
8.882
17.72
19.45
8.854
13.9
23.39
19.1
8.383
4.495
8.194
2.53
4.388
5.995
5.196
4.509
20.4
8.367
4.096
6.166
9.874
0.9978
1.337
5.872
3.922
3.161
16.47
0.0
7.417
8.7
5.149
1.818
5.432
5.244
2.699
5.404
4.75
4.68
11.85
6.166
15.18
3.59
0.0
8.59
9.531
9.5
13.52
10.62
8.187
12.01
3.367
8.866
4.075
7.448
20.67
3.933
7.515
4.231
0.5643
17.69
4.467
12.46
5.347
6.566
2.904
11.23
3.887
4.797
2.634
7.779
6.344
4.685
8.222
6.597
14.5
7.244
1.219
7.483
0.0
0.0
0.0
1.034
20.89
20.62
0.0
3.806
3.528
4.931
3.136
12.66
0.0
13.09
11.32
4.564
10.87
18.49
2.588
16.11
0.0
5.472
10.03
15.24
19.66
2.708
6.664
0.0
10.86
4.258
7.094
1.537
17.17
5.72
3.843
6.014
9.919
25.02
6.932
13.1
0.0
0.0
3.392
0.0
4.262
9.816
8.489
11.69
7.614
9.038
4.655
4.625
14.63
0.0
4.58
0.0
13.9
8.596
9.159
7.69
0.0
8.357
12.71
8.289
2.392
15.37
17.07
14.29
11.19
7.249
21.15
5.614
0.0
5.659
6.531
14.63
0.3539
3.762
5.474
11.31
9.717
8.696
7.297
10.53
1.941
3.427
0.0
1.699
0.0
0.0
5.245
0.0
13.66
6.67
5.496
13.41
5.863
6.526
10.92
8.292
2.923
1.745
3.407
1.888
13.61
0.0
12.91
0.3629
0.1115
15.38
4.061
10.42
5.322
13.27
11.69
5.338
7.868
9.864
8.232
2.615
21.13
0.2704
11.24
3.556
0.9023
13.43
15.61
15.18
9.052
5.844
6.33
3.105
5.629
11.96
6.851
2.968
1.106
14.35
9.069
5.715
6.989
8.015
15.6
4.395
12.18
0.0
2.024
0.0
2.709
16.03
7.964
0.0
11.88
7.846
15.5
10.08
10.09
5.858
8.366
4.6
6.211
4.379
8.045
0.0
7.961
8.904
2.195
2.607
4.719
14.42
8.39
2.161
0.0
9.932
0.0
6.062
0.0
5.429
0.0
13.84
6.504
10.13
9.669
4.655
8.154
7.02
10.53
16.46
6.822
5.578
13.48
2.323
4.993
9.777
12.89
14.38
8.473
5.347
3.331
1.91
6.698
8.24
0.0
2.588
0.0
2.991
4.846
3.643
0.0
4.317
4.05
0.9388
8.123
3.942
14.49
18.54
0.329
15.28
1.253
0.0
5.684
3.48
1.972
4.084
12.45
7.446
5.552
0.0
5.787
7.528
11.97
9.152
6.579
0.0
4.776
5.083
6.94
9.061
0.0
12.29
6.592
3.674
5.514
0.0
5.194
14.1
15.59
9.119
7.714
15.42
7.123
0.8744
23.73
9.177
7.243
8.2
5.337
0.0
16.98
18.32
13.62
0.0
3.647
0.0
9.4
0.0
8.56
9.925
12.92
12.7
11.61
1.661
2.538
7.754
0.0
6.79
3.16
0.0
3.359
23.82
17.82
6.032
14.07
5.559
1.495
9.438
12.04
0.0
0.0
5.807
9.514
5.529
7.972e-07
8.288
7.756
0.0
14.16
17.88
4.187
9.579
6.565
3.527
4.963
24.02
8.882
0.0
27.92
11.29
7.34
13.12
19.26
1.836
6.604
6.183
12.81
7.425
11.2
0.0
12.61
7.93
5.951
8.367
7.268
8.412
5.576
3.551
3.4
11.45
11.71
7.016
0.0
16.44
1.753
2.869
6.721
5.454
9.872
0.0
6.466
2.353
4.963
18.71
0.0
8.377
6.018
6.406
5.928
10.7
4.229
0.0
2.017
14.84
16.42
0.0
0.0
0.1715
10.42
6.301
9.573
0.0
8.798
9.644
7.496
19.94
6.483
0.0
1.571
8.646
4.104
4.052
0.6792
0.9639
11.14
7.884
0.0
7.034
16.36
2.701
9.333
12.83
0.0
5.241
11.91
5.076
5.074
3.085
6.846
8.186
2.137
8.491
12.31
6.807
21.56
0.0
3.72
1.813
2.393
0.09408
2.251
5.28
24.65
11.93
0.0
0.0
8.429
0.0
1.741
7.356
5.031
3.868
0.0
27.91
5.478
8.405
8.866
3.294
14.37
6.812
7.726
14.12
