0.8834
0.8876
0.8158
0.4724
0.7505
0.5826
0.5192
0.3086
0.206
1.376
0.8722
1.522
0.2768
0.6476
0.59
0.5402
0.6195
1.413
0.7803
1.111
0.5196
0.7365
0.6953
0.2592
0.6627
0.8127
0.6421
0.8845
0.9371
1.74
0.3664
0.3457
0.5318
0.5693
0.6719
0.8661
1.267
0.7384
0.8622
0.6519
0.8412
0.4141
1.326
0.958
1.056
1.246
0.3444
0.6754
1.191
0.9639
0.679
0.5705
1.72
0.6285
1.124
0.5118
0.6529
0.4853
0.2708
0.6033
0.8512
0.4157
0.8977
0.3812
0.9146
0.7307
0.3866
0.5465
1.309
1.268
1.335
1.252
1.074
2.125
1.25
1.632
0.5358
0.5424
0.4822
1.058
1.003
0.5509
1.144
0.4174
0.6878
1.081
0.5614
0.7321
1.155
2.044
1.423
0.5513
0.8937
0.7324
0.6477
0.5973
0.6835
1.197
1.365
1.41
1.066
0.7109
0.6814
0.5799
0.5143
1.807
0.5509
0.474
0.4298
0.7867
0.4106
0.7266
1.635
1.133
0.7194
0.9254
0.3579
0.7556
0.813
0.4628
0.5755
0.9785
2.658
0.7736
0.9122
0.8387
0.8386
0.5499
0.7569
0.6944
0.6778
1.688
0.3552
0.464
0.4243
0.4584
0.2966
1.034
1.387
1.366
0.7591
0.521
0.2819
0.1805
0.5409
0.9514
0.7413
0.5067
0.7146
0.41
0.8796
0.7482
0.5038
1.031
0.7209
0.9141
1.778
1.298
0.6478
1.862
1.514
1.035
0.3463
1.175
0.4325
0.8075
0.4619
0.6532
0.6293
1.128
1.001
0.9336
0.7666
0.5869
0.4827
0.266
0.8103
1.067
0.7233
0.5289
0.4151
0.6553
0.3345
0.4367
1.02
0.4918
1.794
0.4591
0.9263
0.8059
0.4159
1.451
1.044
0.5855
1.257
0.3028
0.3611
0.6711
1.624
0.4739
0.668
0.9827
0.7393
0.8222
0.4218
0.4758
0.6259
1.655
0.5816
0.5887
0.4751
0.7692
0.8235
1.235
1.577
0.7516
0.8197
0.5527
0.6633
0.4096
0.449
1.075
0.4768
0.6228
0.4649
0.7242
1.685
1.438
0.4733
0.5993
0.3006
0.7273
0.613
1.096
1.129
0.496
0.4754
0.4659
1.019
0.7401
1.043
0.4634
0.4056
0.8156
0.4011
2.511
0.8953
0.3611
0.5806
0.3797
0.3892
1.622
0.479
1.462
0.3587
1.3
0.685
0.4366
0.5793
0.522
0.4318
1.102
0.4334
0.5294
0.7414
1.072
0.3136
0.3733
0.8828
0.5541
1.4
1.324
0.5582
0.497
0.868
0.5732
0.9996
0.3779
1.508
0.4309
0.9783
0.4311
0.943
0.9447
1.052
1.296
0.8356
0.3444
0.5791
1.355
0.76
0.716
0.33
0.3642
0.4359
0.445
0.4466
0.43
0.4104
0.6938
0.3611
0.5705
0.5674
0.6328
0.7429
0.873
1.019
0.5498
1.566
0.3415
1.231
0.8859
0.6729
0.9777
1.679
0.6159
1.06
0.5744
0.4601
0.7681
0.9503
0.8069
0.725
0.4662
0.7451
1.943
0.5259
1.286
0.8382
0.6142
0.8271
1.216
0.58
1.142
0.405
0.6003
0.9041
0.3753
1.074
1.171
0.6454
0.5905
0.7053
0.6294
0.617
0.3483
0.6478
0.6449
0.5082
0.3921
0.5611
0.7498
0.5544
0.441
1.041
1.473
1.373
0.3869
0.261
1.276
0.5161
0.6995
0.5755
0.5822
0.9788
0.7371
0.3778
0.5085
0.7699
0.3876
0.8454
0.6057
1.592
1.405
0.3922
0.7637
0.5388
0.6327
0.983
0.3527
0.5751
0.5856
0.6476
0.9256
0.5067
0.5427
1.413
1.351
0.6356
0.8014
1.834
1.014
0.5341
0.9994
1.248
1.252
0.2919
0.3798
1.003
0.5935
0.5096
0.4693
0.357
0.601
1.329
0.4747
0.5874
0.9444
0.4055
0.6439
1.096
0.4768
1.738
0.5139
0.5684
0.7976
0.3128
0.4656
0.3882
0.6475
0.7054
0.4067
0.4551
0.3974
1.3
0.6193
0.8223
0.3782
0.9596
1.425
0.8106
0.6683
0.5158
0.8427
1.663
1.254
0.8299
0.3645
0.8104
0.3801
0.7961
0.3898
0.7439
1.035
1.509
0.9408
0.9867
0.6171
0.928
0.5248
0.8561
1.016
0.5196
1.218
1.371
0.6813
0.8772
0.5386
1.206
0.3423
0.3996
0.7929
0.997
1.067
1.527
0.02394
0.595
0.5277
0.483
0.3484
0.6899
0.897
0.6104
1.087
0.5018
1.133
0.62
1.124
0.4828
0.7099
1.482
1.045
0.5178
0.3543
0.4096
1.008
0.9427
0.5674
0.5392
0.5055
0.3023
0.5821
0.6123
0.9462
0.4709
0.4506
0.5728
0.5693
0.6082
0.9102
0.511
0.4105
0.5817
0.9124
0.5469
0.3574
1.293
1.156
0.7911
0.7334
0.4305
1.298
0.6572
0.5283
0.6178
1.277
0.6376
1.344
0.483
0.5109
0.5958
0.5684
0.4874
0.8598
0.8231
0.5266
1.309
0.6416
0.8867
1.176
0.7604
0.6856
0.3569
0.9086
0.4689
0.6101
0.4376
0.4118
0.7968
0.4037
0.6833
0.8364
0.6665
0.3317
0.5823
0.6609
0.4821
0.4864
1.016
0.6958
0.8347
0.9759
0.5612
1.604
0.9185
0.4965
0.9325
0.7527
1.09
0.588
0.9925
0.5817
1.074
1.015
1.262
0.9302
0.4427
0.8554
0.3939
0.687
0.8345
0.7633
0.4665
1.026
0.9908
1.122
0.9486
0.8857
0.9427
1.476
0.682
0.6329
0.8438
0.645
0.8059
0.3671
0.8003
0.9582
1.35
1.259
1.009
0.6889
0.9552
0.5049
0.4446
0.5328
0.3978
0.5687
0.7862
1.807
0.3323
0.7532
0.6108
0.5733
0.4064
0.996
0.5556
1.072
0.5244
0.3597
0.3604
0.4844
0.3943
0.3566
1.244
0.5767
0.7689
0.6342
0.4908
0.5902
0.4914
0.6888
1.308
0.485
0.6896
0.7094
0.4551
1.058
1.145
1.041
0.6454
1.18
0.4676
0.5285
1.055
0.6625
0.9404
0.385
0.6515
0.8707
1.334
1.266
0.535
0.3379
1.732
1.26
0.6684
0.7067
1.744
0.5453
0.5451
0.7973
0.9595
0.3875
0.61
0.2855
0.8125
1.151
0.9768
0.716
0.6289
0.4171
0.38
0.517
0.989
0.9051
0.5735
1.663
0.8891
0.7654
0.2792
1.118
0.6289
1.552
1.485
0.5251
1.0
0.5852
0.8565
0.6295
0.8449
1.031
0.4858
0.5112
0.7116
0.5557
0.5038
0.7441
0.7427
1.156
0.8653
0.7878
1.817
1.011
0.8773
0.7617
1.248
1.682
0.7905
0.729
0.531
0.7505
1.179
0.4258
0.5807
0.4033
0.4466
1.261
0.4965
0.3757
1.064
0.8793
0.5867
0.852
0.8008
0.3841
0.392
1.035
0.6347
1.574
0.6086
0.5189
0.9688
0.8444
0.8301
0.9757
0.991
0.3448
1.558
0.8463
0.5033
0.5134
0.4993
0.2531
0.5735
1.085
0.6306
0.8115
1.132
0.5601
0.4863
0.6426
0.5901
0.3554
1.11
0.8047
0.8357
0.6496
1.039
0.3441
0.5338
1.304
0.4147
0.842
0.8557
1.1
0.9087
1.291
0.699
1.497
0.9757
1.045
0.3679
0.5142
0.5921
0.1943
0.4672
1.506
1.165
0.4548
1.488
0.5251
0.7892
0.4693
1.194
0.4387
0.5317
0.5639
0.8002
0.4488
0.8973
0.5941
0.7276
0.4615
0.7805
0.9126
1.011
0.7458
2.094
0.8558
1.168
1.289
1.443
1.497
1.39
1.283
0.7149
0.8012
1.349
1.516
0.537
1.053
0.8715
0.9575
0.7777
0.9118
0.8753
0.666
0.842
0.5717
0.8894
0.8264
0.4433
0.5721
0.5157
0.9416
0.3767
1.565
0.4143
0.6814
0.8216
0.3851
0.8064
0.7598
0.5707
0.7917
1.045
0.5344
0.7638
0.6847
0.4262
1.116
0.487
0.8373
0.7455
1.624
0.3674
1.06
0.4424
0.9523
0.5015
1.048
0.7329
0.3969
0.4083
0.8686
1.015
1.082
0.6144
1.007
0.3749
1.343
0.8406
0.4213
0.6822
0.4779
0.3779
0.6723
0.7965
0.4135
0.5169
0.6991
0.5797
0.3625
0.8673
0.4351
0.7431
0.3471
0.9987
0.5045
0.549
0.42
0.333
0.5275
2.026
1.537
0.4676
0.5756
0.7793
0.4384
1.118
0.7813
0.6482
0.8791
0.3134
0.3652
0.8334
0.5508
0.4259
0.8556
0.8241
0.3895
0.6184
1.028
0.974
0.3424
0.6164
0.6867
1.063
0.9995
0.6082
0.818
0.4331
0.4726
0.4525
0.582
1.142
1.229
1.07
0.7264
1.534
0.4771
1.449
0.7869
0.6604
0.4759
0.4023
0.4386
0.4599
0.6676
0.3314
0.3994
0.473
1.432
1.188
1.202
1.165
0.9131
0.9777
1.016
0.6979
1.001
0.3382
0.5053
0.7992
0.6258
0.4473
1.037
0.541
0.5286
0.4455
1.68
0.814
1.016
1.231
1.0
0.5824
0.5445
0.279
1.008
0.8375
0.9757
0.7566
0.531
0.4706
0.5168
1.019
0.8104
0.5389
1.044
0.3073
0.3472
1.246
1.195
0.6515
0.4178
0.8103
0.8034
1.487
0.6829
0.6918
1.016
0.3475
0.6183
0.5568
1.169
0.6684
0.3395
1.247
0.4771
0.6152
0.6248
1.276
0.4533
0.5017
0.435
1.204
0.3775
0.3869
0.5691
0.7258
1.041
0.8563
1.464
1.134
0.7678
1.115
1.176
1.337
0.7115
1.656
0.9305
0.6256
1.891
0.7505
0.7818
0.9776
1.24
0.6854
0.374
0.7292
1.377
1.132
0.5016
0.4104
1.53
0.7392
0.7309
0.481
1.035
0.367
0.538
1.186
1.576
0.8005
1.648
0.608
1.273
1.179
0.5275
1.295
0.3953
1.398
0.5529
0.4493
0.9466
1.319
0.549
0.9686
0.4313
0.5092
0.7535
0.527
0.899
0.6277
0.6718
0.9892
0.5026
0.4064
0.5458
0.5695
0.8898
0.3371
0.4293
0.792
1.174
1.091
0.9626
0.8482
0.5619
1.799
0.7023
0.7256
1.103
0.47
0.3315
0.3736
0.3581
0.5786
0.3668
0.7584
0.6649
0.9597
0.5745
0.2673
1.163
0.6503
0.809
0.684
0.7883
1.152
0.8837
0.6702
0.4149
1.035
0.3379
0.7156
0.7304
1.01
1.248
1.469
1.488
0.5513
0.8116
0.4063
0.8554
0.5325
0.588
0.6759
1.311
0.413
0.6839
0.8151
0.6214
0.4703
0.8187
0.4596
0.6064
0.9794
1.302
0.8221
1.457
0.8155
0.9836
0.9219
1.123
1.784
0.2775
0.4921
0.5168
0.5144
0.5202
0.4875
0.5651
1.61
1.697
1.103
0.9286
0.4563
0.4969
0.3478
1.141
0.8502
1.576
0.8587
0.5065
0.4407
1.782
0.7137
0.6665
0.6526
0.6372
1.17
0.5621
0.4113
0.4485
0.6007
0.6335
0.4775
0.7684
0.7203
0.8564
0.5385
0.3519
0.6181
0.5261
0.3065
0.9441
1.006
0.5438
0.4546
0.7743
0.5334
0.8841
0.6058
0.5069
0.4645
0.5821
0.4638
0.4383
0.5409
0.4957
0.5467
0.6253
0.366
1.438
0.6644
0.6596
1.239
0.6995
1.073
0.334
0.8762
0.6993
0.5858
0.5411
0.7902
0.9342
0.5984
0.6239
0.5067
1.215
0.3361
0.8119
0.5544
0.3883
0.6075
0.4584
0.3659
1.309
0.8855
0.6151
0.3126
1.146
0.6844
0.3801
1.461
0.4057
0.4425
0.8926
0.507
1.643
0.4741
0.4004
0.366
0.6868
0.5662
0.3461
1.293
0.5009
0.6036
1.381
0.6886
0.4972
1.409
1.247
0.5737
0.9403
0.6643
0.6754
0.5599
0.4535
0.7128
0.4582
1.531
1.112
0.7783
0.8868
1.451
0.6213
1.301
1.293
0.6405
0.936
0.6257
1.54
0.7631
0.9577
0.822
1.324
0.3344
0.5263
0.5935
0.6147
0.3459
0.6892
0.5339
1.807
1.554
1.367
0.7613
0.3558
0.5434
1.179
0.4601
0.8672
0.9503
0.8517
0.3346
0.6805
0.6681
0.3904
1.243
0.4376
0.736
0.5233
1.057
0.4667
0.4687
0.4775
0.6513
0.9114
0.7315
0.7473
1.165
1.533
0.463
0.4503
1.168
0.5869
0.7637
0.9575
0.791
0.6313
1.072
0.5751
0.3202
1.381
0.7524
0.3879
0.9324
0.3186
0.7816
0.6123
0.7471
0.5064
0.4335
0.7838
0.6126
0.9507
0.2992
0.9132
0.5241
0.4008
0.5148
0.3709
0.3846
1.314
0.7725
1.498
0.758
1.129
0.7605
0.6805
1.211
1.033
0.7286
0.4753
1.0
0.6185
1.214
0.4174
1.31
0.7781
0.4234
0.6829
0.2945
0.5586
2.074
0.9591
1.217
0.871
0.9692
1.214
1.478
1.453
0.3955
0.5829
0.3909
1.239
1.133
0.6227
0.3541
0.8956
1.088
1.026
0.697
0.589
1.119
0.5582
0.2928
1.239
0.6675
0.7931
0.4245
0.2485
0.3963
0.5682
0.3666
0.8399
0.9884
0.9045
0.4296
0.8872
0.5153
0.7613
0.9725
0.9141
0.6596
1.584
1.177
1.252
1.392
1.14
0.6035
0.5015
0.9036
0.3499
0.7442
0.4092
0.4547
0.4305
0.2545
0.8354
1.367
1.629
0.6446
0.4193
0.6513
0.59
0.3378
0.6918
0.5607
0.8723
1.026
1.325
0.8145
0.7361
0.6233
0.7456
0.5386
1.079
0.6408
0.5186
1.007
0.6179
0.9349
0.8878
1.002
0.9191
0.3274
0.6575
0.4112
1.07
1.178
0.5264
0.3604
1.04
1.267
1.019
0.9607
0.2903
0.5739
1.417
0.4244
0.7356
1.697
0.9268
0.04051
0.4936
1.173
1.434
1.738
1.039
0.9933
0.8485
0.7284
0.7184
1.397
0.3961
0.4983
0.872
1.13
0.6011
0.3983
1.054
0.5192
0.7001
0.7656
0.4265
1.442
0.5901
0.4399
1.852
1.254
0.8762
0.6651
0.4921
1.086
0.492
0.5768
0.4655
0.4058
0.672
0.5345
0.6475
0.6252
0.8163
1.1
0.9149
0.74
1.239
1.097
0.7079
0.5621
0.4746
1.265
0.3298
1.31
0.5018
0.5547
1.485
1.519
0.5862
0.5811
0.8817
0.4851
0.591
0.8167
0.6374
1.116
0.5845
1.466
0.772
0.4449
2.007
1.854
0.9766
0.8877
0.8324
1.001
0.5493
0.3313
0.5664
0.5994
0.4427
0.3238
0.8123
0.9851
0.8392
0.8706
1.471
0.9411
0.5128
0.8426
0.8722
1.082
0.6386
0.6773
0.8202
0.3946
0.6809
0.4735
1.757
0.5177
0.4461
0.4637
0.5773
0.4492
0.7687
0.9017
0.3778
0.8132
0.9264
0.7103
0.5619
0.2848
0.5274
0.5449
0.3969
0.5423
1.097
0.9152
0.7957
0.4864
0.6078
1.205
0.7157
0.3953
1.088
1.054
0.2691
0.3655
1.617
0.5165
0.7737
0.5222
0.9711
0.9702
1.082
1.086
1.386
