29.17
0.0
0.0
39.1
68.12
0.0
0.0
5.294e-06
87.75
34.59
0.0
24.31
33.1
100.6
0.0
2.365e-06
70.75
21.72
24.57
60.04
0.0
33.83
92.72
47.8
93.75
0.0
0.0
40.98
0.0
41.69
37.35
2.266
34.36
28.32
84.27
23.09
16.95
1.46e-06
14.25
86.54
31.79
34.09
101.1
17.77
28.29
20.0
44.29
2.429e-06
52.72
90.79
33.69
0.0
34.43
37.63
36.58
90.0
56.11
47.42
33.23
0.0
19.99
32.25
28.75
43.04
1.498e-06
36.89
0.0
75.84
42.6
1.922e-06
69.64
35.26
71.92
37.63
45.46
0.0
39.9
42.11
65.76
49.36
33.35
0.0
28.29
18.64
32.8
1.937e-06
58.45
26.2
30.2
53.29
9.511
0.0
0.0
23.9
63.37
39.35
37.57
45.51
83.84
36.06
25.19
23.81
37.61
41.68
0.0
2.511e-06
79.29
60.28
19.44
50.44
2.033e-06
47.08
25.54
0.0
43.04
48.76
1.606e-06
65.01
0.0
0.0
2.09e-06
14.16
0.0
38.49
34.78
46.6
19.62
40.71
44.08
68.55
0.0
0.0
3.226e-06
66.64
113.9
42.86
17.81
36.19
0.0
27.2
0.0
54.91
41.06
28.76
69.95
45.0
0.0
45.3
41.6
0.0
37.83
29.29
51.38
33.55
32.03
78.55
49.93
25.09
0.0
56.54
32.06
0.0
19.09
48.09
0.0
0.0
0.0
0.0
25.98
103.9
96.98
43.6
46.59
34.56
24.97
0.0
27.69
59.23
18.37
2.23e-06
23.9
0.0
0.0
58.25
89.17
29.73
0.0
0.0
71.64
53.2
22.16
86.7
98.67
67.49
41.66
0.0
39.3
20.05
44.83
0.0
37.18
15.7
60.25
49.1
91.22
90.55
0.0
91.95
72.06
41.56
42.94
0.0
23.2
44.87
19.53
3.343e-06
65.35
81.14
92.36
0.0
26.58
77.27
29.16
43.19
74.9
39.21
36.07
94.79
69.44
79.72
0.0
33.49
68.62
140.2
29.69
80.8
56.38
9.835e-07
1.512e-06
0.0
21.0
0.0
56.76
45.02
0.0
0.0
41.51
44.01
21.67
32.36
1.311e-06
21.43
0.0
15.93
0.0
109.6
53.79
35.87
1.498e-06
59.46
23.06
0.0
41.1
0.0
0.0
101.9
0.0
40.92
24.5
27.31
0.0
26.76
28.08
33.67
66.82
45.79
0.0
0.0
69.4
0.0
4.246e-06
42.16
34.11
48.13
18.26
0.0
33.69
0.0
0.0
78.05
89.64
27.21
80.28
22.47
29.07
48.65
0.0
37.43
113.1
79.17
45.54
40.67
0.0
0.0
37.98
0.0
61.2
35.32
55.77
45.72
32.8
86.97
39.53
45.42
26.53
51.45
46.94
18.8
50.4
30.17
39.32
34.25
74.27
34.92
56.72
56.42
62.53
64.96
35.35
48.36
24.55
91.33
50.87
94.6
55.99
43.27
0.0
41.33
31.07
104.7
39.53
34.42
57.45
34.29
0.0
74.02
0.0
22.2
4.859e-06
27.69
60.02
0.5
33.06
0.0
53.41
53.03
0.0
0.0
52.06
93.09
40.21
38.58
100.5
73.8
2.086e-06
0.0
50.43
0.0
26.03
0.0
0.0
91.29
64.67
30.33
55.08
0.0
42.54
0.0
0.0
0.0
2.235e-06
3.995e-06
25.89
40.82
21.96
87.14
27.24
22.2
61.91
26.13
1.581e-06
17.96
64.09
0.0
52.2
66.19
40.99
45.24
22.27
25.81
96.2
0.0
0.0
26.21
0.0
36.06
25.94
23.43
48.72
26.68
0.0
71.2
0.0
35.02
29.68
51.87
27.07
0.0
24.39
0.0
30.88
0.0
0.0
0.0
58.29
39.63
34.74
53.87
0.0
42.54
35.84
22.2
0.0
0.0
75.15
38.62
32.95
26.15
26.45
0.0
0.5
0.0
0.0
38.12
65.06
0.0
0.0
89.45
0.0
92.78
47.91
49.1
59.83
20.57
18.8
70.62
23.93
59.52
0.0
83.93
36.71
0.0
29.69
48.53
38.08
27.21
32.81
42.24
39.9
13.78
28.58
54.46
45.02
20.78
77.56
68.64
28.3
21.37
52.36
0.0
2.121e-06
74.01
65.33
35.41
68.35
44.77
36.02
0.0
5.506e-06
40.14
89.17
62.4
60.25
28.46
16.32
0.0
50.42
0.0
56.43
0.0
0.0
36.84
0.0
30.66
0.0
33.56
47.42
26.22
14.78
28.47
25.53
0.0
0.0
30.5
49.92
3.226e-06
37.29
39.91
46.96
30.01
27.98
41.74
18.41
23.62
24.46
37.79
50.4
33.82
97.86
42.83
40.83
13.87
54.79
79.0
48.54
0.0
23.0
50.31
59.18
52.72
28.37
28.8
0.0
30.87
30.5
47.86
60.28
27.41
48.89
56.98
0.0
76.31
50.18
14.49
38.49
0.0
15.81
40.88
0.0
0.0
36.72
27.0
1.493e-06
58.28
0.0
53.57
92.1
19.01
25.85
0.0
30.22
0.0
40.71
0.0
1.183e-06
37.12
55.18
48.72
94.54
0.0
20.77
0.0
26.59
0.0
22.53
80.43
51.33
0.0
0.0
0.0
24.63
72.84
0.0
27.44
36.85
39.43
75.09
20.09
28.36
45.63
0.0
29.47
0.0
48.23
0.0
23.83
61.12
55.83
21.57
34.81
0.0
47.79
69.4
0.0
74.46
108.7
0.0
58.43
1.609e-06
30.69
0.0
39.53
55.38
0.0
25.82
16.25
0.0
73.4
28.49
57.55
1.322e-06
0.0
0.0
53.46
77.27
0.0
19.75
45.51
55.16
38.8
33.61
98.98
25.4
88.68
43.83
0.0
31.57
48.18
49.31
43.52
0.0
50.4
91.2
0.0
24.62
50.94
25.67
0.0
35.06
0.0
47.7
11.76
25.58
51.43
26.47
47.79
53.86
0.0
32.11
23.25
23.62
0.0
59.71
2.708e-06
52.2
0.0
52.16
86.83
20.33
91.33
0.0
31.49
31.79
93.39
30.03
76.78
86.25
17.74
0.0
13.01
67.94
75.49
28.69
44.81
74.82
46.01
0.0
0.0
0.0
56.57
40.75
0.0
12.18
75.41
49.65
16.05
0.0
76.2
32.88
23.82
0.0
51.61
0.0
66.37
54.0
2.418e-06
0.0
29.47
49.34
39.68
62.03
27.33
83.09
46.19
39.92
0.0
0.0
89.17
38.86
22.24
0.0
111.3
38.41
0.0
20.54
108.8
50.19
5.693e-06
93.58
33.76
97.94
0.0
0.0
65.86
0.0
51.2
0.0
52.72
28.08
0.0
29.75
38.27
0.0
58.49
36.42
38.12
37.69
52.61
56.15
2.429e-06
26.99
0.0
57.8
30.42
57.59
30.01
32.6
0.0
32.81
15.75
36.84
80.8
26.96
51.86
38.72
59.06
71.2
43.2
16.85
9.748
0.0
44.99
17.8
0.0
0.0
48.33
74.73
35.24
59.67
0.0
0.0
40.16
92.35
33.15
36.89
55.65
46.81
26.68
0.0
33.02
58.42
15.73
2.529e-06
58.28
0.0
29.37
111.8
25.66
21.83
120.4
0.0
0.0
23.24
126.1
29.89
33.53
0.0
30.8
0.0
63.18
72.38
88.08
0.0
0.0
0.0
40.43
66.35
0.0
0.0
51.36
41.21
0.0
24.01
48.5
39.13
0.0
39.21
0.0
0.0
52.72
50.9
16.67
49.51
36.71
17.85
84.74
53.55
26.56
51.89
45.1
41.93
55.75
0.0
35.59
24.61
30.86
17.64
0.0
41.51
38.52
0.0
79.73
39.75
0.0
37.49
0.0
2.924e-06
53.54
23.4
40.84
83.34
0.0
28.81
0.0
30.59
0.0
46.93
41.08
38.79
87.46
69.68
35.06
0.0
126.6
39.44
30.61
38.8
12.21
0.0
0.0
25.82
20.77
47.82
0.0
20.5
37.96
1.756e-06
0.5383
3.248e-06
0.0
56.62
23.99
0.0
32.41
29.49
80.38
32.31
1.831e-06
0.0
35.11
42.59
0.0
100.7
0.0
64.78
51.62
57.98
47.18
33.6
44.36
32.26
21.87
0.0
0.0
43.36
137.9
23.01
65.82
61.33
58.59
38.54
21.35
31.97
42.57
78.92
48.56
55.8
0.0
25.98
0.0
100.3
49.1
38.0
68.11
30.11
27.11
38.24
17.82
54.29
92.35
0.0
95.14
26.75
0.0
0.0
0.0
43.83
0.0
49.65
0.0
53.32
41.63
53.51
50.21
100.7
29.9
39.81
23.08
40.7
0.0
45.39
0.0
63.5
38.3
62.8
77.34
32.97
0.0
63.28
0.0
0.0
25.97
46.67
50.36
38.28
25.19
48.75
57.38
86.95
0.0
82.61
60.12
48.93
40.83
98.0
21.09
46.64
64.45
64.92
47.12
34.68
0.0
0.0
39.47
41.62
0.0
50.84
32.38
43.9
36.89
38.52
0.0
0.0
69.63
3.602e-06
59.51
55.73
57.66
36.13
24.38
89.1
57.22
35.8
64.95
0.0
47.45
59.76
88.75
32.11
28.01
76.17
71.56
43.13
24.96
27.09
61.64
0.0
0.0
39.63
85.25
61.01
29.49
50.7
0.0
9.293e-06
31.98
0.0
24.42
47.8
31.24
0.0
70.19
57.66
36.2
30.57
0.0
66.33
84.6
0.0
33.97
37.22
45.51
26.11
23.83
37.61
64.67
0.0
0.0
0.0
88.51
0.0
35.53
31.34
38.47
26.97
26.96
46.85
39.44
34.95
44.16
64.71
0.0
0.0
26.15
0.0
53.6
40.32
0.0
47.84
0.0
23.88
45.54
24.45
41.26
39.41
0.0
0.0
0.0
0.0
0.0
0.0
0.0
55.6
51.43
52.42
40.67
44.64
41.57
83.23
41.6
37.97
41.56
0.0
58.62
0.0
24.05
30.47
0.0
0.0
95.21
29.14
0.0
33.01
61.66
19.04
18.64
25.19
0.0
41.28
0.0
46.34
72.53
0.0
29.16
37.97
0.0
109.6
0.0
73.19
72.94
38.49
34.82
60.68
29.94
29.98
33.9
24.9
0.0
27.79
0.0
82.92
80.05
109.5
20.87
91.98
62.43
28.25
22.49
36.95
92.5
23.8
40.91
0.0
3.248e-06
21.61
47.95
23.12
32.38
48.49
38.86
0.0
87.82
0.0
37.49
0.0
118.8
59.52
0.0
0.0
50.04
0.0
33.59
0.0
46.67
45.54
22.48
4.462e-06
48.69
29.34
0.0
47.18
26.23
35.32
0.0
0.0
32.21
25.43
39.68
33.22
27.25
49.81
44.2
53.6
0.0
41.11
82.62
0.0
32.54
36.51
37.85
60.37
42.23
71.56
0.0
45.45
23.82
0.0
0.0
0.0
35.41
43.89
23.88
53.93
27.79
79.73
33.28
34.3
0.0
50.5
24.06
0.0
40.58
0.0
24.18
115.8
40.11
0.0
30.0
82.31
25.18
92.36
41.95
2.541e-06
49.09
91.09
0.0
74.01
32.16
78.34
0.0
31.7
0.0
39.97
53.67
38.11
0.0
34.26
25.2
0.0
35.33
41.66
57.27
86.97
22.78
5.636
28.83
0.0
55.39
32.01
80.72
46.62
43.52
40.99
0.0
37.43
91.24
38.39
0.0
47.12
0.0
82.27
45.26
54.18
0.0
24.59
0.0
92.48
30.36
60.12
74.31
57.24
14.97
45.54
64.45
0.0
70.93
20.89
70.39
50.19
53.59
0.0
30.97
36.17
37.04
19.22
23.4
0.0
0.0
20.18
33.97
20.28
92.26
0.0
27.69
0.0
37.51
21.06
29.65
36.88
0.0
11.51
31.51
93.64
0.0
41.83
111.8
0.0
51.3
2.846e-06
16.92
38.02
30.87
45.1
0.0
52.17
37.41
41.33
0.0
26.75
44.69
43.05
42.87
78.69
54.1
29.44
69.24
28.47
41.73
88.09
35.36
32.24
38.8
0.0
46.75
0.0
0.0
0.0
42.7
25.89
0.0
85.34
22.18
35.24
19.82
35.9
41.6
25.05
39.21
83.68
37.85
0.0
24.93
0.0
12.31
28.41
0.0
0.0
26.75
20.39
100.6
0.0
0.0
36.56
54.03
21.71
74.72
0.0
0.0
0.0
44.53
39.58
0.0
25.67
2.578e-06
53.97
0.0
0.0
35.64
27.57
0.0
53.51
0.0
68.59
24.07
0.0
4.019e-06
0.0
18.48
15.71
42.23
21.05
49.14
72.25
57.29
30.9
29.89
24.77
21.91
37.39
89.64
29.1
49.92
32.41
36.07
18.31
0.0
38.5
23.04
23.86
52.19
0.0
0.0
46.78
108.5
61.94
57.56
0.0
2.365e-06
50.19
54.37
0.0
42.87
40.42
40.31
63.04
56.1
22.2
109.6
0.0
0.0
0.0
8.717e-07
35.33
29.3
0.0
28.69
38.5
0.0
94.95
28.55
63.61
0.0
66.79
95.76
0.0
101.7
49.65
67.73
29.68
56.62
55.38
65.38
37.74
0.0
3.915e-06
58.81
0.0
32.84
39.9
54.74
27.34
58.74
48.71
26.1
36.66
0.0
34.58
46.6
39.63
0.0
39.57
51.04
35.15
0.0
0.0
84.13
107.9
53.69
0.0
34.38
61.45
0.0
0.0
0.0
44.86
0.0
60.3
76.39
0.0
89.45
0.0
42.34
59.73
0.0
65.35
45.43
0.0
52.88
13.58
24.44
28.07
17.32
2.813e-06
0.0
22.26
28.82
31.72
0.0
0.0
0.0
87.46
35.12
26.63
27.72
122.7
107.0
0.0
0.0
37.7
22.69
61.12
33.83
0.0
46.3
46.72
36.31
32.81
77.92
105.3
0.0
36.85
0.0
29.07
0.0
101.5
23.03
58.93
1.825e-06
38.77
0.0
1.735e-06
53.4
22.97
113.1
26.19
16.55
31.68
108.7
69.4
36.2
20.5
114.6
74.09
1.738e-06
105.8
22.68
33.64
73.71
92.31
22.81
0.0
46.72
0.0
47.19
0.0
28.26
0.0
0.0
32.1
37.36
37.71
57.52
45.21
43.42
43.04
28.72
49.77
0.0
0.0
30.57
24.55
70.75
42.02
70.3
69.63
125.9
60.55
0.0
78.36
31.71
36.72
12.61
120.8
39.25
0.0
38.68
85.34
36.83
0.0
24.75
43.29
0.0
30.19
24.24
30.47
25.21
0.0
43.15
29.98
34.04
66.77
29.92
66.34
33.57
66.66
36.34
34.77
51.81
60.63
0.0
0.0
0.0
66.79
0.0
30.61
0.0
45.89
60.6
28.86
30.55
0.0
40.16
11.75
34.25
46.36
36.74
39.25
52.17
0.0
63.27
0.0
0.0
75.69
45.24
50.99
27.78
27.62
36.69
0.0
0.0
28.44
3.215e-06
0.0
79.17
29.1
99.68
137.2
55.84
36.51
0.0
22.14
0.0
43.97
23.12
43.0
17.89
53.52
0.0
37.03
24.44
0.0
23.57
32.04
61.2
9.278
0.0
30.47
57.66
61.23
9.462e-07
0.0
69.64
99.31
0.0
20.63
0.0
0.0
47.01
2.06e-06
19.35
44.43
37.71
97.64
13.32
0.0
0.0
38.62
0.0
0.0
24.98
61.17
19.45
26.47
0.5
54.48
33.86
91.46
109.9
26.03
18.26
21.98
0.0
39.21
82.19
39.47
39.53
35.27
68.06
125.2
0.0
0.0
0.0
68.42
51.05
23.75
27.18
24.19
37.22
36.34
104.7
34.81
21.35
54.48
36.75
45.71
0.0
22.83
95.84
50.87
24.88
38.8
48.59
53.86
93.93
22.04
2.529e-06
0.0
28.39
31.23
58.29
34.14
72.53
103.7
9.934
58.46
30.22
0.0
65.61
0.0
0.0
42.55
84.12
0.0
51.55
37.43
18.76
46.09
47.13
24.16
0.0
57.55
58.46
44.36
92.26
0.0
96.99
0.0
36.25
0.0
88.45
28.65
31.07
66.97
39.93
45.03
23.36
58.04
68.78
25.0
21.43
40.03
49.84
36.72
36.71
0.0
30.72
36.88
41.99
23.0
35.63
42.88
22.53
3.704e-06
38.25
33.33
3.159e-06
53.56
35.89
0.0
0.0
44.99
46.02
52.75
0.0
37.14
51.27
0.0
0.0
15.24
41.97
37.15
39.57
38.41
87.36
105.6
16.67
45.91
108.7
39.25
75.76
0.0
97.85
62.26
43.55
54.03
0.5
3.683e-06
42.34
19.6
66.98
38.44
34.58
45.7
39.38
43.63
32.46
38.77
21.59
69.68
99.77
0.0
34.74
27.0
27.33
87.36
27.0
76.06
52.29
0.0
64.92
58.49
0.0
18.02
42.28
31.68
63.39
35.1
44.25
66.64
31.8
0.0
38.17
4.406e-06
0.0
100.2
1.345e-06
0.0
13.97
22.82
27.15
54.91
33.3
24.37
0.0
72.74
47.42
83.16
69.22
36.02
21.39
0.0
0.0
35.36
20.5
57.17
36.45
91.68
34.89
0.0
24.94
0.0
0.0
23.88
65.61
68.75
110.7
43.69
44.48
39.35
38.15
39.02
50.04
44.67
120.9
56.75
29.39
0.0
34.42
35.48
65.15
60.61
49.64
26.23
44.68
34.48
47.08
52.38
70.1
25.64
48.86
82.63
11.39
34.88
32.91
68.35
57.56
0.0
27.83
78.77
104.1
0.0
60.28
0.0
45.53
114.8
14.63
26.0
45.15
32.13
0.0
34.95
26.59
0.0
0.0
57.68
75.76
27.32
33.63
44.72
108.4
12.63
101.8
44.74
0.0
62.87
73.04
12.02
5.636
0.0
40.41
40.62
38.9
28.87
49.99
69.39
49.82
77.64
66.79
24.94
97.69
9.909e-07
42.63
49.79
92.39
30.66
18.04
0.0
65.48
66.79
0.0
3.45e-06
16.57
11.47
0.0
65.33
87.14
92.65
29.67
25.09
30.42
109.6
49.61
28.73
36.04
34.91
88.0
21.79
33.6
66.35
0.0
0.0
36.66
109.0
28.83
61.0
16.64
28.96
23.93
51.79
46.25
1.937e-06
0.0
0.0
0.0
36.47
77.86
0.0
43.49
0.0
69.24
0.0
0.0
65.52
41.2
34.7
24.97
38.84
0.0
10.27
48.25
0.0
0.0
40.22
56.38
0.0
40.6
54.95
102.5
0.0
30.57
0.0
32.72
0.0
48.93
27.35
24.14
22.67
75.14
0.0
15.1
36.45
0.0
66.21
55.54
112.5
19.75
0.0
71.92
0.0
21.64
4.241e-06
0.0
28.25
28.01
41.18
29.1
55.91
41.33
0.0
0.5
22.68
18.12
0.0
42.51
39.41
35.8
0.0
0.0
0.0
53.57
1.493e-06
0.0
38.88
69.64
0.0
83.83
13.71
1.581e-06
55.69
0.0
0.0
29.37
1.438e-06
84.55
67.58
0.5
54.67
41.86
6.438e-06
45.83
16.57
60.6
47.86
62.83
13.21
46.43
31.24
24.24
47.42
71.97
31.4
85.24
26.14
78.26
39.46
27.63
52.25
0.0
15.89
25.01
53.9
56.11
0.0
58.45
86.33
3.45e-06
56.29
36.81
56.38
43.52
33.18
55.67
26.95
62.07
54.97
35.73
31.95
42.32
0.0
20.35
78.11
0.0
40.7
28.44
27.47
0.0
21.83
41.52
41.03
0.0
52.82
68.11
37.82
97.93
1.738e-06
48.02
54.84
20.88
46.61
0.0
40.01
39.13
24.24
10.32
55.47
44.01
63.77
57.5
92.03
0.0
35.36
56.74
34.48
1.49e-06
88.63
35.75
45.72
35.16
76.52
0.0
72.7
12.13
61.17
0.0
18.82
42.83
24.5
69.64
31.76
47.52
73.98
107.7
35.69
39.44
0.0
60.25
97.66
36.61
43.46
101.9
21.02
91.4
0.0
0.0
67.63
66.82
31.74
0.0
31.47
0.0
0.0
0.0
96.01
60.34
1.735e-06
22.64
65.84
0.0
39.29
0.0
32.09
44.19
20.52
26.59
92.5
0.0
0.0
0.0
75.09
0.0
34.08
111.3
57.27
97.94
98.67
50.44
42.09
29.9
38.95
33.22
1.444e-06
72.12
34.97
61.91
26.13
34.14
26.97
54.83
24.48
0.0
109.6
89.88
25.61
0.0
31.96
41.29
0.0
0.0
31.17
47.14
0.0
21.55
33.9
18.07
0.0
60.68
36.42
0.0
43.25
66.66
46.72
60.0
0.0
11.7
52.59
51.03
53.11
32.11
30.61
33.93
0.0
22.41
24.31
33.44
41.21
70.99
18.23
26.0
43.52
0.0
45.42
60.01
122.7
88.65
34.63
29.16
79.61
0.0
86.8
59.51
0.0
23.5
38.68
40.95
26.23
41.72
56.42
21.36
31.43
97.42
54.98
58.77
41.87
41.93
29.68
27.62
36.59
73.81
0.0
29.94
56.17
1.334e-06
79.61
0.0
0.0
3.668e-06
0.0
63.11
0.0
17.52
92.39
34.16
27.62
96.01
108.7
26.65
30.1
0.0
34.92
0.0
0.0
50.23
0.0
92.25
0.0
0.0
0.0
65.15
60.12
55.63
0.0
0.0
0.0
30.21
11.24
0.0
92.59
40.04
0.0
71.86
0.0
65.24
29.86
84.74
31.98
39.57
19.57
2.31e-06
21.72
19.57
111.9
25.23
0.0
0.0
35.96
64.59
0.0
25.38
45.72
38.17
112.0
28.02
54.73
0.0
0.0
12.19
27.05
47.98
40.31
0.0
0.0
91.54
28.95
0.0
39.68
36.1
3.683e-06
33.59
21.13
112.7
17.22
109.6
31.34
0.0
79.29
24.72
18.67
13.75
0.0
1.155e-06
43.6
1.311e-06
10.08
103.9
50.82
26.87
0.0
0.0
34.59
47.92
20.0
23.49
32.25
0.0
87.33
25.83
61.33
91.33
38.79
32.34
32.91
38.65
26.53
0.0
70.69
0.0
0.0
32.91
80.44
40.88
0.0
0.0
0.0
3.668e-06
33.55
30.21
36.8
79.24
42.75
37.72
0.0
38.8
33.96
0.0
60.59
28.77
0.0
38.79
61.4
50.39
0.0
51.36
53.46
0.0
136.5
0.0
10.59
39.97
0.0
63.63
34.17
86.8
38.88
43.18
39.24
49.28
34.68
41.12
0.0
31.85
0.0
27.45
0.0
20.89
37.04
0.0
20.19
101.6
25.08
53.66
0.0
31.79
108.7
27.4
15.63
0.0
23.03
28.1
68.59
48.18
30.11
79.85
91.1
12.93
0.0
37.49
32.74
41.82
32.81
90.37
3.196e-06
71.95
29.68
33.67
55.47
34.7
0.0
37.22
0.0
61.6
94.92
19.85
17.12
33.06
13.27
86.76
37.28
40.84
21.09
68.75
64.81
77.34
0.0
44.15
2.121e-06
66.03
27.2
22.15
79.32
35.15
19.65
1.997e-06
14.92
3.704e-06
0.0
0.0
49.35
23.65
0.0
86.7
0.0
41.6
24.25
31.85
0.0
0.0
13.51
0.0
19.99
46.93
53.47
14.99
33.66
32.39
0.0
45.16
53.76
75.05
30.84
0.0
67.19
29.54
30.2
45.86
44.68
60.69
35.64
72.66
53.11
12.52
91.45
64.25
0.0
22.86
42.3
36.23
0.0
140.2
0.0
38.82
27.78
26.24
10.59
47.52
38.49
27.81
56.03
0.0
0.0
86.46
97.41
109.6
44.43
0.0
38.11
43.74
42.29
0.0
0.0
48.72
0.0
0.0
57.73
24.49
84.81
74.17
1.594e-06
29.05
60.28
25.91
0.5383
25.23
25.02
67.73
70.99
45.24
28.51
45.73
55.73
32.37
0.0
0.0
63.27
3.796e-06
0.0
0.0
106.3
71.55
48.08
0.0
83.34
0.0
26.07
69.35
0.0
37.54
2.683e-06
56.78
0.0
97.44
44.34
0.0
1.945e-06
1.416e-06
40.67
46.05
27.7
66.16
29.33
37.01
33.43
54.12
24.37
52.5
85.34
18.87
38.4
25.97
31.67
47.99
21.88
74.13
26.75
53.21
74.37
88.68
39.92
36.48
30.21
27.58
1.27e-06
28.38
34.96
49.54
55.75
0.0
1.956e-06
74.09
58.62
35.97
81.15
28.24
34.09
0.0
0.0
39.66
0.0
21.69
30.21
25.38
39.02
52.06
63.61
32.95
3.5e-06
51.26
66.61
55.96
45.91
38.6
28.49
77.98
22.57
69.95
42.88
0.0
66.4
26.56
90.74
0.0
0.0
66.78
100.5
0.0
38.07
42.08
0.0
57.54
21.04
31.97
35.12
57.61
0.0
51.08
62.92
0.0
113.9
0.0
92.59
0.0
0.5
12.03
18.22
29.08
0.0
0.0
33.33
44.54
0.0
0.0
19.65
53.3
74.27
61.4
109.6
92.37
0.0
57.3
22.14
0.0
43.69
111.4
103.1
53.41
46.75
88.92
103.4
37.72
26.03
44.35
0.0
22.73
38.51
17.74
24.65
108.7
38.04
0.0
31.76
49.41
0.0
1.388e-06
32.86
0.0
0.0
75.37
0.0
47.99
43.18
30.01
0.0
35.78
52.25
15.95
27.09
25.03
33.18
63.31
40.49
89.1
22.71
0.0
50.48
61.21
48.61
66.34
46.66
37.96
43.61
0.0
38.92
21.53
46.44
96.36
13.44
38.19
24.14
1.326e-06
111.4
24.06
64.95
22.68
33.6
0.0
53.25
21.54
30.63
36.23
42.07
37.38
39.9
63.5
23.38
100.7
42.63
0.0
29.52
0.0
0.0
0.0
0.0
107.2
96.36
0.0
27.96
0.0
25.16
18.34
64.67
0.0
87.06
67.01
18.69
59.77
103.9
24.05
104.9
0.0
31.96
44.72
69.65
80.3
0.0
26.07
0.0
47.98
23.14
47.1
0.0
70.8
38.77
18.48
25.33
53.17
102.0
38.34
85.24
0.0
0.0
20.28
0.0
23.66
57.11
59.73
76.78
41.46
40.3
0.0
34.6
77.21
0.0
25.0
0.0
60.5
47.09
47.45
60.58
0.0
46.05
62.82
43.13
15.62
74.33
70.17
77.4
39.99
33.44
107.7
26.89
0.0
24.93
39.66
73.71
2.064e-06
24.17
32.31
60.59
42.94
43.26
39.92
56.77
17.05
20.95
0.5
14.14
0.0
0.0
24.33
0.0
86.16
34.38
34.91
76.51
21.09
17.05
68.06
53.79
14.68
0.0
16.81
2.112e-06
65.24
0.0
52.38
0.0
1.576e-06
72.7
21.64
49.63
34.66
64.19
78.11
26.21
53.66
13.24
47.24
23.01
96.99
0.0
52.59
14.29
1.639e-06
75.14
82.02
82.31
51.02
29.66
27.89
17.59
33.15
67.58
34.67
21.63
0.0
95.65
44.64
29.92
40.42
32.67
84.27
0.0
70.3
0.0
12.25
0.0
3.754e-06
69.36
43.36
0.0
65.05
41.93
103.4
63.39
52.72
40.99
34.81
29.95
34.59
27.6
50.7
0.0
40.96
43.03
19.28
25.28
21.23
91.83
32.95
0.0
0.0
56.23
0.0
34.92
0.0
21.02
0.0
78.66
35.8
53.42
33.28
31.19
41.63
39.53
45.46
44.91
32.55
24.13
64.3
0.0
20.98
57.45
71.25
70.93
35.37
24.27
0.0
5.424e-06
29.1
49.09
0.0
23.74
0.0
14.42
26.03
8.108
0.0
31.46
19.22
0.0
39.5
24.34
68.21
83.91
0.0
87.19
0.0
0.0
29.75
30.72
10.75
19.09
92.65
41.42
28.41
0.0
40.75
59.44
59.68
37.44
44.93
0.0
37.02
30.18
46.91
42.37
0.0
67.45
26.1
24.14
34.2
0.0
37.22
81.65
79.29
54.75
46.19
80.3
33.59
0.0
111.9
44.73
20.25
53.65
30.15
0.0
82.2
89.28
77.9
0.0
21.83
0.0
43.61
0.0
39.04
53.87
48.5
63.31
80.05
0.0
17.12
31.95
0.0
40.41
16.84
0.0
0.0
88.92
79.29
38.53
79.32
36.21
0.0
49.83
67.08
0.0
0.0
31.63
47.16
29.21
2.578e-06
58.16
46.7
0.0
69.64
68.76
27.76
42.52
32.24
20.6
33.24
103.5
43.69
0.0
130.4
64.86
34.57
63.19
101.9
0.0
38.55
46.96
48.09
36.23
53.4
0.0
62.85
34.23
36.39
38.04
40.85
55.6
37.62
28.95
32.6
92.26
54.12
39.76
0.0
105.3
11.93
0.0
37.5
28.24
36.65
0.0
17.97
12.64
21.21
96.07
0.0
44.05
28.5
32.79
34.97
61.58
29.76
0.0
0.0
84.98
116.4
0.0
0.0
0.0
42.71
43.93
55.68
0.0
45.85
40.8
33.69
94.95
35.38
0.0
0.0
50.42
21.37
27.3
1.155e-06
0.0
48.25
47.87
0.0
42.56
94.38
0.0
55.83
54.85
0.0
20.32
59.51
32.36
22.32
14.7
26.19
49.93
16.06
48.84
69.06
49.73
109.1
0.0
25.04
0.0
12.41
0.0
14.16
27.54
123.0
78.19
0.0
0.0
44.2
0.0
0.0
40.63
38.77
0.0
0.0
142.0
31.18
22.14
38.92
17.94
75.86
33.46
46.27
92.91
