0.7711
0.8781
0.7896
0.4276
0.7511
0.5293
0.4756
0.3432
0.2513
1.367
0.7033
1.34
0.2754
0.7058
0.5134
0.5347
0.5732
1.376
0.6632
1.052
0.5496
0.708
0.671
0.2798
0.5734
0.8702
0.6294
0.8237
0.8915
1.567
0.3746
0.3318
0.5903
0.8176
0.6387
0.8301
1.053
0.7148
0.808
0.586
0.8123
0.383
1.128
0.9861
0.9087
1.12
0.3494
0.5059
1.167
1.076
0.7484
0.5622
1.843
0.5711
0.9081
0.4854
0.565
0.4282
0.3044
0.5316
0.7959
0.4063
0.7565
0.3817
0.809
0.6489
0.4037
0.5576
1.344
1.483
1.182
1.312
0.9416
2.114
1.214
1.578
0.5131
0.4836
0.4859
1.121
0.9469
0.4319
1.286
0.3593
0.5512
0.9638
0.5747
0.575
0.9225
1.695
1.373
0.4481
0.7526
0.6937
0.6469
0.573
0.5657
1.01
1.304
1.598
0.9553
0.7035
0.5855
0.5042
0.4755
1.92
0.5222
0.4205
0.4227
0.6554
0.4674
0.7022
1.745
1.029
0.7013
0.7728
0.3405
0.8569
0.8069
0.4084
0.5291
0.9782
2.5
0.735
0.834
0.7411
0.7577
0.5006
0.7299
0.6569
0.6356
1.614
0.3209
0.5343
0.3977
0.4051
0.2857
0.822
1.393
1.222
0.6613
0.5565
0.3144
0.1632
0.5225
0.9286
0.7298
0.4859
0.6492
0.414
0.8935
0.7254
0.4269
0.9681
0.6893
0.808
1.696
1.294
0.5598
1.8
1.296
0.7976
0.371
1.132
0.4023
0.9649
0.5067
0.5834
0.6191
1.09
0.9889
0.8869
0.6574
0.5698
0.474
0.2565
0.6587
1.016
0.6692
0.5282
0.4259
0.6642
0.3175
0.4295
1.003
0.4385
1.834
0.4431
0.7691
0.8062
0.4368
1.462
0.9991
0.5513
1.065
0.3231
0.3956
0.6284
1.556
0.5698
0.7526
0.9111
0.8826
0.8098
0.3962
0.5531
0.5104
1.707
0.5297
0.6687
0.3864
0.807
0.7565
1.303
1.728
0.7471
0.7216
0.4607
0.5847
0.423
0.416
0.9078
0.4058
0.642
0.4309
0.7409
1.418
1.385
0.4653
0.5451
0.3165
0.6428
0.557
0.98
1.101
0.5193
0.5175
0.4084
0.9878
0.8606
1.001
0.3762
0.3728
0.7282
0.4046
1.685
0.8441
0.3567
0.6239
0.3808
0.3785
1.406
0.4266
1.344
0.3137
1.263
0.605
0.4383
0.6205
0.4797
0.3982
0.9306
0.425
0.5407
0.816
1.127
0.3121
0.3537
0.8036
0.6276
1.273
1.062
0.5719
0.4883
0.8537
0.5183
1.014
0.3449
1.445
0.4033
0.8769
0.4201
1.124
0.7735
0.9489
1.217
0.8335
0.3372
0.6965
1.34
0.7929
0.6642
0.3499
0.3566
0.3354
0.4476
0.4604
0.3896
0.4511
0.7741
0.3543
0.6031
0.58
0.5644
0.6787
0.8832
0.9597
0.5169
1.592
0.3198
1.235
0.7966
0.7465
0.7606
1.6
0.6016
0.926
0.5098
0.4042
0.7905
0.7754
0.8611
0.6397
0.4434
0.7144
1.524
0.5843
1.111
0.7747
0.6453
0.8255
1.338
0.4781
1.108
0.4084
0.5728
0.8533
0.3762
0.9388
0.9006
0.7235
0.4654
0.6747
0.6216
0.6799
0.3689
0.6645
0.7181
0.455
0.3592
0.5727
0.6166
0.5544
0.3932
1.061
1.221
1.296
0.4087
0.2581
1.309
0.5908
0.6637
0.5986
0.6088
0.8426
0.7594
0.3701
0.5901
0.5947
0.4104
0.7235
0.6058
1.313
1.343
0.3578
0.5886
0.494
0.5078
1.046
0.3397
0.5986
0.5568
0.6148
0.8492
0.49
0.5254
1.299
1.452
0.5148
0.7135
1.825
0.8526
0.5279
0.9056
1.009
1.27
0.2792
0.3794
0.9747
0.5153
0.404
0.4537
0.3858
0.5245
1.262
0.5173
0.5564
0.9736
0.4139
0.5405
0.9163
0.4176
1.73
0.4513
0.4968
0.789
0.3247
0.4429
0.3869
0.6584
0.6878
0.455
1.89
0.4182
1.133
1.361
0.6861
0.3808
0.9747
1.287
0.8303
0.6591
0.514
0.786
1.736
1.089
0.7088
0.356
0.9741
0.3523
0.7273
0.34
0.7299
0.9397
1.454
0.9405
0.8481
0.5854
0.8421
0.4588
0.8159
0.947
0.4751
1.06
1.288
0.7999
0.7478
0.5073
1.136
0.3361
0.4121
0.7852
0.9616
1.107
1.532
0.02207
0.5387
0.53
0.487
0.386
0.729
1.017
0.6361
1.028
0.4555
0.8419
0.5259
1.057
0.3972
0.7131
1.174
1.062
0.5221
0.3247
0.3775
1.094
0.9672
0.5262
0.5109
0.4761
0.2877
0.4796
0.4959
1.009
0.4348
0.423
0.5244
0.4876
0.5554
0.9703
0.5341
0.3817
0.5677
0.8393
0.5689
0.3184
1.239
1.199
0.6946
0.8151
0.4104
1.368
0.6784
0.5332
0.6718
1.365
0.7284
1.561
0.4299
0.4797
0.4763
0.5585
0.5244
0.7775
0.785
0.4755
1.174
0.8229
0.8567
1.114
0.7103
0.6078
0.4929
0.8536
0.4638
0.4551
0.448
0.4572
0.7811
0.3867
0.6064
0.8606
0.6414
0.31
0.5555
0.5455
0.4699
0.4778
0.8946
0.6129
0.8055
0.8889
0.582
1.63
0.9469
0.4576
0.8911
0.6804
1.128
0.5587
1.113
0.8651
0.9841
0.9813
1.038
0.7957
0.3976
0.8774
0.3667
0.6994
0.8004
0.664
0.4151
1.086
1.002
0.9335
0.8682
0.8639
0.8024
1.335
0.6621
0.5022
0.8508
0.6021
0.6715
0.3888
0.7981
0.9711
1.313
1.511
0.9684
0.682
0.9466
0.4373
0.4292
0.5975
0.3669
0.5223
0.7453
1.493
0.3594
0.7139
0.561
0.4343
0.3986
0.9608
0.4831
0.9889
0.4935
0.3712
0.369
0.4763
0.4367
0.3475
1.215
0.5775
0.6956
0.5533
0.5937
0.4979
0.4539
0.6777
1.044
0.4726
0.6372
0.686
0.459
1.007
0.9999
0.9052
0.5577
1.156
0.4849
0.5301
1.097
0.6696
0.9036
0.3566
0.5658
0.8349
1.173
1.126
0.514
0.328
2.246
1.127
0.6542
0.8086
1.887
0.5495
0.4995
0.8436
0.9459
0.3655
0.6096
0.2754
0.6671
1.089
0.9953
0.5764
0.5362
0.4351
0.4751
0.501
0.9544
0.918
0.5215
1.726
0.8702
0.7715
0.2782
1.003
0.7685
1.546
1.739
0.4041
1.022
0.5369
0.7295
0.6566
0.8975
0.8033
0.4491
0.4788
0.677
0.4491
0.6358
0.6893
0.6086
0.9965
0.77
0.8057
1.78
0.9607
0.7741
0.7699
1.315
1.504
0.7477
0.7176
0.5403
0.6849
1.765
0.4691
0.5754
0.3352
0.4604
1.219
0.5045
0.3934
1.004
0.8519
0.5396
0.8665
0.8829
0.3882
0.455
1.277
0.6245
1.393
0.5721
0.5001
1.002
0.8937
0.7476
0.9743
0.9547
0.3405
1.308
0.8287
0.4793
0.4463
0.5719
0.2886
0.5208
1.12
0.5339
0.744
1.118
0.5192
0.3851
0.6767
0.5328
0.3189
0.9808
0.6923
0.7303
0.5358
0.9558
0.3287
0.4855
1.135
0.406
0.8133
0.7952
1.147
0.9062
0.9215
0.767
1.571
0.9904
0.9926
0.3625
0.4209
0.5182
0.2433
0.4427
1.366
1.198
0.4834
1.548
0.4699
0.843
0.4506
1.377
0.4571
0.5016
0.5775
0.7004
0.373
0.739
0.5945
0.7467
0.3825
0.7646
0.7461
0.8294
0.6764
1.869
0.7187
1.084
1.132
1.579
1.637
1.334
1.048
0.6286
0.8006
1.243
1.515
0.5288
0.8535
0.7471
0.9436
0.8606
0.8562
0.7468
0.5301
0.9281
0.5394
0.9457
0.7943
0.427
0.5268
0.3855
0.9876
0.4324
1.781
0.3539
0.6711
0.7505
0.3503
0.5756
0.6326
0.5178
0.7216
0.8854
0.5038
0.729
0.6275
0.4359
1.027
0.4483
0.6846
0.7759
1.462
0.3438
0.8902
0.4673
0.7017
0.52
0.9739
0.7307
0.4152
0.4406
0.8558
1.023
0.9625
0.4837
1.016
0.368
1.249
0.8849
0.343
0.6613
0.471
0.3506
0.9964
0.7673
0.3996
0.4869
0.7051
0.5499
0.4103
0.9995
0.486
0.6856
0.3152
0.8423
0.4014
0.5957
0.404
0.3437
0.5573
2.005
1.44
0.4108
0.5973
0.9587
0.4288
0.9136
0.7178
0.6474
0.7734
0.3318
0.3273
0.854
0.4824
0.4232
0.6459
0.739
0.3773
0.6456
0.8914
0.7709
0.3557
0.5914
0.5677
1.044
0.8366
0.5134
0.744
0.4598
0.4545
0.5222
0.5763
0.9795
1.196
1.061
0.8477
1.335
0.432
1.276
0.7614
0.7002
0.4357
0.4001
0.3898
0.4228
0.6023
0.3491
0.3875
0.4259
1.484
1.136
1.007
1.449
0.8642
0.9628
1.031
0.7244
0.8979
0.3466
0.509
0.8587
0.5128
0.414
1.009
0.5302
0.4903
0.4332
1.718
0.7718
0.8869
1.178
0.8914
0.6476
0.506
0.2911
1.009
0.8601
0.9459
0.763
0.5403
0.4591
0.4982
0.9733
0.7912
0.5567
0.7662
0.3216
0.3726
1.165
1.179
0.5658
0.3924
0.7232
0.5856
1.309
0.6814
0.584
0.95
0.3349
0.5439
0.5281
1.113
0.6727
0.3429
1.33
0.5125
0.5409
0.5047
1.212
0.3909
0.5294
0.383
1.199
0.3493
0.3504
0.5127
0.7218
0.9699
0.8271
1.26
1.163
0.7678
1.011
1.111
1.361
0.6323
1.654
0.8453
0.518
1.568
0.7209
0.7588
1.051
1.16
0.6496
0.4043
0.6345
1.232
1.146
0.4676
0.3518
1.56
0.8208
0.5725
0.419
0.9195
0.3748
0.4884
1.307
1.597
0.7904
1.697
0.5285
1.236
1.132
0.4636
1.235
0.4187
1.274
0.5121
0.4359
0.8761
1.333
0.5366
0.8586
0.4497
0.5018
0.7548
0.543
0.8263
0.6083
0.7305
0.8958
0.4967
0.373
0.4957
0.562
0.8397
0.3223
0.3908
0.7059
0.8875
1.034
0.9459
0.9903
0.5868
1.454
0.7773
0.6579
1.053
0.5405
0.3383
0.3293
0.3589
0.6045
0.3671
0.7046
0.5248
0.9451
0.5625
0.3497
0.9768
0.6347
0.6969
0.638
0.8266
0.8529
0.802
0.6872
0.3919
1.141
0.328
0.6429
0.6747
0.9911
1.111
1.359
1.55
0.5494
0.7885
0.3552
0.7994
0.4559
0.6054
0.6371
1.449
0.4143
0.6909
0.8677
0.7199
0.4667
0.6998
0.3738
0.5692
0.9407
1.218
0.9613
1.266
0.8269
0.9034
0.8953
1.162
1.635
0.2921
0.3916
0.4982
0.5294
0.5459
0.5084
0.5874
1.375
1.483
1.026
0.7555
0.4289
0.3971
0.3661
1.221
0.8243
1.368
0.8016
0.4883
0.3745
1.816
0.664
0.7101
0.5976
0.7263
1.138
0.4907
0.377
0.4393
0.6181
0.5731
0.4766
0.7463
0.735
0.7784
0.5304
0.3754
0.665
0.5539
0.3105
0.8986
1.044
0.5321
0.4493
0.7044
0.4834
0.7495
0.5794
0.5
0.507
0.4796
0.4544
0.4475
0.6058
0.5333
0.4714
0.5752
0.3384
1.51
0.653
0.5013
1.255
0.6348
0.9222
0.3231
0.8549
0.6736
0.5686
0.5353
0.8069
0.9612
0.4894
0.5029
0.4724
1.175
0.3297
0.878
0.5909
0.4005
0.5578
0.3772
0.3119
1.36
1.079
0.7047
0.27
1.069
0.7471
0.3741
1.373
0.3643
0.3953
0.743
0.4727
1.537
0.4874
0.4061
0.3482
0.5409
0.5298
0.3333
1.094
0.486
0.5507
1.14
0.6557
0.4901
1.133
1.29
0.5332
0.9814
0.5472
0.6375
0.4835
0.3972
0.6902
0.4269
1.78
0.9121
0.778
0.916
1.465
0.5669
1.259
1.279
0.6524
0.8761
0.5885
1.583
0.7529
0.9088
0.8634
1.183
0.3176
0.5289
0.6098
0.62
0.321
0.6735
0.6056
1.827
1.402
1.418
0.6362
0.3596
0.5299
1.153
0.4433
0.7058
0.868
0.815
0.6547
0.6386
0.5848
0.3969
1.328
0.4851
0.6227
0.6044
0.9399
0.4106
0.5185
0.4971
0.6058
0.8707
0.6933
0.6374
0.9679
1.297
0.5219
0.4195
1.107
0.5794
0.6372
1.094
0.8311
0.6448
0.9021
0.7115
0.3162
1.337
0.673
0.369
0.9507
0.3574
0.7175
0.5389
0.8131
0.4902
0.3641
0.7092
0.6128
0.9719
0.2994
0.7925
0.4148
0.3516
0.4832
0.346
0.3791
1.246
0.8654
1.542
0.7403
1.211
0.746
0.719
1.235
0.9392
0.6449
0.3729
1.065
0.5397
0.9604
0.3679
1.176
0.7788
0.4456
0.6552
0.3104
0.5405
1.848
0.8494
1.138
0.7757
0.9905
0.9604
1.48
1.559
0.4122
0.5259
0.3572
1.208
1.043
0.6288
0.337
0.9563
0.9233
0.9828
0.6402
0.5005
1.031
0.5388
0.2454
1.209
0.6036
0.8053
0.4136
0.2546
0.3806
0.5836
0.3783
0.6887
0.888
0.8317
0.4735
0.8316
0.5196
0.5977
0.8348
0.7737
0.7208
1.429
1.228
1.144
0.9824
1.064
0.5746
0.543
0.8833
0.2726
0.617
0.4149
0.4781
0.425
0.236
0.8459
1.207
1.576
0.5833
0.3831
0.5574
0.5497
0.3138
0.6552
0.4566
0.9306
1.032
1.394
0.7785
0.6468
0.6311
0.6286
0.5285
0.9501
0.919
0.4767
0.9119
0.5601
0.8472
0.8558
0.9849
0.7409
0.3276
0.6822
0.3847
1.1
1.078
0.577
0.3394
0.9895
1.141
0.9603
0.7867
0.3036
0.451
1.193
0.4238
0.6736
1.423
0.844
0.03734
0.5192
0.9295
1.417
1.543
0.9584
0.8658
0.8619
0.7312
0.7228
1.556
0.3891
0.4082
0.6817
1.104
0.6191
0.3602
0.9808
0.4896
0.7712
0.7585
0.3815
1.377
0.5604
0.4329
1.854
1.493
0.9534
0.8959
0.5149
0.9001
0.4168
0.5076
0.4512
0.4149
0.6014
0.5298
0.7271
0.7053
0.8764
0.8951
0.8868
0.6639
1.159
0.991
0.6135
0.5162
0.4131
1.245
0.2847
1.239
0.5506
0.5355
1.244
1.336
0.4735
0.6877
0.7565
0.5624
0.5987
0.846
0.6356
1.057
0.5816
1.39
0.6617
0.438
1.879
1.529
0.8701
0.8407
0.7565
0.9475
0.5201
0.2876
0.4735
0.6106
0.3976
0.3428
0.7736
0.9453
0.7891
0.7131
1.309
1.053
0.4833
0.8628
0.7754
0.8204
0.5653
0.5246
0.8536
0.3883
0.695
0.4656
1.655
0.467
0.3917
0.4386
0.529
0.4674
0.7537
0.7483
0.3584
0.7861
0.9992
0.7182
0.6045
0.3292
0.5043
0.5866
0.3917
0.5527
1.012
0.8302
0.7475
0.7928
0.5648
1.139
0.6706
0.3669
0.9471
1.009
0.2413
0.3607
1.624
0.58
0.6763
0.567
0.9499
0.768
1.09
0.8892
1.281
