4.437
3.443
3.639
4.569
3.26
3.761
3.918
3.334
2.362
3.751
5.154
3.522
4.07
3.27
2.708
6.821
5.618
4.298
7.036
4.693
3.747
5.604
5.98
3.31
3.269
4.273
3.338
3.37
6.433
6.102
3.42
3.587
3.454
2.617
3.637
3.845
2.052
4.288
3.944
3.003
4.295
3.231
5.826
5.781
7.136
4.511
3.256
3.829
3.64
3.672
3.13
4.902
5.658
3.604
3.605
3.193
3.288
3.106
3.494
3.661
7.482
3.087
5.876
2.117
3.412
3.493
5.558
3.846
6.771
3.634
6.238
5.974
5.694
4.5
6.05
7.099
7.89
3.797
6.799
3.502
3.228
6.487
5.046
3.076
3.456
3.796
3.013
4.296
2.652
3.888
7.365
3.523
5.516
4.626
7.205
2.224
3.303
3.074
5.738
5.942
3.588
1.864
4.316
2.722
2.851
4.714
3.091
3.327
3.316
5.736
3.865
4.564
3.65
4.308
5.346
6.176
3.57
2.699
5.013
2.154
3.356
7.008
7.38
4.094
7.219
3.484
4.753
3.234
3.747
4.181
5.315
4.599
3.615
5.672
4.035
3.498
4.316
3.216
7.095
4.8
3.31
3.801
4.215
1.066
4.261
3.787
7.078
4.921
3.634
3.42
3.766
4.8
2.453
3.561
2.732
2.738
4.19
6.901
4.753
4.367
2.944
4.263
4.579
2.885
2.587
5.604
3.97
3.937
5.664
4.149
3.234
3.028
3.659
3.562
3.488
3.044
4.743
6.321
3.254
3.091
4.176
3.742
4.213
3.025
3.788
3.364
4.365
2.955
6.008
2.9
4.393
5.02
4.19
6.362
7.032
3.403
3.441
6.026
3.913
5.206
3.849
5.667
3.167
4.078
4.799
3.294
0.9983
6.119
3.881
2.729
2.585
4.417
4.306
7.281
5.858
4.967
5.221
2.088
4.543
3.26
2.914
2.155
3.182
2.973
2.556
3.856
2.703
4.757
4.559
3.067
3.452
5.265
4.374
3.696
4.005
6.235
3.142
3.405
5.015
5.203
4.822
3.406
2.886
7.198
3.009
6.749
2.973
2.018
4.558
4.17
3.943
5.75
3.72
2.496
6.319
2.821
5.719
2.111
3.117
3.277
4.127
3.866
4.392
6.337
3.164
3.25
5.081
3.338
5.499
2.902
4.804
4.05
4.098
3.186
4.352
3.355
2.671
2.623
3.339
3.133
2.983
3.272
5.704
5.199
10.95
4.462
4.099
4.391
4.687
3.343
4.942
6.242
3.922
4.282
2.513
3.084
4.608
3.58
5.721
3.876
4.324
5.447
4.966
4.752
3.075
7.298
3.027
5.546
3.237
3.16
4.12
3.039
1.695
5.72
5.408
8.391
4.422
2.952
6.769
3.521
6.127
4.287
5.186
4.695
4.684
3.363
2.836
5.6
4.876
2.796
4.91
3.719
8.613
2.513
3.495
5.581
5.975
7.71
3.917
4.626
3.011
3.398
5.119
7.354
5.406
2.771
4.312
2.802
3.526
3.436
5.67
2.922
3.647
3.061
5.688
2.583
6.934
3.049
6.543
2.821
3.594
3.657
7.698
3.646
3.942
4.144
4.601
3.572
3.137
5.609
3.602
2.125
2.877
5.857
3.27
4.199
5.899
3.172
5.737
3.694
2.871
4.23
5.679
3.857
4.653
4.206
2.907
3.675
7.395
3.746
4.448
2.796
3.467
3.455
3.94
5.584
1.486
4.335
6.285
3.779
3.625
8.129
2.845
2.745
3.135
5.339
4.812
3.916
3.203
2.767
3.389
4.149
5.979
2.131
2.258
6.105
5.282
4.64
4.952
3.462
2.533
3.332
6.268
4.943
4.353
4.475
5.152
3.083
2.976
4.938
4.978
3.593
2.834
5.459
3.072
9.282
3.51
4.552
6.417
3.196
7.58
2.311
3.008
3.322
1.635
4.743
4.172
2.999
3.6
4.177
3.017
3.808
5.455
4.236
5.138
4.313
4.063
3.814
4.871
4.167
6.371
8.12
5.101
6.249
3.772
4.644
3.47
3.585
3.789
4.947
4.982
2.182
2.33
4.845
4.323
3.351
4.617
3.604
5.375
3.272
5.274
3.262
2.533
4.538
2.87
3.707
4.451
1.889
2.75
4.578
6.084
4.13
4.447
3.272
4.212
4.293
4.188
2.394
3.717
4.254
4.897
3.217
2.079
3.307
7.594
4.055
3.386
3.749
7.22
2.374
4.368
3.732
7.266
5.052
3.197
4.21
4.156
3.259
4.222
2.229
6.162
3.246
4.812
4.846
4.887
6.196
5.479
5.51
2.766
4.304
2.798
4.074
3.658
3.284
4.247
5.267
4.507
3.518
4.722
4.028
1.612
3.957
2.6
4.373
5.511
4.377
7.878
5.541
4.129
2.67
4.258
3.047
4.112
5.415
3.771
4.489
3.838
4.024
3.041
4.502
7.008
5.018
4.358
8.49
5.1
7.503
6.044
3.789
2.601
3.898
3.357
5.281
3.951
4.036
7.226
1.821
4.881
3.354
2.798
4.967
4.581
3.46
3.575
4.389
4.194
9.035
5.328
4.45
4.361
3.279
4.215
3.037
2.579
2.589
3.73
5.596
3.328
4.21
5.935
4.891
2.817
3.957
3.134
3.745
6.052
3.569
3.652
4.513
2.498
5.399
2.443
6.559
1.802
2.103
0.8434
2.788
3.316
3.395
3.667
5.77
2.685
2.691
3.668
3.612
4.022
2.775
4.24
5.546
3.639
3.766
4.635
8.144
1.664
2.752
5.8
5.344
4.916
2.959
3.956
3.858
4.806
3.689
4.467
6.281
3.013
2.584
5.068
3.782
4.678
4.267
3.016
2.865
3.193
4.742
2.224
3.895
2.395
5.035
3.742
7.574
3.97
3.891
5.453
4.066
2.817
6.873
5.702
5.364
2.932
5.006
2.786
4.775
2.507
2.918
3.641
4.671
6.464
10.53
3.721
2.936
4.276
3.969
7.159
2.803
3.516
3.432
5.438
3.693
3.749
3.096
4.054
4.18
3.511
3.52
3.915
5.608
2.303
4.926
5.104
5.271
6.144
3.454
7.786
3.131
3.111
2.792
6.15
2.849
3.546
6.05
3.265
4.58
3.431
6.202
4.057
3.488
3.021
5.138
6.286
2.182
4.532
2.434
5.277
2.591
2.646
2.822
4.013
3.431
5.451
2.861
3.305
2.898
3.921
3.228
5.515
4.601
2.33
7.514
2.779
3.474
5.531
3.887
4.227
1.758
3.271
5.132
4.207
3.812
5.834
2.272
5.691
6.108
4.097
4.984
2.079
3.526
2.327
3.659
2.628
3.024
5.588
5.95
2.98
3.75
2.432
5.651
3.345
6.495
3.922
3.022
7.843
5.823
3.36
6.897
6.814
3.39
4.096
3.472
4.755
3.251
3.957
4.852
6.637
4.155
3.012
4.595
5.286
2.432
5.481
3.956
3.784
3.921
3.775
5.874
5.062
4.573
4.267
3.478
3.521
5.55
2.848
3.63
3.502
5.741
4.139
6.832
3.168
5.471
3.354
6.734
3.544
2.174
4.235
2.271
4.005
2.676
6.46
2.697
3.539
6.395
3.285
4.895
3.093
3.837
3.559
2.601
4.099
2.585
3.281
4.452
3.802
5.797
3.198
3.973
5.437
5.492
5.756
3.786
5.336
3.916
3.565
2.687
7.401
2.132
4.653
4.746
3.425
9.497
3.484
1.895
8.089
4.009
3.123
2.213
5.791
2.194
5.32
3.781
5.165
5.049
4.354
4.171
1.803
6.377
3.721
3.865
2.724
4.006
3.483
4.722
6.98
5.418
3.108
4.357
5.377
3.663
4.543
3.514
2.61
4.427
2.412
5.576
3.43
2.086
3.329
4.443
3.539
2.553
3.424
3.746
3.267
4.298
5.891
3.646
4.747
3.211
4.821
4.781
4.08
3.982
3.937
4.277
7.266
2.172
3.915
4.149
2.456
5.346
2.659
1.517
3.405
4.143
3.669
3.002
2.472
5.073
4.275
3.359
5.447
4.91
6.622
3.676
4.775
5.69
3.952
2.358
2.194
4.69
4.176
3.398
5.727
2.601
4.477
4.859
5.89
2.891
5.894
2.348
2.567
3.161
5.223
5.491
4.412
5.508
4.616
3.903
3.211
4.013
7.392
6.106
3.031
2.345
3.896
5.026
7.029
3.774
3.842
3.378
3.05
5.291
4.09
4.191
5.492
4.173
3.121
3.756
5.043
3.32
4.807
3.816
2.356
2.21
3.475
3.286
4.933
5.448
3.446
3.462
4.286
3.785
5.348
3.301
4.452
5.846
3.57
3.885
2.733
3.109
4.149
3.192
4.676
6.667
2.53
5.159
3.545
4.323
3.882
2.977
5.793
4.774
5.007
3.137
5.094
3.873
2.795
4.964
2.823
2.863
4.806
2.858
4.054
5.181
3.111
4.915
6.58
5.425
4.522
3.35
4.633
6.196
4.104
1.73
3.921
7.662
4.272
2.502
5.884
7.074
3.899
2.679
5.275
3.263
4.886
3.517
4.516
2.827
7.938
3.556
4.393
10.45
2.74
4.746
4.243
6.635
8.858
3.24
2.35
2.959
4.1
7.544
5.182
2.45
5.105
2.086
3.088
2.724
6.038
3.975
3.988
3.92
3.074
2.337
3.734
6.045
2.801
7.523
5.334
2.702
2.066
4.22
4.763
6.587
3.761
3.297
2.117
4.758
5.186
3.456
7.307
3.445
4.496
4.117
4.436
4.479
6.973
4.257
8.66
3.977
5.529
3.364
3.077
3.584
2.467
10.13
4.324
4.865
6.908
2.717
4.134
5.206
5.872
7.301
3.696
2.796
3.231
3.507
3.987
4.456
4.775
5.04
3.509
4.004
2.823
1.795
5.235
5.938
4.737
4.095
3.6
7.12
4.695
6.084
7.564
3.705
2.689
8.157
4.114
3.464
3.587
5.536
4.684
4.941
4.255
4.818
3.907
5.315
3.042
4.513
3.641
4.079
8.939
4.401
6.05
4.327
6.228
3.94
6.523
2.844
3.143
3.693
4.196
3.725
2.987
4.197
4.284
3.022
1.601
4.115
6.492
4.312
4.003
3.022
2.527
6.576
4.329
4.602
3.521
3.215
4.226
3.399
7.474
3.506
3.155
5.904
3.291
5.187
4.559
2.321
2.852
3.089
3.554
2.5
4.271
7.852
5.817
4.586
3.862
3.33
4.038
4.814
4.174
10.3
3.698
4.376
4.42
4.182
5.456
3.026
3.85
3.588
3.851
3.724
2.532
2.451
5.901
2.973
4.062
3.567
4.637
2.77
5.377
2.488
4.66
3.531
2.55
5.022
5.215
3.016
3.771
5.77
5.049
3.275
6.43
3.144
4.356
5.62
3.261
2.936
3.671
5.887
5.739
5.444
3.385
2.155
2.042
2.744
5.107
2.273
2.841
3.195
7.259
5.844
5.316
3.628
4.649
7.054
6.513
3.491
2.354
3.715
2.498
3.897
2.974
4.228
4.298
4.659
5.962
6.318
3.414
2.811
4.824
5.555
3.155
2.828
3.952
3.63
3.775
2.535
5.111
4.321
2.856
4.193
6.116
5.038
3.019
3.59
5.091
2.805
3.397
4.897
5.896
5.081
6.387
3.118
5.581
2.555
4.624
4.577
2.975
3.197
5.412
5.204
3.117
3.296
1.314
4.613
4.58
2.854
3.79
3.415
1.522
4.156
2.686
4.769
5.749
5.803
5.187
2.93
4.909
4.562
2.565
7.494
4.659
3.949
4.896
4.8
7.2
5.639
5.327
5.324
4.569
5.887
3.195
5.78
2.983
3.927
8.387
3.105
2.96
3.02
4.947
6.827
4.129
5.277
3.97
7.784
4.08
5.921
4.179
4.893
3.676
3.199
5.031
2.245
4.799
2.714
3.531
2.943
3.716
3.022
5.28
3.342
5.294
3.023
3.085
3.744
2.41
2.518
2.834
4.751
3.09
5.52
4.675
6.343
4.252
4.77
3.887
3.383
8.129
4.174
2.52
2.445
2.295
2.615
4.38
4.789
4.2
6.402
3.736
5.349
3.844
4.576
5.099
2.812
5.524
4.062
4.229
4.617
4.643
2.743
2.798
5.185
4.485
4.392
2.021
3.838
7.61
2.717
3.044
5.003
5.912
4.446
3.013
5.344
3.442
4.441
4.963
8.09
4.131
4.603
5.843
6.026
3.716
4.767
3.005
4.346
3.801
4.676
5.952
3.552
4.511
3.458
3.133
3.577
5.42
2.771
3.208
3.4
4.96
4.443
5.817
4.796
6.081
8.813
6.247
4.912
5.03
2.5
5.971
1.784
3.987
1.465
6.894
2.916
5.652
4.677
3.14
4.065
2.946
3.192
3.166
4.962
6.187
3.012
3.012
5.516
3.676
2.893
4.459
4.384
4.845
3.695
5.754
3.574
3.471
5.482
2.862
6.048
4.99
4.377
2.275
5.986
3.251
3.095
7.741
5.436
3.737
4.019
3.534
4.741
2.666
8.069
4.573
2.358
8.481
7.576
4.458
3.482
2.304
4.611
6.405
9.293
3.825
3.136
6.497
4.063
3.306
8.938
5.002
4.329
2.876
6.883
4.046
2.757
4.812
3.673
1.794
4.732
4.197
2.927
5.184
7.598
2.986
3.408
6.777
2.832
3.216
3.357
2.835
3.543
7.1
4.206
6.969
2.755
5.311
6.034
3.786
1.984
2.621
4.356
6.039
2.643
2.269
4.812
4.424
4.579
5.071
2.962
5.098
6.448
5.138
4.136
5.612
7.33
4.014
3.789
3.798
1.94
7.34
2.784
8.569
6.075
4.23
5.269
3.433
