0.05689
0.006927
0.0
0.2193
0.1462
0.02166
0.0
0.007494
0.3793
0.07783
0.104
0.06283
0.02609
0.2992
0.003359
0.05603
0.2088
0.02055
0.03681
0.1014
0.0186
0.02239
0.1995
0.1626
0.1885
0.02755
0.01094
0.09037
0.2442
0.08101
0.03115
0.007839
0.07358
0.07121
0.2474
0.01649
0.02919
0.01588
0.02489
0.2588
0.06507
0.04487
0.2228
0.04595
0.0517
0.04956
0.06934
1.465e-08
0.1958
0.2001
0.08711
0.0
0.03048
0.04568
0.1999
0.2655
0.09999
0.07906
0.03776
0.01157
0.03084
0.05308
0.05976
0.1268
0.06528
0.08175
0.0
0.08123
0.04653
2.738e-08
0.3406
0.1295
0.2074
0.08478
0.08903
0.0
0.02868
0.06609
0.08912
0.06128
0.03344
0.0
0.0517
0.06003
0.05991
0.005849
0.1387
0.03362
0.03306
0.08056
0.01241
0.01164
0.0
0.02576
0.4991
0.06845
0.1927
0.1724
0.365
0.1465
0.05549
0.04014
0.07958
0.08099
0.3758
1.801e-08
0.3183
0.2428
0.01558
0.1544
0.01357
0.1247
0.04393
0.0
0.1268
0.1023
0.00247
0.07095
0.01912
0.03423
2.885e-08
0.03284
0.04934
0.1205
0.037
0.08372
0.04097
0.05861
0.05182
0.1359
0.008105
0.0406
0.01224
0.1212
0.2759
0.1416
0.1614
0.03034
0.01461
0.0278
0.008994
0.1616
0.05721
0.04104
0.3071
0.04253
0.0
0.04884
0.1908
0.0154
0.02032
0.03485
0.2117
0.03115
0.03264
0.3135
0.2924
0.044
0.03873
0.1515
0.03304
0.0
0.03778
0.2186
0.03397
0.05205
0.0
0.06724
0.03838
0.2295
0.2268
0.07978
0.1759
0.04092
0.07644
0.1989
0.03652
0.1113
0.02563
1.598e-08
0.04294
0.02877
0.01228
0.1337
0.1522
0.05033
0.1216
0.01563
0.2964
0.06471
0.2192
0.3296
0.3726
0.3019
0.06506
0.01556
0.07143
0.03116
0.07254
0.0
0.0884
0.04368
0.2157
0.06653
0.156
0.2145
0.007843
0.2058
0.2047
0.1544
0.07136
0.0
0.03878
0.0676
0.01963
0.0154
0.1084
0.2279
0.1615
0.03016
0.03062
0.2748
0.1567
0.1093
0.1753
0.0926
0.1184
0.1719
0.08072
0.2137
0.01315
0.03147
0.3432
0.3041
0.07559
0.209
0.2031
1.716e-08
0.05017
0.0
0.02324
0.0
0.1126
0.2041
0.0
0.0109
0.08141
0.04788
0.02932
0.0359
0.0349
0.07318
0.04604
0.0653
0.05212
0.401
0.1426
0.06042
0.06528
0.1317
0.02438
0.006512
0.1934
0.0
0.01665
0.4557
0.006898
0.03208
0.05162
0.1062
0.0
0.0279
0.01991
0.04881
0.1863
0.1504
0.0
0.0184
0.232
0.05862
0.03081
0.06941
0.05189
0.1592
0.07436
0.02379
0.1423
0.0
0.07608
0.3778
0.2365
0.08266
0.2105
0.02705
0.07625
0.1346
0.0
0.04951
0.1969
0.1465
0.09614
0.1613
0.02314
0.005384
0.05199
0.02947
0.1521
0.04387
0.08722
0.1373
0.05991
0.3394
0.03864
0.05244
0.08141
0.1006
0.04537
0.11
0.1083
0.06922
0.1965
0.06417
0.1578
0.0757
0.07502
0.0346
0.16
0.1101
0.03654
0.05964
0.04267
0.1798
0.1692
0.1762
0.1057
0.0402
0.009585
0.0446
0.1026
0.2435
0.1091
0.05664
0.1408
0.07884
0.0
0.4292
0.0
0.05985
0.01494
0.01452
0.09949
0.0
0.08665
0.05886
0.0732
0.05667
0.0213
0.0
0.06185
0.2044
0.09906
0.05721
0.1893
0.3624
0.03004
0.01469
0.1283
0.0
0.05099
0.02989
0.03
0.195
0.2236
0.03329
0.05088
0.06904
0.05251
0.0
0.04184
0.01647
0.01352
2.052e-08
0.09267
0.05113
0.04029
0.1636
0.2077
0.1492
0.126
0.05513
2.603e-08
0.02911
0.1094
0.09411
0.1047
0.09074
0.09202
0.05845
0.05844
0.0966
0.2357
0.0256
0.007071
0.03874
0.09299
0.1465
0.02842
0.07423
0.2461
0.03718
0.02815
0.168
0.1108
0.03279
0.07021
0.07692
0.03078
0.07683
0.05371
0.06749
0.04752
0.054
0.0
0.0
0.07565
0.1031
0.03284
0.1775
0.0
0.06368
0.03481
0.05985
0.0139
0.01393
0.2434
0.09036
0.1942
0.0665
0.04594
0.01394
0.7017
0.0
0.0
0.1126
0.06381
0.02599
0.02423
0.2247
0.01136
1.143
0.1275
0.1624
0.1561
0.1255
0.11
0.3036
0.02224
0.2496
0.0
0.24
0.04703
0.0
0.07559
0.06648
0.06028
0.08266
0.05375
0.06519
0.04903
0.01423
0.05387
0.408
0.06416
0.02621
0.352
0.1092
0.01992
0.162
0.06065
0.0
3.832e-08
0.2496
0.09343
0.09587
0.07718
0.06746
0.01816
0.0
0.006961
0.04078
0.1769
0.0747
0.46
0.04683
0.01669
0.1459
0.3663
0.0
0.2613
0.02138
0.0
0.04066
0.0
0.06846
0.002557
0.1091
0.03703
0.03007
0.05976
0.09948
0.0619
0.02842
0.116
0.045
0.1266
0.01224
0.02901
0.04155
0.1134
0.01668
0.04246
0.1824
0.02384
0.03783
0.04413
0.1243
0.1319
0.01861
0.194
0.03921
0.05522
0.02443
0.1194
0.5007
0.06749
0.0
0.05209
0.1185
0.04667
0.1106
0.03275
0.01493
0.08113
0.04222
0.03642
0.07129
0.3861
0.04356
0.04332
0.05254
0.06765
0.163
0.09124
0.0243
0.06336
0.02281
0.05382
0.08804
0.03786
0.02268
0.1211
0.04126
0.1117
0.1401
0.0
0.05335
0.2807
0.05285
0.04436
0.04329
0.06029
0.02025
0.05854
0.0
0.04754
0.03154
0.1631
0.2307
0.3578
0.0
0.05652
0.0
0.03497
0.06818
0.07411
0.4592
0.2204
0.1362
0.0
0.04664
0.07349
0.106
0.01145
0.03375
0.07917
0.1149
0.2005
0.02368
0.01871
0.05018
0.05574
0.08242
0.0
0.1242
0.0
0.1308
0.1489
0.05827
0.04977
0.06095
0.06251
0.1454
0.1114
0.0
0.138
0.2298
0.006566
0.1528
0.02983
0.05365
0.01264
0.2039
0.1203
0.05602
0.1598
0.02577
0.005234
0.08473
0.1138
0.1755
0.03476
0.0
0.0
0.1116
0.2748
0.0
0.1112
0.07708
0.2831
0.1374
0.02637
0.1966
0.03204
0.3031
0.1223
0.02507
0.1109
0.1235
0.1374
0.1902
0.0
0.1083
0.1868
0.01557
0.03047
0.07745
0.01844
0.0
0.05297
0.008764
0.1072
0.03381
0.02029
0.1217
0.1718
0.1454
0.3064
0.03324
0.03815
0.05562
0.06934
0.0
0.224
2.603e-08
0.1047
0.0
0.07691
0.2231
0.02471
0.2299
0.0
0.05719
0.06507
0.3512
0.08047
0.1449
0.2231
0.08133
0.04789
0.0164
0.1188
0.2121
0.1274
0.04697
0.2754
0.04313
0.02931
0.0
0.1468
0.04221
0.03896
0.0
0.01316
0.08403
0.1346
0.01556
0.02645
0.05188
0.08132
0.04854
0.1819
0.15
0.01936
0.07662
0.05962
0.02129
0.0
0.03339
0.059
0.083
0.1199
0.03584
0.3296
0.07011
0.1591
0.0245
0.02279
0.1522
0.1225
0.04143
0.02649
0.2176
0.1457
0.07215
0.03866
0.3113
0.09135
0.0106
0.1637
0.04322
0.2519
0.02931
0.007851
0.1663
0.01706
0.05796
0.0
0.1092
0.08857
0.0
0.07002
0.1331
0.06609
0.1048
0.08689
0.1126
0.03286
0.05056
0.06541
1.465e-08
0.08052
0.01912
0.1419
0.07947
0.1368
0.1271
0.08385
0.1679
0.0659
0.01845
0.0285
0.209
0.08136
0.0818
0.1859
0.04645
0.1647
0.04625
0.0278
0.01592
0.02963
0.07349
0.03008
0.0
0.0
0.04017
0.1946
0.1413
0.1368
0.2062
0.0
0.1143
0.1439
0.08764
0.06875
0.1316
0.09496
0.04438
0.02973
0.02172
0.05729
0.07068
3.457e-08
0.1401
0.01781
0.09778
0.256
0.04035
0.06096
0.2332
0.01458
0.0
0.02817
0.2418
0.0601
0.3322
0.0
0.1329
0.1136
0.126
0.2249
0.2631
0.0
0.0309
0.09857
0.09477
0.2158
0.2999
0.0
0.05685
0.1412
0.05704
0.03008
0.2699
0.05651
0.04252
0.0926
0.0
0.02549
0.1106
0.08237
0.03753
0.05998
0.0632
0.01332
0.4476
0.07487
0.0379
0.03729
0.1254
0.1151
0.1267
0.0
0.04561
0.03822
0.03011
0.02605
0.008119
0.08141
0.1353
0.0
0.1625
0.1004
0.1794
0.04793
0.0
0.02526
0.09471
0.1218
0.07137
0.1537
0.01849
0.1511
0.01666
0.05095
0.04373
0.1871
0.1447
0.04189
0.2044
0.1789
0.03469
0.04604
0.3058
0.2186
0.03039
0.08735
0.02927
0.0
0.0
0.1598
0.05652
0.05343
0.06749
0.0785
0.04126
1.909e-08
0.2526
0.02857
0.03737
0.1347
0.009929
8.761e-09
0.07884
0.03544
0.2396
0.04222
0.06626
0.0
0.07536
0.113
0.0
0.284
0.258
0.1604
0.266
0.05096
0.191
0.04866
0.1276
0.07783
0.04046
0.00956
0.08391
0.143
0.3345
0.01824
0.09696
0.3769
0.04729
0.2168
0.05242
0.08806
0.07268
0.2137
0.1139
0.05749
0.0
0.09223
0.03021
0.2029
0.1624
0.02856
0.07264
0.05636
0.03743
0.04425
0.01206
0.08621
0.1504
0.02894
0.1786
0.06305
0.0
0.0
0.0
0.1223
0.07954
0.1346
0.03527
0.06033
0.1643
0.0975
0.07859
0.2353
0.06124
0.04447
0.0477
0.06952
0.08515
0.04219
0.0
0.2794
0.06101
0.1125
0.1364
0.02323
0.0
0.08891
0.09219
0.0
0.02255
0.1599
0.06459
0.04252
0.047
0.06754
0.1309
0.1457
0.01222
0.2016
0.3278
0.1662
0.05522
0.454
0.01238
0.06632
0.1173
0.2162
0.1059
0.07421
0.02185
0.0
0.1118
0.0552
0.03488
0.1158
0.06448
0.0848
0.0201
0.1353
0.0
0.01548
0.3027
0.04463
0.5924
0.103
0.08334
0.06063
0.01748
0.1785
0.03185
0.02504
0.2678
0.116
0.193
0.09151
0.3424
0.106
0.04307
0.1372
0.1211
0.04933
0.02392
0.05996
0.4695
0.00676
0.04582
0.05304
0.2265
0.1147
0.06257
0.09698
0.01138
0.02279
0.1924
0.04679
0.02154
0.1626
0.07709
0.01887
0.1107
0.0855
0.06175
0.03337
0.0
0.09249
0.2117
0.06211
0.1013
0.09522
0.1724
0.04593
0.1308
0.07958
0.1842
0.005763
0.02088
0.0
0.5478
0.0
0.04452
0.03582
0.08073
0.1326
0.08136
0.06443
0.1462
0.08604
0.08586
0.5701
0.05682
0.116
0.0665
0.0
0.08711
0.06014
0.0
0.1136
0.0
0.03348
0.1121
0.047
0.06527
0.04267
0.0
0.07939
0.02287
0.01548
0.02257
0.0
0.06866
0.0599
0.1217
0.07419
0.04623
0.1392
0.06946
0.2532
0.05586
0.1326
0.03913
0.0
0.174
0.08986
0.05728
0.1294
0.0256
0.0
0.194
0.03922
0.09512
0.02906
0.2997
0.0325
0.06003
0.05549
0.02213
0.03994
0.04566
0.0514
0.1901
0.0
0.1567
0.1326
0.0
0.3069
0.116
0.2073
0.07419
0.06336
0.05538
0.1344
0.02522
0.09679
0.02956
0.05365
0.0
0.06815
0.05886
0.2533
0.1988
0.2775
0.04134
0.4286
0.03982
0.01825
0.03855
0.09475
0.2525
0.02528
0.08281
0.0
0.02857
0.03762
0.2254
0.08011
0.06448
0.3532
0.1225
0.01046
0.1628
0.05212
0.05495
0.007666
0.1811
0.2496
0.1108
0.0
0.09314
0.1249
0.01944
0.0
0.1599
0.1121
0.03346
0.02137
0.09848
0.0245
0.08358
0.191
0.04687
0.07118
0.0
0.0
0.05514
0.06718
0.083
0.1454
0.05175
0.07458
0.125
0.07968
0.02393
0.071
0.326
0.1131
0.03245
0.05841
0.1201
0.2003
0.09562
0.1211
0.0
0.09376
0.04854
0.0
0.0
0.0
0.09587
0.03673
0.02056
0.07095
0.04006
0.1625
0.02407
0.0215
0.01912
0.1167
0.04193
0.0
0.04225
0.06228
0.05978
0.2362
0.06723
0.0
0.05129
0.1766
0.03367
0.1122
0.06255
2.993e-08
0.05599
0.3114
0.05184
0.2496
0.06355
0.359
0.0
0.07419
0.005959
0.1309
0.05894
0.0812
0.003486
0.03334
0.02834
0.09914
0.06234
0.09914
0.175
0.3394
0.03066
0.1108
0.01949
0.05015
0.1789
0.03592
0.08731
0.06854
0.1902
0.2658
0.005697
0.1286
0.2505
0.07148
0.005723
0.1059
0.01771
0.2761
0.05787
0.05039
0.04039
0.02821
3.371e-08
0.1789
0.04239
0.3892
0.113
0.09345
0.02254
0.09614
0.7566
0.0
0.1588
0.03945
0.1405
0.1134
0.09923
0.1959
0.04918
0.03381
0.05265
0.03687
0.1218
0.07954
0.2442
0.04484
0.1013
0.04012
0.1751
0.0321
0.03342
0.0
0.04177
0.02407
0.04631
0.1959
0.05256
0.01452
0.0722
0.2174
0.0
0.05994
0.2579
0.02431
0.08377
1.174e-08
0.01342
0.02866
0.05391
0.1254
0.02281
0.3892
0.03392
0.07488
0.0
0.05345
0.07066
0.06239
0.08414
0.2121
0.04126
0.01587
0.2367
0.09948
0.1666
0.2102
0.05276
0.03666
0.1374
0.01209
0.03898
0.02059
0.0
0.0454
0.06794
0.09267
0.0
0.1601
0.02582
0.1413
0.01353
0.02555
0.03762
0.06542
0.08247
0.2043
0.1201
0.0
0.05091
0.01393
0.02473
0.03141
0.1164
0.0352
0.06305
0.01593
0.2178
0.009783
0.0
0.03668
0.1144
0.02694
0.2025
0.03461
0.0
0.007071
0.03987
0.04546
0.0
0.02909
2.086e-08
0.2555
0.0
0.0
0.02513
0.04768
0.006092
0.0975
0.0
0.1482
0.03258
0.04314
0.02755
0.0
0.05334
0.01194
0.09562
0.03318
0.1663
0.5332
0.05519
0.03724
0.07536
0.01795
0.03162
0.03739
0.2343
0.01821
0.1266
0.07884
0.1184
0.03037
0.0
0.07453
0.02212
0.04271
0.2248
0.06866
2.032e-08
0.07326
0.238
0.3228
0.5065
0.0
0.05603
0.1134
0.06751
0.0
0.06462
0.03741
0.07228
0.1936
0.2943
0.1492
0.2895
0.01013
0.02093
0.0
0.02398
0.07133
0.02678
0.1131
0.02696
0.07453
0.02815
0.2356
0.02983
0.1843
0.04582
0.3715
0.1858
0.0
0.2227
0.1285
0.1797
0.04026
0.1347
0.1203
0.05309
0.09204
0.0
2.158e-08
0.05112
0.04547
0.028
0.05759
0.08475
0.0398
0.05554
0.05717
0.04247
0.02336
0.02095
0.05735
0.08372
0.1031
0.0
0.09402
0.0241
0.03041
0.0
0.0
0.2448
0.34
0.06672
0.0
0.09098
0.06984
0.0
0.0
0.0
0.2172
0.0
0.1012
0.2439
0.01684
0.2293
0.01627
0.1088
0.1009
0.03162
0.1084
0.07428
0.07968
0.05182
0.01511
0.03615
0.04877
0.02453
1.527e-08
0.0
0.02591
0.04827
0.0262
0.03869
0.003084
0.0
0.2044
0.02557
0.03445
0.04385
0.2359
0.6819
0.04598
0.0
0.02853
0.03186
0.1489
0.05455
0.03061
0.1054
0.1595
0.05833
0.03586
0.1899
0.2993
0.0
0.01937
0.0
0.07625
0.0
0.1782
0.02347
0.1761
1.88e-08
0.06888
0.02554
0.1148
0.0996
0.03016
0.2822
0.05653
0.02985
0.03708
0.2381
0.232
0.06175
0.0785
0.3212
0.267
0.03719
0.2491
0.05818
0.0605
0.3273
0.1802
0.04025
0.0
0.04901
0.0
0.08301
0.0
0.04163
0.0
0.003812
0.03
0.02566
0.07867
0.4869
0.05604
0.2836
0.03429
0.04424
0.156
0.0
0.0
0.0732
0.04267
0.1793
0.1038
0.6958
0.3027
0.2795
0.06046
0.01264
0.1985
0.02659
0.05896
0.0321
0.258
0.05452
0.0
0.1227
0.3561
0.09486
0.0
0.02666
0.1703
0.01888
0.03576
0.04522
0.1294
0.01691
1.769e-08
0.03513
0.09679
0.05373
0.1296
0.09901
0.1981
0.037
0.48
0.08809
0.03285
0.5184
0.1225
0.08179
0.0
0.0
0.384
0.03699
0.04466
0.0
0.03937
0.1479
0.01941
0.03419
0.0
0.1143
0.01038
0.06417
0.1264
0.055
0.1053
0.3908
0.0
0.1725
0.0
0.1136
0.1204
0.2112
0.05198
0.03466
0.06328
0.05485
0.0
0.006163
0.1053
0.1121
0.1164
0.1465
0.04001
0.2058
0.2067
0.1136
0.06436
0.05704
0.114
0.08179
0.06955
0.08011
0.05287
0.02148
0.05444
0.05602
0.05346
0.02072
0.1141
0.03062
0.03977
0.1521
0.01716
0.01394
0.02856
0.0855
0.09344
1.491e-09
0.01524
0.1713
0.157
0.02272
0.06507
0.006295
0.0
0.05661
0.04797
0.02765
0.0929
0.07867
0.4333
0.01671
0.0305
0.0182
0.09036
0.1141
0.02539
0.0276
0.1047
0.02187
0.1718
0.0
0.06957
0.057
0.1816
0.1593
0.05112
0.07436
0.02936
0.0305
0.08247
0.5488
0.1118
0.2039
0.02662
0.1544
0.2833
0.0
0.0
0.01466
0.08898
0.0752
0.02544
0.03602
0.04142
0.06082
0.08809
0.1719
0.06862
0.05242
0.07571
0.08108
0.06053
0.02155
0.01487
0.228
0.1692
0.02419
0.04585
0.1633
0.2691
0.2676
0.02787
3.457e-08
0.00268
0.05773
0.04029
0.07565
0.04145
0.1901
0.1763
0.02114
0.1304
0.06029
0.05913
0.1408
0.03474
0.0
0.06633
0.3751
0.1671
0.05055
0.1286
0.03264
0.08273
0.1722
0.02771
0.0
0.1755
0.1304
0.1276
0.1695
0.02059
0.2902
0.0
0.0409
0.002592
0.1885
0.03388
0.1026
0.09169
0.03299
0.03881
0.03235
0.07201
0.2017
0.04355
0.07318
0.04611
0.2436
0.1211
0.0531
0.00359
0.07319
0.1959
0.04585
0.03095
0.04349
0.1116
0.07411
0.06324
0.04505
0.05514
1.598e-08
0.04481
0.03357
0.0
0.0414
0.07349
0.05175
0.06192
0.0
0.07262
0.08835
0.0
0.08003
0.01872
0.1106
0.03965
0.01921
0.1457
0.2783
0.2858
0.03753
0.08205
0.2487
0.1053
0.1861
0.004744
0.1557
0.09475
0.07093
0.1144
0.0
0.03127
0.1088
0.02144
0.2564
0.05217
0.05735
0.06138
0.3267
0.07546
0.03512
0.09169
0.01839
0.1789
0.2132
0.0
0.02454
0.1281
0.03448
0.2783
0.1281
0.8572
0.2291
0.01722
0.2162
0.06625
0.01241
0.04329
0.0844
0.02996
0.09899
0.06259
0.06268
0.1212
0.03487
0.1362
0.1383
0.02573
0.0
0.2402
0.06325
0.0
0.03231
0.02493
0.0295
0.1616
0.05601
0.06495
0.0
0.1266
0.1362
0.09467
0.179
0.05015
0.01298
0.03025
0.0
0.02284
0.03505
0.04535
0.2966
0.3561
0.0751
0.1671
0.03125
0.04263
0.0
0.03321
0.1408
0.2809
0.1969
0.04781
0.03941
0.02573
0.05698
0.07251
0.09314
0.08044
0.2254
0.08695
0.05115
0.0
0.05921
0.2901
0.1647
0.05736
0.08423
0.0935
0.2601
0.06252
0.0676
0.06897
0.1243
0.03486
0.07106
0.145
0.03042
0.05616
0.08036
0.2516
0.5065
0.0
0.04822
0.1669
0.2096
0.04598
0.3861
0.01225
0.09366
0.1692
0.01854
0.02883
0.07507
0.04361
0.0
0.08604
0.04886
0.005963
0.0454
0.2836
0.1861
0.04546
0.05151
0.04274
0.2469
0.02212
0.3139
0.01777
0.0
0.1507
0.1017
0.01174
0.1108
0.02166
0.1634
0.04881
0.04333
0.02026
0.137
0.06634
0.1187
0.2204
0.3658
0.01148
0.308
0.02362
0.03029
0.05374
0.3896
0.06846
0.02216
0.0
0.05566
0.3603
0.0
2.346e-08
0.036
0.03504
0.0
0.07145
0.1679
0.3465
0.03064
0.04171
0.07947
0.231
0.03391
0.03062
0.06398
0.01408
0.2307
0.03063
0.1144
0.2158
0.0
0.08219
0.06328
0.2746
0.04596
0.1253
0.02017
0.0599
0.03477
0.299
0.09415
0.005849
0.04066
0.09219
0.0
0.02947
0.2049
0.0
0.07707
0.0
0.2367
0.0
0.007962
0.06982
0.04063
0.04095
0.07644
0.03817
0.0
0.01693
0.07454
0.06904
0.0
0.04415
0.2031
0.01931
0.04897
0.06745
0.3637
0.0
0.0732
0.0
0.05042
0.0406
0.3261
0.02858
0.02212
0.01875
0.2141
0.005959
0.04651
0.2966
0.0
0.05997
0.05212
0.1821
0.1112
0.01771
0.2078
0.0
0.03592
0.07024
0.1092
0.03603
0.02251
0.1024
0.13
0.1006
0.07488
0.136
0.5954
0.01265
0.04161
0.02152
0.06531
0.07503
0.1528
0.1352
0.0
0.07683
0.3054
0.1117
0.0
0.1289
0.2487
0.0
0.4749
0.007634
2.603e-08
0.162
0.06251
0.05291
0.09778
0.02023
0.1934
0.1203
0.0
0.5351
0.03446
0.01273
0.05927
0.036
0.1479
0.04843
0.0851
0.01636
0.05686
0.07709
0.04522
0.1362
0.219
0.07264
0.1892
0.06706
0.2803
0.06921
0.03522
0.104
0.0
0.01956
0.04436
0.09873
0.09999
0.03628
0.1387
0.1829
2.346e-08
0.08724
0.03868
0.06304
0.0818
0.0729
0.1136
0.02355
0.4338
0.08484
0.0817
0.03401
0.0298
0.0
0.0191
0.1197
0.0
0.06378
0.1053
0.03583
0.08003
0.06096
0.06183
0.0526
0.3206
0.08648
0.3985
0.03296
0.2296
0.03719
0.0442
0.0649
0.02506
0.06585
0.08391
0.02765
0.02724
0.02916
0.01327
0.06848
0.04629
0.1104
0.04539
1.062
0.0
0.03772
0.06991
0.02995
0.001239
0.1445
0.05991
0.1373
0.04472
0.2771
0.1679
0.2381
0.03354
0.1047
0.0
0.02554
0.07627
0.05162
0.2487
0.1199
0.1325
0.1056
0.2798
0.02894
0.1462
0.0
0.4567
0.226
0.03218
0.05763
0.2097
0.05165
0.1854
0.05291
0.136
0.08001
0.1863
0.02562
1.198e-08
0.02991
0.0
0.0
0.054
0.2393
0.0731
0.1148
0.02104
0.04668
0.00703
0.04424
0.04507
0.03436
0.06813
0.02699
0.04679
0.1964
0.1459
0.0
0.0
0.2005
0.01264
0.03432
0.2168
0.175
0.2519
0.3776
0.157
0.04429
0.03068
0.06857
0.1454
0.0105
0.1681
0.06433
0.126
0.05513
0.1064
0.1326
0.2262
0.04472
0.005234
0.2795
0.2647
0.06171
0.0
0.06992
0.04798
0.0
0.02842
0.02279
0.08867
0.09857
0.06423
0.04955
0.05834
0.0
0.1344
0.03338
0.0
0.07474
0.48
0.1595
0.0692
0.0
0.01222
0.1767
0.06651
0.1277
0.106
0.02982
0.04265
0.0
0.04423
0.06283
0.1046
0.1412
0.178
0.0309
0.02274
0.0818
0.0
0.0523
0.2059
0.3283
0.3482
0.04838
0.03319
0.1382
0.02873
0.2001
0.0802
0.1113
0.04853
0.1227
0.05727
0.0935
0.06511
0.06481
0.04096
0.03972
0.4328
0.3498
0.08466
0.05447
0.1151
0.06411
0.06328
0.02005
0.2055
0.0
0.05326
0.06221
1.607e-08
0.1551
0.0
0.02973
0.02499
0.04314
0.06254
0.0
0.01521
0.388
0.05329
0.04249
0.2393
0.2298
0.04806
0.03612
0.008906
0.02893
0.0
0.0
0.07112
0.0
0.1643
0.02378
0.02947
0.0
0.1647
0.3892
0.09056
0.02154
0.01496
0.0
0.08648
0.02188
0.0
0.2731
0.03936
0.005163
0.1595
0.0
0.3015
0.03615
0.4518
0.1924
0.09957
0.02667
0.03058
0.04472
0.01901
0.2983
0.04742
0.05256
0.0
0.04197
0.1359
0.0
0.05794
0.03143
0.1383
0.2796
0.02659
0.0662
0.0
0.0
0.03645
0.03121
0.04475
0.07228
0.03869
0.0
0.222
0.03856
0.0
0.07366
0.05282
0.03127
0.05403
0.04147
0.2558
0.01187
0.4068
0.0748
0.0
0.1987
0.0143
0.05795
0.01776
0.0
0.03245
0.07978
0.0349
0.02628
0.2583
0.09054
0.0315
0.07939
0.0
0.04192
0.07482
0.04956
0.04842
0.04819
2.033e-08
0.1967
0.03665
0.3755
0.1617
0.05764
0.02507
0.08036
0.05193
0.08141
0.0
0.1502
0.01157
0.05184
0.07191
0.2725
0.07189
0.02649
0.0
0.0128
0.02499
0.02947
0.06845
0.04938
0.2806
0.02544
0.07771
0.0
0.08735
0.06033
0.009211
0.3214
0.05109
0.1352
0.04015
0.09442
0.09342
0.05913
0.03596
0.1116
0.004438
0.3302
0.01637
0.007506
0.1309
0.02622
0.3284
0.05343
0.2028
0.1289
0.1548
0.03528
0.2789
0.07421
0.038
0.005547
0.06073
0.004328
0.01857
0.02393
0.03402
0.05265
0.0
0.02364
0.2533
0.02517
0.06204
0.02322
0.03024
0.2381
0.03618
0.0113
0.01365
0.06449
0.03669
0.1482
0.1235
0.05636
0.2114
0.293
0.01189
0.0
0.07451
0.05467
0.08319
0.04903
0.2063
1.271e-08
0.1841
0.07021
0.05861
0.08097
0.04735
0.0
0.09522
0.01964
0.08172
0.1493
0.01926
0.02083
0.08665
0.01988
0.1056
0.06916
0.07137
0.0256
0.2809
0.07686
0.1364
0.0
0.06201
3.832e-08
0.1097
0.06031
0.06361
0.2577
0.03734
0.04923
0.01366
0.02949
0.06324
0.008761
0.0
0.2717
0.03074
0.02276
0.3296
0.0
0.06364
0.07437
0.03679
0.0
2.033e-08
0.03533
0.04654
0.04552
0.1871
0.09185
0.01765
0.04315
0.04996
0.0
0.04924
0.1138
0.1505
0.08298
0.0046
0.08233
0.03771
0.04572
0.06907
0.2601
0.09851
0.03365
0.1606
0.1277
0.01126
0.3298
0.07048
0.0
0.02483
0.06063
0.03883
0.2795
0.2948
0.0
0.04684
0.02178
0.02183
0.01154
0.1325
0.1205
0.02652
0.06474
0.0
0.0
0.2307
0.3595
0.2499
0.0929
0.0
0.0812
0.04287
0.05854
0.01876
0.09299
0.2461
0.02085
0.0
0.1353
0.0681
0.1777
0.1265
0.0289
0.03734
0.2428
0.03147
0.2526
0.04742
0.06485
0.1797
0.178
0.2112
0.0291
0.04573
0.103
0.04317
0.0
0.0
0.1725
0.0155
0.0
0.0
0.4374
0.1679
0.03338
0.0
0.1537
0.009641
0.0242
0.36
0.0
0.04359
0.0103
0.04833
0.0
0.2396
0.07386
0.0
0.02785
0.0208
0.1613
0.04238
0.03859
0.05482
0.04171
0.03073
0.05846
0.1149
0.06495
0.06234
0.3561
0.02008
0.07248
0.05601
0.04255
0.1127
0.03859
0.08466
0.01934
0.07202
0.3725
0.3031
0.03469
0.0277
0.08648
0.02568
0.02379
0.0723
0.05505
0.06346
0.1267
0.09411
0.02093
0.267
0.08494
0.06179
0.2149
0.04057
0.0494
0.0
0.00144
0.02765
0.03773
0.04075
0.06845
0.05794
0.01943
0.178
0.1843
0.06071
0.02953
0.07479
0.156
0.1046
0.08205
0.05639
0.1138
0.3793
0.01721
0.3071
0.1116
0.0
0.08201
0.05069
0.2735
0.0
0.0
0.1595
0.189
0.0
0.0692
0.1048
0.006945
0.3532
0.02236
0.08806
0.1
0.02827
0.0
0.03933
0.08822
0.0
0.2759
0.0
0.2731
0.0
0.0
0.0202
0.03998
0.05541
0.0
0.0
0.06458
0.06305
0.0
0.0
0.04923
0.0486
0.1578
0.05017
0.231
0.2223
0.04566
0.06306
0.02479
0.0
0.1119
0.3059
0.2346
0.0732
0.08959
0.3595
0.2258
0.06674
0.05112
0.04117
0.01585
0.02126
0.02911
0.08133
0.0173
0.1972
0.3415
0.04654
0.1199
0.08799
0.1092
0.008564
0.03409
0.08219
0.4865
0.1474
0.0
0.1127
0.1548
0.1271
0.01177
0.03983
0.104
0.01321
0.05996
0.02442
0.0729
0.1644
0.03374
0.2184
0.02808
0.0
0.05176
0.1181
0.06421
0.1981
0.08045
0.1213
0.1522
0.04547
0.2301
0.01131
0.04618
0.2529
0.0368
0.07931
0.05174
0.009007
0.2911
0.04193
0.2678
0.05818
0.1144
0.06765
0.07177
0.03374
0.02258
0.0449
0.04611
0.06522
0.0388
0.07747
0.06121
0.1715
0.06104
0.03324
0.05354
0.0
0.0
0.0
0.01718
0.2759
0.4047
0.0
0.01882
0.03193
0.04457
0.01398
0.2812
0.0
0.0934
0.0541
0.03276
0.1062
0.2277
0.05728
0.3247
0.0
0.06992
0.1188
0.2608
0.1316
0.02302
0.02775
0.0
0.0511
0.01889
0.03321
0.00803
0.3233
0.06792
0.01451
0.049
0.05603
0.2382
0.08345
0.1892
0.0
0.0
0.04012
0.0
0.02982
0.0979
0.1009
0.1449
0.03901
0.05954
0.03724
0.02069
0.2497
0.0
0.03808
0.0
0.1389
0.1118
0.193
0.07824
0.0
0.05166
0.05991
0.05606
0.005606
0.05207
0.3183
0.09874
0.03374
0.1046
0.1646
0.03721
0.0
0.05091
0.03743
0.3273
0.004837
0.04236
0.03329
0.2748
0.1116
0.04775
0.03178
0.08546
0.01836
0.01361
0.0
0.01254
0.0
0.0
0.03353
0.0
0.2776
0.09098
0.03945
0.1562
0.05083
0.04141
0.1544
0.1426
0.01788
0.02599
0.03212
0.01788
0.3226
0.0
0.2929
0.006707
0.002428
0.2962
0.01685
0.07215
0.01564
0.1245
0.1254
0.02371
0.04718
0.0185
0.08892
0.03022
0.2883
0.01264
0.1767
0.03308
0.008537
0.2141
0.3333
0.1766
0.07712
0.04003
0.04038
0.03448
0.04922
0.1203
0.03214
0.01601
0.009394
0.1825
0.1392
0.09901
0.03284
0.03241
0.2474
0.1249
0.6958
0.0
0.01412
0.0
0.0214
0.5077
0.143
0.0
0.08164
0.05359
0.3396
0.09899
0.1958
0.2658
0.05363
0.03858
0.07783
0.02056
0.09698
0.0
0.03882
0.03829
0.01305
0.01498
0.02757
0.1674
0.1942
0.02097
0.0
0.07806
0.0
0.0757
0.0
0.05165
0.0
0.1871
0.1528
0.04832
0.04368
0.05429
0.1643
0.1091
0.08903
0.1021
0.04862
0.04714
0.1018
0.04533
0.07922
0.1408
0.2255
0.1588
0.06398
0.04133
0.03107
0.04262
0.13
0.06087
0.0
0.02245
0.0
0.02322
0.05099
0.02424
0.0
0.02757
0.03687
0.006768
0.06689
0.01805
0.218
0.2996
0.003387
0.3265
0.01556
0.0
0.07002
0.07319
0.01704
0.03778
0.4689
0.05961
0.05072
0.0
0.04002
0.1236
0.03848
0.02493
0.02889
0.0
0.03059
0.03706
0.04547
0.05071
0.0
0.3479
0.02909
0.008781
0.05859
0.0
0.06082
0.1896
0.3183
0.05926
0.0661
0.1953
0.05403
0.01518
0.274
0.06834
0.0334
0.03745
0.03034
0.0
0.2136
0.1666
0.1253
0.0
0.02166
0.0
0.03877
0.0
0.05078
0.1775
0.2699
0.1615
0.1395
0.01931
0.02327
0.04281
0.0
0.1634
0.0375
0.0
0.03356
0.4214
0.1987
0.03899
0.2562
0.02702
0.008814
0.04511
0.1088
0.0
0.0
0.04193
0.03985
0.02691
2.086e-08
0.2494
0.03432
0.0
0.1713
0.3729
0.03174
0.07795
0.02313
0.0158
0.03722
0.2398
0.1119
0.0
0.2993
0.3373
0.04653
0.1465
0.4557
0.01026
0.02033
0.1134
0.2186
0.06348
0.0996
0.0
0.3242
0.07744
0.03609
0.3415
0.02927
0.08297
0.02875
0.03856
0.08385
0.1751
0.04863
0.0247
0.0
0.2993
0.01749
0.02755
0.05453
0.0403
0.06412
0.0
0.08512
0.01652
0.03814
0.287
0.0
0.0463
0.06432
0.04333
0.3608
0.0811
0.02215
0.0
0.03075
0.1454
1.046
0.0
0.0
0.003238
0.06429
0.03529
0.215
0.0
0.06641
0.02943
0.1423
0.2356
0.03209
0.0
0.01545
0.3663
0.162
0.03172
0.01099
0.0072
0.06364
0.06398
0.0
0.03403
0.1819
0.04263
0.05971
0.11
0.0
0.02215
0.5924
0.04828
0.03189
0.01758
0.07459
0.2924
0.01911
0.07195
0.1411
0.04899
0.1995
0.0
0.02891
0.02764
0.01199
0.0046
0.03284
0.07139
0.2429
0.206
0.0
0.0
0.125
0.0
0.09512
0.05012
0.09169
0.1362
0.0
0.3045
0.05145
0.114
0.2301
0.01935
0.1636
0.0593
0.06852
0.2064
