77.92
91.59
93.0
47.96
80.7
64.93
56.69
46.88
14.8
121.8
117.6
125.8
28.96
76.77
82.41
58.78
81.38
122.4
92.15
103.3
60.13
81.79
73.81
31.54
64.02
64.74
59.55
91.44
88.7
147.8
39.09
59.99
52.92
52.48
67.87
93.13
117.0
78.86
82.31
59.78
106.3
50.6
126.7
114.8
114.6
106.8
40.73
83.42
121.6
88.1
68.38
61.35
117.5
63.64
115.4
56.13
57.08
48.12
32.47
66.48
122.8
57.03
103.0
42.31
113.1
64.61
52.24
58.01
124.7
151.9
125.8
106.5
103.0
182.6
150.2
126.7
62.73
66.98
63.19
108.6
105.1
44.7
112.2
43.43
50.91
120.6
59.13
84.44
117.3
188.3
122.2
58.21
119.2
65.15
74.07
97.54
62.43
99.9
178.3
127.2
113.6
66.83
80.18
63.28
49.23
206.0
49.62
63.83
76.01
53.63
46.1
75.83
156.9
99.2
70.35
95.92
37.92
77.29
75.67
46.03
59.07
146.3
146.7
73.46
63.21
81.73
104.0
55.02
99.16
83.32
58.67
162.9
44.38
53.11
38.6
65.26
27.47
75.59
93.67
161.8
55.35
53.78
31.46
21.6
78.3
110.7
62.07
53.33
56.81
46.4
92.09
65.76
54.11
155.2
81.83
98.64
141.9
107.8
70.08
168.2
136.0
96.08
45.83
137.2
63.26
96.87
61.28
83.42
73.68
103.2
89.42
71.43
67.47
53.31
54.6
34.8
109.9
103.4
113.3
50.21
36.77
66.66
40.17
53.04
141.3
59.11
151.0
48.37
64.47
111.6
57.12
121.3
126.5
79.8
132.3
32.57
42.94
61.56
194.9
52.41
74.93
106.7
89.82
70.93
41.82
70.15
73.17
139.5
65.66
56.3
53.68
84.09
101.6
125.2
135.7
82.34
76.18
53.07
64.79
51.01
62.31
122.9
47.49
71.02
36.04
71.2
136.7
203.9
65.07
57.39
37.44
75.02
53.61
102.9
120.3
53.41
48.75
51.81
117.7
60.94
95.07
57.56
38.14
87.45
44.31
239.8
104.2
58.74
67.8
50.41
46.98
132.8
54.68
134.5
49.24
127.7
50.27
54.5
65.79
75.41
49.35
95.35
52.7
48.59
70.43
122.1
38.68
41.11
72.66
65.25
142.4
149.8
76.95
47.32
116.4
59.3
80.34
43.16
149.8
46.73
118.5
45.0
79.11
88.49
114.9
117.9
76.92
39.96
53.22
123.3
58.47
92.03
55.79
42.54
46.85
45.35
47.12
46.3
38.28
89.28
39.18
66.9
67.63
75.6
71.95
133.9
87.67
64.5
163.3
53.7
141.9
88.59
61.74
67.8
145.3
56.32
109.6
58.29
42.38
95.0
125.8
76.91
69.54
44.01
77.2
176.4
53.68
99.42
105.5
70.84
81.66
107.6
48.66
91.43
50.76
54.87
71.98
43.82
162.9
114.2
51.27
76.39
74.26
83.68
61.22
50.05
61.6
59.1
50.59
45.25
66.92
104.9
72.14
41.23
115.7
136.8
123.3
44.25
31.4
124.5
57.05
66.15
72.72
52.21
103.0
66.79
46.56
58.51
80.5
41.76
118.5
49.26
155.0
219.9
49.35
85.05
62.61
62.19
91.47
46.93
51.67
56.02
86.33
106.5
53.78
55.06
136.0
138.9
80.56
68.88
100.8
79.62
62.11
97.49
108.3
119.7
41.83
75.83
93.24
56.92
41.29
58.17
44.98
70.92
139.1
55.82
75.41
118.7
47.14
84.16
91.35
47.19
152.7
74.12
56.21
93.84
37.02
49.45
49.95
56.26
78.04
83.42
101.2
53.31
142.7
52.24
89.94
42.96
115.1
153.0
77.68
75.61
64.78
68.93
155.2
115.5
66.94
45.74
97.68
48.03
65.36
47.41
82.83
95.42
94.95
108.1
77.95
63.68
97.15
52.07
108.8
101.5
49.68
119.8
124.0
68.65
89.91
64.95
124.9
44.73
47.74
90.9
110.1
74.61
147.6
63.12
61.85
71.52
115.6
36.44
86.1
113.1
62.04
111.0
60.0
102.9
56.36
114.8
40.78
123.9
119.8
113.8
46.65
42.71
48.07
78.51
123.0
48.44
66.34
56.66
59.22
72.45
61.89
103.8
44.13
57.62
60.51
58.53
52.68
105.1
50.65
43.49
56.3
72.47
65.83
53.56
121.9
117.1
73.45
69.69
59.55
123.5
60.52
36.58
85.4
159.4
64.45
121.4
73.06
54.47
53.62
55.78
48.97
72.7
93.11
58.6
122.4
60.1
83.71
107.6
104.9
62.39
45.37
83.0
42.52
57.85
61.99
52.84
85.66
49.35
65.18
81.77
79.86
52.26
58.52
57.12
54.94
53.22
84.54
90.42
73.72
81.14
67.45
148.2
66.13
48.69
89.66
66.07
96.66
57.4
98.91
55.35
117.1
127.5
117.6
146.0
40.1
51.83
46.61
70.47
72.84
70.72
45.63
66.65
94.44
141.4
134.1
188.4
80.5
91.83
72.04
53.31
64.28
72.47
68.45
43.4
106.3
76.46
140.2
97.67
112.3
81.0
108.5
64.03
45.48
47.57
70.24
65.07
77.92
160.1
47.0
85.5
60.27
56.32
55.72
95.85
71.8
91.74
57.78
35.52
57.72
47.47
40.81
35.01
106.1
59.38
73.17
72.89
55.72
57.27
63.49
81.76
153.3
60.6
88.9
83.94
45.38
131.5
109.5
93.19
56.93
108.5
69.25
51.14
122.6
56.47
115.5
66.38
75.27
97.82
127.9
164.8
79.63
52.56
104.7
144.1
80.71
154.5
146.9
55.98
56.04
84.47
95.16
40.27
58.13
40.44
65.71
99.35
100.4
85.55
59.8
55.27
55.35
52.65
103.8
138.6
68.14
177.3
100.6
62.03
34.33
102.1
65.78
164.5
170.6
60.14
97.2
67.71
57.13
63.39
103.6
102.3
50.44
47.73
90.03
55.15
43.66
83.18
75.14
91.52
88.81
86.73
241.5
75.58
79.42
103.0
100.1
259.2
74.51
60.63
57.41
70.28
87.62
41.2
53.34
49.06
47.12
124.8
62.17
44.62
89.53
106.6
58.59
73.14
100.7
46.81
40.15
64.52
65.71
127.0
51.47
55.47
98.24
98.14
106.6
91.18
84.39
45.68
125.2
75.2
51.46
47.45
49.04
24.81
59.7
94.21
50.12
137.1
105.2
48.57
46.66
67.69
55.74
45.17
124.5
86.72
101.5
58.57
121.0
39.43
89.81
116.1
53.28
77.47
98.88
93.13
84.97
114.3
73.51
161.3
109.8
102.4
39.77
38.27
77.53
28.25
58.33
124.7
117.1
55.76
136.0
53.69
84.69
70.96
116.2
41.44
54.53
64.17
93.62
59.27
79.63
56.88
90.82
47.96
97.97
80.66
94.71
76.51
175.1
102.8
90.81
109.1
138.0
161.7
214.9
111.3
59.22
75.34
134.1
121.1
66.22
131.0
114.3
91.74
79.59
99.53
63.46
69.27
80.02
62.84
81.53
90.39
38.44
82.69
42.0
70.12
54.0
92.26
50.68
89.23
76.48
39.35
103.3
80.78
65.55
84.06
107.2
61.12
87.47
67.8
49.91
143.6
52.78
92.34
78.77
146.8
39.48
141.7
49.28
103.5
63.22
124.8
103.7
44.44
59.37
71.78
130.2
94.62
70.45
128.7
42.48
112.1
140.2
61.2
66.87
57.57
40.91
58.84
79.53
47.44
45.05
83.93
82.92
50.59
96.01
46.85
88.25
43.15
90.28
64.4
53.97
47.53
55.4
75.89
172.1
143.7
61.29
60.55
65.52
60.46
109.4
64.59
44.72
73.04
45.02
48.5
106.6
67.14
51.41
68.4
92.58
67.92
62.83
104.6
142.6
47.61
96.15
57.2
100.7
119.1
50.05
115.0
62.48
61.4
73.67
115.1
125.5
99.16
94.71
67.01
138.0
77.91
106.8
77.77
64.81
48.4
60.89
57.19
71.8
81.11
46.5
48.17
50.5
140.8
112.9
109.7
75.06
93.28
131.9
86.05
74.36
113.9
45.57
86.64
68.84
67.38
47.88
109.0
57.51
60.25
50.52
140.1
95.67
109.9
167.4
105.5
67.42
64.99
39.04
134.1
70.84
94.97
71.61
57.41
45.41
59.2
103.6
80.48
71.71
94.28
33.14
43.7
112.5
106.9
75.27
44.99
107.9
69.44
137.9
68.52
111.8
102.9
50.63
53.64
68.01
95.41
57.84
44.1
122.9
39.91
48.35
40.43
107.4
45.96
50.0
40.79
111.2
45.17
41.1
86.06
97.66
118.9
93.64
134.5
69.14
84.16
102.8
120.0
136.2
60.66
163.5
103.9
56.01
229.7
82.16
78.55
111.0
100.7
91.49
53.65
61.5
121.0
120.9
54.44
40.29
155.9
94.58
88.14
62.7
141.1
41.67
56.19
116.9
163.9
125.2
139.9
67.95
123.2
113.4
55.77
124.3
43.91
148.3
49.45
51.1
97.65
114.8
71.72
114.0
43.59
67.12
74.62
56.21
105.8
59.25
73.57
88.77
54.09
40.42
55.01
66.45
78.42
37.06
46.53
95.67
108.2
84.13
79.69
76.31
57.29
222.8
67.62
90.55
108.2
44.39
41.1
53.58
47.06
57.81
33.63
77.49
82.0
92.76
54.32
43.22
110.4
69.56
100.4
83.72
88.65
112.3
118.8
70.72
48.83
105.1
52.56
90.67
71.46
86.71
95.25
151.4
146.7
50.76
76.43
41.44
90.44
49.95
60.29
61.09
97.77
44.19
67.35
77.42
70.1
48.7
60.25
55.59
59.89
92.43
107.1
75.19
108.7
79.69
109.6
85.5
81.99
163.5
38.35
51.3
59.2
72.32
53.87
56.44
55.97
139.4
136.8
114.9
105.4
45.36
49.2
33.1
109.0
117.0
160.7
102.2
62.26
50.21
166.8
107.3
72.6
84.73
55.43
117.6
53.93
39.31
46.19
65.31
72.22
64.35
74.11
127.2
80.88
57.48
59.6
73.66
49.19
45.2
90.47
103.4
65.0
54.22
76.41
71.93
77.47
57.33
66.38
56.09
72.45
61.92
41.03
67.97
56.64
57.84
65.1
55.39
131.5
58.0
50.91
131.1
105.9
75.28
40.74
91.87
108.7
54.46
59.61
71.21
90.45
54.76
98.6
54.99
100.0
55.7
114.6
53.53
41.92
67.6
45.0
38.75
183.1
62.44
70.41
34.33
127.5
98.93
41.47
166.5
43.31
50.79
64.58
51.06
145.3
63.02
45.68
37.17
79.28
52.1
39.13
115.6
58.33
82.76
147.8
66.47
53.06
151.2
136.0
79.6
92.13
70.96
56.82
60.28
46.76
73.72
52.01
122.4
102.4
84.66
70.05
124.6
52.12
131.9
106.7
73.4
97.22
91.57
134.8
86.57
136.0
73.52
162.8
41.67
77.17
61.65
66.4
52.02
107.3
47.25
174.2
158.4
140.5
97.22
47.39
59.93
106.3
55.52
134.3
118.5
98.37
32.99
78.73
63.01
36.57
127.1
40.8
75.59
69.51
131.3
54.59
70.73
54.29
65.21
95.0
101.3
100.8
96.18
112.7
78.9
38.55
104.6
68.23
103.0
103.9
81.34
71.36
132.5
50.55
42.26
115.3
76.57
52.7
86.35
44.26
68.34
61.17
80.39
53.61
52.15
76.78
73.61
94.35
43.13
93.55
44.42
48.2
62.4
57.35
48.0
126.7
102.7
147.0
73.02
134.0
75.36
58.59
123.5
129.0
84.05
60.45
112.8
78.82
115.3
52.12
129.9
77.69
51.92
67.64
31.67
48.23
236.6
84.3
105.7
99.5
85.76
115.3
233.6
154.2
34.68
64.2
43.91
111.2
105.0
70.69
67.39
91.92
140.3
75.38
72.16
49.52
125.6
63.8
42.13
122.5
69.85
82.11
64.85
35.07
38.08
54.87
42.36
75.58
65.06
84.67
42.59
84.31
66.53
57.15
90.53
89.29
65.81
160.8
112.1
99.87
96.73
101.7
95.82
52.64
58.76
50.33
93.54
53.98
48.72
54.87
48.07
75.58
128.7
154.2
97.43
54.49
90.62
57.21
39.61
86.71
51.02
74.93
97.12
75.15
113.5
72.16
76.98
73.96
55.82
101.8
58.89
47.48
82.06
89.15
104.4
122.3
122.4
82.99
40.14
73.55
42.11
109.1
124.1
67.6
42.42
81.23
101.0
93.14
86.9
42.15
54.45
111.1
54.11
69.0
169.9
79.31
68.43
44.11
96.37
133.4
149.1
113.3
85.68
93.15
73.79
74.43
153.9
45.71
59.38
102.3
98.21
72.95
43.83
107.5
78.72
74.65
80.78
50.94
148.4
93.43
48.92
200.6
157.9
101.0
61.25
48.85
108.4
52.67
58.77
47.17
49.36
64.41
100.1
83.06
67.59
97.61
87.35
117.4
97.39
88.82
119.5
93.63
54.26
50.07
111.5
43.42
107.5
54.94
67.27
172.0
125.6
50.42
57.95
105.2
52.69
50.38
86.11
68.67
100.7
63.29
115.3
72.45
53.17
145.5
210.7
95.31
106.7
109.1
116.6
70.59
33.45
67.53
57.62
40.1
51.8
100.9
89.52
87.43
108.6
185.6
77.79
51.29
84.38
81.57
91.86
67.84
72.52
92.27
55.32
62.63
47.43
156.4
58.26
66.08
43.68
63.52
55.5
82.8
106.2
50.68
84.56
85.0
64.73
72.14
37.46
45.19
66.43
44.85
56.63
98.0
88.74
76.25
52.19
72.99
97.3
57.96
44.52
112.9
96.86
31.97
51.33
139.6
53.97
76.2
48.66
89.26
85.89
138.7
112.3
134.3
