2.973
2.563
4.802
0.8467
3.966
1.951
11.73
2.788
3.5
3.488
4.819
2.454
6.046
2.691
4.949
3.167
1.967
10.23
1.892
0.715
5.337
2.849
5.497
5.656
7.137
4.506
1.938
4.943
3.122
3.047
6.427
1.747
3.965
6.137
3.342
3.054
7.992
4.812
2.555
7.7
3.889
4.224
6.62
4.685
3.133
2.525
3.531
3.268
3.805
2.179
2.179
6.676
4.131
7.579
2.86
2.728
3.71
5.214
6.823
3.131
7.598
3.494
3.741
4.499
4.499
4.64
3.685
3.041
6.056
1.979
3.414
7.905
4.89
3.287
3.611
6.313
4.544
8.818
4.121
5.075
1.674
5.341
3.507
12.75
4.648
3.841
7.851
3.592
6.094
6.236
4.925
2.255
3.852
9.844
10.72
11.22
3.821
5.734
4.056
3.778
7.07
5.229
1.997
2.915
2.024
5.336
5.322
5.702
5.104
4.684
2.604
2.463
7.703
7.29
4.319
2.701
8.141
4.658
8.371
4.815
7.18
3.224
3.224
8.84
5.129
2.986
7.031
5.189
3.118
7.85
4.531
7.75
3.407
2.406
5.113
2.471
9.85
4.876
2.211
5.277
3.808
6.962
5.158
14.68
10.36
4.176
8.247
4.225
4.427
2.449
6.176
8.94
2.53
5.463
8.062
14.21
3.799
6.349
2.359
6.053
6.148
10.75
3.47
4.112
4.971
4.289
7.268
7.94
5.896
10.1
8.934
2.298
5.623
3.559
4.291
10.1
6.21
3.763
5.321
3.88
4.081
4.455
5.5
3.772
6.103
3.546
5.121
7.332
12.39
2.587
3.392
8.342
3.868
5.967
6.177
3.495
4.613
10.23
5.61
2.442
11.92
8.273
11.07
7.965
6.465
6.06
5.802
5.015
5.088
12.38
8.996
3.913
4.806
7.731
9.95
5.727
6.77
5.962
6.109
9.482
7.98
9.6
7.128
9.948
15.89
9.429
3.611
11.47
12.42
14.29
3.205
15.1
8.746
6.093
7.582
9.994
10.67
11.39
6.506
5.446
2.459
6.312
6.14
7.389
6.117
7.895
4.895
6.768
2.87
10.66
8.145
7.297
3.93
9.917
3.595
4.418
4.271
4.617
8.508
10.74
3.585
11.81
14.02
6.628
7.153
8.651
3.531
5.581
4.063
6.016
5.633
5.093
4.351
7.162
10.58
9.059
7.588
11.0
4.344
7.144
6.161
6.736
9.999
12.16
8.494
10.27
12.01
3.689
3.366
4.258
3.859
5.167
10.56
11.71
11.56
13.18
3.561
11.22
5.913
6.583
10.68
5.21
7.936
4.278
8.145
6.419
5.699
6.805
12.39
11.49
6.579
4.858
10.24
8.012
5.057
8.32
3.143
7.029
4.713
5.004
6.62
9.717
9.97
11.23
4.519
7.409
12.85
7.422
7.827
10.36
8.82
6.769
13.03
11.31
11.59
9.299
11.2
10.06
3.462
9.327
5.786
10.94
4.711
11.41
10.92
8.188
9.234
8.0
3.961
4.458
13.27
6.404
13.98
15.73
10.68
10.41
7.594
5.267
4.106
8.057
7.721
9.501
9.779
4.43
6.569
11.08
13.24
9.559
4.17
7.106
5.531
13.91
10.64
5.566
7.672
8.982
3.406
5.806
6.334
8.902
6.625
5.321
4.307
6.258
6.686
7.387
6.606
10.72
8.238
6.069
8.896
3.821
7.148
5.98
12.02
10.29
6.532
3.883
4.546
7.531
9.41
7.804
9.176
7.574
10.7
11.83
13.83
8.951
7.971
8.45
8.856
6.717
5.507
5.768
4.513
7.494
7.095
7.293
5.259
6.823
5.839
10.17
10.86
17.3
7.474
5.219
14.88
13.63
6.411
5.338
11.24
6.84
12.65
7.208
2.553
14.16
5.051
11.11
9.817
11.72
6.377
5.233
8.779
5.212
5.849
6.191
9.695
7.246
4.941
10.14
8.35
14.32
9.692
9.758
6.635
18.61
5.567
8.49
6.908
11.37
13.54
7.734
8.26
9.712
11.28
12.17
8.371
9.311
11.48
9.044
8.364
7.271
5.868
7.302
5.793
6.995
6.458
6.908
8.501
4.903
10.02
6.924
8.035
9.812
16.62
4.471
6.656
8.166
11.46
13.29
7.674
9.532
8.168
8.415
2.303
2.83
2.217
3.188
1.856
3.464
3.805
1.611
4.837
2.915
5.071
4.111
4.358
2.849
2.279
4.972
2.849
4.922
1.344
4.185
4.721
2.972
7.137
5.267
3.644
3.644
3.485
3.485
3.644
3.644
3.75
4.812
3.729
1.986
2.962
3.459
2.221
4.884
6.314
4.457
4.794
1.747
8.409
3.778
3.641
4.995
8.387
2.111
4.646
12.21
2.146
3.421
4.422
1.26
4.935
5.232
3.33
4.055
5.289
3.615
2.16
3.158
5.184
2.728
2.4
5.526
4.122
3.822
4.904
4.994
2.072
4.414
3.175
5.848
3.799
6.308
3.407
4.438
4.626
2.404
2.309
3.729
10.6
13.68
6.996
3.899
2.855
3.511
3.094
3.511
3.511
5.46
2.792
3.022
3.991
3.973
9.461
5.923
2.545
4.154
2.255
4.949
7.344
9.844
8.558
6.218
2.041
6.567
12.45
6.877
6.748
6.748
11.77
3.834
5.682
1.689
11.6
3.782
5.852
5.713
3.846
4.265
3.869
4.911
5.22
3.938
4.708
6.251
2.608
4.485
5.305
4.079
3.554
11.38
4.485
5.365
10.08
10.46
3.28
7.287
2.641
11.61
9.075
8.149
5.447
6.146
3.346
6.305
6.18
6.861
3.615
3.008
4.648
6.388
3.58
5.77
8.112
4.324
3.221
7.199
9.347
3.335
7.009
5.22
7.083
3.369
3.061
7.391
13.32
6.935
9.57
5.168
5.278
11.59
2.564
6.41
4.834
6.153
5.733
3.44
7.522
3.538
7.808
5.43
9.53
4.724
12.72
5.015
4.591
8.919
4.547
8.771
3.683
10.73
4.138
7.599
6.464
5.603
3.245
6.474
7.592
6.476
5.638
8.526
11.87
8.503
7.73
4.556
9.647
5.009
7.965
4.94
3.773
6.658
11.19
9.183
7.699
3.88
7.274
3.515
10.52
10.79
10.62
3.83
10.83
4.284
5.042
5.809
14.08
10.03
8.788
10.63
12.76
5.502
4.47
3.28
4.826
3.807
4.149
6.797
5.874
3.405
9.607
11.68
12.01
10.21
3.03
4.931
8.951
8.637
8.348
10.44
6.145
3.556
3.067
2.338
5.57
11.21
4.666
15.1
11.1
6.789
9.707
9.8
4.628
4.899
10.52
7.046
6.352
12.95
9.855
5.28
6.858
10.38
4.279
4.614
4.68
4.052
8.127
6.393
5.167
7.21
6.878
7.782
5.821
5.019
6.77
5.283
9.8
5.8
13.76
7.875
5.959
10.01
5.76
3.791
8.134
6.933
4.174
6.69
5.932
10.23
6.701
7.467
6.689
3.97
13.13
10.4
8.013
5.847
8.176
10.36
4.708
6.371
6.053
9.945
6.232
5.246
11.58
9.789
6.75
5.636
8.59
9.739
9.942
3.036
5.074
9.885
9.323
6.375
4.58
8.235
11.3
9.082
7.841
14.36
6.864
12.03
8.62
5.808
3.674
3.915
6.755
8.275
6.206
10.24
3.792
7.442
8.859
8.307
6.282
14.83
3.987
7.871
9.796
7.62
10.03
7.251
12.47
9.719
11.15
8.119
3.385
9.521
12.7
17.25
10.6
7.38
15.53
15.03
9.295
8.429
15.86
5.435
15.33
8.277
9.006
15.24
6.452
8.143
7.91
10.68
4.281
7.347
6.143
6.466
8.125
7.416
5.384
9.665
4.414
12.27
9.894
10.0
5.845
7.999
9.101
12.9
5.431
9.366
9.198
7.927
7.258
8.44
7.182
6.28
5.822
7.462
14.77
13.19
6.385
11.36
7.124
4.092
12.21
13.42
16.48
8.968
9.192
8.353
8.486
4.213
12.42
7.321
8.109
9.05
14.52
14.08
11.04
4.209
8.628
7.769
15.47
4.882
11.03
14.54
10.31
4.997
6.978
11.21
8.664
5.268
8.764
15.77
5.745
6.713
12.09
11.91
10.17
8.209
9.95
4.882
11.5
10.46
12.96
11.11
11.37
9.539
9.264
6.062
9.75
10.7
4.105
10.18
9.899
8.879
7.28
5.964
13.26
6.812
3.058
9.904
3.588
7.811
4.682
5.816
5.598
5.922
17.08
7.695
5.367
11.48
6.798
4.232
8.049
5.211
7.39
8.2
6.673
11.81
13.25
7.916
7.706
8.597
12.89
7.494
8.415
15.72
10.8
6.908
7.732
8.411
9.782
6.679
12.6
8.707
2.14
6.433
4.396
5.729
4.721
6.822
5.182
4.892
4.568
7.544
2.203
3.279
11.3
6.083
2.979
4.555
10.28
6.903
3.401
5.315
7.85
4.74
5.294
7.346
3.26
5.048
2.811
1.827
6.961
4.792
5.227
6.807
6.019
4.434
8.939
5.131
5.4
4.706
2.591
4.177
4.874
8.508
4.953
4.56
4.957
5.783
6.669
5.108
3.328
3.681
6.751
4.796
4.763
3.552
3.914
4.226
5.626
3.435
2.947
2.868
11.49
9.267
4.077
4.815
3.16
3.836
6.393
6.652
6.45
4.509
2.812
3.444
5.711
7.121
6.948
6.62
3.639
7.157
3.516
5.647
6.026
5.961
3.755
2.991
6.827
3.888
7.953
3.208
3.208
7.297
4.781
4.739
6.227
3.742
4.657
5.623
5.426
3.532
4.241
4.874
10.6
7.106
4.437
3.718
4.252
7.519
5.819
2.663
8.792
6.212
5.085
3.422
2.239
7.719
5.721
5.633
10.96
3.734
7.267
6.815
6.038
7.038
6.162
5.118
7.762
6.06
7.685
5.235
6.699
4.926
5.062
4.398
10.42
5.378
4.579
6.62
7.229
1.181
7.952
6.409
9.212
6.079
4.289
13.79
7.224
2.423
5.856
11.35
3.362
4.209
4.074
4.76
9.399
7.633
4.735
3.852
4.077
3.693
7.519
0.0
6.53
6.915
3.512
2.644
4.24
5.098
5.024
6.521
8.062
8.605
2.42
3.308
4.662
6.696
4.326
7.577
5.008
3.127
9.068
5.156
6.727
5.161
3.907
9.539
2.406
10.09
7.678
4.243
8.128
9.109
6.621
6.482
7.522
3.673
4.311
3.905
6.502
4.895
6.703
5.451
4.855
6.645
5.705
4.532
4.608
8.701
5.833
7.544
6.216
4.515
4.648
6.717
6.198
6.968
5.997
6.64
4.655
5.34
5.874
11.97
8.514
6.354
6.092
4.221
7.197
3.924
7.255
2.884
10.43
10.8
4.805
5.119
5.843
6.303
5.778
4.468
8.549
3.949
6.002
6.089
9.725
6.069
10.44
7.107
4.13
4.589
4.287
3.424
3.299
5.034
7.056
2.725
6.205
2.124
3.4
6.419
5.813
6.35
2.82
3.948
5.577
4.318
3.214
11.93
4.037
7.091
2.724
4.472
6.334
8.227
7.61
8.763
4.687
5.548
7.759
2.65
3.704
4.689
4.18
5.844
6.02
4.991
4.577
3.234
3.665
6.583
2.921
2.649
5.186
12.43
4.811
6.704
2.789
6.191
5.815
4.331
8.381
5.337
2.659
5.231
7.074
6.906
5.004
6.897
5.645
10.04
6.861
4.037
7.347
3.673
4.666
5.764
7.186
7.958
4.636
6.697
3.819
4.772
4.614
5.204
4.318
3.656
7.824
4.237
1.921
10.13
8.913
7.981
3.382
4.412
7.158
5.187
4.427
4.846e-07
6.114
8.282
5.336
4.008
6.964
6.304
3.149
4.725
4.719
3.73
4.499
8.41
4.587
4.546
8.615
4.124
5.87
8.722
2.808
7.837
4.412
3.097
3.858
6.982
4.863
4.916
6.86
6.615
2.942
4.561
6.502
3.028
6.68
4.214
4.73
8.054
1.284
2.004
9.591
6.537
5.913
3.791
4.54
6.292
9.333
6.654
6.951
7.356
11.22
3.434
5.286
9.565
3.038
4.744
5.819
3.817
4.775
3.805
7.791
6.987
2.683
2.671
3.249
7.118
2.47
4.34
8.949
5.032
3.309
3.388
5.542
2.76
3.795
4.221
4.958
3.95
7.384
6.451
4.791
5.55
5.243
6.729
10.27
2.082
3.303
3.098
1.555
5.363
10.93
3.088
4.106
4.26
7.163
7.387
3.651
2.715
5.179
5.698
7.466
2.476
7.722
5.609
3.417
4.135
2.296
4.5
3.246
3.804
3.44
8.501
12.5
4.639
10.39
7.112
3.719
1.194
1.913
2.791
8.252
2.913
4.04
9.499
6.468
3.84
2.846
4.739
8.209
6.38
8.185
4.286
3.538
4.842
3.806
7.73
5.616
3.132
7.648
3.574
5.08
2.919
8.248
4.567
4.117
8.261
3.688
6.197
5.498
9.019
3.896
6.377
5.181
8.472
4.669
4.437
3.212
4.238
5.388
4.057
2.774
6.936
5.292
4.389
4.835
5.419
9.439
3.42
2.042
6.575
8.945
2.901
7.964
3.525
2.203
7.188
4.981
3.158
6.155
5.21
2.011
7.308
8.221
3.093
3.204
3.967
2.759
5.429
7.727
5.903
9.16
5.137
4.329e-07
4.671
4.842
3.529
3.164
7.175
2.559
3.72
7.301
8.251
1.806
5.599
6.205
3.092
1.369
7.182
3.35
12.24
5.254
3.14
4.805
2.769
6.629
3.71
3.961
7.292
3.695
1.967
11.2
3.858
6.096
3.831
6.251
1.892
5.266
9.692
3.654
7.153
2.918
2.019
5.735
5.943
3.486
6.04
7.466
4.425
1.811
4.604
6.171
2.735
4.748
5.211
6.719
2.051
9.033
5.701
3.602
10.51
4.934e-07
5.559
8.244
1.972
2.343
7.24
4.756
4.635
3.735
3.018
8.011
6.103
5.442
4.791
9.072
5.262
3.168
7.693
3.71
6.091
8.712
6.956
3.864
3.595
4.664
4.417
6.614e-07
6.532
5.346
5.96
2.96
2.157
1.999
6.552
7.279
6.718
9.195
5.437
6.793
4.08
6.663
5.359
5.906
5.804
4.245
3.239
4.152
5.723
10.63
3.574
8.121
2.82
6.979
3.736
6.39
5.997
2.841
4.179
4.411
4.935
3.698
2.232
3.137
2.849
5.915
4.289
9.219
4.925
5.189
6.657
3.87
6.491
2.554
1.494
3.932
6.842
2.31
7.096
4.958
7.64
7.299
7.994
10.41
3.425
3.29
4.531
3.955
2.791
4.58
3.563
3.414
3.439
5.243
2.377
4.791
6.463
2.856
4.712
1.731
4.957
1.656
2.0
6.853
6.776
4.083
9.787
7.192
6.628
3.182
3.548
11.91
9.446
4.885
6.099
2.99
6.204
4.978
11.24
8.075
5.857
6.047
2.17
7.037
4.571
6.12
4.517
7.967
4.334
1.998
4.501
13.79
6.321
6.429
4.294
7.337
5.553
8.047
6.442
6.041
2.003
4.912
4.359
5.831
3.271
2.998
3.767
2.017
4.702
11.57
3.358
2.61
5.228
7.925
4.757
7.093
3.674
4.998
5.787
4.663
6.957
5.72
6.595
6.247
8.919
5.277
4.274
3.924
2.776
7.228
5.752
9.012
6.073
7.564
5.297
4.552
8.582
3.759
7.469
6.786
5.648
4.796
3.079
3.411
8.438
5.69
3.848
4.743
3.977
5.511
3.826
2.711
6.334
4.654
8.019
5.421
6.683
6.439
6.264
4.809
2.494
5.693
5.397
4.008
6.021
5.935
3.782
3.076
4.095
7.974
7.186
4.55
4.109
3.292
5.09
2.638
7.091
1.994
7.094
3.105
4.646
3.888
3.261
5.96
8.48
9.653
3.282
6.592
6.829
4.131
4.463
6.261
5.147
5.486
2.021
6.671
6.717
3.239
3.029
3.015
5.751
3.524
5.236
7.029
7.38
2.971
7.7
7.188
1.617
5.298
1.973
4.365
1.903
3.438
4.779
7.176
4.997
2.342
3.821
5.703
4.58
5.522
5.361
6.227
5.607
4.351
4.696
7.335
7.642
9.019
6.745
7.832
5.042
6.362
8.353
7.42
7.512
5.447
8.797
3.977
4.859
4.855
1.92
4.466
2.427
5.186
7.914
13.22
5.025
2.917
3.941
2.989
4.052
6.314
2.718
5.174
5.444
5.007
6.301
7.777
9.932
2.154
5.656
5.644
4.113
6.729
3.335
12.97
5.291
5.808
4.5
7.321
2.717
7.871
3.283
4.83
3.086
5.694
2.056
3.559
2.802
13.39
7.322
8.35
5.148
3.147
7.566
4.591
4.217
7.447
4.794
7.197
3.982
5.77
4.638
4.68
3.607
9.37
6.816
3.099
6.86
6.287
4.752
2.946
5.825
1.759
4.927
7.593
12.43
6.154
6.161
6.106
11.58
1.936
6.058
2.584
3.084
3.396
8.356
3.977
7.739
2.136
4.622
5.501
13.43
4.785
5.526
12.18
7.002
3.588
2.827
3.775
4.362
1.941
4.36
9.188
5.974
4.818
5.265
7.57
11.21
3.049
2.816
6.261
5.732
4.722
7.315
3.611
1.523
7.113
2.059
7.777
5.453
5.129
4.676
7.292
9.314
2.536
2.302
2.829
2.513
7.207
5.715
4.61
4.402
5.229
6.835
8.101
5.67
3.289
15.3
7.185
8.063
8.365
5.079
3.323
6.256
7.179
5.662
4.166
3.326
3.77
14.06
3.13
2.699
0.0
4.024
0.0
8.146
4.583
1.468
5.584
4.705
1.148
5.748
5.706
3.614
5.865
3.677
2.562
4.911
6.329
3.564
4.624
5.145
7.005
4.614
7.129
3.924
3.065
3.147
8.712
4.357
7.84
6.041
8.755
7.526
1.986
8.509
5.746
5.618
11.3
4.916
16.28
6.391
4.133
11.48
3.751
5.523
2.562
2.961
6.153
1.238
5.664
3.972
19.5
4.02
3.781
2.818
4.487
5.471
5.203
8.128
3.779
0.0
3.962
4.482
4.769
7.069
6.001
3.999
6.699
7.711
11.5
6.02
9.684
2.699
3.746
3.415
4.29
7.179
6.516
3.071
4.718
9.775
2.27
5.165
2.979
5.19
9.582
5.677
5.426
4.87
6.673
6.021
3.288
5.962
0.0
7.334
4.908
2.95
3.164
4.601
4.684
8.318
3.541
4.297
11.44
3.883
3.606
7.294
5.788
6.315
4.468
6.13
3.224
5.449
4.365
8.563
4.718
5.523
4.463
5.096
2.52
2.799
5.141
4.811
3.816
8.626
5.99
5.292
10.33
3.196
3.498
3.914
5.058
3.358
2.679
4.36
5.337
5.852
6.171
3.837
4.452
9.684
1.861
3.841
8.527
5.373
11.1
6.658
3.454
8.345
5.588
1.694
4.595
3.75
3.798
6.165
4.583
5.123
2.484
4.019
2.129
3.309
2.759
4.12
6.792
5.184
3.032
4.738
13.72
1.066
6.57
7.706
4.287
3.689
3.883
5.709
3.821
11.66
4.161
4.826
5.095
4.244
4.326
3.449
5.807
5.408
3.781
3.749
10.3
10.43
12.04
6.006
2.57
0.0
9.667
4.314
6.475
7.908
8.285
3.71
2.992
3.414
1.69
5.646
4.279
2.531
5.134
3.907
1.816
4.228
2.395
5.104
4.305
5.33
8.337
8.216
6.153
3.061
9.122
4.349
2.398
5.865
8.797
2.129
5.505
3.424
1.753
4.357
6.166
3.269
6.357
4.047
1.148
5.518
3.856
3.646
4.302
4.105
3.71
6.452
8.444
6.305
7.278
7.167
7.008
8.323
3.415
3.451
4.114
9.116
1.593
4.718
5.588
4.405
8.58
11.46
5.69
4.357
4.829
0.0
8.429
10.33
4.65
4.045
3.649
2.58
8.881
5.388
1.604
3.257
5.682
4.41
4.777
3.686
6.396
9.413
4.853
2.845
7.255
5.481
2.129
3.164
6.156
0.0
5.708
4.002
6.846
3.799
8.994
2.944
4.27
5.704
7.345
4.225
3.306
2.765
7.311
3.883
6.079
6.247
4.015
6.451
3.671
5.847
3.358
5.075
7.134
3.941
2.586
6.682
3.522
3.344
11.02
4.942
4.461
6.657
2.618
4.093
5.388
3.831
5.783
4.288
9.509
6.607
5.074
8.242
9.714
11.02
7.624
8.171
7.215
7.02
3.63
2.142
10.33
4.781
4.65
7.97
4.093
19.5
5.161
2.677
4.372
6.702
5.455
1.501
5.783
4.77
2.892
3.405
8.015
5.433
4.105
2.239
2.114
12.26
2.308
2.35
10.97
6.375
5.043
5.276
4.788
19.5
6.022
6.516
3.924
5.723
3.893
4.068
7.495
4.047
3.626
3.311
3.716
1.58
6.599
10.73
1.91
5.075
2.154
6.732
4.657
4.986
3.364
2.68
6.105
0.0
3.872
10.58
4.233
9.59
6.268
4.287
5.972
7.045
3.983
5.974
5.865
5.142
3.928
8.322
3.042
5.783
4.047
4.147
9.667
4.729
3.032
9.245
4.002
4.287
6.116
5.828
0.0
4.923
7.264
5.284
4.377
4.202
2.765
6.317
3.27
2.019
3.851
8.441
4.041
4.205
7.105
4.158
6.455
8.113
2.09
5.225
3.438
3.358
6.978
18.53
2.616
6.582
9.387
4.878
5.868
4.622
5.486
6.985
3.892
3.146
1.768
7.518
3.329
5.256
4.184
2.655
4.411
3.76
4.322
3.024
2.622
1.905
5.019
3.919
2.881
6.244
1.47
4.301
3.953
3.534
4.408
1.592
3.306
2.201
5.858
4.12
4.039
3.192
2.524
4.501
4.139
2.828
3.266
7.3
5.603
3.638
2.837
4.188
4.239
2.253
3.443
5.126
3.203
5.552
3.456
3.158
2.147
4.25
1.606
2.092
1.283
4.511
4.228
4.491
2.702
2.229
5.062
1.868
3.032
1.851
4.941
6.193
2.929
2.744
4.542
5.903
4.794
4.3
2.353
2.535
2.919
3.881
2.634
2.139
1.546
5.336
3.302
4.431
4.531
1.286
4.561
3.173
3.699
6.933
2.935
2.642
3.084
3.634
2.633
4.584
2.125
3.091
2.548
2.786
2.247
4.656
2.912
3.139
5.474
3.024
5.703
2.408
7.493
4.888
6.661
4.698
3.712
5.317
4.606
3.069
2.218
4.068
3.469
2.912
2.752
4.069
3.323
5.457
1.976
3.991
3.317
4.08
4.192
3.088
4.896
4.249
3.424
2.577
5.112
3.746
4.589
4.621
2.704
3.439
5.441
2.179
5.535
2.023
4.05
5.496
3.15
3.412
2.092
2.411
3.006
5.713
4.662
2.45
3.98
4.446
2.475
4.519
3.309
4.112
2.944
4.416
4.318
3.897
4.945
1.969
7.373
4.008
2.331
2.544
2.241
5.216
4.661
3.644
1.787
1.827
3.491
2.915
2.267
3.971
2.978
3.516
3.164
4.339
2.232
2.446
5.594
3.987
4.375
3.858
2.818
2.794
2.27
2.592
2.104
2.946
4.241
3.289
3.627
3.425
1.428
6.642
4.132
4.123
3.051
4.931
5.187
2.413
4.707
5.222
4.615
1.795
7.598
3.594
4.814
3.159
5.402
4.771
8.19e-07
1.819
4.004
4.14
5.422
5.083
3.424
3.808
2.386
2.667
4.331
3.782
2.215
6.535
4.057
3.797
5.818
5.203
3.634
2.692
4.278
5.523
2.736
4.463
3.959
3.167
3.939
4.827
3.058
5.733
5.575
5.731
3.261
2.98
6.29
4.019
2.526
1.999
2.786
3.625
3.203
4.994
2.591
4.659
5.593
4.568
7.345
4.843
7.022
4.078
3.623
2.831
5.736
6.611
2.239
4.177
3.313
5.851
4.228
5.942
4.724
3.767
3.927
4.678
3.587
3.943
2.679
4.715
5.922
3.966
6.033
3.099
2.495
2.843
5.507
3.416
3.041
6.933
2.346
6.54
3.444
3.484
2.819
2.758
3.261
4.954
6.054
3.479
4.302
3.473
1.661
5.518
4.541
2.898
1.659
2.926
5.111
3.671
2.266
5.373
3.034
1.024e-06
4.855
5.153
6.581
2.382
3.245
3.943
3.998
2.78
4.314
5.319
4.664
2.778
8.004
4.277
5.92
5.066
3.917
3.481
4.328
2.875
5.472
4.796
2.658
4.047
3.668
3.94
4.136
2.677
3.844
3.61
3.01
6.055
3.251
5.188
4.262
3.589
2.831
4.639
2.376
3.557
5.111
4.158
2.189
2.242
7.234
3.272
3.165
3.702
4.067
2.864
4.551
2.685
3.942
5.739
4.159
2.894
3.04
2.447
3.362
2.522
4.124
3.624
2.095
4.22
4.513
4.694
3.122
5.321
3.195
3.156
2.323
4.039
6.298
3.77
3.875
5.767
9.815
1.355
3.516
2.99
3.212
2.353
6.175
4.682
3.271
2.628
3.244
3.541
4.944
3.053
5.972
3.015
3.707
5.357
6.286
2.462
3.842
3.372
3.604
4.87
1.947
3.974
2.932
7.495
3.562
4.445
3.031
2.855
5.805
2.748
5.013
2.739
3.643
5.551
3.669
6.388
4.556
4.673
4.062
2.772
4.79
4.195
4.28
8.019
2.155
4.036
7.969
2.135
5.008
7.421
2.719
3.439
4.331
4.997
6.3
2.37
2.896
4.569
6.797
5.651
1.974
3.639
3.817
3.985
4.287
4.921
3.975
4.153
3.0
3.462
3.237
3.28
2.585
3.728
4.406
3.74
3.007
2.563
4.022
4.989
5.045
5.458
2.722
5.056
2.491
4.381
2.53
4.345
2.372
2.669
3.008
4.365
7.703
3.89
4.124
4.141
6.445
5.297
4.147
4.155
6.374
3.963
5.331
1.666
6.05
6.533
3.384
4.021
4.045
4.265
4.711
4.068
3.443
1.652
1.825
1.964
4.202
2.919
2.843
1.805
3.519
5.117
3.537
3.891
6.494
1.253
2.576
4.02
1.739
2.994
8.375
4.111
2.594
4.203
4.267
4.061
3.66
2.33
5.143
2.955
2.907
2.05
1.524
2.506
5.082
4.438
3.393
4.365
4.724
3.079
3.276
5.937
4.681
1.495
3.763
4.29
1.39
5.649
3.888
3.908
3.688
5.976
2.319
2.554
6.705
4.323
4.205
4.66
2.749
3.217
3.093
2.135
3.113
5.294
3.142
3.067
2.111
7.524
3.304
2.174
3.82
4.295
4.41
3.146
2.743
3.555
5.736
4.154
1.697
3.196
4.481
4.556
5.106
3.434
2.973
4.46
5.028
3.476
2.904
5.746
3.488
2.997
3.958
3.745
2.582
6.649
3.498
2.391
4.578
3.512
3.843
3.732
1.503
1.254
4.117
5.066
6.628
5.765
4.662
4.515
3.934
2.601
4.211
1.645
5.691
4.472
3.758
2.158
6.029
4.111
3.063
1.948
4.935
2.139
2.531
4.677
3.555
3.182
5.072
4.292
2.668
7.252
4.373
7.076
3.034
6.384
4.732
2.89
3.226
2.879
2.545
3.216
3.779
3.361
2.414
4.461
3.123
2.778
2.775
6.576
4.893
2.244
4.007
3.719
2.589
3.904
2.809
2.527
5.173
2.467
3.127
1.107
2.615
2.713
5.3
5.339
2.994
2.651
6.09
2.864
3.39
1.897
4.242
4.724
3.966
5.299
1.778
4.603
3.973
2.536
4.922
4.82
2.211
3.159
4.6
3.944
2.687
3.061
4.576
4.555
3.529
5.039
2.185
1.98
3.887
2.288
4.721
8.082
4.959
3.477
2.721
3.298
5.875
2.594
3.385
2.297
4.897
7.745
3.435
1.547
5.38
2.708
4.574
7.535
5.486
4.576
3.35
4.827
4.639
1.824
4.924
3.834
3.649
3.647
2.222
3.403
3.909
5.581
4.558
3.178
5.97
4.638
2.184
3.96
4.814
4.059
4.083
4.124
6.095
5.001
5.935
3.546
3.555
3.035
6.457
3.272
6.356
2.397
3.629
4.304
7.389
4.54
3.776
4.435
5.723
2.99
5.225
1.934
4.745
3.674
1.976
3.564
3.846
5.345
4.024
1.412
1.569
6.795
8.169
4.902
5.978
2.672
6.723
3.258
0.0
3.448
2.84
2.688
3.789
3.086
2.924
4.06
4.542
2.398
4.813
2.942
4.338
2.37
1.958
2.1
7.414
2.577
4.122
3.051
2.262
3.494
7.465
3.619
3.296
3.469
5.624
3.858
5.17
2.472
3.024
5.591
3.571
3.605
5.875
3.198
2.5
1.861
2.653
2.997
4.188
3.415
4.798
3.91
3.392
2.36
2.134
5.054
1.694
4.125
3.666
3.778
6.303
3.716
2.48
4.195
4.212
4.305
6.299
4.933
3.273
6.961
5.794
5.838
4.286
2.911
3.344
4.633
4.885
2.801
3.467
3.611
6.227
4.629
3.39
2.87
1.156
1.155
3.507
3.229
3.469
4.993
5.543
2.614
2.19
4.059
2.729
4.402
3.632
4.206
3.071
4.121
5.396
3.399
4.84
4.225
2.817
3.285
1.784
4.904
3.934
3.927
2.776
2.555
3.397
4.634
3.739
2.568
7.149
4.879
3.274
4.048
1.563
5.811
3.873
2.211
4.298
4.229
4.118
3.332
3.225
3.942
3.29
3.975
3.331
2.993
4.692
4.915
4.121
3.583
2.901
3.12
6.682
5.26
2.607
7.215
2.57
6.471
2.558
2.977
1.387
4.909
4.123
3.196
2.05
2.281
4.561
3.027
7.068
3.563
3.275
1.733
2.405
5.706
5.251
4.206
3.579
5.173
2.039
4.282
3.332
3.597
2.12
6.714
2.074
4.561
5.368
6.089
4.048
4.874
3.179
5.416
3.075
4.149
2.055
2.891
4.793
3.627
1.345
5.079
3.812
4.007
3.852
4.062
5.131
1.714
2.156
2.562
4.12
3.574
5.345
6.372
2.042
6.889
2.254
1.156
2.966
2.058
3.374
4.716
2.742
3.78
3.963
2.144
7.058
4.516
8.184
2.356
2.692
2.062
3.496
2.26
7.234
5.39
3.232
2.077
5.35
4.824
3.914
4.723
7.278
3.744
5.747
4.802
4.707
2.831
3.825
3.824
2.796
4.627
2.838
3.491
4.286
4.374
2.659
5.742
3.335
1.354
6.396
3.445
2.534
5.574
3.211
1.903
3.57
3.837
2.463
12.64
4.036
2.106
5.55
4.305
2.617
8.833
5.158
1.892
7.384
5.49
2.452
4.065
2.675
3.216
2.68
2.907
3.136
12.28
7.566
3.608
3.981
6.297
3.543
4.091
3.996
2.406
5.603
2.786
2.498
6.652
4.498
5.238
4.959
3.194
5.994
4.46
6.437
2.498
3.727
5.032
2.565
9.74
2.705
6.575
4.206
4.627
3.06
5.88
4.249
2.098
6.651
3.815
1.893
3.523
3.079
4.435
4.655
4.108
2.866
7.76
3.96
2.652
6.292
3.659
2.019
5.744
2.823
2.214
8.608
1.936
3.129
7.664
2.472
2.291
5.7
7.044
2.975
2.67
5.586
2.65
4.796
11.01
1.561
3.168
4.697
1.443
2.438
2.933
4.862
5.617
2.28
2.687
4.067
4.591
1.518
12.39
4.733
4.914
3.978
5.964
3.639
3.961
5.017
2.475
8.744
3.381
2.278
3.964
2.303
3.849
4.709
7.118
1.813
3.513
8.81
3.755
7.451
3.816
8.468
7.956
2.235
2.481
3.981
2.315
3.286
4.606
8.363
1.321
5.698
4.567
2.24
5.777
9.714
0.8594
4.769
4.725
9.713
6.003
3.871
2.331
3.409
3.075
3.472
3.799
9.482
2.398
7.523
3.827
2.641
4.799
3.225
2.041
7.729
5.257
1.416
5.436
4.503
4.764
2.908
4.492
9.167
6.049
2.482
2.585
4.846
3.187
1.911
18.51
4.352
3.683
5.29
3.023
2.607
8.428
2.751
1.299
3.996
4.306
4.192
8.035
4.419
0.9704
6.992
2.67
4.679
8.35
3.16
4.666
7.416
2.61
2.344
5.315
3.465
2.467
11.32
3.125
1.108
6.361
11.11
1.764
7.018
4.038
1.701
3.862
4.4
2.644
5.325
3.895
5.003
7.248
5.869
3.665
7.053
5.613
3.187
3.512
3.264
1.686
5.064
9.179
6.04
5.053
8.095
4.477
3.519
2.551
4.976
6.074
4.606
8.361
4.608
5.235
4.99
4.139
4.218
2.147
4.71
5.633
8.109
3.135
7.594
2.967
5.362
3.219
4.735
3.556
4.579
4.957
7.648
4.723
7.021
3.526
3.423
8.771
11.53
1.604
3.553
2.708
4.012
2.317
5.643
4.988
2.526
4.985
5.187
1.986
3.397
6.398
4.956
4.175
6.767
5.919
7.02
3.244
7.371
2.99
12.17
7.346
6.129
8.211
6.005
19.02
7.225
6.447
3.549
3.715
11.93
5.309
7.276
7.37
3.546
6.338
7.445
6.417
12.55
4.029
8.029
9.033
10.99
7.972
6.02
5.134
6.57
4.144
8.667
9.473
6.408
3.846
7.908
6.764
7.258
4.741
7.799
8.64
4.365
10.11
9.606
5.699
6.319
2.158
15.41
2.042
12.32
6.682
5.685
3.704
8.262
7.369
4.14
12.04
8.43
8.491
7.45
12.0
6.702
11.21
10.24
11.49
7.668
6.253
7.391
5.628
5.622
8.273
3.842
9.858
6.825
8.758
5.699
7.26
3.959
7.622
8.687
3.174
4.129
6.324
8.081
21.73
11.21
4.346
14.27
2.714
5.703
6.021
7.105
4.894
3.776
4.415
8.45
7.35
8.092
8.465
3.867
4.621
10.0
12.8
6.339
6.175
6.697
9.496
4.183
1.824
3.751
9.668
5.917
3.461
7.12
12.54
4.562
7.158
0.0
8.722
3.904
5.668
9.308
4.033
4.966
3.779
4.553
6.158
6.164
6.335
3.179
2.874
7.693
8.376
3.931
8.797
6.6
7.302
13.07
6.98
9.02
7.137
8.224
6.921
2.293
8.734
6.566
12.86
9.067
2.546
10.39
7.685
13.14
7.529
10.7
8.646
9.081
9.313
12.13
10.94
6.882
6.972
3.972
8.489
9.18
11.01
4.113
8.984
5.015
5.976
5.458
4.223
4.144
5.978
10.04
5.881
6.447
9.407
5.314
6.332
3.308
1.915
6.828
9.971
5.164
3.722
7.892
5.395
9.673
2.808
5.219
6.368
11.13
6.828
10.09
5.406
0.0
13.32
4.493
4.382
13.0
5.047
5.81
16.15
6.834
8.933
10.14
6.805
3.693
6.258
11.69
5.757
3.636
3.73
8.049
7.492
6.482
7.435
14.66
6.357
1.554
7.008
10.57
3.636
6.904
3.876
9.767
3.804
9.614
8.333
8.71
9.141
4.52
5.461
5.948
15.11
5.873
6.128
8.255
7.274
6.675
6.501
8.299
0.0
4.884
5.048
3.329
5.143
7.599
10.5
7.489
8.401
7.088
6.324
9.171
7.044
2.197
5.147
8.659
8.957
5.125
6.294
6.584
3.234
11.27
5.859
10.67
6.349
4.411
10.57
8.378
5.801
5.105
6.033
6.679
5.88
12.56
6.107
10.35
4.97
5.483
7.674
10.04
3.759
5.428
7.506
6.009
7.021
17.2
8.97
7.999
4.766
4.161
9.01
8.167
5.564
7.288
3.854
6.343
14.18
4.805
13.62
7.471
5.974
3.799
10.57
9.46
5.682
9.063
3.016
10.17
6.947
3.833
7.712
7.426
8.691
5.492
7.864
4.596
6.122
5.339
7.139
5.573
6.888
5.38
6.192
4.963
6.382
5.017
8.998
5.979
4.574
11.66
5.706
7.701
13.56
21.74
9.134
9.178
6.656
9.11
11.27
4.153
4.674
6.049
5.544
4.406
6.473
6.369
5.338
4.775
8.019
4.43
11.26
14.36
3.615
7.242
7.064
7.454
3.863
3.707
6.481
8.68
5.803
5.663
8.769
8.205
3.222
4.349
10.27
4.221
4.936
8.464
6.784
7.863
9.622
5.415
4.724
15.47
5.256
5.521
5.257
3.095
4.115
14.01
7.882
4.827
7.073
5.882
6.977
6.224
5.667
7.159
9.112
6.693
2.546
4.815
4.254
0.0
8.188
2.752
4.3
7.192
7.823
5.449
5.223
6.561
7.509
6.542
7.018
6.67
5.887
2.226
8.152
3.545
7.34
8.018
4.975
3.54
4.436
6.851
5.613
6.396
10.97
6.155
5.186
4.449
2.839
7.494
4.309
8.038
5.284
10.59
4.748
7.619
16.4
4.923
3.682
8.792
5.829
6.534
6.798
9.122
5.526
8.522
9.062
9.078
5.636
6.42
7.99
13.44
6.642
11.62
5.986
3.211
6.766
11.14
3.305
7.192
7.209
11.19
6.373
13.18
6.202
6.338
4.525
6.893
12.59
5.022
6.522
3.663
7.892
3.907
0.0
11.18
7.503
5.778
8.06
5.4
5.734
3.902
3.566
7.539
3.822
5.082
6.225
5.771
7.812
5.415
9.124
6.734
6.558
5.431
6.775
3.299
6.644
2.933
8.704
7.022
7.475
10.17
11.01
2.873
6.024
6.159
11.24
3.906
8.362
5.782
8.422
3.25
4.646
12.34
1.488
6.865
10.73
5.196
7.063
6.093
6.699
7.261
6.887
9.732
9.414
4.614
7.222
9.894
7.542
4.313
5.647
7.888
9.176
12.07
2.866
5.47
8.447
6.417
7.604
5.249
7.077
7.485
6.897
14.12
3.229
6.235
1.4
6.882
6.216
10.21
6.537
5.092
5.551
4.543
4.796
10.63
5.859
9.237
10.66
4.479
6.877
9.235
5.491
6.808
13.89
7.952
6.314
4.606
7.479
7.489
7.517
10.83
12.6
4.608
14.93
5.48
6.492
8.755
5.429
7.54
2.364
5.585
7.876
6.816
10.71
6.376
3.476
6.48
7.941
9.621
10.1
6.651
12.57
7.25
8.343
6.278
5.596
8.641
4.716
5.73
4.774
4.565
3.76
8.467
5.12
8.735
2.626
6.444
6.3
6.938
4.236
2.729
5.562
7.192
9.415
3.389
10.24
6.288
6.867
6.206
3.226
9.765
4.679
12.4
5.09
5.107
8.107
12.18
5.507
3.541
7.996
4.854
4.01
7.016
4.747
5.161
6.418
5.208
5.458
4.961
7.745
8.467
3.22
6.085
8.427
8.65
7.077
4.132
9.152
4.515
5.936
5.721
5.262
4.185
7.203
2.653
12.77
10.02
5.02
6.168
9.469
7.407
6.194
5.711
9.221
10.08
7.502
8.198
3.04
6.16
10.25
4.914
3.414
5.66
6.145
7.954
7.639
7.343
9.441
6.143
3.3
5.452
5.021
10.79
4.77
3.03
3.962
7.742
7.478
5.702
7.541
3.953
3.76
8.115
7.95
9.74
4.748
6.553
2.694
3.976
7.839
6.987
4.463
15.5
0.0
6.856
4.455
8.812
6.242
7.703
5.982
3.518
6.582
4.347
4.925
5.634
14.14
3.172
12.3
2.968
8.243
4.139
5.701
5.883
3.263
6.401
0.0
5.016
2.877
3.449
1.972
10.34
8.133
5.809
3.253
1.69
6.934
10.12
9.249
8.333
10.74
10.89
3.079
6.882
6.038
8.016
5.795
8.271
3.27
5.377
7.331
9.707
0.0
8.899
3.526
9.912
11.43
10.63
7.082
7.767
5.314
6.678
5.942
14.21
8.387
3.601
4.747
9.891
9.766
5.103
4.605
4.205
6.561
4.977
9.742
7.744
3.201
6.742
3.566
6.97
9.827
6.001
5.797
4.047
7.987
3.868
4.094
8.758
4.26
16.08
5.135
8.656
4.6
5.454
10.37
6.334
4.934
6.916
10.93
7.986
5.692
6.697
6.767
4.591
3.61
5.425
5.855
12.09
2.684
7.567
6.105
10.44
5.721
13.53
9.488
2.51
8.286
4.657
3.881
4.083
8.398
4.03
6.159
5.76
9.094
7.633
9.837
5.508
9.655
8.15
4.975
7.555
9.144
0.0
8.648
7.152
9.605
13.43
8.871
4.701
7.417
3.596
6.983
8.173
2.653
1.893
5.979
4.29
13.1
2.161
3.955
6.62
4.411
5.235
11.48
9.997
3.147
4.428
7.673
7.634
3.199
4.511
6.874
8.863
11.5
6.015
7.123
6.781
2.318
8.95
8.451
7.952
11.82
6.011
16.4
6.644
0.0
5.704
6.412
4.736
15.28
8.828
6.327
10.79
2.226
7.606
9.426
5.925
7.384
3.307
6.945
7.5
3.562
3.886
6.623
12.53
5.763
14.88
4.807
7.503
11.37
8.517
5.842
4.137
9.246
4.113
6.4
6.586
4.834
6.656
5.28
4.442
3.465
4.4
4.818
6.415
7.905
6.25
6.024
9.438
3.074
7.137
7.213
5.439
6.823
3.805
7.211
5.414
3.176
7.841
7.101
5.099
5.718
5.158
10.53
6.74
3.024
7.409
6.783
6.75
15.45
5.188
7.916
7.438
9.976
5.547
5.853
6.296
6.668
11.4
9.577
10.42
7.219
9.411
4.027
8.713
6.278
6.635
4.963
4.093
5.423
2.884
9.133
5.871
7.194
11.99
11.86
5.061
5.815
6.12
3.137
5.372
7.079
5.918
5.369
9.681
12.46
9.585
13.74
5.942
8.58
7.981
4.657
11.64
3.902
9.061
12.36
5.76
2.937
6.854
4.657
2.564
6.382
7.35
2.061
6.863
4.323
4.313
8.317
5.965
6.586
6.084
4.431
2.048
10.28
2.894
3.287
5.538
2.814
6.732
7.781
6.733
4.712
6.947
4.848
6.706
7.246
12.85
9.377
2.564
6.21
4.837
4.148
7.503
5.967
7.315
2.116
3.168
5.167
4.014
4.154
6.69
3.878
7.066
5.143
13.27
3.34
6.841
3.723
5.221
5.238
2.642
9.824
5.214
6.858
5.623
6.72
6.18
4.658
6.264
5.35
3.286
8.536
5.279
10.79
9.159
9.025
6.328
5.862
10.94
3.466
4.533
9.298
5.027
3.586
5.294
6.562
10.46
5.243
3.134
4.001
5.681
4.668
6.047
5.132
2.608
12.85
5.327
5.226
5.548
4.72
4.531
4.36
8.045
10.13
6.702
6.243
7.559
9.013
4.325
4.258
7.329
10.11
9.229
3.308
5.775
5.188
8.489
8.217
10.14
10.27
7.452
0.0
8.945
3.22
4.637
3.503
4.68
15.58
5.246
6.413
6.657
4.226
5.391
10.23
8.656
5.211
10.12
8.115
2.17
4.623
3.981
6.869
3.6
6.068
7.062
9.693
6.692
1.933
2.456
8.193
5.909
4.076
14.99
1.898
11.7
8.873
7.544
7.194
6.751
5.998
2.544
8.159
12.52
5.94
13.5
5.485
5.047
3.726
5.699
9.18
11.79
9.523
10.86
6.913
3.164
5.444
9.991
4.556
10.42
8.828
3.591
4.534
4.246
7.565
8.432
12.77
8.153
4.184
5.022
10.72
4.193
3.368
3.991
7.975
6.678
5.171
4.713
5.264
4.057
6.316
3.325
4.736
6.789
8.102
0.0
7.439
6.659
8.473
5.37
4.162
7.591
4.078
7.588
8.267
2.451
8.497
6.301
12.06
4.24
11.32
4.949
5.293
5.724
2.753
2.709
6.938
4.717
0.0
17.07
12.73
3.817
12.24
5.886
5.276
8.043
13.27
6.112
4.536
2.096
2.415
6.868
2.539
11.99
6.916
3.341
8.568
0.0
4.348
11.79
11.71
7.153
6.832
8.095
7.559
14.56
2.516
4.836
5.767
5.333
6.101
10.74
4.008
11.66
14.05
8.643
7.547
2.856
4.116
6.936
8.944
0.0
6.34
8.078
6.945
8.798
12.03
5.576
7.555
11.17
11.06
6.912
2.378
9.095
11.04
4.889
14.69
7.759
0.0
7.585
6.404
5.494
10.14
8.817
5.012
9.56
5.665
5.778
4.4
13.11
4.928
12.96
2.163
2.716
11.05
7.313
8.648
7.099
6.273
10.91
8.399
7.666
6.407
5.067
8.95
3.746
9.374
3.252
8.853
12.12
3.652
9.896
1.619
6.113
6.374
3.838
7.71
4.611
4.882
6.572
7.363
9.242
6.293
3.284
8.814
5.065
3.379
8.4
6.862
4.748
16.55
2.757
6.451
3.134
2.984
3.237
8.789
5.349
5.157
4.22
8.181
12.9
9.313
6.178
2.649
4.144
2.942
1.358
8.195
5.64
4.272
4.085
6.453
4.303
1.582
2.428
4.838
4.797
13.71
7.765
8.827
11.64
10.9
8.798
13.69
12.05
4.937
6.705
9.747
8.939
3.671
12.68
8.517
8.406
12.5
2.954
8.967
7.948
8.099
3.735
6.436
4.539
11.55
5.684
9.955
8.64
6.98
7.567
9.924
6.646
6.568
13.32
5.555
11.88
5.502
8.7
8.927
5.595
8.481
13.53
3.366
4.364
2.633
12.31
7.275
3.439
7.616
5.13
12.72
6.564
12.67
8.445
6.248
3.535
2.227
6.947
10.1
5.142
4.813
9.419
9.068
6.731
6.006
3.286
10.95
12.99
5.874
14.7
14.57
4.88
6.663
8.488
9.081
3.87
8.898
5.489
4.624
2.205
6.684
7.683
6.498
1.748
8.873
5.068
7.657
4.084
11.82
0.0
8.042
7.717
8.366
4.196
7.467
6.64
9.012
5.773
4.227
5.495
6.313
8.793
4.592
3.915
6.28
10.13
5.464
6.255
7.388
11.23
7.935
14.46
11.37
8.677
6.214
7.203
4.44
5.863
9.312
7.435
10.74
6.374
4.062
5.376
7.616
13.86
6.852
7.097
12.99
5.838
7.314
6.918
11.27
4.69
7.735
6.315
5.377
5.009
7.225
4.528
5.015
8.337
6.827
3.39
15.83
3.656
3.017
8.834
8.23
11.66
11.05
1.567
5.042
5.325
3.869
4.239
3.125
4.809
5.81
6.27
2.78
4.007
5.84
5.294
3.685
8.937
9.482
8.638
3.718
6.188
9.45
5.719
6.408
7.041
2.894
6.368
8.469
7.837
3.678
5.623
6.936
8.364
9.211
8.099
14.62
4.739
3.847
4.413
6.369
7.15
5.451
11.15
6.047
7.84
7.562
3.195
6.591
12.86
6.646
4.713
5.447
10.08
8.292
4.147
4.246
4.089
3.319
13.3
9.804
9.379
15.18
11.13
0.0
4.852
7.635
6.865
5.387
6.868
12.12
6.329
6.43
5.419
13.73
8.709
4.373
12.19
5.503
8.451
10.78
2.055
11.04
6.811
11.43
5.834
9.461
4.511
10.74
7.695
8.004
12.41
2.954
4.823
5.969
12.56
1.908
3.446
8.697
4.726
6.059
3.121
4.775
13.15
5.487
7.995
4.087
4.19
5.41
11.1
9.129
5.482
6.91
2.134
3.204
5.376
10.34
8.378
6.768
7.436
4.848
2.971
6.387
4.265
5.759
9.685
2.754
4.524
11.27
8.46
4.547
11.15
4.433
4.219
12.2
10.39
9.54
11.1
7.942
7.691
3.821
4.682
4.021
3.026
10.96
9.284
7.821
12.23
5.442
4.695
2.449
9.792
1.561
4.534
13.06
7.263
5.942
6.922
1.561
5.914
9.127
9.321
10.86
6.682
1.955
6.123
13.16
8.035
7.546
6.843
4.291
5.635
6.735
3.61
7.377
5.895
7.522
6.764
4.82
9.126
9.224
6.429
10.63
6.889
6.463
2.325
5.843
8.2
5.521
9.246
11.3
11.04
8.632
8.724
5.432
5.207
4.659
3.124
6.36
8.142
2.742
9.614
2.258
9.561
4.305
6.264
5.166
0.0
5.978
4.566
5.863
11.03
7.243
3.437
5.547
7.184
7.815
4.537
5.722
3.847
7.009
10.54
3.598
3.631
10.17
9.921
5.596
4.478
9.713
13.13
3.78
3.009
6.438
7.393
13.73
7.117
8.095
5.771
11.2
8.393
7.43
11.87
8.731
6.444
10.81
5.925
10.74
3.937
1.834
9.752
6.616
18.69
3.867
5.463
6.46
0.0
4.041
7.817
4.089
3.657
7.06
4.255
7.751
5.181
15.57
4.463
3.669
5.118
4.792
11.24
9.451
2.944
7.429
3.586
6.067
5.167
1.216
9.759
8.722
13.69
7.885
5.042
3.152
6.834
3.366
5.196
4.741
6.205
6.533
3.955
7.825
7.855
8.638
4.358
7.746
4.276
12.02
7.613
9.902
10.49
7.603
4.97
11.13
5.235
4.042
15.47
6.882
2.742
0.0
2.551
3.447
3.591
0.0
4.456
5.068
0.0
3.6
3.492
5.094
7.563
1.865
5.502e-07
3.125
6.327
3.758
2.145
6.669
3.291
2.163
5.925
7.801
5.043
3.538
6.129
4.241
3.962
5.422
4.577
2.325
7.312
4.763
6.821
6.097
4.009
5.488
4.661
9.505
5.859
10.12
5.696
4.178
3.562
12.69
3.777
8.61
4.246
4.863
7.678
10.11
3.743
6.05
5.904
4.146
6.86
8.938
2.959
6.438
4.224
4.933
10.66
5.502
6.861
5.5
6.838
6.406
9.913
8.177
7.53
7.735
5.846
5.386
7.725
3.334
5.737
7.225
12.0
8.616
4.673
8.744
4.996
7.097
8.76
6.072
6.989
4.99
8.4
6.461
9.246
9.531
5.365
12.13
7.251
7.082
7.077
2.297
1.582
1.739
1.527
5.948
5.567
3.581
3.21
3.353
5.629
3.581
2.902
3.372
6.103
5.465
4.674
5.472
6.581
8.087
6.153
7.101
5.574
5.504
7.381
5.894
6.81
5.279
6.659
6.157
5.565
4.966
8.551
7.806
4.881
5.751
10.32
7.604
5.179
6.684
9.006
1.746
5.275
6.789
6.305
10.7
4.296
5.258
10.1
8.428
8.774
7.827
7.97
7.354
6.009
8.889
5.024
8.445
5.739
9.138
7.711
14.3
6.525
7.602
7.85
7.93
7.767
8.981
13.21
9.198
10.03
15.92
8.33
8.828
12.31
7.175
8.444
6.284
8.85
6.181
9.488
6.011
7.738
8.001
6.634
17.15
8.522
12.23
9.621
9.331
13.79
8.854
9.417
6.568
7.365
6.446
17.45
9.117
9.885
11.82
15.26
