224.8
33.74
0.0
184.2
287.9
102.7
0.0
37.07
286.8
218.6
158.8
204.2
183.7
480.8
0.0
90.59
333.2
147.1
134.0
305.8
113.0
169.0
431.3
255.7
461.7
113.4
73.24
235.0
165.4
240.1
202.4
10.34
198.8
252.0
330.1
153.4
128.1
42.21
109.7
373.6
103.9
203.0
554.4
218.4
106.0
126.7
245.1
6.914e-06
294.8
482.8
133.8
0.0
136.3
205.1
198.4
446.7
294.6
246.6
164.0
51.75
145.4
203.5
195.9
309.4
100.2
247.9
0.0
306.6
195.9
6.124e-06
322.7
178.9
389.6
203.0
301.2
0.0
169.1
176.7
242.1
187.4
210.2
0.0
106.0
185.1
170.8
1.113e-05
332.3
148.0
205.7
274.1
72.37
56.94
0.0
115.9
295.6
161.2
314.4
175.7
309.2
153.1
155.0
164.1
183.3
210.7
187.1
9.984e-06
315.4
273.4
99.08
271.8
1.127e-05
245.6
170.7
0.0
309.4
186.6
7.898e-06
284.9
89.63
19.51
1.077e-05
139.7
202.7
275.9
250.9
211.3
160.4
197.4
180.3
244.2
86.29
103.4
2.334e-05
349.9
469.8
237.7
218.4
169.8
46.64
165.9
0.0
182.1
229.7
167.4
332.4
209.0
0.0
180.7
288.7
101.9
212.1
98.17
327.0
170.8
206.5
340.7
232.5
136.7
68.9
211.1
160.0
0.0
136.7
123.1
72.56
76.62
0.0
181.8
92.7
539.4
519.4
199.7
214.5
177.6
173.4
30.78
168.8
331.1
93.22
1.182e-05
117.2
98.45
107.7
210.5
346.1
156.9
191.4
83.22
342.3
237.7
202.5
313.6
497.0
338.7
229.4
53.78
166.5
84.78
270.0
0.0
195.9
153.7
444.3
254.8
444.2
480.2
28.49
453.5
253.1
263.4
178.5
0.0
174.5
214.7
161.1
80.96
276.6
306.9
562.2
147.2
154.8
409.6
154.3
145.9
447.9
192.6
190.8
552.6
337.3
430.0
75.72
182.3
335.5
632.0
232.3
495.7
242.5
7.302e-06
98.23
0.0
100.2
0.0
240.1
315.6
0.0
73.41
239.9
229.3
117.5
188.9
122.4
138.9
156.4
143.5
114.0
450.0
227.0
252.3
100.2
381.2
139.6
45.12
308.2
0.0
23.31
522.9
1.697e-05
176.2
187.1
281.5
0.0
140.0
179.3
191.7
424.9
256.4
0.0
104.6
334.2
101.1
128.0
192.1
207.7
258.7
160.4
83.47
198.4
0.0
119.1
329.7
634.0
201.5
482.3
151.4
188.6
323.0
0.0
176.9
517.6
304.7
252.4
257.6
139.1
68.91
182.0
17.68
207.4
229.5
333.7
285.4
170.8
344.0
205.0
215.4
221.2
258.6
215.8
190.9
301.0
220.3
226.7
206.1
360.2
189.0
246.0
246.4
321.4
236.7
211.5
304.8
154.3
472.4
298.6
534.9
245.5
165.3
61.63
200.2
203.3
444.6
204.0
215.1
274.6
155.1
0.0
476.1
0.0
147.2
116.1
96.44
238.1
0.0
161.7
109.0
192.2
255.1
118.3
0.0
186.3
438.0
291.1
170.6
521.4
323.1
104.9
82.09
132.5
0.0
207.4
111.6
42.13
395.0
330.4
231.4
227.3
143.0
169.8
0.0
176.7
86.74
83.44
2.003e-05
183.1
199.5
134.0
444.9
148.3
180.2
245.8
175.8
1.092e-05
139.0
277.6
191.4
364.0
268.7
204.0
231.8
207.2
144.4
532.3
52.08
0.0
138.9
205.6
153.1
155.5
169.4
247.4
133.1
115.4
412.0
16.07
213.6
154.6
217.9
104.6
14.92
123.3
147.8
200.2
152.6
0.0
0.0
153.2
295.8
208.2
299.3
0.0
154.8
136.4
147.2
46.5
71.39
390.0
245.0
227.2
210.2
121.8
54.2
513.2
0.0
0.0
236.6
243.9
65.69
118.1
392.6
79.8
504.5
253.4
225.0
338.4
205.2
190.9
262.2
131.7
206.9
0.0
441.8
135.6
0.0
232.3
225.8
187.4
201.5
95.74
228.4
147.9
75.49
241.3
391.5
201.2
120.9
414.2
295.0
127.0
192.7
220.7
0.0
1.613e-05
288.0
267.2
188.9
357.8
249.6
211.2
0.0
55.73
172.2
351.0
287.5
307.7
173.8
86.49
173.4
316.6
0.0
301.0
89.85
0.0
173.1
0.0
203.1
1.04e-05
28.29
204.2
141.9
144.4
167.1
159.0
36.13
231.0
186.7
194.3
2.334e-05
203.8
185.1
265.4
164.2
115.8
301.0
115.9
89.81
159.4
211.5
279.0
167.2
422.4
188.6
178.4
139.9
262.6
470.1
243.1
0.0
104.7
265.1
319.5
257.8
130.1
158.9
130.6
157.1
169.5
175.6
370.5
158.6
213.7
188.3
120.8
307.6
227.6
99.09
176.8
38.72
158.5
173.8
130.3
135.5
208.7
173.8
123.6
348.4
0.0
254.8
253.7
140.3
172.8
27.22
149.7
62.01
208.7
0.0
41.15
183.3
253.0
334.3
374.7
0.0
184.9
0.0
163.5
154.9
126.1
254.1
168.5
83.84
0.0
97.68
155.5
352.8
33.33
126.6
231.4
243.3
283.0
110.2
156.6
210.3
139.0
182.9
0.0
312.7
0.0
156.4
215.0
228.9
153.3
184.2
130.6
178.7
306.9
0.0
261.7
549.6
26.27
336.4
132.3
167.4
7.287e-06
235.8
211.4
66.76
258.1
130.3
8.732e-06
256.3
146.3
217.9
113.5
0.0
0.0
272.0
409.6
0.0
132.9
245.5
380.0
273.2
151.7
479.1
164.2
395.2
283.1
122.3
160.4
228.0
246.1
237.3
0.0
301.0
483.6
96.69
88.77
287.2
88.71
0.0
130.2
61.75
255.8
141.8
143.7
214.5
215.6
178.7
500.9
64.42
213.3
142.2
207.0
0.0
223.7
1.25e-05
364.0
0.0
231.0
469.6
111.9
506.5
0.0
242.5
103.9
386.9
200.9
270.5
386.8
157.1
13.37
73.24
335.0
349.8
139.1
159.7
210.8
168.9
81.07
0.0
187.1
194.8
180.9
0.0
144.5
344.7
311.5
110.8
100.9
272.7
177.8
131.2
276.1
186.1
41.08
322.5
261.5
10.09
0.0
167.2
258.2
160.0
279.0
177.3
354.7
293.8
288.7
92.34
19.38
346.1
252.4
121.1
105.9
482.8
387.9
127.2
139.5
561.8
189.4
72.32
518.2
175.9
337.0
81.07
30.68
202.3
119.6
221.0
0.0
240.0
141.2
0.0
166.4
262.9
150.1
318.0
262.3
236.6
135.3
231.1
210.3
6.914e-06
239.7
121.1
204.4
194.3
293.9
155.1
148.9
28.41
194.6
111.4
135.7
495.7
90.17
260.0
142.2
299.5
389.2
282.5
149.0
113.4
159.5
229.5
142.6
0.0
0.0
225.8
382.4
171.1
238.5
241.6
0.0
226.9
466.1
179.4
174.1
217.6
226.8
119.2
68.7
138.7
272.8
208.6
1.478e-05
348.4
112.1
202.2
505.6
181.4
179.3
515.1
12.35
0.0
83.2
548.3
176.0
208.4
0.0
216.4
24.52
343.5
342.6
529.2
0.0
109.0
241.6
250.5
332.8
81.76
0.0
276.3
109.7
163.7
109.4
211.8
244.9
124.0
192.6
0.0
116.0
257.8
236.7
135.7
172.7
179.0
82.05
419.8
235.3
132.1
247.3
198.0
263.8
226.9
0.0
169.6
100.6
79.05
91.22
56.17
239.9
264.7
0.0
283.9
232.5
140.0
188.5
0.0
103.9
368.1
190.6
198.9
373.6
87.67
142.2
66.03
182.6
115.0
312.6
271.9
173.9
255.5
319.3
144.9
156.4
642.5
211.4
189.4
198.9
131.0
0.0
0.0
258.1
184.9
208.0
147.8
125.5
120.3
8.397e-06
116.7
102.6
101.6
256.0
134.0
6.855e-06
164.3
201.9
281.6
180.2
176.2
0.0
205.2
225.6
0.0
443.2
28.39
377.4
262.5
294.3
300.5
155.9
272.2
213.0
147.1
38.57
87.86
282.1
549.7
119.4
341.7
437.0
234.5
291.3
193.2
155.7
258.6
486.8
226.5
241.2
0.0
158.2
139.9
542.0
225.0
235.7
306.0
166.0
203.4
225.1
77.42
215.3
471.5
50.56
531.9
151.4
0.0
0.0
0.0
283.1
207.6
311.5
111.8
244.5
215.2
196.3
218.8
498.4
124.9
176.2
192.0
197.1
126.7
199.2
0.0
274.4
215.5
285.9
285.3
198.4
0.0
280.5
114.9
0.0
152.8
152.5
270.3
195.1
150.8
233.4
250.8
449.0
58.16
591.9
340.9
315.6
178.4
340.7
109.5
200.3
313.7
304.7
202.2
215.9
62.01
0.0
249.3
227.7
118.9
161.3
183.1
153.6
137.3
264.7
0.0
75.62
412.2
136.1
431.4
207.0
248.3
232.8
143.7
501.0
237.6
233.0
252.1
231.0
132.2
342.2
398.4
217.5
164.2
306.1
386.3
303.1
181.1
149.8
334.2
87.98
17.0
125.0
515.7
365.5
136.9
218.9
34.96
48.09
225.3
162.1
211.0
255.7
222.5
90.61
283.2
253.8
176.3
256.3
0.0
301.6
439.4
261.3
141.4
241.4
175.7
150.6
156.4
183.3
328.0
47.9
57.1
0.0
423.0
0.0
134.9
159.0
235.1
225.9
90.17
175.7
236.9
161.8
212.9
492.1
159.6
127.7
210.2
0.0
248.8
258.5
0.0
233.7
0.0
157.1
244.2
144.4
288.4
193.9
0.0
172.6
130.2
75.62
101.5
0.0
139.3
290.5
214.5
238.7
223.0
225.0
208.4
423.1
234.3
216.0
224.4
0.0
293.5
175.0
151.3
262.1
52.08
0.0
515.7
214.9
80.55
134.0
630.4
142.4
185.1
155.0
15.9
212.6
133.5
213.0
270.7
0.0
154.3
216.0
0.0
527.6
127.7
321.1
308.8
176.8
160.9
328.2
165.6
193.8
121.9
154.7
0.0
177.8
109.0
289.6
440.8
443.8
129.4
368.0
344.5
129.0
113.1
225.1
429.4
164.5
275.8
0.0
102.6
157.8
269.4
178.3
183.1
256.0
252.4
76.59
338.2
114.0
218.0
1.928e-05
598.6
206.9
16.07
0.0
324.2
160.0
124.6
0.0
152.5
244.2
164.9
123.5
196.9
116.5
147.5
300.5
90.27
182.5
0.0
0.0
206.9
171.9
160.0
109.7
177.5
256.3
247.3
242.7
76.75
205.7
402.1
173.6
156.3
210.4
314.7
280.3
282.2
386.3
0.0
249.8
131.2
0.0
0.0
0.0
188.9
159.5
138.0
240.0
121.8
283.9
133.7
150.1
19.67
277.4
128.2
0.0
172.1
133.6
167.5
571.3
213.7
0.0
143.3
407.5
175.1
415.8
214.6
1.571e-05
240.6
468.9
121.7
288.0
124.5
368.1
0.0
200.0
0.0
244.0
228.8
182.1
0.0
77.3
204.3
278.6
303.9
298.2
240.3
344.0
146.2
150.2
148.5
51.08
283.0
155.7
304.0
253.9
237.3
162.7
42.08
229.8
460.4
213.2
3.18e-05
202.2
90.32
428.7
157.7
280.8
172.9
87.26
5.331e-06
520.4
116.4
65.67
379.0
326.6
96.52
252.4
390.3
0.0
296.2
161.8
368.8
167.4
240.8
24.13
209.7
188.1
199.7
167.5
190.6
207.6
165.4
123.7
141.4
196.5
483.9
114.0
173.1
0.0
229.2
76.65
174.8
228.9
158.4
118.7
199.9
425.5
0.0
161.6
562.8
104.3
281.8
1.07e-05
99.38
144.9
244.2
198.0
38.72
265.2
164.9
176.0
0.0
244.9
181.4
158.2
215.8
546.1
223.8
123.6
391.8
167.1
243.0
535.7
162.3
160.0
273.2
44.79
216.7
63.98
0.0
152.2
188.9
183.1
0.0
274.7
119.6
171.1
111.4
157.7
242.3
205.7
187.7
436.3
314.7
0.0
105.6
71.39
162.5
157.8
180.9
48.27
151.4
130.1
427.6
88.12
0.0
224.1
213.6
113.0
486.3
154.3
0.0
0.0
170.7
232.1
0.0
188.1
1.392e-05
472.5
0.0
0.0
191.5
193.1
0.0
196.3
0.0
326.8
129.3
141.7
22.74
0.0
162.9
115.1
282.2
178.3
231.2
414.5
258.3
185.9
207.4
155.2
149.1
187.7
591.1
167.2
194.3
164.3
190.8
136.0
0.0
224.4
93.19
165.8
274.1
139.3
6.258e-06
210.0
459.9
320.0
261.8
0.0
90.59
167.4
158.5
0.0
205.7
189.9
184.0
380.2
218.9
180.2
529.9
74.7
73.34
0.0
33.31
157.5
181.2
173.6
157.5
224.4
115.4
469.5
155.5
323.2
17.0
338.1
472.2
0.0
453.4
239.8
294.5
158.9
256.0
211.4
249.4
229.9
0.0
2.222e-05
225.0
98.47
142.9
137.5
271.0
121.6
305.4
322.5
212.4
169.1
98.82
194.8
211.3
295.8
0.0
215.7
239.7
151.6
0.0
0.0
428.2
519.1
198.0
0.0
178.7
306.6
0.0
0.0
0.0
156.6
0.0
255.1
394.6
78.88
475.9
68.51
194.9
260.8
47.0
276.6
215.7
151.7
236.4
77.38
155.8
189.8
125.6
5.126e-06
0.0
143.6
219.8
170.5
100.6
0.0
0.0
255.5
139.9
154.7
160.3
539.0
477.4
131.3
0.0
178.7
92.66
215.0
145.5
83.69
309.9
331.0
210.2
180.2
392.3
405.8
0.0
146.7
0.0
188.6
0.0
487.8
157.0
280.7
8.259e-06
208.5
110.3
254.9
313.5
98.81
457.3
166.8
140.5
148.1
557.2
334.2
176.3
125.5
588.6
387.1
93.15
505.8
127.9
154.1
294.3
438.9
110.8
0.0
230.5
0.0
271.1
0.0
162.3
0.0
2.166e-05
184.5
195.5
176.1
334.7
205.0
303.8
171.3
161.4
297.1
0.0
0.0
223.3
154.3
363.7
237.7
238.9
412.2
602.6
245.0
0.0
499.8
142.2
204.7
162.5
573.2
206.0
0.0
205.9
476.8
132.8
0.0
89.11
257.1
81.93
191.0
93.91
262.1
116.9
5.841e-06
200.6
193.8
187.7
323.6
199.5
342.0
160.0
310.5
187.7
147.4
276.4
239.0
93.45
0.0
0.0
357.6
70.29
122.2
0.0
225.6
262.0
114.5
178.0
0.0
226.9
58.46
206.1
243.2
185.6
196.5
265.2
0.0
202.4
0.0
24.52
356.5
304.1
216.4
150.5
119.4
199.0
0.0
3.874e-06
179.2
47.57
180.9
304.7
180.5
529.1
563.6
280.5
94.84
163.7
332.1
93.45
224.3
178.3
217.3
167.5
289.8
66.76
167.7
127.5
137.7
101.1
170.8
207.4
90.1
54.2
133.9
253.8
342.4
7.808e-06
85.11
404.4
573.1
120.8
152.6
58.2
0.0
295.4
125.2
155.9
205.8
176.1
391.4
108.2
94.8
39.36
245.0
137.7
19.73
23.42
151.0
152.1
215.6
0.0
353.8
165.7
454.7
454.9
138.3
160.4
134.5
94.8
187.7
249.9
249.3
235.8
203.9
249.1
632.6
0.0
0.0
42.77
286.9
207.4
136.4
132.7
235.1
197.5
187.7
525.4
261.6
193.2
249.2
191.4
159.5
84.9
101.4
462.7
298.6
78.76
166.6
289.7
445.1
512.4
142.4
1.478e-05
2.158e-05
196.1
151.0
153.2
194.0
270.7
463.2
98.68
257.4
149.7
129.6
209.0
101.5
0.0
255.8
427.5
176.2
314.0
229.8
129.4
200.9
170.0
143.8
0.0
217.9
257.4
272.2
469.7
63.98
414.8
0.0
255.9
0.0
493.6
149.7
203.3
323.2
214.8
250.9
163.5
296.9
320.6
187.9
138.9
132.2
248.4
208.7
173.6
0.0
135.3
228.9
228.5
168.6
193.7
138.4
126.1
103.1
155.1
178.5
1.8e-05
146.6
190.4
0.0
14.94
229.5
241.6
278.3
0.0
161.4
311.3
0.0
21.75
64.83
215.3
258.6
179.7
387.9
485.7
441.1
135.7
200.1
533.4
196.5
377.7
0.0
509.7
271.4
283.1
213.6
0.0
134.6
194.9
112.7
251.7
257.3
194.8
244.2
407.4
368.9
152.5
153.5
101.4
319.3
476.4
0.0
195.3
257.2
115.6
485.7
257.2
383.8
451.7
38.29
304.7
306.2
75.56
158.6
226.3
178.4
167.8
216.0
200.8
349.9
186.7
148.0
262.3
34.75
0.0
515.5
46.27
0.0
113.7
151.8
142.3
182.1
226.5
127.2
0.0
218.5
159.3
429.6
344.0
218.1
99.09
106.6
0.0
162.2
169.8
185.5
170.1
465.4
181.1
176.2
110.0
99.47
0.0
122.1
209.0
397.6
602.7
228.0
221.1
102.1
238.9
253.0
324.2
216.9
555.0
336.6
165.3
0.0
186.6
335.7
332.9
189.5
219.1
150.8
229.6
234.8
230.2
233.0
286.6
153.7
270.4
391.9
68.18
167.1
218.8
382.2
261.8
0.0
128.5
467.2
475.9
131.3
370.5
82.11
201.6
487.6
78.52
81.55
193.2
189.3
0.0
161.8
153.8
58.92
152.2
321.7
377.7
154.6
191.8
171.1
534.5
112.4
440.8
202.5
0.0
369.6
335.3
90.8
150.2
102.7
185.3
239.2
146.9
146.9
204.4
289.7
236.6
390.1
345.2
143.5
462.6
112.0
159.4
234.6
317.0
203.1
144.0
0.0
271.6
332.6
0.0
1.562e-05
127.5
116.0
0.0
385.1
487.0
388.5
143.4
209.4
194.3
487.4
173.8
155.7
132.8
193.8
613.0
170.8
206.8
332.8
0.0
168.0
213.2
571.0
147.6
197.8
88.87
165.5
149.7
207.7
224.9
1.113e-05
121.9
114.9
0.0
205.5
562.5
0.0
241.2
0.0
391.8
0.0
51.57
263.6
166.1
176.1
173.4
110.8
0.0
124.1
143.6
143.0
0.0
262.9
242.5
70.19
228.7
311.8
527.1
0.0
223.3
0.0
223.9
103.4
239.1
168.8
154.4
127.4
394.9
0.0
155.8
170.1
0.0
227.4
271.0
529.0
132.9
90.32
389.6
0.0
200.4
113.5
25.92
168.5
120.3
159.5
296.5
259.7
176.0
80.16
308.0
164.2
125.4
117.7
225.9
175.1
278.3
147.7
0.0
14.92
268.7
123.6
0.0
158.1
329.6
0.0
484.2
61.5
1.092e-05
250.6
130.6
121.0
202.2
82.29
380.1
299.4
0.0
389.9
254.5
15.84
268.1
127.5
262.0
217.5
344.9
124.2
234.3
222.5
93.91
159.3
378.9
94.04
410.3
130.2
591.5
175.7
170.4
209.8
0.0
114.9
131.7
346.5
294.6
59.94
332.3
402.5
1.562e-05
243.1
175.5
283.9
218.5
144.3
288.9
139.6
329.1
222.3
272.6
123.0
231.3
0.0
106.1
449.1
0.0
199.7
179.2
186.2
21.75
179.3
238.9
176.9
160.6
290.1
399.0
142.2
511.0
93.15
256.9
272.3
131.9
173.9
87.86
145.2
199.5
148.2
93.0
301.4
220.0
364.4
262.9
468.8
0.0
219.1
241.3
207.6
1.195e-05
518.9
208.9
285.4
169.1
475.4
28.41
344.6
223.2
151.0
0.0
164.8
225.1
187.1
329.6
176.8
180.9
218.1
495.9
189.4
236.9
0.0
291.4
488.9
188.8
153.1
503.0
183.4
491.3
121.0
80.16
373.1
424.9
148.1
4.768e-06
139.7
0.0
0.0
152.6
487.2
292.6
254.9
155.6
331.3
67.8
160.4
201.9
131.2
185.8
153.2
235.6
458.1
173.4
0.0
0.0
283.0
7.287e-06
220.5
482.8
240.3
337.0
499.2
271.8
201.3
172.2
154.1
109.7
40.11
292.6
155.6
245.8
175.8
226.8
225.9
305.4
156.2
8.732e-06
529.5
417.8
122.2
0.0
177.4
220.7
0.0
36.13
176.3
209.4
241.6
167.8
174.6
273.8
0.0
328.2
228.4
0.0
204.8
310.5
331.0
209.0
0.0
96.72
290.8
241.7
145.4
217.5
140.1
149.4
0.0
169.7
204.2
121.1
109.7
321.3
117.5
147.7
218.5
0.0
189.8
325.1
589.6
402.0
147.3
223.5
346.5
128.7
497.3
237.7
164.4
193.0
205.9
223.0
150.8
192.6
273.0
111.9
203.9
453.7
266.1
282.0
252.0
263.8
249.9
119.4
217.3
409.7
0.0
123.4
310.8
1.31e-05
351.4
0.0
68.7
125.8
141.7
261.7
0.0
132.0
339.6
151.4
149.7
487.2
549.6
138.3
169.9
38.57
126.2
0.0
0.0
233.5
0.0
482.6
82.98
17.68
0.0
332.9
65.67
255.6
101.2
127.0
0.0
264.3
120.7
0.0
472.9
216.3
0.0
399.3
0.0
623.9
166.6
422.8
225.3
255.8
192.7
141.4
145.0
162.6
434.2
95.26
158.4
0.0
199.3
247.3
0.0
172.3
230.2
262.3
514.5
153.5
242.5
0.0
0.0
106.3
153.3
191.7
184.0
100.6
0.0
472.0
181.0
0.0
146.1
222.8
134.6
169.1
167.3
502.3
122.3
434.9
153.4
0.0
483.7
128.6
121.0
143.4
0.0
166.6
199.7
122.4
126.2
481.5
252.4
131.7
172.6
0.0
191.5
290.2
126.7
176.9
145.0
3.517e-06
476.0
197.4
442.5
532.2
209.7
192.4
218.8
203.5
221.2
0.0
356.6
51.75
121.7
168.7
624.1
233.4
105.9
0.0
87.91
125.8
146.7
214.5
185.9
590.6
162.3
238.2
0.0
198.9
196.8
73.22
393.8
102.5
147.7
174.6
331.5
324.2
129.6
225.0
272.0
45.57
586.1
57.53
74.69
244.0
121.2
281.7
128.5
532.9
158.1
184.6
209.3
321.8
215.9
142.0
2.259e-05
214.0
1.067e-05
148.9
76.75
137.9
199.7
0.0
87.79
516.6
128.6
217.3
81.14
195.4
557.2
178.5
65.31
1.204e-05
165.4
197.7
326.8
228.0
166.0
480.4
492.7
111.3
0.0
207.1
173.1
231.3
173.1
632.6
1.877e-05
183.7
154.6
238.2
281.2
132.0
0.0
241.4
125.7
269.4
457.1
56.31
73.66
161.7
84.3
419.9
175.5
198.9
106.1
397.6
312.2
285.3
0.0
274.0
1.613e-05
352.2
119.4
117.9
406.6
179.6
148.4
112.4
124.0
103.1
1.496e-05
0.0
326.7
92.74
97.93
313.6
0.0
209.5
197.7
130.7
0.0
3.517e-06
231.1
145.8
123.6
312.6
315.3
99.42
182.7
239.3
0.0
199.3
218.2
403.2
185.5
0.0
289.8
138.8
150.3
171.3
229.6
327.3
141.1
404.2
145.4
119.0
442.5
244.8
0.0
157.8
178.1
140.3
220.1
633.4
0.0
200.6
93.07
136.6
62.88
180.9
275.9
127.7
248.6
0.0
0.0
490.3
447.2
497.1
205.8
0.0
182.1
235.8
198.8
15.93
205.6
247.4
96.96
0.0
395.4
206.2
431.4
304.4
175.5
130.7
273.4
144.9
116.7
95.26
178.3
294.5
321.3
304.1
197.4
167.8
207.0
168.2
0.0
0.0
202.4
86.62
0.0
0.0
459.4
324.5
189.4
0.0
373.6
37.91
167.7
473.5
0.0
194.2
18.34
260.5
0.0
477.7
207.4
0.0
165.0
80.68
257.6
231.2
132.4
181.4
124.1
256.0
217.7
213.7
127.2
299.6
476.8
112.7
259.8
159.7
123.6
174.4
95.2
244.9
118.8
238.6
424.2
395.2
184.2
136.1
264.3
118.1
102.3
157.6
181.0
164.6
226.9
191.4
40.83
387.1
365.7
192.8
445.1
198.3
136.3
0.0
0.0
167.5
151.0
133.4
214.5
172.3
205.7
375.9
323.2
212.4
161.1
151.6
318.4
199.5
200.1
192.9
146.3
371.6
108.8
332.4
138.4
0.0
280.9
208.0
483.6
0.0
0.0
402.0
507.0
0.0
205.6
245.1
48.74
380.9
98.69
155.7
280.3
276.5
0.0
224.2
243.9
0.0
469.8
0.0
472.9
0.0
0.0
71.88
110.8
225.3
0.0
0.0
164.6
266.0
0.0
0.0
148.4
164.2
360.2
269.3
487.4
559.1
133.5
283.6
103.7
0.0
253.3
484.8
530.6
192.2
270.2
456.3
499.5
200.8
138.3
184.0
62.51
166.8
143.2
157.1
102.5
533.5
322.8
145.8
176.8
195.4
25.92
46.06
197.4
168.0
104.0
341.4
0.0
174.4
184.6
155.1
72.51
199.7
209.8
116.1
149.8
136.9
144.3
331.0
149.9
449.9
124.6
0.0
210.7
312.3
212.2
342.0
210.9
233.7
211.4
98.47
288.2
121.1
222.8
508.2
143.6
137.1
148.4
29.46
516.7
128.2
252.1
127.9
206.8
120.8
225.6
126.8
132.7
145.4
172.5
163.3
171.2
349.2
202.6
409.1
191.3
64.42
198.9
0.0
0.0
0.0
38.28
565.4
461.7
0.0
166.6
0.0
163.9
98.2
293.2
0.0
257.7
209.7
157.1
239.8
539.4
151.3
463.3
0.0
177.4
270.9
369.1
378.1
90.55
156.2
0.0
267.0
155.3
210.0
50.78
377.2
153.1
126.5
146.7
266.1
468.1
203.8
410.3
0.0
0.0
196.5
0.0
125.5
288.3
260.8
270.5
184.6
158.3
166.0
173.4
403.0
0.0
128.2
0.0
391.2
156.6
132.2
248.0
0.0
263.7
270.5
202.0
79.12
326.2
382.1
402.2
222.8
121.1
498.0
201.3
0.0
105.6
181.7
294.3
2.861e-06
145.1
221.8
352.8
197.1
213.1
162.8
311.8
81.72
99.84
0.0
68.23
0.0
0.0
161.7
0.0
411.8
178.7
187.3
302.9
164.1
175.5
249.1
227.0
119.7
65.69
160.5
90.98
352.0
0.0
372.5
6.407e-06
7.316e-06
329.6
126.4
284.5
124.9
332.9
449.6
141.4
207.7
93.77
217.4
131.3
414.8
0.0
290.8
145.7
37.85
418.4
478.8
407.5
206.7
164.5
169.7
107.7
167.9
299.4
184.2
100.5
70.02
471.1
225.0
199.5
198.7
130.6
330.1
160.0
238.9
0.0
78.07
0.0
115.3
508.6
282.1
0.0
313.3
219.0
439.8
167.8
294.8
162.7
299.9
156.0
218.6
143.7
218.9
0.0
167.0
248.0
77.32
101.7
108.7
473.3
227.2
114.2
0.0
259.1
0.0
189.0
0.0
183.4
0.0
458.9
278.3
259.3
217.5
172.5
215.2
204.0
301.2
199.5
190.1
130.1
280.9
68.73
201.8
274.6
340.5
296.2
232.4
171.1
170.6
75.25
296.5
194.7
0.0
74.35
0.0
106.9
207.4
123.4
0.0
197.3
167.5
67.34
233.5
90.31
430.7
650.3
0.0
471.5
53.78
0.0
166.4
135.3
89.72
136.7
389.1
252.9
142.0
0.0
198.9
246.5
348.4
136.8
178.6
0.0
125.4
181.6
217.5
179.0
0.0
476.4
115.7
139.4
168.4
0.0
197.5
303.4
315.4
155.8
229.0
401.1
169.1
41.9
559.3
285.2
103.6
211.0
209.9
0.0
441.1
433.3
299.2
0.0
101.0
0.0
208.1
0.0
216.1
299.3
211.8
348.7
449.5
70.19
84.76
170.2
0.0
185.3
126.9
0.0
161.3
449.2
483.7
173.4
430.7
203.8
51.0
197.6
359.8
0.0
0.0
221.0
189.4
208.1
1.392e-05
294.5
218.8
0.0
404.4
461.4
96.86
261.5
213.6
92.65
146.0
440.1
253.3
0.0
644.7
360.6
75.78
233.2
522.9
98.91
191.3
265.4
123.1
226.5
313.5
0.0
228.4
245.1
254.4
322.8
193.8
276.4
190.2
181.0
148.9
483.9
271.2
211.7
0.0
405.8
66.1
113.4
175.9
154.0
199.9
0.0
199.3
133.1
174.3
595.4
0.0
211.2
200.8
105.5
235.2
293.9
139.3
0.0
92.72
459.5
366.0
0.0
0.0
0.0
201.3
176.1
262.9
0.0
255.3
194.1
198.4
469.5
189.4
0.0
43.95
316.6
192.7
133.1
14.22
51.48
242.9
310.9
0.0
275.4
540.9
99.47
260.7
227.7
0.0
68.89
431.4
195.1
187.3
123.5
173.8
232.5
111.4
249.2
361.6
186.4
517.6
0.0
107.6
42.56
100.8
0.0
139.7
207.4
576.9
386.6
0.0
0.0
247.3
0.0
80.55
187.3
153.5
148.0
0.0
588.6
184.5
332.1
288.2
116.1
255.7
144.3
186.8
460.8
