569.3
553.2
630.8
458.6
417.2
569.2
465.6
488.3
303.5
632.5
623.3
608.5
470.2
689.2
482.5
648.1
522.8
594.5
501.7
577.7
415.0
451.4
465.8
349.5
353.9
574.9
415.0
550.2
494.0
564.5
660.7
441.0
422.2
660.3
413.8
668.5
330.7
582.2
404.6
673.4
566.5
521.9
517.7
498.9
729.7
702.8
709.4
467.1
406.3
498.4
596.6
668.4
488.2
558.3
449.9
446.1
588.3
416.0
368.5
577.2
606.9
443.1
564.0
617.7
513.0
588.4
236.7
533.8
548.4
658.9
586.5
549.5
698.0
659.2
603.6
571.8
363.7
485.8
584.0
441.6
611.5
584.8
572.4
377.6
444.2
554.1
576.6
357.9
585.1
577.5
618.1
590.8
503.7
607.8
656.3
388.4
514.5
450.5
653.9
595.1
571.0
227.2
313.2
611.4
571.3
526.4
433.2
271.6
521.2
471.6
582.6
515.5
558.2
616.3
768.0
572.3
557.7
550.9
539.3
376.2
556.8
748.5
560.4
495.2
642.9
497.0
609.3
383.2
390.5
596.3
458.0
521.9
352.6
563.2
533.7
589.4
356.3
451.8
654.7
576.5
539.7
553.0
596.1
73.97
554.7
555.9
654.1
673.8
364.3
525.8
342.8
378.0
339.0
419.9
539.9
472.5
482.9
599.7
461.8
620.8
721.7
538.0
396.6
404.6
434.3
692.9
415.2
554.3
586.2
518.0
488.4
488.2
415.5
648.7
559.2
369.5
490.0
586.5
428.3
244.8
525.7
473.7
594.0
553.6
342.1
565.3
566.7
700.0
485.2
621.5
470.2
544.7
454.1
723.5
612.3
584.2
428.3
663.5
624.1
473.8
222.7
525.6
565.6
540.7
550.8
421.7
313.1
694.5
445.9
536.0
525.8
460.0
622.8
623.0
519.4
456.3
699.5
378.0
617.6
563.4
576.8
327.0
641.0
471.7
513.2
556.6
533.4
501.8
564.6
570.7
426.4
538.7
510.0
436.8
672.9
526.2
527.8
608.4
660.4
526.0
587.8
398.7
570.0
587.8
652.9
555.6
594.3
363.1
505.9
344.8
657.2
434.6
346.5
493.3
695.9
464.6
130.1
321.7
541.0
453.7
628.9
112.7
714.1
516.1
557.8
494.6
509.8
570.1
511.7
385.3
715.0
580.0
412.8
704.7
644.2
629.4
586.6
495.2
491.7
286.1
638.0
627.6
738.3
542.9
380.0
598.3
629.1
598.1
712.2
531.4
584.7
572.9
339.4
574.1
509.6
571.0
475.4
604.1
560.4
486.8
519.1
516.8
544.8
628.0
344.7
720.9
613.3
540.3
506.5
617.6
436.9
348.8
121.6
532.5
629.0
571.2
356.7
638.3
587.7
533.7
479.7
643.2
610.5
469.2
603.8
370.0
387.1
519.2
768.8
574.3
525.5
594.2
420.7
252.2
340.4
561.2
466.2
455.9
540.2
543.7
326.9
665.1
534.1
653.4
718.6
623.7
561.2
574.3
550.8
308.3
622.8
579.8
388.8
545.4
469.8
498.0
561.2
584.6
603.5
345.6
464.8
536.1
802.0
424.3
623.9
631.8
690.7
531.9
555.1
347.7
540.8
511.1
658.2
657.6
675.2
428.8
505.8
308.6
524.9
585.0
379.9
563.7
609.8
436.0
519.5
405.4
317.2
563.5
601.2
396.2
527.9
512.7
578.3
528.6
557.8
470.4
242.0
544.5
656.4
478.9
797.7
294.0
520.3
399.1
555.6
561.6
729.1
521.2
591.8
486.0
574.5
607.6
508.5
548.7
308.7
531.9
596.2
547.7
427.7
525.2
480.5
469.3
503.1
528.2
461.7
501.9
548.2
448.4
265.4
693.2
575.9
444.0
605.3
545.7
435.9
352.6
545.6
602.1
392.9
643.5
686.7
283.9
444.4
488.1
483.9
583.7
579.7
482.2
395.0
520.7
593.6
577.6
488.9
611.0
617.2
513.3
713.4
486.8
636.0
587.7
622.5
751.5
946.8
654.8
497.4
428.9
481.2
544.1
454.5
542.7
709.2
438.8
463.3
535.9
713.6
686.6
520.6
513.3
550.2
522.9
662.7
587.4
411.3
462.8
717.1
381.4
512.5
404.3
419.6
650.5
549.3
503.3
389.1
288.2
685.3
640.8
620.0
433.5
724.8
443.7
200.5
546.1
268.1
513.8
941.5
544.7
649.0
526.5
556.7
456.6
502.7
750.8
666.3
628.1
603.9
521.3
465.1
500.4
553.8
354.8
632.6
487.2
596.7
585.7
566.7
544.1
496.0
523.5
466.6
717.8
261.1
774.8
492.1
557.1
562.4
641.6
300.0
512.2
633.4
425.2
437.3
462.1
615.8
593.5
592.8
472.6
500.9
475.0
530.8
570.3
567.9
613.3
630.2
533.6
510.0
596.1
489.7
534.1
503.4
495.7
657.1
513.5
546.1
509.1
622.5
579.6
499.9
609.9
359.7
466.3
602.5
496.3
428.8
499.7
508.7
293.2
455.9
577.2
448.9
680.5
520.4
554.8
496.3
575.9
609.7
444.5
528.2
520.8
454.2
513.3
441.3
584.8
397.1
637.4
455.6
716.7
436.4
576.4
661.7
586.0
396.9
607.3
555.4
576.8
524.3
668.1
494.2
416.4
522.6
530.4
586.6
563.4
516.9
565.3
145.8
701.2
539.0
626.2
577.8
578.2
411.0
291.0
414.0
441.4
644.7
525.8
495.5
657.7
552.9
395.8
524.0
528.9
311.2
335.2
587.2
609.0
606.9
485.1
628.7
516.3
577.4
601.0
678.1
620.2
320.9
378.0
522.3
532.1
543.7
611.2
635.3
302.0
469.0
691.6
517.7
588.2
623.3
398.2
566.5
496.8
526.1
472.5
675.4
522.6
534.1
735.0
758.4
733.6
456.5
556.7
527.3
569.0
409.3
673.8
742.0
522.4
474.4
376.4
507.0
432.9
600.7
475.6
539.2
500.4
474.7
621.0
601.0
426.2
656.8
535.0
484.3
592.6
496.9
521.5
636.2
620.0
428.3
505.1
526.3
623.0
602.9
577.9
848.0
516.8
553.4
525.0
552.3
538.4
415.7
681.0
508.9
577.5
629.3
520.5
387.3
530.3
368.1
544.3
391.8
438.8
525.1
453.8
602.9
584.6
396.9
495.4
527.6
528.4
548.2
298.5
615.4
574.9
716.4
499.1
597.1
518.3
515.9
794.9
531.9
433.9
689.8
607.6
493.3
311.8
520.7
485.6
620.0
599.2
655.1
401.5
548.4
626.5
574.3
506.5
268.1
530.6
467.9
415.5
263.1
545.3
561.0
649.5
458.3
509.3
405.6
623.2
415.8
762.0
501.5
534.0
604.0
538.4
352.1
507.2
555.5
519.0
537.8
568.8
287.1
489.4
420.3
579.2
616.8
404.7
558.3
693.8
510.6
360.3
321.9
483.9
466.1
450.2
544.4
540.8
600.3
462.1
629.7
450.7
543.1
737.8
485.8
460.0
584.3
562.2
445.6
441.6
576.8
490.6
495.7
580.3
472.1
333.1
710.8
501.7
649.2
501.4
606.4
451.7
575.3
516.4
659.5
662.3
570.6
646.8
534.0
517.6
488.0
590.0
607.7
442.7
765.8
735.8
434.3
480.9
455.5
540.1
538.8
555.7
469.7
575.6
493.5
414.5
634.2
519.6
533.6
594.2
697.3
836.6
670.2
273.3
566.3
630.7
429.6
469.0
439.5
428.4
522.5
577.5
600.3
514.2
558.4
444.0
298.0
578.2
645.8
445.6
289.1
525.8
407.5
604.9
513.4
649.5
392.7
527.7
564.3
617.1
565.9
281.5
352.7
393.1
517.3
232.3
514.3
475.3
482.7
495.8
493.0
396.2
596.3
562.6
501.4
648.5
765.9
579.4
507.5
725.3
545.5
540.2
525.1
651.2
553.4
639.3
592.7
390.8
543.8
533.7
316.6
715.8
416.6
220.7
673.3
490.1
548.5
269.1
617.8
630.8
592.4
454.1
541.4
632.3
642.9
399.7
518.3
465.9
465.9
417.7
361.7
498.5
543.6
496.2
488.0
359.7
425.6
477.8
598.5
646.8
513.9
533.5
507.6
406.4
562.7
564.9
735.5
632.9
564.4
655.9
580.5
527.6
595.6
608.3
656.1
444.6
581.7
518.3
446.6
492.8
340.2
504.8
464.9
513.2
488.0
555.8
642.7
471.8
475.4
334.4
475.0
488.1
682.8
554.5
498.9
410.7
545.0
519.1
445.7
544.5
435.4
655.7
519.9
619.0
696.1
567.0
554.8
661.6
461.8
562.5
552.1
670.3
678.8
385.7
607.2
492.2
590.1
612.3
543.9
518.2
342.1
525.8
578.6
547.6
507.3
669.9
479.6
529.9
358.6
647.1
531.3
437.8
603.2
520.4
598.5
632.6
523.6
544.0
679.1
613.9
557.1
588.2
512.4
620.3
605.8
557.2
566.8
355.7
593.5
599.6
616.8
652.4
487.6
567.1
573.7
509.0
538.9
500.1
591.6
542.7
687.8
476.0
640.1
674.6
522.7
570.9
635.2
491.5
731.5
503.0
430.0
595.1
530.7
778.7
579.9
487.6
497.2
383.4
647.5
524.3
621.4
590.4
486.5
537.0
450.5
294.6
391.9
592.4
523.3
608.1
565.0
593.9
487.2
408.1
574.6
564.0
540.7
547.4
310.4
586.1
522.4
404.0
668.9
334.2
635.3
499.4
558.7
627.8
597.3
534.2
411.5
643.9
678.1
692.7
624.5
296.1
391.7
653.1
583.5
631.2
505.3
329.1
536.1
582.7
572.0
457.0
589.2
616.7
406.8
555.7
568.5
518.6
465.2
679.9
630.4
547.0
539.1
280.5
573.7
308.1
537.6
631.9
498.6
536.8
757.8
463.8
614.9
639.5
510.4
685.0
533.5
525.8
575.6
565.5
566.4
737.9
568.6
552.2
395.1
536.1
455.8
471.3
360.7
592.5
557.7
511.1
680.1
294.3
589.9
488.1
484.4
564.3
357.1
540.0
550.5
427.0
626.1
591.7
525.6
543.6
396.5
430.3
628.5
428.3
588.5
350.1
463.0
279.9
460.7
562.6
453.0
530.8
575.0
446.0
629.0
613.9
519.8
422.7
501.0
435.7
526.6
423.4
455.4
470.7
516.2
257.4
670.2
730.9
608.9
416.8
504.3
460.3
360.6
607.5
654.0
536.2
488.3
585.0
633.2
586.3
366.7
373.1
251.7
430.4
671.4
306.8
476.2
551.3
512.3
692.8
426.2
495.9
535.5
427.4
564.7
496.5
621.5
515.9
566.1
518.2
566.8
734.7
448.9
662.4
642.4
449.5
521.6
568.6
492.0
617.8
597.9
512.9
523.2
565.0
618.8
635.7
502.4
327.0
525.2
546.2
475.8
644.5
433.1
618.5
609.1
623.7
621.0
494.5
804.9
391.7
475.5
538.0
263.8
598.2
496.7
598.7
641.3
665.6
559.9
596.7
562.2
366.9
499.4
610.4
479.2
742.6
540.9
421.2
347.6
487.9
544.4
442.0
646.6
282.9
489.1
520.7
559.7
576.4
577.0
494.6
573.4
468.7
503.4
388.4
663.6
490.7
596.5
399.1
481.0
555.5
482.1
575.5
509.8
506.9
754.9
641.7
438.4
510.1
195.2
440.7
582.5
565.8
606.3
569.6
277.5
640.4
490.2
569.4
564.0
607.9
579.1
511.6
337.4
552.8
521.3
432.1
593.3
437.1
542.2
594.7
591.2
677.7
459.2
618.6
564.5
492.1
426.8
498.5
511.6
632.5
681.4
551.5
405.1
414.1
604.4
568.2
570.5
318.7
617.5
554.9
651.9
626.4
534.8
729.7
582.8
531.8
647.3
404.6
606.5
454.2
596.6
407.3
403.4
705.9
524.2
481.1
765.0
556.8
624.6
379.0
612.5
521.5
475.1
329.5
505.7
595.2
472.6
487.1
601.6
444.4
427.8
499.8
289.8
695.1
337.3
465.1
401.8
237.6
681.3
523.9
428.8
630.8
417.5
646.3
453.2
662.9
445.1
392.4
449.8
459.6
700.2
473.0
678.6
489.5
262.3
409.2
218.5
374.8
362.9
764.8
622.9
422.7
246.8
530.9
517.3
614.8
491.3
552.4
704.0
580.6
597.5
459.0
457.5
733.5
450.6
478.1
537.1
688.8
613.6
295.9
493.8
622.5
542.8
577.8
446.9
453.6
560.9
527.4
689.2
545.3
303.8
446.7
369.2
652.2
598.4
444.4
529.4
470.2
695.8
608.5
698.6
456.1
667.6
384.8
525.1
376.4
606.0
495.4
679.4
499.4
468.8
525.2
563.3
510.4
330.1
728.9
615.0
432.8
680.7
526.2
338.5
489.2
474.5
605.4
553.6
392.6
469.1
491.9
450.2
682.9
586.6
556.2
554.4
475.4
546.8
682.7
438.3
495.2
703.6
592.0
668.6
593.3
624.5
468.9
388.1
423.2
501.2
392.4
626.4
827.1
588.5
566.5
638.0
411.6
545.8
737.7
483.4
516.8
694.5
552.4
547.9
243.0
647.5
417.7
445.3
379.0
496.4
530.9
539.2
532.3
325.0
543.2
504.3
416.1
574.7
627.9
407.6
572.3
631.1
635.9
597.5
443.5
504.7
595.6
573.8
642.1
702.7
422.7
556.4
744.5
581.2
225.9
558.2
449.5
455.7
638.7
646.7
536.4
676.0
622.9
675.4
247.4
396.9
455.2
652.9
487.6
480.8
799.5
490.6
594.8
599.9
382.2
781.2
456.1
383.4
481.2
497.2
503.4
579.6
