77.06
53.18
50.87
56.16
11.38
70.32
27.28
37.23
27.9
38.47
110.4
50.99
40.68
122.5
50.55
105.0
81.91
88.46
36.03
40.68
0.0
25.9
94.0
0.0
66.9
54.65
22.4
9.947
47.12
37.93
84.02
33.71
24.81
62.56
80.64
73.53
11.57
47.63
75.28
52.36
28.29
39.34
58.36
27.35
57.67
84.32
60.11
6.946
50.39
44.08
61.74
56.84
48.42
62.18
18.24
46.82
49.89
56.35
54.91
62.22
86.05
81.06
44.74
33.93
122.5
55.93
19.06
88.91
78.31
118.2
94.0
46.9
68.38
58.73
54.32
55.99
81.06
58.77
82.49
84.29
34.82
30.07
17.48
41.09
32.3
58.16
11.57
48.31
69.33
33.71
55.03
22.78
41.09
59.38
34.1
61.95
38.95
40.49
101.4
19.42
26.89
47.26
81.89
59.59
30.21
5.682
68.67
33.09
59.38
54.3
67.27
81.87
39.74
50.76
44.23
122.5
70.56
45.61
36.91
29.86
68.7
50.07
87.58
45.7
50.36
53.13
46.35
14.95
6.936
49.43
31.4
34.8
35.51
14.87
44.0
50.89
64.62
39.46
93.05
43.83
71.36
0.0
87.42
45.87
49.48
48.93
4.494
54.69
13.62
101.4
41.09
56.96
32.56
58.54
24.68
88.36
50.89
40.73
24.8
32.22
57.42
101.7
53.2
41.35
50.39
19.63
35.72
33.19
58.09
44.4
112.5
38.47
122.5
66.12
0.0
93.18
61.23
56.89
30.35
81.06
51.62
25.09
47.08
81.06
17.48
21.09
65.9
66.23
64.58
72.7
73.33
48.02
36.27
49.75
24.64
73.33
45.15
94.41
72.32
45.65
64.7
34.67
47.3
32.3
67.08
43.07
49.06
40.82
84.29
61.55
47.27
57.47
85.67
43.16
22.84
40.59
21.71
54.39
35.0
24.61
37.69
67.98
39.31
48.45
44.6
63.58
28.59
100.1
58.24
39.28
32.22
75.53
47.99
23.75
35.72
42.19
66.16
42.74
49.26
37.33
48.85
21.97
86.22
79.63
34.98
32.56
40.74
64.84
59.38
31.62
33.43
47.57
53.88
18.06
47.98
39.71
75.82
63.92
61.57
38.59
30.32
26.75
48.99
41.34
69.71
52.55
61.69
48.68
32.24
55.09
24.25
3.969e-06
36.91
49.4
67.23
86.44
2.791e-06
86.48
94.0
52.76
54.0
40.86
45.38
64.54
22.52
57.06
27.77
57.0
65.95
44.84
51.3
40.96
27.35
44.6
48.36
30.51
46.96
94.0
73.08
49.8
43.05
65.11
33.29
79.95
6.38
32.3
55.38
48.56
50.19
72.68
34.65
67.47
52.84
48.89
18.74
39.59
51.5
41.68
46.82
48.42
55.29
69.83
55.67
30.98
24.16
48.89
60.11
41.52
97.24
44.75
126.6
37.89
75.21
66.48
46.21
44.4
49.1
58.85
35.01
84.19
80.64
48.31
54.57
36.38
13.62
26.18
76.56
36.13
51.29
35.02
47.12
54.61
0.0
52.5
68.39
95.07
59.38
44.89
22.5
60.94
0.0
34.59
75.22
51.61
51.29
41.96
0.0
54.57
13.37
46.15
101.2
48.52
38.47
53.59
58.95
45.36
35.51
30.93
61.57
13.3
14.91
51.95
0.0
71.18
103.5
45.57
40.68
39.57
48.15
48.93
94.41
52.45
50.75
47.83
38.72
44.73
37.91
68.31
54.34
36.71
55.34
60.96
44.69
21.88
58.2
52.16
24.81
66.12
34.65
40.54
103.9
108.9
29.21
69.18
48.95
112.5
42.98
141.6
72.87
63.93
30.93
18.46
57.19
35.06
26.4
23.94
53.71
43.48
13.97
29.47
53.61
59.04
45.61
39.48
54.83
43.53
43.95
104.6
64.8
77.1
84.29
61.48
51.84
102.8
32.73
66.61
110.7
49.34
46.82
14.91
45.83
20.03
30.85
49.42
41.25
62.11
47.12
55.41
47.05
17.78
88.83
48.52
35.82
88.98
13.01
36.29
67.12
32.95
59.23
68.83
29.69
108.7
58.8
49.28
34.48
87.43
59.16
50.36
18.11
64.63
70.04
34.31
35.66
40.38
48.85
52.38
71.22
86.56
112.5
47.79
61.9
57.88
50.85
87.43
40.54
36.93
59.74
66.88
54.37
43.6
87.43
71.6
49.86
36.91
46.43
63.78
62.26
48.14
72.63
40.67
40.44
48.85
46.07
62.35
49.49
47.9
6.761
54.06
23.04
33.29
47.82
66.17
41.54
65.35
48.68
46.31
34.73
25.0
20.06
73.36
73.72
54.37
27.98
50.51
41.87
57.85
45.61
6.38
51.38
57.06
74.67
105.4
64.51
15.51
33.05
35.47
52.85
53.25
58.47
155.0
48.08
81.91
68.69
81.91
18.68
69.37
40.69
58.3
58.36
0.0
48.32
43.49
52.78
50.07
41.01
47.13
58.2
44.16
42.0
78.09
48.68
49.01
79.04
57.32
42.68
49.18
48.04
49.48
146.8
38.09
21.31
50.61
27.9
48.93
25.54
47.48
56.2
40.86
54.65
15.3
41.35
46.1
53.18
39.34
57.42
14.29
59.38
103.8
25.8
45.68
54.12
48.52
49.03
61.74
40.57
43.09
15.36
25.09
52.25
58.96
38.29
62.84
34.14
49.42
74.05
87.43
50.24
83.38
11.16
49.82
46.99
52.51
38.93
71.56
48.76
49.76
44.16
62.87
80.13
56.86
141.6
59.76
41.19
43.69
55.49
30.5
73.41
55.86
64.27
41.77
38.9
49.23
57.1
39.77
60.68
81.91
122.5
69.37
44.66
44.47
48.47
29.9
66.44
36.27
55.25
25.88
50.08
102.4
48.07
62.59
75.22
53.32
52.6
22.19
80.18
87.43
56.04
44.1
38.5
33.05
49.77
65.95
54.45
13.11
42.2
54.83
41.77
33.91
48.81
51.18
122.5
44.69
62.11
157.0
55.79
33.59
33.36
33.58
69.71
56.99
3.969e-06
43.4
56.0
19.04
45.99
87.43
51.94
36.39
26.4
56.77
40.82
65.29
71.01
45.89
68.71
61.13
20.96
46.76
44.79
56.77
79.15
50.88
28.97
56.97
24.85
41.71
71.78
20.03
69.82
64.86
95.89
58.31
30.07
57.07
29.9
33.71
41.43
52.93
41.08
30.23
45.03
93.21
45.38
44.07
61.37
60.4
40.09
36.38
46.96
52.29
31.34
106.3
49.66
76.38
56.93
50.19
46.92
65.79
47.66
50.72
48.09
32.6
61.8
44.69
122.5
57.32
53.36
103.4
20.66
37.09
58.34
45.44
74.07
121.7
35.29
36.74
56.28
81.06
29.9
20.96
79.61
43.55
46.56
41.48
42.27
1.952e-06
0.0
44.88
60.28
53.9
67.08
28.69
60.34
26.4
58.91
33.23
29.86
13.11
41.96
45.12
39.69
61.09
0.0
75.71
44.7
44.92
58.25
47.6
49.07
52.79
64.89
98.36
43.51
0.0
112.1
103.2
50.29
82.96
35.29
69.18
45.97
50.68
45.17
16.52
54.82
51.57
32.73
55.59
50.24
37.84
35.06
53.07
54.8
39.57
39.25
36.03
50.51
47.15
44.61
68.74
40.22
33.06
55.09
50.81
79.51
71.2
58.2
45.61
39.92
23.58
68.48
61.73
73.72
87.58
42.22
18.74
38.52
27.0
53.66
45.36
51.04
56.34
75.96
50.27
41.2
36.29
44.87
60.21
55.55
32.56
122.5
54.73
35.8
41.77
24.67
43.45
66.53
79.2
40.64
50.4
47.83
45.99
79.82
84.77
87.43
46.9
43.79
63.44
64.76
0.0
62.37
68.71
42.1
46.45
103.0
21.82
92.71
65.13
106.6
36.03
45.72
45.01
34.26
114.9
39.15
59.35
56.24
47.21
53.4
63.29
33.25
51.86
31.62
65.95
42.05
75.16
47.47
57.93
53.65
41.79
73.41
71.87
50.76
47.09
51.61
44.26
52.16
52.56
38.72
27.63
61.74
65.71
59.61
30.32
61.04
81.91
56.65
57.2
64.27
31.15
47.6
36.03
44.13
40.9
61.55
93.05
61.69
44.58
47.69
39.94
66.99
72.35
48.76
46.38
65.69
33.57
101.2
50.6
42.69
64.81
46.24
17.31
50.01
60.75
95.62
18.74
21.71
74.41
50.41
37.97
41.77
30.85
63.11
47.43
31.71
80.64
44.13
55.11
70.32
54.45
41.43
94.07
25.9
47.99
43.08
26.75
58.41
29.65
43.64
53.32
52.95
47.67
47.03
57.21
66.17
52.42
51.98
59.36
52.16
53.66
54.95
114.7
20.66
41.35
81.91
84.91
13.16
49.7
81.91
42.83
55.43
111.0
65.52
86.22
54.41
57.02
61.45
61.32
53.19
112.5
44.03
54.17
105.1
76.02
94.0
94.0
24.49
21.82
87.98
64.85
50.85
14.91
52.08
43.78
55.38
25.09
45.94
37.08
56.97
40.38
44.99
16.26
49.16
76.45
42.95
73.33
54.88
44.79
49.49
47.13
159.3
53.42
62.47
9.207
114.8
58.41
62.22
36.93
50.55
49.27
55.55
43.55
106.9
50.43
81.06
36.58
55.99
61.48
42.32
57.65
13.47
52.49
48.99
71.56
54.15
53.16
57.51
112.5
49.42
37.33
91.12
41.63
78.54
50.48
45.07
36.58
55.24
47.74
27.63
47.68
57.69
155.3
46.05
52.31
93.44
65.65
46.35
58.65
28.97
42.09
88.22
66.5
44.22
53.21
73.61
46.07
42.87
70.83
38.72
79.28
50.9
42.28
49.56
56.93
68.52
93.18
52.16
66.92
42.36
0.0
53.66
17.31
37.91
55.38
19.58
47.45
33.36
47.07
83.29
67.21
47.66
44.82
41.85
61.77
49.66
44.88
60.02
23.04
55.37
63.58
98.74
46.6
38.04
68.21
50.77
30.51
47.51
48.55
71.98
112.5
61.05
37.9
42.24
57.06
72.91
60.24
47.68
44.42
50.68
6.761
65.71
18.24
48.88
40.22
102.4
42.05
38.93
58.3
68.31
45.66
56.56
46.9
53.77
41.96
32.62
47.79
74.76
41.08
52.18
45.45
50.67
48.1
81.06
51.72
72.39
25.09
62.39
1.952e-06
50.41
24.85
50.33
62.26
63.01
112.5
45.1
56.97
18.68
42.03
64.28
81.91
43.66
89.01
19.58
66.79
68.48
76.17
50.0
122.5
52.18
66.8
44.96
48.73
55.72
90.16
53.9
81.06
48.98
112.5
0.0
107.0
37.97
39.09
53.19
65.7
15.36
62.3
85.27
44.47
42.93
47.22
43.37
39.8
56.77
44.61
42.81
53.42
47.15
45.36
44.78
64.84
33.25
70.99
48.88
51.04
33.05
54.91
45.57
36.74
59.76
122.4
44.95
80.87
50.9
52.84
42.74
48.14
87.43
43.14
61.03
43.25
62.66
43.09
43.07
39.77
50.78
70.84
58.41
59.88
59.26
81.06
24.67
53.12
52.6
37.69
52.44
61.76
72.39
56.97
43.84
43.6
64.73
