201.7
118.6
148.7
238.6
41.73
262.7
185.9
236.6
60.76
252.4
278.2
242.5
153.5
80.79
127.2
180.9
180.6
375.9
129.5
82.2
0.0
84.48
191.3
0.0
366.0
169.3
0.0
0.0
275.9
83.0
103.5
181.3
88.96
144.2
102.4
200.4
85.91
388.2
292.6
225.3
90.35
452.7
179.4
208.6
115.1
180.9
310.8
1.371e-05
157.7
239.1
192.7
321.9
131.5
192.4
105.8
0.0
225.3
166.9
103.0
251.2
197.0
166.4
131.5
64.95
80.79
283.2
2.474e-06
190.4
227.9
193.4
191.3
157.7
217.5
194.1
340.8
193.8
166.4
220.6
146.1
181.1
154.3
155.4
58.25
114.7
60.76
335.8
85.91
135.8
292.6
247.7
259.0
137.9
232.8
160.0
124.4
204.2
112.9
120.1
223.3
109.5
53.16
338.2
399.6
150.9
1.819e-05
0.0
244.1
119.7
200.2
335.3
231.3
370.5
92.18
137.0
305.6
80.79
77.41
226.2
88.9
77.96
91.72
100.0
181.1
405.3
322.7
398.8
175.9
80.49
56.49
259.5
389.9
278.6
124.4
62.99
121.7
235.7
300.1
89.75
190.4
335.5
155.9
0.0
181.1
250.3
190.7
194.2
0.0
236.4
85.91
369.8
232.8
260.2
120.8
208.9
100.7
223.3
261.6
254.3
105.2
125.2
237.5
278.2
281.2
70.5
157.7
60.8
53.38
75.9
205.0
306.4
149.0
251.7
80.79
103.0
0.0
79.48
235.2
406.7
77.09
166.4
323.3
137.6
333.4
166.4
58.25
33.03
272.1
306.6
381.0
172.2
292.2
390.1
255.4
258.7
41.24
87.13
237.9
283.4
114.7
148.7
39.53
60.76
274.8
60.76
124.5
364.3
288.6
67.94
102.4
205.9
506.7
361.3
100.1
364.3
42.38
256.0
68.17
216.0
134.9
84.48
103.0
256.8
91.33
230.2
133.7
124.5
94.6
277.1
395.2
205.2
360.8
101.3
133.6
44.09
53.38
271.2
216.8
361.3
204.8
162.7
320.4
136.1
235.4
218.1
97.99
169.6
252.8
83.68
202.8
0.0
89.82
155.9
308.7
69.23
346.7
66.79
113.6
101.6
335.3
247.0
98.59
95.78
171.7
248.1
103.0
346.4
220.8
322.5
150.1
307.3
79.25
1.389e-05
88.9
291.2
267.5
376.4
2.199e-05
280.8
191.3
221.3
307.8
140.9
133.6
145.6
0.0
195.1
77.09
170.9
188.7
186.3
399.0
435.0
208.6
133.7
134.9
159.3
162.3
191.3
285.5
130.7
185.2
158.1
114.8
203.8
65.25
110.2
251.5
329.0
276.2
229.4
83.71
150.9
166.4
401.7
0.0
103.0
198.7
351.9
0.0
131.5
241.1
357.4
77.41
223.4
137.0
319.9
342.6
242.1
330.6
236.4
270.2
117.4
133.4
334.4
303.8
177.3
271.6
214.5
247.2
162.8
102.4
135.8
171.7
62.5
85.91
238.1
282.8
255.0
268.7
140.1
234.2
284.6
0.0
190.7
195.5
109.4
200.2
275.1
128.8
220.4
0.0
118.6
70.34
157.7
351.9
271.8
0.0
190.7
0.0
243.0
160.4
133.2
93.96
285.0
211.1
449.6
125.9
193.0
275.6
62.99
137.6
237.8
0.0
222.7
272.0
162.6
437.5
266.3
117.8
431.3
283.4
157.7
170.9
216.2
64.95
442.3
315.5
236.3
187.5
261.9
147.3
180.9
64.59
77.09
265.2
227.7
88.96
103.0
83.71
68.4
180.9
357.7
66.06
187.7
268.8
149.0
399.0
209.1
322.8
192.2
193.0
130.2
230.1
80.4
0.0
0.0
258.2
307.2
62.5
113.9
61.64
213.9
262.2
520.5
319.8
302.7
418.8
160.1
226.0
221.5
181.1
384.7
137.0
168.1
106.9
242.1
183.4
251.2
261.0
137.6
295.9
62.5
7.13e-06
130.7
71.29
0.0
332.9
193.2
245.8
0.0
247.7
133.2
111.4
115.2
177.2
131.4
166.9
66.06
102.8
424.5
68.17
168.9
194.8
284.5
88.9
229.2
354.5
184.6
121.8
284.3
285.8
543.3
388.2
327.4
171.7
294.2
202.8
251.8
149.0
111.7
312.2
229.5
150.6
229.2
68.4
250.2
138.1
238.3
103.0
319.8
229.2
230.3
250.1
229.5
194.0
74.16
275.6
160.8
122.8
71.29
109.9
255.4
111.4
166.9
238.4
257.1
33.31
198.0
138.7
114.8
198.4
132.5
257.2
122.8
137.0
179.7
66.06
97.73
71.06
284.3
131.4
103.0
0.0
65.34
172.7
39.53
226.2
65.25
441.1
5.573e-06
193.0
224.6
249.4
112.0
50.26
75.64
365.6
203.7
200.2
207.6
211.9
180.6
61.64
180.6
69.0
237.8
173.1
156.6
302.4
0.0
295.6
311.2
324.0
100.0
239.7
262.5
168.0
146.1
268.4
272.2
137.0
262.5
292.6
156.4
163.0
201.3
214.3
190.7
135.2
98.59
53.16
185.0
60.76
456.5
66.06
172.4
394.1
140.9
169.3
58.25
70.5
168.0
203.6
218.5
237.5
42.38
202.8
375.9
42.38
117.4
293.0
133.2
451.9
308.5
7.13e-06
283.9
115.4
137.6
278.7
227.1
265.9
222.5
123.2
130.7
296.0
229.2
130.7
87.13
0.0
180.4
362.7
293.0
165.0
221.3
100.0
296.8
146.1
248.3
180.9
114.7
209.1
239.3
292.7
323.6
78.02
308.3
61.64
293.8
275.1
248.1
360.6
133.9
247.5
274.0
308.9
180.6
80.79
39.53
380.3
94.89
169.1
153.9
267.3
255.4
190.7
64.65
280.8
180.9
135.1
302.2
215.3
393.6
160.6
115.2
337.8
229.2
219.0
292.5
264.4
106.2
231.4
188.7
319.9
137.2
246.2
319.8
248.1
64.65
219.9
261.2
80.79
64.59
0.0
222.0
212.8
62.5
103.0
93.32
103.0
81.63
1.389e-05
243.3
295.9
111.4
305.2
229.2
203.8
98.59
0.0
150.9
67.94
275.4
88.99
149.3
166.5
149.8
41.24
383.6
294.0
150.9
0.0
155.9
114.2
168.1
85.11
293.8
66.88
62.5
73.18
251.3
170.2
200.7
155.4
70.34
153.9
247.7
118.3
263.0
155.9
59.39
189.3
181.1
347.2
273.0
285.5
282.3
131.3
322.8
162.3
339.5
98.59
170.2
99.68
132.1
331.0
306.6
349.4
282.9
130.7
406.9
293.7
33.31
201.7
64.59
80.79
156.4
330.7
40.34
70.67
137.7
265.8
207.3
219.0
98.77
136.9
332.2
65.34
166.4
153.9
41.24
141.0
256.7
189.9
172.7
232.3
1.198e-05
0.0
343.5
145.2
157.7
124.5
33.03
197.8
1.198e-05
395.2
106.2
77.96
137.2
271.8
342.6
234.5
160.1
0.0
131.4
359.2
245.0
366.6
321.0
166.5
67.33
340.9
163.0
335.6
0.0
141.1
201.1
93.42
225.6
136.9
187.7
174.9
167.0
238.6
0.0
139.7
177.2
106.9
236.3
130.7
105.2
80.4
188.2
251.1
233.7
240.8
129.5
65.34
183.7
232.2
207.0
255.8
240.5
295.1
166.2
171.1
197.3
203.6
293.6
258.9
72.96
149.8
144.6
131.4
181.1
327.3
0.0
431.0
168.0
233.6
177.5
313.5
161.2
196.9
261.6
259.0
131.4
311.1
322.7
218.5
120.8
80.79
362.9
105.3
248.1
71.06
242.2
345.2
305.9
351.7
155.9
148.7
332.2
231.3
96.43
229.2
444.6
134.6
204.2
270.0
0.0
349.5
166.5
234.4
298.7
167.1
99.33
441.4
184.7
207.0
60.76
247.7
213.9
89.82
218.6
336.2
166.5
113.6
226.4
293.0
172.9
103.0
157.7
0.0
65.34
140.9
149.9
391.6
265.3
266.6
226.0
204.5
276.8
137.0
378.1
157.7
248.1
158.5
384.7
64.95
98.9
321.5
151.5
150.9
98.59
222.0
180.6
86.88
355.7
275.1
225.2
235.8
60.76
229.1
134.2
205.9
190.4
122.3
286.7
194.2
229.1
149.2
117.2
100.0
214.5
347.4
89.82
160.4
133.2
350.2
369.8
177.5
63.18
148.7
266.3
40.34
0.0
68.17
183.4
141.1
417.5
248.1
7.13e-06
238.6
281.4
106.9
102.4
309.3
195.1
262.7
456.6
118.3
180.9
1.696e-05
133.6
254.9
95.78
130.8
0.0
275.1
280.2
179.3
343.5
317.3
375.8
132.5
158.1
275.5
398.8
361.1
263.1
328.2
232.2
70.67
370.5
180.6
204.5
115.4
308.9
180.6
349.0
284.2
183.4
288.9
235.4
157.7
252.5
210.9
230.9
146.1
149.0
300.1
364.2
98.77
257.3
191.3
191.3
0.0
99.33
203.0
437.0
150.6
137.6
202.6
108.1
251.5
77.09
259.6
236.1
172.5
89.82
193.6
1.819e-05
281.1
72.32
419.4
292.2
261.5
294.0
238.4
262.5
238.5
183.7
222.5
33.31
260.5
308.1
251.2
319.8
127.2
224.9
147.3
256.7
203.6
287.3
166.4
323.8
188.0
275.7
438.0
318.2
68.17
307.9
171.7
221.3
209.7
379.6
5.573e-06
149.0
201.6
162.7
277.1
286.4
77.73
237.7
313.9
323.8
449.6
179.9
98.9
157.7
247.6
135.2
0.0
236.7
395.4
224.1
175.9
307.7
114.2
141.8
224.6
210.8
146.1
465.0
267.3
111.4
197.1
284.3
64.95
185.9
258.8
441.6
304.1
517.7
177.4
79.48
158.5
72.32
99.44
0.0
233.6
63.18
315.5
335.0
93.67
160.8
240.6
338.0
441.4
267.7
130.7
427.2
323.6
337.9
271.4
268.1
312.7
138.7
281.8
124.5
199.1
171.7
369.3
165.3
261.6
159.3
235.0
257.3
85.75
149.0
294.9
258.7
464.8
5.573e-06
355.6
265.1
157.7
263.2
167.0
33.31
163.3
105.8
372.9
255.8
160.4
140.9
165.0
156.6
236.3
295.7
230.3
157.7
181.9
1.016e-05
206.0
314.0
267.6
155.9
130.7
442.3
212.9
157.8
166.4
380.9
99.68
137.6
308.2
1.198e-05
141.1
85.11
432.6
275.6
217.7
149.0
303.1
253.4
69.0
257.6
225.0
180.6
292.7
396.2
93.67
421.7
259.1
72.32
214.0
80.79
130.7
549.8
270.2
270.3
230.4
98.72
157.7
166.4
189.2
149.0
0.0
225.9
258.2
438.7
390.7
324.5
115.4
197.0
184.1
273.8
261.5
291.5
297.5
226.0
172.8
232.2
446.5
183.7
183.7
177.5
552.3
83.68
103.0
233.9
262.3
324.2
50.26
205.4
162.6
332.2
169.3
82.18
281.8
201.7
351.5
166.4
125.9
160.8
229.2
408.3
273.4
207.6
280.0
324.9
364.3
274.0
164.1
144.6
308.1
281.0
295.4
166.4
71.06
152.3
160.6
288.1
298.2
191.6
99.68
253.4
289.9
319.8
421.7
