1.28
1.208
1.082
0.5981
2.097
1.315
3.774
0.691
0.2458
1.494
0.5
2.538
0.3773
0.8977
0.5
1.052
0.8057
1.816
0.9879
1.333
0.9008
1.309
1.034
0.6514
0.4858
1.101
1.037
0.5
3.435
0.5
0.5785
1.232
2.985
0.4813
3.405
1.162
0.9598
1.035
1.179
1.647
2.86
0.6824
2.533
1.443
0.8489
2.015
0.5601
0.8924
0.5
1.333
1.132
0.638
1.442
1.067
0.7471
0.9736
0.6892
0.7147
0.4075
1.339
0.5
0.5525
0.7813
1.047
0.5
0.6678
0.0
0.6514
2.601
1.68
0.8377
1.376
0.9614
0.5
0.5
1.424
1.256
0.7481
0.9889
1.531
1.088
2.29
1.664
2.019
0.5142
0.8411
0.8152
0.5
2.097
0.5
1.591
0.6173
0.5
1.236
2.617
0.2299
1.439
3.57
0.5
2.527
1.092
0.9859
1.135
0.8851
0.7605
3.626
0.4324
0.0
0.925
0.7793
0.6823
0.5
2.325
2.713
1.582
2.854
0.5192
1.088
1.074
0.6021
0.7356
0.7632
1.349
1.616
1.273
0.6514
2.013
0.5697
2.333
1.166
0.808
2.143
1.256
1.059
0.4558
2.515
0.0
0.9673
1.343
2.095
0.7194
0.4579
0.0
0.4226
0.9807
2.019
1.156
0.9651
0.7975
0.7493
1.745
0.9268
0.8521
2.052
0.8623
0.8868
2.046
1.705
1.349
1.079
3.519
1.696
0.5386
1.718
0.9231
1.413
1.508
1.623
0.9322
1.312
1.18
0.9282
1.407
1.135
0.7654
0.4425
1.433
0.8775
0.7562
0.3703
0.7932
0.7765
0.617
0.7258
0.963
0.4548
3.377
1.059
1.211
2.397
0.8527
1.865
1.745
1.033
1.214
0.6184
0.9471
0.7733
1.832
0.3542
1.185
2.48
0.9718
0.7914
1.164
0.3012
1.913
3.49
1.161
1.287
0.7146
2.974
2.477
1.55
3.602
1.44
0.64
1.294
1.156
0.7769
1.335
0.5
1.251
0.8901
0.9067
1.012
3.9
1.851
0.9713
3.121
0.8019
2.391
1.485
2.28
1.172
0.628
0.4988
0.6562
0.9458
0.8255
1.215
1.461
0.9962
1.459
1.024
0.5
1.186
0.392
0.8156
0.0
2.294
3.022
0.8363
3.342
0.888
2.319
0.5241
0.8461
0.8965
0.8267
0.5992
0.9022
1.374
0.7367
1.118
1.147
0.4866
0.5722
0.969
0.5433
2.751
0.5
0.0
0.688
2.639
0.7871
1.646
1.056
1.642
2.44
1.59
0.5471
1.164
0.7454
1.383
2.672
0.6296
0.6269
0.9092
2.903
0.5606
0.5
0.0
0.874
1.155
0.5586
1.289
0.7695
0.5752
1.118
0.6067
0.0
2.389
1.808
1.324
0.0
1.046
1.709
1.904
0.5
2.505
0.9145
0.8619
2.097
3.286
0.8472
2.733
0.606
1.356
2.506
0.5
1.797
0.6779
0.4535
1.097
0.5
1.164
1.334
0.5306
1.136
1.181
1.225
0.9725
2.161
1.132
0.7688
1.183
1.298
0.5
2.705
1.181
2.48
2.19
1.672
1.01
0.5144
0.515
0.8726
1.444
1.135
0.6805
0.0
1.098
0.4882
1.243
0.5
1.22
1.071
0.498
1.154
0.9819
2.2
1.458
0.8285
1.226
0.8278
1.224
0.9961
0.836
1.021
3.044
1.037
0.5
1.764
0.5073
1.046
0.6326
1.107
1.045
0.7126
0.6335
0.8409
0.8737
0.5
1.533
0.3673
3.456
0.9245
1.474
2.214
1.363
2.802
0.8043
2.212
0.5
0.8345
0.0
0.5
1.468
0.4434
0.5128
0.9798
0.5504
0.4875
0.8489
1.327
0.5678
2.626
0.555
0.8343
0.8377
0.9516
3.553
1.355
1.02
0.7977
0.434
0.8825
1.635
1.119
0.8732
0.7634
1.897
0.6791
0.5
1.458
2.715
0.4718
1.953
2.814
1.142
0.8488
0.3966
1.269
4.15
1.393
1.069
0.576
2.129
1.304
0.8886
1.508
0.7984
1.225
1.992
0.5
2.914
0.5254
2.772
1.283
1.869
2.607
0.6104
3.122
2.519
2.073
0.9575
1.042
2.033
0.7525
1.15
1.832
1.534
0.8695
1.018
1.469
1.454
1.091
2.333
0.755
1.303
1.483
0.4163
1.37
2.598
2.097
0.4936
1.512
0.9478
0.5
3.384
1.487
0.6583
0.4884
0.5795
1.876
1.014
0.6425
0.6706
1.122
0.8587
1.993
2.301
2.26
0.4665
1.214
0.9504
0.8752
1.022
0.9188
0.6527
0.672
1.18
2.725
1.065
0.0
1.168
1.083
0.6015
1.084
1.331
2.874
0.9489
0.6452
0.0
1.165
0.7827
4.102
1.719
0.8086
1.132
0.75
1.031
1.442
1.008
1.664
1.746
0.8849
1.116
1.239
0.5
0.612
0.4655
0.6638
0.4924
2.386
0.6002
0.4947
0.6901
0.7973
1.078
1.141
0.7253
2.156
2.035
0.6691
1.483
1.54
0.6147
0.6995
0.9858
0.9336
1.498
1.195
0.5936
1.083
1.074
0.839
1.207
1.791
0.9774
1.082
1.128
1.523
2.576
0.5
0.5747
0.8431
0.6171
0.6793
0.0
0.7247
1.005
1.146
1.068
0.5
0.9259
0.5
1.194
1.603
1.206
0.6312
1.267
0.7728
2.809
0.7267
0.62
1.597
1.102
1.548
1.339
0.7241
2.506
2.5
0.7576
0.5645
2.826
1.255
0.9116
0.5
0.6511
1.178
0.8419
1.814
1.304
1.524
1.018
1.506
0.7064
0.6406
0.8203
1.042
1.092
0.7077
0.9856
0.6666
0.8993
0.0
0.7157
0.8838
1.405
0.7794
2.097
0.0
0.5
0.9921
0.7087
0.5
1.334
2.337
0.7983
1.068
2.089
0.9662
1.619
0.9528
1.108
0.7555
0.9982
1.129
3.716
1.988
2.112
1.266
1.547
3.48
1.354
0.0
4.643
0.9845
1.446
1.534
0.7174
0.6741
1.2
0.4288
1.449
1.42
0.6666
1.287
0.9249
0.5062
0.5
0.793
1.003
0.5
0.5
4.034
1.61
0.7877
0.6134
2.34
0.5
3.598
1.283
0.5
1.273
2.745
1.888
1.125
1.361
4.079
0.9236
0.8882
1.297
1.414
0.6348
0.9151
1.319
1.203
3.002
0.7912
2.279
1.167
1.314
0.0
1.266
0.5
1.453
1.509
0.7184
1.138
1.784
0.3439
0.6735
0.9063
1.289
0.7932
1.216
0.6928
1.447
2.626
1.407
1.17
0.7997
0.5834
0.7858
1.122
1.099
3.115
0.9552
0.9856
2.084
1.236
2.113
1.038
0.8361
0.5835
0.5
1.023
0.6449
1.262
0.9102
0.1252
1.021
1.26
0.4489
1.175
3.161
1.13
1.332
0.9508
0.9504
1.817
0.5
0.8901
0.0
1.738
1.335
0.6824
0.5
1.491
1.026
0.9207
0.9855
0.958
1.895
1.382
0.5431
2.055
1.57
0.0
0.6002
0.8778
1.072
0.0
2.082
1.667
3.898
0.5997
1.614
2.019
0.937
0.0
1.209
0.4672
1.037
1.85
1.075
1.587
1.492
0.7502
1.446
0.5664
0.7562
1.11
1.207
0.9334
2.456
2.242
1.627
1.271
3.686
1.938
0.0
0.5
0.5365
1.502
0.852
1.848
1.152
1.156
1.091
1.718
0.993
1.61
0.8974
1.447
1.884
0.8667
2.07
0.9369
0.836
1.764
0.6469
1.178
0.7363
1.315
1.2
1.082
0.819
0.5046
0.9725
2.12
0.5
1.573
0.7149
1.594
0.5803
1.668
0.6349
2.881
0.4082
0.5
1.136
3.084
0.5601
1.811
1.48
0.7471
1.148
1.642
1.474
0.6174
0.3085
0.9729
1.412
0.994
1.707
1.527
0.8856
2.043
2.293
0.0
1.115
0.899
0.7568
0.6051
0.9162
0.4023
0.4832
0.9605
0.5
0.0
1.244
0.6573
0.7748
0.4372
0.9771
1.768
0.7135
1.043
0.917
0.0
2.012
1.69
0.9547
0.6886
1.149
0.8052
1.406
0.5346
0.7129
0.9449
0.2598
2.167
0.5733
1.086
1.218
0.6985
0.7287
1.054
0.932
1.065
0.5
0.6371
0.5
0.4514
0.6468
0.5
0.6008
3.044
1.667
0.795
0.5
0.943
0.5
1.608
1.301
1.186
0.5
0.943
1.169
0.712
1.129
0.7802
1.367
0.8635
0.9315
1.067
0.9684
0.0
1.019
1.635
0.794
3.591
1.216
1.297
1.926
1.536
3.302
0.7813
0.7118
0.0
0.759
0.8329
0.5583
1.06
1.002
1.227
0.4399
1.595
1.719
1.367
0.5
1.315
0.6002
2.405
0.6333
2.067
0.7046
2.075
1.122
0.7184
1.177
0.6123
1.39
1.779
0.6726
1.147
0.3204
0.3814
1.03
2.375
0.9982
0.7608
0.0
0.7008
3.029
1.465
0.5
1.0
2.456
1.339
0.9533
1.517
0.5116
0.8986
1.274
0.9156
1.446
0.7708
1.436
0.5547
0.4437
0.8623
1.283
0.9353
0.931
1.091
0.7884
0.9625
1.109
2.776
1.496
0.9069
1.173
2.664
0.9367
0.7481
3.237
1.224
0.5101
2.142
1.058
1.393
1.353
0.9093
0.7783
0.9197
0.8895
1.631
1.53
1.725
0.0
1.729
0.9604
0.5
1.785
0.5
1.18
2.948
1.146
1.929
0.0
3.897
0.7268
1.516
0.9455
0.5275
3.77
0.7426
1.162
0.8825
0.4965
1.087
1.827
0.8518
2.325
0.6498
1.091
0.9579
0.9087
2.167
0.6055
1.026
1.635
0.5622
0.5151
1.29
1.337
1.588
0.43
1.503
0.9416
0.5
0.8728
1.784
0.7484
1.447
2.192
1.908
1.247
1.098
1.747
0.9783
2.455
1.275
0.6537
0.5045
0.6385
1.03
1.155
1.352
0.4148
1.273
0.9654
3.044
0.5
0.867
2.745
0.7323
2.422
0.5151
0.9551
1.266
1.745
1.484
1.436
1.989
3.89
2.336
0.6781
0.5982
1.139
1.844
0.9099
1.155
0.946
1.933
0.6046
0.9859
1.46
1.189
0.5499
0.8644
0.6294
0.0
1.516
1.331
0.8929
1.105
0.7331
3.085
0.8693
1.278
0.5
0.7654
0.9354
0.6123
0.3966
0.4276
0.6868
1.167
4.325
0.5
2.677
3.327
1.171
0.6258
0.3991
1.205
3.528
1.626
2.44
2.968
0.7686
3.801
0.0
1.181
0.0
0.804
2.255
0.7979
0.8285
0.5175
0.0
1.398
1.884
1.015
2.187
2.598
0.8436
1.667
0.6974
0.867
0.7039
1.372
1.917
0.648
0.5041
0.8644
0.4778
0.7916
1.481
0.7549
0.82
1.993
0.0
0.9136
0.9093
0.9329
0.9138
1.652
0.8144
1.668
0.7603
0.9719
0.8856
0.9725
2.398
0.5873
0.9914
2.097
1.143
0.8138
1.036
1.172
1.329
0.5
0.4475
1.308
2.361
0.8805
0.572
0.5966
0.3812
1.435
0.8318
2.052
0.7412
0.7538
0.4484
2.187
0.5
0.4771
2.275
0.6216
1.271
1.08
0.5671
3.747
0.8211
0.6818
0.5519
0.5
0.4659
0.6187
0.8966
0.9999
2.019
2.953
0.7182
0.0
0.5
1.517
1.648
1.249
1.633
0.7965
0.6657
1.222
1.327
0.3381
4.147
1.502
1.056
1.108
2.646
1.231
3.065
4.18
0.7994
1.508
1.736
2.746
0.6716
0.0
2.425
1.745
0.5562
0.0
0.7312
1.0
0.9236
0.0
1.114
4.346
0.5
1.09
1.026
0.4498
0.5869
2.006
0.5505
0.5
0.0
2.999
0.7347
1.23
1.016
0.5943
0.8574
0.58
0.7475
0.6716
0.9046
1.096
1.057
0.9107
0.9944
0.574
0.963
1.034
1.353
1.232
0.495
0.7948
1.856
1.371
2.718
1.563
1.125
0.9307
0.5
3.673
0.7487
1.58
1.095
1.348
1.115
0.7474
0.9967
0.4318
1.534
1.003
0.8691
0.501
1.174
1.203
0.7009
0.967
0.438
0.6537
1.516
0.6615
0.7913
1.476
1.115
1.227
0.9596
2.735
0.7769
0.7794
2.945
0.5
0.5
1.717
0.8295
1.147
0.5
0.6043
2.705
1.561
0.7128
1.204
0.3437
1.934
2.262
0.5
1.35
0.929
1.251
0.5
2.487
1.769
0.4448
0.8176
0.6769
1.245
0.8644
2.424
1.587
1.08
0.5
1.052
1.492
0.6164
2.599
0.5844
1.148
1.006
0.648
1.05
0.9887
0.9428
0.9583
0.9167
0.5004
0.9367
1.425
2.067
0.6728
0.0
0.8212
1.404
1.109
1.281
1.008
0.5
1.074
1.287
1.344
1.384
0.0
0.6426
1.879
1.574
0.5
0.0
0.0
0.0
0.0
0.7427
2.3
3.223
1.662
1.305
0.7475
0.7395
0.895
1.001
1.285
1.087
0.8968
2.024
0.5
0.9894
0.0
0.9124
2.942
1.15
0.8537
0.485
0.7216
0.8188
0.6963
0.5
1.335
2.094
0.3087
0.7719
1.154
0.9941
1.092
0.5985
1.09
0.8588
1.383
0.7711
0.7437
0.5637
0.6299
3.026
2.448
0.7217
0.5
1.434
1.494
0.6062
2.248
0.9762
0.5
2.664
1.323
0.0
0.8778
1.113
1.86
0.4139
1.034
2.159
1.062
1.022
0.5395
1.11
0.8088
1.082
0.8354
0.531
1.347
1.381
0.8599
4.05
1.171
1.96
0.6692
1.371
1.241
1.496
1.484
1.139
1.202
0.8705
0.0
1.489
1.005
1.019
1.527
1.171
2.598
1.611
2.097
0.0
0.7858
0.4699
1.331
0.492
1.558
0.611
2.552
1.914
0.5
1.124
0.9597
0.5
0.4812
0.834
0.9089
1.449
1.19
0.6191
2.132
2.349
0.4373
0.5
0.5
1.286
1.136
1.205
1.463
0.9383
0.4456
0.7925
2.632
0.5747
0.4819
0.6675
1.013
0.8345
0.5
0.5
1.675
0.9396
0.7314
1.093
1.317
1.176
0.7031
0.9924
1.17
0.7694
0.4452
3.955
0.8647
1.287
0.6231
0.6198
0.6949
0.9602
0.5
0.6288
2.893
1.175
0.5644
0.6566
0.4525
0.787
1.316
0.5998
0.6102
0.7271
0.873
1.619
1.034
0.8497
1.158
0.9824
0.0
1.812
2.83
0.4234
0.7995
1.414
0.7118
0.9257
1.97
1.343
0.9697
2.71
1.279
2.954
