0.3797
0.4813
0.2117
0.3017
0.03173
0.2485
0.1145
0.2106
0.1252
0.1947
0.5452
0.2586
0.1712
0.3692
0.2295
0.507
0.379
0.4071
0.1628
0.2263
0.0
0.1295
0.537
0.0
0.2773
0.2085
0.07462
0.04041
0.2771
0.2041
0.3719
0.1269
0.07
0.3268
0.3594
0.3693
0.06198
0.2552
0.2426
0.2208
0.1153
0.1717
0.3114
0.1347
0.2138
0.3601
0.2784
0.02232
0.2416
0.207
0.3039
0.4384
0.2247
0.2125
0.1026
0.1077
0.2534
0.2324
0.2329
0.2723
0.6066
0.4279
0.2132
0.1018
0.3692
0.3343
0.09355
0.3745
0.4064
0.5059
0.537
0.2241
0.26
0.3372
0.3911
0.2294
0.4279
0.2474
0.4937
0.3652
0.1589
0.1383
0.06546
0.1332
0.1539
0.3691
0.06198
0.2305
0.2384
0.1732
0.3186
0.1309
0.193
0.2381
0.1628
0.2579
0.1704
0.1572
0.5631
0.107
0.106
0.2345
0.3798
0.3239
0.101
0.009384
0.3462
0.147
0.2907
0.2705
0.336
0.4504
0.1603
0.2538
0.2046
0.3692
0.3068
0.2304
0.141
0.1769
0.2082
0.2008
0.4514
0.3028
0.2784
0.3155
0.2511
0.06827
0.03289
0.1944
0.178
0.2436
0.1689
0.07777
0.1754
0.2475
0.3448
0.1413
0.4794
0.2345
0.3771
0.0
0.3651
0.2125
0.2514
0.2318
0.01991
0.2935
0.06578
0.6018
0.193
0.2437
0.1719
0.249
0.1183
0.4168
0.2553
0.2275
0.1261
0.1482
0.2808
0.3991
0.2634
0.1505
0.2416
0.08056
0.1711
0.1384
0.2816
0.2485
0.5958
0.2025
0.3692
0.3398
0.0
0.3635
0.2602
0.2409
0.1063
0.4279
0.2791
0.1618
0.2473
0.4279
0.06546
0.05661
0.3969
0.3148
0.3016
0.4291
0.4417
0.239
0.2917
0.2426
0.08979
0.3497
0.1979
0.4764
0.3656
0.1988
0.1824
0.132
0.2425
0.1539
0.2444
0.2476
0.2725
0.1172
0.3751
0.3822
0.2447
0.3158
0.3681
0.2687
0.07103
0.2039
0.06704
0.3647
0.2114
0.1073
0.1581
0.2999
0.2139
0.2604
0.159
0.245
0.1544
0.5635
0.3241
0.1696
0.1852
0.3334
0.2314
0.09007
0.1711
0.1855
0.4357
0.2287
0.2495
0.1586
0.214
0.1016
0.4684
0.4592
0.1125
0.1505
0.1852
0.2344
0.2893
0.1157
0.128
0.2376
0.2566
0.09584
0.2748
0.1328
0.4485
0.2835
0.2799
0.1655
0.1415
0.1204
0.2261
0.2087
0.3496
0.3008
0.3513
0.2493
0.1371
0.2808
0.1299
2.956e-08
0.141
0.2333
0.4018
0.5066
4.041e-08
0.4593
0.537
0.3846
0.3122
0.1927
0.2226
0.3723
0.1163
0.2177
0.1451
0.2901
0.3748
0.1823
0.3114
0.1989
0.1347
0.159
0.2273
0.1314
0.2285
0.537
0.4164
0.2274
0.1902
0.5623
0.1089
0.4
0.02827
0.1297
0.2959
0.2745
0.2653
0.4285
0.1726
0.3412
0.2927
0.3216
0.0484
0.1212
0.1889
0.1801
0.1077
0.2247
0.2162
0.395
0.2258
0.1553
0.1338
0.2779
0.2809
0.1617
0.545
0.312
0.5409
0.2641
0.3288
0.3813
0.226
0.2173
0.2065
0.2945
0.1493
0.3757
0.3594
0.2305
0.2195
0.09937
0.06578
0.1501
0.4319
0.1949
0.1943
0.209
0.2028
0.267
0.0
0.2676
0.3581
0.3794
0.2907
0.2424
0.09282
0.3874
0.0
0.2388
0.337
0.2384
0.2827
0.2064
0.0
0.2969
0.0675
0.1704
0.475
0.2687
0.1919
0.2737
0.213
0.233
0.1699
0.1432
0.4139
0.06703
0.07738
0.2509
0.0
0.3253
0.5649
0.2848
0.2148
0.1754
0.2673
0.2566
0.4764
0.2633
0.2221
0.2455
0.166
0.2532
0.1743
0.4242
0.3716
0.175
0.3109
0.3475
0.1981
0.1139
0.2839
0.2096
0.07
0.3398
0.1726
0.1328
0.5091
0.5651
0.09603
0.3319
0.2448
0.5958
0.2006
0.6142
0.3391
0.4007
0.1432
0.0986
0.3008
0.1456
0.1292
0.08175
0.2612
0.2177
0.06525
0.1559
0.176
0.2846
0.1966
0.1812
0.3485
0.2718
0.2259
0.5654
0.2886
0.389
0.3652
0.2774
0.2423
0.5003
0.1166
0.3311
0.5344
0.235
0.2266
0.07738
0.2182
0.08642
0.09267
0.2233
0.2023
0.2185
0.2024
0.2048
0.2224
0.08183
0.4708
0.2687
0.166
0.4082
0.104
0.1651
0.2844
0.1246
0.4643
0.3442
0.1578
0.5444
0.3945
0.2049
0.1337
0.46
0.3003
0.289
0.09775
0.2927
0.2864
0.2008
0.1869
0.2214
0.2237
0.2237
0.3359
0.4269
0.5958
0.4027
0.219
0.3108
0.2549
0.46
0.1328
0.1775
0.4474
0.3416
0.2318
0.3222
0.46
0.4473
0.2145
0.1818
0.2159
0.4408
0.3416
0.2053
0.3323
0.1414
0.153
0.2123
0.1595
0.2548
0.2465
0.2084
0.02822
0.2853
0.06942
0.1089
0.2395
0.2623
0.2042
0.2452
0.2282
0.268
0.1149
0.1134
0.07716
0.3392
0.3532
0.2318
0.07199
0.1776
0.1779
0.2162
0.2304
0.02827
0.2562
0.1561
0.436
0.5526
0.3478
0.077
0.1482
0.3553
0.274
0.4084
0.2862
0.8777
0.2328
0.379
0.226
0.379
0.06121
0.3205
0.199
0.2935
0.2593
0.0
0.238
0.2643
0.2845
0.2008
0.1949
0.2381
0.2623
0.2257
0.186
0.3998
0.2282
0.2269
0.2726
0.275
0.1917
0.1753
0.3288
0.2514
0.6389
0.1678
0.07633
0.2468
0.1252
0.1971
0.1054
0.2494
0.3087
0.1927
0.2085
0.05923
0.1505
0.2273
0.3024
0.1537
0.2808
0.06532
0.2893
0.5592
0.1491
0.2202
0.26
0.2687
0.252
0.2897
0.1326
0.1902
0.07094
0.1618
0.2182
0.2872
0.1629
0.3095
0.1447
0.2233
0.3044
0.46
0.2452
0.2995
0.03035
0.2479
0.2365
0.2726
0.1722
0.412
0.2023
0.2437
0.2257
0.26
0.3625
0.2467
0.6142
0.2529
0.2443
0.1677
0.1873
0.17
0.2248
0.2536
0.3613
0.2084
0.1805
0.2248
0.224
0.3849
0.3493
0.379
0.3692
0.2422
0.3257
0.1416
0.183
0.145
0.3281
0.2917
0.2517
0.09157
0.268
0.4986
0.2949
0.3118
0.2953
0.2515
0.2692
0.1115
0.3782
0.46
0.2497
0.2083
0.2205
0.1035
0.2258
0.3748
0.2877
0.08729
0.2036
0.3485
0.2084
0.1369
0.2002
0.1921
0.3692
0.1981
0.2185
0.9348
0.2558
0.1125
0.1331
0.1299
0.3496
0.2435
2.956e-08
0.2246
0.2753
0.1015
0.2515
0.46
0.2786
0.134
0.1292
0.3221
0.1172
0.4598
0.2509
0.168
0.3168
0.2956
0.07373
0.2587
0.2364
0.3221
0.2839
0.2041
0.1427
0.3536
0.08046
0.2646
0.2953
0.08642
0.2671
0.3838
0.516
0.2732
0.1383
0.2415
0.145
0.1732
0.1534
0.2424
0.2243
0.1094
0.1981
0.4594
0.2207
0.2104
0.2798
0.2841
0.1514
0.1516
0.2285
0.3098
0.1591
0.5106
0.2076
0.3742
0.2859
0.2413
0.2057
0.2909
0.2382
0.274
0.2537
0.1198
0.351
0.1981
0.3692
0.275
0.2641
0.3187
0.06401
0.2012
0.3506
0.2491
0.3679
0.4347
0.1563
0.21
0.1822
0.4279
0.145
0.07373
0.3461
0.2199
0.2133
0.1781
0.2849
3.917e-08
0.0
0.2058
0.3434
0.2308
0.2444
0.1132
0.365
0.1292
0.3516
0.1465
0.1769
0.08729
0.2064
0.211
0.1717
0.4231
0.0
0.3544
0.2475
0.2429
0.2645
0.2789
0.1778
0.1459
0.3141
0.3609
0.2523
0.0
0.5393
0.5064
0.2132
0.4566
0.1563
0.3319
0.2086
0.2074
0.2134
0.07484
0.2245
0.2513
0.1166
0.3262
0.2452
0.1423
0.1456
0.1743
0.242
0.2099
0.1598
0.1628
0.1776
0.2326
0.2934
0.3205
0.1943
0.2483
0.2508
0.2904
0.3554
0.3768
0.3722
0.2418
0.229
0.1023
0.3694
0.2998
0.3532
0.4514
0.2255
0.0484
0.1798
0.1875
0.2142
0.2428
0.2713
0.3853
0.2949
0.2535
0.1878
0.1651
0.2473
0.2976
0.27
0.1719
0.3692
0.2948
0.1473
0.2084
0.1422
0.1834
0.3122
0.4229
0.3048
0.3081
0.2211
0.2545
0.3938
0.3221
0.46
0.2718
0.2119
0.2665
0.447
0.0
0.564
0.3168
0.1618
0.3285
0.5059
0.09174
0.4623
0.4724
0.5603
0.1352
0.292
0.1856
0.1548
0.4397
0.2703
0.3272
0.2758
0.2493
0.296
0.2558
0.1289
0.2685
0.1157
0.1977
0.1937
0.4166
0.2295
0.3343
0.2962
0.257
0.33
0.3258
0.2538
0.2137
0.2384
0.32
0.2672
0.2508
0.166
0.159
0.3136
0.2704
0.3218
0.1415
0.3019
0.379
0.2273
0.3051
0.3613
0.2797
0.2306
0.1352
0.1962
0.1982
0.3822
0.4794
0.2905
0.1837
0.3622
0.1552
0.2731
0.4397
0.2023
0.2653
0.3574
0.1639
0.475
0.2725
0.2328
0.2984
0.2383
0.06975
0.2444
0.2933
0.2206
0.0484
0.06704
0.3663
0.2899
0.2142
0.2084
0.09267
0.3126
0.2251
0.1146
0.3594
0.2492
0.3862
0.2485
0.3154
0.1534
0.3912
0.09841
0.2314
0.1838
0.1204
0.2887
0.1362
0.2058
0.263
0.2246
0.2432
0.2128
0.2863
0.2623
0.2678
0.3143
0.3818
0.2978
0.2478
0.3021
0.5934
0.06401
0.2997
0.379
0.4174
0.06475
0.2627
0.379
0.2641
0.2722
0.5441
0.4307
0.4684
0.2272
0.2472
0.3475
0.2594
0.2826
0.5958
0.2492
0.2386
0.3254
0.3432
0.537
0.537
0.1271
0.09174
0.4083
0.2776
0.2549
0.07738
0.256
0.244
0.2959
0.1289
0.2411
0.1832
0.2447
0.2052
0.1953
0.05425
0.2606
0.2761
0.2805
0.4417
0.2762
0.2364
0.2465
0.2381
0.9792
0.2276
0.3292
0.03683
0.5341
0.3698
0.2723
0.1903
0.2295
0.194
0.322
0.2199
0.5272
0.2133
0.4279
0.241
0.2339
0.406
0.2029
0.3475
0.04805
0.2707
0.2261
0.412
0.2003
0.2995
0.147
0.5958
0.2274
0.1586
0.4298
0.1716
0.2889
0.2427
0.2516
0.241
0.246
0.2193
0.159
0.2232
0.227
0.6238
0.25
0.2855
0.5048
0.3069
0.2511
0.3101
0.1427
0.1904
0.407
0.3339
0.2224
0.2498
0.2559
0.1595
0.188
0.3142
0.166
0.3947
0.2282
0.2178
0.2628
0.2683
0.4561
0.3635
0.2672
0.2569
0.1699
0.0
0.2142
0.06975
0.1743
0.2586
0.1192
0.2077
0.1727
0.241
0.5129
0.3147
0.2382
0.2203
0.2541
0.2761
0.2688
0.2203
0.2238
0.06942
0.23
0.245
0.5979
0.2112
0.1984
0.3894
0.2555
0.1314
0.2705
0.2134
0.3234
0.5958
0.2786
0.196
0.194
0.1561
0.4076
0.2663
0.2232
0.2602
0.2074
0.02822
0.2453
0.1026
0.2747
0.1943
0.4854
0.1937
0.1722
0.2935
0.4242
0.2257
0.2377
0.2241
0.236
0.3083
0.1322
0.2337
0.3355
0.2243
0.2359
0.253
0.2051
0.2058
0.4279
0.3049
0.3521
0.1618
0.3552
3.917e-08
0.2899
0.08046
0.2077
0.3416
0.4409
0.5958
0.2289
0.271
0.06121
0.2064
0.2512
0.379
0.1949
0.4282
0.1192
0.6272
0.2842
0.2763
0.2672
0.3692
0.2359
0.29
0.2081
0.2475
0.3506
0.3879
0.2308
0.4279
0.1977
0.5958
0.0
0.5538
0.1903
0.1904
0.2764
0.2428
0.07094
0.4237
0.3828
0.1988
0.2083
0.2324
0.2777
0.1647
0.2405
0.2934
0.2503
0.2276
0.2326
0.2428
0.2559
0.2344
0.1289
0.3208
0.2415
0.2742
0.1482
0.2947
0.2848
0.21
0.2695
0.4474
0.2021
0.414
0.2794
0.2927
0.2197
0.2053
0.46
0.2258
0.3604
0.2365
0.4191
0.2271
0.2476
0.3849
0.199
0.4775
0.3698
0.2598
0.2992
0.4279
0.1422
0.2424
0.2692
0.1693
0.2456
0.4414
0.3521
0.271
0.1947
0.3222
0.2901
