10.88
17.45
12.72
29.2
6.675
16.0
13.7
11.48
13.8
10.94
16.48
16.48
16.92
7.249
19.17
17.78
8.885
16.91
8.863
11.6
10.5
12.64
11.36
21.66
10.7
16.75
10.44
5.582
14.62
3.579
17.72
13.99
17.71
16.72
9.342
7.967
16.16
17.13
8.062
7.963
13.04
4.553
9.747
13.59
7.239
20.14
7.653
6.382
19.05
32.54
12.86
18.35
11.31
11.87
14.87
11.64
20.38
11.29
15.41
11.82
15.39
21.58
12.41
25.69
16.01
19.27
23.72
27.35
22.01
10.08
16.26
4.588
12.74
15.5
5.289
17.92
23.04
15.44
6.424
7.861
24.96
11.89
5.177
24.17
8.451
20.98
17.61
3.888
21.27
11.61
8.632
20.38
6.933
15.01
14.04
14.13
8.237
22.95
14.1
15.59
12.4
14.79
9.408
16.14
6.476
8.617
15.47
15.58
14.44
12.71
6.292
19.6
18.44
19.53
17.38
16.25
16.39
15.7
19.31
19.18
13.75
18.29
12.4
9.647
10.7
1.233e-06
18.96
15.69
9.709
18.53
3.66
12.58
5.558
17.28
17.49
3.567
9.375
14.51
12.32
4.681
1.869
19.64
28.54
18.48
9.692
17.18
11.29
12.79
11.13
16.86
10.25
11.69
7.336
11.45
14.06
19.96
21.19
4.535
5.658
16.97
13.51
14.16
25.26
21.64
9.67
11.76
4.222
10.05
5.392e-07
22.53
25.94
17.06
6.432
6.709
6.591
10.95
19.81
21.21
12.11
14.19
7.711
7.386
14.76
17.84
11.91
11.9
11.53
9.271
8.551
9.483
21.28
12.16
11.76
15.13
12.21
16.72
13.74
6.489
5.426
17.65
16.86
17.92
11.53
15.67
12.24
15.55
3.96
16.14
16.64
19.83
11.11
11.65
9.213
9.692
12.79
6.55
11.06
12.0
11.02
7.401
12.92
18.98
12.67
19.21
11.94
10.97
5.992
23.32
20.92
24.09
16.29
15.32
13.72
13.74
16.5
22.84
11.5
15.17
26.45
20.35
14.86
14.24
18.24
11.72
11.23
6.426
12.49
18.0
14.22
15.22
8.515
19.69
10.24
19.01
15.48
9.232
12.04
6.487
23.09
20.29
12.92
6.799
14.05
14.18
18.98
10.16
7.986
17.6
12.63
23.07
15.57
14.35
17.34
28.49
6.991
7.55
19.25
14.92
15.37
13.22
11.89
8.315
11.4
15.31
14.89
16.26
21.03
8.662
15.06
22.04
15.56
15.2
15.85
10.96
25.83
18.58
29.69
5.545
27.06
17.53
11.82
14.44
2.684
13.85
3.114
8.286
8.776
11.95
8.468
13.54
21.29
8.471
7.806
6.899
11.71
8.959
3.325
9.745
3.858
18.26
11.33
2.349
24.35
8.144
5.313
15.83
13.36
5.619
24.0
20.04
17.29
16.57
13.71
6.111
13.69
10.0
18.06
18.86
13.92
4.641
7.258
7.026
17.32
13.27
13.36
19.05
12.46
8.669
6.243
21.05
7.772
1.921
9.76
22.19
11.87
9.739
18.55
1.01e-06
5.248
15.61
13.1
8.733
17.17
17.77
15.49
15.89
21.48
4.764
16.16
21.15
2.517
14.72
14.57
1.964
11.43
14.05
15.76
16.88
4.958
8.876e-07
16.62
12.21
5.068
2.566
3.105
6.205
12.81
1.753e-06
23.42
19.34
14.27
8.48
13.58
15.33
6.046
21.79
3.271
22.57
18.83
18.59
17.93
14.43
4.118
26.85
4.19
11.2
4.344
3.159
18.51
12.51
8.123
17.1
7.529
7.525
4.104
5.837
15.34
13.81
3.848
7.182
3.142
13.21
8.328
15.1
10.71
13.34
3.031
5.378
15.15
6.416
11.36
10.07
5.816
16.31
11.79
14.3
8.871
5.243
7.409
7.452
10.77
17.45
10.74
6.053
22.2
18.81
12.7
6.439
20.33
15.39
16.41
3.623
8.149
6.844
18.79
14.17
14.13
10.64
18.86
14.37
16.19
9.413e-07
24.88
8.587
9.18
14.71
20.71
10.37
11.94
14.1
12.67
15.86
16.15
12.72
18.92
15.21
16.41
6.461
3.813
4.188e-07
16.04
4.518
12.27
18.64
8.212
8.217
19.65
25.52
17.38
27.11
20.61
26.07
26.62
20.81
19.01
22.22
19.38
26.77
23.98
26.48
