0.9088
0.7943
0.916
0.6309
0.9838
0.7898
0.9056
0.8818
0.9069
0.9545
0.8165
0.8165
0.7369
0.9381
0.7565
0.7795
0.964
0.7552
0.9184
0.9273
0.9176
0.869
0.8872
0.7719
0.9553
0.8115
0.9363
0.982
0.8118
0.9786
0.8785
0.9026
0.7517
0.8413
0.9349
0.9665
0.8423
0.7661
0.9502
0.866
0.9109
0.9966
0.9659
0.9019
0.974
0.7229
0.9819
0.9492
0.8339
0.384
0.9145
0.8446
0.8887
0.9714
0.8156
0.8747
0.791
0.9225
0.8675
0.8768
0.9077
0.6717
0.8918
0.5758
0.8106
0.7898
0.7366
0.8232
0.5531
0.9595
0.8736
0.9957
0.8879
0.9106
0.956
0.8461
0.6716
0.8092
0.9941
0.9352
0.5382
0.9459
0.9806
0.6489
0.9275
0.781
0.7444
0.9865
0.6021
0.9377
0.9596
0.8471
0.9847
0.8936
0.9305
0.8968
0.8864
0.4908
0.8594
0.8422
0.9342
0.9197
0.9352
0.8683
0.9433
0.9414
0.8405
0.8454
0.8525
0.9101
0.9776
0.8615
0.8531
0.8967
0.7209
0.8453
0.9116
0.8847
0.8208
0.8257
0.9392
0.8429
0.9356
0.9484
0.9491
1.0
0.7566
0.8722
0.9241
0.7765
0.9964
0.9569
0.9954
0.8518
0.8563
0.9928
0.9577
0.8843
0.8646
0.9954
0.9978
0.9064
0.7194
0.7039
0.9741
0.8058
0.9606
0.8439
0.9627
0.8005
0.9557
0.9265
0.9698
0.927
0.9103
0.7553
0.7394
0.9938
0.9894
0.8588
0.8938
0.8832
0.6902
0.802
0.8939
0.9754
0.9786
0.9225
0.9965
0.7194
0.7506
0.9364
0.987
0.9987
0.9886
0.9711
0.7692
0.8007
0.9503
0.8915
0.9573
0.9945
0.9065
0.9013
0.9551
0.8936
0.8949
0.9757
0.9522
0.9628
0.7466
0.8821
0.9789
0.9569
0.9412
0.9436
0.86
0.9986
0.985
0.8421
0.811
0.7788
0.8975
0.9213
0.895
0.7462
0.9923
0.8843
0.8036
0.8866
0.9128
0.9755
0.9805
0.9746
0.8808
0.9249
0.885
0.8595
0.9008
0.9824
0.9493
0.8112
0.948
0.833
0.9704
0.9524
0.9931
0.79
0.8181
0.5741
0.8739
0.8893
0.9084
0.8789
0.7573
0.8231
0.926
0.8782
0.5307
0.8001
0.9263
0.9528
0.7682
0.935
0.944
0.971
0.908
0.7414
0.9615
0.9431
0.9847
0.7961
0.9663
0.8023
0.8717
0.978
0.9596
0.9896
0.6798
0.6155
0.9197
0.9954
0.9229
0.9557
0.8899
0.9414
0.9415
0.87
0.9574
0.5044
0.8943
0.9359
0.9084
0.5679
0.994
0.9818
0.7509
0.9526
0.9033
0.9215
0.9309
0.975
0.9777
0.8347
0.7667
0.9404
0.6505
0.9811
0.9055
0.7115
0.8571
0.9171
0.9355
0.9024
0.781
0.896
0.4775
0.9835
0.5688
0.8804
0.9284
0.8178
0.9984
0.8383
0.9914
0.9656
0.9601
0.9259
0.9615
0.9162
0.6672
0.935
0.947
0.9521
0.8978
0.952
0.9849
0.9125
0.9895
0.8117
0.9169
0.9919
0.7703
0.9522
0.9932
0.7889
0.9402
0.9784
0.7152
0.7693
0.8919
0.799
0.9053
0.9824
0.8443
0.948
0.821
0.7576
0.8308
0.9913
0.9769
0.9906
0.7812
0.9321
0.9038
0.7378
0.9283
0.9365
0.9925
0.799
0.969
0.9972
0.9023
0.7617
0.91
0.9752
0.8169
0.9995
0.9918
0.8346
0.9453
0.9516
0.8872
0.7357
0.8326
0.8825
0.8028
0.982
0.8293
0.7577
0.9913
0.8534
0.8553
0.9996
0.9225
0.8598
0.8595
0.8544
0.9812
0.9991
0.8627
0.8621
0.9923
0.9983
0.9893
0.9899
0.9221
1.0
0.5956
0.8207
0.9078
0.9647
0.8446
0.8449
0.964
0.6639
0.9964
0.6815
0.8295
0.8277
0.8337
0.878
0.9963
0.7271
0.988
0.9055
0.9899
0.9981
0.8326
0.9109
0.9274
0.7797
0.986
0.9911
0.9974
0.9858
0.8727
0.8574
0.997
0.9525
0.9942
0.9057
0.9631
0.9042
0.9318
0.8884
0.9961
0.9656
0.8341
0.9808
0.9718
0.9527
0.9579
0.8496
0.9313
0.8901
0.9641
0.9959
0.9779
0.9722
0.8592
0.8103
0.87
0.979
0.7551
0.8397
0.9249
0.9789
0.6661
0.862
0.832
0.9899
0.9757
0.9498
0.7946
0.8703
0.865
0.8925
0.8103
0.7984
0.8731
0.9988
0.708
0.9436
0.9837
0.8491
0.7649
0.9568
0.8854
0.8538
0.8885
0.7316
0.7394
0.8576
0.7469
0.899
0.7864
0.9916
0.9978
0.9998
0.8408
0.9875
0.841
0.7642
0.9639
0.957
0.7741
0.5312
0.8178
0.5931
0.5881
0.6788
0.5089
0.6535
0.817
0.7702
0.8299
0.437
0.5396
0.69
