71.61
112.6
91.74
247.9
0.0
93.72
80.88
150.2
122.5
0.0
161.7
161.7
161.0
114.6
131.3
90.74
50.1
158.1
72.34
64.17
59.92
120.5
130.3
142.0
35.65
71.05
89.68
36.82
103.7
23.2
134.5
106.7
137.2
90.02
72.68
74.21
103.6
118.6
66.94
59.45
87.52
24.12
0.0
76.8
32.23
100.9
0.0
83.56
106.1
239.2
145.7
142.3
132.6
0.0
133.1
108.3
128.2
110.3
147.1
123.9
114.6
195.9
188.1
168.8
233.7
209.6
127.4
140.7
259.0
33.4
164.5
0.0
120.6
114.5
47.43
133.2
182.4
129.1
0.0
102.7
284.2
89.54
56.07
147.8
145.6
191.5
138.1
38.01
224.5
85.92
73.21
187.0
0.0
127.7
61.44
113.4
113.1
224.6
79.8
107.1
84.0
210.9
79.55
133.7
86.46
86.46
130.3
164.4
157.2
79.11
0.0
179.9
162.1
162.1
184.8
172.8
141.5
137.0
129.3
129.3
72.58
178.9
182.4
0.0
61.28
4.85e-06
156.9
132.7
119.9
169.3
0.0
69.04
0.0
124.7
124.7
0.0
35.51
100.7
149.6
2.639e-06
1.051e-06
89.55
301.5
151.3
63.81
149.8
0.0
110.2
0.0
164.6
77.73
73.79
36.5
70.04
84.86
180.5
168.0
0.0
0.0
99.26
97.33
94.5
167.0
120.7
100.1
0.0
43.97
135.4
3.74e-06
152.6
154.4
76.31
0.0
0.0
3.309e-06
57.55
231.0
105.1
50.35
88.4
52.26
0.0
122.6
113.3
93.11
104.7
114.1
0.0
86.32
61.55
133.7
136.7
0.0
81.1
79.91
106.4
143.4
0.0
2.214e-06
149.4
152.7
120.3
95.22
0.0
160.0
161.1
0.0
110.8
94.12
126.2
106.7
0.0
0.0
64.76
108.9
89.06
102.7
101.4
94.54
0.0
0.0
161.2
94.67
142.7
0.0
0.0
26.25
155.5
155.5
281.0
106.5
0.0
0.0
123.3
169.9
190.8
81.55
195.3
183.2
193.1
0.0
0.0
177.6
0.0
83.83
52.01
90.8
144.0
0.0
0.0
0.0
140.6
0.0
139.4
121.8
0.0
96.17
0.0
294.5
164.3
104.4
4.11e-06
100.3
0.0
124.9
53.76
103.6
112.1
0.0
248.8
110.3
112.9
133.2
199.5
26.54
98.41
147.6
0.0
125.8
109.4
84.94
0.0
61.61
128.8
153.2
103.7
207.0
50.07
115.8
189.2
137.2
87.07
98.55
93.18
183.6
119.8
249.7
0.0
306.4
159.3
95.63
120.9
4.094e-06
105.3
17.68
56.25
49.55
49.29
51.27
78.28
117.6
65.33
48.07
121.1
77.05
117.9
0.0
85.91
0.0
92.41
58.5
0.0
134.7
37.53
35.35
101.4
56.26
35.79
184.4
175.1
99.47
106.2
99.02
31.6
87.7
23.67
82.44
190.4
116.5
23.21
61.52
0.0
123.7
58.66
58.61
147.3
65.04
54.91
0.0
181.7
41.04
1.594e-06
102.8
122.3
70.75
62.38
145.3
0.0
0.0
101.7
57.02
37.65
135.5
157.9
154.8
97.02
101.0
0.0
106.5
176.9
2.353e-06
80.4
78.47
1.72e-06
57.81
100.8
93.41
94.34
28.33
0.0
145.3
135.2
0.0
3.89e-06
4.681e-06
0.0
54.99
4.65e-06
158.6
134.7
88.99
49.98
149.5
79.05
42.83
160.5
0.0
128.4
113.2
114.2
108.0
84.09
10.87
214.3
36.64
69.24
43.21
0.0
110.0
138.3
91.89
138.2
23.65
39.44
14.79
0.0
95.45
96.44
15.36
66.02
14.24
132.2
40.02
68.51
57.37
66.51
0.0
34.47
148.1
56.09
89.75
53.14
115.6
111.0
85.78
80.01
62.01
24.69
50.49
53.71
81.71
103.7
80.38
37.64
172.3
116.7
67.24
42.48
122.3
80.37
92.97
1.789e-06
47.77
51.02
114.1
83.42
84.26
87.62
162.4
103.5
114.4
0.0
166.9
53.72
53.21
68.97
146.9
38.46
115.9
133.2
74.67
151.5
145.9
103.3
137.9
92.53
121.8
30.7
10.48
0.0
69.89
23.65
73.6
140.7
48.02
55.27
94.84
230.9
111.9
169.8
121.6
187.8
247.4
169.6
150.5
186.5
148.7
259.4
201.7
156.5
