0.8894
0.8062
0.8758
0.6719
0.9769
0.8498
0.8864
0.9015
0.8851
0.9332
0.8149
0.8149
0.7921
0.9524
0.7516
0.7912
0.9545
0.7575
0.9131
0.9201
0.8916
0.9098
0.859
0.7361
0.9266
0.8289
0.8657
0.9726
0.798
0.9874
0.812
0.873
0.8227
0.862
0.9278
0.9592
0.8523
0.7162
0.924
0.8261
0.8938
0.9944
0.9561
0.8803
0.9661
0.7513
0.9762
0.924
0.8016
0.5263
0.8441
0.8134
0.9005
0.957
0.8273
0.8733
0.8646
0.8364
0.8581
0.8595
0.8184
0.7185
0.8348
0.6317
0.6221
0.7716
0.7652
0.792
0.6023
0.9425
0.8206
0.9868
0.8553
0.9153
0.9923
0.8565
0.7058
0.8465
0.9887
0.9332
0.6454
0.8825
0.9625
0.6805
0.8965
0.7172
0.7874
0.9819
0.6269
0.9178
0.9545
0.8097
0.9563
0.8499
0.8797
0.7899
0.9216
0.5816
0.8892
0.7995
0.8851
0.8171
0.9387
0.8659
0.9488
0.9344
0.8073
0.8085
0.8205
0.9248
0.9459
0.7424
0.8113
0.8312
0.6831
0.7677
0.8516
0.8743
0.844
0.8456
0.9104
0.8128
0.9377
0.8792
0.9235
1.0
0.827
0.813
0.9038
0.7382
0.9893
0.8982
0.9922
0.8383
0.8433
0.9829
0.943
0.8793
0.8352
0.9847
0.9921
0.9003
0.5987
0.7431
0.9316
0.7697
0.8833
0.887
0.9521
0.8116
0.9239
0.9052
0.9698
0.9155
0.8914
0.7615
0.6982
0.9808
0.9826
0.8538
0.8975
0.8882
0.68
0.7384
0.9184
0.964
0.9771
0.858
0.9929
0.7162
0.7549
0.9134
0.9803
0.9931
0.9587
0.9487
0.7299
0.7855
0.8427
0.8922
0.9588
0.9763
0.861
0.8258
0.8967
0.9176
0.8694
0.9651
0.932
0.9133
0.7275
0.8275
0.9679
0.9369
0.9075
0.911
0.8375
0.9945
0.9511
0.7366
0.7912
0.7971
0.878
0.8961
0.8602
0.7902
0.98
0.8515
0.8634
0.8252
0.8895
0.9316
0.9421
0.9684
0.8616
1.0
0.9636
0.9248
0.9008
0.9363
0.9399
0.8144
0.9436
0.8028
0.9442
0.9345
0.9958
0.7611
0.7951
0.633
0.8783
0.8724
0.9077
0.8588
0.717
0.7847
0.8723
0.8465
0.6585
0.7352
0.8917
0.9246
0.7558
0.9237
0.9409
0.97
0.9037
0.7969
0.9392
0.9105
0.9773
0.7932
0.9551
0.8248
0.8279
0.9718
0.9094
0.9665
0.6875
0.7019
0.8674
0.9924
0.8895
0.9293
0.8376
0.9333
0.9239
0.8749
0.9403
0.5954
0.864
0.8978
0.9085
0.6834
0.9905
0.9583
0.8112
0.9164
0.8239
0.8471
0.9171
0.9182
0.9629
0.8093
0.8253
0.89
0.6799
0.9656
0.8949
0.7997
0.8688
0.8817
0.9365
0.9147
0.7128
0.8492
0.6078
0.9541
0.662
0.8543
0.8842
0.8317
0.9968
0.8434
0.9913
0.9463
0.9328
0.9278
0.9509
0.8935
0.7514
0.9234
0.9577
0.9479
0.8306
0.9533
0.9509
0.8988
0.9759
0.8237
0.914
0.9779
0.786
0.9717
0.9794
0.8406
0.9393
0.9594
0.6503
0.7556
0.8605
0.8282
0.894
0.955
0.8631
0.9532
0.8319
0.7325
0.8581
0.9902
0.9722
0.9858
0.8167
0.9041
0.8861
0.7602
0.9
0.8889
0.9887
0.7858
0.9678
0.9899
0.901
0.7861
0.9179
0.9221
0.7867
0.9981
0.9893
0.7983
0.9186
0.9266
0.8681
0.7813
0.7901
0.8744
0.8106
0.9739
0.7993
0.6906
0.9768
0.8794
0.8782
0.9987
0.8992
0.8292
0.8218
0.8015
0.9813
0.9962
0.8045
0.8491
0.9871
0.9959
0.9853
0.9877
0.9046
1.0
0.7026
0.7274
0.8728
0.9747
0.8401
0.8746
0.9769
0.724
0.9927
0.7099
0.8184
0.8283
0.8335
0.8794
0.9929
0.6614
0.9845
0.8821
0.988
0.9902
0.8109
0.9098
0.9044
0.7725
0.9723
0.9861
0.9954
0.9613
0.8514
0.8657
0.9944
0.9422
0.9906
0.9142
0.9637
0.8754
0.9356
0.8872
0.9902
0.9776
0.8378
0.9731
0.9393
0.9384
0.9452
0.8163
0.9326
0.8698
0.9436
0.9963
0.9709
0.9521
0.8956
0.8547
0.9041
0.9754
0.7419
0.8183
0.9301
0.9774
0.6931
0.8141
0.8382
0.9683
0.9471
0.9675
0.8212
0.8617
0.8571
0.9133
0.7579
0.8214
0.8468
0.9946
0.7206
0.9163
0.9678
0.8815
0.7772
0.9503
0.9043
0.8789
0.888
0.7902
0.7832
0.8683
0.7839
0.8575
0.8221
0.9886
0.9977
0.9991
0.8487
0.9861
0.8597
0.7909
0.9501
0.9441
0.7413
0.6713
0.8066
0.7067
0.6855
0.7472
0.6295
0.7155
0.7291
0.7596
0.7715
0.6373
0.6695
0.7255
