0.9445
0.8074
0.9211
0.663
1.0
0.8222
0.9056
0.8546
0.9247
1.0
0.8517
0.8517
0.7135
0.9174
0.7869
0.8069
0.9771
0.7403
0.9234
0.9342
0.9342
0.8469
0.8777
0.7869
0.9703
0.8113
0.9504
0.9875
0.8098
0.9671
0.8426
0.9011
0.7157
0.8226
0.9285
0.9547
0.8451
0.7876
0.9611
0.9426
0.9284
0.9976
1.0
0.9087
0.989
0.7499
1.0
0.9439
0.8297
0.4257
0.9088
0.8582
0.8135
1.0
0.8105
0.8757
0.8231
0.9524
0.8843
0.8867
0.9262
0.7021
0.9146
0.5443
0.8585
0.8431
0.7492
0.8316
0.5431
0.9781
0.8278
1.0
0.912
0.9097
0.9249
0.8479
0.6947
0.8211
1.0
0.9256
0.4645
0.9696
0.9813
0.6879
0.9166
0.8028
0.7387
0.9866
0.4941
0.9575
0.9693
0.8579
1.0
0.9099
0.9412
0.8867
0.8896
0.5206
0.878
0.855
0.9704
0.866
0.9232
0.8465
0.933
0.933
0.779
0.7503
0.7768
0.9166
1.0
0.8612
0.9063
0.9063
0.7559
0.8853
0.9466
0.8887
0.8347
0.8347
0.9526
0.8866
0.8997
1.0
0.9588
1.0
0.6961
0.8698
0.9204
0.8145
1.0
0.9766
1.0
0.8462
0.8462
1.0
0.9704
0.9146
0.8587
1.0
1.0
0.9176
0.7262
0.7451
0.9882
0.8275
1.0
0.8315
1.0
0.8101
0.9595
0.9351
0.976
0.9416
0.9276
0.7776
0.7887
1.0
1.0
0.8756
0.8757
0.8763
0.6728
0.8473
0.916
1.0
0.9729
0.9822
1.0
0.7484
0.7719
0.9489
1.0
1.0
1.0
0.9824
0.7697
0.7826
0.8682
0.8792
0.9523
1.0
0.8843
0.9739
0.9751
0.9102
0.9109
1.0
0.9717
0.9801
0.7606
0.8938
1.0
0.9561
0.9655
0.9466
0.8879
1.0
1.0
0.8603
0.8309
0.7826
0.881
1.0
0.9204
0.7553
1.0
0.9296
0.7534
0.9192
0.9091
1.0
1.0
0.9748
0.8755
0.8502
0.8056
0.8493
0.9159
1.0
1.0
0.8662
0.9587
0.8725
1.0
1.0
0.9945
0.8332
0.8332
0.6211
0.9171
1.0
1.0
0.9009
0.7837
0.8866
0.9172
0.8869
0.5679
0.8369
1.0
1.0
0.8061
1.0
0.9444
0.9703
0.9316
0.7233
1.0
1.0
1.0
0.789
1.0
0.814
0.893
1.0
0.9841
1.0
0.6773
0.6323
0.9302
1.0
0.9458
1.0
0.9149
0.9604
0.9335
0.915
1.0
0.4865
0.9497
0.9517
0.8658
0.5467
0.9966
0.98
0.6551
1.0
0.9391
0.9486
0.9447
1.0
0.9868
0.8634
0.7928
0.9662
0.7156
0.9831
0.9205
0.6994
0.843
0.9253
0.9508
0.8906
0.8108
0.9174
0.4753
1.0
0.5816
0.8705
0.9477
0.8513
1.0
0.8559
0.9929
0.9722
0.9659
0.9245
0.987
0.9264
0.6709
0.9078
0.9495
0.9159
0.9027
0.9076
1.0
0.9177
1.0
0.8336
0.9311
1.0
0.8003
0.9489
0.9937
0.8347
0.9554
0.9819
0.7812
0.807
0.9096
0.8021
0.9083
0.9906
0.8134
0.9781
0.8293
0.7611
0.8104
0.9914
0.9695
1.0
0.7931
0.9496
0.9266
0.7683
0.9459
0.952
1.0
0.846
0.9743
1.0
0.9061
0.7698
0.8971
0.9877
0.8402
1.0
1.0
0.8221
0.9587
0.9655
0.8841
0.7533
0.7599
0.8752
0.8262
1.0
0.8473
0.7984
1.0
0.8634
0.8627
1.0
0.9399
0.8401
0.8644
0.8713
0.9831
1.0
0.8683
0.8827
1.0
1.0
1.0
1.0
0.8684
1.0
0.6595
0.7722
0.926
0.945
0.7734
0.8713
0.953
0.654
1.0
0.6894
0.871
0.8611
0.8693
0.8792
0.9986
0.7453
0.9853
0.9114
0.9827
1.0
0.8328
0.8756
0.9532
0.783
0.9907
0.9908
0.9975
1.0
0.8795
0.8713
0.998
0.9566
0.9964
0.8869
0.9629
0.9209
0.9282
0.8582
1.0
0.9666
0.797
0.9846
0.971
0.9638
0.9382
0.8585
0.935
0.8849
0.9747
0.9971
0.9742
0.9717
0.7968
0.7761
0.866
0.9769
0.746
0.8518
0.9176
0.9781
0.7063
0.8809
0.852
1.0
0.9784
0.9493
0.8202
0.873
0.868
0.8859
0.8242
0.7527
0.8557
1.0
0.6678
0.9393
0.9871
0.8505
0.7663
0.9445
0.8765
0.8259
0.8908
0.7174
0.731
0.813
0.7523
0.8888
0.7776
0.9926
0.9987
1.0
0.8631
0.9883
0.862
0.8247
0.9773
0.9654
0.7812
0.4817
0.8443
0.6196
0.6253
0.6765
0.4953
0.5916
0.8183
0.7967
0.8602
0.3751
0.4753
0.7024
