0.3615
0.6962
0.4441
1.211
0.2647
0.5407
0.3853
0.6307
0.6492
0.4832
0.8761
0.8761
0.6066
0.3452
0.8726
1.028
0.3346
0.6388
0.3662
0.41
0.387
0.5966
0.3983
0.9524
0.3501
0.6115
0.5551
0.1685
0.5096
0.2065
0.6824
0.5709
0.5731
0.5209
0.4103
0.3149
0.6396
0.8012
0.3837
0.3018
0.4386
0.1073
0.3589
0.5789
0.2255
0.6354
0.1559
0.3244
0.7477
1.66
0.6311
1.256
0.7569
0.4854
0.6455
0.5212
1.535
0.5054
0.6384
0.5099
0.8803
1.397
0.6555
1.305
1.43
1.472
1.348
1.266
1.699
0.2239
0.6873
0.187
0.9332
0.9326
0.3684
0.7144
1.506
0.7653
0.1851
0.3641
0.9935
0.4809
0.262
1.138
0.532
1.013
0.9934
0.1548
0.8944
0.5892
0.3521
1.027
0.3775
0.797
0.4554
0.5149
0.5532
1.011
0.6899
0.752
0.6125
0.6502
0.4478
0.7729
0.4049
0.5514
0.6424
0.6254
0.6104
0.6681
0.3865
0.9334
0.8723
0.878
1.067
1.345
0.6574
1.154
0.7786
0.7664
0.7281
1.072
0.632
0.562
0.4878
7.876e-08
0.9186
0.6494
0.6721
0.9089
0.1285
0.5593
0.1285
0.6896
0.6649
0.1524
0.2675
0.7153
0.7611
0.1913
0.06978
0.9633
1.672
0.8966
0.3283
0.8584
0.7138
0.8797
0.4261
0.9882
0.4082
0.547
0.3225
0.5095
0.6003
1.133
0.9589
0.175
0.1062
0.7485
0.6239
0.6581
1.029
0.8035
0.6533
0.4363
0.2189
0.7487
4.102e-08
1.342
1.497
0.7773
0.1832
0.3522
0.3519
0.4111
1.022
1.024
0.6733
0.5789
0.3034
0.3395
0.7217
1.076
0.4827
0.5777
0.8312
0.3371
0.3527
0.4409
0.9502
0.6172
0.4495
0.5978
0.6169
0.7064
0.9843
0.3352
0.3313
0.8619
0.893
0.8562
0.4934
0.8743
0.5494
0.8943
0.1386
0.6121
1.25
1.141
0.8447
0.7138
0.546
0.3131
0.5747
0.4808
0.6407
0.5794
0.4744
0.5502
0.5604
1.231
0.6572
0.7318
0.5053
0.5064
0.1444
1.218
1.169
1.728
0.7637
0.8468
0.5474
1.175
1.063
1.151
0.4788
0.8365
1.316
0.9779
0.7893
0.6836
1.296
0.4507
0.7726
0.2781
0.6553
0.7365
0.6581
0.7469
0.2838
1.009
0.4082
1.073
0.748
0.3113
0.4672
0.2828
1.767
1.111
0.6251
0.2029
0.8395
0.6598
1.012
0.5015
0.4381
0.882
0.5693
1.257
0.8787
0.805
0.7608
1.284
0.1701
0.3059
0.7888
0.7598
1.002
0.5783
0.6351
0.5657
0.5779
1.217
0.8026
0.8239
1.452
0.3053
0.9697
1.229
0.8249
0.8972
0.899
0.4147
1.223
0.9571
1.657
0.3234
1.242
0.7243
0.563
0.6501
0.04647
0.631
0.1028
0.2745
0.285
0.4761
0.2549
0.5708
0.7493
0.2889
0.2625
0.3069
0.3656
0.3115
0.2276
0.5415
0.1731
0.7148
0.4703
0.05882
0.9116
0.3178
0.1465
0.6332
0.3546
0.2168
1.249
1.127
0.715
0.7555
0.5585
0.2224
0.3939
0.3597
0.6334
0.782
0.4806
0.1399
0.252
0.1953
0.5078
0.3779
0.4899
0.7621
0.4885
0.4063
0.1598
0.7042
0.2973
0.06606
0.5101
1.069
0.4422
0.3689
0.7847
4.126e-08
0.1153
0.514
0.424
0.3272
0.5445
0.665
0.6992
0.6775
0.9271
0.1943
0.4817
1.161
0.1242
0.4861
0.4836
0.04376
0.6579
0.4459
0.5439
0.5881
0.2077
5.274e-08
0.933
0.4221
0.1211
0.06918
0.1511
0.1579
0.4176
5.657e-08
0.9528
0.8781
0.6508
0.356
0.5763
0.5827
0.239
0.7871
0.07856
0.9074
0.6666
0.6496
0.6272
0.4936
0.08515
1.263
0.1568
0.439
0.1081
0.06888
0.7575
0.5598
0.4204
0.5995
0.1818
0.1981
0.08132
0.2156
0.5437
0.5711
0.09706
0.2913
0.08787
0.5778
0.3243
0.6122
0.4489
0.3859
0.08255
0.2741
0.7203
0.2084
0.5016
0.3735
0.3666
0.5458
0.513
0.5804
0.3502
0.1167
0.2768
0.2382
0.3333
0.6292
0.5305
0.2171
0.8715
0.7228
0.3789
0.211
0.6799
0.5248
0.6137
0.2133
0.318
0.2827
0.968
0.4046
0.4308
0.4216
0.8882
0.4551
0.6697
6.125e-08
1.036
0.2418
0.4013
0.4762
0.7234
0.2696
0.5633
0.5551
0.5522
0.6377
0.6404
0.4878
0.756
0.4977
0.6856
0.1584
0.07386
2.251e-08
0.4351
0.1199
0.4338
0.749
0.2088
0.2104
0.6286
1.258
0.5804
0.9959
0.8871
1.111
1.012
0.7726
0.811
1.006
1.165
1.273
0.9122
1.023
