1.758
1.426
2.771
0.3801
2.206
0.93
4.723
1.922
2.02
1.426
2.632
1.524
2.87
1.259
3.192
1.999
0.9106
4.302
0.9815
0.5341
2.413
1.49
1.549
2.826
1.906
1.791
0.3779
1.75
1.183
1.088
1.788
0.4299
2.795
2.84
1.788
1.675
2.024
1.561
1.591
1.743
1.833
2.568
3.167
2.299
1.437
1.38
2.445
1.864
1.631
1.198
1.198
3.185
2.562
2.222
1.816
1.665
1.941
2.015
2.465
1.697
3.918
1.994
1.317
2.727
2.727
2.158
1.727
1.961
2.99
1.719
1.777
3.16
2.49
2.241
1.858
3.335
2.021
2.33
1.891
2.014
1.51
2.489
1.709
2.422
1.815
2.064
2.032
2.34
2.844
3.161
2.463
1.759
2.076
3.968
3.766
3.978
1.562
2.609
2.385
2.112
2.916
2.721
1.016
2.091
1.111
2.25
2.234
2.359
3.06
2.479
1.313
1.298
2.778
2.713
1.515
1.068
2.597
2.683
5.16
2.622
3.503
1.918
1.918
3.601
2.448
1.899
2.388
2.905
1.956
3.882
1.98
3.526
2.739
1.309
1.978
1.465
3.488
2.834
1.199
2.562
1.856
3.399
2.431
6.432
3.171
2.178
2.536
2.203
3.254
1.313
2.711
2.541
1.636
3.384
3.533
5.675
2.777
2.589
0.8098
2.936
2.322
4.847
2.171
2.678
1.541
2.309
4.021
3.71
3.706
4.816
3.106
1.586
2.532
1.9
2.278
4.925
2.658
1.634
2.452
2.341
1.678
2.369
3.081
2.225
1.993
1.864
2.295
4.629
5.526
1.443
1.697
3.979
2.328
2.62
2.76
1.727
2.622
2.061
2.309
1.314
4.816
3.896
4.043
2.722
2.447
3.247
3.111
3.002
2.781
4.83
4.637
2.467
2.238
3.595
4.419
2.765
3.269
3.449
2.329
4.244
3.04
4.972
2.323
4.646
5.608
4.046
2.015
4.039
5.093
5.069
1.954
5.754
3.852
2.601
2.615
4.885
5.02
4.038
3.248
3.127
0.6142
2.306
3.511
4.216
2.269
3.661
2.26
1.355
1.608
5.78
4.133
3.703
1.958
4.536
2.265
2.285
2.55
2.368
3.235
4.721
1.982
4.612
5.63
2.979
4.146
4.24
2.395
3.049
2.354
3.192
2.488
2.982
2.828
4.113
5.312
4.618
4.004
5.014
2.576
4.45
2.975
2.928
5.062
4.785
4.844
2.208
2.799
2.042
1.236
2.413
2.305
2.637
2.97
6.039
4.963
4.346
2.135
5.319
3.204
2.713
2.442
3.047
3.897
1.947
4.428
3.044
3.153
3.109
4.259
5.362
2.549
2.597
4.389
3.892
2.76
4.968
1.937
4.715
2.867
2.316
3.003
3.25
4.41
4.465
2.848
3.054
3.272
4.197
4.291
3.097
4.305
4.104
5.27
5.254
5.37
4.534
5.285
4.111
2.502
3.316
2.43
1.883
3.562
4.7
4.869
4.088
5.073
4.291
2.17
2.155
3.339
2.948
5.416
6.056
4.964
5.278
4.146
2.526
2.718
5.14
4.329
4.266
5.435
2.477
3.923
5.204
5.358
4.409
2.221
3.482
2.769
5.991
5.137
1.957
3.508
4.363
2.1
2.189
3.105
3.402
3.715
2.349
2.486
2.857
3.64
4.754
3.764
4.546
3.627
2.909
3.397
2.084
2.95
3.105
4.676
5.327
3.095
2.631
2.062
2.345
4.836
4.01
2.614
3.783
4.973
4.565
5.125
2.764
4.328
4.522
4.593
3.951
3.963
3.033
2.425
3.988
3.628
4.176
2.86
3.462
3.338
4.943
3.693
5.209
3.581
2.321
5.816
5.742
3.167
3.492
5.215
4.062
4.874
3.877
3.119
5.316
2.323
3.888
4.755
5.408
3.705
2.928
3.778
2.965
2.377
3.861
4.914
3.636
3.141
3.133
4.94
5.183
5.493
4.886
2.97
6.465
3.135
3.635
3.602
4.071
5.467
5.225
3.417
4.439
3.014
4.747
3.157
4.619
6.093
5.416
3.694
3.085
3.846
4.862
4.204
4.056
3.262
4.674
3.95
3.716
4.107
2.56
2.88
5.17
3.285
2.631
3.592
4.759
5.114
5.229
4.409
4.34
4.131
4.234
1.352
1.684
1.406
2.107
0.3662
1.817
1.631
1.013
1.776
2.091
1.924
1.823
2.163
1.49
1.146
2.143
1.49
1.835
1.323
2.418
1.289
1.472
1.906
2.22
2.159
2.159
1.984
1.984
2.159
2.159
1.835
1.792
2.215
0.2823
0.8356
1.053
1.127
2.132
2.406
2.114
1.869
0.4299
3.149
2.112
1.353
2.316
3.658
0.3512
1.92
5.311
1.213
1.167
1.459
0.6917
1.982
3.014
1.86
1.52
2.103
1.711
0.8288
1.722
2.211
1.665
1.34
3.208
2.508
2.619
2.603
2.451
1.06
2.523
1.471
3.008
1.472
2.676
2.239
2.323
2.534
1.106
1.109
1.871
3.791
5.058
3.57
2.104
1.61
2.187
1.932
1.971
2.187
1.331
1.815
2.044
2.267
1.946
3.888
1.976
1.51
2.606
1.759
3.533
0.5267
3.968
4.014
2.341
1.514
2.188
3.421
2.689
3.881
3.881
5.234
2.578
3.408
1.127
2.77
2.05
3.323
2.568
1.924
2.146
1.944
2.637
2.971
2.195
2.287
3.373
1.587
2.3
2.969
1.939
1.521
5.552
2.025
2.943
4.268
3.627
1.506
3.252
1.588
2.956
4.624
3.674
2.751
2.34
1.932
1.763
3.9
3.143
2.227
1.629
1.815
2.926
1.162
2.814
2.969
2.514
1.977
3.333
2.742
1.837
3.256
2.062
3.067
2.466
1.52
2.02
5.372
2.629
3.264
2.438
2.458
4.707
1.417
3.586
2.111
2.862
3.363
2.143
2.991
2.561
3.307
2.295
4.782
2.332
5.287
2.351
2.534
3.237
1.698
4.368
1.75
5.02
2.127
3.756
3.046
2.769
1.897
3.696
3.042
2.451
2.629
4.029
4.87
4.665
3.267
2.522
4.891
2.295
2.722
2.714
1.888
3.367
5.807
3.539
3.03
2.453
3.313
2.191
4.544
5.44
3.246
2.288
5.527
2.794
2.508
3.329
5.22
4.938
4.907
4.679
5.783
2.829
3.092
1.281
2.773
2.49
2.239
3.562
3.001
1.804
5.528
5.378
4.942
4.44
2.339
2.36
4.311
4.537
4.129
5.065
3.588
2.257
1.936
1.824
2.167
4.432
2.738
6.221
3.497
4.217
4.891
5.572
2.333
2.648
4.03
3.935
3.12
5.492
3.353
2.711
3.5
5.207
2.39
2.831
2.54
2.973
3.132
3.208
2.682
4.862
2.686
3.024
2.479
2.271
2.85
2.269
5.507
2.977
5.494
4.468
3.161
3.954
2.231
2.365
3.902
3.627
2.179
2.741
3.465
5.023
2.571
4.428
2.982
1.878
5.139
4.932
2.499
2.785
3.385
3.126
2.948
2.513
3.458
4.422
2.909
2.212
5.516
5.001
3.874
3.217
4.584
4.754
4.528
2.278
2.595
5.234
4.48
2.782
2.923
3.226
6.388
4.914
4.132
5.842
2.946
4.549
4.3
3.276
2.942
2.69
3.354
3.78
2.1
4.646
1.712
3.638
4.171
3.139
2.907
5.906
2.611
4.66
4.506
3.988
4.263
4.426
5.61
2.615
5.221
3.958
2.146
3.246
5.899
6.582
5.007
3.676
5.423
4.762
4.863
4.03
6.075
3.599
5.931
4.275
3.685
6.178
2.61
4.112
3.444
5.379
2.882
2.932
3.926
2.807
3.81
4.333
2.808
4.1
2.301
5.44
4.795
3.21
2.833
2.876
5.576
3.205
2.515
3.279
4.667
2.575
3.614
4.777
3.864
4.023
3.383
3.188
4.612
4.668
4.012
5.738
3.66
2.071
4.723
5.539
5.696
4.354
4.573
3.581
3.951
2.167
5.455
4.146
4.405
4.046
5.709
3.859
5.774
2.53
3.525
3.453
5.865
1.823
4.877
5.9
4.703
2.651
3.443
4.862
5.236
2.805
4.842
5.3
3.573
3.493
4.214
5.055
4.45
4.201
5.057
2.927
4.933
3.66
5.247
3.479
5.488
3.65
4.183
3.75
4.306
5.477
3.456
5.74
5.33
4.193
3.387
2.801
5.816
4.139
2.476
5.15
2.227
3.838
2.292
3.457
3.936
3.471
5.706
4.716
3.282
5.416
3.176
3.055
3.19
3.147
3.047
3.489
3.12
3.433
4.45
4.107
3.591
5.046
5.864
4.07
4.471
5.163
5.191
3.882
4.474
4.466
5.115
3.875
4.879
3.94
1.174
3.406
2.677
3.186
1.963
3.689
2.638
3.006
2.679
1.921
1.53
1.755
4.829
3.845
1.562
2.566
4.256
2.838
2.666
3.848
4.566
3.23
2.963
5.054
1.896
2.656
1.654
1.377
3.731
2.268
3.345
3.065
3.662
2.234
4.67
2.53
2.5
2.54
1.321
2.248
2.667
3.677
3.126
3.48
2.264
3.542
2.422
3.725
2.449
3.072
4.822
3.407
2.284
1.918
2.428
3.14
3.292
1.721
1.672
2.256
5.677
5.403
1.824
2.793
2.433
2.67
3.326
3.757
2.696
2.326
2.07
2.902
3.648
4.79
3.432
3.234
2.186
4.96
2.714
3.057
3.247
4.071
1.473
1.872
4.771
1.963
3.392
1.492
1.492
4.355
2.482
2.25
4.631
2.761
2.073
4.484
3.768
2.271
2.854
3.253
5.31
3.995
2.138
1.832
1.92
3.384
3.384
1.66
5.816
3.469
2.194
1.792
1.524
3.239
3.233
3.786
4.527
1.881
3.186
3.665
3.698
3.574
3.652
3.104
3.327
3.656
4.021
2.57
2.818
1.312
1.455
2.268
4.078
2.312
3.175
3.818
3.162
0.8956
4.935
3.827
3.221
3.75
2.636
5.147
4.667
2.13
3.205
4.966
2.294
2.528
1.979
3.1
4.303
3.134
2.197
2.153
2.172
1.491
3.748
0.0
4.573
3.302
2.077
1.687
2.132
2.708
2.533
4.571
3.956
4.208
1.056
1.549
4.11
3.994
2.176
3.421
2.009
1.784
4.94
2.961
3.913
3.623
2.9
4.243
1.275
5.67
3.409
2.078
4.575
3.327
3.595
2.967
5.086
2.375
2.839
2.469
3.587
3.461
4.136
3.771
1.396
5.858
2.874
1.594
1.991
4.424
2.917
1.921
3.527
2.967
2.274
3.84
2.462
3.472
2.788
3.883
2.956
2.681
3.907
5.662
4.744
3.436
3.384
2.395
4.497
1.89
4.435
1.997
3.447
5.351
2.518
2.437
2.696
3.11
3.589
2.806
5.53
2.168
3.832
3.138
4.638
2.128
5.233
2.734
2.503
2.094
3.067
1.772
1.84
2.989
3.926
1.74
3.771
1.181
2.334
3.545
1.931
3.409
1.729
3.416
3.385
2.609
2.385
5.597
2.31
3.37
1.608
1.4
3.844
4.944
4.21
5.108
3.622
3.282
3.972
1.565
2.18
3.247
3.337
3.006
3.609
2.499
3.22
1.666
1.75
3.368
2.031
1.425
2.867
6.683
2.909
2.743
1.947
3.465
2.455
3.417
4.321
3.734
1.479
3.096
3.228
4.272
2.62
3.737
4.014
3.322
3.973
2.461
4.062
2.375
2.325
3.695
3.544
4.775
2.179
4.284
1.76
3.111
2.176
3.25
1.683
1.909
2.904
2.275
2.221
3.446
3.221
4.403
2.867
2.291
3.75
3.388
1.846
2.42e-07
3.723
5.218
3.794
2.335
3.889
2.947
1.897
3.369
2.994
2.567
1.785
4.443
2.268
3.526
4.051
1.795
3.097
3.059
2.078
4.829
2.291
1.858
2.327
4.581
3.2
2.969
4.152
2.725
1.66
2.487
2.741
1.545
1.394
1.533
2.952
3.585
1.118
1.422
4.51
4.063
3.612
2.121
2.763
2.258
6.499
3.952
2.908
5.264
4.827
2.223
3.185
4.243
1.61
2.751
4.37
1.96
2.296
2.113
5.414
4.277
2.305
1.988
2.003
2.943
1.629
2.526
5.081
3.066
1.526
2.341
3.157
1.638
2.352
2.208
2.945
2.805
3.153
3.359
2.309
2.411
3.283
3.79
4.582
1.14
2.103
2.147
1.19
2.716
4.865
1.702
2.437
2.379
3.153
3.148
2.446
1.561
2.668
2.803
3.684
2.047
3.274
2.909
2.703
2.125
1.297
2.796
1.932
2.51
3.082
4.354
6.442
1.927
5.255
2.751
0.9472
1.01
1.282
1.874
3.639
1.98
2.318
3.976
3.84
1.971
1.771
3.544
4.425
3.034
3.56
2.96
1.845
2.86
3.006
4.078
3.165
2.212
3.921
2.66
2.432
2.316
4.404
2.467
2.782
3.602
1.935
3.243
3.855
4.94
2.829
3.415
3.301
3.648
2.568
3.14
1.573
1.61
1.474
2.358
0.8902
3.562
3.911
2.886
3.117
2.722
4.456
1.65
1.923
3.384
5.02
1.484
4.942
2.605
1.747
4.03
3.258
1.132
2.783
4.234
1.441
4.148
4.876
2.482
1.816
1.789
1.983
4.007
3.301
3.579
4.752
2.901
4.241e-07
2.657
3.066
2.609
1.695
4.14
1.821
1.89
4.452
3.37
0.9601
3.709
4.129
1.346
1.182
4.615
2.858
5.361
3.079
1.902
2.761
1.992
4.053
2.425
2.9
4.716
1.529
1.752
5.1
2.647
4.171
3.463
4.861
1.319
2.543
4.908
2.924
3.606
2.353
1.655
3.223
4.145
2.712
1.375
3.863
2.709
1.422
2.906
4.19
1.823
3.412
3.641
4.85
0.9304
4.147
3.461
2.141
4.561
2.987e-07
3.994
4.174
1.265
1.409
2.747
2.78
2.036
2.484
1.618
3.987
3.927
3.564
2.899
5.779
2.398
2.413
3.778
1.616
3.982
5.168
3.441
2.22
1.714
3.207
3.201
2.283e-07
3.619
3.187
4.462
1.822
1.541
1.13
4.504
2.0
3.052
5.531
2.873
4.119
3.35
3.995
3.284
4.44
4.107
2.457
2.232
2.768
2.983
3.59
2.546
5.37
2.008
5.339
2.271
4.084
2.856
1.917
2.863
3.413
2.547
3.087
1.164
2.356
1.427
3.655
2.456
4.756
2.969
1.638
4.446
3.622
4.405
1.88
0.9317
2.377
4.464
2.188
4.609
2.872
3.738
4.147
5.207
4.699
1.576
1.739
2.672
2.38
2.008
3.14
2.085
2.412
2.63
3.058
1.381
3.245
3.077
1.739
3.047
1.041
3.582
1.199
1.203
4.383
3.337
2.181
5.737
2.716
4.999
2.008
3.278
5.224
5.835
3.341
4.797
2.26
4.335
3.447
3.205
4.192
3.153
3.207
1.778
4.217
2.57
4.696
3.018
5.48
2.842
1.193
3.133
4.843
2.82
4.441
2.209
3.589
3.658
3.637
3.616
3.746
2.002
2.83
2.245
3.66
2.905
2.079
2.822
1.059
2.64
5.977
2.674
0.9399
3.875
3.575
2.461
4.029
2.489
3.484
4.004
2.035
4.433
4.034
1.467
4.385
4.888
3.533
2.384
3.583
1.639
2.898
3.584
4.414
4.144
3.416
3.281
3.582
4.437
2.483
4.071
4.114
3.82
3.876
1.091
2.497
4.681
3.181
2.216
3.016
2.417
3.607
2.327
2.223
3.748
2.044
3.915
3.342
4.375
3.236
3.63
2.552
1.61
4.787
3.337
3.382
3.959
3.719
2.289
1.907
2.774
5.419
3.772
2.986
2.781
3.244
3.57
1.887
4.421
1.274
4.097
2.094
4.004
3.013
2.521
4.256
4.366
4.284
2.193
4.317
3.213
2.285
3.417
4.551
3.232
3.785
1.68
2.562
3.18
2.068
2.261
1.541
1.274
1.915
2.81
3.434
3.769
2.146
4.573
3.391
1.393
3.912
2.052
2.479
1.627
2.777
2.595
3.958
2.552
1.91
2.706
3.437
3.17
3.093
3.978
3.72
3.268
1.225
3.184
3.823
4.653
3.561
4.41
2.849
3.257
3.388
4.122
4.573
4.243
2.502
5.707
2.516
2.93
1.811
1.294
2.667
1.209
3.942
4.203
7.219
3.291
2.583
2.799
1.944
3.663
3.444
1.402
3.074
3.599
3.886
2.394
5.053
4.694
1.223
3.239
2.435
2.524
4.79
1.8
4.751
2.722
3.309
2.711
4.023
2.048
2.385
2.256
3.682
1.915
3.173
1.199
2.704
1.684
5.031
3.138
5.493
2.216
2.851
4.053
2.117
2.347
3.796
3.175
4.442
2.089
4.474
2.451
3.079
2.003
4.263
4.505
2.235
3.433
3.605
2.641
1.935
3.369
1.66
3.305
4.882
4.98
3.497
2.133
3.207
4.024
0.9266
3.59
1.452
2.566
1.906
4.262
2.394
4.299
1.075
2.759
1.915
4.49
3.327
3.979
4.487
4.231
2.469
2.562
2.918
2.439
1.086
3.295
3.7
2.261
2.994
3.817
4.451
4.345
1.901
1.975
4.235
3.318
2.827
4.404
2.191
1.143
2.843
1.679
5.128
2.94
2.815
1.609
3.634
3.96
1.496
1.72
1.858
1.492
4.269
4.217
2.599
3.17
3.796
4.198
3.642
3.809
2.515
5.92
4.217
4.385
5.367
3.685
2.456
2.498
3.85
4.235
2.233
1.582
1.974
3.282
2.162
1.329
0.0
2.806
0.0
3.744
2.625
0.5438
2.046
2.721
0.7865
3.024
2.919
1.75
3.823
2.004
1.609
1.938
2.202
1.898
2.527
1.044
2.646
2.213
3.087
2.246
2.304
1.676
2.409
2.601
3.666
2.008
3.442
2.416
1.28
3.745
3.444
2.348
3.659
2.471
3.455
3.57
1.917
3.581
2.619
2.622
1.609
2.196
2.255
0.475
2.499
2.285
3.678
3.295
2.248
1.687
2.865
2.709
2.058
3.742
3.109
0.6202
2.652
2.298
2.621
2.234
2.567
1.398
2.515
3.203
2.199
2.396
2.382
1.75
2.221
2.178
1.758
2.911
3.086
1.915
1.9
2.192
1.127
2.582
1.572
2.095
4.76
2.786
2.095
2.22
4.174
1.979
2.195
2.913
0.4572
2.394
1.843
1.402
1.986
2.131
2.443
3.216
2.067
2.279
4.223
2.354
1.8
2.599
2.37
2.46
2.356
4.006
2.145
2.706
2.63
3.454
2.522
2.622
1.644
2.682
1.889
1.634
2.849
2.537
2.489
2.864
2.457
2.9
4.71
1.431
1.595
1.799
1.378
1.812
2.049
2.104
2.234
2.536
2.955
2.451
2.822
2.382
1.171
2.544
3.942
2.188
4.47
2.082
2.323
3.458
2.559
1.336
3.222
2.745
2.049
3.773
2.625
2.329
1.636
2.537
1.403
1.529
1.481
2.246
3.182
3.004
1.309
2.477
3.369
0.6453
3.241
3.103
2.286
2.428
2.445
2.993
2.205
3.131
2.821
2.328
2.709
1.165
2.198
1.622
2.513
2.874
2.402
1.732
3.531
3.954
4.334
2.907
1.881
0.0
3.347
2.263
2.19
3.14
2.774
1.176
2.444
2.476
1.235
2.791
2.273
1.416
2.791
1.911
0.882
2.536
1.289
2.898
2.77
2.129
2.662
2.688
2.255
1.899
4.061
2.189
1.447
3.25
4.15
1.403
2.831
2.136
1.133
2.601
2.88
2.184
3.907
2.462
0.7865
3.193
2.315
1.97
2.674
1.986
1.176
3.603
2.872
1.452
3.431
1.821
1.966
3.011
2.178
1.276
1.061
3.05
0.9208
2.522
3.147
2.298
2.829
3.226
3.591
2.601
2.678
0.0
3.167
4.441
2.082
2.298
1.177
1.553
3.131
2.7
0.9718
2.272
2.19
2.745
2.189
2.188
1.696
3.693
2.533
1.161
2.198
3.525
1.403
1.986
2.613
0.0
2.59
2.816
2.108
1.441
3.0
1.752
2.885
3.269
2.219
2.602
2.544
1.649
3.6
2.354
3.255
3.541
1.967
2.845
1.395
2.587
1.812
2.139
3.226
2.749
1.428
2.151
1.453
2.319
3.872
2.804
2.478
1.579
1.176
1.932
2.7
1.965
3.482
1.955
3.679
3.14
2.958
2.033
4.142
3.872
2.69
2.432
2.546
4.025
2.656
1.264
4.71
1.722
2.082
4.254
2.397
3.678
2.696
1.641
1.96
2.185
2.015
1.049
3.482
3.023
1.849
2.545
3.315
1.245
2.534
1.64
1.403
4.197
1.446
1.021
5.289
3.164
1.905
2.629
2.198
3.678
3.155
2.258
2.246
2.835
2.169
1.865
2.988
2.462
1.631
2.28
2.485
1.178
3.581
3.817
1.471
2.208
1.615
2.293
3.015
2.639
2.058
1.997
3.737
0.0
2.386
3.544
2.994
3.647
4.1
2.286
2.125
2.934
1.235
2.686
3.17
2.33
2.458
4.47
1.884
3.482
2.462
2.187
3.347
3.328
1.309
4.135
2.816
2.286
3.001
3.112
0.0
2.024
2.63
2.202
2.46
2.515
1.649
4.449
2.077
1.189
3.548
3.584
1.714
2.7
2.119
1.56
3.638
2.519
1.029
2.116
2.51
1.812
3.274
3.322
1.449
3.623
4.11
2.119
3.023
2.478
2.52
3.616
2.493
2.2
1.645
3.168
2.04
2.934
3.103
1.901
2.748
2.32
2.254
2.232
1.573
2.22
3.397
2.047
1.714
3.64
1.289
3.067
2.777
2.582
3.164
1.061
2.24
1.692
3.974
2.554
2.543
2.211
1.989
3.698
2.526
1.816
2.206
4.346
3.237
2.592
2.864
2.994
2.62
1.369
2.859
3.067
2.501
3.483
3.196
2.407
1.63
3.684
1.357
1.565
0.5338
2.958
3.065
3.645
2.216
1.988
3.954
1.228
1.767
1.206
3.235
3.739
1.778
2.008
3.001
2.99
3.045
3.46
2.054
1.67
2.603
3.463
1.729
1.478
1.213
2.68
2.352
3.079
2.89
0.7498
2.762
2.204
2.305
2.992
2.878
1.783
2.316
2.547
1.977
3.125
1.718
2.243
1.875
1.36
2.562
1.956
2.411
2.277
3.064
1.962
3.26
1.703
3.374
3.491
3.035
3.052
2.484
3.25
2.689
2.102
1.528
2.821
2.383
1.918
1.94
2.351
1.624
2.469
1.334
2.659
2.402
2.993
2.502
1.959
2.536
2.654
2.933
2.125
3.366
2.207
2.914
2.712
2.985
2.327
3.904
1.465
2.803
1.771
3.065
2.762
2.446
2.881
1.671
1.873
2.323
4.18
2.824
1.634
2.494
3.297
2.386
3.21
2.429
2.053
2.358
3.305
2.999
2.663
3.228
1.68
3.633
2.096
1.393
2.029
1.883
3.952
3.037
1.516
1.755
1.311
2.591
2.634
1.674
2.657
2.188
1.998
1.919
2.581
1.646
2.182
3.203
2.266
3.235
1.968
2.686
2.633
1.475
1.834
1.429
2.051
3.553
2.418
2.957
2.752
1.278
3.691
2.962
2.993
1.804
3.515
3.379
1.277
1.85
2.98
3.874
1.55
2.204
2.212
2.963
2.648
3.406
3.326
2.207e-07
1.795
1.943
2.99
3.21
2.889
2.277
1.813
1.65
1.856
3.539
2.232
1.779
3.227
2.009
2.905
3.472
3.535
2.158
1.998
2.75
3.388
2.057
2.569
1.882
2.574
2.688
3.022
2.58
3.541
3.255
2.597
1.957
2.262
3.528
2.871
1.946
1.602
2.423
2.046
2.281
3.192
1.947
2.829
3.658
2.458
3.414
2.829
3.606
2.075
2.171
2.337
2.518
2.57
1.499
2.779
2.382
3.523
3.183
2.906
3.421
2.828
2.647
3.331
1.982
2.155
1.806
3.205
2.514
2.324
2.557
1.937
2.2
2.012
3.336
2.743
3.09
3.523
1.604
3.612
2.435
2.478
2.139
2.363
2.414
2.632
3.456
2.624
2.31
2.301
1.31
2.59
3.047
2.138
1.575
1.84
3.835
2.476
1.932
2.35
2.491
8.319e-07
2.947
3.573
3.429
2.177
2.458
2.359
2.593
2.635
3.237
3.386
3.172
2.335
3.641
2.266
2.748
3.102
2.355
2.493
3.392
2.05
2.712
3.156
2.288
2.311
2.906
2.727
3.189
2.038
1.975
2.116
2.54
3.398
2.004
3.153
3.096
2.874
1.383
3.35
1.862
1.281
3.635
2.558
1.974
2.028
3.976
2.444
2.423
3.06
2.286
2.061
2.972
1.471
1.937
3.627
2.814
2.213
2.217
2.335
2.048
1.652
3.446
2.76
1.794
2.493
2.568
3.309
2.679
3.051
2.363
1.863
2.146
2.831
3.397
2.752
2.805
2.666
3.676
0.892
2.14
2.187
2.865
1.952
3.141
2.183
3.585
2.323
3.256
2.003
1.946
2.304
4.062
2.473
2.269
3.444
3.576
2.032
2.886
2.376
2.656
2.818
1.928
2.331
2.689
3.314
2.786
3.558
1.918
2.004
2.918
2.271
3.031
1.857
2.716
2.812
1.844
3.582
3.034
2.237
3.558
2.075
2.26
2.571
1.978
2.972
1.84
2.354
4.316
1.774
3.064
4.239
1.705
2.149
2.221
3.09
2.817
1.961
1.403
2.727
3.061
3.007
1.645
2.535
3.546
2.583
2.13
3.338
1.855
2.482
1.782
2.556
2.398
2.651
1.796
2.998
2.492
1.727
2.196
2.983
3.355
3.108
2.905
3.403
2.375
2.846
1.716
2.827
1.998
3.037
1.158
1.876
1.976
3.048
2.9
2.141
3.399
2.281
2.928
2.895
3.004
2.273
2.848
2.897
3.448
1.194
3.666
3.788
2.74
2.716
2.66
2.517
3.17
2.854
2.899
1.485
1.376
1.464
1.505
1.924
2.193
1.146
2.125
3.137
2.359
3.397
3.636
1.236
1.805
2.378
1.416
2.29
4.132
3.23
2.111
3.383
3.028
1.993
2.625
1.997
3.013
2.229
2.042
1.654
1.028
2.101
3.289
3.39
2.971
3.511
3.116
2.785
2.559
3.774
3.15
0.8781
2.604
2.799
0.7397
3.642
3.465
2.719
2.377
2.794
2.228
1.811
3.504
3.309
2.067
3.414
1.95
2.509
2.242
1.975
2.223
2.578
2.116
1.782
1.828
3.354
2.103
1.672
2.314
2.281
3.073
2.381
2.254
2.434
2.7
3.348
1.166
2.423
2.343
2.957
3.319
2.424
1.844
2.864
2.129
2.122
2.486
3.31
2.495
2.452
2.469
3.108
1.872
3.06
3.017
2.489
3.43
2.628
2.777
1.382
1.588
0.9328
3.114
3.388
3.647
3.554
3.349
3.09
2.829
2.329
3.068
1.681
2.483
2.8
2.185
1.718
3.861
1.904
1.964
1.591
3.238
1.919
2.257
2.317
2.268
1.862
2.774
3.982
2.218
3.393
3.438
2.791
2.06
3.719
3.1
2.098
2.121
2.315
1.968
1.936
2.775
2.841
2.193
2.007
2.597
2.139
1.266
4.022
2.792
1.461
2.45
2.969
2.225
2.942
2.682
2.253
3.591
1.903
2.324
0.9692
1.849
2.106
2.647
4.02
2.228
1.686
3.558
2.061
2.223
1.625
2.812
2.776
2.368
3.084
1.383
2.591
2.335
1.733
3.217
2.944
1.886
2.734
2.774
3.202
2.267
2.179
2.405
2.82
2.186
3.165
1.449
1.083
2.273
1.251
3.311
3.035
3.725
1.751
1.836
2.449
3.046
1.904
2.059
1.683
2.775
3.245
2.26
1.031
3.503
2.326
2.598
4.012
2.952
3.069
2.126
2.298
3.125
1.258
2.589
2.078
2.461
2.181
1.893
2.698
2.72
3.518
2.59
2.199
3.068
2.302
1.703
2.243
2.091
3.006
1.76
2.337
2.615
3.157
3.644
2.591
2.092
2.067
3.973
2.022
3.26
1.848
2.789
2.458
2.894
3.228
2.83
2.569
2.272
2.33
3.188
1.034
3.133
2.521
1.435
2.474
2.526
2.433
2.536
1.243
1.355
3.494
4.448
2.577
3.317
1.949
3.151
2.819
0.0
2.525
2.388
1.561
2.74
2.068
2.214
2.395
2.681
1.731
3.486
2.155
2.848
1.849
1.949
1.553
3.172
1.708
2.743
2.242
1.739
2.117
3.711
2.504
2.007
2.425
2.782
2.365
2.865
1.859
2.273
3.396
1.673
3.566
3.542
2.417
2.189
1.274
2.252
3.007
3.369
2.158
2.481
2.27
2.288
2.337
1.805
3.318
1.818
2.671
2.711
2.055
3.099
2.62
2.446
2.662
2.726
3.008
3.724
3.184
2.436
3.481
3.073
4.284
2.663
2.026
2.568
3.149
3.044
2.0
2.526
2.702
2.842
2.766
2.678
2.511
0.8325
0.9223
2.161
2.841
2.107
2.652
2.659
2.31
2.145
3.247
1.943
1.765
2.455
3.283
2.161
3.071
3.596
2.394
2.38
2.802
2.483
2.846
1.199
2.822
2.866
2.923
2.066
1.83
2.335
2.065
2.647
1.962
3.526
3.115
2.529
2.405
1.218
2.926
2.567
1.838
2.921
2.805
2.746
2.546
2.168
2.91
2.543
1.98
2.44
2.071
3.31
2.42
2.511
2.527
2.262
2.648
3.633
2.635
2.232
3.566
1.477
3.093
1.998
1.795
1.306
3.24
2.482
2.616
1.621
1.34
3.537
2.329
4.29
2.982
2.368
1.414
2.395
3.065
2.925
2.3
2.626
2.838
1.482
3.024
2.714
1.902
1.378
4.519
1.303
2.787
2.84
3.695
2.925
2.572
2.666
2.237
2.38
2.405
1.685
2.287
2.485
1.902
1.144
3.825
2.705
2.096
3.187
3.075
3.28
1.307
1.431
2.132
2.531
2.814
3.523
3.137
1.558
4.123
1.872
0.8517
1.983
1.642
2.224
2.464
2.528
2.711
2.631
1.692
4.379
2.755
2.381
2.142
1.365
1.572
2.962
1.47
4.204
3.724
2.141
2.379
3.864
2.766
2.608
2.841
3.135
1.696
2.701
2.369
2.254
2.051
3.711
2.3
1.634
3.421
3.202
2.375
2.373
2.653
1.474
3.749
2.567
1.171
5.003
2.442
1.977
2.782
2.411
1.429
3.616
2.631
0.8557
4.537
2.893
1.42
3.74
2.53
2.335
3.356
3.501
1.156
4.57
4.016
1.909
2.597
2.957
2.428
2.8
1.846
1.6
5.68
3.607
2.137
3.455
3.033
1.82
2.911
2.347
1.397
3.001
2.719
1.81
3.933
2.897
2.733
3.317
2.531
2.39
2.97
2.458
1.81
2.362
3.121
2.203
4.963
2.136
3.448
3.331
2.382
1.783
3.064
1.64
1.026
4.2
2.182
1.4
1.376
2.026
1.857
3.063
2.141
2.389
3.29
2.487
1.585
3.632
2.412
1.489
3.21
2.611
1.752
1.317
1.5
1.403
4.464
1.915
1.317
3.395
3.773
1.811
2.492
3.573
2.116
3.372
4.088
1.219
2.683
3.556
1.497
2.768
2.833
2.468
4.254
2.061
1.549
3.29
2.488
1.221
5.304
2.965
2.627
2.709
3.179
2.949
2.584
2.288
1.697
5.577
1.798
2.271
3.814
2.187
2.892
3.648
4.376
1.854
3.038
3.861
2.352
4.227
2.759
3.322
3.998
1.984
1.894
3.165
1.778
2.181
2.316
3.13
1.443
3.328
3.845
1.382
3.126
3.349
0.6089
3.839
2.602
2.935
3.624
2.951
2.198
2.341
2.427
2.304
2.984
2.802
2.188
4.125
2.537
2.345
3.034
3.035
2.304
3.958
2.848
1.054
4.013
2.317
2.547
2.62
1.753
3.933
3.003
2.314
2.457
3.996
2.979
0.9918
5.997
3.062
1.651
4.341
2.509
1.99
4.53
2.268
0.894
3.424
2.513
2.527
4.657
3.049
0.5522
3.376
2.149
1.561
3.931
2.0
2.419
4.56
2.05
1.537
3.906
1.779
1.142
3.754
2.247
0.926
4.148
3.347
1.408
3.857
2.913
1.307
3.379
2.777
2.145
3.626
2.993
4.076
2.912
4.761
2.056
3.924
4.302
2.584
2.072
2.828
1.392
3.992
4.851
4.47
2.989
5.294
2.884
2.273
2.732
3.079
3.569
3.005
2.382
3.945
3.677
3.466
2.376
3.273
2.03
3.589
3.111
4.543
2.45
4.032
2.213
4.01
2.577
3.264
2.531
3.786
3.401
4.175
2.136
4.137
2.77
2.963
2.916
4.413
1.734
2.324
2.802
3.822
2.114
3.315
2.821
2.139
4.092
3.428
2.439
2.569
3.475
3.226
1.851
4.108
3.099
3.745
1.47
3.451
1.712
2.766
3.587
2.939
3.423
2.187
3.92
3.093
3.623
2.028
2.2
5.706
2.742
3.056
4.056
1.543
1.945
2.857
3.063
5.207
2.073
3.256
3.708
4.187
2.94
2.429
2.54
3.236
2.279
3.318
4.211
2.149
2.249
3.707
3.058
2.94
1.769
3.025
3.831
3.036
3.665
3.438
3.234
3.115
0.8846
5.207
1.286
5.278
3.629
3.116
1.832
4.181
2.657
1.714
5.03
4.032
3.724
3.023
4.484
3.144
3.226
4.286
5.559
3.252
3.045
3.403
2.519
2.224
3.739
2.087
3.318
3.209
3.049
4.025
2.65
2.136
2.995
4.31
2.164
2.699
3.064
3.769
3.824
4.858
2.383
4.078
1.744
2.935
2.708
2.825
2.682
1.3
1.912
4.077
3.392
3.57
3.08
1.754
2.438
3.711
5.324
3.6
2.553
2.547
3.38
2.003
0.9071
2.122
5.168
3.138
1.909
3.492
3.944
1.892
3.639
0.3622
3.96
2.514
2.78
4.498
2.631
1.82
2.438
2.719
2.185
2.518
2.382
2.008
1.542
3.858
4.421
1.671
3.252
2.626
2.447
3.935
3.511
3.417
2.159
4.062
2.321
1.088
2.995
2.718
5.776
2.722
1.188
2.14
4.103
5.713
3.537
3.094
2.702
3.226
4.484
4.465
4.062
3.164
3.944
1.953
3.924
4.194
3.871
1.918
4.638
2.526
2.388
3.031
1.854
1.794
2.765
3.509
3.093
3.666
3.583
2.627
1.945
1.442
0.7621
3.21
4.28
2.395
2.346
2.774
2.893
3.667
1.769
2.416
2.609
4.684
2.549
3.421
3.039
0.118
5.108
1.676
1.591
5.245
2.909
1.805
5.915
3.496
4.085
3.626
3.126
0.6853
2.581
6.009
2.597
1.258
1.536
2.927
3.002
3.207
3.204
4.336
1.983
0.7195
3.742
3.779
1.263
2.827
2.153
5.09
2.004
4.619
3.804
3.576
5.088
2.173
2.885
2.308
5.642
3.199
3.686
3.454
3.282
2.777
1.926
3.576
0.0
2.537
2.263
1.878
2.356
3.525
3.646
2.879
3.504
3.872
2.241
4.404
2.378
1.163
2.097
4.026
1.645
2.087
3.151
2.553
1.619
5.168
2.914
4.248
2.447
2.053
5.039
3.828
1.823
2.153
2.646
2.96
1.824
4.364
3.024
4.339
2.405
2.439
3.536
3.717
1.864
2.455
1.373
1.801
3.178
6.596
3.694
2.849
1.959
1.47
3.608
3.261
2.254
2.933
2.544
3.291
4.579
1.641
3.963
3.164
3.453
1.891
3.834
2.463
2.793
3.281
0.9035
4.032
3.357
2.06
3.907
3.378
3.667
2.303
1.519
1.791
2.001
3.08
2.697
1.714
3.108
2.095
3.346
2.007
2.733
2.88
3.655
2.714
2.199
3.788
2.413
3.709
5.063
4.765
4.684
4.921
3.271
5.244
4.127
2.162
2.904
3.061
3.387
1.948
3.173
2.844
2.849
1.795
3.737
2.167
5.291
4.253
2.176
2.608
3.118
3.66
1.797
1.846
3.564
3.92
2.897
2.138
3.89
3.686
1.289
2.923
4.712
1.781
2.2
3.99
3.675
3.056
2.999
2.917
2.697
4.365
3.077
3.146
2.101
1.732
1.718
4.707
3.948
2.353
3.188
1.957
2.57
2.145
2.947
1.732
3.784
3.222
1.188
2.193
1.841
0.0
4.616
1.644
2.228
2.587
3.639
1.398
2.507
2.524
2.883
2.992
3.43
3.423
2.514
0.9687
3.787
1.901
2.43
3.641
1.778
1.838
2.497
3.349
2.958
2.828
4.725
3.975
2.314
2.625
0.3543
3.591
2.258
2.707
3.833
3.735
1.646
3.178
4.792
1.722
1.819
3.609
3.195
2.638
3.534
3.272
2.655
3.221
4.495
3.646
3.074
2.792
2.934
5.168
3.72
5.51
2.361
1.657
3.592
3.224
1.514
1.938
3.439
4.43
3.376
5.14
3.38
3.383
2.426
2.621
4.934
1.96
2.64
1.644
2.703
1.911
0.655
4.621
2.518
2.785
3.359
2.728
2.731
1.799
1.531
3.215
1.636
2.211
3.66
2.091
3.462
2.869
4.549
3.033
2.771
2.579
3.683
2.237
3.642
1.384
3.748
3.152
3.58
2.674
4.936
0.8463
2.292
2.157
2.577
2.218
3.437
2.839
2.384
1.337
2.336
4.398
0.7401
2.409
4.289
2.748
3.988
2.815
3.264
2.751
3.808
4.575
3.101
1.828
3.415
3.845
2.98
2.336
2.997
3.592
3.921
5.383
1.524
2.674
3.588
2.562
3.452
2.474
3.435
2.858
4.152
5.469
1.852
2.453
0.6266
1.551
2.905
5.293
3.343
2.403
2.756
2.018
1.736
5.16
3.036
3.711
4.544
2.093
3.308
3.351
2.555
2.535
4.7
4.228
2.485
2.108
3.208
3.698
3.879
4.011
4.284
2.02
5.214
2.11
3.592
3.212
2.293
3.23
0.9284
1.91
2.583
3.412
3.094
3.004
1.468
3.747
4.902
3.39
3.743
2.443
5.947
3.156
3.962
2.521
2.278
4.924
2.188
1.967
1.419
0.9232
2.491
4.357
2.74
2.79
1.353
2.197
1.994
3.332
2.113
1.224
3.259
3.264
3.754
1.246
5.118
2.955
2.967
2.759
1.614
4.142
2.21
4.989
2.56
1.655
2.779
4.11
2.352
2.09
3.013
1.975
2.024
2.836
2.541
2.335
2.682
2.574
2.355
2.159
3.159
3.686
1.37
3.291
3.202
3.394
3.527
2.146
3.981
1.887
2.07
2.577
2.666
2.373
2.463
0.2629
3.439
3.29
2.734
2.148
4.495
3.036
3.638
3.26
4.408
3.933
3.457
3.282
1.701
4.225
5.246
2.592
1.657
3.563
2.462
3.146
2.829
4.264
4.062
3.248
1.554
3.759
1.994
5.181
2.075
1.883
1.734
3.253
3.248
2.915
3.781
1.049
2.596
3.442
3.219
4.627
1.92
2.73
1.369
1.536
4.138
3.319
3.103
5.056
0.6799
2.984
1.98
1.866
2.719
3.911
2.918
2.032
3.459
2.229
2.453
2.695
5.13
3.186
4.123
1.558
3.69
2.171
2.098
2.874
1.688
2.489
0.2928
2.439
1.432
2.17
0.2107
3.219
3.351
3.263
1.792
1.262
2.542
3.566
4.718
4.374
4.043
4.103
1.41
3.0
2.914
3.513
3.396
3.771
1.946
2.611
3.739
4.834
0.5283
3.682
2.107
4.917
3.948
4.429
3.559
2.515
2.432
1.71
2.71
4.46
3.819
1.684
2.055
4.215
3.316
3.672
2.017
1.765
2.214
1.408
3.392
3.465
1.969
2.381
1.49
3.056
4.584
2.873
2.526
1.71
3.355
1.859
1.655
4.27
2.083
6.263
2.013
3.969
2.214
2.627
3.663
2.889
2.041
3.36
3.402
3.371
3.374
4.003
2.922
2.993
2.035
3.223
2.735
4.178
1.424
3.351
3.145
4.773
2.795
3.918
3.373
1.324
3.07
1.958
1.898
2.225
3.804
2.075
2.778
2.026
4.035
3.86
3.382
1.707
4.869
4.042
2.783
3.736
4.115
0.0
2.552
3.437
3.481
5.28
3.911
1.723
2.668
1.763
3.068
4.535
0.9932
0.8655
3.41
1.589
5.158
0.9445
2.037
2.227
2.208
2.525
3.554
4.221
1.781
2.115
3.362
4.313
1.686
1.823
4.041
3.384
4.677
3.46
3.361
2.706
0.634
2.309
3.454
4.755
3.91
2.663
6.708
3.679
0.0
2.849
3.595
2.582
5.853
2.907
2.156
4.676
1.404
3.574
4.342
3.056
3.557
1.664
2.312
3.907
1.94
2.528
3.843
5.493
3.535
5.522
2.33
3.836
3.957
2.695
3.074
2.319
3.14
2.188
3.593
3.728
2.441
3.666
2.823
2.32
1.967
2.285
2.968
2.621
2.992
3.011
3.145
3.063
1.429
2.73
3.161
2.263
2.685
2.161
3.54
2.033
1.637
3.155
3.727
2.298
2.594
2.852
4.063
2.752
1.503
2.662
3.42
3.41
4.983
1.619
3.673
2.873
4.562
2.836
2.805
2.613
2.306
4.097
2.532
4.767
3.467
2.69
2.596
3.615
2.949
2.815
2.79
2.238
1.734
1.195
4.076
2.825
3.76
4.437
5.519
2.337
1.548
2.551
1.622
1.954
2.219
2.206
2.652
3.894
4.751
3.19
6.717
3.154
3.13
3.923
2.105
5.118
2.165
3.682
6.028
3.9
1.162
3.713
2.421
1.282
2.906
3.882
1.084
4.476
2.135
2.641
3.775
2.663
2.384
3.389
2.252
1.033
3.873
1.527
1.227
3.542
1.26
2.88
3.446
2.988
1.993
3.925
2.518
3.349
2.906
5.753
3.82
1.249
3.307
2.454
1.814
2.675
3.062
3.342
1.285
1.686
1.606
1.98
2.088
2.53
2.176
2.863
1.98
5.265
1.611
3.128
1.929
2.082
2.775
1.241
4.764
2.634
3.407
3.251
2.57
3.235
2.828
3.46
2.293
1.765
4.033
2.648
3.453
4.915
4.402
3.392
2.418
4.022
1.756
2.29
4.223
2.383
2.136
2.798
3.559
4.034
2.001
1.375
2.066
3.419
2.109
2.866
2.108
1.18
4.398
2.863
1.833
2.943
2.548
1.409
2.248
2.849
4.823
2.677
3.304
3.226
3.355
2.016
2.497
4.064
5.288
4.544
1.45
2.695
2.839
3.469
3.373
4.367
2.555
3.409
0.0
2.743
1.255
1.958
1.754
1.281
4.845
2.536
3.588
3.624
1.904
2.73
4.045
2.433
2.972
4.329
3.603
1.103
1.585
1.654
2.56
1.8
3.603
3.414
5.11
2.829
1.186
1.082
3.431
2.532
2.018
5.323
1.111
5.08
3.514
2.923
3.348
3.073
2.326
1.477
3.995
4.618
2.627
5.579
2.755
2.117
1.534
2.522
3.394
4.948
4.298
5.186
3.301
1.452
2.913
3.521
2.065
5.339
3.994
1.439
2.861
2.695
3.537
3.549
4.736
4.047
2.694
2.348
4.219
1.91
1.624
1.711
3.816
3.264
2.292
3.193
1.714
1.985
3.66
2.349
1.718
2.469
3.546
0.0
3.178
3.342
4.403
2.894
2.009
3.344
2.741
2.373
3.687
1.573
3.398
2.878
4.014
1.435
5.353
2.179
2.253
3.198
1.568
1.514
3.49
2.402
0.0
5.729
4.269
1.376
5.252
2.759
2.809
3.709
4.654
2.952
2.506
1.084
1.287
3.699
1.542
4.596
2.878
1.202
3.742
0.0
2.403
4.713
4.697
3.688
3.399
3.768
3.275
5.373
1.345
2.735
2.765
2.538
1.872
4.666
2.328
3.427
5.395
4.108
3.758
1.451
1.785
3.644
2.121
0.0
3.348
1.874
2.549
2.381
4.417
2.712
3.281
4.894
5.293
2.291
2.035
4.88
5.456
1.867
5.367
3.451
0.0
2.464
2.448
2.786
4.398
4.731
1.575
2.895
2.36
2.432
2.227
5.567
2.265
4.241
1.127
1.304
4.39
3.347
2.552
3.278
2.865
4.792
3.111
2.715
3.019
2.362
3.613
1.946
3.367
1.917
4.391
4.917
1.263
3.293
0.8579
2.686
3.363
2.522
3.472
1.786
2.241
3.237
4.436
3.018
3.12
1.911
4.426
2.657
1.412
3.533
3.176
1.918
4.761
1.381
3.532
0.9521
1.152
1.553
3.375
2.31
2.883
2.243
4.276
5.264
2.975
2.945
1.433
2.514
0.3002
0.7827
3.613
2.787
2.015
2.238
2.834
2.038
1.062
0.5055
2.118
1.844
5.245
3.675
4.462
4.184
4.519
3.686
5.721
4.861
1.289
3.347
4.112
4.894
1.796
5.313
3.819
3.83
3.011
1.332
2.552
3.214
3.366
2.077
2.556
2.48
4.823
3.228
4.636
3.774
3.202
2.931
4.989
2.368
2.957
5.081
2.384
5.185
3.23
3.713
4.054
2.244
2.413
4.665
2.013
2.357
1.157
5.617
3.859
1.487
3.743
2.627
5.315
2.523
5.222
3.028
2.485
1.856
1.353
2.725
5.062
2.346
2.158
3.779
4.414
3.708
3.016
1.673
4.834
5.784
2.504
5.233
5.597
2.705
3.159
4.111
2.755
1.802
3.966
2.718
3.242
1.489
3.907
3.668
3.025
0.8785
3.35
2.145
4.424
1.911
3.74
0.0
4.556
3.347
3.381
1.444
3.583
3.248
2.888
1.679
2.446
2.858
3.557
4.515
2.857
2.163
3.191
5.113
2.131
3.225
3.655
5.16
4.287
4.849
2.75
3.846
2.484
2.72
2.065
2.762
3.86
2.614
4.322
3.05
1.913
2.712
3.562
5.031
4.733
2.657
5.372
2.456
3.931
3.501
5.024
2.488
3.613
2.236
2.407
2.071
3.496
2.046
2.907
4.54
4.102
1.931
4.411
2.077
1.633
3.59
3.756
5.578
2.723
0.8895
2.615
2.423
2.38
1.384
1.539
2.467
2.21
3.457
1.358
1.961
2.723
2.792
1.448
3.643
4.407
3.973
1.912
2.876
3.385
2.877
2.799
3.272
1.387
3.662
3.16
2.769
1.451
1.945
3.176
3.864
3.497
3.926
5.041
2.471
1.915
2.024
2.293
3.148
2.824
4.688
3.589
4.201
3.679
2.108
3.492
5.614
2.776
3.325
2.555
4.78
3.784
1.856
1.685
1.67
1.966
4.322
3.711
3.962
5.147
5.437
0.0
2.666
3.033
3.21
2.388
3.228
4.969
2.134
2.782
2.539
6.322
3.524
1.821
5.182
3.077
3.767
5.453
1.381
4.514
2.924
3.144
3.415
3.748
1.753
5.108
4.175
3.904
4.534
1.467
2.068
3.231
5.257
0.8128
1.846
3.863
2.01
3.284
1.441
1.714
4.944
2.738
3.304
2.139
1.564
2.552
4.416
4.144
3.148
2.675
0.7708
1.41
2.084
3.303
4.181
3.645
3.082
2.518
1.473
3.279
1.732
3.018
2.805
1.394
2.254
4.202
4.263
2.841
4.227
1.732
2.231
3.435
4.749
4.281
5.71
2.476
3.53
2.262
2.209
2.091
1.593
5.387
4.053
2.531
5.908
2.711
2.721
1.676
4.314
0.6985
2.121
3.861
3.051
2.258
3.246
0.6294
3.229
3.749
3.586
4.486
3.641
1.073
3.18
4.915
4.89
4.645
3.257
1.923
2.376
2.425
1.78
3.444
2.569
3.819
3.018
2.826
5.043
3.477
3.294
4.383
2.687
2.327
1.22
2.445
3.477
3.097
4.195
4.145
3.728
4.39
4.025
2.173
2.817
3.005
1.75
2.756
3.233
1.293
2.74
1.055
4.25
1.708
4.075
3.548
0.1803
2.98
1.887
2.424
3.188
2.705
1.762
1.844
2.48
4.459
2.503
2.877
1.915
3.284
3.164
1.75
1.789
4.533
4.582
2.775
2.551
4.036
5.773
1.936
1.765
3.123
2.902
4.918
3.248
3.273
3.153
5.164
4.002
3.719
5.459
4.043
3.654
4.504
2.15
3.862
2.337
0.8539
4.573
2.713
6.176
2.36
2.337
2.729
0.0
1.94
3.7
1.944
2.197
3.988
2.737
3.529
2.507
6.759
3.098
1.618
3.51
2.207
3.893
3.61
1.814
3.363
1.482
2.931
0.846
0.5891
4.418
4.287
5.254
3.058
2.054
1.027
2.545
1.299
1.763
2.681
3.897
2.515
1.709
4.502
3.187
4.584
2.962
3.274
2.242
5.016
3.52
4.674
4.277
2.901
2.069
4.648
2.45
1.91
6.083
3.799
1.553
0.0
1.278
1.567
1.439
0.0
2.093
2.145
0.0
1.8
1.644
2.213
1.664
1.125
3.095e-07
1.132
2.862
1.889
0.9304
2.876
1.956
1.127
2.553
3.188
2.001
1.868
2.503
2.116
1.857
2.161
2.553
1.22
2.868
2.284
2.412
2.811
1.995
2.03
2.218
3.383
2.473
4.384
2.869
2.244
2.457
2.708
1.52
3.282
2.464
2.684
2.988
3.106
1.861
2.521
2.909
1.679
3.363
3.845
1.387
2.54
2.333
2.641
3.841
2.913
2.391
3.172
2.862
3.035
4.558
3.195
3.603
4.19
3.055
3.765
3.624
1.92
3.331
3.103
5.233
3.399
2.438
3.524
2.825
4.18
3.56
2.545
3.649
2.503
4.45
3.533
3.066
4.889
3.739
5.307
3.703
3.451
3.907
0.944
0.8345
0.6352
0.935
2.455
2.465
0.5251
1.889
1.655
2.665
0.5239
1.357
1.774
2.447
2.645
1.968
2.193
2.155
2.772
2.966
3.003
2.509
2.562
2.068
2.96
3.65
2.385
2.366
2.689
3.147
2.817
2.937
3.908
2.227
2.392
4.15
3.32
2.273
3.155
4.269
0.3036
2.79
2.638
2.708
3.703
1.864
3.06
5.132
4.022
3.479
3.777
3.809
3.075
3.654
4.267
3.232
3.679
1.991
3.429
3.635
4.66
2.89
3.277
4.06
2.75
3.847
4.439
5.355
3.886
4.462
4.778
3.903
4.562
5.051
4.189
4.197
3.393
4.263
3.846
4.368
3.371
3.078
3.167
3.85
5.698
4.204
5.02
4.244
4.794
5.629
4.629
4.212
3.822
4.135
3.509
6.046
5.449
4.607
5.057
6.554
