8.469
15.27
12.72
26.21
0.0
13.38
11.48
21.99
15.61
0.0
21.84
21.84
17.67
15.91
20.05
16.09
6.303
19.31
9.391
9.492
6.8
15.64
14.14
19.21
4.289
10.1
12.71
4.262
11.96
4.245
16.64
13.56
16.55
11.66
11.61
8.094
13.79
17.14
7.581
7.232
10.31
3.138
0.0
10.17
3.759
14.39
0.0
8.234
17.08
31.6
13.54
21.04
21.63
0.0
18.78
16.26
23.01
12.58
18.85
15.79
15.3
24.78
20.66
30.87
32.0
27.08
22.56
22.72
40.01
3.926
21.6
0.0
16.29
18.54
9.368
17.14
29.14
22.29
0.0
11.74
34.13
12.73
9.074
22.05
15.9
23.76
19.53
5.298
29.65
11.9
8.371
25.35
0.0
18.32
9.113
14.74
13.53
24.42
12.5
13.3
10.27
23.77
11.12
18.06
13.36
13.36
16.21
19.66
17.6
11.02
0.0
25.19
24.0
24.0
26.74
20.26
17.18
18.94
17.98
17.98
13.04
27.28
29.26
0.0
6.93
6.64e-07
25.11
18.12
14.27
18.83
0.0
9.982
0.0
18.37
18.37
0.0
5.784
15.13
16.32
4.614e-07
1.919e-07
13.53
39.4
20.17
9.616
20.8
0.0
16.05
0.0
25.98
8.42
7.82
5.18
8.035
8.849
22.32
18.93
0.0
0.0
12.87
14.31
14.38
23.6
14.24
14.5
0.0
4.749
16.86
4.617e-07
20.43
23.96
11.37
0.0
0.0
5.346e-07
5.582
28.4
18.24
18.05
12.31
6.82
0.0
18.21
12.72
10.92
13.55
12.99
0.0
7.846
6.91
19.06
21.22
0.0
9.059
10.35
13.35
16.99
0.0
4.3e-07
18.54
19.61
17.5
12.09
0.0
12.87
21.01
0.0
13.26
23.31
16.35
16.27
0.0
0.0
9.383
13.04
16.39
17.16
11.81
11.0
0.0
0.0
20.44
14.38
19.8
0.0
0.0
3.011
21.14
21.14
39.31
13.3
0.0
0.0
18.85
18.18
26.13
12.04
19.78
25.22
21.07
0.0
0.0
24.77
0.0
11.89
5.725
15.19
25.44
0.0
0.0
0.0
18.4
0.0
19.57
14.56
0.0
5.972
0.0
34.22
19.42
13.23
5.263e-07
18.29
0.0
17.92
7.128
12.26
15.59
0.0
33.77
13.38
13.12
20.35
29.82
3.044
11.2
21.5
0.0
12.95
13.5
11.47
0.0
7.099
20.68
17.58
10.36
25.16
7.365
16.78
25.48
19.58
17.42
16.42
11.26
26.9
17.12
33.13
0.0
36.62
18.31
10.38
18.05
5.849e-07
15.31
1.861
6.831
6.379
7.566
5.096
11.35
16.83
8.275
6.886
14.8
8.543
14.54
0.0
12.87
0.0
14.11
6.201
0.0
19.24
6.068
4.273
14.22
7.643
4.031
25.07
20.78
14.35
16.14
14.84
4.131
11.29
4.418
11.61
23.15
15.98
2.21
7.71
0.0
14.44
8.132
7.478
19.89
8.212
6.609
0.0
20.56
5.623
2.682e-07
12.23
17.99
9.806
7.221
15.97
0.0
0.0
12.66
8.515
6.167
15.31
20.03
21.57
13.78
15.89
0.0
13.0
25.32
2.689e-07
10.5
10.03
2.284e-07
7.704
11.86
11.31
11.66
3.945
0.0
20.69
15.32
0.0
5.09e-07
6.273e-07
0.0
11.38
6.389e-07
20.38
21.44
11.37
9.928
16.28
12.17
6.579
21.8
0.0
18.24
16.08
16.08
15.66
9.96
0.9925
29.35
4.515
12.28
6.178
0.0
17.8
17.03
11.01
15.66
3.552
3.896
1.449
0.0
13.49
11.82
2.479
8.12
1.919
16.93
6.458
8.657
7.902
9.049
0.0
4.972
18.86
7.788
12.3
8.144
13.03
14.51
10.17
10.47
8.092
2.832
5.268
6.758
11.09
15.33
11.94
4.488
23.31
16.63
8.285
5.703
14.28
10.9
12.45
3.316e-07
4.858
6.736
15.41
10.59
10.89
12.84
20.48
13.98
15.05
0.0
20.49
7.779
5.656
8.942
18.06
5.319
15.35
17.49
10.36
22.65
21.82
15.28
15.38
11.95
15.31
4.618
1.184
0.0
8.995
2.772
9.373
18.83
5.29
6.251
13.99
32.84
13.72
22.83
16.53
26.29
31.49
23.94
20.21
22.75
20.94
33.33
29.65
23.14
