0.9632
0.9659
0.9422
0.9976
0.9324
0.9796
0.5548
0.9506
0.9631
0.9633
0.8722
0.9807
0.9055
0.9902
0.8892
0.9582
0.9916
0.5485
0.9887
0.9968
0.9204
0.9692
0.9596
0.8819
0.9282
0.9421
0.9932
0.9483
0.9901
0.9844
0.9364
0.991
0.9252
0.8896
0.9159
0.9464
0.9361
0.981
0.9579
0.9406
0.9318
0.9171
0.8683
0.9082
0.9649
0.9613
0.9076
0.9433
0.9684
0.9744
0.9744
0.8353
0.9166
0.8792
0.947
0.9527
0.9304
0.8818
0.8828
0.9633
0.7334
0.9512
0.9805
0.8822
0.8822
0.919
0.9136
0.9565
0.8023
0.9672
0.9615
0.836
0.902
0.9362
0.887
0.9053
0.938
0.9178
0.9445
0.9368
0.9791
0.9274
0.9695
0.8709
0.9353
0.9373
0.9465
0.8982
0.8728
0.8621
0.9062
0.9634
0.9094
0.5709
0.6734
0.7095
0.9657
0.9003
0.9001
0.9216
0.8682
0.8282
0.983
0.928
0.9724
0.8841
0.9468
0.9226
0.9496
0.9434
0.9679
0.9642
0.8638
0.8785
0.9469
0.9828
0.9237
0.9012
0.5799
0.8774
0.6932
0.9451
0.9451
0.6798
0.8481
0.9621
0.925
0.8595
0.9617
0.7566
0.947
0.7325
0.9388
0.9754
0.9477
0.9785
0.7828
0.8903
0.9805
0.9164
0.9439
0.7698
0.9435
0.3871
0.7901
0.9018
0.8722
0.9371
0.8714
0.962
0.9406
0.8435
0.9761
0.8798
0.8215
0.4876
0.8937
0.9018
0.992
0.8585
0.9079
0.5476
0.9385
0.9546
0.9749
0.9175
0.7409
0.6974
0.8115
0.6656
0.8661
0.962
0.9045
0.9661
0.9216
0.5777
0.8749
0.9619
0.9045
0.9141
0.943
0.938
0.8549
0.9274
0.9276
0.9601
0.9131
0.6854
0.5849
0.9737
0.9581
0.7397
0.9223
0.9113
0.8686
0.9672
0.9016
0.9346
0.9478
0.965
0.5723
0.7288
0.7313
0.9221
0.8572
0.7665
0.8473
0.9163
0.8602
0.6603
0.6322
0.9105
0.9171
0.7348
0.6427
0.9081
0.9001
0.8333
0.9411
0.6105
0.8965
0.5314
0.9255
0.6928
0.5662
0.7467
0.9484
0.6265
0.5424
0.5412
0.9499
0.496
0.684
0.9189
0.9127
0.6242
0.5927
0.6716
0.7329
0.8436
0.9955
0.8904
0.8133
0.7108
0.9065
0.8079
0.9284
0.9557
0.953
0.4691
0.7369
0.7767
0.9349
0.6376
0.9322
0.8693
0.9088
0.9266
0.7892
0.5433
0.9453
0.5855
0.5296
0.8727
0.8347
0.7176
0.9623
0.8721
0.9277
0.8777
0.9282
0.8903
0.9117
0.7758
0.5599
0.658
0.7157
0.6336
0.9238
0.7669
0.8525
0.9082
0.6236
0.5428
0.6023
0.8864
0.8722
0.9583
0.9718
0.9137
0.9467
0.8488
0.8707
0.5538
0.6735
0.7779
0.9115
0.5546
0.8963
0.9115
0.9348
0.8721
0.8396
0.9079
0.6864
0.8425
0.8977
0.8726
0.7319
0.5797
0.8986
0.8833
0.653
0.7965
0.9049
0.6167
0.963
0.7498
0.8723
0.8648
0.8243
0.7385
0.5951
0.6804
0.9083
0.8553
0.8294
0.6953
0.8539
0.825
0.7034
0.7317
0.5301
0.5834
0.5891
0.6641
0.5258
0.7571
0.9329
0.8805
0.8454
0.931
0.8556
0.6025
0.591
0.7437
0.6902
0.665
0.9238
0.938
0.7767
0.9278
0.53
0.4424
0.5689
0.6589
0.777
0.8651
0.8924
0.6573
0.6747
0.7155
0.6175
0.9316
0.7442
0.6037
0.4763
0.78
0.9135
0.7092
0.8993
0.5241
0.6279
0.9147
0.6837
0.6124
0.9368
0.8974
0.8916
0.7099
0.8516
0.9059
0.901
0.7854
0.8329
0.7932
0.7547
0.6497
0.7737
0.8943
0.6801
0.9102
0.8221
0.8762
0.601
0.6497
0.8789
0.8903
0.9305
0.8835
0.6424
0.6859
0.9216
0.8067
0.6306
0.6201
0.6125
0.9382
0.8229
0.7935
0.7383
0.8163
0.8617
0.9286
0.9254
0.8629
0.7328
0.7721
0.8682
0.8582
0.839
0.7812
0.7864
0.6008
0.7765
0.9096
0.5502
0.562
0.9039
0.8014
0.6456
0.7925
0.6862
0.7893
0.9475
0.5886
0.9424
0.7959
0.6328
0.6556
0.821
0.9061
0.8223
0.883
0.9373
0.8495
0.6242
0.8109
0.8547
0.8383
0.7056
0.5771
0.6424
0.6286
0.8543
0.4545
0.8461
0.8475
0.7515
0.8517
0.6202
0.6839
0.8049
0.675
0.8321
0.5758
0.7771
0.6823
0.6108
0.7268
0.7729
0.8801
0.8381
0.6554
0.8456
0.7937
0.8801
0.797
0.6519
0.8977
0.6104
0.9219
0.884
0.6923
0.9069
0.9331
0.7794
0.6755
0.6584
0.6049
0.6297
0.6594
0.7662
0.7176
0.9684
0.9536
0.9636
0.9301
0.9956
0.9405
0.9684
0.986
0.9701
0.9267
0.9553
0.9446
0.8707
0.9692
0.9793
0.9187
0.9692
0.8983
0.9852
0.9413
0.9603
0.9523
0.9282
0.8989
0.9181
0.9181
0.9399
0.9399
0.9181
0.9181
0.9412
0.9764
0.9516
0.9966
0.9869
0.9821
0.9741
0.9006
0.9364
0.8865
0.9084
0.991
0.8294
0.9216
0.9763
0.9442
0.5725
0.9936
0.927
0.629
0.9816
0.9715
0.9487
0.9944
0.9546
0.8464
0.9437
0.9398
0.9634
0.9078
0.9893
0.9433
0.9382
0.9527
0.962
0.9037
0.9171
0.9051
0.838
0.8992
0.9845
0.897
0.9735
0.8635
0.9421
0.8585
0.9305
0.9392
0.8847
0.9832
0.9797
0.9441
0.5938
0.4913
0.7089
0.8956
0.9784
0.9117
0.9355
0.9253
0.9117
0.9413
0.9671
0.97
0.9337
0.9256
0.7922
0.9365
0.9754
0.912
0.9634
0.8318
0.9939
0.5709
0.6278
0.9042
0.9685
0.905
0.7187
0.7504
0.7057
0.7057
0.5459
0.9008
0.8265
0.9789
0.9068
0.95
0.7986
0.9027
0.935
0.9657
0.9201
0.8614
0.8515
0.89
0.9231
0.7317
0.9686
0.9315
0.9043
0.945
0.9629
0.5345
0.9144
0.8653
0.5766
0.5763
0.961
0.8101
0.9741
0.8482
0.6867
0.6818
0.9188
0.9261
0.8453
0.9338
0.7768
0.7908
0.9428
0.9417
0.9353
0.8984
0.9784
0.8309
0.8776
0.9026
0.9414
0.8428
0.8653
0.963
0.8808
0.9603
0.861
0.9198
0.9696
0.9372
0.5101
0.9126
0.8518
0.8936
0.8402
0.5657
0.9755
0.7993
0.9094
0.859
0.8492
0.9079
0.8172
0.9104
0.8095
0.9282
0.7467
0.8639
0.6056
0.9109
0.8831
0.9029
0.9505
0.6921
0.9526
0.5459
0.9412
0.7107
0.7973
0.8737
0.9559
0.7937
0.8291
0.85
0.8605
0.6993
0.6728
0.6514
0.8624
0.8969
0.5479
0.8894
0.9221
0.9016
0.948
0.7813
0.5304
0.7954
0.8555
0.9232
0.7306
0.9344
0.7261
0.5762
0.8322
0.912
0.5545
0.9043
0.9366
0.7978
0.4603
0.5949
0.5588
0.643
0.4792
0.893
0.8894
0.9728
0.8649
0.9049
0.9217
0.7902
0.8941
0.9627
0.6186
0.5372
0.6253
0.6872
0.9599
0.8823
0.6603
0.6602
0.7231
0.6939
0.8183
0.9257
0.9526
0.9591
0.8864
0.5675
0.8828
0.4892
0.8015
0.731
0.5613
0.566
0.9206
0.8317
0.7261
0.8121
0.8249
0.5684
0.8415
0.8957
0.7918
0.6132
0.9453
0.906
0.921
0.9274
0.7833
0.8155
0.942
0.8283
0.9078
0.8589
0.9016
0.9354
0.8497
0.8905
0.6027
0.8133
0.5344
0.6523
0.7958
0.7187
0.9651
0.9193
0.7386
0.7503
0.9451
0.8912
0.8252
0.6283
0.9158
0.6905
0.8415
0.9513
0.5125
0.6188
0.9117
0.9042
0.8485
0.8654
0.8902
0.8854
0.8292
0.6027
0.9067
0.9155
0.523
0.7151
0.8344
0.9172
0.6964
0.6582
0.6347
0.9554
0.9395
0.6363
0.7276
0.837
0.9085
0.7982
0.6808
0.6128
0.6945
0.5317
0.9012
0.5883
0.7033
0.8894
0.963
0.9334
0.8095
0.8369
0.9535
0.6287
0.974
0.8895
0.7229
0.8484
0.834
0.482
0.9486
0.6562
0.6707
0.7239
0.6631
0.7357
0.5582
0.9136
0.597
0.8414
0.955
0.7842
0.5998
0.5199
0.6475
0.806
0.466
0.6621
0.5188
0.6876
0.5029
0.8736
0.4185
0.6985
0.7702
0.4827
0.8934
0.759
0.8167
0.6119
0.9449
0.7634
0.7838
0.8776
0.8306
0.7659
0.888
0.7766
0.9273
0.6153
0.8503
0.7861
0.8856
0.9084
0.6082
0.8223
0.941
0.8391
0.5824
0.8851
0.8222
0.8255
0.9069
0.8366
0.8499
0.8392
0.5855
0.547
0.8681
0.4996
0.7814
0.9319
0.4952
0.6414
0.5281
0.6569
0.6103
0.7239
0.7403
0.9427
0.6512
0.7756
0.6938
0.744
0.5008
0.7807
0.5774
0.9293
0.8435
0.8567
0.5532
0.9568
0.5873
0.5974
0.6768
0.9115
0.7827
0.6373
0.6121
0.9129
0.5739
0.489
0.9125
0.8588
0.6155
0.5522
0.5945
0.6648
0.6733
0.9438
0.7024
0.8097
0.6243
0.8027
0.577
0.7689
0.6275
0.8383
0.8295
0.6077
0.9088
0.7021
0.674
0.6401
0.843
0.8737
0.5066
0.8293
0.952
0.628
0.9447
0.7517
0.8793
0.8799
0.8605
0.8747
0.5253
0.8678
0.9079
0.7732
0.8523
0.9233
0.8305
0.7867
0.8402
0.7994
0.8036
0.8216
0.7097
0.7844
0.8377
0.6546
0.4803
0.7485
0.7888
0.7749
0.679
0.8795
0.6847
0.6859
0.5294
0.7795
0.5668
0.7159
0.9862
0.8918
0.9175
0.9158
0.9555
0.8493
0.9539
0.8721
0.9051
0.9542
0.9832
0.962
0.7262
0.8637
0.9599
0.8579
0.8388
0.8897
0.9555
0.8656
0.7389
0.8797
0.909
0.7344
0.9573
0.9224
0.9693
0.9793
0.8487
0.9284
0.8513
0.9165
0.853
0.921
0.8096
0.9242
0.9117
0.9106
0.9842
0.9344
0.9214
0.836
0.8282
0.9092
0.9281
0.8609
0.9513
0.86
0.9507
0.9112
0.8058
0.8728
0.9423
0.9592
0.9487
0.8962
0.8747
0.9657
0.9768
0.9569
0.6952
0.782
0.9474
0.9316
0.9484
0.9455
0.8084
0.8468
0.9106
0.9077
0.9733
0.9353
0.8729
0.735
0.8898
0.8712
0.9151
0.8179
0.9092
0.903
0.9257
0.8817
0.9843
0.9673
0.773
0.9647
0.8453
0.9798
0.9798
0.8322
0.9165
0.9135
0.8093
0.9452
0.9535
0.8291
0.8797
0.9377
0.9313
0.8833
0.6414
0.8805
0.9181
0.969
0.9607
0.8549
0.9278
0.9744
0.6769
0.8801
0.9366
0.9698
0.9792
0.886
0.8979
0.8567
0.8456
0.9583
0.8891
0.9135
0.8407
0.8205
0.8995
0.8903
0.8516
0.8374
0.832
0.9368
0.9136
0.9846
0.9641
0.9444
0.7699
0.9549
0.9108
0.8661
0.9293
0.9923
0.7122
0.8541
0.8137
0.8528
0.9133
0.5799
0.771
0.9688
0.895
0.7131
0.9384
0.9033
0.9592
0.8717
0.7238
0.872
0.9573
0.9572
0.9382
0.9672
0.8653
1.0
0.806
0.8872
0.9563
0.9636
0.9573
0.9113
0.9177
0.818
0.8078
0.7246
0.9888
0.9729
0.9324
0.871
0.9465
0.8727
0.9324
0.9699
0.7952
0.941
0.8631
0.8724
0.9144
0.7359
0.9846
0.6879
0.7803
0.9388
0.7795
0.8785
0.813
0.8823
0.7402
0.9395
0.8967
0.9017
0.8703
0.8923
0.8437
0.8426
0.9888
0.7828
0.9183
0.9708
0.9514
0.7371
0.881
0.9542
0.8741
0.8894
0.9589
0.854
0.9435
0.9046
0.8913
0.8637
0.9144
0.8901
0.9062
0.5344
0.7468
0.8687
0.8971
0.9467
0.7796
0.9645
0.8757
0.9366
0.8667
0.7094
0.9452
0.935
0.9086
0.9169
0.9077
0.9246
0.7717
0.9549
0.814
0.8693
0.7922
0.9588
0.6934
0.9303
0.8865
0.9427
0.8909
0.9598
0.9516
0.8968
0.8171
0.971
0.7972
0.9819
0.9665
0.8483
0.961
0.816
0.9724
0.9274
0.9003
0.913
0.9485
0.5433
0.9332
0.8874
0.967
0.9758
0.8543
0.8156
0.8129
0.7181
0.8519
0.854
0.8262
0.9738
0.9342
0.9067
0.9029
0.8149
0.8512
0.9437
0.8692
0.9606
0.9729
0.9013
0.9519
0.9765
0.9097
0.6307
0.9136
0.9021
0.9589
0.9167
0.9066
0.9116
0.7108
0.9117
0.9724
0.8595
0.8082
0.8287
0.9282
0.85
0.8192
0.8666
0.7861
0.9594
0.7837
0.9395
0.9389
0.8797
0.7861
0.8328
0.9289
0.8158
0.9641
0.8333
0.8982
0.8971
0.9725
0.9619
0.9353
0.9177
0.9685
0.874
0.8948
0.9325
0.9241
0.9444
0.8536
0.8935
0.9669
0.9994
0.8172
0.7357
0.8918
0.9264
0.8327
0.8847
0.9724
0.9235
0.9219
0.9408
0.929
0.7863
0.9294
0.9127
0.7687
0.9709
0.8706
0.8637
0.9626
0.7501
0.9444
0.9715
0.9436
0.7943
0.9249
0.9031
0.848
0.9265
0.9579
0.93
0.8658
0.9707
0.9737
0.9767
0.8886
0.8791
0.9833
0.9822
0.7245
0.8764
0.8537
0.9542
0.91
0.9555
0.7601
0.7875
0.8806
0.8051
0.6891
0.9549
0.88
0.7916
0.9635
0.9088
0.8184
0.9594
0.9364
0.9614
0.8288
0.7925
0.9552
0.9681
0.9507
0.8753
0.9719
0.9417
0.8104
0.8885
0.9712
0.9558
0.854
0.9768
0.9425
0.9477
0.8792
0.945
0.8678
0.8836
0.9425
0.9404
0.8517
0.8944
0.8294
0.9859
0.9702
0.9359
0.975
0.9246
0.6785
0.9808
0.9057
0.9385
0.9
0.9115
0.9455
0.975
0.8813
0.9145
0.756
0.9776
0.7755
0.9255
0.9416
0.9563
0.9847
0.9006
0.974
0.9252
0.9207
0.8214
0.58
0.9643
0.7108
0.8649
0.9775
0.9924
0.9804
0.973
0.8317
0.9737
0.9291
0.8384
0.8642
0.9708
0.9662
0.8374
0.838
0.8769
0.8481
0.9157
0.9671
0.8788
0.9414
0.8745
0.8895
0.9573
0.8479
0.9325
0.952
0.9518
0.7106
0.9255
0.9186
0.83
0.9506
0.8955
0.8556
0.7267
0.9075
0.8422
0.8838
0.8285
0.9368
0.927
0.9651
0.9758
0.9534
0.9312
0.9876
0.8875
0.8601
0.9013
0.9234
0.9009
0.6673
0.9716
0.962
0.8899
0.7508
0.9823
0.7931
0.9459
0.9638
0.8243
0.8863
0.9824
0.8742
0.8697
0.9844
0.7612
0.7171
0.9111
0.9631
0.9688
0.9341
0.8676
0.855
0.8656
0.7122
0.9321
0.9997
0.9468
0.917
0.9458
0.9685
0.8457
0.9602
0.9445
0.8418
0.8555
0.985
0.9008
0.8287
0.9633
0.9871
0.7722
0.9601
0.7205
0.8702
0.9545
0.8667
0.9568
0.8229
0.9461
0.8593
0.8105
0.9709
0.9768
0.7231
0.9092
0.83
0.949
0.8098
0.9833
0.9176
0.7338
0.9238
0.867
0.9572
0.9795
0.8655
0.8141
0.916
0.9727
0.735
0.8686
0.9801
0.9103
0.8506
0.9686
0.8681
0.8503
0.8244
0.985
0.7527
0.8666
0.9385
0.773
1.0
0.8251
0.814
0.9763
0.9841
0.9272
0.9116
0.9474
0.9295
0.9649
0.7006
0.8704
0.8595
0.9033
0.646
0.949
0.9353
0.8501
0.9615
0.7731
0.7395
0.8674
0.9381
0.9664
0.9137
0.9078
1.0
0.8453
0.91
0.8313
0.9641
0.97
0.9889
0.7849
0.9395
0.8912
0.7007
0.9328
0.8529
0.8953
0.88
0.9214
0.8325
0.8252
0.9154
0.9389
0.9151
0.8891
0.854
0.9421
0.7085
0.9516
0.7668
0.9586
0.8089
0.8568
0.9574
0.9103
0.8337
0.9547
0.8829
0.9809
0.9245
0.9774
0.8543
0.9045
0.7278
0.9266
0.9568
0.7497
0.8784
0.8565
0.9519
0.9905
0.9088
0.8394
0.9651
0.8283
0.9057
0.7945
0.7888
0.7658
0.6961
0.9416
0.9607
0.9185
0.9218
0.9499
0.9104
0.9594
0.9427
0.8994
0.8694
0.9822
0.8889
0.8835
0.9771
0.8553
0.9903
0.8834
0.9867
0.9849
0.8718
0.8658
0.9589
0.7093
0.9219
0.7798
0.9405
0.9344
0.6399
0.6827
0.9032
0.8263
0.9339
0.6996
0.8467
0.8564
0.8106
0.8411
0.9077
0.9611
0.8377
0.9384
0.8042
0.9201
0.7198
0.908
0.9819
0.9023
0.5882
0.9257
0.853
0.9535
0.8321
0.8506
0.8046
0.8625
0.8618
0.9692
0.8857
0.9283
0.8576
0.904
0.9533
0.9385
0.9867
0.8927
0.6681
0.9249
0.987
0.8486
0.8644
0.9389
0.8053
0.9367
0.8564
0.8344
0.9424
0.8255
0.8585
0.9556
0.8709
0.6534
0.8837
0.9399
0.9277
0.9718
0.882
0.8507
0.8101
0.8076
0.8784
0.8964
0.9115
0.7432
0.9032
0.7639
0.8045
0.8945
0.8366
0.9852
0.9512
0.778
0.8371
0.9373
0.8991
0.9066
0.806
0.9549
0.9582
0.8558
0.9609
0.8259
0.8909
0.8263
0.887
0.7296
0.8961
0.9659
0.8384
0.9242
0.9037
0.8733
0.8363
0.9241
0.9731
0.934
0.734
0.8422
0.89
0.8805
0.9122
0.8709
0.9508
0.7772
0.9866
0.7395
0.9519
0.8506
0.9355
0.9344
0.8635
0.7685
0.7899
0.938
0.7952
0.9251
0.9589
0.8912
0.9031
0.894
0.8324
0.9741
0.9002
0.9116
0.9746
0.9382
0.9582
0.9809
0.9498
0.9002
0.9059
0.798
0.9561
0.8567
0.8817
0.9817
0.8347
0.9646
0.9636
0.9779
0.9241
0.931
0.8106
0.883
0.9708
0.9304
0.7913
0.914
0.897
0.8504
0.8489
0.919
0.9873
0.8631
0.8768
0.7548
0.8452
0.8055
0.8962
0.9042
0.8542
0.7627
0.7178
0.8095
0.911
0.715
0.9371
0.8655
0.9388
0.985
0.893
0.9783
0.907
0.8516
0.6433
0.8959
0.9486
0.9253
0.9476
0.8583
0.8837
0.9781
0.8173
0.9105
0.8394
0.9242
0.7506
0.763
0.9832
0.866
0.9322
0.9233
0.7711
0.9789
0.7373
0.9064
0.8874
0.8931
0.8012
0.9521
0.9071
0.9549
0.8853
0.9558
0.9164
0.9787
0.9485
0.9709
0.5606
0.8685
0.747
0.9426
0.9131
0.8461
0.9456
0.9313
0.8911
0.9132
0.7877
0.9631
0.903
0.9338
0.9138
0.9734
0.7801
0.7941
0.9349
0.8443
0.8111
0.9575
0.9606
0.9219
0.9675
0.8939
0.7288
0.6242
0.8603
0.9521
0.8518
0.8198
0.991
0.8286
0.9757
0.9516
0.9424
0.773
0.9332
0.7857
0.9894
0.9258
0.9656
0.7987
0.8715
0.8511
0.6336
0.8595
0.926
0.9402
0.9307
0.9511
0.9883
0.8365
0.8503
0.9275
0.9041
0.85
0.7929
0.6826
0.9652
0.9605
0.8911
0.8883
0.9128
0.7552
0.9357
0.9893
0.8996
0.9791
0.7449
0.8731
0.9078
0.9589
0.8995
0.6886
0.9766
0.9591
0.9294
0.9698
0.8568
0.8476
0.8682
0.8988
0.8467
0.7204
0.7884
0.8522
0.9302
0.5654
0.823
0.8214
0.8227
0.8929
0.948
0.916
0.8749
0.8865
0.9324
0.9578
0.92
0.7029
0.9443
0.987
1.0
0.9363
1.0
0.7825
0.8719
0.997
0.9324
0.9132
0.9962
0.917
0.9375
0.9622
0.8653
0.9493
0.9783
0.9418
0.9122
0.9623
0.9532
0.963
0.8323
0.9537
0.9395
0.9476
0.943
0.9636
0.8647
0.9355
0.9376
0.8713
0.9154
0.9519
0.9785
0.8548
0.8877
0.8384
0.7431
0.9292
0.6943
0.9072
0.9605
0.8405
0.9401
0.9284
0.9783
0.955
0.8974
0.9979
0.9067
0.9667
0.9753
0.9645
0.9372
0.9743
0.9312
0.9344
0.8951
0.8929
0.9215
1.0
0.9564
0.9279
0.9421
0.913
0.9259
0.9748
0.885
0.9269
0.9696
0.9361
0.8715
0.9612
0.9812
0.9426
0.946
0.898
0.9026
0.9603
0.9285
0.8992
0.9852
0.9405
0.9703
0.9298
0.8373
0.9105
0.8822
0.8767
0.8953
0.8697
0.9501
0.9535
0.9865
0.9186
0.9293
0.9622
0.9581
0.9468
0.9431
0.9053
0.9623
0.9172
0.7356
0.948
0.9295
0.9199
0.9421
0.9343
0.8644
0.9384
0.9589
0.9053
0.9309
0.796
0.8966
0.9284
0.9367
0.9293
0.9729
0.9804
0.9228
0.9078
0.9336
0.9153
0.9364
0.962
0.8345
0.9744
0.9572
0.9575
0.9573
0.984
0.97
0.9247
0.9713
0.8884
0.9018
0.9471
0.9054
0.8715
0.99
0.9232
0.7746
0.9514
0.6253
0.8919
0.9533
0.8985
0.8738
0.9637
0.9203
0.9616
0.9468
0.8759
0.8719
0.961
0.9782
0.933
0.9815
0.9265
0.9638
0.95
0.8269
0.9101
0.9753
0.9456
0.8121
0.9887
0.9054
0.9175
0.8514
0.9491
0.9707
0.917
0.9044
0.7076
0.9474
0.922
0.8953
0.9795
0.9498
0.9732
0.9404
0.8874
0.9338
0.974
0.899
0.8904
0.5761
0.8546
0.9812
1.0
0.7183
0.9012
0.9061
0.828
0.9444
0.9885
0.9606
0.9512
0.994
0.9208
0.9541
0.9787
0.9263
0.9518
0.9904
0.9674
0.9706
0.8827
0.8859
0.9079
0.8929
0.8454
0.8974
0.9703
0.8165
0.9522
0.9739
0.8628
0.8101
0.9815
0.8912
0.9315
0.9875
0.9355
0.8732
0.9565
0.8917
0.9567
0.9962
0.8676
0.949
0.9636
0.9487
0.9187
0.9885
0.8846
0.8942
0.9582
0.8701
0.9558
0.9494
0.9099
0.9426
0.9804
0.9851
0.8404
0.9954
0.8966
0.9183
0.9654
0.9055
0.9242
0.8218
0.9355
0.9499
0.9877
0.8518
0.8796
1.0
0.9133
0.9792
0.937
0.9266
0.907
0.9886
0.9397
0.9198
0.957
0.9247
0.956
0.9466
0.8604
0.9394
0.9712
0.8135
0.8978
0.9815
0.9581
0.9406
1.0
0.9286
0.9332
0.9451
0.9778
0.8829
0.909
0.9269
0.8818
0.8424
0.931
0.9535
0.9886
0.8634
0.948
0.9279
0.8472
0.9432
0.9137
0.9871
0.9504
0.984
0.9036
0.8377
0.9408
0.9695
0.922
0.9886
0.9464
0.8457
0.9206
0.9329
0.9499
0.9444
0.9338
0.907
0.966
0.9055
0.8938
0.8408
0.8839
0.9412
0.9521
0.7951
0.8457
0.8789
0.8981
0.8731
0.8218
0.9543
0.9895
0.8345
0.9483
1.0
0.766
0.9421
0.9753
0.9419
0.9687
0.9532
0.8355
0.9394
0.99
0.9055
0.9117
0.9716
0.9618
0.8097
0.9723
0.9442
0.984
0.9817
0.6156
0.9817
0.9776
0.7362
0.9069
0.9195
0.9344
0.9545
0.9753
0.9101
0.9229
0.9476
0.9212
0.9453
0.9673
0.929
0.9567
0.9721
0.947
0.8925
0.9891
0.8678
0.814
0.9808
0.9231
0.9754
0.9738
0.9383
0.9301
0.9537
0.9677
0.895
1.0
0.9426
0.913
0.9239
0.8866
0.8932
0.8514
0.9608
0.8821
0.9837
0.9052
0.8759
0.941
0.9223
0.834
0.9598
0.9055
0.9567
0.9549
0.7183
0.9196
0.9753
0.6863
0.9332
0.8514
0.9212
0.9292
0.8986
0.9113
0.7496
0.9662
0.9328
0.9407
0.9886
0.8414
0.9742
0.9907
0.9309
0.812
0.9343
0.9064
0.8926
0.9768
0.8756
0.8847
0.9896
0.8962
0.9471
0.984
0.8329
0.7475
0.9713
0.8653
0.8877
0.9321
0.8595
0.9373
0.9298
0.8122
0.9523
0.9286
0.9845
0.8918
0.9786
0.9151
0.9691
0.9669
0.9341
0.9401
0.9538
0.9778
0.9829
0.9576
0.9029
0.9734
0.9419
0.9051
0.9928
0.966
0.9111
0.9489
0.961
0.9958
0.9714
0.9878
0.9137
0.973
0.9475
0.9752
0.9824
0.9468
0.9447
0.9691
0.967
0.8751
0.9442
0.9266
0.9774
0.935
0.9215
0.9828
0.9631
0.9214
0.9338
0.8849
0.9687
0.9537
0.9784
0.9552
0.9877
0.9947
0.9983
0.938
0.9531
0.9201
0.9678
0.9706
0.9244
0.9865
0.9765
0.992
0.9383
0.932
0.9636
0.9656
0.9203
0.9445
0.9361
0.9519
0.9721
0.9838
0.9606
0.947
0.9647
0.9797
0.9941
0.9446
0.952
0.9551
0.957
0.9956
0.9426
0.9734
0.9588
0.9156
0.9777
0.982
0.981
0.949
0.9749
0.9252
0.9861
0.9751
0.9798
0.9664
0.9758
0.9322
0.9723
0.9549
0.9429
0.9763
0.9166
0.9891
0.9388
0.9432
0.8519
0.9379
0.9353
0.9187
0.9353
0.9832
0.9854
0.9694
0.9543
0.9733
0.9588
0.9481
0.9641
0.9372
0.9779
0.9629
0.9723
0.9269
0.9582
0.9617
0.9206
0.9452
0.9572
0.9771
0.9089
0.968
0.9334
0.9137
0.964
0.9709
0.9328
0.9855
0.9055
0.9906
0.933
0.9487
0.9686
0.9753
0.9798
0.9696
0.9659
0.943
0.9034
0.9765
0.9502
0.9303
0.9733
0.9482
0.9535
0.9425
0.966
0.9336
0.9499
0.9427
0.8821
0.9922
0.9493
0.9658
0.9817
0.9659
0.9859
0.8854
0.9458
0.9758
0.986
0.9796
0.9703
0.9672
0.9729
0.9708
0.9631
0.9687
0.9379
0.953
0.9882
0.9777
0.9366
0.9516
0.9364
0.9852
0.9788
0.9842
0.9756
0.9744
0.9854
0.932
0.9492
0.9536
0.9459
0.9477
0.9938
0.9468
0.9484
0.935
0.9784
0.9143
0.892
0.99
0.9635
0.9313
0.9269
0.9892
0.945
0.9653
0.9325
0.9785
0.9348
0.9239
1.0
0.9889
0.9709
0.9085
0.9374
0.9526
0.9641
0.9617
0.9866
0.9682
0.9258
0.9537
0.9859
0.945
0.9668
0.9312
0.8706
0.9113
0.9765
0.9723
0.9355
0.9104
0.9572
0.9372
0.9644
0.9676
0.9711
0.9393
0.966
0.9332
0.9185
0.9624
0.9775
0.9741
0.8984
0.9632
0.9776
0.9818
0.97
0.9707
0.9681
0.9085
0.9863
0.9384
0.9329
0.9344
0.8986
0.9119
0.9476
0.9645
0.9706
0.976
0.8929
0.9158
0.9926
0.9494
0.9525
0.9351
0.9249
0.9346
0.9172
0.9736
0.9581
0.9276
0.9767
0.9733
0.9787
0.9443
0.9257
0.9571
0.9368
0.9786
0.9755
0.9745
0.8686
0.9547
0.9769
0.8961
0.9799
0.9062
0.9699
0.9158
0.9765
0.941
0.9663
0.8622
0.9308
0.9523
0.951
0.9434
0.9917
0.9561
0.9478
0.9737
0.9817
0.9699
0.8763
0.93
0.9828
0.9384
0.9803
0.9983
0.9679
0.9498
0.9305
0.982
0.9353
0.9719
0.9597
0.9766
0.9517
0.9306
0.9614
0.9846
0.915
0.9477
0.9077
0.9268
0.9693
0.9764
0.9118
0.9606
0.9085
0.9571
0.9715
0.9432
0.9576
0.9468
0.9502
0.9855
0.977
0.9656
0.9668
0.9351
0.9468
0.8975
0.9353
0.966
0.9841
0.973
0.9711
0.9838
0.9106
0.9784
0.9806
0.9832
0.935
0.9776
0.9803
0.9604
0.9678
0.9756
0.9102
0.9881
0.8818
0.9056
0.958
0.9821
0.9712
0.9748
0.9688
0.9824
0.9339
0.9697
0.9767
0.9545
0.9287
0.9276
0.9744
0.9344
0.9679
0.9738
0.9761
0.9562
0.889
0.9168
0.9346
0.9352
0.8805
0.9958
0.97
0.9425
0.9534
0.9802
0.9314
0.8964
0.9711
0.9608
0.949
0.9536
0.9237
0.9448
0.9571
0.9723
0.958
0.9482
0.8711
0.9844
0.9547
0.9854
0.9719
0.9449
0.9807
0.9556
0.9708
0.9343
0.9473
0.9656
0.9751
0.9358
0.9276
0.9751
0.9367
0.952
0.9634
0.9144
0.952
0.8655
0.9335
0.8783
0.9275
0.9783
0.9073
0.9675
0.9272
0.8406
0.9858
0.9719
0.88
0.9871
0.9161
0.9165
0.9754
0.9768
0.9535
0.8755
0.9529
0.9767
0.981
0.959
0.8709
0.8658
0.9717
0.9617
0.9564
0.9531
0.9618
0.9162
0.965
0.9702
0.9634
0.9572
0.9369
0.9708
0.9839
0.9482
0.938
0.9096
0.9554
0.9756
0.9369
0.9239
0.924
0.9651
0.9716
0.9178
0.9751
0.963
0.9848
0.8858
0.9917
0.9809
0.9749
0.9433
0.954
0.9834
0.9339
0.9556
0.8781
0.9025
0.9566
0.962
0.8951
0.9444
0.949
0.9781
0.888
0.9216
0.9718
0.9456
0.9569
0.9184
0.938
0.9373
0.9665
0.9828
0.9901
0.9981
0.9749
0.9827
0.9493
0.9896
0.9618
0.9272
0.9586
0.9581
0.8833
0.9936
0.9767
0.9672
0.9891
0.9648
0.8615
0.9288
0.9683
0.9597
0.9657
0.9615
0.9562
0.9825
0.9189
0.9768
0.981
0.9886
0.9915
0.9763
0.9272
0.9262
0.9642
0.9441
0.9235
0.9653
0.9701
0.8791
0.9282
0.9813
0.9632
0.9741
0.9955
0.9349
0.9606
0.9507
0.9505
0.9636
0.9812
0.9793
0.8912
0.9355
0.9641
0.9357
0.9817
0.9543
0.9812
0.9795
0.9691
0.9407
0.8794
0.9741
0.9858
0.9074
0.9677
0.9896
0.9636
0.9508
0.9523
0.9719
0.9821
0.9615
0.964
0.9438
0.9861
0.978
0.9658
0.9255
0.8922
0.9545
0.972
0.9458
0.9344
0.9454
0.9744
0.8635
0.963
0.9657
0.9587
0.9614
0.9767
0.9544
0.9761
0.9821
0.9367
0.9337
0.9584
0.992
0.991
0.9965
0.9419
0.9514
0.8975
0.8898
0.9393
0.9601
0.9714
0.9683
0.9579
0.9844
0.9384
0.9338
0.9536
0.9825
0.9378
0.9584
0.9631
0.987
0.9108
0.9822
0.9651
0.9655
0.9699
0.9707
0.9201
0.8866
0.9774
0.8276
0.9142
0.9205
0.957
0.8953
0.9534
0.9706
0.9671
0.9671
0.9805
0.9655
0.9552
0.9767
0.9698
0.9244
0.9551
0.9706
0.9738
0.8367
0.9322
0.9903
0.9503
0.9539
0.9711
0.9694
0.9753
0.9742
0.9461
0.9691
0.9642
0.9954
0.9753
0.9649
0.919
0.9479
0.963
0.9802
0.9336
0.9756
0.964
0.9875
0.9443
0.9457
0.9693
0.9247
0.9903
0.9235
0.9762
0.9836
0.9375
0.9348
0.9846
0.9594
0.9295
0.926
0.9845
0.9727
0.9307
0.9656
0.9652
0.9169
0.9778
0.9893
0.9715
0.9828
0.9652
0.9229
0.9353
0.9831
0.9753
0.9668
0.9591
0.9749
0.9551
0.9889
0.9383
0.9499
0.9568
0.9708
0.8998
0.9737
0.9394
0.9052
0.8876
0.9402
0.9841
0.9149
0.9136
0.9877
0.951
0.9359
0.9471
0.9782
0.9837
0.9745
0.9558
0.9307
0.9437
0.9501
0.929
0.9607
0.9868
0.969
0.93
0.9636
0.9567
0.9366
0.8562
0.9022
0.9056
0.9683
0.9633
0.9815
0.9327
0.9637
0.9209
0.9839
0.9635
0.9321
0.9535
0.9061
0.9614
0.9239
0.9526
0.9741
0.956
0.9948
0.9029
0.9655
0.9911
0.9557
0.9245
0.9358
0.9504
0.9894
0.991
0.8934
0.8529
0.9524
0.8979
0.9765
0.9387
0.9676
1.0
0.9619
0.9748
0.9905
0.9619
0.9836
0.9593
0.9568
0.9195
0.9871
0.9272
0.9854
0.9293
0.9801
0.988
0.9891
0.9153
0.9904
0.9592
0.9646
0.9843
0.9745
0.8426
0.9733
0.9672
0.97
0.8867
0.9481
0.9453
0.9798
0.9658
0.9451
0.9765
0.9423
0.9152
0.9739
0.9748
0.9769
0.9765
0.9481
0.9457
0.9843
0.96
0.8555
0.9779
0.9812
0.9802
0.9433
0.9877
0.9408
0.9537
0.9734
0.953
0.9386
0.967
0.952
0.8877
0.9455
0.9172
0.9061
0.9593
0.9233
0.9305
0.9267
0.9157
0.9691
0.9587
0.945
0.9373
0.9784
0.9807
0.9372
0.9163
0.943
0.9556
0.9685
0.998
0.993
0.9737
0.957
0.9861
0.9599
0.945
0.9774
0.9839
0.9377
0.9842
0.9766
0.9506
0.9593
0.9673
0.9558
0.9229
0.9592
0.9595
0.9499
0.9764
0.9711
0.9904
0.91
0.9592
0.964
0.9773
0.9787
0.9648
0.9709
0.961
0.9622
0.8986
0.917
0.9622
0.9269
0.9922
0.8905
0.9577
0.9774
0.9622
0.9572
0.9373
0.9711
0.9401
0.9503
0.9618
0.9751
0.9621
0.9696
0.9445
0.9838
0.9644
0.9509
0.9431
0.9586
0.9083
0.8644
0.9799
0.9007
0.9665
0.9022
0.9788
0.971
0.992
0.9254
0.9204
0.9802
0.9598
0.9872
0.9616
0.9687
0.8776
0.9491
0.9568
0.9835
0.9671
0.9477
0.9387
0.9574
0.933
0.9317
0.9599
0.9184
0.9567
0.9873
0.9864
0.8117
0.9905
0.9207
0.9375
0.946
0.9407
0.927
0.957
0.9424
0.9549
0.9661
0.9888
0.9753
0.9617
0.9566
0.9942
0.8657
0.9657
0.9288
0.9377
0.9408
0.8929
0.9895
0.9923
0.9588
0.958
0.9714
0.9456
0.9093
0.971
0.914
0.9856
0.9954
0.9857
0.9753
0.9707
0.9334
0.9799
0.9668
0.9682
0.9807
0.9175
0.9121
0.9029
0.9881
0.9633
0.9778
0.9567
0.987
0.8658
0.8798
0.9793
0.9834
0.9011
0.9536
0.9241
0.9198
0.8499
0.9605
0.9101
0.8767
0.8358
0.97
0.9511
0.9536
0.9777
0.9327
0.9774
0.95
0.8885
0.9638
0.9877
0.9145
0.9639
0.9945
0.9098
0.9799
0.9762
0.9293
0.9566
0.9892
0.9178
0.9609
0.9922
0.8624
0.9188
0.9846
0.918
0.9515
0.9752
0.8989
0.7461
0.9569
0.7947
0.9451
0.9863
0.9207
0.971
0.9723
0.979
0.969
0.9795
0.835
0.7088
0.9785
0.9324
0.8748
0.949
0.9292
0.9371
0.979
0.8684
0.9778
0.981
0.9014
0.9157
0.9425
0.9373
0.9582
0.9582
0.9621
0.9638
0.981
0.9334
0.8981
0.97
0.7308
0.9728
0.7589
0.9422
0.9284
0.969
0.8418
0.9725
0.9608
0.8819
0.9466
0.9866
0.9189
0.9744
0.9665
0.9271
0.9564
0.9775
0.8828
0.9655
0.9768
0.9065
0.9587
0.9904
0.9163
0.9596
0.9411
0.8631
0.9881
0.9784
0.7926
0.9679
0.9785
0.8731
0.7639
0.967
0.9705
0.9129
0.9736
0.9002
0.8604
0.9907
0.9696
0.9561
0.9921
0.9792
0.9816
0.9237
0.8932
0.988
0.9766
0.9341
0.9087
0.9932
0.5798
0.923
0.9305
0.9411
0.9334
0.9623
0.9508
0.9559
0.9731
0.8496
0.9484
0.9781
0.9323
0.9844
0.9454
0.9373
0.8668
0.9712
0.9537
0.7411
0.9668
0.9236
0.9776
0.8843
0.8158
0.9766
0.9881
0.9291
0.9843
0.9631
0.9267
0.9185
0.9953
0.9324
0.9255
0.9877
0.8408
0.8729
0.9799
0.934
0.9351
0.8792
0.8803
0.9545
0.9815
0.9499
0.9685
0.9718
0.9699
0.9338
0.9887
0.7598
0.9548
0.9665
0.9349
0.9692
0.9818
0.8976
0.9244
0.9905
0.882
0.939
0.9659
0.9719
0.9805
0.814
0.9057
0.9699
0.9793
0.8883
0.9844
0.9922
0.3709
0.9451
0.9872
0.9047
0.9683
0.97
0.715
0.9742
0.9832
0.9385
0.9485
0.9682
0.7729
0.9597
0.9914
0.8839
0.972
0.9733
0.9151
0.932
0.9532
0.9049
0.974
0.9814
0.8512
0.978
0.9904
0.8003
0.981
0.995
0.9036
0.9548
0.989
0.7628
0.9516
0.9955
0.9415
0.9682
0.9847
0.9014
0.9568
0.9433
0.9701
0.9082
0.9414
0.8545
0.8875
0.9684
0.9596
0.9801
0.995
0.8786
0.5834
0.8764
0.9676
0.8997
0.9469
0.9631
0.9843
0.9298
0.8614
0.9323
0.8883
0.9402
0.9098
0.8859
0.9631
0.9613
0.9751
0.929
0.8758
0.7514
0.9704
0.7774
0.9735
0.8876
0.9792
0.9027
0.9713
0.9347
0.9032
0.7772
0.9395
0.8612
0.9643
0.9309
0.8437
0.8021
0.9888
0.9668
0.9618
0.9779
0.9834
0.8912
0.8776
0.9582
0.9703
0.9254
0.9854
0.9571
0.878
0.9567
0.9499
0.8475
0.9014
0.8701
0.9819
0.9186
0.973
0.9176
0.8617
0.9272
0.8189
0.9575
0.8816
0.8534
0.8566
0.9626
0.9545
0.6489
0.9276
0.9132
0.8033
0.9796
0.9573
0.9048
0.8958
0.7059
0.9764
0.8616
0.8343
0.7962
0.923
0.9352
0.9017
0.9057
0.9533
0.8926
0.786
0.952
0.9617
0.8859
0.8893
0.9194
0.8915
0.9357
0.8542
0.9274
0.7793
0.8096
0.9107
0.9173
0.9937
0.6975
0.9854
0.7502
0.8614
0.8993
0.9765
0.8285
0.8076
0.9683
0.6651
0.7708
0.8579
0.8246
0.7594
0.8516
0.7086
0.737
0.668
0.8809
0.9347
0.907
0.919
0.8986
0.8373
0.9583
0.8703
0.885
0.9447
0.8845
0.9243
0.9539
0.8705
0.693
0.9816
0.9383
0.8645
0.8397
0.8049
0.8266
0.9244
0.7412
0.9719
0.8971
0.8974
0.9055
0.9147
0.9727
0.954
0.8982
0.8563
0.8957
0.8783
0.9861
0.9531
0.7159
0.7865
0.8783
0.9152
0.9483
0.8941
0.962
0.9911
0.9846
0.6955
0.9442
0.9651
0.8512
0.8354
0.9557
0.8703
1.0
0.7969
0.9504
0.8771
0.7365
0.9337
0.9523
0.964
0.9503
0.9059
0.969
0.925
0.9521
0.9806
0.8545
0.7732
0.9312
0.8739
0.9612
0.9579
0.7603
0.8373
0.8605
0.9668
0.842
0.9378
0.9851
0.896
0.9386
0.6268
0.8605
0.9834
0.9495
0.8072
0.6019
0.858
0.8705
0.9108
0.8714
0.7608
0.5217
0.87
0.8576
0.8476
0.9516
0.7986
0.8156
0.7265
0.9231
0.7445
0.9471
0.9227
0.9322
0.9654
0.9561
0.9011
0.8311
0.8416
0.9172
0.8906
0.929
0.9565
0.9854
0.9895
0.8529
0.8467
0.966
0.9284
0.9606
0.9323
0.8915
0.963
0.9583
0.9297
0.8018
0.9409
0.8464
0.8896
1.0
0.5197
0.975
0.9587
0.4133
0.9078
0.9532
0.6679
0.8777
0.8575
0.8626
0.9039
0.9958
0.9187
0.7218
0.9596
0.9826
0.9778
0.9407
0.9309
0.867
0.8726
0.8502
0.9533
0.9954
0.8378
0.872
0.991
0.9069
0.9512
0.7403
0.9635
0.6819
0.7879
0.8464
0.6865
0.9347
0.9314
0.9413
0.4967
0.9047
0.8927
0.8021
0.8312
0.9133
0.9587
0.9066
1.0
0.9256
0.9228
0.9653
0.928
0.8486
0.8183
0.7806
0.8872
0.926
0.9102
0.7953
0.9732
0.9575
0.944
0.8371
0.9675
0.9619
0.9016
0.8469
0.9719
0.6502
0.9015
0.84
0.9387
0.9679
0.6785
0.8204
0.964
0.9566
0.9186
0.8966
0.9622
0.7289
0.9067
0.7298
0.9357
0.9369
0.8493
0.8445
0.9556
0.9456
0.9263
0.969
0.8923
0.5519
0.741
0.9341
0.9638
0.9804
0.8283
0.9726
0.9503
0.9179
0.9468
0.8446
0.5812
0.9654
0.6581
0.8567
0.9524
0.949
0.9136
0.8984
0.9239
0.8909
0.9883
0.7496
0.8649
0.9632
0.8678
0.8577
0.8266
0.948
0.9741
0.9589
0.9129
0.9234
0.899
0.9715
0.9367
0.9122
0.8139
0.9464
0.9181
0.9534
0.8818
0.9156
0.9511
0.8007
0.9535
0.8207
0.728
0.6914
0.7269
0.6856
0.8351
0.6946
0.8175
0.9737
0.9052
0.908
0.8619
0.9717
0.8681
0.8343
0.9274
0.9493
0.832
0.9764
0.8643
0.9459
0.9375
0.9025
0.9264
0.8696
0.9676
0.9815
0.873
0.7851
0.9
0.9336
0.8104
0.8041
0.9848
0.9308
0.7557
0.9629
0.8392
0.8042
0.885
0.8822
0.8638
0.9157
0.9321
0.7989
0.8589
0.9044
0.9635
0.9792
0.9611
0.7988
0.7629
0.9236
0.8264
0.9811
0.9245
0.9396
0.8915
0.959
0.8818
0.9176
0.9834
0.9422
0.9459
1.0
0.7876
0.9777
0.9122
0.9263
0.8335
0.9716
0.9213
0.926
0.9035
0.8419
0.9125
0.8922
0.8468
0.9905
0.8697
0.9664
0.915
0.8636
0.985
0.9694
0.9416
0.9053
0.8519
0.8951
0.7607
0.8295
0.9277
0.9335
0.998
0.8247
0.9656
0.8956
0.8762
0.8456
0.9522
0.8651
0.7623
0.9482
0.9658
0.8374
0.8973
0.8522
0.8286
0.896
0.9304
0.8529
0.8179
0.831
0.92
0.862
0.8824
0.641
0.8787
0.6705
0.952
0.9801
0.8647
0.5844
0.9798
0.9605
0.898
0.7364
0.9033
0.7426
0.9104
0.8676
0.9232
0.8608
0.656
0.9549
0.8975
0.9749
0.9454
0.9173
0.9459
0.6055
0.7759
0.9197
0.8295
0.9512
0.8559
0.967
0.975
0.8968
0.9837
0.963
0.8748
0.9336
0.8557
0.9332
0.8446
0.9055
0.8981
0.9512
0.86
0.9556
0.8374
0.978
0.8906
0.8915
0.8433
0.964
0.7113
0.9866
0.9336
0.9566
0.9605
0.9464
0.9294
0.9571
0.8962
0.974
0.9264
0.7189
0.9935
0.9484
0.8661
0.8461
0.8292
0.8703
0.9331
0.9008
0.8698
0.758
0.8865
0.963
0.8628
0.7139
0.9171
0.9488
0.8838
0.9137
0.8519
0.7253
0.9634
0.9232
0.8098
0.9362
0.8519
0.9054
0.8446
0.901
0.8089
0.5628
0.9709
0.9561
0.9963
0.9615
0.8996
0.7229
0.8973
0.9403
0.9139
0.9455
0.9676
0.5002
0.9083
0.8682
0.7912
0.9508
0.8563
0.8377
0.9247
0.9311
0.6687
0.76
0.9149
0.9386
0.8234
0.8903
0.9081
0.8876
0.8939
0.9654
0.7665
0.9556
0.888
0.8668
0.9669
0.8734
0.9923
0.9487
0.8536
0.7736
0.8353
0.8734
0.9769
0.8572
0.74
0.889
0.7211
0.9637
0.6666
0.8523
0.7555
0.9162
0.7736
0.712
0.9183
0.9502
0.9291
0.991
0.9485
0.8602
0.9023
0.8998
0.9781
0.9334
0.9211
0.851
0.9471
0.9859
0.93
0.8581
0.7185
0.964
0.8473
0.8948
0.939
0.9009
0.9659
0.8125
0.9248
0.7664
0.9108
0.9656
0.9331
0.7018
0.9057
0.9528
0.8862
0.9656
0.9696
0.9372
0.9482
0.9668
0.9394
0.9187
0.9534
0.9335
0.9206
0.8656
0.9777
0.9022
0.8892
0.8265
0.9127
0.9416
0.7868
0.9546
0.9581
0.9303
0.9571
0.8829
0.8997
0.999
0.95
0.8143
0.9096
0.9486
0.8134
0.9292
0.8455
0.908
0.7761
0.7442
0.8896
0.8572
0.9663
0.7875
0.8194
0.9123
0.9796
0.8964
0.9602
0.9081
0.9061
0.8984
0.7842
0.8828
0.9718
0.8913
0.9601
0.7645
0.9676
0.945
0.966
0.919
0.8366
0.8608
0.8565
0.9878
0.9589
0.788
0.8529
0.821
0.9344
0.9381
0.9751
0.9701
0.7855
0.8345
0.8811
0.6746
0.9779
0.9456
0.9613
0.9687
0.9568
0.7937
0.8749
0.9574
0.8159
0.9366
0.9339
0.91
0.6994
0.9663
0.7345
0.972
0.8306
0.943
0.9443
0.9354
0.9652
0.8958
1.0
0.9652
0.9965
0.9603
0.9996
0.8719
0.9124
0.9269
0.9619
0.9955
0.9215
0.9015
0.7869
0.8436
0.7936
0.7732
0.9772
0.8891
0.9214
0.8908
0.9176
0.8208
0.9574
0.9312
0.8767
0.7896
1.0
0.8887
0.9339
0.8003
0.784
0.7357
0.9345
0.906
0.9507
0.9709
0.9413
0.8784
0.8426
0.9751
0.9464
0.8249
0.8813
0.8882
0.9483
0.9419
0.9689
0.9757
0.8233
0.8773
0.9737
0.9204
0.9764
0.8856
0.7628
0.8799
0.9019
0.9653
0.8352
0.947
0.9711
0.8515
0.9516
0.5675
0.9569
0.8163
0.9261
0.9214
0.8707
0.8944
0.9449
0.8699
0.8567
0.7562
0.9356
0.8475
0.8949
0.9471
0.975
0.9108
0.8982
0.8138
0.978
0.8491
0.9395
0.9248
0.9284
0.6454
0.8387
0.9803
0.8941
0.9496
0.9637
0.9744
0.898
0.9598
0.9266
0.9574
0.7732
0.8495
0.8747
0.9684
0.6844
0.8326
0.9013
0.8437
0.8175
1.0
0.9204
0.8854
0.7966
0.621
0.8546
0.9668
0.8936
0.9749
0.861
0.7035
0.9882
0.9982
0.8543
0.9696
0.6092
0.9895
0.9602
0.9562
0.9405
0.9261
0.8392
0.7804
0.9529
0.9486
0.8492
0.8395
0.8893
0.9566
0.8545
0.9414
0.7903
0.8977
0.8496
0.9328
0.9964
0.9378
0.8372
0.7839
0.8684
0.9292
0.621
0.874
1.0
0.909
0.8869
0.9313
0.5985
0.9163
0.9385
0.8459
0.9775
0.8572
0.8259
0.9031
0.8765
0.9692
0.9228
0.8746
0.9613
0.9377
0.8327
0.6601
0.9168
0.6445
0.9415
0.82
0.8126
0.8552
0.9249
0.9412
0.8853
0.958
0.8978
0.8578
0.9641
0.8595
0.9065
0.9474
0.9366
0.9521
0.9319
0.9287
0.8665
0.9321
0.8797
0.8836
0.9808
0.8329
0.8961
0.9458
0.8522
0.948
0.8873
0.9323
0.9724
0.9393
0.8414
0.9392
0.9334
0.7625
0.7475
0.9118
0.9734
0.9228
0.8937
0.8737
0.536
0.9609
0.8386
0.9306
0.7638
0.907
0.8987
0.9294
0.9316
0.7168
0.9606
0.7709
0.8629
0.9343
0.9205
0.8308
0.9482
0.8968
0.9173
0.944
0.9719
0.9852
0.837
0.9499
0.8119
0.8286
0.6606
0.8766
0.9821
0.8727
0.9768
0.9072
0.902
0.9396
0.9375
0.8337
0.7432
0.8728
0.5033
0.8924
0.8788
0.7785
0.9378
0.7712
0.946
0.8185
0.5553
0.8728
0.9758
0.8344
0.9773
0.9772
0.9467
0.9111
0.9767
0.8462
0.9462
0.9369
0.8155
0.9501
0.916
0.8775
0.9448
0.9893
0.8665
0.9869
0.9852
0.926
0.9696
0.88
0.7997
0.8668
0.945
0.8435
0.9448
0.9208
0.9286
0.6646
0.8311
0.9574
0.8977
0.9103
0.9605
0.908
0.8727
0.8717
0.9786
0.9745
0.9676
0.9977
0.9639
0.9243
0.9578
0.8598
0.9554
0.5549
0.9782
0.9053
0.9644
0.9393
0.9263
0.9857
0.742
0.9278
0.902
0.9011
0.9147
0.8837
0.8659
0.8415
0.8907
0.9669
0.8216
0.9574
0.9344
0.7643
0.8385
0.8851
0.9438
0.777
0.9597
0.9304
0.8234
0.9262
0.9415
0.9208
0.9109
0.7469
0.9639
0.9312
0.9565
0.93
0.9584
0.8705
0.977
0.9701
0.8692
0.9325
0.9572
0.8821
0.9542
0.981
0.9356
0.9168
0.7386
0.8979
0.9389
0.8869
0.7935
0.8912
0.9591
0.8245
0.8138
0.7641
0.9817
0.8915
0.934
0.8308
0.8797
0.8145
0.9237
0.8698
1.0
0.9329
0.985
0.9274
0.9639
0.9811
0.819
0.9334
0.8969
0.8414
0.958
0.9381
0.8248
0.9491
0.9174
0.7976
0.8565
0.9832
0.9578
0.9738
0.9065
0.968
0.8993
0.8795
0.7258
0.9345
0.9881
0.9236
0.7885
0.9276
0.9807
0.6758
0.9886
0.6076
0.8343
0.8963
0.9137
0.8589
0.9117
0.9749
0.89
0.8136
0.9074
0.7774
0.911
0.9267
0.9836
0.9382
0.8853
0.7122
0.836
0.7212
0.8891
0.9818
0.9311
0.7703
0.96
0.7514
0.8072
0.9755
0.9698
0.9143
0.8348
0.8232
0.6531
0.5662
0.9372
0.9432
0.7954
0.966
0.9674
0.9475
0.8101
0.9076
0.9347
0.9474
0.9621
0.8892
0.8857
0.8863
0.9528
0.9398
0.7984
1.0
0.8374
0.884
0.7287
0.9529
0.9586
0.7142
0.9397
0.9327
0.8079
0.9867
0.7985
0.8839
0.8663
0.9737
0.7296
0.9351
0.9284
0.9339
0.976
0.9856
0.8559
0.9652
1.0
0.5557
0.6946
0.9611
0.7116
0.919
0.9524
0.8423
0.7346
0.8903
0.9397
0.9671
0.9788
0.8381
0.9835
0.7334
0.8998
0.9913
0.8362
1.0
0.9108
0.6494
0.7309
0.8319
0.8901
0.8764
0.8689
0.7307
0.9846
0.9415
0.9027
0.9456
0.9557
0.7294
0.9397
0.7958
0.7718
0.8228
0.8894
0.9681
0.9776
0.8341
0.9575
1.0
0.8818
0.9448
0.9035
0.9615
0.8875
0.9365
0.8893
0.7656
0.6897
0.9224
0.9807
0.7672
0.7137
0.9601
0.6922
0.8592
1.0
0.9126
0.9497
0.9457
0.8247
0.7873
0.9524
0.9155
0.9544
0.9384
0.9727
0.7256
0.9488
0.7446
0.9884
0.9594
0.6696
0.7937
0.9204
0.9117
0.8966
0.7714
0.9263
0.902
0.9112
0.9581
0.8675
0.9566
0.8591
0.9734
0.8231
0.7321
0.9895
0.8536
0.9965
0.9257
0.9221
0.9411
0.8157
0.9729
0.96
0.8166
0.8177
0.8731
0.9268
0.9167
0.8381
0.8994
0.9761
0.8381
0.8923
0.9642
0.5065
0.97
0.8526
0.9992
0.9783
0.9746
0.8374
0.925
0.9348
0.92
0.8166
0.6145
0.8159
0.8952
0.981
0.9451
0.9979
0.9961
0.7954
0.9045
0.9304
0.937
0.9164
0.9676
0.9882
0.9785
0.9671
0.9649
0.7023
0.8376
0.7552
0.7559
0.7585
0.8515
0.5304
0.736
0.9368
0.8859
0.7647
0.6781
0.9579
0.7879
0.8155
0.8855
0.8798
0.9775
0.9045
0.8477
0.9123
0.9528
0.9301
0.904
0.6657
0.8887
0.7193
0.838
0.8923
0.8864
0.7325
0.9487
0.8505
0.5552
0.9337
0.7395
0.8627
0.8431
0.9244
0.9498
0.8949
0.8927
0.9548
0.9473
0.9807
0.7249
0.9058
0.9618
0.8741
0.9207
0.7762
0.8833
0.721
0.8052
0.9321
0.9705
0.9837
0.9349
0.7152
0.9577
0.9373
0.7203
0.8508
0.8086
0.88
0.9913
0.6458
0.5812
0.9536
0.5402
0.5467
0.9257
0.8808
0.844
0.8997
0.9545
0.8335
0.9361
0.932
0.9925
0.8294
0.8591
0.8691
0.9936
0.8114
0.9497
0.8037
0.962
0.7027
1.0
0.776
0.8843
0.8468
0.9773
0.8289
0.9048
0.9284
0.9771
0.9598
0.8758
0.9022
0.7718
0.9478
0.9511
0.9091
0.7243
0.943
0.8975
0.8604
0.7322
0.8486
0.7624
0.9157
0.802
0.8792
0.9112
0.9362
0.9028
0.8301
0.9262
0.6963
0.916
0.9816
0.9064
0.8685
0.6456
0.8965
0.9401
0.7981
0.9554
0.8999
0.8765
0.6981
0.9338
0.8501
0.9691
0.9149
0.9586
0.8379
0.9329
0.9379
0.6117
0.835
0.9525
0.4378
0.9343
0.9693
0.8256
0.8095
0.544
0.8862
0.9994
0.9229
0.944
0.936
0.9788
0.9693
0.9388
0.9061
0.8937
0.9809
0.9662
0.8998
0.8115
0.9518
0.811
0.7453
0.9277
0.9668
0.9889
0.8889
0.8606
0.9169
0.9191
0.9771
0.8494
0.8937
0.8935
0.9783
0.9163
0.8655
0.8174
0.7104
0.831
0.657
0.9508
0.9643
0.9645
0.9513
0.9074
0.8908
0.7238
0.8694
0.8178
0.8133
0.9571
0.7839
0.6654
0.8966
0.8961
0.9349
0.7853
0.8787
0.9687
0.9641
0.9669
0.955
0.5874
0.8811
0.8315
0.6239
0.7544
1.0
0.9159
0.8473
0.8958
0.9539
0.8732
0.6727
0.9174
0.9962
0.9379
0.6506
0.8268
0.9599
0.6964
0.8855
0.8087
0.6236
0.9989
0.691
0.9383
0.9235
0.8695
0.8485
0.9566
0.696
0.8524
0.8539
0.7161
0.9775
0.9414
0.8632
0.6688
0.9885
0.9784
0.8012
0.9456
0.8758
0.977
0.9704
0.6254
0.9248
0.8861
0.9567
0.9655
0.8484
0.7931
0.8502
0.9169
0.9303
0.9935
0.985
0.9702
0.8617
0.8527
0.8623
0.8954
0.9448
0.9825
0.8437
0.9732
0.9192
0.9238
0.9772
0.9506
0.831
0.8215
0.8306
0.6154
0.9569
0.9493
0.8642
0.7743
0.7718
0.671
0.9421
0.872
0.9338
0.9411
0.9977
0.9804
0.7268
0.7982
0.9444
0.6545
0.9246
0.9199
0.9847
0.7788
0.9887
0.9635
0.672
0.8571
0.955
0.8109
0.9876
0.7906
0.9011
0.8488
0.637
0.8257
0.9774
0.8633
0.7746
0.7567
0.828
0.9345
0.9682
0.9426
0.9456
0.9577
0.871
0.9412
0.8255
0.9181
0.9001
0.717
0.8509
0.8598
0.7364
0.9247
0.8972
0.9814
0.908
0.9443
0.9229
0.7599
0.6545
0.8554
0.7413
0.8741
0.9441
0.9264
0.9163
0.9809
0.8837
0.8267
0.9841
0.9012
0.9848
0.7623
0.9666
0.8907
0.9099
1.0
0.9167
0.9284
0.9022
0.8628
0.9022
0.972
0.9433
0.9129
0.7917
0.954
0.9341
0.9643
0.788
0.733
0.9727
0.9625
0.7093
0.731
0.8859
0.9605
0.8115
0.7531
0.9863
0.9699
0.8931
0.9438
0.6361
0.8626
0.8165
0.9237
0.6877
0.8363
0.7748
0.6982
0.8168
0.8633
0.7567
0.9107
0.7919
0.9439
0.9851
0.7893
0.9106
0.6478
0.9429
0.9216
0.9
1.0
0.949
0.8323
0.9462
0.9645
0.8479
0.9233
0.853
0.9406
0.5873
0.8804
0.9668
0.942
0.8596
0.804
0.665
0.9749
0.8429
0.965
0.9171
0.9881
0.9966
0.7176
0.7279
0.6357
0.9186
0.9382
0.9868
0.9271
0.9816
0.9791
0.9101
0.8559
0.912
0.9665
0.8461
0.9061
0.7623
0.8942
0.7838
0.9539
0.7105
0.9007
0.8012
0.7837
0.797
0.9034
0.7423
0.9532
0.9546
0.5978
0.7786
0.9855
1.0
0.9849
0.9284
0.9755
1.0
0.9794
0.9497
1.0
0.968
0.9556
0.9373
0.9871
0.9865
1.0
0.9509
0.9292
0.9809
0.9501
0.8942
0.957
0.9884
0.9562
0.8715
0.9591
0.9647
0.9276
0.9548
0.922
0.962
0.9611
0.9814
0.9385
0.9665
0.956
0.8723
0.9699
0.9583
0.9266
0.8696
0.9523
0.8808
0.9018
0.9641
0.9458
0.9548
0.9774
0.9175
0.9448
0.9315
0.8783
0.8901
0.961
0.9422
0.8902
0.9683
0.8714
0.8601
0.9878
0.9644
0.9317
0.9297
0.8434
0.893
0.9431
0.9
0.8919
0.9123
0.8082
0.8986
0.858
0.8517
0.8972
0.8704
0.8916
0.9742
0.8413
0.8664
0.7304
0.8755
0.9207
0.9245
0.9038
0.8272
0.8466
0.9024
0.7992
0.9221
0.8568
0.8689
0.8595
0.7741
0.8735
0.6236
0.9054
0.8889
0.8795
0.9916
0.9883
0.9923
0.9925
0.9439
0.9148
0.9969
0.9736
0.9712
0.947
0.9969
0.9794
0.9755
0.9309
0.984
0.9773
0.9558
0.9686
0.9248
0.8597
0.8758
0.871
0.9105
0.9542
0.8973
0.8707
0.9393
0.9227
0.8724
0.924
0.9367
0.861
0.8999
0.9592
0.9353
0.6892
0.8818
0.9075
0.8903
0.797
0.8779
0.9223
0.9266
0.9151
0.7745
0.9354
0.8929
0.7918
0.8633
0.8638
0.8635
0.8313
0.8847
0.9167
0.7776
0.9344
0.8448
0.922
0.8935
0.8479
0.7323
0.9059
0.8617
0.8346
0.7862
0.8583
0.6527
0.7271
0.8529
0.7591
0.7601
0.7382
0.773
0.6798
0.8186
0.7152
0.8566
0.7617
0.8303
0.6122
0.8566
0.8588
0.763
0.8639
0.5689
0.7105
0.6781
0.8241
0.7679
0.758
0.8325
0.7843
0.8036
0.8414
0.8656
0.504
0.7591
0.6969
0.6765
0.5348
