14.55
11.94
22.12
0.0
18.23
0.0
39.69
16.2
17.17
11.65
23.76
10.76
23.01
8.558
26.86
14.99
0.0
37.56
8.847
0.0
18.68
12.5
13.13
17.41
16.31
16.36
0.0
13.5
9.446
9.393
13.08
0.0
22.52
21.61
16.06
11.8
15.84
5.574
14.48
14.93
15.09
20.58
28.04
17.73
12.22
11.9
20.68
16.27
14.23
9.868
9.868
26.49
20.42
16.91
14.48
13.94
15.9
18.01
19.44
13.37
32.93
16.92
10.99
22.03
22.03
19.16
11.84
16.59
24.96
13.84
13.91
24.66
18.55
18.73
14.58
27.07
17.2
18.7
15.65
17.24
12.23
19.42
13.52
18.99
15.01
15.88
16.17
21.07
23.33
27.35
18.0
13.84
16.53
34.41
30.36
38.07
12.31
20.84
19.41
17.3
23.97
22.07
7.758
18.08
9.396
18.99
16.23
19.49
26.31
20.11
10.26
11.31
21.47
19.63
13.57
9.107
22.41
23.31
43.21
21.39
30.1
15.74
15.74
30.37
22.07
14.98
20.11
23.42
15.57
33.9
14.84
28.8
23.51
9.221
15.23
11.85
29.81
24.46
7.908
20.27
17.45
28.71
19.89
53.49
24.57
16.84
20.21
20.39
26.77
11.57
19.87
19.94
13.46
29.1
26.87
44.56
24.1
22.4
0.0
26.22
19.33
36.99
18.18
18.92
11.9
18.18
33.14
29.78
31.75
39.5
25.56
12.78
20.24
15.69
19.41
41.73
16.5
17.75
18.81
18.46
13.64
20.45
24.56
18.93
11.55
15.61
18.18
39.86
45.82
10.74
13.89
30.6
18.24
20.95
22.62
13.56
21.52
16.73
19.32
10.57
48.83
40.54
36.78
22.78
18.19
28.89
28.61
23.53
22.52
38.65
38.34
18.73
18.25
31.83
36.62
19.86
27.2
29.86
17.0
34.83
27.97
40.37
19.78
38.65
45.33
32.55
17.9
31.3
43.47
42.3
14.88
46.44
31.33
19.03
20.23
40.79
41.42
34.0
30.53
24.68
4.961
17.32
30.35
35.39
15.81
31.91
18.86
11.09
11.63
46.28
35.45
29.91
18.91
37.07
14.86
18.7
20.7
17.8
25.74
36.23
14.19
36.71
45.47
26.9
34.94
36.78
19.21
25.66
19.84
27.3
20.57
23.48
23.01
35.26
43.1
37.69
33.22
42.25
19.91
39.14
24.02
23.26
41.06
39.11
40.94
17.45
22.06
12.07
10.55
19.85
17.62
22.95
23.97
49.77
41.61
33.83
16.32
43.71
23.96
19.8
18.67
22.89
30.72
16.34
36.19
23.64
25.95
25.7
34.76
43.59
21.64
21.87
37.77
29.77
24.37
43.69
15.58
38.19
23.11
16.89
28.53
26.56
35.72
36.23
24.76
24.74
24.14
34.21
36.03
23.8
35.74
33.11
42.25
42.34
45.73
35.72
43.35
34.0
20.31
25.47
19.23
14.64
30.85
39.98
40.01
36.25
42.63
36.11
19.45
18.68
26.04
29.57
42.29
49.19
40.69
42.69
33.86
22.41
22.15
41.21
36.62
37.86
46.22
20.28
35.28
44.12
44.06
35.98
15.22
30.21
22.52
49.7
44.8
15.81
27.65
37.62
17.3
16.6
25.27
28.44
30.34
18.18
18.84
23.13
30.6
42.47
36.04
35.92
26.92
24.42
31.08
15.53
24.5
21.81
40.37
43.58
26.17
23.25
17.97
19.06
39.67
31.94
16.79
29.29
41.34
36.91
40.65
21.8
35.23
37.9
43.41
34.52
28.83
23.33
18.36
34.52
28.97
35.51
23.13
28.56
28.63
38.94
30.02
44.7
30.28
18.92
46.34
49.11
26.74
27.96
41.82
34.82
36.16
31.33
20.98
45.28
19.61
32.62
36.12
45.08
33.29
23.5
31.69
22.36
18.48
31.56
40.43
29.56
25.98
24.72
41.08
43.76
47.07
43.59
24.1
54.44
25.48
29.91
28.45
34.93
45.67
44.67
27.63
37.32
22.68
42.32
26.44
38.79
48.83
46.11
30.81
25.68
31.47
41.36
36.32
35.66
30.34
39.63
31.43
27.29
34.47
18.0
23.93
43.06
23.74
21.48
28.69
38.37
42.87
44.65
36.3
34.53
34.55
33.95
10.63
18.37
12.7
18.38
0.0
15.35
14.23
0.0
13.57
18.08
15.93
14.67
18.09
12.5
9.618
17.56
12.5
16.25
10.91
19.44
11.25
13.57
16.31
17.86
18.08
18.08
16.2
16.2
18.08
18.08
16.54
7.221
18.45
0.0
6.872
8.68
9.724
18.05
19.52
17.84
13.95
0.0
23.12
17.3
11.49
20.16
31.33
0.0
16.17
41.37
10.24
8.849
12.73
5.575
16.53
26.08
14.89
12.29
10.82
14.49
6.723
14.84
18.41
13.94
12.04
27.85
21.1
23.98
21.85
22.74
9.094
20.68
12.2
24.6
12.23
21.61
19.34
20.03
19.21
9.239
8.854
13.69
30.45
41.07
30.8
18.65
0.0
17.38
15.57
18.88
17.38
9.296
15.47
16.2
16.96
16.0
34.76
17.28
14.36
20.7
13.84
32.1
0.0
34.41
33.89
19.14
12.54
18.09
27.69
25.77
32.36
32.36
42.91
20.44
27.67
8.837
22.56
15.74
27.1
21.16
15.44
18.65
15.4
21.35
24.97
17.84
18.87
29.48
8.744
17.86
24.26
16.93
11.32
44.82
19.89
24.34
35.97
29.92
11.63
26.24
12.75
23.72
38.24
31.69
23.29
16.37
15.36
15.3
32.62
26.67
18.41
12.81
15.01
23.81
8.904
21.03
24.68
19.95
16.1
27.71
22.07
15.49
27.16
17.15
25.12
22.88
12.03
17.0
44.41
18.35
25.56
19.4
22.66
43.62
11.55
29.72
16.97
22.74
27.93
17.84
24.89
19.5
31.09
19.54
41.48
19.63
42.47
18.42
19.59
27.42
13.91
37.24
14.05
41.37
16.13
31.56
27.17
24.81
17.96
30.83
25.19
19.9
22.9
32.69
40.76
39.26
27.59
20.05
40.15
18.62
22.78
22.49
15.65
27.19
47.97
28.12
23.15
19.77
25.45
16.51
44.49
48.84
26.9
18.08
45.75
23.49
19.8
27.42
43.5
40.47
41.83
36.96
47.02
21.07
24.73
8.695
22.13
19.6
18.03
30.29
23.31
14.5
47.32
43.61
40.91
36.43
20.12
19.28
35.39
39.22
34.96
45.93
31.4
14.44
15.65
13.84
16.91
36.98
20.01
50.38
25.3
34.68
40.4
48.27
16.42
21.48
33.83
33.26
26.0
44.52
26.58
22.65
29.15
45.66
18.69
24.84
21.84
25.43
26.02
26.33
20.61
42.81
21.56
24.49
21.24
18.28
23.16
18.73
44.09
24.09
42.47
37.37
26.16
32.78
15.92
20.1
32.26
32.27
19.36
22.55
28.26
42.9
20.27
37.2
23.87
13.21
48.46
40.11
18.0
22.38
26.43
26.98
20.5
17.14
29.93
35.78
19.31
18.52
45.45
40.92
35.53
25.02
39.56
37.51
38.81
16.34
20.47
44.0
37.79
23.63
23.91
25.15
56.18
41.79
32.32
47.77
23.43
36.88
36.7
27.78
22.68
21.48
24.17
31.72
14.01
38.87
12.74
31.76
35.04
27.7
23.69
48.64
21.59
38.46
37.85
34.93
34.41
35.43
44.49
19.93
43.03
35.98
18.32
25.14
46.73
53.71
42.34
31.02
44.79
37.47
41.15
32.19
49.78
29.88
46.47
35.06
29.88
47.18
16.93
34.5
27.4
45.89
22.47
23.9
35.7
22.67
33.0
37.35
24.28
32.32
21.76
43.5
40.41
26.52
22.2
23.9
46.68
25.3
20.8
27.2
37.98
20.13
32.07
39.24
29.84
31.82
27.48
26.65
38.21
39.63
31.04
47.54
31.19
16.52
38.27
46.17
45.82
35.91
37.46
28.64
32.56
19.82
44.68
33.42
37.0
34.47
47.31
31.16
46.7
21.3
29.89
26.32
47.91
11.5
41.37
47.19
40.37
22.58
28.77
39.99
43.72
20.98
41.22
40.64
27.5
28.87
35.47
41.74
35.0
35.72
42.24
24.5
42.56
29.17
43.77
26.78
44.88
30.33
34.62
31.1
36.43
47.75
25.3
50.23
46.09
33.79
26.75
22.85
45.85
36.47
21.13
42.79
19.49
29.29
19.67
28.81
34.04
26.5
46.53
40.64
27.22
42.81
29.47
23.11
26.42
25.7
24.2
30.67
24.94
24.31
34.9
33.64
26.64
41.44
46.42
31.79
36.24
38.51
42.3
34.04
35.21
39.24
40.92
30.82
40.29
32.24
9.239
28.8
22.62
25.27
16.06
29.68
21.23
22.0
24.09
14.99
11.64
14.01
40.33
31.78
13.17
23.36
34.83
22.53
25.97
30.84
39.07
27.17
23.89
42.26
16.05
21.39
13.53
11.38
31.69
18.8
27.54
24.59
30.72
18.16
39.64
21.18
21.07
20.35
11.33
17.79
21.81
31.05
26.07
30.4
15.28
28.07
19.2
28.68
18.59
27.93
40.65
28.4
17.97
16.35
18.11
26.17
26.64
13.73
14.47
15.88
47.36
48.05
15.28
23.81
22.82
20.34
29.97
28.8
21.32
18.17
17.58
20.33
31.93
40.19
28.0
27.33
18.19
43.24
24.07
21.45
28.39
36.26
10.53
15.64
39.68
15.43
28.56
12.67
12.67
34.18
18.73
18.68
43.1
20.19
14.23
40.73
31.5
16.09
25.9
29.07
42.58
30.64
19.29
11.82
17.22
26.63
27.53
10.24
50.0
28.67
13.25
15.29
13.05
24.88
27.35
31.07
37.0
14.37
25.93
27.71
30.44
29.74
30.94
25.24
25.3
30.09
32.15
21.01
23.89
8.841
10.84
19.35
31.75
19.22
26.71
30.6
25.78
7.251
43.16
32.01
26.91
26.19
20.27
40.57
38.36
17.75
26.15
44.53
18.04
20.95
14.99
31.36
35.27
26.12
18.16
17.07
19.25
12.82
35.15
0.0
41.49
27.22
18.96
15.18
17.29
19.7
22.03
37.36
35.4
31.5
0.0
11.96
35.69
30.54
18.89
27.97
16.42
15.31
40.3
23.41
36.68
30.94
26.13
33.28
10.15
49.49
29.15
14.45
37.33
25.28
30.37
24.92
40.8
19.28
23.42
21.78
29.32
26.98
36.35
31.84
11.41
50.14
23.08
8.662
14.72
38.26
22.05
14.99
31.48
25.55
16.96
30.64
19.8
28.86
22.01
32.77
23.46
22.85
31.36
44.87
40.79
28.43
27.34
20.53
38.36
11.35
39.73
17.35
29.45
47.85
20.92
19.15
21.2
27.19
29.54
21.53
46.08
18.17
32.25
25.99
38.08
17.44
44.93
19.88
20.23
16.0
28.61
13.41
14.52
24.49
32.36
12.51
34.63
9.759
17.78
28.71
15.62
30.08
14.44
30.45
27.83
16.95
19.86
45.84
18.54
28.26
12.87
9.575
27.59
39.23
34.12
42.39
34.07
26.4
32.48
12.69
18.8
28.86
27.72
24.37
27.38
20.57
28.78
12.21
15.88
28.36
17.09
13.17
21.87
55.06
25.74
21.08
16.33
28.36
18.86
24.88
38.22
29.68
12.16
25.0
25.77
35.31
20.09
30.9
34.78
26.35
32.74
20.76
29.96
19.28
19.33
30.99
29.21
38.42
19.32
36.61
14.01
26.33
15.23
29.8
13.1
13.62
21.65
18.22
19.24
27.65
26.43
42.84
24.49
16.94
30.58
31.92
14.64
1.038e-06
31.43
42.73
34.14
21.4
38.33
23.31
14.26
25.86
24.39
19.59
15.22
39.67
18.24
29.29
32.15
14.27
25.01
25.92
18.17
45.63
16.94
15.33
19.2
39.68
26.8
22.97
34.39
10.03
7.722
18.45
21.69
13.37
11.71
11.92
24.1
30.72
7.21
10.08
38.23
32.71
30.23
15.77
22.65
18.37
55.57
34.71
22.85
46.11
41.07
18.62
25.38
36.34
13.48
24.35
36.29
16.68
18.49
15.65
44.14
35.83
16.3
16.21
17.43
24.32
14.94
21.37
42.6
26.65
11.45
19.36
26.36
13.77
18.12
16.94
24.47
23.89
25.82
27.18
19.82
21.07
28.86
31.17
36.77
7.047
17.75
18.32
9.957
23.49
41.79
14.68
21.15
17.92
25.52
26.04
19.73
6.285
22.71
23.13
32.89
17.92
26.65
23.97
21.67
15.92
10.19
22.8
15.98
20.16
23.56
38.88
53.58
16.42
39.97
21.77
7.405
8.96
11.19
14.45
29.97
16.37
19.48
31.56
34.39
15.8
15.71
32.44
37.56
24.87
27.79
27.08
14.59
23.0
22.14
36.95
27.35
18.12
33.38
23.5
19.73
19.61
34.3
20.1
22.37
28.47
16.22
27.43
34.81
38.19
22.4
27.75
27.04
28.47
18.86
25.47
12.98
12.13
11.74
20.05
0.0
28.53
32.97
24.04
26.49
23.14
36.87
12.64
13.93
27.98
44.0
12.21
39.89
22.38
15.41
31.74
26.38
8.039
24.11
36.67
12.18
31.7
42.22
22.22
14.47
14.55
17.07
31.9
26.96
27.45
38.84
23.19
0.0
22.98
26.14
22.35
14.19
32.64
15.01
15.32
38.23
27.23
9.258
29.46
33.72
11.3
0.0
37.02
19.39
43.66
25.88
16.4
23.3
16.82
32.58
18.5
27.68
39.4
12.82
14.95
39.89
23.37
35.4
27.59
49.4
9.843
20.4
41.18
23.8
27.49
18.71
14.12
28.89
32.3
22.41
10.64
31.92
25.29
7.72
23.41
35.02
16.04
28.6
30.89
41.32
0.0
33.15
27.47
20.97
37.66
1.251e-06
35.49
32.66
9.9
11.27
22.09
24.01
14.49
20.85
12.81
36.23
30.35
29.32
24.54
47.94
19.28
21.68
31.98
11.97
35.77
41.63
29.93
18.59
14.12
27.24
23.8
0.0
32.37
26.71
35.98
17.8
10.74
9.568
37.76
15.05
24.92
45.74
20.09
33.45
26.61
33.43
27.39
35.07
35.49
19.5
20.5
23.27
25.25
31.42
20.26
45.58
13.65
47.56
16.46
34.6
25.65
16.44
24.72
29.29
20.76
25.41
8.402
21.14
12.07
30.94
18.09
40.3
24.61
13.67
41.21
31.79
35.81
16.5
8.734
19.98
40.16
17.31
39.0
24.81
30.6
34.05
40.36
40.67
8.417
13.47
21.79
18.1
17.41
26.42
17.7
18.91
23.62
26.61
11.34
28.62
26.62
12.55
26.27
8.754
28.25
9.033
10.52
34.88
28.2
15.53
45.52
20.04
43.85
18.4
26.62
42.64
47.01
28.0
39.57
18.67
36.03
29.98
25.04
34.27
24.56
26.91
13.32
33.48
22.38
39.46
25.58
45.81
23.92
0.0
30.06
38.92
24.71
37.82
17.15
30.74
30.87
29.71
31.11
29.93
17.86
24.81
16.07
31.2
21.48
18.68
22.17
7.117
21.64
45.62
24.56
0.0
31.21
28.49
19.56
33.19
18.73
27.23
33.03
16.45
38.67
34.8
12.53
36.82
38.6
29.02
20.48
30.56
14.43
21.13
30.5
40.65
34.52
28.47
27.99
29.54
35.83
19.93
35.76
33.79
30.48
36.03
8.455
21.73
40.2
27.34
17.72
19.38
21.61
33.53
18.97
16.07
30.7
16.07
32.39
28.95
35.75
25.27
29.83
20.45
12.79
41.92
28.0
28.65
32.87
31.17
16.15
13.69
21.78
44.33
30.1
23.96
22.36
27.84
28.73
14.52
39.72
9.077
35.12
18.99
32.62
25.3
21.94
37.3
37.53
36.06
17.65
35.74
24.31
18.05
29.9
38.21
25.73
35.32
14.58
20.7
24.67
17.11
19.99
10.16
11.02
15.43
25.03
25.98
30.42
16.63
36.46
26.77
12.99
32.58
18.56
16.75
9.069
22.17
22.39
30.54
22.37
17.65
22.53
28.58
25.71
26.78
34.95
29.59
26.58
8.296
28.94
29.92
42.67
30.78
36.92
23.11
26.47
28.0
35.14
36.05
36.43
20.68
50.32
21.66
23.24
15.49
10.97
22.02
8.223
31.11
33.88
59.43
26.58
21.44
26.53
16.66
29.93
27.96
11.26
25.43
30.49
34.36
18.66
42.84
39.4
0.0
26.56
17.95
21.81
40.0
12.93
39.69
24.76
27.44
21.65
34.02
15.23
18.96
17.69
30.63
15.57
25.65
10.27
28.58
13.14
39.36
25.9
46.18
18.32
24.1
32.7
14.44
20.46
31.47
27.56
38.57
17.88
37.59
22.46
20.49
15.81
38.15
38.62
17.36
29.51
34.13
23.69
15.76
29.79
14.59
26.8
42.44
40.35
28.18
15.65
26.82
32.37
7.111
32.31
8.057
22.36
15.89
36.81
22.01
37.13
7.211
23.08
15.52
38.52
25.68
34.48
37.05
39.99
20.51
22.65
27.69
18.3
7.679
27.95
31.24
18.51
26.2
30.19
37.73
33.55
14.55
17.85
35.31
29.89
22.86
35.07
20.09
10.85
19.43
13.84
44.89
25.37
23.72
13.16
29.8
32.45
12.4
13.73
9.91
13.52
35.97
36.81
21.75
29.78
31.91
34.18
32.88
32.21
22.13
48.02
34.94
38.06
46.47
33.14
19.18
20.78
31.63
34.45
17.98
13.52
11.72
25.62
22.69
11.22
0.0
20.77
0.0
30.16
22.32
0.0
11.71
23.26
0.0
26.0
24.19
15.15
35.76
16.96
19.19
15.08
13.46
19.23
5.622
20.66
20.96
25.56
19.46
20.68
0.0
21.39
31.13
28.85
15.82
27.92
19.23
11.4
32.63
33.35
19.95
36.44
20.81
19.71
31.96
15.28
29.82
23.24
11.43
19.19
12.79
18.91
0.0
21.79
13.31
30.56
16.38
23.07
15.37
23.33
21.61
18.44
26.62
29.31
5.148
23.02
17.94
18.3
15.18
24.58
14.81
24.36
24.23
17.57
23.29
18.95
16.7
18.77
25.78
16.0
21.63
27.53
18.83
16.16
16.65
0.0
21.87
17.82
44.23
27.03
17.28
16.81
36.19
15.9
19.3
26.08
3.59
18.98
0.0
11.45
19.48
24.32
20.77
21.72
20.68
22.97
35.07
19.1
15.39
20.11
17.4
21.02
21.2
34.44
18.89
23.61
26.41
29.84
20.46
11.43
12.42
14.11
14.75
14.3
25.15
21.85
24.23
25.8
0.0
28.44
49.15
13.16
18.76
13.97
0.0
14.72
15.73
15.02
18.83
26.01
24.14
20.4
23.38
18.95
11.83
22.65
31.5
19.14
38.52
18.69
19.32
23.08
26.28
11.69
26.39
21.57
18.09
30.27
22.32
17.49
10.94
23.64
18.0
10.49
10.65
22.21
31.35
27.69
0.0
23.58
29.17
5.247
15.18
26.48
19.92
24.45
18.86
28.24
21.22
20.36
24.48
20.23
23.18
0.0
17.46
0.0
21.73
25.6
20.45
15.63
31.04
35.83
35.09
25.42
14.52
0.0
27.67
34.49
21.58
25.78
28.57
4.91
19.03
23.54
6.815
22.77
18.16
12.39
21.66
17.27
0.0
25.3
10.23
25.94
23.35
17.73
20.42
22.94
18.91
16.99
34.27
16.4
10.67
30.18
39.58
18.0
26.32
19.62
7.455
31.13
23.49
25.73
34.87
22.56
0.0
26.46
24.48
16.98
25.05
22.94
4.91
31.38
22.14
8.315
32.17
14.24
14.97
23.06
25.78
12.94
11.21
26.77
8.687
20.46
25.35
20.14
23.05
20.66
32.24
31.13
24.5
0.0
27.73
47.66
20.56
18.87
0.0
17.16
26.99
14.97
7.946
20.72
11.24
26.54
23.49
18.21
0.0
29.28
19.3
9.304
17.97
32.15
18.0
19.48
17.86
0.0
25.21
20.93
0.0
0.0
22.14
16.97
23.81
27.0
18.07
22.66
23.41
15.84
28.01
19.1
26.99
34.19
17.72
19.08
9.369e-07
20.98
14.72
17.37
29.21
26.94
8.575
17.74
11.67
12.35
36.83
22.4
22.04
0.0
9.861
16.1
14.97
17.43
29.05
20.74
31.17
29.79
17.71
13.55
33.44
36.83
21.19
19.8
19.8
31.85
24.94
15.41
49.15
14.84
20.56
31.45
19.13
30.56
16.79
12.83
16.59
17.71
15.28
0.0
29.05
28.51
15.15
20.86
28.38
0.0
26.32
16.07
13.71
37.45
11.94
0.0
42.25
26.14
20.24
18.9
17.92
30.56
26.13
16.88
19.46
20.43
18.79
16.12
24.08
22.56
13.23
19.52
26.95
10.01
29.34
30.99
11.09
17.48
14.2
22.45
27.5
23.06
16.78
19.08
35.71
0.0
22.32
32.73
29.39
34.62
35.53
19.92
16.57
27.52
0.0
26.52
28.53
20.52
16.2
43.56
18.91
29.05
22.56
18.08
27.67
15.52
0.0
37.52
20.93
19.92
23.98
23.13
0.0
16.76
29.81
18.84
25.43
22.14
15.84
38.63
12.6
10.62
27.39
28.41
0.0
22.76
16.6
12.32
24.33
19.45
0.0
19.95
23.33
14.72
32.44
26.86
12.61
34.66
34.45
20.62
25.61
20.41
24.96
26.37
21.84
18.93
13.04
23.56
13.85
24.36
25.53
18.02
21.23
20.56
19.26
18.77
11.93
18.22
26.42
16.42
15.53
32.09
9.792
26.39
21.76
21.81
23.58
8.959e-07
17.48
14.51
30.86
22.3
21.16
17.61
16.34
31.1
17.83
14.15
18.46
34.96
23.19
21.4
21.54
22.11
21.62
9.973
24.09
22.6
15.46
29.49
25.21
20.17
15.31
32.16
11.63
13.99
3.996
24.06
26.42
29.05
17.44
18.07
33.05
11.93
14.12
10.52
26.42
29.02
15.19
15.21
25.17
22.97
27.59
28.05
18.76
12.99
20.61
27.79
14.33
13.07
10.25
22.53
13.95
25.11
21.93
5.884
22.95
18.52
17.65
23.6
22.73
16.03
19.95
23.87
16.63
25.87
11.67
17.12
17.29
10.7
22.24
14.07
20.77
18.81
26.35
15.56
27.22
11.47
25.82
26.96
24.18
19.51
20.19
25.85
16.65
18.58
12.89
26.27
21.42
16.85
15.44
15.73
13.42
19.55
11.14
22.09
21.04
21.2
20.3
14.54
19.35
21.44
24.71
19.0
28.0
18.51
22.33
22.36
22.35
18.49
32.09
10.74
25.29
12.82
26.39
20.5
20.4
21.86
12.68
16.31
18.59
35.54
22.33
13.14
20.45
26.23
18.48
27.26
18.79
19.5
14.19
28.25
22.59
22.97
27.58
12.71
29.72
14.93
10.88
17.89
16.49
28.22
24.53
8.961
15.85
9.445
23.75
23.25
16.25
21.51
17.03
15.43
16.59
20.17
13.54
19.44
25.08
19.17
26.19
8.377
23.09
21.45
13.03
14.58
13.45
13.47
28.53
20.77
25.42
27.15
10.79
31.44
25.56
22.92
14.94
29.4
27.77
10.61
14.23
22.51
32.66
13.6
14.47
16.52
27.26
23.69
24.39
27.57
7.73e-07
16.05
16.19
22.88
27.73
23.04
20.09
10.78
15.74
13.69
29.11
14.06
14.26
25.53
16.85
24.45
26.39
27.82
16.87
17.9
24.27
30.31
17.79
23.43
9.097
21.18
18.84
25.26
22.54
28.15
24.92
21.75
17.27
18.17
28.73
23.88
16.67
15.68
19.74
14.74
17.67
25.23
15.53
22.86
29.82
24.3
27.21
23.36
27.14
15.38
17.7
19.5
20.68
21.28
12.09
20.23
20.72
29.36
22.78
24.91
30.79
23.56
22.42
27.53
15.15
17.4
16.73
27.7
16.95
18.93
20.59
17.71
18.94
16.82
36.46
20.38
25.91
26.29
13.73
23.21
17.26
22.84
16.0
18.06
17.96
21.07
27.5
22.33
17.7
18.34
10.79
21.95
24.97
18.61
16.27
16.11
35.31
20.6
16.01
19.91
20.33
3.252e-06
25.63
29.64
26.62
17.64
21.49
18.74
22.92
21.1
28.74
26.74
29.38
16.69
32.22
18.12
21.35
26.15
19.75
20.55
26.48
18.39
23.07
25.16
19.76
19.07
22.05
22.92
28.18
16.89
14.33
17.96
19.02
28.2
14.77
25.99
24.36
26.15
11.83
30.38
16.45
10.58
30.77
22.03
14.38
15.95
33.2
21.42
22.54
26.38
15.89
17.81
24.0
8.679
18.27
32.04
22.25
17.82
19.33
19.48
17.22
14.71
25.9
19.72
14.14
20.84
20.22
27.71
22.8
18.64
17.97
17.15
20.78
21.35
27.35
29.12
24.8
22.71
29.84
7.68
17.22
10.08
24.78
14.72
24.34
14.82
30.2
18.41
27.46
19.8
13.79
17.46
34.78
20.22
19.39
30.47
28.67
18.16
24.35
21.22
22.02
20.06
17.46
18.75
23.53
26.27
23.25
30.17
14.63
19.35
23.28
19.3
23.08
15.33
21.61
21.25
15.11
31.36
24.72
18.5
30.09
17.3
18.09
19.97
14.3
25.65
12.91
19.22
33.58
14.0
23.21
36.3
15.0
16.64
17.85
27.24
22.45
15.31
10.6
21.54
26.89
24.79
14.95
20.51
28.7
22.48
17.4
29.1
14.86
20.18
15.19
20.53
21.44
21.98
14.62
25.82
21.33
13.91
17.34
24.13
26.11
25.27
18.38
25.18
20.85
24.08
14.77
23.88
16.56
24.43
8.998
16.67
16.46
23.13
24.09
17.18
28.48
16.88
21.35
24.73
23.51
21.88
23.22
24.16
29.23
10.05
28.9
28.16
23.36
21.92
22.73
19.44
24.99
24.71
23.67
13.58
12.02
11.5
12.49
17.23
19.95
9.771
16.17
25.93
16.77
28.47
28.51
11.49
13.63
18.11
12.08
16.86
25.58
28.57
16.97
27.87
24.46
14.58
23.99
14.66
23.45
16.73
17.86
12.46
7.964
18.14
28.67
22.32
25.77
30.26
26.41
22.23
20.14
31.95
24.53
6.181
21.95
20.96
5.406
31.58
28.32
23.43
24.47
22.58
17.92
13.16
27.32
25.91
18.21
29.91
16.57
21.07
18.26
16.55
18.55
20.11
20.5
11.85
15.9
26.21
9.639
13.53
19.85
18.44
24.33
18.59
17.92
16.6
23.42
25.02
9.974
17.91
16.29
23.05
26.39
19.73
18.33
25.03
17.79
16.96
20.8
27.16
19.28
21.64
20.51
28.0
16.47
24.46
24.42
20.45
26.65
19.5
17.83
11.25
13.07
7.403
26.33
27.05
30.53
31.83
27.69
26.76
24.15
19.85
26.72
12.43
17.55
25.71
16.47
14.15
32.68
14.77
18.22
12.17
26.22
17.19
18.43
17.7
16.76
16.36
23.25
30.31
15.5
24.43
29.85
17.92
17.85
31.72
25.15
16.98
17.83
23.31
15.46
17.34
27.35
23.51
12.2
13.83
21.46
17.96
10.45
33.86
21.69
12.08
20.65
23.01
18.61
23.04
21.83
20.52
28.94
17.02
18.02
7.704
14.08
16.86
21.92
27.03
16.44
13.86
28.5
17.81
21.99
12.95
24.1
24.07
13.14
24.39
12.12
20.35
17.86
14.46
27.03
28.27
15.84
23.13
20.09
26.22
17.91
16.46
19.21
21.4
18.27
24.1
10.37
10.63
17.87
10.14
24.8
24.93
29.55
15.01
13.82
18.84
23.81
17.31
16.3
14.66
24.29
25.14
17.7
0.0
30.25
19.62
21.77
35.32
24.48
21.74
16.1
17.3
24.93
12.41
20.84
18.74
19.14
17.4
16.18
22.29
22.95
28.71
21.64
18.64
24.07
18.04
14.11
19.56
17.66
24.32
13.93
19.29
20.76
28.16
29.43
21.1
17.35
18.63
34.48
14.96
23.56
13.94
23.19
20.45
24.18
26.55
24.3
21.0
19.03
20.17
25.8
8.838
26.81
20.91
11.64
16.45
20.49
19.51
21.52
10.71
9.384
28.15
33.51
15.94
27.16
16.66
28.56
23.0
0.0
19.15
18.94
8.707
22.02
14.32
17.3
23.12
23.22
10.18
28.48
17.14
22.32
15.34
15.15
11.88
25.49
15.54
20.89
19.94
14.37
11.98
30.97
21.13
15.87
20.15
23.58
20.11
23.45
11.79
22.02
25.27
10.15
27.36
31.34
21.26
17.65
9.422
19.05
24.56
29.55
20.11
21.27
19.52
18.03
17.69
14.69
23.32
16.84
21.89
21.36
15.82
25.77
23.4
21.29
20.55
25.96
23.12
30.75
27.93
21.17
29.51
27.06
35.91
21.47
17.41
22.68
26.06
26.3
17.78
20.09
23.22
22.72
21.79
23.44
21.1
6.89
8.336
18.16
24.29
17.1
22.25
20.46
18.56
14.84
24.88
15.75
10.49
21.13
28.37
16.44
25.28
32.77
18.89
16.87
22.91
22.22
23.07
9.221
24.37
23.21
23.88
18.08
16.01
21.01
18.29
19.92
16.44
28.91
26.02
22.22
20.47
9.348
25.38
21.61
14.37
26.48
23.04
21.22
21.15
18.34
23.49
15.91
14.8
21.25
16.58
27.18
19.28
15.61
18.8
22.71
24.17
29.84
16.28
21.17
28.5
11.91
26.63
20.22
14.73
9.407
28.84
18.68
22.86
10.65
11.03
31.93
19.67
33.32
24.82
20.72
12.44
26.74
27.27
23.54
15.22
20.71
24.98
12.21
25.37
19.62
15.68
11.67
39.74
7.117
24.04
22.05
29.37
27.45
21.64
22.09
13.38
19.74
19.2
13.79
19.63
20.28
15.46
9.127
32.27
20.97
16.94
25.67
29.56
27.01
13.57
11.63
17.58
20.64
23.51
28.54
25.24
12.34
34.36
12.69
1.6e-06
15.01
13.99
18.41
21.05
20.76
22.53
21.38
12.57
36.92
22.01
18.96
16.75
11.05
12.87
22.98
13.65
34.48
27.23
15.49
18.25
35.29
22.98
21.24
23.34
25.07
13.78
22.93
19.53
18.48
17.12
30.16
17.18
13.32
27.44
25.92
17.42
20.65
22.42
9.886
28.21
21.13
9.788
39.18
18.68
16.19
24.69
17.9
11.01
28.38
21.7
7.177
36.02
23.5
11.58
30.49
22.37
19.31
27.15
28.88
10.22
44.3
32.07
15.52
21.52
24.12
21.31
24.88
16.7
13.36
46.65
29.09
15.75
24.66
24.45
16.11
24.06
20.06
12.25
24.31
23.36
15.82
31.33
24.76
21.99
28.02
19.67
18.81
21.23
17.59
15.82
21.64
24.61
19.99
41.0
18.29
29.67
26.74
17.74
15.08
25.34
13.33
7.674
35.16
17.6
11.27
11.08
15.04
15.21
21.5
17.39
19.7
27.04
19.2
13.13
27.54
19.42
12.7
26.17
22.22
14.41
9.673
11.45
11.27
36.75
15.88
11.1
27.91
33.01
14.46
17.85
29.31
17.19
28.59
31.41
10.02
22.94
29.16
11.56
21.91
24.2
20.69
35.34
16.09
14.12
25.53
16.91
10.41
45.33
22.81
21.68
21.84
25.17
24.22
20.0
18.64
13.32
46.29
15.04
18.82
30.64
13.62
23.53
31.14
38.78
13.19
22.82
33.16
18.31
33.56
20.73
26.71
32.15
14.77
15.68
25.94
13.79
16.74
19.85
19.31
12.06
26.0
29.66
9.171
25.2
25.65
4.216
33.18
22.44
24.32
24.52
24.12
18.57
20.54
19.07
16.98
22.54
21.21
18.98
35.82
20.66
17.4
22.56
21.21
20.21
31.7
23.65
7.756
27.33
16.76
18.48
23.12
14.12
33.31
27.83
19.53
19.36
35.85
23.93
6.954
49.59
25.21
12.41
35.94
20.88
15.42
38.24
19.25
6.352
27.75
20.31
21.07
39.2
25.27
2.384e-06
29.92
18.18
12.59
31.65
16.51
17.93
35.47
17.72
12.11
32.57
13.42
9.244
29.63
16.9
7.785
32.69
25.06
11.04
35.81
24.42
9.062
26.56
23.3
17.93
29.35
21.88
30.92
21.3
39.91
18.58
32.12
35.85
21.79
16.59
21.5
8.047
31.14
39.8
36.09
23.03
42.5
18.68
18.46
23.15
24.25
30.81
19.3
18.29
32.6
27.36
27.48
17.81
23.11
17.37
26.62
25.14
37.01
17.6
34.65
18.13
35.43
20.27
29.14
20.12
30.76
26.86
35.61
18.16
32.29
22.83
24.17
24.35
37.11
14.87
18.61
22.24
31.21
17.67
26.83
30.48
16.8
33.98
26.6
20.89
22.6
27.78
26.07
13.5
36.72
26.37
29.97
11.96
27.52
14.26
22.48
29.22
24.14
28.43
17.03
29.87
24.23
29.93
15.86
21.17
45.27
22.77
24.29
32.95
12.26
14.13
20.87
25.47
42.55
16.64
25.62
30.12
33.9
22.83
19.56
20.8
25.25
14.55
26.27
31.4
16.38
19.46
29.81
24.65
23.21
14.86
23.07
27.82
24.89
30.45
27.2
27.02
26.09
2.007e-06
42.28
8.211
42.47
29.72
25.82
15.22
35.33
21.8
12.4
43.85
32.84
30.58
25.48
36.16
25.39
25.88
33.08
46.24
26.95
23.8
26.03
17.87
17.83
29.16
18.04
26.16
25.69
23.37
37.56
19.73
18.77
25.2
36.03
18.55
21.32
25.9
31.7
30.91
39.69
19.47
34.62
13.89
23.41
20.49
21.48
21.24
10.75
15.14
31.11
26.13
29.43
23.59
13.62
20.8
28.95
42.3
29.78
19.59
19.6
27.14
17.51
7.283
17.42
39.67
25.62
15.95
28.44
32.66
15.61
29.46
3.406
33.26
21.54
22.78
35.58
23.24
14.31
19.97
22.15
18.37
18.6
19.44
19.73
12.76
30.46
37.58
13.36
26.93
21.3
20.84
32.37
28.19
28.36
15.09
31.71
18.22
8.295
25.66
20.18
47.69
21.65
9.604
16.25
36.49
48.01
27.97
23.1
20.22
26.81
36.91
36.87
31.27
25.65
33.03
17.21
32.53
33.15
33.55
15.06
37.77
20.38
20.0
24.0
13.77
15.28
22.35
27.6
24.16
30.41
28.04
19.12
13.82
10.21
6.47
25.44
34.03
19.01
17.42
22.98
22.34
29.39
14.44
18.04
20.48
36.84
19.16
27.05
22.9
0.8825
41.61
13.02
12.98
44.19
23.6
13.68
46.72
27.27
33.16
27.96
25.34
5.573
20.63
47.17
21.44
10.05
12.48
22.36
24.92
28.34
25.34
35.02
15.75
0.0
29.55
30.76
10.81
21.72
17.11
40.43
17.37
36.86
29.29
27.45
41.97
16.14
22.89
23.04
42.25
23.31
32.09
25.98
27.2
23.12
14.87
27.22
0.0
20.75
19.28
15.32
17.53
29.09
30.18
23.35
29.15
30.39
17.13
33.69
18.71
8.09
19.87
31.82
12.54
16.43
25.26
20.68
12.55
41.72
22.76
34.41
19.9
17.25
46.32
30.15
14.77
16.02
21.98
23.62
13.5
35.32
23.78
32.49
20.29
20.26
29.34
30.18
14.86
21.45
8.888
14.5
26.1
55.42
31.99
22.44
15.69
12.42
29.16
26.34
17.96
23.43
22.76
28.31
36.24
12.78
31.79
26.49
27.48
14.11
31.54
18.52
22.11
26.18
0.0
33.57
27.55
18.34
31.72
27.09
29.85
18.69
11.42
14.24
14.5
26.46
23.81
13.44
26.33
17.45
32.05
14.38
23.08
24.06
28.31
19.43
18.43
28.61
16.92
30.15
40.0
39.2
37.69
42.74
32.73
45.57
33.45
10.87
23.39
25.49
26.8
15.69
24.92
21.98
22.93
15.16
29.86
18.14
41.67
33.48
18.15
22.11
25.11
29.34
12.97
16.68
31.03
29.97
22.44
16.85
32.35
31.33
9.356
21.61
38.7
13.69
18.51
33.65
32.87
24.08
22.98
25.84
21.03
33.91
25.26
23.86
16.96
13.74
12.99
39.42
31.51
18.5
25.48
14.79
19.56
21.72
24.16
14.13
30.34
24.81
9.604
15.53
12.08
0.0
34.46
12.9
19.54
20.35
30.48
6.665
21.14
22.12
22.67
25.24
27.55
26.83
20.02
7.319
31.84
10.45
18.98
28.18
14.15
15.78
20.36
26.24
25.32
22.73
35.75
34.11
18.07
21.41
1.412e-06
27.68
18.19
22.68
34.69
31.67
13.72
26.85
38.16
12.59
15.45
29.75
26.15
22.2
27.3
26.56
22.55
26.51
36.88
29.85
23.47
23.17
23.9
42.1
31.66
47.04
19.46
13.31
27.06
26.37
12.98
15.41
25.64
36.1
24.82
41.7
25.17
26.13
20.26
13.59
38.01
15.25
19.89
12.59
22.12
15.57
5.276
41.58
15.93
25.6
26.49
21.64
22.75
14.57
11.79
23.23
13.9
18.56
24.85
15.2
27.39
22.48
37.23
25.02
23.91
22.0
31.35
18.24
30.76
12.39
28.22
25.37
29.52
21.71
39.93
0.0
15.58
17.74
20.56
17.98
27.41
24.04
18.88
12.15
17.34
35.15
6.533
19.58
33.98
24.19
33.14
20.19
26.85
21.34
30.12
36.3
23.18
15.63
28.17
29.52
24.98
18.07
23.81
28.23
31.72
43.03
10.37
19.99
32.49
20.66
27.87
19.9
26.6
23.73
34.68
44.33
10.32
20.0
0.0
11.78
24.54
44.13
26.12
18.1
23.08
15.86
13.92
41.32
24.73
31.21
37.44
15.74
25.61
26.56
20.21
19.38
38.39
36.42
19.3
16.99
25.21
31.35
29.85
32.35
33.18
16.96
41.77
18.45
29.75
26.84
19.59
27.25
0.0
18.84
20.36
27.36
20.16
25.41
11.87
29.64
35.44
25.7
32.02
19.66
49.5
25.0
33.79
19.74
16.82
39.98
20.7
15.26
11.11
0.0
20.9
34.82
22.17
22.47
10.97
19.44
16.63
25.78
16.86
9.777
26.72
26.99
31.04
10.2
42.13
23.82
25.76
21.07
14.02
35.32
17.74
38.16
20.79
13.8
22.37
32.85
19.07
21.15
23.78
16.05
17.55
20.27
15.43
18.13
21.19
19.4
18.97
17.48
25.98
27.82
12.2
27.33
24.82
26.25
26.42
16.98
32.92
14.0
15.38
19.57
22.17
19.96
19.83
0.0
27.82
26.14
20.92
16.32
36.99
24.83
30.34
26.66
34.55
29.26
27.73
24.87
13.13
32.86
40.56
21.3
13.48
29.63
19.65
24.92
23.52
33.89
33.54
26.97
12.46
32.17
16.7
43.63
17.3
14.99
14.07
27.04
26.2
22.97
29.38
7.801
21.15
26.84
25.31
34.1
15.15
21.6
10.85
12.47
34.31
26.11
26.74
39.67
5.657
24.22
12.48
13.59
24.28
31.72
23.26
14.02
28.46
15.4
19.31
23.73
41.52
25.45
33.89
11.97
28.45
17.14
16.43
23.31
13.45
20.09
2.508
19.48
11.25
19.77
0.0
25.03
27.54
26.23
14.41
11.1
18.69
29.26
35.96
35.39
31.73
34.17
9.191
24.2
18.5
28.99
28.82
29.56
14.12
21.45
27.39
38.51
4.245
27.44
14.87
43.17
32.0
35.81
29.89
20.68
20.44
13.92
21.27
36.27
30.11
13.59
17.07
33.23
26.12
28.7
17.7
13.84
17.75
10.04
26.97
29.59
13.87
20.0
11.39
24.75
36.71
21.68
20.75
14.11
25.94
14.87
14.2
37.5
17.53
51.1
16.32
31.17
18.51
21.89
30.71
21.55
16.61
28.61
27.21
27.25
27.19
32.68
23.31
21.05
16.83
27.4
20.38
32.95
12.08
27.84
24.86
38.62
21.65
32.91
28.19
9.567
23.36
15.61
15.62
18.61
30.76
15.43
22.32
15.83
33.4
32.0
28.53
13.28
39.93
31.25
24.03
31.83
32.15
0.0
19.84
27.03
27.78
41.83
30.71
7.115
22.5
14.26
26.1
38.87
7.603
7.068
27.5
12.08
44.31
7.795
17.36
18.73
18.24
20.01
30.0
35.46
17.78
17.9
26.87
32.44
13.39
14.51
33.5
27.45
40.22
25.64
28.17
22.02
4.99
17.9
27.75
43.63
32.04
17.39
54.56
31.24
0.0
23.5
29.54
21.14
46.41
24.38
17.72
37.93
11.56
29.24
34.36
22.03
29.38
14.82
17.89
31.98
15.98
18.21
30.51
43.99
28.22
46.09
18.48
29.26
32.5
22.49
24.07
19.28
25.99
17.49
30.37
29.89
19.29
25.81
25.38
18.81
14.97
18.74
23.93
20.4
24.27
24.02
25.51
22.89
11.38
21.67
24.49
17.5
22.33
16.55
29.42
15.48
0.0
23.81
29.66
18.87
19.92
25.33
29.75
22.52
11.27
20.7
28.67
27.0
41.22
13.3
29.69
23.82
34.35
22.35
24.28
19.49
16.42
33.91
19.75
39.06
23.56
22.9
21.52
31.34
24.09
22.2
23.02
17.72
14.24
9.452
34.67
21.83
29.78
35.13
48.7
18.89
12.24
20.44
11.1
15.93
17.96
18.77
22.63
31.54
37.25
24.23
53.72
25.84
25.61
31.13
16.92
39.3
17.05
29.75
49.05
33.24
10.14
30.43
20.67
10.75
23.6
32.49
8.961
36.11
16.49
21.8
30.33
21.97
19.64
25.61
18.22
6.847
31.26
14.88
8.651
29.41
10.57
24.89
29.31
22.51
14.98
31.96
20.26
24.86
23.87
44.55
29.28
10.75
27.76
18.79
14.04
21.8
26.72
28.15
11.0
7.562
12.01
16.51
17.08
19.81
17.58
24.02
16.42
46.28
13.16
25.58
11.12
16.79
21.09
9.431
40.48
20.83
28.35
29.43
20.85
24.27
23.83
29.19
17.88
13.6
32.38
22.89
27.83
40.4
34.55
28.27
18.33
33.68
10.72
18.62
34.56
19.22
19.55
22.75
29.6
34.47
15.88
12.72
14.58
26.56
17.81
23.55
17.22
9.904
35.59
22.98
14.83
23.51
21.23
7.62
18.55
22.04
40.38
22.54
29.5
27.76
26.07
16.16
19.73
34.49
44.67
36.26
11.0
22.27
23.88
28.79
27.15
36.22
20.13
27.03
0.0
21.53
10.05
16.45
14.11
9.843
38.05
21.96
27.48
29.53
15.36
22.24
28.48
18.18
22.1
40.4
27.98
7.225
12.91
10.08
21.94
14.47
29.48
28.2
40.61
22.46
9.283
8.807
28.38
19.66
17.48
42.33
8.862
41.63
28.57
25.12
25.16
23.16
19.66
12.0
32.01
36.52
20.3
45.11
12.1
15.97
11.29
20.72
27.46
40.25
34.73
41.91
26.61
11.91
23.19
27.45
15.91
41.6
32.24
9.575
21.56
23.88
27.02
28.32
37.94
32.4
22.39
19.29
35.81
15.25
1.755e-06
14.16
29.57
26.34
16.3
26.88
13.77
16.83
29.12
18.62
13.39
15.12
27.85
0.0
26.94
27.69
39.77
24.99
16.66
25.49
23.08
17.53
31.47
12.35
26.48
24.48
32.19
11.37
44.36
17.86
17.7
25.37
12.34
13.14
27.72
18.63
0.0
45.86
33.54
11.31
39.99
23.08
23.0
31.35
36.38
22.48
20.93
8.83
8.086
30.21
13.32
38.71
24.74
10.25
27.58
0.0
18.88
37.9
39.25
28.78
27.97
32.65
26.54
44.12
3.485
21.11
24.94
21.04
15.05
38.43
19.78
26.27
43.38
33.84
30.63
12.1
14.16
27.97
17.95
0.0
28.45
14.68
20.09
17.66
34.14
21.59
24.89
43.82
41.71
18.7
13.2
38.18
47.63
15.5
41.49
28.51
0.0
20.19
19.06
23.37
36.07
40.69
12.07
22.03
18.34
19.7
18.59
41.59
18.4
31.95
8.738
9.868
39.64
27.57
19.84
29.47
21.89
39.03
25.79
22.0
22.52
15.85
27.69
17.08
26.58
15.83
34.23
38.8
10.1
25.15
7.107
21.43
25.85
21.51
27.19
13.73
18.47
25.97
34.59
24.65
24.7
16.57
35.54
21.55
11.37
28.55
23.53
14.26
38.1
8.493
29.07
7.715
8.985
12.96
27.05
19.14
23.78
18.23
36.42
39.56
22.62
28.74
11.78
23.91
0.0
6.154
30.89
23.41
15.14
17.28
23.94
15.18
8.615
4.08
18.21
11.47
40.16
30.09
35.58
34.4
37.42
29.21
47.95
39.75
9.342
27.37
33.81
44.33
13.89
41.93
31.44
28.54
23.63
10.62
16.89
26.4
26.98
15.85
19.37
18.02
36.92
26.08
36.84
31.4
25.27
22.24
41.23
18.44
23.55
41.91
19.27
39.31
24.91
30.8
32.43
18.08
18.45
37.29
15.99
18.45
8.448
46.38
31.38
12.44
25.0
20.79
43.42
20.87
44.51
24.31
20.35
13.59
10.97
22.17
40.58
18.83
17.45
33.22
37.57
32.62
23.35
13.96
39.8
42.62
20.38
41.87
47.59
20.23
25.09
34.08
22.01
14.11
32.59
20.71
25.19
12.35
31.72
28.92
24.88
6.795
27.02
16.98
35.11
15.81
29.88
0.0
37.16
26.77
27.42
8.987
26.88
25.89
23.86
13.39
19.4
23.51
26.76
33.46
21.81
17.74
26.12
42.02
16.17
25.44
28.43
42.32
33.9
39.41
21.02
31.9
21.21
22.44
17.26
18.93
30.83
21.24
37.07
25.86
12.72
21.54
28.42
42.68
40.2
20.66
42.8
19.17
33.77
33.28
39.37
20.0
29.4
14.58
18.48
16.87
25.94
17.82
20.69
36.57
33.98
14.68
37.05
19.68
15.12
29.04
30.01
42.55
21.83
7.546
18.75
19.01
19.33
9.083
10.31
20.03
17.58
27.7
11.37
16.75
20.37
25.67
11.58
29.99
33.81
32.45
14.49
24.15
27.88
23.32
21.94
26.23
12.29
32.05
25.8
23.88
11.74
15.35
26.01
34.44
28.79
30.76
41.38
22.1
16.39
15.52
21.78
24.93
23.37
36.79
29.08
33.71
31.44
16.68
30.73
47.03
23.03
27.32
20.7
38.9
31.04
15.71
13.5
11.49
14.87
32.62
26.99
31.79
43.62
42.85
0.0
17.46
23.11
27.02
20.85
24.07
40.39
17.21
24.31
21.4
51.51
28.79
15.46
40.45
24.14
31.53
46.25
10.72
35.91
21.85
26.75
31.2
32.65
13.88
40.17
33.78
33.57
36.59
12.04
15.6
25.46
37.42
0.0
15.21
33.0
15.85
25.98
10.4
13.18
38.93
23.07
25.92
17.88
12.21
20.79
35.53
32.9
24.37
21.16
5.993
10.7
17.01
26.93
33.68
30.65
25.03
20.26
11.76
29.9
14.62
24.73
22.19
9.954
18.27
33.62
33.25
24.26
33.4
15.06
17.64
26.83
38.52
33.48
46.31
19.19
27.98
18.38
18.53
17.44
12.85
42.94
32.71
20.63
45.86
21.98
22.92
14.17
35.15
1.062
17.15
31.76
23.82
18.5
25.85
0.0
25.47
30.34
27.39
35.87
29.21
8.897
25.56
39.66
42.05
34.83
26.3
15.05
19.42
20.99
17.12
26.24
19.81
28.37
24.37
25.88
42.19
28.7
24.47
40.21
21.47
17.39
11.14
20.89
28.27
27.46
34.65
34.31
30.79
36.17
33.88
17.69
24.05
22.53
13.6
22.33
26.7
8.931
21.9
8.115
34.65
15.33
30.59
26.44
1.459
24.15
15.32
19.98
27.7
20.59
14.77
14.63
20.53
38.97
20.05
24.07
16.39
27.23
25.21
13.82
14.59
35.05
37.2
23.32
25.61
30.86
46.13
13.08
14.5
26.48
23.56
40.72
28.33
26.62
23.25
42.87
30.64
30.98
44.71
35.93
28.85
37.03
17.64
30.35
21.54
6.861
36.93
13.88
46.9
21.56
19.42
22.43
0.0
15.17
30.36
16.94
15.95
30.93
25.49
27.04
19.18
56.38
24.91
11.74
28.12
16.92
30.82
30.99
15.13
29.35
5.745
23.17
0.0
4.85
35.84
34.66
43.72
24.46
17.24
8.644
20.0
10.33
13.57
21.59
31.88
19.87
13.06
35.37
24.14
38.72
23.57
25.84
18.48
40.98
28.97
37.87
35.01
22.22
16.32
37.05
15.37
16.32
48.67
30.49
13.49
0.0
10.56
1.438
9.575
0.0
16.1
16.98
0.0
14.47
10.94
18.22
13.05
9.758
1.298e-06
6.8
22.06
18.53
4.396
17.57
15.93
8.738
20.76
26.36
16.38
14.29
20.9
17.32
14.83
13.58
21.13
11.14
22.44
17.61
20.47
23.51
16.57
16.71
17.93
26.02
18.98
35.31
24.04
18.88
18.0
20.57
13.03
25.64
23.68
22.7
24.6
27.96
14.96
19.74
21.23
13.99
28.04
30.32
10.75
18.69
19.04
19.59
30.14
25.33
15.53
23.9
21.74
25.32
34.6
25.92
29.84
34.24
24.81
30.2
28.88
15.61
28.7
24.8
41.27
29.6
20.01
27.16
20.62
34.05
27.96
21.53
30.37
19.83
35.72
28.31
24.37
39.22
27.62
45.49
31.17
27.28
33.34
6.708
6.772
0.0
8.631
19.94
19.34
0.7192
16.84
14.61
22.18
2.801
11.41
13.96
19.94
23.45
15.38
17.65
13.11
21.3
23.84
23.01
21.5
23.11
17.05
23.74
32.78
18.17
19.43
22.49
25.18
23.26
22.87
31.08
18.32
18.8
33.78
24.88
18.14
26.58
33.97
0.0
22.48
20.55
21.12
31.57
15.5
25.61
37.87
32.71
26.1
29.85
31.98
25.11
28.95
31.06
24.2
31.16
15.87
28.05
30.46
36.41
22.44
26.2
33.84
22.37
30.51
34.62
43.21
29.41
37.27
36.91
30.42
36.93
40.09
31.57
36.76
28.09
37.26
32.75
37.01
31.38
23.23
23.52
31.49
46.96
34.06
40.5
32.38
40.15
45.12
38.66
34.24
29.82
33.69
28.93
49.42
45.06
35.99
41.1
52.28
