85.7
137.4
110.8
116.5
201.9
195.3
163.3
189.6
180.3
61.34
55.12
99.28
91.81
231.6
193.7
233.3
203.0
205.6
45.15
83.04
37.94
58.9
46.21
147.5
149.3
158.2
176.9
150.2
147.2
78.24
92.54
101.0
96.42
133.6
169.3
177.9
169.4
154.3
172.9
154.2
77.15
39.14
34.63
83.69
94.4
145.4
152.9
168.4
138.1
140.4
134.6
45.17
66.55
80.41
53.64
63.41
132.1
116.4
124.1
128.4
155.8
126.8
51.35
92.66
44.06
90.47
83.44
123.4
95.15
90.69
113.9
90.82
75.5
56.22
50.66
70.4
119.6
93.54
106.1
162.3
199.5
202.6
184.0
172.7
205.1
184.5
61.7
81.7
68.88
78.38
89.26
168.8
143.5
135.4
138.4
148.9
147.9
45.17
76.75
85.62
39.42
102.6
115.1
106.7
101.8
107.7
152.6
66.86
136.2
95.47
85.88
155.9
163.1
168.6
213.0
187.1
175.0
77.8
67.07
67.43
55.77
87.3
166.6
167.5
169.6
171.5
166.5
164.5
69.87
59.86
85.69
73.24
56.98
116.1
189.5
133.7
147.5
173.5
153.1
100.2
70.38
96.01
105.2
186.0
181.6
173.8
167.3
164.2
65.13
45.67
57.99
81.65
65.09
82.15
79.23
69.57
39.44
36.49
37.41
122.3
85.6
136.7
158.1
144.2
136.1
137.6
54.4
68.71
44.73
68.71
36.84
113.4
155.1
131.0
119.3
151.5
133.6
70.87
118.7
38.88
122.4
114.0
111.6
183.0
164.8
185.6
219.4
208.9
216.0
214.0
99.15
68.07
91.06
113.3
83.12
116.2
137.0
123.3
93.41
48.77
73.24
86.77
115.7
207.7
167.1
173.9
174.3
181.1
80.21
99.52
68.87
66.55
168.2
164.8
165.9
148.4
164.2
109.7
73.24
90.43
73.85
1.349e-05
151.0
123.9
150.5
143.8
148.8
150.5
47.57
97.92
45.97
73.24
44.49
164.4
177.4
162.0
158.7
159.5
152.6
108.9
66.85
5.748e-06
84.79
73.75
37.55
139.3
111.0
116.4
132.5
114.8
112.7
112.7
81.94
69.5
66.37
69.5
206.3
215.5
182.9
178.7
183.9
77.88
73.41
85.22
40.32
64.55
142.1
138.3
124.9
145.0
118.8
129.6
57.16
40.49
82.84
88.66
131.6
110.2
128.4
129.6
127.2
56.89
73.24
102.1
150.8
153.8
93.98
153.8
156.8
155.9
78.87
155.0
47.21
56.03
143.4
159.1
150.4
119.0
149.0
76.94
92.58
1.368e-05
59.54
67.63
167.8
159.6
162.4
174.5
159.2
159.2
95.18
64.55
101.7
73.24
58.64
253.3
246.6
217.9
216.2
209.6
213.0
53.21
86.37
97.83
118.5
208.1
192.6
225.7
193.7
209.1
91.17
77.04
123.6
52.89
93.37
171.1
191.0
190.0
168.7
40.66
73.24
71.74
122.8
39.14
192.1
143.5
132.9
153.6
136.6
133.9
90.65
91.69
7.242e-06
87.27
128.9
141.8
133.6
153.5
159.5
139.9
139.9
55.54
39.14
92.31
56.56
149.3
132.1
125.2
121.3
119.9
55.4
73.24
95.84
65.81
87.09
125.5
148.3
140.6
143.1
152.7
138.7
88.63
93.93
135.1
87.08
128.4
113.7
121.0
126.8
79.77
107.9
91.69
165.9
102.2
80.95
237.2
275.0
180.7
305.8
158.3
261.1
101.1
72.06
34.63
49.98
175.3
172.7
142.6
160.4
162.6
98.96
106.0
95.52
127.8
57.59
183.4
121.7
143.7
127.6
129.1
122.0
79.22
39.14
111.2
100.7
41.51
186.1
176.8
121.7
122.7
128.3
133.9
65.65
98.51
114.8
59.44
133.4
162.3
137.6
145.5
155.7
109.3
78.02
56.24
121.0
71.52
131.4
99.05
124.4
137.7
128.0
109.8
124.0
39.14
114.9
92.66
164.1
168.9
131.3
170.6
157.5
120.4
113.6
66.89
61.96
73.24
120.9
148.3
66.71
161.6
113.9
123.0
54.4
73.24
131.2
99.21
244.3
181.6
167.8
143.4
156.9
70.08
179.9
83.23
63.67
158.1
178.2
207.4
103.8
194.8
28.81
100.2
101.3
88.94
122.3
171.6
174.3
164.5
188.7
187.3
160.7
54.01
45.67
105.0
99.3
73.24
130.6
230.9
255.8
237.6
227.3
211.8
230.5
222.3
84.22
126.5
124.3
51.38
40.74
167.0
203.0
202.4
247.3
167.1
252.0
196.2
195.3
121.3
126.6
69.4
79.79
68.04
86.14
148.9
152.5
155.3
117.3
200.0
125.2
127.3
64.13
73.24
110.3
46.68
61.78
47.94
161.0
171.4
167.2
198.2
201.5
209.2
169.7
70.17
140.9
105.5
92.36
61.59
81.13
148.0
141.1
159.2
135.7
198.9
145.1
136.1
59.1
81.4
95.02
64.97
102.0
57.98
132.6
149.5
143.4
154.0
132.0
167.6
131.2
63.1
108.2
74.8
80.41
37.02
137.5
153.3
150.8
123.1
166.1
146.3
73.64
72.56
28.81
73.24
217.7
225.3
220.8
220.2
221.0
28.04
82.73
91.78
76.44
73.24
141.2
289.8
281.5
310.4
255.7
284.6
246.5
260.2
53.14
91.69
113.7
63.35
89.53
119.1
170.1
207.4
178.7
203.4
226.3
223.8
181.1
71.24
96.75
77.62
31.94
46.89
69.79
177.8
184.5
188.0
157.4
174.6
173.8
167.3
28.04
61.25
101.4
79.12
111.6
88.5
135.9
160.6
138.0
106.3
130.3
137.5
108.3
28.71
52.38
84.49
61.13
49.19
126.9
107.9
114.6
156.6
107.9
106.0
105.2
107.0
34.68
81.84
52.03
40.74
60.9
123.5
124.2
138.1
133.6
138.2
125.2
31.97
74.08
145.6
57.43
70.22
87.03
164.7
168.8
178.9
178.1
163.3
197.1
166.8
61.57
53.79
92.36
73.24
128.1
179.6
226.6
181.3
203.0
203.1
202.4
61.47
129.0
106.3
90.2
97.85
221.8
261.7
249.1
203.6
192.6
224.9
31.94
109.5
79.61
59.08
65.39
51.04
149.3
155.0
140.1
134.8
159.6
145.9
135.8
66.62
73.24
50.53
76.52
40.74
191.4
170.8
156.9
157.9
169.0
161.7
50.45
49.08
46.9
143.6
42.52
93.3
192.3
154.5
160.2
147.4
163.2
154.5
155.1
79.49
96.07
82.58
40.74
125.6
145.1
136.3
171.9
138.1
199.9
102.5
51.38
60.97
86.35
311.4
337.0
340.3
270.7
324.9
324.3
55.39
62.81
99.93
64.55
158.1
134.6
142.4
118.4
131.0
75.15
73.24
75.74
73.15
40.74
102.6
138.1
141.2
162.1
137.1
149.0
159.8
133.5
65.58
58.77
38.98
83.44
49.07
171.1
192.2
157.5
167.0
159.1
157.4
67.86
53.42
84.02
60.2
92.98
176.5
201.0
196.8
197.8
190.5
186.8
79.83
55.61
71.63
91.62
107.6
212.3
200.7
184.0
181.5
188.3
186.1
56.8
66.77
54.8
73.24
94.96
151.5
154.9
169.9
140.4
143.7
145.4
57.25
74.76
89.23
58.51
44.31
104.2
180.1
163.7
180.1
160.4
161.1
172.3
169.5
99.9
121.0
77.42
46.29
59.86
93.59
103.8
95.56
157.1
103.9
86.58
39.14
68.6
50.32
40.55
96.06
85.87
127.9
155.4
142.3
130.4
156.4
139.4
130.2
41.55
45.52
47.71
132.8
40.74
48.18
167.2
121.2
122.0
121.1
114.4
116.9
112.7
59.82
95.02
76.32
87.18
214.9
242.1
225.7
239.7
219.3
84.76
89.94
86.59
99.8
64.69
164.6
185.3
175.8
155.8
164.3
168.5
155.8
58.15
73.24
47.4
61.28
85.62
143.0
150.4
149.6
140.4
151.0
140.8
129.3
80.01
86.67
39.02
60.43
118.7
120.9
156.8
144.2
143.9
108.7
91.15
138.0
140.0
36.93
91.99
88.56
206.3
195.9
210.1
253.6
169.6
268.5
210.9
118.8
83.87
72.55
45.17
88.19
95.51
154.4
183.4
144.4
233.1
159.6
153.4
152.3
58.36
119.4
167.2
58.62
84.27
62.04
239.9
239.4
246.2
271.1
223.0
325.8
241.6
119.1
120.2
110.5
46.99
77.78
90.13
245.0
237.4
238.8
187.4
200.6
194.6
238.1
45.15
76.53
71.52
34.63
43.31
79.89
172.5
159.9
171.7
165.2
169.6
183.2
163.5
30.96
104.7
57.25
73.24
231.3
240.5
245.2
230.3
241.3
70.82
111.6
103.8
57.7
184.4
101.9
152.0
158.2
186.9
167.5
163.8
176.9
155.1
28.04
73.24
117.6
92.25
143.9
183.3
179.6
165.3
184.2
170.1
160.5
31.94
83.06
82.57
52.03
40.74
114.1
150.1
153.2
169.4
166.4
158.3
154.8
154.6
73.74
64.55
107.0
50.77
80.3
99.85
152.4
150.7
180.1
147.6
142.8
164.5
139.7
55.84
40.74
102.8
45.15
73.24
115.1
137.5
165.3
152.2
138.7
139.9
152.9
137.9
81.66
227.9
64.13
40.74
90.83
124.6
141.5
147.5
175.1
153.5
136.6
75.63
73.24
171.4
45.38
88.42
73.79
137.7
129.3
120.3
130.4
138.9
178.4
127.0
89.44
55.82
73.24
180.0
172.8
188.8
196.2
172.9
174.9
45.46
65.17
56.03
73.24
179.7
172.1
169.2
180.6
161.8
162.1
71.24
73.24
59.17
39.14
53.02
58.66
40.74
5.525e-06
108.3
106.0
101.9
110.0
109.3
113.5
101.9
95.49
88.61
53.13
73.24
168.4
198.9
174.4
178.5
170.9
88.52
73.24
77.44
73.24
102.5
97.98
102.5
88.88
58.22
50.75
60.79
87.07
49.69
145.3
118.8
118.2
109.5
118.3
78.66
73.24
78.66
73.24
100.0
89.56
89.82
89.38
51.68
80.94
39.14
56.54
73.24
132.7
154.1
130.0
137.4
132.0
60.73
75.39
84.36
68.41
56.1
105.4
120.0
97.72
95.43
64.3
73.24
41.31
130.3
73.24
51.88
140.1
97.52
90.83
97.75
102.3
78.62
68.47
63.33
39.14
49.02
39.14
121.9
119.1
115.7
100.3
103.0
72.73
73.24
84.34
64.01
122.6
101.6
96.62
117.3
101.4
44.91
73.24
58.66
73.24
103.8
108.8
90.53
105.7
81.5
92.12
73.24
80.46
89.31
113.2
84.5
130.0
116.2
94.57
102.6
73.24
69.98
73.24
103.3
106.5
120.0
105.7
75.95
79.22
73.24
51.03
53.81
109.9
105.1
89.03
120.1
95.6
53.59
39.14
53.59
87.62
64.83
105.3
64.83
96.98
83.24
91.88
73.24
102.2
39.14
100.3
124.7
116.4
130.0
115.3
75.33
61.88
87.0
73.24
108.1
112.1
78.86
68.77
69.83
55.53
73.24
31.07
57.71
109.5
98.66
100.4
105.3
94.52
84.9
73.24
83.65
102.9
73.24
68.1
114.4
119.0
91.58
125.3
115.5
101.5
89.14
67.02
73.24
83.59
46.21
163.0
149.4
144.9
168.7
152.2
82.62
41.95
3.122e-06
115.1
127.3
3.196e-06
132.2
156.0
83.21
96.96
98.8
83.21
83.21
47.21
40.74
72.4
54.28
119.6
115.7
138.7
124.0
115.4
74.17
73.24
63.96
105.9
93.17
84.3
91.23
93.88
82.23
113.4
73.24
56.3
164.8
148.7
103.5
126.6
113.8
120.9
77.99
68.47
82.53
58.23
112.3
85.42
115.3
125.9
106.0
75.44
77.45
39.14
79.43
78.25
83.47
79.25
54.01
84.73
39.14
80.68
46.21
120.3
84.69
111.0
84.59
81.0
69.32
39.14
69.87
78.79
139.8
128.4
140.9
149.6
138.3
57.9
44.33
48.03
73.24
43.46
83.27
76.05
50.26
42.11
76.71
45.46
88.67
39.14
127.7
130.1
161.7
142.8
128.9
109.4
44.03
34.63
66.11
90.14
110.0
70.87
97.73
90.47
50.74
58.64
69.32
39.14
126.2
123.6
123.3
111.1
115.6
39.14
67.68
73.24
89.06
99.12
107.0
67.63
59.32
89.57
73.24
91.28
47.6
104.2
51.42
108.3
85.48
52.15
69.92
66.09
52.5
73.24
158.8
161.1
137.6
131.0
135.0
49.1
44.33
90.85
62.89
119.5
92.15
113.1
97.43
93.53
61.34
46.64
50.78
110.9
201.6
198.8
175.7
181.0
178.8
103.3
119.2
56.71
39.14
96.25
95.45
60.08
85.55
87.84
70.92
39.14
80.56
39.14
148.8
138.1
131.6
121.6
124.8
84.02
73.24
62.0
73.24
62.0
73.24
84.02
73.24
0.0
90.61
37.02
75.79
74.62
115.9
105.6
111.7
123.9
115.6
77.51
166.8
120.4
69.92
176.2
162.0
175.5
160.2
158.0
78.51
73.24
58.78
57.99
87.38
104.9
87.2
96.77
78.57
57.5
54.22
65.43
134.0
149.5
126.1
126.7
124.6
57.98
73.24
67.68
73.24
103.9
124.5
97.05
113.0
91.78
45.46
88.09
56.56
70.0
105.0
116.2
89.81
114.2
83.73
68.87
50.32
72.48
79.26
106.6
60.58
103.1
65.14
73.84
47.4
73.24
57.99
68.1
45.75
67.93
101.5
90.03
101.6
98.71
110.0
106.8
81.28
73.44
40.74
47.28
73.24
110.7
135.4
103.1
108.3
104.7
119.4
73.24
57.0
84.12
153.7
178.9
116.7
153.8
153.0
28.04
108.3
46.01
40.74
75.41
132.0
130.0
132.9
141.3
97.2
132.8
84.37
48.61
97.72
44.71
40.74
90.16
103.7
52.42
98.11
116.7
91.9
28.04
37.0
48.69
40.74
122.0
115.4
117.7
128.7
116.0
111.7
70.75
152.0
47.43
70.22
121.7
142.9
146.0
190.9
116.6
133.3
162.5
142.3
44.62
40.74
80.34
70.5
83.27
52.05
106.3
95.23
82.34
92.06
96.5
82.04
80.41
47.56
68.04
75.57
77.55
40.74
28.71
91.03
86.01
100.4
101.2
84.9
49.07
142.1
98.44
0.0
50.26
85.27
174.8
175.2
173.9
163.5
162.8
182.6
174.8
68.73
53.75
115.5
66.75
73.24
79.8
71.37
78.49
82.18
80.3
52.25
119.4
29.17
78.29
67.81
96.79
62.01
79.04
64.3
101.0
108.0
103.9
80.25
128.9
121.6
109.5
43.49
65.52
72.66
53.31
156.7
151.0
160.6
151.1
149.3
78.66
73.24
84.47
40.55
59.36
89.78
98.32
56.98
97.55
117.4
80.07
45.15
73.24
91.65
40.74
47.1
95.37
124.5
119.8
125.7
132.5
122.8
81.09
92.4
73.33
52.14
155.6
157.6
141.7
143.7
145.7
81.3
73.24
72.81
61.87
46.64
86.77
90.82
113.5
114.2
109.0
86.56
87.07
79.21
109.9
67.6
68.04
97.45
94.44
126.9
107.8
122.1
74.4
28.71
40.74
77.93
45.15
40.74
85.55
96.27
95.61
105.6
93.55
103.7
120.6
91.09
47.46
88.14
28.04
73.24
31.48
99.29
122.3
96.89
106.5
120.3
93.79
28.04
73.24
81.09
66.56
79.94
117.3
116.5
128.1
140.7
119.2
146.2
138.6
111.0
52.05
40.74
72.14
73.24
104.9
125.9
126.1
141.5
111.8
105.7
104.1
95.11
56.32
172.3
48.02
73.24
114.8
136.4
142.3
166.1
161.4
148.9
211.2
136.3
28.04
89.01
76.56
55.87
40.74
80.22
130.5
138.2
162.6
139.1
153.2
159.9
132.5
49.04
124.0
83.99
51.04
68.04
223.7
221.7
246.0
163.9
197.4
230.8
70.19
135.4
157.5
79.19
183.6
141.0
173.2
118.7
133.1
41.94
101.9
124.9
28.04
73.24
86.53
94.72
109.1
114.3
125.0
148.6
191.0
103.2
29.17
55.14
96.46
85.2
40.74
107.4
113.8
160.6
208.4
161.7
169.2
150.4
158.0
28.04
73.24
81.86
52.05
81.08
78.04
76.39
111.1
116.2
75.09
129.2
134.2
85.35
58.69
69.02
83.44
89.15
149.0
163.1
177.9
157.1
168.0
63.64
86.16
139.2
49.04
40.74
85.0
138.5
151.4
160.8
144.0
162.1
160.7
152.7
52.05
96.73
94.18
66.75
40.74
139.1
196.8
169.5
223.7
165.9
178.8
171.4
169.3
64.22
67.81
47.69
81.87
150.0
154.5
131.2
175.9
157.0
40.74
67.64
83.4
137.6
147.8
137.3
147.9
55.66
40.74
62.83
34.63
64.15
167.1
169.5
164.0
155.7
156.1
157.3
52.05
52.08
131.3
51.38
66.6
105.8
128.7
123.9
168.2
88.87
93.67
141.0
104.4
41.82
66.11
99.97
52.05
42.52
137.1
138.1
146.6
147.1
142.6
134.9
59.54
39.14
82.62
28.71
40.74
66.17
76.76
82.4
88.36
70.32
73.03
96.13
70.0
91.65
114.0
93.83
66.94
73.79
92.73
132.4
136.7
127.7
70.75
78.16
114.7
123.5
107.6
40.74
135.9
28.04
82.72
139.5
146.4
143.8
202.9
184.5
149.4
180.7
144.2
60.81
67.86
111.5
45.15
40.74
70.58
112.2
126.8
133.7
108.4
124.5
113.2
116.7
43.65
40.74
81.36
28.04
73.24
54.9
107.4
131.7
123.1
122.0
112.8
146.0
112.5
68.04
91.52
112.4
40.07
73.24
118.5
132.2
95.84
117.0
151.6
124.1
92.36
40.74
58.67
53.52
91.21
138.8
152.7
106.4
130.1
123.1
124.5
90.66
87.39
111.3
52.05
73.24
89.04
222.8
222.6
201.7
170.7
205.3
152.6
187.6
67.61
49.42
77.18
91.09
73.24
61.99
136.6
174.7
152.8
130.1
147.4
146.7
149.0
59.77
73.24
79.76
54.38
80.17
86.24
158.8
135.1
158.3
141.4
156.0
151.7
142.3
120.5
40.74
136.2
82.2
67.81
91.06
124.9
128.6
141.3
142.3
113.0
150.9
106.1
46.29
73.24
28.04
75.17
82.44
94.08
80.42
92.64
71.88
73.24
86.75
34.63
39.14
79.92
95.3
99.94
100.8
91.23
102.9
105.4
85.09
46.67
82.83
99.38
48.96
133.6
105.1
198.9
167.3
243.3
176.0
167.7
173.0
186.4
63.11
70.44
73.24
85.05
85.93
44.69
81.63
44.69
73.1
73.24
93.09
68.89
39.14
132.4
106.1
106.0
109.1
114.9
95.46
46.29
57.02
34.63
39.14
75.33
78.76
95.57
93.26
75.89
32.64
86.91
80.58
45.15
73.24
164.3
191.7
151.7
160.6
160.9
162.8
70.03
87.08
91.05
77.14
68.86
43.06
170.9
163.7
158.8
154.9
160.3
190.6
160.5
28.04
73.46
46.64
52.49
37.91
111.5
107.3
95.45
136.3
121.7
108.8
54.11
73.24
70.51
65.86
82.84
100.8
79.07
87.63
73.0
32.64
72.04
70.88
39.14
73.52
137.5
115.5
135.7
115.2
124.1
112.2
53.84
73.24
79.34
67.81
103.3
97.56
97.9
115.2
75.17
62.0
84.67
45.15
48.11
80.53
81.74
93.88
111.0
65.18
73.24
47.56
39.14
89.06
84.29
78.54
114.5
78.54
83.49
61.57
65.22
40.28
120.2
97.16
104.5
89.43
95.01
31.94
73.24
47.4
40.74
60.45
45.67
28.71
67.81
28.04
28.04
73.24
57.1
83.58
52.89
98.33
56.6
86.97
48.52
52.05
74.92
52.03
39.14
91.57
87.5
102.2
75.4
80.91
56.79
83.36
109.3
89.44
39.14
101.1
134.2
110.4
142.0
118.6
126.3
135.7
110.4
44.91
66.86
31.94
73.24
72.58
31.94
73.24
72.58
68.33
78.66
73.24
59.37
39.14
91.86
203.9
184.7
163.3
159.2
165.8
173.4
28.81
78.72
1.467e-05
58.15
87.56
185.9
181.3
201.5
172.8
193.2
193.2
84.52
66.59
68.93
61.34
73.24
123.8
135.3
147.7
118.1
128.0
117.5
31.94
42.22
40.74
76.22
95.01
83.55
102.1
86.34
95.2
94.92
78.66
73.24
100.4
102.5
109.5
113.0
83.83
69.7
50.39
89.65
45.15
39.14
45.15
39.14
69.7
50.39
89.65
0.0
28.63
83.36
58.15
93.88
74.39
100.5
83.11
100.5
90.15
34.63
63.69
78.66
39.14
177.9
157.4
154.2
156.2
145.3
34.63
98.64
68.97
50.87
39.14
115.1
106.4
97.84
115.1
89.98
97.55
70.17
65.75
31.94
73.24
112.1
139.8
113.1
108.5
94.25
68.1
158.1
40.09
50.45
73.24
73.17
95.71
89.92
161.1
69.17
57.98
64.97
61.03
99.22
59.81
76.56
81.43
160.9
142.4
162.1
157.8
140.3
138.6
145.9
42.7
93.63
49.41
73.24
98.37
138.5
105.0
107.5
92.78
81.11
64.94
47.34
64.94
90.44
97.6
29.17
100.7
72.76
56.71
73.21
68.1
39.14
103.7
85.28
91.21
94.53
70.06
31.94
69.7
60.5
58.07
67.97
71.19
68.52
49.04
70.33
97.55
31.94
73.24
97.0
120.1
111.9
122.9
128.1
96.44
52.9
73.24
87.16
58.15
39.14
88.4
74.08
91.14
109.1
99.33
66.57
42.99
86.78
58.91
39.14
114.9
127.1
117.8
141.2
115.8
143.0
115.1
46.11
73.24
28.04
95.06
82.51
121.7
109.3
124.5
93.28
44.91
40.92
41.55
40.74
88.57
78.58
86.53
78.48
78.72
93.84
73.24
39.02
73.24
97.95
114.0
116.6
128.5
96.03
28.04
72.07
62.0
73.21
88.73
108.1
57.63
97.12
65.24
50.66
39.14
38.59
73.45
95.83
112.5
105.5
100.6
91.01
68.89
73.24
68.1
39.14
99.53
78.93
96.56
101.9
66.49
46.12
103.4
44.91
73.24
81.91
101.3
90.63
73.04
73.85
64.97
42.48
93.26
102.3
4.072e-06
96.25
95.82
76.84
98.32
91.49
76.84
3.558e-06
73.24
76.17
39.14
6.972e-06
108.0
78.93
65.77
65.77
89.64
65.77
44.05
73.24
58.15
80.12
102.5
101.5
93.79
108.4
84.62
28.81
135.8
44.4
28.04
73.24
61.56
91.24
73.46
120.1
62.3
61.1
47.01
130.2
68.02
137.7
32.64
118.1
143.7
99.31
91.2
171.4
86.84
44.91
73.24
83.77
39.14
116.8
90.1
86.18
90.62
73.77
52.78
40.74
49.04
40.74
85.14
139.1
144.2
145.2
130.7
137.5
134.4
34.63
57.79
28.23
56.56
112.6
108.7
108.4
119.6
115.2
67.01
58.25
48.75
81.92
57.57
93.69
110.2
80.55
86.5
79.24
69.8
68.04
46.21
28.71
39.14
121.9
133.3
119.7
127.0
118.3
76.54
83.58
50.19
73.24
108.4
128.4
77.49
96.83
82.83
28.04
73.24
90.48
91.33
130.8
76.53
78.16
101.1
84.76
34.56
73.24
55.21
39.14
63.16
216.7
215.2
225.5
233.2
248.6
222.4
39.02
73.24
64.8
115.1
94.84
196.0
173.2
196.6
194.1
198.7
184.7
42.92
84.67
42.22
39.14
90.57
94.47
93.77
110.9
80.93
59.37
40.74
84.77
111.0
110.7
141.8
117.9
102.5
93.53
32.64
81.78
107.4
73.24
188.5
168.7
128.0
154.3
135.0
51.38
39.14
54.42
59.27
71.26
74.54
77.03
69.4
57.36
88.16
73.24
46.25
34.56
77.6
98.81
132.1
146.8
141.9
103.1
106.7
2.965e-06
108.4
74.6
39.14
98.64
84.9
83.38
59.72
83.38
52.51
73.24
28.81
73.24
229.0
241.7
212.0
190.7
208.9
42.02
110.9
78.66
39.14
142.7
122.3
120.8
118.3
111.6
28.04
74.61
63.16
74.61
76.31
126.2
92.96
121.4
99.12
59.6
73.24
67.43
49.04
118.5
184.4
129.3
165.0
173.2
170.3
166.4
63.22
39.14
58.15
39.14
166.9
150.3
149.7
176.6
157.0
59.5
73.24
39.02
136.7
127.8
130.0
139.3
119.7
114.5
28.04
73.24
52.65
39.14
94.53
94.22
71.89
98.01
75.18
33.87
39.14
51.03
93.21
84.97
100.0
78.73
89.64
75.45
100.6
83.44
66.94
84.55
87.23
93.05
104.4
94.86
48.63
45.15
73.24
28.81
39.14
52.0
57.7
52.82
67.81
28.04
49.28
74.71
68.1
39.14
84.57
57.7
48.82
71.74
28.04
28.04
55.81
83.19
40.74
101.3
75.42
70.52
88.06
63.93
45.15
158.9
68.04
121.9
78.54
148.0
76.76
131.9
64.52
28.04
73.24
58.15
73.24
116.1
117.4
110.6
129.0
100.8
31.94
66.64
41.55
39.14
97.6
95.62
92.08
114.4
87.44
78.66
52.74
39.14
87.52
89.2
113.6
110.7
84.1
34.56
69.12
52.66
95.42
67.92
100.1
131.9
111.1
99.72
110.9
91.64
65.58
65.72
28.04
67.81
119.7
130.2
132.6
134.7
116.7
79.34
46.12
39.14
108.4
108.5
82.28
97.05
89.64
49.16
70.16
8.717e-06
59.1
68.71
91.85
87.26
82.74
84.35
67.09
67.09
28.04
109.7
78.57
43.65
97.55
98.05
132.6
107.6
132.0
120.6
95.48
64.75
73.24
70.36
120.4
203.2
166.3
193.3
187.4
203.3
88.83
42.22
73.24
89.77
130.5
103.9
121.7
97.44
28.04
73.24
47.4
40.74
83.37
109.8
111.7
104.0
110.3
134.2
106.5
69.78
111.9
48.52
72.38
102.4
109.7
107.1
128.4
86.41
29.17
46.64
62.46
85.0
88.17
107.3
94.4
107.2
98.13
39.14
68.89
39.14
81.55
59.59
45.66
60.18
56.49
107.2
28.81
46.78
97.18
79.32
85.41
115.1
82.02
28.04
73.24
66.75
96.68
101.2
118.8
86.46
111.6
81.13
51.83
76.48
37.97
44.79
39.14
181.2
155.0
187.3
182.0
170.8
165.8
28.04
46.21
75.65
53.04
154.9
117.5
98.2
124.3
112.4
76.71
62.73
45.55
39.14
85.78
90.8
95.33
94.64
73.95
46.29
95.86
38.59
54.56
54.07
68.53
77.61
104.5
64.25
73.24
111.1
3.71e-06
175.7
86.97
143.1
93.92
158.2
86.97
31.94
73.24
45.15
60.33
79.4
97.97
80.08
114.5
68.93
49.04
64.63
69.48
73.24
189.8
199.5
150.6
177.2
163.8
28.04
76.07
40.63
96.77
95.93
76.13
93.63
116.3
99.9
93.06
73.24
1.397e-05
76.84
40.74
171.1
172.3
151.6
199.8
173.1
173.1
48.88
79.95
61.5
118.2
101.5
101.4
93.18
104.9
90.97
68.04
73.24
3.517e-06
39.14
85.7
89.22
109.6
66.55
87.35
91.54
89.22
67.6
79.77
39.02
73.24
119.7
131.3
127.1
129.9
103.8
47.56
80.57
46.29
39.14
70.75
65.29
70.59
80.0
52.07
28.04
44.91
73.25
80.54
97.54
71.54
100.9
65.68
32.64
73.24
58.15
39.14
90.75
116.2
112.3
132.2
107.7
69.51
60.39
28.04
73.24
112.8
141.3
91.61
101.1
95.4
68.89
140.9
62.01
39.14
100.0
87.84
115.8
107.8
83.08
51.26
73.24
68.89
93.25
136.1
112.0
91.86
110.8
98.77
34.56
73.24
64.95
64.22
156.2
160.3
163.2
178.9
152.9
28.04
57.7
49.05
94.19
99.51
121.0
84.71
89.67
89.38
90.48
57.96
38.0
65.24
143.4
142.4
141.7
153.6
149.3
3.703e-06
58.73
60.74
3.703e-06
50.26
88.74
99.09
82.45
39.14
118.3
107.4
96.53
117.5
97.25
5.029e-06
107.4
39.02
39.14
122.8
105.6
99.97
138.8
102.2
107.1
102.2
63.79
73.24
96.04
76.87
116.7
112.6
122.8
130.8
100.4
6.929e-06
80.73
46.9
43.39
39.14
85.9
76.95
75.82
93.24
75.58
75.82
44.05
109.6
28.81
39.14
170.0
169.5
170.1
171.2
165.0
28.81
73.24
32.64
39.14
94.78
77.74
78.5
108.6
60.62
88.32
61.81
78.66
73.25
28.04
39.14
84.82
89.18
114.8
105.9
80.03
45.15
61.08
56.79
73.24
72.24
167.6
170.8
156.6
146.1
135.9
134.4
63.36
83.36
38.14
77.94
99.09
93.35
110.5
102.2
80.82
46.12
77.55
75.39
28.04
73.24
60.8
52.92
117.4
110.3
99.35
113.3
102.1
34.56
73.24
63.08
63.48
39.14
120.1
107.9
106.0
121.8
115.0
99.75
79.34
73.24
67.64
39.14
82.12
69.72
111.7
110.0
64.28
28.63
40.92
58.15
40.74
138.7
132.8
129.1
126.5
128.4
47.56
59.52
76.21
59.52
85.81
74.22
66.95
72.46
45.15
28.04
56.3
50.75
49.04
59.55
90.47
72.98
83.82
73.9
98.34
75.32
28.04
103.4
72.07
84.01
82.93
58.8
89.17
108.8
52.33
69.66
73.24
62.73
75.18
82.49
95.71
83.67
93.94
81.85
69.62
99.24
76.14
58.37
114.3
117.9
104.7
94.25
106.1
31.94
73.24
32.64
39.14
137.4
135.6
122.5
136.4
124.9
62.0
73.21
93.6
80.32
28.04
73.24
66.7
65.54
96.5
87.27
71.84
72.29
62.87
83.48
73.24
111.7
35.18
40.74
75.74
140.6
153.4
164.0
189.1
182.7
195.6
147.4
28.04
4.863e-06
46.5
95.48
4.863e-06
28.04
73.24
64.52
78.42
91.08
39.14
104.1
84.07
62.1
73.14
74.13
28.04
73.24
50.57
39.14
74.32
69.58
41.95
79.54
50.66
28.04
73.24
68.38
39.14
71.12
111.4
108.1
96.26
74.76
94.17
87.95
28.63
96.76
79.09
71.49
40.92
113.3
106.2
103.1
118.8
114.0
99.61
28.04
73.45
58.07
94.1
67.86
69.26
63.82
59.26
73.24
89.38
107.0
98.81
111.6
116.2
112.0
91.43
99.53
63.12
74.84
73.24
63.93
72.92
39.14
69.81
94.45
109.3
101.3
103.9
82.1
28.04
84.93
49.28
39.14
87.67
86.84
65.18
95.62
71.06
78.07
73.24
59.5
66.72
81.32
93.75
99.94
88.21
54.73
45.15
79.42
28.71
39.14
64.47
71.28
91.36
76.5
81.79
113.9
70.15
75.28
35.85
73.24
93.29
63.17
100.6
114.2
116.5
104.0
73.29
31.94
39.14
41.55
87.78
78.48
92.85
55.52
59.33
57.13
55.21
73.24
59.86
39.14
50.42
88.71
100.2
87.69
95.75
108.4
87.47
45.15
73.24
74.97
39.14
102.8
88.54
74.76
94.96
71.09
45.75
111.2
1.263e-05
54.06
39.14
73.0
141.0
139.1
154.6
146.8
177.7
146.2
146.2
67.67
73.24
56.11
92.29
159.3
137.0
147.9
159.0
141.7
51.16
52.89
43.39
73.24
72.94
98.64
121.7
93.66
105.7
111.8
92.39
34.63
102.3
34.63
73.24
82.52
114.1
134.3
124.5
107.8
144.0
106.3
80.34
39.14
88.13
49.04
39.14
77.4
71.99
64.21
67.15
87.22
56.84
64.22
59.01
28.04
53.76
87.32
90.34
89.53
95.29
79.68
50.64
75.63
75.63
46.9
52.62
73.24
28.04
73.24
89.5
39.14
123.5
88.74
84.29
110.9
81.61
63.64
56.56
85.76
40.54
110.4
87.16
123.7
114.8
125.0
123.0
138.2
130.0
130.4
63.36
84.93
68.1
73.24
78.54
83.94
75.24
96.95
41.95
43.9
73.24
28.04
69.46
64.61
74.56
72.55
108.5
65.77
50.73
81.8
50.73
51.15
73.24
28.81
104.9
45.25
39.14
95.46
87.28
99.29
103.5
86.81
7.469e-06
141.3
9.428e-06
50.19
72.7
79.9
121.0
138.6
144.6
120.3
148.5
120.3
120.3
28.04
60.44
47.11
73.24
79.42
133.8
156.0
170.1
115.6
136.4
122.3
64.32
73.24
78.19
85.66
79.77
103.6
127.2
102.3
141.0
138.1
104.2
28.81
73.24
57.3
78.66
39.14
131.2
108.4
88.93
100.8
107.2
93.64
46.45
98.32
28.04
83.58
28.04
83.58
46.45
98.32
0.0
91.65
73.24
63.08
39.14
78.65
89.62
116.5
135.3
104.1
104.0
99.34
50.45
74.46
91.75
28.04
73.24
72.36
95.17
79.03
97.99
115.0
65.4
58.48
110.5
65.47
39.14
61.08
117.8
139.3
118.1
127.4
133.4
124.1
45.15
67.44
28.04
91.48
54.27
99.41
107.3
117.7
121.6
102.4
109.2
48.77
108.0
6.475e-06
73.24
92.26
118.4
94.85
127.2
92.26
82.18
73.24
47.4
64.94
69.86
94.58
88.14
46.44
28.04
68.42
50.99
73.24
70.0
89.78
55.5
86.96
48.96
72.07
50.6
135.3
95.76
112.0
85.7
103.5
66.56
66.9
79.13
61.17
39.14
110.4
102.0
86.49
118.2
91.24
73.25
39.14
6.64e-06
80.41
155.0
112.4
225.2
120.4
162.9
162.3
168.1
180.8
180.8
28.04
73.24
46.67
80.64
84.23
83.18
63.02
93.13
66.12
77.6
39.14
65.58
95.42
69.45
83.69
80.66
55.1
34.73
5.119e-06
96.57
53.54
39.14
117.9
130.1
125.6
143.7
108.2
148.5
108.2
28.81
63.86
28.04
73.24
115.9
136.6
104.2
128.4
106.8
47.56
73.24
77.72
78.63
93.87
94.62
70.91
94.34
53.59
28.04
66.56
78.66
105.9
106.5
81.02
86.03
49.28
73.24
45.15
115.4
98.42
125.7
162.8
93.59
114.1
94.93
52.82
78.68
83.72
28.04
57.7
58.61
82.25
59.85
73.6
82.54
43.12
66.11
39.14
8.862e-06
58.15
61.72
7.309e-06
76.93
83.71
53.99
63.36
72.67
53.99
53.99
81.82
60.49
89.66
73.24
76.37
124.5
121.6
102.1
113.8
105.8
89.54
7.063e-06
73.24
91.65
73.79
138.4
148.2
125.3
163.9
125.3
45.15
73.45
47.56
73.24
113.6
135.8
103.7
106.6
91.25
47.46
73.24
4.56e-06
73.24
57.12
91.96
73.98
95.92
57.12
28.81
77.53
66.18
84.02
77.15
145.4
137.7
125.7
135.9
129.0
116.0
91.65
70.4
28.71
39.14
38.79
31.94
57.7
39.44
89.0
76.33
28.04
76.35
73.24
60.78
45.1
39.14
51.9
77.29
81.54
86.75
98.56
97.79
84.38
66.95
65.63
68.18
28.63
83.36
70.45
110.9
79.63
92.56
65.53
79.34
66.11
79.34
73.24
100.5
91.81
116.2
95.8
73.03
31.07
39.14
60.28
39.14
87.19
141.6
140.4
119.7
122.9
122.9
125.7
63.34
73.24
85.38
72.08
102.5
68.85
97.78
63.34
98.34
73.24
53.64
73.12
125.0
124.9
86.24
144.5
118.0
44.91
54.21
39.14
92.94
81.23
90.15
114.1
81.21
68.1
73.24
73.24
110.7
110.1
105.3
108.7
80.17
61.56
41.95
60.72
52.76
91.92
94.49
92.48
82.91
73.79
44.91
73.24
78.66
73.24
129.6
127.1
75.88
112.2
96.2
62.45
73.24
67.45
73.24
54.62
102.4
126.0
109.3
92.44
110.9
93.05
61.94
73.24
47.15
73.24
88.05
99.28
94.29
100.7
66.54
34.63
73.24
78.62
46.21
67.7
71.45
81.16
96.24
75.22
81.65
73.24
50.13
61.86
146.6
159.3
155.4
151.4
156.7
41.55
73.24
51.59
61.88
150.3
141.0
121.9
124.6
128.3
77.6
59.55
65.58
44.03
124.1
111.5
127.4
112.5
98.14
68.1
73.24
73.24
146.9
147.4
123.5
126.2
117.3
104.9
73.24
82.32
95.66
8.116e-06
162.9
187.0
122.5
127.5
113.8
122.5
91.65
48.96
93.38
36.78
128.2
162.5
165.6
168.1
161.1
31.62
73.24
44.02
39.14
74.65
68.7
54.65
105.0
60.77
92.34
39.14
31.07
67.63
102.7
64.53
144.9
89.03
90.13
64.0
73.24
44.91
41.95
97.73
96.77
76.03
118.9
90.71
68.09
74.61
47.14
74.62
78.91
87.34
98.49
68.09
61.64
73.24
76.37
39.14
136.8
135.4
129.4
148.6
131.7
44.91
73.24
44.91
41.95
81.86
48.73
78.79
97.78
66.19
61.26
73.24
52.76
45.1
39.14
51.15
53.29
57.7
65.74
61.45
67.81
55.91
28.04
45.25
41.95
89.82
117.8
105.0
108.8
96.21
54.98
73.24
102.6
83.36
131.0
111.8
107.0
107.2
86.85
64.36
73.24
60.91
39.14
120.9
126.8
139.5
147.6
121.8
66.02
73.24
108.2
56.25
39.14
84.32
80.66
91.24
93.57
124.7
65.1
39.14
68.1
83.36
106.5
111.7
105.2
84.42
81.43
69.5
28.04
73.24
49.29
91.65
39.14
92.36
84.86
124.7
115.4
128.2
108.8
112.3
68.04
73.24
68.04
39.14
83.72
57.7
61.06
67.81
28.04
68.97
44.03
65.58
96.97
108.2
158.6
138.5
129.4
126.2
77.44
73.24
76.44
72.76
214.0
192.8
196.9
196.3
192.7
54.42
39.14
45.07
39.14
72.87
70.99
78.75
68.53
56.6
81.51
94.16
73.24
138.0
147.8
121.2
139.0
122.3
40.31
73.24
90.3
39.14
91.49
119.4
107.2
118.2
105.5
62.0
73.24
83.9
39.14
111.2
102.3
105.6
103.5
85.69
64.39
73.24
101.0
54.22
104.1
175.5
151.9
162.2
157.4
74.11
49.47
87.05
41.95
174.7
165.3
148.6
151.9
157.9
83.29
39.14
66.75
39.14
198.6
185.4
191.0
175.3
176.5
49.15
73.24
73.98
59.35
91.8
72.93
105.6
73.98
61.95
39.14
64.74
39.14
4.383e-06
110.0
109.2
97.98
101.7
102.8
97.98
71.83
73.24
71.95
73.24
184.9
185.1
145.1
145.5
149.7
73.24
93.82
97.35
97.34
102.2
65.18
73.24
76.37
73.24
116.7
136.3
113.0
135.1
117.1
77.44
39.14
54.79
73.24
128.9
151.6
157.4
135.9
130.3
73.24
98.55
83.94
102.9
85.19
41.95
68.89
65.52
76.06
73.24
171.6
184.3
134.6
143.3
143.2
72.76
66.11
43.74
39.14
56.5
49.4
77.76
70.22
38.98
64.49
99.54
51.38
39.14
106.4
113.4
90.88
151.0
115.8
91.65
123.1
123.1
91.65
39.14
79.9
73.24
89.84
39.14
161.4
148.9
124.8
134.4
134.8
68.1
77.49
73.24
64.61
110.7
85.7
66.56
81.13
73.24
44.62
81.13
48.52
73.24
56.47
39.14
102.3
109.8
105.8
98.39
91.34
68.1
73.24
53.86
39.14
135.8
152.0
147.2
149.1
141.8
68.1
73.24
68.1
94.9
102.3
101.3
101.2
69.7
59.77
73.24
71.2
96.2
50.75
93.5
85.36
83.59
60.16
102.6
73.24
65.47
73.24
159.6
184.5
179.2
175.4
163.4
44.91
73.24
78.66
73.24
123.4
122.2
76.92
108.3
89.74
71.12
76.97
37.94
93.51
40.92
109.8
129.8
163.3
167.1
132.6
134.0
39.14
44.91
39.14
76.9
66.77
82.34
84.48
65.93
59.93
51.86
66.38
73.78
117.5
123.1
144.9
120.5
113.9
58.03
39.14
84.36
96.07
101.4
105.0
78.5
68.88
57.83
82.2
73.24
34.63
88.33
150.7
174.0
115.2
150.5
142.8
73.13
73.24
4.418e-06
59.21
73.24
140.9
154.8
150.5
151.0
133.6
133.6
62.25
73.24
56.48
73.24
82.18
108.9
74.91
113.3
82.77
108.9
39.14
60.83
39.14
64.56
126.9
122.6
116.4
70.43
130.7
121.9
68.1
69.03
54.79
41.33
139.7
139.8
159.6
154.6
141.9
45.15
61.88
69.87
41.95
130.8
120.0
119.9
115.4
113.1
52.33
73.24
57.16
72.76
192.1
161.5
162.2
161.7
165.5
68.1
73.24
56.22
36.78
47.21
59.02
74.4
69.03
44.73
85.25
41.95
93.49
73.24
149.8
157.6
155.5
157.6
150.7
85.66
39.14
68.1
73.24
83.68
89.73
99.97
61.57
48.52
74.03
73.24
3.733e-06
68.21
73.24
4.634e-06
121.0
125.0
116.6
142.7
142.9
116.6
116.6
44.91
73.24
78.66
73.24
118.6
117.0
78.75
119.9
95.06
39.14
44.91
73.24
78.69
130.4
78.69
92.68
92.31
91.04
73.24
72.93
89.26
95.09
106.1
99.07
132.9
105.8
82.64
73.24
138.7
140.8
159.2
165.9
136.6
78.07
39.14
68.1
73.24
137.2
137.0
143.2
115.6
114.4
39.14
45.86
73.24
90.35
106.6
69.27
80.97
76.93
44.91
73.24
89.5
39.14
102.8
76.93
40.58
98.77
65.73
94.47
73.24
83.0
39.14
113.0
93.61
110.1
105.1
81.11
92.69
73.24
111.1
39.14
127.7
103.8
66.77
132.3
103.4
70.12
73.24
55.71
73.24
101.2
136.0
125.4
127.8
109.7
53.86
39.14
87.42
73.24
137.4
171.8
157.5
147.7
147.2
68.1
86.91
73.24
123.2
110.7
86.18
44.91
39.14
79.98
39.14
143.6
141.5
143.5
145.0
137.7
51.73
46.78
47.88
69.94
39.14
36.01
93.53
99.93
109.3
103.1
103.9
107.0
99.62
79.34
39.14
55.36
73.24
154.4
177.8
181.9
164.4
155.7
68.0
39.14
79.47
57.9
135.8
149.1
157.6
140.5
142.9
76.71
39.14
44.91
73.24
85.81
110.1
117.8
94.91
84.72
42.73
39.14
91.58
40.92
138.1
138.6
137.0
145.8
138.7
79.33
73.24
84.22
131.2
105.1
139.4
141.9
118.0
70.26
73.24
77.55
39.14
145.6
128.2
146.8
157.2
130.4
68.89
51.86
61.71
48.61
152.6
168.5
195.1
158.2
161.4
44.02
73.24
73.24
93.69
93.88
63.72
96.49
60.02
74.04
66.0
3.15e-06
64.22
39.14
145.7
136.3
121.8
111.3
120.4
120.4
47.91
39.14
47.91
40.74
46.52
65.31
55.29
61.61
58.62
59.57
41.31
44.91
73.24
68.04
73.24
112.6
116.1
94.64
102.6
81.81
68.04
39.14
73.02
73.24
125.6
132.0
134.7
125.3
113.6
68.04
73.24
45.55
73.24
44.02
85.93
80.07
86.34
44.91
68.1
39.14
55.44
73.24
142.1
177.7
153.1
143.6
147.2
68.1
73.24
68.1
73.24
89.52
91.85
88.07
93.88
58.16
59.88
73.24
68.44
69.43
137.9
143.3
146.0
163.4
152.8
65.41
73.24
98.04
60.89
186.8
184.2
167.9
200.3
183.6
70.75
58.33
59.6
73.24
76.99
82.48
104.5
89.38
59.83
82.06
73.24
86.72
39.14
197.2
170.5
168.9
189.3
170.9
68.1
73.24
78.66
73.24
152.7
146.3
139.0
148.3
130.1
62.06
73.24
64.63
101.9
112.9
60.73
108.0
81.33
70.41
73.24
67.45
39.14
122.7
117.9
119.2
140.3
118.2
54.47
41.95
59.77
73.24
150.1
171.3
165.8
157.7
158.1
47.5
89.62
72.82
89.89
154.0
158.1
147.6
176.4
145.7
86.52
73.24
78.07
39.14
170.5
158.4
128.6
184.0
159.2
79.33
73.24
79.33
39.14
94.26
71.18
101.0
88.74
56.28
98.0
49.6
65.19
82.33
154.0
172.6
185.6
189.3
187.3
47.5
73.24
48.21
102.1
74.29
85.4
83.9
100.5
81.43
68.21
66.27
56.49
39.14
174.3
165.4
193.2
158.0
170.7
42.7
73.24
84.36
39.14
148.6
160.3
152.9
161.2
152.2
71.24
73.24
118.1
48.61
150.7
104.6
107.8
101.1
92.52
79.19
73.24
43.39
39.14
115.2
112.4
104.7
141.7
112.1
52.12
39.14
68.16
58.9
173.0
164.2
162.1
165.0
171.4
68.1
41.95
49.21
40.92
112.2
108.5
136.8
115.7
114.4
60.65
39.14
82.96
78.25
99.06
79.25
54.01
83.13
39.14
28.63
40.92
43.3
46.21
92.18
54.96
41.93
60.73
73.24
67.47
36.78
98.6
78.94
47.21
102.5
67.71
59.68
73.24
0.0
73.24
77.35
103.1
85.01
108.3
77.35
68.68
41.95
45.86
39.14
135.1
131.7
146.3
126.0
131.9
89.5
73.24
78.66
39.14
99.71
67.44
100.1
81.83
47.39
68.1
73.24
68.1
36.78
122.5
94.7
99.1
104.4
88.08
68.1
39.14
84.57
39.14
112.9
80.06
100.1
83.54
71.58
69.43
41.95
86.4
67.61
86.4
41.95
97.83
61.84
50.46
39.14
143.6
139.5
132.9
176.6
146.3
68.1
29.44
89.92
45.46
69.82
73.93
42.75
77.55
39.14
77.55
73.24
110.4
106.0
95.22
71.1
64.39
53.49
39.14
125.8
131.9
143.1
146.9
125.6
70.73
78.66
39.14
158.1
149.4
134.2
160.4
141.7
78.07
39.14
68.1
84.81
90.08
101.8
66.17
52.53
70.88
60.5
70.88
39.14
81.19
111.1
81.19
119.2
103.4
84.77
80.43
80.2
73.24
165.7
163.9
166.9
147.7
146.3
68.1
39.14
48.52
39.14
118.7
134.7
116.3
111.1
117.5
45.15
41.95
62.52
201.3
204.5
208.7
208.1
208.7
45.15
73.24
58.64
39.14
87.52
76.77
41.93
83.06
57.63
95.32
66.55
79.77
39.14
114.1
96.12
114.6
89.63
87.06
80.21
73.24
79.33
39.14
90.08
67.08
78.81
92.8
55.44
82.88
39.14
68.1
41.95
94.59
28.04
90.48
53.62
50.63
59.07
73.24
77.32
73.24
112.3
109.3
82.34
123.0
87.51
52.12
39.14
72.66
39.14
149.3
145.4
141.3
164.7
150.3
87.2
80.43
45.15
41.95
92.29
82.75
122.9
124.5
88.52
44.91
73.24
80.43
39.14
118.4
95.89
104.6
119.1
90.15
61.23
41.95
65.41
73.24
105.9
140.8
121.2
123.5
117.9
68.1
78.52
41.95
77.5
67.59
78.04
86.18
59.16
123.4
39.14
45.15
57.25
165.8
154.0
89.11
171.7
158.7
44.02
73.24
44.91
39.14
86.54
75.77
80.59
97.28
65.19
69.77
39.14
63.71
65.22
99.79
105.6
98.89
113.6
100.1
57.56
73.24
86.86
39.14
154.2
153.0
144.6
158.4
146.2
59.55
36.78
59.03
55.56
140.0
133.4
122.1
142.5
142.3
91.65
73.24
55.02
36.78
103.9
93.47
90.6
98.19
85.47
72.24
73.24
44.84
51.15
180.2
176.0
139.9
163.4
166.9
71.24
73.24
70.99
48.61
94.96
141.7
150.4
155.2
135.4
79.34
36.78
53.96
39.14
71.48
57.35
88.44
54.62
40.31
47.91
73.24
45.15
73.24
74.81
95.9
98.96
64.53
93.86
39.14
80.73
84.22
159.7
140.7
144.0
147.6
144.2
57.86
73.24
45.15
41.95
179.7
182.6
184.7
161.9
175.7
87.07
72.86
57.1
73.24
118.7
163.1
154.3
141.5
139.8
68.1
58.22
71.0
73.24
60.01
132.0
117.7
114.1
103.8
70.92
40.92
59.99
39.14
81.2
99.77
134.4
103.2
102.4
77.67
39.14
45.15
39.14
100.2
98.55
100.1
103.2
93.48
77.44
51.86
82.09
48.61
106.3
103.2
118.5
92.6
89.6
28.04
48.61
51.06
54.06
58.75
60.09
56.79
28.04
44.91
41.95
78.66
73.24
103.9
102.7
86.21
73.35
64.41
39.14
45.15
67.81
102.9
122.6
83.62
98.7
95.32
64.22
73.24
60.64
73.24
85.09
92.89
87.28
96.78
57.64
61.2
60.24
59.33
73.24
75.14
97.24
95.7
69.1
58.33
54.97
73.24
45.15
55.36
88.49
109.6
84.75
120.4
90.28
85.51
39.14
79.34
39.14
111.6
80.63
90.69
81.77
72.39
70.62
59.1
50.19
60.58
100.2
77.55
86.66
79.6
78.52
50.65
39.14
70.6
73.24
125.1
122.8
91.77
91.1
88.27
58.48
73.24
62.0
73.24
141.0
152.6
150.1
156.1
134.8
68.15
54.62
4.249e-06
52.78
41.95
103.2
107.1
116.6
120.9
107.2
107.2
91.65
39.14
45.15
73.24
96.53
121.4
108.8
82.46
84.02
70.88
48.61
64.95
67.63
129.6
149.1
146.6
138.9
143.1
68.04
73.24
78.66
41.95
85.45
60.02
80.07
86.34
44.91
55.44
72.42
77.55
73.24
110.9
109.6
107.7
86.92
95.59
63.4
41.95
55.77
66.35
127.6
116.5
139.7
133.6
124.9
44.91
41.95
66.32
73.24
123.1
144.4
130.4
124.4
116.8
68.1
36.78
88.25
62.75
79.6
49.61
48.96
62.49
73.24
91.65
150.4
149.8
132.1
161.8
135.2
70.73
41.95
45.15
73.24
73.24
41.95
90.48
41.95
64.15
40.92
109.7
85.54
110.1
88.61
87.12
62.47
39.14
76.94
44.03
138.8
125.5
129.0
110.7
117.3
98.65
57.31
52.58
119.7
41.93
123.5
103.1
49.61
48.96
60.83
89.85
89.39
82.47
87.72
86.05
85.42
50.75
59.86
28.04
59.35
145.6
140.9
159.7
148.3
149.3
121.4
85.49
92.34
39.14
172.1
134.8
76.36
158.4
140.0
78.56
73.24
76.65
39.14
144.0
125.7
153.6
149.0
122.1
91.65
64.3
89.5
73.24
167.4
149.6
149.8
132.1
130.4
70.17
39.14
66.33
65.45
122.6
112.4
107.8
131.1
120.4
75.96
67.85
86.48
40.92
110.8
85.65
118.2
113.5
88.17
28.81
39.14
39.02
135.7
95.55
198.0
171.6
177.7
180.4
183.0
185.8
28.04
73.24
50.78
72.97
119.5
102.9
89.7
106.4
93.78
64.13
148.2
43.52
94.91
73.24
161.5
163.6
177.9
147.0
154.9
159.3
64.97
46.19
99.98
93.12
39.14
235.9
209.6
198.6
197.7
225.9
192.9
49.16
76.27
7.596e-06
85.96
98.0
105.9
128.5
130.6
113.7
121.1
105.9
59.67
73.24
77.61
52.56
106.9
120.5
119.9
121.4
104.6
63.35
73.24
40.26
75.9
72.07
225.5
221.3
258.6
252.7
232.2
227.3
61.06
143.6
104.8
50.7
98.58
115.3
135.3
112.0
156.4
136.6
98.54
28.81
73.24
61.56
84.54
175.6
187.2
142.5
149.9
149.5
66.33
39.14
4.929e-06
73.24
95.8
178.8
167.4
195.0
173.4
198.6
178.8
67.18
80.43
57.25
196.3
350.8
180.7
301.5
345.3
318.9
50.45
68.6
80.34
73.24
175.9
176.6
183.9
179.4
174.2
61.59
39.14
59.1
56.69
72.06
228.9
190.5
164.0
197.9
189.2
195.2
7.667e-06
81.35
62.88
73.24
108.8
122.6
92.97
116.2
92.97
7.894e-06
67.47
53.91
39.14
112.3
108.2
100.1
110.7
100.1
98.64
99.32
28.81
73.24
136.7
151.2
109.7
110.1
131.4
31.94
81.57
63.13
44.05
73.24
42.73
152.4
164.8
143.4
146.1
158.6
153.6
146.4
98.92
79.2
72.66
68.18
88.05
87.76
112.6
95.03
53.92
48.52
73.24
77.57
56.56
169.2
147.1
137.5
140.3
127.2
55.53
143.0
127.1
80.11
73.24
214.8
208.0
182.9
223.9
207.1
187.7
51.95
84.94
60.45
83.44
149.3
158.2
139.0
127.4
136.4
49.51
152.1
28.04
73.81
248.6
208.3
254.1
223.0
239.7
89.92
169.1
46.29
39.14
95.28
90.39
119.7
156.4
83.94
64.13
73.24
51.53
91.65
84.22
98.22
194.6
186.9
185.5
227.1
218.1
186.2
188.3
45.75
41.33
28.81
49.48
213.1
212.4
195.9
201.6
197.1
47.46
104.8
28.04
65.01
140.4
140.4
157.2
155.2
136.6
72.66
169.9
100.7
85.76
73.24
186.6
193.4
240.8
138.6
217.7
206.3
105.9
93.67
61.41
73.24
153.0
134.3
144.4
107.5
139.8
34.63
91.38
67.76
39.14
160.7
154.3
159.5
180.9
151.2
46.29
71.68
83.48
105.8
153.1
155.3
124.9
136.3
119.0
28.81
116.7
28.04
195.6
230.6
131.2
209.3
236.3
219.8
35.85
39.14
49.05
80.91
78.04
94.99
112.6
103.7
89.17
108.7
93.17
54.06
70.22
0.0
115.9
88.31
141.6
93.01
112.9
88.31
6.884e-06
102.5
55.21
87.92
156.8
163.4
157.1
164.0
157.1
98.92
113.1
34.68
28.81
60.97
127.8
146.0
211.9
157.3
159.2
140.8
28.81
39.14
89.74
73.24
210.1
211.4
216.3
220.9
210.2
59.08
130.1
39.02
80.36
132.3
134.2
124.1
173.4
120.4
28.04
73.24
58.15
73.24
154.2
153.9
154.9
172.1
143.2
40.32
50.64
28.81
81.57
139.6
152.4
155.9
153.8
142.3
46.29
73.24
58.4
1.06e-05
36.78
157.5
162.5
163.8
159.3
156.5
157.5
64.42
87.38
4.455e-06
71.62
73.24
197.9
200.1
164.8
153.0
167.9
167.9
39.02
70.21
9.492e-06
73.24
108.3
127.8
112.3
127.6
108.3
68.1
73.21
80.06
39.14
214.7
192.2
159.6
168.9
176.4
41.25
39.42
39.02
73.24
64.98
173.7
186.3
163.7
158.2
160.2
160.1
45.15
152.6
28.04
73.24
84.88
156.9
166.0
157.9
163.6
136.0
163.2
59.67
56.56
54.06
39.14
193.6
188.7
181.1
165.3
178.4
67.48
81.44
28.04
62.59
167.5
169.1
162.0
180.6
176.0
39.02
39.14
93.47
49.28
73.14
211.0
229.7
239.3
236.5
255.0
221.3
91.65
73.24
118.9
98.0
41.6
259.3
247.3
197.6
208.7
199.6
215.4
59.1
73.24
79.81
129.3
84.79
148.5
137.1
139.0
159.2
143.2
131.3
38.98
96.09
43.9
78.96
131.4
155.6
130.3
112.0
128.9
28.81
73.24
28.04
157.6
47.82
120.8
168.1
115.1
130.6
146.2
124.1
28.81
39.14
53.91
92.91
118.0
167.2
182.0
178.4
161.6
164.3
164.3
41.23
59.86
64.13
39.14
124.2
133.6
160.5
155.6
142.3
31.94
73.24
48.77
39.14
141.9
140.1
146.0
166.1
138.2
32.64
92.11
44.05
83.54
199.6
217.9
186.9
204.8
191.1
70.87
39.14
45.15
64.21
66.62
170.0
157.8
165.2
195.5
174.8
162.1
49.16
73.24
8.635e-06
62.21
106.2
121.1
94.31
119.3
106.2
74.28
73.24
102.8
64.13
39.14
183.2
178.1
167.9
192.8
165.7
175.6
35.18
39.14
64.12
85.06
77.52
149.2
152.2
126.0
152.1
155.3
143.9
73.07
73.24
39.14
134.6
147.5
133.5
147.0
63.35
73.24
6.02e-06
41.33
118.3
121.8
151.6
153.7
118.3
68.89
74.83
46.29
61.83
155.8
138.5
143.8
138.6
139.0
68.42
39.14
28.04
73.24
61.81
203.7
229.0
195.4
213.1
189.5
195.7
28.81
73.24
39.14
161.2
158.0
171.8
192.3
161.2
69.42
73.45
44.12
53.44
124.6
109.5
126.8
83.35
108.4
73.78
82.28
28.04
73.24
141.9
162.7
122.5
122.5
127.7
71.34
82.56
105.9
96.5
183.2
172.6
157.2
169.6
152.4
53.64
39.14
45.75
75.74
186.0
195.2
189.9
185.2
187.2
28.81
95.94
56.24
73.24
160.0
178.1
145.2
169.3
148.7
41.55
39.14
66.53
83.53
115.6
157.2
122.8
113.6
111.9
113.9
114.6
53.03
73.24
78.97
64.57
129.5
163.5
155.7
164.9
153.0
69.78
133.1
58.5
46.23
64.33
177.5
180.8
192.4
182.8
168.4
180.3
51.04
99.54
39.02
68.33
171.9
178.7
180.4
204.0
170.9
64.38
94.73
46.67
73.24
181.1
205.7
183.6
188.5
186.5
77.28
81.07
42.36
91.07
153.9
197.4
195.6
157.4
151.7
28.81
75.82
87.35
223.3
311.9
178.0
286.5
295.6
296.8
80.07
41.33
72.76
39.14
138.9
129.0
125.9
133.6
125.9
122.9
98.64
48.9
73.24
162.6
165.6
183.7
174.0
145.2
53.52
39.14
28.81
97.06
72.81
90.59
117.9
112.7
108.6
102.7
91.64
82.88
73.24
71.13
63.27
142.4
146.5
138.2
184.4
149.5
38.59
60.77
56.65
39.14
90.71
147.8
145.2
154.0
144.9
154.5
138.8
38.98
90.89
50.38
53.85
121.5
141.6
131.3
156.7
126.3
75.39
39.14
51.05
79.13
156.8
180.1
161.1
155.1
156.6
49.04
58.07
80.45
85.69
39.14
171.0
147.6
127.6
140.3
153.4
131.1
7.015e-06
73.24
48.83
80.34
167.0
162.0
155.1
149.4
155.1
53.32
73.24
72.66
73.24
169.9
170.5
185.9
181.8
160.6
54.06
84.96
68.89
88.05
169.2
134.2
144.6
140.2
143.6
1.297e-05
39.14
61.28
81.66
150.0
212.3
216.1
207.3
211.9
201.0
207.3
66.14
73.24
31.94
70.4
126.2
133.7
115.6
118.8
114.5
28.81
79.3
121.4
47.56
73.24
122.4
144.3
127.3
141.6
147.0
120.7
45.17
39.14
5.35e-06
73.24
166.6
192.1
169.9
165.6
166.6
39.02
123.0
77.53
71.14
64.41
226.9
216.8
214.7
207.9
223.7
212.3
41.55
49.47
87.49
73.24
134.9
133.3
102.5
107.1
102.2
28.04
75.23
71.36
73.24
120.4
127.8
119.2
134.8
109.4
46.29
65.62
47.01
70.22
134.2
142.6
122.2
122.3
122.3
59.08
39.14
66.82
78.9
130.0
133.2
128.6
132.6
125.0
70.44
73.24
31.94
60.47
204.3
221.1
232.7
230.7
206.5
50.75
39.14
65.79
73.24
159.1
139.3
150.3
145.7
130.1
59.73
215.3
28.81
73.24
220.4
212.8
266.9
238.5
231.3
0.0
73.24
34.63
31.94
69.83
184.4
182.3
172.1
169.5
167.5
172.1
28.04
73.24
48.83
49.7
166.2
169.8
165.2
179.2
166.7
28.81
97.25
80.24
56.65
41.33
269.7
260.2
245.9
251.7
239.8
255.4
39.02
73.24
58.85
41.33
58.72
147.5
150.9
150.4
162.0
179.4
144.0
78.05
100.5
28.04
110.2
74.68
201.0
177.8
179.6
187.3
201.0
191.7
69.8
39.14
44.05
73.24
91.09
185.3
198.6
217.5
166.6
160.5
166.9
58.36
58.8
3.755e-06
73.24
107.5
134.9
109.2
116.1
107.5
53.64
95.5
43.65
30.7
255.9
240.0
254.7
255.7
240.2
91.13
104.7
86.6
39.14
173.8
158.7
141.9
197.0
157.7
28.81
54.4
31.94
73.24
79.48
108.7
62.95
83.94
65.4
51.38
57.7
61.7
28.81
98.13
233.0
207.8
213.4
205.2
224.8
221.4
6.754e-06
87.84
45.17
39.14
136.4
139.6
142.8
113.2
142.8
84.51
160.0
94.56
71.48
74.94
223.9
240.2
197.5
328.7
185.9
214.5
89.71
73.24
1.404e-05
39.14
156.4
163.9
160.0
164.5
156.4
45.15
87.4
90.32
73.24
161.3
144.7
118.6
135.9
106.2
68.17
57.7
92.63
86.09
193.2
187.2
215.8
209.3
213.9
83.48
49.42
49.53
73.24
190.0
205.6
138.4
166.0
171.9
87.27
39.14
40.09
73.15
65.75
153.6
162.3
163.8
152.4
147.1
152.5
1.122e-05
73.24
76.0
116.4
145.5
170.8
155.9
182.8
155.9
59.1
73.24
28.04
91.43
6.847e-06
128.6
144.4
133.4
164.5
165.9
133.4
48.77
73.24
64.13
83.53
162.8
133.2
132.1
140.1
135.7
8.468e-06
69.6
60.92
79.13
87.33
87.69
59.65
85.68
59.65
53.65
63.58
46.9
67.02
93.52
86.62
106.7
69.11
73.36
70.99
46.92
89.66
73.24
72.23
46.29
79.17
151.4
162.1
161.9
168.0
148.9
142.8
33.87
39.14
59.14
39.14
92.21
95.29
96.42
102.4
90.93
80.02
39.14
95.62
28.04
88.61
186.7
221.7
180.9
167.2
213.7
174.5
82.7
81.03
64.1
73.24
153.9
160.4
178.0
159.7
144.6
53.64
39.14
64.85
41.33
112.8
230.1
195.1
173.4
214.9
195.2
202.1
49.05
73.24
28.04
41.33
97.22
104.1
110.1
130.4
97.19
74.65
73.24
90.35
76.22
25.53
137.1
169.8
151.2
156.5
164.1
154.4
47.46
73.24
70.12
108.3
159.6
150.2
181.5
199.5
168.4
1.053e-05
73.02
41.73
39.02
73.24
231.0
236.9
213.8
223.2
218.3
213.8
77.12
74.36
56.11
48.83
111.3
214.6
246.5
204.4
206.8
220.0
214.8
64.13
41.33
55.66
149.0
77.71
228.7
167.7
220.4
223.0
210.7
210.4
31.94
39.14
54.7
73.24
34.68
120.3
144.0
117.4
112.0
120.3
113.6
75.84
73.24
49.51
76.49
149.5
163.4
198.5
184.6
148.6
83.48
39.14
8.281e-06
39.14
144.8
158.6
146.6
141.6
144.8
58.15
41.33
49.69
39.14
44.84
209.0
201.1
199.1
191.8
197.7
201.8
68.89
72.49
47.39
73.24
153.9
155.1
180.4
188.8
155.9
83.68
39.14
7.676e-06
45.15
80.06
78.02
105.2
106.8
76.56
67.49
67.49
46.29
210.9
71.2
73.24
149.4
168.8
139.7
290.6
144.0
42.36
39.14
60.07
87.64
84.04
159.4
156.9
151.4
166.0
135.5
152.7
86.61
39.14
68.89
99.88
70.0
215.8
213.8
187.6
170.4
180.7
184.4
38.98
70.22
45.17
82.51
109.8
125.0
112.5
143.4
114.8
125.4
116.2
67.18
73.24
4.359e-06
96.26
132.2
170.8
142.1
139.1
132.2
43.3
41.33
31.94
69.79
1.351e-05
193.4
183.4
176.8
175.2
181.8
176.8
1.264e-05
136.5
39.02
73.24
182.2
187.7
189.1
135.5
189.1
61.13
147.0
51.03
114.4
112.0
147.1
137.2
198.4
119.6
28.04
79.13
97.16
90.29
166.4
156.9
150.2
166.5
152.1
44.49
39.14
60.14
71.8
155.7
158.4
170.8
164.3
154.0
65.43
73.24
68.79
75.74
55.04
82.24
63.26
76.44
81.85
80.4
36.93
78.32
93.47
83.48
73.24
132.2
133.7
143.5
147.7
122.7
28.04
104.9
69.08
39.14
151.4
139.6
156.4
140.7
144.7
55.7
47.53
101.9
47.64
39.14
54.54
170.6
173.4
172.7
182.2
170.5
197.2
171.3
45.15
95.04
91.65
73.24
73.04
151.4
152.2
151.4
155.2
141.9
155.1
28.81
39.14
9.023e-06
43.56
82.03
188.7
185.2
182.3
185.1
189.0
189.0
32.64
195.9
50.92
118.3
218.9
237.9
223.6
144.5
216.9
28.04
73.24
77.12
39.14
118.4
97.22
67.83
92.79
78.49
49.04
121.6
28.81
39.14
1.972e-05
228.2
229.8
213.7
204.1
270.4
213.7
6.437e-06
66.42
43.74
70.22
116.6
140.1
120.1
112.0
120.1
69.74
73.24
75.8
39.14
297.1
266.5
229.3
229.4
250.2
9.052e-06
69.5
87.28
72.66
121.6
187.3
211.4
197.1
209.7
207.9
197.1
60.14
55.51
64.02
47.46
73.24
218.9
230.8
203.6
199.9
210.7
204.9
59.1
76.34
7.1e-06
81.9
68.29
106.2
107.7
107.7
68.29
39.02
58.5
48.9
127.8
88.74
170.2
169.9
174.3
188.3
180.0
180.1
0.0
39.14
52.9
81.54
179.1
189.4
154.6
147.3
154.6
70.41
39.14
61.78
77.6
113.4
145.3
205.5
172.6
166.4
167.6
150.5
142.7
45.08
67.76
106.5
219.1
235.7
166.5
179.4
185.2
60.92
70.22
82.97
8.643e-06
85.49
119.7
134.4
128.2
130.2
139.9
119.7
59.54
68.1
76.35
39.14
198.4
177.1
147.7
170.3
161.6
28.81
73.24
115.7
47.56
148.8
205.8
194.9
189.7
201.1
210.9
192.0
1.657e-05
73.24
46.2
122.2
169.3
168.6
156.3
159.3
156.3
83.48
39.14
71.26
73.24
75.06
160.5
167.7
140.3
183.4
155.0
149.7
34.56
84.79
49.16
73.24
157.1
163.0
149.1
161.3
142.9
1.022e-05
83.51
63.74
85.35
54.4
179.4
143.1
147.9
131.5
164.3
147.9
62.57
39.14
68.17
86.14
184.1
217.5
187.4
209.0
195.2
76.44
73.24
31.05
28.04
64.22
151.2
157.4
194.4
175.0
152.5
154.6
31.94
73.24
41.55
46.78
188.2
198.1
216.9
237.7
202.0
45.17
59.96
64.23
33.87
39.14
155.5
159.3
147.0
144.3
155.7
154.5
28.04
90.95
51.38
39.14
211.1
208.3
179.5
213.9
191.4
74.6
73.24
7.607e-06
73.24
160.6
164.9
183.7
188.2
160.6
74.65
89.56
2.427e-05
0.0
110.2
289.3
285.0
337.2
306.4
289.3
289.3
28.04
73.24
60.75
76.71
167.8
138.6
148.2
153.4
157.6
28.04
73.24
76.19
50.57
78.55
171.1
147.2
164.5
184.6
157.6
162.1
56.79
77.35
54.06
39.14
78.25
126.7
122.5
117.9
147.7
133.0
122.9
91.65
48.61
28.04
51.86
74.63
143.2
140.2
142.1
175.3
149.4
134.7
44.84
39.14
55.53
38.48
205.4
185.9
194.1
195.1
190.2
68.3
89.19
62.18
41.95
172.9
163.7
161.3
198.3
164.2
59.36
73.24
1.067e-05
68.71
144.9
145.3
152.9
154.2
144.9
45.15
41.95
29.0
73.24
130.1
160.1
133.9
131.5
126.2
59.88
39.14
55.89
49.6
170.9
187.4
180.1
163.9
179.1
48.83
38.48
48.83
48.61
108.9
130.2
108.9
129.9
120.8
51.06
71.28
55.82
73.24
55.82
73.24
51.06
71.28
6.236e-06
51.38
71.48
50.42
39.14
148.4
163.3
161.1
167.1
151.0
60.86
39.14
66.94
39.14
162.1
178.1
196.9
176.7
173.0
45.15
42.52
59.07
73.24
102.5
127.7
110.2
103.2
101.2
60.65
41.95
65.94
91.65
38.48
161.0
138.6
152.2
145.0
128.1
137.9
81.13
73.52
50.67
76.14
138.8
125.4
129.9
142.6
125.6
70.08
39.14
70.99
49.6
110.5
89.83
105.6
84.0
72.88
70.46
73.24
1.039e-05
38.48
217.3
219.7
220.4
203.2
217.3
71.24
73.24
42.78
48.9
48.87
198.8
201.0
209.3
209.1
202.7
202.0
70.08
39.14
70.08
73.24
124.2
140.0
127.4
99.82
102.4
45.15
41.95
57.77
39.14
174.5
191.7
179.4
182.1
183.5
72.66
74.62
108.2
42.52
190.8
220.4
218.2
212.5
220.8
64.99
36.78
48.52
73.24
150.6
165.7
156.4
148.8
143.5
61.34
59.71
72.61
68.58
160.4
143.4
140.5
150.9
133.1
35.18
37.02
36.01
64.42
64.55
121.9
116.9
108.3
131.2
113.4
117.5
52.09
93.07
60.64
66.25
186.2
177.9
166.9
173.9
169.4
92.67
41.95
87.79
39.14
94.07
134.9
131.7
188.0
187.0
142.5
135.0
60.14
39.14
53.64
68.73
156.7
146.0
175.3
152.8
156.4
64.89
70.62
61.49
48.96
179.8
182.1
176.5
177.3
189.9
66.84
66.28
72.66
39.14
236.4
236.9
228.2
229.4
245.5
81.63
66.55
58.48
48.61
112.9
103.6
125.2
109.9
93.27
61.13
73.24
56.22
39.14
135.3
139.6
127.5
155.3
135.6
4.306e-06
39.14
69.43
36.78
143.4
137.8
132.1
146.8
132.1
65.58
68.67
54.02
52.89
102.3
126.1
127.6
120.5
115.1
98.53
48.96
74.12
78.14
360.8
347.6
387.5
376.6
367.8
63.73
69.99
57.62
52.67
67.1
96.9
96.75
119.8
90.46
55.94
67.58
53.64
47.87
194.3
202.6
189.8
206.2
196.7
58.24
94.47
90.13
60.25
152.3
120.5
118.6
127.9
122.5
78.49
74.43
91.65
36.78
148.8
128.6
141.6
129.7
122.4
65.73
71.99
63.0
85.16
207.7
186.1
250.9
220.8
217.7
53.64
41.95
25.76
35.8
193.0
199.9
202.7
196.1
195.3
82.18
63.41
68.92
74.38
207.8
203.4
179.4
201.8
200.9
93.62
54.95
58.9
52.65
135.2
147.3
146.3
149.6
144.1
49.15
58.66
48.61
185.6
215.5
202.3
198.4
80.55
41.95
93.94
48.96
165.5
179.8
183.0
187.2
184.4
47.21
39.14
63.94
40.74
205.5
198.2
202.8
184.2
190.3
60.81
71.02
75.68
37.41
196.2
151.5
148.7
159.0
154.8
79.46
48.61
75.55
90.17
132.9
139.4
124.2
120.4
107.3
61.92
60.81
77.89
39.14
91.22
69.77
70.58
66.1
58.11
64.15
85.41
59.32
37.91
172.5
164.5
163.3
157.1
159.4
63.77
38.48
63.77
54.62
126.2
98.28
104.5
95.86
95.93
47.21
80.89
90.3
95.64
190.7
191.7
196.2
174.3
182.7
61.39
100.3
47.79
85.64
132.3
134.2
117.2
134.7
127.0
55.53
38.48
53.39
48.61
87.46
99.82
105.2
97.41
90.44
45.46
62.42
56.45
62.28
120.0
117.0
109.4
138.3
115.6
47.21
42.52
6.333e-06
52.65
130.0
135.3
116.9
140.2
130.0
44.68
72.38
64.39
74.94
127.0
145.0
143.1
167.1
145.5
41.32
72.41
28.04
51.86
182.2
163.7
169.4
184.6
172.5
68.87
73.85
47.79
37.41
256.5
252.7
251.3
219.9
254.4
71.53
69.32
58.48
41.95
151.5
149.5
169.7
162.2
152.6
86.99
73.24
53.06
41.59
123.8
109.8
119.8
128.3
110.4
84.51
36.78
65.79
39.14
119.9
101.3
110.4
95.93
87.86
45.17
37.91
47.21
36.78
178.2
181.5
178.1
182.7
183.4
70.17
90.59
70.17
39.14
121.6
99.08
125.9
126.1
101.0
53.0
91.23
93.61
39.14
179.0
194.7
183.2
206.3
193.6
45.15
57.02
81.15
41.95
102.4
163.4
166.4
167.9
157.0
45.15
71.1
72.73
60.07
182.8
198.6
188.2
177.4
188.0
64.45
76.25
48.9
55.02
101.0
106.5
95.99
106.5
103.7
72.96
57.19
53.54
46.64
167.6
154.0
170.9
173.1
152.1
48.83
91.81
70.78
82.95
195.7
189.2
182.8
196.1
173.9
57.67
52.32
71.31
61.31
110.5
141.3
120.2
128.6
120.3
58.01
38.48
45.15
58.9
169.0
174.3
174.2
152.4
153.9
85.66
68.1
73.24
119.2
128.0
156.6
112.4
58.22
46.64
51.06
38.48
105.7
90.89
59.55
80.94
84.31
54.31
54.22
100.1
37.41
138.1
102.5
124.7
114.9
103.9
57.36
38.48
55.34
73.24
182.2
176.6
186.9
177.1
177.0
54.4
39.14
52.03
48.61
195.4
188.2
186.2
167.2
174.4
83.14
44.03
97.67
71.74
107.7
108.6
110.9
83.84
72.96
73.24
42.05
41.95
111.0
116.5
118.4
143.0
118.4
45.15
64.64
45.15
67.63
214.9
230.8
236.5
228.3
222.6
70.48
59.89
69.87
41.95
297.6
274.8
288.3
281.1
272.3
64.95
44.72
67.42
73.24
130.1
153.8
140.2
140.9
149.9
72.85
82.14
72.66
48.61
137.1
113.4
117.0
123.3
121.1
65.44
39.14
64.99
39.14
79.28
64.16
81.05
55.07
45.15
74.95
63.59
59.72
44.03
182.8
175.7
173.6
177.0
180.0
42.36
55.69
90.35
54.22
118.4
139.1
135.5
139.8
121.4
59.54
67.63
72.66
48.96
182.1
178.7
167.6
195.2
180.2
59.14
68.43
65.7
64.73
151.6
155.6
153.6
170.3
147.1
79.35
69.46
74.72
37.41
106.0
126.7
132.4
125.7
121.0
60.42
70.47
70.75
68.91
143.3
131.0
138.2
140.0
123.7
55.81
61.31
55.28
63.74
152.1
141.1
142.2
126.5
135.3
137.1
48.61
62.97
67.66
145.5
157.6
156.9
163.3
151.4
72.02
72.28
28.81
67.57
221.6
204.0
223.9
219.6
208.1
70.99
40.74
56.85
40.87
250.0
240.6
228.7
243.4
243.9
53.64
42.13
165.3
86.91
161.3
148.4
138.8
132.1
137.9
45.15
62.94
84.19
73.24
109.8
141.6
137.2
141.7
136.0
86.96
41.95
31.07
39.14
167.4
169.4
175.9
175.6
167.7
68.89
93.0
63.97
56.43
133.1
146.6
155.8
123.0
132.5
45.15
39.14
48.4
41.95
153.4
156.9
157.5
161.6
152.3
61.42
36.78
76.32
84.78
51.74
157.1
189.1
176.8
203.1
181.0
179.5
90.84
48.61
54.86
54.22
126.1
137.1
98.92
147.9
130.5
57.74
87.48
64.02
39.14
131.3
131.8
139.4
137.4
137.9
63.71
65.22
68.79
38.59
180.5
154.3
143.8
143.1
153.6
61.57
48.61
70.01
41.95
262.2
257.3
262.9
247.1
253.6
45.17
42.52
92.17
42.52
124.5
93.0
95.19
99.49
86.38
70.7
39.14
1.02e-05
38.48
125.4
134.0
147.0
122.9
125.4
45.15
41.95
62.56
41.17
160.4
161.3
171.9
171.7
168.6
41.55
39.14
60.14
38.48
108.2
121.8
116.8
118.3
116.5
73.2
39.14
63.34
39.14
141.4
118.3
109.6
124.0
116.0
60.42
39.14
47.21
51.01
68.56
77.04
80.68
63.5
57.94
65.58
61.77
68.95
39.14
134.7
113.6
131.5
118.5
113.1
99.83
52.89
68.95
39.14
147.9
123.5
94.43
142.0
124.9
48.52
72.71
54.4
62.07
180.6
166.9
178.4
169.7
179.5
1.149e-05
48.61
82.06
39.14
177.2
154.1
157.5
170.8
157.5
79.14
41.33
56.03
99.22
170.5
191.2
143.2
167.7
162.2
77.01
85.49
47.21
36.78
150.3
140.9
140.2
168.3
136.8
69.02
45.47
60.41
73.62
90.58
112.0
73.85
103.3
96.52
70.88
52.67
71.24
39.14
155.0
132.4
97.82
126.7
124.2
47.79
70.34
28.04
65.03
41.55
74.6
63.31
79.72
39.81
48.52
36.78
60.86
36.78
162.9
200.7
203.5
197.9
195.2
58.51
41.95
65.24
41.33
167.3
198.8
198.2
199.1
194.2
45.31
51.86
68.51
48.61
157.2
179.7
170.8
171.6
171.0
63.67
52.56
55.53
38.48
64.95
72.67
67.07
53.72
75.15
81.37
60.1
56.35
39.14
154.6
154.2
183.1
159.4
156.3
98.57
64.02
49.98
36.78
81.45
97.43
91.17
106.1
96.1
54.77
38.48
58.89
48.61
139.0
146.7
147.0
139.2
138.9
68.35
41.95
82.65
41.95
347.0
336.8
337.2
338.3
335.4
91.65
39.14
59.02
39.14
113.2
143.6
155.6
138.5
135.7
68.61
41.95
79.8
69.92
171.7
223.0
240.1
211.6
209.0
89.38
39.14
74.04
41.33
249.1
237.8
235.4
222.3
234.0
82.02
48.61
60.35
48.61
99.2
107.7
98.61
93.1
82.16
90.03
71.58
64.99
48.61
230.5
217.6
217.8
219.1
223.7
89.66
60.84
28.04
70.23
259.3
259.5
223.6
246.7
244.2
58.03
48.61
71.24
64.95
118.9
109.7
106.5
108.7
97.33
54.79
51.86
85.88
52.65
152.9
174.0
177.5
184.9
180.1
28.04
37.41
1.398e-05
39.14
128.4
146.4
120.8
137.0
128.4
67.96
56.31
73.22
43.85
169.5
176.3
176.9
179.8
178.8
51.1
48.61
104.8
63.41
157.5
108.8
111.4
122.1
113.8
66.6
41.59
45.74
76.8
53.56
150.6
128.6
122.4
136.9
137.1
138.1
70.11
38.48
45.15
39.14
102.6
97.83
106.3
98.54
89.06
61.13
86.58
87.03
85.62
201.3
177.7
194.9
193.4
183.2
28.04
88.0
49.06
38.48
166.8
173.3
166.2
184.5
171.9
89.25
55.94
55.33
38.48
160.3
147.8
152.6
139.8
145.8
116.4
38.48
51.06
29.44
131.3
122.3
160.5
127.8
117.6
53.64
30.7
46.75
39.14
140.6
143.7
136.0
145.2
143.0
84.25
73.24
106.3
38.48
139.9
116.1
111.4
142.8
115.0
63.96
68.59
64.39
50.1
142.8
166.6
162.7
162.6
163.1
80.26
48.61
86.19
33.35
84.36
131.0
124.6
137.5
124.3
44.93
29.44
80.36
72.61
216.7
198.8
179.2
188.1
185.4
97.4
64.46
67.74
39.14
181.2
184.7
158.7
187.4
185.9
51.13
53.14
69.62
39.14
191.8
191.0
187.0
194.9
188.8
84.36
39.14
87.72
70.22
149.2
209.0
176.8
173.6
185.6
28.04
41.95
59.54
68.24
195.3
185.1
183.6
195.6
189.9
86.13
73.24
28.81
41.95
103.8
123.7
64.75
158.8
117.3
5.752e-06
73.24
83.19
39.14
80.66
98.65
82.88
96.43
82.88
75.62
71.52
65.91
41.95
271.0
289.4
295.4
292.8
286.7
66.02
73.24
5.037e-06
36.78
132.1
132.7
123.7
163.0
132.1
51.06
48.61
48.9
68.44
77.74
105.7
90.83
88.53
77.46
60.73
47.59
78.42
83.06
204.1
195.4
197.3
187.3
183.2
75.74
48.61
70.99
73.24
183.5
188.8
143.4
157.1
148.6
66.63
41.95
70.56
48.61
198.4
191.2
193.0
189.8
190.0
91.65
36.78
91.65
62.98
205.7
179.2
198.3
182.5
179.1
95.99
73.24
85.5
41.95
181.6
180.4
159.1
207.5
177.1
70.08
55.53
90.13
73.24
223.3
227.6
242.1
207.0
240.7
79.55
36.78
61.48
39.14
74.02
126.8
137.4
119.6
111.3
45.15
41.95
44.62
41.95
249.7
247.5
243.6
242.5
241.1
57.5
41.33
28.04
41.95
188.6
180.4
180.1
189.7
181.2
46.98
39.14
80.06
63.79
200.3
193.7
188.1
178.8
179.9
47.79
49.6
114.2
39.14
203.5
188.8
198.5
196.0
195.9
55.29
52.89
63.03
44.03
109.1
107.2
116.8
123.8
108.4
45.15
41.95
66.21
41.95
143.9
135.5
139.2
131.8
127.7
51.84
39.14
67.42
60.37
170.2
166.2
185.9
163.5
170.2
28.04
51.82
5.633e-06
48.61
180.0
174.7
177.0
187.9
180.0
57.45
73.24
70.01
85.67
167.7
188.1
146.6
190.7
166.5
68.15
52.94
38.7
67.1
48.66
204.3
225.5
244.6
232.9
250.1
231.3
116.5
39.14
57.67
39.14
177.0
149.8
137.8
167.4
155.2
45.15
49.98
83.19
41.95
247.0
232.3
227.9
226.2
232.7
42.36
44.03
55.4
59.86
137.8
152.5
137.8
144.6
134.7
64.57
38.48
45.9
44.79
158.8
154.1
169.5
161.9
156.0
53.39
39.14
45.15
62.98
189.6
191.2
197.0
189.5
190.8
74.11
89.79
52.57
69.72
217.9
217.1
231.8
226.9
218.5
64.39
68.19
92.03
39.14
144.4
136.5
134.8
132.7
130.8
67.04
39.14
82.52
74.52
154.1
137.7
157.1
136.3
136.8
74.11
105.5
65.1
49.6
163.7
169.4
159.8
143.2
165.2
81.46
72.47
65.58
67.71
179.1
186.7
166.3
175.4
171.1
101.3
48.61
77.46
48.61
280.6
273.9
318.7
287.5
285.7
100.0
70.89
28.04
39.42
130.2
121.2
75.79
127.6
116.9
104.4
62.54
0.0
57.12
234.1
237.5
291.0
248.0
234.1
6.4e-06
48.61
66.83
52.09
48.61
135.4
145.4
143.2
151.1
134.2
143.2
28.04
55.47
67.17
39.14
186.8
204.4
185.3
191.8
194.2
83.07
41.33
51.68
61.56
225.0
210.4
216.1
226.5
224.3
59.11
65.42
112.9
69.3
186.9
146.3
139.3
137.1
139.2
66.32
111.9
92.17
39.14
120.2
126.6
128.4
153.0
131.8
68.29
99.53
57.51
51.86
223.1
218.7
229.9
216.1
223.6
45.66
80.56
74.88
52.67
179.0
191.1
183.3
186.1
182.6
57.62
41.95
64.04
48.61
124.0
130.7
129.6
126.6
118.7
69.45
68.43
79.11
69.89
94.72
97.38
112.3
107.9
83.62
113.4
55.47
67.05
80.12
210.1
207.1
199.4
202.3
204.7
67.8
39.14
61.94
38.48
207.5
204.6
186.8
199.7
204.1
78.07
39.14
57.87
64.93
152.0
152.7
147.6
149.9
153.2
57.5
48.61
5.979e-06
53.92
72.27
69.74
69.53
82.66
72.27
66.84
66.97
68.68
74.78
226.4
235.0
249.8
254.0
234.1
79.51
63.04
65.1
51.86
163.0
162.4
168.4
154.9
157.9
58.15
73.24
0.0
36.78
31.59
158.1
161.4
162.4
155.0
176.4
158.1
89.68
39.14
89.71
42.52
183.1
140.0
140.8
140.7
142.9
28.04
73.24
74.11
73.24
142.2
195.7
161.2
166.2
164.8
65.58
51.19
76.87
53.36
144.1
165.0
162.9
158.5
158.2
45.15
41.95
66.95
49.98
141.7
146.1
142.1
144.5
138.0
96.0
69.89
45.98
4.023e-06
41.95
79.78
85.95
107.5
114.8
89.88
79.78
62.8
39.14
71.24
48.61
170.9
158.3
156.7
169.7
157.8
54.77
61.28
60.35
58.09
183.6
174.4
181.6
179.2
178.8
68.21
41.95
58.04
74.21
111.9
132.2
141.8
154.6
146.6
6.512e-06
39.14
73.51
36.78
223.0
221.2
220.5
224.9
220.5
40.31
49.98
28.04
36.78
195.9
210.7
208.6
209.2
207.8
84.51
73.24
99.76
80.62
166.9
140.3
138.4
166.0
150.1
64.9
48.61
56.22
41.95
260.0
260.2
275.9
261.6
255.3
70.75
54.22
45.9
44.79
152.7
148.2
121.8
144.6
147.3
48.52
36.78
78.17
58.09
212.9
219.4
226.8
225.5
221.2
72.73
41.95
28.04
47.59
166.3
171.6
152.7
175.6
172.9
58.33
41.95
28.04
50.97
251.9
236.1
234.0
240.9
238.6
73.86
52.03
9.194e-06
41.45
130.5
134.0
119.1
121.5
130.5
50.42
29.44
56.27
54.22
192.8
189.0
178.9
187.0
184.6
196.5
290.6
117.4
143.9
153.0
165.1
183.0
189.6
163.2
204.6
155.9
202.7
172.7
151.4
178.0
190.2
206.5
208.2
92.65
181.1
118.9
143.0
124.6
161.0
279.2
148.2
202.8
132.8
215.5
216.4
180.6
185.0
184.3
255.7
203.1
221.2
147.2
198.7
206.7
158.1
233.3
216.7
103.5
205.3
161.6
201.9
195.8
212.2
201.8
173.8
163.1
188.3
168.0
173.4
232.0
274.8
176.7
212.4
198.3
150.3
148.3
197.0
193.1
175.7
199.5
193.8
218.9
224.0
189.5
227.2
146.7
176.0
201.3
124.2
137.0
192.3
214.5
137.0
186.3
154.4
181.9
182.3
236.6
177.1
217.4
181.0
150.6
152.5
171.4
153.5
181.5
217.6
143.4
201.7
144.6
248.9
160.3
161.3
196.0
188.9
196.9
209.7
375.9
213.1
222.8
318.7
200.1
297.5
159.1
129.3
237.8
149.2
171.8
140.6
100.4
146.6
131.3
168.5
192.0
194.4
133.3
137.6
266.9
222.4
166.8
255.9
220.2
184.0
181.1
272.7
224.6
255.6
151.4
211.7
292.4
213.9
123.9
232.3
152.5
217.4
259.1
184.5
148.5
189.3
112.5
179.1
169.1
161.3
148.7
237.8
248.3
217.4
178.3
218.8
262.2
204.0
223.4
197.3
192.5
244.1
172.0
135.7
164.7
216.6
215.1
169.3
202.7
173.4
139.2
209.9
168.6
107.4
245.8
162.7
151.4
333.9
234.3
196.9
191.2
207.5
173.6
234.8
160.7
164.0
160.9
212.3
261.8
161.0
150.2
149.8
108.0
140.8
355.9
189.9
106.4
302.7
243.9
154.3
201.8
216.3
179.7
148.9
151.8
173.3
177.3
201.6
258.5
179.8
180.2
175.0
184.3
185.8
150.5
178.3
227.1
192.0
234.7
207.3
153.8
212.6
188.7
203.1
226.5
166.7
214.4
247.8
197.4
114.1
209.1
204.4
192.5
156.9
191.4
186.7
177.9
234.6
208.3
170.3
208.1
185.3
170.0
