0.6997
0.5835
0.5943
0.1865
0.6106
0.557
1.753
0.5604
0.5828
0.5115
0.7185
0.4896
0.8378
0.5266
0.8923
0.6022
0.3884
1.69
0.3995
0.3566
0.9458
0.671
0.8207
1.066
1.066
0.7173
0.4604
0.6841
0.5329
0.6477
0.9907
0.4698
0.7644
1.035
0.5274
0.7479
1.302
0.9033
0.6781
1.107
0.6822
0.7727
0.9506
0.9081
0.6012
0.5301
0.8374
0.5552
0.5816
0.5441
0.5441
1.109
0.7561
1.115
0.8255
0.4327
0.9159
0.6936
1.178
0.6656
1.267
0.565
0.596
1.006
1.006
0.8512
0.7474
0.5106
1.202
0.4533
0.631
1.356
1.063
0.602
0.8233
1.108
0.5913
1.383
0.9085
0.8603
0.4159
1.045
0.6455
1.363
1.02
0.8708
1.326
0.7537
0.9035
0.8991
0.9661
0.5861
0.6699
1.494
1.389
1.501
0.8334
1.084
1.094
1.004
0.9806
0.8597
0.5624
0.6099
0.2937
0.8248
1.021
0.7289
0.8337
0.7487
0.7329
0.6585
1.051
1.117
0.7693
0.5464
1.204
0.9768
1.697
1.046
1.59
0.6536
0.6536
1.361
0.7257
0.6234
0.898
1.022
0.6346
1.498
0.9496
1.377
0.6096
0.6202
0.949
0.6503
1.476
1.201
0.5659
0.9195
0.6839
1.576
0.9113
2.442
1.676
0.8052
1.196
0.7513
0.7962
0.6132
1.024
1.381
0.4748
0.8746
1.168
2.139
0.6248
1.104
0.7592
0.8951
1.094
1.907
0.7648
0.7595
0.9241
0.8741
1.537
1.449
1.207
1.835
1.285
0.5452
1.184
0.6746
0.9312
1.883
1.488
0.7775
0.9313
0.8598
0.559
0.6832
1.004
0.9125
1.01
0.5534
0.7957
1.267
2.117
0.6115
0.6207
1.372
0.746
0.9506
0.9373
0.6717
0.7405
1.416
0.8761
0.7439
2.095
1.931
1.609
1.033
1.25
1.025
1.323
0.7953
0.9084
1.862
1.81
0.8744
0.7767
1.354
1.688
1.137
0.9917
1.06
1.158
1.6
1.33
2.005
0.946
1.786
2.146
1.35
0.6518
1.902
1.977
1.863
0.6784
2.226
1.359
1.09
1.318
1.763
2.0
1.694
1.177
1.2
0.5004
1.135
1.179
1.379
1.057
1.141
0.6936
1.136
0.7831
2.242
1.409
1.518
0.774
1.558
0.8578
0.7949
0.939
0.8408
1.454
2.194
0.8494
1.773
2.221
1.171
1.525
1.5
0.771
0.9298
0.7367
0.973
0.8604
1.034
1.021
1.182
2.127
1.698
1.599
1.85
0.8315
1.514
1.122
1.035
1.687
1.942
1.523
1.394
1.51
0.7441
0.6587
0.7822
0.7332
0.888
1.377
2.139
1.9
2.055
0.9758
2.151
1.075
1.045
1.416
1.068
1.116
0.9689
1.529
1.084
1.104
0.9835
2.068
2.074
0.9705
0.9338
1.53
1.144
0.9047
1.672
0.6081
1.253
0.9536
1.106
1.199
1.618
1.712
1.931
0.8893
1.245
1.698
1.892
1.312
1.486
1.355
1.244
1.967
2.145
2.068
1.832
2.134
1.683
0.8187
1.369
1.116
1.648
0.9202
1.654
2.021
1.288
1.464
1.444
0.8952
0.8905
1.948
1.105
2.234
2.177
1.565
1.879
1.268
0.944
0.8376
1.426
1.731
1.465
2.008
0.9792
1.186
2.171
2.058
1.564
0.8419
1.059
0.9722
2.159
1.741
1.199
1.457
1.939
0.7194
1.041
0.9102
1.298
1.115
1.026
0.7477
0.9822
1.257
1.313
1.295
1.974
1.408
1.109
1.507
1.009
1.303
1.086
2.02
2.17
1.084
0.8389
0.7155
1.346
1.904
1.532
1.419
1.345
1.907
1.917
2.14
1.28
1.401
1.331
1.464
1.007
1.136
0.8888
0.7892
1.248
1.503
1.567
0.9566
1.159
1.082
1.423
1.607
2.465
1.305
0.8725
2.28
2.053
1.035
0.76
1.831
1.332
1.777
1.191
0.6107
1.979
1.041
1.455
1.688
1.614
1.259
1.065
1.503
0.9872
1.087
1.231
1.612
1.166
0.9453
1.619
1.294
2.282
1.681
1.579
1.293
2.466
1.236
1.423
1.433
1.521
2.322
1.459
1.444
1.805
1.369
2.034
1.552
1.839
1.676
1.471
1.471
1.237
1.167
1.46
0.9072
1.235
1.055
1.24
1.787
0.9858
1.574
1.282
1.105
1.633
2.125
0.8083
1.445
1.491
2.049
2.152
1.717
1.675
1.3
1.624
0.4815
0.4798
0.5316
0.6699
0.4495
0.8112
0.5816
0.4074
0.9551
0.6099
0.7803
0.5887
0.7934
0.671
0.5368
0.7049
0.671
0.7593
0.3603
0.6855
0.7611
0.5351
1.066
1.0
0.7624
0.7624
0.7005
0.7005
0.7624
0.7624
0.4977
0.9033
0.7253
0.3796
0.7889
0.4894
0.5917
0.8591
1.019
0.7809
0.6844
0.4698
1.064
1.004
0.6758
0.786
1.382
0.4492
0.7843
1.812
0.4976
0.9453
0.9148
0.3701
0.7212
0.7785
0.6131
0.9062
1.057
0.7495
0.5233
0.6787
0.9794
0.4327
0.4573
0.8223
0.7847
0.9509
1.035
0.8017
0.515
1.047
0.5163
1.169
0.8947
0.8716
0.7033
0.6719
0.939
0.5896
0.4861
0.7205
1.483
2.447
1.482
0.8402
0.5848
0.8779
0.781
0.8779
0.8779
0.8805
0.5611
0.6487
0.9454
0.8155
1.288
0.8722
0.5207
0.8555
0.5861
0.8254
1.248
1.494
1.734
1.321
0.4875
1.0
1.644
0.9861
1.56
1.56
1.964
0.98
0.9973
0.5784
1.369
0.8298
1.097
0.8318
0.7284
0.5947
0.7354
0.9761
1.14
0.7155
0.7063
1.17
0.5451
0.8376
1.0
0.6503
0.8458
2.277
0.7222
0.9992
1.84
1.426
0.6124
1.049
0.5185
1.573
1.263
1.446
0.9868
1.04
0.791
0.878
0.9994
0.9443
0.617
0.7746
1.02
1.069
0.7513
0.9277
1.241
1.005
0.8529
1.096
1.421
0.6296
1.04
0.7944
1.025
0.5083
0.6194
0.9635
1.993
1.372
1.165
1.083
0.8618
1.998
0.4956
1.138
0.8557
0.9768
1.094
0.9076
1.141
0.7071
1.259
0.9905
1.481
0.9492
2.014
1.058
1.115
1.329
0.6628
1.619
0.7306
1.789
0.793
1.125
1.048
0.8871
0.5414
1.496
1.384
0.8822
1.061
1.542
1.809
1.417
1.345
1.022
1.937
0.9326
1.033
0.7373
0.8155
1.1
2.166
1.289
1.375
0.9383
1.399
0.8218
1.525
1.779
1.523
0.9351
2.198
0.8391
1.001
0.9737
1.942
1.923
1.845
1.658
2.163
1.044
0.9631
0.6124
1.098
0.9052
0.8862
1.419
1.002
0.6638
1.776
2.079
1.921
1.775
0.5402
0.9659
1.629
1.542
1.52
1.669
0.9771
0.6982
0.6171
0.7261
0.8954
2.073
1.077
2.502
1.791
1.745
1.835
2.109
0.903
0.9631
1.575
1.072
1.299
1.924
1.366
1.006
1.431
1.74
0.6839
0.8544
0.7563
0.8144
1.371
1.182
0.9469
1.082
1.018
1.308
1.101
0.722
1.053
1.134
1.76
1.277
2.16
1.625
1.264
1.831
0.8391
0.6993
1.219
1.175
0.9289
1.287
1.053
1.786
1.206
1.24
1.125
0.7843
2.195
1.721
1.303
0.9182
1.326
1.343
1.207
1.091
1.37
1.691
1.189
0.9831
1.823
1.581
1.135
0.9438
1.764
1.683
1.82
0.6247
0.9298
1.652
1.306
1.049
1.025
1.373
1.751
1.799
1.529
2.33
1.045
1.984
1.379
1.005
0.6131
0.7661
1.373
1.246
0.9753
1.584
0.8159
1.033
1.362
1.072
0.9762
2.241
0.6012
1.581
1.602
1.483
1.644
1.446
1.938
1.292
1.87
1.178
0.7212
1.487
1.925
2.405
1.791
1.165
2.086
2.364
2.229
1.479
2.335
0.951
2.848
1.765
1.574
2.379
1.077
1.319
1.312
1.896
0.6726
1.059
1.311
1.312
1.251
1.34
0.9187
1.488
0.7849
1.828
1.427
1.57
1.207
1.197
1.577
1.798
0.6982
1.459
1.677
1.286
1.264
1.289
1.215
1.04
0.9557
1.47
2.219
2.06
1.146
1.718
1.096
0.8908
1.656
2.029
2.518
1.712
1.638
1.423
1.551
0.7355
2.087
1.52
1.577
1.66
2.517
1.785
1.912
0.7834
1.417
1.416
2.284
0.8254
2.038
2.25
1.954
0.7923
1.342
1.753
1.623
1.071
1.668
2.5
0.9356
1.053
2.023
1.797
1.767
1.4
1.546
0.78
1.881
1.509
1.917
1.516
2.076
1.447
1.706
1.17
1.377
1.845
0.9254
1.555
1.739
1.468
1.382
1.061
2.17
1.225
0.6254
1.721
0.7745
1.337
0.7838
0.9928
0.8847
1.019
2.469
0.9809
0.8621
1.816
1.164
0.8546
1.152
1.381
1.192
1.405
1.317
1.678
1.986
1.498
1.421
1.816
2.278
1.675
1.288
2.132
1.81
1.04
1.388
1.748
2.149
1.444
2.059
1.731
0.4678
0.956
0.7852
1.16
0.8666
1.01
0.8006
1.129
0.7995
1.363
0.5329
0.7972
1.924
1.025
0.5087
0.8791
1.694
1.007
0.6127
1.061
1.272
0.8779
0.8657
1.254
0.496
0.7631
0.5188
0.4009
1.37
0.8205
1.062
1.122
1.155
0.6477
1.231
0.9118
0.9091
1.114
0.5951
0.6592
0.9611
1.277
0.8931
0.8989
0.9355
0.9657
1.057
0.8947
0.6042
0.8242
1.097
0.9381
0.9711
0.6634
0.8039
0.8625
0.7529
0.6014
0.5325
0.6376
1.664
1.549
0.5891
0.7865
0.6123
0.8138
0.9795
1.097
1.154
0.7726
0.4891
0.8619
0.907
1.305
1.125
0.9251
0.7428
1.116
0.6266
1.1
0.863
1.028
0.7051
0.6386
1.378
0.6792
1.294
0.8597
0.8597
1.377
0.9085
0.9571
1.277
0.8725
0.9616
1.109
0.9026
0.7252
0.6698
0.9842
1.692
1.045
0.8949
0.7651
0.7425
1.169
0.9715
0.5778
1.562
1.023
1.017
0.5908
0.4763
1.208
0.9877
1.131
1.49
0.6074
1.278
1.208
0.925
1.325
1.124
0.9538
1.309
1.198
1.259
0.904
1.266
0.8649
1.003
0.7641
1.698
0.9298
0.9308
0.9264
1.04
0.2996
1.395
1.168
1.267
1.434
0.8196
2.529
1.178
0.4225
1.13
1.998
0.4876
0.753
0.9352
0.8905
1.541
1.493
0.926
0.7486
0.5416
0.6722
1.362
0.0
1.172
0.9072
0.5493
0.4646
0.5743
1.121
0.9967
1.135
1.103
1.765
0.4554
0.8159
0.6994
1.09
0.6034
1.392
0.87
0.54
1.377
1.219
1.025
0.9878
0.8153
1.672
0.4404
1.83
1.179
0.7681
1.383
1.44
1.287
1.14
1.337
0.5768
0.7023
0.7508
1.202
0.9226
1.176
1.166
0.6721
1.352
0.8247
0.8159
0.8614
1.525
1.44
1.363
0.9357
0.7929
0.7982
0.9955
1.034
1.23
0.884
1.012
0.8206
0.7072
1.272
1.857
1.53
1.017
0.8731
0.8756
1.436
0.797
1.119
0.5742
1.681
1.579
0.8016
1.018
0.9578
0.9005
0.9351
1.054
1.366
0.6478
1.006
1.287
1.614
1.097
1.837
1.095
1.009
0.7699
0.8177
0.6422
0.7725
0.95
1.434
0.5939
1.219
0.5201
0.6372
1.206
0.7478
1.094
0.4995
0.6532
0.7978
0.8284
0.5478
2.325
0.8268
1.238
0.5912
0.9759
1.286
1.261
1.269
1.358
1.0
1.228
1.453
0.7355
0.617
0.8342
0.861
1.219
1.156
0.9693
0.8641
0.6653
0.6341
1.052
0.5429
0.5314
0.939
1.997
0.973
0.9616
0.6198
1.021
1.13
0.9939
1.657
0.8486
0.5568
1.051
1.141
1.335
0.8688
1.049
1.131
1.384
1.166
0.6445
1.399
0.5768
0.7849
0.9521
1.442
1.346
0.8416
1.187
0.8229
0.9048
0.999
0.9382
0.5939
0.7357
1.305
1.156
0.5165
1.662
1.231
1.108
0.6156
0.9317
1.18
0.8468
0.6669
1.263e-07
1.344
1.468
0.9289
0.8698
0.951
0.9717
0.564
0.79
0.8371
0.6944
0.7874
1.323
0.732
0.7514
1.39
0.7657
0.9372
1.212
0.449
1.826
0.9317
0.6318
0.5921
1.19
0.9415
0.8105
1.041
1.409
0.7274
0.8022
1.041
0.6495
0.9796
0.6344
0.8161
1.403
0.3805
0.4635
1.61
1.046
1.113
0.8297
0.8041
0.8865
1.41
1.216
1.148
1.246
1.802
0.5534
1.045
1.593
0.5235
0.7064
1.149
0.5478
0.9499
0.7217
1.205
1.019
0.551
0.5586
0.5164
1.186
0.4072
0.6509
1.392
0.8075
0.7137
0.5791
0.9008
0.5096
0.642
0.7928
1.228
0.6405
1.088
1.12
0.8808
1.002
1.099
1.175
1.501
0.49
0.7042
0.7297
0.2869
0.8929
1.593
0.4944
0.8756
1.002
1.14
1.104
0.6495
0.5541
1.091
0.8793
1.241
0.4373
1.06
0.9139
0.7711
0.7594
0.5688
0.8854
0.7339
0.7075
0.8553
1.221
1.923
0.7272
1.651
1.205
0.6339
0.3402
0.4603
0.6242
1.319
0.4767
0.6657
1.343
0.966
0.6786
0.5348
0.8489
1.183
0.9102
1.122
0.7746
0.5802
1.004
0.6149
1.152
0.7438
0.6042
1.401
0.6349
0.7001
0.5774
1.517
0.7473
0.7897
1.242
0.5812
1.153
1.076
1.532
0.7324
1.119
0.8131
1.546
0.8078
0.7848
0.497
0.914
0.7814
0.83
0.7683
1.244
0.8933
0.8246
0.8815
0.8202
1.425
0.6755
0.417
0.9162
1.541
0.4235
1.255
0.8997
0.6512
1.418
0.8825
0.6779
0.8608
1.0
0.4925
1.612
1.425
0.8682
0.5914
0.7273
0.6766
0.9933
1.153
1.159
1.502
0.8497
1.213e-07
0.8331
0.8598
0.8091
0.6632
1.165
0.5118
0.6099
1.029
1.031
0.4457
1.085
1.29
0.7114
0.3452
1.458
0.6262
1.711
0.7423
0.6127
0.8853
0.4499
1.121
0.8201
0.8783
1.067
0.8645
0.4668
2.253
0.7826
0.9914
0.6836
1.157
0.4657
0.7806
1.414
0.8499
1.034
0.6006
0.4695
0.9985
1.168
0.6186
0.9809
1.55
1.022
0.4905
0.9686
1.27
0.4608
0.9285
1.036
1.276
0.5267
1.813
0.922
0.841
1.532
1.126e-07
1.145
1.212
0.3967
0.5465
1.128
0.8616
0.9651
0.8255
0.6876
1.297
1.02
0.9961
0.7005
1.633
0.7477
0.8403
1.374
0.7307
1.109
1.335
1.379
0.6762
0.6338
0.9144
0.7836
1.466e-07
1.15
0.7869
1.047
0.5102
0.4897
0.4092
1.46
1.213
0.9817
1.595
1.031
1.17
0.9953
1.13
0.8441
0.9924
1.216
0.9121
0.7256
0.8005
0.873
1.495
0.6412
1.469
0.7166
1.251
0.6307
1.231
1.027
0.5819
0.7483
1.118
0.7762
0.7362
0.4426
0.7158
0.4646
1.052
1.003
1.424
0.8159
0.7833
1.22
0.8517
1.295
0.7257
0.3734
0.8209
1.13
0.5337
1.093
0.8408
1.392
1.086
1.453
1.477
0.6726
0.756
0.8613
0.6668
0.5351
1.049
0.7083
0.6891
0.8869
1.072
0.5419
0.7895
1.089
0.4974
0.7993
0.4272
1.032
0.453
0.4598
1.088
0.9525
0.9683
1.541
0.9622
1.418
0.6555
0.8123
1.832
1.607
0.8069
1.159
0.8145
1.074
0.8887
1.629
1.319
1.153
0.994
0.4844
1.113
0.6418
1.221
0.8107
1.448
0.6705
0.4401
0.7492
2.27
1.052
1.338
0.8215
1.036
0.9979
1.497
1.107
0.9954
0.4528
1.078
0.8044
0.9991
0.8128
0.4342
0.6616
0.4368
0.9473
1.611
0.6155
0.5926
0.9734
1.138
0.8161
1.115
0.7354
0.9112
1.036
0.7601
1.085
1.005
1.033
1.176
1.629
1.094
0.6332
0.6623
0.5822
1.214
1.147
1.321
1.054
1.129
0.7972
0.7542
1.674
0.9298
1.331
1.231
0.9741
0.9963
0.5697
0.6941
1.54
1.12
0.7971
0.805
0.6152
1.088
0.7278
0.6234
1.272
1.019
1.585
0.9159
1.173
0.982
1.354
0.7897
0.6586
1.08
1.116
0.8827
0.9492
0.8996
0.7756
0.4968
0.6047
1.467
1.199
0.828
0.9396
0.9251
0.9234
0.7259
1.327
0.4312
1.475
0.5695
0.8869
0.7772
0.8112
0.9805
1.315
1.487
0.6996
0.9885
1.107
0.7091
0.8455
1.13
0.9451
0.9419
0.4557
0.7941
1.13
0.7681
0.5875
0.7615
1.146
0.9247
1.064
1.109
1.29
0.6731
1.26
1.151
0.416
1.051
0.4192
0.7533
0.3778
0.597
0.7265
1.272
0.7916
0.5993
0.7034
1.085
0.6279
0.9499
0.9225
1.305
0.9811
0.7107
0.8267
1.265
1.442
1.102
1.176
1.255
0.8915
0.9298
1.37
1.318
1.475
0.9358
1.502
0.637
0.8673
0.73
0.4763
0.9267
0.6093
0.9313
1.07
2.02
0.991
0.6178
0.6919
0.7949
0.993
1.099
0.5971
0.8666
0.7409
1.012
1.106
1.205
1.396
0.422
1.086
0.8709
0.8357
1.309
0.6559
1.845
0.8927
1.054
0.882
1.206
0.5059
1.188
0.6773
0.9144
0.4394
1.015
0.5281
0.7026
0.4841
2.111
1.048
1.467
0.8749
0.6069
1.202
0.8832
0.7083
1.125
0.8845
1.258
0.7443
1.094
0.7206
0.875
0.5121
1.437
1.173
0.6126
1.286
1.164
0.6831
0.6078
0.9742
0.4814
0.7833
1.39
1.933
1.088
1.013
1.002
1.779
0.38
1.304
0.4821
0.6861
0.8913
1.54
0.8181
1.291
0.5192
0.9508
0.9733
1.701
0.9213
1.05
1.887
1.062
0.6379
0.6742
0.7223
0.7997
0.5833
1.002
1.524
0.9699
0.8369
1.009
1.317
1.717
0.5683
0.4741
1.149
0.7728
0.8384
1.291
0.8671
0.335
1.05
0.5093
1.589
1.045
0.9822
1.214
1.199
1.836
0.5181
0.437
0.727
0.45
1.08
1.147
0.716
0.8323
1.065
1.25
1.176
0.9314
0.5338
1.96
1.155
1.338
1.389
1.024
0.7322
0.9524
1.018
0.9775
0.7032
0.6838
0.706
1.986
0.5603
0.4322
0.0
0.7067
0.0
1.244
1.222
0.3971
0.9889
0.7189
0.2334
0.9561
0.9149
0.526
0.9078
0.5569
0.3585
0.7674
1.1
0.7831
0.7628
0.7169
0.9476
0.7674
1.028
0.6749
0.693
0.7456
1.354
0.8207
1.105
0.8705
1.302
1.011
0.3421
1.244
0.8043
0.7312
1.594
0.7546
2.228
1.044
0.7373
1.539
0.7511
0.982
0.3585
0.6251
1.234
0.3984
0.9929
0.675
2.901
0.67
0.7135
0.4057
0.7699
0.7306
0.6801
1.097
0.6708
0.0
0.6529
0.7581
0.7267
1.145
0.8135
0.5806
1.052
1.073
1.82
0.9338
1.673
0.4608
0.5167
0.5998
0.7517
1.129
1.014
0.4513
0.842
1.278
0.6139
0.7619
0.6589
0.8418
1.496
0.8355
0.8885
0.8161
0.8203
0.8493
0.5246
0.8942
0.0
1.089
0.8684
0.4716
0.5211
0.682
0.7368
1.305
0.5096
0.6999
1.715
0.6921
0.837
1.12
0.8744
0.838
0.7194
0.8221
0.4917
0.8481
0.6894
1.264
0.7783
0.982
0.7128
0.861
0.4641
0.5248
0.903
0.8195
0.648
1.264
0.9533
0.7184
1.441
0.5533
0.7212
0.5779
0.8839
0.5524
0.5472
0.7679
0.7305
0.8255
0.9217
0.6679
0.7113
1.673
0.3082
0.8164
1.193
0.724
1.736
1.033
0.6193
1.167
0.8515
0.3781
0.7589
0.6747
0.5182
1.047
1.222
0.7087
0.5042
0.6048
0.3928
0.5567
0.5299
0.5363
0.874
0.8184
0.5994
0.7224
1.669
0.198
1.144
1.089
0.7389
0.6675
0.6349
0.7826
0.8412
1.811
0.6395
1.026
0.7068
0.6297
0.6876
0.7497
0.747
0.7857
0.5756
0.4549
1.307
1.57
1.907
0.9595
0.4415
0.0
1.559
0.6162
0.8422
1.259
1.031
0.6543
0.5692
0.6055
0.302
0.9321
0.8287
0.308
0.8615
0.6089
0.5231
0.6709
0.5778
0.6805
0.7885
0.6672
1.106
1.264
1.234
0.4754
1.217
0.7325
0.4482
0.9567
1.281
0.3928
0.8942
0.6119
0.395
0.8207
0.9951
0.4613
0.9437
0.7006
0.2334
0.9619
0.6125
0.4709
0.727
0.5834
0.6543
0.9128
1.291
0.9768
1.01
1.034
0.9486
1.133
0.5998
0.5221
0.6471
1.27
0.2772
0.7783
0.8205
0.6564
1.193
1.767
0.811
0.8207
0.7342
0.0
1.145
1.294
0.6131
0.6635
0.6647
0.3796
1.437
1.14
0.2385
0.6272
0.958
0.6829
0.6567
0.5814
1.049
1.606
0.763
0.4923
1.009
0.8304
0.3928
0.5211
0.881
0.0
0.9426
0.6723
1.171
0.9662
1.385
0.4555
0.722
0.7773
0.9331
0.6976
0.6295
0.5313
1.285
0.6921
0.8382
1.096
0.7869
0.9019
0.5141
0.8347
0.5524
0.8058
1.053
0.5747
0.5151
0.9573
0.5989
0.6914
1.379
0.866
0.7201
1.08
0.3965
0.6951
1.14
0.459
0.9686
0.5431
1.316
1.003
0.9488
1.139
1.306
1.379
1.196
1.19
0.9363
1.144
0.5816
0.4215
1.441
0.6248
0.6131
1.282
0.6943
2.901
0.899
0.5706
0.7377
0.9823
0.9034
0.3044
0.9686
0.7517
0.4885
0.6506
1.369
0.996
0.6908
0.3567
0.3602
1.68
0.3221
0.417
1.568
0.8806
0.8295
0.976
0.8284
2.901
0.9577
1.321
0.6749
0.8091
0.706
0.504
1.215
0.7006
0.4788
0.6529
0.5447
0.3256
1.18
1.343
0.3866
0.9405
0.4235
0.9732
0.7396
0.6403
0.4741
0.498
0.8552
0.0
0.5417
1.564
0.6088
1.379
0.9077
0.7389
0.8611
0.8654
0.6202
0.9304
0.8047
0.743
0.753
1.169
0.5253
0.9686
0.7006
0.5843
1.559
0.8354
0.5994
1.411
0.6723
0.7389
1.021
0.9611
0.0
0.7746
1.209
0.6338
0.6371
0.7199
0.5313
1.018
0.5083
0.3306
0.8004
1.155
0.6952
0.7559
0.9169
0.6402
1.045
1.249
0.4036
0.9899
0.5341
0.5524
1.092
2.399
0.4399
0.9352
1.486
0.6748
0.9621
0.7371
0.6826
1.03
0.6415
0.5166
0.3463
1.077
0.613
0.8461
0.653
0.3628
0.6457
0.5504
0.6448
0.5138
0.3995
0.2944
0.8942
0.6099
0.522
0.9234
0.2567
0.6536
0.7544
0.5575
0.6543
0.2448
0.6035
0.3211
0.9015
0.5639
0.6229
0.4681
0.3876
0.654
0.8101
0.5164
0.5099
1.062
0.8359
0.7055
0.4865
0.6958
0.8597
0.5016
0.5316
0.9588
0.6078
0.8213
0.6505
0.5097
0.3808
0.6412
0.3203
0.3107
0.2238
0.7357
0.7083
0.7255
0.4282
0.4195
0.8214
0.3215
0.6117
0.3614
0.7279
0.9051
0.4819
0.4936
0.9046
0.9255
0.7739
0.674
0.4058
0.4662
0.4784
0.6129
0.3536
0.4399
0.2915
0.7637
0.6104
0.7127
0.7246
0.2733
0.7376
0.4906
0.5983
0.9791
0.4432
0.4411
0.4724
0.7308
0.4535
0.7121
0.3842
0.4779
0.429
0.4964
0.3645
1.023
0.4598
0.4748
0.8228
0.4729
0.8037
0.4285
1.32
0.7172
1.107
0.7313
0.6942
0.7356
0.8528
0.48
0.3651
0.5461
0.5438
0.5812
0.4269
0.7834
0.6263
0.7856
0.4373
0.6241
0.4659
0.7476
0.6417
0.4853
0.6659
0.6659
0.6274
0.4745
0.8092
0.6227
0.6877
0.8789
0.4905
0.4836
0.7601
0.4207
0.7444
0.3727
0.6052
0.886
0.5034
0.6102
0.3964
0.4753
0.4789
0.7808
0.8039
0.3835
0.6337
0.768
0.4527
0.76
0.581
0.9056
0.5279
0.6517
0.7298
0.6658
0.8614
0.336
1.158
0.7373
0.3803
0.4211
0.3278
0.7905
0.6979
0.5055
0.311
0.4631
0.4647
0.5188
0.4378
0.6276
0.5693
0.6309
0.6245
0.7417
0.3605
0.3856
0.9885
0.6036
0.6806
0.576
0.3717
0.4116
0.3933
0.4179
0.3293
0.4953
0.651
0.5391
0.602
0.5078
0.25
0.8678
0.7125
0.7567
0.5998
0.7231
0.8165
0.3649
0.8273
0.8191
0.673
0.3309
1.008
0.5761
0.7466
0.5155
0.8141
0.7295
1.004e-07
0.2886
0.567
0.7244
0.8016
0.6503
0.551
0.6716
0.3934
0.5644
0.6427
0.634
0.3946
0.9621
0.6651
0.5469
1.069
0.8313
0.5014
0.4748
0.7279
1.015
0.528
0.7066
0.6397
0.4978
0.6739
0.8179
0.5306
0.8157
0.9612
0.9013
0.5241
0.4548
0.9206
0.6905
0.4154
0.3423
0.4886
0.582
0.532
0.8192
0.4696
0.8195
0.8721
0.7429
0.9693
0.8949
0.9552
0.7396
0.5377
0.4572
0.9382
1.057
0.3384
0.6732
0.5891
0.8188
0.7223
0.9072
0.7451
0.5443
0.6688
0.6499
0.5242
0.6336
0.4626
0.7402
0.919
0.6004
0.8988
0.6017
0.3628
0.5077
0.9234
0.5832
0.4933
1.003
0.4275
1.091
0.6426
0.6316
0.4739
0.6609
0.4582
0.811
0.8558
0.56
0.6634
0.6196
0.2676
0.7324
0.6425
0.5672
0.2575
0.4725
0.8023
0.5648
0.406
0.7752
0.4871
2.075e-07
0.793
0.7639
1.041
0.484
0.5411
0.5119
0.561
0.3985
0.5759
0.8901
0.7043
0.492
1.049
0.6297
1.01
0.8396
0.6087
0.4696
0.6204
0.4982
0.7641
0.7847
0.3566
0.8061
0.6539
0.7148
0.684
0.3934
0.6233
0.5056
0.4598
0.903
0.5813
0.9836
0.6495
0.626
0.3696
0.734
0.4007
0.7138
0.8766
0.5838
0.3757
0.4153
1.18
0.5149
0.5337
0.5692
0.6574
0.5008
0.8893
0.4811
0.5937
0.8132
0.7459
0.4351
0.6205
0.4904
0.5087
0.4302
0.6621
0.612
0.388
0.6323
0.7705
0.7118
0.469
0.8779
0.5541
0.4843
0.4146
0.5988
0.9451
0.7227
0.5827
0.8222
1.593
0.2355
0.5389
0.5474
0.5349
0.4275
0.9089
0.8226
0.5152
0.4297
0.5476
0.4815
0.8295
0.5552
0.8621
0.4616
0.6626
0.8006
0.8135
0.3611
0.6179
0.473
0.5455
0.7661
0.3417
0.6449
0.478
1.049
0.6778
0.6139
0.6088
0.5425
1.109
0.4368
0.7257
0.4425
0.562
0.8869
0.5636
1.054
0.7534
0.8378
0.6909
0.386
0.8582
0.6842
0.8127
1.271
0.4096
0.7843
1.184
0.3472
0.7031
1.034
0.3712
0.5366
0.7088
0.7986
0.9467
0.3506
0.5256
0.6868
1.096
1.007
0.3807
0.6069
0.6155
0.4784
0.6804
0.8743
0.6725
0.6807
0.5907
0.5695
0.5106
0.5665
0.4089
0.6044
0.659
0.736
0.5128
0.4763
0.665
0.8252
0.8591
0.9762
0.4378
0.7315
0.4237
0.6849
0.4095
0.7048
0.3475
0.5065
0.4318
0.772
1.138
0.5425
0.647
0.7783
1.112
0.8543
0.6561
0.7655
0.9188
0.6121
0.865
0.2787
0.9548
1.006
0.4835
0.6514
0.6938
0.9153
0.7383
0.596
0.5927
0.2433
0.2972
0.2942
0.5605
0.4578
0.4895
0.2923
0.6356
0.7936
0.4901
0.5313
0.9771
0.2509
0.5285
0.6962
0.269
0.5956
1.177
0.6659
0.5243
0.6076
0.5805
0.7446
0.5368
0.3642
0.84
0.4647
0.4069
0.3678
0.2781
0.4542
0.8068
0.7953
0.5498
0.7117
0.6432
0.5096
0.5253
0.8977
0.7657
0.2983
0.5962
0.7056
0.2616
0.8027
0.53
0.6371
0.5557
0.9726
0.37
0.4173
1.004
0.6664
0.6538
0.6801
0.4484
0.5385
0.4789
0.3635
0.4837
0.8544
0.619
0.5248
0.349
1.161
0.6996
0.3412
0.6062
0.6624
0.7739
0.4937
0.3757
0.6307
0.8995
0.6041
0.3486
0.5608
0.6724
0.7563
0.829
0.5085
0.6298
0.7021
0.7121
0.576
0.4849
0.9516
0.4863
0.4523
0.6437
0.6003
0.3743
1.03
0.5824
0.4215
0.7196
0.6087
0.6091
0.4597
0.3037
0.2019
0.7952
0.8054
0.9049
0.8064
0.6204
0.6203
0.5495
0.4118
0.6518
0.3023
0.7841
0.6848
0.6043
0.3496
0.8728
0.8247
0.6389
0.3378
0.903
0.3547
0.4178
0.7908
0.6633
0.6245
0.7351
0.7188
0.4525
1.298
0.7629
0.9963
0.5248
0.9909
0.9119
0.4389
0.4945
0.4708
0.5076
0.4762
0.5383
0.5097
0.4376
0.7959
0.5148
0.4104
0.4535
0.9983
0.6576
0.35
0.6507
0.5859
0.4775
0.7164
0.4589
0.471
0.8078
0.3661
0.5123
0.1722
0.3887
0.4278
0.924
0.8273
0.5044
0.4854
0.849
0.5008
0.5607
0.3101
0.6413
0.6341
0.6933
0.8527
0.2844
0.8454
0.6382
0.4142
0.7266
0.6252
0.3269
0.4782
0.8552
0.6896
0.3698
0.5267
0.7824
0.695
0.5257
0.7642
0.4192
0.4371
0.716
0.461
0.7279
1.092
0.7765
0.4784
0.42
0.515
1.006
0.4401
0.5768
0.3099
0.7566
1.061
0.5469
0.2625
0.8176
0.4778
0.8176
1.038
0.9555
0.6959
0.4824
0.8718
0.7728
0.3006
0.7548
0.7192
0.6176
0.5163
0.4237
0.5025
0.6241
0.9144
0.7603
0.578
0.7684
0.6893
0.3192
0.5093
0.7554
0.5827
0.6397
0.6865
0.8218
0.8248
0.797
0.6379
0.5571
0.453
0.8484
0.5062
1.077
0.4482
0.5584
0.6294
1.021
0.6717
0.5667
0.746
0.8953
0.4418
0.8992
0.2794
0.8823
0.6302
0.3478
0.594
0.7871
0.9744
0.6478
0.2178
0.2896
0.9948
1.103
0.82
0.9227
0.4448
0.9786
0.5542
0.0
0.6169
0.4868
0.4633
0.5398
0.4821
0.5901
0.7002
0.8672
0.4237
0.7461
0.5237
0.766
0.4216
0.3441
0.4681
1.021
0.3801
0.6161
0.5243
0.4057
0.4876
1.159
0.5375
0.4947
0.6192
1.075
0.63
0.728
0.4719
0.5352
0.8832
0.6673
0.6378
0.8931
0.4979
0.3776
0.3036
0.4419
0.4726
0.6705
0.5628
0.6698
0.7914
0.5063
0.4253
0.3457
0.8743
0.2598
0.8209
0.6819
0.5965
0.9303
0.5673
0.5053
0.6851
0.7811
0.6796
0.8523
0.7965
0.5505
0.9983
0.8708
0.8094
0.8569
0.49
0.5395
0.7599
0.6889
0.4519
0.5717
0.6388
0.9896
0.7488
0.5682
0.5777
0.2246
0.2006
0.5213
0.5057
0.6335
0.6807
0.8244
0.4267
0.365
0.7257
0.4553
0.7521
0.6127
0.5807
0.5241
0.6435
0.8602
0.5409
0.8563
0.6494
0.4587
0.5032
0.3179
0.8979
0.5471
0.5671
0.4172
0.3996
0.5246
0.7203
0.5767
0.3555
0.9877
0.7704
0.5891
0.8619
0.2973
0.9513
0.551
0.3469
0.6921
0.5652
0.6725
0.4481
0.5738
0.602
0.6177
0.6388
0.517
0.5346
0.7079
0.7305
0.641
0.6285
0.5071
0.5404
0.9412
0.8911
0.4114
1.041
0.5001
1.022
0.3743
0.5372
0.2891
0.7892
0.9201
0.4264
0.3922
0.3826
0.8687
0.448
0.9935
0.5456
0.5956
0.3182
0.5396
0.7995
0.8864
0.6926
0.6473
0.7554
0.3407
0.6444
0.6071
0.529
0.3544
1.02
0.3333
0.8341
0.8503
0.8066
0.708
0.7051
0.5008
0.8992
0.4314
0.6024
0.3561
0.4922
0.8249
0.7419
0.2282
0.7848
0.5396
0.7765
0.5395
0.6262
0.8181
0.3075
0.3921
0.365
0.6108
0.5181
0.8272
1.019
0.3854
1.114
0.3892
0.3021
0.4437
0.4041
0.528
0.7336
0.4262
0.5994
0.513
0.3447
0.912
0.7056
1.103
0.3874
0.4316
0.4731
0.5685
0.3334
0.9957
0.892
0.4789
0.3719
0.6972
0.7554
0.6962
0.7017
1.224
0.5486
0.973
0.7992
0.8538
0.4084
0.6037
0.6908
0.5408
0.7627
0.4944
0.5008
0.8035
0.5754
0.471
1.015
0.523
0.2273
1.104
0.5366
0.3911
0.7047
0.5371
0.338
0.631
0.6763
0.4417
1.614
0.8281
0.3671
0.8054
0.6051
0.4617
1.203
0.8783
0.3117
1.254
0.7189
0.4271
0.7056
0.4667
0.4668
0.4367
0.524
0.464
1.613
1.158
0.552
0.7417
1.028
0.6244
0.772
0.6225
0.4515
1.044
0.4588
0.4041
1.001
0.7569
0.8425
0.8605
0.5994
0.9218
0.6639
0.9707
0.4041
0.6484
0.8752
0.4174
1.4
0.4722
0.8132
0.7292
0.8328
0.4701
1.079
0.5251
0.4442
1.017
0.611
0.3836
0.5384
0.5129
0.6578
0.7778
0.6943
0.433
1.263
0.5597
0.5713
0.9748
0.6289
0.3421
0.8079
0.4676
0.4174
1.3
0.3667
0.5517
1.174
0.4787
0.4496
0.8416
1.091
0.6272
0.5003
0.846
0.4234
0.8436
1.479
0.2716
0.4444
0.7129
0.302
0.4429
0.5059
0.8036
0.8925
0.4013
0.5886
0.6788
0.6941
0.2781
1.899
0.9118
0.7424
0.701
0.8787
0.5836
0.6065
0.6498
0.4647
1.15
0.5346
0.42
0.646
0.3846
0.6534
0.7015
1.143
0.3358
0.5638
1.419
0.5707
1.114
0.654
1.196
1.379
0.3866
0.3271
0.6676
0.3868
0.6237
0.6876
1.189
0.1946
0.9361
0.65
0.3969
0.9988
1.647
0.1838
0.7935
0.8054
1.318
1.043
0.583
0.3544
0.5848
0.5391
0.4895
0.6577
1.26
0.3421
1.09
0.6101
0.459
0.7641
0.5493
0.3541
1.287
0.9733
0.2602
1.007
0.8467
0.7201
0.4413
0.6725
1.203
0.8692
0.433
0.3341
0.9206
0.4593
0.4589
2.477
0.8163
0.485
0.9669
0.5539
0.4081
1.323
0.5507
0.2372
0.6956
0.6401
0.5936
1.151
0.6184
0.2976
1.052
0.4357
0.7555
1.198
0.5674
0.6823
1.136
0.4738
0.4962
0.9291
0.4975
0.3289
1.656
0.5125
0.1492
0.8913
1.667
0.3214
1.208
0.6641
0.2728
0.6549
0.6162
0.4309
0.9453
0.6348
0.7452
0.9982
0.8712
0.6611
0.9928
0.8626
0.5255
0.5514
0.4974
0.2728
0.9692
1.394
0.9615
0.809
1.181
0.7431
0.5699
0.3375
0.9136
0.9081
0.8013
1.095
0.6379
0.9826
0.9778
0.671
0.7038
0.3674
0.8023
1.233
1.258
0.5739
1.224
0.456
0.9428
0.5395
0.9757
0.4923
0.7067
0.9396
1.241
0.8945
1.102
0.5993
0.6064
1.202
1.648
0.3341
0.5697
0.4737
0.6088
0.3748
0.9537
0.9574
0.4502
0.5999
0.8063
0.3632
0.6664
1.073
0.7666
0.7158
1.142
0.9969
1.118
0.5124
1.329
0.65
1.551
1.251
0.8685
1.222
1.101
2.87
1.152
1.2
0.6513
0.6105
1.968
0.8467
1.342
1.306
0.4744
1.011
1.117
1.217
1.556
0.6896
1.412
1.399
1.661
1.036
1.019
0.855
1.144
0.8695
1.296
1.558
0.9282
0.7202
1.402
1.197
1.065
0.7776
1.071
1.32
1.001
1.84
1.348
1.063
0.914
0.3542
2.009
0.4317
1.724
1.08
0.8342
0.6687
1.278
1.3
0.7768
1.637
1.161
1.432
1.081
1.955
1.286
1.65
1.669
1.827
1.175
1.033
1.224
1.047
1.007
1.448
0.6041
1.396
1.062
1.371
0.7465
1.285
0.6521
1.378
1.653
0.5361
0.7793
1.229
1.255
3.107
1.619
0.9571
1.874
0.5465
0.8392
0.9547
1.136
0.989
0.5704
0.707
1.453
1.406
1.172
1.214
0.6838
0.6899
1.673
1.73
1.008
1.076
1.141
1.776
0.6614
0.4471
0.7453
1.674
1.059
0.586
1.092
1.881
0.7703
1.214
0.0
1.549
0.6442
0.9207
1.451
0.7747
0.749
0.6829
0.7727
0.8367
1.132
1.034
0.558
0.4896
1.201
1.658
0.9416
1.425
1.078
0.8346
2.21
1.111
1.424
1.065
1.355
1.033
0.4405
1.397
1.119
2.06
1.479
0.5965
1.244
1.586
1.965
1.289
1.666
1.311
1.326
1.412
1.853
1.65
1.068
1.108
0.6154
1.266
1.536
2.172
0.7887
1.707
0.9362
0.8798
1.059
0.7749
0.7556
0.8836
1.445
1.011
1.285
1.406
0.9255
1.184
0.5566
0.2857
1.36
1.579
0.8102
0.8064
1.15
1.066
1.713
0.5083
1.04
1.017
1.699
0.9402
1.791
1.104
0.0
1.889
0.7052
0.6404
2.214
0.8701
0.9416
2.471
1.045
1.494
1.414
1.339
0.5401
1.048
1.738
0.9051
0.7521
0.5065
1.283
1.293
1.187
1.236
2.172
0.9567
0.4022
1.231
1.53
0.6252
0.9979
0.8152
1.63
0.5877
1.665
1.346
1.337
1.575
0.8392
0.7542
0.7859
2.196
1.104
1.293
1.611
1.195
1.019
0.9804
1.181
0.0
1.088
0.813
0.5322
0.8273
1.14
1.535
1.17
1.28
1.084
1.011
1.396
1.2
0.5245
0.7408
1.312
1.412
0.9046
1.243
1.337
0.6456
1.705
1.062
1.499
1.085
0.7563
1.817
1.31
0.8438
0.8452
0.9591
1.006
0.9619
1.831
0.9356
1.684
1.002
1.133
1.221
1.516
0.7376
1.008
1.017
0.8167
1.407
2.309
1.269
1.212
0.8209
0.7943
1.156
1.224
0.8525
1.037
0.6785
0.9949
2.255
0.7557
2.23
1.471
0.9293
0.8126
1.467
1.541
0.8551
1.188
0.696
1.516
1.177
0.6278
1.39
1.274
1.671
1.172
1.136
0.7537
1.484
0.9788
1.072
0.7333
1.019
0.8383
1.126
0.9487
1.011
0.8128
1.226
1.136
0.6641
1.935
1.035
1.165
1.962
2.888
1.428
1.607
1.263
1.598
1.695
0.6111
0.9012
1.059
0.9007
0.8467
1.066
1.097
1.041
0.7393
1.59
1.003
1.648
2.032
0.5575
0.9466
1.181
1.135
0.6141
0.7378
1.024
1.637
1.206
0.7912
1.307
1.346
0.5317
0.7788
1.686
0.8382
0.8803
1.458
1.258
1.132
1.24
0.8947
0.8635
2.096
1.016
1.027
0.7919
0.5744
0.7815
2.109
1.451
0.8085
1.175
0.7667
1.379
0.8977
1.039
1.045
1.269
1.12
0.5965
0.9749
0.8052
0.0
1.481
0.6338
0.7263
1.039
1.287
0.6674
0.7164
0.9935
1.243
1.232
1.062
1.143
0.9725
0.4744
1.388
0.6164
1.314
1.194
0.6763
0.6358
0.816
1.23
1.038
0.9482
1.779
1.228
0.7691
0.9023
0.4199
1.205
0.9369
1.118
1.113
1.421
0.7477
1.256
2.625
0.7358
0.6613
1.353
0.9498
1.112
1.137
1.482
0.8563
1.552
1.419
1.377
0.9036
1.152
1.276
2.065
1.084
1.79
0.8038
0.6436
1.209
1.732
0.6962
1.095
1.296
1.853
1.348
1.964
1.136
0.8603
0.6557
1.196
1.993
0.888
1.111
0.8075
1.03
0.8125
0.0
1.934
1.145
0.951
1.097
0.8338
0.8314
0.6363
0.626
1.133
0.5632
0.7467
1.283
1.033
1.183
1.016
1.565
1.05
1.108
0.8419
0.9923
0.5719
1.048
0.4188
1.283
1.105
1.264
1.594
1.789
0.6083
0.9804
0.872
1.611
0.6745
1.1
0.7721
1.312
0.5912
0.8842
1.889
0.3782
1.061
1.547
0.9696
1.31
1.281
1.017
1.202
1.26
1.439
1.463
0.8513
1.344
1.594
1.24
0.9167
1.075
1.219
1.509
1.696
0.7033
0.9012
1.157
1.104
1.301
1.166
1.213
1.085
1.243
2.096
0.6713
1.07
0.3291
1.114
1.135
1.828
1.048
0.7897
0.9997
0.8132
0.9514
1.847
1.133
1.527
1.47
0.7123
1.251
1.426
0.9582
1.01
1.982
1.473
0.9465
0.7348
1.14
1.093
1.143
1.584
1.871
0.7459
2.051
0.8399
0.9981
1.317
0.8805
1.151
0.5165
0.8375
1.391
1.177
1.704
1.063
0.5557
1.261
1.475
1.496
1.397
1.056
2.087
1.291
1.408
1.033
1.064
1.467
0.7798
0.9778
0.7643
0.6665
0.6328
1.438
0.8724
1.346
0.4722
1.047
0.9782
1.147
0.6546
0.498
0.9493
1.24
1.652
0.7728
1.598
1.072
0.9414
1.109
0.6046
1.385
0.6389
1.806
0.8225
0.8034
1.207
1.901
1.053
0.5089
1.232
1.012
0.7058
1.139
0.8263
0.7477
1.017
0.8957
0.9409
0.8601
1.171
1.28
0.4977
0.9708
1.215
1.343
1.323
0.7585
1.648
0.7515
0.9905
0.985
0.8138
0.8434
1.071
0.4147
1.633
1.637
0.8667
1.313
1.447
1.1
1.197
0.9965
1.59
1.621
1.077
1.415
0.5436
1.205
1.684
0.9373
0.6025
0.8705
1.026
1.228
1.121
1.311
1.481
1.135
0.5783
0.8836
0.9043
1.668
0.7829
0.5219
0.6737
1.326
1.214
1.142
1.314
0.6572
0.628
1.324
1.346
1.703
0.8514
1.081
0.4869
0.6983
1.319
1.257
0.7069
2.222
0.0
1.007
0.7794
1.305
0.8888
1.341
1.126
0.6686
1.176
0.8072
0.9296
1.027
1.86
0.5051
1.951
0.6812
1.026
0.7278
0.8411
0.8871
0.6067
0.9091
0.0
0.7509
0.6227
0.7606
0.2732
1.545
1.22
1.069
0.5757
0.3966
1.133
1.505
1.506
1.314
1.568
1.89
0.6635
1.097
1.03
1.251
1.042
1.719
0.6231
0.7614
1.303
1.611
0.0
1.437
0.6945
1.386
1.836
1.648
1.164
1.372
0.7514
0.8183
0.9421
1.639
1.225
0.6382
0.8089
1.423
1.685
0.9133
0.6606
0.7895
1.008
0.8376
1.537
1.027
0.663
1.126
0.5217
1.191
1.565
1.039
1.091
0.8241
1.478
0.8099
0.609
1.514
0.7177
2.194
0.9546
1.498
0.7063
0.8757
1.395
1.019
0.7592
1.047
1.837
1.248
0.9122
1.097
1.102
0.8115
0.763
0.8258
0.9731
1.856
0.4689
1.194
1.016
1.454
1.096
1.952
1.278
0.5483
1.256
0.7876
0.7704
0.5752
1.283
0.824
1.077
0.9633
1.489
1.246
1.329
0.8829
1.535
1.456
0.8262
1.188
1.477
0.0
1.331
1.2
1.708
2.012
1.43
0.8907
1.081
0.613
1.327
1.468
0.5156
0.3803
1.241
0.6729
1.919
0.4197
0.7021
1.032
0.6918
0.8786
1.808
1.471
0.5055
0.6301
1.221
1.33
0.6201
0.7116
1.197
1.485
1.53
0.9921
1.347
1.025
0.3655
1.535
1.545
1.309
1.627
1.164
2.716
1.336
0.0
0.9387
1.134
1.135
2.522
1.413
1.005
1.532
0.4531
1.139
1.524
1.002
1.219
0.6598
1.037
1.387
0.4876
0.7498
1.131
1.891
0.8694
2.164
0.7122
1.261
1.701
1.336
0.9754
0.7289
1.439
0.6656
1.211
1.157
0.9417
1.208
0.9188
0.7647
0.6364
0.7722
0.8352
1.143
1.165
0.7958
0.9874
1.408
0.607
1.206
1.331
0.7103
1.192
0.9206
1.152
0.9479
0.5371
1.287
1.165
0.6746
0.8931
0.9931
1.742
0.9333
0.6265
1.011
1.054
1.22
2.071
0.9545
1.387
1.12
1.703
0.8889
0.8905
1.011
1.109
1.814
1.261
1.699
1.253
1.3
0.9083
1.57
1.037
1.032
0.9696
0.77
0.7004
0.5993
1.446
1.028
1.176
1.82
1.568
1.131
1.119
1.025
0.6488
0.8264
1.17
0.801
0.7847
1.433
1.829
1.299
2.091
1.132
1.332
1.396
0.8932
1.668
0.6666
1.559
1.893
1.038
0.3931
1.082
0.6558
0.4516
1.104
1.032
0.3683
1.217
0.7169
0.7723
1.318
0.9392
0.991
1.143
0.8669
0.4228
1.463
0.4795
0.6309
0.8103
0.6679
0.8376
1.091
1.205
0.7038
1.037
0.8545
1.219
1.107
2.077
1.597
0.442
0.9309
0.8551
0.7691
1.019
1.172
1.175
0.4332
0.6345
0.9186
0.6579
0.682
1.02
0.8115
1.114
0.8404
2.013
0.5971
1.153
0.611
0.8441
0.9361
0.4701
1.561
0.9387
1.011
0.9776
1.128
1.004
0.8993
1.277
1.025
0.6432
1.509
0.8322
1.357
1.602
1.334
1.054
0.9694
1.557
0.6297
0.8478
1.434
0.8462
0.7273
0.7268
1.138
1.548
0.8023
0.5704
0.6762
1.087
0.7876
1.103
0.7895
0.4245
1.869
0.9614
0.8285
0.9168
0.7734
0.7001
0.687
1.289
1.453
1.11
1.017
1.068
1.518
0.7884
0.6426
1.19
1.686
1.374
0.4825
0.9855
0.8865
1.368
1.264
1.465
1.268
1.129
0.0
1.288
0.5674
0.8883
0.4927
0.8224
2.172
0.9824
1.241
1.154
0.7432
0.8925
1.569
1.261
0.9185
1.664
1.36
0.5408
0.6012
0.8076
0.9991
0.5852
1.035
1.008
1.625
1.18
0.6075
0.4741
1.343
0.9641
0.6828
2.157
0.4257
1.637
1.383
1.095
1.133
1.143
0.9181
0.5394
1.311
1.745
0.875
1.827
1.03
0.8361
0.6482
0.8936
1.343
1.881
1.348
1.816
1.157
0.4999
0.9372
1.507
0.7163
1.714
1.468
0.7295
0.942
0.8578
1.241
1.386
1.915
1.523
0.6533
0.8518
1.447
0.7579
0.724
0.7422
1.277
1.069
0.9447
1.023
0.7951
0.7266
1.106
0.6883
0.7618
1.174
1.288
0.0
1.24
1.013
1.489
0.8849
0.7435
1.32
0.7515
1.051
1.307
0.6009
1.249
1.162
1.719
0.7516
1.792
0.8607
0.8986
1.111
0.6109
0.5579
1.101
0.8301
0.0
2.231
1.894
0.5397
2.067
1.128
1.08
1.608
1.989
1.108
0.6913
0.3866
0.5653
1.27
0.4645
1.893
1.141
0.4294
1.513
0.0
0.7893
1.782
1.654
1.268
0.9877
1.251
1.211
2.121
0.4057
0.8929
1.07
0.8884
0.8327
1.714
0.7054
1.8
2.1
1.315
1.123
0.4916
0.7409
1.343
1.37
0.0
1.091
1.401
1.086
1.283
1.647
1.027
1.174
1.943
1.817
1.12
0.41
1.593
1.73
0.7218
2.108
1.462
0.0
1.243
1.058
0.8716
1.521
1.402
0.8824
1.254
0.7168
0.7939
0.6587
1.824
0.7626
2.009
0.3667
0.5008
1.807
1.279
1.331
1.17
0.9872
1.86
1.261
1.245
1.252
0.9184
1.317
0.6325
1.37
0.6383
1.538
1.681
0.6488
1.423
0.3846
1.066
1.061
0.6291
1.378
0.7233
0.7129
1.21
1.468
1.408
1.119
0.7951
1.522
0.9106
0.541
1.289
1.216
0.761
2.754
0.466
1.057
0.6568
0.5556
0.7085
1.348
1.02
0.8308
0.8808
1.35
2.181
1.802
0.9499
0.4568
0.8027
0.4879
0.2607
1.144
1.142
0.8624
0.7633
1.23
1.003
0.3548
0.3956
0.6948
0.7793
1.911
1.195
1.708
1.819
1.786
1.47
1.912
1.687
1.029
1.198
1.429
1.741
0.707
2.13
1.413
1.33
1.719
0.4694
1.453
1.247
1.109
0.6784
1.187
0.8017
1.779
1.116
1.534
1.375
1.292
1.268
1.678
0.9156
1.288
2.035
1.09
1.801
0.9475
1.25
1.491
0.8081
1.263
1.89
0.607
0.8921
0.5799
1.878
1.124
0.4635
1.307
0.9353
1.806
0.9405
2.158
1.202
0.9548
0.6137
0.4442
1.041
1.747
0.7751
0.7882
1.45
1.302
1.313
1.341
0.4921
1.811
2.015
0.8704
2.526
2.359
0.8728
1.128
1.383
1.18
0.7984
1.279
0.9711
0.9153
0.4566
1.132
1.269
1.098
0.294
1.483
0.8211
1.283
0.6202
1.862
0.0
1.582
1.175
1.283
0.8351
1.307
1.222
1.162
0.8918
0.8673
0.8659
0.9499
1.571
0.6752
0.7185
1.099
1.673
0.8644
1.066
1.152
1.819
1.331
2.066
1.481
1.309
0.9444
1.226
0.8266
1.155
1.43
0.9102
1.514
1.121
0.651
1.001
1.37
1.832
1.069
1.128
1.891
1.081
1.193
1.052
1.855
0.671
1.206
0.9177
1.003
0.8666
1.18
0.7674
1.055
1.848
1.12
0.8396
2.238
0.5271
0.5521
1.382
1.44
2.032
1.47
0.3284
0.7797
0.9258
0.8252
0.7518
0.6872
0.7706
0.9224
1.035
0.4044
0.6029
0.9616
0.9534
0.6441
1.198
1.523
1.365
0.7089
0.9286
1.39
1.169
0.9782
1.239
0.5141
1.187
1.09
1.27
0.6493
0.9635
1.049
1.378
1.488
1.294
2.204
0.782
0.7191
0.6633
1.122
1.154
0.9441
1.607
1.073
1.206
1.301
0.6113
1.088
1.984
0.9346
1.007
0.8416
1.643
1.218
0.6441
0.5717
0.7836
0.548
2.261
1.541
1.543
2.364
1.696
0.0
0.6563
1.405
0.9721
0.8714
1.234
1.864
0.8017
1.157
0.9061
2.33
1.305
0.7842
1.831
1.014
1.426
1.617
0.4448
1.746
1.098
1.774
1.123
1.217
0.7116
1.505
1.343
1.291
2.054
0.4694
0.8878
1.089
2.019
0.5095
0.6049
1.432
0.803
1.286
0.642
0.7191
2.201
0.9847
1.662
0.7625
0.8781
0.7781
1.786
1.493
0.9264
1.009
0.4247
0.577
0.6396
1.591
1.261
1.123
1.139
0.8545
0.5279
1.137
0.7098
0.8415
1.73
0.6419
0.7323
1.614
1.343
0.7412
1.902
0.7553
0.7556
2.168
1.645
1.658
1.832
1.126
1.197
0.7528
0.9794
0.6837
0.6411
1.745
1.623
1.163
2.001
0.8449
0.9815
0.4181
1.698
0.5109
0.7378
1.869
1.262
0.9015
1.336
0.5109
1.023
1.392
1.421
1.773
1.139
0.3859
1.029
1.804
1.645
1.407
1.02
0.7651
1.14
1.016
0.5698
1.197
0.9509
1.535
1.475
0.8744
1.787
1.567
1.087
1.638
1.229
0.9652
0.3771
0.9558
1.293
1.036
1.586
1.919
1.565
1.561
1.28
0.9114
0.7762
0.804
0.6337
0.9271
1.166
0.6483
1.417
0.5029
1.588
0.821
1.044
1.104
0.0
1.151
0.9504
0.9882
1.337
1.339
0.5931
0.7337
1.065
1.244
0.8469
0.8995
0.7191
1.334
1.882
0.5692
0.8557
1.608
1.887
0.899
0.6495
1.751
1.998
0.7005
0.5785
1.074
1.075
1.97
1.051
1.077
1.013
1.6
1.283
1.327
2.137
1.294
1.125
1.595
0.897
1.63
0.6268
0.3456
1.536
1.211
2.665
0.74
0.9637
0.915
0.0
0.8202
1.48
0.7586
0.6258
1.254
0.7661
1.432
0.7997
2.187
0.9363
0.6548
0.9447
0.8333
1.637
1.223
0.6852
1.126
0.5848
0.8519
0.8598
0.1756
1.41
1.646
2.068
1.224
0.6878
0.4731
1.052
0.5722
0.8339
0.7691
1.233
1.068
0.6154
1.293
1.291
1.254
0.8534
1.167
0.6387
2.023
1.018
1.544
1.53
1.354
0.8208
1.692
1.015
0.7526
2.28
1.233
0.3939
0.0
0.4229
0.6812
0.7295
0.0
0.7226
0.8211
0.0
0.5852
0.7177
0.8057
1.17
0.3627
8.276e-08
0.5012
1.104
0.6614
0.3498
1.169
0.5275
0.3667
0.708
1.215
0.8329
0.4917
0.885
0.7022
0.6696
0.7898
0.682
0.3771
1.121
0.7179
0.9788
0.9869
0.6258
0.8559
0.6792
1.274
0.78
1.504
1.029
0.7066
0.746
1.838
0.6274
1.278
0.6649
0.8157
1.221
1.386
0.6737
1.023
1.169
0.6022
1.388
1.429
0.6056
0.8666
0.739
0.7916
1.688
0.9374
1.227
1.012
1.199
0.9525
1.552
1.487
1.063
1.255
1.015
1.002
1.513
0.5441
1.119
1.322
1.724
1.131
0.7064
1.446
0.9993
1.247
1.293
0.9815
1.194
1.035
1.293
1.066
1.428
1.486
0.9854
1.828
1.135
1.296
1.106
0.4026
0.3548
0.5744
0.3266
0.9379
0.7992
0.6025
0.5637
0.4852
0.8397
0.6025
0.6162
0.7066
1.015
0.9061
0.9471
0.934
0.9339
1.257
0.9283
1.187
0.7663
1.025
1.055
0.9346
1.102
0.9062
1.019
0.897
0.9455
1.055
1.246
1.284
0.7902
1.109
1.514
1.228
1.086
1.208
1.437
0.3643
0.8692
1.268
1.047
1.633
0.7761
1.032
1.538
1.395
1.264
1.399
1.122
1.082
1.013
1.499
0.9069
1.319
0.8101
1.536
1.265
1.925
0.9134
1.046
1.193
1.284
1.116
1.364
1.901
1.293
1.668
2.088
1.3
1.494
1.92
1.224
1.359
1.175
1.397
1.086
1.493
1.145
1.083
1.223
0.9877
2.273
1.559
1.689
1.44
1.387
1.843
1.517
1.446
1.073
1.206
1.258
2.755
1.386
1.539
1.694
2.365
