3.671
1.849
0.0
3.708
5.187
1.276
0.0
1.745
7.789
2.281
2.241
4.313
4.802
12.35
0.0
1.913
3.658
3.62
2.628
5.485
1.985
4.857
7.915
3.627
10.51
2.618
3.543
4.357
4.642
5.45
4.813
0.0
5.195
3.485
6.745
4.662
5.356
1.833
2.997
5.566
3.151
5.3
7.997
4.169
2.116
1.748
8.227
7.241e-07
3.351
7.664
2.866
0.0
3.667
6.192
2.684
6.21
4.98
5.539
6.066
1.135
2.774
3.027
2.804
3.782
2.406
6.334
0.0
11.12
4.38
4.816e-07
4.481
2.67
6.729
3.82
6.498
0.0
5.297
3.038
4.562
5.104
5.733
0.0
2.116
3.792
3.345
7.563e-07
4.683
2.604
5.445
7.425
1.512
1.442
0.0
3.471
7.384
4.845
3.94
5.097
4.247
2.623
3.852
3.227
3.806
3.689
2.114
1.233e-06
4.881
6.24
2.399
6.412
1.078e-06
5.284
4.165
0.0
3.782
3.244
1.35e-06
6.285
1.702
1.738
5.164e-07
2.196
3.588
3.507
6.556
4.438
2.427
6.274
6.613
3.747
2.867
1.751
1.392e-06
5.89
10.14
3.692
3.853
6.457
0.9896
5.746
0.0
2.989
6.482
3.517
3.223
5.7
0.0
4.213
9.264
3.61
8.599
2.874
9.947
7.105
4.278
4.992
3.568
2.932
3.512
2.595
5.873
0.0
2.069
3.674
1.903
1.666
0.0
5.849
2.134
8.692
10.6
3.846
2.929
8.932
2.414
1.688
4.811
8.205
2.291
7.779e-07
2.997
2.688
2.393
6.249
6.152
5.514
1.522
2.155
5.988
7.275
3.194
4.422
12.73
4.115
7.25
0.9896
2.117
4.522
5.814
0.0
5.909
2.749
9.391
6.657
7.208
6.286
1.784
7.754
5.479
2.479
5.319
0.0
4.919
5.29
4.148
1.515
4.554
4.318
8.706
5.071
3.526
4.159
3.586
4.151
6.634
3.239
2.744
7.745
13.41
8.465
2.541
6.711
3.42
10.59
2.324
8.392
1.963
9.443e-07
1.442
0.0
2.772
0.0
4.525
4.409
0.0
1.737
4.259
6.812
6.991
5.167
2.502
2.516
3.123
3.84
2.577
7.939
3.161
4.341
2.406
8.527
5.414
1.135
5.803
0.0
1.688
5.802
7.958e-07
6.578
2.908
8.887
0.0
4.5
6.391
6.072
7.025
3.596
0.0
2.307
6.767
1.959
2.744
3.619
4.941
3.648
3.73
2.206
2.856
0.0
2.639
8.946
10.31
2.554
6.618
2.846
2.037
4.953
0.0
4.999
8.165
5.336
4.441
2.831
2.295
1.276
4.705
1.738
6.542
9.114
4.929
7.164
3.345
7.542
6.151
3.76
3.543
4.559
6.159
3.53
6.026
6.872
7.07
3.735
9.206
2.591
7.509
8.963
4.772
9.153
7.158
5.94
3.712
5.745
3.829
8.088
4.721
3.61
1.575
8.504
4.235
8.672
2.924
4.243
6.038
2.556
0.0
3.736
0.0
1.658
2.363
4.349
8.108
0.0
3.926
3.56
3.05
10.03
1.243
0.0
5.371
10.55
6.089
3.283
6.958
6.067
3.169
2.155
3.024
0.0
2.559
2.316
1.701
8.115
5.41
6.587
6.847
1.909
6.872
0.0
3.544
1.711
2.498
1.349e-06
2.161
7.31
3.784
6.625
2.255
3.67
3.989
3.727
7.107e-07
2.458
5.876
1.592
4.139
7.632
3.291
4.603
7.838
2.241
10.08
1.745
0.0
5.182
2.576
2.623
3.044
5.075
3.763
4.551
1.755
8.35
1.683
8.284
2.106
6.579
2.695
1.683
2.916
2.155
3.788
3.471
0.0
0.0
4.804
4.579
6.601
4.69
0.0
5.755
5.334
1.658
3.473
1.442
12.03
4.187
5.326
2.974
3.525
1.107
6.88
0.0
0.0
3.271
12.15
1.135
3.981
6.845
2.092
3.886
3.094
3.53
4.926
3.034
3.53
4.019
3.21
4.856
0.0
8.386
3.461
0.0
2.324
6.557
3.59
2.554
3.814
4.047
7.326
3.725
7.018
3.644
5.789
5.017
8.289
6.107
4.376
3.669
5.026
0.0
5.353e-07
7.034
8.419
2.685
8.244
6.615
7.831
0.0
2.589
4.297
7.017
11.66
4.328
2.955
1.58
2.639
2.608
0.0
5.57
1.93
0.0
4.088
0.0
3.427
1.28e-06
3.792
10.48
4.047
6.314
3.626
3.309
1.701
2.274
5.408
4.358
1.392e-06
8.264
5.173
3.357
5.558
2.265
3.642
2.613
3.596
3.385
5.224
5.672
6.223
6.513
6.295
2.699
3.65
7.211
4.828
4.933
0.0
3.706
6.08
10.82
4.123
4.76
5.653
1.243
3.451
3.128
4.534
5.308
3.761
5.214
8.39
1.606
7.107
3.83
1.506
2.595
1.701
5.589
5.056
1.438
2.158
3.394
4.694
2.961
4.736
0.0
4.55
8.882
3.958
3.506
1.642
2.767
1.982
3.959
0.0
1.784
6.669
5.183
6.598
6.704
0.0
2.562
0.0
4.731
2.882
2.48
4.248
3.773
1.998
0.0
3.734
6.77
6.976
1.849
5.272
3.678
8.901
6.03
2.197
5.429
7.07
2.819
2.82
0.0
6.473
0.0
4.093
2.951
7.264
2.135
4.441
2.497
3.655
5.38
0.0
6.207
14.91
1.784
7.534
5.65
3.588
5.873e-07
4.64
3.733
1.849
5.582
2.48
6.064e-07
8.293
5.497
4.457
2.164
0.0
0.0
4.869
4.159
0.0
5.268
6.409
6.569
4.319
4.729
8.405
2.746
5.827
4.921
3.324
4.108
4.558
5.177
2.028
0.0
6.026
7.781
2.498
5.484
6.654
4.056
0.0
2.298
2.03
5.47
4.254
4.734
4.013
3.605
3.655
6.858
1.982
5.167
3.734
3.031
0.0
3.682
8.579e-07
4.139
0.0
6.131
8.528
5.704
6.919
0.0
4.854
3.151
6.353
3.431
6.049
6.927
3.66
1.683
3.773
6.372
7.066
2.594
3.879
5.347
7.501
1.106
0.0
1.621
4.182
2.865
0.0
4.274
9.451
4.02
2.837
2.683
9.407
1.968
2.216
2.51
2.553
1.849
9.278
7.191
1.683
0.0
4.656
6.769
4.524
4.512
5.21
6.32
7.063
3.56
1.634
1.738
6.152
3.936
2.516
1.269
7.784
4.946
2.951
3.982
8.633
7.389
2.019
7.774
4.4
7.758
1.106
1.998
5.163
1.867
5.217
0.0
3.968
2.299
0.0
2.931
2.767
2.493
7.108
7.056
3.271
6.406
6.686
7.586
7.241e-07
4.074
2.284
4.987
2.546
4.666
2.332
1.453
1.738
5.249
6.725
3.294
8.392
2.847
5.914
2.687
9.029
7.958
10.85
4.229
2.519
2.624
3.215
3.416
0.0
0.0
8.705
8.218
3.99
3.439
3.65
0.0
3.117
7.383
3.834
4.11
3.787
4.302
2.106
1.714
4.442
8.887
7.34
9.406e-07
4.736
1.912
2.864
9.814
3.921
1.716
9.051
1.738
0.0
2.75
9.181
4.229
5.339
0.0
2.358
1.688
5.545
6.661
11.33
0.0
2.118
2.946
4.848
6.515
3.164
0.0
8.16
4.379
2.229
2.861
5.415
7.181
1.659
3.239
0.0
2.0
4.123
10.98
1.769
4.325
2.557
2.622
11.16
6.464
4.722
8.986
2.881
4.044
4.574
0.0
9.598
4.92
3.531
1.314
1.778
4.259
4.632
0.0
4.813
4.091
4.97
4.07
0.0
3.67
8.654
5.878
3.049
6.315
3.501
2.206
2.016
3.535
2.353
6.838
7.524
3.872
6.08
6.761
6.43
3.123
10.47
2.475
3.036
2.227
6.679
0.0
0.0
5.582
2.562
8.532
2.155
3.66
4.047
7.772e-07
6.186
1.702
1.424
3.905
6.66
8.373e-07
2.958
4.314
3.382
3.272
3.252
0.0
3.774
8.49
0.0
6.01
1.683
4.348
5.322
9.263
3.477
4.654
3.796
5.302
2.789
1.221
1.666
6.129
8.897
3.596
8.032
11.75
8.419
3.024
4.522
3.078
5.334
9.181
3.292
8.765
0.0
2.684
2.265
8.573
3.53
6.68
7.195
3.047
4.03
5.193
3.014
6.086
6.645
1.815
8.599
1.501
0.0
0.0
0.0
4.921
2.484
4.02
1.882
6.94
3.783
3.849
4.288
7.378
2.718
6.438
3.857
4.734
2.022
5.344
0.0
4.947
5.863
4.941
4.346
8.303
0.0
8.21
1.982
0.0
3.953
2.873
5.517
6.491
2.955
3.988
6.272
5.747
1.812
9.322
2.278
6.437
2.699
6.807
2.403
6.57
6.951
4.434
4.365
2.166
1.977
0.0
3.037
4.131
5.537
2.4
2.344
3.606
7.776
4.632
0.0
1.424
5.872
2.779
3.087
4.314
7.655
4.041
4.299
7.214
8.896
6.083
4.601
2.274
5.415
11.78
9.406
3.106
4.532
5.207
7.2
6.07
4.84
2.525
8.4
2.078
1.683
5.453
9.25
6.811
5.227
3.781
1.701
1.849
5.734
3.746
12.62
3.627
4.623
2.73
4.661
4.289
3.629
7.087
0.0
7.648
11.84
2.696
2.74
5.739
5.097
4.448
4.093
3.806
6.754
1.873
3.212
0.0
4.726
0.0
2.717
5.49
4.898
2.072
2.847
5.022
2.951
2.34
14.64
8.77
1.317
3.243
2.974
0.0
11.06
6.898
0.0
5.963
0.0
3.021
5.08
6.736
7.88
7.475
0.0
3.842
2.562
1.424
4.031
0.0
2.109
9.204
4.013
5.108
7.249
2.869
3.47
8.5
7.914
5.926
5.857
0.0
6.324
3.008
2.293
4.357
1.745
0.0
8.404
9.234
2.064
3.205
7.456
3.535
3.792
3.852
1.738
5.69
2.186
9.162
3.655
0.0
3.586
5.926
0.0
11.79
3.243
6.72
9.94
2.595
4.056
5.472
4.458
2.089
4.318
2.826
0.0
2.795
3.56
6.729
9.159
9.067
3.141
5.281
12.03
3.859
3.64
6.832
7.742
2.542
7.868
0.0
1.702
2.737
4.05
4.223
2.344
3.488
3.936
1.555
6.9
2.577
11.84
1.536e-06
8.697
4.856
1.683
0.0
9.88
3.775
6.213
0.0
2.873
5.08
7.05
1.827
4.407
3.591
3.248
3.477
4.486
1.802
0.0
0.0
4.544
7.412
4.524
2.662
4.139
5.37
3.8
5.383
1.958
4.085
3.758
2.584
7.089
4.865
4.584
3.938
4.473
7.2
0.0
8.796
2.216
0.0
0.0
0.0
2.685
4.313
3.378
8.83
4.144
4.813
5.473
4.158
1.688
9.128
2.443
0.0
4.056
2.638
4.194
12.27
4.194
0.0
3.356
8.231
4.73
9.861
3.01
7.197e-07
8.966
10.81
3.458
7.034
3.636
6.179
0.0
10.16
0.0
2.745
7.042
3.078
0.0
3.294
3.844
2.46
5.005
5.244
3.012
7.542
2.755
2.207
4.143
1.793
6.793
4.134
7.736
5.721
2.028
3.209
1.873
2.341
9.068
4.995
2.589e-06
4.365
1.824
8.775
3.213
8.083
4.246
1.665
3.068e-07
11.33
3.523
4.025
8.799
8.257
2.959
4.441
3.695
0.0
7.894
4.097
6.52
4.88
5.708
1.683
5.106
3.859
2.829
1.834
5.878
2.484
4.642
3.415
2.74
2.34
5.054
6.799
3.881
0.0
5.261
2.255
4.029
3.192
2.693
3.374
8.622
9.809
0.0
4.364
9.865
3.544
6.609
1.351e-06
2.351
5.805
3.391
2.881
1.701
9.372
6.068
3.358
0.0
5.222
3.876
6.069
7.349
6.91
5.262
5.15
5.32
3.626
3.909
6.184
3.167
4.73
4.319
1.849
6.202
1.107
0.0
3.223
3.896
2.161
0.0
7.43
3.37
3.99
1.889
5.944
7.947
3.324
3.017
6.715
4.584
0.0
2.61
1.442
3.165
5.409
2.23
1.784
1.501
4.696
8.587
3.616
0.0
6.886
7.58
6.736
7.995
3.661
0.0
0.0
5.544
4.827
0.0
4.312
1.281e-06
11.05
0.0
0.0
4.434
4.143
0.0
3.849
0.0
6.278
3.726
2.266
1.688
0.0
2.391
2.8
4.473
4.105
7.075
6.327
9.555
3.484
3.992
4.077
3.023
3.054
9.53
4.938
4.358
2.958
2.744
4.829
0.0
2.922
1.277
3.784
3.446
2.109
5.794e-07
6.716
8.54
3.819
3.836
0.0
1.913
4.88
4.1
0.0
4.901
4.755
2.51
8.597
3.66
3.67
12.39
2.092
3.349
0.0
1.701
4.108
9.951
2.584
3.686
2.922
1.755
8.388
6.256
3.988
1.683
11.32
7.829
0.0
8.773
5.61
6.302
4.283
3.905
3.733
8.004
5.338
0.0
1.764e-06
7.927
2.456
4.276
2.858
7.427
5.039
8.998
11.07
2.795
4.222
1.824
4.73
4.438
4.579
0.0
3.579
7.051
5.014
0.0
0.0
6.366
13.51
7.705
0.0
3.145
7.475
0.0
0.0
0.0
2.373
0.0
7.421
9.535
2.03
10.09
2.036
3.791
4.536
1.849
4.554
5.076
2.488
8.035
2.174
3.538
4.588
2.552
1.134e-06
0.0
3.333
5.219
7.543
2.03
0.0
0.0
6.08
3.124
2.683
3.929
9.629
5.661
2.239
0.0
4.208
2.296
2.951
4.817
3.27
5.474
4.148
3.857
4.878
6.419
6.151
0.0
5.564
0.0
2.037
0.0
9.004
7.247
7.935
6.511e-07
4.38
2.004
2.606
5.526
3.29
6.919
3.756
4.507
4.664
13.77
6.767
3.629
3.66
9.758
5.792
1.702
8.386
3.255
2.548
4.226
7.434
2.472
0.0
5.473
0.0
6.396
0.0
5.499
0.0
2.341e-06
4.786
5.996
4.303
6.748
6.704
4.281
6.797
4.066
5.886
0.0
0.0
3.482
3.712
5.364
8.374
3.761
5.872
10.53
8.703
0.0
5.583
6.332
3.697
6.51
9.422
6.428
0.0
4.944
4.912
3.515
0.0
2.126
2.415
1.873
5.037
1.206
4.357
3.41
4.183e-07
5.572
2.089
3.614
12.79
2.467
5.761
4.519
3.4
3.755
4.012
2.747
4.846
1.982
0.0
0.0
11.34
3.167
2.999
0.0
4.839
4.116
5.304
3.571
0.0
3.117
2.367
3.735
5.093
5.796
4.063
9.372
0.0
3.862
0.0
1.688
11.31
5.001
8.394
8.785
3.122
3.932
0.0
6.509e-07
4.13
1.701
2.23
5.336
6.145
9.77
10.47
5.672
4.042
2.229
6.327
1.982
5.461
4.223
3.667
4.882
7.338
1.849
4.221
4.181
1.946
2.377
3.781
6.542
3.059
1.107
3.512
4.289
7.555
6.637e-07
1.542
6.382
8.748
2.927
5.223
2.03
0.0
7.862
1.143
3.518
3.135
4.303
13.23
4.362
1.119
1.784
4.187
1.946
1.738
3.486
4.041
4.125
3.605
0.0
8.215
3.698
7.377
7.481
2.251
3.73
3.58
1.119
3.017
6.523
3.037
4.64
6.554
3.969
9.726
0.0
0.0
1.784
8.885
6.243
3.912
2.936
5.359
3.171
3.755
9.523
5.984
4.522
7.166
6.122
5.198
3.497
4.169
8.877
3.829
4.099
3.876
4.947
6.357
10.84
6.241
9.406e-07
1.957e-06
2.242
4.604
4.804
5.445
3.655
8.245
4.714
4.798
2.767
4.901
5.973
3.73
0.0
5.356
7.066
2.01
10.33
2.341
2.994
4.319
5.468
5.097
0.0
4.457
4.798
3.796
5.349
1.107
9.698
0.0
7.039
0.0
5.803
4.233
4.235
11.52
5.684
7.87
3.995
8.371
4.924
5.447
2.516
3.769
3.273
3.394
4.693
0.0
1.1
3.192
6.405
5.003
4.538
3.058
2.48
5.137
3.244
2.941
2.447e-06
4.04
4.458
0.0
1.683
3.215
8.615
6.002
0.0
4.376
5.352
0.0
1.683
2.053
3.438
6.738
7.493
4.946
6.0
9.86
1.769
3.908
16.1
4.063
6.702
0.0
7.502
6.962
5.923
7.58
0.0
1.342
3.791
2.046
5.324
6.321
4.73
4.435
5.112
11.48
6.948
2.519
4.174
6.761
8.784
0.0
8.082
5.285
3.488
6.0
5.285
5.04
5.476
1.701
4.434
9.32
2.236
3.677
5.686
5.486
3.425
5.703
6.217
5.89
5.511
1.742
3.619
1.701
0.0
11.42
3.321
0.0
2.751
3.338
7.041
2.989
5.345
2.428
0.0
7.087
4.418
7.275
5.174
5.96
3.785
5.271
0.0
4.023
5.989
8.23
2.932
4.781
11.26
2.01
2.546
3.163
0.0
4.371
5.973
4.409
10.55
3.306
7.031
1.536
7.419
4.424
9.88
7.356
8.499
7.699
4.707
0.0
5.655
4.236
5.4
6.882
4.897
5.371
5.861
4.167
6.148
6.958
12.19
4.617
7.2
7.04
3.583
4.548
5.211
6.997
3.836
0.0
3.919
7.04
7.576
2.239
5.308
2.155
4.417
8.008
1.35
3.152
3.924
5.854
0.0
2.34
5.933
2.0
3.223
3.588
6.702
1.889
3.249
4.305
7.779
2.486
8.457
12.47
0.0
6.609
7.373
2.737
2.207
1.276
3.051
8.437
4.969
3.682
3.369
10.54
6.056
5.93
10.49
5.645
9.332
2.558
6.115
5.554
4.585
3.427
3.726
0.0
8.348
10.23
0.0
8.157e-07
2.251
2.744
0.0
7.952
7.547
4.178
3.733
4.504
2.546
9.033
9.373
4.476
5.665
6.544
10.82
3.333
5.294
6.515
0.0
2.112
5.19
9.974
2.337
4.842
2.377
3.594
5.679
4.281
4.002
7.563e-07
2.847
1.982
0.0
5.18
9.435
0.0
4.276
0.0
5.32
0.0
1.187
8.686
5.857
6.385
2.414
2.699
0.0
3.235
4.19
1.909
0.0
7.265
1.963
1.923
6.075
7.142
13.96
0.0
3.482
0.0
3.909
1.751
4.562
7.118
4.543
5.065
9.599
0.0
5.719
2.932
0.0
8.792
10.45
10.27
5.268
1.824
6.729
0.0
4.37
2.417
1.738
5.121
3.341
7.4
4.322
4.392
3.358
1.977
3.567
7.311
6.608
3.91
7.544
5.906
3.466
1.874
0.0
1.683
3.078
2.961
0.0
4.689
4.373
0.0
12.59
2.378
7.107e-07
5.303
2.497
1.386
2.864
2.079
5.26
6.671
0.0
11.11
7.843
1.642
13.81
2.251
4.116
8.16
7.837
3.857
5.926
4.623
1.206
4.418
6.991
3.856
5.482
2.621
9.287
4.928
3.802
2.408
0.0
2.551
5.943
6.276
4.98
3.283
4.683
8.876
8.157e-07
4.237
4.999
8.68
4.078
2.538
5.831
3.973
3.215
7.204
6.757
4.125
5.722
0.0
2.653
5.972
0.0
5.193
4.13
2.688
1.683
1.716
4.455
4.398
2.419
9.141
5.118
5.156
6.692
1.702
6.584
8.191
4.054
3.585
1.666
3.91
5.602
3.572
5.512
6.611
5.965
8.085
8.09
4.295
0.0
6.434
8.072
6.823
9.902e-07
10.13
6.658
7.164
5.626
10.87
1.738
5.508
6.332
4.041
0.0
3.1
3.924
2.908
4.373
3.537
3.753
8.527
10.17
6.969
2.951
0.0
4.448
11.75
5.032
5.747
6.998
3.284
8.922
1.386
1.977
9.184
7.025
3.19
7.986e-07
3.475
0.0
0.0
3.471
8.616
7.098
2.606
3.102
12.44
2.412
4.027
4.355
3.106
5.07
4.446
5.357
6.694
2.639
0.0
0.0
6.03
5.873e-07
6.698
7.784
3.012
7.758
12.88
6.412
5.038
4.979
6.09
2.662
1.977
7.069
3.087
3.989
3.727
3.051
2.072
7.424
3.937
6.064e-07
11.92
8.63
3.285
0.0
3.148
7.866
0.0
1.701
5.775
4.577
2.946
5.472
4.51
4.614
0.0
5.472
6.562
0.0
5.886
3.4
4.148
5.999
0.0
2.297
8.698
6.345
3.809
3.106
3.226
3.581
0.0
5.509
4.313
3.562
4.379
5.801
2.157
3.83
4.078
0.0
4.536
4.061
10.58
6.274
4.724
8.332
5.709
4.589
8.37
4.491
4.072
8.641
4.944
10.8
5.371
4.405
8.524
3.016
4.471
4.887
3.539
9.036
9.159
4.044
5.304
3.122
6.571
6.092
0.0
2.858
6.95
1.156e-06
6.724
0.0
1.714
2.31
2.266
7.459
0.0
6.145
4.741
4.916
3.355
8.616
14.91
2.055
3.891
1.815
5.362
0.0
0.0
4.811
0.0
7.126
1.93
1.738
0.0
5.4
4.025
4.946
1.348
1.452
0.0
3.554
5.016
0.0
10.1
2.788
0.0
4.689
0.0
7.614
3.616
11.32
5.734
4.001
2.353
2.53
2.514
3.956
11.62
2.317
2.693
0.0
4.334
6.213
0.0
2.183
6.35
3.619
10.31
5.934
5.317
0.0
0.0
4.834
3.028
5.591
2.51
2.03
0.0
8.951
2.33
0.0
4.554
5.46
1.342
4.293
3.537
9.455
3.818
8.104
5.443
0.0
8.016
3.918
2.299
2.738
0.0
3.679
3.846
2.502
3.005
10.12
6.304
3.758
3.842
0.0
4.708
6.547
1.748
5.263
4.762
2.752e-07
7.201
3.619
13.7
8.892
4.5
6.341
5.211
4.306
3.543
0.0
9.455
1.135
3.458
2.692
11.03
7.207
1.269
0.0
2.652
2.31
3.866
3.275
3.452
9.241
4.89
11.43
0.0
2.227
4.06
1.21
4.508
3.562
1.874
5.071
7.295
5.112
4.901
9.608
4.869
1.424
8.805
3.372
1.415
2.745
2.375
3.725
2.943
8.645
4.689
4.627
6.892
4.981
2.166
2.907
1.918e-06
4.605
1.289e-06
3.465
1.958
5.314
2.829
0.0
3.728
8.865
3.82
5.272
2.936
4.617
13.77
3.24
2.654
7.153e-07
5.767
4.582
6.278
4.558
3.047
9.121
10.2
2.559
0.0
5.076
3.193
7.384
5.238
9.386
1.783e-06
4.179
2.106
7.224
6.039
2.261
0.0
5.739
3.155
7.509
5.935
2.681
2.064
3.926
2.517
10.36
4.245
3.049
2.097
4.409
11.54
4.346
0.0
7.991
5.353e-07
6.694
3.614
3.814
10.92
3.242
2.457
3.132
2.281
5.137
1.461e-06
0.0
3.952
2.72
2.791
4.422
0.0
5.051
5.43
3.406
0.0
2.752e-07
7.153
3.319
3.999
6.838
5.78
2.679
5.181
7.249
0.0
7.488
8.79
6.513
7.063
0.0
7.412
2.791
6.233
3.355
5.861
5.823
3.91
4.527
3.809
2.674
11.63
8.805
0.0
4.25
5.001
4.111
2.221
10.67
0.0
2.866
4.887
4.379
2.372
3.753
3.507
3.143
7.427
0.0
0.0
12.82
9.039
9.743
3.135
0.0
3.078
8.28
4.593
1.738
2.576
3.763
2.092
0.0
6.012
4.621
6.969
7.671
2.997
4.329
6.24
6.713
6.186
2.317
4.038
6.302
5.801
5.001
3.012
6.437
4.314
5.685
0.0
0.0
3.862
2.344
0.0
0.0
6.821
6.741
6.224
0.0
6.315
1.815
4.07
6.025
0.0
9.867
1.642
8.791
0.0
7.389
8.385
0.0
3.002
3.307
2.831
5.676
3.124
8.299
3.493
4.836
5.381
6.655
2.428
6.246
4.912
3.075
3.82
3.089
3.99
3.6
3.332
9.557
4.588
6.16
14.0
5.827
8.557
5.766
3.554
3.325
2.636
4.272
8.712
5.512
4.574
1.592
1.784
5.792
7.251
6.253
9.846
6.944
2.92
0.0
0.0
8.427
4.044
2.913
3.275
2.183
6.439
5.328
3.988
4.969
4.172
4.298
9.024
4.596
3.908
5.277
5.497
5.056
2.326
3.223
3.058
0.0
10.1
5.522
8.454
0.0
0.0
5.953
7.082
0.0
3.514
5.833
1.463
5.004
4.308
3.078
7.44
8.228
0.0
6.644
6.229
0.0
10.14
0.0
10.1
0.0
0.0
3.583
2.111
10.1
0.0
0.0
3.593
7.884
0.0
0.0
2.457
3.294
9.206
11.01
9.033
8.292
2.186
6.419
2.706
0.0
4.045
8.341
9.681
3.05
5.747
10.74
8.96
4.268
2.251
8.408
2.092
4.511
4.293
3.66
4.145
8.997
3.443
3.319
3.537
4.059
1.738
1.745
4.799
2.112
3.341
9.509
0.0
3.6
4.627
2.332
1.968
5.139
2.408
2.219
2.525
2.779
2.538
5.181
4.198
8.536
3.006
0.0
6.776
6.499
5.691
5.761
9.536
4.747
5.085
2.456
4.042
4.412
5.632
9.365
8.219
5.316
2.53
1.701
7.924
2.443
4.601
3.255
5.294
1.606
7.016
4.259
3.377
2.055
5.055
4.58
3.222
5.351
4.511
7.018
3.307
1.982
5.466
0.0
0.0
0.0
1.833
10.01
13.5
0.0
4.602
0.0
4.419
4.206
6.182
0.0
6.452
8.23
4.683
5.838
8.692
2.293
5.375
0.0
3.148
5.014
6.595
11.29
3.324
9.52
0.0
9.932
4.24
5.224
1.873
13.12
5.445
3.373
4.448
7.709
10.34
4.086
5.482
0.0
0.0
2.34
0.0
3.39
5.082
4.536
6.049
3.57
5.894
3.825
4.93
7.112
0.0
2.908
0.0
6.412
3.719
5.415
6.075
0.0
5.916
10.6
5.317
4.125
12.17
13.14
8.98
10.93
3.562
11.0
4.271
0.0
2.61
6.032
4.226
5.998e-07
3.368
4.835
3.847
7.263
4.43
2.696
7.429
1.64
3.451
0.0
0.8579
0.0
0.0
3.467
0.0
7.942
3.145
4.571
10.14
4.732
6.612
3.969
3.161
2.552
1.135
2.682
2.356
15.78
0.0
4.807
6.983e-07
1.024e-06
6.437
4.353
8.402
5.881
7.475
6.671
4.848
3.442
3.463
4.531
2.339
9.698
0.0
8.698
4.328
1.977
9.652
12.55
8.231
6.162
5.375
3.649
2.471
5.117
6.671
5.756
1.97
1.923
8.57
2.869
2.467
5.586
3.746
6.745
3.775
3.761
0.0
2.189
0.0
3.625
10.09
6.129
0.0
9.042
4.599
4.46
3.425
3.351
3.209
7.13
3.577
2.281
2.556
3.781
0.0
6.611
7.054
2.118
2.809
3.353
6.433
5.326
2.712
0.0
5.842
0.0
2.591
0.0
3.284
0.0
5.239
3.466
5.36
6.165
3.071
3.783
2.924
6.498
4.539
3.427
2.919
6.477
3.355
4.316
6.038
5.518
7.894
6.758
3.459
3.406
3.391
4.322
4.384
0.0
1.932
0.0
2.675
2.559
5.022
0.0
3.195
1.834
1.269
5.205
1.628
8.931
11.13
0.0
11.27
0.9896
0.0
2.931
1.1
1.512
2.069
6.629
4.662
2.995
0.0
3.373
6.837
15.85
7.849
6.421
0.0
4.987
6.669
4.836
4.871
0.0
5.973
6.46
5.103
3.756
0.0
3.171
8.151
4.881
4.527
4.686
6.072
4.293
1.733
10.65
5.051
4.384
6.531
5.464
0.0
9.316
9.645
6.013
0.0
2.738
0.0
8.187
0.0
4.609
4.69
5.415
5.268
6.75
1.923
2.295
4.9
0.0
3.051
5.34
0.0
3.393
11.49
8.016
3.949
10.93
4.474
1.873
4.798
6.707
0.0
0.0
6.179
5.426
8.762
1.281e-06
3.689
5.71
0.0
6.382
10.34
2.272
6.492
6.051
1.643
4.22
8.53
4.045
0.0
10.83
4.56
4.07
7.067
5.802
2.36
7.477
3.357
3.674
5.825
5.526
0.0
6.068
6.327
5.087
3.443
6.522
5.435
4.77
2.33
1.453
5.054
8.595
6.3
0.0
6.151
2.406
2.618
4.052
4.503
5.604
0.0
8.642
2.463
4.28
10.79
0.0
6.779
4.412
3.614
2.227
7.173
2.775
0.0
2.116
8.305
3.999
0.0
0.0
0.0
7.648
4.938
5.188
0.0
5.491
8.354
2.856
8.388
4.75
0.0
1.745
2.608
3.669
3.155
1.642
1.453
6.544
5.873
0.0
4.712
8.095
3.163
5.722
6.492
0.0
5.006
3.087
4.399
3.558
4.618
6.944
3.568
1.639
4.525
7.841
4.271
9.235
0.0
2.58
1.998
1.824
0.0
2.196
3.538
9.819
6.256
0.0
0.0
3.8
0.0
2.064
5.512
2.519
1.742
0.0
11.61
4.344
6.327
4.042
3.787
7.979
3.778
4.472
8.364
