0.9828
0.9689
0.9212
0.9762
0.9624
0.9815
0.9802
0.964
0.9722
0.973
1.0
0.9547
0.9841
0.9657
0.9561
1.0
0.937
0.9681
0.973
0.9912
0.9209
1.0
0.9491
0.9579
0.9747
0.9856
0.9834
0.9642
0.9802
0.9849
0.9726
1.0
0.9642
0.9343
0.9419
0.9872
0.9825
0.9139
1.0
0.9805
1.0
0.9617
0.9383
0.9552
0.9557
0.9728
1.0
0.9842
0.9779
0.9553
0.9448
0.945
0.9425
0.9975
0.9809
0.9769
0.9681
1.0
0.9821
0.9697
0.9579
0.9895
0.9436
0.9496
0.904
0.951
0.9323
0.943
0.972
0.995
1.0
0.9721
0.9612
0.976
0.9137
0.9349
0.9516
0.9668
0.9758
0.9737
0.9636
0.9375
0.9045
0.9499
1.0
0.9065
0.9668
0.9282
0.9277
0.9713
0.9856
0.9771
0.9819
0.9512
0.907
0.9481
0.961
0.9639
0.9353
0.9783
0.9928
0.9698
0.9599
0.9873
0.9625
0.9306
0.9679
0.9092
0.934
0.9634
0.9612
0.9743
0.9883
0.9617
0.9526
1.0
0.9615
0.9498
0.8561
0.9368
0.9639
1.0
0.9891
0.9636
0.981
0.9627
0.9604
0.9814
0.9546
0.9641
0.9753
0.9519
0.9194
0.9731
0.9859
0.9528
0.9073
0.9384
0.9451
0.9558
0.9707
0.9093
0.917
0.9684
0.9809
0.9365
0.9591
0.912
0.9439
0.951
0.9256
0.9309
0.9842
0.9497
0.9717
0.9407
0.9212
0.9786
0.9554
0.9636
0.9914
0.8812
0.929
0.8961
0.9685
0.9272
0.9608
0.9809
0.957
0.9648
0.9872
0.9574
0.9066
0.9543
0.9596
0.9624
0.9416
0.8105
0.9629
0.961
0.9421
0.9786
0.9885
0.9765
0.9498
0.9695
0.9428
0.958
0.9102
0.8771
0.9588
0.8847
0.8937
0.9544
0.9468
0.9775
0.9409
0.8875
0.9775
0.976
0.952
0.9408
0.9665
0.9304
0.9863
0.9934
0.8169
0.8936
0.9579
0.9139
0.9367
0.9729
0.9439
0.8926
0.9227
0.9118
0.9036
0.9536
0.9752
0.898
0.9094
0.9716
0.8461
0.8561
0.9608
0.9608
0.9418
0.9455
0.9196
0.9876
0.9464
0.957
0.9355
0.9869
0.994
0.9354
0.9426
0.88
0.9645
0.9549
0.9665
0.9553
0.9862
0.9713
0.9836
0.8724
0.9449
0.9124
0.9368
0.9396
0.9636
0.9551
0.8759
0.9367
0.9447
0.9226
0.8863
0.9558
0.9185
0.9414
0.9109
0.9627
0.9458
0.9491
0.8864
0.932
0.9544
0.9438
0.9114
0.9307
0.9448
0.965
0.9403
0.9143
0.9232
0.9664
0.9652
0.9098
0.9355
0.9589
0.8893
0.9268
0.8842
0.9065
0.9277
0.9513
0.9613
0.8774
0.9824
0.9576
0.9414
0.9352
0.9663
0.9372
0.9414
0.9517
0.8968
0.9452
0.8936
0.9184
0.894
0.9371
0.899
0.9233
0.9491
0.9395
0.9452
0.8583
0.9357
0.8146
0.8986
0.9864
0.8904
0.9393
0.8873
0.9586
0.912
0.8226
0.8633
0.9188
0.9469
0.8053
0.9206
0.9295
0.9356
0.8248
0.9083
0.9129
0.9216
0.9713
0.9712
0.9553
0.9561
0.9296
0.9505
0.8602
0.9582
0.8947
0.9355
0.9774
0.9457
0.8847
0.9518
0.9107
0.865
0.8493
0.8968
0.9309
0.8164
0.8931
0.9449
0.9142
0.9499
0.9064
0.9397
0.9154
0.9626
0.9471
0.8884
0.902
0.8216
0.8935
0.9365
0.9537
0.8682
0.941
0.9419
0.8014
0.9514
0.8574
0.8569
0.7535
0.9142
0.9658
0.9378
0.9422
0.9807
0.8808
0.9151
0.9255
0.9403
0.9821
0.9218
0.9273
0.9436
0.9478
0.8103
0.954
0.8919
0.9263
0.9139
0.9383
0.9682
1.0
0.9106
0.928
0.9678
0.8602
0.9227
0.9234
0.9067
0.9204
0.9331
0.9462
0.9448
0.9487
0.9465
0.8359
0.9013
0.9204
0.9068
0.9206
0.9479
0.8987
0.8819
0.9843
0.9138
0.933
0.9545
0.9393
0.8274
0.81
0.8908
0.8991
0.9183
0.8788
0.8945
0.9604
0.9102
0.8254
0.9293
0.9082
0.8888
0.8875
0.8863
0.9324
0.8399
0.8944
0.9189
0.8721
0.8506
0.968
0.9199
0.8729
0.9165
0.8779
0.8963
0.8901
0.9737
0.832
0.9388
0.9478
0.7576
0.9176
0.9574
0.9639
0.9058
0.8748
0.8268
0.8683
0.894
0.9146
0.8666
0.8074
0.9416
0.9346
0.7894
0.9217
0.9643
0.9919
0.9064
0.9313
0.9572
0.9399
0.9166
0.8604
0.9298
0.9187
0.9091
0.7996
0.8959
0.9205
0.9726
0.9446
0.8254
0.9054
0.9237
0.8966
0.8381
0.8963
0.8915
0.9046
0.921
0.9066
0.9351
0.9461
0.9101
0.9032
0.9306
0.9173
0.7891
0.8642
0.7944
0.9156
0.8982
0.9314
0.9219
0.7159
0.8824
0.9643
0.8931
0.9383
0.923
0.8121
0.9158
0.9467
0.8938
0.9275
0.9043
0.8912
0.9098
0.8841
0.9116
0.9436
0.9243
0.9229
0.8288
0.9328
0.9558
0.9266
0.8078
0.8531
0.8254
0.9165
0.8574
0.8901
0.9267
0.942
0.893
0.9002
0.9152
0.911
0.8754
0.805
0.878
0.8412
0.8731
0.9347
0.9032
0.847
0.9242
0.855
0.9674
0.8721
0.8889
0.8964
0.8411
0.8628
0.9792
0.8927
0.8342
0.8472
0.9312
0.9065
0.8141
0.9748
0.8914
0.8603
0.8153
0.8883
0.7986
0.7125
0.8026
0.8273
0.9011
0.8887
0.8007
0.8906
0.9296
0.825
0.8912
0.9254
0.8616
0.6161
0.8555
0.8869
0.8648
0.9105
0.8918
0.8934
0.9353
0.9028
0.8875
0.8851
0.8576
0.8102
0.8136
0.8354
0.7397
0.8257
0.8563
0.796
0.8465
0.8352
0.8148
0.8577
0.9128
0.6915
0.8845
0.8916
0.7735
0.8547
0.8766
0.8416
0.9273
0.8384
0.8837
0.9115
0.9195
0.8307
0.8202
0.7188
0.8833
0.9034
0.8252
0.8928
0.7736
0.8954
0.8708
0.8455
0.9529
0.8076
0.9135
0.8779
0.7975
0.9488
0.5256
0.8514
0.9196
0.8731
0.9039
0.8925
0.8711
0.86
0.9266
0.8333
0.824
0.9501
0.9282
0.8427
0.9444
0.9417
0.9221
0.9664
0.8426
0.8776
0.8024
0.7638
0.9149
0.8946
0.9112
0.9699
0.8447
0.8697
0.5173
0.785
0.9045
0.8784
0.8179
0.7891
0.859
0.9007
0.8803
0.8278
0.8505
0.8592
0.8293
0.8544
0.9373
0.7163
0.7946
0.8633
0.8215
0.8009
0.8397
0.9275
0.8616
0.9353
0.8541
0.9035
0.7614
0.7066
0.7799
0.9853
0.9551
0.8836
0.8649
0.8889
0.8584
0.8586
0.8206
0.8527
0.8731
0.8253
0.9448
0.801
0.8687
0.7595
0.8447
0.788
0.9183
0.809
0.9371
0.7956
0.8994
0.7107
0.82
0.8394
0.958
0.8829
0.8648
0.7382
0.9364
0.8066
0.8708
0.8998
0.8324
0.8404
0.7776
0.8622
0.9007
0.921
0.8889
0.8234
0.7667
0.9357
0.746
0.8329
0.833
0.8174
0.8496
0.8592
0.8817
0.899
0.9164
0.886
0.858
0.8582
0.722
0.8515
0.7233
0.892
0.8839
0.7321
0.8207
0.7974
0.841
0.8343
0.9192
0.872
0.9058
0.8493
0.7857
0.878
0.8881
0.8403
0.811
0.9178
0.8179
0.8144
0.8699
0.702
0.8329
0.8622
0.8834
0.628
0.8793
0.7771
0.8994
0.8138
0.8227
0.6959
0.8461
0.6138
0.8532
0.8215
0.8848
0.6638
0.7946
0.8949
0.832
0.85
0.8589
0.8537
0.8908
0.9509
0.9157
0.9853
0.9853
0.9628
0.959
0.9758
0.9855
0.9159
0.9159
0.9766
0.9722
1.0
1.0
0.9563
0.9664
1.0
0.9641
0.9865
0.9853
0.9755
0.9711
0.962
1.0
0.9747
0.9486
0.9769
0.9886
0.9853
1.0
0.9644
0.9886
0.9728
0.9041
0.9447
0.9774
0.9621
0.9504
0.9882
1.0
0.9898
0.9812
0.9865
0.9711
0.9254
0.9603
0.9665
0.9375
0.9634
0.9402
0.9596
0.9853
0.9853
0.9853
0.9853
0.9853
0.9452
0.9841
0.9455
0.9633
0.9804
0.9675
0.9756
0.9741
0.9717
0.9957
0.8753
0.9562
0.9498
0.9405
0.9853
0.9853
0.9618
0.9417
0.9135
0.8756
0.9591
0.8793
0.9898
0.9464
0.9759
0.9282
0.8094
0.9729
0.9853
0.9853
0.9853
0.9853
0.9853
0.9853
0.957
0.957
0.9551
0.9588
0.9596
0.9538
0.9172
0.9411
0.9664
0.9664
0.8543
0.9707
0.9141
0.9501
0.9778
0.9124
0.9553
0.9899
0.9143
0.9405
0.9752
0.9738
0.9697
0.9414
0.9761
0.9482
0.975
0.8772
0.9506
0.9206
0.8838
0.9549
0.9665
0.9159
0.9368
0.9743
0.8306
0.9326
0.8931
0.8997
0.9615
0.8801
0.9396
0.9088
0.9325
0.9554
0.9554
0.9242
0.957
0.9471
0.887
0.9859
0.9291
0.9431
0.9667
0.8904
0.8776
0.959
0.9168
0.8776
0.9405
0.909
0.905
0.9347
0.9497
0.9357
0.9037
0.9189
0.959
0.9139
0.8954
0.8676
0.9189
0.8999
0.9493
0.9329
0.9703
0.8734
0.9387
0.9303
0.9102
0.8427
0.9125
0.8229
0.9023
0.895
0.9134
0.9355
0.8988
0.9029
0.9352
0.9367
0.8979
0.9368
0.8816
0.9164
0.9604
0.8894
0.9519
0.9449
0.8907
0.8824
0.9392
0.8893
0.9704
0.9256
0.8942
0.8169
0.957
0.8532
0.9469
0.8718
0.9081
0.8844
0.9598
0.9138
0.9038
0.9528
0.9524
0.9447
0.8884
0.9171
0.9683
0.9654
0.9549
0.9136
0.8985
0.9138
0.9283
0.9205
0.7326
0.8924
0.9442
0.9284
0.8674
0.9372
0.9498
0.9485
0.9316
0.9184
0.8079
0.9396
0.9054
0.9137
0.8306
0.8957
0.9524
0.8593
0.8663
0.8742
0.9845
0.8771
0.8642
0.8009
0.8847
0.9166
0.9005
0.9563
0.8479
0.8947
0.9276
0.9507
0.9261
0.8034
0.889
0.8703
0.9003
0.8691
0.8948
0.9316
0.8975
0.8302
0.9228
0.9103
0.8963
0.9685
0.8701
0.8436
0.9124
0.9474
0.875
0.9317
0.9511
0.8956
0.9347
0.8932
0.9092
0.8666
0.9613
0.8638
0.8691
0.8676
0.9621
0.9268
0.9358
0.7984
0.8971
0.9164
0.9212
0.9167
0.8949
0.8618
0.9209
0.8803
0.7942
0.7239
0.8845
0.8915
0.8271
0.9278
0.9518
0.9054
0.9036
0.8861
0.9252
0.8206
0.8212
0.8279
0.903
0.9098
0.8668
0.8987
0.7672
0.593
0.8349
0.8799
0.9667
0.7409
0.7754
0.872
0.9913
0.9429
0.8953
0.9183
0.7711
0.9148
0.8884
0.7589
0.8309
0.9167
0.9184
0.9181
0.919
0.7648
0.9215
0.9076
0.8769
0.8217
0.894
0.8943
0.9704
0.8102
0.9382
0.9111
0.8713
0.865
0.9316
0.9107
0.8412
0.8787
0.8921
0.9391
0.9151
0.9109
0.6478
0.8886
0.8033
0.8143
0.8684
0.8737
0.938
0.918
0.8353
0.8684
0.9125
0.8446
0.8765
0.6959
0.9063
0.8443
0.8093
0.8005
0.9026
0.8324
0.8081
0.8067
0.8524
0.9283
0.834
0.913
0.8981
0.7919
0.7365
0.8847
0.8551
0.8646
0.7946
0.8294
0.9184
0.9107
0.9174
0.9175
0.8784
0.8213
0.808
0.9272
0.819
0.8823
0.8537
0.9414
0.9421
0.9105
0.9446
0.8938
0.7825
0.9139
0.907
0.8714
0.915
0.8701
0.8486
0.9304
0.8871
0.7491
0.9041
0.8477
0.8021
0.8632
0.8855
0.8051
0.9329
0.9524
0.8681
0.933
0.8816
0.7221
0.8816
0.661
0.9242
0.8825
0.8952
0.8431
0.8378
0.9203
0.875
0.8744
0.7521
0.7852
0.9135
0.82
0.8622
0.8309
0.8129
0.845
0.7196
0.8591
0.9046
0.9171
0.8126
0.7031
0.8969
0.8832
0.7644
0.8565
0.9176
0.6969
0.8463
0.9065
0.8542
0.7483
0.8877
0.8687
0.8803
0.892
0.9166
0.7704
0.8125
0.9227
0.8506
0.8056
0.8566
0.6194
0.8721
0.7601
0.7875
0.7755
0.9136
0.9073
0.8232
0.8389
0.7612
0.8768
0.6984
0.8478
0.867
0.8967
0.8482
0.837
0.8465
0.7781
0.7704
0.7741
0.8003
0.6819
0.7911
0.8258
0.8669
0.8204
0.8808
0.7211
0.8524
0.9236
0.9267
0.838
0.6141
0.7168
0.7812
0.8028
0.6257
0.7976
0.5669
0.8352
0.7799
0.7376
0.737
0.7293
0.7485
0.81
0.8312
0.5359
0.8211
0.7816
0.811
0.643
0.894
0.8396
0.8391
0.8903
0.7726
0.6617
0.7737
0.8138
0.8767
0.7217
0.8716
0.8516
0.784
0.7633
0.7475
0.7705
0.8339
0.8477
0.859
0.718
0.6151
0.9174
0.604
0.7223
0.7946
0.7668
0.8255
0.8626
0.7188
0.9113
0.8197
0.8273
0.6507
0.8761
0.8603
0.6318
0.7796
0.7228
0.8292
0.6141
0.6461
0.8652
0.7228
0.7074
0.8136
0.6604
0.6502
0.8714
0.6912
0.6885
0.7062
0.7541
0.8303
0.8109
0.8231
0.8307
0.7306
0.8095
0.7675
0.7005
0.7077
0.8297
0.7871
0.7571
0.5652
0.7748
0.6508
0.7321
0.9066
0.6809
0.8814
0.6961
0.4793
0.6093
0.7794
0.8596
0.8195
0.7674
0.9159
0.8901
0.8795
0.8075
0.853
0.7223
0.712
0.8095
0.8199
0.6812
0.7544
0.7711
0.741
0.6823
0.8639
0.6814
0.695
0.7696
0.7857
0.8337
0.8033
0.7779
0.6403
0.741
0.7418
0.8566
0.6921
0.6864
0.7415
0.6976
0.7942
0.7508
0.8336
0.7133
0.8064
0.8375
0.7807
0.7631
0.6981
0.8033
0.6288
0.7175
0.8684
0.6798
0.8646
0.7976
0.8505
0.7475
0.7901
0.8274
0.8446
0.8121
0.8884
0.87
0.824
0.6019
0.8784
0.7047
0.56
0.4475
0.7945
0.6216
0.7173
0.7631
0.5769
0.8986
0.7275
0.8127
0.7717
0.7463
0.641
0.8083
0.5753
0.7214
0.5916
0.8007
0.6385
0.7048
0.7074
0.8154
0.7434
0.8208
0.8497
0.7059
0.8213
0.7295
0.8183
0.5722
0.7156
0.931
0.7992
0.6308
0.6182
0.7688
0.8821
0.5443
0.786
0.6935
0.8554
0.8408
0.661
