179.0
113.1
171.8
168.0
41.5
172.5
118.1
105.6
72.21
128.6
238.8
167.6
126.2
193.7
152.9
237.2
150.6
183.1
104.4
77.85
0.0
82.84
200.0
0.0
176.1
148.4
68.29
25.65
139.4
103.3
183.5
133.0
89.44
160.1
180.6
214.7
36.63
146.0
181.4
174.0
75.77
161.9
163.9
117.3
126.3
197.3
172.6
23.54
158.1
155.5
148.0
183.6
149.1
215.3
55.08
89.54
171.6
140.5
143.5
134.7
201.2
166.7
142.3
123.4
193.7
180.7
52.77
187.7
187.7
192.7
200.0
144.3
165.9
165.6
145.5
179.7
166.7
172.7
198.9
180.3
112.1
107.6
59.95
110.8
79.69
168.0
36.63
156.4
181.5
124.1
185.0
59.7
122.1
146.2
114.9
183.0
103.2
134.6
212.1
58.46
72.24
166.7
191.9
168.4
88.91
24.78
175.6
112.6
174.4
142.9
147.7
217.4
152.3
149.5
150.0
193.7
146.2
107.7
131.5
82.02
204.1
132.7
176.8
158.3
163.7
181.2
149.9
54.45
38.84
174.7
112.9
121.3
118.5
33.45
124.2
161.2
177.7
135.6
186.5
148.1
207.9
0.0
184.5
142.9
149.1
155.2
0.0
164.5
43.88
238.5
122.1
173.9
96.39
128.3
61.24
199.6
152.5
129.6
57.1
112.0
170.6
224.1
164.8
111.7
158.1
59.19
71.01
112.6
195.8
160.9
213.8
135.2
193.7
144.2
0.0
184.9
194.2
178.5
95.37
166.7
146.8
84.59
144.0
166.7
59.95
83.93
189.3
198.4
151.5
173.7
168.0
178.0
114.0
159.3
63.95
149.3
139.8
232.6
150.6
143.1
146.6
110.1
151.7
79.69
153.0
123.4
152.0
103.3
186.4
189.7
168.8
173.7
194.9
125.2
86.56
163.5
84.87
151.8
131.0
64.34
111.0
196.7
110.0
146.1
137.2
144.7
81.07
206.0
191.4
128.1
121.0
180.2
155.7
72.13
71.01
154.4
170.7
161.4
137.8
132.5
153.1
71.11
199.1
210.7
97.24
106.3
147.5
121.6
176.7
91.53
113.9
146.0
178.4
56.64
160.1
135.9
185.4
135.7
206.0
133.8
88.11
82.55
150.4
122.7
145.1
181.6
154.8
166.4
108.0
176.9
82.05
1.547e-05
131.5
169.6
157.4
212.7
9.133e-06
247.7
200.0
144.6
155.4
134.9
147.1
177.2
51.26
171.9
76.71
164.8
146.6
140.3
197.4
127.5
117.3
137.2
152.7
132.8
163.7
200.0
220.6
156.2
141.6
159.6
116.7
185.6
22.06
91.34
185.3
134.0
171.4
173.2
103.5
201.9
126.9
155.4
49.31
92.86
183.5
156.7
89.54
149.1
172.1
209.1
130.5
138.1
65.2
164.9
209.2
162.5
234.0
151.0
192.4
115.7
171.7
177.4
163.7
135.7
166.6
159.3
128.0
194.9
180.6
156.4
169.8
110.5
43.88
90.04
207.3
128.5
146.3
126.2
151.2
165.0
0.0
162.5
193.5
214.0
174.4
153.8
72.13
171.6
0.0
104.9
156.1
158.1
174.1
135.3
0.0
155.0
44.89
153.4
206.5
138.2
105.1
137.9
204.7
139.2
112.5
122.8
171.7
33.45
52.8
166.1
0.0
172.6
224.2
149.2
115.3
119.8
83.64
162.6
232.6
149.6
163.1
163.7
121.3
151.5
146.8
200.2
151.0
136.2
142.5
188.8
117.4
66.39
183.7
173.3
89.44
144.2
103.5
105.5
236.8
224.6
86.88
142.2
169.7
213.8
138.3
246.2
162.8
150.3
122.8
67.11
170.1
82.3
59.86
73.24
176.8
143.2
37.49
89.42
102.2
179.7
148.0
124.6
149.5
123.0
137.8
215.0
228.9
178.9
180.3
192.5
162.5
208.6
95.82
204.4
217.7
179.0
143.9
52.8
126.6
62.18
85.58
154.1
137.9
134.7
183.5
156.6
156.2
41.16
234.7
138.2
117.3
201.2
36.34
121.7
164.1
99.53
142.5
196.8
98.3
236.2
182.2
177.1
130.1
169.6
166.2
143.2
54.31
151.3
185.7
131.4
128.5
129.9
156.5
195.5
172.0
199.5
213.8
107.8
202.8
194.3
94.33
169.6
105.5
123.6
152.2
182.6
143.6
130.0
169.6
186.8
176.8
125.4
145.4
151.6
165.0
160.1
168.8
138.4
106.5
164.7
136.7
152.1
177.2
146.6
22.12
160.4
99.89
116.7
146.3
157.0
125.0
168.8
154.3
115.9
122.0
78.6
49.97
175.1
170.7
143.6
100.2
96.56
138.1
130.7
107.7
22.06
172.6
148.2
174.4
243.9
174.1
41.14
90.35
87.24
183.4
143.5
174.2
278.2
165.5
150.6
133.7
150.6
91.12
187.4
136.1
151.1
159.3
0.0
166.3
144.7
161.3
132.7
147.1
142.9
181.7
144.8
158.0
183.0
154.3
152.3
189.3
129.0
121.5
162.1
123.1
149.1
234.7
130.0
53.85
166.8
72.21
169.6
75.86
152.6
160.5
134.9
148.4
51.96
111.7
158.9
180.0
150.9
170.6
35.56
176.7
221.1
60.77
125.6
171.1
138.2
169.5
216.9
132.7
155.8
49.41
84.59
188.7
194.2
154.7
174.9
100.1
154.1
174.2
169.6
147.5
182.4
59.8
143.8
168.7
177.7
109.3
164.8
128.7
170.1
144.8
190.1
194.0
146.2
246.2
204.4
154.0
142.1
128.7
111.2
171.7
182.1
142.3
121.9
130.1
153.9
189.1
125.8
164.7
150.6
193.7
165.0
124.9
158.1
168.5
102.4
190.8
114.0
170.2
99.77
164.1
224.6
108.4
183.3
187.8
166.5
169.8
100.3
235.7
169.6
172.6
146.6
103.9
114.5
147.1
146.6
192.4
42.34
129.6
149.5
121.9
104.0
181.4
163.5
193.7
117.4
134.7
285.5
169.6
95.37
88.03
103.1
145.1
122.1
1.547e-05
146.6
182.2
57.4
163.3
169.6
156.5
103.3
59.86
164.0
103.3
156.6
179.3
156.7
212.2
134.4
51.68
125.8
117.7
164.0
155.1
160.6
96.79
128.3
89.34
127.0
158.0
62.18
168.0
188.2
207.4
201.4
107.6
137.6
102.4
124.1
117.3
188.4
127.3
99.57
160.6
189.8
151.8
140.5
185.1
186.4
97.56
126.7
163.7
185.7
94.8
234.8
134.0
174.3
184.0
164.5
167.6
209.4
141.7
174.3
186.2
96.24
148.2
117.4
193.7
129.0
180.7
206.6
75.68
91.27
172.1
143.3
184.8
238.2
96.72
138.3
101.4
166.7
102.4
51.68
205.0
133.4
156.9
138.1
140.8
6.919e-06
0.0
167.9
169.7
168.1
153.0
89.0
150.4
59.86
190.9
95.48
82.02
42.34
135.3
169.5
155.6
168.8
0.0
172.6
149.8
133.6
182.2
160.5
165.8
146.4
202.4
214.0
124.9
0.0
238.9
227.2
134.3
203.7
96.72
142.2
156.1
156.4
157.7
40.67
184.8
161.9
95.82
174.0
147.5
106.9
82.3
166.1
169.7
132.7
150.3
104.4
96.56
159.4
137.9
170.3
138.7
124.8
176.8
146.4
183.0
194.0
195.6
158.7
139.4
52.28
139.4
155.9
170.7
176.8
130.6
49.31
130.2
103.0
132.1
150.2
176.9
150.9
198.1
147.7
151.7
121.7
158.7
190.9
176.6
96.39
193.7
170.7
89.69
121.9
58.45
165.0
182.3
208.6
122.4
146.2
160.9
152.9
186.1
195.9
169.6
156.4
131.7
187.0
155.7
0.0
157.0
212.2
151.1
147.5
252.8
73.19
226.9
199.7
241.9
103.5
138.3
171.4
103.7
165.5
109.5
179.8
143.4
156.1
175.6
191.5
75.14
149.6
91.53
160.4
134.9
173.9
124.5
155.7
146.2
138.8
198.7
181.4
149.5
172.4
158.1
136.8
160.8
183.4
121.3
98.81
186.2
169.4
176.5
88.11
190.9
150.6
164.3
158.5
142.3
113.7
155.3
103.5
143.1
134.7
189.7
186.5
191.2
154.8
143.9
150.4
165.2
188.3
128.7
152.4
157.5
101.9
206.5
145.8
150.5
202.0
150.2
78.95
153.5
181.9
187.1
49.31
84.87
188.4
144.6
136.4
121.9
85.58
195.5
147.3
95.82
180.6
165.7
155.8
172.5
184.1
117.3
219.2
78.95
155.7
163.6
82.55
132.1
82.07
149.8
189.9
130.0
167.2
146.8
163.5
157.0
103.7
159.9
160.4
165.9
174.4
167.8
224.6
75.68
118.7
150.6
183.9
42.64
165.8
150.6
159.8
177.9
217.7
196.4
199.1
168.1
184.1
187.2
170.5
122.4
213.8
162.2
192.4
218.6
152.4
200.0
200.0
69.02
73.19
219.7
165.5
94.33
52.8
174.4
121.8
185.3
73.86
145.6
129.7
163.8
112.3
150.3
46.2
175.4
185.7
165.0
168.0
143.4
117.7
177.2
142.9
284.5
154.7
166.8
28.76
237.4
158.5
134.7
130.4
152.9
180.2
142.5
133.4
223.0
174.2
166.7
127.3
168.7
173.1
115.2
162.8
33.71
125.4
150.4
164.8
186.0
182.6
141.8
213.8
162.0
132.5
178.5
146.3
214.1
166.8
145.6
127.3
181.3
161.1
98.81
144.3
190.1
255.6
83.77
150.6
232.9
145.7
149.9
159.4
96.79
119.1
209.2
180.7
144.8
170.4
173.8
136.7
137.9
166.7
121.3
190.2
162.8
157.5
160.8
154.2
171.3
184.9
160.8
173.4
112.9
0.0
132.1
78.95
146.8
193.9
71.37
160.1
122.4
162.6
216.3
171.6
141.7
134.7
126.2
190.0
154.6
138.3
194.9
99.89
159.1
144.7
219.6
139.3
138.5
185.3
150.5
132.8
165.0
164.9
170.9
213.8
175.4
134.3
154.0
148.2
201.6
147.2
144.3
139.7
156.4
22.12
200.3
55.08
170.7
138.7
210.2
134.9
109.3
151.1
200.2
161.1
167.8
144.3
183.5
114.7
125.3
160.5
179.8
127.3
160.3
151.5
173.2
165.2
166.7
161.9
144.7
84.59
162.5
6.919e-06
144.6
89.34
193.5
165.0
179.7
213.8
168.2
173.8
91.12
139.4
178.5
150.6
147.9
243.7
71.37
165.3
237.0
187.4
143.6
193.7
160.3
157.0
142.0
163.5
140.1
211.8
168.1
166.7
174.2
213.8
0.0
225.2
132.0
99.3
164.1
180.8
49.41
138.3
195.2
160.6
165.1
159.2
125.7
130.7
165.9
137.9
161.9
154.7
159.4
150.2
115.5
121.6
75.14
167.4
140.0
168.9
90.35
140.7
149.2
138.3
166.3
242.2
163.1
188.9
170.1
126.9
139.2
160.1
169.6
163.9
171.4
150.0
174.0
161.8
123.4
125.8
158.2
156.4
158.5
185.8
189.0
166.7
58.45
140.3
169.8
139.6
178.5
168.7
144.7
173.8
164.9
130.0
166.7
