1.359
2.792
2.306
2.839
4.356
4.581
4.322
4.485
4.31
1.264
1.263
4.954
4.259
7.11
5.055
5.798
5.667
5.742
1.315
1.953
0.9132
2.305
1.565
5.123
5.615
6.083
5.482
5.886
5.493
1.9
3.339
2.542
1.876
2.864
4.023
5.763
3.807
3.807
3.846
4.432
3.117
1.427
1.13
3.237
3.352
5.722
5.407
7.089
6.0
5.891
5.866
2.108
2.565
2.281
1.889
2.42
4.806
5.167
5.257
5.58
5.65
5.234
1.251
2.708
1.224
2.333
2.416
3.484
3.435
2.451
2.941
2.191
2.089
1.661
1.701
3.069
2.554
2.865
2.687
6.304
7.228
6.797
6.163
5.094
7.465
5.931
2.194
2.954
2.13
2.392
3.191
5.575
4.8
5.01
5.022
4.778
4.877
2.108
2.324
2.804
1.045
2.85
4.366
3.465
3.456
4.168
4.407
3.833
6.046
3.338
3.312
7.537
7.804
6.989
9.055
9.795
8.632
1.721
1.732
1.925
1.317
2.639
5.735
4.99
5.296
5.958
4.688
5.408
1.987
2.894
2.461
2.152
2.136
3.436
4.317
5.405
4.688
5.868
4.375
2.167
2.38
1.671
3.208
4.84
6.371
4.782
4.721
4.645
3.202
3.879
2.555
5.376
3.683
4.19
4.911
4.949
2.46
0.8913
0.8769
2.653
3.33
3.673
4.129
2.742
2.949
3.064
3.093
3.882
1.303
1.941
1.421
4.879
6.115
5.024
4.728
5.19
5.119
2.048
3.305
0.9151
2.436
2.038
2.184
6.347
5.423
5.757
5.77
5.602
5.779
5.656
2.258
1.983
2.772
3.723
1.862
2.77
4.337
4.101
3.238
2.113
3.544
2.169
3.282
7.488
6.467
5.787
5.647
6.139
2.105
2.588
2.773
3.42
6.097
6.812
5.797
6.392
6.133
3.864
3.629
3.053
1.932
5.128e-07
6.247
4.443
4.452
5.882
3.864
4.452
1.403
3.562
1.392
1.962
1.036
5.797
5.534
5.643
5.72
6.066
6.005
4.637
3.147
2.421e-07
2.761
2.74
1.055
5.499
4.566
4.459
5.243
4.603
4.579
4.579
2.32
2.058
1.206
1.375
4.688
5.047
4.364
4.282
4.621
2.941
3.109
3.568
1.157
1.768
5.292
5.114
5.348
6.434
3.875
5.078
2.162
1.596
3.491
4.158
4.557
4.007
5.234
5.515
5.615
2.421
3.19
3.293
4.886
7.003
4.446
5.335
5.025
5.152
2.123
3.189
1.572
2.239
3.999
4.49
5.078
4.66
4.478
2.155
3.016
6.158e-07
2.12
2.274
5.502
4.377
4.334
5.857
4.692
4.692
4.499
2.033
1.932
1.247
1.186
6.062
5.678
5.463
5.462
5.431
5.68
1.022
2.697
4.856
5.5
6.555
6.559
6.694
7.297
6.789
3.099
3.071
3.719
1.448
4.387
5.663
6.603
5.683
5.406
1.429
2.36
2.082
3.218
1.184
4.718
4.259
4.838
4.724
4.55
4.378
2.288
2.274
2.906e-07
2.525
3.567
4.518
3.285
3.859
3.663
4.187
4.187
1.85
1.698
3.102
1.618
4.554
3.638
4.3
4.044
3.906
1.822
2.183
2.364
1.69
2.224
4.755
4.38
4.798
4.597
4.502
4.12
2.381
2.621
2.993
1.922
3.317
2.424
3.025
3.255
1.699
1.247
1.318
2.334
2.65
3.068
4.305
5.106
3.908
4.473
3.575
4.207
3.329
2.264
2.335
3.704
7.728
7.273
6.422
6.78
6.957
2.059
3.601
2.1
2.18
0.9987
4.224
3.178
2.944
3.182
3.191
3.161
2.687
1.711
2.661
2.603
1.28
4.388
5.159
2.867
3.013
3.107
3.316
2.526
4.84
3.83
1.477
5.402
6.117
4.416
6.554
5.853
6.082
3.838
2.332
5.206
1.835
7.416
4.815
7.24
6.121
5.206
4.806
2.934
0.8884
5.878
3.915
5.249
4.024
4.773
4.06
3.927
6.188
3.275
2.61
2.654
2.794
5.566
6.153
2.785
4.894
5.334
5.407
2.474
3.625
2.102
2.864
5.497
5.155
4.656
3.913
4.385
1.681
3.761
2.752
2.444
2.443
3.158
4.298
4.291
3.818
0.626
2.655
2.962
1.953
2.664
4.252
4.876
4.282
5.191
4.527
4.293
2.313
3.22
4.346
2.791
1.796
3.567
5.255
5.752
5.373
6.865
6.619
7.051
6.394
2.008
3.364
3.165
1.13
1.96
3.999
5.414
6.132
5.016
4.905
7.451
5.856
5.627
4.008
5.265
2.782
1.725
2.222
2.964
4.08
3.952
5.548
4.081
6.704
2.974
3.749
1.443
1.752
2.016
1.174
2.946
1.619
4.455
4.965
5.094
5.058
4.216
4.506
4.518
1.558
3.58
3.703
2.41
1.759
1.783
3.752
3.87
3.259
3.57
6.344
3.986
3.673
1.19
1.871
2.564
1.635
2.266
1.839
3.358
3.519
2.829
2.987
3.423
3.943
2.79
1.386
2.178
1.401
1.802
2.3
3.22
2.973
3.551
2.453
2.949
3.01
1.592
1.294
0.9274
2.15
6.009
5.591
6.847
6.258
6.63
1.239
3.047
3.678
1.666
1.891
3.402
4.192
3.765
3.88
5.16
6.668
5.679
4.712
1.226
1.88
1.671
1.888
3.582
3.109
5.078
5.129
5.265
4.477
4.65
4.257
4.746
2.839
2.808
1.99
0.6844
2.037
1.759
4.854
5.404
4.984
4.754
5.435
5.379
4.986
1.254
2.536
3.069
2.417
3.096
2.591
4.439
4.856
4.308
3.617
4.277
4.773
3.794
0.924
3.316
2.096
2.331
1.649
3.177
4.121
2.772
3.942
3.517
4.355
3.343
3.598
0.9993
2.604
2.084
3.36
2.326
4.17
5.072
4.897
4.251
3.746
4.588
0.4892
1.47
3.159
1.638
1.608
2.049
3.416
3.735
3.819
3.69
3.374
6.004
3.559
2.027
1.471
2.154
1.552
2.42
4.617
4.559
5.177
4.724
5.347
4.75
1.063
2.653
1.619
3.197
3.024
3.98
5.418
4.404
4.967
4.835
4.307
1.24
3.506
3.584
2.445
2.651
2.547
7.152
7.49
8.041
5.995
5.742
6.344
6.671
1.717
2.116
2.072
1.807
2.138
4.814
4.757
4.334
4.741
4.856
4.285
1.999
1.808
2.12
4.746
1.078
3.221
6.63
6.106
5.026
5.849
6.575
6.903
6.199
4.561
5.966
2.252
2.613
4.004
4.95
5.466
7.459
4.322
4.315
1.998
2.099
2.886
3.489
5.234
6.157
5.748
3.963
4.504
4.977
1.802
2.249
1.959
2.168
6.06
6.082
6.11
5.17
6.107
2.217
2.119
2.023
2.184
2.613
2.458
5.213
4.066
4.044
4.35
4.255
5.407
4.38
1.275
1.636
1.025
2.512
1.125
3.731
5.05
3.281
3.557
3.454
3.339
1.678
1.81
2.138
1.888
2.274
4.49
4.761
4.768
5.343
4.488
4.77
2.105
1.735
1.626
2.058
2.651
5.128
5.183
5.239
5.594
5.579
5.527
2.2
1.562
1.445
1.936
2.443
4.286
3.849
4.6
4.326
4.537
3.935
1.262
1.465
1.906
1.763
1.089
4.553
4.776
4.299
5.953
4.289
5.442
4.524
4.654
2.604
4.143
1.904
1.099
1.206
2.074
2.435
1.972
4.311
2.537
2.614
1.118
2.91
1.51
0.7296
3.589
2.208
3.391
5.939
3.607
3.577
4.766
3.615
3.456
0.9111
1.336
1.592
2.931
2.613
1.114
4.367
4.73
3.943
4.21
4.08
4.324
4.054
2.816
3.595
1.249
1.688
4.314
4.203
4.631
4.979
4.37
2.337
1.932
1.34
2.556
1.383
4.569
5.742
4.303
4.339
4.047
4.16
4.339
1.712
2.915
1.915
3.266
3.196
6.315
8.535
7.123
7.465
6.221
7.155
2.113
3.34
3.779
1.329
1.793
5.15
4.754
4.05
6.623
7.293
4.711
1.229
3.652
2.293
0.8709
2.498
2.804
4.849
4.748
3.824
4.993
3.856
5.011
4.822
2.24
2.496
1.696
2.811
4.927
3.008
5.244
6.5
4.736
6.039
6.413
4.924
5.04
0.9078
2.265
2.757
1.85
2.348
1.72
5.863
6.643
5.959
5.396
5.678
4.296
5.795
2.809
3.318
2.02
1.36
1.535
1.844
8.06
7.896
7.913
5.292
5.559
6.799
7.958
1.145
2.182
1.572
0.6756
1.03
1.709
4.115
4.153
4.77
4.241
4.415
4.77
4.282
0.3278
1.471
1.145
1.241
4.507
4.888
4.592
5.463
4.653
1.631
2.6
2.296
1.128
4.428
2.063
3.576
4.654
4.222
3.239
3.591
3.722
3.217
0.5508
1.465
2.915
2.011
3.313
3.001
4.357
3.409
3.731
3.143
3.31
0.8522
2.058
3.175
1.91
3.36
4.091
6.413
7.046
6.317
6.188
6.455
5.206
6.277
1.809
1.875
2.726
1.667
2.672
2.561
4.37
4.257
4.696
3.635
3.806
4.442
4.048
1.522
2.94
2.602
1.183
1.845
3.001
4.396
4.339
5.01
3.872
5.633
4.572
4.335
1.242
3.512
1.482
2.138
1.909
2.529
3.627
2.851
2.932
3.338
2.552
1.534
1.575
2.493
0.7306
1.332
1.697
2.446
2.671
2.622
2.304
2.66
2.803
2.444
4.538
4.188
4.85
10.93
9.348
11.05
11.82
10.05
11.56
1.406
3.064
1.851
2.7
7.321
6.625
7.053
7.657
6.364
6.994
4.737
5.359
2.394
2.043
3.099
2.758
4.704
3.809e-07
6.292
6.521
5.139
5.325
4.394
3.602
5.139
5.203
4.936
2.132
3.395
11.23
10.07
10.33
10.22
11.03
4.645
4.587
3.77
4.618
5.552
5.465
5.674
5.299
3.67
1.863
2.893
3.567
1.58
6.339
5.346
5.192
3.853
5.26
4.49
5.116
4.465
5.215
5.177
5.426
4.742
5.891
3.26
5.745
2.876
3.188
3.753
11.3
9.951
9.53
8.53
9.816
2.225
2.13
2.748
2.366
1.9
4.29
4.861
2.877
3.401
2.54
3.142
2.173
4.241
2.984
2.105
4.915
4.875
4.271
4.548
4.18
4.371
3.862
3.454
1.863
1.923
1.26
4.626
4.714
6.032
4.522
4.808
3.46
4.373
3.229
4.628
6.942
7.638
4.964
5.302
6.52
3.008
5.186
2.908
5.087
5.286
6.585
5.704
6.379
4.472
2.819
2.327
3.136
3.332
5.384
3.996
5.425
4.182
3.977
5.326
5.147
4.097
5.166
4.788
6.064
5.393
5.715
3.416
5.845
4.176
2.583
3.658
6.157
7.142
6.557
6.049
6.029
2.603
2.027
3.253
6.854
4.881
6.113
4.849
5.876
5.61
6.455
4.466
8.596
3.037
6.546
8.874
9.133
10.85
10.4
6.255
5.924
4.826
3.663
7.338
6.851
5.249
5.026
6.089
2.345
3.446
1.121
2.579
4.083
4.567
4.5
4.238
3.921
4.541
4.659
3.508
5.764
4.517
4.102
6.097
7.463
5.12
7.994
7.115
4.793
7.338
5.329
5.173
4.164
2.504
11.48
11.81
10.43
8.8
12.09
3.2
1.506
2.496e-07
5.317
7.704
2.459e-07
6.011
8.682
3.973
4.016
4.875
3.973
3.973
1.397
2.94
3.354
3.335
3.847
3.397
4.29
5.523
4.085
2.994
3.248
2.462
4.098
4.492
4.394
3.178
4.409
3.292
3.455
2.751
1.812
5.314
3.246
4.96
3.98
3.276
2.853
5.859
4.574
3.003
2.887
7.517
5.762
4.297
7.034
7.216
4.278
4.675
1.748
4.092
4.375
4.283
3.516
3.599
4.099
2.136
2.967
2.087
4.909
3.791
4.409
3.226
3.524
3.854
1.871
3.304
5.83
9.099
8.127
12.17
10.19
10.58
2.88
3.252
4.4
4.982
3.951
5.45
4.715
3.248
3.174
2.917
1.586
5.109
2.648
5.973
5.725
6.144
5.421
5.774
5.389
3.091
2.371
3.585
3.911
6.145
4.666
4.895
4.595
3.168
4.261
3.854
2.056
9.072
7.236
7.312
6.775
7.566
2.556
4.645
4.457
5.424
5.702
4.446
3.509
3.391
4.978
5.043
5.362
3.832
7.149
4.171
6.95
5.722
5.441
4.565
4.322
2.028
3.36
6.063
6.258
6.432
6.097
5.964
3.352
3.252
5.643
6.658
9.829
8.295
10.0
10.62
9.938
2.405
1.925
1.155
3.128
4.316
5.399
4.728
4.681
4.472
5.125
6.09
2.149
1.771
4.182
4.666
2.519
4.025
4.194
2.805
1.929
2.727
1.459
7.145
5.527
6.558
5.612
5.783
3.511
4.587
4.851
4.587
4.851
4.587
3.511
4.587
0.0
3.8
2.958
3.278
3.322
4.832
4.213
4.44
5.599
5.205
1.93
8.441
5.125
2.832
7.461
6.417
6.68
9.647
6.637
4.049
4.61
3.657
3.372
5.39
6.87
5.981
4.834
5.253
3.986
4.491
3.659
9.145
7.445
7.343
7.57
8.198
4.124
4.833
3.716
3.624
6.784
7.06
5.806
5.361
5.592
2.039
5.44
2.329
3.592
6.317
7.52
4.132
6.079
5.065
4.16
3.598
3.53
5.53
4.938
4.85
6.642
2.895
4.143
2.169
3.514
2.799
3.742
2.931
3.253
4.291
4.236
4.101
4.853
5.119
5.474
4.0
4.138
4.704
1.786
2.866
6.315
6.847
4.232
7.87
5.546
4.259
3.335
1.485
2.203
5.175
5.64
3.336
4.531
4.953
1.052
4.531
2.296
4.704
3.579
4.172
5.977
5.0
3.841
5.098
4.157
2.374
1.589
3.635
1.56
2.94
2.887
3.717
1.782
2.965
3.897
2.859
1.65
1.953
2.552
4.704
5.853
6.368
4.826
5.321
5.389
3.715
1.97
5.181
1.707
2.848
4.469
5.215
5.31
6.541
5.543
5.309
6.379
5.772
1.608
3.36
2.883
2.13
2.659
2.544
4.388
3.693
3.141
3.72
4.645
3.499
3.432
2.237
3.968
3.478
3.54
3.36
1.663
5.045
3.889
3.921
5.525
3.963
1.838
7.193
3.477
0.0
1.974
3.703
8.206
8.304
9.292
8.42
11.52
7.357
8.206
2.303
3.387
4.271
1.736
2.34
2.544
1.892
2.526
2.696
2.617
3.332
4.388
0.8306
2.797
2.694
5.462
2.269
5.258
3.692
5.395
4.339
7.43
4.711
7.127
6.656
6.58
1.468
2.563
3.725
2.757
6.452
6.504
6.068
6.532
6.064
3.223
3.934
4.76
1.042
1.865
4.991
5.315
2.408
3.399
8.471
4.623
2.366
3.787
4.052
3.36
1.475
5.979
6.203
6.274
5.88
5.266
6.383
3.815
4.17
3.62
3.487
8.679
7.448
8.801
8.699
7.178
2.731
2.608
2.196
3.751
1.65
4.454
3.583
3.787
3.439
3.108
3.58
2.778
3.728
3.258
3.947
3.746
4.363
3.98
3.858
4.72
4.322
2.929
1.386
3.92
2.314
1.972
3.92
3.009
4.708
5.259
4.731
4.446
6.267
3.843
4.01
1.867
3.205
1.118
2.74
1.099
3.746
4.454
3.397
3.228
3.075
3.354
1.385
3.117
2.995
4.38
5.357
6.035
6.954
7.0
6.501
6.177
5.928
5.81
6.17
1.779
3.92
3.347
3.117
3.884
5.279
4.578
4.988
4.984
5.499
4.304
2.315
3.236
4.172
2.257
3.404
3.827
5.832
5.076
7.261
6.424
7.052
6.548
6.323
1.202
2.962
2.276
2.247
3.92
2.327
5.004
7.214
6.04
6.016
6.849
5.693
5.963
1.168
3.484
1.953
2.012
2.689
6.685
7.085
6.972
7.188
7.363
7.091
2.499
4.272
2.875
1.763
5.392
4.536
5.461
4.528
3.918
2.085
3.715
3.169
2.781
5.269
6.557
5.162
6.618
6.09
6.905
7.755
7.75
6.621
1.661
3.627
6.728
3.516
2.613
1.989
5.03
6.953
6.935
6.641
6.347
5.004
6.528
1.479
2.544
2.392
2.919
4.259
3.301
3.04
5.067
5.759
3.845
5.474
4.9
4.25
1.886
3.044
4.889
3.717
6.999
9.786
6.95
7.09
8.336
2.628
2.979
4.903
2.612
4.704
3.037
6.437
9.392
8.159
8.436
7.257
6.808
8.155
3.065
6.351
3.1
2.321
3.36
3.233
9.532
10.23
9.167
8.486
9.175
8.851
10.18
1.961
1.899
1.676
3.179
5.406
4.233
4.978
5.778
5.644
2.613
1.614
2.049
4.12
5.028
4.407
5.406
3.276
5.879
3.323
1.444
2.516
9.332
10.69
9.179
11.25
9.318
9.683
2.356
2.325
4.686
1.428
2.986
2.655
2.658
3.405
3.698
2.559
2.636
4.814
2.581
1.307
2.079
5.917
2.115
1.258
6.115
6.614
6.921
6.968
7.781
6.933
2.469
1.993
3.41
1.386
3.92
2.889
3.545
4.998
4.14
3.067
2.734
4.363
3.194
3.761
4.535
3.178
4.351
6.256
4.724
6.509
8.018
5.303
4.94
6.264
6.965
6.895
3.893
3.92
3.184
1.27
3.428
4.438
5.293
6.407
6.852
6.463
7.306
6.165
5.841
1.676
3.026
5.173
2.366
4.704
4.14
4.913
7.078
6.437
4.848
5.758
5.699
5.194
1.91
3.92
2.371
1.473
3.645
3.771
4.515
4.838
6.873
5.618
7.047
5.609
5.345
2.378
2.212
2.766
1.813
2.796
3.072
3.493
2.86
3.656
3.108
3.424
1.707
2.352
1.895
1.711
2.645
3.731
4.652
2.246
3.837
3.505
3.364
3.285
3.159
3.159
0.8933
1.598
1.731
4.587
4.737
3.95
3.424
4.349
3.346
4.245
2.023
2.369
3.011
2.929
2.139
2.608
6.565
6.035
6.935
5.208
5.941
6.016
6.048
3.117
2.76
4.109
1.982
2.261
3.451
6.893
6.394
8.586
6.459
7.19
7.471
6.623
3.295
3.36
4.278
3.353
3.227
5.27
4.797
5.552
8.369
4.624
5.756
4.465
4.456
2.239
3.784
1.307
4.825
3.746
5.042
3.538
3.749
3.25
5.147
4.511
1.75
2.101
3.178
5.759
5.863
3.977
3.947
4.683
3.899
4.98
1.985
2.796
2.779
0.9235
2.844
2.141
3.4
3.909
3.782
4.055
4.333
4.612
3.799
3.459
3.424
3.822
2.949
3.671
2.449
4.548
2.449
2.504
2.856
2.946
1.702
1.201
3.48
3.05
3.056
3.291
3.377
2.884
2.494
3.494
2.102
2.653
3.404
3.942
4.701
5.545
4.162
1.236
2.487
2.787
0.986
1.877
3.173
3.129
3.284
3.724
4.194
3.303
2.051
1.953
1.862
2.355
1.381
1.15
4.1
3.683
3.783
2.761
2.965
3.567
3.383
1.573
4.116
2.31
2.235
1.055
4.412
4.217
3.448
5.495
4.161
4.489
2.238
3.919
2.619
2.535
3.075
4.465
4.12
3.734
3.164
1.5
2.352
2.36
1.41
2.329
5.262
4.21
4.334
3.062
3.447
3.9
2.015
3.298
3.122
3.774
4.563
4.825
3.382
3.578
2.89
3.881
4.559
2.366
2.301
4.061
3.494
4.938
4.74
2.871
2.541
1.609
1.323
3.782
3.29
3.136
3.629
3.136
4.167
5.068
2.993
1.522
6.814
5.899
4.759
4.353
5.718
1.751
3.784
2.044
3.92
2.996
3.828
1.386
3.297
1.731
2.508
4.833
4.208
6.236
3.139
5.997
4.346
5.672
2.98
2.819
4.271
3.371
2.383
4.866
4.898
3.691
4.072
4.094
2.815
3.929
3.719
2.136
1.486
3.302
6.206
5.796
5.629
3.546
3.717
6.137
5.422
2.406
3.176
1.44
3.426
4.316
1.44
3.426
4.316
2.32
4.49
5.116
1.776
1.268
2.619
6.918
6.662
6.634
5.09
5.407
6.469
0.9594
1.998
5.597e-07
1.467
2.921
5.029
4.439
4.978
4.488
5.315
5.315
2.374
2.026
1.454
2.257
2.2
3.895
4.291
3.993
3.75
3.778
3.883
1.615
1.09
3.36
2.787
3.787
3.0
4.005
2.444
4.397
3.109
2.827
3.361
2.666
3.395
4.916
4.399
3.27
3.331
2.269
3.054
2.366
2.098
2.366
2.098
3.331
2.269
3.054
0.0
2.856
5.508
2.054
4.136
5.127
6.554
4.19
6.081
5.124
2.079
4.597
2.055
1.339
4.795
5.059
6.078
5.8
5.472
1.811
4.722
3.489
2.469
1.697
5.289
4.727
4.609
5.246
4.229
4.864
6.232
4.714
1.188
2.801
3.604
4.578
6.652
5.471
3.997
1.846
7.723
1.293
1.963
2.33
2.578
2.984
2.725
7.765
1.853
2.062
3.532
3.318
3.44
2.1
2.384
2.334
4.686
4.052
4.599
5.601
5.01
4.713
4.423
2.557
6.885
2.193
2.678
4.813
5.983
5.398
4.643
4.913
5.743
3.184
3.059
3.98
5.41
6.678
1.661
6.118
5.379
4.008
5.304
2.885
1.948
5.097
4.408
5.127
4.48
3.607
2.43
6.916
5.405
6.364
6.039
5.379
6.938
3.171
5.187
6.294
3.099
5.941
6.621
7.452
8.203
10.62
9.083
7.938
3.091
3.639
4.294
2.568
2.291
4.488
4.52
4.167
4.263
3.615
3.819
1.892
4.731
2.242
1.822
4.845
5.847
5.494
5.459
6.156
7.979
6.127
1.955
2.99
2.143
5.483
2.934
5.212
3.807
4.207
3.508
3.008
3.616
1.819
4.704
6.066
6.922
4.831
5.05
5.604
2.696
2.427
1.647
2.983
3.662
4.22
2.467
3.406
2.978
2.392
5.062
3.881
4.087
5.935
7.017
3.569
6.25
4.563
2.933
2.183
2.627
5.034
7.607
7.322
8.482
7.558
7.654
3.354
4.193
2.853
2.058
6.778
5.629
3.289
4.253
4.797
2.126
4.707
2.406
3.034
3.542
4.957
3.456
3.471
3.284
3.598
2.035
5.504
6.976
3.785e-07
5.684
5.229
4.344
5.882
4.976
4.344
1.346e-07
3.945
3.906
1.78
3.963e-07
4.681
3.172
3.219
3.219
5.1
3.219
2.174
3.746
2.054
4.12
4.84
4.412
4.895
5.164
4.465
1.312
5.355
1.404
1.462
3.128
2.647
4.175
1.776
5.42
2.295
1.775
2.153
7.532
2.355
5.661
1.283
3.883
6.77
2.665
2.536
7.624
2.524
3.008
5.215
3.645
2.043
6.132
5.397
4.106
3.694
4.241
1.606
2.94
1.961
3.92
2.925
4.601
6.745
5.503
4.604
4.944
4.761
1.238
2.008
0.9022
1.771
4.574
4.556
4.334
5.398
4.817
2.726
1.782
1.697
4.145
2.097
2.548
5.392
2.796
3.174
3.006
2.228
2.717
2.087
0.924
1.228
3.322
3.237
4.408
4.187
3.432
4.768
5.782
1.732
2.7
4.259
5.131
2.494
4.381
3.525
2.775
4.827
4.001
3.942
6.089
4.395
3.178
5.092
4.132
0.8924
1.819
1.848
1.385
1.916
4.266
4.477
4.411
3.953
4.279
4.244
1.182
2.3
2.147
4.018
3.177
7.965
6.918
7.422
6.775
6.505
7.089
1.6
4.004
1.09
1.465
3.806
3.995
3.804
3.477
3.607
1.784
2.94
2.658
3.836
3.084
3.741
2.631
4.122
2.266
2.375
3.638
3.502
2.821
7.29
6.552
4.479
4.517
5.357
2.129
1.824
2.522
3.337
4.206
4.533
3.335
3.045
3.396
1.721
2.083
0.7762
1.425
2.648
2.753
3.801
3.39
3.814
2.872
3.054
3.371e-07
4.648
4.001
1.905
3.856
3.135
2.7
3.91
2.7
2.95
4.964
0.6052
1.685
8.262
8.673
7.111
5.307
7.865
1.846
5.234
2.544
1.685
6.085
5.446
4.515
4.722
4.918
3.245
6.66
3.069
4.0
6.98
8.643
5.379
6.42
6.474
2.424
2.857
2.193
1.293
3.251
5.649
5.161
5.647
4.795
5.399
5.62
1.272
1.012
1.712
1.654
4.835
4.605
4.597
4.622
4.805
4.092
3.739
1.409
5.137
3.439
6.255
5.527
4.179
3.501
2.798
4.684
2.321
1.6
7.056
7.32
4.957
4.836
6.653
1.374
1.224
2.202
4.391
3.799
4.648
3.434
3.82
3.577
4.263
5.837
3.481
4.956
4.365
5.398
3.949
6.496
2.518
2.366
3.723
1.309
1.703
2.993
2.982
2.509
3.212
1.765
2.93
5.561
2.918
2.128
4.955
3.65
3.158
4.313
2.293
2.077
2.665
3.732
4.704
5.056
5.739
4.895
3.931
3.718
1.479
6.555
2.313
6.027
2.959
5.808
1.942
6.231
1.774
1.27
2.519
2.054
3.123
3.813
4.387
3.363
3.958
3.435
1.224
2.538
1.51
1.523
3.395
3.453
3.495
4.512
3.34
3.239
2.947
1.948
3.644
4.102
3.421
4.076
3.288
1.278
2.38
1.407
4.341
1.863
3.63
6.112
3.657
3.797
4.352
3.694
2.206
1.988
1.716
3.368
6.225
5.855
6.213
6.099
5.788
4.107
1.895
1.464
4.624
4.423
3.324
4.267
3.973
2.785
2.937
3.697e-07
2.213
2.588
3.617
3.868
3.154
2.974
2.671
2.671
1.386
4.852
2.743
2.796
6.007
3.854
5.282
4.421
7.503
4.572
3.62
5.351
4.697
1.914
3.457
7.084
9.861
5.38
5.616
7.521
6.033
1.272
3.236
4.082
5.315
4.201
5.917
4.004
0.7132
1.948
1.408
2.94
2.497
3.241
4.191
3.25
3.079
3.956
3.238
1.93
3.444
1.413
3.119
3.424
4.222
3.681
4.292
3.137
1.108
1.925
2.608
3.807
4.335
5.379
3.963
4.373
4.045
1.448
1.978
1.444
2.36
1.954
1.334
1.92
3.675
4.647
1.255
1.539
4.111
3.48
4.645
4.477
3.486
1.446
3.323
2.845
3.995
3.338
4.289
2.924
3.889
2.424
1.017
1.53
0.8086
1.354
1.191
3.713
3.114
3.19
3.139
3.037
2.952
2.18
3.13
2.336
2.319
6.141
4.96
3.699
5.923
5.056
4.551
4.025
1.98
2.01
4.267
4.648
3.44
5.864
3.969
2.748
6.686
2.627
3.849
3.756
4.459
5.091
7.176
4.501
2.149
4.61
2.328e-07
4.689
1.869
4.515
2.867
4.835
1.869
1.637
3.354
2.958
4.661
4.66
6.556
3.272
4.26
3.938
1.626
2.22
1.068
1.657
4.311
4.596
3.801
4.478
4.419
2.477
5.131
1.863
4.979
5.186
6.265
4.066
6.125
5.087
2.745
2.177
3.409e-07
3.407
3.92
6.636
8.838
8.05
7.664
7.691
7.691
2.472
4.511
2.496
4.558
5.797
6.205
4.654
4.096
5.027
3.544
4.135
4.47e-08
1.421
3.58
3.413
3.472
4.274
3.433
4.542
3.413
3.832
4.423
1.599
3.193
4.923
4.9
5.605
5.669
4.857
2.063
4.447
2.069
1.64
2.775
2.783
3.34
4.303
2.532
2.541
3.008
5.035
5.635
6.467
4.553
5.896
3.946
1.382
2.678
1.467
1.444
3.693
4.126
3.34
4.165
3.914
5.03
3.924
1.428
2.908
3.821
4.909
3.961
3.167
3.026
2.435
6.766
1.879
1.585
4.651
4.522
2.975
6.284
3.808
2.439
3.621
2.438
4.103
4.012
5.273
3.763
4.693
3.58
0.7512
1.76
1.406
1.884
3.881
4.279
3.648
3.765
3.904
1.371
2.395
2.653
4.675
4.422
6.378
3.174
2.988
3.88
5.673
3.476
1.184
1.8
6.424
6.255
5.007
6.71
6.302
1.788e-07
3.476
2.454
1.788e-07
2.764
2.271
3.123
2.273
1.202
3.035
3.182
2.749
4.297
3.185
1.667e-07
4.054
1.312
1.25
3.457
2.814
2.821
4.221
2.97
3.555
2.97
3.821
4.317
5.993
5.769
6.316
6.908
7.523
6.475
6.066
2.58e-07
2.993
2.01
1.65
1.504
3.019
2.843
2.413
2.815
3.224
2.413
1.482
3.699
0.9143
1.245
6.107
6.279
6.537
5.973
6.599
2.141
4.051
1.835
1.831
3.753
3.929
3.573
4.911
2.058
3.733
2.489
3.082
3.725
2.696
2.061
5.665
4.329
5.378
6.213
4.018
2.366
3.282
1.586
2.136
2.04
4.649
4.271
4.95
4.608
4.649
4.179
6.339
7.249
2.819
4.899
6.882
7.594
6.552
7.124
5.581
3.461
4.866
5.537
2.649
4.315
4.248
3.323
9.148
7.499
5.812
4.737
6.874
2.054
3.977
3.492
3.255
2.12
5.953
5.43
4.396
4.85
4.782
4.969
3.325
3.296
2.654
2.219
3.427
2.759
3.864
4.139
2.533
2.285
2.892
1.467
3.36
5.769
6.14
5.077
4.658
5.286
2.897
4.825
4.836
4.825
4.912
5.944
4.333
5.389
2.958
2.232
4.175
2.472
2.872
4.864
6.022
5.156
5.468
5.457
5.794
5.578
2.264
6.595
5.062
4.928
6.418
4.141
5.469
7.124
3.582
3.793
4.251
2.353
2.44
4.086
4.171
3.161
4.516
3.286
3.517
3.972
2.041
2.046
4.407
4.41
4.619
4.204
3.603
1.136
2.524
0.9275
1.227
3.838
3.602
3.468
4.316
3.571
4.851
5.29
4.505
7.332
2.446
4.595
2.937
6.953
8.108
6.134
7.3
7.305
7.113
1.27
1.754
2.652
1.038
2.613
2.282
3.347
4.094
4.548
3.6
3.195
3.25
3.374
2.853
5.281e-07
2.751
7.164
5.281e-07
2.853
5.381
3.827
3.972
3.099
1.957
4.424
4.095
4.064
4.163
3.596
2.955
5.554
2.58
2.183
5.713
5.648
2.636
4.557
4.69
2.262
4.079
4.057
1.418
2.988
5.564
4.213
4.644
3.73
5.868
4.562
1.904
5.163
3.182
4.071
2.41
5.146
4.592
4.227
5.05
3.601
3.875
2.653
6.305
6.364
7.792
5.341
5.462
6.641
2.47
3.283
3.267
6.232
6.94
4.17
6.582
7.488
4.258
3.664
2.919
3.216
2.909
2.727
2.951
1.286
3.314
4.097
5.484
3.821
5.926
4.045
2.247
5.802
2.305
1.948
4.224
4.635
2.871
5.161
3.606
3.296
3.481
4.092
4.485
4.806
5.692
3.89
3.924
2.091
2.958
7.507
1.386
1.441
2.981
3.605
3.68
3.962
5.016
7.427
3.958
5.709
2.298
5.139
5.739
4.545
5.386
5.486
7.812
8.433
4.995
3.268
3.908
2.642
5.871
6.452
8.212
4.233
4.308
5.183
2.089
2.996
3.149
1.274
1.677
3.792
4.185
4.314
4.401
3.588
3.982
2.958
4.335
3.096
1.636
5.592
4.729
3.879
4.774
4.195
1.107
2.345
3.912e-07
1.348
1.122
1.694
3.319
2.965
3.194
3.35
4.235
3.314
3.314
2.406
3.134
2.025
3.48
5.248
5.966
5.123
5.373
5.317
2.321
2.896
1.65
2.75
3.445
5.158
5.271
5.369
5.109
5.69
4.976
2.13
7.993
1.757
3.38
3.398
6.299
6.043
6.602
6.353
9.454
6.705
2.494
1.216
2.583
1.301
1.15
2.049
2.337
1.91
1.635
2.334
1.744
2.633
2.451
1.002
2.225
4.443
4.574
3.653
4.838
4.341
2.794
2.893
2.893
2.785
2.904
3.698
1.735
3.623
3.772
1.899
4.912
3.835
3.544
4.451
3.701
2.899
1.791
2.809
2.135
6.01
3.535
4.698
3.239
3.915
5.987
5.898
5.482
5.356
2.885
5.96
4.009
4.666
4.705
5.095
3.83
6.443
2.636
2.552
3.307
1.925
6.161
3.608
5.422
5.304
5.907
4.486
1.798
2.412
1.798
2.133
2.271
0.7033
2.471
1.089
1.093
1.733
2.02
1.612
3.207
1.668
3.595e-07
5.772
4.75e-07
2.146
4.19
4.248
5.014
5.978
6.739
4.891
6.518
4.891
4.891
2.843
3.779
1.73
3.134
1.977
4.506
4.552
4.965
4.575
4.689
4.352
2.905
3.609
3.179
5.394
5.462
4.863
5.815
5.546
5.745
5.561
5.266
1.989
4.188
3.264
2.44
1.532
5.126
4.665
3.483
4.382
5.011
4.18
3.317
6.311
2.293
5.811
2.293
5.811
3.317
6.311
0.0
4.871
4.615
2.205
1.51
2.674
5.082
5.117
5.446
4.05
4.266
4.429
3.49
5.465
4.554
2.593
4.962
4.657
6.104
5.246
7.158
5.865
4.572
2.323
4.989
2.081
1.315
1.738
4.661
4.666
4.834
4.766
4.677
4.663
1.69
2.453
1.346
3.237
3.025
3.707
4.822
5.929
5.35
4.744
4.426
1.636
4.041
3.316e-07
2.265
3.142
3.329
3.039
4.375
3.142
5.971
5.164
2.928
5.307
5.063
7.276
5.216
3.848
2.434
5.333
3.519
4.358
4.96
5.984
4.081
7.533
4.17
4.05
2.04
6.423
3.109
6.711
3.48
4.673
2.034
4.275
3.262
3.588
1.835
5.816
4.862
4.849
5.57
4.375
1.935
1.17
5.187e-07
1.518
3.448
2.559
3.603
3.488
5.05
3.633
3.631
3.857
3.857
1.966
4.064
2.394
4.509
4.694
5.379
3.483
4.623
4.18
2.124
1.361
2.004
4.186
2.229
3.687
2.34
2.156
1.585
3.111e-07
3.399
0.9061
1.098
3.98
3.033
3.175
5.37
2.887
4.247
2.887
1.829
3.258
1.823
3.772
4.14
4.327
4.458
5.399
4.379
2.33
3.941
5.23
4.514
6.359
5.94
3.728
5.087
3.193
2.616
4.393
4.455
5.193
6.064
3.976
5.948
2.943
4.91
1.972
4.795
4.414
5.754
6.767
3.585
4.559
3.915
2.777
5.117
5.635
1.764
3.085
3.274
4.384
3.63
3.607
4.811
2.076
3.068
1.394
3.601e-07
1.712
2.16
4.531e-07
2.691
3.046
2.134
1.931
2.03
2.134
2.134
2.496
2.139
2.166
2.307
2.644
3.178
3.356
3.472
3.808
3.359
3.092
4.126e-07
2.473
6.405
8.342
6.214
7.575
7.281
7.86
7.281
3.944
6.305
1.928
2.666
5.934
6.317
6.158
5.152
5.481
2.052
2.843
9.628e-08
2.718
2.498
3.85
2.941
2.924
2.498
0.7624
1.747
1.688
3.46
3.003
5.181
4.781
4.443
4.007
4.448
4.27
4.871
5.328
1.663
2.026
1.706
2.328
3.688
2.524
3.746
4.442
2.272
3.601
3.792
2.994
3.115
1.831
5.141
4.65
5.661
6.255
3.993
3.863
3.141
5.034
3.894
5.385
2.285
4.373
4.228
6.164
4.166
5.315
3.974
3.343
3.034
4.502
4.694
4.624
4.012
6.36
6.345
5.177
1.844
1.999
2.235
1.369
1.613
6.827
5.863
5.925
4.999
5.216
5.634
2.967
4.003
4.173
3.586
4.423
3.473
4.775
2.967
4.44
2.618
2.204
2.986
6.686
5.797
5.06
5.69
6.092
2.406
3.016
2.491
4.119
3.962
4.678
4.992
3.814
3.425
3.919
3.531
5.736
5.811
4.024
4.608
4.68
3.242
1.506
1.972
1.973
3.051
2.835
3.743
2.823
2.653
3.008
4.519
3.425
3.97
4.67
4.92
3.427
6.521
5.045
4.129
5.178
3.526
3.782
2.515
6.736
8.683
7.286
7.213
6.216
7.74
4.618
5.164
3.046
5.216
7.709
7.242
8.747
7.791
6.712
2.346
3.531
3.037
2.087
3.074
3.321
4.446
4.278
3.445
6.144
5.34
1.671
2.562
8.057
9.456
6.648
5.609
8.649
4.122
6.938
1.854
1.996
10.38
11.29
6.76
6.614
10.37
4.29
3.235
3.506
3.091
8.259
7.423
6.494
8.465
7.12
3.927
4.659
3.169
6.229
6.952
5.506
5.738
6.108
6.104
5.66
2.32
3.234
4.135e-07
5.428
6.625
5.036
6.129
3.873
5.036
4.041
2.502
3.505
1.187
8.39
9.035
8.215
9.223
9.043
1.167
2.323
1.646
1.367
2.259
2.346
1.609
3.051
2.036
4.997
1.592
0.9355
2.252
3.201
2.498
6.501
3.163
3.058
2.307
2.997
2.005
1.757
4.4
3.665
3.828
4.999
3.522
3.465
6.66
2.586
3.519
4.121
4.462
7.766
3.465
4.265
4.017
5.561
2.761
9.437
8.513
10.23
9.161
9.328
3.008
4.688
3.008
2.636
5.194
2.423
4.414
5.33
3.71
3.892
4.605
3.828
3.115
2.018
2.631
3.27
3.213
2.695
3.805
4.365
4.851
2.096
2.451
2.636
6.571
4.724
8.528
7.865
7.536
3.467
4.624
5.0
5.849
7.21
6.825
7.529
6.574
6.421
4.974
6.241
4.849
3.846
13.58
11.83
14.95
11.88
13.26
4.252
4.156
3.153
3.804
2.113
5.538
4.626
4.924
4.44
4.483
3.843
2.556
4.527
5.468
5.604
6.36
6.665
5.419
5.638
3.751
2.099
4.582
3.112
4.912
2.619
4.171
3.208
6.265
5.225
5.07
5.329
5.906
3.177
3.773
2.509
1.714
3.829
2.81
2.238
3.332
1.55
2.181
1.546
1.403
2.891
2.313
4.653
3.856
3.084
2.844
2.471
2.339
2.155
1.585
6.006
6.092
6.783
6.222
5.985
2.911
1.938
2.281
1.95
4.009
4.179
5.602
4.257
4.282
3.789
6.889
3.41
9.738
7.687
7.894
7.287
7.825
1.815
3.377
4.112
1.506
5.828
5.662
5.713
5.041
5.382
3.009
3.905
4.047
1.874
5.06
3.575
5.037
4.6
3.326
2.621
2.719
2.644
1.684
4.705
5.89
5.448
5.704
5.429
3.785
2.626
2.605
1.506
10.4
10.66
9.279
9.78
10.21
3.197
2.08
2.263
1.579
8.874
8.957
9.493
8.916
9.566
2.306
4.088
4.995
3.406
5.878
4.453
5.654
4.995
3.872
1.546
3.239
1.857
3.263e-07
4.626
5.195
5.801
5.208
5.869
5.801
4.62
4.493
1.875
2.278
8.445
7.9
6.538
7.208
8.257
4.659
4.592
5.596
5.372
5.575
3.589
4.237
5.593
4.615
7.448
6.837
7.912
7.963
7.607
2.539
1.404
1.728
2.707
5.692
5.143
6.794
5.446
5.574
4.85
4.345
4.699
6.337
5.7
2.636
3.245
3.588
2.166
2.128
6.08
5.79
3.72
4.85
5.248
5.089
3.517
2.992
2.385
4.475
2.522
5.255
4.334
2.818
3.288
4.283
2.839
2.466
4.947
5.397
5.35
7.911
5.771
5.303
7.133
7.133
5.303
2.761
5.805
5.521
4.915
1.875
9.062
8.781
7.97
7.676
9.046
4.074
2.803
3.258
3.708
4.544
4.059
2.624
4.429
4.237
2.815
4.429
1.987
3.257
1.532
1.149
3.639
3.538
4.024
3.335
3.039
4.003
4.653
2.771
1.522
8.903
9.727
8.192
7.851
9.952
3.981
4.748
3.96
5.498
6.308
5.283
5.316
3.913
3.117
3.206
2.704
3.276
1.795
3.765
3.487
4.035
2.316
3.679
3.881
2.378
2.654
10.03
9.592
8.826
8.245
9.844
3.008
4.847
3.239
4.024
4.455
5.558
3.619
5.273
3.85
2.58
2.572
1.027
2.194
1.315
3.276
2.923
4.579
3.936
2.924
3.126
2.099
3.008
2.741
3.858
3.878
6.031
5.394
4.492
1.295
1.678
4.031
3.328
5.33
5.449
4.748
4.491
4.443
1.451
1.117
2.417
2.367
3.632
3.233
2.005
1.802
1.599
2.457
2.323
0.6699
2.752
4.656
5.7
3.769
3.6
4.426
4.208
4.166
4.694e-07
2.582
4.165
9.275
7.641
9.321
9.13
8.905
8.905
2.034
2.81
2.451
3.031
3.265
3.259
2.548
4.3
2.78
4.831
1.578
3.046
1.504
2.346
6.77
5.599
5.102
3.253
4.832
5.22
1.963
2.259
1.512
1.203
5.637
4.891
5.245
5.439
5.315
1.972
2.962
2.459
2.108
5.605
6.362
6.564
7.136
6.308
2.846
4.381
1.458
1.981
6.499
6.375
6.311
5.966
6.349
4.258
4.833
2.658
1.662
2.384
2.857
3.588
3.699
2.489
2.956
1.506
3.283
3.108
7.063
7.4
7.258
8.179
7.701
5.504
2.678
4.718
4.982
4.346
5.005
6.943
3.932
2.98
2.722
2.953
3.353e-08
4.452
4.435
1.611e-07
5.428
5.5
6.821
7.578
7.801
6.821
6.821
2.406
3.264
3.211
3.696
3.672
3.883
3.534
5.698
4.192
2.674
2.005
3.559
3.514
4.827
3.828
4.34
3.965
5.691
3.277
4.453
5.518
5.457
5.183
5.724
7.26
6.044
3.447
3.082
6.622
6.844
9.17
8.359
8.272
3.19
1.895
2.758
3.169
5.739
5.809
6.467
5.703
5.745
3.06
3.692
4.542
9.217
7.556
6.269
6.252
7.492
3.008
4.653
5.03
2.75
4.683
4.448
2.227
6.81
4.447
3.784
3.209
3.107
1.724
4.166
3.244
3.969
3.741
2.648
6.2
3.347
5.196
1.768
5.888
6.394
5.205
5.928
6.494
3.951
4.115
4.129
4.599
8.494
7.049
8.607
8.89
8.351
4.157
2.38
4.285
3.321
8.551
7.901
9.558
7.767
8.001
4.074
2.751
3.258
4.593
4.544
4.396
1.504
1.36
2.283
1.618
4.805
5.693
5.867
5.464
5.805
2.163
1.873
2.241
2.836
1.352
1.666
3.611
3.218
4.364
3.209
3.632
3.676
3.485
3.318
1.905
3.436
3.554
10.1
9.977
8.777
9.041
9.961
1.697
1.114
1.629
1.044
2.583
2.671
3.57
2.876
3.199
4.466
2.682
3.008
4.587
6.371
6.708
6.035
5.23
5.29
1.748
1.991
4.694
3.616
8.316
8.026
8.757
7.689
8.74
4.06
4.182
6.366
9.025
7.506
9.347
9.591
10.08
3.103
3.349
4.192
2.431
8.631
8.48
9.427
9.884
9.822
1.348
1.119
1.894
1.334
2.712
3.302
3.064
2.88
2.738
2.305
3.649
4.024
3.195
3.782
2.838
5.03
3.167
3.614
4.361
3.8e-07
2.3
1.326
6.545
6.793
5.866
6.108
6.646
6.646
2.246
1.506
2.246
3.92
1.988
3.249
4.258
2.495
2.353
2.17
1.662
3.008
4.544
3.208
3.746
5.451
5.466
5.927
4.99
4.101
3.195
2.023
3.861
3.981
6.544
6.843
6.242
6.481
6.731
4.188
4.688
2.475
5.073
2.881
4.548
5.979
6.3
3.008
2.885
1.948
2.274
3.065
8.219
7.501
8.173
8.008
8.414
2.941
3.531
2.975
3.71
3.604
3.752
3.823
4.601
2.521
2.396
2.871
2.262
2.351
6.05
7.046
6.633
6.827
7.322
2.642
3.128
4.605
2.567
11.57
9.708
9.813
8.869
9.842
3.064
3.191
4.243
5.22
6.474
3.915
6.713
6.086
4.547
3.481
2.652
4.628
1.856
11.55
8.383
8.425
8.79
9.181
3.935
4.312
4.267
4.751
9.886
9.619
10.69
10.57
11.07
2.232
3.089
2.668
4.037
5.372
3.045
2.818
3.722
4.051
3.874
3.479
1.856
6.871
6.94
6.781
6.242
6.731
2.384
1.757
3.74
4.136
9.626
8.371
9.638
9.186
9.28
1.831
3.406
2.775
3.288
6.05
5.63
6.28
6.175
5.815
2.889
2.657
3.296
1.96
7.413
6.848
7.482
7.18
7.416
3.288
3.791
2.943
1.925
4.741
3.847
3.033
3.626
2.744
4.776
2.075
2.317
2.73
7.998
7.807
9.0
9.038
8.857
4.271
5.595
4.233
7.509
6.719
8.228
6.981
7.121
7.339
2.133
1.839
2.003
1.463
5.308
5.232
5.865
5.687
5.607
2.557
4.711
4.264
1.877
10.28
10.72
11.06
8.234
10.9
4.101
3.897
4.258
1.557
5.182
4.243
4.954
5.155
3.902
5.479
3.644
2.475
2.689
6.125
5.275
6.539
6.401
5.97
2.856
2.907
2.313
0.8491
6.302
7.01
5.302
5.557
7.045
2.858
2.108
1.89
2.892
6.442
5.391
6.34
6.393
6.526
3.681
1.915
6.247
4.937
4.575
3.527
3.755
3.527
1.596
1.904
2.41
2.233
2.087
4.142
2.844
2.463
2.646
2.745
2.356
1.385
3.655
3.05
2.232
4.03
2.626
2.508
3.844
0.0
3.914
3.705
4.973
3.864
4.818
3.705
3.286
2.108
2.769
2.856
8.946
7.931
9.633
9.54
9.474
4.856
4.904
3.2
2.098
5.318
4.439
4.5
4.686
3.382
4.386
4.933
3.341
1.662
6.533
6.244
5.644
5.57
5.65
3.945
2.317
5.573
2.416
5.625
4.636
6.613
5.559
5.124
2.899
2.108
3.985
3.156
3.985
2.108
3.425
1.639
2.421
1.987
5.022
4.714
6.634
5.831
5.558
3.042
1.018
4.737
2.527
3.459
4.241
2.87
4.866
2.777
3.589
4.079
5.76
5.782
3.337
2.866
3.196
2.549
2.806
10.75
10.32
10.44
10.15
11.25
3.439
3.56
2.041
8.943
9.175
8.733
9.059
9.821
3.296
1.96
2.885
2.778
3.725
4.359
2.701
2.035
2.354
1.792
2.354
1.434
2.682
3.206
2.682
3.956
3.68
3.242
3.563
3.218
3.244
6.161
6.592
6.397
6.756
6.515
4.539
2.786
1.49
1.283
4.782
5.576
3.475
3.781
4.914
1.183
1.054
3.82
9.578
7.487
11.02
10.69
10.87
2.366
3.262
3.04
1.832
5.308
3.625
2.955
4.18
3.569
3.808
4.104
3.451
1.818
5.98
5.808
6.303
6.349
5.582
4.217
4.511
4.25
2.812
4.301
3.472
5.042
5.636
3.41
4.794
2.688
2.918
2.108
5.039
2.247
4.569
2.873
3.266
3.097
3.843
5.304
5.013
5.677
4.972
4.672
6.485
4.739
1.904
1.757
4.253
2.088
7.89
7.962
7.709
7.505
8.22
2.935
2.715
1.69
1.506
2.619
2.544
4.689
3.837
2.471
3.008
4.351
4.575
2.514
5.192
4.534
5.273
5.92
4.83
3.15
2.636
3.963
4.638
9.445
9.001
9.799
9.796
10.07
4.074
3.462
2.108
5.253
4.215
2.521
3.916
3.337
4.61
1.132
2.366
3.339
6.233
6.436
5.154
6.265
6.356
2.881
4.706
3.008
2.555
6.062
4.463
5.003
5.209
4.413
2.755
1.498
4.316
3.463
4.879
4.929
4.686
4.453
4.675
2.577
2.611
2.864
1.336
6.922
6.758
7.288
7.428
7.226
3.082
1.385
3.01
2.678
7.163
6.597
7.581
8.035
7.717
5.276
4.905
2.455
1.385
6.44
5.84
3.564
4.119
5.263
2.1
2.237
0.9559
1.126
5.589
5.495
4.251
4.705
5.571
3.477
3.969
2.981
1.557
5.201
7.232
7.234
7.267
7.271
5.172
2.077
3.077
2.79
4.028
3.801
4.815
2.553
2.269
4.493
4.396
3.944
5.043
5.853
5.28
7.486
5.556
5.608
2.514
5.266
5.23
12.84
9.729
8.435
9.273
10.54
2.57
3.115
0.986
0.8785
2.959
3.116
3.314
3.09
2.749
3.569
3.319
2.52
2.6
6.98
8.644
6.164
6.672
8.11
3.342
2.936
2.774
2.958
2.566
4.411
4.967
4.267
3.886
2.498
1.808
2.492
1.71
2.099
3.315
3.973
3.757
3.232
4.114
1.7
2.958
1.923
6.334
5.227
5.754
4.769
5.213
3.015
2.237
4.026
1.868
3.969
5.227
6.454
5.682
5.177
1.277
1.557
2.078
1.86
2.57
2.601
2.006
1.277
3.008
2.636
4.789
4.958
4.965
5.934
6.369
5.328
4.444
1.948
1.972
3.153
5.671
5.763
4.473
4.611
5.268
2.312
2.633
2.509
2.794
3.758
2.879
3.321
3.802
2.444
2.919
3.777
3.514
4.359
4.859
5.597
4.99
5.181
3.748
1.715
2.668
1.972
2.141
3.679
4.053
3.196
3.489
3.365
6.8
3.043
5.034
3.198
6.163
4.884
6.429
5.399
5.007
5.578
5.461
3.362
6.323
7.688
5.827
7.537
8.34
7.551
2.484
1.994
2.913
3.418
6.999
5.25
4.779
5.062
5.246
2.121
2.694
2.508
3.424
7.133
6.438
8.496
7.817
7.647
4.441
2.042
3.216e-07
3.212
2.636
6.92
7.972
7.69
8.295
7.869
7.869
4.976
2.794
1.972
3.222
4.647
5.295
4.509
3.66
3.997
3.295
1.868
1.977
2.576
6.598
6.499
8.105
7.331
7.242
3.933
4.151
4.16
2.636
3.548
3.959
5.638
5.698
3.008
2.728
3.901
4.546
4.643
4.668
4.155
6.222
6.143
4.729
3.464
2.636
2.898
3.843
10.11
8.358
10.78
10.12
9.482
3.008
2.636
4.143
3.333
8.168
9.191
9.923
8.283
8.224
4.401
2.077
5.484
4.293
4.088
2.266
3.128
4.223
3.457
4.952
8.364
8.95
9.011
9.477
9.679
3.439
2.108
2.366
3.514
3.514
2.108
4.001
1.757
2.724
2.066
6.334
4.664
3.499
4.591
4.836
2.544
1.744
2.074
1.236
3.05
3.838
3.362
3.173
3.016
5.273
2.361
2.57
6.326
2.463
5.969
5.127
1.511
2.085
2.611
3.818
3.48
3.554
3.72
3.813
3.463
1.697
2.412
2.056
3.406
7.67
8.549
8.952
9.13
9.366
2.597
2.005
2.992
1.054
3.323
2.861
2.1
4.18
3.193
3.303
3.359
3.967
2.0
6.727
5.242
5.114
5.048
5.138
4.89
4.067
4.91
5.012
10.19
8.67
10.45
11.65
10.75
4.267
1.454
4.772
4.957
8.721
7.905
9.346
8.292
8.662
3.285
2.28
3.762
2.41
5.665
3.655
5.323
3.86
4.1
0.5516
0.7376
0.6949
1.889
1.73
3.352
3.115
3.414
2.988
3.081
3.226
2.344
4.962
2.017
3.989
5.382
6.014
4.022
5.239
4.976
1.715
5.248
1.333
2.159
3.423
5.182
5.002
5.339
6.841
6.216
6.099
2.57
1.55
3.004
1.394
0.7569
3.194
3.121
2.97
3.133
3.4
2.922
1.664
2.262
5.96e-07
2.463
3.604
3.617
4.691
5.381
3.105
3.102
3.617
2.051
2.521
2.563
1.526
2.747
3.523
3.926
4.11
3.354
1.028
1.431
0.5596
1.679
1.428
5.577
6.097
5.214
4.615
5.415
5.392
0.8919
3.777
2.522
1.404
2.207
2.959
3.211
2.745
4.886
3.31
2.661
1.322
2.94
1.375
1.976
5.643
5.821
4.181
4.657
5.182
1.656
0.7094
2.199e-07
2.441
3.392
3.511
3.068
5.282
3.395
3.733
3.511
2.665
4.161
0.9308
2.89
7.245
7.288
6.743
8.089
6.939
1.699
1.843
3.12
2.418
5.181
4.797
4.638
5.36
4.933
2.306
1.462
1.276
1.387
1.698
6.06
6.376
4.873
5.826
5.785
5.412
3.316e-07
2.211
1.447
2.108
2.25
2.819
2.664
3.048
2.664
2.979e-07
2.469
1.595
1.174
3.819
3.641
3.45
4.126
3.45
3.662
3.317
0.9702
2.39
3.993
4.276
4.427
4.435
4.301
0.9281
2.341
1.993
1.213
2.209
1.253
3.827
4.48
4.18
3.642
4.249
4.807
3.968
1.468
1.706
1.879
1.659
2.552
1.871
1.925
1.882
1.326
1.325
2.519
1.902
1.294
3.366
3.151
2.666
3.491
2.791
1.523
3.414
4.125
1.439
1.71
3.835
3.886
4.008
5.565
5.395
4.189
1.647
3.579
1.366
2.665
5.241
6.543
4.58
4.303
5.088
1.096
4.002
1.242
2.489
8.179
5.998
7.353
9.329
7.443
2.141
3.944
1.31
1.123
3.136
3.046
2.719
4.426
2.802
1.614
2.554
1.157
4.022
4.981
5.501
7.044
7.464
6.528
8.983
7.14
7.945
7.889
1.661
1.203
0.4864
0.7802
4.305
4.327
4.138
4.196
4.347
1.385
4.3
1.085
1.717
5.605
5.364
6.169
6.759
5.716
1.465
5.387
2.227
4.021
4.563
5.599
5.449
6.675
7.571
6.867
6.884
2.22
1.938
1.398
1.954
2.664
3.257
2.108
1.754
2.497
0.6106
1.324
1.299
0.7545
3.678
3.433
3.314
3.134
3.445
1.666
2.517
1.949
2.997
4.633
4.214
3.556
4.656
3.781
1.085
4.876
0.6162
3.746
4.441
4.71
4.353
5.302
4.619
1.313
1.484
2.82
4.195
2.907
3.607
3.727
2.879
2.778
3.495
2.874
1.722
2.179
0.0
2.9
2.765
4.398
2.458
3.146
2.765
2.179e-07
2.553
1.505
2.522
3.606
3.618
3.538
4.457
3.538
1.362
2.095
0.5268
1.053
2.454
2.324
3.066
2.896
3.029
2.808
2.577
1.071
1.289
3.965
2.39
8.025
8.582
7.249
7.328
7.978
2.139
5.504
1.23
2.37
3.629
4.227
3.549
5.875
4.055
0.8548
2.021
1.712
2.582
4.225
4.915
4.153
4.125
4.244
1.074
1.352
1.119
3.009
4.434
4.416
3.995
4.471
3.91
1.624
2.949
2.258
2.095e-07
0.7553
6.241
6.568
5.924
4.69
4.687
6.241
1.79
2.769
2.077e-07
1.09
1.671
3.437
4.039
3.293
3.794
3.783
3.783
1.221
2.175
4.508e-07
2.241
2.914
3.187
2.964
3.802
2.914
1.942
2.657
1.397
0.7555
4.151
4.052
3.574
3.301
4.1
1.524
1.194
1.128
2.394
1.703
5.091
4.343
6.058
5.015
5.251
5.111
1.479
5.895
2.156
3.732
4.642
5.083
6.127
5.474
5.918
7.198
5.77
2.631
2.325
1.611
1.236
6.637
6.995
6.063
5.558
6.787
2.014
2.517
1.695
3.419
4.568
4.529
4.968
6.883
5.228
0.7586
0.7226
1.411
1.519
3.047
3.943
4.07
3.679
3.719
3.99
3.699
5.108
4.371
2.217
2.099
1.162
6.149
7.238
7.253
6.617
7.136
7.288
1.305
1.715
1.409
3.21
1.827
3.875
3.236
3.803
4.491
3.393
3.534
1.127
3.308
1.276
1.912
4.276
4.911
4.027
2.837
4.049
0.8178
1.97
1.017
5.965
1.364
3.433
5.568
3.368
3.902
3.996
3.747
1.014
1.437
1.436
2.367
2.838
4.78
4.807
4.899
4.161
4.299
4.635
1.131
1.206
2.119
1.252
2.705
2.82
2.991
3.154
2.731
0.829
2.036
1.81
1.253
4.691
4.814
4.281
4.497
4.579
1.242
2.307
0.9558
2.039
6.766
7.023
5.699
6.604
6.514
1.486
0.8427
1.69
1.897
2.76
5.987
5.704
5.642
5.774
5.79
5.746
2.756
3.261
3.818e-07
1.65
4.803
5.092
3.41
4.713
4.803
1.511
1.412
2.193
1.364
0.8448
3.925
3.336
4.029
4.031
4.04
3.506
0.6928
0.6526
1.494
2.217
1.867
3.684
3.531
2.805
3.775
3.855
3.804
2.142
2.603
1.112
3.214
2.899
4.025
4.153
1.57
1.909
2.412e-07
1.375
3.228
3.571
3.712
3.813
3.228
1.641
2.441
1.449
2.164
4.384
3.969
3.959
4.079
3.928
2.783
1.587
0.8104
1.918
1.354
5.218
5.342
5.984
6.391
5.316
5.555
0.5325
1.404
1.006
4.254
3.954
4.389
4.55
4.254
4.301
5.331
1.588
2.073
6.868
6.801
7.154
3.899
6.622
3.636
3.582
0.9319
2.294
4.596
5.232
3.608
3.217
4.209
1.696
2.327
1.539
2.496
3.676
4.336
2.832
4.423
3.235
1.202
0.9613
1.107
1.872
5.349
5.625
5.815
5.165
5.616
1.094
4.952
1.652
2.316
3.904
4.22
3.651
6.729
3.967
1.1
1.3
2.106
2.141
2.9
4.125
3.343
2.67
2.732
2.515
2.835
1.267
1.809
2.052
1.081
3.07
3.559
3.566
3.687
3.683
1.793
3.975
1.258
1.431
1.914
4.3
4.592
5.254
4.124
4.734
4.7
1.26
2.591
0.8438
1.119
4.447
4.442
3.84
4.232
4.091
1.631
2.496
0.9896
1.378
3.768
3.934
4.23
4.689
3.966
1.475
1.526
2.027
5.528
2.669
5.1
3.713
3.586
3.077
0.8352
2.7
1.331
3.644
5.613
6.008
5.23
4.994
5.399
1.761
0.8752
2.389
1.002
3.551
3.513
3.236
3.621
3.567
3.287
2.422
1.309
2.307
5.94
4.81
5.716
6.294
5.588
1.672
1.319
1.216
3.287
2.051
2.743
4.006
4.003
3.157
2.983
2.861
2.946
2.352
3.334
2.806
5.083
6.13
4.547
5.593
5.375
1.051
1.523
1.554
1.023
2.702
4.626
4.336
4.961
4.586
4.628
4.414
1.127
2.308
2.623
2.439
3.352
3.363
2.88
3.56
2.795
2.183
1.128
1.191
1.964
4.513
4.754
5.236
4.767
4.808
1.5
2.005
3.081
2.14
0.9944
5.089
3.574
3.43
3.972
4.546
3.547
4.908e-07
2.467
0.9888
1.639
4.506
3.867
4.04
4.382
4.04
1.408
2.455
2.239
2.347
6.188
6.245
6.369
5.089
5.826
2.247
3.045
1.696
2.953
5.608
5.29
5.153
5.026
5.278
2.543e-07
0.8076
1.214
1.743
4.349
3.819
4.274
3.823
3.72
3.908
3.823
2.269
2.624
0.9334
2.368
3.477
4.577
3.267
3.275
3.457
1.149
3.449
3.686
1.996
2.777
5.09
5.371
5.424
6.261
5.507
5.373
2.108
1.104
1.817e-07
1.623
4.8
4.674
4.879
4.583
4.8
0.8458
3.068
1.398
1.327
1.928
5.691
6.216
6.984
5.797
7.127
6.205
2.438
3.292
3.846
3.152
5.232
5.386
5.051
5.301
4.486
0.8728
2.148
2.733
2.857
2.772
3.807
4.589
4.358
4.084
1.872
3.008
1.416
2.217
3.037
3.423
3.826
3.134
3.568
1.901
1.078
2.108
2.414
4.238
4.956
5.086
5.365
5.007
1.234
1.45
0.6785
1.385
4.061
4.269
3.556
3.554
3.882
0.8061
0.6411
1.2
1.394
2.429
2.397
1.796
1.983
2.024
0.8177
3.181
0.8582
2.013
3.837
3.613
4.682
6.157
4.46
1.318
2.488
1.146
0.7144
1.622
5.171
5.834
5.586
5.859
5.243
5.348
1.027
2.303
1.483
1.893
6.551
6.358
5.83
5.701
6.627
0.8729
2.627
2.383
0.9576
0.6017
5.14
5.403
5.007
5.045
5.18
5.333
0.9661
1.807
1.581
1.203
1.541
3.138
2.914
2.838
3.045
3.343
2.774
3.398
5.322
0.9293
4.041
1.977
7.28
9.252
8.091
6.089
7.822
7.491
5.289
1.774
1.213
1.935
1.941
6.34
5.769
6.477
5.954
5.947
6.196
1.276
1.386
2.547e-07
2.285
3.392
3.151
3.686
3.466
3.392
1.653
3.33
1.016
0.5026
5.871
6.133
6.224
6.787
6.058
3.376
3.183
3.264
1.618
7.139
6.745
7.159
7.199
7.265
1.2
1.909
0.9873
2.331
2.588
3.329
2.113
3.509
2.374
1.703
2.152
2.584
0.6132
2.103
6.847
6.7
7.002
5.749
6.594
6.772
3.465e-07
2.632
2.811
1.556
4.008
4.651
4.407
3.974
4.407
2.463
6.523
2.248
1.252
1.417
3.71
4.112
3.392
7.005
3.217
3.466
1.279
1.856
4.163e-07
0.967
3.89
3.557
3.719
4.799
3.89
1.69
3.38
2.283
2.111
3.437
3.513
3.306
3.968
2.828
2.926
2.42
3.165
2.834
5.123
4.432
6.333
5.782
5.487
2.121
1.901
1.356
1.723
4.826
4.971
3.619
3.748
4.867
2.81
1.742
1.494
1.922
1.748
5.948
6.353
5.314
5.716
5.901
6.334
3.305e-07
1.486
1.594
2.309
3.788
3.902
4.495
4.726
4.495
1.441
2.335
1.252
3.555
4.377e-07
4.311
4.575
4.77
5.542
4.794
4.77
1.674
2.546
1.664
1.911
4.351
3.899
3.147
3.61
3.911
3.283e-07
2.593
2.364
2.307
2.629
2.503
1.638
3.201
1.638
1.772
2.197
1.797
2.201
3.027
2.59
3.436
1.764
2.332
2.382
1.247
1.957
2.009
2.01
1.34
2.178
4.637
4.543
3.413
3.864
3.549
4.186
1.202
1.401
2.532
1.398
3.143
3.768
3.65
2.721
3.109
2.667
1.493
5.167
0.5508
1.718
4.158
4.565
3.4
3.506
6.928
3.949
1.578
2.291
2.136
2.033
5.723
5.235
4.965
4.462
4.875
2.204
1.715
1.42
0.8023
2.94
4.223
4.667
3.463
5.157
5.019
4.737
2.495
2.634
1.395
1.925
4.246
5.209
5.065
5.307
4.752
1.881
2.186
2.406
1.811
0.8338
3.828
3.991
4.364
3.806
3.983
4.024
1.106
1.692
2.147
3.178
4.488
4.384
4.954
5.283
4.991
2.973e-07
2.259
1.009
0.6972
1.353
5.255
5.097
5.149
5.627
5.139
5.149
2.545
2.673
1.478
0.8475
1.759
4.444
5.195
4.009
4.176
4.103
4.296
1.402
0.8752
1.006
2.697
1.177
4.897
5.023
4.815
5.913
5.005
5.066
1.052
1.342
1.829
2.345
0.9947
4.284
4.395
4.356
3.556
3.866
4.169
0.9625
1.743
1.851
2.974
3.881
4.082
4.033
3.744
3.745
2.342
1.65
9.185e-08
1.185
4.87
4.762
5.141
4.88
4.87
1.027
0.9627
1.516
1.41
1.434
6.505
5.489
6.051
6.029
5.626
5.836
1.247
1.32
1.366
2.063
3.94
3.636
3.488
4.091
3.737
2.189
1.34
2.719e-07
1.479
2.991
2.493
3.159
3.849
3.463
2.738
2.738
1.053
4.754
1.99
1.943
2.539
2.963
3.33
6.711
3.45
1.106
0.9335
1.606
2.285
3.515
3.898
4.146
4.037
3.526
3.036
3.751
4.216
1.993
1.534
2.24
1.974
6.299
6.936
6.159
5.503
5.918
6.297
1.879
3.101
2.409
3.452
3.6
6.331
4.207
5.444
5.029
5.839
5.294
3.063
2.967
2.496e-07
2.598
6.489
6.528
5.182
5.484
6.489
2.233
1.605
0.5444
1.466
6.624e-07
4.554
4.566
4.729
4.568
5.034
4.729
3.53e-07
2.839
1.11
1.997
4.234
4.441
4.08
4.165
4.08
2.072
4.435
2.21
4.11
4.455
4.842
6.166
7.549
5.282
1.137
2.329
2.301
2.409
5.654
5.26
5.608
5.901
5.799
1.021
1.239
2.479
4.01
5.6
5.837
6.678
6.46
6.357
2.756
2.863
2.15
2.33
2.284
2.388
2.292
2.845
3.224
2.521
1.12
1.616
2.363
2.003
2.419
2.876
3.221
3.163
4.154
3.107
0.6382
3.085
2.399
1.43
4.205
3.664
3.88
4.038
4.0
1.31
1.166
1.812
1.453
0.9699
1.498
4.344
4.671
4.862
4.942
4.855
5.328
4.782
1.315
3.24
4.022
3.546
3.577
4.978
5.653
6.41
6.732
6.382
6.696
0.6945
1.001
4.044e-07
0.8862
1.958
4.082
4.226
4.275
4.298
4.182
4.182
0.6253
4.709
1.1
2.344
4.176
5.425
4.119
2.754
4.477
2.339
4.896
3.035
1.746
5.749
4.696
3.147
5.027
4.254
1.616
4.419
0.6252
0.7906
4.994e-07
3.262
3.05
3.092
3.102
4.738
3.092
1.36e-07
1.8
1.496
2.345
3.23
4.393
3.478
3.636
3.478
2.894
3.704
0.886
0.8423
4.133
4.588
3.47
3.916
4.359
2.157e-07
1.365
1.514
1.805
2.6
3.728
4.537
4.032
4.028
3.668
4.032
1.821
1.533
1.75
1.184
1.948
5.109
4.356
5.655
5.229
5.239
5.123
1.489
1.912
2.906e-07
2.919
2.589
4.354
3.396
2.598
2.589
0.872
1.393
1.071
2.958
2.359
4.256
5.065
5.845
4.864
4.703
4.739
0.0
1.185
1.414
1.505
4.042
3.731
3.511
3.573
3.511
1.526
0.9712
1.329
4.209
7.93
4.075
7.028
4.997
4.822
4.942
4.641
2.445
1.247
1.039
1.844
2.371
3.312
3.071
2.213
2.226
3.039
2.592
3.989
1.43e-07
2.31
4.636
5.233
4.34
4.901
5.288
4.636
1.675
2.031
1.365
0.882
4.786
4.36
3.935
4.325
4.411
0.6947
1.842
2.241
0.9056
3.776
5.232
6.74
5.251
5.42
5.545
5.184
4.452e-07
1.271
0.577
1.817
2.045
2.169
2.003
2.559
2.003
1.59
1.055
1.873
1.947
1.49
3.863
4.308
3.444
3.651
3.517
3.595
0.6476
1.757
0.9754
1.738
3.057
2.82
2.853
3.224
2.687
4.882e-07
2.157
1.546
2.919
1.485
5.804
3.868
4.126
3.094
4.052
4.126
1.203
0.8506
2.293
3.455
4.406
4.241
4.123
4.192
4.215
1.761
1.959
1.004
0.8104
1.755
4.283
4.55
4.749
4.431
4.239
4.256
0.6471
1.545
1.457
1.539
4.42
4.112
4.403
4.668
4.598
2.409
2.522
2.189
1.202
1.303
6.047
6.506
6.034
6.226
6.498
6.45
1.166
3.092
0.8682
0.7533
2.729
2.957
2.229
3.568
2.725
1.452
1.59
2.98e-07
2.024
2.732
3.214
2.538
2.834
2.732
1.188
1.921
4.55e-07
0.0
7.348
7.009
8.009
7.155
6.861
7.009
7.009
1.8
3.828
1.928
2.847
6.005
4.936
4.514
4.414
5.665
1.149
2.735
2.812
2.082
3.984
7.224
6.226
8.305
8.732
9.056
8.212
1.827
2.959
2.597
1.794
3.396
4.201
4.571
4.278
5.476
5.618
5.01
2.553
1.446
1.877
2.237
3.579
5.265
4.846
4.822
4.439
4.607
4.747
0.944
0.9278
1.006
0.3702
4.326
3.828
3.644
3.736
3.875
2.716
3.415
1.79
1.506
7.282
6.931
7.767
5.608
6.829
1.874
2.745
4.843e-07
1.725
4.507
3.68
5.462
5.916
4.507
1.972
1.757
0.851
2.271
4.782
5.275
5.219
5.256
4.918
2.396
1.399
1.649
0.8645
4.638
5.085
4.992
4.506
4.913
1.483
0.5553
1.318
1.038
4.318
4.89
4.277
5.063
4.85
2.078
2.503
2.78
2.587
2.78
2.587
2.078
2.503
2.2e-07
1.7
2.128
1.302
1.078
5.008
5.163
5.579
5.444
5.271
1.414
0.9307
1.45
0.9338
4.261
4.225
5.273
4.554
4.447
1.69
1.078
2.837
2.793
3.734
3.978
3.924
3.342
3.331
2.045
1.171
2.325
2.684
0.4936
4.498
5.598
5.904
5.563
4.542
5.524
3.028
3.55
1.794
2.325
3.998
2.994
4.081
5.842
3.521
2.185
1.06
1.931
1.037
2.85
2.47
3.255
2.346
2.187
2.719
2.613
2.887e-07
0.3173
5.677
5.731
5.496
5.103
5.677
1.355
1.727
0.9273
0.8414
0.7808
4.462
4.14
4.655
4.648
4.324
4.324
4.369
2.051
2.731
2.555
4.312
4.085
5.088
3.078
3.171
1.479
1.318
1.854
1.091
6.836
6.699
6.906
7.037
6.988
3.159
3.003
2.33
0.5805
7.497
6.884
5.106
5.565
6.903
1.849
1.039
1.49
2.435
7.103
5.656
6.622
6.402
6.422
1.6
0.9908
1.357
1.669
3.583
3.218
3.106
3.424
3.142
1.3
2.3
1.296
1.968
1.922
3.422
3.237
3.705
4.565
3.99
3.95
1.16
2.314
1.018
1.449
5.611
5.262
5.61
5.49
5.307
1.594
0.9584
2.929
1.114
2.858
3.612
4.125
5.2
3.666
3.912
3.826
1.946
1.254
1.202
1.976
4.35
4.588
5.602
4.786
4.774
1.761
2.044
2.612
1.787
6.464
7.199
6.604
6.664
7.244
1.196
0.953
2.239
1.357
5.901
5.589
5.192
5.868
5.973
3.177
2.931
1.65
1.038
2.915
2.91
3.806
3.51
2.512
2.331
2.213
1.661
1.232
4.115
3.462
3.832
3.92
3.556
2.116e-07
1.025
2.071
1.187
4.702
4.623
4.323
4.163
4.323
1.275
1.446
1.545
1.609
2.662
3.252
2.962
3.266
2.832
4.4
1.787
1.256
1.249
6.33
6.843
6.363
6.32
6.173
2.218
3.477
2.268
1.692
2.857
3.448
3.642
4.64
3.608
1.229
1.584
1.47
0.9993
4.925
5.092
4.273
5.348
4.759
1.526
1.63
2.593
1.577
2.722
2.475
2.016
2.514
1.938
1.767
2.275
2.457
1.039
3.722
3.58
3.493
3.718
3.273
2.965
2.328
1.408
1.74
5.209
4.182
5.751
4.611
4.5
1.323
1.054
0.8309
1.326
6.648
6.881
7.056
6.714
6.678
1.99
1.882
4.366
5.242
8.534
8.648
6.985
7.284
7.02
2.221
1.275
1.599
1.352
4.08
4.033
3.982
4.563
4.212
1.983
1.279
0.8684
3.206
3.03
3.598
3.032
2.954
1.318
1.792
1.043
5.213
4.969
3.856
5.427
5.187
2.216
1.683
1.482
2.138
5.432
5.809
5.519
5.734
5.618
0.8382
1.366
1.062
0.643
3.722
2.978
3.131
3.342
3.201
2.696
1.168
1.455
2.443
3.536
4.121
2.855
2.944
2.769
2.147
1.664
2.485
1.339
2.41
2.378
2.36
2.158
2.205
1.608
1.72
1.521
0.7034
4.141
3.916
4.294
3.133
3.712
2.736
0.6346
2.394
1.276
4.626
3.28
3.344
3.033
3.302
0.9525
2.887
1.782
2.363
4.738
5.038
4.405
4.788
4.349
2.271
3.905
1.64
3.064
4.211
5.283
4.052
4.801
4.074
2.208
0.6346
2.232
1.334
2.709
2.925
3.51
2.926
2.869
1.556
2.271
2.846
2.993
5.216
4.793
5.773
5.932
5.156
1.16
0.8386
3.111e-07
1.352
4.156
4.206
3.918
4.304
4.156
0.8602
1.454
1.21
1.253
2.687
3.422
2.992
3.354
3.006
1.267
2.082
0.7408
1.22
4.501
4.218
4.408
4.599
4.562
1.188
1.287
2.296
1.929
5.875
5.512
5.787
6.068
5.875
1.665
1.832
1.35
0.9584
4.314
4.461
4.437
4.318
4.2
3.409
2.805
1.911
0.9877
4.427
3.911
4.264
4.515
3.77
5.254
2.077
2.469
1.889
4.364
4.277
5.716
3.961
3.638
1.874
0.9379
0.8508
0.6924
5.582
5.627
4.991
5.602
5.585
3.739
3.911
6.232
3.527
7.614
5.782
8.836
7.555
6.64
1.093
2.46
2.584
0.9095
5.014
5.627
5.035
5.318
5.521
1.972
2.108
1.879
1.054
4.206
4.728
4.874
5.066
4.425
1.076
1.729
1.331
0.7969
2.528
3.051
3.249
3.102
2.957
2.227
2.879
1.178
1.279
3.511
3.492
2.327
3.052
3.281
1.877
1.213
0.7284
0.8883
3.999
4.344
4.916
4.423
4.074
1.318
2.965
1.408
1.672
4.698
4.314
4.638
4.642
4.56
1.551
1.598
1.735
1.554
4.691
5.44
4.426
5.284
4.808
1.712
0.4442
0.986
1.297
3.43
3.366
3.662
3.223
3.077
2.477
2.471
2.976
4.007
4.212
5.23
4.014
1.71
1.444
1.616
0.4936
3.932
2.933
2.093
2.549
3.019
2.796
2.246
2.586
1.378
4.726
4.925
6.102
6.143
4.82
1.721
0.4936
2.144
3.175
8.215
6.681
7.627
7.84
7.913
1.375
1.136
1.136
0.7796
4.603
4.506
4.755
4.125
4.356
1.92
1.124
1.893
1.699
2.192
2.046
2.592
2.039
1.605
2.534
1.606
1.506
3.771
4.441
4.259
4.018
4.259
1.315
2.043
0.8451
1.193
4.93
4.34
5.613
5.162
5.057
1.566
1.01
0.8018
0.5857
4.281
4.617
4.979
4.755
4.577
2.049
1.201
2.044
3.019
3.305
4.485
5.471
5.017
4.819
3.017
2.84
2.569
1.984
5.96
4.855
4.409
5.331
5.352
2.213
1.422
2.465
1.289
2.779
2.619
3.065
1.672
1.972
1.682
1.528
1.519
1.124
5.962
5.71
5.604
6.353
5.947
1.216
1.389
2.016
1.036
2.821
2.674
2.697
2.652
2.275
1.234
1.424
2.292
1.39
4.148
4.721
4.412
4.549
4.464
2.215
2.234
2.121
1.57
3.963
3.938
4.341
4.311
3.555
2.431
1.6
2.906
1.206
4.769
4.256
5.045
4.093
4.396
1.304
1.546
2.051
2.347
2.942
2.888
2.699
2.836
2.427
1.678
2.052
1.911
1.597
4.26
3.66
3.685
4.191
3.556
3.525
0.8492
1.704
1.403
3.711
4.476
4.09
4.526
4.37
3.058
3.087
0.5945
1.501
3.868
3.547
4.715
4.552
3.997
2.695
3.36
0.7389
0.7623
4.397
4.249
3.713
6.49
4.518
1.202
1.066
4.29
2.242
4.071
4.335
3.509
3.467
3.755
1.479
2.391
3.419
3.28
4.388
3.863
5.225
5.75
5.206
1.883
0.9584
1.092
1.187
4.15
4.105
4.385
4.287
4.215
1.829
3.914
3.812
2.979
5.528
6.055
4.981
6.839
5.053
1.076
0.9112
1.603
1.171
4.222
4.069
4.371
4.124
4.261
1.729
0.7553
2.785
3.124
1.676
4.723
4.847
4.308
5.458
5.251
5.15
2.975
1.175
2.389
2.246
4.387
4.483
4.87
3.937
3.886
1.616
2.902
2.0
1.43
4.421
4.585
4.134
5.012
4.703
3.083
2.474
1.625
0.7966
4.183
4.534
3.902
3.973
4.434
2.589
1.907
1.595
0.8109
6.386
6.21
6.941
6.014
6.163
2.811
1.258
3.065
1.078
3.689
3.019
3.746
3.752
3.255
1.81
1.128
3.036e-07
0.4038
2.552
2.708
3.156
3.115
2.552
1.183
1.054
1.518
0.8586
4.774
5.006
5.056
5.45
5.127
1.596
1.529
2.224
0.6346
4.246
4.217
4.509
4.569
4.34
2.538
1.051
2.49
1.074
4.803
3.689
3.493
3.225
3.487
2.608
1.585
1.881
1.923
2.985
2.88
3.232
2.333
1.847
1.275
1.372
2.01
1.343
3.137
2.669
3.377
3.205
2.871
3.0
1.448
2.383
1.313
4.812
3.558
2.699
4.681
3.824
1.987
2.59
1.237
1.225
5.389
5.703
5.41
5.25
5.264
4.545e-07
1.178
4.421
2.128
6.203
5.394
6.86
7.313
6.86
1.647
0.6418
1.306
2.121
3.44
3.248
2.956
2.865
3.033
3.073
3.642
1.479
0.9232
4.148
4.657
4.321
4.736
4.332
3.268
1.347
2.078
2.568
3.422
5.058
2.928
4.179
3.899
2.696
1.974
2.215
1.442
5.811
4.655
3.874
4.141
4.756
1.64
2.362
1.06
2.498
1.376
2.953
2.437
2.433
1.521
1.987
1.385
1.245
0.6924
5.458
5.889
6.209
5.815
5.827
1.953
1.318
1.236
0.6877
3.512
3.652
3.8
3.9
3.674
1.846
1.918
1.793
0.8492
5.298
5.135
4.697
4.896
4.94
2.079
1.318
1.694
0.4936
1.848
2.31
2.559
1.808
2.303
1.653
0.9696
1.334
0.9532
2.89
2.817
3.506
3.019
3.019
4.598
3.083
2.408
1.662
4.315
5.158
4.527
5.668
5.418
2.751
0.8885
2.345
1.334
6.544
7.205
7.258
6.492
6.747
1.108
0.6201
3.815
1.757
6.652
6.756
7.03
7.259
7.087
4.025
2.165
2.235
2.054
6.774
6.561
8.45
7.618
7.203
2.237
1.171
1.173
1.29
3.709
4.001
4.942
3.755
3.658
4.217
1.68
1.589
0.6877
5.325
4.526
4.31
4.794
4.645
3.446
1.557
2.043
1.495
3.69
4.054
3.494
3.314
3.491
1.207
1.072
1.057
0.7632
3.679
3.391
3.958
3.643
3.36
2.484
2.112
0.4552
1.158
4.78
5.285
4.298
4.866
4.757
1.187
0.8492
1.754
1.941
3.382
2.294
2.151
2.458
2.361
1.008
1.119
2.654
1.69
3.548
4.577
5.702
5.491
5.358
0.7562
0.9646
2.244e-07
0.847
2.566
2.79
2.609
2.832
2.566
1.882
1.229
3.151
1.203
5.107
6.063
6.361
5.947
6.033
1.417
1.426
3.188
1.882
4.299
3.181
3.168
3.336
3.044
1.577
0.6286
1.233
1.869
1.348
3.589
3.243
2.87
3.268
3.525
3.208
2.435
0.5553
1.479
1.259
4.462
4.316
3.112
3.901
3.88
1.695
1.597
1.605
2.077
3.366
3.635
4.53
3.885
3.806
1.377
3.339
1.208
0.4936
6.849
6.566
6.178
6.847
6.524
3.057
1.669
1.653
0.5553
5.746
5.942
6.412
6.091
5.877
1.999
0.4038
1.616
0.5656
2.612
2.507
2.876
2.361
2.273
1.102
0.5445
1.068
1.039
3.37
3.464
3.342
3.583
3.525
3.147
2.176
3.51
0.6346
3.96
5.336
4.626
6.296
5.595
2.32
2.36
1.573
0.9594
3.698
4.024
4.327
4.621
4.256
2.758
1.334
2.821
1.391
3.24
4.791
4.266
4.64
4.347
1.216
0.6363
1.602
1.731
6.715
6.703
6.493
6.481
6.423
2.099
1.283
2.097
1.162
3.545
4.267
3.998
4.372
4.029
0.9713
0.7472
1.71
0.8469
4.012
3.769
3.564
3.592
3.72
2.848
1.286
1.54
1.587
4.249
4.15
3.593
4.352
4.347
1.067
1.171
0.9722
1.564
4.729
5.061
4.601
5.199
4.924
2.318
1.829
1.411
1.506
2.192
3.27
1.822
4.237
2.997
3.371e-07
3.066
2.634
1.465
3.05
3.138
2.973
3.765
2.973
2.441
1.223
0.9305
0.5548
5.581
5.61
4.097
5.69
5.49
1.847
2.087
1.886e-07
0.9232
3.964
3.855
4.844
3.583
3.964
1.616
1.038
1.178
1.81
2.191
3.191
2.404
2.249
2.132
4.451
3.015
2.09
2.164
5.062
4.385
5.751
6.122
4.901
3.558
1.868
1.852
1.979
6.656
7.183
5.072
7.365
6.672
1.313
0.753
2.091
0.9799
3.981
4.235
3.929
4.034
3.927
2.491
1.039
1.848
1.449
4.148
4.614
4.883
4.333
4.379
3.4
1.963
3.379
1.757
5.541
6.128
5.214
5.816
5.759
1.821
1.034
4.668
3.666
5.491
6.586
7.41
6.727
7.047
2.508
1.187
1.665
1.104
2.53
3.234
3.424
2.857
3.016
0.696
0.6201
1.024
0.9584
3.847
3.782
3.514
3.512
3.556
2.204
1.605
1.005
1.171
7.459
7.943
8.273
8.36
8.096
1.044
1.142
1.527
1.4
4.292
4.338
4.28
3.974
4.049
0.8829
0.798
4.25
1.079
4.406
4.483
5.059
4.958
4.963
2.147
1.609
1.705
1.374
3.298
2.878
3.551
3.593
2.784
1.479
1.318
1.864
1.171
3.49
3.198
3.451
3.61
3.185
2.021
1.338
1.47
1.292
3.991
4.205
4.777
3.954
3.999
0.9627
0.8737
4.513e-07
1.765
5.853
5.602
6.29
6.137
5.853
2.116
2.663
3.457
3.929
8.414
7.533
7.375
7.449
8.229
2.271
2.17
1.46
0.9623
0.6981
3.652
3.328
3.965
3.86
3.688
3.436
1.942
0.5845
0.9761
0.6843
2.533
2.101
2.362
2.014
2.017
1.183
1.482
1.206
0.6589
3.757
3.826
3.496
3.845
3.824
1.52
1.546
2.733
2.412
5.188
6.176
5.594
5.425
5.335
2.453
0.5553
1.647
2.361
6.933
6.011
7.821
6.911
6.783
1.202
0.9008
0.9101
1.122
5.071
4.67
4.369
4.366
4.734
2.841
3.239
1.077
1.364
6.579
6.21
7.163
6.393
6.366
2.621
3.315
4.123
1.335
9.922
6.782
7.343
6.391
6.896
1.516
0.9035
1.631
1.655
3.272
3.045
3.585
2.802
3.039
2.074
3.198
1.785
1.153
5.309
6.0
6.014
5.246
5.789
1.549
1.682
1.753
2.316
3.656
3.535
3.48
3.955
3.991
1.889
0.4916
2.268
1.436
3.248
3.373
4.012
3.829
3.746
2.307
1.654
1.139
1.045
3.44
2.793
2.698
2.856
2.66
3.296
1.757
0.0
0.9991
4.412
4.606
5.254
4.504
4.412
3.024e-07
1.21
1.566
1.512
1.038
4.886
4.668
4.817
4.761
4.895
4.817
1.077
1.32
1.944
0.8755
6.05
6.83
5.886
6.257
6.745
1.613
0.7406
2.497
2.649
6.681
6.523
7.279
7.515
7.248
1.801
1.844
7.151
3.468
6.916
5.606
4.652
4.235
4.368
1.76
3.535
3.007
1.448
3.488
3.86
3.808
4.384
3.92
2.867
3.418
1.286
1.119
6.068
6.253
5.828
6.038
6.221
0.849
2.103
3.621
2.369
6.258
5.357
5.538
5.882
5.47
2.268
1.506
2.139
1.038
5.582
5.108
5.9
5.11
4.827
2.934
2.553
2.712
2.627
3.506
3.257
4.538
3.791
2.665
4.451
1.32
1.424
2.206
5.016
5.666
5.24
5.757
5.461
1.941
1.251
1.373
0.3417
5.253
5.109
4.395
4.933
5.206
2.495
1.677
1.377
1.875
3.611
3.347
3.949
3.421
3.2
2.307
1.85
3.8e-07
1.894
3.093
2.71
1.989
3.352
3.093
2.364
2.268
1.399
1.645
6.645
5.912
6.397
5.484
5.842
2.245
1.686
2.146
1.492
6.062
5.446
6.208
5.278
5.592
1.141
2.307
0.0
1.187
1.404
5.017
4.839
5.406
4.648
4.673
5.017
5.545
2.603
3.04
1.078
6.413
6.082
6.305
5.883
6.396
1.048
2.515
1.87
1.761
4.843
5.038
3.969
4.08
4.495
1.169
1.215
2.227
1.582
4.599
4.825
4.698
4.322
4.824
1.076
0.9584
1.266
1.058
4.047
4.061
3.723
3.866
3.888
2.815
1.839
0.948
1.449e-07
1.054
1.806
1.749
3.584
2.799
2.108
1.806
1.83
1.132
3.079
2.17
5.563
4.353
4.489
4.618
4.506
1.146
1.123
1.589
1.743
4.79
4.054
4.744
4.028
4.274
2.317
1.318
1.504
2.048
3.171
2.869
4.203
4.032
3.796
1.006e-07
0.678
1.521
0.6391
5.61
5.131
5.126
5.17
5.126
0.6051
0.9877
1.2
0.9232
5.037
5.731
5.784
5.959
5.724
3.361
3.144
3.659
3.223
5.744
5.283
5.038
5.266
6.365
2.017
1.168
0.8306
0.6589
4.918
5.068
5.478
5.103
4.974
1.709
1.123
0.6864
0.9839
4.066
3.838
3.224
3.686
3.903
1.084
0.7553
2.687
2.615
6.176
6.155
5.879
5.682
5.6
3.326
1.757
1.311
1.34
4.611
4.099
5.013
4.358
4.32
2.499
1.757
0.6354
0.6386
4.506
4.652
4.677
4.71
4.761
1.177
0.961
2.873e-07
0.9336
2.596
2.552
2.307
2.069
2.596
0.9341
0.3916
1.777
1.497
4.506
4.62
4.196
4.295
4.275
5.493
7.466
5.751
7.745
7.536
10.3
8.525
8.143
5.361
7.995
11.74
10.33
5.093
7.396
8.801
5.652
4.538
4.96
5.92
6.575
9.982
8.222
4.204
8.278
7.654
8.485
5.705
6.543
7.601
8.178
6.006
6.49
6.862
5.472
9.336
7.28
11.95
8.958
7.319
6.017
7.03
5.903
8.115
9.616
6.963
6.077
7.829
7.034
8.275
7.703
8.749
9.424
7.042
4.662
7.269
8.365
6.209
10.15
5.946
5.734
8.568
6.232
7.656
9.351
8.356
6.864
7.175
7.919
5.324
10.68
4.459
8.987
7.805
9.027
10.89
7.357
6.402
6.572
8.653
8.265
9.419
6.924
5.475
6.229
5.597
12.13
7.253
9.569
8.729
5.343
8.726
6.985
5.325
6.234
6.436
7.631
9.164
8.099
5.14
6.788
6.98
7.08
6.724
4.242
4.927
6.469
5.739
6.782
6.462
5.477
7.602
8.717
6.581
6.76
6.337
4.136
6.055
6.349
6.439
7.756
5.68
6.267
8.344
7.565
5.896
8.149
7.44
9.318
7.501
5.762
4.81
9.727
6.955
4.977
9.08
5.545
6.23
6.437
8.187
8.98
6.509
6.17
7.625
5.904
8.514
7.09
6.199
13.18
5.562
8.889
9.002
7.204
12.44
8.943
9.06
4.177
10.38
4.998
7.843
6.246
9.871
7.643
6.846
6.618
4.942
8.365
7.426
12.22
10.58
6.816
6.127
5.839
6.303
9.96
7.108
8.162
5.36
7.006
4.262
4.081
6.347
6.77
7.464
7.316
11.2
8.12
7.488
8.042
7.132
6.585
8.593
6.994
9.465
6.434
7.701
7.081
10.67
8.435
6.466
8.743
7.497
5.725
6.531
9.934
8.07
6.687
9.057
4.458
6.209
9.178
8.921
7.736
9.451
9.404
9.434
8.009
6.358
7.814
10.32
7.56
5.956
9.141
10.95
5.398
5.054
9.455
10.08
5.968
7.78
7.182
6.179
5.485
6.61
7.509
9.189
6.281
6.606
10.53
7.198
6.197
8.858
