83.49
18.95
0.0
93.21
88.44
42.34
0.0
17.58
149.4
92.02
92.72
83.29
46.99
186.0
0.0
77.64
123.5
32.67
44.13
104.0
30.95
34.06
150.5
134.8
164.6
62.91
17.99
81.36
151.8
77.07
46.93
0.0
71.86
103.3
130.1
33.75
42.19
27.31
54.17
138.8
48.85
65.31
166.9
61.38
33.9
53.03
77.22
2.68e-06
121.6
174.3
62.46
0.0
28.27
52.99
112.4
175.1
106.4
97.29
57.51
54.84
45.11
63.64
58.69
108.1
68.88
75.68
0.0
71.54
47.97
3.093e-06
158.9
91.33
137.0
64.87
111.4
0.0
35.61
56.07
54.97
51.83
36.62
0.0
33.9
101.4
72.11
2.441e-06
131.5
39.2
51.24
83.28
36.32
53.69
0.0
33.91
228.3
69.92
185.6
108.2
155.7
65.91
52.91
54.99
77.55
78.15
277.7
1.837e-06
159.3
138.0
22.6
118.0
3.953e-06
95.65
60.22
0.0
108.1
49.57
1.902e-06
85.15
29.24
27.76
4.398e-06
53.94
64.15
113.4
60.31
69.58
67.76
55.45
54.16
65.2
22.4
59.29
8.541e-06
140.4
157.9
87.96
152.0
36.91
53.24
48.32
0.0
97.95
68.49
51.18
154.0
56.02
0.0
49.66
138.7
44.28
38.12
27.18
135.8
43.4
50.48
161.4
140.3
45.44
43.05
99.63
37.43
0.0
46.11
81.35
31.17
58.08
0.0
69.01
28.98
174.7
167.3
88.94
84.59
43.77
93.77
82.07
47.01
111.7
27.41
2.89e-06
43.15
56.63
39.73
65.72
119.1
56.68
128.4
40.39
155.0
75.51
226.4
165.8
178.8
215.2
57.38
48.4
71.4
32.79
85.24
0.0
51.94
87.77
179.0
70.22
151.6
183.8
13.24
166.2
115.1
106.3
47.96
0.0
73.89
82.64
38.02
28.26
59.89
142.6
180.6
56.64
53.82
138.9
75.17
80.84
158.6
69.54
76.02
195.0
97.63
152.1
37.63
41.43
140.6
224.8
89.05
162.4
89.05
3.171e-06
125.3
0.0
29.0
0.0
82.17
136.2
0.0
39.06
88.91
63.24
31.04
54.89
53.93
62.34
94.49
70.07
46.19
214.9
98.71
76.66
68.88
120.9
36.78
38.71
188.3
0.0
25.19
236.4
8.807e-06
43.99
67.07
93.75
0.0
37.57
49.64
60.67
155.8
131.0
0.0
24.55
129.1
46.61
69.33
88.03
59.98
133.6
79.74
36.31
122.5
0.0
98.21
165.3
233.2
83.39
147.9
41.17
75.7
128.7
0.0
43.63
165.3
88.87
99.33
133.8
61.5
35.71
57.91
26.32
61.47
57.48
113.6
102.2
72.11
115.9
45.95
49.42
78.07
96.14
61.13
85.95
107.8
94.57
102.8
63.87
126.8
65.43
61.84
47.58
114.4
82.31
48.97
86.04
68.29
177.2
133.0
161.6
65.95
42.93
22.96
51.83
102.3
154.8
80.1
73.28
106.7
57.98
0.0
236.4
0.0
56.64
41.32
16.31
67.97
0.0
63.61
75.11
38.92
65.56
64.58
0.0
47.46
132.7
81.08
47.39
187.2
185.3
62.55
36.64
42.51
0.0
73.02
41.44
49.23
118.3
162.0
61.03
55.06
52.85
50.65
0.0
61.58
27.78
34.64
7.347e-06
68.27
41.22
51.38
144.1
89.77
115.5
65.61
83.02
3.499e-06
38.06
79.37
98.56
147.9
65.68
68.92
71.04
73.46
65.19
185.0
37.26
0.0
46.37
119.4
65.91
35.66
55.62
149.4
46.75
78.12
147.7
58.07
53.84
49.14
62.39
30.57
40.41
65.69
95.78
70.23
69.28
0.0
0.0
52.78
134.8
49.29
119.8
0.0
39.51
37.4
56.64
22.2
53.69
169.0
87.59
120.8
88.18
41.73
47.84
410.9
0.0
0.0
75.88
63.32
54.84
48.68
163.9
31.38
447.4
95.53
82.45
131.0
126.8
85.95
101.8
32.16
116.3
0.0
163.1
31.23
0.0
89.05
65.22
41.16
83.39
45.68
51.07
51.68
18.58
70.68
316.8
62.89
35.43
191.3
82.62
28.01
127.2
50.53
0.0
9.349e-06
121.8
69.36
61.14
87.08
87.75
41.68
0.0
23.32
44.83
122.8
73.87
177.9
66.16
25.47
118.2
233.1
0.0
151.3
33.2
0.0
39.09
0.0
94.79
3.243e-06
7.418
44.09
34.28
54.21
83.29
37.69
44.12
125.9
63.47
64.72
8.541e-06
59.99
47.39
139.7
34.49
40.16
130.6
26.32
41.35
56.49
93.06
114.4
33.51
144.2
52.0
60.37
40.06
73.41
247.4
59.63
0.0
48.76
102.1
70.14
96.26
34.23
35.99
128.3
42.28
56.07
46.7
229.3
44.49
40.68
50.22
68.99
103.6
69.49
27.4
49.81
37.18
65.7
82.93
41.9
52.61
107.6
51.57
82.53
121.8
0.0
68.12
108.2
67.59
56.75
33.8
49.53
37.72
84.93
0.0
45.42
41.46
128.7
150.5
196.3
0.0
68.39
0.0
49.29
75.31
62.29
126.5
60.39
90.57
0.0
63.73
56.03
109.5
22.0
43.41
91.09
93.98
122.1
40.85
39.31
45.92
101.6
80.69
0.0
139.0
0.0
95.56
89.62
60.74
60.15
56.29
39.17
58.53
89.02
0.0
77.38
177.5
12.41
154.5
36.05
50.91
4.649e-06
94.26
70.7
62.02
118.8
50.78
3.605e-06
60.52
71.54
109.6
89.38
0.0
0.0
96.05
138.9
0.0
97.67
94.04
214.0
101.6
44.34
162.2
44.63
163.7
87.12
45.31
66.72
79.37
86.87
74.74
0.0
107.8
164.8
38.82
29.62
81.0
16.49
0.0
48.33
26.49
81.05
44.11
32.36
86.87
118.7
58.53
250.5
52.22
54.62
40.18
67.22
0.0
108.5
5.026e-06
147.9
0.0
73.97
167.5
33.37
219.8
0.0
60.4
48.85
167.8
102.7
105.9
156.6
91.57
29.25
23.12
111.0
139.1
78.98
50.5
115.3
45.69
35.63
0.0
176.6
56.78
35.2
0.0
42.37
95.01
107.5
29.71
63.55
69.19
120.5
48.82
156.9
56.78
27.37
81.55
77.1
17.79
0.0
49.32
69.75
67.37
94.1
38.82
160.0
87.73
160.8
54.62
23.61
119.1
94.22
39.73
81.13
161.7
154.2
33.54
43.07
208.2
56.39
22.21
192.8
53.72
158.8
35.63
21.02
67.26
50.74
55.57
0.0
82.48
57.91
0.0
73.47
114.9
86.04
96.74
84.77
75.88
30.85
54.69
44.63
2.68e-06
94.87
32.48
67.68
90.18
135.9
65.02
61.99
74.6
70.63
29.82
35.27
162.4
45.22
79.59
100.3
60.76
140.9
72.18
55.08
41.47
82.75
74.82
57.01
0.0
0.0
54.12
143.4
108.0
77.93
155.0
0.0
98.85
144.9
70.96
62.31
120.5
84.59
66.47
39.25
28.09
58.51
90.2
4.918e-06
121.8
52.69
80.18
177.3
62.7
56.48
161.9
16.9
0.0
18.63
193.7
59.35
96.63
0.0
97.59
46.28
106.7
158.0
189.9
0.0
43.43
137.3
79.35
129.1
87.45
0.0
70.77
51.47
100.7
32.62
105.9
75.96
95.48
69.54
0.0
42.49
96.26
60.53
49.22
52.81
47.32
16.65
217.2
88.83
51.88
49.97
61.19
122.3
91.46
0.0
49.52
33.99
18.95
25.46
20.22
88.91
113.8
0.0
90.27
103.5
113.0
50.21
0.0
50.34
103.6
68.26
82.77
130.2
29.56
73.69
23.47
59.02
50.75
146.3
115.5
36.53
87.4
121.4
27.8
94.49
203.8
117.0
46.46
55.73
38.63
0.0
0.0
118.8
68.39
56.03
95.78
61.25
28.85
2.02e-06
109.7
35.72
75.3
109.3
28.32
3.169e-06
58.19
48.06
86.14
37.52
93.21
0.0
67.41
92.71
0.0
184.1
90.23
133.9
141.6
70.04
124.1
48.39
97.82
83.84
47.17
20.37
83.88
156.2
180.0
35.15
110.0
222.3
54.76
168.0
74.11
78.4
81.62
148.6
68.24
49.18
0.0
80.32
40.46
216.3
82.45
57.98
72.14
72.91
64.46
79.38
14.51
65.96
146.3
40.5
176.8
64.53
0.0
0.0
0.0
87.12
105.7
107.5
46.37
59.45
88.39
46.74
75.86
177.1
48.96
52.72
65.01
66.66
102.1
53.7
0.0
166.0
60.57
71.52
95.52
37.9
0.0
78.65
99.57
0.0
29.34
69.93
95.02
42.52
46.87
64.51
80.82
145.8
26.06
235.5
159.5
151.5
60.37
145.0
22.7
63.69
83.84
109.2
72.56
57.29
36.43
0.0
83.65
55.79
53.48
48.21
76.09
35.81
24.83
113.8
0.0
43.03
206.8
77.04
350.2
77.5
74.0
66.02
27.75
185.6
49.54
49.99
120.9
125.9
67.0
100.9
163.1
103.3
51.61
104.8
116.4
77.91
55.93
34.38
266.4
23.71
35.02
37.28
187.4
98.17
47.68
69.1
29.55
32.54
134.9
44.12
41.09
134.8
102.0
46.67
106.5
75.96
53.02
73.77
0.0
89.86
160.4
115.6
91.19
77.08
108.2
62.71
95.56
77.55
143.8
18.23
28.49
0.0
270.7
0.0
36.84
39.89
73.04
148.5
45.22
70.5
101.1
59.37
57.04
263.6
79.12
85.89
88.18
0.0
68.82
75.64
0.0
76.62
0.0
40.99
70.57
46.36
85.24
48.64
0.0
98.96
60.17
43.03
47.02
0.0
84.98
67.93
86.87
75.74
52.06
80.69
67.84
158.3
58.83
102.3
57.56
0.0
137.8
113.6
62.73
100.8
37.26
0.0
196.3
65.06
113.5
31.61
265.9
49.82
101.4
52.91
22.02
54.88
51.0
55.37
76.31
0.0
75.17
102.3
0.0
185.6
85.89
128.0
77.91
49.81
42.6
109.0
51.48
58.72
27.18
73.5
0.0
75.88
75.11
131.9
158.6
144.1
49.63
194.7
71.59
30.09
34.73
109.5
174.1
46.37
91.3
0.0
35.72
65.5
126.9
93.25
76.09
141.7
94.22
36.63
109.8
46.19
66.91
7.211e-06
167.3
116.3
58.07
0.0
132.1
107.0
26.37
0.0
69.93
70.57
58.94
50.69
58.76
23.24
79.74
124.1
31.94
64.0
0.0
0.0
73.69
70.03
67.37
59.3
66.92
74.67
123.0
61.25
46.26
62.79
214.9
93.95
38.02
64.35
157.0
111.8
127.0
116.4
5.002e-06
84.98
48.82
0.0
0.0
0.0
61.14
27.87
30.75
69.58
38.79
90.27
31.09
28.68
24.63
102.0
37.79
0.0
42.11
73.79
97.91
189.0
71.8
0.0
47.88
131.7
72.16
105.8
63.63
5.568e-06
71.55
156.7
64.32
121.8
28.49
199.5
0.0
69.64
0.0
116.4
63.13
65.33
0.0
26.86
54.37
164.0
83.74
97.26
79.03
115.9
45.75
156.3
35.64
55.84
89.66
42.24
79.17
76.17
74.74
133.5
18.8
131.2
187.9
56.71
8.736e-06
72.56
60.1
167.9
37.11
74.55
56.69
19.92
5.321e-06
149.8
36.74
22.9
104.6
98.15
24.79
99.33
288.0
0.0
110.3
54.9
148.4
81.51
100.4
76.61
79.13
62.15
56.63
53.69
68.26
105.7
151.8
34.66
91.19
117.4
175.9
48.06
52.72
0.0
64.35
24.41
65.27
170.6
74.47
41.87
75.16
161.9
0.0
35.63
184.2
30.79
79.08
3.028e-06
21.12
35.55
73.92
61.19
37.18
115.6
46.82
68.31
0.0
76.2
63.41
56.78
54.4
179.9
47.44
27.46
169.9
83.29
123.7
175.3
54.24
40.63
101.6
22.34
45.73
58.47
0.0
64.77
63.58
68.27
0.0
86.06
42.1
108.0
27.05
27.45
67.66
63.44
74.03
169.6
157.0
0.0
28.03
53.69
54.75
51.21
73.16
41.06
64.53
36.51
141.8
35.05
0.0
56.16
82.74
29.81
202.7
73.32
0.0
0.0
51.92
60.28
0.0
41.53
3.846e-06
176.8
0.0
0.0
40.96
59.78
0.0
46.74
0.0
139.4
38.81
52.63
23.64
0.0
61.09
38.89
127.0
65.21
94.83
234.0
60.26
47.34
89.71
40.5
41.88
52.45
220.3
41.25
64.72
58.19
76.02
42.94
0.0
84.54
27.45
62.2
155.8
84.98
2.464e-06
65.55
141.5
182.8
236.2
0.0
77.64
81.51
58.57
0.0
67.91
37.77
51.66
143.5
136.0
115.5
182.0
31.38
26.82
0.0
37.26
55.82
59.33
93.95
32.07
84.54
78.12
157.6
34.97
134.0
35.02
157.7
180.5
0.0
147.2
111.5
139.5
53.25
109.3
70.7
50.58
75.29
0.0
6.932e-06
64.29
57.63
35.8
40.05
87.01
33.85
77.31
75.76
53.74
48.43
64.72
75.41
69.58
134.8
0.0
77.31
50.5
33.97
0.0
0.0
181.0
193.6
46.13
0.0
51.18
96.0
0.0
0.0
0.0
102.8
0.0
78.31
154.7
39.74
158.2
23.28
73.01
79.73
43.7
59.89
50.95
67.57
58.76
19.98
43.78
62.77
29.58
2.33e-06
0.0
45.07
75.84
34.99
71.53
0.0
0.0
87.4
30.2
52.5
54.68
182.4
252.0
75.3
0.0
45.42
29.68
89.62
54.27
43.08
122.3
152.5
75.79
42.98
147.7
127.4
0.0
29.73
0.0
75.7
0.0
145.5
42.01
117.0
3.523e-06
68.23
54.02
123.8
101.7
22.02
161.1
63.29
47.71
39.35
171.9
129.1
53.02
61.25
203.0
154.4
34.75
184.8
62.6
51.38
160.9
157.4
37.85
0.0
68.57
0.0
91.18
0.0
47.78
0.0
9.075e-06
46.2
48.56
69.44
217.0
50.48
194.0
40.77
62.01
136.1
0.0
0.0
92.81
68.29
153.9
103.4
200.2
206.8
200.1
64.16
0.0
166.6
34.16
62.38
54.81
193.7
64.0
0.0
84.9
211.9
49.41
0.0
16.44
121.5
33.42
42.72
28.92
100.8
25.6
3.305e-06
42.94
58.72
52.2
88.92
99.88
148.0
42.39
227.0
77.05
38.08
235.6
51.67
64.99
0.0
0.0
180.6
32.34
28.95
0.0
54.93
94.17
22.51
35.53
0.0
98.85
20.99
63.87
108.4
60.81
74.36
115.6
0.0
92.54
0.0
46.28
115.6
159.8
65.32
49.45
39.29
67.84
0.0
2.487e-06
54.87
83.79
73.16
88.87
59.68
162.2
158.0
72.22
31.36
100.7
160.5
64.99
83.37
93.25
55.97
36.5
75.57
62.02
56.56
30.93
68.85
28.26
37.15
61.47
35.5
47.84
27.12
75.96
92.33
2.306e-06
37.48
139.5
157.7
48.8
56.51
21.67
0.0
95.93
49.34
68.52
106.4
69.44
182.3
34.29
61.61
27.71
87.59
68.85
26.64
6.167
55.45
48.38
118.7
0.0
96.73
52.21
159.7
148.4
54.78
79.74
62.02
61.61
74.03
193.9
83.65
94.26
46.88
91.13
208.2
0.0
0.0
22.77
75.6
70.76
43.42
44.12
65.14
76.06
77.05
163.9
117.0
74.11
53.25
63.52
48.7
40.38
18.2
184.1
133.0
24.58
36.1
139.4
236.0
176.3
33.43
4.918e-06
6.961e-06
49.76
49.19
52.78
50.25
76.31
149.2
26.77
93.41
49.53
56.63
73.22
54.0
0.0
56.37
209.3
127.2
75.19
131.2
43.03
85.4
86.11
43.61
0.0
109.6
93.41
97.82
155.8
58.47
172.6
0.0
69.21
0.0
187.4
45.79
102.3
84.72
58.45
53.6
42.46
87.8
134.0
82.72
62.34
40.67
136.9
107.6
47.13
0.0
50.73
170.6
73.39
38.59
55.67
34.08
62.29
66.97
35.9
51.72
5.388e-06
36.77
55.15
0.0
29.89
74.82
59.13
66.25
0.0
38.56
101.0
0.0
46.96
27.97
76.68
64.59
38.93
154.2
186.5
161.5
49.22
63.52
163.0
74.36
122.2
0.0
156.8
82.97
90.79
82.74
0.0
67.78
73.01
24.37
122.1
80.62
75.41
58.82
275.2
99.63
48.76
56.61
27.02
121.4
168.1
0.0
38.71
132.7
26.4
186.5
132.7
316.5
208.7
29.8
109.2
78.45
26.94
52.76
81.6
45.53
41.97
69.79
51.88
140.4
49.21
101.6
99.59
36.45
0.0
163.7
52.42
0.0
65.99
48.02
41.34
97.95
78.55
52.81
0.0
67.23
57.29
120.7
135.3
66.95
22.39
49.77
0.0
33.35
65.93
36.67
113.1
244.1
68.7
127.2
24.46
37.54
0.0
39.57
73.22
150.6
185.6
56.87
50.88
25.12
69.26
79.21
132.1
64.34
172.0
102.7
56.58
0.0
56.67
170.9
121.1
47.54
61.33
72.86
139.0
87.85
54.04
72.75
87.3
48.57
88.44
150.5
36.8
49.44
92.93
165.6
236.2
0.0
36.21
164.4
167.2
75.3
229.3
32.63
63.49
171.8
16.33
17.67
49.67
57.0
0.0
59.37
45.23
20.65
64.77
156.0
122.2
63.11
58.9
44.02
184.9
38.89
171.1
41.13
0.0
124.0
94.2
32.76
156.3
42.34
91.76
65.62
30.3
33.58
58.72
66.48
115.5
181.5
162.5
36.9
188.0
48.72
30.73
57.38
185.2
94.79
38.84
0.0
62.98
159.1
0.0
6.621e-06
62.55
55.39
0.0
97.12
166.4
201.5
41.93
60.72
90.18
143.0
28.78
41.58
55.03
29.0
220.0
49.0
79.33
129.1
0.0
95.29
70.61
202.5
40.84
86.05
24.9
77.91
48.03
127.1
77.33
2.441e-06
29.92
99.57
0.0
46.75
210.3
0.0
70.53
0.0
169.9
0.0
25.31
71.11
41.69
52.33
93.77
33.07
0.0
42.66
39.56
52.85
0.0
66.31
89.05
46.2
78.18
88.3
188.1
0.0
92.81
0.0
75.2
59.29
142.3
39.22
32.53
21.45
146.9
0.0
65.31
113.1
0.0
51.21
78.46
157.4
97.67
60.1
137.0
0.0
57.06
106.7
65.69
52.63
27.05
62.05
153.8
67.72
68.31
95.54
230.3
34.1
39.12
45.33
55.45
58.29
183.1
71.26
0.0
40.41
156.8
82.53
0.0
80.15
156.6
0.0
264.7
10.74
3.499e-06
101.8
39.17
72.9
80.18
33.33
127.0
117.6
0.0
197.0
68.65
14.46
67.73
62.55
94.17
50.58
95.65
45.4
63.48
102.0
28.92
57.29
156.0
26.02
123.7
50.63
244.2
49.04
45.27
102.7
0.0
35.5
50.62
112.8
106.4
40.15
131.5
128.9
6.621e-06
48.21
37.99
79.77
87.59
51.35
97.46
53.41
205.5
60.49
99.56
23.93
57.21
0.0
31.47
165.7
0.0
56.15
54.87
60.36
46.96
56.48
61.97
46.78
235.2
89.86
257.0
31.18
189.9
34.75
71.34
69.96
32.05
53.15
83.88
30.35
41.62
42.97
29.8
77.13
65.24
99.6
56.23
361.0
0.0
59.42
46.97
55.94
1.155e-06
149.0
71.02
102.2
49.82
213.8
74.6
169.4
66.04
55.45
0.0
45.11
65.46
67.07
156.6
88.49
58.66
61.23
191.2
44.99
101.1
0.0
183.4
139.9
49.78
46.32
161.2
67.05
170.7
72.9
95.54
82.66
155.8
43.57
2.673e-06
29.71
0.0
0.0
69.28
165.3
90.87
123.8
48.25
72.22
24.23
51.9
65.09
41.98
49.83
40.43
76.3
158.2
118.2
0.0
0.0
122.1
4.649e-06
53.99
161.7
79.03
158.8
184.1
118.0
61.21
43.13
46.77
59.3
21.1
128.5
45.01
65.61
83.02
116.9
148.5
172.4
52.6
3.605e-06
178.1
165.1
54.89
0.0
74.83
63.78
0.0
44.12
37.84
59.58
137.3
65.98
51.84
111.1
0.0
109.0
55.2
0.0
56.36
227.0
152.5
61.49
0.0
23.94
155.4
78.08
61.45
103.3
34.83
28.91
0.0
57.86
83.29
47.19
51.47
128.8
40.35
31.87
87.59
0.0
66.94
147.9
221.2
176.2
64.92
52.45
118.8
56.37
173.3
51.54
121.8
51.47
84.9
53.71
72.86
50.65
75.74
43.76
58.73
237.2
182.1
95.04
66.46
122.3
110.5
39.29
38.72
206.6
0.0
41.58
84.03
3.325e-06
122.4
0.0
39.25
72.66
52.63
67.16
0.0
23.04
204.0
62.04
40.69
165.3
177.5
37.97
50.55
17.84
32.38
0.0
0.0
94.87
0.0
166.3
40.37
26.32
0.0
121.1
22.9
85.03
55.98
43.78
0.0
124.6
42.13
0.0
193.2
38.88
0.0
152.4
0.0
269.9
51.32
220.0
134.9
101.9
71.08
51.45
40.49
37.59
182.9
38.53
74.47
0.0
42.88
74.11
0.0
77.03
51.4
99.59
206.6
35.61
50.18
0.0
0.0
42.08
40.88
44.11
51.66
71.53
0.0
185.0
67.39
0.0
43.39
61.15
67.78
54.4
83.12
194.0
40.7
206.8
70.95
0.0
158.3
31.4
67.71
31.69
0.0
47.15
88.94
53.93
63.76
174.2
103.7
35.57
98.96
0.0
52.46
88.44
53.03
54.55
55.71
2.524e-06
164.7
53.0
199.6
164.1
54.44
46.17
92.93
54.43
78.07
0.0
113.0
54.84
64.32
74.24
234.0
78.21
81.13
0.0
29.63
72.66
46.42
107.4
58.86
245.9
32.87
68.98
0.0
55.73
70.39
34.48
189.3
28.97
71.26
37.18
101.2
99.87
56.63
57.06
96.05
21.51
184.8
28.95
23.4
116.4
41.82
193.9
31.36
181.5
80.15
78.28
49.54
181.7
57.29
26.3
6.509e-06
65.17
4.216e-06
33.54
46.26
27.76
56.63
0.0
31.67
159.2
30.92
45.86
23.55
64.55
171.9
61.29
14.92
4.771e-06
59.02
54.62
139.4
79.37
72.91
177.1
179.7
35.89
0.0
85.68
48.7
114.4
61.8
234.4
6.767e-06
47.91
49.14
72.69
86.22
30.62
0.0
77.08
49.34
85.68
150.6
15.8
21.93
63.61
28.04
97.64
49.02
82.77
23.13
150.6
82.78
95.52
0.0
75.56
9.349e-06
122.1
41.96
43.22
156.8
55.54
48.89
44.92
50.13
66.97
5.186e-06
0.0
228.7
22.19
55.32
165.8
0.0
59.36
76.83
39.78
0.0
2.524e-06
53.67
52.51
47.35
146.3
88.92
24.01
47.59
62.73
0.0
62.04
91.35
136.7
65.24
0.0
70.63
33.77
55.8
33.62
139.0
126.3
35.87
143.4
61.45
28.35
168.4
69.27
0.0
38.83
54.67
29.87
176.2
219.9
0.0
43.76
27.8
34.96
16.67
58.66
113.4
27.58
67.82
0.0
0.0
183.3
187.9
152.4
106.4
0.0
65.33
61.04
58.88
19.27
119.4
149.4
46.15
0.0
160.0
75.53
145.4
92.51
58.89
38.97
138.0
41.48
109.7
38.53
80.39
139.5
128.8
159.8
57.18
38.36
77.5
57.37
0.0
0.0
92.54
31.96
0.0
0.0
217.1
124.3
44.89
0.0
130.2
17.36
53.88
238.3
0.0
52.99
13.4
48.46
0.0
179.5
56.29
0.0
57.7
38.23
133.8
65.15
41.8
46.41
35.95
66.54
55.57
84.57
52.81
83.97
211.9
22.67
81.19
68.95
27.61
56.38
54.16
57.27
25.68
73.88
223.0
163.7
39.84
29.56
124.6
25.69
54.5
62.24
63.11
34.39
91.46
98.56
27.72
154.4
111.1
60.22
168.5
63.6
36.28
0.0
0.0
32.77
57.72
47.8
107.4
77.03
33.97
174.7
134.0
66.48
76.34
39.22
132.5
62.68
63.52
56.05
71.54
145.0
22.36
154.0
34.08
0.0
69.7
73.87
207.4
0.0
0.0
152.2
171.6
0.0
58.81
76.51
33.58
260.4
30.93
78.4
104.1
54.88
0.0
49.11
64.32
0.0
157.9
0.0
193.2
0.0
0.0
34.12
46.9
73.01
0.0
0.0
48.06
81.01
0.0
0.0
48.89
36.62
126.8
57.94
143.0
165.3
51.0
91.46
28.39
0.0
108.2
183.6
170.2
38.92
87.14
225.9
176.4
63.07
54.78
45.93
27.05
48.94
34.98
91.57
21.73
164.0
277.2
52.51
88.49
52.37
65.69
20.27
52.89
95.29
162.0
104.8
0.0
56.38
78.28
65.02
27.66
62.54
102.7
24.54
34.38
30.75
51.35
135.9
32.89
163.7
46.03
0.0
60.14
150.7
68.32
148.0
82.4
114.3
104.6
57.63
163.1
23.53
53.97
167.4
46.54
59.5
51.92
20.57
199.5
37.79
120.9
62.6
79.33
68.99
74.48
51.07
23.35
36.54
38.46
56.49
47.26
119.7
78.71
147.6
48.24
52.22
60.99
0.0
0.0
0.0
28.04
197.7
179.3
0.0
44.82
0.0
70.06
26.32
145.1
0.0
55.3
47.65
49.65
68.81
174.7
62.73
179.3
0.0
74.83
98.71
149.1
102.8
34.46
34.8
0.0
76.41
41.46
51.03
22.28
170.7
46.3
29.03
59.69
58.35
174.8
97.8
123.7
0.0
0.0
117.4
0.0
36.28
104.1
79.73
105.9
47.95
55.12
48.44
47.74
161.2
0.0
58.0
0.0
132.0
52.7
67.0
84.36
0.0
75.41
59.79
53.88
14.13
67.95
176.5
103.3
52.81
47.19
122.2
56.97
0.0
28.03
42.94
160.9
2.299e-06
54.17
64.22
165.8
57.94
50.11
47.06
91.81
24.35
26.63
0.0
18.27
0.0
0.0
36.7
0.0
160.8
51.18
60.02
101.8
68.66
55.44
91.13
98.71
37.41
54.84
55.29
55.3
145.3
0.0
192.5
2.873e-06
2.272e-06
161.5
33.08
69.34
21.91
118.8
158.9
34.55
48.82
33.74
64.95
54.13
172.6
0.0
155.4
56.75
15.37
150.5
167.9
131.7
71.11
52.09
42.39
43.1
47.01
117.6
48.04
17.45
36.47
178.1
80.69
99.88
50.25
31.91
130.1
107.0
200.2
0.0
33.33
0.0
58.01
284.0
156.2
0.0
104.6
63.48
201.1
41.97
121.6
133.5
106.6
47.35
92.02
24.12
69.1
0.0
41.69
58.1
16.58
27.4
30.91
177.6
120.8
39.64
0.0
82.06
0.0
65.43
0.0
67.05
0.0
157.3
183.1
73.27
75.45
52.25
88.39
80.1
111.4
83.53
48.91
45.1
67.4
44.15
94.47
106.7
163.3
110.3
77.72
49.28
71.53
55.41
153.8
53.66
0.0
23.62
0.0
31.26
73.02
49.42
0.0
55.26
53.69
38.43
71.07
17.57
152.6
279.9
0.0
157.5
48.4
0.0
73.47
50.73
40.59
46.11
195.5
81.35
37.2
0.0
53.36
76.65
68.75
32.17
43.4
0.0
39.72
57.04
55.61
58.4
0.0
235.3
37.92
22.28
52.17
0.0
76.06
116.2
159.3
27.16
74.01
166.7
54.4
25.25
185.7
84.87
39.71
46.32
60.77
0.0
149.8
117.3
88.82
0.0
21.48
0.0
50.36
0.0
62.8
119.8
105.9
143.4
149.7
46.2
22.13
45.06
0.0
91.76
56.55
0.0
69.83
225.9
158.3
43.31
160.4
39.52
25.06
42.01
114.2
0.0
0.0
76.34
37.8
50.73
3.846e-06
147.2
56.14
0.0
139.5
210.1
37.25
78.89
52.05
19.66
35.72
153.4
108.2
0.0
200.5
237.3
19.22
76.15
236.4
43.74
32.22
139.7
81.35
91.49
101.7
0.0
122.4
77.21
53.44
277.2
36.74
86.45
43.74
67.39
61.99
175.9
63.23
37.57
0.0
127.4
29.78
62.91
54.78
43.07
64.04
0.0
85.34
42.79
53.39
219.8
0.0
57.47
71.36
27.93
235.4
92.32
27.97
0.0
41.35
166.6
273.4
0.0
0.0
0.0
46.99
42.8
140.1
0.0
73.64
44.27
122.5
157.6
42.44
0.0
21.91
233.1
127.2
48.08
13.06
31.21
55.94
87.27
0.0
68.72
171.7
37.54
54.09
76.77
0.0
22.3
350.2
72.63
62.58
38.53
69.05
140.3
40.45
48.38
125.9
40.5
161.4
0.0
21.51
32.47
21.73
0.0
53.94
60.59
191.6
156.4
0.0
0.0
123.0
0.0
113.5
51.85
56.61
101.6
0.0
183.0
54.45
160.5
163.1
37.59
90.02
46.11
55.36
161.5
