9.959
9.469
7.236
6.901
9.954
8.369
6.465
6.117
4.749
13.15
8.2
13.5
4.71
8.169
7.814
7.77
9.779
12.65
8.078
11.34
7.128
9.778
9.599
4.164
7.469
11.9
5.201
8.336
10.75
9.057
6.945
7.196
6.965
8.682
9.587
11.09
14.61
8.805
9.775
9.021
10.32
8.467
11.56
11.06
12.71
10.74
7.105
9.226
5.546
8.733
9.25
8.506
17.32
5.791
11.02
7.601
7.537
6.15
5.818
8.134
6.97
6.684
9.367
6.151
6.699
9.487
4.374
5.736
11.78
12.55
8.175
12.35
10.59
14.66
13.81
15.33
7.192
7.167
10.26
11.51
9.891
8.005
12.0
5.324
7.312
12.05
9.687
6.698
10.41
14.44
12.89
7.486
7.168
8.264
9.139
8.14
7.987
11.01
10.41
14.93
10.24
6.452
8.528
7.452
6.834
12.46
5.984
5.724
7.892
8.477
8.509
7.661
14.73
12.43
7.424
7.974
6.994
8.809
11.5
7.462
6.396
10.9
15.81
9.206
7.912
8.374
9.389
7.244
7.827
7.841
9.047
15.45
6.262
6.679
7.354
7.506
3.794
11.52
16.38
14.18
7.995
7.403
3.796
3.099
7.233
8.9
7.881
6.723
8.795
6.123
8.604
10.24
4.866
11.57
7.503
11.08
15.85
12.92
7.858
12.61
13.31
8.714
6.81
9.536
6.466
10.31
8.65
9.289
8.707
14.6
10.71
7.264
7.679
7.575
8.467
5.254
8.036
11.6
11.3
7.273
6.386
11.04
7.037
6.72
10.21
7.284
14.09
7.169
11.24
10.06
7.998
13.43
10.19
9.39
12.59
6.437
6.651
9.274
10.31
7.744
6.448
9.022
7.611
10.79
7.144
6.73
6.196
13.3
5.932
5.923
6.553
7.634
9.578
13.33
14.93
7.938
8.182
7.552
6.786
7.092
8.1
7.113
5.973
6.718
6.047
8.148
11.85
12.93
7.235
7.859
5.693
8.02
6.403
11.7
13.01
10.74
9.352
7.773
14.59
9.243
8.15
4.353
6.757
9.501
7.109
17.9
10.44
6.159
8.202
5.023
6.659
12.56
6.799
12.6
7.583
9.622
7.313
7.009
7.492
9.488
7.211
13.6
7.043
6.761
8.556
12.8
6.537
6.59
9.976
6.412
13.52
8.117
6.226
6.735
8.422
8.927
8.57
7.017
15.44
4.666
9.445
6.257
10.97
12.32
16.19
11.31
9.319
7.138
8.185
10.22
9.214
7.285
4.716
6.173
7.326
7.863
5.649
5.283
7.622
9.554
5.901
5.631
8.337
8.978
8.536
10.61
9.579
8.687
15.59
4.312
15.0
9.536
8.436
8.026
12.98
8.275
10.05
8.075
5.366
7.681
9.684
8.902
9.41
7.458
8.268
12.14
6.937
9.924
9.65
6.727
7.917
13.92
7.614
9.689
5.223
6.797
10.74
5.667
12.75
9.49
7.852
8.559
9.879
10.49
9.533
6.501
8.584
9.21
7.266
5.507
6.892
9.9
6.004
7.181
11.53
8.2
11.35
6.86
5.985
14.47
7.918
7.414
8.617
8.746
8.436
10.72
7.487
6.419
6.41
5.231
8.745
7.133
13.28
10.38
6.38
8.362
6.908
8.426
10.57
7.504
8.913
8.09
8.379
12.25
7.148
5.449
12.98
13.65
11.33
5.288
10.31
9.673
8.582
8.677
8.249
12.77
4.881
6.501
10.54
6.379
6.961
7.51
6.05
8.867
10.0
5.883
7.333
11.08
7.47
7.879
6.66
6.118
12.88
8.624
5.117
10.43
5.118
5.82
8.996
8.54
9.206
7.043
10.09
8.466
9.916
9.636
8.66
6.274
7.839
11.91
7.76
7.496
6.74
6.872
15.74
10.07
9.605
7.272
13.22
6.591
10.5
3.282
9.217
7.988
10.15
9.127
11.96
7.368
8.963
6.745
8.438
13.71
7.342
12.33
13.38
9.422
9.802
8.692
11.1
6.665
7.41
9.23
12.71
11.13
14.74
5.971
6.697
7.735
6.79
6.527
10.56
10.19
10.42
10.92
5.482
9.681
7.652
9.637
6.509
9.673
12.59
10.15
8.186
6.59
7.185
9.681
10.36
7.551
8.376
9.771
5.111
5.462
7.647
9.13
8.075
6.779
6.637
8.886
8.304
10.43
7.575
5.935
6.896
6.759
8.666
3.211
13.14
15.28
8.251
7.579
7.868
12.06
8.983
8.176
6.284
12.78
10.29
12.43
9.095
8.276
7.162
7.28
7.409
8.598
10.33
7.953
13.19
7.859
9.028
9.934
10.12
8.168
6.591
12.93
8.271
5.877
6.867
6.741
8.812
7.991
7.979
9.652
10.08
7.136
7.838
8.067
6.961
7.884
9.344
6.544
10.18
10.11
6.711
17.46
12.55
7.235
7.953
8.046
13.97
9.639
12.93
7.987
9.292
11.57
8.912
7.909
5.664
7.653
6.565
8.301
8.004
5.194
7.661
9.014
9.645
12.09
10.58
9.737
5.298
10.82
7.312
6.443
9.27
8.29
7.381
8.367
10.84
8.612
12.89
9.739
9.086
8.838
10.52
4.982
6.995
6.626
7.135
8.428
8.989
12.14
7.116
11.24
7.695
6.269
7.03
11.32
8.605
11.01
6.584
7.018
8.502
5.93
6.416
5.927
11.51
7.286
7.716
6.626
9.567
7.441
7.916
9.527
12.03
6.805
7.612
5.128
7.179
8.117
9.053
8.725
7.133
10.2
7.627
7.445
8.705
6.934
8.459
5.538
5.925
9.41
12.54
12.64
6.334
6.263
18.85
14.84
7.474
10.36
16.53
8.104
6.99
7.525
10.35
7.227
8.243
5.818
7.019
8.875
11.92
8.638
8.304
7.198
4.983
7.655
12.87
9.448
7.209
13.7
10.31
8.426
6.184
11.04
6.823
15.16
14.69
9.208
9.491
7.034
12.14
7.647
11.21
11.68
8.172
5.143
8.142
7.604
6.705
10.03
7.115
7.567
6.929
9.151
14.34
9.583
10.19
6.953
13.19
13.55
10.08
8.064
7.142
10.51
12.13
6.924
9.231
5.722
5.649
11.82
7.604
7.274
9.439
9.1
5.456
8.137
10.42
7.511
7.392
11.69
6.02
12.44
7.639
6.902
11.92
7.942
9.051
11.05
9.692
6.749
11.78
11.03
7.388
6.76
9.09
3.952
5.945
15.07
8.188
9.307
12.24
6.106
5.338
8.825
6.498
4.52
7.325
9.575
10.08
9.267
9.424
5.725
4.725
8.962
8.074
9.107
6.721
11.04
8.086
14.16
9.399
15.29
8.732
10.91
7.189
7.499
10.35
3.986
6.351
14.06
10.57
4.934
14.16
5.792
9.447
7.498
12.91
6.245
6.065
7.632
10.13
6.243
7.559
8.605
10.06
7.339
10.48
7.582
9.492
7.511
12.89
7.995
9.618
8.283
12.97
14.53
10.01
11.84
8.792
7.014
13.75
13.61
6.336
11.02
11.47
9.854
8.794
10.97
9.237
7.292
9.96
7.899
8.683
7.456
7.071
8.061
6.294
9.135
6.878
15.93
7.144
6.247
10.9
7.196
7.848
7.623
6.433
9.062
10.26
6.563
10.98
9.102
6.584
9.407
6.891
7.577
8.608
14.74
6.061
11.66
8.537
10.24
10.22
11.6
12.86
5.57
4.794
9.031
11.12
6.865
6.698
12.45
6.306
10.62
11.79
3.909
7.568
8.301
6.447
11.23
10.47
6.313
7.786
7.411
3.504
5.17
10.99
5.687
7.247
6.329
13.73
6.428
8.341
6.892
5.864
5.757
16.4
12.21
8.438
8.389
11.8
9.601
13.2
12.86
10.98
9.414
4.815
5.586
10.46
6.861
5.322
7.575
7.608
7.085
6.991
9.508
10.7
6.39
8.711
7.022
9.542
9.84
6.913
8.24
6.822
6.951
9.594
7.726
8.142
13.31
10.73
11.07
12.14
4.747
16.35
10.27
8.418
7.144
4.145
6.672
8.657
9.622
6.846
5.774
7.446
12.44
10.0
12.53
11.55
11.88
10.18
10.39
7.867
9.071
7.619
8.207
7.56
8.379
6.999
11.23
8.189
6.559
7.327
14.96
10.84
8.998
13.91
8.123
8.575
5.786
6.365
9.92
10.67
11.29
10.53
7.142
7.457
6.394
11.35
10.3
9.181
7.029
6.483
5.039
12.53
11.27
5.925
6.895
10.31
7.466
12.33
6.155
7.148
10.12
6.776
8.5
9.303
9.889
8.395
6.381
13.46
7.6
6.972
6.006
12.14
6.86
10.86
7.467
13.64
6.865
6.731
10.2
9.501
9.735
10.63
11.63
9.326
10.55
11.26
9.573
12.26
9.005
14.0
8.03
7.347
13.26
10.41
8.266
13.35
15.36
10.24
7.682
11.61
13.66
11.0
8.399
4.974
14.91
10.03
6.704
5.791
8.688
6.109
6.646
12.23
15.55
11.11
15.81
9.046
12.86
10.71
7.466
12.01
6.407
12.29
5.82
7.111
11.33
12.85
8.637
9.032
7.248
7.578
10.3
5.858
9.68
11.34
6.999
10.55
8.344
7.35
7.217
7.61
9.014
6.491
7.78
9.514
9.578
12.15
9.708
10.26
8.061
13.19
8.622
7.485
8.727
7.806
5.67
6.178
7.441
7.975
5.625
7.731
8.969
9.77
6.331
7.303
10.33
10.05
8.162
6.241
10.17
9.307
12.07
10.51
9.118
11.6
6.263
9.19
7.347
9.793
8.562
13.31
16.54
5.41
7.836
4.608
9.657
7.204
7.742
8.867
15.03
7.198
7.136
8.158
10.8
8.894
8.241
7.034
5.643
9.14
12.82
9.027
9.443
8.641
8.716
9.263
13.36
11.37
6.052
7.795
6.394
5.1
9.19
9.377
7.289
12.99
14.14
10.14
11.14
6.631
6.596
7.479
12.06
11.47
21.5
9.227
7.468
8.443
14.17
13.57
8.792
5.635
10.75
11.19
6.671
6.345
8.656
7.794
8.079
7.53
9.492
9.487
7.072
9.437
6.938
7.646
8.165
6.154
10.09
10.67
7.265
7.439
7.296
7.033
8.005
7.959
5.882
6.935
5.462
5.705
6.122
6.955
7.551
6.513
7.413
5.937
13.15
9.883
6.109
11.89
8.584
8.552
6.301
9.466
9.237
7.835
9.246
7.437
10.21
7.662
8.602
8.636
12.75
6.146
11.98
9.168
6.441
6.181
6.497
4.636
16.71
13.76
9.76
4.333
9.434
7.994
5.063
11.05
5.774
6.389
7.19
8.336
13.09
9.076
7.518
7.39
5.994
7.976
6.744
15.79
6.993
9.112
14.67
9.678
5.278
7.813
12.85
9.111
10.22
7.862
8.001
6.338
7.55
10.43
6.37
14.13
9.498
10.06
10.85
10.99
8.45
13.21
12.95
8.833
10.37
8.507
12.12
9.513
12.31
9.557
14.19
5.31
5.578
7.036
8.114
5.774
7.762
7.774
12.57
12.45
14.38
10.61
6.678
6.755
10.55
7.319
5.286
9.114
9.82
4.274
8.153
7.169
7.508
12.84
5.475
6.587
7.19
10.61
6.399
7.475
8.466
8.037
8.172
7.914
8.495
7.844
10.46
5.903
6.935
9.413
7.149
11.3
11.3
7.363
8.113
10.04
8.342
5.948
12.8
9.537
6.34
12.0
6.357
9.441
7.808
8.864
6.573
4.93
9.11
9.344
11.19
5.624
9.824
5.307
7.145
7.886
7.311
6.426
13.43
8.745
14.29
6.653
9.866
10.45
8.97
11.52
9.647
7.892
6.689
9.67
8.915
7.355
7.416
10.63
9.405
6.888
9.077
5.734
8.732
13.51
9.397
12.48
8.076
9.074
7.355
13.09
14.57
6.36
7.624
7.211
10.21
12.03
8.905
6.958
11.08
9.043
11.06
7.589
7.904
7.962
9.01
5.379
15.75
7.217
7.212
7.567
3.852
6.001
8.602
7.033
10.69
11.31
8.663
6.299
7.959
6.612
7.728
6.604
7.916
8.523
12.99
12.49
10.49
11.57
10.94
6.928
9.404
7.163
4.454
8.371
4.223
4.376
7.083
4.07
9.15
10.32
13.63
11.99
5.502
9.063
8.405
5.973
6.867
6.019
11.02
11.65
10.37
6.428
7.707
7.211
8.381
5.948
10.31
7.77
7.082
8.9
6.576
7.224
10.05
10.37
9.389
6.674
7.803
7.039
13.36
12.13
6.452
6.838
22.54
22.73
13.58
12.94
5.538
8.3
11.09
6.354
9.766
12.68
9.9
5.971
7.82
9.594
12.35
10.06
10.82
9.958
8.115
6.553
6.764
14.11
7.322
8.795
12.65
12.38
9.164
6.797
10.41
9.021
9.963
11.47
8.543
14.21
10.11
7.083
13.0
14.24
8.443
11.98
7.251
8.419
7.39
7.272
7.385
6.927
7.221
8.221
9.136
10.01
10.69
10.34
12.3
8.225
12.81
9.781
9.011
8.153
6.922
14.09
6.122
7.835
7.715
7.205
6.317
11.15
8.038
7.889
7.805
7.436
9.024
8.994
8.139
12.85
6.954
13.28
8.022
8.155
16.29
16.04
9.159
10.38
8.606
10.59
6.906
5.854
10.25
8.206
5.664
6.136
9.603
9.189
9.179
4.965
14.62
8.496
8.178
8.174
8.159
8.81
8.291
7.087
10.41
7.202
10.49
6.739
15.42
8.206
8.236
6.526
7.882
8.344
9.47
7.029
6.791
9.973
9.262
9.192
5.247
6.652
7.483
7.394
8.096
7.891
9.442
9.671
8.507
9.102
6.179
12.83
7.377
5.384
9.971
11.16
5.469
7.446
12.35
6.463
12.69
8.168
9.587
6.36
10.27
9.943
11.92
