118.7
26.52
0.0
136.7
131.4
61.48
0.0
24.49
233.2
132.1
132.5
123.6
68.25
270.7
0.0
110.2
181.2
46.74
66.4
153.4
43.24
49.64
225.8
197.5
242.3
92.88
26.2
118.9
225.8
112.2
70.13
0.0
106.4
145.9
190.7
50.18
60.86
38.13
77.9
203.6
73.33
93.71
250.2
87.21
56.9
76.32
112.2
4.018e-06
176.9
260.8
94.51
0.0
42.28
77.53
161.8
260.6
156.7
147.5
84.37
77.63
64.0
96.46
86.5
157.6
98.89
108.2
0.0
104.3
71.28
5.562e-06
241.6
132.8
210.8
94.75
160.1
0.0
51.88
84.95
83.95
76.7
53.33
0.0
56.9
139.6
104.8
3.977e-06
191.5
60.72
75.9
119.1
52.69
76.57
0.0
50.16
319.6
102.8
265.5
157.4
238.5
109.1
76.93
80.42
107.1
115.7
384.8
3.341e-06
236.8
208.4
32.14
174.1
6.567e-06
137.7
86.54
0.0
157.6
73.57
3.305e-06
127.1
41.25
39.55
7.671e-06
78.83
90.8
164.7
88.02
101.1
97.72
79.91
83.09
96.03
32.07
83.79
1.273e-05
201.3
231.6
131.3
218.7
55.44
76.23
70.09
0.0
150.6
97.79
75.76
227.6
81.99
0.0
73.52
199.9
63.03
56.21
43.45
197.1
62.95
70.99
240.6
206.9
66.2
60.87
149.3
58.41
0.0
67.5
117.9
44.38
80.95
0.0
98.17
44.03
254.3
242.4
126.4
127.6
63.25
135.4
122.4
66.7
157.8
39.77
4.888e-06
64.19
78.27
56.0
104.8
179.7
83.6
184.9
57.82
230.6
109.3
312.9
244.1
262.5
310.5
86.26
69.3
108.0
48.05
126.6
0.0
79.41
126.6
264.2
101.5
223.1
265.6
18.81
235.5
176.8
158.0
73.85
0.0
108.0
119.8
54.53
41.29
88.65
209.9
257.2
80.05
80.23
203.7
111.1
117.6
230.7
100.6
114.6
277.1
144.4
217.6
52.0
62.08
216.9
324.8
127.0
238.1
136.3
4.81e-06
178.7
0.0
41.76
0.0
124.3
201.7
0.0
55.56
129.7
90.54
45.05
78.65
74.37
95.63
131.1
97.82
69.38
314.6
145.6
110.0
98.89
171.8
52.32
54.79
269.8
0.0
35.36
340.1
1.29e-05
63.86
96.83
133.5
0.0
55.78
70.6
86.44
223.8
187.6
0.0
35.72
186.8
66.96
94.36
134.9
85.05
192.6
113.8
51.08
177.7
0.0
137.6
242.3
320.3
118.2
213.2
58.39
109.1
181.6
0.0
65.61
247.4
128.2
148.2
194.0
89.2
50.2
85.46
37.76
97.56
86.11
166.3
148.7
104.8
180.6
69.62
71.71
111.1
141.5
89.62
125.3
157.3
135.3
143.7
95.0
187.6
98.56
90.26
70.77
167.5
125.0
70.91
121.9
97.15
253.7
191.5
228.3
100.2
64.01
32.92
77.53
144.6
227.4
122.8
104.3
154.2
85.63
0.0
338.4
0.0
85.01
58.51
24.86
106.7
0.0
90.9
108.0
58.76
97.41
89.36
0.0
72.35
195.3
120.6
72.91
266.9
269.1
86.19
52.57
64.99
0.0
106.6
59.04
68.64
173.0
237.4
88.85
81.11
80.26
73.55
0.0
86.03
41.39
49.86
1.132e-05
98.3
60.78
74.43
215.8
147.9
166.2
98.79
119.1
5.573e-06
52.9
116.2
143.3
209.7
102.2
100.7
103.0
105.2
98.71
269.5
53.01
0.0
66.86
167.7
109.1
53.67
79.25
221.7
68.47
107.9
212.8
82.79
77.34
73.52
94.87
47.37
60.54
96.27
135.9
103.9
100.9
0.0
0.0
77.22
195.7
70.92
179.3
0.0
57.03
55.29
85.01
31.53
76.57
246.5
128.4
169.4
127.3
60.1
67.8
575.6
0.0
0.0
112.7
91.6
77.63
67.96
234.3
43.33
658.2
140.5
135.0
193.4
182.1
125.3
160.2
46.04
166.4
0.0
233.0
47.76
0.0
127.0
94.32
59.74
118.2
65.34
75.87
75.33
27.04
102.8
455.2
91.18
50.15
276.0
122.9
40.77
183.4
79.28
0.0
1.261e-05
182.0
102.3
93.21
126.6
129.1
61.63
0.0
33.73
70.29
187.9
102.9
266.5
94.04
38.24
165.1
332.0
0.0
234.8
46.26
0.0
60.06
0.0
134.8
5.109e-06
13.92
65.12
49.39
77.43
120.8
58.45
62.19
178.8
90.01
99.63
1.273e-05
88.82
71.28
204.0
50.36
63.2
193.7
38.57
61.67
82.34
135.6
164.5
48.68
213.7
77.36
91.13
56.86
112.2
361.8
87.63
0.0
73.54
149.0
100.1
141.9
47.84
52.35
182.8
60.72
81.65
73.65
330.0
65.67
62.21
77.01
101.9
152.0
102.8
42.46
74.65
52.93
93.94
119.6
59.85
73.48
159.2
76.29
121.8
177.0
0.0
100.1
156.5
101.8
79.57
49.4
74.36
53.23
121.1
0.0
65.42
59.93
184.5
222.4
295.4
0.0
98.44
0.0
70.43
108.0
91.72
194.4
100.7
127.0
0.0
89.39
80.36
166.4
30.76
61.61
133.3
138.4
181.9
60.49
58.0
68.13
142.0
116.1
0.0
194.3
0.0
139.4
134.4
91.31
83.49
80.37
59.22
86.8
129.3
0.0
121.7
247.1
18.02
223.6
51.27
74.63
6.808e-06
139.6
106.1
85.33
165.1
74.66
7.087e-06
94.33
103.6
162.5
124.8
0.0
0.0
137.2
203.7
0.0
139.9
137.0
310.0
148.7
64.89
237.9
66.18
250.4
129.5
62.42
92.97
119.3
125.2
110.1
0.0
157.3
238.4
56.33
43.72
117.2
25.74
0.0
71.68
37.56
117.0
65.68
47.75
129.8
175.5
86.8
354.9
73.58
77.76
55.13
98.97
0.0
165.1
8.382e-06
209.7
0.0
112.0
242.9
48.52
321.0
0.0
90.19
73.33
250.4
145.2
152.4
231.1
130.9
41.64
33.12
160.8
208.7
118.9
74.55
180.5
65.46
51.34
0.0
253.6
81.4
51.2
0.0
59.52
143.1
159.8
42.41
88.61
102.5
178.3
68.54
217.4
94.08
38.93
123.3
113.6
25.98
0.0
71.68
102.9
100.4
133.8
56.75
249.0
128.3
232.5
77.02
32.67
179.7
140.6
59.92
115.5
232.8
225.2
51.77
64.83
312.4
81.02
32.23
274.4
76.76
242.5
51.34
30.15
115.5
71.58
82.83
0.0
123.2
87.78
0.0
107.5
165.4
126.4
142.8
123.6
112.7
48.09
81.44
67.07
4.018e-06
134.5
46.34
106.2
129.8
199.4
96.54
96.65
108.3
102.3
41.86
52.82
238.1
74.95
120.3
151.8
91.19
204.6
101.2
77.14
58.42
119.5
107.9
80.64
0.0
0.0
83.17
207.5
152.8
115.4
226.7
0.0
141.2
211.4
102.4
91.25
178.4
122.4
92.24
55.84
43.65
82.66
124.9
7.824e-06
177.0
76.6
113.5
259.9
91.83
82.99
235.6
24.1
0.0
30.57
278.0
87.75
143.8
0.0
137.3
68.8
157.7
225.1
273.0
0.0
60.53
197.8
115.3
194.9
131.3
0.0
106.7
75.2
142.6
49.45
156.8
106.7
136.2
100.6
0.0
61.66
141.9
94.43
73.61
81.58
68.87
25.66
315.9
126.4
75.53
73.57
93.51
176.8
135.6
0.0
73.99
50.25
30.01
38.99
29.5
129.7
165.9
0.0
137.0
146.9
166.5
69.87
0.0
69.19
152.7
99.8
123.6
194.1
41.9
109.0
33.94
87.44
74.45
214.6
162.7
56.07
129.1
176.0
43.37
131.1
293.8
182.4
67.87
83.25
55.52
0.0
0.0
165.1
98.44
83.55
135.9
92.21
44.02
3.652e-06
156.3
50.07
109.8
158.3
40.78
4.419e-06
88.42
69.92
130.8
55.64
133.7
0.0
101.9
135.9
0.0
268.2
134.3
199.3
217.7
102.7
180.1
70.58
143.5
123.7
69.59
28.32
119.9
220.4
264.1
50.52
164.1
326.0
79.92
243.2
103.3
115.9
117.5
217.7
101.2
72.57
0.0
118.5
59.14
321.1
135.0
81.95
110.8
105.8
91.96
113.3
22.26
99.7
210.2
55.45
258.4
95.02
0.0
0.0
0.0
129.5
151.5
159.8
66.62
91.61
138.0
71.56
114.8
266.7
72.43
74.62
95.6
96.71
144.6
79.26
0.0
237.4
89.1
105.7
146.9
57.07
0.0
112.7
139.8
0.0
42.81
106.4
136.7
63.96
69.39
93.63
121.0
216.5
37.64
347.9
228.9
210.2
91.13
240.7
34.43
89.46
126.5
163.9
111.7
83.99
52.45
0.0
121.0
83.63
75.89
82.66
111.4
59.01
37.11
165.9
0.0
62.74
293.0
109.0
497.9
113.1
108.2
95.3
41.64
265.9
72.71
70.61
174.6
178.8
101.5
149.4
237.2
144.2
77.32
154.1
169.9
111.4
80.43
51.54
391.8
33.5
51.03
54.75
278.8
139.1
69.66
103.7
41.54
46.25
196.9
63.05
59.2
197.5
145.9
63.97
154.9
113.3
81.18
100.6
0.0
133.4
230.7
160.2
137.3
116.1
157.4
89.7
139.4
107.1
210.9
26.06
40.38
0.0
387.1
0.0
54.45
57.61
107.7
213.3
74.95
99.54
148.7
90.55
84.13
381.3
116.2
121.4
127.3
0.0
104.1
103.6
0.0
112.5
0.0
59.03
106.6
68.59
122.5
72.35
0.0
143.6
84.93
62.74
66.54
0.0
121.9
98.23
129.8
118.5
76.42
118.4
100.2
234.4
87.24
149.3
82.49
0.0
195.7
159.7
103.4
147.8
53.01
0.0
293.3
92.52
157.5
48.06
393.9
73.25
139.6
76.93
31.31
81.92
74.73
79.77
114.1
0.0
111.1
149.3
0.0
279.6
121.4
195.0
113.1
74.65
64.23
157.7
73.69
86.07
41.84
101.7
0.0
106.5
108.0
192.9
227.6
218.4
71.27
282.8
101.5
45.76
48.79
158.5
256.1
66.29
132.1
0.0
50.07
94.45
184.4
136.4
111.4
219.9
140.6
52.44
160.3
69.38
95.1
1.208e-05
244.0
166.4
82.79
0.0
191.0
149.6
39.44
0.0
106.4
106.6
84.07
72.0
87.7
34.07
111.5
180.1
46.23
91.09
0.0
0.0
109.5
102.3
100.4
103.3
103.7
110.9
174.3
90.11
66.7
97.65
316.7
132.0
57.44
89.85
225.3
161.2
185.0
169.9
6.426e-06
120.7
68.54
0.0
0.0
0.0
93.21
43.55
45.54
106.3
58.37
137.0
45.51
41.14
35.23
145.7
56.94
0.0
63.84
108.6
143.3
278.5
106.8
0.0
70.79
190.5
103.7
153.6
95.17
9.787e-06
101.4
232.5
90.13
182.0
41.92
303.8
0.0
101.0
0.0
169.9
95.79
96.6
0.0
41.9
79.18
230.5
118.5
142.8
116.3
180.6
64.67
223.2
50.03
81.55
134.1
63.51
117.1
111.7
110.1
188.9
26.87
188.1
260.0
83.7
1.338e-05
111.7
84.37
247.6
59.01
110.5
83.17
33.54
8.307e-06
214.3
54.56
42.81
152.8
139.5
37.84
148.2
406.1
0.0
166.0
78.25
221.1
118.5
152.6
116.0
111.7
91.23
84.5
77.79
99.8
151.5
225.8
50.09
137.3
169.2
252.7
68.76
75.18
0.0
92.36
40.69
94.43
240.2
108.7
57.33
107.7
233.7
0.0
56.42
272.0
43.01
117.0
5.245e-06
31.17
50.76
104.0
93.51
52.93
175.4
66.73
99.37
0.0
108.6
92.93
86.61
83.52
249.9
69.95
40.17
249.3
120.8
183.7
255.0
77.41
58.81
148.7
31.25
68.62
82.86
0.0
93.5
92.86
98.3
0.0
128.8
61.7
152.8
38.56
41.74
97.7
92.64
113.3
249.7
225.3
0.0
42.3
76.57
75.93
73.7
104.9
59.15
95.02
52.32
211.1
49.1
0.0
81.59
124.7
43.49
286.2
101.6
0.0
0.0
76.84
85.03
0.0
60.01
6.433e-06
256.0
0.0
0.0
60.31
85.94
0.0
71.56
0.0
197.8
57.2
78.21
34.53
0.0
87.34
55.87
185.0
95.36
146.9
344.5
88.05
69.97
128.4
59.19
60.27
75.86
305.8
60.32
99.63
88.42
114.6
63.99
0.0
119.7
42.53
87.79
231.6
121.9
3.331e-06
97.65
207.1
267.4
352.1
0.0
110.2
118.5
89.57
0.0
98.96
55.61
77.89
208.1
197.7
166.2
273.8
43.33
38.46
0.0
53.33
83.14
83.81
132.0
45.66
119.7
107.9
236.1
50.05
191.0
51.03
234.2
255.9
0.0
218.7
163.3
208.0
76.87
158.3
106.1
72.66
110.5
0.0
9.712e-06
93.98
83.65
54.2
61.98
133.1
51.82
116.0
109.9
78.47
71.2
90.85
109.9
101.1
195.7
0.0
111.8
73.84
50.07
0.0
0.0
270.6
274.7
70.37
0.0
77.39
138.2
0.0
0.0
0.0
169.4
0.0
114.7
229.6
56.34
227.7
32.59
107.7
114.2
61.38
88.65
80.4
94.77
86.71
27.9
62.75
90.06
43.78
3.163e-06
0.0
66.21
111.0
54.4
101.4
0.0
0.0
129.1
47.48
74.82
82.88
264.1
382.7
110.6
0.0
65.75
42.13
134.4
78.23
59.68
178.8
216.9
108.2
63.26
210.0
193.4
0.0
45.7
0.0
109.1
0.0
213.1
60.34
174.2
4.189e-06
103.8
78.32
173.6
157.2
33.4
236.7
93.12
68.83
58.29
239.3
186.8
81.18
92.21
297.9
228.5
49.92
264.6
90.54
76.92
236.8
228.8
55.2
0.0
101.0
0.0
137.6
0.0
67.35
0.0
1.234e-05
69.32
69.07
98.51
313.1
76.31
275.0
57.24
87.71
193.5
0.0
0.0
131.0
97.15
223.4
146.3
286.3
293.0
285.1
94.56
0.0
235.7
51.4
91.35
76.47
284.6
93.77
0.0
124.8
315.5
76.8
0.0
30.31
177.4
47.77
64.44
48.41
147.8
37.91
4.84e-06
62.09
86.07
76.79
133.3
145.7
220.8
62.51
337.8
113.6
56.38
347.4
82.94
92.63
0.0
0.0
261.1
48.43
46.16
0.0
79.27
143.3
35.09
52.95
0.0
141.2
31.99
95.0
156.4
90.92
118.9
175.4
0.0
137.7
0.0
68.8
165.2
227.6
95.02
71.04
59.43
97.6
0.0
2.917e-06
78.23
117.3
104.9
128.2
86.68
226.8
227.3
108.8
45.78
142.6
232.5
92.63
122.5
136.4
84.11
52.5
112.9
85.33
80.41
46.45
98.34
43.29
57.07
97.56
51.62
67.8
40.02
113.3
136.2
4.849e-06
53.96
206.3
224.8
68.11
81.43
30.73
0.0
138.2
71.2
97.36
156.8
98.51
273.0
49.13
89.47
39.31
128.4
98.34
38.33
9.381
80.85
69.9
175.5
0.0
133.3
77.51
229.6
215.4
78.64
113.8
85.52
89.47
113.3
285.6
121.0
139.6
69.82
138.5
300.5
0.0
0.0
32.24
113.1
106.2
65.68
65.54
93.5
115.2
113.6
234.3
167.2
103.3
80.81
91.86
73.93
57.45
28.04
260.8
191.5
35.8
52.48
200.5
329.3
257.3
49.52
7.824e-06
1.239e-05
72.8
70.77
77.22
73.26
114.1
215.9
38.17
137.1
74.36
82.08
108.3
77.79
0.0
80.83
303.6
184.5
110.3
188.1
64.4
125.7
134.6
63.49
0.0
162.5
137.1
143.5
224.4
82.86
251.9
0.0
102.9
0.0
270.1
69.06
144.6
124.4
85.76
78.0
63.63
127.2
193.4
121.0
95.63
63.66
202.0
159.2
69.76
0.0
81.49
240.2
108.3
55.69
84.58
57.77
91.72
95.57
55.37
76.13
7.668e-06
54.61
78.7
0.0
44.47
107.9
85.34
99.22
0.0
57.49
147.7
0.0
68.79
41.11
112.3
91.92
56.76
225.2
264.0
239.1
73.61
90.93
230.2
118.9
181.5
0.0
230.9
122.3
130.0
124.7
0.0
93.45
107.7
37.11
189.3
115.1
109.9
85.2
403.4
144.0
71.04
86.59
40.2
176.0
243.5
0.0
55.98
185.5
39.73
264.0
185.5
468.4
298.8
41.9
163.9
116.7
37.67
77.26
119.9
67.03
70.76
98.77
75.26
201.3
72.39
143.1
143.8
51.42
0.0
243.4
75.97
0.0
93.96
70.09
58.69
150.6
115.5
79.04
0.0
102.4
91.09
176.4
213.2
94.7
33.45
71.48
0.0
50.44
92.68
56.03
176.9
349.6
98.1
184.5
36.69
54.89
0.0
59.25
108.3
216.4
264.0
84.76
76.6
39.69
99.95
113.2
191.0
96.17
257.2
146.8
81.33
0.0
81.51
258.2
186.8
71.28
88.59
108.9
196.6
126.3
79.92
111.6
122.5
69.22
128.5
229.2
52.47
72.17
135.3
248.2
352.1
0.0
53.62
243.7
243.2
110.6
330.0
46.39
95.18
244.3
24.97
30.01
77.77
82.06
0.0
90.55
65.75
29.7
93.5
232.4
181.5
89.97
86.95
71.33
274.7
56.59
249.9
59.57
0.0
179.4
139.4
45.84
223.2
61.48
140.9
94.8
45.53
52.25
84.92
99.18
170.9
269.7
242.4
52.91
273.3
69.2
47.68
85.26
272.8
134.8
57.31
0.0
92.83
234.0
0.0
7.586e-06
88.83
79.55
0.0
138.2
241.1
301.5
61.15
86.46
129.8
211.6
44.25
60.9
83.71
43.26
308.8
71.01
116.3
194.9
0.0
132.3
103.2
288.3
61.51
125.2
36.69
109.6
69.81
195.0
112.6
3.977e-06
44.22
139.8
0.0
67.97
294.9
0.0
103.1
0.0
249.3
0.0
35.18
104.3
61.83
78.29
135.4
48.02
0.0
60.81
60.13
80.26
0.0
94.16
136.3
64.92
115.3
126.7
266.7
0.0
131.0
0.0
106.3
83.79
215.6
59.5
46.74
32.71
217.2
0.0
95.27
176.9
0.0
76.98
113.5
231.3
139.9
84.37
210.8
0.0
83.73
148.0
95.44
78.52
40.7
92.62
224.5
101.1
99.37
139.0
330.6
48.38
56.32
64.19
82.77
85.75
259.0
104.5
0.0
60.54
231.8
121.8
0.0
116.4
227.7
0.0
382.3
16.19
5.573e-06
141.2
59.22
106.0
113.5
48.77
185.3
169.9
0.0
286.3
97.63
21.18
97.56
88.83
143.3
78.19
138.8
65.36
94.52
145.9
48.41
91.09
222.9
43.35
179.8
77.25
359.6
76.67
66.12
156.3
0.0
51.27
74.36
165.4
156.7
57.73
191.5
189.6
7.586e-06
75.66
56.76
114.6
126.6
78.54
144.2
77.98
298.8
89.62
144.1
38.41
84.87
0.0
45.27
239.4
0.0
83.87
78.23
84.62
68.79
82.99
90.46
67.67
345.9
130.9
357.0
47.4
282.6
49.92
106.6
104.0
46.29
79.87
119.9
46.52
61.39
63.95
41.58
110.1
94.6
146.7
83.36
535.9
0.0
86.93
71.16
80.92
2.634e-06
217.2
100.8
148.7
71.6
304.4
108.3
243.9
91.94
80.85
0.0
63.72
97.1
96.83
227.7
128.0
95.16
91.98
271.5
67.46
148.7
0.0
271.6
203.9
73.8
70.97
237.3
96.4
251.1
106.0
139.0
119.9
223.8
68.0
3.354e-06
43.34
0.0
0.0
100.9
245.8
133.2
173.6
69.18
104.6
34.57
75.59
91.4
61.59
76.49
59.5
109.4
232.2
165.1
0.0
0.0
181.9
6.808e-06
79.85
232.8
116.3
242.5
270.9
174.1
89.71
64.2
71.03
103.3
29.51
184.7
71.31
98.79
119.1
167.3
213.3
241.5
76.31
7.087e-06
269.6
243.7
79.91
0.0
107.2
94.34
0.0
62.19
55.96
89.9
197.8
93.44
77.86
160.7
0.0
157.7
79.46
0.0
84.45
337.8
216.9
92.28
0.0
33.39
223.0
113.7
90.71
144.2
51.36
43.12
0.0
81.84
123.6
75.16
75.2
189.0
57.19
45.14
126.6
0.0
99.09
213.8
314.7
263.4
93.65
75.33
180.1
78.97
254.6
77.45
174.7
72.7
124.8
80.3
108.9
78.24
110.0
62.8
86.97
340.1
279.3
137.5
97.8
176.8
156.9
59.43
55.64
293.1
0.0
63.83
125.7
6.295e-06
188.2
0.0
55.84
102.0
78.21
99.27
0.0
33.7
300.5
91.11
60.31
245.8
247.1
57.71
71.87
24.44
48.6
0.0
0.0
140.1
0.0
240.3
56.16
37.76
0.0
186.8
42.81
122.8
78.88
62.26
0.0
175.7
58.54
0.0
275.1
59.87
0.0
224.0
0.0
396.4
72.94
317.3
196.9
146.0
102.6
73.87
59.8
54.26
276.7
58.27
108.7
0.0
63.76
111.0
0.0
110.5
74.67
143.8
292.2
53.42
74.1
0.0
0.0
60.19
60.92
67.88
77.89
101.4
0.0
262.7
95.12
0.0
68.05
86.83
93.45
78.99
118.3
279.1
58.6
306.8
100.9
0.0
231.2
45.78
97.8
46.4
0.0
65.62
126.4
74.37
88.4
252.8
149.1
52.16
143.6
0.0
77.02
125.7
76.32
79.54
83.23
3.837e-06
236.3
76.21
292.6
234.9
79.92
66.47
135.3
80.39
111.1
0.0
167.7
77.63
90.13
107.2
333.1
112.4
115.5
0.0
42.72
102.0
69.27
155.4
87.84
365.9
49.59
102.2
0.0
83.25
101.2
47.65
280.5
45.88
104.5
57.99
147.1
140.8
82.08
84.7
137.2
31.37
274.0
40.12
34.14
169.9
58.45
293.8
49.42
263.7
116.4
115.0
75.65
263.6
83.99
41.48
8.608e-06
94.18
5.255e-06
48.86
66.7
41.61
84.5
0.0
45.33
234.9
43.59
70.57
35.62
92.03
239.3
87.83
22.36
7.206e-06
84.83
78.38
197.8
119.3
105.8
255.0
275.8
53.77
0.0
121.7
70.67
163.1
93.33
345.7
9.273e-06
71.8
73.52
104.1
124.1
44.62
0.0
116.1
69.3
122.0
224.0
25.53
33.48
90.9
40.32
147.7
77.53
123.6
36.91
216.4
123.4
146.9
0.0
108.9
1.261e-05
179.8
62.43
63.13
233.5
81.05
72.79
62.63
71.22
95.57
8.08e-06
0.0
320.9
33.38
78.44
244.1
0.0
84.54
108.1
58.44
0.0
3.837e-06
77.05
74.12
68.69
214.6
126.5
36.39
68.18
89.84
0.0
87.88
134.1
199.2
94.39
0.0
107.1
53.24
78.52
50.96
196.6
181.1
53.15
211.2
90.71
40.81
245.6
102.4
0.0
55.83
80.57
45.63
254.5
321.0
0.0
68.22
41.29
50.59
24.67
95.16
164.7
45.68
101.7
0.0
0.0
267.9
282.8
225.6
156.8
0.0
96.6
88.88
87.97
27.26
167.7
221.7
63.73
0.0
230.6
109.2
215.5
141.7
83.64
56.22
208.4
61.74
156.3
58.27
115.4
208.0
189.0
227.6
83.5
59.69
113.1
80.51
0.0
0.0
137.7
45.51
0.0
0.0
321.3
174.6
67.49
0.0
194.1
24.34
78.52
342.6
0.0
79.97
19.16
71.95
0.0
259.4
83.86
0.0
83.36
53.88
194.0
96.9
60.35
70.62
54.28
97.92
82.64
125.6
79.04
123.5
315.5
32.97
117.9
99.26
42.07
90.41
79.24
91.47
40.31
109.9
314.8
250.4
61.35
43.23
175.7
39.5
74.76
88.29
88.63
50.05
135.6
143.3
39.77
228.5
159.1
88.76
242.4
91.09
56.3
0.0
0.0
48.9
80.88
69.78
155.4
110.5
50.64
261.4
191.0
97.21
106.1
60.23
191.8
96.21
90.93
84.89
103.6
228.4
34.49
227.6
57.77
0.0
108.0
101.0
294.5
0.0
0.0
216.7
255.0
0.0
84.94
113.5
46.23
373.2
45.0
115.9
146.0
78.57
0.0
70.29
97.59
0.0
231.6
0.0
275.1
0.0
0.0
48.93
66.16
104.0
0.0
0.0
70.3
116.3
0.0
0.0
72.79
58.3
187.6
83.46
211.6
241.6
74.73
129.1
44.29
0.0
164.2
270.1
237.0
58.76
125.6
329.0
258.4
91.98
78.64
66.06
37.36
69.37
51.92
130.9
31.59
235.9
402.7
74.12
128.0
81.03
95.44
28.27
77.06
132.3
239.2
155.2
0.0
90.41
115.0
96.54
39.04
89.56
156.3
33.69
51.54
44.13
78.54
194.4
50.57
241.8
65.88
0.0
89.42
217.6
97.79
220.8
118.4
166.7
153.0
83.65
244.6
36.72
78.79
243.4
66.37
84.56
73.39
29.15
290.7
56.94
174.6
90.54
116.3
101.9
109.4
71.95
35.28
59.51
57.54
86.43
71.61
170.3
109.7
227.8
71.05
73.58
85.61
0.0
0.0
0.0
39.34
285.5
261.0
0.0
63.71
0.0
98.77
39.48
214.6
0.0
86.28
70.77
72.11
103.8
254.3
103.4
273.6
0.0
107.2
143.0
216.7
157.0
47.51
50.23
0.0
111.0
61.25
75.18
31.85
251.1
66.47
40.67
84.77
85.04
256.8
138.0
179.8
0.0
0.0
169.2
0.0
53.12
156.0
114.2
152.4
70.82
84.23
67.03
67.55
235.4
0.0
82.76
0.0
195.5
81.99
101.5
125.2
0.0
109.5
91.43
77.66
20.62
102.2
256.8
150.6
77.63
75.16
179.2
81.55
0.0
42.3
63.31
236.8
3.33e-06
81.49
91.4
241.0
87.38
73.04
68.91
128.9
37.19
39.19
0.0
29.47
0.0
0.0
53.45
0.0
238.7
77.39
85.38
151.1
100.1
78.98
138.5
145.6
52.16
77.63
79.07
80.89
211.0
0.0
281.8
4.041e-06
3.211e-06
232.3
48.1
100.7
32.3
169.0
229.9
51.36
72.99
47.91
97.16
77.94
251.9
0.0
223.0
82.49
21.83
222.5
245.9
190.5
106.0
77.33
62.63
65.74
68.4
169.9
70.1
27.26
49.69
254.0
118.4
145.7
75.22
47.06
190.7
149.6
286.3
0.0
46.44
0.0
80.72
405.9
220.4
0.0
153.8
94.16
300.9
70.76
176.9
188.9
147.3
68.88
132.1
38.88
103.7
0.0
62.92
83.94
24.72
41.78
45.03
258.0
169.4
57.35
0.0
121.6
0.0
98.56
0.0
96.4
0.0
228.3
259.0
106.6
107.7
76.63
138.0
122.8
160.1
125.5
72.35
67.54
97.29
61.54
137.1
154.2
235.3
166.0
113.5
72.19
101.9
77.34
224.5
81.9
0.0
38.03
0.0
46.43
106.6
69.77
0.0
81.74
77.79
54.73
105.4
27.66
219.3
403.3
0.0
236.7
69.3
0.0
107.5
81.49
58.89
67.5
288.4
116.1
57.52
0.0
80.47
114.0
99.96
46.42
64.63
0.0
58.0
81.07
81.05
83.41
0.0
343.0
55.12
33.15
77.77
0.0
115.2
179.9
236.8
42.98
108.9
238.1
78.99
35.52
275.3
125.0
57.95
70.61
86.53
0.0
221.1
168.7
135.3
0.0
33.26
0.0
74.01
0.0
90.85
179.3
156.8
208.1
216.5
64.92
32.96
65.52
0.0
140.9
81.01
0.0
101.0
329.0
231.2
66.3
235.7
56.89
35.83
64.69
169.0
0.0
0.0
108.6
57.65
73.17
6.433e-06
238.5
81.34
0.0
206.3
301.6
58.71
113.8
76.62
29.52
54.42
227.2
164.2
0.0
290.3
350.6
31.5
113.1
340.1
62.26
47.47
204.0
117.9
128.3
157.2
0.0
184.9
108.9
79.97
402.7
53.99
124.6
65.65
95.12
96.65
252.7
95.95
55.73
0.0
193.4
42.3
92.88
81.39
61.85
91.11
0.0
122.7
62.1
75.69
315.9
0.0
83.58
107.4
43.43
338.3
136.6
43.44
0.0
59.79
237.4
410.8
0.0
0.0
0.0
68.77
63.14
217.5
0.0
108.9
65.28
177.7
236.1
63.34
0.0
30.68
332.0
183.4
70.02
18.78
45.02
82.7
127.3
0.0
95.07
252.4
54.89
80.45
120.8
0.0
31.75
497.9
101.8
87.14
56.58
99.03
206.9
60.04
71.49
183.5
61.86
234.1
0.0
31.52
46.54
31.26
0.0
78.83
92.97
276.7
233.3
0.0
0.0
174.3
0.0
157.5
78.21
86.59
143.1
0.0
273.1
80.59
232.5
244.6
55.33
135.8
72.14
85.54
234.2
