0.8939
0.8442
0.6281
0.6691
1.03
0.785
0.5645
0.5062
0.4567
1.29
0.6445
1.332
0.4723
0.7934
0.6278
0.5803
1.01
1.172
0.6163
1.071
0.7501
1.303
0.8121
0.3494
0.7293
1.092
0.4785
0.713
0.9978
0.7414
0.6404
0.611
0.6686
0.8593
0.8486
0.9731
1.294
0.772
0.8529
0.7953
0.9126
0.8117
1.087
1.035
0.9682
0.9993
0.5674
0.9195
0.574
0.8205
0.8371
0.8458
1.726
0.5004
1.056
0.8562
0.6247
0.5134
0.5416
0.6897
0.5835
0.5469
1.026
0.5417
0.6766
0.9107
0.3936
0.5411
1.023
1.138
0.6565
1.213
0.8699
1.394
1.282
1.522
0.55
0.6748
0.9411
1.081
0.9784
0.6739
1.112
0.4873
0.7049
1.036
0.8583
0.7319
1.206
1.301
1.248
0.7228
0.6001
0.8074
0.8108
0.6124
0.747
0.9921
1.037
1.467
0.928
0.6017
0.8319
0.6365
0.6515
1.147
0.6024
0.4269
0.6852
1.244
0.7412
0.7393
1.398
0.916
0.7397
0.7364
0.6076
0.7948
0.9379
0.6976
0.6133
0.8578
1.866
0.8533
0.8243
0.8211
0.7925
0.6645
0.7435
0.7416
0.8298
1.567
0.5591
0.6021
0.7399
0.7973
0.386
1.43
2.247
1.265
0.7463
0.7971
0.3308
0.238
0.5387
0.8092
0.7903
0.5968
0.7835
0.4652
0.9198
1.014
0.4838
0.8524
0.7228
1.01
1.807
1.339
0.732
1.131
1.261
0.9784
0.6666
0.8027
0.6422
0.9488
0.6926
0.7801
0.7805
1.504
1.015
0.6411
0.6465
0.7592
0.7616
0.4593
0.7026
1.04
1.035
0.6611
0.6009
0.9944
0.6669
0.6448
0.799
0.7193
1.341
0.6559
0.7957
0.8271
0.6178
1.387
0.981
0.8325
1.005
0.5866
0.613
0.8629
0.9018
0.795
0.559
0.7885
0.7529
0.9468
0.7121
0.5556
0.5503
1.192
0.534
0.6588
0.4743
0.6708
0.9903
1.383
1.338
0.7474
0.7666
0.672
0.7859
0.6451
0.7217
0.5163
0.5802
0.5065
0.6687
0.7617
1.107
1.186
0.6743
0.702
0.5166
0.6946
0.5692
1.101
1.152
0.9334
0.6647
0.6295
1.458
0.8676
0.769
0.3287
0.593
0.9295
0.6005
1.836
0.8766
0.4803
0.7548
0.3936
0.6718
1.269
0.6522
1.171
0.7111
0.8442
0.6397
0.666
0.8404
0.9118
0.687
1.243
0.6974
0.6179
0.7786
1.12
0.5296
0.6146
0.9819
0.592
1.38
0.7252
0.5328
0.5604
0.6868
0.8992
0.7313
0.5867
1.503
0.4193
0.8503
0.5324
1.018
1.127
1.733
1.056
0.8866
0.5548
0.8803
1.021
0.7261
0.5806
0.4916
0.5478
0.6468
0.7067
0.5453
0.4952
0.678
0.7359
0.5943
0.5777
0.7204
0.7705
0.7349
0.7105
0.9401
0.7055
1.446
0.3928
1.542
0.8725
0.8116
0.979
1.256
0.7671
0.8561
0.6458
0.454
0.7085
0.742
0.8101
0.9821
0.7105
0.7312
1.08
0.6245
1.004
0.8896
0.6607
0.7519
1.343
0.6489
0.8019
0.5607
0.6662
1.033
0.5272
1.071
0.9032
0.7241
0.8037
0.862
0.9097
0.9006
0.5244
0.8414
0.9632
0.7366
0.4146
0.6159
0.8146
0.5491
0.632
1.059
0.7636
1.057
0.6048
0.5293
1.37
0.7281
0.6459
0.7763
0.8678
0.6888
0.9977
0.6538
0.6248
0.6269
0.4817
0.7308
0.6796
1.218
0.7878
0.6011
0.8401
0.6041
0.812
0.9775
0.5581
0.7317
0.8293
0.7156
1.101
0.6385
0.5022
1.173
1.212
0.88
0.4733
1.201
0.9035
0.7394
0.7343
0.687
1.22
0.4102
0.5021
1.057
0.5846
0.6239
0.7355
0.5637
0.8395
0.8873
0.5583
0.7303
0.892
0.7151
0.6528
0.614
0.6009
1.203
0.7746
0.4428
0.9236
0.447
0.5587
0.8143
0.8319
0.7476
0.6036
0.4681
0.7783
0.8053
0.977
0.6699
0.4938
0.7803
1.132
0.6599
0.7391
0.6302
0.5946
1.427
0.8815
0.8975
0.6358
1.334
0.5836
0.9868
0.2781
0.8866
0.745
0.9384
0.8384
1.241
0.836
0.7818
0.582
0.7952
1.208
0.6395
1.083
1.324
0.8245
0.9069
0.718
1.171
0.5272
0.7032
0.7805
1.224
1.044
1.418
0.0
0.6334
0.7131
0.6261
0.5449
1.059
0.89
1.001
1.055
0.4857
1.077
0.6836
0.827
0.6475
0.7966
1.199
0.8935
0.852
0.5752
0.7102
0.8801
0.9334
0.6694
0.6963
1.004
0.4985
0.475
0.556
0.756
0.8344
0.6377
0.6486
0.9169
0.7895
0.9197
0.7266
0.5864
0.5392
0.6117
0.7942
0.2349
1.248
1.261
0.72
0.5463
0.7184
1.153
0.865
0.7957
0.6004
1.166
0.9623
1.354
0.8058
0.8243
0.6132
0.7099
0.665
0.8473
0.9122
0.7359
1.138
0.639
0.8341
0.8143
0.8461
0.7437
0.5577
1.415
0.7116
0.5239
0.5676
0.6045
0.9562
0.7193
0.7276
0.9235
0.8844
0.6369
0.6854
0.6367
0.5946
0.628
0.8699
0.5689
0.9352
1.023
0.6466
1.688
1.281
0.6332
0.6934
0.7018
1.371
0.9936
1.134
0.7965
0.9767
1.134
0.8347
0.6704
0.5221
0.6446
0.6379
0.7255
0.7623
0.4337
0.7029
0.9232
0.7815
1.055
1.011
0.8416
0.4887
1.493
0.6462
0.5558
0.9134
0.7938
0.6438
0.7243
0.9982
0.7628
1.335
1.265
0.7767
0.833
1.026
0.4135
0.663
0.6602
0.6487
0.7536
0.7633
1.269
0.5083
1.006
0.9125
0.5827
0.5088
1.062
0.7569
1.044
0.5953
0.6559
0.623
0.5574
0.5748
0.4865
1.013
0.6415
0.8213
0.573
0.9831
0.6284
0.6203
0.8617
1.285
0.5836
0.7057
0.4578
0.5901
0.6917
0.86
0.8659
0.6393
1.01
0.7048
0.6866
0.7427
0.6365
0.7313
0.5846
0.4114
0.9063
1.128
1.102
0.465
0.5542
1.82
1.464
0.6654
0.7779
1.459
0.7673
0.6352
0.7137
0.9629
0.6522
0.7119
0.4743
0.5589
0.8744
1.061
0.7884
0.666
0.6715
0.4231
0.7259
1.182
0.9322
0.665
1.358
0.9673
0.8413
0.5102
1.108
0.7204
1.492
1.365
0.8118
0.9789
0.6325
1.247
0.7251
0.9878
1.104
0.6979
0.4659
0.5869
0.696
0.6521
0.8571
0.6939
0.6931
0.6156
0.8078
1.317
0.7422
0.8585
0.6207
1.3
1.067
0.8539
0.6894
0.6145
1.064
1.312
0.6165
0.9476
0.5197
0.5453
1.042
0.6323
0.5928
0.8897
0.8284
0.4671
0.7559
1.141
0.6356
0.7089
1.112
0.5533
1.281
0.6859
0.5675
1.138
0.8099
0.7438
1.026
0.8728
0.65
1.152
1.013
0.7284
0.575
0.8874
0.369
0.5518
1.482
0.8417
0.7355
1.22
0.5253
0.5086
0.8644
0.5975
0.3949
0.683
0.9917
0.8188
0.905
0.932
0.4586
0.3506
0.8843
0.71
0.8334
0.6268
1.01
0.8329
1.458
0.9255
1.471
0.7383
1.068
0.6202
0.7282
0.9792
0.3385
0.581
1.388
0.9184
0.4674
1.494
0.5561
0.9476
0.5994
1.106
0.6203
0.6125
0.7493
0.9211
0.5675
0.723
0.8435
1.038
0.6584
0.8596
0.7763
0.7623
0.664
1.203
0.7512
0.8876
0.8477
1.146
1.406
0.7362
1.08
0.7521
0.6207
1.323
1.375
0.6734
0.9623
1.06
0.9674
0.7789
0.9584
1.055
0.728
0.8681
0.6535
0.832
0.685
0.7208
0.7122
0.5724
0.9557
0.5659
1.365
0.7011
0.4307
1.027
0.6436
0.6538
0.6669
0.6405
0.7935
0.9104
0.655
0.8755
1.201
0.5623
0.7733
0.5853
0.7444
0.7715
1.499
0.5774
1.003
0.8428
1.045
0.8987
1.027
1.17
0.4982
0.4148
0.8556
1.002
0.6646
0.7319
1.215
0.5507
1.033
1.1
0.3376
0.8272
0.7826
0.4743
1.008
0.935
0.6751
0.7091
0.679
0.3273
0.4122
1.083
0.5106
0.703
0.5696
1.33
0.5518
0.6891
0.6722
0.5274
0.4094
1.553
1.219
0.8582
0.7749
1.039
0.8962
1.349
1.24
0.9873
0.9787
0.4103
0.4884
0.8567
0.9531
0.5238
0.9451
0.6705
0.5946
0.695
0.8595
0.8
0.5143
0.797
0.6274
0.8361
0.7904
0.5418
0.666
0.5385
0.6454
0.771
0.631
0.7341
1.47
1.046
1.112
1.081
0.3202
1.437
0.9203
0.7604
0.6006
0.2951
0.5182
0.8244
0.8744
0.6193
0.6531
0.7197
1.158
1.469
1.252
1.1
1.122
0.8725
1.001
0.7297
1.11
0.6209
0.6738
0.7241
0.8397
0.5633
0.9909
0.7618
0.5562
0.7001
1.517
0.8656
0.7317
1.287
0.6545
0.6524
0.555
0.4701
0.915
0.9993
1.02
0.998
0.6145
0.6541
0.5885
1.107
0.8201
0.8891
0.6009
0.5536
0.451
1.192
1.069
0.4114
0.6536
0.9538
0.7471
1.156
0.5202
0.4999
0.9732
0.6431
0.7809
0.901
1.027
0.9617
0.5081
1.503
0.7775
0.6924
0.4722
1.446
0.688
0.9078
0.7176
1.19
0.7065
0.4411
0.83
0.9657
0.8802
1.261
1.129
0.7459
1.001
1.03
0.9277
0.9897
0.8992
1.407
0.704
0.7494
1.148
0.9852
0.6594
1.153
1.616
1.015
0.7608
1.226
1.251
1.161
0.7543
0.516
1.4
1.043
0.5007
0.4668
0.8033
0.528
0.5956
1.337
1.473
1.014
1.457
0.8464
1.332
1.083
0.6945
1.065
0.7501
1.149
0.5587
0.74
1.129
1.212
0.7794
0.8283
0.692
0.6755
0.979
0.5793
0.938
0.9035
0.6247
0.9739
0.7673
0.6797
0.6445
0.7025
0.7881
0.6476
0.6928
0.8183
0.8409
1.19
0.9471
0.9392
0.7891
1.176
0.841
0.6562
0.941
0.7301
0.4364
0.5414
0.7909
0.7533
0.5117
0.7303
0.7673
0.9332
0.5948
0.6132
1.054
0.8966
0.7048
0.4439
0.9242
0.8019
1.069
0.9917
0.8477
1.118
0.5542
0.8026
0.6146
1.044
0.7553
1.227
1.746
0.5039
0.7082
0.4
0.8714
0.6497
0.7201
0.8259
1.482
0.6486
0.6384
0.7414
0.8173
0.8823
0.7818
0.6221
0.4853
0.7897
1.341
0.869
0.9187
0.8126
0.9084
0.7938
1.552
1.078
0.5907
0.7319
0.5885
0.4578
0.8535
0.8219
0.7031
1.266
1.238
1.019
1.047
0.5344
0.569
0.6518
1.115
0.9832
2.48
0.8789
0.6395
0.7445
1.286
1.166
0.774
0.4769
1.095
1.035
0.5849
0.6058
0.6981
0.6649
0.707
0.6249
0.8467
0.7532
0.6892
0.8003
0.516
0.6785
0.7845
0.4826
0.9757
1.036
0.6081
0.6175
0.7173
0.5954
0.7056
0.7282
0.5042
0.6338
0.475
0.4615
0.5098
0.6518
0.6758
0.6348
0.7126
0.5424
1.327
1.007
0.5624
0.9785
0.7101
0.8673
0.5457
0.8881
0.7403
0.6466
0.8987
0.7642
0.9942
0.6612
0.7609
0.7866
1.135
0.5187
1.147
0.8416
0.5641
0.5844
0.6002
0.3413
1.305
1.306
0.8519
0.3627
0.8164
0.7463
0.4792
0.8951
0.501
0.5673
0.6514
0.7668
1.301
0.7945
0.6524
0.5999
0.474
0.7329
0.6531
1.526
0.5844
0.8094
1.363
0.9466
0.445
0.7038
1.21
1.067
0.9635
0.7721
0.7273
0.6459
0.6184
1.069
0.6201
1.285
0.9544
0.9906
0.9487
0.96
0.823
1.292
1.244
0.7907
0.9687
0.6769
1.228
0.9774
1.074
1.018
1.451
0.4545
0.4275
0.6067
0.712
0.542
0.6284
0.6591
1.172
1.261
1.259
0.9708
0.5496
0.6166
0.8907
0.6947
0.4291
0.7962
1.011
0.4723
0.8138
0.6606
0.6074
1.116
0.4815
0.5664
0.5942
0.9409
0.6092
0.634
0.7344
0.8253
0.7534
0.6392
0.676
0.8004
0.9373
0.5082
0.6623
0.9282
0.7533
1.01
1.064
0.7001
0.762
0.9713
0.8392
0.5546
1.18
0.7905
0.4898
1.21
0.5389
0.8653
0.7732
0.8094
0.6076
0.4324
0.8839
0.9067
0.9856
0.4756
1.051
0.3946
0.6317
0.723
0.6069
0.496
1.235
0.7514
1.451
0.6332
0.8507
1.137
0.8687
0.9907
0.8673
0.6807
0.5312
0.881
0.8743
0.6276
0.6115
0.9791
0.959
0.6194
0.9026
0.5172
0.7704
1.166
0.8714
1.204
0.676
0.8485
0.6276
1.278
1.256
0.5316
0.6896
0.6399
0.9646
1.196
0.7378
0.5587
1.032
0.704
0.9468
0.7256
0.8245
0.5433
0.8321
0.4451
1.777
0.7065
0.5785
0.7356
0.3112
0.5063
0.8357
0.6564
0.8552
1.377
0.833
0.5398
0.8034
0.5664
0.6571
0.6502
0.8188
0.8349
1.315
1.268
0.9274
1.236
1.037
0.5776
0.9247
0.556
0.3194
0.7927
0.315
0.3859
0.6019
0.3062
0.8194
0.8955
1.501
1.102
0.4656
0.7063
0.7007
0.5207
0.6504
0.524
1.004
1.05
0.9256
0.5654
0.5467
0.6233
0.7994
0.577
0.8267
0.9629
0.6894
0.8531
0.6
0.6117
0.8472
0.99
0.7751
0.5823
0.7349
0.6268
1.304
1.202
0.5942
0.601
2.69
2.73
1.42
1.371
0.4785
0.7233
1.177
0.4851
0.8801
1.066
1.01
0.0
0.715
1.14
1.06
0.8982
1.131
0.8819
0.6291
0.6174
0.6013
1.393
0.6937
0.8181
1.098
1.271
0.7719
0.6137
0.94
0.7927
0.932
1.186
0.7738
1.236
0.6764
0.6913
1.289
1.443
0.7733
1.228
0.5935
0.7828
0.6632
0.5979
0.7893
0.5814
0.7111
0.5927
0.8184
0.9681
1.048
1.003
1.035
0.6372
1.358
1.148
0.7177
0.7422
0.6124
1.291
0.6149
0.8708
0.7594
0.5741
0.5479
1.011
0.758
0.8124
0.7349
0.6862
0.8756
0.8274
0.7224
1.273
0.6408
1.328
0.681
0.7655
1.445
1.469
0.7605
0.9217
0.764
0.8754
0.6259
0.625
0.9807
0.7432
0.5221
0.5108
0.8949
0.8493
0.876
0.4533
1.223
0.7333
0.8002
0.7566
0.6384
0.8688
0.6983
0.6331
0.9841
0.6745
0.9758
0.5715
1.454
0.8258
0.8479
0.573
0.6745
0.77
0.8657
0.6024
0.6589
0.8868
0.8952
0.9442
0.4302
0.589
0.6872
0.7177
0.7072
0.6837
0.816
0.8354
0.7747
0.9017
0.5208
1.198
0.7304
0.5434
0.7905
1.101
0.4607
0.6959
1.047
0.593
1.329
0.5772
0.7696
0.5327
0.9695
0.8533
1.256
