0.7994
1.13
1.363
1.198
1.68
0.7128
0.68
1.473
0.8367
0.8323
0.9515
1.19
0.7342
1.124
1.081
0.0
1.48
0.9152
0.9918
0.6288
1.287
1.171
1.136
0.9654
0.824
0.7735
0.7869
1.18
0.9015
1.059
0.8103
0.0
1.3
1.343
1.836
0.6388
0.7881
1.328
1.059
0.814
0.0
1.687
1.284
1.38
1.618
1.053
0.0
1.037
1.215
1.362
1.109
1.343
1.225
0.3117
1.231
0.8708
1.133
0.0
0.899
1.113
0.8559
1.715
1.75
1.261
1.875
1.889
1.558
1.454
0.954
0.7199
0.0
1.145
1.098
0.8359
1.684
1.369
1.449
1.154
0.9016
0.7512
1.251
1.367
1.078
1.27
0.0
1.381
1.316
1.192
1.217
1.083
0.7692
1.365
0.9084
1.401
1.668
1.04
1.078
0.9302
1.141
1.348
0.8355
1.28
1.207
0.8146
1.204
1.609
0.9428
1.555
1.369
1.213
1.116
0.9303
0.8473
1.384
1.068
0.0
1.078
1.231
1.531
1.868
1.037
2.879e-07
0.9831
0.9771
0.9514
1.421
1.607
0.6064
1.232
1.147
1.139
1.43
1.692
1.007
1.533
1.418
2.066
1.49
1.431
1.317
1.232
1.836
1.908
1.121
0.975
1.224
1.189
1.225
1.481
1.049
1.882
1.273
0.7134
1.418
0.845
1.459
1.279
1.399
1.105
1.419
1.929
1.812
1.452
1.752
0.9713
1.855
0.9965
0.9769
1.325
1.217
0.7419
1.073
1.583
1.431
1.333
1.246
1.428
3.107
1.157
1.028
1.707
0.89
0.7319
1.095
1.584
1.053
1.919
1.007
1.742
1.819
1.474
1.907
2.34
1.77
1.443
1.137
1.671
1.623
1.072
0.7654
1.344
1.544
1.302
1.976
0.7463
0.7145
2.155
1.268
1.551
1.692
1.387
1.235
1.0
1.765
1.982
1.569
2.103
1.389
0.8535
1.241
1.974
1.028
2.346
1.531
1.14
1.233
1.806
1.322
2.078
0.9339
1.455
1.484
1.71
0.7548
0.6377
1.376
1.547
2.205
1.275
1.77
1.302
1.194
0.7369
1.247
0.9425
1.914
1.683
1.727
1.806
1.587
1.117
1.154
1.895
1.43
1.265
1.766
1.849
1.345
1.557
1.303
2.142
1.434
1.409
1.787
1.493
1.627
1.392
1.354
1.894
1.37
1.235
1.035
1.286
1.67
1.6
1.077
1.884
1.689
1.332
1.489
1.907
1.397
1.957
1.961
1.776
1.549
1.064
2.772
1.401
1.578
1.412
1.996
1.13
1.526
2.271
1.299
1.867
1.443
1.45
1.897
2.01
1.706
1.83
1.717
1.196
1.293
1.483
2.278
1.482
1.857
1.84
0.6116
2.394
1.865
1.908
1.074
2.272
2.008
1.953
1.651
1.504
2.176
1.336
1.895
1.33
2.643
1.885
1.302
1.408
1.003
1.225
1.341
1.381
1.542
0.8536
2.122
1.209
1.872
1.572
0.8585
1.433
2.252
1.159
1.772
1.58
2.442
1.891
1.703
2.588
1.689
1.527
1.65
1.289
1.851
1.232
1.771
1.357
1.259
1.77
1.951
1.662
2.415
1.763
1.451
2.23
1.646
1.193
2.545
1.219
2.182
1.887
2.158
1.991
1.28
2.128
1.396
0.8977
2.047
1.91
2.202
1.598
1.026
1.548
1.515
1.295
1.459
2.233
1.295
1.742
1.526
1.879
1.95
1.034
1.515e-07
1.742
1.644
1.643
2.097
2.047
1.795
1.788
1.729
1.561
1.193
1.518
1.765
1.492
2.258
1.176
1.731
1.714
2.284
1.786
1.976
1.849
0.8865
2.063
1.931
1.491
1.422
1.994
2.323
2.048
1.622
1.745
2.293
1.796
1.386
2.077
2.317
1.575
1.504
1.859
2.05
2.406
1.404
2.923
2.326
1.98
2.219
1.899
1.156
2.05
1.554
1.642
1.847
1.699
1.747
1.333
2.164
1.767
1.183
3.358
1.844
1.218
1.075
2.177
1.889
2.359
2.546
1.913
1.888
2.52
2.657
1.512
1.724
2.144
1.766
0.868
0.7265
1.709
1.525
1.38
1.535
1.85
3.175
1.573
1.807
1.936
2.286
2.332
1.539
1.128
1.466
2.327
1.891
1.481
2.177
2.009
2.366
1.921
1.856
2.138
2.235
1.872
1.438
2.054
1.992
1.872
1.628
2.203
1.735
3.658
1.884
2.198
1.617
1.831
2.961
2.353
1.855
1.807
1.847
1.647
1.968
1.901
1.361
2.245
1.59
1.491
1.856
1.938
2.559
1.575
1.74
1.593
1.72
2.578
1.739
1.804
1.539
1.952
2.129
3.11
1.603
2.124
2.353
1.415
1.264
1.886
2.067
1.836
1.843
1.839
2.357
1.983
2.069
2.056
1.512
2.127
2.049
1.598
2.007
0.972
2.781
1.887
2.081
2.064
1.777
1.497
2.331
2.592
1.942
1.679
1.827
1.969
1.285
2.013
1.999
2.435
2.064
3.26
2.859
1.986
2.364
1.693
2.152
2.108
1.912
1.735
2.853
1.987
1.838
1.826
2.979
2.944
2.216
1.877
2.102
1.589
2.05
2.005
1.74
1.954
2.276
2.329
2.387
2.609
2.148
3.226
2.341
2.052
2.275
2.34
2.552
2.244
2.159
1.84
2.588
1.558
1.59
2.799
2.25
2.05
2.277
1.6
2.081
2.079
1.682
1.584
1.974
2.097
2.935
2.104
1.637
2.407
1.773
3.189
1.799
2.21
2.209
1.255
3.362
2.02
1.883
2.494
1.57
3.223
2.145
1.859
1.789
1.879
1.639
2.112
2.034
1.603
1.995
2.699
1.355
1.729
2.329
1.635
1.488
2.104
1.756
2.077
2.031
2.751
3.153
1.703
2.065
2.013
1.007
2.76
1.896
3.66
2.394
1.793
2.143
2.364
2.92
2.239
2.528
2.545
2.689
2.483
2.807
2.216
2.323
1.69
2.599
2.168
2.286
2.376
2.748
2.434
1.539
2.121
1.423
2.745
2.128
4.451
2.817
2.21
0.9148
1.249
2.282
2.613
2.703
2.366
2.091
2.544
2.455
2.274
2.496
1.458
3.057
2.635
3.284
2.704
2.343
1.936
2.2
1.709
2.819
2.016
2.686
2.036
2.168
1.451
2.404
2.791
2.399
1.598
2.771
2.966
2.111
2.461
2.231
2.776
2.275
1.95
1.967
1.991
2.132
2.568
1.598
3.122
1.716
2.692
2.497
2.095
2.472
3.131
1.867
1.776
2.242
2.244
2.252
2.422
2.125
3.176
2.057
2.671
2.822
2.276
2.851
1.833
2.468
1.815
2.094
1.62
1.89
2.564
1.996
1.893
2.682
2.432
1.873
2.638
2.556
2.255
2.86
1.733
2.407
2.08
3.305
1.888
2.63
1.758
1.797
2.221
3.329
2.519
2.713
2.295
2.715
2.35
3.198
2.529
2.078
2.237
2.26
2.338
2.184
2.086
1.307
1.006
1.299
1.299
1.137
1.295
0.8082
0.8505
0.7761
0.7761
1.311
0.9085
0.0
0.0
1.513
1.116
0.0
0.7307
0.6254
0.3149
1.09
0.8873
0.8369
2.792e-07
0.8864
1.349
0.8639
0.2727
1.299
0.8634
0.9557
0.7288
0.9381
1.169
1.194
0.343
0.8157
1.439
0.3899
0.0
0.231
0.6559
0.3068
0.9375
1.392
1.352
0.4116
1.445
0.9799
1.187
0.933
1.299
1.299
1.299
1.299
1.299
1.796
0.4586
0.7689
0.9024
0.7277
0.9024
1.062
0.9895
0.9984
0.5433
2.12
1.974
1.241
1.214
1.299
1.299
0.9708
1.526
1.438
2.087
1.309
2.548
0.7102
1.05
1.275
1.505
2.847
1.062
1.299
1.299
1.299
1.299
1.299
1.299
0.7281
0.7281
1.266
1.048
1.265
0.9721
1.308
1.154
0.9542
0.9445
1.679
0.5048
1.499
1.025
1.057
1.448
1.451
0.6166
0.8975
1.247
0.7531
1.017
1.14
1.212
0.8601
1.354
1.147
2.702
1.251
1.557
1.956
1.182
1.027
2.33
1.56
0.8103
1.804
1.878
1.596
1.932
1.203
1.835
1.575
1.863
1.623
1.405
1.405
1.698
1.473
1.443
1.913
1.315
2.266
1.414
1.139
2.377
1.83
1.787
2.049
2.222
1.821
1.735
2.179
1.609
1.323
1.629
1.829
2.027
1.379
1.72
1.788
2.144
1.691
1.18
0.7224
1.417
1.192
2.462
1.547
1.465
2.337
2.479
1.701
2.269
1.721
2.036
1.91
2.095
2.357
1.688
1.281
1.516
1.419
1.444
2.377
2.094
1.635
2.19
1.155
1.333
2.224
2.158
1.262
1.75
1.474
1.587
2.074
3.048
1.167
1.959
1.474
2.144
1.629
1.922
1.26
1.755
1.974
1.275
1.288
1.328
1.813
1.829
0.8737
1.327
1.424
1.893
2.597
1.701
1.692
1.35
2.274
2.35
1.907
1.899
2.978
1.651
1.853
1.353
1.663
1.427
2.163
1.839
2.529
1.811
2.199
1.699
1.962
1.526
2.236
2.043
0.8819
2.454
2.313
2.727
1.811
1.643
2.213
1.287
2.317
1.894
1.516
1.438
1.908
2.304
2.124
2.367
1.975
2.018
2.85
1.28
1.583
2.139
1.967
1.646
2.545
1.262
1.941
3.08
1.825
1.649
2.123
1.428
1.496
2.093
1.545
1.913
1.984
1.8
1.041
2.061
2.345
2.117
1.015
1.621
1.338
2.859
2.036
2.438
2.46
1.405
1.523
2.09
1.814
1.898
2.353
2.833
1.816
2.634
2.293
1.775
1.723
1.879
2.26
2.144
1.671
2.406
2.275
2.477
1.737
1.732
2.135
1.547
3.419
5.227
2.199
2.585
1.032
3.079
3.597
1.733
1.414
1.637
2.441
1.626
2.351
1.575
2.328
2.201
2.098
1.405
2.362
1.469
1.746
2.413
2.545
1.773
1.869
2.342
2.073
2.1
1.474
2.827
1.735
1.578
2.079
2.494
1.573
1.573
1.928
2.491
2.405
2.085
1.623
1.907
2.609
2.627
2.107
2.298
2.247
1.956
2.369
1.81
1.861
2.467
1.688
2.258
2.707
3.269
2.086
1.585
2.556
2.669
1.869
2.072
2.335
4.068
2.004
1.985
2.344
2.089
1.585
2.432
3.106
2.093
1.992
2.128
2.719
2.546
2.179
1.364
1.702
1.77
2.309
3.11
2.5
1.582
2.695
1.903
1.985
1.51
2.398
1.796
1.634
1.736
2.528
1.606
1.829
2.307
1.293
2.029
2.314
1.432
2.638
2.857
2.112
2.183
2.86
2.053
2.424
2.833
1.526
1.689
2.299
1.399
1.79
3.41
2.162
3.174
1.904
2.306
1.861
2.643
1.895
1.426
1.8
2.344
2.687
2.988
2.057
2.323
2.075
2.603
2.512
2.289
3.427
1.857
1.988
1.975
2.767
3.479
2.162
1.711
2.864
2.349
1.564
3.539
1.893
2.054
2.664
2.739
2.533
2.29
2.95
2.2
1.99
3.125
2.238
1.847
2.732
2.65
2.35
3.067
2.188
2.744
3.248
3.234
2.277
1.816
2.795
2.574
2.439
2.339
2.968
2.089
2.269
2.056
2.21
2.2
1.897
2.508
3.062
4.102
2.702
2.795
2.239
2.293
1.975
2.518
2.074
2.802
2.076
1.713
1.453
2.262
3.227
2.643
2.43
2.735
3.503
2.207
4.13
2.01
2.708
2.908
3.326
2.754
2.995
2.549
2.374
4.606
2.617
2.724
2.394
3.353
2.018
2.6
2.077
2.051
2.88
2.994
2.765
2.223
1.969
2.992
2.275
2.182
2.293
3.104
2.59
2.459
3.512
2.387
2.351
3.53
3.451
2.31
3.33
3.345
2.076
2.447
2.48
2.318
2.753
1.783
2.603
2.87
3.625
1.967
2.354
3.44
2.51
3.078
2.482
3.94
2.801
2.493
3.708
3.263
2.684
3.174
3.754
1.786
2.766
2.828
2.485
2.959
2.658
3.074
3.064
2.392
2.913
2.43
2.517
2.925
2.714
2.654
2.961
2.648
3.824
2.434
3.931
3.256
1.832
3.334
2.268
3.382
3.828
3.975
3.015
2.359
1.881
3.073
1.984
2.172
2.035
2.768
2.555
2.92
2.657
2.608
2.332
3.076
3.343
2.711
2.909
2.924
2.262
2.651
3.708
2.924
2.403
2.422
2.669
2.213
3.407
2.521
2.91
2.976
3.219
3.176
3.21
2.853
2.409
2.422
2.095
2.56
2.855
2.438
2.635
2.541
3.031
2.361
4.195
3.207
1.954
2.707
2.038
2.533
2.542
2.759
3.221
2.411
2.288
2.586
2.074
2.168
2.198
3.323
1.97
2.636
3.685
4.442
2.148
3.84
2.702
2.484
3.302
1.869
3.055
2.312
2.678
2.679
3.97
2.345
3.436
3.143
4.154
2.872
3.026
4.281
3.116
2.221
2.443
2.325
2.263
2.573
2.709
3.324
2.577
3.206
2.566
1.662
2.303
3.364
3.468
2.931
2.05
4.166
2.666
2.645
2.286
2.177
3.128
