82.0
42.75
111.9
16.11
59.0
38.98
92.15
58.22
94.57
67.42
64.74
99.23
65.62
41.93
95.92
95.93
50.18
77.84
46.98
34.92
89.62
48.96
62.8
64.61
54.96
63.46
28.04
78.52
61.81
49.43
70.54
28.04
94.57
88.78
81.13
78.57
67.07
57.63
60.02
54.96
55.44
84.02
88.27
74.13
55.61
58.16
82.4
51.45
48.52
49.61
49.61
94.0
84.02
68.36
74.97
52.53
74.69
77.26
67.07
75.89
122.7
73.11
65.17
71.48
71.48
81.7
65.44
69.8
58.07
66.56
79.28
112.1
84.29
58.37
82.81
115.0
56.59
65.77
80.75
68.0
66.56
95.21
79.28
72.59
68.9
71.04
75.02
69.26
85.97
83.43
77.86
66.56
69.9
70.98
57.56
101.4
62.71
73.29
80.74
70.49
67.43
70.01
47.24
65.18
38.34
67.82
80.95
78.31
81.85
92.61
54.01
64.04
83.98
80.27
53.76
49.02
99.45
107.8
122.1
79.39
78.52
51.72
51.72
63.59
71.85
82.23
77.18
94.81
78.59
96.21
72.29
97.17
140.0
78.9
90.21
74.82
67.83
91.05
59.81
110.7
55.65
74.11
83.12
138.8
89.99
74.13
100.6
98.77
102.4
51.08
114.2
72.78
80.44
97.56
73.63
133.1
112.6
80.66
36.01
105.4
79.69
118.9
88.76
109.1
84.76
83.65
100.4
101.6
135.6
120.5
111.0
64.12
95.9
64.25
74.98
115.8
91.01
75.45
74.76
80.99
55.76
77.43
104.9
78.85
82.02
58.68
81.6
130.9
136.7
82.03
67.71
110.5
113.8
94.23
65.4
63.2
101.8
66.99
84.6
54.01
126.0
128.5
101.0
90.02
85.48
100.3
98.14
122.1
96.06
116.8
114.9
92.31
79.94
111.8
99.95
81.43
136.1
91.55
67.62
99.63
108.6
116.1
91.34
117.7
116.5
146.3
76.22
111.7
119.6
111.3
74.05
133.2
102.2
92.14
84.64
142.9
118.0
121.9
108.4
97.92
48.18
68.07
102.7
129.9
67.49
122.3
71.35
69.01
62.42
132.1
114.4
110.5
82.84
127.0
92.98
78.73
108.6
107.5
103.1
118.6
68.1
123.9
135.7
99.79
89.63
127.2
146.0
114.4
92.44
100.7
80.7
124.6
123.6
152.1
125.6
135.0
101.3
127.6
129.8
145.9
116.6
104.8
150.3
127.1
124.7
70.3
83.68
105.8
66.38
100.5
134.0
79.22
92.34
168.0
133.3
136.3
76.96
127.2
148.9
115.0
119.5
126.9
138.7
67.56
158.0
102.4
99.75
126.8
133.1
142.4
91.4
65.33
106.6
114.2
111.1
163.6
84.74
188.0
129.3
86.11
95.86
88.73
107.7
110.4
114.3
102.5
84.97
107.8
179.7
106.7
135.6
128.9
114.6
130.4
133.1
131.0
128.6
111.0
134.5
112.7
104.0
66.68
159.3
124.8
129.2
127.9
150.7
122.6
89.98
107.0
90.22
101.2
161.9
149.4
154.7
189.6
145.8
108.6
100.5
157.1
134.2
111.7
147.2
117.5
131.1
127.4
133.8
137.4
115.8
112.1
118.9
158.9
137.5
94.48
133.4
101.0
93.77
77.06
106.6
91.6
163.1
105.1
104.5
100.4
139.9
185.6
136.7
139.1
80.87
105.4
95.55
81.19
118.5
152.7
134.2
151.3
124.1
113.9
73.39
90.39
137.0
112.4
139.5
128.3
131.9
134.8
150.0
161.4
161.5
137.7
155.2
174.5
199.2
150.5
91.54
190.1
127.8
143.1
109.5
143.0
130.2
153.5
138.9
129.4
117.0
122.8
185.7
171.1
109.9
142.5
158.7
137.8
165.7
119.3
251.5
135.7
127.1
153.0
177.1
161.1
150.7
121.3
162.0
126.4
100.4
173.9
161.4
132.4
116.5
104.9
204.0
148.9
186.0
145.9
108.2
170.3
124.2
179.1
171.4
112.3
148.4
160.7
111.2
123.6
110.0
135.8
85.59
144.0
210.5
215.3
135.4
90.87
141.9
142.4
168.8
136.0
121.6
192.5
108.2
232.8
130.1
97.49
107.3
197.5
228.3
147.6
155.1
152.2
172.8
147.7
126.9
141.1
119.0
125.0
35.85
59.93
44.91
71.88
28.04
66.19
48.52
41.84
56.91
65.18
73.9
54.23
71.44
48.96
48.96
59.88
48.96
57.72
66.36
96.9
53.76
53.76
54.96
68.37
65.18
65.18
58.22
58.22
65.18
65.18
52.82
57.63
89.32
28.04
45.15
48.36
45.15
50.54
72.39
67.27
42.11
28.04
85.65
70.49
73.0
99.61
80.89
28.04
67.98
102.6
44.73
50.66
52.27
52.59
52.98
89.57
69.23
56.89
71.21
55.12
40.31
64.81
66.15
52.53
59.42
118.2
74.73
76.58
58.56
97.69
50.52
82.4
45.36
84.92
48.96
68.73
88.34
91.64
95.97
58.33
47.27
73.06
76.67
112.2
64.12
46.44
62.86
75.95
62.31
75.95
75.95
65.44
86.84
95.4
85.34
65.68
105.8
65.72
48.63
97.44
66.56
102.8
36.17
70.98
83.65
64.83
79.63
60.24
84.34
79.9
117.1
117.1
119.6
81.21
80.03
56.11
81.55
93.99
94.37
75.52
83.83
93.21
68.85
77.64
93.48
59.32
52.33
79.48
73.73
75.87
99.6
70.46
67.56
134.2
61.6
74.77
86.89
64.64
55.67
86.19
74.07
85.65
126.1
67.53
103.8
87.38
82.81
70.01
95.32
108.6
96.03
75.82
68.9
98.08
50.85
84.62
90.82
75.19
72.53
86.36
83.44
75.17
119.8
79.31
106.6
75.03
86.81
59.09
117.9
86.85
114.0
117.4
116.7
128.3
76.78
121.1
86.7
79.94
104.2
84.97
77.64
92.26
90.75
135.5
109.2
90.15
134.7
67.47
91.25
105.5
64.18
113.8
64.96
139.5
97.61
92.91
78.57
90.75
72.4
96.03
71.26
70.33
89.9
111.9
138.5
138.9
106.3
111.7
133.4
65.73
90.02
76.46
69.71
93.52
155.2
100.4
89.1
88.84
91.56
110.8
149.1
163.1
112.3
73.65
128.5
97.21
97.62
111.3
115.3
107.9
139.0
126.3
138.2
113.7
135.3
55.67
86.22
84.77
66.7
92.64
113.4
81.16
150.3
130.5
106.6
90.61
116.9
70.41
108.3
101.1
129.3
143.8
118.4
80.31
77.1
82.83
65.1
97.85
103.0
140.0
107.7
125.0
124.1
141.1
99.14
101.9
120.2
108.1
101.5
144.6
113.1
109.1
101.4
133.0
104.6
111.3
78.57
163.0
95.35
85.44
78.7
115.8
120.8
110.8
92.2
110.2
84.15
77.0
161.1
80.88
133.3
128.4
69.83
122.8
161.5
114.5
158.7
110.4
98.13
109.7
119.7
140.5
101.1
130.1
80.82
92.75
123.3
150.1
109.4
94.34
119.4
130.9
117.3
87.57
117.1
122.3
87.33
87.51
150.1
168.0
121.9
187.6
137.7
140.1
110.6
140.2
104.6
123.0
114.4
84.53
122.5
115.6
228.1
136.6
120.8
138.1
129.5
100.3
144.4
139.6
208.9
158.9
119.4
143.7
122.5
128.3
92.09
134.4
126.0
118.0
94.54
109.5
168.0
141.8
120.1
120.1
132.6
125.3
149.2
112.6
154.8
133.5
111.7
151.2
183.6
156.7
152.0
140.8
138.8
139.3
135.2
102.2
164.0
136.2
121.8
125.3
109.5
152.2
146.4
128.4
116.9
141.8
166.8
102.9
136.9
101.9
137.7
142.4
91.21
126.5
85.02
153.1
131.3
84.43
107.7
117.2
164.4
105.0
103.7
104.2
158.0
86.56
115.1
151.9
201.9
198.4
132.6
93.56
118.8
119.9
186.5
173.7
116.6
83.85
134.4
147.0
158.7
149.4
120.7
117.0
112.0
86.8
177.1
161.9
145.4
121.4
144.8
144.1
163.4
106.4
142.9
132.7
168.9
80.77
148.3
144.4
139.5
120.0
103.7
131.9
153.1
118.1
128.0
117.5
169.5
159.8
135.8
119.8
124.2
128.4
168.5
129.0
146.3
135.6
155.6
105.0
145.8
127.4
107.2
165.2
130.4
187.4
206.6
218.6
165.1
118.6
109.3
133.1
144.2
183.6
156.3
152.7
116.0
128.9
98.17
157.1
194.2
121.1
147.0
194.3
156.1
136.5
142.5
168.6
115.8
122.8
112.5
133.7
112.6
168.3
148.8
133.4
121.5
162.1
169.7
142.8
155.4
180.3
194.7
188.0
141.4
145.1
152.2
129.3
135.3
122.7
65.11
161.6
111.3
133.1
69.33
122.9
72.24
107.5
98.86
77.68
77.06
65.14
179.2
131.7
51.14
109.5
100.8
112.2
151.2
188.2
193.6
116.1
97.27
180.6
89.12
79.86
78.35
98.06
163.1
104.3
135.8
129.9
146.5
77.35
203.1
110.1
85.96
120.0
62.73
62.85
110.3
149.2
118.7
170.0
109.9
125.4
85.38
173.1
132.9
139.0
234.2
148.4
93.77
95.79
115.5
144.7
138.1
54.59
61.39
126.5
211.3
186.3
63.72
115.3
128.1
175.0
108.6
156.0
93.09
93.97
75.45
190.3
153.1
190.4
141.3
142.7
89.14
218.3
105.4
115.3
152.5
224.5
76.9
83.17
173.0
91.31
119.7
54.1
54.1
184.5
118.7
88.37
229.2
146.0
100.8
209.0
201.9
113.3
130.8
134.6
169.6
167.9
65.31
82.26
85.0
134.3
145.6
69.04
228.4
124.2
110.1
64.03
97.07
115.4
124.2
178.3
203.4
107.4
139.7
124.2
82.39
127.4
125.2
123.4
116.6
134.3
170.6
93.37
127.1
86.45
71.88
93.37
133.6
136.0
118.6
158.5
121.7
58.78
187.8
178.8
90.83
175.4
104.8
148.7
177.5
97.05
145.0
180.3
137.7
83.86
98.91
125.8
156.1
111.9
88.53
145.7
116.2
70.04
125.3
0.0
186.6
149.0
79.24
74.42
71.15
101.0
111.1
191.0
158.2
175.7
42.57
65.43
247.6
131.8
74.26
109.8
80.59
60.93
150.6
150.2
117.1
145.4
133.4
129.6
53.86
173.2
126.5
88.08
136.2
144.6
137.8
122.7
176.0
77.35
115.2
86.44
141.0
192.5
186.5
168.6
79.3
273.1
120.7
91.72
81.79
175.1
115.9
77.68
128.1
132.7
94.05
123.9
95.98
146.1
107.2
149.9
145.7
81.19
145.4
184.3
190.6
148.9
153.6
72.14
141.6
126.5
227.2
92.9
126.8
178.7
123.1
98.56
96.38
154.6
165.9
97.91
192.0
98.33
149.0
108.5
187.6
60.29
165.1
104.4
89.28
71.68
111.8
118.9
87.2
135.4
133.1
116.7
117.4
62.63
134.1
139.4
68.01
129.0
63.11
200.2
157.3
110.2
133.7
177.0
108.4
119.0
92.19
88.34
143.7
244.4
144.9
207.5
154.5
161.9
122.2
57.54
97.06
159.6
154.9
154.5
134.0
120.6
107.3
62.21
93.17
168.7
130.2
85.49
106.1
224.3
126.4
85.37
92.82
154.5
99.21
159.4
158.7
158.2
75.91
127.6
128.6
143.6
116.0
167.4
140.7
116.8
141.5
118.4
186.1
77.35
96.91
146.8
114.6
193.9
79.93
171.6
67.97
121.6
71.72
140.4
63.09
84.04
100.1
77.29
116.6
142.8
106.4
155.3
139.9
100.4
151.9
151.5
74.68
3.949e-06
127.3
195.8
175.4
105.3
103.6
111.5
76.48
190.1
121.2
100.1
53.16
176.7
74.05
144.8
141.0
53.91
136.8
113.3
95.73
181.3
100.4
79.25
84.6
163.4
187.8
101.0
146.4
138.6
73.06
146.7
95.41
54.78
64.87
94.56
116.9
124.3
77.86
76.1
140.3
168.9
141.7
92.55
119.3
62.42
289.0
143.7
143.3
226.9
192.5
130.9
112.7
142.6
57.64
95.25
197.7
82.29
94.63
147.2
265.4
97.76
130.9
117.4
104.0
126.9
93.48
93.48
200.7
104.3
90.86
123.9
97.25
75.76
108.1
137.9
82.94
122.4
128.2
148.6
88.25
112.9
145.2
141.7
160.1
68.03
104.2
98.21
50.63
98.1
140.6
74.29
92.61
102.0
141.7
129.0
99.32
78.06
116.8
105.5
122.0
145.4
90.49
98.36
154.1
113.0
71.49
130.9
99.16
87.55
116.4
154.1
228.6
69.23
185.2
78.88
60.16
57.5
55.27
95.85
137.0
83.18
81.5
164.5
166.6
96.66
91.46
128.7
156.8
131.0
104.9
146.5
83.92
96.29
139.4
112.7
106.5
140.8
164.8
111.6
134.3
102.9
182.7
87.43
160.4
133.6
78.22
132.2
147.6
186.3
146.4
135.1
147.1
148.8
123.6
162.3
46.56
77.0
64.06
72.36
48.99
96.6
159.8
94.76
158.1
97.68
114.6
99.12
92.63
163.7
185.0
55.46
165.2
119.6
73.73
169.2
149.7
71.09
106.9
210.1
86.55
167.0
176.2
105.5
82.74
60.34
79.09
179.6
127.4
217.9
147.4
120.9
7.175e-06
106.3
153.5
117.3
77.02
171.8
91.82
96.81
196.9
114.5
45.98
191.0
150.6
69.82
52.24
177.9
180.1
211.0
76.2
68.99
104.9
98.46
129.5
137.6
108.3
152.7
72.66
110.3
199.3
77.07
170.9
286.4
225.9
80.0
75.55
158.4
165.2
175.6
171.7
87.98
107.7
165.9
99.83
60.77
142.6
103.3
81.13
131.3
183.9
67.7
182.7
131.0
199.4
56.16
155.0
113.8
71.96
167.9
6.782e-06
133.2
165.9
55.24
105.9
103.0
120.7
112.4
115.4
90.89
89.55
208.8
171.6
89.37
195.9
96.75
104.8
148.5
91.29
159.3
199.0
124.6
95.51
89.84
158.8
181.0
2.787e-06
141.1
149.3
185.8
79.61
101.3
72.41
145.1
78.31
130.9
237.4
155.0
184.7
145.1
123.9
170.6
201.2
171.3
105.5
85.21
115.1
124.7
138.9
111.0
191.9
81.86
228.4
150.6
172.6
94.54
92.72
123.4
106.4
92.51
183.2
65.12
104.5
58.89
172.4
78.17
163.8
138.2
51.58
170.5
178.4
156.7
69.4
55.53
107.3
147.0
82.57
217.5
127.9
151.3
135.0
227.1
165.0
105.9
81.7
94.78
102.6
97.89
134.5
105.7
138.0
101.2
93.55
68.93
101.5
114.7
70.09
106.3
56.22
144.8
64.99
74.74
177.6
130.4
86.88
200.6
142.4
194.0
61.59
187.5
190.1
212.6
139.4
209.3
111.5
154.5
118.9
99.49
151.1
106.3
125.4
89.31
166.3
115.4
213.8
156.5
199.5
98.36
41.87
161.3
144.7
102.6
201.1
93.73
121.7
174.2
133.0
163.4
144.2
143.5
96.88
73.41
160.2
131.9
76.48
141.5
65.93
74.99
187.8
101.5
56.47
139.2
171.2
121.0
168.0
125.4
170.6
185.0
71.12
198.7
118.8
70.62
207.9
156.2
152.1
77.2
175.4
75.18
143.8
120.6
204.2
199.6
122.3
133.5
171.9
159.1
90.88
139.9
178.3
210.8
203.3
69.19
110.5
184.6
113.3
62.36
182.6
78.81
181.8
87.22
65.84
153.6
67.62
187.2
145.0
209.4
112.8
116.6
83.84
61.18
262.5
166.3
139.4
192.1
161.9
76.01
123.7
141.3
191.2
149.2
121.6
90.45
129.2
158.6
73.74
194.9
81.53
133.0
62.8
207.7
119.2
108.6
171.1
135.3
156.7
81.75
190.1
171.3
99.12
141.2
237.4
155.9
158.9
90.9
72.27
111.0
96.64
126.9
50.12
63.73
72.14
110.8
153.6
131.9
89.63
189.6
123.1
61.63
185.6
83.37
161.0
58.39
108.6
94.21
183.2
63.8
85.85
169.8
125.4
103.8
122.9
177.4
169.3
154.8
95.22
158.9
126.2
156.9
98.05
182.1
106.9
184.5
148.3
158.7
184.2
199.8
125.4
246.3
90.93
95.63
51.16
71.92
135.7
60.05
166.7
156.7
284.6
108.8
151.1
138.9
91.68
138.3
166.1
86.45
84.67
166.7
158.7
93.05
199.8
194.0
58.7
131.9
116.1
75.07
193.7
145.5
127.1
103.2
170.4
103.4
142.4
104.9
146.0
146.7
176.9
75.43
151.6
45.79
151.0
64.31
142.5
104.0
223.8
81.84
131.3
188.6
90.73
106.9
189.8
144.3
180.9
115.7
196.6
126.6
153.1
96.88
154.6
240.3
106.1
128.8
131.6
101.4
86.32
199.1
60.18
185.4
195.7
158.1
122.9
79.67
127.0
108.0
50.79
145.3
58.45
111.5
71.42
149.0
91.96
160.2
75.09
81.76
92.69
163.7
128.6
156.1
111.7
186.3
143.9
102.4
144.6
143.1
59.67
165.2
137.3
105.3
157.3
134.2
164.8
129.7
112.2
104.4
212.7
125.1
153.3
173.3
97.72
63.33
178.1
69.46
218.0
99.21
139.2
78.86
162.6
119.0
78.83
94.47
91.45
66.73
214.6
182.6
62.29
130.9
149.8
174.2
132.2
121.6
109.2
215.8
181.9
184.7
226.0
183.7
108.2
89.7
154.7
235.2
119.2
60.85
75.49
101.9
119.1
74.21
0.0
137.8
0.0
146.0
134.7
50.6
82.4
127.0
44.59
139.8
86.07
83.77
172.1
78.05
54.17
141.0
86.77
96.39
139.6
61.33
68.36
90.62
116.1
109.1
133.1
60.09
66.71
100.3
145.1
65.49
115.0
92.16
72.05
146.8
191.4
54.87
99.75
100.6
99.63
158.3
96.85
103.3
107.8
165.7
54.17
107.5
72.88
40.53
103.5
119.9
65.68
210.0
127.9
81.54
148.1
100.6
62.51
153.4
202.3
0.0
132.6
113.1
117.8
71.58
88.5
62.86
78.39
142.9
55.13
117.5
60.14
69.85
113.7
92.18
61.44
110.6
120.5
85.78
54.23
63.96
57.82
126.7
56.46
69.45
115.3
118.1
61.17
171.6
170.4
57.23
110.3
127.4
4.378e-06
94.59
68.21
50.12
69.69
73.82
77.41
126.1
85.23
69.91
169.8
126.1
93.49
136.3
103.2
90.75
102.3
155.8
105.5
105.1
125.0
112.0
90.76
165.7
49.19
136.8
115.9
75.03
100.6
93.07
108.9
72.15
138.6
134.1
90.3
43.98
60.92
84.59
44.9
112.3
108.0
85.3
106.8
97.84
140.8
108.8
124.6
60.14
66.61
130.1
154.1
71.04
130.1
55.31
108.8
101.5
68.36
98.97
169.5
137.6
79.21
170.2
134.7
100.3
113.9
129.5
67.65
92.2
56.05
105.7
129.5
137.9
60.05
104.5
63.72
78.0
184.2
125.2
43.52
138.7
135.1
120.9
93.63
132.8
116.2
95.64
135.4
60.1
106.3
69.28
105.7
118.4
112.9
77.75
118.9
123.4
101.9
194.8
96.92
0.0
110.9
54.09
60.31
121.6
64.03
54.49
130.0
132.5
75.03
107.6
106.3
56.27
146.1
85.89
40.41
115.9
64.46
155.7
129.9
58.48
61.92
90.8
72.88
94.19
136.7
115.8
64.46
123.0
148.2
67.65
128.0
162.4
71.88
100.3
115.9
85.56
177.7
115.1
44.59
171.0
96.86
104.2
151.5
55.88
54.49
172.8
111.2
61.94
144.9
90.0
68.85
81.35
92.18
64.82
44.12
102.5
42.69
90.76
109.0
99.45
144.0
96.24
104.6
100.3
115.2
3.099e-06
100.8
76.74
0.0
105.8
70.17
102.3
153.1
114.9
57.9
112.1
104.3
137.2
126.8
92.02
66.44
115.1
80.1
56.66
100.0
154.4
67.65
69.69
131.3
0.0
105.6
172.4
82.05
53.85
128.3
57.85
153.0
118.9
68.42
117.0
137.7
56.55
142.9
126.1
138.0
101.4
85.73
127.1
112.9
92.09
112.3
84.16
103.7
116.5
68.37
91.49
55.56
102.1
93.38
114.0
113.4
81.25
100.2
87.4
114.9
63.54
132.9
121.8
67.27
110.4
164.6
71.57
209.1
93.38
120.6
77.65
101.7
182.9
130.2
74.21
90.3
39.13
0.0
160.3
117.3
65.68
151.9
84.76
78.16
58.32
69.09
69.64
132.9
150.1
82.39
152.5
82.82
65.21
136.2
93.29
75.1
101.9
58.76
35.22
204.6
131.4
63.58
129.3
97.73
65.68
141.0
76.79
109.1
152.1
83.61
67.55
116.2
115.1
70.05
156.6
120.9
70.49
163.9
136.7
90.35
94.14
91.32
38.57
143.7
108.5
112.3
104.6
118.9
0.0
104.7
92.95
136.7
89.9
205.4
43.52
103.1
118.6
57.24
104.7
109.9
89.17
136.0
111.4
78.27
132.9
115.1
70.63
110.9
205.5
60.05
107.0
172.4
43.52
106.6
108.4
71.65
93.39
55.18
68.52
135.0
127.6
56.55
171.2
173.5
71.79
179.7
123.5
63.96
134.7
108.4
93.51
158.4
100.6
60.9
56.27
119.5
112.3
109.8
80.49
62.65
142.3
136.9
81.95
131.5
112.5
71.31
133.0
163.5
179.9
178.4
212.8
144.1
185.7
172.3
90.44
149.2
131.9
114.1
148.8
112.4
172.8
166.9
120.4
170.8
185.2
134.1
195.3
199.7
208.3
205.8
123.8
158.0
171.7
232.8
135.7
159.4
153.1
141.7
219.8
153.1
119.0
126.4
179.3
218.3
157.1
277.5
285.5
189.1
78.54
249.8
249.6
183.0
178.6
194.1
187.4
166.4
281.7
106.3
101.3
69.51
193.6
210.4
226.7
149.2
166.9
260.3
97.02
113.4
93.83
171.8
239.5
89.52
195.1
194.2
166.6
192.4
227.2
204.0
120.0
199.0
253.6
166.8
122.9
98.79
146.8
148.8
207.8
191.6
67.74
181.2
194.3
130.8
134.1
205.0
141.4
103.5
151.0
127.0
160.9
166.4
162.8
115.7
93.8
233.7
170.4
161.5
132.2
222.0
139.3
147.3
128.0
158.6
182.3
204.7
229.5
169.0
179.9
189.1
148.2
117.6
127.4
153.9
115.5
111.7
153.4
135.0
156.7
92.32
168.1
163.4
140.6
198.6
122.2
172.5
197.9
236.6
136.9
140.2
133.1
177.2
182.0
197.2
109.4
198.7
108.0
133.2
184.3
200.9
157.6
141.5
224.4
145.5
143.0
187.6
168.0
167.7
185.9
126.7
157.3
181.4
180.4
171.8
105.7
204.1
191.3
198.7
239.1
216.5
127.6
199.5
145.7
101.6
125.9
129.1
255.9
167.2
194.4
177.8
82.94
205.5
204.0
103.9
193.6
185.4
144.2
155.9
213.9
105.8
155.9
181.8
125.3
145.2
175.5
223.9
216.0
82.82
101.8
97.68
112.1
269.5
142.7
189.8
182.6
111.6
194.2
240.4
198.3
143.5
250.5
181.0
104.4
106.8
215.5
264.2
122.7
195.4
166.0
205.6
176.1
252.5
171.8
1.409e-05
160.3
201.4
228.9
157.1
219.1
112.3
119.8
96.62
167.8
188.3
156.0
173.4
193.1
151.1
186.1
175.4
218.2
174.8
176.7
160.3
170.5
127.6
135.7
92.18
173.8
212.7
175.2
165.6
208.4
188.4
122.1
96.54
160.7
179.8
162.3
120.1
111.4
161.7
162.0
173.7
147.0
136.1
165.4
237.0
118.3
174.7
187.2
173.6
133.5
133.5
189.3
135.9
160.7
62.24
271.5
145.1
200.4
166.7
178.1
194.5
194.4
138.4
198.4
175.5
89.47
110.2
194.6
165.4
116.4
124.9
153.9
153.6
119.9
159.8
203.7
187.5
209.1
121.4
170.8
215.9
171.0
178.6
182.0
155.1
156.9
270.4
168.4
180.1
130.4
98.83
186.4
186.2
145.8
135.0
105.4
183.1
159.9
158.1
157.9
172.3
2.529e-05
140.0
235.1
178.6
168.0
135.0
133.6
162.4
199.0
141.1
186.2
178.9
253.9
192.8
102.3
155.6
152.8
96.0
187.5
202.3
156.3
211.9
237.1
167.2
181.8
188.4
176.7
177.9
164.7
148.4
108.7
168.9
204.3
167.2
166.1
188.0
206.1
76.73
190.6
176.1
74.78
187.5
147.5
149.9
172.7
133.8
112.5
143.0
242.8
155.1
136.4
193.4
130.0
146.3
216.3
181.5
161.2
165.8
192.5
124.9
101.9
235.0
202.7
128.0
167.0
129.2
149.9
205.2
201.7
135.9
110.3
114.9
206.4
128.5
126.2
214.7
193.4
183.9
84.4
132.2
159.7
180.0
180.1
143.3
144.4
256.7
150.7
252.0
92.4
120.0
135.2
204.5
153.0
133.5
158.4
172.7
136.6
211.8
108.9
177.2
184.6
159.2
142.3
164.4
233.2
184.7
233.8
90.11
135.8
171.5
179.8
148.3
199.2
209.7
250.0
136.0
180.6
158.2
145.3
194.9
132.7
143.7
187.5
136.5
152.1
165.4
132.4
232.3
164.8
216.8
210.3
89.04
154.1
147.8
154.5
153.1
152.3
67.09
171.6
156.1
204.8
174.6
150.7
260.1
160.5
142.5
155.3
118.5
149.7
124.3
195.2
114.4
225.4
139.4
185.3
140.8
183.5
199.8
249.3
216.9
136.3
156.6
139.4
166.7
144.4
145.4
198.7
125.9
173.1
83.1
132.2
130.8
184.5
245.3
137.5
223.2
134.4
203.9
199.4
209.3
128.0
145.2
181.7
194.8
142.3
174.5
184.1
198.9
165.0
145.4
208.8
235.7
186.8
183.2
110.0
97.28
101.5
91.87
100.4
130.6
101.7
141.6
126.4
191.3
244.0
218.0
92.02
137.4
190.2
88.87
207.1
205.4
181.1
167.1
233.1
171.6
125.7
164.2
165.5
185.0
167.4
156.2
131.7
79.65
162.2
187.4
255.9
220.8
218.1
297.0
190.7
174.2
181.1
197.5
76.06
204.5
178.5
84.3
211.7
273.8
162.5
98.96
122.3
169.7
184.1
172.7
204.0
101.7
178.3
161.6
185.3
140.8
152.4
192.1
119.4
214.7
121.0
145.5
171.9
130.1
97.92
155.2
206.2
163.1
177.2
158.7
142.6
159.9
260.4
68.73
155.2
149.3
120.3
151.0
140.7
97.27
136.7
99.74
120.3
155.6
172.0
195.9
171.8
147.5
258.2
90.73
148.1
202.2
198.3
221.5
213.1
227.9
78.57
123.4
79.19
169.1
182.0
151.4
221.2
199.0
185.1
187.2
198.0
192.8
156.3
153.8
138.6
130.4
144.2
228.5
107.8
113.5
143.1
189.0
136.9
165.5
173.4
169.5
153.9
134.3
290.0
168.6
221.9
190.0
151.3
135.7
200.7
187.5
179.3
120.7
149.5
152.9
107.1
146.4
238.5
193.0
173.8
174.7
187.2
97.35
198.0
159.3
96.66
139.8
202.0
177.0
145.5
218.7
158.5
247.1
128.6
185.5
85.08
148.0
150.5
145.6
292.4
152.7
104.2
186.6
136.4
111.4
103.6
193.9
199.9
165.2
142.5
119.3
232.5
170.1
122.3
199.8
145.6
131.3
213.5
122.5
203.9
150.2
153.1
159.5
171.7
172.5
218.2
104.5
90.44
127.3
113.4
253.4
165.3
238.1
122.5
135.6
201.3
174.3
117.8
181.3
134.5
131.4
197.8
160.9
112.9
178.2
189.5
231.8
153.9
182.6
188.0
132.2
175.5
201.7
98.78
143.4
158.7
126.2
200.2
170.2
163.9
157.8
180.2
134.9
131.6
150.8
169.1
146.6
102.1
131.2
199.5
136.8
125.5
153.9
182.2
230.2
187.4
129.5
142.8
202.8
165.5
235.3
151.2
159.5
156.4
198.3
179.7
159.4
141.7
107.4
171.1
170.6
74.29
162.1
159.6
104.6
192.4
183.4
121.5
164.2
73.38
97.16
160.4
183.9
155.2
231.0
198.0
137.4
219.8
0.0
166.9
199.3
123.9
227.6
120.8
146.5
142.8
186.5
187.8
208.8
160.6
153.5
118.4
113.5
122.1
169.6
96.0
200.5
115.1
160.3
178.9
201.4
146.3
144.4
152.7
193.4
166.9
146.7
166.1
107.8
165.3
130.1
244.6
192.2
175.4
171.3
118.3
173.3
150.7
283.8
128.7
147.2
160.6
171.1
243.8
135.9
183.4
168.3
169.7
173.0
131.8
134.0
146.4
185.5
156.2
172.8
280.6
210.0
176.0
154.4
154.1
165.4
262.1
186.7
118.8
211.3
260.0
146.3
148.3
178.0
174.4
172.7
180.0
134.6
153.3
68.32
68.42
123.9
176.2
140.2
169.2
163.0
186.1
194.8
230.8
161.3
93.03
171.4
254.1
134.0
237.0
173.7
151.1
153.0
166.6
180.7
173.3
73.77
179.7
203.3
227.9
147.6
121.5
177.3
161.1
181.5
159.4
167.4
186.0
163.1
175.6
106.4
168.0
140.7
184.3
180.4
176.7
148.7
174.6
108.3
201.7
146.9
114.7
140.1
156.0
218.2
124.9
165.7
150.3
153.4
181.8
187.6
192.2
201.8
208.2
109.3
171.9
118.4
117.9
137.4
201.9
210.4
156.9
100.0
90.67
138.1
143.7
226.3
194.6
158.9
103.3
170.9
163.9
190.6
136.8
144.1
137.9
129.9
176.3
182.4
127.7
96.74
197.3
112.1
182.7
123.4
150.2
186.6
121.0
213.7
143.6
138.8
189.0
121.3
163.0
145.5
157.9
95.61
197.1
248.7
150.8
209.3
178.1
208.3
102.9
113.0
93.56
137.1
182.1
225.0
141.5
148.7
158.8
176.2
57.32
166.1
124.5
135.4
119.9
199.9
248.2
201.4
110.0
228.2
167.6
145.3
166.0
107.1
141.9
207.3
93.48
238.7
218.0
189.2
218.4
186.7
163.5
184.5
164.8
117.0
73.38
81.95
286.4
139.2
121.6
304.7
163.1
84.32
196.7
262.4
159.4
93.46
187.2
121.6
195.2
169.9
111.9
279.9
212.7
124.3
98.6
140.2
111.6
203.7
161.4
52.53
210.4
130.4
107.3
273.9
150.9
186.9
150.7
141.9
146.9
197.2
297.0
140.8
114.3
285.2
141.1
270.5
127.4
80.01
219.1
114.4
184.4
220.7
120.4
66.33
165.7
88.58
73.46
130.3
242.5
94.48
223.1
129.9
89.13
171.5
222.5
64.85
297.2
154.7
94.48
125.4
169.0
110.7
121.1
143.2
82.54
233.2
111.6
77.73
111.4
159.5
96.36
207.3
141.1
151.0
93.64
143.9
97.64
158.1
129.1
175.8
143.1
129.7
81.52
198.7
152.9
93.31
179.1
245.9
193.3
211.4
112.2
76.62
179.6
156.2
57.55
214.4
104.9
98.06
207.9
171.4
136.2
140.3
171.3
101.3
171.8
211.7
128.9
235.9
185.4
87.83
219.3
202.4
85.2
207.4
80.29
90.65
127.1
148.7
103.6
151.6
137.7
218.8
172.7
126.3
89.54
288.8
73.72
192.7
352.6
201.0
133.6
287.8
181.5
140.5
205.2
137.1
110.3
380.9
166.0
94.2
160.5
239.0
135.6
225.4
133.1
119.8
99.68
157.6
136.5
194.9
299.1
112.4
149.1
135.2
126.8
226.6
97.24
89.23
164.0
198.2
174.8
139.0
148.4
185.3
216.4
123.5
162.8
236.7
121.4
194.3
154.0
267.0
200.8
171.7
124.4
78.86
229.6
137.5
206.5
201.9
96.04
92.36
120.0
144.0
207.1
230.1
403.3
104.7
158.4
171.4
162.1
209.7
190.3
178.8
221.1
148.3
95.65
230.5
147.9
145.1
249.3
179.0
46.84
152.8
123.2
65.37
150.3
95.59
86.39
219.4
116.2
86.97
233.0
167.8
54.47
138.7
228.6
55.35
297.8
147.3
101.0
142.2
159.1
151.8
239.1
155.1
136.7
206.7
185.0
327.6
215.6
286.7
91.64
188.2
228.8
188.8
120.0
314.8
185.8
199.7
139.5
254.1
242.7
332.9
177.4
150.8
322.9
103.7
159.6
220.7
69.57
305.9
145.1
175.4
173.2
345.1
296.4
225.9
120.8
170.8
149.8
153.4
157.1
247.2
204.3
145.5
231.3
297.4
166.8
181.0
111.9
178.4
185.5
180.5
147.8
199.8
184.1
137.8
213.9
375.1
196.3
181.3
111.1
225.4
325.9
182.4
254.3
117.2
157.9
189.0
80.47
166.6
172.4
160.7
82.76
133.3
69.16
77.31
173.3
122.8
124.5
108.8
160.8
151.8
162.2
87.25
103.7
225.1
130.9
107.9
189.0
62.86
103.9
157.8
129.3
252.4
66.39
128.3
141.6
171.3
114.6
93.84
106.7
121.0
96.05
123.1
168.3
94.93
81.4
102.2
137.4
107.9
77.35
88.73
162.1
136.1
138.1
125.2
145.8
111.5
41.12
182.9
73.26
189.2
138.3
122.0
77.5
121.5
155.4
83.41
147.7
136.1
166.3
119.5
133.9
119.2
151.9
140.6
192.6
122.4
99.54
170.3
130.8
121.4
145.8
76.07
128.9
135.8
104.8
293.8
99.53
125.2
120.7
150.2
91.35
118.3
120.3
152.8
190.9
131.3
92.37
141.8
100.9
113.2
115.2
114.0
102.1
51.95
64.3
109.7
154.3
152.3
161.5
35.08
101.3
219.1
188.7
156.4
96.62
119.5
101.6
87.47
53.31
149.5
204.7
164.1
80.24
145.1
166.0
109.1
167.0
0.0
127.8
113.6
122.1
224.7
110.3
139.3
129.4
128.5
91.88
107.1
98.5
101.3
70.39
156.1
132.9
95.71
160.6
131.6
66.71
148.2
235.7
151.1
110.3
173.8
102.6
61.93
129.2
116.6
211.0
139.6
64.04
121.2
147.3
224.7
151.2
147.2
137.8
123.6
164.9
232.0
194.4
116.6
177.1
97.53
158.4
165.5
133.9
73.38
191.1
87.1
94.3
151.1
90.43
90.03
109.4
155.7
146.6
133.7
136.9
121.0
106.0
72.54
42.02
133.3
136.6
73.73
111.0
108.4
129.3
149.8
87.85
93.61
114.3
189.1
122.9
127.8
128.8
0.0
193.0
98.16
67.78
233.9
104.3
77.94
166.2
110.6
138.7
150.8
96.47
37.43
92.27
248.7
79.46
69.64
73.29
108.3
137.6
140.0
133.5
123.6
130.3
48.71
155.8
135.6
56.7
125.6
111.2
189.0
80.16
152.7
189.7
146.2
211.8
93.43
100.3
77.39
247.1
150.0
136.9
171.8
131.8
124.9
89.96
161.1
0.0
106.6
91.57
77.32
111.7
149.4
135.7
90.83
133.8
171.4
72.28
143.7
64.47
96.58
102.7
124.4
69.98
104.0
100.1
83.67
82.86
192.6
113.9
190.0
114.4
92.78
201.8
151.4
79.69
111.9
133.2
105.0
90.2
148.4
161.6
193.1
106.0
103.2
139.9
152.2
98.62
114.4
141.2
92.15
131.5
237.3
126.9
113.5
84.16
86.38
120.8
132.3
94.24
111.9
137.0
115.0
239.8
73.83
132.9
95.15
171.7
116.1
165.7
92.95
115.1
121.7
51.45
171.0
124.9
100.9
113.7
133.1
166.2
101.5
67.56
105.7
80.8
124.3
111.7
89.92
112.4
85.67
125.1
151.7
103.4
105.7
135.9
109.5
98.38
161.7
110.1
197.9
171.1
99.97
205.5
207.7
136.8
197.1
206.4
176.5
126.2
148.2
200.3
86.31
140.9
137.6
92.9
72.77
130.8
57.19
186.4
96.81
95.31
103.6
131.1
173.2
82.82
57.64
164.8
152.0
135.4
89.58
138.4
138.8
56.69
149.6
158.5
91.32
105.6
159.0
146.3
129.5
126.5
123.7
130.2
163.8
141.2
126.5
122.5
86.81
82.9
183.4
144.8
96.44
149.1
71.08
105.1
101.1
122.3
94.12
146.0
134.4
64.04
89.38
91.23
0.0
214.7
81.36
93.81
97.29
144.5
94.17
97.42
104.4
120.4
141.3
121.6
169.6
118.8
44.72
140.3
89.78
89.35
160.7
95.34
102.0
129.2
144.5
105.7
131.0
208.9
199.0
93.05
102.6
34.56
164.6
63.82
101.1
171.9
192.3
83.32
153.1
195.5
57.37
57.8
142.2
116.9
147.8
114.8
142.3
113.5
122.1
174.0
116.7
186.8
101.1
135.0
173.3
110.6
209.3
114.5
79.74
145.0
162.4
82.48
68.19
157.9
168.1
108.6
192.8
113.5
142.9
101.0
73.83
196.1
93.38
127.6
95.83
138.2
111.1
71.88
144.7
141.2
134.8
121.3
133.3
98.03
102.5
79.64
123.7
67.25
96.9
149.6
68.01
152.5
97.85
209.1
132.6
119.0
107.1
198.1
85.09
143.4
45.15
175.1
86.0
119.3
82.78
197.2
60.99
116.9
108.0
68.98
74.5
111.4
108.3
117.8
56.52
116.4
143.0
52.76
126.8
180.8
120.1
160.4
120.6
133.1
99.65
131.0
171.2
128.3
80.04
138.3
178.3
113.7
84.2
143.7
136.4
139.4
209.1
63.89
107.3
189.9
110.8
164.0
89.34
167.9
118.8
129.8
188.4
81.89
119.4
48.79
61.01
127.1
197.2
134.0
106.1
95.86
85.94
86.38
221.2
134.7
107.0
178.9
117.9
130.7
119.5
106.0
123.7
231.2
158.4
105.3
84.55
97.57
145.7
220.2
119.1
160.3
83.18
151.7
102.1
154.9
164.6
110.4
161.6
44.51
86.14
85.18
135.2
115.9
122.7
56.81
166.7
244.7
140.5
172.0
96.77
239.9
138.4
167.2
206.4
144.0
198.8
95.63
109.7
131.2
65.22
146.5
191.9
111.9
102.7
60.16
96.42
117.8
115.0
77.58
73.02
133.8
109.4
153.3
77.25
157.7
100.4
113.8
125.0
85.79
158.2
75.71
204.6
93.1
82.69
111.3
142.4
84.96
88.49
117.5
94.22
82.79
172.1
63.73
138.9
118.9
137.4
100.6
92.96
138.8
134.1
58.34
181.5
117.1
119.3
161.2
100.5
155.3
85.72
83.98
99.4
91.6
123.8
112.2
31.59
107.2
131.8
127.4
87.47
164.7
139.3
156.9
151.5
192.9
164.1
100.0
140.0
87.32
158.1
219.4
97.02
68.11
142.5
105.9
107.0
128.0
172.9
156.4
164.1
51.27
168.4
111.1
217.6
94.98
78.89
67.27
154.0
133.6
139.0
153.0
57.24
131.2
167.9
128.9
179.5
91.92
93.46
55.99
78.31
187.0
156.0
135.6
176.2
74.42
88.55
89.75
76.77
83.69
192.3
117.1
97.66
172.8
87.31
120.5
100.3
172.4
264.6
124.9
61.94
141.5
87.33
84.66
139.6
71.62
122.4
0.0
65.29
13.21
137.9
25.53
121.1
120.2
94.29
141.0
24.85
156.9
106.1
197.2
190.3
144.4
173.3
75.24
144.7
133.2
128.1
140.3
142.7
86.85
137.3
161.3
197.3
0.0
243.7
109.3
222.5
117.6
198.0
218.6
84.32
115.2
81.32
140.6
126.6
137.2
66.81
99.59
167.0
134.1
175.5
64.64
67.69
74.18
74.89
125.2
140.2
91.91
114.5
54.59
116.6
207.3
103.6
79.24
64.95
110.0
74.4
98.48
175.2
77.05
225.3
105.7
128.6
69.55
114.6
118.7
111.6
63.19
150.2
120.0
127.5
153.9
228.4
118.2
190.2
73.13
143.2
106.4
152.1
69.82
115.3
160.1
193.2
112.2
183.4
114.9
73.02
90.99
90.55
100.1
102.7
149.6
110.1
139.8
73.11
191.4
136.7
110.2
102.6
203.5
193.5
117.6
161.1
170.3
0.0
123.1
160.4
134.9
178.3
235.3
103.7
119.8
78.59
127.2
182.1
54.55
25.01
155.4
52.73
205.6
59.48
82.87
93.78
68.02
91.14
159.8
165.2
81.51
99.72
162.4
174.1
94.03
67.59
163.7
87.24
202.1
186.2
144.4
116.9
37.43
81.25
147.5
201.0
143.9
85.33
214.4
201.0
0.0
118.7
141.8
133.2
189.9
123.9
102.9
216.7
75.49
138.0
176.5
101.9
138.0
71.24
77.75
157.7
76.01
98.88
145.3
201.6
141.5
172.2
122.2
149.5
141.0
118.8
173.6
89.33
117.2
70.31
135.4
158.8
130.3
245.3
147.3
95.99
132.1
123.1
142.8
125.2
101.3
111.4
113.6
128.1
57.91
131.6
147.7
95.34
120.8
84.8
131.9
96.58
43.8
126.5
166.3
136.2
154.7
197.2
208.0
128.4
79.52
138.3
172.6
133.3
214.2
43.28
117.8
109.2
160.7
144.0
121.6
113.5
122.5
127.9
68.31
207.3
131.8
72.05
128.3
152.0
90.87
132.0
132.1
102.5
76.24
63.63
190.4
118.5
131.0
158.1
210.5
91.83
65.9
122.2
93.33
69.62
94.75
101.5
112.7
159.5
176.4
116.2
293.1
117.6
111.5
147.3
82.54
194.5
107.0
114.1
242.4
193.8
47.52
133.8
103.6
71.54
156.7
129.0
55.12
200.6
100.2
133.0
139.5
110.1
97.31
135.4
118.2
63.31
128.8
77.57
59.77
108.7
62.57
96.73
108.0
100.6
90.11
140.7
103.5
172.9
122.5
214.3
172.5
64.58
139.2
126.2
92.07
156.5
153.0
142.0
69.59
46.04
72.34
11.4
124.1
95.63
77.22
116.6
100.9
149.7
79.86
146.6
72.09
82.51
113.7
68.8
195.9
156.5
196.5
135.9
91.93
191.9
153.1
176.7
113.4
74.68
176.8
124.8
92.59
227.0
180.7
116.9
75.77
173.0
100.4
103.5
197.9
91.32
119.4
111.5
153.6
177.5
104.9
77.11
96.8
164.3
61.24
127.1
94.72
130.4
178.8
122.0
67.48
164.7
89.77
87.58
91.79
126.6
172.7
91.38
144.9
144.4
154.1
57.93
128.9
186.1
201.0
187.8
84.61
103.6
111.9
173.0
125.1
162.2
72.98
144.0
0.0
120.9
76.0
63.82
84.62
87.29
153.0
140.0
158.0
161.8
96.8
119.3
202.3
91.54
131.5
140.3
130.0
70.44
54.47
91.97
87.97
83.98
186.1
161.8
192.7
132.2
99.58
77.09
112.5
121.3
111.9
198.3
46.5
164.1
143.0
94.82
147.8
116.5
89.1
59.85
163.9
204.1
79.33
146.9
116.7
99.96
64.51
127.1
132.1
227.7
166.4
233.5
135.9
71.08
127.1
139.6
75.99
311.5
135.3
87.13
173.9
74.35
155.2
114.0
162.1
225.6
129.7
92.6
132.0
102.6
77.31
76.27
182.7
135.5
79.81
127.6
76.77
124.0
124.4
121.4
101.4
115.5
149.1
0.0
145.6
154.4
167.7
125.6
97.75
191.1
98.6
118.4
153.0
51.52
139.5
116.3
149.7
72.36
180.1
98.75
110.1
149.1
63.24
75.15
146.5
127.6
0.0
220.1
124.4
115.7
191.9
138.6
130.9
163.5
161.8
141.8
99.88
66.84
71.64
187.7
64.09
154.5
123.2
55.92
145.6
0.0
136.1
201.7
194.4
168.4
139.1
163.1
153.8
206.8
43.8
131.7
124.9
130.3
69.74
239.0
96.06
148.2
184.7
164.9
169.7
55.78
48.88
156.8
76.67
0.0
160.8
118.0
88.8
102.0
161.9
126.6
121.8
204.6
202.1
111.3
165.8
215.1
204.5
73.36
167.9
155.4
0.0
133.2
94.47
117.8
156.0
226.7
64.61
152.1
93.75
106.8
86.71
272.4
106.2
167.0
56.65
59.09
116.9
119.3
123.1
151.0
120.2
189.0
148.6
124.5
113.8
105.6
170.1
85.02
131.0
81.54
133.7
156.8
70.02
121.7
30.06
94.06
184.9
126.3
135.0
92.98
88.04
117.3
184.1
116.0
177.8
155.1
170.8
94.35
75.19
142.9
102.2
79.13
168.1
58.83
148.2
9.608
61.14
74.97
109.0
96.78
164.0
103.2
146.0
165.5
113.2
114.4
79.53
110.3
28.04
36.85
122.2
135.4
102.2
121.9
97.8
108.5
46.5
78.63
87.07
96.59
184.6
194.7
194.7
163.2
179.9
141.1
186.9
203.0
70.76
129.3
173.0
179.8
83.64
176.0
145.5
186.8
152.8
52.11
149.3
123.5
121.7
131.3
148.7
115.7
150.2
139.2
195.8
159.1
115.5
155.3
176.5
124.1
149.4
203.9
63.85
173.9
131.5
157.8
162.8
161.9
101.5
125.8
116.1
130.6
87.82
206.5
163.1
72.88
179.0
118.1
219.7
104.7
139.0
136.3
101.7
86.82
63.51
103.4
221.7
104.7
115.5
153.2
190.1
128.3
127.3
114.8
166.4
214.5
122.0
178.7
184.8
140.5
129.0
161.9
129.9
55.95
193.5
106.9
154.3
46.34
181.1
169.2
115.2
41.14
103.2
87.95
181.1
94.81
126.2
0.0
214.6
138.3
121.0
69.98
172.3
150.6
138.6
114.6
124.2
110.0
126.9
203.3
135.8
125.1
138.3
181.1
78.41
143.8
185.8
201.0
206.9
133.6
141.7
142.8
79.25
127.5
73.0
111.1
138.9
88.95
193.0
105.9
36.94
113.3
143.9
177.6
247.1
62.86
186.8
113.6
130.8
162.5
191.1
111.2
180.5
118.0
116.8
68.18
144.5
96.14
139.7
143.2
217.1
92.04
277.4
94.57
83.07
136.6
153.1
222.5
76.98
9.608
99.13
125.1
78.58
73.68
62.46
113.2
83.01
168.5
56.6
85.14
125.0
146.3
82.3
124.4
216.0
136.3
105.4
60.58
151.0
129.8
101.6
95.76
72.95
159.0
83.49
118.1
72.53
93.9
119.0
169.3
154.8
150.6
164.5
90.88
87.53
81.49
67.79
129.6
145.4
173.2
199.7
177.0
156.8
92.23
131.0
172.4
93.37
182.2
104.7
146.0
148.0
92.32
53.4
65.35
102.0
210.2
160.9
155.8
176.8
222.7
0.0
121.8
136.7
127.9
94.23
125.2
170.8
83.24
21.3
124.9
233.9
130.7
69.7
211.5
145.9
163.2
205.2
13.21
188.6
151.6
123.1
148.4
87.62
67.59
194.5
212.5
181.7
134.7
52.11
83.68
125.7
214.1
77.05
63.42
149.4
78.54
134.1
84.91
113.2
162.9
105.1
107.3
104.1
78.44
82.45
162.4
175.4
179.8
98.27
59.53
36.26
109.7
129.1
197.3
155.1
100.6
103.5
81.03
118.1
90.21
111.4
132.0
69.75
89.43
180.3
190.7
167.2
208.9
70.08
100.1
111.0
192.9
178.2
235.9
107.6
186.4
113.5
77.76
13.07
90.48
210.6
177.9
95.01
205.2
111.1
105.0
79.02
177.2
42.52
115.1
155.5
131.5
132.6
149.7
42.52
147.9
131.2
146.0
203.8
154.1
53.16
118.0
188.2
209.7
197.2
172.8
93.27
85.59
66.66
54.86
126.4
154.2
180.9
89.62
130.3
200.1
123.2
158.3
194.4
116.3
94.09
44.13
88.04
124.0
125.9
164.9
185.6
99.7
185.8
130.3
81.2
119.9
149.3
59.91
89.71
140.2
66.31
116.6
63.53
168.2
74.9
233.7
167.2
0.0
120.0
69.16
82.88
136.8
110.3
83.76
79.89
64.7
151.6
128.0
121.3
87.53
134.3
155.9
75.07
67.46
176.0
165.7
122.4
69.34
164.9
231.0
33.26
74.82
132.9
115.4
171.1
152.0
142.9
162.5
189.0
183.4
107.1
193.4
160.0
184.3
169.4
126.0
138.9
109.2
55.06
182.6
105.8
232.5
105.3
116.4
97.53
0.0
64.26
166.1
81.85
116.2
198.3
97.05
154.7
159.5
270.0
158.3
79.3
225.8
116.2
189.5
158.6
73.36
165.4
44.52
128.8
38.7
22.5
179.7
133.2
256.5
120.2
89.88
42.82
129.5
58.48
78.7
118.9
170.2
94.1
89.21
188.8
200.0
185.1
135.5
126.5
78.17
213.4
149.4
192.0
151.7
170.4
145.6
164.6
122.6
78.29
227.3
158.9
70.78
0.0
51.99
96.65
87.13
0.0
100.1
87.95
0.0
83.98
83.19
101.7
58.09
46.35
7.425e-06
87.58
136.1
77.47
92.7
115.8
85.58
56.65
94.49
116.0
88.19
65.11
86.87
106.1
78.76
69.15
122.3
44.13
106.6
112.5
100.9
108.7
91.94
73.27
128.2
156.6
120.1
133.4
134.7
101.9
103.3
102.2
65.68
139.4
110.8
133.0
119.5
113.8
94.46
116.5
120.9
78.73
148.3
164.8
57.8
95.43
116.1
128.9
127.0
122.1
113.0
162.2
136.0
127.2
156.5
144.5
176.8
202.2
149.5
174.0
149.5
99.15
126.6
136.6
226.8
155.0
74.22
148.8
121.2
173.6
133.5
142.7
124.2
105.7
190.1
171.9
146.8
201.5
186.0
158.3
157.1
159.6
202.1
59.77
46.5
37.81
50.27
83.96
64.28
40.09
77.59
84.1
110.1
40.09
59.6
93.67
88.28
81.11
91.92
96.45
146.8
85.54
113.6
96.36
98.93
96.33
108.3
106.8
135.9
122.1
113.4
128.9
145.9
112.3
102.7
162.8
106.2
102.7
121.0
113.9
88.71
132.9
179.2
84.79
119.4
99.23
117.2
120.9
120.3
128.1
175.5
138.3
149.5
135.3
155.8
173.8
188.8
186.6
188.4
138.0
69.66
153.6
146.9
165.7
152.2
136.2
182.9
146.6
152.1
192.6
222.3
178.3
163.6
180.9
160.3
208.0
177.7
195.3
218.8
154.5
172.8
178.8
217.3
132.5
136.4
160.5
150.5
193.8
163.2
176.5
213.9
214.2
228.6
183.2
167.4
180.8
179.2
151.6
251.0
264.1
172.2
186.9
265.3
