0.9393
0.9451
0.9672
0.9577
0.9155
0.9593
0.9766
0.9799
0.9815
0.8273
0.9591
0.8663
0.9771
0.9501
0.9684
0.9543
0.9306
0.8683
0.9552
0.9083
0.9663
0.9462
0.9553
0.9911
0.9505
0.899
0.9859
0.9642
0.9096
0.9473
0.9681
0.9747
0.9702
0.9426
0.957
0.9223
0.8592
0.9592
0.9413
0.9435
0.9397
0.9597
0.9216
0.9345
0.91
0.9384
0.9775
0.9388
0.9833
0.9548
0.9404
0.9342
0.7648
0.974
0.9152
0.9643
0.9539
0.9764
0.9781
0.9637
0.9866
0.9837
0.9121
0.9773
0.9801
0.9293
0.9887
0.9799
0.9003
0.9133
0.9732
0.8828
0.9391
0.8761
0.8916
0.8449
0.9643
0.9751
0.934
0.9162
0.9422
0.9478
0.8938
0.9818
0.9518
0.8982
0.9355
0.982
0.9196
0.8711
0.8904
0.9552
0.9802
0.9556
0.9445
0.9775
0.9535
0.9135
0.9437
0.8896
0.926
0.9551
0.9689
0.9667
0.9677
0.9222
0.9742
0.9814
0.9639
0.9468
0.9515
0.9622
0.8439
0.9264
0.9621
0.9716
0.9696
0.9444
0.9228
0.9592
0.9787
0.9325
0.409
0.9445
0.9498
0.9617
0.9538
0.9553
0.9663
0.9705
0.95
0.8523
0.9802
0.9731
0.9547
0.9532
0.9815
0.8936
0.8177
0.8278
0.9401
0.9536
0.9888
0.9939
0.9699
0.9504
0.9564
0.9761
0.9468
0.9807
0.9399
0.9184
0.9795
0.9385
0.9657
0.9256
0.7862
0.881
0.9341
0.8996
0.8554
0.9385
0.9711
0.962
0.9749
0.9292
0.9653
0.9553
0.9509
0.8099
0.928
0.9593
0.9568
0.9621
0.9311
0.98
0.9665
0.8903
0.9473
0.9558
0.9784
0.9168
0.9652
0.9699
0.9533
0.9585
0.8623
0.964
0.9291
0.9571
0.9704
0.8501
0.927
0.9605
0.8912
0.9746
0.9778
0.9216
0.9492
0.9241
0.9809
0.9471
0.9605
0.8954
0.9622
0.9826
0.9785
0.9018
0.9747
0.9856
0.971
0.964
0.9394
0.8903
0.8675
0.949
0.9486
0.9561
0.9477
0.9536
0.9624
0.9842
0.9728
0.9755
0.9679
0.9524
0.8786
0.8869
0.9652
0.9636
0.9767
0.9621
0.9729
0.9035
0.9025
0.9383
0.9287
0.9731
0.8927
0.9207
0.9435
0.9912
0.9654
0.9215
0.9697
0.7361
0.939
0.9791
0.948
0.9874
0.9686
0.89
0.9763
0.9044
0.9758
0.9397
0.9638
0.9734
0.9508
0.9539
0.9655
0.8676
0.9759
0.9635
0.9491
0.8882
0.9742
0.9716
0.9342
0.9731
0.8902
0.9736
0.9713
0.9696
0.956
0.9529
0.9499
0.9757
0.8846
0.9824
0.9659
0.9677
0.9183
0.8663
0.8585
0.9337
0.9304
0.9707
0.9524
0.9446
0.9335
0.9714
0.9879
0.973
0.9739
0.9557
0.9807
0.9832
0.9603
0.9552
0.9705
0.9838
0.9641
0.9655
0.9534
0.941
0.9082
0.9502
0.8555
0.993
0.8136
0.9415
0.9442
0.9511
0.8804
0.9411
0.9333
0.9566
0.9814
0.9576
0.9661
0.9407
0.9394
0.9446
0.9595
0.8969
0.9652
0.9269
0.9456
0.9698
0.957
0.8613
0.953
0.9488
0.9783
0.9658
0.9004
0.9816
0.9357
0.9267
0.9509
0.9501
0.9493
0.9489
0.9371
0.9807
0.9382
0.8948
0.9661
0.9849
0.9629
0.9414
0.9775
0.967
0.9241
0.9659
0.9144
0.9712
0.9785
0.8489
0.96
0.9741
0.9684
0.9458
0.9584
0.8846
0.9702
0.9744
0.9694
0.9807
0.9541
0.95
0.9084
0.9483
0.9697
0.9457
0.9736
0.959
0.928
0.9729
0.9287
0.9639
0.9496
0.91
0.9677
0.9711
0.8815
0.8889
0.9425
0.9857
0.8451
0.9508
0.9489
0.9678
0.9665
0.867
0.9853
0.9889
0.9291
0.9509
0.9635
0.9702
0.9749
0.9413
0.9532
0.9798
0.9678
0.9338
0.9647
0.967
0.9738
0.9729
0.8896
0.9579
0.9859
0.9377
0.9811
0.9613
0.9518
0.931
0.9443
0.9801
0.9897
0.9501
0.9514
0.9638
0.9575
0.9742
0.9674
0.888
0.96
0.9588
0.9804
0.9596
0.8403
0.9413
0.9307
0.9662
0.889
0.9724
0.8846
0.9948
0.9439
0.95
0.946
0.9504
0.8837
0.9757
0.9431
0.9662
0.9658
0.8667
0.9606
0.9169
0.8973
0.9413
0.9439
0.9493
0.9127
0.9729
0.942
0.9656
0.8922
0.9003
0.8499
1.0
0.9689
0.9636
0.9807
0.9737
0.9306
0.9313
0.8963
0.9306
0.9832
0.9308
0.956
0.9399
0.9653
0.9563
0.8835
0.9331
0.9463
0.9678
0.9591
0.9442
0.9374
0.9593
0.9514
0.9522
0.9847
0.9872
0.9757
0.9476
0.9633
0.9742
0.9687
0.9348
0.9379
0.9264
0.9489
0.9727
0.9755
0.9718
0.9588
0.9961
0.8504
0.7883
0.9489
0.9787
0.9654
0.8796
0.9401
0.9461
0.9823
0.83
0.9483
0.8923
0.9489
0.9516
0.9626
0.9581
0.9664
0.9546
0.9432
0.9639
0.9061
0.9616
0.9029
0.9293
0.9661
0.9606
0.9669
0.8754
0.9362
0.9815
0.9793
0.9604
0.9427
0.9674
0.9535
0.9256
0.931
0.9735
0.9536
0.9621
0.9744
0.9622
0.9341
0.9733
0.9124
0.9056
0.9724
0.7351
0.8067
0.9592
0.9535
0.9602
0.8228
0.945
0.8724
0.9603
0.9322
0.9167
0.9333
0.9705
0.9748
0.9439
0.9728
0.9349
0.9533
0.9785
0.9632
0.9353
0.9314
0.9362
0.9233
0.9629
0.9764
0.8497
0.961
0.9759
0.9407
0.9636
0.9659
0.9615
0.9413
0.9546
0.9077
0.8858
0.9499
0.947
0.9191
0.9837
0.9594
0.952
0.973
0.9455
0.9367
0.8991
0.9771
0.9131
0.9399
0.9751
0.9736
0.8995
0.9472
0.8843
0.9671
0.9591
0.9615
0.978
0.9785
0.9789
0.9012
0.9519
0.9652
0.9603
0.9208
0.9659
0.9747
0.9469
0.8943
0.9645
0.9719
0.988
0.97
0.973
0.9322
0.954
0.9496
0.9111
0.9673
0.9521
0.96
0.9564
0.9554
0.9817
0.9844
0.9352
0.8929
0.9225
0.9805
0.9814
0.6835
0.8689
0.9724
0.9545
0.8127
0.9488
0.9691
0.9659
0.9101
0.9665
0.9398
0.9761
0.9545
0.9391
0.8823
0.9638
0.9564
0.965
0.9914
0.9549
0.8411
0.9561
0.9797
0.8882
0.9394
0.9119
0.9751
0.9232
0.9716
0.8842
0.8799
0.9696
0.928
0.9725
0.8748
0.9528
0.9091
0.9119
0.9544
0.9868
0.9696
0.9693
0.9661
0.9476
0.97
0.963
0.9776
0.9492
0.8968
0.9302
0.9322
0.9702
0.8731
0.9329
0.9494
0.9561
0.9646
0.9249
0.9066
0.9445
0.9219
0.9861
0.9807
0.8998
0.9679
0.9702
0.9406
0.9383
0.9843
0.9437
0.9342
0.9593
0.9666
0.8944
0.9707
0.8898
0.9523
0.9707
0.922
0.9552
0.9511
0.9246
0.9007
0.9697
0.9182
0.903
0.9683
0.968
0.9459
0.9813
0.9745
0.7725
0.9325
0.9512
0.9168
0.979
0.9802
0.9457
0.9658
0.9903
0.9656
0.9616
0.942
0.9172
0.9468
0.9815
0.9933
0.9338
0.9672
0.9298
0.9684
0.8723
0.9486
0.867
0.9448
0.8499
0.9686
0.9241
0.9599
0.957
0.9464
0.9926
0.9768
0.8779
0.9287
0.9785
0.8512
0.9818
0.9235
0.9685
0.8776
0.9561
0.9734
0.9555
0.9203
0.9806
0.9516
0.9447
0.9225
0.9698
0.9387
0.9676
0.9409
0.9721
0.9099
0.9688
0.8871
0.946
0.8973
0.8676
0.9564
0.9201
0.9415
0.9546
0.8629
0.8719
0.9811
0.9173
0.9118
0.927
0.9656
0.9336
0.9027
0.9583
0.9292
0.9618
0.9518
0.9566
0.9588
0.9564
0.9666
0.9048
0.9704
0.7628
0.9702
0.9795
0.9258
0.9654
0.9661
0.9696
0.9869
0.9348
0.9274
0.9735
0.9305
0.9278
0.9726
0.9547
0.973
0.9635
0.9546
0.8602
0.9791
0.9528
0.9591
0.9116
0.9427
0.912
0.9252
0.9809
0.9842
0.936
0.9274
0.9692
0.9801
0.8836
0.9757
0.924
0.9314
0.9931
0.9386
0.9658
0.9689
0.8821
0.9247
0.9663
0.9483
0.9699
0.9949
0.982
0.9374
0.9768
0.9641
0.976
0.8666
0.9819
0.9395
0.9649
0.9847
0.9846
0.8166
0.8996
0.9601
0.9496
0.8821
0.9503
0.8892
0.8143
0.9056
0.9302
0.9763
0.9805
0.9165
0.9734
0.9772
0.9601
0.9654
0.9718
0.9741
0.9288
0.9653
0.9779
0.9791
0.9611
0.9349
0.9545
0.9651
0.9659
0.9817
0.9771
0.9633
0.9763
0.9683
0.8281
0.9073
0.9182
0.904
0.9937
0.7777
0.9176
0.9511
0.9589
0.9929
0.9807
0.9521
0.9545
0.9738
0.9711
0.9575
0.9022
0.8703
0.8894
0.8998
0.8889
0.9492
0.9027
0.9605
0.8979
0.9702
0.9684
0.96
0.9619
0.9668
0.914
0.9505
0.9837
0.9579
0.8569
0.909
0.9455
0.9326
0.9504
0.957
0.9816
0.9776
0.9409
0.8799
0.9276
0.9264
0.9646
0.9618
0.9663
0.9042
0.9425
0.9434
0.9542
0.9623
0.9831
0.8734
0.9215
0.9844
0.9708
0.9382
0.9396
0.8997
0.9755
0.9854
0.8991
0.9754
0.9571
0.9523
0.9293
0.9192
0.9743
0.866
0.9559
0.9602
0.9717
0.8269
0.9699
0.9182
0.9622
0.8289
0.9706
0.9795
0.9399
0.9455
0.9339
0.9029
0.9269
0.9566
0.929
0.9024
0.9346
0.93
0.9391
0.882
0.9622
0.9496
0.9098
0.9193
0.9663
0.8626
0.8057
0.9489
0.9667
0.8828
0.8649
0.9117
0.9663
0.9775
0.8467
0.9357
0.9823
0.9798
0.9662
0.9791
0.9753
0.8914
0.8553
0.9428
0.8255
0.9581
0.8775
0.9111
0.9613
0.9218
0.9602
0.9071
0.9613
0.9565
0.9353
0.8758
0.9548
0.9451
0.9579
0.9665
0.9277
0.9713
0.9294
0.9007
0.9645
0.9055
0.9505
0.9611
0.9666
0.9627
0.9363
0.9617
0.9699
0.9526
0.9518
0.8695
0.926
0.9014
0.9504
0.9079
0.9554
0.9697
0.9452
0.9542
0.9835
0.9801
0.9647
0.9378
0.9749
0.9536
0.9577
0.8982
0.9728
0.9724
0.94
0.9354
0.9609
0.9732
0.8943
0.931
0.9134
0.9397
0.953
0.9092
0.9814
0.9622
0.9683
0.9246
0.9654
0.8703
0.7476
0.9762
0.9398
0.9856
0.9475
0.9692
0.9607
0.9316
0.8649
0.9697
0.9552
0.9632
0.9261
0.9536
0.9369
0.9767
0.9715
0.9351
0.843
0.9336
0.9061
0.9448
0.9497
0.9314
0.8316
0.9378
0.9787
0.969
0.9663
0.9898
0.939
0.948
0.9584
0.8853
0.8941
0.9253
0.9546
0.9755
0.9681
0.9444
0.9176
0.9205
0.7164
0.9438
0.9722
0.9646
0.8799
0.9284
0.9504
0.9808
0.9036
0.9216
0.9715
0.9705
0.9433
0.9731
0.9593
0.9706
0.9248
0.9568
0.9705
0.9386
0.9784
0.96
0.9538
0.983
0.9289
0.9176
0.9603
0.9541
0.9681
0.973
0.9451
0.9644
0.9787
0.9672
0.9872
0.9712
0.9712
0.9666
0.9691
0.9637
0.9647
0.9844
0.8694
0.9098
0.9657
0.9302
0.9711
0.9552
0.9765
0.9409
0.9495
0.9726
0.9302
0.9591
0.9263
0.9524
0.9564
0.9555
0.8928
0.9798
0.9505
0.9471
0.9664
0.9805
0.9748
0.9841
0.8823
0.8081
0.9299
0.9871
0.9348
0.963
0.981
0.9239
0.9734
0.9783
0.9285
0.9484
0.8468
0.9587
0.9725
0.9661
0.9856
0.9089
0.9671
0.8074
0.9686
0.9641
0.8623
0.9431
0.9856
0.9742
0.8965
0.9441
0.931
0.9647
0.9369
0.9797
0.9373
0.9255
0.9675
0.8571
0.9056
0.9436
0.9084
0.9159
0.9319
0.9084
0.9101
0.9629
0.9316
0.9657
0.8781
0.9401
0.9094
0.9436
0.8929
0.9862
0.9886
0.9657
0.959
0.9799
0.9707
0.9657
0.9212
0.9005
0.8783
0.9223
0.9742
0.962
0.9333
0.9596
0.9926
0.9431
0.9417
0.9862
0.9441
0.9741
0.9597
0.8958
0.9723
0.9644
0.9571
0.9323
0.9806
0.9747
0.9589
0.9655
0.9353
0.969
0.9632
0.9474
0.8936
0.985
0.9666
0.933
0.9718
0.9322
0.9195
0.961
0.9581
0.9481
0.9601
0.9754
0.8893
0.9279
0.9824
0.8527
0.9783
0.9315
0.9484
0.95
0.9682
0.9864
0.9406
0.9465
0.9176
0.9852
0.9402
0.9648
0.9706
0.9673
0.9717
0.9758
0.8641
0.9408
0.8199
0.9718
0.9555
0.8848
0.9086
0.9132
0.97
0.9716
0.9789
0.9298
0.954
0.9747
0.9627
0.9201
0.9399
0.974
0.9365
0.974
0.953
0.9062
0.9461
0.9025
0.97
0.9422
0.9747
0.9427
0.8747
0.9666
0.9666
0.9699
0.933
0.8908
0.9652
0.9784
0.9182
0.962
0.918
0.963
0.9524
0.9716
0.9472
0.9897
0.7275
0.9699
0.9592
0.9626
0.993
0.9709
0.9483
0.9597
0.9119
0.8779
0.93
0.9743
0.9544
0.9708
0.9525
0.9673
0.9681
0.9272
0.871
0.8913
0.9378
0.8553
0.9291
0.9682
0.9595
0.9753
0.9936
0.9742
0.9922
0.9822
0.9753
0.9929
0.9387
0.9308
0.8755
0.9462
0.9819
0.9561
0.9404
0.9798
0.9707
0.9756
0.9219
0.8892
0.9437
0.9823
0.9554
0.9713
0.9485
0.9774
0.8575
0.9546
0.9562
0.9366
0.9787
0.9708
0.9566
0.933
0.939
0.9714
0.9662
0.9647
0.8683
0.9143
0.9746
0.9752
0.5605
0.5237
0.8568
0.8829
0.9823
0.9392
0.8985
0.9814
0.92
0.931
0.9461
1.0
0.962
0.9145
0.8876
0.9494
0.914
0.8999
0.9604
0.9693
0.9666
0.8759
0.9671
0.9624
0.9048
0.8663
0.9467
0.9669
0.9238
0.9571
0.9455
0.8906
0.9492
0.8513
0.9424
0.9676
0.9165
0.9055
0.9576
0.8207
0.9708
0.9466
0.9683
0.9636
0.9652
0.9755
0.9678
0.9739
0.9609
0.9443
0.9418
0.908
0.926
0.9668
0.832
0.9295
0.9468
0.9608
0.9612
0.8428
0.9693
0.9606
0.9436
0.9743
0.9789
0.9437
0.9482
0.957
0.9672
0.9711
0.9464
0.9378
0.9694
0.8574
0.9649
0.8633
0.9672
0.9598
0.8689
0.8622
0.9486
0.9336
0.962
0.9469
0.9701
0.9739
0.9504
0.9586
0.9748
0.9789
0.9353
0.9356
0.9517
0.9904
0.8936
0.9468
0.9459
0.9591
0.9365
0.9294
0.96
0.9632
0.918
0.9721
0.896
0.971
0.8403
0.948
0.9462
0.9738
0.954
0.9483
0.9381
0.98
0.9696
0.9464
0.9251
0.9425
0.9878
0.9797
0.9561
0.9625
0.9477
0.9608
0.9097
0.9386
0.9529
0.9646
0.9674
0.8779
0.9552
0.9805
0.9449
0.9032
0.9832
0.9656
0.8912
0.9709
0.8506
0.9608
0.9367
0.9659
0.9441
0.9336
0.8995
