34.03
37.56
29.87
40.55
20.16
37.94
36.75
14.39
26.59
21.61
43.97
43.97
41.6
24.57
30.5
33.74
19.88
75.78
20.26
33.81
29.66
17.38
37.18
35.24
50.37
41.92
23.53
22.08
51.3
14.09
33.17
26.39
46.06
44.8
16.89
16.92
76.79
39.39
27.01
28.83
32.81
13.87
21.61
31.68
38.51
55.76
21.63
22.09
39.25
47.61
35.26
26.89
12.4
21.61
29.59
26.06
11.8
27.11
31.72
26.51
19.45
27.37
26.25
30.92
14.36
16.27
35.16
19.31
32.67
31.79
57.52
14.16
21.14
11.46
13.6
28.4
23.96
27.56
14.15
15.46
40.98
26.24
14.11
33.72
28.89
33.02
29.38
14.06
41.01
38.81
32.73
52.44
21.35
26.68
37.13
39.17
11.76
39.38
19.68
76.09
26.82
36.17
13.35
24.71
13.82
23.39
34.4
41.78
36.34
19.73
14.16
29.89
26.5
23.17
56.69
36.46
24.82
17.02
28.56
28.07
41.14
22.5
11.46
15.46
25.01
2.203e-06
34.86
37.42
30.41
26.33
14.16
27.85
21.61
61.4
51.71
13.86
27.02
26.82
19.49
13.89
13.95
66.94
35.82
32.68
13.88
34.92
22.53
13.27
21.61
28.76
21.29
15.44
13.0
15.07
18.74
20.87
29.8
14.16
21.63
49.72
52.32
60.3
36.02
32.43
16.41
21.61
10.51
14.59
1.358e-06
26.74
27.92
34.85
21.61
14.19
13.89
25.5
34.18
24.54
30.78
28.01
20.69
14.19
22.39
23.81
22.37
13.36
21.58
21.61
17.75
25.22
40.03
22.84
21.61
15.15
26.55
19.27
23.41
14.19
13.95
37.19
35.67
32.37
23.98
21.61
25.41
27.56
14.16
25.34
13.32
37.56
14.05
22.17
13.84
13.88
34.24
0.0
13.55
13.36
18.52
13.2
21.61
25.17
11.47
33.01
21.61
21.61
9.552
34.84
24.06
20.25
21.75
21.61
17.37
11.95
16.55
28.44
33.72
19.95
34.41
25.81
21.61
21.61
26.48
22.74
10.07
12.44
16.93
35.2
21.61
21.61
21.61
31.34
21.61
21.65
23.24
21.61
26.45
14.16
16.52
32.03
18.37
18.09
24.7
21.61
26.68
43.04
12.64
18.83
21.61
33.45
25.15
18.42
14.06
37.88
9.552
22.61
35.67
21.61
31.33
22.06
24.84
14.16
17.19
13.48
26.1
25.5
25.38
15.91
11.82
23.81
20.19
24.19
9.838
33.09
32.43
26.68
34.99
14.16
34.85
34.3
23.95
29.99
11.37
54.59
13.76
28.59
23.21
30.81
23.23
47.38
61.81
30.53
19.56
28.42
57.94
17.94
13.95
41.19
14.1
41.78
50.77
14.16
44.17
14.28
18.39
31.63
33.38
21.27
36.34
31.7
48.32
42.52
46.89
26.7
44.25
36.59
35.4
39.12
38.58
11.86
14.07
21.61
52.56
31.29
82.09
36.65
49.28
28.65
21.61
40.37
12.92
13.95
21.26
91.15
50.32
24.05
43.85
3.245e-06
21.61
62.34
36.28
38.72
29.35
33.34
53.2
37.68
47.24
16.06
46.53
39.66
13.95
47.58
48.24
13.83
65.9
59.21
63.81
55.85
13.0
2.367e-06
52.81
65.2
21.61
14.16
10.72
21.61
38.16
6.569e-06
79.82
46.73
35.91
10.66
52.83
30.49
13.83
42.44
12.19
52.44
35.79
34.08
33.48
40.43
22.87
52.07
16.17
62.23
13.66
16.64
51.02
19.97
20.28
51.3
29.08
11.81
11.81
18.96
48.83
28.75
8.978
16.9
22.28
17.99
14.28
34.56
31.63
42.16
14.16
10.21
42.39
11.23
15.82
31.26
14.1
37.96
18.16
31.22
18.84
9.552
12.72
21.89
61.09
49.35
19.99
23.65
44.46
36.95
34.58
14.93
49.37
45.35
52.73
13.95
21.16
13.06
52.37
50.44
50.35
21.78
65.79
64.04
33.94
1.853e-06
36.38
43.61
10.49
40.87
57.04
32.12
85.09
82.5
33.92
31.81
34.36
31.8
53.47
50.34
56.5
13.88
9.552
1.602e-06
53.99
14.59
37.27
48.9
37.32
35.24
50.94
38.72
48.24
55.33
41.18
46.95
42.52
43.77
36.12
30.65
26.58
33.22
45.85
46.29
