37.56
58.34
48.71
60.51
94.07
99.77
74.96
93.2
83.82
32.48
27.56
53.7
45.83
135.0
107.9
127.2
113.6
112.4
19.22
38.36
14.23
32.0
23.71
76.24
75.19
83.18
88.98
77.97
76.25
42.37
50.39
50.1
45.39
60.19
77.0
92.07
80.7
66.91
78.62
69.27
35.82
17.63
17.03
45.07
51.02
74.97
77.89
83.99
72.1
74.62
69.83
25.67
32.5
39.25
22.56
29.45
65.06
67.88
67.64
70.73
86.87
68.2
22.89
45.61
19.85
36.52
42.07
60.54
51.66
45.81
53.17
42.95
37.82
24.3
20.4
34.64
63.87
47.27
51.67
75.84
106.4
111.2
99.83
86.85
107.8
96.57
29.28
40.38
35.74
31.57
37.28
78.55
60.68
60.78
62.0
72.79
62.59
25.67
33.34
40.27
15.8
50.15
54.02
46.83
42.37
50.25
77.97
30.95
67.69
41.04
40.87
76.42
84.7
83.06
114.4
95.18
89.67
27.81
33.53
29.27
22.84
44.44
86.56
82.62
87.45
91.64
82.23
85.29
32.67
28.58
39.8
37.14
28.49
62.45
104.1
71.4
71.36
93.93
82.64
46.52
36.28
47.56
54.76
98.32
90.73
81.9
81.48
81.53
28.27
41.52
30.17
41.31
29.4
40.5
36.67
47.71
17.97
19.45
15.63
66.89
42.02
68.07
78.24
72.42
64.91
66.29
21.24
30.64
18.7
30.64
20.01
61.64
75.47
65.72
66.22
81.93
71.54
32.05
49.66
14.32
59.53
56.81
51.29
95.08
85.55
103.1
121.2
120.0
113.4
113.4
41.62
30.38
44.41
64.77
36.17
56.56
69.91
59.45
45.42
26.94
37.14
43.04
56.37
124.8
89.96
98.24
99.3
104.7
37.05
50.06
29.75
32.5
85.91
89.24
84.54
67.98
84.16
60.77
37.14
45.17
35.47
8.062e-06
79.74
64.51
82.83
71.25
73.65
82.83
24.18
48.4
24.1
37.14
17.37
92.21
95.15
88.58
83.06
81.89
84.68
55.74
35.68
3.379e-06
34.71
32.62
14.85
68.16
55.9
58.07
64.23
57.56
56.87
56.87
45.85
33.32
27.51
33.32
98.17
100.3
83.3
82.43
87.02
46.36
36.71
47.47
19.65
25.9
81.75
73.77
70.31
80.03
63.05
74.04
29.29
17.91
36.78
46.19
63.44
54.6
64.3
67.09
65.51
29.43
37.14
61.54
79.15
74.41
43.19
80.85
75.59
83.79
33.7
86.13
24.77
24.97
69.02
78.08
72.02
55.46
76.19
36.37
44.7
8.754e-06
27.39
29.83
90.05
79.95
79.97
91.08
80.01
80.01
46.28
25.9
50.29
37.14
26.11
140.3
138.3
118.4
121.6
112.3
118.2
23.06
44.84
49.65
57.89
115.3
106.6
119.0
101.1
112.3
35.75
33.04
65.75
24.72
46.5
89.92
97.37
98.97
89.28
18.19
37.14
31.18
62.97
17.63
95.63
66.86
63.98
65.39
63.18
61.36
45.98
44.82
3.479e-06
41.36
68.3
79.34
65.52
81.95
74.76
72.06
72.06
29.36
17.63
41.74
23.76
73.27
62.99
56.24
51.67
53.23
27.12
37.14
48.52
30.35
48.7
60.32
73.77
66.3
71.51
70.34
66.06
44.82
45.22
77.62
34.08
65.89
48.5
57.73
66.29
36.76
57.79
44.82
93.06
50.54
40.55
131.7
156.8
96.54
169.3
79.86
144.2
39.24
30.33
17.03
23.47
92.74
93.84
78.86
82.62
87.83
46.17
53.69
40.76
64.95
20.78
95.6
60.18
58.27
66.16
58.37
56.42
37.29
17.63
53.17
50.78
21.63
102.7
99.15
69.03
62.66
71.97
77.54
30.28
55.12
58.85
24.03
68.32
72.67
66.26
77.42
76.06
52.89
38.55
30.97
57.56
21.95
68.5
49.11
54.2
62.77
63.06
48.74
61.68
17.63
56.51
45.61
84.95
82.3
62.92
89.2
81.57
67.9
63.08
31.32
28.64
37.14
58.79
65.57
31.92
90.04
58.29
59.94
21.24
37.14
71.36
46.36
140.2
94.09
80.62
74.3
82.03
34.12
104.5
42.1
32.69
83.34
99.04
123.2
53.76
117.6
15.88
60.01
55.04
46.06
54.05
89.64
90.87
84.94
104.9
91.9
82.07
24.93
41.52
44.3
54.13
37.14
68.43
129.9
152.7
138.3
137.4
128.4
128.8
134.7
43.84
63.14
67.95
26.5
38.27
94.63
106.9
111.2
129.9
90.36
137.2
110.9
102.3
67.93
65.71
30.03
37.67
32.5
42.09
79.22
70.41
71.75
56.78
103.4
56.45
60.8
35.31
37.14
51.88
24.69
46.36
28.1
89.49
101.2
92.84
118.1
112.7
124.3
95.93
32.85
82.12
54.75
45.6
31.58
39.72
72.98
67.78
76.59
69.19
106.2
72.98
68.04
29.05
40.22
46.37
29.85
45.33
28.26
71.88
73.16
70.34
81.25
65.32
85.65
64.16
30.43
55.52
31.93
44.43
31.6
64.06
79.48
85.24
55.7
88.36
77.29
35.37
26.29
15.88
37.14
108.4
114.7
115.3
109.7
111.6
13.86
43.24
62.72
43.36
37.14
72.59
182.5
178.3
188.6
161.1
174.6
153.2
164.5
29.56
59.41
47.85
35.57
41.46
62.71
94.4
117.1
95.35
114.1
137.7
132.0
101.8
35.54
46.98
39.4
16.57
43.78
35.26
97.74
105.0
99.46
80.2
87.16
95.4
91.27
13.86
29.0
52.39
39.42
54.03
40.38
66.17
79.19
59.34
47.55
58.79
62.67
48.39
14.74
41.87
30.13
27.45
23.38
70.74
48.62
47.68
81.57
45.0
58.23
43.98
45.33
15.48
38.48
30.05
38.27
27.11
54.51
62.47
62.97
59.25
63.61
56.68
16.2
37.75
84.19
34.04
34.6
44.42
81.97
88.84
88.07
92.37
80.06
112.0
86.55
30.63
23.86
45.6
37.14
52.29
86.06
107.4
87.75
101.3
101.5
97.2
33.93
71.93
55.14
46.41
47.29
126.8
149.7
144.6
105.8
102.2
126.3
16.57
55.32
34.84
27.26
28.42
23.73
73.6
74.81
71.08
65.26
71.61
64.48
69.43
34.81
37.14
25.47
40.11
38.27
115.4
103.1
86.17
82.96
97.44
87.22
24.11
25.29
24.44
74.55
16.41
53.47
103.5
82.8
79.99
81.21
85.7
82.78
80.93
35.36
50.65
32.75
38.27
62.39
72.07
68.03
93.99
61.86
112.9
51.97
26.5
30.58
38.5
189.7
214.6
208.3
157.6
197.7
202.0
28.88
29.82
53.2
25.9
82.26
74.4
79.0
69.36
70.59
36.09
37.14
35.62
32.37
38.27
54.09
65.17
67.79
78.0
61.76
71.46
84.06
62.63
24.09
27.77
18.23
42.07
24.54
77.68
87.67
69.36
73.11
71.03
70.43
29.11
34.06
36.67
29.86
41.31
87.84
99.45
92.77
104.8
90.53
90.05
36.79
28.19
36.27
45.52
46.72
106.1
104.5
94.31
95.2
100.6
94.29
46.63
35.84
29.36
37.14
50.34
78.52
74.86
86.52
72.34
84.97
75.22
25.93
34.08
37.26
26.93
21.19
57.61
86.88
74.39
86.09
77.45
78.76
88.52
81.98
55.4
65.25
39.95
25.22
28.58
49.25
52.59
43.96
85.79
49.32
46.81
17.63
43.07
23.53
15.34
46.02
38.33
59.32
76.62
67.68
60.23
72.26
66.58
59.41
21.17
22.69
20.08
65.12
38.27
23.2
86.05
71.15
60.85
61.86
53.81
55.61
56.04
28.79
44.22
29.31
41.26
130.6
138.1
131.8
137.8
130.5
41.97
44.56
33.54
50.78
33.63
82.03
102.4
87.81
79.28
80.95
91.52
79.28
18.14
37.14
25.65
30.04
43.92
75.08
79.53
83.07
72.56
76.56
74.26
65.89
56.52
42.29
21.24
28.47
63.16
60.97
90.18
94.62
77.87
55.49
45.99
76.07
74.15
14.04
37.42
41.86
100.9
98.29
99.83
127.6
72.22
147.0
99.17
63.56
42.84
33.38
25.67
44.25
50.73
83.53
100.5
73.37
127.7
79.47
84.76
78.85
33.02
53.55
88.01
29.98
39.45
27.26
131.9
134.6
140.8
156.5
127.4
188.5
136.0
58.94
55.36
56.58
25.84
39.13
39.62
144.6
140.0
142.2
97.46
109.9
108.5
142.2
22.88
34.52
31.2
17.03
20.67
38.36
88.55
81.81
91.97
85.47
86.99
94.67
84.79
12.18
49.47
32.54
37.14
129.8
138.9
138.8
132.9
137.9
31.42
52.91
43.59
22.6
98.9
48.48
77.71
82.14
106.2
80.72
73.18
85.35
80.2
13.86
37.14
60.91
47.07
78.22
88.86
86.52
77.87
86.38
71.58
75.76
16.57
30.16
43.11
30.05
38.27
61.67
77.49
89.05
87.1
83.06
80.98
69.52
77.32
38.24
25.9
53.45
26.57
40.56
57.89
67.17
66.57
84.63
63.78
56.61
79.1
56.58
19.92
38.27
48.58
19.22
37.14
53.07
67.63
87.61
82.24
67.09
77.04
78.36
70.73
44.62
129.0
35.31
38.27
39.11
59.4
78.96
75.46
95.39
75.64
76.45
42.06
37.14
93.29
22.89
42.39
39.01
70.27
63.5
61.07
63.87
65.11
94.21
61.2
50.58
35.58
37.14
93.47
85.5
100.2
104.5
83.93
91.98
21.75
37.07
30.4
37.14
91.35
84.44
86.62
92.98
71.32
81.13
29.97
37.14
25.78
17.63
28.4
29.73
38.27
2.749e-06
52.74
63.95
54.79
54.47
59.46
66.05
54.79
46.35
45.12
21.64
37.14
96.68
114.4
93.54
96.82
98.14
46.05
37.14
44.37
37.14
52.1
45.12
50.87
43.26
21.92
22.84
30.45
41.27
23.11
70.41
59.77
56.89
47.91
58.99
39.3
37.14
39.3
37.14
48.05
42.93
41.89
44.3
20.89
37.74
17.63
26.64
37.14
73.22
82.81
69.02
72.88
71.1
28.08
32.61
36.46
36.03
28.77
50.56
57.35
44.6
43.39
29.3
37.14
19.17
75.46
37.14
25.19
74.84
50.36
41.25
46.18
55.45
39.56
32.98
34.22
17.63
27.76
17.63
67.58
63.9
64.37
52.84
55.07
28.88
37.14
36.14
41.61
57.49
63.45
43.44
61.94
55.41
21.15
37.14
29.73
37.14
45.06
52.44
40.94
48.85
32.33
49.29
37.14
42.52
45.4
57.67
47.35
70.63
56.25
45.19
47.46
37.14
32.39
37.14
42.52
45.37
52.73
47.24
26.73
37.18
37.14
29.26
23.88
49.4
48.71
43.55
56.57
40.3
25.86
17.63
25.86
41.66
30.41
53.68
30.41
44.86
38.08
41.63
37.14
50.42
17.63
48.96
68.0
55.3
70.67
63.18
35.24
29.59
39.32
37.14
53.72
60.6
36.25
35.12
35.25
28.34
37.14
15.68
28.15
54.82
49.62
42.31
50.09
46.66
38.36
37.14
42.58
51.05
37.14
36.55
56.71
57.28
40.11
64.62
57.34
48.02
42.58
33.51
37.14
42.99
23.71
84.29
76.54
71.09
86.59
77.76
37.09
17.49
3.099e-06
58.58
67.44
1.55e-06
66.32
89.47
45.73
50.14
53.7
45.73
45.73
24.77
38.27
35.21
27.59
58.91
54.98
78.05
75.26
62.27
32.28
37.14
27.88
46.62
46.99
41.19
39.94
49.73
41.2
57.19
37.14
33.17
91.93
85.78
49.06
60.15
59.6
62.67
36.64
30.01
38.23
30.89
55.58
40.09
57.51
59.75
51.53
38.09
37.42
17.63
38.96
36.37
39.37
35.95
24.93
40.07
17.63
36.53
23.71
59.71
38.72
48.1
36.57
38.69
30.76
17.63
32.67
40.52
73.84
63.21
83.39
78.38
74.48
26.83
16.39
21.2
37.14
19.02
41.23
33.4
17.84
14.86
41.7
21.75
41.49
17.63
56.2
55.78
80.24
66.54
56.67
33.52
19.28
17.03
30.4
33.34
44.01
30.43
33.14
29.82
26.64
31.2
30.76
17.63
71.94
66.32
63.74
56.79
62.95
17.63
29.89
37.14
37.11
48.01
51.56
27.97
21.93
46.9
37.14
49.0
19.68
56.92
21.44
57.23
45.26
28.22
35.14
29.92
25.84
37.14
79.47
83.49
65.28
63.97
65.06
24.75
16.39
45.97
32.49
59.78
44.95
63.0
51.45
47.6
32.48
17.78
27.75
56.71
104.7
105.7
87.64
96.43
93.17
51.95
60.86
27.5
17.63
48.03
46.23
26.77
36.49
44.53
36.22
17.63
33.75
17.63
85.28
77.99
72.83
67.6
71.08
42.43
37.14
30.58
37.14
30.58
37.14
42.43
37.14
0.0
45.24
31.6
34.32
35.81
54.9
51.44
52.39
68.02
56.67
32.43
94.59
51.91
29.13
83.01
80.77
85.18
81.59
76.92
31.73
37.14
28.28
26.51
37.67
48.58
42.88
49.46
37.09
29.73
25.36
30.28
69.82
80.38
58.24
61.89
62.84
29.4
37.14
29.89
37.14
47.67
60.07
44.8
49.69
38.19
21.75
45.45
26.16
36.6
49.8
57.25
40.72
55.21
38.04
29.75
25.98
37.86
36.11
51.05
30.61
47.98
27.14
32.56
25.65
37.14
28.55
33.19
24.12
37.7
42.42
36.19
41.23
48.06
50.42
49.38
31.24
36.64
38.27
24.18
37.14
54.83
65.83
50.46
62.43
48.94
49.77
37.14
25.88
35.08
65.21
72.22
51.01
64.95
67.91
13.86
59.01
23.41
38.27
35.29
65.71
75.35
69.24
73.99
49.22
66.91
38.68
20.38
39.67
20.71
38.27
42.02
57.88
24.46
43.35
50.9
42.22
13.86
21.35
29.11
38.27
60.11
60.86
58.86
63.87
59.35
50.89
28.98
76.08
24.89
34.6
57.08
71.81
75.71
95.07
57.36
67.45
82.37
74.5
19.93
38.27
37.59
27.95
34.35
27.39
49.46
48.54
45.6
45.61
52.59
36.17
39.66
24.64
32.5
32.13
37.22
38.27
14.74
56.76
39.3
49.46
46.32
39.33
24.31
74.7
47.21
0.0
23.07
38.69
96.17
93.67
96.56
90.9
88.99
97.99
96.17
29.08
40.66
43.14
34.45
37.14
32.28
36.0
40.36
34.13
32.68
40.13
45.39
11.59
39.2
33.79
46.41
24.13
39.92
30.99
51.59
53.24
48.67
34.43
63.34
55.48
51.36
21.82
32.4
37.65
24.8
76.08
74.32
83.91
78.35
73.74
39.3
37.14
40.48
15.34
22.66
44.65
44.75
27.11
45.56
57.76
40.42
19.22
37.14
46.19
38.27
18.57
47.62
64.78
56.58
57.74
54.93
57.53
41.19
46.82
37.88
44.95
79.58
82.69
74.93
78.63
76.06
39.95
37.14
34.81
34.73
17.78
50.63
44.38
57.31
55.55
52.4
41.58
47.94
38.05
49.19
32.38
32.5
42.7
43.85
63.46
51.57
59.65
31.54
14.74
38.27
40.37
19.22
38.27
37.24
46.73
51.82
49.67
43.55
59.56
61.68
40.82
25.9
43.77
13.86
37.14
13.64
43.55
55.63
42.65
49.07
52.01
41.82
13.86
37.14
37.83
33.84
41.76
65.48
63.74
62.99
69.88
58.39
71.33
71.03
52.83
27.39
38.27
30.88
37.14
53.31
57.07
63.6
69.91
56.6
60.08
47.49
39.54
45.56
93.64
25.48
37.14
55.6
71.92
71.1
86.53
79.78
78.84
109.3
68.46
13.86
39.4
42.36
29.59
38.27
42.83
63.71
74.3
79.15
66.75
73.04
79.16
63.07
25.81
71.23
43.15
27.18
32.5
120.8
121.0
133.9
92.56
111.1
123.6
39.92
90.45
87.36
35.03
97.58
68.19
101.7
67.45
72.52
25.91
51.82
67.66
13.86
37.14
39.97
51.51
57.94
56.16
70.46
85.12
109.1
57.42
11.59
24.65
49.59
43.55
38.27
49.92
65.39
99.02
122.4
91.54
93.96
78.97
91.8
13.86
37.14
40.65
27.39
41.53
35.2
37.16
61.7
59.95
38.2
72.94
71.82
46.63
27.46
32.58
42.07
44.12
72.17
85.66
85.69
75.46
82.21
29.74
39.64
65.58
25.81
38.27
46.87
65.07
80.67
79.53
75.45
79.6
74.88
76.34
27.39
49.95
42.06
34.45
38.27
70.61
109.5
103.0
130.6
90.54
90.88
94.84
94.65
32.91
33.79
25.83
38.29
75.47
74.38
66.74
91.13
81.28
38.27
32.85
33.66
60.86
76.19
64.39
78.91
30.97
38.27
31.48
17.03
28.78
84.21
89.0
82.88
83.49
83.68
80.63
27.39
25.44
68.97
26.5
50.32
55.55
69.08
74.62
90.81
44.26
50.91
73.32
55.89
23.38
30.4
50.72
27.39
16.41
75.83
72.5
78.75
81.92
81.52
72.09
27.39
17.63
43.95
14.74
38.27
31.42
33.7
48.36
41.08
32.77
31.3
47.33
31.58
46.19
58.57
39.07
30.32
37.02
46.81
65.41
71.9
56.93
35.64
36.9
56.42
63.76
54.86
38.27
72.41
13.86
38.32
72.14
74.64
69.3
110.1
84.59
78.32
95.41
72.25
20.03
33.27
54.39
19.22
38.27
39.74
52.03
69.95
66.33
56.24
59.48
56.1
55.04
23.74
38.27
39.71
13.86
37.14
28.59
48.28
60.57
59.38
59.56
67.68
69.65
51.33
33.29
41.94
52.02
21.39
37.14
51.86
60.35
39.95
50.08
73.09
57.2
37.97
38.27
29.97
24.82
42.86
61.59
76.56
52.98
66.1
57.81
56.62
43.43
37.41
57.71
27.39
37.14
41.03
127.9
126.0
119.9
95.25
112.8
80.27
106.9
34.11
25.01
34.68
41.59
37.14
27.18
67.49
90.49
81.45
67.67
73.19
75.88
76.66
32.51
37.14
38.58
29.67
34.39
40.38
89.92
69.04
91.08
73.59
81.48
83.57
76.92
60.32
38.27
67.04
43.5
33.79
45.87
58.74
65.2
69.55
77.05
68.02
75.95
51.2
25.22
37.14
13.86
38.41
37.56
43.87
35.39
42.64
30.47
37.14
40.02
17.03
17.63
38.27
42.63
41.75
47.33
44.12
50.04
46.28
35.37
26.3
42.26
51.77
24.94
60.23
57.02
117.2
80.57
134.3
99.06
97.04
93.05
108.0
35.46
30.46
37.14
37.3
42.91
20.02
43.71
20.02
37.29
37.14
44.29
31.11
17.63
69.72
57.83
49.32
51.2
55.67
49.0
25.22
25.88
17.03
17.63
28.76
32.33
46.36
39.16
32.3
15.81
38.82
39.48
19.22
37.14
95.62
114.1
91.92
87.48
96.48
98.81
35.24
38.22
40.07
38.37
29.81
20.89
88.79
79.49
78.66
76.82
83.24
96.41
81.43
13.86
36.86
17.78
27.32
13.77
54.06
49.31
46.5
69.74
56.95
53.23
30.11
37.14
30.86
30.75
41.32
53.72
40.66
43.36
38.48
15.81
31.82
35.87
17.63
38.43
63.04
51.44
56.74
51.7
53.67
50.92
28.91
37.14
41.46
33.79
47.56
45.8
52.12
58.1
36.34
30.58
40.39
19.22
22.01
31.95
31.5
42.97
51.24
24.32
37.14
24.64
17.63
43.94
37.59
36.72
55.37
36.72
40.52
30.63
31.57
15.52
62.34
45.77
50.73
45.84
46.99
16.57
37.14
25.65
38.27
33.7
41.52
14.74
33.79
13.86
13.86
37.14
27.32
43.21
21.39
47.76
24.29
40.63
19.69
27.39
35.59
30.05
17.63
41.17
40.22
53.07
33.64
36.81
28.86
41.52
52.69
41.57
17.63
48.49
66.82
53.45
61.13
59.05
62.46
77.01
55.37
21.15
27.23
16.57
37.14
35.79
16.57
37.14
35.79
28.17
39.3
37.14
31.81
17.63
39.84
108.9
96.51
79.93
79.29
82.03
89.21
15.88
36.96
1.085e-05
18.14
36.23
96.57
94.05
104.2
90.37
97.71
97.71
42.63
29.25
27.64
32.48
37.14
54.84
60.97
72.9
52.75
62.07
55.44
16.57
16.39
38.27
42.99
59.74
40.74
46.77
43.82
45.03
42.66
39.3
37.14
40.66
46.07
53.02
54.62
35.39
31.86
22.82
48.78
19.22
17.63
19.22
17.63
31.86
22.82
48.78
0.0
17.35
41.52
18.14
36.94
38.33
48.49
36.88
47.22
39.05
17.03
31.56
39.3
17.63
96.24
84.51
85.42
81.76
78.86
17.03
46.47
30.75
26.58
17.63
56.28
51.75
47.97
58.83
42.43
47.2
32.85
31.17
16.57
37.14
63.08
76.41
57.1
58.24
52.43
33.19
91.77
20.26
35.35
37.14
46.07
47.56
45.13
94.81
30.95
29.4
33.72
31.47
49.77
32.33
35.88
37.21
79.29
62.34
89.46
83.34
72.49
67.67
72.44
19.39
48.39
25.52
37.14
51.94
75.32
55.84
58.94
51.19
38.46
30.07
20.94
30.07
41.4
49.71
11.59
42.1
35.7
34.38
35.85
33.19
17.63
48.97
36.89
43.45
39.27
27.2
16.57
33.41
26.95
28.4
31.89
35.79
34.57
25.81
34.86
49.02
16.57
37.14
45.53
56.24
58.51
61.68
65.26
46.25
30.84
37.14
41.58
18.14
17.63
38.96
37.47
51.57
56.46
49.5
35.46
18.81
43.7
25.81
17.63
60.14
63.79
62.43
76.61
58.85
71.43
59.24
25.43
37.14
13.86
47.11
42.02
60.94
57.63
67.52
48.26
21.15
23.55
21.17
38.27
43.76
53.53
38.12
37.55
37.87
44.56
37.14
21.24
37.14
47.73
55.87
66.08
67.37
47.61
13.86
36.66
30.58
35.85
45.91
54.46
27.17
48.2
31.32
28.17
17.63
16.71
36.31
46.37
55.36
54.93
51.16
48.72
31.11
37.14
33.19
17.63
53.45
40.77
48.18
55.65
36.18
23.97
47.91
21.15
37.14
36.4
52.24
47.32
32.27
36.6
29.85
19.05
47.16
56.51
2.893e-06
45.8
55.11
37.68
46.58
43.76
37.68
2.19e-06
37.14
40.99
17.63
4.493e-06
58.44
44.18
37.49
37.49
49.31
37.49
21.93
37.14
18.14
39.0
42.56
46.57
40.8
54.9
36.83
15.88
66.22
19.86
13.86
37.14
30.61
43.46
35.82
52.34
34.58
31.57
22.34
72.71
32.72
70.46
15.81
62.32
69.72
51.64
41.46
98.09
44.83
21.15
37.14
41.13
17.63
56.7
37.65
34.59
42.5
29.28
20.58
38.27
25.81
38.27
40.79
64.1
81.69
71.13
62.14
71.44
64.65
17.03
23.39
13.08
23.76
53.77
51.66
54.6
58.45
57.28
26.36
22.4
27.59
40.6
24.4
53.54
57.71
42.08
43.97
36.39
38.36
33.29
23.71
14.74
17.63
72.24
76.35
66.44
74.43
69.11
34.34
43.21
26.88
37.14
63.28
71.35
38.01
54.86
46.84
13.86
37.14
44.49
45.7
68.42
34.51
38.62
49.06
44.66
16.49
37.14
30.47
17.63
21.83
111.3
114.9
121.9
122.8
135.7
119.6
21.24
37.14
30.7
62.94
46.88
113.3
93.99
105.5
106.7
108.5
100.3
17.45
40.39
16.39
17.63
39.98
46.23
39.7
46.21
36.22
31.81
38.27
41.13
51.25
47.48
58.19
50.7
52.14
31.98
15.81
32.05
52.17
37.14
97.88
80.92
60.59
72.86
64.39
26.5
17.63
25.01
29.5
35.27
37.97
38.3
30.85
26.83
39.15
37.14
14.52
16.49
36.42
52.72
67.95
83.5
81.18
60.88
58.63
2.012e-06
56.42
36.17
17.63
45.84
38.46
39.78
31.1
39.78
25.4
37.14
15.88
37.14
132.8
143.3
123.6
109.6
120.8
21.76
53.87
39.3
17.63
66.29
52.84
57.56
54.32
50.58
13.86
33.41
24.49
33.41
41.82
59.7
45.05
57.43
48.02
29.42
37.14
29.43
25.81
59.6
89.13
59.75
79.01
84.32
85.65
83.68
24.46
17.63
18.14
17.63
89.24
81.68
85.4
95.03
87.23
31.23
37.14
21.24
71.81
64.59
59.58
71.04
56.38
56.48
13.86
37.14
30.43
17.63
52.87
48.15
38.31
51.45
39.9
16.65
17.63
26.11
42.91
44.11
48.5
37.67
45.96
39.18
51.37
42.07
30.32
39.43
40.74
45.3
51.88
49.01
21.38
19.22
37.14
15.88
17.63
26.99
26.65
23.02
33.79
13.86
26.1
36.0
33.19
17.63
42.97
26.65
26.1
35.55
13.86
13.86
21.71
40.58
38.27
50.27
49.42
32.11
35.71
27.93
19.22
82.13
33.29
63.64
37.71
80.44
32.13
66.41
28.85
13.86
37.14
18.14
37.14
52.32
51.39
53.35
66.49
47.08
16.57
29.05
21.17
17.63
46.42
46.96
47.66
53.62
42.77
39.3
22.66
17.63
35.84
41.26
55.33
54.07
36.49
16.49
33.81
22.62
47.2
26.08
43.97
62.94
45.83
40.35
49.0
37.14
29.01
24.98
13.86
33.79
66.5
64.78
70.97
69.31
64.07
41.46
23.97
17.63
62.9
57.35
41.48
46.83
49.24
27.37
30.08
4.131e-06
29.05
30.64
40.97
39.39
37.45
32.25
29.61
29.61
13.86
53.89
33.93
23.74
48.57
44.15
64.22
53.85
62.45
52.53
44.67
33.27
37.14
32.94
70.57
116.2
92.73
111.8
106.9
115.4
41.99
16.39
37.14
45.3
73.43
45.39
63.78
45.37
13.86
37.14
25.65
38.27
36.43
47.06
58.24
48.33
47.13
65.41
44.63
36.36
59.25
17.48
39.12
45.25
51.46
52.74
69.14
41.58
11.59
17.78
28.01
40.02
41.38
52.18
41.74
48.1
44.87
17.63
31.11
17.63
35.28
22.94
17.39
25.38
30.64
51.17
15.88
18.16
53.04
40.35
43.0
50.75
42.64
13.86
37.14
34.45
46.95
42.6
53.24
31.64
45.61
26.41
27.37
35.77
19.14
18.8
17.63
98.08
87.09
108.6
106.6
92.62
93.07
13.86
23.71
39.36
27.32
81.76
63.7
50.37
64.15
58.75
41.7
28.43
21.17
17.63
37.91
37.58
39.79
41.61
30.66
25.22
48.12
16.71
28.04
23.6
26.96
38.29
52.21
27.41
37.14
55.05
1.252e-06
104.6
46.5
78.48
53.42
80.13
46.5
16.57
37.14
19.22
29.66
38.74
47.24
42.32
61.45
34.04
25.81
27.36
32.38
37.14
104.3
109.0
77.83
90.6
87.02
13.86
39.1
18.46
52.34
54.04
40.22
49.31
64.13
53.42
46.11
37.14
6.072e-06
39.52
38.27
89.55
105.5
79.88
109.0
95.31
95.31
26.43
35.2
30.51
55.82
53.78
54.35
47.16
49.11
46.24
33.29
37.14
1.81e-06
17.63
42.57
50.66
59.74
35.45
41.84
51.35
50.66
32.38
40.09
21.24
37.14
58.89
62.03
55.4
58.38
48.92
24.64
42.4
25.22
17.63
33.12
29.61
35.32
40.66
23.79
13.86
21.15
35.61
37.46
47.14
28.94
46.02
26.98
15.81
37.14
18.14
17.63
40.51
48.2
43.15
58.14
43.47
38.84
26.49
13.86
37.14
67.95
83.36
52.25
56.64
57.9
31.11
77.59
24.13
17.63
53.36
50.11
61.39
54.8
49.57
27.56
37.14
31.11
46.7
69.82
50.45
45.87
55.54
52.39
16.49
37.14
24.11
26.37
80.62
90.79
88.87
97.82
82.98
13.86
26.65
29.03
45.81
43.46
50.87
29.41
32.94
30.57
44.49
24.66
19.82
29.78
80.6
78.07
74.33
87.15
82.68
2.116e-06
30.7
27.54
2.116e-06
23.07
48.22
53.89
38.65
17.63
65.97
58.93
42.44
63.26
53.06
3.148e-06
56.38
21.24
17.63
57.43
52.48
50.64
68.62
52.44
46.75
52.44
30.9
37.14
49.41
40.78
56.48
53.26
68.67
66.13
53.08
4.932e-06
39.11
24.44
17.6
17.63
47.05
42.84
43.43
50.86
42.62
43.43
21.93
49.36
15.88
17.63
94.96
97.76
90.84
93.37
91.6
15.88
37.14
15.81
17.63
41.69
36.69
36.83
48.61
25.22
40.11
27.39
39.3
35.61
13.86
17.63
41.96
43.9
55.89
55.08
38.3
19.22
29.94
28.86
37.14
34.09
91.07
93.4
88.6
77.64
80.26
72.94
29.8
41.52
21.11
39.66
53.79
47.9
55.87
55.06
44.36
23.97
37.22
34.87
13.86
37.14
33.42
26.05
60.91
50.92
47.37
51.78
48.52
16.49
37.14
34.71
32.5
17.63
56.1
48.03
48.04
62.05
55.18
43.26
41.46
37.14
34.86
17.63
38.13
30.66
56.77
59.26
34.33
17.35
23.55
18.14
38.27
67.82
72.76
65.96
66.72
64.94
24.64
31.44
40.07
31.44
45.12
36.01
34.29
37.09
19.22
13.86
30.87
22.84
25.81
30.26
47.59
36.61
39.39
35.61
47.32
36.4
13.86
49.18
36.66
40.1
42.73
26.42
42.78
53.14
22.63
34.86
37.14
28.32
30.59
41.56
48.8
37.34
47.29
40.77
36.46
46.86
30.69
27.16
49.1
52.65
47.44
46.44
41.47
16.57
37.14
15.81
17.63
69.73
66.99
58.38
65.35
62.65
30.58
35.85
47.48
38.18
13.86
37.14
35.52
31.08
48.85
39.63
35.51
35.21
30.82
45.12
37.14
61.23
22.05
38.27
35.39
74.88
89.97
86.95
111.8
99.28
114.0
81.36
13.86
2.38e-06
21.4
44.9
2.38e-06
13.86
37.14
28.3
35.3
40.83
17.63
52.39
36.98
27.41
35.37
32.4
13.86
37.14
24.0
17.63
34.33
28.72
17.49
40.35
20.4
13.86
37.14
34.91
17.63
30.04
59.77
58.45
53.71
41.35
46.82
48.96
17.35
46.89
36.14
34.23
23.55
45.9
45.35
39.72
52.33
44.85
36.55
13.86
36.31
28.4
49.56
34.52
34.07
30.36
30.97
37.14
30.57
50.68
47.47
44.06
58.14
54.83
49.56
46.25
31.09
39.29
37.14
25.51
40.13
17.63
36.5
42.79
60.74
51.44
54.0
40.65
13.86
42.17
26.1
17.63
39.0
36.05
24.32
41.62
26.32
38.12
37.14
31.23
34.56
38.23
43.16
43.88
41.06
17.76
19.22
45.05
14.74
17.63
29.72
37.95
47.04
42.53
41.42
61.75
37.57
37.69
14.58
37.14
43.46
29.87
53.73
54.46
59.3
52.41
33.95
16.57
17.63
21.17
39.93
40.48
42.69
27.3
27.34
29.32
30.47
37.14
33.88
17.63
19.91
42.61
49.4
41.3
49.38
52.62
43.0
19.22
37.14
38.69
17.63
54.48
42.18
35.61
48.3
34.54
21.76
54.44
5.424e-06
30.2
17.63
36.21
64.34
63.01
81.32
69.04
91.49
68.91
68.91
35.92
37.14
30.08
41.38
74.51
68.43
66.58
72.79
61.35
26.23
24.72
17.6
37.14
36.14
44.22
60.68
48.52
47.5
52.66
42.77
17.03
51.39
17.03
37.14
29.03
57.74
63.26
58.71
49.99
73.5
51.72
37.72
17.63
43.64
25.81
17.63
33.25
33.06
29.57
32.08
45.44
27.76
32.91
21.1
13.86
24.56
44.49
39.97
48.21
43.59
39.47
24.56
27.62
27.62
24.44
28.16
37.14
13.86
37.14
44.79
17.63
58.32
41.45
38.74
56.42
36.54
33.34
23.76
36.67
20.04
51.29
31.64
51.81
43.07
51.2
59.48
61.3
50.39
55.74
35.26
42.17
33.19
37.14
39.77
44.13
38.91
44.52
17.49
21.0
37.14
13.86
38.32
28.94
38.54
38.15
55.4
31.17
24.72
33.04
24.72
28.82
37.14
15.88
46.24
20.34
17.63
50.24
41.11
54.27
43.7
45.66
4.768e-06
76.53
6.333e-06
26.88
33.48
36.6
61.44
73.72
78.72
64.36
80.13
64.36
64.36
13.86
28.16
21.29
37.14
42.72
78.51
90.59
100.1
65.22
79.9
68.72
29.88
37.14
36.64
35.2
40.09
47.35
58.62
49.44
66.91
69.78
50.77
15.88
37.14
30.24
39.3
17.63
64.4
53.43
43.1
50.69
56.19
46.25
23.84
49.97
13.86
43.21
13.86
43.21
23.84
49.97
0.0
46.19
37.14
25.32
17.63
36.24
48.55
61.92
69.19
50.32
50.65
53.01
35.35
34.42
50.65
13.86
37.14
32.01
49.12
46.95
47.12
57.11
29.67
30.67
52.65
28.6
17.63
26.85
59.27
70.24
57.03
61.33
62.03
63.23
19.22
28.12
13.86
41.4
26.65
46.82
49.64
59.75
59.4
46.95
52.52
26.94
55.08
5.215e-06
37.14
47.13
54.93
46.43
69.44
47.13
29.62
37.14
25.65
30.07
34.56
40.23
42.3
21.07
13.86
35.97
24.66
37.14
30.66
42.56
26.23
46.88
21.73
36.66
28.85
75.47
54.85
57.41
42.53
61.59
38.86
31.24
40.02
36.88
17.63
54.88
46.32
35.61
57.56
39.01
32.09
17.63
4.627e-06
44.43
81.74
56.23
118.6
53.68
79.89
84.89
86.99
93.51
93.51
13.86
37.14
26.3
35.59
45.44
40.45
28.38
44.57
31.33
39.44
17.63
24.09
47.2
27.01
39.11
39.96
26.13
19.23
3.114e-06
44.37
19.49
17.63
57.71
59.15
60.0
64.83
52.17
75.83
52.17
15.88
32.73
13.86
37.14
57.63
71.93
49.71
62.39
51.68
24.64
37.14
33.82
32.55
37.79
40.81
29.51
42.31
20.78
13.86
34.47
39.3
45.15
45.37
31.22
41.74
26.1
37.14
19.22
60.77
45.31
65.09
83.73
40.95
47.94
43.66
29.54
36.03
44.3
13.86
26.65
30.4
39.31
28.28
33.22
42.02
19.38
33.53
17.63
4.545e-06
18.14
24.89
3.371e-06
36.36
40.9
32.77
29.57
39.89
32.77
32.77
43.61
27.23
37.44
37.14
35.96
57.51
62.58
44.87
57.58
46.5
41.47
4.809e-06
37.14
46.19
37.02
69.15
81.06
74.92
94.73
74.92
19.22
36.31
24.64
37.14
63.88
75.34
52.89
54.81
49.24
25.9
37.14
2.31e-06
37.14
25.28
46.81
36.8
46.45
25.28
15.88
38.96
24.6
42.33
37.75
63.6
68.82
60.42
70.35
58.23
52.84
46.19
34.63
14.74
17.63
15.24
16.57
26.65
17.97
43.69
37.76
13.86
37.58
37.14
30.21
22.6
17.63
30.77
33.32
38.34
41.12
47.84
45.55
41.46
32.78
35.9
33.99
17.35
41.52
29.88
49.64
38.97
42.79
25.77
41.46
30.4
41.46
37.14
45.7
42.11
57.39
47.64
34.73
15.68
17.63
25.84
17.63
19.75
65.42
60.04
54.77
52.48
53.1
54.47
26.58
37.14
41.59
29.91
46.12
29.39
42.9
26.58
49.47
37.14
22.56
34.72
64.67
62.96
49.66
73.81
62.4
21.15
27.2
17.63
40.88
39.64
44.3
58.37
37.42
33.19
37.14
37.14
51.13
54.28
54.5
55.72
38.17
32.01
17.49
28.01
29.31
36.42
43.14
45.71
35.51
32.9
21.15
37.14
39.3
37.14
63.62
63.13
33.27
52.79
44.19
26.93
37.14
34.74
37.14
30.12
49.93
67.07
57.25
46.61
55.76
48.1
30.46
37.14
25.93
37.14
46.72
52.81
52.51
50.83
35.57
17.03
37.14
32.85
23.71
32.51
33.32
40.53
48.48
37.85
42.0
37.14
24.58
30.91
71.98
79.93
77.61
63.92
77.76
21.17
37.14
28.97
24.04
82.97
72.85
62.48
66.33
68.95
37.99
27.53
24.09
19.28
59.37
53.13
66.66
61.94
50.61
33.19
37.14
37.14
69.76
76.71
55.96
56.56
53.2
60.22
37.14
36.7
51.15
4.053e-06
84.74
104.5
65.36
62.69
56.86
65.36
46.19
21.73
48.18
14.3
61.68
82.75
88.56
85.24
82.8
15.64
37.14
19.27
17.63
34.7
31.88
23.9
51.67
28.27
47.35
17.63
15.68
29.83
49.49
32.24
78.97
42.87
42.29
26.05
37.14
21.15
17.49
42.19
37.17
40.43
50.7
34.74
29.36
33.41
19.26
34.65
32.26
41.53
44.47
29.36
28.11
37.14
33.57
17.63
70.22
71.97
65.67
79.12
69.51
21.15
37.14
21.15
17.49
34.96
18.77
30.58
43.61
26.29
29.93
37.14
29.31
22.6
17.63
27.26
26.77
26.65
35.07
29.83
33.79
29.02
13.86
20.34
17.49
41.31
60.07
51.82
51.42
48.98
23.48
37.14
47.46
41.52
68.53
54.24
50.38
50.85
41.58
37.92
37.14
27.62
17.63
63.5
69.82
84.43
76.13
65.87
27.88
37.14
57.59
25.23
17.63
38.23
33.7
32.73
45.57
64.23
25.55
17.63
33.19
41.52
47.38
52.07
51.39
36.55
33.72
35.75
13.86
37.14
22.51
46.19
17.63
44.05
38.44
71.0
55.54
62.26
56.63
58.04
33.29
37.14
33.29
17.63
42.99
26.65
27.99
33.79
13.86
30.75
19.28
24.09
47.58
46.97
71.2
60.95
56.18
54.07
43.47
37.14
39.13
31.58
113.2
97.92
103.8
105.7
98.01
25.01
17.63
21.97
17.63
34.31
33.35
35.88
26.96
25.45
32.53
53.31
37.14
71.87
75.04
60.1
74.65
61.09
17.02
37.14
50.52
17.63
48.5
59.12
53.97
58.99
53.23
25.99
37.14
38.39
17.63
53.39
46.53
48.34
49.68
39.8
25.43
37.14
47.18
25.36
53.27
82.22
72.31
75.96
75.03
34.97
22.24
40.52
17.49
95.75
86.58
74.52
78.93
80.89
32.06
17.63
34.45
17.63
105.9
97.07
92.9
88.06
90.17
20.88
37.14
37.74
28.01
48.99
34.58
55.47
37.74
31.81
17.63
32.94
17.63
2.973e-06
53.95
48.52
44.46
42.24
49.73
44.46
37.37
37.14
38.85
37.14
108.6
106.1
82.82
82.43
86.46
37.14
38.03
43.55
44.96
45.22
24.32
37.14
33.57
37.14
54.1
64.77
50.64
59.58
49.91
30.43
17.63
19.51
37.14
64.88
74.36
82.55
67.49
66.09
37.14
45.81
44.13
52.67
39.75
17.49
31.11
32.4
39.74
37.14
92.61
91.21
64.35
73.95
73.82
35.7
30.4
20.78
17.63
29.54
22.52
36.09
34.6
18.23
35.37
50.85
26.5
17.63
48.23
51.15
37.99
77.62
53.45
46.19
57.59
57.59
46.19
17.63
33.95
37.14
45.78
17.63
82.08
75.4
60.77
64.67
65.62
33.19
38.01
37.14
28.0
62.84
42.53
38.86
37.96
37.14
19.93
37.96
19.69
37.14
27.14
17.63
54.47
58.15
50.19
51.01
48.39
33.19
37.14
27.04
17.63
70.22
83.01
78.4
78.98
76.13
33.19
37.14
33.19
44.27
49.95
46.48
48.29
30.55
32.51
37.14
29.81
48.77
22.84
41.79
44.7
45.03
31.67
47.46
37.14
28.6
37.14
93.01
104.6
102.4
98.67
94.66
21.15
37.14
39.3
37.14
59.82
57.91
28.61
47.33
36.95
33.52
35.23
14.23
46.51
23.55
53.7
62.9
80.53
85.0
65.92
66.73
17.63
21.15
17.63
33.97
30.69
34.95
35.42
27.07
29.09
20.33
33.05
30.97
59.18
61.03
67.53
54.24
53.45
22.16
17.63
36.15
37.99
50.74
48.78
30.3
28.86
24.65
38.16
37.14
17.03
44.05
70.84
83.76
55.87
67.91
64.5
35.68
37.14
1.242e-06
23.47
37.14
73.03
82.85
81.35
79.28
73.58
73.58
23.97
37.14
26.72
37.14
31.86
47.64
30.94
52.92
32.15
56.27
17.63
29.28
17.63
26.78
70.14
66.7
63.11
35.77
67.35
66.07
33.19
31.74
19.51
19.46
71.42
65.76
77.97
77.32
69.88
19.22
29.59
32.67
17.49
59.31
53.43
57.4
55.72
52.59
21.85
37.14
29.29
31.58
102.2
85.95
84.12
81.88
86.47
33.19
37.14
24.3
14.3
24.77
22.72
35.34
31.74
18.7
43.54
17.49
44.48
37.14
81.09
79.06
78.8
80.81
77.74
35.2
17.63
33.19
37.14
36.96
43.07
43.67
24.74
19.69
39.58
37.14
1.997e-06
35.8
37.14
1.393e-06
59.96
59.04
57.18
78.94
80.45
57.18
57.18
21.15
37.14
39.3
37.14
52.64
53.07
31.53
58.87
38.62
17.63
21.15
37.14
39.64
68.17
39.64
46.88
48.86
45.51
37.14
34.58
44.08
40.9
49.19
50.22
66.9
52.41
38.5
37.14
63.86
71.98
83.28
81.34
69.58
38.12
17.63
33.19
37.14
64.27
68.33
68.8
56.98
53.67
17.63
21.19
37.14
43.56
53.14
30.78
37.09
36.29
21.15
37.14
44.79
17.63
49.4
36.85
17.38
48.23
29.67
46.12
37.14
32.16
17.63
41.37
35.44
50.02
43.41
27.11
47.84
37.14
62.68
17.63
62.24
50.11
31.8
67.06
49.81
34.82
37.14
26.11
37.14
52.93
63.73
65.52
68.55
53.58
27.04
17.63
39.75
37.14
64.82
90.83
78.5
73.0
72.15
33.19
33.61
37.14
60.96
62.84
43.13
21.15
17.63
27.28
17.63
63.91
69.04
71.55
73.16
67.43
24.94
23.54
23.21
31.67
17.63
18.55
43.26
45.82
49.8
42.83
43.46
45.53
41.53
41.46
17.63
28.04
37.14
83.64
91.84
101.6
89.19
85.87
32.55
17.63
40.46
30.07
63.4
66.84
68.91
56.31
60.24
41.7
17.63
21.15
37.14
41.19
51.47
60.17
44.54
38.26
20.28
17.63
34.64
23.55
63.94
65.4
64.35
69.34
65.39
37.88
37.14
45.32
77.86
55.53
75.8
77.84
62.62
34.96
37.14
37.22
17.63
75.82
68.4
77.14
80.76
66.57
31.11
20.33
23.75
16.53
87.61
94.14
115.5
93.17
92.34
19.27
37.14
37.14
47.26
49.68
28.64
46.25
27.36
39.11
33.62
1.773e-06
32.91
17.63
81.57
77.82
69.16
63.62
69.8
69.8
22.27
17.63
22.27
38.27
21.45
31.01
39.68
25.42
23.55
25.99
17.84
21.15
37.14
33.29
37.14
52.59
57.61
41.5
45.69
35.0
33.29
17.63
36.65
37.14
59.42
61.34
64.14
57.87
52.11
33.29
37.14
21.17
37.14
19.27
42.64
40.42
43.78
21.15
33.19
17.63
21.94
37.14
69.01
89.27
76.86
69.34
72.51
33.19
37.14
33.19
37.14
42.83
44.46
38.39
42.35
20.92
25.09
37.14
29.98
31.99
67.99
69.99
73.86
82.5
75.08
26.98
37.14
45.99
26.78
90.72
89.86
84.68
98.77
91.78
38.25
28.94
29.42
37.14
40.24
37.19
52.02
40.68
27.83
40.21
37.14
39.29
17.63
93.4
79.97
81.3
96.94
81.14
33.19
37.14
39.3
37.14
82.57
76.74
71.3
79.61
66.62
32.37
37.14
29.09
51.23
60.07
28.28
56.93
44.97
36.36
37.14
34.74
17.63
61.45
57.21
60.04
71.51
59.45
25.49
17.49
32.51
37.14
79.4
87.32
84.71
79.99
80.47
21.33
44.08
38.15
47.41
75.58
77.72
74.06
88.61
71.57
46.24
37.14
38.12
17.63
81.47
78.86
62.42
95.83
79.84
37.88
37.14
37.88
17.63
45.24
30.9
44.53
40.87
23.54
47.07
15.91
36.79
34.69
81.36
97.03
102.0
106.3
105.8
21.33
37.14
25.71
50.72
37.86
46.34
44.17
49.16
40.95
35.8
30.16
26.66
17.63
80.01
77.41
91.98
72.42
79.58
19.39
37.14
36.15
17.63
78.6
78.03
78.23
77.32
74.34
29.97
37.14
67.83
16.53
88.07
50.04
53.83
49.65
46.42
34.1
37.14
17.6
17.63
51.26
50.47
49.16
69.02
51.61
21.96
17.63
35.61
15.0
94.13
85.5
83.39
83.55
86.72
33.19
17.49
18.86
23.55
51.84
46.0
63.88
50.82
52.07
28.94
17.63
39.69
36.37
48.26
35.95
24.93
37.88
17.63
17.35
23.55
22.24
23.71
46.19
29.57
25.26
28.67
37.14
33.37
14.3
42.8
36.78
24.77
53.8
31.17
33.76
37.14
0.0
37.14
34.94
55.11
44.23
48.44
34.94
31.0
17.49
21.19
17.63
67.24
69.94
77.74
66.25
68.58
44.79
37.14
39.3
17.63
48.92
30.84
47.33
38.05
22.12
33.19
37.14
33.19
14.3
57.54
41.95
47.88
52.35
39.66
33.19
17.63
42.97
17.63
52.36
41.55
53.18
40.98
37.38
29.73
17.49
39.33
30.33
39.33
17.49
48.0
30.91
21.89
17.63
80.61
75.15
70.25
95.51
79.79
33.19
10.65
44.44
21.75
32.0
36.43
21.81
37.22
17.63
37.22
37.14
49.43
48.84
36.96
24.85
21.49
18.69
17.63
66.19
67.77
76.0
74.53
65.15
28.46
39.3
17.63
86.56
77.5
66.8
84.95
72.87
38.12
17.63
33.19
34.79
42.41
45.6
25.06
16.94
30.12
24.75
30.12
17.63
34.51
50.11
34.51
52.41
48.68
41.13
38.02
41.41
37.14
72.62
68.99
73.63
69.01
60.72
33.19
17.63
19.69
17.63
66.09
71.37
59.67
60.51
63.84
19.22
17.49
27.4
120.6
112.8
120.3
121.2
120.6
19.22
37.14
25.32
17.63
39.5
35.29
25.26
36.99
27.17
37.69
32.5
35.6
17.63
55.77
46.32
50.15
46.58
44.2
39.99
37.14
37.88
17.63
45.0
29.98
37.71
44.0
21.94
31.04
17.63
33.19
17.49
49.39
13.86
34.6
24.25
24.53
24.21
37.14
40.97
37.14
52.99
44.54
32.93
58.28
35.47
21.96
17.63
37.65
17.63
79.13
76.08
72.96
83.67
78.73
37.74
38.02
19.22
17.49
36.95
31.13
53.9
54.27
34.24
21.15
37.14
39.78
17.63
48.57
37.38
35.31
45.34
30.96
22.37
17.49
26.98
37.14
59.43
78.02
63.63
63.81
64.33
33.19
30.22
17.49
33.08
28.26
29.32
38.01
22.97
66.46
17.63
19.22
28.17
77.16
74.73
40.77
83.64
75.07
19.27
37.14
21.15
17.63
38.07
36.32
33.33
48.06
29.13
32.34
17.63
36.38
33.42
56.4
57.26
49.2
60.08
54.32
26.11
37.14
34.47
17.63
84.04
81.92
75.86
81.48
76.6
33.07
14.3
30.16
23.99
70.98
63.68
60.21
73.67
70.4
46.19
37.14
27.13
14.3
53.5
47.2
39.41
49.44
43.37
34.9
37.14
24.13
27.26
91.97
87.11
68.11
81.92
81.78
29.97
37.14
39.39
16.53
41.8
69.28
76.99
75.0
69.65
41.46
14.3
22.42
17.63
28.96
25.54
45.0
21.94
17.02
22.27
37.14
19.22
37.14
35.84
48.59
51.54
30.68
40.83
17.63
39.53
45.32
93.48
79.55
70.05
77.91
77.12
24.83
37.14
19.22
17.49
100.6
102.9
95.99
86.86
98.0
39.98
36.9
27.16
37.14
62.69
88.07
78.03
71.25
74.3
33.19
21.92
32.91
37.14
33.79
71.95
57.45
56.48
54.98
36.22
23.55
26.49
17.63
43.72
49.58
71.71
55.05
52.66
34.13
17.63
19.22
17.63
51.39
47.18
51.26
51.69
46.24
30.43
20.33
36.65
16.53
48.89
45.73
54.81
44.73
40.15
13.86
16.53
23.22
24.2
28.5
29.91
21.98
13.86
21.15
17.49
39.3
37.14
49.77
49.5
40.54
34.78
29.74
17.63
19.22
33.79
45.92
55.3
40.61
42.01
42.44
32.91
37.14
30.06
37.14
43.08
42.86
37.72
47.93
28.23
21.36
26.6
24.87
37.14
32.31
43.94
34.48
32.99
24.72
20.29
37.14
19.22
21.19
45.41
50.37
38.27
63.05
42.57
44.01
17.63
41.46
17.63
53.52
37.11
46.23
37.2
32.47
32.12
28.48
26.88
30.91
52.52
31.4
43.33
40.75
38.63
23.89
17.63
29.29
37.14
64.44
62.32
47.94
46.7
46.47
25.06
37.14
25.99
37.14
70.99
78.25
85.3
84.27
72.65
32.99
21.94
2.265e-06
20.58
17.49
52.08
60.19
59.71
59.26
58.08
58.08
46.19
17.63
19.22
37.14
47.71
69.97
52.69
38.39
42.43
30.12
16.53
24.11
29.83
58.38
67.45
70.94
67.58
69.53
33.29
37.14
39.3
17.49
43.07
27.36
40.42
43.78
21.15
21.94
34.1
37.22
37.14
50.13
48.88
50.15
41.99
42.7
22.64
17.49
22.84
31.17
67.24
55.87
75.18
67.74
67.37
21.15
17.49
34.38
37.14
62.5
75.52
64.31
59.35
56.55
33.19
14.3
41.32
28.06
39.88
16.49
21.73
32.19
37.14
46.19
76.42
77.08
67.85
86.04
72.87
28.46
17.49
19.22
37.14
37.14
17.49
44.49
17.49
32.86
23.55
53.95
41.08
52.98
38.74
42.63
26.67
17.63
36.37
19.28
76.08
69.97
73.39
66.8
67.95
42.68
20.44
24.92
51.6
25.26
48.75
46.27
16.49
21.73
29.28
41.85
44.42
37.03
39.9
43.43
40.64
22.84
28.58
13.86
28.01
74.5
71.99
82.93
74.69
78.02
59.41
42.59
47.35
17.63
82.39
58.73
32.06
72.98
63.39
40.16
37.14
35.64
17.63
63.47
51.28
69.53
70.0
51.92
46.19
31.38
44.79
37.14
82.13
78.31
80.97
69.52
67.09
36.09
17.63
31.46
31.13
58.82
60.01
53.2
67.45
60.36
38.46
26.95
41.41
23.55
55.31
37.36
57.8
48.02
45.65
15.88
17.63
21.24
64.41
46.25
92.28
68.81
88.17
82.32
82.14
85.04
13.86
37.14
27.75
35.86
64.17
54.8
47.7
55.74
49.88
35.31
81.98
21.0
50.14
37.14
76.08
76.33
91.57
63.91
72.85
78.11
29.85
19.92
34.68
40.99
17.63
131.9
118.5
113.9
114.1
115.8
109.7
27.37
33.63
4.038e-06
37.68
49.6
46.14
60.48
69.78
54.12
55.03
46.14
27.84
37.14
36.5
22.29
44.99
57.14
53.69
60.43
45.76
35.57
37.14
16.36
36.63
35.43
139.3
134.2
157.0
149.0
135.9
135.1
30.35
72.99
46.14
27.66
41.93
54.5
59.28
56.98
80.88
61.18
44.88
15.88
37.14
31.34
41.55
86.55
93.69
68.52
72.61
74.07
36.74
17.63
3.99e-06
37.14
42.19
95.28
83.75
102.6
90.7
105.0
95.28
35.32
40.07
32.54
109.8
205.3
100.0
175.6
199.1
183.4
35.35
32.3
40.78
37.14
83.74
85.5
88.61
83.62
83.29
28.97
17.63
29.05
22.95
34.52
137.3
115.9
98.75
111.0
109.2
115.7
3.383e-06
36.12
33.16
37.14
54.88
58.06
43.14
54.07
43.14
3.573e-06
35.22
23.53
17.63
60.43
55.0
48.9
58.72
48.9
49.03
51.03
15.88
37.14
66.34
73.67
60.22
58.36
64.73
16.57
37.97
27.06
21.93
37.14
18.33
65.54
70.28
64.24
64.39
67.52
72.03
63.91
54.56
36.41
37.65
29.51
43.46
35.09
64.16
45.69
23.47
19.69
37.14
43.15
23.76
94.46
72.31
62.03
65.61
62.35
29.88
75.6
72.5
45.73
37.14
106.3
98.96
87.44
122.7
108.1
91.35
23.89
41.0
25.62
42.07
85.25
86.67
71.64
63.02
75.27
26.05
79.88
13.86
36.22
132.8
110.4
131.9
123.1
127.0
43.37
88.31
25.22
17.63
48.4
43.2
62.67
79.0
39.61
35.31
37.14
20.45
46.19
45.32
47.64
109.8
110.2
103.6
138.4
126.6
109.5
110.4
21.76
19.46
15.88
20.01
116.5
114.8
106.4
109.6
106.7
25.9
56.43
13.86
26.51
67.8
65.83
85.18
78.32
67.05
37.65
83.45
47.06
47.68
37.14
92.93
95.63
129.9
66.51
122.6
110.9
51.29
43.36
20.99
37.14
76.7
68.01
81.58
58.8
72.44
17.03
42.18
36.96
17.63
81.78
78.0
77.05
88.59
76.64
25.22
32.96
45.12
52.9
75.79
73.33
52.81
60.58
49.09
15.88
51.6
13.86
106.2
118.6
58.02
106.0
128.2
111.6
14.58
17.63
29.03
36.82
37.8
41.48
47.05
42.79
42.37
55.35
44.68
30.2
34.6
0.0
55.63
39.58
67.63
45.46
53.18
39.58
3.487e-06
49.52
30.47
38.05
66.37
68.49
64.21
82.82
64.21
54.56
51.18
15.48
15.88
27.1
72.48
80.59
129.2
79.0
93.27
81.7
15.88
17.63
44.16
37.14
127.9
123.7
128.6
133.8
126.8
27.26
67.22
21.24
37.52
68.76
71.45
58.18
102.9
64.58
13.86
37.14
18.14
37.14
68.09
67.32
76.08
86.11
67.29
19.65
23.65
15.88
37.97
64.94
71.7
73.14
71.03
64.11
25.22
37.14
28.02
6.497e-06
14.3
81.89
85.94
85.8
78.78
79.39
81.89
26.33
58.52
3.159e-06
36.1
37.14
115.4
114.6
92.77
88.96
95.39
95.39
21.24
33.46
5.916e-06
37.14
43.21
55.82
46.19
57.81
43.21
33.19
35.85
37.71
17.63
128.4
117.0
94.53
97.39
108.9
24.48
15.8
21.24
37.14
28.75
87.03
91.68
90.53
76.06
79.9
78.39
19.22
75.4
13.86
37.14
45.36
76.26
77.55
77.58
82.43
69.47
80.27
27.84
23.76
30.2
17.63
101.8
96.96
86.9
81.72
90.72
31.99
42.22
13.86
32.84
79.78
80.89
78.93
94.62
84.65
21.24
17.63
44.64
26.1
37.57
107.6
119.5
123.5
123.0
137.3
113.5
46.19
37.14
63.54
45.9
19.96
159.8
149.8
115.1
111.4
116.9
125.0
29.05
37.14
41.11
67.46
31.81
69.54
64.78
65.74
82.47
72.21
62.47
18.23
52.87
21.0
37.01
66.51
74.01
64.78
52.11
65.67
15.88
37.14
13.86
87.1
20.19
55.01
90.39
55.46
62.89
71.67
55.8
15.88
17.63
23.53
47.32
50.73
79.15
78.4
90.24
69.55
70.87
72.58
23.54
28.58
35.31
17.63
59.9
71.65
89.09
82.52
77.97
16.57
37.14
26.94
17.63
67.92
70.76
77.0
89.71
71.43
15.81
41.16
21.93
43.91
103.2
111.7
95.84
93.66
98.58
38.45
17.63
19.22
25.0
31.69
82.84
77.05
83.07
94.61
83.75
77.02
27.37
37.14
4.798e-06
25.57
56.08
64.05
46.29
60.09
56.08
36.3
37.14
50.56
35.31
17.63
84.65
76.59
80.22
87.47
76.16
77.49
22.05
17.63
29.71
45.92
34.32
71.5
74.39
65.22
80.9
81.14
75.4
36.72
37.14
17.63
73.31
79.6
70.31
75.67
35.57
37.14
3.368e-06
19.46
50.06
51.88
71.66
72.64
50.06
31.11
33.53
25.22
30.59
75.95
61.39
62.5
62.41
62.95
32.4
17.63
13.86
37.14
26.2
110.4
125.8
107.0
116.8
100.4
105.5
15.88
37.14
17.63
83.53
82.14
90.87
100.3
83.53
28.73
36.31
24.35
27.77
71.85
59.86
64.26
46.98
59.85
36.96
36.87
13.86
37.14
72.86
88.73
62.3
57.43
64.92
40.26
39.29
53.06
46.51
90.54
77.94
72.45
79.88
68.92
22.56
17.63
21.76
37.74
94.64
103.6
105.9
98.77
99.35
15.88
47.76
25.07
37.14
63.6
79.32
60.61
84.35
61.66
21.17
17.63
30.1
40.86
55.84
69.68
54.02
44.89
45.73
43.55
47.52
28.76
37.14
42.14
29.45
59.99
77.25
74.11
82.34
74.9
36.36
65.69
30.12
23.04
32.5
73.98
75.66
82.47
80.91
73.07
74.44
27.18
51.49
21.24
29.47
84.61
88.69
89.68
100.6
85.21
32.44
51.3
26.3
37.14
86.14
100.4
90.35
95.49
86.29
38.96
34.56
19.74
48.97
89.1
111.7
114.1
89.17
88.17
15.88
34.64
42.39
130.7
184.3
98.72
168.5
175.8
176.7
35.27
19.46
35.7
17.63
67.44
62.27
67.75
65.89
62.34
60.16
43.63
18.39
37.14
77.5
88.45
95.61
86.65
75.47
27.73
17.63
15.88
41.83
38.74
38.96
55.36
51.06
52.85
45.83
41.01
35.88
37.14
34.29
27.18
71.46
71.65
64.99
91.97
71.86
16.71
27.86
31.42
17.63
41.23
77.62
71.74
72.53
74.41
84.15
72.83
18.23
41.05
27.77
23.82
67.02
77.9
76.43
87.59
73.75
36.88
17.63
19.77
40.02
86.61
100.8
89.18
86.76
88.73
25.81
27.15
38.46
41.64
17.63
96.25
76.96
63.64
72.27
81.75
68.05
3.785e-06
37.14
20.24
36.52
84.77
79.16
77.65
74.6
77.65
30.47
37.14
37.65
37.14
93.05
92.76
103.9
100.7
89.47
30.2
41.37
31.11
44.99
80.78
67.73
67.15
63.24
65.0
5.051e-06
17.63
26.66
44.62
72.29
98.47
105.2
93.27
94.58
86.91
93.27
25.88
37.14
16.57
34.63
61.24
57.86
53.35
53.27
50.87
15.88
39.65
50.08
24.64
37.14
52.95
63.85
60.11
69.95
67.08
52.62
25.67
17.63
4.008e-06
37.14
84.09
103.8
86.71
80.59
84.09
21.24
67.09
38.97
32.1
33.24
121.8
117.6
109.1
106.9
128.7
110.8
21.17
20.41
42.55
37.14
72.19
75.47
52.56
57.73
54.53
13.86
36.58
39.39
37.14
58.61
64.92
60.6
66.16
53.81
25.22
32.24
22.34
34.6
65.37
70.8
62.0
63.72
62.87
27.26
17.63
33.74
35.76
72.14
68.24
73.57
73.24
70.01
30.46
37.14
16.57
26.94
113.4
127.0
130.4
128.0
115.9
27.56
17.63
30.2
37.14
77.37
63.88
74.2
73.94
65.87
33.51
115.5
15.88
37.14
115.7
111.9
149.5
123.1
124.7
20.81
37.14
17.03
16.57
31.58
110.0
107.1
98.55
101.5
98.44
102.0
13.86
37.14
20.24
28.35
80.57
79.7
80.56
93.21
79.82
15.88
47.21
39.14
31.42
19.46
153.7
140.7
132.0
133.1
128.3
139.9
21.24
37.14
22.58
19.46
25.23
68.33
71.45
68.79
76.71
91.39
66.72
39.06
52.18
13.86
56.25
31.76
101.8
94.59
90.49
91.65
103.2
98.73
44.71
17.63
21.93
37.14
50.06
114.4
120.5
130.9
114.2
95.41
102.5
33.02
16.61
2.056e-06
37.14
58.61
76.28
56.71
56.68
58.61
22.56
46.95
23.74
11.87
143.5
134.5
138.7
149.4
134.3
41.86
54.32
41.52
17.63
90.36
78.69
71.61
104.6
80.27
15.88
24.37
16.57
37.14
40.26
55.52
28.33
41.34
31.67
26.5
26.65
28.99
15.88
45.89
122.0
104.1
115.1
106.4
116.6
113.8
4.418e-06
38.91
25.67
17.63
64.79
69.31
70.38
55.09
70.38
45.66
92.34
53.22
35.83
36.9
131.8
140.4
115.4
202.1
97.03
122.5
46.14
37.14
7.227e-06
17.63
90.8
95.78
74.22
86.66
90.8
19.22
40.83
49.96
37.14
88.22
83.46
63.6
73.21
59.41
34.98
26.65
42.08
44.28
102.0
87.67
106.5
102.4
108.8
45.12
21.8
29.44
37.14
107.1
112.1
66.1
87.87
91.35
37.49
17.63
20.26
32.3
31.17
77.11
77.96
70.31
70.74
70.87
71.78
5.901e-06
37.14
35.99
63.84
72.83
80.63
75.8
89.25
75.8
29.05
37.14
13.86
43.41
3.77e-06
61.84
66.2
64.03
84.03
83.11
64.03
26.94
37.14
35.31
35.47
78.86
59.13
54.78
61.0
61.59
5.141e-06
35.83
34.11
40.02
43.51
39.93
24.34
41.57
24.34
29.68
31.82
24.44
34.13
45.36
40.13
52.27
33.03
30.99
28.9
16.69
37.44
37.14
33.54
25.22
36.48
71.87
74.71
72.41
81.46
66.65
65.86
16.65
17.63
28.25
17.63
44.34
46.18
49.6
48.68
43.36
38.33
17.63
47.32
13.86
45.12
95.04
114.4
87.44
81.32
108.0
85.24
40.22
41.94
33.07
37.14
80.05
77.23
91.96
82.94
69.47
22.56
17.63
36.74
19.46
53.86
140.1
112.7
101.9
122.1
116.5
119.0
29.03
37.14
13.86
19.46
42.84
46.91
52.81
66.72
44.62
39.82
37.14
42.06
34.42
13.5
73.74
80.74
77.3
77.86
84.3
77.82
25.9
37.14
34.82
50.16
80.18
69.59
91.25
100.1
82.51
4.977e-06
34.63
17.89
21.24
37.14
123.0
121.4
109.7
115.3
112.2
109.7
37.15
31.17
18.72
20.24
44.34
127.8
142.2
120.3
125.7
129.3
128.5
35.31
19.46
30.97
75.83
28.0
125.5
89.39
111.2
118.2
109.4
109.4
16.57
17.63
23.47
37.14
15.48
54.07
68.86
56.5
51.69
54.28
52.4
42.12
37.14
26.05
41.36
81.57
100.7
119.3
106.8
85.31
45.12
17.63
4.5e-06
17.63
81.55
85.24
75.25
81.15
81.55
18.14
19.46
27.59
17.63
24.13
103.8
93.74
92.78
98.04
99.3
98.96
31.11
33.79
23.21
37.14
82.22
81.95
103.6
101.1
85.32
38.61
17.63
3.785e-06
19.22
43.95
34.74
57.02
49.67
34.68
33.52
33.52
25.22
123.7
31.61
37.14
78.26
86.0
66.41
177.0
72.14
19.74
17.63
28.39
39.26
41.3
74.73
82.44
84.3
87.56
74.97
81.59
43.67
17.63
31.11
42.78
32.92
119.0
119.7
98.67
92.64
97.28
102.7
18.23
34.6
25.67
40.49
46.93
67.43
57.41
76.55
57.32
63.26
60.37
35.32
37.14
3.234e-06
50.38
63.4
86.53
66.9
68.7
63.4
22.24
19.46
16.57
28.08
8.33e-06
105.3
102.7
96.3
94.85
96.87
96.3
7.629e-06
74.57
21.24
37.14
90.53
90.73
93.5
62.03
93.5
27.45
67.84
26.11
56.3
57.39
70.2
77.12
102.5
68.72
13.86
40.02
45.03
42.07
86.38
79.66
81.13
89.06
81.54
17.37
17.63
28.04
40.15
69.84
76.81
81.84
77.91
71.66
33.34
37.14
31.99
38.12
29.04
40.26
28.71
35.54
39.64
33.57
14.04
43.42
43.01
45.12
37.14
52.56
55.3
71.78
65.32
53.05
13.86
51.97
28.85
17.63
78.3
69.71
82.24
74.22
73.38
26.88
22.39
55.24
25.9
17.63
29.2
82.03
81.29
84.6
86.2
79.9
102.2
81.57
19.22
45.17
46.19
37.14
29.4
72.9
72.79
73.4
76.18
68.48
74.07
15.88
17.63
3.383e-06
20.71
40.8
94.31
97.03
91.06
92.72
95.13
95.13
15.81
112.1
22.73
50.58
115.9
127.3
120.9
62.82
117.7
13.86
37.14
37.15
17.63
61.27
49.13
35.85
45.05
41.33
25.81
60.89
15.88
17.63
1.022e-05
132.3
129.1
124.4
119.1
160.3
124.4
2.712e-06
32.39
20.78
34.6
54.75
62.31
57.55
50.72
57.55
34.75
37.14
38.27
17.63
167.2
145.4
123.9
123.1
137.4
5.007e-06
33.32
38.87
37.65
55.48
95.27
103.9
102.8
109.6
109.9
102.8
28.04
23.98
25.73
25.9
37.14
126.5
124.9
115.1
111.8
115.3
111.6
29.05
31.13
3.83e-06
42.88
42.88
62.64
66.54
53.78
42.88
21.24
26.89
18.39
63.28
37.87
84.18
89.84
98.9
100.1
89.6
92.78
0.0
17.63
30.84
38.37
101.9
108.2
84.18
78.04
84.18
28.5
17.63
25.14
37.99
62.15
76.77
113.9
99.22
93.16
97.53
85.98
84.86
20.77
36.96
49.8
119.7
123.8
76.63
93.37
94.9
34.11
34.6
41.88
4.865e-06
35.12
69.94
82.06
65.72
70.56
83.45
69.94
27.39
30.0
37.58
17.63
106.5
97.93
82.89
90.87
93.15
15.88
37.14
62.39
24.64
79.08
107.8
96.08
98.41
102.8
112.3
99.77
8.3e-06
37.14
17.71
60.79
75.11
66.51
70.15
69.94
70.15
45.12
17.63
33.68
37.14
31.11
75.21
73.37
64.61
96.2
75.7
69.43
16.49
37.7
25.34
37.14
62.67
68.03
60.36
60.34
55.38
6.05e-06
36.42
26.17
43.05
24.37
90.58
68.62
66.87
50.27
77.84
66.87
28.28
17.63
34.98
44.7
112.4
137.7
116.2
128.3
120.3
43.36
37.14
16.28
13.86
26.37
70.52
76.98
100.6
87.85
71.78
72.57
16.57
37.14
21.17
18.16
111.3
115.1
126.0
140.6
116.9
25.67
28.4
30.79
16.65
17.63
77.87
84.67
76.71
76.05
81.45
78.12
13.86
46.9
26.5
17.63
122.4
113.8
99.5
124.9
106.0
34.91
37.14
6.273e-06
37.14
83.36
76.24
96.79
103.2
83.36
39.82
44.65
1.469e-05
0.0
51.64
169.6
168.9
199.8
182.6
169.6
169.6
13.86
37.14
28.85
38.64
88.46
69.61
72.47
66.21
79.59
13.86
37.14
33.25
24.0
36.6
87.41
79.09
86.19
93.04
89.64
84.14
28.86
39.83
30.2
17.63
42.03
55.3
55.93
57.02
71.64
63.31
57.4
46.19
20.38
13.86
20.33
35.98
86.18
81.62
76.04
99.34
88.93
79.74
24.13
17.63
28.34
9.73
97.32
86.01
89.59
89.13
88.06
32.73
49.93
23.98
17.49
92.01
82.99
80.42
109.7
85.4
25.19
37.14
4.724e-06
30.64
74.89
67.6
79.12
74.98
74.89
19.22
17.49
11.56
37.14
58.62
76.73
62.86
60.92
59.6
25.09
17.63
30.71
15.91
91.86
98.8
95.16
87.94
97.25
20.24
9.73
20.24
16.53
54.72
58.44
54.72
60.47
57.85
23.22
27.53
35.58
37.14
35.58
37.14
23.22
27.53
2.414e-06
26.5
31.07
20.54
17.63
68.2
76.42
81.63
80.53
73.04
33.99
17.63
30.32
17.63
78.21
90.42
104.0
83.93
85.46
19.22
16.41
32.78
37.14
47.18
55.88
47.91
43.27
44.13
28.94
17.49
35.84
46.19
9.73
88.23
81.25
83.39
79.4
70.26
79.42
37.96
35.97
29.53
34.79
80.45
70.4
64.21
79.27
69.16
34.12
17.63
39.39
15.91
58.67
40.49
52.14
42.2
36.27
29.81
37.14
4.649e-06
9.73
110.7
111.0
110.7
105.5
110.7
29.97
37.14
20.39
18.39
19.02
97.08
95.0
96.78
102.4
98.45
96.22
34.12
17.63
34.12
37.14
60.32
75.3
68.36
52.71
53.49
19.22
17.49
34.74
17.63
85.11
99.93
95.4
94.3
95.12
37.65
34.65
58.91
16.41
90.39
110.8
101.9
105.9
109.4
26.78
14.3
19.69
37.14
82.03
88.57
84.66
78.98
78.58
32.48
18.96
34.89
32.34
83.15
75.04
63.63
74.36
68.1
22.05
31.6
18.55
26.33
25.9
53.31
54.22
51.27
66.46
58.87
58.71
24.92
40.59
27.07
28.05
102.2
90.88
91.09
92.34
91.74
41.29
17.49
46.11
17.63
40.89
72.21
76.72
105.8
109.2
86.52
80.73
26.19
17.63
22.56
36.55
81.7
74.77
91.58
80.07
82.19
31.49
33.38
36.69
21.73
96.48
97.4
94.11
93.04
101.8
30.35
28.77
37.65
17.63
133.8
134.2
128.9
129.8
140.1
38.47
32.5
25.06
16.53
51.06
51.0
67.45
53.93
47.73
27.45
37.14
24.3
17.63
52.96
53.16
53.79
63.97
49.73
1.356e-06
17.63
29.73
14.3
75.13
72.0
72.44
77.3
72.44
24.09
28.29
30.52
24.72
48.36
64.19
56.76
57.92
54.93
45.41
21.73
36.25
40.25
213.3
207.9
232.6
233.2
225.4
23.56
32.04
24.51
21.52
40.27
43.58
53.51
65.52
52.03
24.18
35.21
22.56
16.4
101.7
102.1
97.83
109.8
100.2
27.86
40.28
37.38
26.42
75.72
68.88
57.42
56.87
63.4
36.11
33.48
46.19
14.3
68.29
62.17
72.14
67.26
59.96
36.11
33.9
37.6
43.75
114.5
100.2
141.4
123.5
125.3
22.56
17.49
11.32
18.15
102.5
107.0
106.6
105.6
102.9
29.62
29.45
32.43
36.98
108.1
101.4
100.0
106.0
105.3
41.75
25.3
26.83
24.9
69.88
70.92
70.39
77.11
71.61
26.31
30.35
20.38
102.4
121.7
110.3
112.1
40.7
17.49
41.28
21.73
82.98
90.9
86.54
91.87
91.06
24.77
17.63
29.57
38.27
118.6
120.9
117.8
108.0
112.8
20.03
33.6
39.69
15.63
103.7
72.96
75.19
82.65
76.06
35.25
16.53
29.56
39.2
70.69
75.79
60.51
59.81
60.38
28.6
26.18
40.86
17.63
49.05
37.02
33.9
32.42
32.33
32.48
34.97
31.21
13.77
84.2
75.57
82.19
66.65
72.69
26.71
9.73
26.71
21.94
52.79
41.71
45.23
40.5
41.88
24.77
41.2
42.33
48.71
106.1
91.7
96.38
82.47
85.89
36.96
46.65
20.54
40.16
58.85
68.98
52.25
64.48
57.53
28.34
9.73
28.31
16.53
39.74
39.01
47.17
40.98
39.73
21.75
24.39
28.24
29.59
58.08
50.83
54.75
63.51
57.26
20.46
16.41
3.934e-06
24.9
68.77
73.02
66.2
71.14
68.77
19.72
33.08
25.43
27.17
55.04
65.55
64.0
79.5
66.52
17.66
30.33
13.86
20.33
98.44
88.32
87.39
94.05
89.79
29.75
35.47
20.54
15.63
161.6
161.6
162.0
141.7
160.7
37.24
31.4
25.06
17.49
70.01
75.17
75.92
73.79
72.26
39.45
37.14
26.6
14.88
53.56
50.23
56.18
61.1
50.47
45.66
14.3
29.86
17.63
63.96
55.09
57.26
48.47
48.45
25.67
13.77
24.77
14.3
90.93
94.7
85.54
94.64
95.69
32.85
43.7
32.85
17.63
60.63
48.1
59.12
71.39
52.64
24.28
47.68
43.88
17.63
94.95
94.71
90.41
102.4
95.43
19.22
23.31
42.18
17.49
57.26
94.32
92.22
96.88
91.62
19.22
33.61
30.92
22.86
81.3
92.24
87.88
84.22
89.23
39.3
43.16
18.39
24.15
53.41
52.65
46.37
46.81
52.31
31.16
24.81
19.49
17.78
89.0
83.74
94.31
89.64
82.33
20.24
45.83
37.27
36.47
100.5
91.27
91.6
98.35
88.57
30.17
22.83
38.48
26.02
55.19
69.97
61.89
68.85
62.11
27.25
9.73
19.22
28.29
76.42
81.38
79.14
71.7
71.94
35.2
33.19
37.14
53.88
62.46
73.41
58.03
24.5
17.78
23.22
9.73
45.65
39.17
24.32
32.41
36.5
27.82
25.36
50.08
15.63
71.47
49.68
63.61
55.69
51.46
31.87
9.73
21.86
37.14
88.68
83.71
93.59
84.47
85.55
21.24
17.63
29.05
20.38
106.8
100.7
95.49
85.66
91.1
39.31
19.28
49.22
29.62
45.09
42.67
53.0
38.89
30.15
37.14
21.42
17.49
55.63
61.02
62.58
78.85
62.58
19.22
31.06
19.22
29.83
129.6
131.5
138.6
139.3
133.2
33.06
21.11
32.67
17.49
173.2
165.3
167.4
164.7
160.3
36.73
21.94
28.34
37.14
61.16
73.32
69.85
69.74
75.37
33.64
36.08
37.65
20.38
67.1
55.72
55.47
61.83
61.22
20.05
17.63
26.78
17.63
29.78
29.32
28.52
22.54
19.22
25.16
24.4
27.65
19.28
96.8
96.93
95.69
102.4
100.1
19.74
24.48
40.07
25.36
54.84
73.15
66.48
70.24
63.83
27.39
29.83
37.65
21.73
76.56
85.7
78.21
85.69
80.44
28.25
31.78
35.51
26.44
80.94
80.37
82.74
84.23
78.81
44.34
24.13
35.72
15.63
51.21
55.3
67.62
54.45
55.27
26.57
30.48
33.74
34.78
65.47
58.83
52.86
56.43
51.76
26.43
31.88
26.44
26.17
74.0
65.76
62.07
61.87
62.68
69.51
16.53
32.71
28.88
64.65
77.22
70.52
79.53
73.49
32.99
31.62
15.88
34.08
132.4
119.5
132.9
128.3
124.0
38.8
38.27
22.36
20.83
141.7
140.0
129.9
142.3
139.4
22.56
21.68
94.13
40.8
88.13
74.45
66.01
66.1
70.59
19.22
32.19
34.13
37.14
58.13
61.11
61.46
61.56
60.0
42.33
17.49
15.68
17.63
80.78
80.42
87.74
82.15
80.19
31.11
45.0
30.79
27.93
61.79
70.11
76.04
58.09
59.23
19.22
17.63
24.41
17.49
73.19
70.44
74.27
78.48
72.56
31.19
14.3
32.05
37.94
19.3
83.35
89.87
83.64
98.5
86.46
85.41
44.94
20.38
24.19
25.36
60.25
68.01
48.61
70.42
61.09
24.99
43.25
25.73
17.63
62.3
69.5
59.65
66.95
68.47
36.38
33.42
34.22
14.87
89.24
76.25
67.91
70.23
76.7
23.84
20.38
31.38
17.49
139.0
139.0
137.9
129.0
135.4
25.67
16.41
46.21
16.41
69.27
43.15
48.1
46.8
42.58
28.49
17.63
7.682e-06
9.73
66.57
68.37
74.09
64.01
66.57
19.22
17.49
28.17
19.07
84.52
86.66
91.35
92.76
91.35
21.17
17.63
26.19
9.73
54.7
55.41
54.69
57.12
54.49
35.19
17.63
30.38
17.63
63.41
51.66
48.04
54.43
49.52
26.57
17.63
24.77
21.96
31.13
34.29
35.5
26.16
25.4
24.09
23.64
33.49
17.63
63.13
52.14
61.28
55.47
53.02
45.28
24.72
33.49
17.63
73.5
60.14
39.64
70.51
59.47
19.69
33.51
21.24
27.07
101.5
92.96
98.21
91.78
98.03
5.096e-06
20.38
40.21
17.63
87.81
77.91
80.45
86.72
80.45
36.97
19.46
24.97
43.32
83.62
87.99
68.29
74.57
75.96
30.33
33.99
24.77
14.3
88.87
81.17
77.32
91.91
81.0
39.33
17.27
31.93
36.27
45.19
57.9
36.9
50.14
48.84
26.08
21.52
29.97
17.63
67.73
61.07
46.21
52.07
55.17
20.54
27.45
13.86
30.75
21.17
35.87
28.89
31.35
19.81
19.69
14.3
33.99
14.3
89.62
111.3
107.6
107.3
108.6
28.65
17.49
33.65
19.46
83.5
104.6
102.1
102.8
102.5
21.77
20.33
33.39
16.53
89.95
101.0
98.43
101.7
98.92
28.7
22.29
28.34
9.73
32.66
37.21
33.29
27.62
36.88
41.14
24.45
25.75
17.63
68.45
69.85
86.81
72.22
71.4
40.91
27.76
23.3
14.3
39.75
43.4
42.22
51.74
42.81
24.39
9.73
27.77
16.53
63.01
70.23
68.29
64.07
65.66
31.93
17.49
38.47
17.49
217.2
211.6
210.6
209.1
210.0
46.19
17.63
34.13
17.63
52.8
76.5
79.51
75.02
73.12
34.43
17.49
42.89
31.72
78.62
111.3
126.9
107.2
107.4
37.61
17.63
36.09
19.46
152.0
145.0
129.2
136.2
142.0
37.04
16.53
23.53
20.38
42.33
44.94
43.49
36.0
35.07
39.09
29.52
26.78
20.38
118.2
110.0
107.4
115.2
115.2
37.44
24.54
13.86
30.83
140.8
136.7
120.6
135.1
133.4
22.16
16.53
29.97
31.93
58.64
56.72
43.16
51.16
48.17
19.51
20.33
38.79
24.9
67.53
78.66
91.32
85.62
84.29
13.86
15.63
4.798e-06
17.63
67.97
76.81
64.37
70.64
67.97
30.87
22.34
39.03
17.1
79.03
87.6
87.59
84.81
87.71
21.41
20.38
53.18
29.45
76.19
50.77
50.58
53.33
51.06
29.06
14.88
20.78
40.93
24.59
68.5
56.37
49.05
58.27
57.67
57.13
36.39
9.73
19.22
17.63
53.72
52.4
59.61
49.47
49.32
27.45
41.42
44.29
43.67
102.9
84.23
91.16
95.06
85.03
13.86
41.97
21.82
9.73
92.3
91.04
86.44
94.25
89.73
40.27
20.34
28.57
9.73
92.42
80.99
80.8
75.6
80.61
57.82
9.73
23.22
10.65
56.39
50.2
85.77
50.17
49.89
22.56
11.87
22.25
17.63
64.48
67.83
65.11
71.03
69.44
45.6
37.14
46.52
9.73
69.47
57.67
66.24
71.37
59.05
26.99
27.57
25.43
18.74
62.64
72.23
77.35
78.17
73.62
39.42
16.53
48.39
19.65
41.34
68.88
64.82
64.27
62.9
19.79
10.65
41.37
34.35
111.2
97.76
88.77
89.59
90.04
43.43
25.31
34.84
17.63
79.97
85.83
66.03
92.03
87.58
24.22
20.08
32.2
17.63
101.8
88.99
84.55
96.21
90.2
36.15
17.63
42.18
34.6
78.6
113.3
91.41
94.64
99.54
13.86
17.49
27.39
35.72
95.15
85.58
83.27
94.06
88.86
45.62
37.14
15.88
17.49
48.89
57.45
26.07
82.8
58.26
2.697e-06
37.14
37.24
17.63
37.61
57.91
50.51
52.44
50.51
37.69
21.95
30.11
17.49
155.6
165.4
168.0
170.7
166.8
34.44
37.14
2.995e-06
14.3
74.62
71.37
66.87
83.31
74.62
23.22
16.53
18.39
29.98
34.05
48.81
38.15
36.13
32.21
28.08
19.82
35.49
39.54
119.5
118.3
116.9
108.7
106.2
38.12
16.53
39.39
37.14
106.9
108.1
77.61
88.87
86.21
27.83
17.49
39.25
20.38
108.9
96.02
93.68
100.2
100.4
46.19
14.3
46.19
29.83
118.0
107.0
107.8
107.8
105.8
47.57
37.14
40.26
17.49
80.17
85.57
63.5
100.5
81.64
34.12
28.34
37.38
37.14
123.0
121.9
138.9
110.8
129.3
28.7
14.3
33.04
17.63
40.43
68.45
68.93
62.18
59.56
19.22
17.49
19.93
17.49
123.2
120.5
120.3
120.9
119.2
29.73
19.46
13.86
17.49
115.8
108.4
107.7
114.7
111.9
22.84
17.63
37.71
31.17
112.2
101.9
101.3
94.46
94.56
20.54
15.91
61.86
17.63
120.1
101.0
104.6
106.9
106.5
30.4
24.72
24.88
19.28
49.75
41.4
51.5
55.51
43.1
19.22
17.49
29.27
17.49
59.11
49.63
55.81
54.96
49.29
23.88
17.63
26.52
25.29
83.16
83.38
90.9
77.46
81.84
13.86
20.49
2.872e-06
20.38
94.28
89.96
91.74
95.36
94.28
31.73
37.14
31.38
39.41
83.6
92.54
74.04
97.63
85.89
30.94
28.3
22.27
29.31
19.64
117.5
127.6
142.0
133.0
142.5
133.0
61.87
17.63
30.17
17.63
93.04
69.72
64.34
82.71
73.47
19.22
23.47
37.24
17.49
143.7
129.2
125.1
124.0
127.5
19.74
19.28
27.12
28.58
68.99
74.06
67.89
68.49
67.75
32.74
9.73
15.1
19.98
89.23
85.18
90.85
91.54
90.03
28.31
17.63
19.22
24.64
100.0
98.25
93.03
99.41
97.58
34.97
37.72
25.48
28.33
124.4
125.7
137.0
127.1
123.3
25.43
28.92
53.04
17.63
76.19
74.97
69.86
65.65
68.47
30.64
17.63
39.94
40.48
75.11
66.75
84.78
67.43
69.67
34.97
49.59
28.79
15.91
79.8
87.81
83.78
68.65
82.98
31.68
34.58
24.09
36.73
92.42
104.0
91.85
97.27
93.34
50.03
16.53
30.86
20.38
165.6
157.3
174.7
166.8
165.5
43.94
31.92
13.86
15.8
58.04
49.11
34.32
56.47
49.08
55.31
26.04
0.0
25.28
135.6
141.2
169.7
135.3
135.6
1.401e-06
20.38
27.42
24.92
16.53
67.16
64.3
66.06
73.85
63.82
66.06
13.86
22.48
36.12
17.63
88.03
96.47
88.93
90.72
93.88
34.3
19.46
23.44
28.22
117.8
107.2
112.3
115.9
115.1
26.59
26.74
63.19
33.23
93.08
67.94
66.7
64.24
62.74
30.59
62.78
46.21
17.63
61.27
67.02
64.21
74.38
70.25
35.36
41.79
25.21
20.33
123.5
128.5
120.9
121.8
124.7
17.39
40.6
32.09
21.52
90.45
100.9
92.38
103.4
92.27
24.51
17.49
30.15
16.53
66.68
62.18
62.07
61.43
56.54
28.55
31.78
33.02
33.24
42.06
41.65
48.08
44.02
34.54
60.89
22.48
31.33
42.9
107.6
107.0
113.9
106.1
106.2
36.7
17.63
28.83
9.73
108.6
102.9
87.84
99.27
103.9
38.12
17.63
24.83
33.53
91.39
95.88
88.13
90.86
95.31
29.73
20.38
2.82e-06
23.47
37.92
33.37
26.17
37.79
37.92
29.05
28.45
33.69
34.7
143.1
145.2
156.2
157.4
148.8
37.97
26.39
31.29
20.33
79.92
73.68
86.84
77.4
76.44
18.14
37.14
0.0
14.3
15.77
75.72
76.55
81.07
77.07
93.75
75.72
39.28
17.63
42.63
16.41
97.99
74.42
85.91
70.48
75.91
13.86
37.14
34.97
37.14
70.57
100.4
73.92
75.87
78.09
24.09
23.14
31.97
22.65
72.29
79.91
73.91
75.34
74.91
19.22
17.49
31.92
23.47
73.42
73.54
76.05
73.31
74.52
44.54
33.24
22.58
1.2e-06
17.49
33.24
36.93
45.43
51.12
37.83
33.24
26.02
17.63
29.97
20.38
83.33
75.89
85.52
92.73
84.02
24.39
18.98
23.53
27.93
104.3
95.68
104.0
92.56
96.09
35.8
17.49
31.38
36.22
58.52
69.9
76.46
76.8
76.72
4.321e-06
17.63
32.06
14.3
115.1
118.4
116.6
119.0
116.6
17.02
23.47
13.86
14.3
105.2
112.9
113.2
118.9
112.3
32.57
37.14
51.39
41.95
74.13
60.99
66.73
77.37
72.85
27.71
16.53
24.3
17.49
156.7
151.2
163.9
155.4
154.8
33.74
25.36
15.1
19.98
80.83
78.84
63.94
74.21
79.3
19.69
14.3
31.09
27.93
133.1
131.5
133.2
132.9
131.1
30.92
17.49
13.86
19.82
79.88
87.93
76.73
83.83
84.86
24.72
17.49
13.86
16.4
146.2
136.2
137.4
140.3
138.7
33.28
23.51
3.576e-06
20.85
63.21
68.37
55.19
56.81
63.21
21.52
10.65
31.79
25.36
102.9
98.14
91.38
95.33
94.72
98.82
168.7
54.26
75.96
80.04
90.47
96.86
95.32
78.22
107.0
78.34
118.6
88.34
85.94
95.49
89.63
101.8
97.91
41.79
87.91
66.97
72.13
65.58
81.52
163.9
73.11
101.2
76.17
115.6
107.4
93.2
84.25
88.23
140.1
118.2
121.5
77.62
107.7
111.8
79.78
140.5
120.4
52.84
123.1
83.86
113.1
86.81
107.6
115.7
91.24
85.34
112.7
82.86
79.22
124.5
146.2
87.31
119.2
104.1
70.35
78.0
99.33
99.2
93.55
103.5
101.4
120.9
122.1
93.83
131.1
69.94
98.66
94.88
64.24
69.75
94.12
119.8
62.83
96.36
87.2
101.3
89.84
136.9
87.41
110.7
101.6
73.03
77.61
90.62
81.81
97.47
122.8
63.62
112.9
68.94
144.0
87.53
80.49
94.97
100.1
99.01
108.8
211.7
97.36
105.6
188.8
105.2
175.7
62.57
68.57
127.2
81.82
89.76
67.07
47.62
71.76
61.64
82.02
109.7
101.3
54.88
66.25
146.8
113.7
86.52
156.0
123.2
99.76
98.57
126.6
114.2
138.2
70.27
110.0
180.3
103.8
52.53
130.9
79.57
123.9
130.4
97.5
82.28
98.76
56.72
88.79
91.72
74.17
78.78
132.0
145.9
112.5
100.8
117.3
153.5
89.34
115.4
90.25
106.5
128.9
101.8
75.01
80.4
118.7
110.4
85.76
113.0
96.16
71.53
107.6
83.14
49.78
133.5
78.85
71.8
186.1
114.8
102.0
88.29
102.0
82.74
123.0
89.76
87.84
91.09
125.7
156.8
81.71
78.06
80.4
51.99
68.52
213.0
106.4
52.33
164.3
139.2
78.17
103.8
119.3
96.89
65.35
77.42
96.93
97.78
98.15
135.4
82.67
99.76
101.1
110.8
110.5
81.28
93.69
123.8
109.0
129.0
109.7
83.79
98.88
104.7
103.6
125.4
85.44
116.2
153.3
107.8
55.08
109.3
111.5
98.18
77.28
104.5
104.0
102.7
113.7
103.8
95.54
108.3
98.7
91.66
