26.26
78.5
49.86
37.0
58.48
31.79
35.99
36.92
49.65
38.34
0.0
33.84
44.87
41.04
63.23
0.0
33.82
41.46
30.12
20.92
31.87
0.0
37.96
41.73
29.53
27.68
43.31
37.23
24.27
34.76
40.28
0.0
29.37
43.28
27.25
22.25
27.04
46.85
0.0
25.74
0.0
33.81
30.25
43.12
40.17
50.86
0.0
35.11
35.78
46.17
31.77
38.23
41.22
11.5
34.34
40.17
43.85
0.0
25.16
33.56
34.28
15.59
33.51
47.46
39.98
34.86
60.91
43.17
33.87
13.17
0.0
37.4
38.0
30.86
61.33
41.13
32.02
25.77
30.75
48.43
34.96
54.51
35.06
36.3
0.0
40.12
30.6
46.51
51.85
42.89
27.99
28.02
30.65
35.17
62.68
42.66
60.47
33.37
33.97
29.55
17.31
54.24
37.08
17.61
38.27
47.13
37.61
54.47
66.36
34.23
58.98
41.1
22.25
38.63
32.63
0.0
40.76
45.87
34.54
65.91
30.26
3.543e-06
28.32
47.92
31.86
43.67
35.34
30.51
40.39
28.0
41.35
55.56
47.57
34.34
21.02
41.4
55.04
54.45
45.55
40.46
41.54
45.8
73.25
61.16
33.25
60.25
38.26
41.23
50.51
44.05
54.12
68.3
23.53
47.54
30.84
50.14
52.43
43.41
53.25
34.43
19.25
47.28
50.97
59.4
40.45
89.8
33.97
28.91
42.02
39.44
22.35
45.74
46.89
48.83
44.04
60.37
47.92
56.25
39.76
30.42
49.96
30.95
25.07
43.24
51.4
36.79
38.94
47.18
75.49
59.96
29.56
38.52
62.73
45.4
44.63
29.6
58.67
66.53
30.82
77.02
43.7
47.57
31.97
38.74
21.46
16.3
49.15
62.14
42.29
54.25
43.0
38.42
49.08
48.49
41.8
50.98
70.92
54.5
27.05
24.97
60.32
31.18
63.32
34.54
39.97
58.18
45.06
35.55
40.7
27.11
73.87
41.01
56.43
26.76
15.48
47.09
61.09
79.82
50.9
42.24
36.73
73.37
23.5
23.73
27.26
66.7
58.68
54.04
48.98
45.7
30.78
64.46
50.96
36.13
55.33
59.06
53.45
55.25
51.36
42.97
43.55
58.02
42.0
41.63
104.9
50.86
49.43
35.5
57.05
49.0
60.56
52.66
41.13
44.08
62.99
34.97
36.05
60.64
56.63
50.83
73.41
57.68
60.32
47.23
37.18
84.22
37.13
75.02
20.26
36.75
69.4
54.42
39.48
51.53
59.38
49.92
66.51
60.09
70.34
61.72
70.92
36.52
52.44
41.21
41.66
41.37
41.09
54.87
45.11
94.48
69.31
24.55
37.17
48.82
60.37
64.69
37.73
73.16
77.14
39.52
58.09
68.62
48.88
65.92
47.78
77.93
50.99
44.67
68.84
53.72
39.06
42.74
48.98
53.78
29.91
70.81
47.68
68.73
51.04
83.03
57.3
37.61
57.32
47.67
35.51
53.33
70.07
80.02
51.53
71.24
40.56
51.99
34.78
65.91
51.57
42.85
33.54
104.4
72.62
55.87
74.78
56.57
45.52
76.15
58.67
47.56
52.68
74.58
66.87
66.54
90.44
52.46
66.77
31.81
74.48
57.43
28.37
70.51
41.31
62.03
59.71
36.67
59.84
47.44
53.07
51.3
92.76
52.06
46.1
73.19
69.59
71.12
107.8
3.252e-06
69.92
44.73
71.03
55.95
51.16
51.46
36.95
67.31
60.96
50.94
41.87
36.06
39.73
66.98
81.6
50.68
52.98
42.41
28.47
83.57
73.58
29.74
58.65
59.17
54.11
69.67
55.79
59.28
52.2
63.81
55.41
62.11
79.99
43.75
50.61
80.07
58.67
72.17
67.83
57.13
61.08
44.32
69.73
56.07
85.6
52.8
124.0
34.5
63.39
67.11
58.02
75.4
61.69
76.1
38.01
70.68
41.72
38.12
78.57
51.89
45.24
41.5
75.13
88.49
71.83
57.84
58.76
55.2
48.8
68.61
60.14
70.88
93.8
101.3
30.2
14.85
86.84
56.5
53.82
47.96
64.97
75.63
127.2
64.49
68.55
74.43
64.71
73.6
33.76
45.47
89.75
81.01
64.72
50.22
55.18
44.28
91.73
76.48
71.85
70.23
51.53
53.31
92.32
75.71
75.24
56.44
92.75
72.63
61.6
62.9
80.8
55.61
45.5
68.58
50.3
32.95
65.86
51.6
48.95
72.71
58.23
49.39
79.43
57.9
96.71
54.58
68.88
78.33
49.13
52.61
79.65
64.21
67.79
51.1
45.88
74.01
96.14
71.59
68.14
76.78
73.39
66.02
53.36
51.14
61.41
80.56
58.79
56.51
57.78
88.77
63.06
85.37
69.44
60.4
55.43
93.17
76.45
77.11
31.93
71.42
56.42
58.11
67.69
80.98
27.65
64.0
81.8
57.31
47.25
71.11
64.43
30.49
59.76
66.13
97.92
78.53
53.35
105.3
77.27
64.54
66.52
79.82
74.65
107.8
55.34
89.51
90.32
62.66
88.58
91.38
76.51
84.77
85.19
73.45
78.26
69.75
40.41
64.24
61.32
60.83
91.44
80.35
85.93
80.56
70.29
58.71
85.78
95.29
88.25
84.25
63.87
78.77
56.52
85.27
79.82
75.04
72.3
88.99
46.7
55.18
69.49
96.24
48.6
73.62
67.16
79.68
71.32
97.45
62.9
82.4
81.01
59.96
99.14
106.0
110.2
78.19
39.06
69.76
55.51
102.6
88.69
85.87
80.45
50.01
96.99
53.91
58.99
68.02
70.05
77.15
49.83
97.93
79.77
47.83
42.25
73.11
56.51
51.67
99.08
38.48
71.73
78.73
73.73
94.42
71.38
59.05
66.37
47.78
70.34
71.28
59.97
75.33
64.67
63.5
68.1
68.79
73.5
70.26
56.77
85.04
88.93
54.55
96.31
81.76
52.44
108.5
78.06
60.51
81.45
110.2
89.22
63.31
80.87
56.88
68.11
58.65
163.4
119.9
98.71
26.78
67.98
70.35
62.65
57.4
72.64
84.83
78.27
59.45
89.32
72.79
37.8
75.55
71.16
83.43
81.13
77.5
63.87
70.31
45.34
64.25
56.0
76.76
66.33
90.86
50.58
67.99
76.18
77.21
89.38
79.05
52.78
75.81
68.46
80.47
68.53
80.51
51.32
57.6
75.01
57.51
81.25
113.3
92.67
79.29
78.76
81.06
76.62
74.2
84.93
81.15
113.5
115.1
83.55
76.49
93.74
63.97
87.66
54.45
100.0
115.8
100.7
77.5
83.56
80.89
118.6
86.43
77.11
125.1
86.83
56.2
58.95
61.91
81.02
60.78
73.23
101.8
76.39
94.74
86.88
92.25
84.6
142.7
90.13
69.53
94.53
101.4
139.3
87.71
55.28
74.55
70.21
70.43
67.68
99.6
115.5
88.0
82.51
82.08
107.1
100.6
110.6
41.13
50.37
20.26
20.26
40.44
22.37
34.64
26.58
54.62
54.62
22.8
39.15
0.0
0.0
33.41
30.22
0.0
47.58
17.0
25.01
18.09
30.9
36.14
6.631e-06
23.97
37.81
33.3
22.63
20.26
0.0
36.25
18.85
17.0
35.56
30.08
21.09
45.85
36.76
22.2
0.0
22.31
29.14
22.63
32.52
49.93
30.85
21.09
42.48
41.89
30.72
41.32
20.26
20.26
20.26
20.26
20.26
39.86
24.08
47.71
40.46
27.88
36.44
41.58
47.98
36.97
23.54
42.4
33.47
41.84
65.79
20.26
20.26
25.54
50.54
46.62
49.12
35.3
71.71
28.77
108.7
31.0
53.07
53.6
34.05
20.26
20.26
20.26
20.26
20.26
20.26
30.57
30.57
38.55
44.84
44.93
27.54
55.87
37.26
40.53
34.95
46.73
34.55
41.09
27.73
24.09
45.85
40.13
27.43
51.61
47.53
42.52
38.14
48.8
40.02
30.19
41.33
26.17
54.15
38.32
43.57
58.71
44.21
44.32
41.59
55.41
32.0
39.82
44.61
72.87
54.72
44.55
61.95
58.91
55.16
51.62
41.05
41.05
45.8
41.6
48.94
79.39
20.67
35.85
61.37
33.97
80.01
57.82
81.95
46.11
38.53
39.84
52.07
44.69
40.8
68.24
66.46
82.58
63.67
44.4
64.76
76.73
35.28
60.78
50.11
51.99
46.27
43.61
71.28
46.91
44.94
72.41
60.49
48.78
64.78
50.55
79.66
50.07
58.22
52.85
52.22
39.62
50.92
69.52
44.22
81.14
60.79
40.3
46.75
52.64
49.8
48.65
56.01
51.17
71.56
34.82
51.09
63.48
87.3
29.4
51.32
71.61
63.52
91.26
66.34
45.48
60.81
53.17
74.64
46.23
46.11
69.02
57.26
94.62
32.92
60.88
68.14
73.7
56.94
73.23
55.01
91.79
62.73
50.91
58.51
56.66
51.82
50.72
48.53
48.94
57.08
45.21
51.48
75.85
76.26
72.68
59.36
64.06
43.39
51.46
59.52
26.43
81.48
60.7
58.88
66.0
58.74
65.88
51.97
56.84
61.53
54.21
65.93
53.1
60.73
39.86
62.25
78.2
67.89
72.95
87.49
77.61
43.61
64.19
49.84
56.58
36.72
76.38
59.39
50.74
51.06
62.82
46.67
42.32
73.56
43.67
58.88
61.72
53.97
43.99
105.0
54.28
69.75
32.89
51.55
31.71
69.84
78.29
46.21
67.23
53.63
42.63
56.86
50.12
73.31
41.58
88.45
43.44
51.04
65.03
51.54
86.92
62.53
60.62
70.33
69.32
92.37
67.27
62.69
66.77
61.99
40.22
64.41
51.98
77.94
94.89
78.7
46.08
81.12
45.12
92.11
15.81
53.98
63.65
59.78
93.4
66.88
47.19
90.05
75.39
53.63
50.62
58.71
59.89
83.8
39.2
62.93
86.66
65.68
55.54
60.0
34.82
59.49
54.14
94.52
90.4
66.15
53.24
56.89
75.4
53.96
50.82
43.49
50.61
62.84
53.96
36.95
102.9
76.19
76.94
73.81
53.88
58.16
72.21
66.56
63.87
91.1
68.69
80.23
43.6
81.18
87.2
87.77
70.75
66.48
69.63
47.39
79.67
45.05
88.16
70.37
78.2
93.99
102.6
94.24
89.27
74.73
80.02
55.77
53.67
73.95
50.68
61.78
66.27
77.0
58.54
47.02
76.22
89.99
87.67
50.65
42.86
75.98
95.28
59.64
99.47
88.77
58.57
69.4
62.58
58.0
78.91
91.93
96.73
124.0
74.96
47.67
59.44
61.31
58.27
66.39
61.54
35.42
81.13
61.71
66.47
66.36
77.66
118.1
52.36
63.44
84.38
80.16
102.0
55.29
83.72
48.06
104.2
78.1
66.34
69.2
89.67
83.32
79.14
62.72
74.11
72.83
73.35
61.94
82.03
57.11
61.55
61.98
67.16
55.88
80.31
81.22
85.55
59.38
61.09
80.96
71.7
86.1
92.3
88.88
65.04
88.72
103.6
51.46
65.69
102.0
137.6
93.21
78.24
84.96
83.06
66.59
82.68
99.13
94.42
78.72
85.04
69.45
108.6
84.84
67.62
88.03
87.22
69.82
60.22
58.3
92.25
79.63
61.46
72.53
59.66
71.84
71.87
71.97
78.53
103.2
86.49
60.74
56.61
80.49
141.2
109.2
95.18
81.25
90.49
99.02
97.9
86.04
74.48
109.7
85.03
96.25
76.43
86.16
82.71
94.85
101.9
117.7
84.74
75.66
76.69
88.89
89.93
91.1
87.63
113.2
85.61
79.14
84.12
82.21
83.92
67.52
93.98
119.1
87.9
132.1
72.8
79.36
76.63
89.03
103.4
62.62
97.36
85.0
91.17
108.7
74.02
60.28
115.6
48.69
107.7
79.19
137.4
84.8
87.05
95.12
75.24
102.7
59.38
119.9
116.2
76.44
67.45
81.12
101.0
86.84
122.1
83.08
88.9
111.6
105.9
85.72
81.09
73.54
57.48
105.2
101.7
106.2
99.23
112.9
81.28
100.2
89.3
109.8
96.48
92.75
87.12
108.7
70.93
73.91
58.0
80.29
118.2
108.2
85.32
83.05
80.74
89.89
102.0
69.39
64.79
74.75
81.98
122.5
96.82
98.05
78.02
97.77
96.93
109.6
119.1
131.9
95.87
126.7
82.36
100.3
89.76
89.35
94.78
93.58
95.96
118.2
88.3
68.1
85.78
105.0
69.16
101.2
102.2
126.7
77.12
87.78
93.51
89.71
91.32
87.91
77.66
102.0
91.93
78.47
79.82
98.08
70.64
61.26
83.32
68.68
89.26
72.7
74.92
110.5
82.68
114.9
76.54
140.6
67.55
115.7
111.5
124.8
68.97
98.6
114.2
109.6
87.75
89.95
79.3
122.5
135.6
92.35
97.6
89.27
127.1
95.42
98.0
90.79
121.7
110.5
108.6
85.34
95.33
76.02
81.7
122.5
79.41
108.9
68.69
115.3
104.7
55.01
88.1
125.1
137.4
101.2
85.92
142.8
91.91
87.93
85.58
82.2
131.5
