0.5832
0.5351
0.4893
0.5823
0.07346
0.4067
0.3439
0.405
0.2297
0.5193
0.7017
0.5145
0.3355
0.4514
0.4588
0.5797
0.5781
0.4586
0.3246
0.3349
0.0
0.2624
0.6915
0.0
0.5599
0.3762
0.1262
0.05972
0.5355
0.3232
0.5093
0.3215
0.1496
0.5389
0.4911
0.6994
0.1636
0.6
0.4109
0.5555
0.2304
0.4931
0.5092
0.3348
0.3126
0.4944
0.5072
0.05597
0.5154
0.4627
0.4939
0.8615
0.4743
0.4799
0.1863
0.1537
0.4172
0.3472
0.3549
0.4193
1.027
0.6285
0.4504
0.2896
0.4514
0.8379
0.1308
0.4553
0.5764
0.5461
0.6915
0.4438
0.5134
0.4283
0.649
0.5171
0.6285
0.5026
0.8426
0.4755
0.2912
0.2991
0.1687
0.2712
0.2419
0.5795
0.1636
0.5135
0.4182
0.3675
0.8013
0.2513
0.3921
0.3499
0.287
0.5801
0.3045
0.3312
0.6077
0.1881
0.1514
0.5845
0.6795
0.5511
0.1749
0.2724
0.6051
0.2609
0.5889
0.5529
0.4684
0.8585
0.4281
0.4819
0.7529
0.4514
0.3707
0.4883
0.3561
0.2706
0.4297
0.3538
0.4507
0.7442
0.5765
0.7799
0.6142
0.1894
0.09049
0.482
0.4882
0.5857
0.2984
0.1073
0.2936
0.5397
0.6347
0.2959
0.4582
0.6622
0.6456
0.0
0.4717
0.4624
0.48
0.5044
0.0
0.4263
0.1738
0.9765
0.3921
0.5093
0.3301
0.5007
0.2341
0.5244
0.4652
0.4877
0.2313
0.3137
0.5258
0.5699
0.5547
0.2481
0.5154
0.2131
0.2084
0.2784
0.6739
0.5834
0.7451
0.5398
0.4514
0.3783
0.0
0.4963
0.5622
0.595
0.2605
0.6285
0.597
0.2515
0.6309
0.6285
0.1687
0.1574
0.8464
0.6501
0.4931
0.6574
0.559
0.5745
0.5484
0.5217
0.1484
0.4284
0.3702
0.7599
0.4105
0.4005
0.2429
0.2735
0.5424
0.2419
0.4778
0.4311
0.6447
0.1402
0.5117
0.7723
0.5684
0.7356
0.5821
0.5214
0.1472
0.5586
0.1278
0.744
0.4674
0.2178
0.3704
0.6867
0.286
0.5342
0.371
0.455
0.2133
0.5332
0.6436
0.3987
0.4594
0.5733
0.5017
0.1939
0.2084
0.5131
0.634
0.6661
0.4638
0.4099
0.4724
0.186
0.7067
0.7741
0.3031
0.2439
0.4566
0.3421
0.5985
0.2189
0.2514
0.4244
0.5842
0.1802
0.5697
0.2868
0.6347
0.3908
0.6203
0.4948
0.2575
0.2648
0.5009
0.4015
0.3721
0.735
0.5775
0.7162
0.2775
0.7233
0.2801
1.56e-07
0.3561
0.5636
0.5602
0.8156
1.262e-07
0.8874
0.6915
0.773
0.6876
0.4332
0.4787
0.6003
0.152
0.4926
0.2961
0.4888
0.4523
0.3662
0.6518
0.5707
0.3348
0.371
0.4811
0.4212
0.5013
0.6915
0.8629
0.4745
0.3852
0.5152
0.2425
0.6248
0.05631
0.2233
0.7039
0.4797
0.6969
0.6274
0.385
0.598
0.5937
0.6955
0.0942
0.2804
0.5134
0.4591
0.1537
0.4743
0.4489
0.6377
0.3239
0.3654
0.2545
0.6236
0.7573
0.4369
0.8349
0.6132
0.5401
0.5138
0.5866
0.7092
0.5969
0.3793
0.5145
0.4936
0.3721
0.6162
0.4911
0.5135
0.5175
0.2285
0.1738
0.3229
0.7967
0.3687
0.3082
0.4479
0.4714
0.5445
0.0
0.5488
0.6318
0.6056
0.5889
0.656
0.2646
0.6609
0.0
0.2352
0.4973
0.5154
0.5645
0.4218
0.0
0.5332
0.1073
0.3711
0.5308
0.4062
0.4102
0.4473
0.486
0.4953
0.3197
0.374
1.002
0.1073
0.1539
0.5055
0.0
0.5609
0.6752
0.5177
0.5727
0.3633
0.2859
0.6119
0.7599
0.4955
0.4366
0.612
0.3269
0.5833
0.4872
0.6632
0.596
0.7013
0.3679
0.5635
0.2613
0.286
0.5068
0.4522
0.1496
0.3783
0.385
0.1525
0.5608
0.6045
0.2232
0.4206
0.5694
0.7451
0.547
0.6202
0.5181
0.5341
0.374
0.1809
0.4493
0.2709
0.1594
0.1458
0.5105
0.5442
0.2009
0.3952
0.2537
0.5955
0.4527
0.4019
0.7004
0.465
0.5221
0.6702
0.7973
0.6121
0.4755
0.627
0.5067
0.5419
0.2352
0.6868
0.5433
0.5577
0.4539
0.1539
0.45
0.2257
0.2031
0.4387
0.334
0.3553
0.5556
0.4091
0.4613
0.1192
0.8253
0.4062
0.3164
0.6123
0.138
0.3162
0.4114
0.2521
0.4074
0.7535
0.1922
0.5695
0.7251
0.6303
0.3523
0.6186
0.6336
0.4197
0.2631
0.5361
0.4937
0.5377
0.4056
0.5585
0.5159
0.4999
0.5339
0.7219
0.7451
0.3873
0.5576
0.6944
0.2688
0.6186
0.1525
0.4389
0.3827
0.5316
0.3577
0.7303
0.6186
0.7251
0.6056
0.3137
0.5491
0.6072
0.6615
0.4871
0.4574
0.3063
0.2914
0.5625
0.2944
0.3666
0.5806
0.4466
0.03735
0.56
0.2318
0.2425
0.5306
0.4976
0.3985
0.4228
0.4498
0.4361
0.2841
0.2472
0.1684
0.5479
0.4722
0.3577
0.1907
0.1637
0.355
0.2667
0.4883
0.05631
0.5776
0.2648
0.727
0.5996
0.686
0.1371
0.2164
0.3242
0.6865
0.627
0.5913
1.103
0.5497
0.5781
0.3246
0.5781
0.1998
0.669
0.4448
0.3564
0.4711
0.0
0.5728
0.7341
0.6023
0.3538
0.478
0.457
0.5205
0.4879
0.477
0.6164
0.4498
0.4424
0.4553
0.3551
0.3042
0.4337
0.3205
0.48
0.6013
0.3403
0.08765
0.5657
0.2297
0.4586
0.2012
0.5262
0.63
0.4332
0.3762
0.1527
0.2481
0.5175
0.6698
0.43
0.5258
0.1372
0.5985
0.6018
0.2234
0.4412
0.5679
0.4062
0.7121
0.7038
0.3119
0.492
0.186
0.2515
0.521
0.5585
0.4393
0.563
0.2721
0.4387
0.5584
0.6186
0.4732
0.4826
0.09658
0.6359
0.5933
0.5377
0.3104
0.6587
0.361
0.5864
0.4879
0.5605
0.4573
0.3793
0.6202
0.613
0.6379
0.3614
0.2742
0.5414
0.3425
0.6339
0.5352
0.3964
0.5511
0.4632
0.5771
0.6596
0.6552
0.5781
0.4514
0.3332
0.4938
0.3302
0.4704
0.3353
0.629
0.5484
0.5415
0.2505
0.5956
0.5534
0.4498
0.6931
0.5543
0.4637
0.4188
0.2241
0.6843
0.6186
0.5368
0.5297
0.4036
0.2416
0.5125
0.4523
0.6884
0.2332
0.4506
0.7004
0.3964
0.3182
0.5152
0.4454
0.4514
0.2613
0.3553
1.147
0.3805
0.2991
0.2772
0.2396
0.3721
0.3153
1.56e-07
0.51
0.7069
0.196
0.7065
0.6186
0.5586
0.2701
0.1594
0.4917
0.1402
0.7428
0.4392
0.3857
0.6036
0.397
0.114
0.4614
0.5055
0.4917
0.3652
0.4074
0.3173
0.4088
0.1621
0.5579
0.3747
0.2257
0.3547
0.9562
0.5907
0.6019
0.2991
0.4239
0.3353
0.3675
0.2768
0.6649
0.3446
0.1938
0.4433
0.4663
0.5202
0.5405
0.4865
0.551
0.3563
0.5221
0.5013
0.7547
0.271
0.6042
0.3783
0.4999
0.7029
0.5971
0.5244
0.6425
0.4557
0.7223
0.6624
0.2238
0.5386
0.2613
0.4514
0.3551
0.6775
0.4677
0.1298
0.319
0.611
0.4262
0.4953
0.5997
0.3041
0.6004
0.2088
0.6285
0.3353
0.114
0.5741
0.4808
0.4898
0.355
0.6132
1.186e-07
0.0
0.5547
0.5059
0.5147
0.4778
0.2143
0.4126
0.1594
0.6712
0.3323
0.2706
0.2332
0.4218
0.553
0.3936
0.7264
0.0
0.457
0.5683
0.5437
0.5937
0.5914
0.3968
0.271
0.7569
0.6421
0.5999
0.0
0.8335
0.55
0.3845
0.7099
0.3041
0.4206
0.4692
0.4742
0.4878
0.1125
0.5392
0.4511
0.2352
0.469
0.4732
0.3184
0.2709
0.3799
0.5111
0.4275
0.4122
0.3246
0.1637
0.5761
0.6298
0.5534
0.4201
0.5678
0.5415
0.7136
0.5864
0.7749
0.7803
0.5594
0.4889
0.146
0.434
0.4781
0.4722
0.4507
0.5828
0.0942
0.4331
0.6044
0.4651
0.5744
0.6348
0.6256
0.6087
0.4661
0.4646
0.3162
0.5218
0.6796
0.5962
0.3301
0.4514
0.6774
0.269
0.3964
0.2223
0.5124
0.6294
0.7334
0.6066
0.3927
0.4893
0.6584
0.529
0.6261
0.6186
0.6227
0.4932
0.585
0.7206
0.0
0.5738
0.6036
0.4677
0.6571
0.865
0.2623
0.8598
0.8458
0.6246
0.2847
0.5192
0.5039
0.2494
0.506
0.4942
0.5569
0.4266
0.5588
0.5582
0.4963
0.2735
0.4955
0.2189
0.2877
0.4332
0.7561
0.507
0.7004
0.4646
0.5134
0.6752
0.5715
0.4819
0.509
0.5154
0.6177
0.448
0.6312
0.3269
0.2782
0.4787
0.4087
0.5575
0.2575
0.7702
0.5781
0.3504
0.6188
0.5352
0.4031
0.5655
0.2847
0.4684
0.356
0.7723
0.4582
0.5398
0.4883
0.5311
0.4102
0.3836
0.6411
0.361
0.596
0.5926
0.2615
0.5308
0.4247
0.7994
0.6573
0.5744
0.1745
0.4658
0.5461
0.3416
0.0942
0.1278
0.5646
0.4116
0.4915
0.3964
0.2031
0.8544
0.478
0.2352
0.4911
0.5704
0.7297
0.4067
0.7562
0.2768
0.543
0.1958
0.5017
0.5247
0.2648
0.4271
0.2045
0.4618
0.6125
0.3482
0.6066
0.4356
0.6332
0.4976
0.3095
0.7698
0.6167
0.602
0.5512
0.6343
0.6101
0.1298
0.468
0.5781
0.6621
0.174
0.5864
0.5781
0.5639
0.7136
0.5433
0.6078
0.7067
0.5147
0.5793
0.6035
0.6141
0.5236
0.7451
0.5747
0.6245
0.562
0.5808
0.6915
0.6915
0.1559
0.2623
0.6385
0.5998
0.2688
0.1539
0.5456
0.3349
0.7039
0.3004
0.4586
0.4436
0.4268
0.3027
0.4143
0.09358
0.6225
0.4937
0.7288
0.559
0.465
0.5055
0.5806
0.457
1.201
0.4587
0.4402
0.04856
0.6628
0.7283
0.4193
0.5081
0.4588
0.4396
0.3679
0.4808
0.5283
0.5236
0.6285
0.4758
0.4854
0.8515
0.5378
0.5395
0.09352
0.479
0.5009
0.6587
0.4782
0.7313
0.2446
0.7451
0.5082
0.4099
0.4414
0.425
0.6088
0.4652
0.5601
0.4758
0.5695
0.5308
0.2782
0.4438
0.5217
0.6737
0.2272
0.5159
0.7866
0.3772
0.6142
0.6189
0.3173
0.3081
0.5087
0.5968
0.4879
0.5773
0.4023
0.2944
0.4457
0.5093
0.3269
0.6044
0.5082
0.5317
0.5797
0.6317
0.7027
0.4963
0.448
0.4583
0.288
0.0
0.4651
0.1745
0.4872
0.6566
0.2547
0.4871
0.4165
0.4509
1.06
0.537
0.4557
0.4469
0.5138
0.556
0.6372
0.4526
0.5512
0.2318
0.5044
0.455
0.6318
0.4602
0.4515
0.6808
0.4595
0.4212
0.7789
0.5673
0.4747
0.7451
0.4719
0.4753
0.4721
0.2648
0.691
0.5086
0.4438
0.5861
0.4742
0.03735
0.5394
0.1863
0.7763
0.4201
0.5456
0.4332
0.3104
0.3564
0.6632
0.7417
0.5094
0.4438
0.4773
0.427
0.3813
0.5849
0.5262
0.3446
0.495
0.5833
0.4251
0.4892
0.6285
0.6225
0.4649
0.2515
0.683
1.186e-07
0.4116
0.1621
0.5787
0.6615
0.9242
0.7451
0.5557
0.5776
0.1998
0.4399
0.4381
0.5781
0.4706
0.7845
0.2547
0.6658
0.7089
0.4904
0.4744
0.4514
0.495
0.5271
0.4961
0.6324
0.5676
0.652
0.5147
0.6285
0.4817
0.7451
0.0
0.5901
0.4541
0.4658
0.7013
0.4953
0.186
0.731
0.6046
0.5651
0.5591
0.534
0.4577
0.3563
0.4456
0.6298
0.6104
0.4587
0.5761
0.5744
0.4924
0.3421
0.2735
0.51
0.4622
0.6075
0.2164
0.4747
0.5177
0.6004
0.5306
0.5839
0.5644
0.6229
0.6674
0.5937
0.4179
0.4871
0.6186
0.6156
0.6484
0.5739
1.017
0.5944
0.4311
0.6596
0.3788
0.706
0.7283
0.5816
0.7018
0.6285
0.2223
0.3829
0.4188
0.3655
0.6299
0.5806
0.4649
0.5776
0.534
0.7303
0.6122
