81.71
148.5
130.1
120.5
163.6
89.26
87.11
144.0
139.6
128.5
100.1
118.1
103.6
117.3
166.1
0.0
103.2
140.2
99.74
79.74
87.68
124.9
106.6
118.6
89.84
84.52
116.3
111.4
73.26
103.3
110.1
0.0
85.95
116.0
102.3
65.38
74.49
143.1
91.05
78.69
0.0
114.7
87.57
122.8
166.1
139.2
0.0
90.84
91.14
132.1
90.19
110.8
136.2
34.31
153.9
104.2
109.7
0.0
97.64
107.7
83.68
107.1
121.0
140.9
103.0
112.7
147.9
130.9
92.15
68.21
0.0
113.1
100.4
90.86
184.0
109.0
105.5
79.15
98.22
131.9
134.9
152.5
94.12
89.2
0.0
134.9
106.9
128.2
143.4
134.7
82.6
96.58
123.0
93.14
188.9
118.8
153.9
102.2
80.36
113.2
132.5
145.8
135.0
68.51
112.7
154.0
128.1
142.4
141.7
101.0
146.2
111.3
65.38
161.8
87.21
0.0
115.0
136.6
100.9
193.1
83.85
1.124e-05
108.2
139.9
91.0
132.3
131.0
76.88
111.5
103.2
124.5
149.1
131.9
105.3
139.9
124.4
192.1
135.8
151.1
126.9
150.4
136.4
165.0
159.7
123.7
134.9
108.0
96.52
164.0
114.8
199.5
176.3
63.44
123.5
99.63
131.3
167.4
207.3
156.4
121.8
168.2
135.9
158.2
153.1
120.8
260.1
80.36
106.1
147.6
124.7
80.99
132.7
146.1
141.4
158.7
130.1
138.9
162.5
118.6
98.42
145.6
98.67
79.25
148.8
153.4
113.2
191.3
138.4
213.4
137.8
101.6
103.6
159.8
148.1
125.4
111.3
176.4
161.2
119.0
235.7
136.4
137.1
117.6
127.2
70.91
69.94
143.3
132.8
142.4
159.8
142.8
142.5
108.3
149.0
135.4
151.8
178.4
175.7
82.98
84.96
171.8
97.81
190.5
100.9
141.1
146.8
142.0
118.9
143.8
116.7
176.8
121.1
161.9
83.9
59.06
128.4
173.6
212.6
140.6
176.6
107.1
168.8
67.23
104.4
102.1
210.8
162.1
194.8
187.7
128.0
110.7
158.4
167.4
116.8
141.3
152.2
155.7
145.7
162.7
141.2
156.2
177.1
123.7
129.4
249.5
156.5
142.1
111.7
184.9
154.7
182.9
140.7
105.8
123.4
171.3
102.5
182.5
200.5
163.3
177.5
224.2
145.0
205.6
156.4
100.5
203.7
130.5
267.8
77.21
149.1
151.0
176.1
106.8
131.3
222.9
147.3
189.9
164.2
177.4
189.5
212.5
152.4
123.7
140.6
108.7
122.5
118.4
177.2
145.9
199.6
196.2
68.81
156.5
174.8
194.1
182.9
136.9
172.2
231.1
135.7
169.1
178.3
133.1
184.9
141.0
180.8
181.0
139.2
186.2
145.4
122.5
111.0
128.1
145.7
59.48
165.5
130.8
197.4
166.4
203.6
169.3
124.3
143.2
165.5
122.3
172.1
198.2
200.6
173.9
188.9
134.1
146.5
88.87
221.9
162.1
138.9
115.9
250.7
229.9
198.6
158.9
185.2
158.1
180.8
168.4
135.5
146.9
225.5
173.4
206.4
160.7
149.0
186.7
109.2
217.3
169.4
111.8
200.5
137.5
167.2
197.0
130.3
149.1
146.7
143.7
217.3
231.3
160.6
153.9
218.9
171.9
183.3
283.1
7.16e-06
202.7
137.8
224.3
142.2
148.2
177.4
123.8
208.4
188.1
140.3
145.8
132.1
120.7
179.5
181.6
144.8
144.9
153.9
92.32
291.7
216.4
97.34
162.4
181.7
155.6
208.9
151.0
157.0
155.4
176.0
168.8
201.4
196.2
154.4
186.0
226.7
168.3
214.1
183.7
156.2
214.9
144.5
194.0
190.8
233.5
168.9
285.3
117.0
208.8
166.8
175.3
217.7
180.7
264.3
144.3
222.4
150.6
112.5
223.6
164.2
131.2
111.2
214.1
250.7
214.3
169.8
193.9
189.3
159.9
216.1
176.7
170.9
264.5
353.7
87.58
59.15
251.5
158.2
158.0
166.9
160.7
245.2
302.6
217.4
182.5
201.0
173.7
224.1
119.4
169.9
240.4
211.0
191.2
159.4
153.8
160.8
228.5
247.2
215.9
219.1
168.6
162.8
239.3
194.4
194.4
176.7
254.4
207.6
266.4
261.7
265.0
186.1
147.6
197.6
152.5
125.7
202.8
163.5
156.7
189.3
168.1
171.8
209.5
195.4
292.5
183.4
198.0
233.3
141.4
199.6
265.1
211.3
220.4
191.1
157.7
199.0
257.8
208.7
215.2
173.9
225.7
193.5
131.8
151.8
202.6
204.5
155.7
160.6
168.2
256.9
181.6
197.4
200.2
189.8
155.5
264.7
207.8
213.2
95.5
218.8
166.1
185.9
168.6
241.3
180.5
208.6
225.3
153.8
159.8
197.9
186.8
107.8
200.0
207.8
265.7
277.7
191.8
280.7
235.5
232.1
200.2
255.0
218.8
251.3
170.9
255.0
204.6
199.2
256.4
288.4
211.0
222.2
255.8
204.7
210.6
204.7
143.9
158.7
200.6
216.5
291.3
239.1
268.4
241.4
233.3
200.9
303.2
280.7
275.1
272.4
166.7
240.1
184.3
205.8
229.9
190.8
228.3
214.1
177.1
142.6
204.9
252.6
174.7
239.2
204.6
253.1
200.9
303.7
219.1
234.1
261.9
181.2
298.0
242.4
286.8
262.6
137.9
230.1
190.3
294.9
251.6
275.6
239.3
174.0
275.0
162.1
183.8
195.3
224.9
215.3
146.1
232.7
235.9
147.2
134.2
260.3
181.0
201.0
330.3
203.1
244.5
195.5
223.0
276.3
187.1
192.4
201.1
150.6
236.2
211.6
201.8
232.1
194.8
206.0
207.5
231.3
213.0
191.3
199.8
239.5
210.3
166.2
265.2
298.0
200.9
262.2
225.0
200.2
239.1
300.2
245.5
179.7
234.5
170.1
226.4
230.9
410.7
346.6
277.2
101.0
254.8
236.4
200.5
217.1
247.3
224.6
242.1
167.9
295.4
205.6
109.2
237.8
224.4
233.1
248.7
260.3
233.3
219.7
165.5
216.2
197.4
233.3
216.1
259.5
156.7
196.0
313.9
250.8
210.7
261.4
239.0
244.3
211.3
232.9
230.0
248.6
162.1
157.3
215.0
177.3
237.3
280.2
311.2
207.3
255.0
225.6
219.7
230.6
257.6
234.6
274.2
322.8
257.1
246.4
242.1
191.9
242.3
185.7
271.1
276.1
275.6
223.7
213.3
305.6
277.6
254.4
235.5
286.9
255.1
194.1
186.1
201.0
254.0
171.6
240.9
299.9
239.3
304.1
236.6
262.0
243.5
392.1
280.7
219.2
263.2
290.2
337.0
260.0
175.6
211.0
194.1
234.4
198.7
294.4
309.1
245.0
255.0
276.5
311.6
317.9
297.9
108.1
95.16
77.21
77.21
120.7
68.88
90.38
110.7
73.63
73.63
80.8
92.5
0.0
0.0
119.9
93.03
0.0
93.21
51.66
38.82
58.48
86.05
92.69
1.362e-05
67.5
106.7
99.17
34.49
77.21
104.8
98.82
70.33
51.66
75.37
81.9
28.8
97.56
111.0
42.5
0.0
28.94
76.8
34.49
99.56
119.9
93.89
28.8
120.1
108.5
81.18
106.3
77.21
77.21
77.21
77.21
77.21
112.7
50.65
84.18
105.8
86.64
102.7
155.0
123.5
108.2
135.4
117.2
160.2
129.3
166.7
77.21
77.21
67.24
142.9
130.0
135.3
126.1
199.1
93.08
235.7
89.61
162.3
160.3
112.4
77.21
77.21
77.21
77.21
77.21
77.21
59.49
59.49
120.9
143.8
136.1
67.25
134.7
96.66
107.6
98.85
94.33
62.36
125.4
69.64
81.57
111.0
131.0
78.64
86.98
129.3
134.6
123.1
174.1
127.2
84.75
126.8
106.8
159.7
116.5
129.5
182.9
124.0
154.9
131.2
187.1
78.21
99.53
159.1
171.3
180.4
118.9
160.6
188.9
177.5
157.0
153.1
153.1
133.5
164.7
136.4
230.6
125.1
137.0
194.4
114.7
196.8
173.6
212.3
121.7
133.7
146.8
161.9
146.2
105.2
193.3
200.2
229.4
212.5
137.1
199.2
204.7
120.5
141.4
115.4
74.15
138.4
142.6
239.6
153.0
151.5
210.5
201.6
137.6
143.8
163.9
219.3
141.3
159.7
162.7
162.7
122.5
140.4
186.0
121.8
239.1
194.2
154.4
138.5
137.1
151.5
155.9
189.2
149.2
227.0
98.06
142.8
181.4
220.6
90.2
138.0
182.8
194.7
240.0
198.7
155.2
195.6
158.3
216.0
143.3
145.8
180.5
194.0
280.7
120.6
159.6
217.4
254.5
190.3
228.3
171.4
276.6
197.8
131.9
201.5
146.4
179.4
150.5
140.2
157.0
160.0
118.8
201.8
233.6
235.0
169.0
157.3
216.9
81.35
153.6
188.9
78.28
268.8
221.6
186.5
198.3
187.3
203.0
144.2
160.8
211.8
141.1
212.6
155.1
169.3
165.0
187.6
234.3
217.1
204.4
182.1
230.0
141.6
196.6
146.4
199.2
117.4
228.8
198.1
179.5
192.8
204.5
134.6
143.7
241.4
146.6
169.3
183.9
184.5
132.0
270.1
159.6
205.9
75.63
159.8
90.82
206.8
225.2
164.8
166.7
171.8
123.3
172.5
119.1
224.9
136.1
186.1
121.8
193.1
205.6
146.7
237.5
192.9
193.3
217.3
231.3
240.0
203.5
169.0
193.6
148.8
171.0
179.0
201.4
232.5
301.0
255.1
140.1
251.2
163.8
264.1
130.1
177.2
218.7
193.4
257.9
204.2
156.3
209.1
236.4
171.8
169.0
188.2
196.6
181.5
147.3
215.0
217.3
238.9
154.4
188.5
98.06
178.2
183.6
308.6
245.5
207.8
160.8
161.7
222.1
167.2
190.3
147.5
168.4
194.7
153.9
123.9
229.6
208.7
225.6
271.2
199.6
195.8
217.6
192.5
198.6
259.3
241.7
234.9
130.3
194.1
272.1
291.4
244.8
240.1
202.8
248.0
231.1
135.6
275.2
247.5
227.9
240.0
267.9
337.5
266.4
214.0
245.4
218.0
178.8
194.7
167.3
197.8
232.5
279.4
181.7
165.0
281.2
286.3
262.5
173.8
169.4
198.4
267.1
194.0
270.9
242.8
175.8
200.1
179.0
182.4
230.0
226.7
363.4
352.1
293.7
151.8
192.4
214.1
169.1
197.0
212.3
118.9
269.0
135.0
194.5
211.4
241.1
272.3
163.7
200.4
236.4
250.0
267.4
169.4
240.5
163.3
294.3
243.9
211.7
223.6
237.3
241.6
238.0
189.1
235.5
214.6
219.1
189.2
192.2
161.8
212.5
243.0
247.7
178.4
220.7
265.0
241.0
219.6
216.4
220.9
252.1
270.6
227.6
281.5
211.9
286.6
260.2
164.2
239.8
284.3
348.5
208.8
240.0
265.0
276.3
213.1
247.7
263.5
301.7
260.9
240.3
235.1
274.5
240.3
227.3
253.2
266.3
211.8
164.3
212.7
268.1
277.6
212.1
219.3
196.4
226.0
207.5
230.4
228.5
328.1
274.4
226.5
180.1
287.6
403.3
322.5
302.3
312.5
307.9
326.8
284.4
232.2
229.2
350.3
275.3
308.9
265.9
280.6
267.8
278.5
318.8
352.3
257.9
216.3
250.6
249.7
262.7
297.2
293.5
331.1
228.7
256.1
251.7
303.1
231.8
210.0
256.2
352.7
261.9
400.0
243.6
225.1
221.9
307.2
324.7
233.4
266.3
271.7
260.3
309.5
258.3
232.1
325.4
168.8
254.0
238.5
365.5
270.6
254.3
285.5
224.7
305.7
220.3
343.0
328.7
259.9
203.1
250.8
329.4
241.5
380.1
255.0
229.8
319.9
299.6
228.0
211.7
251.1
266.1
293.1
322.9
347.9
263.0
324.4
281.7
296.5
324.2
322.9
273.2
274.6
268.4
305.5
266.4
241.1
228.5
267.7
307.8
328.7
284.2
306.8
190.9
299.3
276.5
242.3
216.3
241.9
283.5
324.6
243.3
322.6
226.8
318.8
346.4
349.4
369.9
367.8
323.9
347.4
241.9
304.9
229.9
274.3
297.0
284.1
286.8
334.4
294.3
242.6
292.2
323.7
241.7
292.8
321.1
359.6
212.3
259.5
269.5
263.7
255.0
285.0
211.1
307.3
270.8
245.1
242.4
291.0
269.8
200.0
304.7
202.9
274.1
225.1
214.2
299.8
232.5
319.6
206.6
375.2
229.2
290.6
344.9
363.5
232.4
342.2
358.1
313.9
251.5
313.3
226.9
352.8
438.7
240.8
274.6
229.1
330.7
305.7
325.5
272.1
337.9
334.3
345.1
277.8
244.8
225.9
273.6
279.8
258.8
316.9
240.9
318.4
343.4
203.6
281.1
361.6
375.0
264.8
254.9
435.3
272.9
322.0
287.3
252.2
385.7
