0.9812
0.9987
1.0
0.9663
0.9573
0.9963
1.0
0.9986
0.835
0.9846
0.9758
0.986
0.9884
0.8765
1.0
0.9912
0.9638
0.9979
0.9933
0.9657
0.9986
0.995
0.9296
0.9363
0.9169
0.991
0.9988
0.985
0.9737
0.9781
0.9919
1.0
0.9829
0.9892
0.8887
0.9965
0.9952
0.9984
0.9894
0.9033
0.9929
0.9909
0.9077
0.9898
0.9929
0.9901
0.9817
1.0
0.9601
0.9118
0.9759
1.0
0.9956
0.99
0.9709
0.8958
0.9685
0.9568
0.9877
0.9926
0.9947
0.9951
0.9912
0.9741
0.9862
0.9832
1.0
0.9672
0.9918
1.0
0.8623
0.9803
0.9014
0.9809
0.9734
1.0
0.9922
0.9818
0.9884
0.9868
0.9959
1.0
0.9929
0.9856
0.9815
1.0
0.9612
0.9962
0.9913
0.9585
0.9968
0.991
1.0
0.9956
0.8614
0.978
0.9202
0.9346
0.8752
0.9778
0.9944
0.9908
0.9893
0.9814
0.934
1.0
0.8833
0.9316
0.9987
0.9344
1.0
0.9663
0.9891
1.0
0.9741
0.9882
1.0
0.9848
0.9977
0.996
1.0
0.9956
0.9923
0.9624
0.9892
0.9808
0.9943
0.9792
0.9816
0.9788
0.9989
0.9975
1.0
0.9565
0.8841
0.9572
0.932
0.9906
0.9871
0.995
1.0
0.9276
0.9787
0.9927
0.9311
0.9874
1.0
0.9878
0.96
0.9924
0.9961
0.9938
0.9575
0.991
0.994
0.8846
0.8931
0.9926
0.9942
0.9712
0.9944
1.0
0.9949
0.9723
0.9955
0.9958
1.0
0.9868
0.9935
0.8944
0.8742
0.9656
0.9736
0.9929
0.9902
0.9657
0.9913
0.9581
0.9976
1.0
0.9944
0.9923
0.9981
0.9579
0.9164
0.9914
0.9813
0.9986
0.8516
0.9726
0.8594
0.9039
0.8346
0.8759
0.986
0.9823
0.9753
0.9949
0.9565
1.0
0.9879
0.9809
0.9637
0.9898
0.9356
0.9236
0.9993
0.935
0.9244
0.9799
0.9886
1.0
0.9752
0.9552
0.9962
0.9966
0.979
0.9559
0.9375
0.995
0.9875
0.9658
0.9733
0.9749
0.9224
0.9834
0.9649
0.9258
0.955
0.9045
0.9974
0.9935
0.9352
0.7419
0.9882
0.9228
0.9834
1.0
0.9606
1.0
0.9966
1.0
0.9587
0.9558
1.0
0.9976
0.9844
0.9867
0.9954
0.9902
0.9904
0.9879
0.986
0.9884
0.9942
0.8945
0.9653
0.9847
0.9862
0.9488
0.9957
0.9965
0.9447
1.0
0.9972
0.8657
1.0
0.9897
0.9879
0.9653
1.0
0.9928
0.9909
0.9889
0.9418
0.9431
1.0
0.9981
0.9182
0.9936
0.988
0.9676
0.9898
0.9345
0.987
0.9973
0.954
1.0
0.9692
0.864
0.9044
0.9821
0.9307
0.9942
0.9905
0.955
1.0
0.9877
0.8853
0.9518
0.9703
0.9384
0.9962
0.9989
0.987
0.9939
0.9704
0.9881
0.9775
0.9533
0.9815
0.9204
0.9886
0.9915
0.9906
0.9668
0.9833
0.9813
0.9555
0.9586
0.981
0.9896
0.8622
0.9866
0.9799
0.9855
0.956
0.9498
0.9923
0.9808
0.9935
0.9271
0.9425
0.9337
0.9767
0.9918
0.9984
0.9904
0.975
0.8832
0.9734
0.9889
0.9634
0.9851
1.0
0.8906
1.0
0.9917
0.9979
0.9981
0.9787
1.0
0.9863
0.9829
0.9925
0.9802
0.9981
1.0
0.9764
0.8665
0.9823
0.9892
0.9168
0.8755
0.9922
0.9988
0.9801
1.0
0.9968
0.9964
0.9955
0.9154
0.8974
0.9925
0.9886
0.9951
0.9891
1.0
0.9899
0.9983
0.9978
1.0
0.9933
0.9934
0.9894
0.9313
0.9678
0.9613
0.9736
0.978
1.0
0.9985
0.9706
0.9798
0.9688
0.967
0.9775
0.9857
0.9773
0.9781
0.9139
0.9898
1.0
0.9917
0.9706
0.9778
0.9958
0.9887
0.9243
0.9956
0.9789
0.938
0.9888
0.9917
0.9942
0.9803
0.9937
0.9878
0.9772
0.9904
0.9905
0.9894
1.0
1.0
0.9803
0.9604
0.9918
0.9553
1.0
0.9947
0.99
0.9917
0.9966
0.9886
0.9113
0.9733
0.9536
0.9884
0.9888
0.9868
0.8812
1.0
1.0
0.9825
0.9838
0.9928
0.9936
0.9155
0.9976
0.5526
0.9803
0.9656
0.962
0.9563
0.9813
0.9395
0.9971
0.9492
1.0
0.8602
0.9917
1.0
0.9882
0.9812
0.9929
0.9821
0.9857
0.9892
0.9896
0.998
0.9866
0.8827
0.9783
0.9964
0.919
0.9597
0.9973
0.9333
0.989
1.0
1.0
0.9227
0.9647
0.987
0.9754
0.9616
0.9935
1.0
0.9957
0.983
0.8978
0.9764
0.7949
0.9905
0.997
0.9598
0.9161
1.0
0.9611
0.998
1.0
0.9938
1.0
0.9814
1.0
0.9912
0.9879
0.9946
0.9915
0.983
0.9944
0.9963
0.9802
0.9825
0.9744
1.0
0.9773
0.9904
0.9671
0.9946
0.9926
0.9609
0.9973
0.9931
0.9868
0.9849
0.9638
0.9964
0.9318
0.9877
0.9889
0.9949
0.9698
0.8662
0.9866
1.0
0.9893
0.975
0.9828
0.9611
0.9951
0.995
0.9776
0.9914
0.9906
0.9828
0.8608
0.9913
0.9903
0.9638
0.9934
0.9435
0.9791
0.9983
0.992
0.9971
0.9864
0.9719
0.9959
0.9851
0.954
0.9936
0.9732
0.9642
1.0
0.9794
0.9223
0.9888
0.9916
0.9948
0.9914
0.9975
0.9779
1.0
0.9879
0.9915
0.9459
0.9239
0.8688
1.0
0.9874
1.0
0.9922
0.9875
0.9885
0.8424
0.9498
0.9874
1.0
0.9888
0.9839
0.9547
0.9979
0.9869
0.9853
0.9746
0.8204
0.9965
0.9959
0.989
0.9758
0.9824
1.0
0.9419
1.0
0.9747
0.9559
0.9843
0.9921
0.9837
0.9951
0.9758
0.9746
1.0
0.9553
0.9499
0.9995
0.9333
0.9925
0.9921
1.0
0.9733
0.9726
0.9893
0.9639
0.9956
1.0
0.9683
0.9849
0.9259
0.9869
1.0
1.0
0.9784
0.9658
1.0
0.9668
0.9769
0.9486
0.9622
0.9936
0.9063
0.9944
0.907
0.9596
0.9964
0.9841
0.9686
0.9896
0.9852
1.0
0.9555
0.9262
0.9978
0.9877
0.9823
0.9975
1.0
0.9872
0.9988
0.9758
0.9925
0.9959
0.9828
0.9697
0.9758
0.8413
0.9937
0.9884
0.9941
0.9908
1.0
0.9583
1.0
0.9688
1.0
0.9787
0.9438
0.9959
0.8793
1.0
0.9916
0.9929
0.9209
0.9774
0.9381
0.7372
0.9678
0.9926
0.9982
0.9786
0.9157
0.966
0.9771
0.9175
0.987
0.9976
1.0
0.969
0.9884
0.9964
1.0
0.9945
0.9471
0.971
0.9978
0.9947
0.9869
0.9752
0.9957
0.953
0.9868
0.997
0.9565
0.9766
0.997
1.0
0.9897
0.9843
0.9793
0.9689
0.9966
0.9094
0.9753
0.9381
0.9948
0.9973
0.9164
0.9839
0.9934
0.9942
0.8945
0.9761
0.9949
0.9949
0.8472
0.9818
0.9988
0.9258
0.9925
0.8433
0.9976
0.9992
0.9489
0.9989
0.988
1.0
0.9678
0.9851
1.0
0.9792
0.9785
0.9898
0.9538
0.9798
0.9825
0.988
0.9832
0.9877
1.0
0.9814
0.9979
0.9603
0.9839
0.9389
0.986
0.9867
0.973
0.9888
0.9968
0.9919
0.9228
0.9883
0.9712
0.9679
0.9882
0.9403
0.9819
0.9963
0.9938
0.9908
0.9851
0.9925
1.0
1.0
0.9881
0.9213
0.9643
0.9662
0.9549
1.0
0.9818
0.9634
0.9739
0.9834
0.9405
0.9733
0.9901
0.9975
0.9969
0.9871
0.985
1.0
0.9642
0.9966
0.9762
0.8515
0.9872
0.9966
0.8752
0.997
1.0
0.9975
0.8542
0.9901
0.9498
1.0
0.9774
0.9645
0.9723
0.8149
0.9344
1.0
0.9975
0.9773
0.9851
0.9045
0.9255
1.0
0.9736
0.9656
0.9889
0.9951
0.928
0.9828
0.9808
0.9834
1.0
0.9952
0.9611
0.9718
0.9951
0.9831
0.9928
0.9979
0.6816
0.961
0.9911
0.9893
0.9838
0.9642
0.9651
1.0
0.9814
0.9926
0.9959
0.9973
0.999
0.9844
0.9753
1.0
0.9554
0.9681
0.9497
0.9902
1.0
0.9896
0.9704
0.9885
0.9815
0.9303
0.9977
0.9806
0.9978
0.9856
0.9875
0.9593
0.9605
0.9947
0.9321
0.9324
0.9941
0.986
0.8093
0.9738
0.9942
0.988
0.995
1.0
1.0
0.9639
0.9874
0.9691
0.9904
0.9895
0.9925
1.0
0.9784
0.9971
0.9845
0.9817
0.9956
1.0
0.9901
0.9939
0.949
0.9957
0.9737
1.0
0.9799
0.9491
1.0
0.8757
0.9642
0.952
0.9427
0.9802
0.9681
0.9897
0.9743
0.98
0.9946
0.9984
0.985
0.9576
0.8372
0.9958
0.9558
0.9475
0.9883
0.9566
0.9793
0.9767
0.9839
0.952
0.9809
0.9851
1.0
0.987
0.9983
0.9271
0.9656
0.9893
0.9807
0.9878
0.9851
0.9658
0.9987
0.983
0.9579
0.9953
0.9327
0.991
1.0
1.0
1.0
0.9596
0.978
0.971
0.993
0.9841
0.983
0.987
0.9606
0.8949
0.9934
0.994
0.9842
0.9853
0.969
0.9838
1.0
0.8228
0.9879
0.9813
0.97
0.9952
1.0
0.9821
0.9811
1.0
0.9977
0.9593
0.9724
0.9928
0.993
0.9926
0.975
0.9482
0.9992
0.8977
0.9639
0.9403
0.9889
0.7796
0.9979
0.9869
0.9652
0.9625
0.9685
0.991
0.9937
1.0
0.9878
0.9859
0.9902
0.9842
0.9814
0.9868
0.9962
0.9753
1.0
0.9953
0.8283
0.9828
0.8689
0.973
0.9682
0.9907
0.9977
0.9205
0.9782
0.9954
0.9364
0.9802
0.9618
0.9708
0.7656
0.9798
0.9908
0.9712
0.9615
0.9848
0.9922
0.997
0.9246
0.999
0.9951
0.9896
0.8988
0.9788
0.9864
0.9773
0.9979
0.9957
0.9445
0.9956
0.9952
0.9363
0.9792
0.9965
0.9545
0.9849
0.9875
0.9893
1.0
0.9668
0.9356
0.9918
0.9746
0.983
0.9346
0.9909
0.9747
0.9893
0.9143
0.9984
0.9977
1.0
0.8681
1.0
0.9938
0.9882
0.9716
0.975
0.9883
0.9602
0.958
0.9918
0.9642
0.682
0.9885
0.9857
0.9884
1.0
0.9792
0.9791
1.0
0.9857
1.0
0.9938
0.9757
0.993
0.9747
0.9899
1.0
0.9901
0.9911
0.9953
0.9897
1.0
0.9815
0.9739
0.9828
0.9607
0.9918
0.9727
0.986
0.8758
0.9861
0.967
0.9861
1.0
0.9339
0.9863
0.9901
0.9743
0.9898
1.0
0.8895
0.9856
0.9676
0.9963
0.8812
0.9917
0.9856
0.9944
0.9977
0.9806
0.9973
0.9826
0.9625
1.0
0.9733
0.967
1.0
0.826
0.9857
0.923
0.9693
0.992
0.9919
0.9786
0.9918
0.9927
0.9944
0.9935
1.0
0.9883
0.9829
0.9285
0.9111
0.8951
0.9899
0.8822
0.981
0.9932
0.9961
0.9683
0.8413
0.9943
0.9679
1.0
0.9971
0.9895
0.942
0.9765
0.9814
0.9172
0.9839
0.9964
0.9361
0.9942
0.9853
1.0
0.9265
0.9492
0.9888
1.0
0.9537
0.9666
0.9965
1.0
0.9593
0.9757
0.9892
0.9968
0.9691
0.9961
0.9888
0.9681
0.9949
0.9804
1.0
1.0
0.9863
0.9852
0.9793
0.9716
0.9864
0.9767
0.9516
0.9816
0.9915
0.9841
0.9035
0.9827
0.9925
0.9824
0.9516
0.9691
0.9686
0.9615
1.0
0.981
0.9957
1.0
1.0
1.0
0.987
0.9945
0.9969
0.9736
0.9933
0.9554
0.9939
0.9956
0.997
0.9546
0.9956
1.0
0.989
0.9901
0.9588
0.8851
0.9841
1.0
0.9879
0.9363
0.985
0.942
0.9908
1.0
0.9741
0.9011
0.9907
0.9227
0.9951
0.7904
1.0
0.9752
1.0
0.9782
0.9808
0.9787
1.0
0.9934
0.991
0.987
0.985
0.9754
0.9825
0.9204
0.9945
0.9565
0.9953
0.9854
0.9651
0.9948
0.9613
0.983
0.9852
0.9406
0.9973
0.9473
0.8405
0.9815
1.0
0.9685
0.9918
0.8475
0.9916
0.9837
0.9916
0.9982
1.0
0.9481
0.9935
0.9479
0.9652
0.9738
0.9986
0.9703
0.8172
1.0
0.9144
0.9911
0.8985
0.9571
0.9672
0.9747
0.9858
0.9901
0.9898
0.9927
0.9885
0.978
0.9737
0.9928
0.9746
0.9916
0.9458
0.9963
0.9933
1.0
0.9879
0.9966
0.984
0.9008
0.9951
0.9948
0.9726
0.9082
1.0
0.9862
0.8457
0.9961
0.9796
1.0
0.9987
0.9947
0.9914
0.9838
0.9971
0.9007
0.9912
0.9907
1.0
0.9855
0.9795
0.9777
0.9841
0.9481
0.9899
0.9956
0.9108
0.983
0.8942
0.9423
0.9854
0.992
0.9622
0.9984
0.9918
0.9845
1.0
0.9941
0.986
0.9933
1.0
0.9205
0.9946
0.9643
0.9981
0.9957
0.9821
0.9942
0.9794
0.9006
0.9516
1.0
0.9926
0.9886
0.9953
0.9836
0.9896
0.9937
0.991
0.994
0.9106
0.9946
1.0
0.9918
0.9747
0.9958
0.865
0.9895
1.0
1.0
0.9867
0.989
1.0
0.9951
1.0
0.9536
1.0
1.0
0.9938
0.9906
1.0
0.987
1.0
0.9302
0.9929
0.9941
0.997
1.0
0.994
0.9964
0.9686
0.984
0.9444
0.7576
0.9802
0.9896
0.975
0.994
0.9946
0.9945
0.9101
0.993
0.9744
0.9901
0.9649
0.9908
1.0
0.9854
0.9982
0.9903
0.9335
0.9815
1.0
0.9875
0.8969
0.9435
0.8463
1.0
0.9912
0.9571
0.9776
1.0
0.9768
0.9939
0.9877
0.9339
0.9485
0.9613
0.8317
0.9973
0.9974
1.0
0.9962
0.9877
0.9822
0.9827
0.9962
0.9854
0.9789
0.9087
0.9952
0.9459
0.9951
0.9294
0.9073
1.0
0.9073
0.9741
0.9326
0.9893
0.9817
0.9726
0.9889
0.9726
1.0
1.0
0.9688
0.9947
0.9926
0.9935
0.9662
0.9957
0.9685
0.983
0.9961
0.9914
0.9924
0.9824
0.9808
0.9604
1.0
0.9795
0.9912
0.9954
1.0
1.0
0.9279
0.8037
0.9628
1.0
0.9894
0.9783
1.0
1.0
1.0
0.9466
1.0
0.9703
0.9116
0.9977
0.8919
0.999
0.9728
0.9818
0.9906
0.979
0.9863
0.9831
0.9839
0.9985
0.9938
0.9887
0.9978
1.0
1.0
0.9957
0.9901
0.9947
0.992
1.0
1.0
0.9321
0.9947
0.9942
0.975
0.857
0.7666
0.9632
1.0
0.9928
0.9947
0.9559
0.9885
0.9949
0.9425
0.9484
0.9823
0.9946
0.933
0.9137
1.0
0.9934
1.0
0.9905
1.0
0.9325
0.9965
0.8226
1.0
0.9891
0.9971
0.9738
0.9704
0.9951
0.9204
0.984
0.9936
0.9938
0.9439
0.9182
0.9875
0.9895
0.8441
0.9067
0.9941
0.8996
0.986
0.9915
0.8923
0.9444
0.9941
1.0
0.9876
1.0
0.9771
1.0
0.9897
1.0
1.0
0.9919
0.9867
0.9839
0.9397
0.9865
0.855
0.9908
0.9894
0.9538
1.0
1.0
0.9811
0.9935
0.906
0.9678
0.8352
0.8283
0.807
0.9836
1.0
0.923
0.9926
0.9854
0.9935
0.8504
0.9903
1.0
0.969
0.8935
0.9801
1.0
0.9979
0.9613
0.9962
0.9938
0.9969
0.9743
0.9975
1.0
0.9906
0.9927
0.9907
0.9686
0.9823
0.9385
0.9908
0.9054
0.9626
0.9934
0.8716
0.9833
0.9943
1.0
1.0
0.9074
0.9965
0.9933
1.0
0.9911
0.9656
0.9973
0.996
1.0
0.9818
0.9989
0.9896
0.9683
0.9832
0.9823
0.9007
1.0
0.9604
1.0
0.9645
0.9555
0.9418
0.9558
0.9852
0.99
0.9859
1.0
1.0
0.9916
0.9782
0.9896
0.9518
0.9885
0.8993
0.9058
0.9784
0.986
0.9889
0.9222
0.9943
0.9767
0.9765
0.9883
0.9956
0.9672
0.9893
0.9878
0.9952
0.9895
0.9927
0.9958
0.9704
0.9967
0.9868
0.9963
0.9849
0.9526
1.0
0.9964
0.9458
0.9486
0.9967
0.9829
0.999
1.0
0.9779
0.9943
0.9908
0.9486
0.9839
0.6811
0.9942
0.993
0.9975
0.9733
0.9895
0.9963
0.9975
0.9579
0.9947
0.9697
1.0
0.9737
0.9927
0.948
0.9065
0.9932
0.987
0.9891
0.993
0.9794
0.6791
0.9878
0.9733
0.993
0.9579
0.8493
1.0
1.0
0.9986
0.9695
0.9639
0.994
0.9914
0.99
0.9817
0.9626
0.9329
0.9514
0.9793
0.9836
0.9854
0.9816
0.9947
0.9985
0.8666
0.9425
0.996
0.9935
0.9443
0.8941
0.8761
0.9948
1.0
1.0
0.9945
0.9846
0.9803
0.9907
0.9625
0.9003
0.9983
0.9621
0.9914
0.9926
0.9263
0.9933
1.0
0.9903
0.8575
0.9515
0.9758
0.9473
0.9941
0.9585
0.954
0.9935
1.0
0.9259
0.9621
0.9743
0.9431
0.9845
0.7928
1.0
0.9874
1.0
0.9147
0.9795
0.975
0.9716
0.9912
0.9918
0.9926
0.9796
0.9352
0.986
0.9879
0.9874
0.9269
0.954
0.9849
1.0
0.9943
0.9008
0.9809
0.9962
0.9911
0.9886
0.9885
0.9824
0.9939
0.9876
1.0
0.9822
0.9939
1.0
0.9962
0.9851
0.9768
0.9825
1.0
0.9928
0.9772
1.0
0.991
0.9962
0.9669
0.9913
0.9937
0.9761
0.9006
0.9025
0.9951
0.989
0.9489
0.9823
0.949
1.0
0.9295
0.9597
0.983
0.9747
1.0
0.9931
0.9728
0.9983
0.9112
0.9817
0.9824
0.9864
0.9164
0.9701
0.9929
0.9893
0.9973
0.9324
0.9291
1.0
0.9935
0.9761
0.9961
0.9006
0.9761
0.8496
0.9423
0.9986
0.9625
0.9777
0.9981
0.9922
0.9768
0.9916
0.9768
0.9841
0.9795
0.9565
0.9942
0.9739
0.9768
0.9974
1.0
0.9017
0.9897
1.0
0.9807
0.9938
0.9948
0.9276
0.9853
0.9925
1.0
0.9324
0.9609
0.9593
0.9421
0.9845
0.9964
0.9913
1.0
0.9958
0.9789
0.9816
0.9554
0.9096
0.9695
0.9515
0.9968
0.9968
1.0
0.9883
0.9263
0.9597
0.9257
0.9889
0.987
0.9925
0.9884
0.9811
0.9537
0.9886
0.8564
0.9692
0.9896
1.0
0.9909
0.9457
0.9508
0.9813
0.9846
0.9871
0.8749
0.9839
0.9857
0.9777
0.9631
0.9928
0.9563
0.9344
0.994
0.989
0.9822
0.9212
0.8463
1.0
0.9875
0.9405
0.8757
0.9632
0.8608
0.9992
0.9752
0.893
0.9991
0.9961
0.9862
0.9873
1.0
0.9918
0.9922
0.9991
0.9941
0.9277
0.949
0.9885
0.988
0.9888
0.8727
0.9974
0.8913
0.9927
1.0
0.9322
0.9762
0.9959
0.9565
0.9963
0.9505
0.9867
0.9952
0.9953
0.9806
0.9721
0.9465
0.8822
0.9143
0.995
0.8435
0.9933
0.9921
0.9855
0.8203
0.9814
0.9976
1.0
0.9783
0.922
1.0
1.0
0.9939
0.9895
1.0
0.9707
0.9201
0.9152
0.9932
0.991
0.9839
0.8938
0.992
0.9948
0.9792
0.9965
0.9201
0.9911
0.977
0.9045
1.0
0.9875
0.9791
0.8677
0.9965
0.921
0.9975
0.9789
0.994
0.906
0.9846
1.0
0.9964
0.9811
1.0
0.9943
0.9289
1.0
0.9821
1.0
0.9108
1.0
0.9983
0.9715
0.9926
0.9892
0.9902
0.9915
1.0
0.9962
0.9855
0.9951
1.0
0.9849
0.9834
0.9962
0.9766
0.9781
0.8377
1.0
0.9811
1.0
0.9883
0.9975
0.9037
0.9954
0.9965
0.9982
0.9505
1.0
0.9885
0.9554
1.0
0.985
0.9693
0.9088
0.9668
0.9918
0.9014
1.0
0.9924
0.9861
0.9837
0.991
0.9938
0.9676
0.9039
0.9913
0.9907
0.9507
0.8817
0.997
0.9928
0.9966
0.9864
0.9754
0.9301
0.9875
1.0
0.9878
0.9076
0.9732
1.0
0.9571
0.914
1.0
0.8942
0.9991
1.0
0.9549
0.9951
0.9957
0.9762
0.9967
0.9382
0.9386
1.0
0.8748
0.9913
0.9984
0.9875
0.9939
0.9656
0.9804
0.9663
0.9943
0.9879
0.9792
0.9969
0.9609
0.8803
0.9876
0.9594
0.9934
0.8978
0.9888
0.9939
0.9698
1.0
0.9949
0.9888
0.9717
0.9685
0.9959
0.9612
0.9073
1.0
0.989
0.9935
0.9737
0.965
0.9881
0.958
0.9917
0.9356
0.9789
0.9717
0.9951
0.9885
1.0
0.9964
0.9616
1.0
0.9847
0.9916
0.9906
0.991
0.9966
0.9881
0.9904
0.9306
0.9684
0.893
0.9937
0.8912
0.9941
0.9833
0.9762
0.9973
0.9863
0.985
0.9922
0.9929
0.9957
0.9945
0.9843
0.9796
0.9556
0.9851
0.7181
1.0
0.9902
0.9785
0.9884
1.0
0.9518
0.9859
0.9533
0.9894
0.9242
0.973
0.8998
0.9915
0.9579
1.0
0.9943
0.9831
0.9879
0.914
0.9839
0.9778
0.9756
0.8923
0.9932
0.958
1.0
0.7891
0.8537
0.9903
0.9921
0.942
0.9848
0.9202
0.9957
0.9507
0.9656
0.9418
0.9938
1.0
0.9968
1.0
1.0
0.9894
0.9065
0.9634
0.9738
0.9949
0.9714
0.9988
0.9849
0.9943
0.995
0.9826
0.9944
0.9878
0.9419
0.9598
1.0
1.0
0.8204
1.0
0.9917
0.8945
0.9825
0.8433
0.8199
0.9344
0.9886
0.9875
0.9887
0.9716
0.9961
0.9316
0.992
0.9736
0.978
0.9777
0.975
0.9334
0.9907
1.0
0.8408
0.9442
0.967
1.0
0.9875
0.9773
1.0
0.9963
0.9947
0.9836
0.9773
0.9918
0.9833
0.9759
1.0
0.9786
0.989
1.0
0.986
0.9054
0.9484
0.9782
1.0
0.9987
0.9172
0.9844
0.9383
0.9798
0.9963
0.9949
1.0
0.9912
0.986
0.9807
0.9656
0.9221
0.9949
0.9966
0.965
1.0
0.9818
0.9624
0.7762
0.9232
0.9807
0.9916
0.9256
0.9887
0.9271
0.9867
0.9512
0.991
0.969
0.9883
0.9871
0.9893
0.9817
0.9914
0.9902
0.8783
0.8998
0.9716
0.9878
0.9642
0.967
0.99
0.9952
0.8968
1.0
0.9915
0.9806
1.0
0.9047
1.0
0.9975
0.9915
0.9941
0.9811
1.0
0.9985
0.8237
0.9757
0.9896
0.9065
0.9499
0.9947
0.9918
0.9988
0.9936
1.0
1.0
0.9603
1.0
0.9307
0.9959
0.9939
1.0
0.9508
0.9479
0.9669
0.9922
0.9967
1.0
0.9705
0.9971
1.0
0.8545
0.9955
1.0
0.9255
1.0
0.8729
0.9864
0.6725
0.9445
0.9725
0.9945
0.9938
0.9965
0.997
0.8362
0.9907
0.9951
1.0
0.9939
0.9709
1.0
0.9902
0.9929
0.9768
0.8757
0.9948
0.9898
1.0
1.0
0.9952
0.9953
0.9889
0.9877
0.992
1.0
0.8743
0.9936
1.0
0.9853
0.9825
0.9931
0.9885
0.9869
0.8817
0.996
0.8876
0.9823
1.0
0.9361
0.996
0.9897
0.9984
1.0
0.9944
0.9656
0.9904
0.9862
0.923
0.9705
0.9934
0.9901
1.0
0.9892
0.9814
0.9901
0.9918
0.9788
1.0
0.9011
0.9945
0.9608
0.9406
0.9892
0.9956
0.9822
0.9866
0.9906
1.0
0.924
0.9926
0.9907
0.99
0.9189
0.9801
0.9942
1.0
0.9968
0.9915
0.9908
0.9828
0.9828
0.8992
0.9951
0.9795
1.0
0.988
0.9891
0.998
0.9223
0.9923
0.9875
0.9909
0.9708
0.9847
0.9926
0.9824
0.9784
0.9987
0.8492
0.9977
0.999
0.9782
0.9972
0.8916
0.9913
0.9197
0.9571
0.9683
0.9892
0.8867
0.991
0.9957
1.0
0.987
1.0
0.9964
0.9915
0.9976
0.9898
1.0
0.9934
0.8842
0.9956
0.9894
0.9933
0.9897
0.9439
0.9926
0.9983
1.0
0.9915
0.9918
0.9302
0.9686
0.9878
0.9146
0.9105
0.9948
1.0
0.969
0.9876
0.9608
0.991
0.9007
1.0
0.9717
0.9942
0.983
0.9649
0.9952
1.0
0.983
0.9946
0.9744
0.9406
0.9975
0.9983
0.9863
0.9973
0.9582
0.9868
0.9815
0.9979
0.9597
0.9776
0.97
1.0
0.9884
1.0
0.9467
0.9939
0.9959
0.9372
0.9897
0.9954
0.9967
0.9921
0.9824
1.0
1.0
0.9398
0.9958
0.9949
0.9039
1.0
0.9894
0.985
0.9941
1.0
1.0
0.9933
0.9956
0.9897
0.9593
0.9655
0.9982
0.9889
0.989
1.0
0.9881
0.9363
0.9376
0.9798
1.0
0.9725
0.9954
0.9925
0.9932
0.8749
0.9553
0.992
0.9332
0.9383
0.9992
0.8348
0.9703
1.0
0.9932
0.9811
0.9936
0.9386
0.7595
1.0
0.9949
0.9936
0.9962
0.9992
0.9778
0.9624
0.9964
0.9727
1.0
1.0
0.9268
0.8764
0.8771
0.9486
1.0
0.9787
0.9882
0.9848
0.9979
0.9706
0.9243
0.9951
1.0
0.95
0.9903
0.9222
0.9597
0.9905
0.9943
0.9316
0.9944
0.9784
0.9907
0.9854
0.9326
0.9221
0.9418
0.995
0.9887
0.973
0.9818
1.0
1.0
0.9604
0.9985
1.0
1.0
0.8
0.9437
0.9933
1.0
0.9303
0.9986
0.9956
0.9179
1.0
0.9666
0.9988
0.9813
1.0
0.9047
0.9772
1.0
0.9941
0.9963
0.9384
0.9846
0.995
0.9841
0.9929
0.9932
0.9877
0.9637
0.9925
0.983
0.8935
0.9975
0.9888
0.9881
0.9957
0.9867
0.988
0.975
0.9976
0.9788
0.7876
0.907
0.9929
0.9926
0.9705
0.9937
0.9873
0.9899
0.9635
0.9885
0.9651
0.9798
0.9974
0.9067
0.9659
0.9877
0.9145
0.987
0.9912
1.0
1.0
0.9938
0.9901
0.9931
0.9828
0.9902
0.9958
0.9418
0.9459
0.9819
0.9744
0.9879
0.9156
0.9664
0.989
0.9864
0.9849
0.896
0.9977
0.9311
0.9886
1.0
0.9764
0.9852
0.8926
1.0
1.0
0.9597
0.9159
1.0
0.9913
0.9683
0.9945
0.9266
0.9935
0.9767
0.9524
0.9903
1.0
0.9884
0.9739
1.0
0.8841
1.0
0.8545
1.0
1.0
0.9968
0.9963
0.9876
1.0
1.0
0.9887
0.9722
1.0
1.0
0.9954
0.991
0.8622
0.9841
0.8938
0.9353
0.9973
0.9857
0.9954
1.0
0.9659
0.8739
0.9174
0.9925
0.9739
0.7951
0.8981
0.9823
0.9932
0.9882
0.9975
0.9962
0.9931
0.9678
0.9976
0.881
0.9113
0.9956
0.9839
0.9829
0.9837
0.9974
0.9897
0.9875
0.8591
0.9308
1.0
0.9867
0.9683
0.986
0.9979
0.9871
0.9698
0.9984
0.997
0.9969
0.9881
0.916
0.9931
0.9395
0.9948
1.0
0.9848
0.9165
0.982
0.9385
0.9429
0.9674
0.968
0.9947
0.9199
0.9984
0.9857
0.8825
0.9935
0.9859
0.9966
0.9992
0.8722
0.9956
0.9364
0.986
0.977
0.9934
0.9714
0.9946
0.9975
0.9921
0.992
0.9746
0.9942
0.9724
0.9877
0.9148
0.9913
0.9937
0.9888
1.0
1.0
1.0
0.9976
0.8662
0.8237
1.0
0.9939
1.0
0.9894
0.9973
0.8803
1.0
0.9851
0.981
0.9941
0.9757
0.8944
0.9901
0.9242
1.0
0.9875
0.9744
0.9338
0.9492
0.9975
0.9952
1.0
0.9752
0.9949
0.9938
0.9984
0.8158
0.9857
0.9976
0.9902
0.9864
0.8839
0.9602
0.9594
1.0
1.0
0.9916
1.0
0.9914
0.9548
0.9818
0.9381
0.9927
0.974
0.9924
0.9895
0.8862
1.0
0.9904
1.0
0.9336
0.9805
0.9618
0.9695
1.0
0.9796
0.9707
0.9859
0.9994
0.9759
0.8216
0.959
0.989
0.9807
0.9051
0.9919
1.0
0.9926
0.9918
0.8923
1.0
0.9918
0.9922
0.9127
0.9896
0.9912
0.9923
0.9725
0.9974
0.9973
1.0
0.9988
1.0
1.0
0.9962
1.0
0.9211
0.9894
0.987
0.934
0.9876
0.9873
0.9579
0.9653
0.9941
0.9928
0.9968
0.9936
0.9223
1.0
0.9396
1.0
1.0
0.8709
0.9978
0.9879
0.9961
0.9557
0.9527
0.9953
0.9913
0.998
0.9762
0.9951
0.7928
1.0
0.9172
0.9892
0.9984
0.9515
0.8803
0.9363
0.9775
0.9911
0.9935
0.9923
0.9951
0.9386
0.99
0.9987
0.9984
0.9101
0.9727
0.9823
0.9881
0.9918
0.8887
0.9666
0.8352
1.0
0.9964
1.0
0.991
0.869
0.9576
1.0
0.9662
0.9856
0.8927
0.9768
0.9601
0.9406
0.9736
0.9916
0.9846
0.998
0.9773
1.0
0.9892
0.984
0.9972
0.9967
0.9948
0.921
0.9536
0.9954
1.0
0.9652
1.0
0.9866
1.0
0.9848
1.0
0.9206
0.9301
0.9863
0.986
0.9955
0.983
0.9734
0.9734
0.9666
0.9902
0.9909
0.9736
0.9909
0.9853
0.9634
0.8853
0.9144
0.9782
0.9928
0.9897
0.9918
0.9039
0.9862
1.0
0.9925
1.0
0.9969
0.9968
0.992
1.0
0.9931
0.9927
0.9987
0.9879
0.9969
0.9152
0.8845
1.0
0.9058
0.9823
1.0
0.9792
0.9943
0.9975
0.9949
0.8657
0.9803
0.9956
1.0
0.9921
0.9667
0.9778
0.9929
0.9912
1.0
0.992
0.9883
0.987
0.9854
1.0
0.9169
0.9895
0.9984
0.9858
1.0
0.9817
0.9344
0.8833
0.9943
0.9811
0.8813
0.9885
0.9977
0.8351
0.9806
0.9927
0.9867
0.9887
1.0
0.9122
0.9402
0.951
1.0
0.9976
1.0
0.985
1.0
0.9855
0.9553
0.928
0.9108
0.93
0.9962
0.9982
0.9924
1.0
0.9505
0.9933
1.0
0.9851
0.7724
0.9361
0.9887
0.9396
0.9947
0.9971
0.984
0.954
1.0
1.0
0.9867
0.9875
0.9947
1.0
0.9204
0.9878
1.0
0.9458
0.7431
0.9937
0.9773
0.992
0.9987
0.9941
0.8882
0.9659
1.0
0.8176
0.8297
0.9949
0.9017
0.8657
0.9947
0.9945
0.9671
0.9723
0.968
0.9704
1.0
0.9152
0.9809
0.9923
0.9113
0.9943
0.9762
0.9932
0.9936
0.9867
0.9458
0.9789
0.9956
1.0
0.9137
0.9964
0.991
0.9823
0.9906
0.984
1.0
0.9795
0.9951
0.9926
0.8529
1.0
0.9873
0.987
0.9939
0.9136
0.9567
0.9975
1.0
0.998
0.9476
0.5162
1.0
1.0
1.0
0.99
0.9925
0.9194
1.0
0.9825
0.9889
0.954
0.9087
0.9916
1.0
0.9976
0.9161
0.9333
0.9945
0.9984
0.9986
0.9859
0.9817
1.0
0.9855
0.9245
0.9968
0.984
0.968
1.0
0.9973
0.8689
0.9953
0.9932
0.9967
0.9899
0.8931
0.9973
0.9872
0.9465
0.9917
0.9096
1.0
0.9966
0.9983
0.9993
1.0
0.9956
0.9909
0.8559
0.8944
1.0
1.0
0.9516
1.0
0.9676
0.9856
0.9893
0.9739
1.0
0.7844
0.9892
0.9222
0.9199
0.9944
0.9356
0.99
0.9837
0.936
