49.14
16.81
0.0
36.38
42.2
14.77
0.0
17.85
79.72
28.29
21.11
42.73
54.83
114.4
0.0
17.93
39.24
35.94
29.32
62.05
20.45
52.68
78.89
41.64
103.0
32.08
32.03
47.29
38.73
53.86
55.7
0.0
51.11
32.21
71.96
47.91
48.63
18.06
31.34
53.74
24.46
49.64
80.88
41.93
24.27
19.19
76.76
5.245e-06
35.06
86.58
30.92
0.0
32.57
62.21
25.62
68.27
50.93
58.57
61.3
14.09
31.28
31.18
32.58
39.26
21.44
60.4
0.0
105.1
45.91
0.0
50.04
26.57
72.54
41.33
66.43
0.0
53.18
33.56
43.23
52.82
54.85
0.0
24.27
35.47
39.66
1.475e-06
59.01
26.7
57.07
71.36
17.3
17.17
0.0
33.87
58.67
47.92
44.81
48.44
50.16
27.81
34.39
35.42
36.1
33.62
21.67
2.503e-06
56.72
56.72
25.91
72.64
4.582e-06
54.2
42.19
0.0
39.26
36.46
2.533e-06
73.02
17.46
15.81
2.386e-06
20.88
34.85
36.12
61.81
43.44
26.27
67.23
67.35
38.66
27.17
15.68
6.758e-06
59.67
109.1
41.36
39.03
56.4
13.17
60.23
0.0
35.49
64.85
35.89
38.64
62.19
0.0
45.82
87.7
39.16
84.19
34.97
86.52
65.13
46.89
48.75
32.93
29.1
31.14
29.07
55.89
0.0
24.89
37.74
18.06
15.05
0.0
58.43
28.69
99.1
108.1
56.2
35.08
83.14
25.81
15.77
47.13
84.96
24.92
3.085e-06
28.24
26.48
25.33
64.45
66.65
52.85
18.55
19.72
58.09
76.93
30.97
41.2
95.26
43.86
70.47
13.17
23.09
48.29
60.64
0.0
56.02
30.11
84.39
59.93
78.72
60.59
16.49
80.09
65.9
27.55
36.73
0.0
54.43
66.1
45.4
18.8
46.43
42.88
99.88
53.59
41.62
41.21
33.4
37.24
70.8
38.38
29.88
82.27
134.4
87.85
24.37
64.26
34.31
128.7
24.08
96.6
23.11
2.116e-06
17.17
0.0
32.7
0.0
45.55
45.93
0.0
16.36
43.86
69.42
60.43
56.21
24.23
25.01
28.98
36.88
24.47
79.73
34.45
50.36
21.44
90.67
54.97
14.09
51.31
0.0
15.77
62.38
4.165e-06
71.91
27.84
82.29
0.0
43.03
61.58
60.54
71.11
38.39
0.0
24.73
68.02
18.06
29.83
45.17
48.15
41.64
34.08
19.48
30.94
0.0
27.62
84.92
106.7
26.99
71.9
31.67
21.75
53.57
0.0
53.22
96.87
64.1
45.41
37.25
23.26
13.72
48.19
15.81
64.33
84.68
57.01
69.25
39.66
69.89
70.83
39.8
37.23
53.16
67.51
34.0
61.7
62.12
63.41
38.41
90.94
28.31
72.65
91.94
49.77
83.37
68.65
64.66
37.65
57.36
63.76
90.9
48.8
41.46
18.84
82.89
40.58
100.6
32.78
43.51
57.67
26.57
0.0
39.25
0.0
18.16
24.92
57.42
76.05
0.0
36.68
34.46
32.45
100.3
13.28
0.0
60.87
102.5
57.13
33.72
68.9
55.84
29.13
19.72
31.53
0.0
28.04
21.9
15.59
85.94
55.73
70.02
72.63
18.15
62.69
0.0
32.11
24.31
24.7
4.716e-06
20.98
73.48
37.8
77.29
23.53
35.12
39.53
39.01
3.949e-06
22.95
57.34
18.45
47.14
69.08
34.8
47.88
72.57
22.18
101.7
17.85
0.0
48.05
28.94
27.81
31.81
44.87
40.29
45.89
19.86
85.06
13.86
81.56
21.39
63.6
29.95
13.86
31.41
19.72
42.02
32.64
0.0
0.0
50.09
49.88
70.78
45.46
0.0
62.52
50.04
18.16
32.33
17.17
110.0
45.08
51.12
30.96
39.59
14.04
56.93
0.0
0.0
33.28
113.3
14.09
37.13
74.04
22.38
42.8
33.25
38.43
53.34
31.42
34.0
44.07
33.62
58.6
0.0
101.9
39.36
0.0
24.08
63.49
37.81
26.99
34.13
46.43
66.91
34.21
67.38
42.85
60.67
51.7
73.4
67.26
40.38
34.03
46.55
0.0
2.945e-06
65.39
74.59
28.48
93.38
69.62
89.27
0.0
27.53
50.26
70.91
111.8
38.14
33.62
18.86
30.36
24.66
0.0
57.1
18.64
0.0
34.04
0.0
34.95
3.673e-06
25.67
101.0
43.3
52.43
34.07
32.98
15.59
26.61
58.98
46.02
6.758e-06
79.22
47.75
37.37
61.08
24.79
38.27
26.52
32.2
36.22
51.34
53.83
57.27
67.34
61.74
27.59
41.27
63.0
54.7
48.76
0.0
34.42
59.15
108.5
50.78
48.17
67.41
16.34
43.58
38.25
52.82
54.51
38.24
54.87
87.48
14.22
95.14
41.47
18.07
29.07
15.59
52.03
56.62
19.14
26.64
35.24
45.34
34.67
51.53
0.0
52.56
92.95
46.41
35.45
13.5
30.36
18.07
46.49
0.0
16.49
64.79
52.19
61.49
64.37
0.0
26.96
0.0
49.1
28.18
24.17
33.65
31.8
18.32
0.0
33.72
61.02
71.88
16.81
54.27
39.64
84.47
71.85
24.23
57.78
66.81
29.68
30.6
0.0
70.82
0.0
38.09
30.39
71.98
21.5
39.73
24.36
31.38
60.52
0.0
56.88
138.2
16.49
72.07
49.6
34.41
1.654e-06
47.18
40.1
16.81
51.71
25.38
3.01e-06
77.83
54.06
53.18
22.76
0.0
0.0
44.2
41.21
0.0
46.0
72.59
69.53
44.97
49.62
88.05
27.48
57.68
53.34
32.98
39.55
47.96
49.2
21.05
0.0
61.7
78.57
24.7
53.37
70.1
37.89
0.0
24.84
18.44
59.42
38.51
50.8
48.97
34.04
31.38
74.3
18.07
53.17
33.9
28.26
0.0
39.07
3.818e-06
47.14
0.0
73.85
80.63
48.28
74.49
0.0
46.54
24.46
60.32
35.06
65.1
74.47
38.2
13.86
35.36
68.5
71.58
25.72
41.05
55.92
76.49
12.78
0.0
17.59
55.38
30.9
0.0
47.7
82.83
40.56
28.19
25.21
83.98
23.77
22.93
27.62
17.25
16.81
99.49
79.21
13.86
0.0
57.61
66.89
46.36
51.06
35.19
52.43
71.67
41.71
17.95
15.81
66.65
37.97
25.1
14.04
80.11
46.83
31.14
36.64
92.48
52.8
20.38
86.37
46.68
86.73
12.78
18.32
46.97
18.04
52.42
0.0
49.96
24.71
0.0
32.9
28.17
23.11
74.01
62.21
33.28
56.98
65.48
70.87
5.245e-06
42.93
22.54
54.58
25.08
58.97
24.66
13.34
15.81
47.36
58.73
34.44
96.6
23.31
59.84
28.02
84.08
81.22
102.5
44.1
27.97
27.58
37.01
37.3
0.0
0.0
85.98
85.13
38.24
34.1
37.72
0.0
31.09
78.49
37.45
45.54
43.36
43.59
24.03
15.88
51.17
87.17
69.6
4.642e-06
51.53
20.18
28.12
101.3
43.38
18.63
99.31
15.81
0.0
28.46
99.6
39.28
47.24
0.0
24.85
15.77
61.77
77.46
112.7
0.0
21.99
33.08
49.67
68.06
26.04
0.0
87.59
33.2
22.98
29.16
47.97
60.66
16.85
38.38
0.0
21.98
50.78
94.72
24.19
38.02
27.52
23.0
99.47
62.86
46.05
88.23
27.54
47.3
45.19
0.0
88.05
43.52
36.96
15.67
19.99
43.86
42.73
0.0
49.37
41.22
42.16
48.73
0.0
34.32
96.89
32.05
30.4
66.24
32.62
19.55
18.81
37.35
23.22
64.67
69.69
35.66
71.03
73.68
59.58
28.98
119.5
26.83
36.59
25.06
63.73
0.0
0.0
51.71
26.96
81.6
19.72
41.45
38.79
5.335e-06
31.25
17.46
18.55
38.31
70.74
2.712e-06
30.72
46.64
35.79
33.42
33.16
0.0
42.01
76.65
0.0
66.47
13.86
42.81
46.2
101.9
37.37
47.95
38.64
56.73
27.77
14.64
15.05
60.38
97.54
36.57
85.36
109.0
83.21
31.43
42.35
32.68
52.49
79.15
39.12
82.18
0.0
26.35
21.96
87.44
38.43
69.76
67.02
30.91
49.26
60.49
31.41
59.03
73.52
17.87
93.79
18.71
0.0
0.0
0.0
53.34
25.73
40.56
22.27
64.34
36.13
40.91
47.84
81.42
27.38
56.69
42.62
46.45
21.36
54.4
0.0
49.06
59.3
47.98
50.17
86.32
0.0
78.97
18.07
0.0
38.65
33.12
58.94
70.37
31.67
41.89
62.89
66.11
17.63
95.89
25.5
69.17
27.59
68.37
26.4
68.12
74.59
43.57
52.54
22.32
20.26
0.0
33.94
48.38
51.4
23.81
29.02
31.66
75.61
42.73
0.0
18.55
66.5
32.85
33.11
42.82
75.24
41.06
44.63
77.2
101.1
57.25
40.95
26.61
48.47
102.6
95.37
36.71
46.48
52.51
77.28
65.24
47.76
25.26
81.94
22.52
13.86
49.75
104.1
73.41
46.51
41.77
15.59
16.81
55.07
36.31
116.4
41.64
51.56
28.31
52.94
45.13
37.43
70.26
0.0
84.86
103.1
29.57
26.52
55.06
48.44
47.09
38.09
36.1
73.04
21.24
26.64
0.0
44.69
0.0
28.86
60.61
54.87
24.36
23.31
48.42
29.97
22.23
130.5
87.36
17.08
27.7
30.96
0.0
100.6
75.01
0.0
58.08
0.0
32.7
48.45
56.07
83.0
71.12
0.0
37.83
28.53
18.55
39.04
0.0
25.6
90.98
48.97
54.12
67.55
31.01
41.36
89.97
79.59
56.05
61.5
0.0
61.28
27.49
21.08
38.32
17.85
0.0
90.8
82.01
20.16
31.95
85.86
32.16
35.47
34.39
15.81
61.66
21.34
70.78
37.99
0.0
33.4
56.05
0.0
123.1
27.7
68.06
124.4
29.07
35.68
52.32
46.6
25.45
44.53
29.65
0.0
30.15
34.46
60.21
91.7
95.95
31.51
52.36
124.5
40.81
33.83
77.7
84.17
31.15
78.87
0.0
17.46
29.52
42.2
43.36
29.02
33.51
37.97
20.18
69.17
24.47
104.1
6.422e-06
100.5
58.6
13.86
0.0
92.58
35.78
54.86
0.0
33.12
48.45
64.19
21.85
44.08
42.25
29.57
37.37
38.45
22.6
0.0
0.0
44.56
69.28
46.36
22.26
42.24
66.81
38.76
55.28
21.26
45.57
45.38
24.88
64.96
50.05
45.19
36.98
54.17
77.28
0.0
81.58
22.93
0.0
0.0
0.0
28.48
46.03
36.93
94.57
40.87
49.37
51.55
46.25
15.77
89.42
27.6
0.0
46.88
27.6
47.46
135.4
40.25
0.0
35.58
84.11
48.3
107.9
32.95
4.768e-06
84.87
82.48
31.81
65.39
27.26
73.48
0.0
86.98
0.0
30.69
60.39
32.68
0.0
28.47
41.51
23.91
52.29
56.15
31.12
69.89
27.63
28.54
70.07
15.44
61.33
42.53
75.75
68.57
21.05
26.31
21.24
27.67
89.16
46.86
1.072e-05
52.54
20.63
89.92
33.88
87.61
38.01
16.35
1.205e-06
106.1
35.51
37.41
91.54
76.2
28.57
45.41
37.97
0.0
72.03
40.22
69.84
45.38
63.84
13.86
49.84
41.96
29.31
22.41
32.05
25.73
38.73
30.74
26.52
29.81
56.81
56.71
44.89
0.0
57.21
25.32
41.72
35.13
28.97
35.87
76.01
99.8
0.0
42.47
114.0
32.11
63.84
3.815e-06
25.61
59.53
40.36
27.54
15.59
95.67
60.52
35.92
0.0
49.65
40.38
56.62
72.1
73.92
58.76
55.85
57.06
34.07
48.05
63.3
33.15
48.3
44.97
16.81
58.85
14.04
0.0
32.16
40.9
20.98
0.0
86.42
34.74
38.24
21.1
61.53
80.3
31.85
39.02
77.94
45.19
0.0
24.35
17.17
37.35
56.97
24.25
16.49
18.71
49.74
97.94
36.09
0.0
62.89
66.77
65.18
89.25
39.88
0.0
0.0
61.11
49.83
0.0
43.65
5.752e-06
104.2
0.0
0.0
61.92
41.43
0.0
40.91
0.0
70.37
34.32
26.96
15.77
0.0
24.08
31.51
54.17
44.42
62.35
68.47
94.5
36.99
47.81
51.72
32.39
31.57
99.3
58.5
46.02
30.72
29.88
49.73
0.0
29.24
15.16
38.27
37.08
25.6
9.239e-07
56.84
87.98
41.82
37.27
0.0
17.93
45.38
28.24
0.0
55.94
49.59
27.55
72.12
35.74
35.12
126.7
22.38
30.85
0.0
15.59
38.48
94.66
24.88
35.31
29.24
19.86
90.04
61.01
45.11
13.86
85.78
83.58
0.0
97.48
52.42
65.9
50.97
38.31
40.1
76.71
47.07
0.0
7.92e-06
74.83
24.43
44.04
31.35
77.84
43.52
97.02
105.9
30.47
40.46
20.63
45.2
43.44
49.88
0.0
37.14
73.74
49.92
0.0
0.0
63.22
134.8
105.1
0.0
29.78
73.76
0.0
0.0
0.0
17.17
0.0
70.59
93.16
18.44
101.1
19.55
36.36
44.95
16.81
46.43
49.84
23.97
74.84
23.77
37.63
49.4
25.36
5.782e-06
0.0
34.44
53.34
71.3
18.44
0.0
0.0
71.03
32.13
29.14
47.95
100.5
58.44
25.1
0.0
49.4
23.97
30.39
45.32
28.45
57.0
52.56
41.34
49.68
67.9
58.4
0.0
49.7
0.0
21.75
0.0
98.48
69.86
99.84
2.731e-06
47.33
20.19
32.84
65.4
30.77
70.99
40.88
54.4
42.26
129.4
68.02
37.43
41.45
111.2
57.44
17.46
87.41
32.56
25.36
48.82
76.74
28.54
0.0
54.69
0.0
67.41
0.0
51.01
0.0
1.225e-05
51.2
65.77
46.55
57.55
65.48
44.79
68.55
43.86
62.69
0.0
0.0
38.87
37.65
58.53
81.57
27.7
66.5
119.2
95.2
0.0
60.85
59.15
42.26
59.67
107.4
49.32
0.0
47.57
53.04
32.05
0.0
18.06
26.93
21.24
50.26
14.24
38.32
39.69
1.013e-06
65.0
25.45
43.94
119.5
23.26
67.11
44.38
28.81
45.86
41.06
31.37
49.36
18.07
0.0
0.0
87.84
27.47
41.08
0.0
48.71
49.33
58.46
37.57
0.0
31.09
22.42
38.41
48.14
60.41
35.19
95.67
0.0
28.5
0.0
15.77
114.2
50.65
80.78
82.74
33.12
42.75
0.0
1.252e-06
44.86
15.59
24.25
64.1
62.67
84.49
124.0
59.38
38.56
22.98
59.52
18.07
65.23
43.36
38.94
46.78
88.41
16.81
40.95
41.82
19.32
26.4
37.97
64.33
29.24
14.04
35.63
45.13
84.11
2.086e-06
18.86
76.09
97.24
26.34
50.7
18.44
0.0
75.18
13.85
40.73
34.89
46.55
88.38
47.99
15.44
16.49
45.08
19.32
15.81
29.58
19.81
41.71
34.04
0.0
90.58
32.02
73.75
88.69
25.99
34.08
38.34
15.44
39.02
50.62
33.94
47.18
64.06
46.58
117.0
0.0
0.0
16.49
101.8
62.29
38.73
32.33
57.26
34.14
45.86
94.73
65.37
42.35
71.11
60.05
56.26
32.62
41.62
89.5
63.76
37.92
41.11
53.36
67.4
89.97
53.44
4.642e-06
7.749e-06
22.66
48.81
50.09
56.0
37.99
95.26
41.57
54.11
30.36
42.16
63.24
33.82
0.0
59.22
69.28
23.59
105.2
27.67
30.26
43.29
52.18
49.16
0.0
53.18
54.11
38.64
63.7
14.04
87.73
0.0
71.57
0.0
66.28
49.08
40.58
101.1
53.88
80.01
39.57
73.34
52.44
64.58
25.01
36.14
37.49
35.24
48.69
0.0
12.34
35.13
74.67
47.97
48.46
30.82
24.17
45.06
32.0
33.27
8.166e-06
47.82
50.4
0.0
13.86
37.01
90.73
58.93
0.0
23.33
57.85
0.0
13.86
18.91
35.75
72.42
78.18
46.83
66.22
93.8
24.19
39.06
147.2
35.19
62.14
0.0
79.7
72.83
58.07
66.77
0.0
14.95
36.36
20.54
60.44
67.66
45.2
48.48
52.5
107.0
61.51
22.79
44.09
73.68
79.74
0.0
88.77
50.21
23.53
66.22
50.21
46.44
53.59
15.59
43.57
89.37
23.14
36.44
46.74
53.38
36.49
54.58
65.38
59.67
53.69
16.28
37.43
15.59
0.0
98.34
29.2
0.0
30.16
35.01
67.78
35.49
57.55
24.31
0.0
74.72
48.52
78.89
51.45
60.29
39.73
48.04
0.0
43.05
57.2
80.45
28.44
52.57
99.5
23.59
31.34
26.36
0.0
40.44
63.24
45.65
122.2
38.77
70.44
30.2
70.41
44.17
92.58
70.91
100.8
80.75
46.12
0.0
52.4
43.42
58.73
56.78
49.53
46.5
45.6
41.45
84.81
74.69
107.4
46.95
76.42
79.59
33.13
48.39
51.28
66.92
37.27
0.0
39.37
73.57
65.39
25.1
54.51
19.72
48.37
90.94
14.74
31.44
34.86
55.72
0.0
22.23
49.48
21.37
32.16
34.62
62.14
21.1
33.54
49.71
81.02
26.87
88.12
121.2
0.0
75.29
71.43
30.32
28.54
14.77
29.92
75.4
42.91
37.51
37.67
116.4
60.45
59.08
79.07
69.32
121.9
26.88
57.76
59.29
38.8
34.95
39.44
0.0
87.5
77.79
0.0
3.651e-06
22.94
28.35
0.0
83.02
90.52
47.17
38.84
53.72
25.08
92.74
87.44
43.53
67.5
73.67
105.3
35.82
53.43
68.06
0.0
20.14
50.71
106.2
25.83
35.81
24.63
37.79
55.71
39.99
38.43
1.475e-06
32.19
18.07
0.0
58.34
99.31
0.0
42.94
0.0
57.06
0.0
15.37
79.7
54.71
63.62
25.81
30.04
0.0
36.22
45.32
18.15
0.0
78.4
23.11
18.09
70.43
77.28
129.9
0.0
38.87
0.0
43.96
15.68
41.86
65.19
46.57
47.35
89.72
0.0
51.24
28.44
0.0
80.66
120.4
118.6
46.0
20.63
72.54
0.0
48.44
21.88
15.81
50.6
34.18
65.59
48.72
45.28
35.92
20.26
32.28
74.65
61.62
38.14
72.78
57.37
38.42
18.98
0.0
13.86
32.68
34.67
0.0
46.27
46.73
0.0
111.0
23.35
3.949e-06
54.97
24.36
13.81
28.12
19.47
51.55
75.9
0.0
94.72
72.75
13.5
129.3
22.94
49.33
81.7
86.16
41.95
63.69
51.56
14.24
48.52
91.51
35.72
61.87
23.5
93.95
47.72
36.69
26.09
0.0
28.28
52.58
68.95
50.93
27.8
59.01
88.64
3.651e-06
44.79
38.97
94.94
43.97
27.25
60.9
40.45
31.02
64.17
65.04
39.02
57.47
0.0
27.48
68.43
0.0
49.75
44.86
48.11
13.86
18.63
43.94
44.04
23.92
79.29
48.6
52.16
78.12
17.46
66.6
86.29
41.38
43.42
15.05
37.85
60.06
33.22
52.26
61.93
57.72
76.86
93.76
38.93
0.0
68.21
76.32
75.17
3.338e-06
103.8
63.89
69.25
55.99
95.62
15.81
61.77
63.21
19.81
0.0
34.18
45.64
27.84
46.73
32.47
33.18
82.25
103.6
70.28
29.97
0.0
42.77
117.5
51.64
55.83
69.02
35.14
87.44
13.81
20.26
94.35
71.11
34.21
0.0
35.47
0.0
0.0
32.64
93.2
84.28
32.84
37.03
128.0
23.27
47.26
44.92
36.98
38.45
46.56
57.49
80.44
30.36
0.0
0.0
71.85
1.654e-06
67.94
80.11
31.12
86.73
94.34
72.64
53.62
54.94
38.33
22.26
20.26
71.11
29.56
39.53
39.01
33.42
24.36
76.54
41.12
3.01e-06
126.3
82.41
33.97
0.0
29.97
81.96
0.0
15.59
61.95
51.77
33.08
53.46
44.48
55.21
0.0
52.32
68.58
0.0
51.35
28.81
52.56
55.78
0.0
24.91
66.28
61.83
43.21
36.71
32.85
36.89
0.0
48.14
42.73
39.64
33.2
61.31
26.16
38.72
43.97
0.0
50.8
39.95
117.1
61.38
46.14
74.04
61.92
44.92
87.13
47.15
44.79
81.28
47.57
98.83
46.5
47.25
92.76
30.8
47.37
55.74
30.68
87.96
81.02
47.3
54.83
33.12
64.15
72.93
0.0
31.35
72.99
3.01e-06
61.99
0.0
15.88
23.72
26.96
71.01
0.0
56.7
39.22
54.51
34.86
93.2
138.2
24.2
36.21
17.87
53.37
0.0
0.0
63.52
0.0
83.12
18.64
15.81
0.0
58.73
37.41
52.41
15.28
18.18
0.0
34.81
44.64
0.0
110.5
31.42
0.0
52.7
0.0
87.32
39.53
99.98
55.07
42.0
28.06
27.68
26.32
36.4
99.39
23.93
28.97
0.0
47.76
67.67
0.0
23.7
67.12
37.43
97.25
60.51
60.69
0.0
0.0
41.46
34.04
60.46
27.55
18.44
0.0
96.7
24.23
0.0
40.1
54.01
14.95
43.76
37.5
92.17
44.47
79.05
54.47
0.0
91.93
45.5
22.04
29.87
0.0
38.61
56.2
24.23
30.33
86.53
63.1
38.03
37.83
0.0
47.78
69.19
19.19
54.38
52.8
1.043e-06
91.14
37.32
124.8
98.57
44.13
58.06
51.28
47.46
37.23
0.0
95.29
14.09
31.81
28.74
111.0
65.9
14.04
0.0
28.39
23.72
39.01
34.86
34.05
93.12
52.11
104.9
0.0
25.06
44.54
15.3
43.97
39.64
18.98
42.16
69.61
53.49
42.16
82.71
44.2
18.55
97.32
30.02
15.75
30.69
21.24
40.0
28.29
91.92
46.27
49.35
71.92
52.28
22.32
28.75
8.464e-06
47.63
4.053e-06
43.01
21.26
36.81
29.31
0.0
33.78
94.74
36.06
52.98
35.3
50.75
129.4
35.44
36.6
5.841e-06
54.16
48.42
70.37
47.96
30.91
86.12
92.77
28.26
0.0
58.39
35.98
67.98
51.35
93.46
1.161e-05
37.99
21.39
66.34
59.34
24.21
0.0
55.06
31.86
90.37
72.76
20.35
24.32
36.68
22.16
100.1
47.14
30.4
18.8
45.65
108.9
50.17
0.0
76.09
2.945e-06
76.26
31.59
22.78
102.2
37.81
26.83
27.58
28.41
45.06
4.59e-06
0.0
38.94
27.12
24.68
41.2
0.0
48.24
47.83
31.34
0.0
1.043e-06
74.68
31.36
39.25
64.67
67.66
26.99
51.19
52.61
0.0
78.19
80.11
73.14
61.84
0.0
75.54
28.91
59.66
36.88
45.6
64.31
42.76
52.81
43.21
27.9
103.0
78.45
0.0
45.59
55.3
43.1
27.23
131.0
0.0
26.34
49.27
47.1
23.58
33.18
36.12
34.63
92.63
0.0
0.0
121.1
110.6
93.45
34.89
0.0
32.68
85.41
42.39
15.81
28.94
40.29
22.38
0.0
69.95
51.71
70.83
73.03
39.6
34.81
56.72
59.72
31.25
23.93
39.59
65.9
61.31
50.65
33.38
60.6
42.82
61.04
0.0
0.0
28.5
21.05
0.0
0.0
72.38
67.54
68.22
0.0
66.24
17.87
43.95
60.3
0.0
86.95
13.5
91.93
0.0
77.81
73.92
0.0
35.51
30.41
37.25
61.67
30.9
79.83
43.22
54.65
51.75
72.71
24.31
64.64
53.04
30.54
39.97
30.69
37.26
35.85
37.61
98.9
42.75
68.54
124.6
57.68
83.28
49.03
34.81
33.62
28.14
41.07
88.56
52.45
45.19
18.45
16.49
57.44
113.6
55.56
97.05
66.39
30.15
0.0
0.0
80.1
38.71
28.58
34.86
23.7
67.6
57.78
45.11
48.74
44.51
43.74
85.66
56.42
39.06
49.9
54.06
48.14
24.63
38.64
30.82
0.0
99.92
57.88
79.68
0.0
0.0
60.41
70.62
0.0
31.51
55.32
16.17
51.99
40.33
32.68
58.06
93.23
0.0
68.77
74.09
0.0
109.1
0.0
110.5
0.0
0.0
33.13
24.37
97.53
0.0
0.0
40.13
87.61
0.0
0.0
26.83
34.07
90.94
128.9
92.74
84.78
21.34
66.11
32.51
0.0
44.7
85.49
93.27
32.45
68.96
120.2
95.85
47.74
25.99
71.71
22.38
43.51
47.14
38.2
40.28
97.82
35.04
31.36
32.47
44.97
15.81
17.85
55.07
20.14
28.49
96.62
0.0
35.85
49.35
24.66
21.45
51.9
26.09
24.2
25.26
30.21
27.25
55.2
42.09
83.95
30.31
0.0
62.9
69.85
59.48
67.11
85.41
44.74
57.12
24.43
41.94
46.6
57.71
97.7
68.88
53.37
22.89
15.59
82.37
27.6
40.95
32.56
53.43
14.22
74.04
43.05
40.27
14.65
50.36
45.88
34.17
56.11
42.15
78.57
35.44
18.07
54.17
0.0
0.0
0.0
18.06
101.4
86.24
0.0
48.02
0.0
49.17
42.06
60.6
0.0
69.23
80.96
44.44
56.87
99.1
21.08
55.3
0.0
29.97
59.61
72.32
107.9
31.74
87.24
0.0
102.1
49.76
62.26
21.24
120.4
32.19
41.17
47.09
73.23
110.5
43.43
61.87
0.0
0.0
29.81
0.0
35.99
56.84
44.95
65.1
41.0
65.98
36.84
53.6
80.02
0.0
31.68
0.0
78.35
40.8
48.47
52.83
0.0
60.18
93.06
57.24
44.39
129.5
121.6
85.63
99.72
39.64
124.7
50.66
0.0
24.35
58.78
48.82
2.638e-06
32.44
49.46
42.94
65.13
50.27
34.11
68.56
15.86
36.08
0.0
10.64
0.0
0.0
34.58
0.0
74.51
29.78
44.73
89.12
48.13
65.06
46.58
34.45
27.82
14.09
25.61
22.82
126.0
0.0
50.38
3.07e-06
3.71e-06
67.2
42.19
80.58
52.03
79.07
73.94
52.49
42.99
42.07
47.8
22.86
87.73
0.0
66.28
44.12
20.26
87.29
87.91
84.11
62.84
57.86
39.19
25.52
44.76
75.9
56.4
20.65
17.67
91.43
31.01
23.26
58.84
48.8
71.96
35.78
27.7
0.0
21.0
0.0
32.43
94.35
60.38
0.0
98.3
51.61
48.34
36.49
35.06
26.31
73.86
36.85
28.29
28.34
41.77
0.0
59.71
78.89
22.07
32.68
33.92
73.55
51.12
29.24
0.0
65.7
0.0
28.31
0.0
35.14
0.0
56.74
38.42
60.63
72.85
29.35
36.13
32.78
66.43
77.43
40.24
32.97
70.29
30.28
44.2
57.67
64.6
72.03
68.75
35.57
36.92
30.15
48.72
46.77
0.0
20.74
0.0
25.87
28.04
47.88
0.0
36.73
22.41
14.04
53.57
21.83
79.14
108.1
0.0
78.66
13.17
0.0
32.9
12.34
17.3
24.89
52.54
48.8
30.11
0.0
37.02
57.53
151.7
82.83
68.16
0.0
47.13
62.05
51.95
52.82
0.0
60.46
59.2
55.26
39.8
0.0
34.14
71.6
56.72
43.71
51.08
85.77
43.76
15.48
126.7
54.76
56.41
71.07
57.41
0.0
95.11
95.69
62.11
0.0
26.81
0.0
81.87
0.0
51.02
45.46
47.97
58.01
70.79
18.09
23.28
53.1
0.0
29.92
46.71
0.0
34.83
124.8
91.93
44.41
99.75
49.26
21.24
59.88
76.63
0.0
0.0
61.78
61.78
81.35
5.752e-06
34.91
72.28
0.0
76.09
96.0
28.31
63.84
72.66
21.67
42.56
99.92
44.7
0.0
123.2
47.25
41.58
69.67
62.38
26.72
80.78
37.37
37.74
61.52
65.4
0.0
63.02
60.14
53.96
35.04
64.99
55.66
47.01
24.23
13.34
56.81
92.89
64.19
0.0
58.4
23.54
32.08
46.28
47.16
60.19
0.0
78.1
27.05
44.81
103.5
0.0
63.83
44.13
35.79
21.13
74.09
29.0
0.0
21.35
88.14
35.98
0.0
0.0
0.0
74.27
50.04
49.53
0.0
55.37
92.56
30.94
90.04
55.48
0.0
17.85
24.66
34.03
30.58
13.5
15.23
70.85
69.11
0.0
56.48
83.58
26.36
59.78
65.13
0.0
51.23
33.11
43.56
39.46
46.97
61.23
32.93
19.12
48.81
79.6
40.64
100.2
0.0
25.78
18.32
20.21
0.0
20.88
31.59
119.2
65.67
0.0
0.0
38.76
0.0
20.16
53.68
22.79
16.28
0.0
128.4
41.88
59.52
41.94
37.83
76.58
43.41
43.14
76.58
