2.398
3.447
3.585
3.758
5.163
2.345
2.375
3.867
2.485
2.824
3.501
3.496
2.257
3.478
3.748
0.0
4.451
2.777
3.292
1.735
3.952
4.655
3.449
2.759
2.853
2.78
2.766
3.248
3.413
2.876
2.783
0.0
4.13
5.659
4.718
1.906
2.839
5.345
3.227
2.906
0.0
4.807
4.269
4.781
5.394
2.735
0.0
3.264
3.585
4.17
4.411
4.967
3.505
1.076
3.884
2.563
3.416
0.0
2.683
6.239
3.349
5.558
4.439
3.649
6.922
5.34
5.568
4.476
2.846
1.175
0.0
3.645
4.354
2.934
4.83
5.787
4.551
3.91
3.323
2.163
3.434
4.838
3.364
3.946
0.0
3.309
3.546
3.968
4.425
3.656
2.176
4.317
2.559
4.976
5.425
3.427
3.394
3.069
3.564
5.123
2.962
3.831
3.128
1.905
4.1
4.816
2.917
5.488
5.626
3.805
3.486
2.842
5.576
4.347
3.441
0.0
3.67
4.702
4.195
5.395
3.279
3.655e-07
2.295
3.491
3.039
4.007
3.675
2.334
3.748
3.072
3.633
4.706
5.792
2.594
5.488
3.876
6.544
4.32
4.408
4.474
2.894
6.106
6.029
2.979
2.596
3.97
4.23
5.273
5.04
2.817
7.405
3.886
2.594
3.881
2.235
4.144
3.751
5.217
3.59
3.62
5.184
6.483
4.498
7.046
3.226
5.015
3.017
2.813
3.948
4.685
2.344
2.507
5.661
3.993
3.953
4.003
5.057
10.25
3.34
2.994
4.985
2.741
2.243
2.993
4.221
3.255
5.356
2.742
6.029
5.708
4.73
4.836
7.77
5.205
5.323
3.047
5.176
5.689
2.779
2.939
4.182
5.69
3.396
6.373
2.293
1.869
6.228
4.509
4.001
4.79
4.086
4.632
3.681
5.839
6.036
4.923
6.858
4.14
2.402
3.788
6.231
3.626
7.505
4.195
3.62
3.751
4.637
3.774
6.059
2.841
3.986
4.073
6.166
2.328
1.799
4.971
6.16
7.087
3.936
4.431
4.477
4.014
2.211
3.098
2.403
6.047
5.927
5.834
6.965
4.364
3.23
3.907
5.342
4.062
4.244
5.257
5.878
3.842
4.574
3.376
5.878
3.843
4.563
5.302
5.777
4.661
3.804
4.008
6.413
4.126
3.529
3.679
4.28
5.819
4.927
4.03
5.685
4.94
4.176
3.892
5.52
4.581
8.275
6.126
6.78
4.289
3.407
8.511
3.593
3.978
3.977
5.245
4.106
4.299
7.448
4.116
5.137
4.245
4.76
6.418
6.045
5.61
6.66
4.872
4.197
4.974
4.793
5.29
5.03
6.6
5.286
1.731
8.261
6.847
6.09
2.831
7.194
6.761
6.366
5.069
4.39
7.532
4.257
5.926
5.454
8.209
5.693
4.546
4.805
2.975
4.161
3.582
4.808
4.758
2.889
6.976
3.432
6.495
5.013
2.205
3.815
7.878
4.154
6.071
4.806
6.291
6.892
5.679
8.618
6.594
4.876
6.837
4.998
5.746
3.972
4.375
3.473
4.476
5.158
6.437
5.256
7.388
4.851
5.45
7.007
5.049
4.017
8.149
3.307
6.746
5.368
6.465
6.933
3.242
5.408
4.609
2.108
6.842
6.736
5.695
4.822
2.453
5.672
4.784
4.267
4.588
7.113
4.187
5.337
4.565
5.775
5.71
3.074
4.505e-07
5.224
5.376
3.372
7.631
5.506
5.607
6.288
4.457
5.228
5.958
4.232
4.901
5.441
6.309
4.475
5.41
5.322
5.647
10.23
6.028
5.905
2.491
6.22
5.945
4.646
4.032
6.514
7.664
6.89
5.602
5.049
6.929
5.422
4.156
5.673
8.035
4.83
5.183
6.067
5.984
6.708
4.318
8.673
6.915
6.788
6.887
6.348
3.534
6.377
4.498
4.328
5.927
5.093
5.549
3.735
6.461
5.377
3.985
9.684
5.67
3.832
3.755
6.561
5.124
8.298
7.922
6.312
6.824
7.343
7.974
4.426
6.287
7.841
4.33
2.644
1.789
6.233
5.369
3.889
4.686
6.46
8.897
5.048
4.86
6.436
8.571
7.219
4.818
3.083
3.66
9.121
6.753
4.399
6.899
6.917
6.508
6.085
5.11
5.907
6.519
6.639
4.672
4.631
5.841
5.197
5.444
6.931
5.67
10.86
4.856
6.367
4.747
6.301
8.712
8.947
5.383
5.335
5.492
5.794
6.621
6.353
5.005
6.411
4.311
4.249
5.807
6.457
8.651
4.892
5.455
4.603
5.67
8.12
4.632
6.491
5.387
7.443
6.931
9.901
5.144
6.877
7.76
5.298
4.397
5.498
7.082
5.284
5.932
6.729
8.092
7.258
7.534
8.203
4.43
7.309
6.683
4.635
6.924
3.275
7.835
5.704
6.397
7.008
5.927
4.248
6.882
7.935
5.536
4.869
4.441
6.294
3.82
5.917
6.918
7.479
6.379
11.14
8.166
6.53
7.056
4.951
6.025
6.603
5.903
4.946
9.356
6.876
6.074
5.455
9.65
8.557
6.905
7.938
7.058
5.296
6.009
7.74
6.169
4.995
8.663
7.167
8.893
9.058
7.737
11.31
8.513
6.287
6.61
7.601
7.482
7.728
7.56
6.009
8.822
6.157
5.694
8.855
7.794
7.426
6.487
4.75
6.206
5.437
4.686
4.728
6.346
7.61
10.19
5.902
5.833
7.755
6.74
11.1
6.595
7.088
8.169
3.724
11.53
6.715
5.74
8.983
4.327
10.46
6.32
5.677
5.843
5.799
5.844
6.364
6.826
5.348
7.528
7.807
4.209
4.676
6.484
4.75
4.28
5.324
4.883
6.131
5.905
8.812
8.927
5.14
6.499
5.324
3.197
8.399
6.459
7.81
7.6
5.126
6.984
7.167
9.047
6.374
7.287
7.503
7.424
9.051
10.76
7.15
6.662
5.72
8.435
7.404
7.322
7.604
9.802
7.996
4.768
6.363
4.559
8.076
6.356
13.44
10.48
6.632
2.088
3.913
7.959
8.26
9.008
8.424
6.969
7.728
8.865
6.989
9.301
4.42
9.465
6.783
10.3
7.089
7.283
5.598
6.116
4.829
8.741
6.249
7.532
6.925
7.722
4.224
7.767
9.836
7.304
4.265
9.217
9.582
5.966
7.515
7.993
8.19
6.416
6.506
5.599
6.275
6.8
7.796
5.184
10.38
5.918
10.89
7.578
6.508
8.361
9.353
5.489
4.703
5.69
7.487
6.362
9.524
6.036
7.559
6.356
8.787
9.594
7.043
11.36
6.985
8.359
5.674
6.802
5.109
6.551
7.625
5.693
6.268
7.044
8.321
4.895
8.315
9.458
6.325
10.69
5.713
7.6
6.957
10.13
6.263
8.917
5.392
6.882
6.759
10.03
8.373
9.891
7.883
8.309
7.213
10.73
8.947
6.105
7.139
7.798
6.649
6.155
6.374
4.289
1.904
2.798
2.798
3.415
3.98
2.66
2.343
1.833
1.833
3.908
3.881
0.0
0.0
4.417
3.69
0.0
2.195
2.065
0.9867
3.707
3.789
2.49
3.863e-07
2.868
3.826
2.324
0.8057
2.798
2.744
2.932
1.723
3.097
4.547
4.422
1.296
1.861
3.758
0.515
0.0
0.4523
1.433
0.9064
3.114
5.276
5.162
1.555
4.96
2.503
4.255
2.455
2.798
2.798
2.798
2.798
2.798
4.569
1.198
1.546
2.459
1.536
2.545
3.792
3.106
3.395
1.692
8.429
7.159
4.161
3.661
2.798
2.798
4.169
4.598
4.389
7.751
3.9
7.39
1.931
5.019
4.863
4.245
9.859
3.615
2.798
2.798
2.798
2.798
2.798
2.798
2.775
2.775
3.462
3.492
3.609
3.914
4.232
4.476
2.489
2.793
5.313
1.059
4.854
2.667
3.342
6.264
4.292
2.108
2.319
4.695
2.406
2.845
3.968
3.939
2.93
3.699
2.71
8.901
4.728
4.247
5.383
3.445
3.024
7.483
4.87
2.962
9.641
6.119
7.456
6.19
5.154
6.64
3.997
6.295
4.21
3.271
3.271
5.599
3.654
3.965
6.42
4.7
7.116
4.572
3.185
9.529
5.806
5.865
6.665
7.077
4.292
6.298
7.462
6.175
5.045
4.934
6.067
7.57
3.922
5.302
6.91
8.021
6.147
4.926
2.684
4.824
3.192
6.654
4.148
5.783
7.915
8.356
5.754
9.002
5.63
5.24
7.404
5.503
8.357
5.226
4.32
4.755
4.657
4.943
7.213
8.211
4.555
8.062
3.69
4.198
8.227
7.944
3.997
6.139
5.471
5.56
6.437
9.16
3.005
6.976
5.044
8.259
5.003
6.684
3.719
5.001
5.947
3.676
4.444
4.621
6.372
5.313
2.892
3.289
3.851
6.411
8.669
5.277
5.1
4.585
6.874
7.503
6.904
6.011
11.23
4.533
6.885
4.095
6.576
4.871
9.282
5.158
8.062
5.785
8.788
5.017
7.329
4.5
7.117
6.921
3.032
7.779
7.558
9.394
6.192
4.734
5.973
4.369
7.897
5.815
5.697
4.653
5.318
8.845
7.871
6.275
5.873
5.43
9.34
4.486
5.2
6.511
5.942
5.748
7.801
3.817
6.342
10.65
5.217
4.531
6.755
5.548
4.971
6.137
4.008
6.427
6.101
5.476
3.208
6.767
8.394
8.35
2.708
5.169
4.465
10.53
5.432
10.33
7.854
4.988
4.526
6.625
6.533
6.13
6.918
9.93
6.707
8.336
6.318
5.096
5.037
5.345
6.344
8.003
4.794
9.122
7.279
10.02
5.299
4.448
7.896
4.719
9.918
15.83
7.532
7.873
3.748
11.16
12.01
4.87
5.426
5.677
8.042
4.838
8.25
4.66
7.908
6.953
8.126
4.988
7.973
4.37
5.82
9.108
7.585
5.608
6.66
8.15
6.475
6.443
5.471
10.72
4.943
5.505
7.033
6.115
5.445
6.307
6.079
8.421
7.357
6.173
4.75
7.032
9.649
6.313
8.459
6.945
7.788
5.574
6.353
5.186
5.707
8.343
6.033
7.033
7.801
11.56
7.825
5.169
6.868
6.481
5.569
7.388
7.857
10.57
7.342
6.512
7.426
7.024
5.763
5.538
9.719
6.31
6.911
6.579
10.86
6.662
8.126
5.937
4.994
5.22
6.901
10.62
7.709
4.352
7.753
5.875
6.235
4.584
7.762
6.385
5.557
5.422
9.551
5.151
5.26
7.803
4.852
6.468
7.313
5.066
8.31
10.42
6.395
6.907
8.423
6.863
8.294
9.753
3.902
5.41
7.173
4.497
6.817
9.643
7.325
12.61
5.684
7.477
5.391
8.972
7.205
4.443
5.377
7.465
9.298
7.807
7.096
7.774
7.341
7.889
9.037
8.325
11.23
6.21
6.433
6.284
8.86
12.81
6.855
5.441
8.255
9.023
4.335
12.98
6.42
6.197
7.911
8.131
7.336
8.505
9.951
7.273
6.314
10.4
7.19
4.91
9.082
8.702
8.905
9.803
6.793
7.859
11.27
9.213
8.901
5.96
8.83
8.402
11.06
6.166
9.654
7.78
7.72
6.298
6.735
7.825
6.071
8.902
10.37
11.69
6.718
9.065
8.716
8.95
4.777
8.946
6.129
8.554
6.036
5.513
4.045
6.374
13.62
8.589
7.585
8.097
10.61
7.026
15.38
6.089
8.05
9.235
11.51
8.071
9.038
11.85
7.635
16.85
8.176
8.177
6.577
13.55
6.23
9.576
6.236
6.831
8.669
9.117
8.397
6.801
6.734
11.66
7.78
6.537
8.229
12.23
9.147
8.907
10.81
8.08
7.33
9.697
11.46
7.461
12.87
11.14
6.525
9.751
7.854
9.282
7.849
4.992
9.123
10.07
14.31
5.7
8.116
11.73
9.394
10.93
9.671
14.75
10.05
7.385
12.32
10.34
8.016
12.33
15.31
5.923
9.66
9.52
8.133
10.56
10.27
9.359
8.682
8.264
8.911
9.369
13.5
9.965
7.152
10.25
8.647
8.183
14.69
7.332
13.14
11.12
6.008
11.35
7.601
12.19
12.96
12.58
8.811
8.041
7.048
10.55
6.492
6.006
5.599
11.61
7.859
10.85
10.34
8.828
7.95
9.805
11.7
8.762
10.65
10.11
7.84
9.848
12.41
9.641
8.634
7.494
8.663
8.397
13.26
9.46
9.572
9.495
11.88
9.506
11.11
10.39
9.082
9.491
7.558
9.481
8.471
8.738
9.449
7.021
11.14
6.887
13.43
9.745
6.675
8.738
6.28
10.09
7.205
8.399
9.345
7.425
7.378
7.59
7.673
6.597
9.615
12.65
6.415
9.336
12.35
16.54
6.406
12.04
8.968
9.981
12.66
5.606
10.54
7.31
8.856
9.361
11.46
7.894
13.0
10.9
13.79
9.103
9.936
15.15
9.813
8.168
8.253
8.203
7.907
9.382
9.391
12.26
9.152
9.924
8.192
4.566
7.25
11.72
12.39
9.364
6.46
15.54
11.13
9.926
7.967
7.37
10.41
