0.8881
0.9647
0.8862
0.8824
0.9963
0.9336
0.9652
0.9595
0.9847
0.9291
0.8683
0.9138
0.9464
0.9267
0.9147
0.8865
0.9135
0.9041
0.9628
0.9751
1.0
0.9824
0.8475
1.0
0.9139
0.9493
0.9918
0.9969
0.9171
0.9682
0.9122
0.9344
0.9816
0.9176
0.9148
0.8767
0.9916
0.9264
0.9357
0.8802
0.9854
0.9159
0.9265
0.9438
0.9552
0.8949
0.8958
0.9987
0.9029
0.9134
0.9206
0.8682
0.9164
0.9075
0.9862
0.9919
0.8875
0.9511
0.9439
0.9506
0.8774
0.8954
0.922
0.971
0.9267
0.8309
0.9929
0.9222
0.8882
0.9072
0.8475
0.9131
0.9233
0.9283
0.9146
0.9187
0.8954
0.9039
0.9043
0.919
0.9637
0.9684
0.99
0.9801
0.9806
0.8614
0.9916
0.9166
0.9373
0.9375
0.8255
0.9787
0.9413
0.9555
0.9601
0.8431
0.9602
0.9429
0.8981
0.984
0.9895
0.8755
0.8548
0.8857
0.9903
1.0
0.9075
0.9663
0.8897
0.9233
0.9219
0.8096
0.946
0.9056
0.9034
0.9267
0.942
0.9485
0.9627
0.9783
0.9252
0.9491
0.9306
0.8345
0.8781
0.7829
0.9342
0.9877
0.997
0.8947
0.9538
0.9381
0.9577
0.9952
0.9689
0.9064
0.9003
0.9656
0.925
0.8744
0.8703
1.0
0.9225
0.9229
0.9017
0.8768
1.0
0.9112
0.9902
0.8233
0.9413
0.9298
0.9687
0.9334
0.9842
0.9051
0.8993
0.9286
0.9858
0.966
0.9208
0.8919
0.8895
0.9715
0.9029
0.9877
0.9852
0.9728
0.8378
0.8883
0.8303
0.92
0.9267
0.9493
1.0
0.9353
0.8644
0.8724
0.975
0.8954
0.9093
0.9813
0.8878
0.8954
0.99
0.9886
0.8973
0.8751
0.9243
0.9227
0.9097
0.8602
0.9404
0.9094
0.991
0.9526
0.9436
0.8665
0.9426
0.9166
0.9675
0.9738
0.8894
0.9806
0.9441
0.9546
0.926
0.9917
0.9073
0.9175
0.8656
0.8284
0.8927
0.947
0.9937
0.8693
0.9954
0.902
0.962
0.9868
0.9572
0.8528
0.9778
0.9266
0.9609
0.9465
0.9897
0.9184
0.8451
0.9487
0.9418
0.9027
0.92
0.9878
0.9852
0.912
0.9033
0.876
0.9253
0.9672
0.9045
0.9864
0.8307
0.7961
0.962
0.968
0.9203
0.9741
0.8907
0.9862
0.9661
0.9603
0.869
0.9882
0.8717
0.9645
0.9476
0.9579
0.8583
0.9277
0.9681
0.9818
0.8944
0.9379
0.948
0.8022
0.9191
0.8523
0.9677
0.8394
0.9787
1.0
0.9627
0.8691
0.9044
0.8848
1.0
0.8239
0.8475
0.8989
0.8893
0.9224
0.9257
0.9026
0.995
0.9238
0.9663
0.9127
0.9109
0.9394
0.7835
0.9274
0.9438
0.9609
0.9132
0.9257
0.8946
0.8475
0.8055
0.9115
0.9413
0.9394
0.9637
0.8814
0.9985
0.9743
0.922
0.9346
0.8578
0.9108
0.9749
0.8634
0.9357
0.8943
0.9967
0.9749
0.8877
0.9056
0.9919
0.9164
0.9112
0.854
0.9555
0.913
0.976
0.8873
0.836
0.9178
0.8657
0.8812
0.907
0.9537
0.9022
0.8677
0.8932
0.9668
0.8875
0.9202
0.9433
0.8208
0.9148
0.9166
0.8806
0.9747
0.9902
0.9688
0.8714
0.9521
0.9473
0.9616
0.9348
0.8869
1.0
0.8917
0.8201
0.8999
0.8897
0.8782
0.9789
0.866
1.0
0.9744
0.929
0.9029
0.8494
0.9288
1.0
0.8925
0.9928
0.9133
0.9058
0.9389
0.9494
0.9233
0.8864
0.9053
0.9439
0.9569
0.8901
0.9952
0.9939
0.9179
1.0
0.9334
0.8426
0.9251
0.9433
0.9382
0.9649
0.8852
0.8665
0.9052
0.9194
0.8812
0.9736
0.8965
0.9392
0.8884
0.9333
0.9078
0.9505
0.889
0.968
0.9732
0.8586
0.9191
0.9816
0.9493
0.9749
0.9894
0.8919
0.8824
0.983
0.9496
0.8687
0.8303
0.9428
0.8656
0.9248
0.9237
0.9569
0.9922
0.9124
0.9665
0.9919
0.988
0.8656
0.9026
0.9827
0.9559
0.9807
0.8811
0.9325
0.9566
0.8844
0.9562
0.9108
0.8011
0.8136
0.8619
0.919
0.8763
0.9004
0.9077
0.978
0.8387
0.9127
0.8596
0.9343
0.9939
0.9604
0.9797
0.9865
0.917
0.9667
0.9559
0.8874
0.9291
0.906
0.9941
0.8618
0.9389
0.9679
0.8697
0.9848
0.9511
0.9375
0.9765
0.9586
0.8487
0.9894
0.896
0.9251
0.8953
0.9613
0.8963
0.89
0.9348
0.982
0.9254
0.9163
0.9239
0.9284
0.9264
0.8896
0.886
0.8946
0.9008
0.8303
0.9661
0.8988
0.8272
0.9624
0.8963
0.9894
0.9391
0.9531
0.8797
0.9457
0.8758
0.8963
0.89
0.8802
0.9494
0.9134
0.9502
0.9024
0.9279
0.9154
0.9654
0.9653
0.8887
0.9654
0.9447
0.9131
0.9202
0.9979
0.903
0.9803
0.9637
0.9257
0.9394
0.9573
0.9245
0.9129
0.9658
0.9725
0.9738
0.9931
0.9112
0.9162
0.9457
0.988
0.9812
0.951
0.9749
0.9485
0.9985
0.8838
0.9742
0.8971
0.8808
0.854
0.9952
0.9842
0.9779
0.8403
0.9277
0.8899
0.7996
0.8789
0.9135
0.9696
0.9135
0.9836
0.8723
0.9179
0.9293
0.8873
1.0
0.8733
0.888
0.8822
0.9491
0.9243
0.9093
0.8484
0.9139
0.9092
0.8553
0.9129
0.9134
0.9265
0.9522
0.9582
0.9109
0.95
0.9017
0.8615
0.9494
0.9961
0.8742
0.9847
0.9163
0.9834
0.9012
0.8299
0.9224
0.9493
0.9915
0.9715
0.9503
0.9275
0.9227
0.9208
0.9952
0.8907
0.8826
0.989
0.9608
0.8611
0.9389
0.8587
0.8966
0.9666
0.8955
0.9883
0.9813
0.8819
0.8568
0.9169
0.9292
0.9697
0.917
0.9143
0.8963
0.9115
0.9224
0.9912
0.9235
0.8885
0.8804
0.958
0.8691
0.9487
0.8739
0.9139
0.859
0.908
0.9398
0.8656
0.9254
0.8883
0.9309
0.9688
0.931
0.9585
0.8491
0.9114
0.9395
0.928
0.9126
0.888
0.892
0.8917
0.9135
0.9267
0.966
0.9358
0.9581
0.9147
0.9555
0.8837
0.9404
0.8842
0.9784
0.866
0.8929
0.9616
0.8515
0.9206
0.9
0.948
0.9806
0.8305
0.8963
0.8893
0.9147
0.9674
0.9661
0.914
0.9109
0.8765
0.9847
0.9114
0.8844
0.9395
0.9674
0.8567
0.9117
0.9267
0.968
0.9559
0.7842
0.9371
0.9642
0.9754
0.9709
0.948
0.955
1.0
0.9094
0.8245
0.9846
0.8815
0.8963
0.913
0.9618
0.9919
0.898
0.9917
0.8833
0.9238
0.9081
0.8923
0.9269
0.9944
0.9422
0.9416
0.898
0.9649
0.921
0.9685
0.9401
0.9913
0.9024
0.9521
0.9797
0.9581
0.7933
0.8833
0.8881
0.9684
0.9472
0.9555
0.9375
0.9736
0.8564
0.9741
0.9831
0.9073
0.9293
0.8842
0.9225
0.8962
0.8994
0.9533
0.9558
0.8946
0.8235
0.9628
0.8747
0.9508
0.9077
0.8387
0.874
0.8894
0.8498
0.9153
0.8526
0.8504
0.9818
0.9115
0.968
0.9267
0.9522
0.8645
0.9447
0.9855
0.9588
0.8684
0.9284
0.8944
0.9086
0.9503
0.9025
0.9843
0.8954
0.9555
0.9944
0.8706
0.8924
0.8832
0.951
0.9173
1.0
1.0
0.8952
0.8992
0.8947
0.9441
0.9806
0.9373
0.9919
0.8382
0.9637
0.9783
0.9847
0.9288
0.8797
0.9192
0.9069
1.0
0.9174
0.8951
0.9034
0.8979
0.8981
0.8962
0.9741
0.8741
0.8534
0.9311
1.0
0.8576
0.897
0.9418
0.8775
0.9503
0.9496
0.8981
0.928
0.8909
0.9933
0.9241
0.935
0.978
0.894
0.9115
0.9711
0.9665
0.9286
0.9164
0.9103
0.9138
0.9628
0.9812
0.888
0.8983
0.8942
0.9132
0.9365
0.9047
0.9054
0.9064
0.8147
0.9058
0.8871
0.8996
0.9933
0.9308
0.9445
0.9162
0.9306
0.9017
0.9967
0.9509
0.9536
0.946
0.9016
0.876
0.9309
0.9006
0.8993
0.9254
0.9511
0.9046
0.8274
0.8611
0.9687
0.9267
0.8502
0.9829
0.9395
0.9884
0.9005
0.8789
0.7792
0.9174
0.9685
0.8973
0.8698
0.8974
0.9025
0.8963
0.8817
0.9531
0.8345
0.8847
1.0
0.9257
0.8923
0.9159
0.8994
0.8357
0.9796
0.7478
0.9034
0.8736
0.9724
0.9189
0.9002
0.9717
0.9299
0.9424
0.89
0.959
0.8857
0.8745
0.9211
0.976
0.9052
0.9862
0.9642
0.9224
0.8878
0.9411
0.8836
0.9136
0.9175
0.8631
0.8597
0.9056
0.8802
0.9029
0.917
0.9383
0.8705
0.9736
0.9719
0.897
0.9384
0.8819
0.9681
0.8166
0.9135
0.9645
0.8754
0.9114
0.9357
0.8961
0.9724
0.93
0.9696
0.9175
0.925
0.8756
0.9057
0.9322
0.9321
0.9411
0.9264
0.9487
0.8903
0.9145
0.9674
0.9058
0.9383
0.8939
0.8682
0.9016
0.9933
0.9028
0.8619
0.966
0.9967
0.9954
0.8967
0.9363
0.9423
0.9395
0.9865
0.8168
0.8946
0.978
0.9148
0.8753
0.944
0.9336
0.806
0.9736
0.8817
0.9869
0.92
0.9061
0.9818
0.9422
0.9793
0.9204
0.8668
0.9539
0.8619
0.9483
0.9024
0.9394
0.9459
0.8697
0.9238
0.8854
0.8809
0.8631
0.8948
0.9855
0.9426
0.9135
0.8596
0.9901
0.8742
0.9135
0.8836
0.8662
0.9127
0.8041
0.8307
0.8947
0.8771
0.8644
0.9147
0.9452
0.8303
0.874
0.8636
0.9114
0.9187
0.8475
0.8475
0.9886
0.9796
0.8558
0.9213
0.9624
0.9939
0.8916
0.9722
0.922
0.9679
0.9116
0.9561
0.8904
0.961
0.9363
0.9968
0.8595
0.9147
0.8511
0.9097
0.9189
0.9416
0.9131
0.9093
0.7636
0.8985
0.9172
0.9973
0.8833
0.8767
0.9506
0.9474
0.9147
0.9039
0.9505
0.8924
0.9117
0.8841
0.8954
0.891
0.8709
0.8306
0.9441
0.8952
0.9978
0.9431
0.8944
0.8691
0.9212
0.8376
0.9766
0.8303
0.9204
0.9672
0.9364
0.9193
0.8817
0.8865
0.9048
0.891
0.8825
0.8771
0.9719
0.9131
0.8903
0.8513
0.9783
0.8939
0.8557
0.9188
0.9342
0.8724
0.9685
0.9524
0.8968
0.8743
0.9139
0.8505
0.9305
0.9654
0.9603
0.9178
0.9736
0.8822
0.8914
0.865
0.8983
0.9026
0.8676
0.9353
0.9383
0.9251
0.9758
1.0
0.946
0.9933
0.9392
0.8398
0.9841
0.9279
0.9544
0.8944
0.8032
0.9057
0.9153
0.9154
0.9346
0.871
0.8981
0.9174
0.8753
0.9803
0.9331
0.9465
0.873
0.9042
0.9234
0.8737
0.9014
0.9257
0.9065
0.8958
0.921
0.8303
0.8639
0.9363
0.9074
0.9742
0.8588
0.9156
0.9131
0.9218
0.928
0.9979
0.8699
0.9862
0.8531
0.9132
0.9053
0.9224
0.958
0.9293
0.8884
0.8846
0.8862
0.9131
0.9315
0.9848
0.9354
0.891
0.9087
0.9741
0.9064
0.8965
0.9058
0.9081
0.8954
0.8794
0.9374
0.9813
0.8768
1.0
0.9363
0.9913
0.8669
0.9024
0.9143
0.8303
0.8633
0.9063
0.9836
0.928
0.9062
0.9135
0.9131
0.8883
0.9841
0.9031
0.8172
0.9183
0.9175
0.9267
0.9064
0.9289
0.9256
0.8748
0.8931
0.8783
0.8947
0.8954
0.8962
0.8303
1.0
0.896
0.9025
0.9556
0.8553
0.8893
0.9883
0.9171
0.8652
0.8744
0.8868
0.9423
0.9537
0.9508
0.9438
0.8983
0.8672
0.8985
0.888
0.9016
0.948
0.9741
0.976
0.8841
0.9051
0.8678
0.9842
0.9536
0.9251
0.9025
0.8754
0.911
0.8736
0.8781
0.8474
0.9357
0.9191
0.9279
0.8963
0.8852
0.8831
0.8777
0.8843
0.8892
0.9546
0.892
0.9224
0.9397
0.8767
0.8695
0.8383
0.8954
0.9884
0.9431
0.948
0.9446
0.8584
0.9118
0.9374
0.9063
0.8753
0.8758
0.9194
